--2017-01-25 16:12:40--  http://doi.org/10.7717/peerj.2532
Resolving doi.org (doi.org)... 63.123.152.248, 38.100.138.163, 95.138.171.129, ...
Connecting to doi.org (doi.org)|63.123.152.248|:80... connected.
HTTP request sent, awaiting response... 303 See Other
Location: https://peerj.com/articles/2532 [following]
--2017-01-25 16:12:42--  https://peerj.com/articles/2532
Resolving peerj.com (peerj.com)... 34.195.87.79, 52.45.79.79
Connecting to peerj.com (peerj.com)|34.195.87.79|:443... connected.
HTTP request sent, awaiting response... 302 Found
Location: /articles/2532/ [following]
--2017-01-25 16:12:43--  https://peerj.com/articles/2532/
Connecting to peerj.com (peerj.com)|34.195.87.79|:443... connected.
HTTP request sent, awaiting response... 200 OK
Length: unspecified [text/html]
Saving to: ‘peerj.2532’

     0K .......... .......... .......... .......... ..........  279K
    50K .......... .......... .......... .......... .......... 1.22M
   100K .......... .......... .......... .......... ..........  679K
   150K .......... .......... .......... .......... ..........  734K
   200K .......... .......... .......... .......... .......... 1.11M
   250K .......... .......... .....                            2.59M=0.4s

2017-01-25 16:12:45 (664 KB/s) - ‘peerj.2532’ saved [282041]

--2017-01-25 16:12:46--  http://doi.org/10.7717/peerj.2637
Connecting to doi.org (doi.org)|63.123.152.248|:80... connected.
HTTP request sent, awaiting response... 303 See Other
Location: https://peerj.com/articles/2637 [following]
--2017-01-25 16:12:47--  https://peerj.com/articles/2637
Connecting to peerj.com (peerj.com)|34.195.87.79|:443... connected.
HTTP request sent, awaiting response... 302 Found
Location: /articles/2637/ [following]
--2017-01-25 16:12:48--  https://peerj.com/articles/2637/
Connecting to peerj.com (peerj.com)|34.195.87.79|:443... connected.
HTTP request sent, awaiting response... 200 OK
Length: unspecified [text/html]
Saving to: ‘peerj.2637’

     0K .......... .......... .......... .......... ..........  553K
    50K .......... .......... .......... .......... ..........  546K
   100K .......... .......... .......... .......... ..........  561K
   150K .......... .......... .......... .......... .......... 6.57M
   200K .......... .......... .......... .......... ..........  670K
   250K .......... .......... .....                            2.36M=0.4s

2017-01-25 16:12:50 (758 KB/s) - ‘peerj.2637’ saved [282136]

--2017-01-25 16:12:51--  http://doi.org/10.7717/peerj.2662
Connecting to doi.org (doi.org)|63.123.152.248|:80... connected.
HTTP request sent, awaiting response... 303 See Other
Location: https://peerj.com/articles/2662 [following]
--2017-01-25 16:12:52--  https://peerj.com/articles/2662
Connecting to peerj.com (peerj.com)|34.195.87.79|:443... connected.
HTTP request sent, awaiting response... 302 Found
Location: /articles/2662/ [following]
--2017-01-25 16:12:54--  https://peerj.com/articles/2662/
Connecting to peerj.com (peerj.com)|34.195.87.79|:443... connected.
HTTP request sent, awaiting response... 200 OK
Length: unspecified [text/html]
Saving to: ‘peerj.2662’

     0K .......... .......... .......... .......... ..........  556K
    50K .......... .......... .......... .......... ..........  518K
   100K .......... .......... .......... .......... ..........  671K
   150K .......... .......... .......... .......... .......... 3.74M
   200K .......... .........                                    369K=0.3s

2017-01-25 16:12:55 (671 KB/s) - ‘peerj.2662’ saved [224951]

--2017-01-25 16:12:56--  http://doi.org/10.7717/peerj.2664
Connecting to doi.org (doi.org)|63.123.152.248|:80... connected.
HTTP request sent, awaiting response... 303 See Other
Location: https://peerj.com/articles/2664 [following]
--2017-01-25 16:12:57--  https://peerj.com/articles/2664
Connecting to peerj.com (peerj.com)|34.195.87.79|:443... connected.
HTTP request sent, awaiting response... 302 Found
Location: /articles/2664/ [following]
--2017-01-25 16:12:59--  https://peerj.com/articles/2664/
Connecting to peerj.com (peerj.com)|34.195.87.79|:443... connected.
HTTP request sent, awaiting response... 200 OK
Length: unspecified [text/html]
Saving to: ‘peerj.2664’

     0K .......... .......... .......... .......... ..........  277K
    50K .......... .......... .......... .......... ..........  760K
   100K .......... .......... .......... .......... ..........  450K
   150K .......... .......... .......... .......... .......... 1.68M
   200K .......... .......... .......... .......... ..........  844K
   250K .......... .......... .......... .......... ..........  892K
   300K .                                                      2680G=0.5s

2017-01-25 16:13:00 (600 KB/s) - ‘peerj.2664’ saved [308639]

--2017-01-25 16:13:01--  http://doi.org/10.7717/peerj.2690
Connecting to doi.org (doi.org)|63.123.152.248|:80... connected.
HTTP request sent, awaiting response... 303 See Other
Location: https://peerj.com/articles/2690 [following]
--2017-01-25 16:13:03--  https://peerj.com/articles/2690
Connecting to peerj.com (peerj.com)|34.195.87.79|:443... connected.
HTTP request sent, awaiting response... 302 Found
Location: /articles/2690/ [following]
--2017-01-25 16:13:04--  https://peerj.com/articles/2690/
Connecting to peerj.com (peerj.com)|34.195.87.79|:443... connected.
HTTP request sent, awaiting response... 200 OK
Length: unspecified [text/html]
Saving to: ‘peerj.2690’

     0K .......... .......... .......... .......... ..........  295K
    50K .......... .......... .......... .......... .......... 2.27M
   100K .......... .......... .......... .......... ..........  557K
   150K .......... .......... .......... .......... .......... 5.48M
   200K .......... .......... ....                              458K=0.3s

2017-01-25 16:13:06 (654 KB/s) - ‘peerj.2690’ saved [230215]

--2017-01-25 16:13:07--  http://doi.org/10.7717/peerj.2733
Connecting to doi.org (doi.org)|63.123.152.248|:80... connected.
HTTP request sent, awaiting response... 303 See Other
Location: https://peerj.com/articles/2733 [following]
--2017-01-25 16:13:08--  https://peerj.com/articles/2733
Connecting to peerj.com (peerj.com)|34.195.87.79|:443... connected.
HTTP request sent, awaiting response... 302 Found
Location: /articles/2733/ [following]
--2017-01-25 16:13:10--  https://peerj.com/articles/2733/
Connecting to peerj.com (peerj.com)|34.195.87.79|:443... connected.
HTTP request sent, awaiting response... 200 OK
Length: unspecified [text/html]
Saving to: ‘peerj.2733’

     0K .......... .......... .......... .......... ..........  487K
    50K .......... .......... .......... .......... ..........  526K
   100K .......... .......... .......... .......... ..........  608K
   150K .......... .......... .......... .......... .......... 2.20M
   200K .......... .......... .......... .......... .......     720K=0.4s

2017-01-25 16:13:10 (672 KB/s) - ‘peerj.2733’ saved [253793]

--2017-01-25 16:13:11--  http://doi.org/10.7717/peerj.2749
Connecting to doi.org (doi.org)|63.123.152.248|:80... connected.
HTTP request sent, awaiting response... 303 See Other
Location: https://peerj.com/articles/2749 [following]
--2017-01-25 16:13:13--  https://peerj.com/articles/2749
Connecting to peerj.com (peerj.com)|34.195.87.79|:443... connected.
HTTP request sent, awaiting response... 302 Found
Location: /articles/2749/ [following]
--2017-01-25 16:13:14--  https://peerj.com/articles/2749/
Connecting to peerj.com (peerj.com)|34.195.87.79|:443... connected.
HTTP request sent, awaiting response... 200 OK
Length: unspecified [text/html]
Saving to: ‘peerj.2749’

     0K .......... .......... .......... .......... ..........  335K
    50K .......... .......... .......... .......... ..........  994K
   100K .......... .......... .......... .......... ..........  708K
   150K .......... .......... .......... .......... .......... 1.66M
   200K .......... .......... .......... .......... ..........  916K
   250K .......... .......... .......... .......... .......... 3.23M
   300K .......... .......... .......... ...                   2.43M=0.4s

2017-01-25 16:13:16 (871 KB/s) - ‘peerj.2749’ saved [341454]

--2017-01-25 16:13:17--  http://doi.org/10.7717/peerj.2753
Connecting to doi.org (doi.org)|63.123.152.248|:80... connected.
HTTP request sent, awaiting response... 303 See Other
Location: https://peerj.com/articles/2753 [following]
--2017-01-25 16:13:18--  https://peerj.com/articles/2753
Connecting to peerj.com (peerj.com)|34.195.87.79|:443... connected.
HTTP request sent, awaiting response... 302 Found
Location: /articles/2753/ [following]
--2017-01-25 16:13:20--  https://peerj.com/articles/2753/
Connecting to peerj.com (peerj.com)|34.195.87.79|:443... connected.
HTTP request sent, awaiting response... 200 OK
Length: unspecified [text/html]
Saving to: ‘peerj.2753’

     0K .......... .......... .......... .......... ..........  375K
    50K .......... .......... .......... .......... ..........  738K
   100K .......... .......... .......... .......... ..........  544K
   150K .......... .......... .......... .......... .......... 2.37M
   200K .......... .......... ......                            491K=0.4s

2017-01-25 16:13:21 (616 KB/s) - ‘peerj.2753’ saved [232289]

--2017-01-25 16:13:22--  http://doi.org/10.7717/peerj.2756
Connecting to doi.org (doi.org)|63.123.152.248|:80... connected.
HTTP request sent, awaiting response... 303 See Other
Location: https://peerj.com/articles/2756 [following]
--2017-01-25 16:13:23--  https://peerj.com/articles/2756
Connecting to peerj.com (peerj.com)|34.195.87.79|:443... connected.
HTTP request sent, awaiting response... 302 Found
Location: /articles/2756/ [following]
--2017-01-25 16:13:25--  https://peerj.com/articles/2756/
Connecting to peerj.com (peerj.com)|34.195.87.79|:443... connected.
HTTP request sent, awaiting response... 200 OK
Length: unspecified [text/html]
Saving to: ‘peerj.2756’

     0K .......... .......... .......... .......... ..........  421K
    50K .......... .......... .......... .......... ..........  259K
   100K .......... .......... .......... .......... ..........  663K
   150K .......... .......... .......... .......... ..........  302K
   200K .......... .......... .......... .......... ..........  271K
   250K .......... .......... .......... .......... ..........  547K
   300K .......... .......... .......... .......... ..........  294K
   350K .......... .......... .......... .......... ..........  307K
   400K .......... .......... ...                               182K=1.3s

2017-01-25 16:13:27 (328 KB/s) - ‘peerj.2756’ saved [433568]

--2017-01-25 16:13:28--  http://doi.org/10.7717/peerj.2764
Connecting to doi.org (doi.org)|63.123.152.248|:80... connected.
HTTP request sent, awaiting response... 303 See Other
Location: https://peerj.com/articles/2764 [following]
--2017-01-25 16:13:30--  https://peerj.com/articles/2764
Connecting to peerj.com (peerj.com)|34.195.87.79|:443... connected.
HTTP request sent, awaiting response... 302 Found
Location: /articles/2764/ [following]
--2017-01-25 16:13:31--  https://peerj.com/articles/2764/
Connecting to peerj.com (peerj.com)|34.195.87.79|:443... connected.
HTTP request sent, awaiting response... 200 OK
Length: unspecified [text/html]
Saving to: ‘peerj.2764’

     0K .......... .......... .......... .......... ..........  508K
    50K .......... .......... .......... .......... ..........  539K
   100K .......... .......... .......... .......... ..........  312K
   150K .......... .......... .......... .......... ..........  143M
   200K .......... .......... .......... .......... .......... 1009K
   250K .......... .......... .......... .......... ..........  937K
   300K .......... .......... .......... .......... ..........  537K
   350K .......... .......... .......... ..........            3.62M=0.6s

2017-01-25 16:13:33 (700 KB/s) - ‘peerj.2764’ saved [400165]

--2017-01-25 16:13:34--  http://doi.org/10.7717/peerj.2769
Connecting to doi.org (doi.org)|63.123.152.248|:80... connected.
HTTP request sent, awaiting response... 303 See Other
Location: https://peerj.com/articles/2769 [following]
--2017-01-25 16:13:35--  https://peerj.com/articles/2769
Connecting to peerj.com (peerj.com)|34.195.87.79|:443... connected.
HTTP request sent, awaiting response... 302 Found
Location: /articles/2769/ [following]
--2017-01-25 16:13:37--  https://peerj.com/articles/2769/
Connecting to peerj.com (peerj.com)|34.195.87.79|:443... connected.
HTTP request sent, awaiting response... 200 OK
Length: unspecified [text/html]
Saving to: ‘peerj.2769’

     0K .......... .......... .......... .......... ..........  475K
    50K .......... .......... .......... .......... ..........  484K
   100K .......... .......... .......... .......... ..........  623K
   150K .......... .......... .......... .......... .......... 2.59M
   200K .......... .......... .......... .......... ..........  649K
   250K .......... .......... .......... .......... ..........  422K
   300K .......... .......... .......... .......... .......... 21.1M
   350K .......... .......... .......... .......... ..........  154M
   400K .......... .......... .......... .......... ..........  159M
   450K .......... .......... .......... .......... ........    155M=0.5s

2017-01-25 16:13:39 (985 KB/s) - ‘peerj.2769’ saved [510821]

--2017-01-25 16:13:40--  http://doi.org/10.7717/peerj.2770
Connecting to doi.org (doi.org)|63.123.152.248|:80... connected.
HTTP request sent, awaiting response... 303 See Other
Location: https://peerj.com/articles/2770 [following]
--2017-01-25 16:13:41--  https://peerj.com/articles/2770
Connecting to peerj.com (peerj.com)|34.195.87.79|:443... connected.
HTTP request sent, awaiting response... 302 Found
Location: /articles/2770/ [following]
--2017-01-25 16:13:43--  https://peerj.com/articles/2770/
Connecting to peerj.com (peerj.com)|34.195.87.79|:443... connected.
HTTP request sent, awaiting response... 200 OK
Length: unspecified [text/html]
Saving to: ‘peerj.2770’

     0K .......... .......... .......... .......... ..........  494K
    50K .......... .......... .......... .......... ..........  511K
   100K .......... .......... .......... .......... ..........  699K
   150K .......... .......... .......... .......... .......... 1.53M
   200K .......... .......... .......... .......... ..........  872K
   250K .......... .......... .......... .......... .......... 2.57M
   300K .......... .......... .......... .......... .......... 2.19M
   350K .......... .......... .......... .......... .......... 1.37M
   400K .......... .....                                       2.78M=0.4s

2017-01-25 16:13:44 (940 KB/s) - ‘peerj.2770’ saved [425400]

--2017-01-25 16:13:45--  http://doi.org/10.7717/peerj.2775
Connecting to doi.org (doi.org)|63.123.152.248|:80... connected.
HTTP request sent, awaiting response... 303 See Other
Location: https://peerj.com/articles/2775 [following]
--2017-01-25 16:13:46--  https://peerj.com/articles/2775
Connecting to peerj.com (peerj.com)|34.195.87.79|:443... connected.
HTTP request sent, awaiting response... 302 Found
Location: /articles/2775/ [following]
--2017-01-25 16:13:48--  https://peerj.com/articles/2775/
Connecting to peerj.com (peerj.com)|34.195.87.79|:443... connected.
HTTP request sent, awaiting response... 200 OK
Length: unspecified [text/html]
Saving to: ‘peerj.2775’

     0K .......... .......... .......... .......... ..........  479K
    50K .......... .......... .......... .......... ..........  523K
   100K .......... .......... .......... .......... ..........  638K
   150K .......... .......... .......... .......... .......... 2.08M
   200K .......... .......... .......... .......... ..........  816K
   250K .......... .......... .......... .......... .......... 1.35M
   300K .......... .......... .......... .                     9.22M=0.4s

2017-01-25 16:13:49 (823 KB/s) - ‘peerj.2775’ saved [339081]

--2017-01-25 16:13:50--  http://doi.org/10.7717/peerj.2777
Connecting to doi.org (doi.org)|63.123.152.248|:80... connected.
HTTP request sent, awaiting response... 303 See Other
Location: https://peerj.com/articles/2777 [following]
--2017-01-25 16:13:52--  https://peerj.com/articles/2777
Connecting to peerj.com (peerj.com)|34.195.87.79|:443... connected.
HTTP request sent, awaiting response... 302 Found
Location: /articles/2777/ [following]
--2017-01-25 16:13:53--  https://peerj.com/articles/2777/
Connecting to peerj.com (peerj.com)|34.195.87.79|:443... connected.
HTTP request sent, awaiting response... 200 OK
Length: unspecified [text/html]
Saving to: ‘peerj.2777’

     0K .......... .......... .......... .......... ..........  469K
    50K .......... .......... .......... .......... ..........  515K
   100K .......... .......... .......... .......... ..........  657K
   150K .......... .......... .......... .......... .......... 1.94M
   200K .......... .......... .......... .......... ..........  715K
   250K .......... .......... .......... .......... .......... 6.44M
   300K .......... .......... .......... .                     6.86M=0.4s

2017-01-25 16:13:55 (858 KB/s) - ‘peerj.2777’ saved [339922]

--2017-01-25 16:13:56--  http://doi.org/10.7717/peerj.2778
Connecting to doi.org (doi.org)|63.123.152.248|:80... connected.
HTTP request sent, awaiting response... 303 See Other
Location: https://peerj.com/articles/2778 [following]
--2017-01-25 16:13:57--  https://peerj.com/articles/2778
Connecting to peerj.com (peerj.com)|34.195.87.79|:443... connected.
HTTP request sent, awaiting response... 302 Found
Location: /articles/2778/ [following]
--2017-01-25 16:13:59--  https://peerj.com/articles/2778/
Connecting to peerj.com (peerj.com)|34.195.87.79|:443... connected.
HTTP request sent, awaiting response... 200 OK
Length: unspecified [text/html]
Saving to: ‘peerj.2778’

     0K .......... .......... .......... .......... ..........  180K
    50K .......... .......... .......... .......... .......... 1002K
   100K .......... .......... .......... .......... ..........  645K
   150K .......... .......... .......... .......... ..........  320K
   200K .......... .......... .......... .......... ..........  312M
   250K .......... .......... ...                               335M=0.6s

2017-01-25 16:14:00 (487 KB/s) - ‘peerj.2778’ saved [279667]

--2017-01-25 16:14:01--  http://doi.org/10.7717/peerj.2779
Connecting to doi.org (doi.org)|63.123.152.248|:80... connected.
HTTP request sent, awaiting response... 303 See Other
Location: https://peerj.com/articles/2779 [following]
--2017-01-25 16:14:02--  https://peerj.com/articles/2779
Connecting to peerj.com (peerj.com)|34.195.87.79|:443... connected.
HTTP request sent, awaiting response... 302 Found
Location: /articles/2779/ [following]
--2017-01-25 16:14:03--  https://peerj.com/articles/2779/
Connecting to peerj.com (peerj.com)|34.195.87.79|:443... connected.
HTTP request sent, awaiting response... 200 OK
Length: unspecified [text/html]
Saving to: ‘peerj.2779’

     0K .......... .......... .......... .......... ..........  301K
    50K .......... .......... .......... .......... .......... 1.70M
   100K .......... .......... .......... .......... ..........  582K
   150K .......... .......... .......... .......... .......... 3.13M
   200K .......... .......... .......... .......... ..........  351K
   250K .......... .......... .......... ........               154M=0.4s

2017-01-25 16:14:05 (657 KB/s) - ‘peerj.2779’ saved [295135]

--2017-01-25 16:14:06--  http://doi.org/10.7717/peerj.2780
Connecting to doi.org (doi.org)|63.123.152.248|:80... connected.
HTTP request sent, awaiting response... 303 See Other
Location: https://peerj.com/articles/2780 [following]
--2017-01-25 16:14:07--  https://peerj.com/articles/2780
Connecting to peerj.com (peerj.com)|34.195.87.79|:443... connected.
HTTP request sent, awaiting response... 302 Found
Location: /articles/2780/ [following]
--2017-01-25 16:14:09--  https://peerj.com/articles/2780/
Connecting to peerj.com (peerj.com)|34.195.87.79|:443... connected.
HTTP request sent, awaiting response... 200 OK
Length: unspecified [text/html]
Saving to: ‘peerj.2780’

     0K .......... .......... .......... .......... ..........  262K
    50K .......... .......... .......... .......... ..........  507K
   100K .......... .......... .......... .......... ..........  313K
   150K .......... .......... .......... .......... ..........  237M
   200K .......... .......... .......... .......... ..........  423K
   250K .......... .......... .......... .......... ..........  205M
   300K .......... .......... ........                         1.58M=0.6s

2017-01-25 16:14:10 (561 KB/s) - ‘peerj.2780’ saved [335981]

--2017-01-25 16:14:11--  http://doi.org/10.7717/peerj.2785
Connecting to doi.org (doi.org)|63.123.152.248|:80... connected.
HTTP request sent, awaiting response... 303 See Other
Location: https://peerj.com/articles/2785 [following]
--2017-01-25 16:14:12--  https://peerj.com/articles/2785
Connecting to peerj.com (peerj.com)|34.195.87.79|:443... connected.
HTTP request sent, awaiting response... 302 Found
Location: /articles/2785/ [following]
--2017-01-25 16:14:14--  https://peerj.com/articles/2785/
Connecting to peerj.com (peerj.com)|34.195.87.79|:443... connected.
HTTP request sent, awaiting response... 200 OK
Length: unspecified [text/html]
Saving to: ‘peerj.2785’

     0K .......... .......... .......... .......... ..........  379K
    50K .......... .......... .......... .......... ..........  636K
   100K .......... .......... .......... .......... ..........  751K
   150K .......... .......... .......... .......... .......... 1.48M
   200K .......... .......... .......... .......... ..........  832K
   250K .......... .......... .......... .......... .......... 2.59M
   300K .......... ..........                                  2.05M=0.4s

2017-01-25 16:14:15 (804 KB/s) - ‘peerj.2785’ saved [328155]

--2017-01-25 16:14:16--  http://doi.org/10.7717/peerj.2787
Connecting to doi.org (doi.org)|63.123.152.248|:80... connected.
HTTP request sent, awaiting response... 303 See Other
Location: https://peerj.com/articles/2787 [following]
--2017-01-25 16:14:18--  https://peerj.com/articles/2787
Connecting to peerj.com (peerj.com)|34.195.87.79|:443... connected.
HTTP request sent, awaiting response... 302 Found
Location: /articles/2787/ [following]
--2017-01-25 16:14:19--  https://peerj.com/articles/2787/
Connecting to peerj.com (peerj.com)|34.195.87.79|:443... connected.
HTTP request sent, awaiting response... 200 OK
Length: unspecified [text/html]
Saving to: ‘peerj.2787’

     0K .......... .......... .......... .......... ..........  236K
    50K .......... .......... .......... .......... ..........  502K
   100K .......... .......... .......... .......... ..........  529K
   150K ...                                                    6612G=0.4s

2017-01-25 16:14:20 (378 KB/s) - ‘peerj.2787’ saved [157150]

--2017-01-25 16:14:21--  http://doi.org/10.7717/peerj.2791
Connecting to doi.org (doi.org)|63.123.152.248|:80... connected.
HTTP request sent, awaiting response... 303 See Other
Location: https://peerj.com/articles/2791 [following]
--2017-01-25 16:14:23--  https://peerj.com/articles/2791
Connecting to peerj.com (peerj.com)|34.195.87.79|:443... connected.
HTTP request sent, awaiting response... 302 Found
Location: /articles/2791/ [following]
--2017-01-25 16:14:24--  https://peerj.com/articles/2791/
Connecting to peerj.com (peerj.com)|34.195.87.79|:443... connected.
HTTP request sent, awaiting response... 200 OK
Length: unspecified [text/html]
Saving to: ‘peerj.2791’

     0K .......... .......... .......... .......... ..........  480K
    50K .......... .......... .......... .......... ..........  506K
   100K .......... .......... .......... .......... ..........  521K
   150K .......... .......... .......... .......... ..........  307K
   200K .......... .......... .......... .......... ..........  611K
   250K .......... .......... .......... .......... ..........  641K
   300K .......... .......... .......... .......... .......... 1.04M
   350K .......                                                67.0M=0.7s

2017-01-25 16:14:26 (534 KB/s) - ‘peerj.2791’ saved [366123]

--2017-01-25 16:14:27--  http://doi.org/10.7717/peerj.2792
Connecting to doi.org (doi.org)|63.123.152.248|:80... connected.
HTTP request sent, awaiting response... 303 See Other
Location: https://peerj.com/articles/2792 [following]
--2017-01-25 16:14:28--  https://peerj.com/articles/2792
Connecting to peerj.com (peerj.com)|34.195.87.79|:443... connected.
HTTP request sent, awaiting response... 302 Found
Location: /articles/2792/ [following]
--2017-01-25 16:14:30--  https://peerj.com/articles/2792/
Connecting to peerj.com (peerj.com)|34.195.87.79|:443... connected.
HTTP request sent, awaiting response... 200 OK
Length: unspecified [text/html]
Saving to: ‘peerj.2792’

     0K .......... .......... .......... .......... ..........  269K
    50K .......... .......... .......... .......... ..........  537K
   100K .......... .......... .......... .......... ..........  544K
   150K .......... .......... .......... .......... ..........  811K
   200K .......... .......... .......... .......... .......... 1012K
   250K .......... .......... .......... .......... ..........  598K
   300K .......... .......... .......... .......... .......... 3.26M
   350K ....                                                   94.0M=0.6s

2017-01-25 16:14:31 (611 KB/s) - ‘peerj.2792’ saved [363276]

--2017-01-25 16:14:32--  http://doi.org/10.7717/peerj.2795
Connecting to doi.org (doi.org)|63.123.152.248|:80... connected.
HTTP request sent, awaiting response... 303 See Other
Location: https://peerj.com/articles/2795 [following]
--2017-01-25 16:14:33--  https://peerj.com/articles/2795
Connecting to peerj.com (peerj.com)|34.195.87.79|:443... connected.
HTTP request sent, awaiting response... 302 Found
Location: /articles/2795/ [following]
--2017-01-25 16:14:35--  https://peerj.com/articles/2795/
Connecting to peerj.com (peerj.com)|34.195.87.79|:443... connected.
HTTP request sent, awaiting response... 200 OK
Length: unspecified [text/html]
Saving to: ‘peerj.2795’

     0K .......... .......... .......... .......... ..........  504K
    50K .......... .......... .......... .......... ..........  531K
   100K .......... .......... .......... .......... ..........  529K
   150K .......... .......... .......... .......... .......... 2.07M
   200K .......... .......... .......... ........               862K=0.4s

2017-01-25 16:14:36 (670 KB/s) - ‘peerj.2795’ saved [244557]

--2017-01-25 16:14:37--  http://doi.org/10.7717/peerj.2799
Connecting to doi.org (doi.org)|63.123.152.248|:80... connected.
HTTP request sent, awaiting response... 303 See Other
Location: https://peerj.com/articles/2799 [following]
--2017-01-25 16:14:38--  https://peerj.com/articles/2799
Connecting to peerj.com (peerj.com)|34.195.87.79|:443... connected.
HTTP request sent, awaiting response... 302 Found
Location: /articles/2799/ [following]
--2017-01-25 16:14:40--  https://peerj.com/articles/2799/
Connecting to peerj.com (peerj.com)|34.195.87.79|:443... connected.
HTTP request sent, awaiting response... 200 OK
Length: unspecified [text/html]
Saving to: ‘peerj.2799’

     0K .......... .......... .......... .......... ..........  189K
    50K .......... .......... .......... .......... ..........  253M
   100K .......... .......... .......... .......... ..........  563K
   150K .......... .......... .......... .......... ..........  549K
   200K .......... .......... .......... .                      363K=0.5s

2017-01-25 16:14:41 (435 KB/s) - ‘peerj.2799’ saved [237372]

--2017-01-25 16:14:42--  http://doi.org/10.7717/peerj.2800
Connecting to doi.org (doi.org)|63.123.152.248|:80... connected.
HTTP request sent, awaiting response... 303 See Other
Location: https://peerj.com/articles/2800 [following]
--2017-01-25 16:14:44--  https://peerj.com/articles/2800
Connecting to peerj.com (peerj.com)|34.195.87.79|:443... connected.
HTTP request sent, awaiting response... 302 Found
Location: /articles/2800/ [following]
--2017-01-25 16:14:45--  https://peerj.com/articles/2800/
Connecting to peerj.com (peerj.com)|34.195.87.79|:443... connected.
HTTP request sent, awaiting response... 200 OK
Length: unspecified [text/html]
Saving to: ‘peerj.2800’

     0K .......... .......... .......... .......... ..........  447K
    50K .......... .......... .......... .......... ..........  498K
   100K .......... .......... .......... .......... ..........  348K
   150K .......... .......... .......... .......... ..........  442K
   200K .......... .......... .......... .......... ..........  320K
   250K .......... .......... .......... .......... ..........  426K
   300K .......... .......... .......... .......... ..          109K=1.1s

2017-01-25 16:14:47 (303 KB/s) - ‘peerj.2800’ saved [350315]

--2017-01-25 16:14:48--  http://doi.org/10.7717/peerj.2802
Connecting to doi.org (doi.org)|63.123.152.248|:80... connected.
HTTP request sent, awaiting response... 303 See Other
Location: https://peerj.com/articles/2802 [following]
--2017-01-25 16:14:50--  https://peerj.com/articles/2802
Connecting to peerj.com (peerj.com)|34.195.87.79|:443... connected.
HTTP request sent, awaiting response... 302 Found
Location: /articles/2802/ [following]
--2017-01-25 16:14:51--  https://peerj.com/articles/2802/
Connecting to peerj.com (peerj.com)|34.195.87.79|:443... connected.
HTTP request sent, awaiting response... 200 OK
Length: unspecified [text/html]
Saving to: ‘peerj.2802’

     0K .......... .......... .......... .......... ..........  196K
    50K .......... .......... .......... .......... ..........  265K
   100K .......... .......... .......... .......... ..........  266K
   150K .......... .......... .......... .......... ..........  336K
   200K .......... .........                                    584K=0.8s

2017-01-25 16:14:52 (270 KB/s) - ‘peerj.2802’ saved [225039]

--2017-01-25 16:14:53--  http://doi.org/10.7717/peerj.2803
Connecting to doi.org (doi.org)|63.123.152.248|:80... connected.
HTTP request sent, awaiting response... 303 See Other
Location: https://peerj.com/articles/2803 [following]
--2017-01-25 16:14:55--  https://peerj.com/articles/2803
Connecting to peerj.com (peerj.com)|34.195.87.79|:443... connected.
HTTP request sent, awaiting response... 302 Found
Location: /articles/2803/ [following]
--2017-01-25 16:14:56--  https://peerj.com/articles/2803/
Connecting to peerj.com (peerj.com)|34.195.87.79|:443... connected.
HTTP request sent, awaiting response... 200 OK
Length: unspecified [text/html]
Saving to: ‘peerj.2803’

     0K .......... .......... .......... .......... ..........  277K
    50K .......... .......... .......... .......... .......... 1.29M
   100K .......... .......... .......... .......... ..........  520K
   150K .......... .......... .......... .......... .......... 1.07M
   200K .......... .......... .......... .......... ..........  658K
   250K .......... .......... .......... .......... .......... 2.12M
   300K .......... .......... .......... .......... ..........  666K
   350K .......... .......... .......... .......... .......... 2.20M
   400K .......... .......... .......... .......... ..........  581K
   450K .......... .......... .......... .......... ..........  435K
   500K .......... ...                                         96.6M=0.8s

2017-01-25 16:14:58 (678 KB/s) - ‘peerj.2803’ saved [526074]

--2017-01-25 16:14:59--  http://doi.org/10.7717/peerj.2805
Connecting to doi.org (doi.org)|63.123.152.248|:80... connected.
HTTP request sent, awaiting response... 303 See Other
Location: https://peerj.com/articles/2805 [following]
--2017-01-25 16:15:00--  https://peerj.com/articles/2805
Connecting to peerj.com (peerj.com)|34.195.87.79|:443... connected.
HTTP request sent, awaiting response... 302 Found
Location: /articles/2805/ [following]
--2017-01-25 16:15:02--  https://peerj.com/articles/2805/
Connecting to peerj.com (peerj.com)|34.195.87.79|:443... connected.
HTTP request sent, awaiting response... 200 OK
Length: unspecified [text/html]
Saving to: ‘peerj.2805’

     0K .......... .......... .......... .......... ..........  415K
    50K .......... .......... .......... .......... ..........  497K
   100K .......... .......... .......... .......... ..........  581K
   150K .......... .......... .......... .......... ..........  652K
   200K .......... .......... .......... .......... ...        1.27M=0.4s

2017-01-25 16:15:03 (583 KB/s) - ‘peerj.2805’ saved [249371]

--2017-01-25 16:15:04--  http://doi.org/10.7717/peerj.2806
Connecting to doi.org (doi.org)|63.123.152.248|:80... connected.
HTTP request sent, awaiting response... 303 See Other
Location: https://peerj.com/articles/2806 [following]
--2017-01-25 16:15:06--  https://peerj.com/articles/2806
Connecting to peerj.com (peerj.com)|34.195.87.79|:443... connected.
HTTP request sent, awaiting response... 302 Found
Location: /articles/2806/ [following]
--2017-01-25 16:15:07--  https://peerj.com/articles/2806/
Connecting to peerj.com (peerj.com)|34.195.87.79|:443... connected.
HTTP request sent, awaiting response... 200 OK
Length: unspecified [text/html]
Saving to: ‘peerj.2806’

     0K .......... .......... .......... .......... ..........  488K
    50K .......... .......... .......... .......... ..........  533K
   100K .......... .......... .......... .......... ..........  586K
   150K .......... .......... .......... .......... .......... 1.71M
   200K .......... .......... .......... .......... ..........  240K
   250K .......... .......... .......... .......... ..........  322M
   300K ......                                                  391M=0.5s

2017-01-25 16:15:09 (591 KB/s) - ‘peerj.2806’ saved [313673]

--2017-01-25 16:15:10--  http://doi.org/10.7717/peerj.2807
Connecting to doi.org (doi.org)|63.123.152.248|:80... connected.
HTTP request sent, awaiting response... 303 See Other
Location: https://peerj.com/articles/2807 [following]
--2017-01-25 16:15:11--  https://peerj.com/articles/2807
Connecting to peerj.com (peerj.com)|34.195.87.79|:443... connected.
HTTP request sent, awaiting response... 302 Found
Location: /articles/2807/ [following]
--2017-01-25 16:15:13--  https://peerj.com/articles/2807/
Connecting to peerj.com (peerj.com)|34.195.87.79|:443... connected.
HTTP request sent, awaiting response... 200 OK
Length: unspecified [text/html]
Saving to: ‘peerj.2807’

     0K .......... .......... .......... .......... ..........  189K
    50K .......... .......... .......... .......... ..........  131M
   100K .......... .......... .......... .......... ..........  570K
   150K .......... .......... .......... .......... ..........  517K
   200K .......... .......... .......... .......... ..........  562K
   250K .......... .......... .......... .......... ..........  262K
   300K .......... .......... .......... .......... ..........  157M
   350K .......... .......... .......... .......... ..........  286K
   400K .......... .......... .......... .......... ..........  542K
   450K ......                                                 70.8M=1.0s

2017-01-25 16:15:15 (458 KB/s) - ‘peerj.2807’ saved [466974]

--2017-01-25 16:15:16--  http://doi.org/10.7717/peerj.2808
Connecting to doi.org (doi.org)|63.123.152.248|:80... connected.
HTTP request sent, awaiting response... 303 See Other
Location: https://peerj.com/articles/2808 [following]
--2017-01-25 16:15:18--  https://peerj.com/articles/2808
Connecting to peerj.com (peerj.com)|34.195.87.79|:443... connected.
HTTP request sent, awaiting response... 302 Found
Location: /articles/2808/ [following]
--2017-01-25 16:15:19--  https://peerj.com/articles/2808/
Connecting to peerj.com (peerj.com)|34.195.87.79|:443... connected.
HTTP request sent, awaiting response... 200 OK
Length: unspecified [text/html]
Saving to: ‘peerj.2808’

     0K .......... .......... .......... .......... ..........  175K
    50K .......... .......... .......... .......... ..........  517K
   100K .......... .......... .......... .......... ..........  272K
   150K .......... .......... .......... .......... .......... 60.1M
   200K .......... .......... .......... ....                  97.6M=0.6s

2017-01-25 16:15:21 (413 KB/s) - ‘peerj.2808’ saved [240021]

--2017-01-25 16:15:22--  http://doi.org/10.7717/peerj.2809
Connecting to doi.org (doi.org)|63.123.152.248|:80... connected.
HTTP request sent, awaiting response... 303 See Other
Location: https://peerj.com/articles/2809 [following]
--2017-01-25 16:15:23--  https://peerj.com/articles/2809
Connecting to peerj.com (peerj.com)|34.195.87.79|:443... connected.
HTTP request sent, awaiting response... 302 Found
Location: /articles/2809/ [following]
--2017-01-25 16:15:25--  https://peerj.com/articles/2809/
Connecting to peerj.com (peerj.com)|34.195.87.79|:443... connected.
HTTP request sent, awaiting response... 200 OK
Length: unspecified [text/html]
Saving to: ‘peerj.2809’

     0K .......... .......... .......... .......... ..........  517K
    50K .......... .......... .......... .......... ..........  579K
   100K .......... .......... .......... .......... ..........  601K
   150K .......... .......... .......... .......... .......... 1.40M
   200K .......... .......... ...                               533K=0.3s

2017-01-25 16:15:26 (648 KB/s) - ‘peerj.2809’ saved [228699]

--2017-01-25 16:15:27--  http://doi.org/10.7717/peerj.2811
Connecting to doi.org (doi.org)|63.123.152.248|:80... connected.
HTTP request sent, awaiting response... 303 See Other
Location: https://peerj.com/articles/2811 [following]
--2017-01-25 16:15:28--  https://peerj.com/articles/2811
Connecting to peerj.com (peerj.com)|34.195.87.79|:443... connected.
HTTP request sent, awaiting response... 302 Found
Location: /articles/2811/ [following]
--2017-01-25 16:15:30--  https://peerj.com/articles/2811/
Connecting to peerj.com (peerj.com)|34.195.87.79|:443... connected.
HTTP request sent, awaiting response... 200 OK
Length: unspecified [text/html]
Saving to: ‘peerj.2811’

     0K .......... .......... .......... .......... ..........  176K
    50K .......... .......... .......... .......... ..........  174K
   100K .......... .......... .......... .......... ..........  226K
   150K .......... .......... .......... .......... ..........  221K
   200K .......... .......... .......... .......... ..........  294K
   250K .......... .....                                        669K=1.2s

2017-01-25 16:15:32 (219 KB/s) - ‘peerj.2811’ saved [272191]

--2017-01-25 16:15:33--  http://doi.org/10.7717/peerj.2812
Connecting to doi.org (doi.org)|63.123.152.248|:80... connected.
HTTP request sent, awaiting response... 303 See Other
Location: https://peerj.com/articles/2812 [following]
--2017-01-25 16:15:35--  https://peerj.com/articles/2812
Connecting to peerj.com (peerj.com)|34.195.87.79|:443... connected.
HTTP request sent, awaiting response... 302 Found
Location: /articles/2812/ [following]
--2017-01-25 16:15:36--  https://peerj.com/articles/2812/
Connecting to peerj.com (peerj.com)|34.195.87.79|:443... connected.
HTTP request sent, awaiting response... 200 OK
Length: unspecified [text/html]
Saving to: ‘peerj.2812’

     0K .......... .......... .......... .......... .......... 71.3K
    50K .......... .......... .......... .......... ..........  193K
   100K .......... .......... .......... .......... ..........  191K
   150K .......... .......... .......... .......... ..........  188K
   200K .......... .......... .......... .......... ..........  213K
   250K ...                                                    34.6M=1.7s

2017-01-25 16:15:41 (147 KB/s) - ‘peerj.2812’ saved [259077]

--2017-01-25 16:15:42--  http://doi.org/10.7717/peerj.2813
Connecting to doi.org (doi.org)|63.123.152.248|:80... connected.
HTTP request sent, awaiting response... 303 See Other
Location: https://peerj.com/articles/2813 [following]
--2017-01-25 16:15:44--  https://peerj.com/articles/2813
Connecting to peerj.com (peerj.com)|34.195.87.79|:443... connected.
HTTP request sent, awaiting response... 302 Found
Location: /articles/2813/ [following]
--2017-01-25 16:15:45--  https://peerj.com/articles/2813/
Connecting to peerj.com (peerj.com)|34.195.87.79|:443... connected.
HTTP request sent, awaiting response... 200 OK
Length: unspecified [text/html]
Saving to: ‘peerj.2813’

     0K .......... .......... .......... .......... ..........  244K
    50K .......... .......... .......... .......... ..........  550K
   100K .......... .......... .......... .......... ..........  544K
   150K .......... .......... .......... .......... ..........  731K
   200K .......... .......... .......... .......... .......... 2.46M
   250K .......... .......... .......... .......... ..........  482K
   300K .......... .......... .......... .......... .......... 5.95M
   350K .......... .......... .......... .......... .......... 3.40M
   400K .......... .......... .......... .......... ..........  549K
   450K .......... .......... .......... .......... .......... 3.39M
   500K .......... .......... .......... .......... .......... 4.16M
   550K .......... .......... .......... .......... .......... 1.06M
   600K .......... .......... .......... .......... ..........  714K
   650K .......... .......... .......... .......... .......... 1.97M
   700K .......... .......... .......... .......... ..........  748K
   750K .......... .......... .......... .......... .......... 1.39M
   800K .......... .......... .......... .......... .......... 2.51M
   850K .......... .......... .......... .......... .......... 3.24M
   900K .......... .......... .......... ..                    6.18M=1.0s

2017-01-25 16:15:48 (931 KB/s) - ‘peerj.2813’ saved [955147]

--2017-01-25 16:15:49--  http://doi.org/10.7717/peerj.2814
Connecting to doi.org (doi.org)|63.123.152.248|:80... connected.
HTTP request sent, awaiting response... 303 See Other
Location: https://peerj.com/articles/2814 [following]
--2017-01-25 16:15:51--  https://peerj.com/articles/2814
Connecting to peerj.com (peerj.com)|34.195.87.79|:443... connected.
HTTP request sent, awaiting response... 302 Found
Location: /articles/2814/ [following]
--2017-01-25 16:15:53--  https://peerj.com/articles/2814/
Connecting to peerj.com (peerj.com)|34.195.87.79|:443... connected.
HTTP request sent, awaiting response... 200 OK
Length: unspecified [text/html]
Saving to: ‘peerj.2814’

     0K .......... .......... .......... .......... .......... 87.2K
    50K .......... .......... .......... .......... ..........  483K
   100K .......... .......... .......... .......... ..........  503K
   150K .......... .......... .......... .......... .......... 1.07M
   200K .......... .......... .......... .......... ..........  734K
   250K .......... .......... .......... .......... .......... 4.46M
   300K .......... .......... .......... .......... .......... 3.79M
   350K                                                         583G=0.9s

2017-01-25 16:15:56 (383 KB/s) - ‘peerj.2814’ saved [358713]

--2017-01-25 16:15:57--  http://doi.org/10.7717/peerj.2815
Connecting to doi.org (doi.org)|63.123.152.248|:80... connected.
HTTP request sent, awaiting response... 303 See Other
Location: https://peerj.com/articles/2815 [following]
--2017-01-25 16:15:59--  https://peerj.com/articles/2815
Connecting to peerj.com (peerj.com)|34.195.87.79|:443... connected.
HTTP request sent, awaiting response... 302 Found
Location: /articles/2815/ [following]
--2017-01-25 16:16:01--  https://peerj.com/articles/2815/
Connecting to peerj.com (peerj.com)|34.195.87.79|:443... connected.
HTTP request sent, awaiting response... 200 OK
Length: unspecified [text/html]
Saving to: ‘peerj.2815’

     0K .......... .......... .......... .......... ..........  206K
    50K .......... .......... .......... .......... ..........  538K
   100K .......... .......... .......... .......... ..........  575K
   150K .......... .......... .......... .......... ..........  593K
   200K .......... .......... .......... .......... .......... 3.47M
   250K .......... .......... ......                            381K=0.6s

2017-01-25 16:16:02 (468 KB/s) - ‘peerj.2815’ saved [283479]

--2017-01-25 16:16:03--  http://doi.org/10.7717/peerj.2816
Connecting to doi.org (doi.org)|63.123.152.248|:80... connected.
HTTP request sent, awaiting response... 303 See Other
Location: https://peerj.com/articles/2816 [following]
--2017-01-25 16:16:04--  https://peerj.com/articles/2816
Connecting to peerj.com (peerj.com)|34.195.87.79|:443... connected.
HTTP request sent, awaiting response... 302 Found
Location: /articles/2816/ [following]
--2017-01-25 16:16:06--  https://peerj.com/articles/2816/
Connecting to peerj.com (peerj.com)|34.195.87.79|:443... connected.
HTTP request sent, awaiting response... 200 OK
Length: unspecified [text/html]
Saving to: ‘peerj.2816’

     0K .......... .......... .......... .......... ..........  255K
    50K .......... .......... .......... .......... ..........  492K
   100K .......... .......... .......... .......... ..........  534K
   150K .......... .......... .......... .......... ..........  881K
   200K .......... .......... .......... .......... .....      1.29M=0.5s

2017-01-25 16:16:07 (509 KB/s) - ‘peerj.2816’ saved [251711]

--2017-01-25 16:16:08--  http://doi.org/10.7717/peerj.2817
Connecting to doi.org (doi.org)|63.123.152.248|:80... connected.
HTTP request sent, awaiting response... 303 See Other
Location: https://peerj.com/articles/2817 [following]
--2017-01-25 16:16:10--  https://peerj.com/articles/2817
Connecting to peerj.com (peerj.com)|34.195.87.79|:443... connected.
HTTP request sent, awaiting response... 302 Found
Location: /articles/2817/ [following]
--2017-01-25 16:16:11--  https://peerj.com/articles/2817/
Connecting to peerj.com (peerj.com)|34.195.87.79|:443... connected.
HTTP request sent, awaiting response... 200 OK
Length: unspecified [text/html]
Saving to: ‘peerj.2817’

     0K .......... .......... .......... .......... ..........  318K
    50K .......... .......... .......... .......... ..........  391K
   100K .......... .......... .......... .......... ..........  533K
   150K .......... .......... .......... .......... ..........  240K
   200K .......... .......... .......... .......... ..........  268M
   250K .                                                      2783G=0.6s

2017-01-25 16:16:13 (428 KB/s) - ‘peerj.2817’ saved [257494]

--2017-01-25 16:16:14--  http://doi.org/10.7717/peerj.2818
Connecting to doi.org (doi.org)|63.123.152.248|:80... connected.
HTTP request sent, awaiting response... 303 See Other
Location: https://peerj.com/articles/2818 [following]
--2017-01-25 16:16:15--  https://peerj.com/articles/2818
Connecting to peerj.com (peerj.com)|34.195.87.79|:443... connected.
HTTP request sent, awaiting response... 302 Found
Location: /articles/2818/ [following]
--2017-01-25 16:16:17--  https://peerj.com/articles/2818/
Connecting to peerj.com (peerj.com)|34.195.87.79|:443... connected.
HTTP request sent, awaiting response... 200 OK
Length: unspecified [text/html]
Saving to: ‘peerj.2818’

     0K .......... .......... .......... .......... ..........  389K
    50K .......... .......... .......... .......... ..........  803K
   100K .......... .......... .......... .......... ..........  298K
   150K .......... .......... .......... ....                   168M=0.4s

2017-01-25 16:16:18 (515 KB/s) - ‘peerj.2818’ saved [189244]

--2017-01-25 16:16:19--  http://doi.org/10.7717/peerj.2819
Connecting to doi.org (doi.org)|63.123.152.248|:80... connected.
HTTP request sent, awaiting response... 303 See Other
Location: https://peerj.com/articles/2819 [following]
--2017-01-25 16:16:20--  https://peerj.com/articles/2819
Connecting to peerj.com (peerj.com)|34.195.87.79|:443... connected.
HTTP request sent, awaiting response... 302 Found
Location: /articles/2819/ [following]
--2017-01-25 16:16:22--  https://peerj.com/articles/2819/
Connecting to peerj.com (peerj.com)|34.195.87.79|:443... connected.
HTTP request sent, awaiting response... 200 OK
Length: unspecified [text/html]
Saving to: ‘peerj.2819’

     0K .......... .......... .......... .......... ..........  431K
    50K .......... .......... .......... .......... ..........  574K
   100K .......... .......... .......... .......... ..........  558K
   150K .......... .......... .......... .......... .......... 1.22M
   200K .......... .......... .......... .......... .......... 1011K
   250K .......... .......... .......... .......... .....      3.73M=0.4s

2017-01-25 16:16:23 (750 KB/s) - ‘peerj.2819’ saved [302614]

--2017-01-25 16:16:24--  http://doi.org/10.7717/peerj.2820
Connecting to doi.org (doi.org)|63.123.152.248|:80... connected.
HTTP request sent, awaiting response... 303 See Other
Location: https://peerj.com/articles/2820 [following]
--2017-01-25 16:16:25--  https://peerj.com/articles/2820
Connecting to peerj.com (peerj.com)|34.195.87.79|:443... connected.
HTTP request sent, awaiting response... 302 Found
Location: /articles/2820/ [following]
--2017-01-25 16:16:27--  https://peerj.com/articles/2820/
Connecting to peerj.com (peerj.com)|34.195.87.79|:443... connected.
HTTP request sent, awaiting response... 200 OK
Length: unspecified [text/html]
Saving to: ‘peerj.2820’

     0K .......... .......... .......... .......... ..........  523K
    50K .......... .......... .......... .......... ..........  436K
   100K .......... .......... .......... .......... ..........  547K
   150K .......... .......... .......... .......... .......... 5.15M
   200K .......... .......... .                                 576K=0.3s

2017-01-25 16:16:28 (636 KB/s) - ‘peerj.2820’ saved [226439]

--2017-01-25 16:16:29--  http://doi.org/10.7717/peerj.2821
Connecting to doi.org (doi.org)|63.123.152.248|:80... connected.
HTTP request sent, awaiting response... 303 See Other
Location: https://peerj.com/articles/2821 [following]
--2017-01-25 16:16:31--  https://peerj.com/articles/2821
Connecting to peerj.com (peerj.com)|34.195.87.79|:443... connected.
HTTP request sent, awaiting response... 302 Found
Location: /articles/2821/ [following]
--2017-01-25 16:16:32--  https://peerj.com/articles/2821/
Connecting to peerj.com (peerj.com)|34.195.87.79|:443... connected.
HTTP request sent, awaiting response... 200 OK
Length: unspecified [text/html]
Saving to: ‘peerj.2821’

     0K .......... .......... .......... .......... ..........  157K
    50K .......... .......... .......... .......... ..........  480K
   100K .......... .......... .......... .......... ..........  513K
   150K .......... .......... .......... .......... ..........  335K
   200K .......... .......... .                                 719K=0.7s

2017-01-25 16:16:34 (316 KB/s) - ‘peerj.2821’ saved [226456]

--2017-01-25 16:16:35--  http://doi.org/10.7717/peerj.2822
Connecting to doi.org (doi.org)|63.123.152.248|:80... connected.
HTTP request sent, awaiting response... 303 See Other
Location: https://peerj.com/articles/2822 [following]
--2017-01-25 16:16:37--  https://peerj.com/articles/2822
Connecting to peerj.com (peerj.com)|34.195.87.79|:443... connected.
HTTP request sent, awaiting response... 302 Found
Location: /articles/2822/ [following]
--2017-01-25 16:16:38--  https://peerj.com/articles/2822/
Connecting to peerj.com (peerj.com)|34.195.87.79|:443... connected.
HTTP request sent, awaiting response... 200 OK
Length: unspecified [text/html]
Saving to: ‘peerj.2822’

     0K .......... .......... .......... .......... ..........  364K
    50K .......... .......... .......... .......... ..........  832K
   100K .......... .......... .......... .......... ..........  502K
   150K .......... .......... .......... ...                   24.0M=0.3s

2017-01-25 16:16:39 (614 KB/s) - ‘peerj.2822’ saved [187694]

--2017-01-25 16:16:40--  http://doi.org/10.7717/peerj.2823
Connecting to doi.org (doi.org)|63.123.152.248|:80... connected.
HTTP request sent, awaiting response... 303 See Other
Location: https://peerj.com/articles/2823 [following]
--2017-01-25 16:16:41--  https://peerj.com/articles/2823
Connecting to peerj.com (peerj.com)|34.195.87.79|:443... connected.
HTTP request sent, awaiting response... 302 Found
Location: /articles/2823/ [following]
--2017-01-25 16:16:43--  https://peerj.com/articles/2823/
Connecting to peerj.com (peerj.com)|34.195.87.79|:443... connected.
HTTP request sent, awaiting response... 200 OK
Length: unspecified [text/html]
Saving to: ‘peerj.2823’

     0K .......... .......... .......... .......... ..........  144K
    50K .......... .......... .......... .......... ..........  174K
   100K .......... .......... .......... .......... ..........  186K
   150K .......... .......... .......... .......... ..........  188K
   200K .......... .......... .......... .......... .......     206K=1.4s

2017-01-25 16:16:45 (177 KB/s) - ‘peerj.2823’ saved [252988]

--2017-01-25 16:16:46--  http://doi.org/10.7717/peerj.2824
Connecting to doi.org (doi.org)|63.123.152.248|:80... connected.
HTTP request sent, awaiting response... 303 See Other
Location: https://peerj.com/articles/2824 [following]
--2017-01-25 16:16:48--  https://peerj.com/articles/2824
Connecting to peerj.com (peerj.com)|34.195.87.79|:443... connected.
HTTP request sent, awaiting response... 302 Found
Location: /articles/2824/ [following]
--2017-01-25 16:16:49--  https://peerj.com/articles/2824/
Connecting to peerj.com (peerj.com)|34.195.87.79|:443... connected.
HTTP request sent, awaiting response... 200 OK
Length: unspecified [text/html]
Saving to: ‘peerj.2824’

     0K .......... .......... .......... .......... ..........  481K
    50K .......... .......... .......... .......... ..........  508K
   100K .......... .......... .......... .......... ..........  712K
   150K .......... .......... .......... .......... .......... 1.63M
   200K .......... .......... .......... .......... ..........  755K
   250K .......... .......... .......... .......... .......... 1.69M
   300K .......... .......... ..........                       4.91M=0.4s

2017-01-25 16:16:51 (819 KB/s) - ‘peerj.2824’ saved [338843]

--2017-01-25 16:16:52--  http://doi.org/10.7717/peerj.2825
Connecting to doi.org (doi.org)|63.123.152.248|:80... connected.
HTTP request sent, awaiting response... 303 See Other
Location: https://peerj.com/articles/2825 [following]
--2017-01-25 16:16:53--  https://peerj.com/articles/2825
Connecting to peerj.com (peerj.com)|34.195.87.79|:443... connected.
HTTP request sent, awaiting response... 302 Found
Location: /articles/2825/ [following]
--2017-01-25 16:16:55--  https://peerj.com/articles/2825/
Connecting to peerj.com (peerj.com)|34.195.87.79|:443... connected.
HTTP request sent, awaiting response... 200 OK
Length: unspecified [text/html]
Saving to: ‘peerj.2825’

     0K .......... .......... .......... .......... ..........  361K
    50K .......... .......... .......... .......... ..........  924K
   100K .......... .......... .......... .......... ..........  525K
   150K .......... .......... .......... .......... .......... 5.48M
   200K .......... .......... .......... .......... ..........  704K
   250K .......... .......... .......... .......... .......... 1.45M
   300K .......... .......... .......... .......... .......... 8.65M
   350K .......... .......... .......... .......... .......... 2.16M
   400K ..........                                             52.9M=0.4s

2017-01-25 16:16:56 (955 KB/s) - ‘peerj.2825’ saved [420399]

--2017-01-25 16:16:57--  http://doi.org/10.7717/peerj.2826
Connecting to doi.org (doi.org)|63.123.152.248|:80... connected.
HTTP request sent, awaiting response... 303 See Other
Location: https://peerj.com/articles/2826 [following]
--2017-01-25 16:16:59--  https://peerj.com/articles/2826
Connecting to peerj.com (peerj.com)|34.195.87.79|:443... connected.
HTTP request sent, awaiting response... 302 Found
Location: /articles/2826/ [following]
--2017-01-25 16:17:00--  https://peerj.com/articles/2826/
Connecting to peerj.com (peerj.com)|34.195.87.79|:443... connected.
HTTP request sent, awaiting response... 200 OK
Length: unspecified [text/html]
Saving to: ‘peerj.2826’

     0K .......... .......... .......... .......... ..........  294K
    50K .......... .......... .......... .......... .......... 1.57M
   100K .......... .......... .......... .......... ..........  550K
   150K .......... .......... .......... .......... ..........  933K
   200K .......... .......... .......... .......... .......... 1.46M
   250K .......... .......... .......... .......... .......    2.21M=0.4s

2017-01-25 16:17:01 (743 KB/s) - ‘peerj.2826’ saved [304273]

--2017-01-25 16:17:02--  http://doi.org/10.7717/peerj.2827
Connecting to doi.org (doi.org)|63.123.152.248|:80... connected.
HTTP request sent, awaiting response... 303 See Other
Location: https://peerj.com/articles/2827 [following]
--2017-01-25 16:17:04--  https://peerj.com/articles/2827
Connecting to peerj.com (peerj.com)|34.195.87.79|:443... connected.
HTTP request sent, awaiting response... 302 Found
Location: /articles/2827/ [following]
--2017-01-25 16:17:05--  https://peerj.com/articles/2827/
Connecting to peerj.com (peerj.com)|34.195.87.79|:443... connected.
HTTP request sent, awaiting response... 200 OK
Length: unspecified [text/html]
Saving to: ‘peerj.2827’

     0K .......... .......... .......... .......... ..........  390K
    50K .......... .......... .......... .......... ..........  802K
   100K .......... .......... .......... .......... ..........  609K
   150K .......... .......... .......... .......... .......... 1.77M
   200K .......... .......... .......... .......... ..          672K=0.4s

2017-01-25 16:17:08 (667 KB/s) - ‘peerj.2827’ saved [247931]

--2017-01-25 16:17:09--  http://doi.org/10.7717/peerj.2829
Connecting to doi.org (doi.org)|63.123.152.248|:80... connected.
HTTP request sent, awaiting response... 303 See Other
Location: https://peerj.com/articles/2829 [following]
--2017-01-25 16:17:10--  https://peerj.com/articles/2829
Connecting to peerj.com (peerj.com)|34.195.87.79|:443... connected.
HTTP request sent, awaiting response... 302 Found
Location: /articles/2829/ [following]
--2017-01-25 16:17:12--  https://peerj.com/articles/2829/
Connecting to peerj.com (peerj.com)|34.195.87.79|:443... connected.
HTTP request sent, awaiting response... 200 OK
Length: unspecified [text/html]
Saving to: ‘peerj.2829’

     0K .......... .......... .......... .......... ..........  499K
    50K .......... .......... .......... .......... ..........  220K
   100K .......... .......... .......... .......... ..........  441K
   150K .......... .......... .......... .......... ..........  167K
   200K .......... .......... .......... .......... ..........  309K
   250K .......... .......... .......... .......... ..........  465K
   300K .......... .......... .......... .......... ..........  333K
   350K .......... .......... .......... .......... ..........  451K
   400K .......... .......... ........                          383K=1.3s

2017-01-25 16:17:14 (319 KB/s) - ‘peerj.2829’ saved [439179]

--2017-01-25 16:17:15--  http://doi.org/10.7717/peerj.2830
Connecting to doi.org (doi.org)|63.123.152.248|:80... connected.
HTTP request sent, awaiting response... 303 See Other
Location: https://peerj.com/articles/2830 [following]
--2017-01-25 16:17:16--  https://peerj.com/articles/2830
Connecting to peerj.com (peerj.com)|34.195.87.79|:443... connected.
HTTP request sent, awaiting response... 302 Found
Location: /articles/2830/ [following]
--2017-01-25 16:17:18--  https://peerj.com/articles/2830/
Connecting to peerj.com (peerj.com)|34.195.87.79|:443... connected.
HTTP request sent, awaiting response... 200 OK
Length: unspecified [text/html]
Saving to: ‘peerj.2830’

     0K .......... .......... .......... .......... ..........  274K
    50K .......... .......... .......... .......... .......... 2.18M
   100K .......... .......... .......... .......... ..........  634K
   150K .......... .......... .......... .......... .......... 2.07M
   200K .......... .......... .......... .......... ..........  753K
   250K .......... .......... .......... .......... ..........  451K
   300K .......... .......... ......                            131M=0.5s

2017-01-25 16:17:19 (674 KB/s) - ‘peerj.2830’ saved [334554]

--2017-01-25 16:17:20--  http://doi.org/10.7717/peerj.2832
Connecting to doi.org (doi.org)|63.123.152.248|:80... connected.
HTTP request sent, awaiting response... 303 See Other
Location: https://peerj.com/articles/2832 [following]
--2017-01-25 16:17:22--  https://peerj.com/articles/2832
Connecting to peerj.com (peerj.com)|34.195.87.79|:443... connected.
HTTP request sent, awaiting response... 302 Found
Location: /articles/2832/ [following]
--2017-01-25 16:17:23--  https://peerj.com/articles/2832/
Connecting to peerj.com (peerj.com)|34.195.87.79|:443... connected.
HTTP request sent, awaiting response... 200 OK
Length: unspecified [text/html]
Saving to: ‘peerj.2832’

     0K .......... .......... .......... .......... ..........  423K
    50K .......... .......... .......... .......... ..........  512K
   100K .......... .......... .......... .......... ..........  303K
   150K .......... .......... .......... .......... .......... 6.66M
   200K .......... .......... .......... .......... .......... 9.15M
   250K .......... .......... .......... .......... ..........  591K
   300K .......... .......... .......... .......... ..........  679K
   350K .......... .......... .......... .......... .......... 1.03M
   400K .......... ...                                         1.86M=0.6s

2017-01-25 16:17:25 (682 KB/s) - ‘peerj.2832’ saved [423473]

--2017-01-25 16:17:26--  http://doi.org/10.7717/peerj.2833
Connecting to doi.org (doi.org)|63.123.152.248|:80... connected.
HTTP request sent, awaiting response... 303 See Other
Location: https://peerj.com/articles/2833 [following]
--2017-01-25 16:17:27--  https://peerj.com/articles/2833
Connecting to peerj.com (peerj.com)|34.195.87.79|:443... connected.
HTTP request sent, awaiting response... 302 Found
Location: /articles/2833/ [following]
--2017-01-25 16:17:29--  https://peerj.com/articles/2833/
Connecting to peerj.com (peerj.com)|34.195.87.79|:443... connected.
HTTP request sent, awaiting response... 200 OK
Length: unspecified [text/html]
Saving to: ‘peerj.2833’

     0K .......... .......... .......... .......... ..........  469K
    50K .......... .......... .......... .......... ..........  552K
   100K .......... .......... .......... .......... ..........  640K
   150K .......... .......... .......... .......... .......... 1.37M
   200K .......... .......... .......... .......... ..........  474K
   250K .......... .......... .......... .......... .......... 4.00M
   300K ..                                                     4712G=0.4s

2017-01-25 16:17:30 (706 KB/s) - ‘peerj.2833’ saved [309730]

--2017-01-25 16:17:31--  http://doi.org/10.7717/peerj.2834
Connecting to doi.org (doi.org)|63.123.152.248|:80... connected.
HTTP request sent, awaiting response... 303 See Other
Location: https://peerj.com/articles/2834 [following]
--2017-01-25 16:17:33--  https://peerj.com/articles/2834
Connecting to peerj.com (peerj.com)|34.195.87.79|:443... connected.
HTTP request sent, awaiting response... 302 Found
Location: /articles/2834/ [following]
--2017-01-25 16:17:34--  https://peerj.com/articles/2834/
Connecting to peerj.com (peerj.com)|34.195.87.79|:443... connected.
HTTP request sent, awaiting response... 200 OK
Length: unspecified [text/html]
Saving to: ‘peerj.2834’

     0K .......... .......... .......... .......... ..........  481K
    50K .......... .......... .......... .......... ..........  487K
   100K .......... .......... .......... .......... ..........  558K
   150K .......... .......... .......... .......... .......... 3.88M
   200K .......... ......                                       452K=0.3s

2017-01-25 16:17:35 (627 KB/s) - ‘peerj.2834’ saved [221615]

--2017-01-25 16:17:36--  http://doi.org/10.7717/peerj.2836
Connecting to doi.org (doi.org)|63.123.152.248|:80... connected.
HTTP request sent, awaiting response... 303 See Other
Location: https://peerj.com/articles/2836 [following]
--2017-01-25 16:17:38--  https://peerj.com/articles/2836
Connecting to peerj.com (peerj.com)|34.195.87.79|:443... connected.
HTTP request sent, awaiting response... 302 Found
Location: /articles/2836/ [following]
--2017-01-25 16:17:39--  https://peerj.com/articles/2836/
Connecting to peerj.com (peerj.com)|34.195.87.79|:443... connected.
HTTP request sent, awaiting response... 200 OK
Length: unspecified [text/html]
Saving to: ‘peerj.2836’

     0K .......... .......... .......... .......... ..........  387K
    50K .......... .......... .......... .......... ..........  641K
   100K .......... .......... .......... .......... ..........  676K
   150K .......... .......... .......... .......... ..........  402K
   200K .......... .......... .....                             322M=0.4s

2017-01-25 16:17:40 (557 KB/s) - ‘peerj.2836’ saved [231149]

--2017-01-25 16:17:41--  http://doi.org/10.7717/peerj.2837
Connecting to doi.org (doi.org)|63.123.152.248|:80... connected.
HTTP request sent, awaiting response... 303 See Other
Location: https://peerj.com/articles/2837 [following]
--2017-01-25 16:17:43--  https://peerj.com/articles/2837
Connecting to peerj.com (peerj.com)|34.195.87.79|:443... connected.
HTTP request sent, awaiting response... 302 Found
Location: /articles/2837/ [following]
--2017-01-25 16:17:44--  https://peerj.com/articles/2837/
Connecting to peerj.com (peerj.com)|34.195.87.79|:443... connected.
HTTP request sent, awaiting response... 200 OK
Length: unspecified [text/html]
Saving to: ‘peerj.2837’

     0K .......... .......... .......... .......... ..........  168K
    50K .......... .......... .......... .......... ..........  249K
   100K .......... .......... .......... .......... ..........  195K
   150K .......... .......... .......... .......... ..........  172K
   200K .......... .......... .......... .......... ..........  269K
   250K .......... .......... .                                 234K=1.3s

2017-01-25 16:17:47 (205 KB/s) - ‘peerj.2837’ saved [278367]

--2017-01-25 16:17:48--  http://doi.org/10.7717/peerj.2838
Connecting to doi.org (doi.org)|63.123.152.248|:80... connected.
HTTP request sent, awaiting response... 303 See Other
Location: https://peerj.com/articles/2838 [following]
--2017-01-25 16:17:49--  https://peerj.com/articles/2838
Connecting to peerj.com (peerj.com)|34.195.87.79|:443... connected.
HTTP request sent, awaiting response... 302 Found
Location: /articles/2838/ [following]
--2017-01-25 16:17:50--  https://peerj.com/articles/2838/
Connecting to peerj.com (peerj.com)|34.195.87.79|:443... connected.
HTTP request sent, awaiting response... 200 OK
Length: unspecified [text/html]
Saving to: ‘peerj.2838’

     0K .......... .......... .......... .......... ..........  242K
    50K .......... .......... .......... .......... ..........  471K
   100K .......... .......... .......... .......... ..........  571K
   150K .......... .......... .......... .......... ..........  681K
   200K .......... .......... .......... .......... ..........  389K
   250K .......... .......... .......... .........              434K=0.7s

2017-01-25 16:17:52 (417 KB/s) - ‘peerj.2838’ saved [296320]

--2017-01-25 16:17:53--  http://doi.org/10.7717/peerj.2840
Connecting to doi.org (doi.org)|63.123.152.248|:80... connected.
HTTP request sent, awaiting response... 303 See Other
Location: https://peerj.com/articles/2840 [following]
--2017-01-25 16:17:54--  https://peerj.com/articles/2840
Connecting to peerj.com (peerj.com)|34.195.87.79|:443... connected.
HTTP request sent, awaiting response... 302 Found
Location: /articles/2840/ [following]
--2017-01-25 16:17:56--  https://peerj.com/articles/2840/
Connecting to peerj.com (peerj.com)|34.195.87.79|:443... connected.
HTTP request sent, awaiting response... 200 OK
Length: unspecified [text/html]
Saving to: ‘peerj.2840’

     0K .......... .......... .......... .......... ..........  498K
    50K .......... .......... .......... .......... ..........  435K
   100K .......... .......... .......... .......... ..........  390K
   150K .......... .......... .......... .......... ..........  494K
   200K .......... .......... .......... .......... ..........  258K
   250K .......... .......... .......... ..                     110K=0.9s

2017-01-25 16:17:58 (302 KB/s) - ‘peerj.2840’ saved [289435]

--2017-01-25 16:17:59--  http://doi.org/10.7717/peerj.2843
Connecting to doi.org (doi.org)|63.123.152.248|:80... connected.
HTTP request sent, awaiting response... 303 See Other
Location: https://peerj.com/articles/2843 [following]
--2017-01-25 16:18:00--  https://peerj.com/articles/2843
Connecting to peerj.com (peerj.com)|34.195.87.79|:443... connected.
HTTP request sent, awaiting response... 302 Found
Location: /articles/2843/ [following]
--2017-01-25 16:18:02--  https://peerj.com/articles/2843/
Connecting to peerj.com (peerj.com)|34.195.87.79|:443... connected.
HTTP request sent, awaiting response... 200 OK
Length: unspecified [text/html]
Saving to: ‘peerj.2843’

     0K .......... .......... .......... .......... ..........  295K
    50K .......... .......... .......... .......... .......... 2.45M
   100K .......... .......... .......... .......... ..........  565K
   150K .......... .......... .......... .......... .......... 3.48M
   200K .......... .......... .......... .......... ..........  294K
   250K .......... .......... .......... .......... ..........  328M
   300K .......... .......... .......... .......... ..........  328M
   350K .......... .......... ........                         54.9K=1.0s

2017-01-25 16:18:03 (386 KB/s) - ‘peerj.2843’ saved [387460]

--2017-01-25 16:18:04--  http://doi.org/10.7717/peerj.2844
Connecting to doi.org (doi.org)|63.123.152.248|:80... connected.
HTTP request sent, awaiting response... 303 See Other
Location: https://peerj.com/articles/2844 [following]
--2017-01-25 16:18:05--  https://peerj.com/articles/2844
Connecting to peerj.com (peerj.com)|34.195.87.79|:443... connected.
HTTP request sent, awaiting response... 302 Found
Location: /articles/2844/ [following]
--2017-01-25 16:18:07--  https://peerj.com/articles/2844/
Connecting to peerj.com (peerj.com)|34.195.87.79|:443... connected.
HTTP request sent, awaiting response... 200 OK
Length: unspecified [text/html]
Saving to: ‘peerj.2844’

     0K .......... .......... .......... .......... ..........  269K
    50K .......... .......... .......... .......... ..........  535K
   100K .......... .......... .......... .......... ..........  267K
   150K .......... .......... .......... .......... ..........  260K
   200K .......... .......... .......... .......... ..........  305K
   250K .......... .......... .......... .......... ..........  555K
   300K .......... .......... .......... .......... ..........  252K
   350K .......... .......... .......... ....                   577K=1.2s

2017-01-25 16:18:09 (328 KB/s) - ‘peerj.2844’ saved [393406]

--2017-01-25 16:18:10--  http://doi.org/10.7717/peerj.2845
Connecting to doi.org (doi.org)|63.123.152.248|:80... connected.
HTTP request sent, awaiting response... 303 See Other
Location: https://peerj.com/articles/2845 [following]
--2017-01-25 16:18:11--  https://peerj.com/articles/2845
Connecting to peerj.com (peerj.com)|34.195.87.79|:443... connected.
HTTP request sent, awaiting response... 302 Found
Location: /articles/2845/ [following]
--2017-01-25 16:18:13--  https://peerj.com/articles/2845/
Connecting to peerj.com (peerj.com)|34.195.87.79|:443... connected.
HTTP request sent, awaiting response... 200 OK
Length: unspecified [text/html]
Saving to: ‘peerj.2845’

     0K .......... .......... .......... .......... ..........  284K
    50K .......... .......... .......... .......... ..........  181K
   100K .......... .......... .......... .......... ..........  184K
   150K .......... .......... .......... .......... ..........  212K
   200K .......... .......... .......... .......... ..........  160K
   250K .......... .......... .......... .......... ..........  193K
   300K .......... ....                                        81.6K=1.7s

2017-01-25 16:18:16 (184 KB/s) - ‘peerj.2845’ saved [321742]

--2017-01-25 16:18:17--  http://doi.org/10.7717/peerj.2846
Connecting to doi.org (doi.org)|63.123.152.248|:80... connected.
HTTP request sent, awaiting response... 303 See Other
Location: https://peerj.com/articles/2846 [following]
--2017-01-25 16:18:18--  https://peerj.com/articles/2846
Connecting to peerj.com (peerj.com)|34.195.87.79|:443... connected.
HTTP request sent, awaiting response... 302 Found
Location: /articles/2846/ [following]
--2017-01-25 16:18:19--  https://peerj.com/articles/2846/
Connecting to peerj.com (peerj.com)|34.195.87.79|:443... connected.
HTTP request sent, awaiting response... 200 OK
Length: unspecified [text/html]
Saving to: ‘peerj.2846’

     0K .......... .......... .......... .......... ..........  279K
    50K .......... .......... .......... .......... ..........  425K
   100K .......... .......... .......... .......... ..........  196K
   150K .......... .......... .......... .......... ..........  522K
   200K .......... .......... .......... .......... ..........  286K
   250K .......... .......... .......... .......... ..........  269K
   300K .......... .......... ..........                        459K=1.1s

2017-01-25 16:18:21 (307 KB/s) - ‘peerj.2846’ saved [338165]

--2017-01-25 16:18:22--  http://doi.org/10.7717/peerj.2847
Connecting to doi.org (doi.org)|63.123.152.248|:80... connected.
HTTP request sent, awaiting response... 303 See Other
Location: https://peerj.com/articles/2847 [following]
--2017-01-25 16:18:24--  https://peerj.com/articles/2847
Connecting to peerj.com (peerj.com)|34.195.87.79|:443... connected.
HTTP request sent, awaiting response... 302 Found
Location: /articles/2847/ [following]
--2017-01-25 16:18:25--  https://peerj.com/articles/2847/
Connecting to peerj.com (peerj.com)|34.195.87.79|:443... connected.
HTTP request sent, awaiting response... 200 OK
Length: unspecified [text/html]
Saving to: ‘peerj.2847’

     0K .......... .......... .......... .......... ..........  377K
    50K .......... .......... .......... .......... ..........  732K
   100K .......... .......... .......... .......... ..........  529K
   150K .......... .......... .......... .......... ..........  602K
   200K .......... .......... .......... .......... .......... 2.57M
   250K .......... .......... .......... .......... ..........  577K
   300K ....                                                   9.55M=0.5s

2017-01-25 16:18:27 (629 KB/s) - ‘peerj.2847’ saved [311994]

--2017-01-25 16:18:28--  http://doi.org/10.7717/peerj.2849
Connecting to doi.org (doi.org)|63.123.152.248|:80... connected.
HTTP request sent, awaiting response... 303 See Other
Location: https://peerj.com/articles/2849 [following]
--2017-01-25 16:18:29--  https://peerj.com/articles/2849
Connecting to peerj.com (peerj.com)|34.195.87.79|:443... connected.
HTTP request sent, awaiting response... 302 Found
Location: /articles/2849/ [following]
--2017-01-25 16:18:31--  https://peerj.com/articles/2849/
Connecting to peerj.com (peerj.com)|34.195.87.79|:443... connected.
HTTP request sent, awaiting response... 200 OK
Length: unspecified [text/html]
Saving to: ‘peerj.2849’

     0K .......... .......... .......... .......... ..........  170K
    50K .......... .......... .......... .......... ..........  154K
   100K .......... .......... .......... .......... ..........  154K
   150K .......... .......... .......... .......... ..........  176K
   200K .......... .......... .......... .......... ..........  147K
   250K .......... .......... ......                            330K=1.7s

2017-01-25 16:18:33 (167 KB/s) - ‘peerj.2849’ saved [283027]

--2017-01-25 16:18:34--  http://doi.org/10.7717/peerj.2850
Connecting to doi.org (doi.org)|63.123.152.248|:80... connected.
HTTP request sent, awaiting response... 303 See Other
Location: https://peerj.com/articles/2850 [following]
--2017-01-25 16:18:36--  https://peerj.com/articles/2850
Connecting to peerj.com (peerj.com)|34.195.87.79|:443... connected.
HTTP request sent, awaiting response... 302 Found
Location: /articles/2850/ [following]
--2017-01-25 16:18:37--  https://peerj.com/articles/2850/
Connecting to peerj.com (peerj.com)|34.195.87.79|:443... connected.
HTTP request sent, awaiting response... 200 OK
Length: unspecified [text/html]
Saving to: ‘peerj.2850’

     0K .......... .......... .......... .......... ..........  356K
    50K .......... .......... .......... .......... ..........  313K
   100K .......... .......... .......... .......... ..........  778K
   150K .......... .......... .......... .......                188M=0.4s

2017-01-25 16:18:38 (513 KB/s) - ‘peerj.2850’ saved [191699]

--2017-01-25 16:18:39--  http://doi.org/10.7717/peerj.2851
Connecting to doi.org (doi.org)|63.123.152.248|:80... connected.
HTTP request sent, awaiting response... 303 See Other
Location: https://peerj.com/articles/2851 [following]
--2017-01-25 16:18:41--  https://peerj.com/articles/2851
Connecting to peerj.com (peerj.com)|34.195.87.79|:443... connected.
HTTP request sent, awaiting response... 302 Found
Location: /articles/2851/ [following]
--2017-01-25 16:18:42--  https://peerj.com/articles/2851/
Connecting to peerj.com (peerj.com)|34.195.87.79|:443... connected.
HTTP request sent, awaiting response... 200 OK
Length: unspecified [text/html]
Saving to: ‘peerj.2851’

     0K .......... .......... .......... .......... ..........  501K
    50K .......... .......... .......... .......... ..........  502K
   100K .......... .......... .......... .......... ..........  347K
   150K .......... .......... .......... .......... ..........  306M
   200K .......... .......... .......... .......... ..........  980K
   250K .......... .......... .......... .......... ..........  683K
   300K .......... .......... .......... .......... ..........  786K
   350K .......... .......... .......... .......... ..........  340K
   400K .......... .......... .......... .......... ..........  183M
   450K .......... .......... .......... .........             1.08M=0.7s

2017-01-25 16:18:44 (685 KB/s) - ‘peerj.2851’ saved [500850]

--2017-01-25 16:18:45--  http://doi.org/10.7717/peerj.2852
Connecting to doi.org (doi.org)|63.123.152.248|:80... connected.
HTTP request sent, awaiting response... 303 See Other
Location: https://peerj.com/articles/2852 [following]
--2017-01-25 16:18:46--  https://peerj.com/articles/2852
Connecting to peerj.com (peerj.com)|34.195.87.79|:443... connected.
HTTP request sent, awaiting response... 302 Found
Location: /articles/2852/ [following]
--2017-01-25 16:18:48--  https://peerj.com/articles/2852/
Connecting to peerj.com (peerj.com)|34.195.87.79|:443... connected.
HTTP request sent, awaiting response... 200 OK
Length: unspecified [text/html]
Saving to: ‘peerj.2852’

     0K .......... .......... .......... .......... ..........  491K
    50K .......... .......... .......... .......... ..........  515K
   100K .......... .......... .......... .......... ..........  520K
   150K .......... .......... .......... .......... ..........  783K
   200K .......... .......... .......... .......... ..         1.01M=0.4s

2017-01-25 16:18:49 (606 KB/s) - ‘peerj.2852’ saved [247956]

--2017-01-25 16:18:50--  http://doi.org/10.7717/peerj.2855
Connecting to doi.org (doi.org)|63.123.152.248|:80... connected.
HTTP request sent, awaiting response... 303 See Other
Location: https://peerj.com/articles/2855 [following]
--2017-01-25 16:18:52--  https://peerj.com/articles/2855
Connecting to peerj.com (peerj.com)|34.195.87.79|:443... connected.
HTTP request sent, awaiting response... 302 Found
Location: /articles/2855/ [following]
--2017-01-25 16:18:53--  https://peerj.com/articles/2855/
Connecting to peerj.com (peerj.com)|34.195.87.79|:443... connected.
HTTP request sent, awaiting response... 200 OK
Length: unspecified [text/html]
Saving to: ‘peerj.2855’

     0K .......... .......... .......... .......... ..........  467K
    50K .......... .......... .......... .......... ..........  507K
   100K .......... .......... .......... .......... ..........  575K
   150K .......... .......... .......... .......... .......... 2.84M
   200K .......... .......... .......... .......... ..........  711K
   250K .......... .......... .......... .......... .......... 2.04M
   300K .......... .......... .......... .......... ..........  435K
   350K ........                                                119M=0.5s

2017-01-25 16:18:55 (691 KB/s) - ‘peerj.2855’ saved [367345]

--2017-01-25 16:18:56--  http://doi.org/10.7717/peerj.2857
Connecting to doi.org (doi.org)|63.123.152.248|:80... connected.
HTTP request sent, awaiting response... 303 See Other
Location: https://peerj.com/articles/2857 [following]
--2017-01-25 16:18:57--  https://peerj.com/articles/2857
Connecting to peerj.com (peerj.com)|34.195.87.79|:443... connected.
HTTP request sent, awaiting response... 302 Found
Location: /articles/2857/ [following]
--2017-01-25 16:18:59--  https://peerj.com/articles/2857/
Connecting to peerj.com (peerj.com)|34.195.87.79|:443... connected.
HTTP request sent, awaiting response... 200 OK
Length: unspecified [text/html]
Saving to: ‘peerj.2857’

     0K .......... .......... .......... .......... ..........  289K
    50K .......... .......... .......... .......... .......... 1.54M
   100K .......... .......... .......... .......... ..........  525K
   150K .......... .......... .......... .......... .......... 1.15M
   200K .......... .......... .......... .......... .......... 1.29M
   250K .                                                      2457G=0.4s

2017-01-25 16:19:00 (661 KB/s) - ‘peerj.2857’ saved [257319]

--2017-01-25 16:19:01--  http://doi.org/10.7717/peerj.2858
Connecting to doi.org (doi.org)|63.123.152.248|:80... connected.
HTTP request sent, awaiting response... 303 See Other
Location: https://peerj.com/articles/2858 [following]
--2017-01-25 16:19:02--  https://peerj.com/articles/2858
Connecting to peerj.com (peerj.com)|34.195.87.79|:443... connected.
HTTP request sent, awaiting response... 302 Found
Location: /articles/2858/ [following]
--2017-01-25 16:19:04--  https://peerj.com/articles/2858/
Connecting to peerj.com (peerj.com)|34.195.87.79|:443... connected.
HTTP request sent, awaiting response... 200 OK
Length: unspecified [text/html]
Saving to: ‘peerj.2858’

     0K .......... .......... .......... .......... ..........  297K
    50K .......... .......... .......... .......... .......... 2.42M
   100K .......... .......... .......... .......... ..........  553K
   150K .......... .......... .......... .......... .......... 6.45M
   200K .......... .......... .........                         468K=0.3s

2017-01-25 16:19:05 (656 KB/s) - ‘peerj.2858’ saved [235091]

--2017-01-25 16:19:06--  http://doi.org/10.7717/peerj.2861
Connecting to doi.org (doi.org)|63.123.152.248|:80... connected.
HTTP request sent, awaiting response... 303 See Other
Location: https://peerj.com/articles/2861 [following]
--2017-01-25 16:19:07--  https://peerj.com/articles/2861
Connecting to peerj.com (peerj.com)|34.195.87.79|:443... connected.
HTTP request sent, awaiting response... 302 Found
Location: /articles/2861/ [following]
--2017-01-25 16:19:09--  https://peerj.com/articles/2861/
Connecting to peerj.com (peerj.com)|34.195.87.79|:443... connected.
HTTP request sent, awaiting response... 200 OK
Length: unspecified [text/html]
Saving to: ‘peerj.2861’

     0K .......... .......... .......... .......... ..........  367K
    50K .......... .......... .......... .......... ..........  380K
   100K .......... .......... .......... .......... ..........  584K
   150K .......... .......... .....                            1.06M=0.4s

2017-01-25 16:19:10 (465 KB/s) - ‘peerj.2861’ saved [179451]

--2017-01-25 16:19:11--  http://doi.org/10.7717/peerj.2863
Connecting to doi.org (doi.org)|63.123.152.248|:80... connected.
HTTP request sent, awaiting response... 303 See Other
Location: https://peerj.com/articles/2863 [following]
--2017-01-25 16:19:12--  https://peerj.com/articles/2863
Connecting to peerj.com (peerj.com)|34.195.87.79|:443... connected.
HTTP request sent, awaiting response... 302 Found
Location: /articles/2863/ [following]
--2017-01-25 16:19:14--  https://peerj.com/articles/2863/
Connecting to peerj.com (peerj.com)|34.195.87.79|:443... connected.
HTTP request sent, awaiting response... 200 OK
Length: unspecified [text/html]
Saving to: ‘peerj.2863’

     0K .......... .......... .......... .......... ..........  503K
    50K .......... .......... .......... .......... ..........  513K
   100K .......... .......... .......... .......... ..........  543K
   150K .......... .......... .......... ..                     361K=0.4s

2017-01-25 16:19:15 (481 KB/s) - ‘peerj.2863’ saved [187007]

--2017-01-25 16:19:16--  http://doi.org/10.7717/peerj.2865
Connecting to doi.org (doi.org)|63.123.152.248|:80... connected.
HTTP request sent, awaiting response... 303 See Other
Location: https://peerj.com/articles/2865 [following]
--2017-01-25 16:19:17--  https://peerj.com/articles/2865
Connecting to peerj.com (peerj.com)|34.195.87.79|:443... connected.
HTTP request sent, awaiting response... 302 Found
Location: /articles/2865/ [following]
--2017-01-25 16:19:19--  https://peerj.com/articles/2865/
Connecting to peerj.com (peerj.com)|34.195.87.79|:443... connected.
HTTP request sent, awaiting response... 200 OK
Length: unspecified [text/html]
Saving to: ‘peerj.2865’

     0K .......... .......... .......... .......... ..........  516K
    50K .......... .......... .......... .......... ..........  262K
   100K .......... .......... .......... .......... .......... 3.08M
   150K .......... .......... .......... .......... .......... 1001K
   200K .......... .......... .......... ......                2.29M=0.4s

2017-01-25 16:19:20 (641 KB/s) - ‘peerj.2865’ saved [242615]

--2017-01-25 16:19:21--  http://doi.org/10.7717/peerj.2867
Connecting to doi.org (doi.org)|63.123.152.248|:80... connected.
HTTP request sent, awaiting response... 303 See Other
Location: https://peerj.com/articles/2867 [following]
--2017-01-25 16:19:22--  https://peerj.com/articles/2867
Connecting to peerj.com (peerj.com)|34.195.87.79|:443... connected.
HTTP request sent, awaiting response... 302 Found
Location: /articles/2867/ [following]
--2017-01-25 16:19:24--  https://peerj.com/articles/2867/
Connecting to peerj.com (peerj.com)|34.195.87.79|:443... connected.
HTTP request sent, awaiting response... 200 OK
Length: unspecified [text/html]
Saving to: ‘peerj.2867’

     0K .......... .......... .......... .......... ..........  194K
    50K .......... .......... .......... .......... ..........  450K
   100K .......... .......... .......... .......... .......... 2.33M
   150K .......... .......... .......... .......... ..........  680K
   200K .......... .......... .......... .......... .......... 2.60M
   250K .......... .......... .......... ..                     690K=0.5s

2017-01-25 16:19:26 (534 KB/s) - ‘peerj.2867’ saved [289671]

--2017-01-25 16:19:27--  http://doi.org/10.7717/peerj.2868
Connecting to doi.org (doi.org)|63.123.152.248|:80... connected.
HTTP request sent, awaiting response... 303 See Other
Location: https://peerj.com/articles/2868 [following]
--2017-01-25 16:19:28--  https://peerj.com/articles/2868
Connecting to peerj.com (peerj.com)|34.195.87.79|:443... connected.
HTTP request sent, awaiting response... 302 Found
Location: /articles/2868/ [following]
--2017-01-25 16:19:30--  https://peerj.com/articles/2868/
Connecting to peerj.com (peerj.com)|34.195.87.79|:443... connected.
HTTP request sent, awaiting response... 200 OK
Length: unspecified [text/html]
Saving to: ‘peerj.2868’

     0K .......... .......... .......... .......... ..........  522K
    50K .......... .......... .......... .......... ..........  488K
   100K .......... .......... .......... .......... ..........  489K
   150K .......... .......... .......... .......... ..........  626K
   200K .......... .......... .......... .......... ........    477K=0.5s

2017-01-25 16:19:31 (515 KB/s) - ‘peerj.2868’ saved [254127]

--2017-01-25 16:19:32--  http://doi.org/10.7717/peerj.2870
Connecting to doi.org (doi.org)|63.123.152.248|:80... connected.
HTTP request sent, awaiting response... 303 See Other
Location: https://peerj.com/articles/2870 [following]
--2017-01-25 16:19:33--  https://peerj.com/articles/2870
Connecting to peerj.com (peerj.com)|34.195.87.79|:443... connected.
HTTP request sent, awaiting response... 302 Found
Location: /articles/2870/ [following]
--2017-01-25 16:19:35--  https://peerj.com/articles/2870/
Connecting to peerj.com (peerj.com)|34.195.87.79|:443... connected.
HTTP request sent, awaiting response... 200 OK
Length: unspecified [text/html]
Saving to: ‘peerj.2870’

     0K .......... .......... .......... .......... ..........  501K
    50K .......... .......... .......... .......... ..........  505K
   100K .......... .......... .......... .......... ..........  525K
   150K .......... .......... .......... .......... ..........  434K
   200K .......... .......... .......... .......... .......... 99.4M
   250K .......... .......... .......... .......... ..........  150M
   300K .......... .......... ......                            182M=0.4s

2017-01-25 16:19:36 (796 KB/s) - ‘peerj.2870’ saved [334287]

--2017-01-25 16:19:37--  http://doi.org/10.7717/peerj.2874
Connecting to doi.org (doi.org)|63.123.152.248|:80... connected.
HTTP request sent, awaiting response... 303 See Other
Location: https://peerj.com/articles/2874 [following]
--2017-01-25 16:19:39--  https://peerj.com/articles/2874
Connecting to peerj.com (peerj.com)|34.195.87.79|:443... connected.
HTTP request sent, awaiting response... 302 Found
Location: /articles/2874/ [following]
--2017-01-25 16:19:40--  https://peerj.com/articles/2874/
Connecting to peerj.com (peerj.com)|34.195.87.79|:443... connected.
HTTP request sent, awaiting response... 200 OK
Length: unspecified [text/html]
Saving to: ‘peerj.2874’

     0K .......... .......... .......... .......... ..........  505K
    50K .......... .......... .......... .......... ..........  370K
   100K .......... .......... .......... .......... ..........  422K
   150K .......... .......... .......... .......... .......... 4.36M
   200K .......... .......... .......... .......... ..........  482K
   250K .......... .......... .......... .......... .......... 3.68M
   300K .......... .......... .......... .......... .......... 3.69M
   350K .......... .......... .......... .......... ..........  409K
   400K .......... ..                                           178K=0.7s

2017-01-25 16:19:42 (602 KB/s) - ‘peerj.2874’ saved [422117]

--2017-01-25 16:19:43--  http://doi.org/10.7717/peerj.2875
Connecting to doi.org (doi.org)|63.123.152.248|:80... connected.
HTTP request sent, awaiting response... 303 See Other
Location: https://peerj.com/articles/2875 [following]
--2017-01-25 16:19:44--  https://peerj.com/articles/2875
Connecting to peerj.com (peerj.com)|34.195.87.79|:443... connected.
HTTP request sent, awaiting response... 302 Found
Location: /articles/2875/ [following]
--2017-01-25 16:19:46--  https://peerj.com/articles/2875/
Connecting to peerj.com (peerj.com)|34.195.87.79|:443... connected.
HTTP request sent, awaiting response... 200 OK
Length: unspecified [text/html]
Saving to: ‘peerj.2875’

     0K .......... .......... .......... .......... ..........  488K
    50K .......... .......... .......... .......... ..........  519K
   100K .......... .......... .......... .......... ..........  459K
   150K .......... .......... .......... .......... ..........  327K
   200K .......... .......... .......... .......... ..........  517K
   250K .......... .......... .......... .......... ..........  301K
   300K .......... .......... .......... .......... ..........  511K
   350K .......... .......... .......... .......... ..........  519K
   400K .......... ......                                      2.00M=0.9s

2017-01-25 16:19:47 (450 KB/s) - ‘peerj.2875’ saved [426051]

--2017-01-25 16:19:48--  http://doi.org/10.7717/peerj.2876
Connecting to doi.org (doi.org)|63.123.152.248|:80... connected.
HTTP request sent, awaiting response... 303 See Other
Location: https://peerj.com/articles/2876 [following]
--2017-01-25 16:19:50--  https://peerj.com/articles/2876
Connecting to peerj.com (peerj.com)|34.195.87.79|:443... connected.
HTTP request sent, awaiting response... 302 Found
Location: /articles/2876/ [following]
--2017-01-25 16:19:51--  https://peerj.com/articles/2876/
Connecting to peerj.com (peerj.com)|34.195.87.79|:443... connected.
HTTP request sent, awaiting response... 200 OK
Length: unspecified [text/html]
Saving to: ‘peerj.2876’

     0K .......... .......... .......... .......... ..........  170K
    50K .......... .......... .......... .......... ..........  264K
   100K .......... .......... .......... .......... ..........  550K
   150K .......... .......... .......... .......... ..........  415K
   200K .......... .......... .......... .......... ..........  343K
   250K .......... .......... .......... .......... ..........  282K
   300K .......... ...                                          137M=1.0s

2017-01-25 16:19:53 (308 KB/s) - ‘peerj.2876’ saved [320904]

--2017-01-25 16:19:54--  http://doi.org/10.7717/peerj.2880
Connecting to doi.org (doi.org)|63.123.152.248|:80... connected.
HTTP request sent, awaiting response... 303 See Other
Location: https://peerj.com/articles/2880 [following]
--2017-01-25 16:19:56--  https://peerj.com/articles/2880
Connecting to peerj.com (peerj.com)|34.195.87.79|:443... connected.
HTTP request sent, awaiting response... 302 Found
Location: /articles/2880/ [following]
--2017-01-25 16:19:57--  https://peerj.com/articles/2880/
Connecting to peerj.com (peerj.com)|34.195.87.79|:443... connected.
HTTP request sent, awaiting response... 200 OK
Length: unspecified [text/html]
Saving to: ‘peerj.2880’

     0K .......... .......... .......... .......... ..........  367K
    50K .......... .......... .......... .......... ..........  935K
   100K .......... .......... .......... .......... ..........  582K
   150K .......... .......... .......... .......... ..........  438K
   200K .......... .......... .......... .......... ..........  122M
   250K .......... .......... .......... .......... ..........  161M
   300K .......... .......... ....                              567K=0.4s

2017-01-25 16:19:59 (748 KB/s) - ‘peerj.2880’ saved [332306]

--2017-01-25 16:20:00--  http://doi.org/10.7717/peerj.2883
Connecting to doi.org (doi.org)|63.123.152.248|:80... connected.
HTTP request sent, awaiting response... 303 See Other
Location: https://peerj.com/articles/2883 [following]
--2017-01-25 16:20:01--  https://peerj.com/articles/2883
Connecting to peerj.com (peerj.com)|34.195.87.79|:443... connected.
HTTP request sent, awaiting response... 302 Found
Location: /articles/2883/ [following]
--2017-01-25 16:20:03--  https://peerj.com/articles/2883/
Connecting to peerj.com (peerj.com)|34.195.87.79|:443... connected.
HTTP request sent, awaiting response... 200 OK
Length: unspecified [text/html]
Saving to: ‘peerj.2883’

     0K .......... .......... .......... .......... ..........  245K
    50K .......... .......... .......... .......... ..........  175K
   100K .......... .......... .......... .......... ..........  189K
   150K .......... .......... .......... .......... ..........  181K
   200K .......... .......... .......... .......                193K=1.2s

2017-01-25 16:20:05 (194 KB/s) - ‘peerj.2883’ saved [243014]

--2017-01-25 16:20:06--  http://doi.org/10.7717/peerj.2885
Connecting to doi.org (doi.org)|63.123.152.248|:80... connected.
HTTP request sent, awaiting response... 303 See Other
Location: https://peerj.com/articles/2885 [following]
--2017-01-25 16:20:07--  https://peerj.com/articles/2885
Connecting to peerj.com (peerj.com)|34.195.87.79|:443... connected.
HTTP request sent, awaiting response... 302 Found
Location: /articles/2885/ [following]
--2017-01-25 16:20:09--  https://peerj.com/articles/2885/
Connecting to peerj.com (peerj.com)|34.195.87.79|:443... connected.
HTTP request sent, awaiting response... 200 OK
Length: unspecified [text/html]
Saving to: ‘peerj.2885’

     0K .......... .......... .......... .......... ..........  476K
    50K .......... .......... .......... .......... ..........  554K
   100K .......... .......... .......... .......... ..........  584K
   150K .......... .......... .......... .......... .......... 2.17M
   200K .......... .......... .......... .......... ..........  321K
   250K .......... ...                                          368M=0.5s

2017-01-25 16:20:10 (574 KB/s) - ‘peerj.2885’ saved [269780]

FINISHED --2017-01-25 16:20:10--
Total wall clock time: 7m 30s
Downloaded: 81 files, 24M in 52s (475 KB/s)
