--2017-01-27 12:47:54--  http://doi.org/10.1093/abbs/36.1.47
Resolving doi.org (doi.org)... 54.191.229.235, 63.123.152.248, 208.254.38.90, ...
Connecting to doi.org (doi.org)|54.191.229.235|:80... connected.
HTTP request sent, awaiting response... 303 See Other
Location: https://academic.oup.com/abbs/article-lookup/doi/10.1093/abbs/36.1.47 [following]
--2017-01-27 12:47:55--  https://academic.oup.com/abbs/article-lookup/doi/10.1093/abbs/36.1.47
Resolving academic.oup.com (academic.oup.com)... 173.254.190.144
Connecting to academic.oup.com (academic.oup.com)|173.254.190.144|:443... connected.
HTTP request sent, awaiting response... 200 OK
Length: 96966 (95K) [text/html]
Saving to: ‘36.1.47’

     0K .......... .......... .......... .......... .......... 52%  209K 0s
    50K .......... .......... .......... .......... ....      100%  555K=0.3s

2017-01-27 12:48:02 (296 KB/s) - ‘36.1.47’ saved [96966/96966]

--2017-01-27 12:48:03--  http://doi.org/10.1093/abbs/36.1.1
Connecting to doi.org (doi.org)|54.191.229.235|:80... connected.
HTTP request sent, awaiting response... 303 See Other
Location: https://academic.oup.com/abbs/article-lookup/doi/10.1093/abbs/36.1.1 [following]
--2017-01-27 12:48:04--  https://academic.oup.com/abbs/article-lookup/doi/10.1093/abbs/36.1.1
Connecting to academic.oup.com (academic.oup.com)|173.254.190.144|:443... connected.
HTTP request sent, awaiting response... 200 OK
Length: 91825 (90K) [text/html]
Saving to: ‘36.1.1’

     0K .......... .......... .......... .......... .......... 55%  156K 0s
    50K .......... .......... .......... .........            100%  495K=0.4s

2017-01-27 12:48:08 (224 KB/s) - ‘36.1.1’ saved [91825/91825]

--2017-01-27 12:48:09--  http://doi.org/10.1093/abbs/36.1.37
Connecting to doi.org (doi.org)|54.191.229.235|:80... connected.
HTTP request sent, awaiting response... 303 See Other
Location: https://academic.oup.com/abbs/article-lookup/doi/10.1093/abbs/36.1.37 [following]
--2017-01-27 12:48:11--  https://academic.oup.com/abbs/article-lookup/doi/10.1093/abbs/36.1.37
Connecting to academic.oup.com (academic.oup.com)|173.254.190.144|:443... connected.
HTTP request sent, awaiting response... 200 OK
Length: 99475 (97K) [text/html]
Saving to: ‘36.1.37’

     0K .......... .......... .......... .......... .......... 51%  209K 0s
    50K .......... .......... .......... .......... .......   100%  579K=0.3s

2017-01-27 12:48:15 (303 KB/s) - ‘36.1.37’ saved [99475/99475]

--2017-01-27 12:48:16--  http://doi.org/10.1093/abbs/36.1.27
Connecting to doi.org (doi.org)|54.191.229.235|:80... connected.
HTTP request sent, awaiting response... 303 See Other
Location: https://academic.oup.com/abbs/article-lookup/doi/10.1093/abbs/36.1.27 [following]
--2017-01-27 12:48:17--  https://academic.oup.com/abbs/article-lookup/doi/10.1093/abbs/36.1.27
Connecting to academic.oup.com (academic.oup.com)|173.254.190.144|:443... connected.
HTTP request sent, awaiting response... 200 OK
Length: 116016 (113K) [text/html]
Saving to: ‘36.1.27’

     0K .......... .......... .......... .......... .......... 44%  209K 0s
    50K .......... .......... .......... .......... .......... 88%  605K 0s
   100K .......... ...                                        100% 27.2M=0.3s

2017-01-27 12:48:21 (351 KB/s) - ‘36.1.27’ saved [116016/116016]

--2017-01-27 12:48:22--  http://doi.org/10.1093/abbs/36.1.64
Connecting to doi.org (doi.org)|54.191.229.235|:80... connected.
HTTP request sent, awaiting response... 303 See Other
Location: https://academic.oup.com/abbs/article-lookup/doi/10.1093/abbs/36.1.64 [following]
--2017-01-27 12:48:23--  https://academic.oup.com/abbs/article-lookup/doi/10.1093/abbs/36.1.64
Connecting to academic.oup.com (academic.oup.com)|173.254.190.144|:443... connected.
HTTP request sent, awaiting response... 200 OK
Length: 95819 (94K) [text/html]
Saving to: ‘36.1.64’

     0K .......... .......... .......... .......... .......... 53%  209K 0s
    50K .......... .......... .......... .......... ...       100%  540K=0.3s

2017-01-27 12:48:25 (292 KB/s) - ‘36.1.64’ saved [95819/95819]

--2017-01-27 12:48:26--  http://doi.org/10.1093/abbs/36.1.42
Connecting to doi.org (doi.org)|54.191.229.235|:80... connected.
HTTP request sent, awaiting response... 303 See Other
Location: https://academic.oup.com/abbs/article-lookup/doi/10.1093/abbs/36.1.42 [following]
--2017-01-27 12:48:28--  https://academic.oup.com/abbs/article-lookup/doi/10.1093/abbs/36.1.42
Connecting to academic.oup.com (academic.oup.com)|173.254.190.144|:443... connected.
HTTP request sent, awaiting response... 200 OK
Length: 94361 (92K) [text/html]
Saving to: ‘36.1.42.1’

     0K .......... .......... .......... .......... .......... 54%  208K 0s
    50K .......... .......... .......... .......... ..        100%  525K=0.3s

2017-01-27 12:48:31 (288 KB/s) - ‘36.1.42.1’ saved [94361/94361]

--2017-01-27 12:48:32--  http://doi.org/10.1093/abbs/36.1.57
Connecting to doi.org (doi.org)|54.191.229.235|:80... connected.
HTTP request sent, awaiting response... 303 See Other
Location: https://academic.oup.com/abbs/article-lookup/doi/10.1093/abbs/36.1.57 [following]
--2017-01-27 12:48:34--  https://academic.oup.com/abbs/article-lookup/doi/10.1093/abbs/36.1.57
Connecting to academic.oup.com (academic.oup.com)|173.254.190.144|:443... connected.
HTTP request sent, awaiting response... 200 OK
Length: 114558 (112K) [text/html]
Saving to: ‘36.1.57’

     0K .......... .......... .......... .......... .......... 44%  208K 0s
    50K .......... .......... .......... .......... .......... 89%  599K 0s
   100K .......... .                                          100% 40.4M=0.3s

2017-01-27 12:48:44 (345 KB/s) - ‘36.1.57’ saved [114558/114558]

--2017-01-27 12:48:45--  http://doi.org/10.1093/abbs/36.1.51
Connecting to doi.org (doi.org)|54.191.229.235|:80... connected.
HTTP request sent, awaiting response... 303 See Other
Location: https://academic.oup.com/abbs/article-lookup/doi/10.1093/abbs/36.1.51 [following]
--2017-01-27 12:48:46--  https://academic.oup.com/abbs/article-lookup/doi/10.1093/abbs/36.1.51
Connecting to academic.oup.com (academic.oup.com)|173.254.190.144|:443... connected.
HTTP request sent, awaiting response... 200 OK
Length: 90696 (89K) [text/html]
Saving to: ‘36.1.51’

     0K .......... .......... .......... .......... .......... 56%  209K 0s
    50K .......... .......... .......... ........             100% 10.4M=0.2s

2017-01-27 12:48:50 (365 KB/s) - ‘36.1.51’ saved [90696/90696]

--2017-01-27 12:48:51--  http://doi.org/10.1093/abbs/36.1.21
Connecting to doi.org (doi.org)|54.191.229.235|:80... connected.
HTTP request sent, awaiting response... 303 See Other
Location: https://academic.oup.com/abbs/article-lookup/doi/10.1093/abbs/36.1.21 [following]
--2017-01-27 12:48:53--  https://academic.oup.com/abbs/article-lookup/doi/10.1093/abbs/36.1.21
Connecting to academic.oup.com (academic.oup.com)|173.254.190.144|:443... connected.
HTTP request sent, awaiting response... 200 OK
Length: 96935 (95K) [text/html]
Saving to: ‘36.1.21’

     0K .......... .......... .......... .......... .......... 52%  209K 0s
    50K .......... .......... .......... .......... ....      100%  551K=0.3s

2017-01-27 12:48:57 (295 KB/s) - ‘36.1.21’ saved [96935/96935]

--2017-01-27 12:48:58--  http://doi.org/10.1093/abbs/36.1.33
Connecting to doi.org (doi.org)|54.191.229.235|:80... connected.
HTTP request sent, awaiting response... 303 See Other
Location: https://academic.oup.com/abbs/article-lookup/doi/10.1093/abbs/36.1.33 [following]
--2017-01-27 12:49:00--  https://academic.oup.com/abbs/article-lookup/doi/10.1093/abbs/36.1.33
Connecting to academic.oup.com (academic.oup.com)|173.254.190.144|:443... connected.
HTTP request sent, awaiting response... 200 OK
Length: 98083 (96K) [text/html]
Saving to: ‘36.1.33’

     0K .......... .......... .......... .......... .......... 52%  209K 0s
    50K .......... .......... .......... .......... .....     100%  561K=0.3s

2017-01-27 12:49:04 (298 KB/s) - ‘36.1.33’ saved [98083/98083]

--2017-01-27 12:49:05--  http://doi.org/10.1093/abbs/36.1.16
Connecting to doi.org (doi.org)|54.191.229.235|:80... connected.
HTTP request sent, awaiting response... 303 See Other
Location: https://academic.oup.com/abbs/article-lookup/doi/10.1093/abbs/36.1.16 [following]
--2017-01-27 12:49:06--  https://academic.oup.com/abbs/article-lookup/doi/10.1093/abbs/36.1.16
Connecting to academic.oup.com (academic.oup.com)|173.254.190.144|:443... connected.
HTTP request sent, awaiting response... 200 OK
Length: 89934 (88K) [text/html]
Saving to: ‘36.1.16’

     0K .......... .......... .......... .......... .......... 56%  209K 0s
    50K .......... .......... .......... .......              100% 5.54M=0.2s

2017-01-27 12:49:11 (357 KB/s) - ‘36.1.16’ saved [89934/89934]

--2017-01-27 12:49:12--  http://doi.org/10.1093/abbs/36.1.11
Connecting to doi.org (doi.org)|54.191.229.235|:80... connected.
HTTP request sent, awaiting response... 303 See Other
Location: https://academic.oup.com/abbs/article-lookup/doi/10.1093/abbs/36.1.11 [following]
--2017-01-27 12:49:13--  https://academic.oup.com/abbs/article-lookup/doi/10.1093/abbs/36.1.11
Connecting to academic.oup.com (academic.oup.com)|173.254.190.144|:443... connected.
HTTP request sent, awaiting response... 200 OK
Length: 86382 (84K) [text/html]
Saving to: ‘36.1.11’

     0K .......... .......... .......... .......... .......... 59%  209K 0s
    50K .......... .......... .......... ....                 100% 13.1M=0.2s

2017-01-27 12:49:18 (348 KB/s) - ‘36.1.11’ saved [86382/86382]

--2017-01-27 12:49:19--  http://doi.org/10.1093/abbs/36.2.105
Connecting to doi.org (doi.org)|54.191.229.235|:80... connected.
HTTP request sent, awaiting response... 303 See Other
Location: https://academic.oup.com/abbs/article-lookup/doi/10.1093/abbs/36.2.105 [following]
--2017-01-27 12:49:21--  https://academic.oup.com/abbs/article-lookup/doi/10.1093/abbs/36.2.105
Connecting to academic.oup.com (academic.oup.com)|173.254.190.144|:443... connected.
HTTP request sent, awaiting response... 200 OK
Length: 93132 (91K) [text/html]
Saving to: ‘36.2.105’

     0K .......... .......... .......... .......... .......... 54%  209K 0s
    50K .......... .......... .......... ..........           100% 10.9M=0.2s

2017-01-27 12:49:24 (375 KB/s) - ‘36.2.105’ saved [93132/93132]

--2017-01-27 12:49:25--  http://doi.org/10.1093/abbs/36.2.99
Connecting to doi.org (doi.org)|54.191.229.235|:80... connected.
HTTP request sent, awaiting response... 303 See Other
Location: https://academic.oup.com/abbs/article-lookup/doi/10.1093/abbs/36.2.99 [following]
--2017-01-27 12:49:27--  https://academic.oup.com/abbs/article-lookup/doi/10.1093/abbs/36.2.99
Connecting to academic.oup.com (academic.oup.com)|173.254.190.144|:443... connected.
HTTP request sent, awaiting response... 200 OK
Length: 87988 (86K) [text/html]
Saving to: ‘36.2.99’

     0K .......... .......... .......... .......... .......... 58%  208K 0s
    50K .......... .......... .......... .....                100% 11.9M=0.2s

2017-01-27 12:49:34 (353 KB/s) - ‘36.2.99’ saved [87988/87988]

--2017-01-27 12:49:35--  http://doi.org/10.1093/abbs/36.2.141
Connecting to doi.org (doi.org)|54.191.229.235|:80... connected.
HTTP request sent, awaiting response... 303 See Other
Location: https://academic.oup.com/abbs/article-lookup/doi/10.1093/abbs/36.2.141 [following]
--2017-01-27 12:49:37--  https://academic.oup.com/abbs/article-lookup/doi/10.1093/abbs/36.2.141
Connecting to academic.oup.com (academic.oup.com)|173.254.190.144|:443... connected.
HTTP request sent, awaiting response... 200 OK
Length: 95649 (93K) [text/html]
Saving to: ‘36.2.141’

     0K .......... .......... .......... .......... .......... 53%  209K 0s
    50K .......... .......... .......... .......... ...       100% 9.79M=0.2s

2017-01-27 12:49:41 (383 KB/s) - ‘36.2.141’ saved [95649/95649]

--2017-01-27 12:49:42--  http://doi.org/10.1093/abbs/36.2.123
Connecting to doi.org (doi.org)|54.191.229.235|:80... connected.
HTTP request sent, awaiting response... 303 See Other
Location: https://academic.oup.com/abbs/article-lookup/doi/10.1093/abbs/36.2.123 [following]
--2017-01-27 12:49:43--  https://academic.oup.com/abbs/article-lookup/doi/10.1093/abbs/36.2.123
Connecting to academic.oup.com (academic.oup.com)|173.254.190.144|:443... connected.
HTTP request sent, awaiting response... 200 OK
Length: 102795 (100K) [text/html]
Saving to: ‘36.2.123’

     0K .......... .......... .......... .......... .......... 49% 88.1K 1s
    50K .......... .......... .......... .......... .......... 99%  155K 0s
   100K                                                       100%  736G=0.9s

2017-01-27 12:49:50 (113 KB/s) - ‘36.2.123’ saved [102795/102795]

--2017-01-27 12:49:51--  http://doi.org/10.1093/abbs/36.2.118
Connecting to doi.org (doi.org)|54.191.229.235|:80... connected.
HTTP request sent, awaiting response... 303 See Other
Location: https://academic.oup.com/abbs/article-lookup/doi/10.1093/abbs/36.2.118 [following]
--2017-01-27 12:49:52--  https://academic.oup.com/abbs/article-lookup/doi/10.1093/abbs/36.2.118
Connecting to academic.oup.com (academic.oup.com)|173.254.190.144|:443... connected.
HTTP request sent, awaiting response... 200 OK
Length: 89564 (87K) [text/html]
Saving to: ‘36.2.118’

     0K .......... .......... .......... .......... .......... 57%  209K 0s
    50K .......... .......... .......... .......              100% 9.54M=0.2s

2017-01-27 12:50:01 (359 KB/s) - ‘36.2.118’ saved [89564/89564]

--2017-01-27 12:50:02--  http://doi.org/10.1093/abbs/36.2.133
Connecting to doi.org (doi.org)|54.191.229.235|:80... connected.
HTTP request sent, awaiting response... 303 See Other
Location: https://academic.oup.com/abbs/article-lookup/doi/10.1093/abbs/36.2.133 [following]
--2017-01-27 12:50:05--  https://academic.oup.com/abbs/article-lookup/doi/10.1093/abbs/36.2.133
Connecting to academic.oup.com (academic.oup.com)|173.254.190.144|:443... connected.
HTTP request sent, awaiting response... 200 OK
Length: 90788 (89K) [text/html]
Saving to: ‘36.2.133’

     0K .......... .......... .......... .......... .......... 56%  209K 0s
    50K .......... .......... .......... ........             100% 10.8M=0.2s

2017-01-27 12:50:11 (364 KB/s) - ‘36.2.133’ saved [90788/90788]

--2017-01-27 12:50:12--  http://doi.org/10.1093/abbs/36.2.93
Connecting to doi.org (doi.org)|54.191.229.235|:80... connected.
HTTP request sent, awaiting response... 303 See Other
Location: https://academic.oup.com/abbs/article-lookup/doi/10.1093/abbs/36.2.93 [following]
--2017-01-27 12:50:13--  https://academic.oup.com/abbs/article-lookup/doi/10.1093/abbs/36.2.93
Connecting to academic.oup.com (academic.oup.com)|173.254.190.144|:443... connected.
HTTP request sent, awaiting response... 200 OK
Length: 88415 (86K) [text/html]
Saving to: ‘36.2.93’

     0K .......... .......... .......... .......... .......... 57%  209K 0s
    50K .......... .......... .......... ......               100% 12.0M=0.2s

2017-01-27 12:50:17 (357 KB/s) - ‘36.2.93’ saved [88415/88415]

--2017-01-27 12:50:18--  http://doi.org/10.1093/abbs/36.2.111
Connecting to doi.org (doi.org)|54.191.229.235|:80... connected.
HTTP request sent, awaiting response... 303 See Other
Location: https://academic.oup.com/abbs/article-lookup/doi/10.1093/abbs/36.2.111 [following]
--2017-01-27 12:50:20--  https://academic.oup.com/abbs/article-lookup/doi/10.1093/abbs/36.2.111
Connecting to academic.oup.com (academic.oup.com)|173.254.190.144|:443... connected.
HTTP request sent, awaiting response... 200 OK
Length: 99249 (97K) [text/html]
Saving to: ‘36.2.111’

     0K .......... .......... .......... .......... .......... 51%  209K 0s
    50K .......... .......... .......... .......... ......    100%  575K=0.3s

2017-01-27 12:50:23 (302 KB/s) - ‘36.2.111’ saved [99249/99249]

--2017-01-27 12:50:24--  http://doi.org/10.1093/abbs/36.2.128
Connecting to doi.org (doi.org)|54.191.229.235|:80... connected.
HTTP request sent, awaiting response... 303 See Other
Location: https://academic.oup.com/abbs/article-lookup/doi/10.1093/abbs/36.2.128 [following]
--2017-01-27 12:50:26--  https://academic.oup.com/abbs/article-lookup/doi/10.1093/abbs/36.2.128
Connecting to academic.oup.com (academic.oup.com)|173.254.190.144|:443... connected.
HTTP request sent, awaiting response... 200 OK
Length: 88652 (87K) [text/html]
Saving to: ‘36.2.128’

     0K .......... .......... .......... .......... .......... 57%  209K 0s
    50K .......... .......... .......... ......               100% 12.4M=0.2s

2017-01-27 12:50:30 (358 KB/s) - ‘36.2.128’ saved [88652/88652]

--2017-01-27 12:50:31--  http://doi.org/10.1093/abbs/36.2.87
Connecting to doi.org (doi.org)|54.191.229.235|:80... connected.
HTTP request sent, awaiting response... 303 See Other
Location: https://academic.oup.com/abbs/article-lookup/doi/10.1093/abbs/36.2.87 [following]
--2017-01-27 12:50:33--  https://academic.oup.com/abbs/article-lookup/doi/10.1093/abbs/36.2.87
Connecting to academic.oup.com (academic.oup.com)|173.254.190.144|:443... connected.
HTTP request sent, awaiting response... 200 OK
Length: 88348 (86K) [text/html]
Saving to: ‘36.2.87’

     0K .......... .......... .......... .......... .......... 57%  209K 0s
    50K .......... .......... .......... ......               100% 9.57M=0.2s

2017-01-27 12:50:37 (355 KB/s) - ‘36.2.87’ saved [88348/88348]

--2017-01-27 12:50:38--  http://doi.org/10.1093/abbs/36.3.235
Connecting to doi.org (doi.org)|54.191.229.235|:80... connected.
HTTP request sent, awaiting response... 303 See Other
Location: https://academic.oup.com/abbs/article-lookup/doi/10.1093/abbs/36.3.235 [following]
--2017-01-27 12:50:39--  https://academic.oup.com/abbs/article-lookup/doi/10.1093/abbs/36.3.235
Connecting to academic.oup.com (academic.oup.com)|173.254.190.144|:443... connected.
HTTP request sent, awaiting response... 200 OK
Length: 97672 (95K) [text/html]
Saving to: ‘36.3.235’

     0K .......... .......... .......... .......... .......... 52%  209K 0s
    50K .......... .......... .......... .......... .....     100%  566K=0.3s

2017-01-27 12:50:43 (299 KB/s) - ‘36.3.235’ saved [97672/97672]

--2017-01-27 12:50:44--  http://doi.org/10.1093/abbs/36.3.206
Connecting to doi.org (doi.org)|54.191.229.235|:80... connected.
HTTP request sent, awaiting response... 303 See Other
Location: https://academic.oup.com/abbs/article-lookup/doi/10.1093/abbs/36.3.206 [following]
--2017-01-27 12:50:46--  https://academic.oup.com/abbs/article-lookup/doi/10.1093/abbs/36.3.206
Connecting to academic.oup.com (academic.oup.com)|173.254.190.144|:443... connected.
HTTP request sent, awaiting response... 200 OK
Length: 93721 (92K) [text/html]
Saving to: ‘36.3.206’

     0K .......... .......... .......... .......... .......... 54%  209K 0s
    50K .......... .......... .......... .......... .         100%  519K=0.3s

2017-01-27 12:50:50 (287 KB/s) - ‘36.3.206’ saved [93721/93721]

--2017-01-27 12:50:51--  http://doi.org/10.1093/abbs/36.3.227
Connecting to doi.org (doi.org)|54.191.229.235|:80... connected.
HTTP request sent, awaiting response... 303 See Other
Location: https://academic.oup.com/abbs/article-lookup/doi/10.1093/abbs/36.3.227 [following]
--2017-01-27 12:50:52--  https://academic.oup.com/abbs/article-lookup/doi/10.1093/abbs/36.3.227
Connecting to academic.oup.com (academic.oup.com)|173.254.190.144|:443... connected.
HTTP request sent, awaiting response... 200 OK
Length: 101766 (99K) [text/html]
Saving to: ‘36.3.227’

     0K .......... .......... .......... .......... .......... 50%  208K 0s
    50K .......... .......... .......... .......... ......... 100%  607K=0.3s

2017-01-27 12:50:57 (309 KB/s) - ‘36.3.227’ saved [101766/101766]

--2017-01-27 12:50:58--  http://doi.org/10.1093/abbs/36.3.199
Connecting to doi.org (doi.org)|54.191.229.235|:80... connected.
HTTP request sent, awaiting response... 303 See Other
Location: https://academic.oup.com/abbs/article-lookup/doi/10.1093/abbs/36.3.199 [following]
--2017-01-27 12:50:59--  https://academic.oup.com/abbs/article-lookup/doi/10.1093/abbs/36.3.199
Connecting to academic.oup.com (academic.oup.com)|173.254.190.144|:443... connected.
HTTP request sent, awaiting response... 200 OK
Length: 94869 (93K) [text/html]
Saving to: ‘36.3.199’

     0K .......... .......... .......... .......... .......... 53%  208K 0s
    50K .......... .......... .......... .......... ..        100%  531K=0.3s

2017-01-27 12:51:04 (289 KB/s) - ‘36.3.199’ saved [94869/94869]

--2017-01-27 12:51:05--  http://doi.org/10.1093/abbs/36.3.191
Connecting to doi.org (doi.org)|54.191.229.235|:80... connected.
HTTP request sent, awaiting response... 303 See Other
Location: https://academic.oup.com/abbs/article-lookup/doi/10.1093/abbs/36.3.191 [following]
--2017-01-27 12:51:06--  https://academic.oup.com/abbs/article-lookup/doi/10.1093/abbs/36.3.191
Connecting to academic.oup.com (academic.oup.com)|173.254.190.144|:443... connected.
HTTP request sent, awaiting response... 200 OK
Length: 86067 (84K) [text/html]
Saving to: ‘36.3.191’

     0K .......... .......... .......... .......... .......... 59%  208K 0s
    50K .......... .......... .......... ....                 100% 9.26M=0.2s

2017-01-27 12:51:10 (345 KB/s) - ‘36.3.191’ saved [86067/86067]

--2017-01-27 12:51:11--  http://doi.org/10.1093/abbs/36.3.218
Connecting to doi.org (doi.org)|54.191.229.235|:80... connected.
HTTP request sent, awaiting response... 303 See Other
Location: https://academic.oup.com/abbs/article-lookup/doi/10.1093/abbs/36.3.218 [following]
--2017-01-27 12:51:12--  https://academic.oup.com/abbs/article-lookup/doi/10.1093/abbs/36.3.218
Connecting to academic.oup.com (academic.oup.com)|173.254.190.144|:443... connected.
HTTP request sent, awaiting response... 200 OK
Length: 123532 (121K) [text/html]
Saving to: ‘36.3.218’

     0K .......... .......... .......... .......... .......... 41%  209K 0s
    50K .......... .......... .......... .......... .......... 82%  614K 0s
   100K .......... ..........                                 100% 7.67M=0.3s

2017-01-27 12:51:18 (373 KB/s) - ‘36.3.218’ saved [123532/123532]

--2017-01-27 12:51:19--  http://doi.org/10.1093/abbs/36.3.184
Connecting to doi.org (doi.org)|54.191.229.235|:80... connected.
HTTP request sent, awaiting response... 303 See Other
Location: https://academic.oup.com/abbs/article-lookup/doi/10.1093/abbs/36.3.184 [following]
--2017-01-27 12:51:20--  https://academic.oup.com/abbs/article-lookup/doi/10.1093/abbs/36.3.184
Connecting to academic.oup.com (academic.oup.com)|173.254.190.144|:443... connected.
HTTP request sent, awaiting response... 200 OK
Length: 99719 (97K) [text/html]
Saving to: ‘36.3.184’

     0K .......... .......... .......... .......... .......... 51%  209K 0s
    50K .......... .......... .......... .......... .......   100%  575K=0.3s

2017-01-27 12:51:26 (303 KB/s) - ‘36.3.184’ saved [99719/99719]

--2017-01-27 12:51:27--  http://doi.org/10.1093/abbs/36.3.177
Connecting to doi.org (doi.org)|54.191.229.235|:80... connected.
HTTP request sent, awaiting response... 303 See Other
Location: https://academic.oup.com/abbs/article-lookup/doi/10.1093/abbs/36.3.177 [following]
--2017-01-27 12:51:28--  https://academic.oup.com/abbs/article-lookup/doi/10.1093/abbs/36.3.177
Connecting to academic.oup.com (academic.oup.com)|173.254.190.144|:443... connected.
HTTP request sent, awaiting response... 200 OK
Length: 85873 (84K) [text/html]
Saving to: ‘36.3.177’

     0K .......... .......... .......... .......... .......... 59%  209K 0s
    50K .......... .......... .......... ...                  100% 8.85M=0.2s

2017-01-27 12:51:32 (345 KB/s) - ‘36.3.177’ saved [85873/85873]

--2017-01-27 12:51:33--  http://doi.org/10.1093/abbs/36.3.169
Connecting to doi.org (doi.org)|54.191.229.235|:80... connected.
HTTP request sent, awaiting response... 303 See Other
Location: https://academic.oup.com/abbs/article-lookup/doi/10.1093/abbs/36.3.169 [following]
--2017-01-27 12:51:34--  https://academic.oup.com/abbs/article-lookup/doi/10.1093/abbs/36.3.169
Connecting to academic.oup.com (academic.oup.com)|173.254.190.144|:443... connected.
HTTP request sent, awaiting response... 200 OK
Length: 83613 (82K) [text/html]
Saving to: ‘36.3.169’

     0K .......... .......... .......... .......... .......... 61%  209K 0s
    50K .......... .......... .......... .                    100% 11.2M=0.2s

2017-01-27 12:51:39 (337 KB/s) - ‘36.3.169’ saved [83613/83613]

--2017-01-27 12:51:40--  http://doi.org/10.1093/abbs/36.3.211
Connecting to doi.org (doi.org)|54.191.229.235|:80... connected.
HTTP request sent, awaiting response... 303 See Other
Location: https://academic.oup.com/abbs/article-lookup/doi/10.1093/abbs/36.3.211 [following]
--2017-01-27 12:51:42--  https://academic.oup.com/abbs/article-lookup/doi/10.1093/abbs/36.3.211
Connecting to academic.oup.com (academic.oup.com)|173.254.190.144|:443... connected.
HTTP request sent, awaiting response... 200 OK
Length: 102878 (100K) [text/html]
Saving to: ‘36.3.211’

     0K .......... .......... .......... .......... .......... 49%  208K 0s
    50K .......... .......... .......... .......... .......... 99%  613K 0s
   100K                                                       100%  890G=0.3s

2017-01-27 12:51:46 (312 KB/s) - ‘36.3.211’ saved [102878/102878]

--2017-01-27 12:51:47--  http://doi.org/10.1093/abbs/36.4.309
Connecting to doi.org (doi.org)|54.191.229.235|:80... connected.
HTTP request sent, awaiting response... 303 See Other
Location: https://academic.oup.com/abbs/article-lookup/doi/10.1093/abbs/36.4.309 [following]
--2017-01-27 12:51:49--  https://academic.oup.com/abbs/article-lookup/doi/10.1093/abbs/36.4.309
Connecting to academic.oup.com (academic.oup.com)|173.254.190.144|:443... connected.
HTTP request sent, awaiting response... 200 OK
Length: 96782 (95K) [text/html]
Saving to: ‘36.4.309’

     0K .......... .......... .......... .......... .......... 52%  208K 0s
    50K .......... .......... .......... .......... ....      100%  556K=0.3s

2017-01-27 12:51:54 (294 KB/s) - ‘36.4.309’ saved [96782/96782]

--2017-01-27 12:51:55--  http://doi.org/10.1093/abbs/36.4.290
Connecting to doi.org (doi.org)|54.191.229.235|:80... connected.
HTTP request sent, awaiting response... 303 See Other
Location: https://academic.oup.com/abbs/article-lookup/doi/10.1093/abbs/36.4.290 [following]
--2017-01-27 12:51:57--  https://academic.oup.com/abbs/article-lookup/doi/10.1093/abbs/36.4.290
Connecting to academic.oup.com (academic.oup.com)|173.254.190.144|:443... connected.
HTTP request sent, awaiting response... 200 OK
Length: 91376 (89K) [text/html]
Saving to: ‘36.4.290’

     0K .......... .......... .......... .......... .......... 56%  301K 0s
    50K .......... .......... .......... .........            100%  480K=0.2s

2017-01-27 12:52:01 (360 KB/s) - ‘36.4.290’ saved [91376/91376]

--2017-01-27 12:52:02--  http://doi.org/10.1093/abbs/36.4.250
Connecting to doi.org (doi.org)|54.191.229.235|:80... connected.
HTTP request sent, awaiting response... 303 See Other
Location: https://academic.oup.com/abbs/article-lookup/doi/10.1093/abbs/36.4.250 [following]
--2017-01-27 12:52:03--  https://academic.oup.com/abbs/article-lookup/doi/10.1093/abbs/36.4.250
Connecting to academic.oup.com (academic.oup.com)|173.254.190.144|:443... connected.
HTTP request sent, awaiting response... 200 OK
Length: 85191 (83K) [text/html]
Saving to: ‘36.4.250’

     0K .......... .......... .......... .......... .......... 60%  208K 0s
    50K .......... .......... .......... ...                  100% 11.8M=0.2s

2017-01-27 12:52:07 (343 KB/s) - ‘36.4.250’ saved [85191/85191]

--2017-01-27 12:52:08--  http://doi.org/10.1093/abbs/36.4.259
Connecting to doi.org (doi.org)|54.191.229.235|:80... connected.
HTTP request sent, awaiting response... 303 See Other
Location: https://academic.oup.com/abbs/article-lookup/doi/10.1093/abbs/36.4.259 [following]
--2017-01-27 12:52:10--  https://academic.oup.com/abbs/article-lookup/doi/10.1093/abbs/36.4.259
Connecting to academic.oup.com (academic.oup.com)|173.254.190.144|:443... connected.
HTTP request sent, awaiting response... 200 OK
Length: 95900 (94K) [text/html]
Saving to: ‘36.4.259’

     0K .......... .......... .......... .......... .......... 53%  208K 0s
    50K .......... .......... .......... .......... ...       100%  543K=0.3s

2017-01-27 12:52:15 (292 KB/s) - ‘36.4.259’ saved [95900/95900]

--2017-01-27 12:52:16--  http://doi.org/10.1093/abbs/36.4.284
Connecting to doi.org (doi.org)|54.191.229.235|:80... connected.
HTTP request sent, awaiting response... 303 See Other
Location: https://academic.oup.com/abbs/article-lookup/doi/10.1093/abbs/36.4.284 [following]
--2017-01-27 12:52:18--  https://academic.oup.com/abbs/article-lookup/doi/10.1093/abbs/36.4.284
Connecting to academic.oup.com (academic.oup.com)|173.254.190.144|:443... connected.
HTTP request sent, awaiting response... 200 OK
Length: 89798 (88K) [text/html]
Saving to: ‘36.4.284’

     0K .......... .......... .......... .......... .......... 57%  209K 0s
    50K .......... .......... .......... .......              100% 9.96M=0.2s

2017-01-27 12:52:25 (361 KB/s) - ‘36.4.284’ saved [89798/89798]

--2017-01-27 12:52:26--  http://doi.org/10.1093/abbs/36.4.303
Connecting to doi.org (doi.org)|54.191.229.235|:80... connected.
HTTP request sent, awaiting response... 303 See Other
Location: https://academic.oup.com/abbs/article-lookup/doi/10.1093/abbs/36.4.303 [following]
--2017-01-27 12:52:28--  https://academic.oup.com/abbs/article-lookup/doi/10.1093/abbs/36.4.303
Connecting to academic.oup.com (academic.oup.com)|173.254.190.144|:443... connected.
HTTP request sent, awaiting response... 200 OK
Length: 95009 (93K) [text/html]
Saving to: ‘36.4.303’

     0K .......... .......... .......... .......... .......... 53%  209K 0s
    50K .......... .......... .......... .......... ..        100% 8.11M=0.2s

2017-01-27 12:52:34 (380 KB/s) - ‘36.4.303’ saved [95009/95009]

--2017-01-27 12:52:35--  http://doi.org/10.1093/abbs/36.4.297
Connecting to doi.org (doi.org)|54.191.229.235|:80... connected.
HTTP request sent, awaiting response... 303 See Other
Location: https://academic.oup.com/abbs/article-lookup/doi/10.1093/abbs/36.4.297 [following]
--2017-01-27 12:52:36--  https://academic.oup.com/abbs/article-lookup/doi/10.1093/abbs/36.4.297
Connecting to academic.oup.com (academic.oup.com)|173.254.190.144|:443... connected.
HTTP request sent, awaiting response... 200 OK
Length: 91012 (89K) [text/html]
Saving to: ‘36.4.297’

     0K .......... .......... .......... .......... .......... 56%  209K 0s
    50K .......... .......... .......... ........             100% 8.50M=0.2s

2017-01-27 12:52:41 (365 KB/s) - ‘36.4.297’ saved [91012/91012]

--2017-01-27 12:52:42--  http://doi.org/10.1093/abbs/36.4.269
Connecting to doi.org (doi.org)|54.191.229.235|:80... connected.
HTTP request sent, awaiting response... 303 See Other
Location: https://academic.oup.com/abbs/article-lookup/doi/10.1093/abbs/36.4.269 [following]
--2017-01-27 12:52:44--  https://academic.oup.com/abbs/article-lookup/doi/10.1093/abbs/36.4.269
Connecting to academic.oup.com (academic.oup.com)|173.254.190.144|:443... connected.
HTTP request sent, awaiting response... 200 OK
Length: 87554 (86K) [text/html]
Saving to: ‘36.4.269’

     0K .......... .......... .......... .......... .......... 58%  207K 0s
    50K .......... .......... .......... .....                100% 9.71M=0.2s

2017-01-27 12:52:53 (349 KB/s) - ‘36.4.269’ saved [87554/87554]

--2017-01-27 12:52:54--  http://doi.org/10.1093/abbs/36.4.277
Connecting to doi.org (doi.org)|54.191.229.235|:80... connected.
HTTP request sent, awaiting response... 303 See Other
Location: https://academic.oup.com/abbs/article-lookup/doi/10.1093/abbs/36.4.277 [following]
--2017-01-27 12:52:56--  https://academic.oup.com/abbs/article-lookup/doi/10.1093/abbs/36.4.277
Connecting to academic.oup.com (academic.oup.com)|173.254.190.144|:443... connected.
HTTP request sent, awaiting response... 200 OK
Length: 94827 (93K) [text/html]
Saving to: ‘36.4.277’

     0K .......... .......... .......... .......... .......... 53%  209K 0s
    50K .......... .......... .......... .......... ..        100%  532K=0.3s

2017-01-27 12:53:07 (290 KB/s) - ‘36.4.277’ saved [94827/94827]

--2017-01-27 12:53:08--  http://doi.org/10.1093/abbs/36.4.243
Connecting to doi.org (doi.org)|54.191.229.235|:80... connected.
HTTP request sent, awaiting response... 303 See Other
Location: https://academic.oup.com/abbs/article-lookup/doi/10.1093/abbs/36.4.243 [following]
--2017-01-27 12:53:09--  https://academic.oup.com/abbs/article-lookup/doi/10.1093/abbs/36.4.243
Connecting to academic.oup.com (academic.oup.com)|173.254.190.144|:443... connected.
HTTP request sent, awaiting response... 200 OK
Length: 84893 (83K) [text/html]
Saving to: ‘36.4.243’

     0K .......... .......... .......... .......... .......... 60%  209K 0s
    50K .......... .......... .......... ..                   100% 10.5M=0.2s

2017-01-27 12:53:33 (341 KB/s) - ‘36.4.243’ saved [84893/84893]

--2017-01-27 12:53:34--  http://doi.org/10.1093/abbs/36.5.375
Connecting to doi.org (doi.org)|54.191.229.235|:80... connected.
HTTP request sent, awaiting response... 303 See Other
Location: https://academic.oup.com/abbs/article-lookup/doi/10.1093/abbs/36.5.375 [following]
--2017-01-27 12:53:36--  https://academic.oup.com/abbs/article-lookup/doi/10.1093/abbs/36.5.375
Connecting to academic.oup.com (academic.oup.com)|173.254.190.144|:443... connected.
HTTP request sent, awaiting response... 200 OK
Length: 85715 (84K) [text/html]
Saving to: ‘36.5.375’

     0K .......... .......... .......... .......... .......... 59%  209K 0s
    50K .......... .......... .......... ...                  100% 10.7M=0.2s

2017-01-27 12:53:41 (345 KB/s) - ‘36.5.375’ saved [85715/85715]

--2017-01-27 12:53:42--  http://doi.org/10.1093/abbs/36.5.336
Connecting to doi.org (doi.org)|54.191.229.235|:80... connected.
HTTP request sent, awaiting response... 303 See Other
Location: https://academic.oup.com/abbs/article-lookup/doi/10.1093/abbs/36.5.336 [following]
--2017-01-27 12:53:43--  https://academic.oup.com/abbs/article-lookup/doi/10.1093/abbs/36.5.336
Connecting to academic.oup.com (academic.oup.com)|173.254.190.144|:443... connected.
HTTP request sent, awaiting response... 200 OK
Length: 95888 (94K) [text/html]
Saving to: ‘36.5.336’

     0K .......... .......... .......... .......... .......... 53%  208K 0s
    50K .......... .......... .......... .......... ...       100%  545K=0.3s

2017-01-27 12:53:47 (293 KB/s) - ‘36.5.336’ saved [95888/95888]

--2017-01-27 12:53:48--  http://doi.org/10.1093/abbs/36.5.365
Connecting to doi.org (doi.org)|54.191.229.235|:80... connected.
HTTP request sent, awaiting response... 303 See Other
Location: https://academic.oup.com/abbs/article-lookup/doi/10.1093/abbs/36.5.365 [following]
--2017-01-27 12:53:50--  https://academic.oup.com/abbs/article-lookup/doi/10.1093/abbs/36.5.365
Connecting to academic.oup.com (academic.oup.com)|173.254.190.144|:443... connected.
HTTP request sent, awaiting response... 200 OK
Length: 103495 (101K) [text/html]
Saving to: ‘36.5.365’

     0K .......... .......... .......... .......... .......... 49%  209K 0s
    50K .......... .......... .......... .......... .......... 98%  615K 0s
   100K .                                                     100% 2040G=0.3s

2017-01-27 12:53:55 (315 KB/s) - ‘36.5.365’ saved [103495/103495]

--2017-01-27 12:53:56--  http://doi.org/10.1093/abbs/36.5.315
Connecting to doi.org (doi.org)|54.191.229.235|:80... connected.
HTTP request sent, awaiting response... 303 See Other
Location: https://academic.oup.com/abbs/article-lookup/doi/10.1093/abbs/36.5.315 [following]
--2017-01-27 12:53:58--  https://academic.oup.com/abbs/article-lookup/doi/10.1093/abbs/36.5.315
Connecting to academic.oup.com (academic.oup.com)|173.254.190.144|:443... connected.
HTTP request sent, awaiting response... 200 OK
Length: 98838 (97K) [text/html]
Saving to: ‘36.5.315’

     0K .......... .......... .......... .......... .......... 51%  208K 0s
    50K .......... .......... .......... .......... ......    100%  573K=0.3s

2017-01-27 12:54:03 (301 KB/s) - ‘36.5.315’ saved [98838/98838]

--2017-01-27 12:54:04--  http://doi.org/10.1093/abbs/36.5.323
Connecting to doi.org (doi.org)|54.191.229.235|:80... connected.
HTTP request sent, awaiting response... 303 See Other
Location: https://academic.oup.com/abbs/article-lookup/doi/10.1093/abbs/36.5.323 [following]
--2017-01-27 12:54:05--  https://academic.oup.com/abbs/article-lookup/doi/10.1093/abbs/36.5.323
Connecting to academic.oup.com (academic.oup.com)|173.254.190.144|:443... connected.
HTTP request sent, awaiting response... 200 OK
Length: 95981 (94K) [text/html]
Saving to: ‘36.5.323’

     0K .......... .......... .......... .......... .......... 53%  303K 0s
    50K .......... .......... .......... .......... ...       100%  280K=0.3s

2017-01-27 12:54:09 (292 KB/s) - ‘36.5.323’ saved [95981/95981]

--2017-01-27 12:54:10--  http://doi.org/10.1093/abbs/36.5.331
Connecting to doi.org (doi.org)|54.191.229.235|:80... connected.
HTTP request sent, awaiting response... 303 See Other
Location: https://academic.oup.com/abbs/article-lookup/doi/10.1093/abbs/36.5.331 [following]
--2017-01-27 12:54:12--  https://academic.oup.com/abbs/article-lookup/doi/10.1093/abbs/36.5.331
Connecting to academic.oup.com (academic.oup.com)|173.254.190.144|:443... connected.
HTTP request sent, awaiting response... 200 OK
Length: 89000 (87K) [text/html]
Saving to: ‘36.5.331’

     0K .......... .......... .......... .......... .......... 57%  209K 0s
    50K .......... .......... .......... ......               100% 5.90M=0.2s

2017-01-27 12:54:17 (354 KB/s) - ‘36.5.331’ saved [89000/89000]

--2017-01-27 12:54:18--  http://doi.org/10.1093/abbs/36.5.360
Connecting to doi.org (doi.org)|54.191.229.235|:80... connected.
HTTP request sent, awaiting response... 303 See Other
Location: https://academic.oup.com/abbs/article-lookup/doi/10.1093/abbs/36.5.360 [following]
--2017-01-27 12:54:19--  https://academic.oup.com/abbs/article-lookup/doi/10.1093/abbs/36.5.360
Connecting to academic.oup.com (academic.oup.com)|173.254.190.144|:443... connected.
HTTP request sent, awaiting response... 200 OK
Length: 86664 (85K) [text/html]
Saving to: ‘36.5.360’

     0K .......... .......... .......... .......... .......... 59%  208K 0s
    50K .......... .......... .......... ....                 100% 10.9M=0.2s

2017-01-27 12:54:24 (348 KB/s) - ‘36.5.360’ saved [86664/86664]

--2017-01-27 12:54:25--  http://doi.org/10.1093/abbs/36.5.351
Connecting to doi.org (doi.org)|54.191.229.235|:80... connected.
HTTP request sent, awaiting response... 303 See Other
Location: https://academic.oup.com/abbs/article-lookup/doi/10.1093/abbs/36.5.351 [following]
--2017-01-27 12:54:26--  https://academic.oup.com/abbs/article-lookup/doi/10.1093/abbs/36.5.351
Connecting to academic.oup.com (academic.oup.com)|173.254.190.144|:443... connected.
HTTP request sent, awaiting response... 200 OK
Length: 95587 (93K) [text/html]
Saving to: ‘36.5.351’

     0K .......... .......... .......... .......... .......... 53%  209K 0s
    50K .......... .......... .......... .......... ...       100%  542K=0.3s

2017-01-27 12:54:33 (292 KB/s) - ‘36.5.351’ saved [95587/95587]

--2017-01-27 12:54:34--  http://doi.org/10.1093/abbs/36.5.371
Connecting to doi.org (doi.org)|54.191.229.235|:80... connected.
HTTP request sent, awaiting response... 303 See Other
Location: https://academic.oup.com/abbs/article-lookup/doi/10.1093/abbs/36.5.371 [following]
--2017-01-27 12:54:36--  https://academic.oup.com/abbs/article-lookup/doi/10.1093/abbs/36.5.371
Connecting to academic.oup.com (academic.oup.com)|173.254.190.144|:443... connected.
HTTP request sent, awaiting response... 200 OK
Length: 90531 (88K) [text/html]
Saving to: ‘36.5.371’

     0K .......... .......... .......... .......... .......... 56%  307K 0s
    50K .......... .......... .......... ........             100%  475K=0.2s

2017-01-27 12:54:43 (363 KB/s) - ‘36.5.371’ saved [90531/90531]

--2017-01-27 12:54:44--  http://doi.org/10.1093/abbs/36.5.343
Connecting to doi.org (doi.org)|54.191.229.235|:80... connected.
HTTP request sent, awaiting response... 303 See Other
Location: https://academic.oup.com/abbs/article-lookup/doi/10.1093/abbs/36.5.343 [following]
--2017-01-27 12:54:45--  https://academic.oup.com/abbs/article-lookup/doi/10.1093/abbs/36.5.343
Connecting to academic.oup.com (academic.oup.com)|173.254.190.144|:443... connected.
HTTP request sent, awaiting response... 200 OK
Length: 112411 (110K) [text/html]
Saving to: ‘36.5.343’

     0K .......... .......... .......... .......... .......... 45%  209K 0s
    50K .......... .......... .......... .......... .......... 91%  601K 0s
   100K .........                                             100% 29.0M=0.3s

2017-01-27 12:54:51 (340 KB/s) - ‘36.5.343’ saved [112411/112411]

--2017-01-27 12:54:52--  http://doi.org/10.1093/abbs/36.6.385
Connecting to doi.org (doi.org)|54.191.229.235|:80... connected.
HTTP request sent, awaiting response... 303 See Other
Location: https://academic.oup.com/abbs/article-lookup/doi/10.1093/abbs/36.6.385 [following]
--2017-01-27 12:54:54--  https://academic.oup.com/abbs/article-lookup/doi/10.1093/abbs/36.6.385
Connecting to academic.oup.com (academic.oup.com)|173.254.190.144|:443... connected.
HTTP request sent, awaiting response... 200 OK
Length: 87131 (85K) [text/html]
Saving to: ‘36.6.385’

     0K .......... .......... .......... .......... .......... 58%  208K 0s
    50K .......... .......... .......... .....                100% 12.4M=0.2s

2017-01-27 12:54:59 (350 KB/s) - ‘36.6.385’ saved [87131/87131]

--2017-01-27 12:55:00--  http://doi.org/10.1093/abbs/36.6.390
Connecting to doi.org (doi.org)|54.191.229.235|:80... connected.
HTTP request sent, awaiting response... 303 See Other
Location: https://academic.oup.com/abbs/article-lookup/doi/10.1093/abbs/36.6.390 [following]
--2017-01-27 12:55:01--  https://academic.oup.com/abbs/article-lookup/doi/10.1093/abbs/36.6.390
Connecting to academic.oup.com (academic.oup.com)|173.254.190.144|:443... connected.
HTTP request sent, awaiting response... 200 OK
Length: 90951 (89K) [text/html]
Saving to: ‘36.6.390’

     0K .......... .......... .......... .......... .......... 56%  209K 0s
    50K .......... .......... .......... ........             100% 10.7M=0.2s

2017-01-27 12:55:06 (366 KB/s) - ‘36.6.390’ saved [90951/90951]

--2017-01-27 12:55:07--  http://doi.org/10.1093/abbs/36.6.412
Connecting to doi.org (doi.org)|54.191.229.235|:80... connected.
HTTP request sent, awaiting response... 303 See Other
Location: https://academic.oup.com/abbs/article-lookup/doi/10.1093/abbs/36.6.412 [following]
--2017-01-27 12:55:09--  https://academic.oup.com/abbs/article-lookup/doi/10.1093/abbs/36.6.412
Connecting to academic.oup.com (academic.oup.com)|173.254.190.144|:443... connected.
HTTP request sent, awaiting response... 200 OK
Length: 100477 (98K) [text/html]
Saving to: ‘36.6.412’

     0K .......... .......... .......... .......... .......... 50%  204K 0s
    50K .......... .......... .......... .......... ........  100%  589K=0.3s

2017-01-27 12:55:13 (300 KB/s) - ‘36.6.412’ saved [100477/100477]

--2017-01-27 12:55:14--  http://doi.org/10.1093/abbs/36.6.430
Connecting to doi.org (doi.org)|54.191.229.235|:80... connected.
HTTP request sent, awaiting response... 303 See Other
Location: https://academic.oup.com/abbs/article-lookup/doi/10.1093/abbs/36.6.430 [following]
--2017-01-27 12:55:15--  https://academic.oup.com/abbs/article-lookup/doi/10.1093/abbs/36.6.430
Connecting to academic.oup.com (academic.oup.com)|173.254.190.144|:443... connected.
HTTP request sent, awaiting response... 200 OK
Length: 101574 (99K) [text/html]
Saving to: ‘36.6.430’

     0K .......... .......... .......... .......... .......... 50%  309K 0s
    50K .......... .......... .......... .......... ......... 100%  310K=0.3s

2017-01-27 12:55:22 (310 KB/s) - ‘36.6.430’ saved [101574/101574]

--2017-01-27 12:55:23--  http://doi.org/10.1093/abbs/36.6.419
Connecting to doi.org (doi.org)|54.191.229.235|:80... connected.
HTTP request sent, awaiting response... 303 See Other
Location: https://academic.oup.com/abbs/article-lookup/doi/10.1093/abbs/36.6.419 [following]
--2017-01-27 12:55:24--  https://academic.oup.com/abbs/article-lookup/doi/10.1093/abbs/36.6.419
Connecting to academic.oup.com (academic.oup.com)|173.254.190.144|:443... connected.
HTTP request sent, awaiting response... 200 OK
Length: 91432 (89K) [text/html]
Saving to: ‘36.6.419’

     0K .......... .......... .......... .......... .......... 55%  207K 0s
    50K .......... .......... .......... .........            100% 1.00M=0.3s

2017-01-27 12:55:29 (319 KB/s) - ‘36.6.419’ saved [91432/91432]

--2017-01-27 12:55:30--  http://doi.org/10.1093/abbs/36.6.437
Connecting to doi.org (doi.org)|54.191.229.235|:80... connected.
HTTP request sent, awaiting response... 303 See Other
Location: https://academic.oup.com/abbs/article-lookup/doi/10.1093/abbs/36.6.437 [following]
--2017-01-27 12:55:32--  https://academic.oup.com/abbs/article-lookup/doi/10.1093/abbs/36.6.437
Connecting to academic.oup.com (academic.oup.com)|173.254.190.144|:443... connected.
HTTP request sent, awaiting response... 200 OK
Length: 94730 (93K) [text/html]
Saving to: ‘36.6.437’

     0K .......... .......... .......... .......... .......... 54%  209K 0s
    50K .......... .......... .......... .......... ..        100%  527K=0.3s

2017-01-27 12:55:39 (289 KB/s) - ‘36.6.437’ saved [94730/94730]

--2017-01-27 12:55:40--  http://doi.org/10.1093/abbs/36.6.425
Connecting to doi.org (doi.org)|54.191.229.235|:80... connected.
HTTP request sent, awaiting response... 303 See Other
Location: https://academic.oup.com/abbs/article-lookup/doi/10.1093/abbs/36.6.425 [following]
--2017-01-27 12:55:41--  https://academic.oup.com/abbs/article-lookup/doi/10.1093/abbs/36.6.425
Connecting to academic.oup.com (academic.oup.com)|173.254.190.144|:443... connected.
HTTP request sent, awaiting response... 200 OK
Length: 90577 (88K) [text/html]
Saving to: ‘36.6.425’

     0K .......... .......... .......... .......... .......... 56%  308K 0s
    50K .......... .......... .......... ........             100%  469K=0.2s

2017-01-27 12:55:45 (362 KB/s) - ‘36.6.425’ saved [90577/90577]

--2017-01-27 12:55:46--  http://doi.org/10.1093/abbs/36.6.405
Connecting to doi.org (doi.org)|54.191.229.235|:80... connected.
HTTP request sent, awaiting response... 303 See Other
Location: https://academic.oup.com/abbs/article-lookup/doi/10.1093/abbs/36.6.405 [following]
--2017-01-27 12:55:47--  https://academic.oup.com/abbs/article-lookup/doi/10.1093/abbs/36.6.405
Connecting to academic.oup.com (academic.oup.com)|173.254.190.144|:443... connected.
HTTP request sent, awaiting response... 200 OK
Length: 94513 (92K) [text/html]
Saving to: ‘36.6.405’

     0K .......... .......... .......... .......... .......... 54%  206K 0s
    50K .......... .......... .......... .......... ..        100% 1.06M=0.3s

2017-01-27 12:55:52 (327 KB/s) - ‘36.6.405’ saved [94513/94513]

--2017-01-27 12:55:53--  http://doi.org/10.1093/abbs/36.6.379
Connecting to doi.org (doi.org)|54.191.229.235|:80... connected.
HTTP request sent, awaiting response... 303 See Other
Location: https://academic.oup.com/abbs/article-lookup/doi/10.1093/abbs/36.6.379 [following]
--2017-01-27 12:55:54--  https://academic.oup.com/abbs/article-lookup/doi/10.1093/abbs/36.6.379
Connecting to academic.oup.com (academic.oup.com)|173.254.190.144|:443... connected.
HTTP request sent, awaiting response... 200 OK
Length: 87629 (86K) [text/html]
Saving to: ‘36.6.379’

     0K .......... .......... .......... .......... .......... 58%  209K 0s
    50K .......... .......... .......... .....                100% 5.74M=0.2s

2017-01-27 12:55:57 (349 KB/s) - ‘36.6.379’ saved [87629/87629]

--2017-01-27 12:55:58--  http://doi.org/10.1093/abbs/36.6.397
Connecting to doi.org (doi.org)|54.191.229.235|:80... connected.
HTTP request sent, awaiting response... 303 See Other
Location: https://academic.oup.com/abbs/article-lookup/doi/10.1093/abbs/36.6.397 [following]
--2017-01-27 12:56:00--  https://academic.oup.com/abbs/article-lookup/doi/10.1093/abbs/36.6.397
Connecting to academic.oup.com (academic.oup.com)|173.254.190.144|:443... connected.
HTTP request sent, awaiting response... 200 OK
Length: 94932 (93K) [text/html]
Saving to: ‘36.6.397’

     0K .......... .......... .......... .......... .......... 53%  209K 0s
    50K .......... .......... .......... .......... ..        100%  535K=0.3s

2017-01-27 12:56:04 (290 KB/s) - ‘36.6.397’ saved [94932/94932]

--2017-01-27 12:56:05--  http://doi.org/10.1093/abbs/36.7.485
Connecting to doi.org (doi.org)|54.191.229.235|:80... connected.
HTTP request sent, awaiting response... 303 See Other
Location: https://academic.oup.com/abbs/article-lookup/doi/10.1093/abbs/36.7.485 [following]
--2017-01-27 12:56:07--  https://academic.oup.com/abbs/article-lookup/doi/10.1093/abbs/36.7.485
Connecting to academic.oup.com (academic.oup.com)|173.254.190.144|:443... connected.
HTTP request sent, awaiting response... 200 OK
Length: 97304 (95K) [text/html]
Saving to: ‘36.7.485’

     0K .......... .......... .......... .......... .......... 52%  209K 0s
    50K .......... .......... .......... .......... .....     100%  561K=0.3s

2017-01-27 12:56:12 (298 KB/s) - ‘36.7.485’ saved [97304/97304]

--2017-01-27 12:56:13--  http://doi.org/10.1093/abbs/36.7.443
Connecting to doi.org (doi.org)|54.191.229.235|:80... connected.
HTTP request sent, awaiting response... 303 See Other
Location: https://academic.oup.com/abbs/article-lookup/doi/10.1093/abbs/36.7.443 [following]
--2017-01-27 12:56:14--  https://academic.oup.com/abbs/article-lookup/doi/10.1093/abbs/36.7.443
Connecting to academic.oup.com (academic.oup.com)|173.254.190.144|:443... connected.
HTTP request sent, awaiting response... 200 OK
Length: 89757 (88K) [text/html]
Saving to: ‘36.7.443’

     0K .......... .......... .......... .......... .......... 57%  208K 0s
    50K .......... .......... .......... .......              100% 6.80M=0.2s

2017-01-27 12:56:18 (356 KB/s) - ‘36.7.443’ saved [89757/89757]

--2017-01-27 12:56:19--  http://doi.org/10.1093/abbs/36.7.450
Connecting to doi.org (doi.org)|54.191.229.235|:80... connected.
HTTP request sent, awaiting response... 303 See Other
Location: https://academic.oup.com/abbs/article-lookup/doi/10.1093/abbs/36.7.450 [following]
--2017-01-27 12:56:20--  https://academic.oup.com/abbs/article-lookup/doi/10.1093/abbs/36.7.450
Connecting to academic.oup.com (academic.oup.com)|173.254.190.144|:443... connected.
HTTP request sent, awaiting response... 200 OK
Length: 94198 (92K) [text/html]
Saving to: ‘36.7.450’

     0K .......... .......... .......... .......... .......... 54%  206K 0s
    50K .......... .......... .......... .......... .         100%  524K=0.3s

2017-01-27 12:56:24 (285 KB/s) - ‘36.7.450’ saved [94198/94198]

--2017-01-27 12:56:25--  http://doi.org/10.1093/abbs/36.7.513
Connecting to doi.org (doi.org)|54.191.229.235|:80... connected.
HTTP request sent, awaiting response... 303 See Other
Location: https://academic.oup.com/abbs/article-lookup/doi/10.1093/abbs/36.7.513 [following]
--2017-01-27 12:56:26--  https://academic.oup.com/abbs/article-lookup/doi/10.1093/abbs/36.7.513
Connecting to academic.oup.com (academic.oup.com)|173.254.190.144|:443... connected.
HTTP request sent, awaiting response... 200 OK
Length: 90835 (89K) [text/html]
Saving to: ‘36.7.513’

     0K .......... .......... .......... .......... .......... 56%  208K 0s
    50K .......... .......... .......... ........             100% 11.9M=0.2s

2017-01-27 12:56:30 (364 KB/s) - ‘36.7.513’ saved [90835/90835]

--2017-01-27 12:56:31--  http://doi.org/10.1093/abbs/36.7.467
Connecting to doi.org (doi.org)|54.191.229.235|:80... connected.
HTTP request sent, awaiting response... 303 See Other
Location: https://academic.oup.com/abbs/article-lookup/doi/10.1093/abbs/36.7.467 [following]
--2017-01-27 12:56:33--  https://academic.oup.com/abbs/article-lookup/doi/10.1093/abbs/36.7.467
Connecting to academic.oup.com (academic.oup.com)|173.254.190.144|:443... connected.
HTTP request sent, awaiting response... 200 OK
Length: 92139 (90K) [text/html]
Saving to: ‘36.7.467’

     0K .......... .......... .......... .......... .......... 55%  306K 0s
    50K .......... .......... .......... .........            100%  490K=0.2s

2017-01-27 12:56:37 (368 KB/s) - ‘36.7.467’ saved [92139/92139]

--2017-01-27 12:56:38--  http://doi.org/10.1093/abbs/36.7.477
Connecting to doi.org (doi.org)|54.191.229.235|:80... connected.
HTTP request sent, awaiting response... 303 See Other
Location: https://academic.oup.com/abbs/article-lookup/doi/10.1093/abbs/36.7.477 [following]
--2017-01-27 12:56:39--  https://academic.oup.com/abbs/article-lookup/doi/10.1093/abbs/36.7.477
Connecting to academic.oup.com (academic.oup.com)|173.254.190.144|:443... connected.
HTTP request sent, awaiting response... 200 OK
Length: 103835 (101K) [text/html]
Saving to: ‘36.7.477’

     0K .......... .......... .......... .......... .......... 49%  209K 0s
    50K .......... .......... .......... .......... .......... 98%  612K 0s
   100K .                                                     100% 2673G=0.3s

2017-01-27 12:56:43 (315 KB/s) - ‘36.7.477’ saved [103835/103835]

--2017-01-27 12:56:44--  http://doi.org/10.1093/abbs/36.7.508
Connecting to doi.org (doi.org)|54.191.229.235|:80... connected.
HTTP request sent, awaiting response... 303 See Other
Location: https://academic.oup.com/abbs/article-lookup/doi/10.1093/abbs/36.7.508 [following]
--2017-01-27 12:56:46--  https://academic.oup.com/abbs/article-lookup/doi/10.1093/abbs/36.7.508
Connecting to academic.oup.com (academic.oup.com)|173.254.190.144|:443... connected.
HTTP request sent, awaiting response... 200 OK
Length: 86197 (84K) [text/html]
Saving to: ‘36.7.508’

     0K .......... .......... .......... .......... .......... 59%  309K 0s
    50K .......... .......... .......... ....                 100%  425K=0.2s

2017-01-27 12:56:50 (348 KB/s) - ‘36.7.508’ saved [86197/86197]

--2017-01-27 12:56:51--  http://doi.org/10.1093/abbs/36.7.457
Connecting to doi.org (doi.org)|54.191.229.235|:80... connected.
HTTP request sent, awaiting response... 303 See Other
Location: https://academic.oup.com/abbs/article-lookup/doi/10.1093/abbs/36.7.457 [following]
--2017-01-27 12:56:52--  https://academic.oup.com/abbs/article-lookup/doi/10.1093/abbs/36.7.457
Connecting to academic.oup.com (academic.oup.com)|173.254.190.144|:443... connected.
HTTP request sent, awaiting response... 200 OK
Length: 92625 (90K) [text/html]
Saving to: ‘36.7.457’

     0K .......... .......... .......... .......... .......... 55%  209K 0s
    50K .......... .......... .......... ..........           100% 10.9M=0.2s

2017-01-27 12:56:56 (372 KB/s) - ‘36.7.457’ saved [92625/92625]

--2017-01-27 12:56:57--  http://doi.org/10.1093/abbs/36.7.501
Connecting to doi.org (doi.org)|54.191.229.235|:80... connected.
HTTP request sent, awaiting response... 303 See Other
Location: https://academic.oup.com/abbs/article-lookup/doi/10.1093/abbs/36.7.501 [following]
--2017-01-27 12:56:59--  https://academic.oup.com/abbs/article-lookup/doi/10.1093/abbs/36.7.501
Connecting to academic.oup.com (academic.oup.com)|173.254.190.144|:443... connected.
HTTP request sent, awaiting response... 200 OK
Length: 120142 (117K) [text/html]
Saving to: ‘36.7.501’

     0K .......... .......... .......... .......... .......... 42%  208K 0s
    50K .......... .......... .......... .......... .......... 85%  607K 0s
   100K .......... .......                                    100% 7.46M=0.3s

2017-01-27 12:57:03 (361 KB/s) - ‘36.7.501’ saved [120142/120142]

--2017-01-27 12:57:04--  http://doi.org/10.1093/abbs/36.7.492
Connecting to doi.org (doi.org)|54.191.229.235|:80... connected.
HTTP request sent, awaiting response... 303 See Other
Location: https://academic.oup.com/abbs/article-lookup/doi/10.1093/abbs/36.7.492 [following]
--2017-01-27 12:57:06--  https://academic.oup.com/abbs/article-lookup/doi/10.1093/abbs/36.7.492
Connecting to academic.oup.com (academic.oup.com)|173.254.190.144|:443... connected.
HTTP request sent, awaiting response... 200 OK
Length: 94825 (93K) [text/html]
Saving to: ‘36.7.492’

     0K .......... .......... .......... .......... .......... 53%  209K 0s
    50K .......... .......... .......... .......... ..        100% 12.4M=0.2s

2017-01-27 12:57:10 (382 KB/s) - ‘36.7.492’ saved [94825/94825]

--2017-01-27 12:57:11--  http://doi.org/10.1093/abbs/36.8.529
Connecting to doi.org (doi.org)|54.191.229.235|:80... connected.
HTTP request sent, awaiting response... 303 See Other
Location: https://academic.oup.com/abbs/article-lookup/doi/10.1093/abbs/36.8.529 [following]
--2017-01-27 12:57:12--  https://academic.oup.com/abbs/article-lookup/doi/10.1093/abbs/36.8.529
Connecting to academic.oup.com (academic.oup.com)|173.254.190.144|:443... connected.
HTTP request sent, awaiting response... 200 OK
Length: 89104 (87K) [text/html]
Saving to: ‘36.8.529’

     0K .......... .......... .......... .......... .......... 57%  209K 0s
    50K .......... .......... .......... .......              100% 10.3M=0.2s

2017-01-27 12:57:16 (359 KB/s) - ‘36.8.529’ saved [89104/89104]

--2017-01-27 12:57:17--  http://doi.org/10.1093/abbs/36.8.566
Connecting to doi.org (doi.org)|54.191.229.235|:80... connected.
HTTP request sent, awaiting response... 303 See Other
Location: https://academic.oup.com/abbs/article-lookup/doi/10.1093/abbs/36.8.566 [following]
--2017-01-27 12:57:19--  https://academic.oup.com/abbs/article-lookup/doi/10.1093/abbs/36.8.566
Connecting to academic.oup.com (academic.oup.com)|173.254.190.144|:443... connected.
HTTP request sent, awaiting response... 200 OK
Length: 123308 (120K) [text/html]
Saving to: ‘36.8.566’

     0K .......... .......... .......... .......... .......... 41%  309K 0s
    50K .......... .......... .......... .......... .......... 83%  312K 0s
   100K .......... ..........                                 100% 13.6M=0.3s

2017-01-27 12:57:23 (372 KB/s) - ‘36.8.566’ saved [123308/123308]

--2017-01-27 12:57:24--  http://doi.org/10.1093/abbs/36.8.553
Connecting to doi.org (doi.org)|54.191.229.235|:80... connected.
HTTP request sent, awaiting response... 303 See Other
Location: https://academic.oup.com/abbs/article-lookup/doi/10.1093/abbs/36.8.553 [following]
--2017-01-27 12:57:26--  https://academic.oup.com/abbs/article-lookup/doi/10.1093/abbs/36.8.553
Connecting to academic.oup.com (academic.oup.com)|173.254.190.144|:443... connected.
HTTP request sent, awaiting response... 200 OK
Length: 94581 (92K) [text/html]
Saving to: ‘36.8.553’

     0K .......... .......... .......... .......... .......... 54%  309K 0s
    50K .......... .......... .......... .......... ..        100%  519K=0.2s

2017-01-27 12:57:30 (380 KB/s) - ‘36.8.553’ saved [94581/94581]

--2017-01-27 12:57:31--  http://doi.org/10.1093/abbs/36.8.577
Connecting to doi.org (doi.org)|54.191.229.235|:80... connected.
HTTP request sent, awaiting response... 303 See Other
Location: https://academic.oup.com/abbs/article-lookup/doi/10.1093/abbs/36.8.577 [following]
--2017-01-27 12:57:32--  https://academic.oup.com/abbs/article-lookup/doi/10.1093/abbs/36.8.577
Connecting to academic.oup.com (academic.oup.com)|173.254.190.144|:443... connected.
HTTP request sent, awaiting response... 200 OK
Length: 86504 (84K) [text/html]
Saving to: ‘36.8.577’

     0K .......... .......... .......... .......... .......... 59%  209K 0s
    50K .......... .......... .......... ....                 100% 11.7M=0.2s

2017-01-27 12:57:37 (349 KB/s) - ‘36.8.577’ saved [86504/86504]

--2017-01-27 12:57:38--  http://doi.org/10.1093/abbs/36.8.559
Connecting to doi.org (doi.org)|54.191.229.235|:80... connected.
HTTP request sent, awaiting response... 303 See Other
Location: https://academic.oup.com/abbs/article-lookup/doi/10.1093/abbs/36.8.559 [following]
--2017-01-27 12:57:40--  https://academic.oup.com/abbs/article-lookup/doi/10.1093/abbs/36.8.559
Connecting to academic.oup.com (academic.oup.com)|173.254.190.144|:443... connected.
HTTP request sent, awaiting response... 200 OK
Length: 112350 (110K) [text/html]
Saving to: ‘36.8.559’

     0K .......... .......... .......... .......... .......... 45%  209K 0s
    50K .......... .......... .......... .......... .......... 91%  598K 0s
   100K .........                                             100% 34.1M=0.3s

2017-01-27 12:57:45 (339 KB/s) - ‘36.8.559’ saved [112350/112350]

--2017-01-27 12:57:46--  http://doi.org/10.1093/abbs/36.8.537
Connecting to doi.org (doi.org)|54.191.229.235|:80... connected.
HTTP request sent, awaiting response... 303 See Other
Location: https://academic.oup.com/abbs/article-lookup/doi/10.1093/abbs/36.8.537 [following]
--2017-01-27 12:57:48--  https://academic.oup.com/abbs/article-lookup/doi/10.1093/abbs/36.8.537
Connecting to academic.oup.com (academic.oup.com)|173.254.190.144|:443... connected.
HTTP request sent, awaiting response... 200 OK
Length: 89885 (88K) [text/html]
Saving to: ‘36.8.537’

     0K .......... .......... .......... .......... .......... 56%  209K 0s
    50K .......... .......... .......... .......              100% 9.51M=0.2s

2017-01-27 12:57:51 (360 KB/s) - ‘36.8.537’ saved [89885/89885]

--2017-01-27 12:57:52--  http://doi.org/10.1093/abbs/36.8.571
Connecting to doi.org (doi.org)|54.191.229.235|:80... connected.
HTTP request sent, awaiting response... 303 See Other
Location: https://academic.oup.com/abbs/article-lookup/doi/10.1093/abbs/36.8.571 [following]
--2017-01-27 12:57:53--  https://academic.oup.com/abbs/article-lookup/doi/10.1093/abbs/36.8.571
Connecting to academic.oup.com (academic.oup.com)|173.254.190.144|:443... connected.
HTTP request sent, awaiting response... 200 OK
Length: 89788 (88K) [text/html]
Saving to: ‘36.8.571’

     0K .......... .......... .......... .......... .......... 57%  209K 0s
    50K .......... .......... .......... .......              100% 6.44M=0.2s

2017-01-27 12:58:00 (357 KB/s) - ‘36.8.571’ saved [89788/89788]

--2017-01-27 12:58:01--  http://doi.org/10.1093/abbs/36.8.519
Connecting to doi.org (doi.org)|54.191.229.235|:80... connected.
HTTP request sent, awaiting response... 303 See Other
Location: https://academic.oup.com/abbs/article-lookup/doi/10.1093/abbs/36.8.519 [following]
--2017-01-27 12:58:02--  https://academic.oup.com/abbs/article-lookup/doi/10.1093/abbs/36.8.519
Connecting to academic.oup.com (academic.oup.com)|173.254.190.144|:443... connected.
HTTP request sent, awaiting response... 200 OK
Length: 98182 (96K) [text/html]
Saving to: ‘36.8.519’

     0K .......... .......... .......... .......... .......... 52%  209K 0s
    50K .......... .......... .......... .......... .....     100%  567K=0.3s

2017-01-27 12:58:06 (300 KB/s) - ‘36.8.519’ saved [98182/98182]

--2017-01-27 12:58:07--  http://doi.org/10.1093/abbs/36.8.548
Connecting to doi.org (doi.org)|54.191.229.235|:80... connected.
HTTP request sent, awaiting response... 303 See Other
Location: https://academic.oup.com/abbs/article-lookup/doi/10.1093/abbs/36.8.548 [following]
--2017-01-27 12:58:09--  https://academic.oup.com/abbs/article-lookup/doi/10.1093/abbs/36.8.548
Connecting to academic.oup.com (academic.oup.com)|173.254.190.144|:443... connected.
HTTP request sent, awaiting response... 200 OK
Length: 101153 (99K) [text/html]
Saving to: ‘36.8.548’

     0K .......... .......... .......... .......... .......... 50%  209K 0s
    50K .......... .......... .......... .......... ........  100%  593K=0.3s

2017-01-27 12:58:13 (307 KB/s) - ‘36.8.548’ saved [101153/101153]

--2017-01-27 12:58:14--  http://doi.org/10.1093/abbs/36.8.541
Connecting to doi.org (doi.org)|54.191.229.235|:80... connected.
HTTP request sent, awaiting response... 303 See Other
Location: https://academic.oup.com/abbs/article-lookup/doi/10.1093/abbs/36.8.541 [following]
--2017-01-27 12:58:15--  https://academic.oup.com/abbs/article-lookup/doi/10.1093/abbs/36.8.541
Connecting to academic.oup.com (academic.oup.com)|173.254.190.144|:443... connected.
HTTP request sent, awaiting response... 200 OK
Length: 98992 (97K) [text/html]
Saving to: ‘36.8.541’

     0K .......... .......... .......... .......... .......... 51%  209K 0s
    50K .......... .......... .......... .......... ......    100%  570K=0.3s

2017-01-27 12:58:20 (301 KB/s) - ‘36.8.541’ saved [98992/98992]

--2017-01-27 12:58:21--  http://doi.org/10.1093/abbs/36.9.603
Connecting to doi.org (doi.org)|54.191.229.235|:80... connected.
HTTP request sent, awaiting response... 303 See Other
Location: https://academic.oup.com/abbs/article-lookup/doi/10.1093/abbs/36.9.603 [following]
--2017-01-27 12:58:22--  https://academic.oup.com/abbs/article-lookup/doi/10.1093/abbs/36.9.603
Connecting to academic.oup.com (academic.oup.com)|173.254.190.144|:443... connected.
HTTP request sent, awaiting response... 200 OK
Length: 98769 (96K) [text/html]
Saving to: ‘36.9.603’

     0K .......... .......... .......... .......... .......... 51%  306K 0s
    50K .......... .......... .......... .......... ......    100%  294K=0.3s

2017-01-27 12:58:29 (301 KB/s) - ‘36.9.603’ saved [98769/98769]

--2017-01-27 12:58:30--  http://doi.org/10.1093/abbs/36.9.618
Connecting to doi.org (doi.org)|54.191.229.235|:80... connected.
HTTP request sent, awaiting response... 303 See Other
Location: https://academic.oup.com/abbs/article-lookup/doi/10.1093/abbs/36.9.618 [following]
--2017-01-27 12:58:31--  https://academic.oup.com/abbs/article-lookup/doi/10.1093/abbs/36.9.618
Connecting to academic.oup.com (academic.oup.com)|173.254.190.144|:443... connected.
HTTP request sent, awaiting response... 200 OK
Length: 94925 (93K) [text/html]
Saving to: ‘36.9.618’

     0K .......... .......... .......... .......... .......... 53%  209K 0s
    50K .......... .......... .......... .......... ..        100%  534K=0.3s

2017-01-27 12:58:35 (290 KB/s) - ‘36.9.618’ saved [94925/94925]

--2017-01-27 12:58:36--  http://doi.org/10.1093/abbs/36.9.583
Connecting to doi.org (doi.org)|54.191.229.235|:80... connected.
HTTP request sent, awaiting response... 303 See Other
Location: https://academic.oup.com/abbs/article-lookup/doi/10.1093/abbs/36.9.583 [following]
--2017-01-27 12:58:38--  https://academic.oup.com/abbs/article-lookup/doi/10.1093/abbs/36.9.583
Connecting to academic.oup.com (academic.oup.com)|173.254.190.144|:443... connected.
HTTP request sent, awaiting response... 200 OK
Length: 97429 (95K) [text/html]
Saving to: ‘36.9.583’

     0K .......... .......... .......... .......... .......... 52%  209K 0s
    50K .......... .......... .......... .......... .....     100%  562K=0.3s

2017-01-27 12:58:45 (298 KB/s) - ‘36.9.583’ saved [97429/97429]

--2017-01-27 12:58:46--  http://doi.org/10.1093/abbs/36.9.597
Connecting to doi.org (doi.org)|54.191.229.235|:80... connected.
HTTP request sent, awaiting response... 303 See Other
Location: https://academic.oup.com/abbs/article-lookup/doi/10.1093/abbs/36.9.597 [following]
--2017-01-27 12:58:47--  https://academic.oup.com/abbs/article-lookup/doi/10.1093/abbs/36.9.597
Connecting to academic.oup.com (academic.oup.com)|173.254.190.144|:443... connected.
HTTP request sent, awaiting response... 200 OK
Length: 105736 (103K) [text/html]
Saving to: ‘36.9.597’

     0K .......... .......... .......... .......... .......... 48%  209K 0s
    50K .......... .......... .......... .......... .......... 96%  616K 0s
   100K ...                                                   100% 23.3M=0.3s

2017-01-27 12:58:53 (322 KB/s) - ‘36.9.597’ saved [105736/105736]

--2017-01-27 12:58:54--  http://doi.org/10.1093/abbs/36.9.637
Connecting to doi.org (doi.org)|54.191.229.235|:80... connected.
HTTP request sent, awaiting response... 303 See Other
Location: https://academic.oup.com/abbs/article-lookup/doi/10.1093/abbs/36.9.637 [following]
--2017-01-27 12:58:56--  https://academic.oup.com/abbs/article-lookup/doi/10.1093/abbs/36.9.637
Connecting to academic.oup.com (academic.oup.com)|173.254.190.144|:443... connected.
HTTP request sent, awaiting response... 200 OK
Length: 93212 (91K) [text/html]
Saving to: ‘36.9.637’

     0K .......... .......... .......... .......... .......... 54%  209K 0s
    50K .......... .......... .......... .......... .         100% 12.8M=0.2s

2017-01-27 12:59:00 (376 KB/s) - ‘36.9.637’ saved [93212/93212]

--2017-01-27 12:59:01--  http://doi.org/10.1093/abbs/36.9.623
Connecting to doi.org (doi.org)|54.191.229.235|:80... connected.
HTTP request sent, awaiting response... 303 See Other
Location: https://academic.oup.com/abbs/article-lookup/doi/10.1093/abbs/36.9.623 [following]
--2017-01-27 12:59:03--  https://academic.oup.com/abbs/article-lookup/doi/10.1093/abbs/36.9.623
Connecting to academic.oup.com (academic.oup.com)|173.254.190.144|:443... connected.
HTTP request sent, awaiting response... 200 OK
Length: 94552 (92K) [text/html]
Saving to: ‘36.9.623’

     0K .......... .......... .......... .......... .......... 54%  206K 0s
    50K .......... .......... .......... .......... ..        100%  528K=0.3s

2017-01-27 12:59:11 (286 KB/s) - ‘36.9.623’ saved [94552/94552]

--2017-01-27 12:59:12--  http://doi.org/10.1093/abbs/36.9.609
Connecting to doi.org (doi.org)|54.191.229.235|:80... connected.
HTTP request sent, awaiting response... 303 See Other
Location: https://academic.oup.com/abbs/article-lookup/doi/10.1093/abbs/36.9.609 [following]
--2017-01-27 12:59:13--  https://academic.oup.com/abbs/article-lookup/doi/10.1093/abbs/36.9.609
Connecting to academic.oup.com (academic.oup.com)|173.254.190.144|:443... connected.
HTTP request sent, awaiting response... 200 OK
Length: 94302 (92K) [text/html]
Saving to: ‘36.9.609’

     0K .......... .......... .......... .......... .......... 54%  208K 0s
    50K .......... .......... .......... .......... ..        100%  520K=0.3s

2017-01-27 12:59:18 (287 KB/s) - ‘36.9.609’ saved [94302/94302]

--2017-01-27 12:59:19--  http://doi.org/10.1093/abbs/36.9.589
Connecting to doi.org (doi.org)|54.191.229.235|:80... connected.
HTTP request sent, awaiting response... 303 See Other
Location: https://academic.oup.com/abbs/article-lookup/doi/10.1093/abbs/36.9.589 [following]
--2017-01-27 12:59:21--  https://academic.oup.com/abbs/article-lookup/doi/10.1093/abbs/36.9.589
Connecting to academic.oup.com (academic.oup.com)|173.254.190.144|:443... connected.
HTTP request sent, awaiting response... 200 OK
Length: 100432 (98K) [text/html]
Saving to: ‘36.9.589’

     0K .......... .......... .......... .......... .......... 50%  207K 0s
    50K .......... .......... .......... .......... ........  100%  589K=0.3s

2017-01-27 12:59:24 (303 KB/s) - ‘36.9.589’ saved [100432/100432]

--2017-01-27 12:59:25--  http://doi.org/10.1093/abbs/36.9.629
Connecting to doi.org (doi.org)|54.191.229.235|:80... connected.
HTTP request sent, awaiting response... 303 See Other
Location: https://academic.oup.com/abbs/article-lookup/doi/10.1093/abbs/36.9.629 [following]
--2017-01-27 12:59:27--  https://academic.oup.com/abbs/article-lookup/doi/10.1093/abbs/36.9.629
Connecting to academic.oup.com (academic.oup.com)|173.254.190.144|:443... connected.
HTTP request sent, awaiting response... 200 OK
Length: 96414 (94K) [text/html]
Saving to: ‘36.9.629’

     0K .......... .......... .......... .......... .......... 53%  208K 0s
    50K .......... .......... .......... .......... ....      100%  552K=0.3s

2017-01-27 12:59:34 (294 KB/s) - ‘36.9.629’ saved [96414/96414]

--2017-01-27 12:59:35--  http://doi.org/10.1093/abbs/36.9.644
Connecting to doi.org (doi.org)|54.191.229.235|:80... connected.
HTTP request sent, awaiting response... 303 See Other
Location: https://academic.oup.com/abbs/article-lookup/doi/10.1093/abbs/36.9.644 [following]
--2017-01-27 12:59:36--  https://academic.oup.com/abbs/article-lookup/doi/10.1093/abbs/36.9.644
Connecting to academic.oup.com (academic.oup.com)|173.254.190.144|:443... connected.
HTTP request sent, awaiting response... 200 OK
Length: 92417 (90K) [text/html]
Saving to: ‘36.9.644’

     0K .......... .......... .......... .......... .......... 55%  209K 0s
    50K .......... .......... .......... ..........           100%  991K=0.3s

2017-01-27 12:59:43 (322 KB/s) - ‘36.9.644’ saved [92417/92417]

--2017-01-27 12:59:44--  http://doi.org/10.1093/abbs/36.10.649
Connecting to doi.org (doi.org)|54.191.229.235|:80... connected.
HTTP request sent, awaiting response... 303 See Other
Location: https://academic.oup.com/abbs/article-lookup/doi/10.1093/abbs/36.10.649 [following]
--2017-01-27 12:59:45--  https://academic.oup.com/abbs/article-lookup/doi/10.1093/abbs/36.10.649
Connecting to academic.oup.com (academic.oup.com)|173.254.190.144|:443... connected.
HTTP request sent, awaiting response... 302 Found
Location: /errors/error.aspx?aspxerrorpath=/abbs/article-lookup/doi/10.1093/abbs/36.10.649 [following]
--2017-01-27 12:59:48--  https://academic.oup.com/errors/error.aspx?aspxerrorpath=/abbs/article-lookup/doi/10.1093/abbs/36.10.649
Reusing existing connection to academic.oup.com:443.
HTTP request sent, awaiting response... 200 OK
Length: 38909 (38K) [text/html]
Saving to: ‘36.10.649’

     0K .......... .......... .......... .......              100%  237K=0.2s

2017-01-27 12:59:48 (237 KB/s) - ‘36.10.649’ saved [38909/38909]

--2017-01-27 12:59:49--  http://doi.org/10.1093/abbs/36.10.707
Connecting to doi.org (doi.org)|54.191.229.235|:80... connected.
HTTP request sent, awaiting response... 303 See Other
Location: https://academic.oup.com/abbs/article-lookup/doi/10.1093/abbs/36.10.707 [following]
--2017-01-27 12:59:51--  https://academic.oup.com/abbs/article-lookup/doi/10.1093/abbs/36.10.707
Connecting to academic.oup.com (academic.oup.com)|173.254.190.144|:443... connected.
HTTP request sent, awaiting response... 302 Found
Location: /errors/error.aspx?aspxerrorpath=/abbs/article-lookup/doi/10.1093/abbs/36.10.707 [following]
--2017-01-27 12:59:54--  https://academic.oup.com/errors/error.aspx?aspxerrorpath=/abbs/article-lookup/doi/10.1093/abbs/36.10.707
Reusing existing connection to academic.oup.com:443.
HTTP request sent, awaiting response... 200 OK
Length: 38909 (38K) [text/html]
Saving to: ‘36.10.707’

     0K .......... .......... .......... .......              100%  237K=0.2s

2017-01-27 12:59:55 (237 KB/s) - ‘36.10.707’ saved [38909/38909]

--2017-01-27 12:59:56--  http://doi.org/10.1093/abbs/36.10.667
Connecting to doi.org (doi.org)|54.191.229.235|:80... connected.
HTTP request sent, awaiting response... 303 See Other
Location: https://academic.oup.com/abbs/article-lookup/doi/10.1093/abbs/36.10.667 [following]
--2017-01-27 12:59:58--  https://academic.oup.com/abbs/article-lookup/doi/10.1093/abbs/36.10.667
Connecting to academic.oup.com (academic.oup.com)|173.254.190.144|:443... connected.
HTTP request sent, awaiting response... 302 Found
Location: /errors/error.aspx?aspxerrorpath=/abbs/article-lookup/doi/10.1093/abbs/36.10.667 [following]
--2017-01-27 13:00:02--  https://academic.oup.com/errors/error.aspx?aspxerrorpath=/abbs/article-lookup/doi/10.1093/abbs/36.10.667
Reusing existing connection to academic.oup.com:443.
HTTP request sent, awaiting response... 200 OK
Length: 38910 (38K) [text/html]
Saving to: ‘36.10.667’

     0K .......... .......... .......... .......              100%  235K=0.2s

2017-01-27 13:00:02 (235 KB/s) - ‘36.10.667’ saved [38910/38910]

--2017-01-27 13:00:03--  http://doi.org/10.1093/abbs/36.10.695
Connecting to doi.org (doi.org)|54.191.229.235|:80... connected.
HTTP request sent, awaiting response... 303 See Other
Location: https://academic.oup.com/abbs/article-lookup/doi/10.1093/abbs/36.10.695 [following]
--2017-01-27 13:00:05--  https://academic.oup.com/abbs/article-lookup/doi/10.1093/abbs/36.10.695
Connecting to academic.oup.com (academic.oup.com)|173.254.190.144|:443... connected.
HTTP request sent, awaiting response... 302 Found
Location: /errors/error.aspx?aspxerrorpath=/abbs/article-lookup/doi/10.1093/abbs/36.10.695 [following]
--2017-01-27 13:00:09--  https://academic.oup.com/errors/error.aspx?aspxerrorpath=/abbs/article-lookup/doi/10.1093/abbs/36.10.695
Reusing existing connection to academic.oup.com:443.
HTTP request sent, awaiting response... 200 OK
Length: 23957 (23K) [text/html]
Saving to: ‘36.10.695’

     0K .......... .......... ...                             100%  289K=0.08s

2017-01-27 13:00:10 (289 KB/s) - ‘36.10.695’ saved [23957/23957]

--2017-01-27 13:00:11--  http://doi.org/10.1093/abbs/36.10.661
Connecting to doi.org (doi.org)|54.191.229.235|:80... connected.
HTTP request sent, awaiting response... 303 See Other
Location: https://academic.oup.com/abbs/article-lookup/doi/10.1093/abbs/36.10.661 [following]
--2017-01-27 13:00:12--  https://academic.oup.com/abbs/article-lookup/doi/10.1093/abbs/36.10.661
Connecting to academic.oup.com (academic.oup.com)|173.254.190.144|:443... connected.
HTTP request sent, awaiting response... 302 Found
Location: /errors/error.aspx?aspxerrorpath=/abbs/article-lookup/doi/10.1093/abbs/36.10.661 [following]
--2017-01-27 13:00:15--  https://academic.oup.com/errors/error.aspx?aspxerrorpath=/abbs/article-lookup/doi/10.1093/abbs/36.10.661
Reusing existing connection to academic.oup.com:443.
HTTP request sent, awaiting response... 200 OK
Length: 23957 (23K) [text/html]
Saving to: ‘36.10.661’

     0K .......... .......... ...                             100%  292K=0.08s

2017-01-27 13:00:17 (292 KB/s) - ‘36.10.661’ saved [23957/23957]

--2017-01-27 13:00:18--  http://doi.org/10.1093/abbs/36.10.673
Connecting to doi.org (doi.org)|54.191.229.235|:80... connected.
HTTP request sent, awaiting response... 303 See Other
Location: https://academic.oup.com/abbs/article-lookup/doi/10.1093/abbs/36.10.673 [following]
--2017-01-27 13:00:19--  https://academic.oup.com/abbs/article-lookup/doi/10.1093/abbs/36.10.673
Connecting to academic.oup.com (academic.oup.com)|173.254.190.144|:443... connected.
HTTP request sent, awaiting response... 302 Found
Location: /errors/error.aspx?aspxerrorpath=/abbs/article-lookup/doi/10.1093/abbs/36.10.673 [following]
--2017-01-27 13:00:22--  https://academic.oup.com/errors/error.aspx?aspxerrorpath=/abbs/article-lookup/doi/10.1093/abbs/36.10.673
Reusing existing connection to academic.oup.com:443.
HTTP request sent, awaiting response... 200 OK
Length: 23957 (23K) [text/html]
Saving to: ‘36.10.673’

     0K .......... .......... ...                             100%  291K=0.08s

2017-01-27 13:00:23 (291 KB/s) - ‘36.10.673’ saved [23957/23957]

--2017-01-27 13:00:24--  http://doi.org/10.1093/abbs/36.10.687
Connecting to doi.org (doi.org)|54.191.229.235|:80... connected.
HTTP request sent, awaiting response... 303 See Other
Location: https://academic.oup.com/abbs/article-lookup/doi/10.1093/abbs/36.10.687 [following]
--2017-01-27 13:00:25--  https://academic.oup.com/abbs/article-lookup/doi/10.1093/abbs/36.10.687
Connecting to academic.oup.com (academic.oup.com)|173.254.190.144|:443... connected.
HTTP request sent, awaiting response... 302 Found
Location: /errors/error.aspx?aspxerrorpath=/abbs/article-lookup/doi/10.1093/abbs/36.10.687 [following]
--2017-01-27 13:00:28--  https://academic.oup.com/errors/error.aspx?aspxerrorpath=/abbs/article-lookup/doi/10.1093/abbs/36.10.687
Reusing existing connection to academic.oup.com:443.
HTTP request sent, awaiting response... 200 OK
Length: 23957 (23K) [text/html]
Saving to: ‘36.10.687’

     0K .......... .......... ...                             100%  293K=0.08s

2017-01-27 13:00:28 (293 KB/s) - ‘36.10.687’ saved [23957/23957]

--2017-01-27 13:00:29--  http://doi.org/10.1093/abbs/36.10.701
Connecting to doi.org (doi.org)|54.191.229.235|:80... connected.
HTTP request sent, awaiting response... 303 See Other
Location: https://academic.oup.com/abbs/article-lookup/doi/10.1093/abbs/36.10.701 [following]
--2017-01-27 13:00:31--  https://academic.oup.com/abbs/article-lookup/doi/10.1093/abbs/36.10.701
Connecting to academic.oup.com (academic.oup.com)|173.254.190.144|:443... connected.
HTTP request sent, awaiting response... 302 Found
Location: /errors/error.aspx?aspxerrorpath=/abbs/article-lookup/doi/10.1093/abbs/36.10.701 [following]
--2017-01-27 13:00:34--  https://academic.oup.com/errors/error.aspx?aspxerrorpath=/abbs/article-lookup/doi/10.1093/abbs/36.10.701
Reusing existing connection to academic.oup.com:443.
HTTP request sent, awaiting response... 200 OK
Length: 23957 (23K) [text/html]
Saving to: ‘36.10.701’

     0K .......... .......... ...                             100%  292K=0.08s

2017-01-27 13:00:34 (292 KB/s) - ‘36.10.701’ saved [23957/23957]

FINISHED --2017-01-27 13:00:34--
Total wall clock time: 12m 41s
Downloaded: 100 files, 8.6M in 28s (317 KB/s)
