--2017-01-27 13:54:02--  http://doi.org/10.1093/afraf/xxxvi.supplement_cxlii.10
Resolving doi.org (doi.org)... 95.138.171.129, 38.100.138.162, 63.123.152.248, ...
Connecting to doi.org (doi.org)|95.138.171.129|:80... connected.
HTTP request sent, awaiting response... 303 See Other
Location: https://academic.oup.com/afraf/article-lookup/doi/10.1093/afraf/XXXVI.Supplement_CXLII.10 [following]
--2017-01-27 13:54:03--  https://academic.oup.com/afraf/article-lookup/doi/10.1093/afraf/XXXVI.Supplement_CXLII.10
Resolving academic.oup.com (academic.oup.com)... 173.254.190.144
Connecting to academic.oup.com (academic.oup.com)|173.254.190.144|:443... connected.
HTTP request sent, awaiting response... 200 OK
Length: 67271 (66K) [text/html]
Saving to: ‘xxxvi.supplement_cxlii.10’

     0K .......... .......... .......... .......... .......... 76%  209K 0s
    50K .......... .....                                      100% 5.06M=0.2s

2017-01-27 13:54:10 (271 KB/s) - ‘xxxvi.supplement_cxlii.10’ saved [67271/67271]

--2017-01-27 13:54:11--  http://doi.org/10.1093/afraf/xxxvi.supplement_cxlii.23
Connecting to doi.org (doi.org)|95.138.171.129|:80... connected.
HTTP request sent, awaiting response... 303 See Other
Location: https://academic.oup.com/afraf/article-lookup/doi/10.1093/afraf/XXXVI.Supplement_CXLII.23 [following]
--2017-01-27 13:54:12--  https://academic.oup.com/afraf/article-lookup/doi/10.1093/afraf/XXXVI.Supplement_CXLII.23
Connecting to academic.oup.com (academic.oup.com)|173.254.190.144|:443... connected.
HTTP request sent, awaiting response... 200 OK
Length: 67278 (66K) [text/html]
Saving to: ‘xxxvi.supplement_cxlii.23’

     0K .......... .......... .......... .......... .......... 76%  207K 0s
    50K .......... .....                                      100% 5.92M=0.2s

2017-01-27 13:54:16 (269 KB/s) - ‘xxxvi.supplement_cxlii.23’ saved [67278/67278]

--2017-01-27 13:54:17--  http://doi.org/10.1093/afraf/xxxvi.supplement_cxlii.3
Connecting to doi.org (doi.org)|95.138.171.129|:80... connected.
HTTP request sent, awaiting response... 303 See Other
Location: https://academic.oup.com/afraf/article-lookup/doi/10.1093/afraf/XXXVI.Supplement_CXLII.3 [following]
--2017-01-27 13:54:18--  https://academic.oup.com/afraf/article-lookup/doi/10.1093/afraf/XXXVI.Supplement_CXLII.3
Connecting to academic.oup.com (academic.oup.com)|173.254.190.144|:443... connected.
HTTP request sent, awaiting response... 200 OK
Length: 67252 (66K) [text/html]
Saving to: ‘xxxvi.supplement_cxlii.3’

     0K .......... .......... .......... .......... .......... 76%  209K 0s
    50K .......... .....                                      100% 9.23M=0.2s

2017-01-27 13:54:22 (273 KB/s) - ‘xxxvi.supplement_cxlii.3’ saved [67252/67252]

--2017-01-27 13:54:23--  http://doi.org/10.1093/afraf/xxxvi.supplement_cxliii.3
Connecting to doi.org (doi.org)|95.138.171.129|:80... connected.
HTTP request sent, awaiting response... 303 See Other
Location: https://academic.oup.com/afraf/article-lookup/doi/10.1093/afraf/XXXVI.Supplement_CXLIII.3 [following]
--2017-01-27 13:54:24--  https://academic.oup.com/afraf/article-lookup/doi/10.1093/afraf/XXXVI.Supplement_CXLIII.3
Connecting to academic.oup.com (academic.oup.com)|173.254.190.144|:443... connected.
HTTP request sent, awaiting response... 200 OK
Length: 68011 (66K) [text/html]
Saving to: ‘xxxvi.supplement_cxliii.3’

     0K .......... .......... .......... .......... .......... 75%  207K 0s
    50K .......... ......                                     100% 17.2M=0.2s

2017-01-27 13:54:28 (274 KB/s) - ‘xxxvi.supplement_cxliii.3’ saved [68011/68011]

--2017-01-27 13:54:29--  http://doi.org/10.1093/afraf/xxxvi.supplement_cxliii.3-s
Connecting to doi.org (doi.org)|95.138.171.129|:80... connected.
HTTP request sent, awaiting response... 303 See Other
Location: https://academic.oup.com/afraf/article-lookup/doi/10.1093/afraf/XXXVI.Supplement_CXLIII.3-s [following]
--2017-01-27 13:54:30--  https://academic.oup.com/afraf/article-lookup/doi/10.1093/afraf/XXXVI.Supplement_CXLIII.3-s
Connecting to academic.oup.com (academic.oup.com)|173.254.190.144|:443... connected.
HTTP request sent, awaiting response... 200 OK
Length: 68236 (67K) [text/html]
Saving to: ‘xxxvi.supplement_cxliii.3-s’

     0K .......... .......... .......... .......... .......... 75%  208K 0s
    50K .......... ......                                     100% 15.9M=0.2s

2017-01-27 13:54:34 (276 KB/s) - ‘xxxvi.supplement_cxliii.3-s’ saved [68236/68236]

--2017-01-27 13:54:35--  http://doi.org/10.1093/afraf/xxxvi.supplement_cxliii.5
Connecting to doi.org (doi.org)|95.138.171.129|:80... connected.
HTTP request sent, awaiting response... 303 See Other
Location: https://academic.oup.com/afraf/article-lookup/doi/10.1093/afraf/XXXVI.Supplement_CXLIII.5 [following]
--2017-01-27 13:54:36--  https://academic.oup.com/afraf/article-lookup/doi/10.1093/afraf/XXXVI.Supplement_CXLIII.5
Connecting to academic.oup.com (academic.oup.com)|173.254.190.144|:443... connected.
HTTP request sent, awaiting response... 200 OK
Length: 67340 (66K) [text/html]
Saving to: ‘xxxvi.supplement_cxliii.5’

     0K .......... .......... .......... .......... .......... 76%  205K 0s
    50K .......... .....                                      100% 15.6M=0.2s

2017-01-27 13:54:39 (269 KB/s) - ‘xxxvi.supplement_cxliii.5’ saved [67340/67340]

--2017-01-27 13:54:40--  http://doi.org/10.1093/afraf/xxxvi.supplement_cxlv.3
Connecting to doi.org (doi.org)|95.138.171.129|:80... connected.
HTTP request sent, awaiting response... 303 See Other
Location: https://academic.oup.com/afraf/article-lookup/doi/10.1093/afraf/XXXVI.Supplement_CXLV.3 [following]
--2017-01-27 13:54:41--  https://academic.oup.com/afraf/article-lookup/doi/10.1093/afraf/XXXVI.Supplement_CXLV.3
Connecting to academic.oup.com (academic.oup.com)|173.254.190.144|:443... connected.
HTTP request sent, awaiting response... 200 OK
Length: 67440 (66K) [text/html]
Saving to: ‘xxxvi.supplement_cxlv.3’

     0K .......... .......... .......... .......... .......... 75%  209K 0s
    50K .......... .....                                      100% 16.8M=0.2s

2017-01-27 13:54:46 (274 KB/s) - ‘xxxvi.supplement_cxlv.3’ saved [67440/67440]

--2017-01-27 13:54:47--  http://doi.org/10.1093/afraf/xxxvi.supplement_cxlv.3-s
Connecting to doi.org (doi.org)|95.138.171.129|:80... connected.
HTTP request sent, awaiting response... 303 See Other
Location: https://academic.oup.com/afraf/article-lookup/doi/10.1093/afraf/XXXVI.Supplement_CXLV.3-s [following]
--2017-01-27 13:54:48--  https://academic.oup.com/afraf/article-lookup/doi/10.1093/afraf/XXXVI.Supplement_CXLV.3-s
Connecting to academic.oup.com (academic.oup.com)|173.254.190.144|:443... connected.
HTTP request sent, awaiting response... 200 OK
Length: 67315 (66K) [text/html]
Saving to: ‘xxxvi.supplement_cxlv.3-s’

     0K .......... .......... .......... .......... .......... 76%  208K 0s
    50K .......... .....                                      100% 12.9M=0.2s

2017-01-27 13:54:53 (272 KB/s) - ‘xxxvi.supplement_cxlv.3-s’ saved [67315/67315]

--2017-01-27 13:54:54--  http://doi.org/10.1093/afraf/xxxvi.supplement_cxlv.3-u
Connecting to doi.org (doi.org)|95.138.171.129|:80... connected.
HTTP request sent, awaiting response... 303 See Other
Location: https://academic.oup.com/afraf/article-lookup/doi/10.1093/afraf/XXXVI.Supplement_CXLV.3-u [following]
--2017-01-27 13:54:56--  https://academic.oup.com/afraf/article-lookup/doi/10.1093/afraf/XXXVI.Supplement_CXLV.3-u
Connecting to academic.oup.com (academic.oup.com)|173.254.190.144|:443... connected.
HTTP request sent, awaiting response... 200 OK
Length: 69118 (67K) [text/html]
Saving to: ‘xxxvi.supplement_cxlv.3-u’

     0K .......... .......... .......... .......... .......... 74%  209K 0s
    50K .......... .......                                    100% 16.3M=0.2s

2017-01-27 13:54:59 (281 KB/s) - ‘xxxvi.supplement_cxlv.3-u’ saved [69118/69118]

--2017-01-27 13:55:00--  http://doi.org/10.1093/afraf/xxxvi.supplement_cxlv.3-t
Connecting to doi.org (doi.org)|95.138.171.129|:80... connected.
HTTP request sent, awaiting response... 303 See Other
Location: https://academic.oup.com/afraf/article-lookup/doi/10.1093/afraf/XXXVI.Supplement_CXLV.3-t [following]
--2017-01-27 13:55:01--  https://academic.oup.com/afraf/article-lookup/doi/10.1093/afraf/XXXVI.Supplement_CXLV.3-t
Connecting to academic.oup.com (academic.oup.com)|173.254.190.144|:443... connected.
HTTP request sent, awaiting response... 200 OK
Length: 67475 (66K) [text/html]
Saving to: ‘xxxvi.supplement_cxlv.3-t’

     0K .......... .......... .......... .......... .......... 75%  208K 0s
    50K .......... .....                                      100% 16.4M=0.2s

2017-01-27 13:55:08 (273 KB/s) - ‘xxxvi.supplement_cxlv.3-t’ saved [67475/67475]

--2017-01-27 13:55:09--  http://doi.org/10.1093/afraf/xxxviii.supplement_cl.6
Connecting to doi.org (doi.org)|95.138.171.129|:80... connected.
HTTP request sent, awaiting response... 303 See Other
Location: https://academic.oup.com/afraf/article-lookup/doi/10.1093/afraf/XXXVIII.Supplement_CL.6 [following]
--2017-01-27 13:55:10--  https://academic.oup.com/afraf/article-lookup/doi/10.1093/afraf/XXXVIII.Supplement_CL.6
Connecting to academic.oup.com (academic.oup.com)|173.254.190.144|:443... connected.
HTTP request sent, awaiting response... 200 OK
Length: 67467 (66K) [text/html]
Saving to: ‘xxxviii.supplement_cl.6’

     0K .......... .......... .......... .......... .......... 75%  209K 0s
    50K .......... .....                                      100% 11.3M=0.2s

2017-01-27 13:55:16 (273 KB/s) - ‘xxxviii.supplement_cl.6’ saved [67467/67467]

--2017-01-27 13:55:17--  http://doi.org/10.1093/afraf/xxxviii.supplement_cl.15
Connecting to doi.org (doi.org)|95.138.171.129|:80... connected.
HTTP request sent, awaiting response... 303 See Other
Location: https://academic.oup.com/afraf/article-lookup/doi/10.1093/afraf/XXXVIII.Supplement_CL.15 [following]
--2017-01-27 13:55:18--  https://academic.oup.com/afraf/article-lookup/doi/10.1093/afraf/XXXVIII.Supplement_CL.15
Connecting to academic.oup.com (academic.oup.com)|173.254.190.144|:443... connected.
HTTP request sent, awaiting response... 200 OK
Length: 82743 (81K) [text/html]
Saving to: ‘xxxviii.supplement_cl.15’

     0K .......... .......... .......... .......... .......... 61%  209K 0s
    50K .......... .......... ..........                      100% 5.27M=0.2s

2017-01-27 13:55:26 (329 KB/s) - ‘xxxviii.supplement_cl.15’ saved [82743/82743]

--2017-01-27 13:55:27--  http://doi.org/10.1093/afraf/xxxviii.supplement_cl.59
Connecting to doi.org (doi.org)|95.138.171.129|:80... connected.
HTTP request sent, awaiting response... 303 See Other
Location: https://academic.oup.com/afraf/article-lookup/doi/10.1093/afraf/XXXVIII.Supplement_CL.59 [following]
--2017-01-27 13:55:28--  https://academic.oup.com/afraf/article-lookup/doi/10.1093/afraf/XXXVIII.Supplement_CL.59
Connecting to academic.oup.com (academic.oup.com)|173.254.190.144|:443... connected.
HTTP request sent, awaiting response... 200 OK
Length: 67163 (66K) [text/html]
Saving to: ‘xxxviii.supplement_cl.59’

     0K .......... .......... .......... .......... .......... 76%  309K 0s
    50K .......... .....                                      100%  199K=0.2s

2017-01-27 13:55:33 (273 KB/s) - ‘xxxviii.supplement_cl.59’ saved [67163/67163]

--2017-01-27 13:55:34--  http://doi.org/10.1093/afraf/xxxviii.supplement_cl.65
Connecting to doi.org (doi.org)|95.138.171.129|:80... connected.
HTTP request sent, awaiting response... 303 See Other
Location: https://academic.oup.com/afraf/article-lookup/doi/10.1093/afraf/XXXVIII.Supplement_CL.65 [following]
--2017-01-27 13:55:35--  https://academic.oup.com/afraf/article-lookup/doi/10.1093/afraf/XXXVIII.Supplement_CL.65
Connecting to academic.oup.com (academic.oup.com)|173.254.190.144|:443... connected.
HTTP request sent, awaiting response... 200 OK
Length: 67354 (66K) [text/html]
Saving to: ‘xxxviii.supplement_cl.65’

     0K .......... .......... .......... .......... .......... 76%  206K 0s
    50K .......... .....                                      100% 14.3M=0.2s

2017-01-27 13:55:38 (270 KB/s) - ‘xxxviii.supplement_cl.65’ saved [67354/67354]

--2017-01-27 13:55:39--  http://doi.org/10.1093/afraf/xxxviii.supplement_cl.1
Connecting to doi.org (doi.org)|95.138.171.129|:80... connected.
HTTP request sent, awaiting response... 303 See Other
Location: https://academic.oup.com/afraf/article-lookup/doi/10.1093/afraf/XXXVIII.Supplement_CL.1 [following]
--2017-01-27 13:55:40--  https://academic.oup.com/afraf/article-lookup/doi/10.1093/afraf/XXXVIII.Supplement_CL.1
Connecting to academic.oup.com (academic.oup.com)|173.254.190.144|:443... connected.
HTTP request sent, awaiting response... 200 OK
Length: 67309 (66K) [text/html]
Saving to: ‘xxxviii.supplement_cl.1’

     0K .......... .......... .......... .......... .......... 76%  208K 0s
    50K .......... .....                                      100% 17.1M=0.2s

2017-01-27 13:55:45 (273 KB/s) - ‘xxxviii.supplement_cl.1’ saved [67309/67309]

--2017-01-27 13:55:46--  http://doi.org/10.1093/afraf/xxxviii.supplement_cl.42
Connecting to doi.org (doi.org)|95.138.171.129|:80... connected.
HTTP request sent, awaiting response... 303 See Other
Location: https://academic.oup.com/afraf/article-lookup/doi/10.1093/afraf/XXXVIII.Supplement_CL.42 [following]
--2017-01-27 13:55:47--  https://academic.oup.com/afraf/article-lookup/doi/10.1093/afraf/XXXVIII.Supplement_CL.42
Connecting to academic.oup.com (academic.oup.com)|173.254.190.144|:443... connected.
HTTP request sent, awaiting response... 200 OK
Length: 67440 (66K) [text/html]
Saving to: ‘xxxviii.supplement_cl.42’

     0K .......... .......... .......... .......... .......... 75%  204K 0s
    50K .......... .....                                      100% 16.7M=0.2s

2017-01-27 13:55:50 (268 KB/s) - ‘xxxviii.supplement_cl.42’ saved [67440/67440]

--2017-01-27 13:55:51--  http://doi.org/10.1093/afraf/xxxviii.supplement_cl.34
Connecting to doi.org (doi.org)|95.138.171.129|:80... connected.
HTTP request sent, awaiting response... 303 See Other
Location: https://academic.oup.com/afraf/article-lookup/doi/10.1093/afraf/XXXVIII.Supplement_CL.34 [following]
--2017-01-27 13:55:53--  https://academic.oup.com/afraf/article-lookup/doi/10.1093/afraf/XXXVIII.Supplement_CL.34
Connecting to academic.oup.com (academic.oup.com)|173.254.190.144|:443... connected.
HTTP request sent, awaiting response... 200 OK
Length: 67101 (66K) [text/html]
Saving to: ‘xxxviii.supplement_cl.34’

     0K .......... .......... .......... .......... .......... 76%  209K 0s
    50K .......... .....                                      100% 5.18M=0.2s

2017-01-27 13:55:56 (271 KB/s) - ‘xxxviii.supplement_cl.34’ saved [67101/67101]

--2017-01-27 13:55:57--  http://doi.org/10.1093/afraf/xxxviii.supplement_cl.21
Connecting to doi.org (doi.org)|95.138.171.129|:80... connected.
HTTP request sent, awaiting response... 303 See Other
Location: https://academic.oup.com/afraf/article-lookup/doi/10.1093/afraf/XXXVIII.Supplement_CL.21 [following]
--2017-01-27 13:55:58--  https://academic.oup.com/afraf/article-lookup/doi/10.1093/afraf/XXXVIII.Supplement_CL.21
Connecting to academic.oup.com (academic.oup.com)|173.254.190.144|:443... connected.
HTTP request sent, awaiting response... 200 OK
Length: 82118 (80K) [text/html]
Saving to: ‘xxxviii.supplement_cl.21’

     0K .......... .......... .......... .......... .......... 62%  306K 0s
    50K .......... .......... ..........                      100%  383K=0.2s

2017-01-27 13:56:02 (331 KB/s) - ‘xxxviii.supplement_cl.21’ saved [82118/82118]

--2017-01-27 13:56:03--  http://doi.org/10.1093/afraf/xxxviii.supplement_cl.23
Connecting to doi.org (doi.org)|95.138.171.129|:80... connected.
HTTP request sent, awaiting response... 303 See Other
Location: https://academic.oup.com/afraf/article-lookup/doi/10.1093/afraf/XXXVIII.Supplement_CL.23 [following]
--2017-01-27 13:56:04--  https://academic.oup.com/afraf/article-lookup/doi/10.1093/afraf/XXXVIII.Supplement_CL.23
Connecting to academic.oup.com (academic.oup.com)|173.254.190.144|:443... connected.
HTTP request sent, awaiting response... 200 OK
Length: 67208 (66K) [text/html]
Saving to: ‘xxxviii.supplement_cl.23’

     0K .......... .......... .......... .......... .......... 76%  208K 0s
    50K .......... .....                                      100% 14.0M=0.2s

2017-01-27 13:56:08 (272 KB/s) - ‘xxxviii.supplement_cl.23’ saved [67208/67208]

--2017-01-27 13:56:09--  http://doi.org/10.1093/afraf/xxxviii.supplement_cl.52
Connecting to doi.org (doi.org)|95.138.171.129|:80... connected.
HTTP request sent, awaiting response... 303 See Other
Location: https://academic.oup.com/afraf/article-lookup/doi/10.1093/afraf/XXXVIII.Supplement_CL.52 [following]
--2017-01-27 13:56:10--  https://academic.oup.com/afraf/article-lookup/doi/10.1093/afraf/XXXVIII.Supplement_CL.52
Connecting to academic.oup.com (academic.oup.com)|173.254.190.144|:443... connected.
HTTP request sent, awaiting response... 200 OK
Length: 67109 (66K) [text/html]
Saving to: ‘xxxviii.supplement_cl.52’

     0K .......... .......... .......... .......... .......... 76%  209K 0s
    50K .......... .....                                      100% 12.6M=0.2s

2017-01-27 13:56:14 (272 KB/s) - ‘xxxviii.supplement_cl.52’ saved [67109/67109]

--2017-01-27 13:56:15--  http://doi.org/10.1093/afraf/xxxviii.supplement_cl.48
Connecting to doi.org (doi.org)|95.138.171.129|:80... connected.
HTTP request sent, awaiting response... 303 See Other
Location: https://academic.oup.com/afraf/article-lookup/doi/10.1093/afraf/XXXVIII.Supplement_CL.48 [following]
--2017-01-27 13:56:16--  https://academic.oup.com/afraf/article-lookup/doi/10.1093/afraf/XXXVIII.Supplement_CL.48
Connecting to academic.oup.com (academic.oup.com)|173.254.190.144|:443... connected.
HTTP request sent, awaiting response... 200 OK
Length: 67257 (66K) [text/html]
Saving to: ‘xxxviii.supplement_cl.48’

     0K .......... .......... .......... .......... .......... 76%  224K 0s
    50K .......... .....                                      100%  198K=0.3s

2017-01-27 13:56:24 (217 KB/s) - ‘xxxviii.supplement_cl.48’ saved [67257/67257]

--2017-01-27 13:56:25--  http://doi.org/10.1093/afraf/xxxviii.supplement_cl.10
Connecting to doi.org (doi.org)|95.138.171.129|:80... connected.
HTTP request sent, awaiting response... 303 See Other
Location: https://academic.oup.com/afraf/article-lookup/doi/10.1093/afraf/XXXVIII.Supplement_CL.10 [following]
--2017-01-27 13:56:26--  https://academic.oup.com/afraf/article-lookup/doi/10.1093/afraf/XXXVIII.Supplement_CL.10
Connecting to academic.oup.com (academic.oup.com)|173.254.190.144|:443... connected.
HTTP request sent, awaiting response... 200 OK
Length: 82059 (80K) [text/html]
Saving to: ‘xxxviii.supplement_cl.10’

     0K .......... .......... .......... .......... .......... 62%  209K 0s
    50K .......... .......... ..........                      100% 7.47M=0.2s

2017-01-27 13:56:31 (329 KB/s) - ‘xxxviii.supplement_cl.10’ saved [82059/82059]

--2017-01-27 13:56:32--  http://doi.org/10.1093/afraf/xxxviii.supplement_cl.38
Connecting to doi.org (doi.org)|95.138.171.129|:80... connected.
HTTP request sent, awaiting response... 303 See Other
Location: https://academic.oup.com/afraf/article-lookup/doi/10.1093/afraf/XXXVIII.Supplement_CL.38 [following]
--2017-01-27 13:56:33--  https://academic.oup.com/afraf/article-lookup/doi/10.1093/afraf/XXXVIII.Supplement_CL.38
Connecting to academic.oup.com (academic.oup.com)|173.254.190.144|:443... connected.
HTTP request sent, awaiting response... 200 OK
Length: 67199 (66K) [text/html]
Saving to: ‘xxxviii.supplement_cl.38’

     0K .......... .......... .......... .......... .......... 76%  208K 0s
    50K .......... .....                                      100% 13.0M=0.2s

2017-01-27 13:56:37 (272 KB/s) - ‘xxxviii.supplement_cl.38’ saved [67199/67199]

--2017-01-27 13:56:38--  http://doi.org/10.1093/afraf/xxxviii.supplement_cl.1-s
Connecting to doi.org (doi.org)|95.138.171.129|:80... connected.
HTTP request sent, awaiting response... 303 See Other
Location: https://academic.oup.com/afraf/article-lookup/doi/10.1093/afraf/XXXVIII.Supplement_CL.1-s [following]
--2017-01-27 13:56:39--  https://academic.oup.com/afraf/article-lookup/doi/10.1093/afraf/XXXVIII.Supplement_CL.1-s
Connecting to academic.oup.com (academic.oup.com)|173.254.190.144|:443... connected.
HTTP request sent, awaiting response... 200 OK
Length: 66845 (65K) [text/html]
Saving to: ‘xxxviii.supplement_cl.1-s’

     0K .......... .......... .......... .......... .......... 76%  207K 0s
    50K .......... .....                                      100% 16.9M=0.2s

2017-01-27 13:56:45 (269 KB/s) - ‘xxxviii.supplement_cl.1-s’ saved [66845/66845]

--2017-01-27 13:56:46--  http://doi.org/10.1093/afraf/xxxviii.supplement_cl.30
Connecting to doi.org (doi.org)|95.138.171.129|:80... connected.
HTTP request sent, awaiting response... 303 See Other
Location: https://academic.oup.com/afraf/article-lookup/doi/10.1093/afraf/XXXVIII.Supplement_CL.30 [following]
--2017-01-27 13:56:47--  https://academic.oup.com/afraf/article-lookup/doi/10.1093/afraf/XXXVIII.Supplement_CL.30
Connecting to academic.oup.com (academic.oup.com)|173.254.190.144|:443... connected.
HTTP request sent, awaiting response... 200 OK
Length: 67066 (65K) [text/html]
Saving to: ‘xxxviii.supplement_cl.30’

     0K .......... .......... .......... .......... .......... 76%  304K 0s
    50K .......... .....                                      100%  191K=0.2s

2017-01-27 13:56:50 (267 KB/s) - ‘xxxviii.supplement_cl.30’ saved [67066/67066]

--2017-01-27 13:56:51--  http://doi.org/10.1093/afraf/xxxviii.supplement_clii.3
Connecting to doi.org (doi.org)|95.138.171.129|:80... connected.
HTTP request sent, awaiting response... 303 See Other
Location: https://academic.oup.com/afraf/article-lookup/doi/10.1093/afraf/XXXVIII.Supplement_CLII.3 [following]
--2017-01-27 13:56:53--  https://academic.oup.com/afraf/article-lookup/doi/10.1093/afraf/XXXVIII.Supplement_CLII.3
Connecting to academic.oup.com (academic.oup.com)|173.254.190.144|:443... connected.
HTTP request sent, awaiting response... 200 OK
Length: 66993 (65K) [text/html]
Saving to: ‘xxxviii.supplement_clii.3’

     0K .......... .......... .......... .......... .......... 76%  207K 0s
    50K .......... .....                                      100% 17.1M=0.2s

2017-01-27 13:56:56 (270 KB/s) - ‘xxxviii.supplement_clii.3’ saved [66993/66993]

--2017-01-27 13:56:57--  http://doi.org/10.1093/afraf/91.362.121
Connecting to doi.org (doi.org)|95.138.171.129|:80... connected.
HTTP request sent, awaiting response... 303 See Other
Location: https://academic.oup.com/afraf/article-lookup/doi/10.1093/afraf/91.362.121 [following]
--2017-01-27 13:56:58--  https://academic.oup.com/afraf/article-lookup/doi/10.1093/afraf/91.362.121
Connecting to academic.oup.com (academic.oup.com)|173.254.190.144|:443... connected.
HTTP request sent, awaiting response... 200 OK
Length: 64971 (63K) [text/html]
Saving to: ‘91.362.121’

     0K .......... .......... .......... .......... .......... 78%  207K 0s
    50K .......... ...                                        100% 15.0M=0.2s

2017-01-27 13:57:02 (261 KB/s) - ‘91.362.121’ saved [64971/64971]

--2017-01-27 13:57:03--  http://doi.org/10.1093/afraf/91.362.166-a
Connecting to doi.org (doi.org)|95.138.171.129|:80... connected.
HTTP request sent, awaiting response... 303 See Other
Location: https://academic.oup.com/afraf/article-lookup/doi/10.1093/afraf/91.362.166-a [following]
--2017-01-27 13:57:04--  https://academic.oup.com/afraf/article-lookup/doi/10.1093/afraf/91.362.166-a
Connecting to academic.oup.com (academic.oup.com)|173.254.190.144|:443... connected.
HTTP request sent, awaiting response... 200 OK
Length: 65633 (64K) [text/html]
Saving to: ‘91.362.166-a’

     0K .......... .......... .......... .......... .......... 78%  208K 0s
    50K .......... ....                                       100% 17.6M=0.2s

2017-01-27 13:57:09 (266 KB/s) - ‘91.362.166-a’ saved [65633/65633]

--2017-01-27 13:57:10--  http://doi.org/10.1093/afraf/91.362.144
Connecting to doi.org (doi.org)|95.138.171.129|:80... connected.
HTTP request sent, awaiting response... 303 See Other
Location: https://academic.oup.com/afraf/article-lookup/doi/10.1093/afraf/91.362.144 [following]
--2017-01-27 13:57:11--  https://academic.oup.com/afraf/article-lookup/doi/10.1093/afraf/91.362.144
Connecting to academic.oup.com (academic.oup.com)|173.254.190.144|:443... connected.
HTTP request sent, awaiting response... 200 OK
Length: 68732 (67K) [text/html]
Saving to: ‘91.362.144’

     0K .......... .......... .......... .......... .......... 74%  207K 0s
    50K .......... .......                                    100% 16.3M=0.2s

2017-01-27 13:57:14 (277 KB/s) - ‘91.362.144’ saved [68732/68732]

--2017-01-27 13:57:15--  http://doi.org/10.1093/afraf/91.362.134
Connecting to doi.org (doi.org)|95.138.171.129|:80... connected.
HTTP request sent, awaiting response... 303 See Other
Location: https://academic.oup.com/afraf/article-lookup/doi/10.1093/afraf/91.362.134 [following]
--2017-01-27 13:57:16--  https://academic.oup.com/afraf/article-lookup/doi/10.1093/afraf/91.362.134
Connecting to academic.oup.com (academic.oup.com)|173.254.190.144|:443... connected.
HTTP request sent, awaiting response... 200 OK
Length: 82894 (81K) [text/html]
Saving to: ‘91.362.134’

     0K .......... .......... .......... .......... .......... 61%  206K 0s
    50K .......... .......... ..........                      100% 10.9M=0.2s

2017-01-27 13:57:20 (329 KB/s) - ‘91.362.134’ saved [82894/82894]

--2017-01-27 13:57:21--  http://doi.org/10.1093/afraf/91.362.145
Connecting to doi.org (doi.org)|95.138.171.129|:80... connected.
HTTP request sent, awaiting response... 303 See Other
Location: https://academic.oup.com/afraf/article-lookup/doi/10.1093/afraf/91.362.145 [following]
--2017-01-27 13:57:22--  https://academic.oup.com/afraf/article-lookup/doi/10.1093/afraf/91.362.145
Connecting to academic.oup.com (academic.oup.com)|173.254.190.144|:443... connected.
HTTP request sent, awaiting response... 200 OK
Length: 67741 (66K) [text/html]
Saving to: ‘91.362.145’

     0K .......... .......... .......... .......... .......... 75%  208K 0s
    50K .......... ......                                     100% 7.86M=0.2s

2017-01-27 13:57:27 (272 KB/s) - ‘91.362.145’ saved [67741/67741]

--2017-01-27 13:57:28--  http://doi.org/10.1093/afraf/91.362.158
Connecting to doi.org (doi.org)|95.138.171.129|:80... connected.
HTTP request sent, awaiting response... 303 See Other
Location: https://academic.oup.com/afraf/article-lookup/doi/10.1093/afraf/91.362.158 [following]
--2017-01-27 13:57:29--  https://academic.oup.com/afraf/article-lookup/doi/10.1093/afraf/91.362.158
Connecting to academic.oup.com (academic.oup.com)|173.254.190.144|:443... connected.
HTTP request sent, awaiting response... 200 OK
Length: 67846 (66K) [text/html]
Saving to: ‘91.362.158’

     0K .......... .......... .......... .......... .......... 75%  206K 0s
    50K .......... ......                                     100% 17.6M=0.2s

2017-01-27 13:57:34 (272 KB/s) - ‘91.362.158’ saved [67846/67846]

--2017-01-27 13:57:35--  http://doi.org/10.1093/afraf/91.362.53
Connecting to doi.org (doi.org)|95.138.171.129|:80... connected.
HTTP request sent, awaiting response... 303 See Other
Location: https://academic.oup.com/afraf/article-lookup/doi/10.1093/afraf/91.362.53 [following]
--2017-01-27 13:57:36--  https://academic.oup.com/afraf/article-lookup/doi/10.1093/afraf/91.362.53
Connecting to academic.oup.com (academic.oup.com)|173.254.190.144|:443... connected.
HTTP request sent, awaiting response... 200 OK
Length: 67551 (66K) [text/html]
Saving to: ‘91.362.53’

     0K .......... .......... .......... .......... .......... 75%  209K 0s
    50K .......... .....                                      100% 12.5M=0.2s

2017-01-27 13:57:40 (274 KB/s) - ‘91.362.53’ saved [67551/67551]

--2017-01-27 13:57:41--  http://doi.org/10.1093/afraf/91.362.167-b
Connecting to doi.org (doi.org)|95.138.171.129|:80... connected.
HTTP request sent, awaiting response... 303 See Other
Location: https://academic.oup.com/afraf/article-lookup/doi/10.1093/afraf/91.362.167-b [following]
--2017-01-27 13:57:42--  https://academic.oup.com/afraf/article-lookup/doi/10.1093/afraf/91.362.167-b
Connecting to academic.oup.com (academic.oup.com)|173.254.190.144|:443... connected.
HTTP request sent, awaiting response... 200 OK
Length: 80339 (78K) [text/html]
Saving to: ‘91.362.167-b’

     0K .......... .......... .......... .......... .......... 63%  209K 0s
    50K .......... .......... ........                        100% 11.2M=0.2s

2017-01-27 13:57:46 (324 KB/s) - ‘91.362.167-b’ saved [80339/80339]

--2017-01-27 13:57:47--  http://doi.org/10.1093/afraf/91.362.142
Connecting to doi.org (doi.org)|95.138.171.129|:80... connected.
HTTP request sent, awaiting response... 303 See Other
Location: https://academic.oup.com/afraf/article-lookup/doi/10.1093/afraf/91.362.142 [following]
--2017-01-27 13:57:49--  https://academic.oup.com/afraf/article-lookup/doi/10.1093/afraf/91.362.142
Connecting to academic.oup.com (academic.oup.com)|173.254.190.144|:443... connected.
HTTP request sent, awaiting response... 200 OK
Length: 68214 (67K) [text/html]
Saving to: ‘91.362.142’

     0K .......... .......... .......... .......... .......... 75%  209K 0s
    50K .......... ......                                     100% 18.2M=0.2s

2017-01-27 13:57:53 (277 KB/s) - ‘91.362.142’ saved [68214/68214]

--2017-01-27 13:57:54--  http://doi.org/10.1093/afraf/91.362.149
Connecting to doi.org (doi.org)|95.138.171.129|:80... connected.
HTTP request sent, awaiting response... 303 See Other
Location: https://academic.oup.com/afraf/article-lookup/doi/10.1093/afraf/91.362.149 [following]
--2017-01-27 13:57:56--  https://academic.oup.com/afraf/article-lookup/doi/10.1093/afraf/91.362.149
Connecting to academic.oup.com (academic.oup.com)|173.254.190.144|:443... connected.
HTTP request sent, awaiting response... 200 OK
Length: 67738 (66K) [text/html]
Saving to: ‘91.362.149’

     0K .......... .......... .......... .......... .......... 75%  209K 0s
    50K .......... ......                                     100% 13.1M=0.2s

2017-01-27 13:58:00 (275 KB/s) - ‘91.362.149’ saved [67738/67738]

--2017-01-27 13:58:01--  http://doi.org/10.1093/afraf/91.362.161
Connecting to doi.org (doi.org)|95.138.171.129|:80... connected.
HTTP request sent, awaiting response... 303 See Other
Location: https://academic.oup.com/afraf/article-lookup/doi/10.1093/afraf/91.362.161 [following]
--2017-01-27 13:58:02--  https://academic.oup.com/afraf/article-lookup/doi/10.1093/afraf/91.362.161
Connecting to academic.oup.com (academic.oup.com)|173.254.190.144|:443... connected.
HTTP request sent, awaiting response... 200 OK
Length: 68483 (67K) [text/html]
Saving to: ‘91.362.161’

     0K .......... .......... .......... .......... .......... 74%  206K 0s
    50K .......... ......                                     100% 16.1M=0.2s

2017-01-27 13:58:05 (275 KB/s) - ‘91.362.161’ saved [68483/68483]

--2017-01-27 13:58:06--  http://doi.org/10.1093/afraf/91.362.139
Connecting to doi.org (doi.org)|95.138.171.129|:80... connected.
HTTP request sent, awaiting response... 303 See Other
Location: https://academic.oup.com/afraf/article-lookup/doi/10.1093/afraf/91.362.139 [following]
--2017-01-27 13:58:07--  https://academic.oup.com/afraf/article-lookup/doi/10.1093/afraf/91.362.139
Connecting to academic.oup.com (academic.oup.com)|173.254.190.144|:443... connected.
HTTP request sent, awaiting response... 200 OK
Length: 67847 (66K) [text/html]
Saving to: ‘91.362.139’

     0K .......... .......... .......... .......... .......... 75%  209K 0s
    50K .......... ......                                     100% 8.76M=0.2s

2017-01-27 13:58:11 (275 KB/s) - ‘91.362.139’ saved [67847/67847]

--2017-01-27 13:58:12--  http://doi.org/10.1093/afraf/91.362.147-a
Connecting to doi.org (doi.org)|95.138.171.129|:80... connected.
HTTP request sent, awaiting response... 303 See Other
Location: https://academic.oup.com/afraf/article-lookup/doi/10.1093/afraf/91.362.147-a [following]
--2017-01-27 13:58:13--  https://academic.oup.com/afraf/article-lookup/doi/10.1093/afraf/91.362.147-a
Connecting to academic.oup.com (academic.oup.com)|173.254.190.144|:443... connected.
HTTP request sent, awaiting response... 200 OK
Length: 82940 (81K) [text/html]
Saving to: ‘91.362.147-a’

     0K .......... .......... .......... .......... .......... 61%  208K 0s
    50K .......... .......... ..........                      100% 11.4M=0.2s

2017-01-27 13:58:17 (334 KB/s) - ‘91.362.147-a’ saved [82940/82940]

--2017-01-27 13:58:18--  http://doi.org/10.1093/afraf/91.362.165-b
Connecting to doi.org (doi.org)|95.138.171.129|:80... connected.
HTTP request sent, awaiting response... 303 See Other
Location: https://academic.oup.com/afraf/article-lookup/doi/10.1093/afraf/91.362.165-b [following]
--2017-01-27 13:58:19--  https://academic.oup.com/afraf/article-lookup/doi/10.1093/afraf/91.362.165-b
Connecting to academic.oup.com (academic.oup.com)|173.254.190.144|:443... connected.
HTTP request sent, awaiting response... 200 OK
Length: 65273 (64K) [text/html]
Saving to: ‘91.362.165-b’

     0K .......... .......... .......... .......... .......... 78%  209K 0s
    50K .......... ...                                        100% 18.8M=0.2s

2017-01-27 13:58:22 (266 KB/s) - ‘91.362.165-b’ saved [65273/65273]

--2017-01-27 13:58:23--  http://doi.org/10.1093/afraf/91.362.163
Connecting to doi.org (doi.org)|95.138.171.129|:80... connected.
HTTP request sent, awaiting response... 303 See Other
Location: https://academic.oup.com/afraf/article-lookup/doi/10.1093/afraf/91.362.163 [following]
--2017-01-27 13:58:24--  https://academic.oup.com/afraf/article-lookup/doi/10.1093/afraf/91.362.163
Connecting to academic.oup.com (academic.oup.com)|173.254.190.144|:443... connected.
HTTP request sent, awaiting response... 200 OK
Length: 67548 (66K) [text/html]
Saving to: ‘91.362.163’

     0K .......... .......... .......... .......... .......... 75%  209K 0s
    50K .......... .....                                      100% 15.3M=0.2s

2017-01-27 13:58:28 (274 KB/s) - ‘91.362.163’ saved [67548/67548]

--2017-01-27 13:58:29--  http://doi.org/10.1093/afraf/91.362.168
Connecting to doi.org (doi.org)|95.138.171.129|:80... connected.
HTTP request sent, awaiting response... 303 See Other
Location: https://academic.oup.com/afraf/article-lookup/doi/10.1093/afraf/91.362.168 [following]
--2017-01-27 13:58:30--  https://academic.oup.com/afraf/article-lookup/doi/10.1093/afraf/91.362.168
Connecting to academic.oup.com (academic.oup.com)|173.254.190.144|:443... connected.
HTTP request sent, awaiting response... 200 OK
Length: 65249 (64K) [text/html]
Saving to: ‘91.362.168’

     0K .......... .......... .......... .......... .......... 78%  208K 0s
    50K .......... ...                                        100% 16.5M=0.2s

2017-01-27 13:58:33 (264 KB/s) - ‘91.362.168’ saved [65249/65249]

--2017-01-27 13:58:34--  http://doi.org/10.1093/afraf/91.362.159-a
Connecting to doi.org (doi.org)|95.138.171.129|:80... connected.
HTTP request sent, awaiting response... 303 See Other
Location: https://academic.oup.com/afraf/article-lookup/doi/10.1093/afraf/91.362.159-a [following]
--2017-01-27 13:58:35--  https://academic.oup.com/afraf/article-lookup/doi/10.1093/afraf/91.362.159-a
Connecting to academic.oup.com (academic.oup.com)|173.254.190.144|:443... connected.
HTTP request sent, awaiting response... 200 OK
Length: 68504 (67K) [text/html]
Saving to: ‘91.362.159-a’

     0K .......... .......... .......... .......... .......... 74%  209K 0s
    50K .......... ......                                     100% 14.0M=0.2s

2017-01-27 13:58:41 (278 KB/s) - ‘91.362.159-a’ saved [68504/68504]

--2017-01-27 13:58:42--  http://doi.org/10.1093/afraf/91.362.153
Connecting to doi.org (doi.org)|95.138.171.129|:80... connected.
HTTP request sent, awaiting response... 303 See Other
Location: https://academic.oup.com/afraf/article-lookup/doi/10.1093/afraf/91.362.153 [following]
--2017-01-27 13:58:43--  https://academic.oup.com/afraf/article-lookup/doi/10.1093/afraf/91.362.153
Connecting to academic.oup.com (academic.oup.com)|173.254.190.144|:443... connected.
HTTP request sent, awaiting response... 200 OK
Length: 67656 (66K) [text/html]
Saving to: ‘91.362.153’

     0K .......... .......... .......... .......... .......... 75%  208K 0s
    50K .......... ......                                     100% 14.6M=0.2s

2017-01-27 13:58:51 (274 KB/s) - ‘91.362.153’ saved [67656/67656]

--2017-01-27 13:58:52--  http://doi.org/10.1093/afraf/91.362.167-a
Connecting to doi.org (doi.org)|95.138.171.129|:80... connected.
HTTP request sent, awaiting response... 303 See Other
Location: https://academic.oup.com/afraf/article-lookup/doi/10.1093/afraf/91.362.167-a [following]
--2017-01-27 13:58:53--  https://academic.oup.com/afraf/article-lookup/doi/10.1093/afraf/91.362.167-a
Connecting to academic.oup.com (academic.oup.com)|173.254.190.144|:443... connected.
HTTP request sent, awaiting response... 200 OK
Length: 80214 (78K) [text/html]
Saving to: ‘91.362.167-a’

     0K .......... .......... .......... .......... .......... 63%  209K 0s
    50K .......... .......... ........                        100% 10.2M=0.2s

2017-01-27 13:58:58 (324 KB/s) - ‘91.362.167-a’ saved [80214/80214]

--2017-01-27 13:58:59--  http://doi.org/10.1093/afraf/91.362.7
Connecting to doi.org (doi.org)|95.138.171.129|:80... connected.
HTTP request sent, awaiting response... 303 See Other
Location: https://academic.oup.com/afraf/article-lookup/doi/10.1093/afraf/91.362.7 [following]
--2017-01-27 13:59:00--  https://academic.oup.com/afraf/article-lookup/doi/10.1093/afraf/91.362.7
Connecting to academic.oup.com (academic.oup.com)|173.254.190.144|:443... connected.
HTTP request sent, awaiting response... 200 OK
Length: 67930 (66K) [text/html]
Saving to: ‘91.362.7’

     0K .......... .......... .......... .......... .......... 75%  207K 0s
    50K .......... ......                                     100% 16.8M=0.2s

2017-01-27 13:59:05 (274 KB/s) - ‘91.362.7’ saved [67930/67930]

--2017-01-27 13:59:06--  http://doi.org/10.1093/afraf/91.362.169
Connecting to doi.org (doi.org)|95.138.171.129|:80... connected.
HTTP request sent, awaiting response... 303 See Other
Location: https://academic.oup.com/afraf/article-lookup/doi/10.1093/afraf/91.362.169 [following]
--2017-01-27 13:59:07--  https://academic.oup.com/afraf/article-lookup/doi/10.1093/afraf/91.362.169
Connecting to academic.oup.com (academic.oup.com)|173.254.190.144|:443... connected.
HTTP request sent, awaiting response... 200 OK
Length: 65238 (64K) [text/html]
Saving to: ‘91.362.169’

     0K .......... .......... .......... .......... .......... 78%  205K 0s
    50K .......... ...                                        100% 14.8M=0.2s

2017-01-27 13:59:11 (260 KB/s) - ‘91.362.169’ saved [65238/65238]

--2017-01-27 13:59:12--  http://doi.org/10.1093/afraf/91.362.152
Connecting to doi.org (doi.org)|95.138.171.129|:80... connected.
HTTP request sent, awaiting response... 303 See Other
Location: https://academic.oup.com/afraf/article-lookup/doi/10.1093/afraf/91.362.152 [following]
--2017-01-27 13:59:14--  https://academic.oup.com/afraf/article-lookup/doi/10.1093/afraf/91.362.152
Connecting to academic.oup.com (academic.oup.com)|173.254.190.144|:443... connected.
HTTP request sent, awaiting response... 200 OK
Length: 67544 (66K) [text/html]
Saving to: ‘91.362.152’

     0K .......... .......... .......... .......... .......... 75%  207K 0s
    50K .......... .....                                      100% 13.7M=0.2s

2017-01-27 13:59:21 (272 KB/s) - ‘91.362.152’ saved [67544/67544]

--2017-01-27 13:59:22--  http://doi.org/10.1093/afraf/91.362.151
Connecting to doi.org (doi.org)|95.138.171.129|:80... connected.
HTTP request sent, awaiting response... 303 See Other
Location: https://academic.oup.com/afraf/article-lookup/doi/10.1093/afraf/91.362.151 [following]
--2017-01-27 13:59:23--  https://academic.oup.com/afraf/article-lookup/doi/10.1093/afraf/91.362.151
Connecting to academic.oup.com (academic.oup.com)|173.254.190.144|:443... connected.
HTTP request sent, awaiting response... 200 OK
Length: 67790 (66K) [text/html]
Saving to: ‘91.362.151’

     0K .......... .......... .......... .......... .......... 75%  209K 0s
    50K .......... ......                                     100% 11.2M=0.2s

2017-01-27 13:59:27 (275 KB/s) - ‘91.362.151’ saved [67790/67790]

--2017-01-27 13:59:28--  http://doi.org/10.1093/afraf/91.362.150
Connecting to doi.org (doi.org)|95.138.171.129|:80... connected.
HTTP request sent, awaiting response... 303 See Other
Location: https://academic.oup.com/afraf/article-lookup/doi/10.1093/afraf/91.362.150 [following]
--2017-01-27 13:59:29--  https://academic.oup.com/afraf/article-lookup/doi/10.1093/afraf/91.362.150
Connecting to academic.oup.com (academic.oup.com)|173.254.190.144|:443... connected.
HTTP request sent, awaiting response... 200 OK
Length: 82916 (81K) [text/html]
Saving to: ‘91.362.150’

     0K .......... .......... .......... .......... .......... 61%  207K 0s
    50K .......... .......... ..........                      100% 8.47M=0.2s

2017-01-27 13:59:34 (330 KB/s) - ‘91.362.150’ saved [82916/82916]

--2017-01-27 13:59:35--  http://doi.org/10.1093/afraf/91.362.159
Connecting to doi.org (doi.org)|95.138.171.129|:80... connected.
HTTP request sent, awaiting response... 303 See Other
Location: https://academic.oup.com/afraf/article-lookup/doi/10.1093/afraf/91.362.159 [following]
--2017-01-27 13:59:36--  https://academic.oup.com/afraf/article-lookup/doi/10.1093/afraf/91.362.159
Connecting to academic.oup.com (academic.oup.com)|173.254.190.144|:443... connected.
HTTP request sent, awaiting response... 200 OK
Length: 68143 (67K) [text/html]
Saving to: ‘91.362.159’

     0K .......... .......... .......... .......... .......... 75%  208K 0s
    50K .......... ......                                     100% 15.1M=0.2s

2017-01-27 13:59:41 (276 KB/s) - ‘91.362.159’ saved [68143/68143]

--2017-01-27 13:59:42--  http://doi.org/10.1093/afraf/91.362.165-a
Connecting to doi.org (doi.org)|95.138.171.129|:80... connected.
HTTP request sent, awaiting response... 303 See Other
Location: https://academic.oup.com/afraf/article-lookup/doi/10.1093/afraf/91.362.165-a [following]
--2017-01-27 13:59:43--  https://academic.oup.com/afraf/article-lookup/doi/10.1093/afraf/91.362.165-a
Connecting to academic.oup.com (academic.oup.com)|173.254.190.144|:443... connected.
HTTP request sent, awaiting response... 200 OK
Length: 65329 (64K) [text/html]
Saving to: ‘91.362.165-a’

     0K .......... .......... .......... .......... .......... 78%  209K 0s
    50K .......... ...                                        100% 17.5M=0.2s

2017-01-27 13:59:46 (265 KB/s) - ‘91.362.165-a’ saved [65329/65329]

--2017-01-27 13:59:47--  http://doi.org/10.1093/afraf/91.362.170
Connecting to doi.org (doi.org)|95.138.171.129|:80... connected.
HTTP request sent, awaiting response... 303 See Other
Location: https://academic.oup.com/afraf/article-lookup/doi/10.1093/afraf/91.362.170 [following]
--2017-01-27 13:59:48--  https://academic.oup.com/afraf/article-lookup/doi/10.1093/afraf/91.362.170
Connecting to academic.oup.com (academic.oup.com)|173.254.190.144|:443... connected.
HTTP request sent, awaiting response... 200 OK
Length: 81331 (79K) [text/html]
Saving to: ‘91.362.170’

     0K .......... .......... .......... .......... .......... 62%  208K 0s
    50K .......... .......... .........                       100% 7.64M=0.2s

2017-01-27 13:59:53 (326 KB/s) - ‘91.362.170’ saved [81331/81331]

--2017-01-27 13:59:54--  http://doi.org/10.1093/afraf/91.362.157
Connecting to doi.org (doi.org)|95.138.171.129|:80... connected.
HTTP request sent, awaiting response... 303 See Other
Location: https://academic.oup.com/afraf/article-lookup/doi/10.1093/afraf/91.362.157 [following]
--2017-01-27 13:59:55--  https://academic.oup.com/afraf/article-lookup/doi/10.1093/afraf/91.362.157
Connecting to academic.oup.com (academic.oup.com)|173.254.190.144|:443... connected.
HTTP request sent, awaiting response... 200 OK
Length: 82900 (81K) [text/html]
Saving to: ‘91.362.157’

     0K .......... .......... .......... .......... .......... 61%  208K 0s
    50K .......... .......... ..........                      100% 6.63M=0.2s

2017-01-27 13:59:59 (331 KB/s) - ‘91.362.157’ saved [82900/82900]

--2017-01-27 14:00:00--  http://doi.org/10.1093/afraf/91.362.126
Connecting to doi.org (doi.org)|95.138.171.129|:80... connected.
HTTP request sent, awaiting response... 303 See Other
Location: https://academic.oup.com/afraf/article-lookup/doi/10.1093/afraf/91.362.126 [following]
--2017-01-27 14:00:01--  https://academic.oup.com/afraf/article-lookup/doi/10.1093/afraf/91.362.126
Connecting to academic.oup.com (academic.oup.com)|173.254.190.144|:443... connected.
HTTP request sent, awaiting response... 200 OK
Length: 82524 (81K) [text/html]
Saving to: ‘91.362.126’

     0K .......... .......... .......... .......... .......... 62%  206K 0s
    50K .......... .......... ..........                      100% 2.43M=0.3s

2017-01-27 14:00:06 (316 KB/s) - ‘91.362.126’ saved [82524/82524]

--2017-01-27 14:00:07--  http://doi.org/10.1093/afraf/91.362.95
Connecting to doi.org (doi.org)|95.138.171.129|:80... connected.
HTTP request sent, awaiting response... 303 See Other
Location: https://academic.oup.com/afraf/article-lookup/doi/10.1093/afraf/91.362.95 [following]
--2017-01-27 14:00:08--  https://academic.oup.com/afraf/article-lookup/doi/10.1093/afraf/91.362.95
Connecting to academic.oup.com (academic.oup.com)|173.254.190.144|:443... connected.
HTTP request sent, awaiting response... 200 OK
Length: 69093 (67K) [text/html]
Saving to: ‘91.362.95’

     0K .......... .......... .......... .......... .......... 74%  207K 0s
    50K .......... .......                                    100% 16.1M=0.2s

2017-01-27 14:00:14 (278 KB/s) - ‘91.362.95’ saved [69093/69093]

--2017-01-27 14:00:15--  http://doi.org/10.1093/afraf/91.362.37
Connecting to doi.org (doi.org)|95.138.171.129|:80... connected.
HTTP request sent, awaiting response... 303 See Other
Location: https://academic.oup.com/afraf/article-lookup/doi/10.1093/afraf/91.362.37 [following]
--2017-01-27 14:00:16--  https://academic.oup.com/afraf/article-lookup/doi/10.1093/afraf/91.362.37
Connecting to academic.oup.com (academic.oup.com)|173.254.190.144|:443... connected.
HTTP request sent, awaiting response... 200 OK
Length: 67655 (66K) [text/html]
Saving to: ‘91.362.37’

     0K .......... .......... .......... .......... .......... 75%  205K 0s
    50K .......... ......                                     100% 13.5M=0.2s

2017-01-27 14:00:19 (270 KB/s) - ‘91.362.37’ saved [67655/67655]

--2017-01-27 14:00:20--  http://doi.org/10.1093/afraf/91.362.147
Connecting to doi.org (doi.org)|95.138.171.129|:80... connected.
HTTP request sent, awaiting response... 303 See Other
Location: https://academic.oup.com/afraf/article-lookup/doi/10.1093/afraf/91.362.147 [following]
--2017-01-27 14:00:21--  https://academic.oup.com/afraf/article-lookup/doi/10.1093/afraf/91.362.147
Connecting to academic.oup.com (academic.oup.com)|173.254.190.144|:443... connected.
HTTP request sent, awaiting response... 200 OK
Length: 67808 (66K) [text/html]
Saving to: ‘91.362.147’

     0K .......... .......... .......... .......... .......... 75%  308K 0s
    50K .......... ......                                     100%  207K=0.2s

2017-01-27 14:00:25 (275 KB/s) - ‘91.362.147’ saved [67808/67808]

--2017-01-27 14:00:26--  http://doi.org/10.1093/afraf/91.362.140
Connecting to doi.org (doi.org)|95.138.171.129|:80... connected.
HTTP request sent, awaiting response... 303 See Other
Location: https://academic.oup.com/afraf/article-lookup/doi/10.1093/afraf/91.362.140 [following]
--2017-01-27 14:00:27--  https://academic.oup.com/afraf/article-lookup/doi/10.1093/afraf/91.362.140
Connecting to academic.oup.com (academic.oup.com)|173.254.190.144|:443... connected.
HTTP request sent, awaiting response... 200 OK
Length: 67916 (66K) [text/html]
Saving to: ‘91.362.140’

     0K .......... .......... .......... .......... .......... 75%  208K 0s
    50K .......... ......                                     100% 14.9M=0.2s

2017-01-27 14:00:32 (275 KB/s) - ‘91.362.140’ saved [67916/67916]

--2017-01-27 14:00:33--  http://doi.org/10.1093/afraf/91.362.166
Connecting to doi.org (doi.org)|95.138.171.129|:80... connected.
HTTP request sent, awaiting response... 303 See Other
Location: https://academic.oup.com/afraf/article-lookup/doi/10.1093/afraf/91.362.166 [following]
--2017-01-27 14:00:34--  https://academic.oup.com/afraf/article-lookup/doi/10.1093/afraf/91.362.166
Connecting to academic.oup.com (academic.oup.com)|173.254.190.144|:443... connected.
HTTP request sent, awaiting response... 200 OK
Length: 65296 (64K) [text/html]
Saving to: ‘91.362.166’

     0K .......... .......... .......... .......... .......... 78%  209K 0s
    50K .......... ...                                        100% 18.7M=0.2s

2017-01-27 14:00:38 (266 KB/s) - ‘91.362.166’ saved [65296/65296]

--2017-01-27 14:00:39--  http://doi.org/10.1093/afraf/91.362.141
Connecting to doi.org (doi.org)|95.138.171.129|:80... connected.
HTTP request sent, awaiting response... 303 See Other
Location: https://academic.oup.com/afraf/article-lookup/doi/10.1093/afraf/91.362.141 [following]
--2017-01-27 14:00:40--  https://academic.oup.com/afraf/article-lookup/doi/10.1093/afraf/91.362.141
Connecting to academic.oup.com (academic.oup.com)|173.254.190.144|:443... connected.
HTTP request sent, awaiting response... 200 OK
Length: 68038 (66K) [text/html]
Saving to: ‘91.362.141’

     0K .......... .......... .......... .......... .......... 75%  209K 0s
    50K .......... ......                                     100% 16.2M=0.2s

2017-01-27 14:00:44 (277 KB/s) - ‘91.362.141’ saved [68038/68038]

--2017-01-27 14:00:45--  http://doi.org/10.1093/afraf/91.362.168-a
Connecting to doi.org (doi.org)|95.138.171.129|:80... connected.
HTTP request sent, awaiting response... 303 See Other
Location: https://academic.oup.com/afraf/article-lookup/doi/10.1093/afraf/91.362.168-a [following]
--2017-01-27 14:00:46--  https://academic.oup.com/afraf/article-lookup/doi/10.1093/afraf/91.362.168-a
Connecting to academic.oup.com (academic.oup.com)|173.254.190.144|:443... connected.
HTTP request sent, awaiting response... 200 OK
Length: 65279 (64K) [text/html]
Saving to: ‘91.362.168-a’

     0K .......... .......... .......... .......... .......... 78%  308K 0s
    50K .......... ...                                        100%  175K=0.2s

2017-01-27 14:00:49 (264 KB/s) - ‘91.362.168-a’ saved [65279/65279]

--2017-01-27 14:00:50--  http://doi.org/10.1093/afraf/91.362.165
Connecting to doi.org (doi.org)|95.138.171.129|:80... connected.
HTTP request sent, awaiting response... 303 See Other
Location: https://academic.oup.com/afraf/article-lookup/doi/10.1093/afraf/91.362.165 [following]
--2017-01-27 14:00:51--  https://academic.oup.com/afraf/article-lookup/doi/10.1093/afraf/91.362.165
Connecting to academic.oup.com (academic.oup.com)|173.254.190.144|:443... connected.
HTTP request sent, awaiting response... 200 OK
Length: 80222 (78K) [text/html]
Saving to: ‘91.362.165’

     0K .......... .......... .......... .......... .......... 63%  209K 0s
    50K .......... .......... ........                        100% 4.69M=0.2s

2017-01-27 14:00:56 (319 KB/s) - ‘91.362.165’ saved [80222/80222]

--2017-01-27 14:00:57--  http://doi.org/10.1093/afraf/91.362.73
Connecting to doi.org (doi.org)|95.138.171.129|:80... connected.
HTTP request sent, awaiting response... 303 See Other
Location: https://academic.oup.com/afraf/article-lookup/doi/10.1093/afraf/91.362.73 [following]
--2017-01-27 14:00:58--  https://academic.oup.com/afraf/article-lookup/doi/10.1093/afraf/91.362.73
Connecting to academic.oup.com (academic.oup.com)|173.254.190.144|:443... connected.
HTTP request sent, awaiting response... 200 OK
Length: 69267 (68K) [text/html]
Saving to: ‘91.362.73’

     0K .......... .......... .......... .......... .......... 73%  208K 0s
    50K .......... .......                                    100% 14.1M=0.2s

2017-01-27 14:01:02 (280 KB/s) - ‘91.362.73’ saved [69267/69267]

--2017-01-27 14:01:03--  http://doi.org/10.1093/afraf/91.362.167
Connecting to doi.org (doi.org)|95.138.171.129|:80... connected.
HTTP request sent, awaiting response... 303 See Other
Location: https://academic.oup.com/afraf/article-lookup/doi/10.1093/afraf/91.362.167 [following]
--2017-01-27 14:01:04--  https://academic.oup.com/afraf/article-lookup/doi/10.1093/afraf/91.362.167
Connecting to academic.oup.com (academic.oup.com)|173.254.190.144|:443... connected.
HTTP request sent, awaiting response... 200 OK
Length: 65282 (64K) [text/html]
Saving to: ‘91.362.167’

     0K .......... .......... .......... .......... .......... 78%  180K 0s
    50K .......... ...                                        100% 11.9M=0.3s

2017-01-27 14:01:11 (228 KB/s) - ‘91.362.167’ saved [65282/65282]

--2017-01-27 14:01:12--  http://doi.org/10.1093/afraf/91.362.143
Connecting to doi.org (doi.org)|95.138.171.129|:80... connected.
HTTP request sent, awaiting response... 303 See Other
Location: https://academic.oup.com/afraf/article-lookup/doi/10.1093/afraf/91.362.143 [following]
--2017-01-27 14:01:13--  https://academic.oup.com/afraf/article-lookup/doi/10.1093/afraf/91.362.143
Connecting to academic.oup.com (academic.oup.com)|173.254.190.144|:443... connected.
HTTP request sent, awaiting response... 200 OK
Length: 83115 (81K) [text/html]
Saving to: ‘91.362.143’

     0K .......... .......... .......... .......... .......... 61%  208K 0s
    50K .......... .......... .......... .                    100% 7.99M=0.2s

2017-01-27 14:01:19 (333 KB/s) - ‘91.362.143’ saved [83115/83115]

--2017-01-27 14:01:20--  http://doi.org/10.1093/afraf/91.362.155
Connecting to doi.org (doi.org)|95.138.171.129|:80... connected.
HTTP request sent, awaiting response... 303 See Other
Location: https://academic.oup.com/afraf/article-lookup/doi/10.1093/afraf/91.362.155 [following]
--2017-01-27 14:01:21--  https://academic.oup.com/afraf/article-lookup/doi/10.1093/afraf/91.362.155
Connecting to academic.oup.com (academic.oup.com)|173.254.190.144|:443... connected.
HTTP request sent, awaiting response... 200 OK
Length: 67951 (66K) [text/html]
Saving to: ‘91.362.155’

     0K .......... .......... .......... .......... .......... 75%  208K 0s
    50K .......... ......                                     100% 15.3M=0.2s

2017-01-27 14:01:26 (275 KB/s) - ‘91.362.155’ saved [67951/67951]

--2017-01-27 14:01:27--  http://doi.org/10.1093/afraf/91.362.138
Connecting to doi.org (doi.org)|95.138.171.129|:80... connected.
HTTP request sent, awaiting response... 303 See Other
Location: https://academic.oup.com/afraf/article-lookup/doi/10.1093/afraf/91.362.138 [following]
--2017-01-27 14:01:29--  https://academic.oup.com/afraf/article-lookup/doi/10.1093/afraf/91.362.138
Connecting to academic.oup.com (academic.oup.com)|173.254.190.144|:443... connected.
HTTP request sent, awaiting response... 200 OK
Length: 67878 (66K) [text/html]
Saving to: ‘91.362.138’

     0K .......... .......... .......... .......... .......... 75%  209K 0s
    50K .......... ......                                     100% 14.6M=0.2s

2017-01-27 14:01:32 (276 KB/s) - ‘91.362.138’ saved [67878/67878]

--2017-01-27 14:01:33--  http://doi.org/10.1093/oxfordjournals.afraf.a007702
Connecting to doi.org (doi.org)|95.138.171.129|:80... connected.
HTTP request sent, awaiting response... 303 See Other
Location: https://academic.oup.com/afraf/article-lookup/doi/10.1093/oxfordjournals.afraf.a007702 [following]
--2017-01-27 14:01:34--  https://academic.oup.com/afraf/article-lookup/doi/10.1093/oxfordjournals.afraf.a007702
Connecting to academic.oup.com (academic.oup.com)|173.254.190.144|:443... connected.
HTTP request sent, awaiting response... 200 OK
Length: 68310 (67K) [text/html]
Saving to: ‘oxfordjournals.afraf.a007702’

     0K .......... .......... .......... .......... .......... 74%  208K 0s
    50K .......... ......                                     100% 12.4M=0.2s

2017-01-27 14:01:38 (276 KB/s) - ‘oxfordjournals.afraf.a007702’ saved [68310/68310]

--2017-01-27 14:01:39--  http://doi.org/10.1093/oxfordjournals.afraf.a007698
Connecting to doi.org (doi.org)|95.138.171.129|:80... connected.
HTTP request sent, awaiting response... 303 See Other
Location: https://academic.oup.com/afraf/article-lookup/doi/10.1093/oxfordjournals.afraf.a007698 [following]
--2017-01-27 14:01:40--  https://academic.oup.com/afraf/article-lookup/doi/10.1093/oxfordjournals.afraf.a007698
Connecting to academic.oup.com (academic.oup.com)|173.254.190.144|:443... connected.
HTTP request sent, awaiting response... 200 OK
Length: 68392 (67K) [text/html]
Saving to: ‘oxfordjournals.afraf.a007698’

     0K .......... .......... .......... .......... .......... 74%  209K 0s
    50K .......... ......                                     100% 12.4M=0.2s

2017-01-27 14:01:44 (277 KB/s) - ‘oxfordjournals.afraf.a007698’ saved [68392/68392]

--2017-01-27 14:01:45--  http://doi.org/10.1093/oxfordjournals.afraf.a007705
Connecting to doi.org (doi.org)|95.138.171.129|:80... connected.
HTTP request sent, awaiting response... 303 See Other
Location: https://academic.oup.com/afraf/article-lookup/doi/10.1093/oxfordjournals.afraf.a007705 [following]
--2017-01-27 14:01:46--  https://academic.oup.com/afraf/article-lookup/doi/10.1093/oxfordjournals.afraf.a007705
Connecting to academic.oup.com (academic.oup.com)|173.254.190.144|:443... connected.
HTTP request sent, awaiting response... 200 OK
Length: 68002 (66K) [text/html]
Saving to: ‘oxfordjournals.afraf.a007705’

     0K .......... .......... .......... .......... .......... 75%  310K 0s
    50K .......... ......                                     100%  209K=0.2s

2017-01-27 14:02:06 (277 KB/s) - ‘oxfordjournals.afraf.a007705’ saved [68002/68002]

--2017-01-27 14:02:07--  http://doi.org/10.1093/oxfordjournals.afraf.a007710
Connecting to doi.org (doi.org)|95.138.171.129|:80... connected.
HTTP request sent, awaiting response... 303 See Other
Location: https://academic.oup.com/afraf/article-lookup/doi/10.1093/oxfordjournals.afraf.a007710 [following]
--2017-01-27 14:02:09--  https://academic.oup.com/afraf/article-lookup/doi/10.1093/oxfordjournals.afraf.a007710
Connecting to academic.oup.com (academic.oup.com)|173.254.190.144|:443... connected.
HTTP request sent, awaiting response... 200 OK
Length: 66704 (65K) [text/html]
Saving to: ‘oxfordjournals.afraf.a007710’

     0K .......... .......... .......... .......... .......... 76%  208K 0s
    50K .......... .....                                      100% 12.6M=0.2s

2017-01-27 14:02:15 (270 KB/s) - ‘oxfordjournals.afraf.a007710’ saved [66704/66704]

--2017-01-27 14:02:16--  http://doi.org/10.1093/oxfordjournals.afraf.a007699
Connecting to doi.org (doi.org)|95.138.171.129|:80... connected.
HTTP request sent, awaiting response... 303 See Other
Location: https://academic.oup.com/afraf/article-lookup/doi/10.1093/oxfordjournals.afraf.a007699 [following]
--2017-01-27 14:02:17--  https://academic.oup.com/afraf/article-lookup/doi/10.1093/oxfordjournals.afraf.a007699
Connecting to academic.oup.com (academic.oup.com)|173.254.190.144|:443... connected.
HTTP request sent, awaiting response... 200 OK
Length: 67414 (66K) [text/html]
Saving to: ‘oxfordjournals.afraf.a007699’

     0K .......... .......... .......... .......... .......... 75%  207K 0s
    50K .......... .....                                      100% 5.61M=0.2s

2017-01-27 14:02:23 (269 KB/s) - ‘oxfordjournals.afraf.a007699’ saved [67414/67414]

--2017-01-27 14:02:24--  http://doi.org/10.1093/oxfordjournals.afraf.a007701
Connecting to doi.org (doi.org)|95.138.171.129|:80... connected.
HTTP request sent, awaiting response... 303 See Other
Location: https://academic.oup.com/afraf/article-lookup/doi/10.1093/oxfordjournals.afraf.a007701 [following]
--2017-01-27 14:02:25--  https://academic.oup.com/afraf/article-lookup/doi/10.1093/oxfordjournals.afraf.a007701
Connecting to academic.oup.com (academic.oup.com)|173.254.190.144|:443... connected.
HTTP request sent, awaiting response... 200 OK
Length: 83196 (81K) [text/html]
Saving to: ‘oxfordjournals.afraf.a007701’

     0K .......... .......... .......... .......... .......... 61% 22.5K 1s
    50K .......... .......... .......... .                    100%  157K=2.4s

2017-01-27 14:02:32 (33.5 KB/s) - ‘oxfordjournals.afraf.a007701’ saved [83196/83196]

--2017-01-27 14:02:33--  http://doi.org/10.1093/oxfordjournals.afraf.a007712
Connecting to doi.org (doi.org)|95.138.171.129|:80... connected.
HTTP request sent, awaiting response... 303 See Other
Location: https://academic.oup.com/afraf/article-lookup/doi/10.1093/oxfordjournals.afraf.a007712 [following]
--2017-01-27 14:02:34--  https://academic.oup.com/afraf/article-lookup/doi/10.1093/oxfordjournals.afraf.a007712
Connecting to academic.oup.com (academic.oup.com)|173.254.190.144|:443... connected.
HTTP request sent, awaiting response... 200 OK
Length: 68104 (67K) [text/html]
Saving to: ‘oxfordjournals.afraf.a007712’

     0K .......... .......... .......... .......... .......... 75%  307K 0s
    50K .......... ......                                     100%  208K=0.2s

2017-01-27 14:02:39 (275 KB/s) - ‘oxfordjournals.afraf.a007712’ saved [68104/68104]

--2017-01-27 14:02:40--  http://doi.org/10.1093/oxfordjournals.afraf.a007700
Connecting to doi.org (doi.org)|95.138.171.129|:80... connected.
HTTP request sent, awaiting response... 303 See Other
Location: https://academic.oup.com/afraf/article-lookup/doi/10.1093/oxfordjournals.afraf.a007700 [following]
--2017-01-27 14:02:41--  https://academic.oup.com/afraf/article-lookup/doi/10.1093/oxfordjournals.afraf.a007700
Connecting to academic.oup.com (academic.oup.com)|173.254.190.144|:443... connected.
HTTP request sent, awaiting response... 200 OK
Length: 67983 (66K) [text/html]
Saving to: ‘oxfordjournals.afraf.a007700’

     0K .......... .......... .......... .......... .......... 75%  209K 0s
    50K .......... ......                                     100% 12.7M=0.2s

2017-01-27 14:02:45 (275 KB/s) - ‘oxfordjournals.afraf.a007700’ saved [67983/67983]

--2017-01-27 14:02:46--  http://doi.org/10.1093/oxfordjournals.afraf.a007711
Connecting to doi.org (doi.org)|95.138.171.129|:80... connected.
HTTP request sent, awaiting response... 303 See Other
Location: https://academic.oup.com/afraf/article-lookup/doi/10.1093/oxfordjournals.afraf.a007711 [following]
--2017-01-27 14:02:47--  https://academic.oup.com/afraf/article-lookup/doi/10.1093/oxfordjournals.afraf.a007711
Connecting to academic.oup.com (academic.oup.com)|173.254.190.144|:443... connected.
HTTP request sent, awaiting response... 200 OK
Length: 67170 (66K) [text/html]
Saving to: ‘oxfordjournals.afraf.a007711’

     0K .......... .......... .......... .......... .......... 76%  206K 0s
    50K .......... .....                                      100% 18.5M=0.2s

2017-01-27 14:02:51 (269 KB/s) - ‘oxfordjournals.afraf.a007711’ saved [67170/67170]

--2017-01-27 14:02:52--  http://doi.org/10.1093/oxfordjournals.afraf.a007694
Connecting to doi.org (doi.org)|95.138.171.129|:80... connected.
HTTP request sent, awaiting response... 303 See Other
Location: https://academic.oup.com/afraf/article-lookup/doi/10.1093/oxfordjournals.afraf.a007694 [following]
--2017-01-27 14:02:53--  https://academic.oup.com/afraf/article-lookup/doi/10.1093/oxfordjournals.afraf.a007694
Connecting to academic.oup.com (academic.oup.com)|173.254.190.144|:443... connected.
HTTP request sent, awaiting response... 200 OK
Length: 80036 (78K) [text/html]
Saving to: ‘oxfordjournals.afraf.a007694’

     0K .......... .......... .......... .......... .......... 63%  208K 0s
    50K .......... .......... ........                        100% 4.44M=0.2s

2017-01-27 14:02:59 (317 KB/s) - ‘oxfordjournals.afraf.a007694’ saved [80036/80036]

--2017-01-27 14:03:00--  http://doi.org/10.1093/oxfordjournals.afraf.a007693
Connecting to doi.org (doi.org)|95.138.171.129|:80... connected.
HTTP request sent, awaiting response... 303 See Other
Location: https://academic.oup.com/afraf/article-lookup/doi/10.1093/oxfordjournals.afraf.a007693 [following]
--2017-01-27 14:03:01--  https://academic.oup.com/afraf/article-lookup/doi/10.1093/oxfordjournals.afraf.a007693
Connecting to academic.oup.com (academic.oup.com)|173.254.190.144|:443... connected.
HTTP request sent, awaiting response... 200 OK
Length: 67907 (66K) [text/html]
Saving to: ‘oxfordjournals.afraf.a007693’

     0K .......... .......... .......... .......... .......... 75%  209K 0s
    50K .......... ......                                     100% 10.4M=0.2s

2017-01-27 14:03:06 (275 KB/s) - ‘oxfordjournals.afraf.a007693’ saved [67907/67907]

--2017-01-27 14:03:07--  http://doi.org/10.1093/oxfordjournals.afraf.a007703
Connecting to doi.org (doi.org)|95.138.171.129|:80... connected.
HTTP request sent, awaiting response... 303 See Other
Location: https://academic.oup.com/afraf/article-lookup/doi/10.1093/oxfordjournals.afraf.a007703 [following]
--2017-01-27 14:03:08--  https://academic.oup.com/afraf/article-lookup/doi/10.1093/oxfordjournals.afraf.a007703
Connecting to academic.oup.com (academic.oup.com)|173.254.190.144|:443... connected.
HTTP request sent, awaiting response... 200 OK
Length: 83244 (81K) [text/html]
Saving to: ‘oxfordjournals.afraf.a007703’

     0K .......... .......... .......... .......... .......... 61%  209K 0s
    50K .......... .......... .......... .                    100% 8.08M=0.2s

2017-01-27 14:03:12 (334 KB/s) - ‘oxfordjournals.afraf.a007703’ saved [83244/83244]

--2017-01-27 14:03:13--  http://doi.org/10.1093/oxfordjournals.afraf.a007707
Connecting to doi.org (doi.org)|95.138.171.129|:80... connected.
HTTP request sent, awaiting response... 303 See Other
Location: https://academic.oup.com/afraf/article-lookup/doi/10.1093/oxfordjournals.afraf.a007707 [following]
--2017-01-27 14:03:14--  https://academic.oup.com/afraf/article-lookup/doi/10.1093/oxfordjournals.afraf.a007707
Connecting to academic.oup.com (academic.oup.com)|173.254.190.144|:443... connected.
HTTP request sent, awaiting response... 200 OK
Length: 67672 (66K) [text/html]
Saving to: ‘oxfordjournals.afraf.a007707’

     0K .......... .......... .......... .......... .......... 75%  207K 0s
    50K .......... ......                                     100% 15.8M=0.2s

2017-01-27 14:03:20 (273 KB/s) - ‘oxfordjournals.afraf.a007707’ saved [67672/67672]

--2017-01-27 14:03:21--  http://doi.org/10.1093/oxfordjournals.afraf.a007695
Connecting to doi.org (doi.org)|95.138.171.129|:80... connected.
HTTP request sent, awaiting response... 303 See Other
Location: https://academic.oup.com/afraf/article-lookup/doi/10.1093/oxfordjournals.afraf.a007695 [following]
--2017-01-27 14:03:22--  https://academic.oup.com/afraf/article-lookup/doi/10.1093/oxfordjournals.afraf.a007695
Connecting to academic.oup.com (academic.oup.com)|173.254.190.144|:443... connected.
HTTP request sent, awaiting response... 200 OK
Length: 82712 (81K) [text/html]
Saving to: ‘oxfordjournals.afraf.a007695’

     0K .......... .......... .......... .......... .......... 61%  209K 0s
    50K .......... .......... ..........                      100% 10.5M=0.2s

2017-01-27 14:03:26 (334 KB/s) - ‘oxfordjournals.afraf.a007695’ saved [82712/82712]

--2017-01-27 14:03:27--  http://doi.org/10.1093/oxfordjournals.afraf.a007696
Connecting to doi.org (doi.org)|95.138.171.129|:80... connected.
HTTP request sent, awaiting response... 303 See Other
Location: https://academic.oup.com/afraf/article-lookup/doi/10.1093/oxfordjournals.afraf.a007696 [following]
--2017-01-27 14:03:29--  https://academic.oup.com/afraf/article-lookup/doi/10.1093/oxfordjournals.afraf.a007696
Connecting to academic.oup.com (academic.oup.com)|173.254.190.144|:443... connected.
HTTP request sent, awaiting response... 200 OK
Length: 67720 (66K) [text/html]
Saving to: ‘oxfordjournals.afraf.a007696’

     0K .......... .......... .......... .......... .......... 75%  209K 0s
    50K .......... ......                                     100% 14.8M=0.2s

2017-01-27 14:03:33 (275 KB/s) - ‘oxfordjournals.afraf.a007696’ saved [67720/67720]

--2017-01-27 14:03:34--  http://doi.org/10.1093/oxfordjournals.afraf.a007714
Connecting to doi.org (doi.org)|95.138.171.129|:80... connected.
HTTP request sent, awaiting response... 303 See Other
Location: https://academic.oup.com/afraf/article-lookup/doi/10.1093/oxfordjournals.afraf.a007714 [following]
--2017-01-27 14:03:35--  https://academic.oup.com/afraf/article-lookup/doi/10.1093/oxfordjournals.afraf.a007714
Connecting to academic.oup.com (academic.oup.com)|173.254.190.144|:443... connected.
HTTP request sent, awaiting response... 200 OK
Length: 68314 (67K) [text/html]
Saving to: ‘oxfordjournals.afraf.a007714’

     0K .......... .......... .......... .......... .......... 74%  208K 0s
    50K .......... ......                                     100% 16.8M=0.2s

2017-01-27 14:03:40 (277 KB/s) - ‘oxfordjournals.afraf.a007714’ saved [68314/68314]

--2017-01-27 14:03:41--  http://doi.org/10.1093/oxfordjournals.afraf.a007704
Connecting to doi.org (doi.org)|95.138.171.129|:80... connected.
HTTP request sent, awaiting response... 303 See Other
Location: https://academic.oup.com/afraf/article-lookup/doi/10.1093/oxfordjournals.afraf.a007704 [following]
--2017-01-27 14:03:42--  https://academic.oup.com/afraf/article-lookup/doi/10.1093/oxfordjournals.afraf.a007704
Connecting to academic.oup.com (academic.oup.com)|173.254.190.144|:443... connected.
HTTP request sent, awaiting response... 200 OK
Length: 68126 (67K) [text/html]
Saving to: ‘oxfordjournals.afraf.a007704’

     0K .......... .......... .......... .......... .......... 75%  309K 0s
    50K .......... ......                                     100%  210K=0.2s

2017-01-27 14:03:46 (277 KB/s) - ‘oxfordjournals.afraf.a007704’ saved [68126/68126]

--2017-01-27 14:03:47--  http://doi.org/10.1093/oxfordjournals.afraf.a007697
Connecting to doi.org (doi.org)|95.138.171.129|:80... connected.
HTTP request sent, awaiting response... 303 See Other
Location: https://academic.oup.com/afraf/article-lookup/doi/10.1093/oxfordjournals.afraf.a007697 [following]
--2017-01-27 14:03:48--  https://academic.oup.com/afraf/article-lookup/doi/10.1093/oxfordjournals.afraf.a007697
Connecting to academic.oup.com (academic.oup.com)|173.254.190.144|:443... connected.
HTTP request sent, awaiting response... 200 OK
Length: 68040 (66K) [text/html]
Saving to: ‘oxfordjournals.afraf.a007697’

     0K .......... .......... .......... .......... .......... 75%  208K 0s
    50K .......... ......                                     100% 15.5M=0.2s

2017-01-27 14:03:55 (276 KB/s) - ‘oxfordjournals.afraf.a007697’ saved [68040/68040]

--2017-01-27 14:03:56--  http://doi.org/10.1093/oxfordjournals.afraf.a007709
Connecting to doi.org (doi.org)|95.138.171.129|:80... connected.
HTTP request sent, awaiting response... 303 See Other
Location: https://academic.oup.com/afraf/article-lookup/doi/10.1093/oxfordjournals.afraf.a007709 [following]
--2017-01-27 14:03:57--  https://academic.oup.com/afraf/article-lookup/doi/10.1093/oxfordjournals.afraf.a007709
Connecting to academic.oup.com (academic.oup.com)|173.254.190.144|:443... connected.
HTTP request sent, awaiting response... 200 OK
Length: 67904 (66K) [text/html]
Saving to: ‘oxfordjournals.afraf.a007709’

     0K .......... .......... .......... .......... .......... 75%  209K 0s
    50K .......... ......                                     100% 13.9M=0.2s

2017-01-27 14:04:01 (275 KB/s) - ‘oxfordjournals.afraf.a007709’ saved [67904/67904]

--2017-01-27 14:04:02--  http://doi.org/10.1093/oxfordjournals.afraf.a007715
Connecting to doi.org (doi.org)|95.138.171.129|:80... connected.
HTTP request sent, awaiting response... 303 See Other
Location: https://academic.oup.com/afraf/article-lookup/doi/10.1093/oxfordjournals.afraf.a007715 [following]
--2017-01-27 14:04:03--  https://academic.oup.com/afraf/article-lookup/doi/10.1093/oxfordjournals.afraf.a007715
Connecting to academic.oup.com (academic.oup.com)|173.254.190.144|:443... connected.
HTTP request sent, awaiting response... 200 OK
Length: 68469 (67K) [text/html]
Saving to: ‘oxfordjournals.afraf.a007715’

     0K .......... .......... .......... .......... .......... 74%  209K 0s
    50K .......... ......                                     100% 16.3M=0.2s

2017-01-27 14:04:10 (278 KB/s) - ‘oxfordjournals.afraf.a007715’ saved [68469/68469]

--2017-01-27 14:04:11--  http://doi.org/10.1093/oxfordjournals.afraf.a007706
Connecting to doi.org (doi.org)|95.138.171.129|:80... connected.
HTTP request sent, awaiting response... 303 See Other
Location: https://academic.oup.com/afraf/article-lookup/doi/10.1093/oxfordjournals.afraf.a007706 [following]
--2017-01-27 14:04:12--  https://academic.oup.com/afraf/article-lookup/doi/10.1093/oxfordjournals.afraf.a007706
Connecting to academic.oup.com (academic.oup.com)|173.254.190.144|:443... connected.
HTTP request sent, awaiting response... 200 OK
Length: 68096 (66K) [text/html]
Saving to: ‘oxfordjournals.afraf.a007706’

     0K .......... .......... .......... .......... .......... 75%  209K 0s
    50K .......... ......                                     100% 17.0M=0.2s

2017-01-27 14:04:16 (277 KB/s) - ‘oxfordjournals.afraf.a007706’ saved [68096/68096]

--2017-01-27 14:04:17--  http://doi.org/10.1093/oxfordjournals.afraf.a007713
Connecting to doi.org (doi.org)|95.138.171.129|:80... connected.
HTTP request sent, awaiting response... 303 See Other
Location: https://academic.oup.com/afraf/article-lookup/doi/10.1093/oxfordjournals.afraf.a007713 [following]
--2017-01-27 14:04:18--  https://academic.oup.com/afraf/article-lookup/doi/10.1093/oxfordjournals.afraf.a007713
Connecting to academic.oup.com (academic.oup.com)|173.254.190.144|:443... connected.
HTTP request sent, awaiting response... 200 OK
Length: 68862 (67K) [text/html]
Saving to: ‘oxfordjournals.afraf.a007713’

     0K .......... .......... .......... .......... .......... 74%  209K 0s
    50K .......... .......                                    100% 14.6M=0.2s

2017-01-27 14:04:22 (280 KB/s) - ‘oxfordjournals.afraf.a007713’ saved [68862/68862]

--2017-01-27 14:04:23--  http://doi.org/10.1093/oxfordjournals.afraf.a007708
Connecting to doi.org (doi.org)|95.138.171.129|:80... connected.
HTTP request sent, awaiting response... 303 See Other
Location: https://academic.oup.com/afraf/article-lookup/doi/10.1093/oxfordjournals.afraf.a007708 [following]
--2017-01-27 14:04:24--  https://academic.oup.com/afraf/article-lookup/doi/10.1093/oxfordjournals.afraf.a007708
Connecting to academic.oup.com (academic.oup.com)|173.254.190.144|:443... connected.
HTTP request sent, awaiting response... 200 OK
Length: 68193 (67K) [text/html]
Saving to: ‘oxfordjournals.afraf.a007708’

     0K .......... .......... .......... .......... .......... 75%  309K 0s
    50K .......... ......                                     100%  210K=0.2s

2017-01-27 14:04:33 (277 KB/s) - ‘oxfordjournals.afraf.a007708’ saved [68193/68193]

--2017-01-27 14:04:34--  http://doi.org/10.1093/oxfordjournals.afraf.a007721
Connecting to doi.org (doi.org)|95.138.171.129|:80... connected.
HTTP request sent, awaiting response... 303 See Other
Location: https://academic.oup.com/afraf/article-lookup/doi/10.1093/oxfordjournals.afraf.a007721 [following]
--2017-01-27 14:04:36--  https://academic.oup.com/afraf/article-lookup/doi/10.1093/oxfordjournals.afraf.a007721
Connecting to academic.oup.com (academic.oup.com)|173.254.190.144|:443... connected.
HTTP request sent, awaiting response... 200 OK
Length: 65104 (64K) [text/html]
Saving to: ‘oxfordjournals.afraf.a007721’

     0K .......... .......... .......... .......... .......... 78%  209K 0s
    50K .......... ...                                        100% 14.5M=0.2s

2017-01-27 14:04:40 (265 KB/s) - ‘oxfordjournals.afraf.a007721’ saved [65104/65104]

--2017-01-27 14:04:41--  http://doi.org/10.1093/oxfordjournals.afraf.a007719
Connecting to doi.org (doi.org)|95.138.171.129|:80... connected.
HTTP request sent, awaiting response... 303 See Other
Location: https://academic.oup.com/afraf/article-lookup/doi/10.1093/oxfordjournals.afraf.a007719 [following]
--2017-01-27 14:04:42--  https://academic.oup.com/afraf/article-lookup/doi/10.1093/oxfordjournals.afraf.a007719
Connecting to academic.oup.com (academic.oup.com)|173.254.190.144|:443... connected.
HTTP request sent, awaiting response... 200 OK
Length: 67251 (66K) [text/html]
Saving to: ‘oxfordjournals.afraf.a007719’

     0K .......... .......... .......... .......... .......... 76%  208K 0s
    50K .......... .....                                      100% 16.3M=0.2s

2017-01-27 14:04:46 (272 KB/s) - ‘oxfordjournals.afraf.a007719’ saved [67251/67251]

--2017-01-27 14:04:47--  http://doi.org/10.1093/oxfordjournals.afraf.a007732
Connecting to doi.org (doi.org)|95.138.171.129|:80... connected.
HTTP request sent, awaiting response... 303 See Other
Location: https://academic.oup.com/afraf/article-lookup/doi/10.1093/oxfordjournals.afraf.a007732 [following]
--2017-01-27 14:04:48--  https://academic.oup.com/afraf/article-lookup/doi/10.1093/oxfordjournals.afraf.a007732
Connecting to academic.oup.com (academic.oup.com)|173.254.190.144|:443... connected.
HTTP request sent, awaiting response... 200 OK
Length: 67853 (66K) [text/html]
Saving to: ‘oxfordjournals.afraf.a007732’

     0K .......... .......... .......... .......... .......... 75%  206K 0s
    50K .......... ......                                     100% 23.1M=0.2s

2017-01-27 14:04:53 (272 KB/s) - ‘oxfordjournals.afraf.a007732’ saved [67853/67853]

--2017-01-27 14:04:54--  http://doi.org/10.1093/oxfordjournals.afraf.a007730
Connecting to doi.org (doi.org)|95.138.171.129|:80... connected.
HTTP request sent, awaiting response... 303 See Other
Location: https://academic.oup.com/afraf/article-lookup/doi/10.1093/oxfordjournals.afraf.a007730 [following]
--2017-01-27 14:04:55--  https://academic.oup.com/afraf/article-lookup/doi/10.1093/oxfordjournals.afraf.a007730
Connecting to academic.oup.com (academic.oup.com)|173.254.190.144|:443... connected.
HTTP request sent, awaiting response... 200 OK
Length: 67905 (66K) [text/html]
Saving to: ‘oxfordjournals.afraf.a007730’

     0K .......... .......... .......... .......... .......... 75%  208K 0s
    50K .......... ......                                     100% 17.8M=0.2s

2017-01-27 14:04:59 (275 KB/s) - ‘oxfordjournals.afraf.a007730’ saved [67905/67905]

--2017-01-27 14:05:00--  http://doi.org/10.1093/oxfordjournals.afraf.a007731
Connecting to doi.org (doi.org)|95.138.171.129|:80... connected.
HTTP request sent, awaiting response... 303 See Other
Location: https://academic.oup.com/afraf/article-lookup/doi/10.1093/oxfordjournals.afraf.a007731 [following]
--2017-01-27 14:05:01--  https://academic.oup.com/afraf/article-lookup/doi/10.1093/oxfordjournals.afraf.a007731
Connecting to academic.oup.com (academic.oup.com)|173.254.190.144|:443... connected.
HTTP request sent, awaiting response... 200 OK
Length: 67544 (66K) [text/html]
Saving to: ‘oxfordjournals.afraf.a007731’

     0K .......... .......... .......... .......... .......... 75%  209K 0s
    50K .......... .....                                      100% 14.3M=0.2s

2017-01-27 14:05:06 (274 KB/s) - ‘oxfordjournals.afraf.a007731’ saved [67544/67544]

--2017-01-27 14:05:07--  http://doi.org/10.1093/oxfordjournals.afraf.a007718
Connecting to doi.org (doi.org)|95.138.171.129|:80... connected.
HTTP request sent, awaiting response... 303 See Other
Location: https://academic.oup.com/afraf/article-lookup/doi/10.1093/oxfordjournals.afraf.a007718 [following]
--2017-01-27 14:05:08--  https://academic.oup.com/afraf/article-lookup/doi/10.1093/oxfordjournals.afraf.a007718
Connecting to academic.oup.com (academic.oup.com)|173.254.190.144|:443... connected.
HTTP request sent, awaiting response... 200 OK
Length: 67867 (66K) [text/html]
Saving to: ‘oxfordjournals.afraf.a007718’

     0K .......... .......... .......... .......... .......... 75%  209K 0s
    50K .......... ......                                     100% 14.2M=0.2s

2017-01-27 14:05:11 (275 KB/s) - ‘oxfordjournals.afraf.a007718’ saved [67867/67867]

--2017-01-27 14:05:12--  http://doi.org/10.1093/oxfordjournals.afraf.a007727
Connecting to doi.org (doi.org)|95.138.171.129|:80... connected.
HTTP request sent, awaiting response... 303 See Other
Location: https://academic.oup.com/afraf/article-lookup/doi/10.1093/oxfordjournals.afraf.a007727 [following]
--2017-01-27 14:05:13--  https://academic.oup.com/afraf/article-lookup/doi/10.1093/oxfordjournals.afraf.a007727
Connecting to academic.oup.com (academic.oup.com)|173.254.190.144|:443... connected.
HTTP request sent, awaiting response... 200 OK
Length: 68245 (67K) [text/html]
Saving to: ‘oxfordjournals.afraf.a007727’

     0K .......... .......... .......... .......... .......... 75%  209K 0s
    50K .......... ......                                     100% 14.0M=0.2s

2017-01-27 14:05:21 (277 KB/s) - ‘oxfordjournals.afraf.a007727’ saved [68245/68245]

--2017-01-27 14:05:22--  http://doi.org/10.1093/oxfordjournals.afraf.a007733
Connecting to doi.org (doi.org)|95.138.171.129|:80... connected.
HTTP request sent, awaiting response... 303 See Other
Location: https://academic.oup.com/afraf/article-lookup/doi/10.1093/oxfordjournals.afraf.a007733 [following]
--2017-01-27 14:05:23--  https://academic.oup.com/afraf/article-lookup/doi/10.1093/oxfordjournals.afraf.a007733
Connecting to academic.oup.com (academic.oup.com)|173.254.190.144|:443... connected.
HTTP request sent, awaiting response... 200 OK
Length: 68154 (67K) [text/html]
Saving to: ‘oxfordjournals.afraf.a007733’

     0K .......... .......... .......... .......... .......... 75%  209K 0s
    50K .......... ......                                     100% 14.7M=0.2s

2017-01-27 14:05:30 (277 KB/s) - ‘oxfordjournals.afraf.a007733’ saved [68154/68154]

--2017-01-27 14:05:31--  http://doi.org/10.1093/oxfordjournals.afraf.a007728
Connecting to doi.org (doi.org)|95.138.171.129|:80... connected.
HTTP request sent, awaiting response... 303 See Other
Location: https://academic.oup.com/afraf/article-lookup/doi/10.1093/oxfordjournals.afraf.a007728 [following]
--2017-01-27 14:05:32--  https://academic.oup.com/afraf/article-lookup/doi/10.1093/oxfordjournals.afraf.a007728
Connecting to academic.oup.com (academic.oup.com)|173.254.190.144|:443... connected.
HTTP request sent, awaiting response... 200 OK
Length: 83181 (81K) [text/html]
Saving to: ‘oxfordjournals.afraf.a007728’

     0K .......... .......... .......... .......... .......... 61%  208K 0s
    50K .......... .......... .......... .                    100% 13.9M=0.2s

2017-01-27 14:05:38 (335 KB/s) - ‘oxfordjournals.afraf.a007728’ saved [83181/83181]

FINISHED --2017-01-27 14:05:38--
Total wall clock time: 11m 36s
Downloaded: 100 files, 6.7M in 26s (259 KB/s)
