--2017-01-27 14:05:39--  http://doi.org/10.1093/ageing/1.1.63
Resolving doi.org (doi.org)... 38.100.138.163, 38.100.138.162, 54.191.229.235, ...
Connecting to doi.org (doi.org)|38.100.138.163|:80... connected.
HTTP request sent, awaiting response... 303 See Other
Location: https://academic.oup.com/ageing/article-lookup/doi/10.1093/ageing/1.1.63 [following]
--2017-01-27 14:05:40--  https://academic.oup.com/ageing/article-lookup/doi/10.1093/ageing/1.1.63
Resolving academic.oup.com (academic.oup.com)... 173.254.190.144
Connecting to academic.oup.com (academic.oup.com)|173.254.190.144|:443... connected.
HTTP request sent, awaiting response... 200 OK
Length: 71092 (69K) [text/html]
Saving to: ‘1.1.63’

     0K .......... .......... .......... .......... .......... 72%  209K 0s
    50K .......... .........                                  100% 15.6M=0.2s

2017-01-27 14:05:44 (289 KB/s) - ‘1.1.63’ saved [71092/71092]

--2017-01-27 14:05:45--  http://doi.org/10.1093/ageing/1.2.127-a
Connecting to doi.org (doi.org)|38.100.138.163|:80... connected.
HTTP request sent, awaiting response... 303 See Other
Location: https://academic.oup.com/ageing/article-lookup/doi/10.1093/ageing/1.2.127-a [following]
--2017-01-27 14:05:47--  https://academic.oup.com/ageing/article-lookup/doi/10.1093/ageing/1.2.127-a
Connecting to academic.oup.com (academic.oup.com)|173.254.190.144|:443... connected.
HTTP request sent, awaiting response... 200 OK
Length: 86016 (84K) [text/html]
Saving to: ‘1.2.127-a’

     0K .......... .......... .......... .......... .......... 59%  209K 0s
    50K .......... .......... .......... ....                 100% 13.5M=0.2s

2017-01-27 14:05:52 (348 KB/s) - ‘1.2.127-a’ saved [86016/86016]

--2017-01-27 14:05:53--  http://doi.org/10.1093/ageing/1.2.103
Connecting to doi.org (doi.org)|38.100.138.163|:80... connected.
HTTP request sent, awaiting response... 303 See Other
Location: https://academic.oup.com/ageing/article-lookup/doi/10.1093/ageing/1.2.103 [following]
--2017-01-27 14:05:54--  https://academic.oup.com/ageing/article-lookup/doi/10.1093/ageing/1.2.103
Connecting to academic.oup.com (academic.oup.com)|173.254.190.144|:443... connected.
HTTP request sent, awaiting response... 200 OK
Length: 83801 (82K) [text/html]
Saving to: ‘1.2.103.1’

     0K .......... .......... .......... .......... .......... 61%  309K 0s
    50K .......... .......... .......... .                    100%  395K=0.2s

2017-01-27 14:06:01 (338 KB/s) - ‘1.2.103.1’ saved [83801/83801]

--2017-01-27 14:06:02--  http://doi.org/10.1093/ageing/1.1.38
Connecting to doi.org (doi.org)|38.100.138.163|:80... connected.
HTTP request sent, awaiting response... 303 See Other
Location: https://academic.oup.com/ageing/article-lookup/doi/10.1093/ageing/1.1.38 [following]
--2017-01-27 14:06:03--  https://academic.oup.com/ageing/article-lookup/doi/10.1093/ageing/1.1.38
Connecting to academic.oup.com (academic.oup.com)|173.254.190.144|:443... connected.
HTTP request sent, awaiting response... 200 OK
Length: 83372 (81K) [text/html]
Saving to: ‘1.1.38’

     0K .......... .......... .......... .......... .......... 61%  209K 0s
    50K .......... .......... .......... .                    100% 8.50M=0.2s

2017-01-27 14:06:07 (335 KB/s) - ‘1.1.38’ saved [83372/83372]

--2017-01-27 14:06:08--  http://doi.org/10.1093/ageing/1.1.33
Connecting to doi.org (doi.org)|38.100.138.163|:80... connected.
HTTP request sent, awaiting response... 303 See Other
Location: https://academic.oup.com/ageing/article-lookup/doi/10.1093/ageing/1.1.33 [following]
--2017-01-27 14:06:10--  https://academic.oup.com/ageing/article-lookup/doi/10.1093/ageing/1.1.33
Connecting to academic.oup.com (academic.oup.com)|173.254.190.144|:443... connected.
HTTP request sent, awaiting response... 200 OK
Length: 78883 (77K) [text/html]
Saving to: ‘1.1.33’

     0K .......... .......... .......... .......... .......... 64%  208K 0s
    50K .......... .......... .......                         100% 14.5M=0.2s

2017-01-27 14:06:13 (318 KB/s) - ‘1.1.33’ saved [78883/78883]

--2017-01-27 14:06:14--  http://doi.org/10.1093/ageing/1.4.245
Connecting to doi.org (doi.org)|38.100.138.163|:80... connected.
HTTP request sent, awaiting response... 303 See Other
Location: https://academic.oup.com/ageing/article-lookup/doi/10.1093/ageing/1.4.245 [following]
--2017-01-27 14:06:15--  https://academic.oup.com/ageing/article-lookup/doi/10.1093/ageing/1.4.245
Connecting to academic.oup.com (academic.oup.com)|173.254.190.144|:443... connected.
HTTP request sent, awaiting response... 200 OK
Length: 83881 (82K) [text/html]
Saving to: ‘1.4.245’

     0K .......... .......... .......... .......... .......... 61%  206K 0s
    50K .......... .......... .......... .                    100% 13.5M=0.2s

2017-01-27 14:06:21 (334 KB/s) - ‘1.4.245’ saved [83881/83881]

--2017-01-27 14:06:22--  http://doi.org/10.1093/ageing/1.1.24
Connecting to doi.org (doi.org)|38.100.138.163|:80... connected.
HTTP request sent, awaiting response... 303 See Other
Location: https://academic.oup.com/ageing/article-lookup/doi/10.1093/ageing/1.1.24 [following]
--2017-01-27 14:06:23--  https://academic.oup.com/ageing/article-lookup/doi/10.1093/ageing/1.1.24
Connecting to academic.oup.com (academic.oup.com)|173.254.190.144|:443... connected.
HTTP request sent, awaiting response... 200 OK
Length: 83031 (81K) [text/html]
Saving to: ‘1.1.24’

     0K .......... .......... .......... .......... .......... 61%  208K 0s
    50K .......... .......... .......... .                    100% 11.2M=0.2s

2017-01-27 14:06:30 (334 KB/s) - ‘1.1.24’ saved [83031/83031]

--2017-01-27 14:06:31--  http://doi.org/10.1093/ageing/1.1.1-a
Connecting to doi.org (doi.org)|38.100.138.163|:80... connected.
HTTP request sent, awaiting response... 303 See Other
Location: https://academic.oup.com/ageing/article-lookup/doi/10.1093/ageing/1.1.1-a [following]
--2017-01-27 14:06:32--  https://academic.oup.com/ageing/article-lookup/doi/10.1093/ageing/1.1.1-a
Connecting to academic.oup.com (academic.oup.com)|173.254.190.144|:443... connected.
HTTP request sent, awaiting response... 200 OK
Length: 93213 (91K) [text/html]
Saving to: ‘1.1.1-a’

     0K .......... .......... .......... .......... .......... 54%  207K 0s
    50K .......... .......... .......... .......... .         100% 12.0M=0.2s

2017-01-27 14:06:46 (372 KB/s) - ‘1.1.1-a’ saved [93213/93213]

--2017-01-27 14:06:47--  http://doi.org/10.1093/ageing/1.2.125
Connecting to doi.org (doi.org)|38.100.138.163|:80... connected.
HTTP request sent, awaiting response... 303 See Other
Location: https://academic.oup.com/ageing/article-lookup/doi/10.1093/ageing/1.2.125 [following]
--2017-01-27 14:06:48--  https://academic.oup.com/ageing/article-lookup/doi/10.1093/ageing/1.2.125
Connecting to academic.oup.com (academic.oup.com)|173.254.190.144|:443... connected.
HTTP request sent, awaiting response... 200 OK
Length: 71110 (69K) [text/html]
Saving to: ‘1.2.125’

     0K .......... .......... .......... .......... .......... 72%  209K 0s
    50K .......... .........                                  100% 14.9M=0.2s

2017-01-27 14:06:52 (288 KB/s) - ‘1.2.125’ saved [71110/71110]

--2017-01-27 14:06:53--  http://doi.org/10.1093/ageing/1.2.64
Connecting to doi.org (doi.org)|38.100.138.163|:80... connected.
HTTP request sent, awaiting response... 303 See Other
Location: https://academic.oup.com/ageing/article-lookup/doi/10.1093/ageing/1.2.64 [following]
--2017-01-27 14:06:54--  https://academic.oup.com/ageing/article-lookup/doi/10.1093/ageing/1.2.64
Connecting to academic.oup.com (academic.oup.com)|173.254.190.144|:443... connected.
HTTP request sent, awaiting response... 200 OK
Length: 74416 (73K) [text/html]
Saving to: ‘1.2.64’

     0K .......... .......... .......... .......... .......... 68%  208K 0s
    50K .......... .......... ..                              100% 11.5M=0.2s

2017-01-27 14:06:59 (301 KB/s) - ‘1.2.64’ saved [74416/74416]

--2017-01-27 14:07:00--  http://doi.org/10.1093/ageing/1.1.61-a
Connecting to doi.org (doi.org)|38.100.138.163|:80... connected.
HTTP request sent, awaiting response... 303 See Other
Location: https://academic.oup.com/ageing/article-lookup/doi/10.1093/ageing/1.1.61-a [following]
--2017-01-27 14:07:01--  https://academic.oup.com/ageing/article-lookup/doi/10.1093/ageing/1.1.61-a
Connecting to academic.oup.com (academic.oup.com)|173.254.190.144|:443... connected.
HTTP request sent, awaiting response... 200 OK
Length: 71140 (69K) [text/html]
Saving to: ‘1.1.61-a’

     0K .......... .......... .......... .......... .......... 71%  208K 0s
    50K .......... .........                                  100% 12.5M=0.2s

2017-01-27 14:07:05 (287 KB/s) - ‘1.1.61-a’ saved [71140/71140]

--2017-01-27 14:07:06--  http://doi.org/10.1093/ageing/1.4.227
Connecting to doi.org (doi.org)|38.100.138.163|:80... connected.
HTTP request sent, awaiting response... 303 See Other
Location: https://academic.oup.com/ageing/article-lookup/doi/10.1093/ageing/1.4.227 [following]
--2017-01-27 14:07:07--  https://academic.oup.com/ageing/article-lookup/doi/10.1093/ageing/1.4.227
Connecting to academic.oup.com (academic.oup.com)|173.254.190.144|:443... connected.
HTTP request sent, awaiting response... 200 OK
Length: 78898 (77K) [text/html]
Saving to: ‘1.4.227’

     0K .......... .......... .......... .......... .......... 64%  209K 0s
    50K .......... .......... .......                         100% 12.1M=0.2s

2017-01-27 14:07:11 (319 KB/s) - ‘1.4.227’ saved [78898/78898]

--2017-01-27 14:07:12--  http://doi.org/10.1093/ageing/1.2.125-a
Connecting to doi.org (doi.org)|38.100.138.163|:80... connected.
HTTP request sent, awaiting response... 303 See Other
Location: https://academic.oup.com/ageing/article-lookup/doi/10.1093/ageing/1.2.125-a [following]
--2017-01-27 14:07:13--  https://academic.oup.com/ageing/article-lookup/doi/10.1093/ageing/1.2.125-a
Connecting to academic.oup.com (academic.oup.com)|173.254.190.144|:443... connected.
HTTP request sent, awaiting response... 200 OK
Length: 71324 (70K) [text/html]
Saving to: ‘1.2.125-a’

     0K .......... .......... .......... .......... .......... 71%  209K 0s
    50K .......... .........                                  100% 12.6M=0.2s

2017-01-27 14:07:17 (289 KB/s) - ‘1.2.125-a’ saved [71324/71324]

--2017-01-27 14:07:18--  http://doi.org/10.1093/ageing/1.2.65
Connecting to doi.org (doi.org)|38.100.138.163|:80... connected.
HTTP request sent, awaiting response... 303 See Other
Location: https://academic.oup.com/ageing/article-lookup/doi/10.1093/ageing/1.2.65 [following]
--2017-01-27 14:07:19--  https://academic.oup.com/ageing/article-lookup/doi/10.1093/ageing/1.2.65
Connecting to academic.oup.com (academic.oup.com)|173.254.190.144|:443... connected.
HTTP request sent, awaiting response... 200 OK
Length: 75701 (74K) [text/html]
Saving to: ‘1.2.65’

     0K .......... .......... .......... .......... .......... 67%  209K 0s
    50K .......... .......... ...                             100% 9.16M=0.2s

2017-01-27 14:07:23 (306 KB/s) - ‘1.2.65’ saved [75701/75701]

--2017-01-27 14:07:24--  http://doi.org/10.1093/ageing/1.4.250
Connecting to doi.org (doi.org)|38.100.138.163|:80... connected.
HTTP request sent, awaiting response... 303 See Other
Location: https://academic.oup.com/ageing/article-lookup/doi/10.1093/ageing/1.4.250 [following]
--2017-01-27 14:07:26--  https://academic.oup.com/ageing/article-lookup/doi/10.1093/ageing/1.4.250
Connecting to academic.oup.com (academic.oup.com)|173.254.190.144|:443... connected.
HTTP request sent, awaiting response... 200 OK
Length: 77231 (75K) [text/html]
Saving to: ‘1.4.250’

     0K .......... .......... .......... .......... .......... 66%  209K 0s
    50K .......... .......... .....                           100% 9.84M=0.2s

2017-01-27 14:07:30 (312 KB/s) - ‘1.4.250’ saved [77231/77231]

--2017-01-27 14:07:31--  http://doi.org/10.1093/ageing/1.1.61
Connecting to doi.org (doi.org)|38.100.138.163|:80... connected.
HTTP request sent, awaiting response... 303 See Other
Location: https://academic.oup.com/ageing/article-lookup/doi/10.1093/ageing/1.1.61 [following]
--2017-01-27 14:07:33--  https://academic.oup.com/ageing/article-lookup/doi/10.1093/ageing/1.1.61
Connecting to academic.oup.com (academic.oup.com)|173.254.190.144|:443... connected.
HTTP request sent, awaiting response... 200 OK
Length: 86084 (84K) [text/html]
Saving to: ‘1.1.61’

     0K .......... .......... .......... .......... .......... 59%  207K 0s
    50K .......... .......... .......... ....                 100% 12.8M=0.2s

2017-01-27 14:07:38 (344 KB/s) - ‘1.1.61’ saved [86084/86084]

--2017-01-27 14:07:39--  http://doi.org/10.1093/ageing/1.3.189-a
Connecting to doi.org (doi.org)|38.100.138.163|:80... connected.
HTTP request sent, awaiting response... 303 See Other
Location: https://academic.oup.com/ageing/article-lookup/doi/10.1093/ageing/1.3.189-a [following]
--2017-01-27 14:07:40--  https://academic.oup.com/ageing/article-lookup/doi/10.1093/ageing/1.3.189-a
Connecting to academic.oup.com (academic.oup.com)|173.254.190.144|:443... connected.
HTTP request sent, awaiting response... 200 OK
Length: 71222 (70K) [text/html]
Saving to: ‘1.3.189-a’

     0K .......... .......... .......... .......... .......... 71%  209K 0s
    50K .......... .........                                  100% 10.3M=0.2s

2017-01-27 14:07:45 (288 KB/s) - ‘1.3.189-a’ saved [71222/71222]

--2017-01-27 14:07:46--  http://doi.org/10.1093/ageing/1.3.177
Connecting to doi.org (doi.org)|38.100.138.163|:80... connected.
HTTP request sent, awaiting response... 303 See Other
Location: https://academic.oup.com/ageing/article-lookup/doi/10.1093/ageing/1.3.177 [following]
--2017-01-27 14:07:47--  https://academic.oup.com/ageing/article-lookup/doi/10.1093/ageing/1.3.177
Connecting to academic.oup.com (academic.oup.com)|173.254.190.144|:443... connected.
HTTP request sent, awaiting response... 200 OK
Length: 78609 (77K) [text/html]
Saving to: ‘1.3.177’

     0K .......... .......... .......... .......... .......... 65%  207K 0s
    50K .......... .......... ......                          100% 7.21M=0.2s

2017-01-27 14:07:51 (313 KB/s) - ‘1.3.177’ saved [78609/78609]

--2017-01-27 14:07:52--  http://doi.org/10.1093/ageing/1.3.187
Connecting to doi.org (doi.org)|38.100.138.163|:80... connected.
HTTP request sent, awaiting response... 303 See Other
Location: https://academic.oup.com/ageing/article-lookup/doi/10.1093/ageing/1.3.187 [following]
--2017-01-27 14:07:53--  https://academic.oup.com/ageing/article-lookup/doi/10.1093/ageing/1.3.187
Connecting to academic.oup.com (academic.oup.com)|173.254.190.144|:443... connected.
HTTP request sent, awaiting response... 200 OK
Length: 71037 (69K) [text/html]
Saving to: ‘1.3.187’

     0K .......... .......... .......... .......... .......... 72%  309K 0s
    50K .......... .........                                  100%  244K=0.2s

2017-01-27 14:07:58 (287 KB/s) - ‘1.3.187’ saved [71037/71037]

--2017-01-27 14:07:59--  http://doi.org/10.1093/ageing/1.3.188
Connecting to doi.org (doi.org)|38.100.138.163|:80... connected.
HTTP request sent, awaiting response... 303 See Other
Location: https://academic.oup.com/ageing/article-lookup/doi/10.1093/ageing/1.3.188 [following]
--2017-01-27 14:08:00--  https://academic.oup.com/ageing/article-lookup/doi/10.1093/ageing/1.3.188
Connecting to academic.oup.com (academic.oup.com)|173.254.190.144|:443... connected.
HTTP request sent, awaiting response... 200 OK
Length: 70962 (69K) [text/html]
Saving to: ‘1.3.188’

     0K .......... .......... .......... .......... .......... 72%  209K 0s
    50K .......... .........                                  100% 6.06M=0.2s

2017-01-27 14:08:05 (285 KB/s) - ‘1.3.188’ saved [70962/70962]

--2017-01-27 14:08:06--  http://doi.org/10.1093/ageing/1.3.131
Connecting to doi.org (doi.org)|38.100.138.163|:80... connected.
HTTP request sent, awaiting response... 303 See Other
Location: https://academic.oup.com/ageing/article-lookup/doi/10.1093/ageing/1.3.131 [following]
--2017-01-27 14:08:07--  https://academic.oup.com/ageing/article-lookup/doi/10.1093/ageing/1.3.131
Connecting to academic.oup.com (academic.oup.com)|173.254.190.144|:443... connected.
HTTP request sent, awaiting response... 200 OK
Length: 86222 (84K) [text/html]
Saving to: ‘1.3.131’

     0K .......... .......... .......... .......... .......... 59%  207K 0s
    50K .......... .......... .......... ....                 100% 12.9M=0.2s

2017-01-27 14:08:13 (345 KB/s) - ‘1.3.131’ saved [86222/86222]

--2017-01-27 14:08:14--  http://doi.org/10.1093/ageing/1.4.258
Connecting to doi.org (doi.org)|38.100.138.163|:80... connected.
HTTP request sent, awaiting response... 303 See Other
Location: https://academic.oup.com/ageing/article-lookup/doi/10.1093/ageing/1.4.258 [following]
--2017-01-27 14:08:15--  https://academic.oup.com/ageing/article-lookup/doi/10.1093/ageing/1.4.258
Connecting to academic.oup.com (academic.oup.com)|173.254.190.144|:443... connected.
HTTP request sent, awaiting response... 200 OK
Length: 71176 (70K) [text/html]
Saving to: ‘1.4.258’

     0K .......... .......... .......... .......... .......... 71%  205K 0s
    50K .......... .........                                  100% 8.49M=0.2s

2017-01-27 14:08:18 (282 KB/s) - ‘1.4.258’ saved [71176/71176]

--2017-01-27 14:08:19--  http://doi.org/10.1093/ageing/1.3.190
Connecting to doi.org (doi.org)|38.100.138.163|:80... connected.
HTTP request sent, awaiting response... 303 See Other
Location: https://academic.oup.com/ageing/article-lookup/doi/10.1093/ageing/1.3.190 [following]
--2017-01-27 14:08:20--  https://academic.oup.com/ageing/article-lookup/doi/10.1093/ageing/1.3.190
Connecting to academic.oup.com (academic.oup.com)|173.254.190.144|:443... connected.
HTTP request sent, awaiting response... 200 OK
Length: 71042 (69K) [text/html]
Saving to: ‘1.3.190’

     0K .......... .......... .......... .......... .......... 72%  207K 0s
    50K .......... .........                                  100% 13.7M=0.2s

2017-01-27 14:08:24 (285 KB/s) - ‘1.3.190’ saved [71042/71042]

--2017-01-27 14:08:25--  http://doi.org/10.1093/ageing/1.3.141
Connecting to doi.org (doi.org)|38.100.138.163|:80... connected.
HTTP request sent, awaiting response... 303 See Other
Location: https://academic.oup.com/ageing/article-lookup/doi/10.1093/ageing/1.3.141 [following]
--2017-01-27 14:08:26--  https://academic.oup.com/ageing/article-lookup/doi/10.1093/ageing/1.3.141
Connecting to academic.oup.com (academic.oup.com)|173.254.190.144|:443... connected.
HTTP request sent, awaiting response... 200 OK
Length: 75609 (74K) [text/html]
Saving to: ‘1.3.141’

     0K .......... .......... .......... .......... .......... 67%  209K 0s
    50K .......... .......... ...                             100% 7.07M=0.2s

2017-01-27 14:08:30 (304 KB/s) - ‘1.3.141’ saved [75609/75609]

--2017-01-27 14:08:31--  http://doi.org/10.1093/ageing/1.4.233
Connecting to doi.org (doi.org)|38.100.138.163|:80... connected.
HTTP request sent, awaiting response... 303 See Other
Location: https://academic.oup.com/ageing/article-lookup/doi/10.1093/ageing/1.4.233 [following]
--2017-01-27 14:08:32--  https://academic.oup.com/ageing/article-lookup/doi/10.1093/ageing/1.4.233
Connecting to academic.oup.com (academic.oup.com)|173.254.190.144|:443... connected.
HTTP request sent, awaiting response... 200 OK
Length: 78106 (76K) [text/html]
Saving to: ‘1.4.233’

     0K .......... .......... .......... .......... .......... 65%  208K 0s
    50K .......... .......... ......                          100% 10.6M=0.2s

2017-01-27 14:08:37 (314 KB/s) - ‘1.4.233’ saved [78106/78106]

--2017-01-27 14:08:38--  http://doi.org/10.1093/ageing/1.2.120
Connecting to doi.org (doi.org)|38.100.138.163|:80... connected.
HTTP request sent, awaiting response... 303 See Other
Location: https://academic.oup.com/ageing/article-lookup/doi/10.1093/ageing/1.2.120 [following]
--2017-01-27 14:08:39--  https://academic.oup.com/ageing/article-lookup/doi/10.1093/ageing/1.2.120
Connecting to academic.oup.com (academic.oup.com)|173.254.190.144|:443... connected.
HTTP request sent, awaiting response... 200 OK
Length: 76723 (75K) [text/html]
Saving to: ‘1.2.120’

     0K .......... .......... .......... .......... .......... 66%  306K 0s
    50K .......... .......... ....                            100%  310K=0.2s

2017-01-27 14:08:43 (307 KB/s) - ‘1.2.120’ saved [76723/76723]

--2017-01-27 14:08:44--  http://doi.org/10.1093/ageing/1.3.192
Connecting to doi.org (doi.org)|38.100.138.163|:80... connected.
HTTP request sent, awaiting response... 303 See Other
Location: https://academic.oup.com/ageing/article-lookup/doi/10.1093/ageing/1.3.192 [following]
--2017-01-27 14:08:45--  https://academic.oup.com/ageing/article-lookup/doi/10.1093/ageing/1.3.192
Connecting to academic.oup.com (academic.oup.com)|173.254.190.144|:443... connected.
HTTP request sent, awaiting response... 200 OK
Length: 71046 (69K) [text/html]
Saving to: ‘1.3.192’

     0K .......... .......... .......... .......... .......... 72%  209K 0s
    50K .......... .........                                  100% 13.9M=0.2s

2017-01-27 14:08:48 (288 KB/s) - ‘1.3.192’ saved [71046/71046]

--2017-01-27 14:08:49--  http://doi.org/10.1093/ageing/1.3.168
Connecting to doi.org (doi.org)|38.100.138.163|:80... connected.
HTTP request sent, awaiting response... 303 See Other
Location: https://academic.oup.com/ageing/article-lookup/doi/10.1093/ageing/1.3.168 [following]
--2017-01-27 14:08:51--  https://academic.oup.com/ageing/article-lookup/doi/10.1093/ageing/1.3.168
Connecting to academic.oup.com (academic.oup.com)|173.254.190.144|:443... connected.
HTTP request sent, awaiting response... 200 OK
Length: 78832 (77K) [text/html]
Saving to: ‘1.3.168’

     0K .......... .......... .......... .......... .......... 64%  209K 0s
    50K .......... .......... ......                          100% 13.8M=0.2s

2017-01-27 14:08:55 (319 KB/s) - ‘1.3.168’ saved [78832/78832]

--2017-01-27 14:08:56--  http://doi.org/10.1093/ageing/1.2.88
Connecting to doi.org (doi.org)|38.100.138.163|:80... connected.
HTTP request sent, awaiting response... 303 See Other
Location: https://academic.oup.com/ageing/article-lookup/doi/10.1093/ageing/1.2.88 [following]
--2017-01-27 14:08:57--  https://academic.oup.com/ageing/article-lookup/doi/10.1093/ageing/1.2.88
Connecting to academic.oup.com (academic.oup.com)|173.254.190.144|:443... connected.
HTTP request sent, awaiting response... 200 OK
Length: 82921 (81K) [text/html]
Saving to: ‘1.2.88’

     0K .......... .......... .......... .......... .......... 61%  208K 0s
    50K .......... .......... ..........                      100% 12.6M=0.2s

2017-01-27 14:09:01 (334 KB/s) - ‘1.2.88’ saved [82921/82921]

--2017-01-27 14:09:02--  http://doi.org/10.1093/ageing/1.3.146
Connecting to doi.org (doi.org)|38.100.138.163|:80... connected.
HTTP request sent, awaiting response... 303 See Other
Location: https://academic.oup.com/ageing/article-lookup/doi/10.1093/ageing/1.3.146 [following]
--2017-01-27 14:09:03--  https://academic.oup.com/ageing/article-lookup/doi/10.1093/ageing/1.3.146
Connecting to academic.oup.com (academic.oup.com)|173.254.190.144|:443... connected.
HTTP request sent, awaiting response... 200 OK
Length: 81655 (80K) [text/html]
Saving to: ‘1.3.146’

     0K .......... .......... .......... .......... .......... 62%  206K 0s
    50K .......... .......... .........                       100% 10.1M=0.2s

2017-01-27 14:09:07 (325 KB/s) - ‘1.3.146’ saved [81655/81655]

--2017-01-27 14:09:08--  http://doi.org/10.1093/ageing/1.3.152
Connecting to doi.org (doi.org)|38.100.138.163|:80... connected.
HTTP request sent, awaiting response... 303 See Other
Location: https://academic.oup.com/ageing/article-lookup/doi/10.1093/ageing/1.3.152 [following]
--2017-01-27 14:09:10--  https://academic.oup.com/ageing/article-lookup/doi/10.1093/ageing/1.3.152
Connecting to academic.oup.com (academic.oup.com)|173.254.190.144|:443... connected.
HTTP request sent, awaiting response... 200 OK
Length: 82269 (80K) [text/html]
Saving to: ‘1.3.152’

     0K .......... .......... .......... .......... .......... 62%  209K 0s
    50K .......... .......... ..........                      100% 10.4M=0.2s

2017-01-27 14:09:13 (331 KB/s) - ‘1.3.152’ saved [82269/82269]

--2017-01-27 14:09:14--  http://doi.org/10.1093/ageing/1.2.111
Connecting to doi.org (doi.org)|38.100.138.163|:80... connected.
HTTP request sent, awaiting response... 303 See Other
Location: https://academic.oup.com/ageing/article-lookup/doi/10.1093/ageing/1.2.111 [following]
--2017-01-27 14:09:15--  https://academic.oup.com/ageing/article-lookup/doi/10.1093/ageing/1.2.111
Connecting to academic.oup.com (academic.oup.com)|173.254.190.144|:443... connected.
HTTP request sent, awaiting response... 200 OK
Length: 103848 (101K) [text/html]
Saving to: ‘1.2.111’

     0K .......... .......... .......... .......... .......... 49%  208K 0s
    50K .......... .......... .......... .......... .......... 98%  605K 0s
   100K .                                                     100% 2697G=0.3s

2017-01-27 14:09:21 (314 KB/s) - ‘1.2.111’ saved [103848/103848]

--2017-01-27 14:09:22--  http://doi.org/10.1093/ageing/1.3.187-a
Connecting to doi.org (doi.org)|38.100.138.163|:80... connected.
HTTP request sent, awaiting response... 303 See Other
Location: https://academic.oup.com/ageing/article-lookup/doi/10.1093/ageing/1.3.187-a [following]
--2017-01-27 14:09:23--  https://academic.oup.com/ageing/article-lookup/doi/10.1093/ageing/1.3.187-a
Connecting to academic.oup.com (academic.oup.com)|173.254.190.144|:443... connected.
HTTP request sent, awaiting response... 200 OK
Length: 71014 (69K) [text/html]
Saving to: ‘1.3.187-a’

     0K .......... .......... .......... .......... .......... 72%  278K 0s
    50K .......... .........                                  100%  221K=0.3s

2017-01-27 14:09:27 (259 KB/s) - ‘1.3.187-a’ saved [71014/71014]

--2017-01-27 14:09:28--  http://doi.org/10.1093/ageing/1.3.188-a
Connecting to doi.org (doi.org)|38.100.138.163|:80... connected.
HTTP request sent, awaiting response... 303 See Other
Location: https://academic.oup.com/ageing/article-lookup/doi/10.1093/ageing/1.3.188-a [following]
--2017-01-27 14:09:29--  https://academic.oup.com/ageing/article-lookup/doi/10.1093/ageing/1.3.188-a
Connecting to academic.oup.com (academic.oup.com)|173.254.190.144|:443... connected.
HTTP request sent, awaiting response... 200 OK
Length: 71095 (69K) [text/html]
Saving to: ‘1.3.188-a’

     0K .......... .......... .......... .......... .......... 72%  207K 0s
    50K .......... .........                                  100% 16.9M=0.2s

2017-01-27 14:09:32 (286 KB/s) - ‘1.3.188-a’ saved [71095/71095]

--2017-01-27 14:09:33--  http://doi.org/10.1093/ageing/1.2.74
Connecting to doi.org (doi.org)|38.100.138.163|:80... connected.
HTTP request sent, awaiting response... 303 See Other
Location: https://academic.oup.com/ageing/article-lookup/doi/10.1093/ageing/1.2.74 [following]
--2017-01-27 14:09:35--  https://academic.oup.com/ageing/article-lookup/doi/10.1093/ageing/1.2.74
Connecting to academic.oup.com (academic.oup.com)|173.254.190.144|:443... connected.
HTTP request sent, awaiting response... 200 OK
Length: 83785 (82K) [text/html]
Saving to: ‘1.2.74’

     0K .......... .......... .......... .......... .......... 61%  209K 0s
    50K .......... .......... .......... .                    100% 9.83M=0.2s

2017-01-27 14:09:40 (337 KB/s) - ‘1.2.74’ saved [83785/83785]

--2017-01-27 14:09:41--  http://doi.org/10.1093/ageing/1.3.162
Connecting to doi.org (doi.org)|38.100.138.163|:80... connected.
HTTP request sent, awaiting response... 303 See Other
Location: https://academic.oup.com/ageing/article-lookup/doi/10.1093/ageing/1.3.162 [following]
--2017-01-27 14:09:42--  https://academic.oup.com/ageing/article-lookup/doi/10.1093/ageing/1.3.162
Connecting to academic.oup.com (academic.oup.com)|173.254.190.144|:443... connected.
HTTP request sent, awaiting response... 200 OK
Length: 78507 (77K) [text/html]
Saving to: ‘1.3.162’

     0K .......... .......... .......... .......... .......... 65%  209K 0s
    50K .......... .......... ......                          100% 8.82M=0.2s

2017-01-27 14:09:51 (317 KB/s) - ‘1.3.162’ saved [78507/78507]

--2017-01-27 14:09:52--  http://doi.org/10.1093/ageing/1.4.207
Connecting to doi.org (doi.org)|38.100.138.163|:80... connected.
HTTP request sent, awaiting response... 303 See Other
Location: https://academic.oup.com/ageing/article-lookup/doi/10.1093/ageing/1.4.207 [following]
--2017-01-27 14:09:53--  https://academic.oup.com/ageing/article-lookup/doi/10.1093/ageing/1.4.207
Connecting to academic.oup.com (academic.oup.com)|173.254.190.144|:443... connected.
HTTP request sent, awaiting response... 200 OK
Length: 78798 (77K) [text/html]
Saving to: ‘1.4.207’

     0K .......... .......... .......... .......... .......... 64%  207K 0s
    50K .......... .......... ......                          100% 7.81M=0.2s

2017-01-27 14:09:58 (314 KB/s) - ‘1.4.207’ saved [78798/78798]

--2017-01-27 14:09:59--  http://doi.org/10.1093/ageing/1.2.99
Connecting to doi.org (doi.org)|38.100.138.163|:80... connected.
HTTP request sent, awaiting response... 303 See Other
Location: https://academic.oup.com/ageing/article-lookup/doi/10.1093/ageing/1.2.99 [following]
--2017-01-27 14:10:00--  https://academic.oup.com/ageing/article-lookup/doi/10.1093/ageing/1.2.99
Connecting to academic.oup.com (academic.oup.com)|173.254.190.144|:443... connected.
HTTP request sent, awaiting response... 200 OK
Length: 95056 (93K) [text/html]
Saving to: ‘1.2.99’

     0K .......... .......... .......... .......... .......... 53%  208K 0s
    50K .......... .......... .......... .......... ..        100%  532K=0.3s

2017-01-27 14:10:07 (289 KB/s) - ‘1.2.99’ saved [95056/95056]

--2017-01-27 14:10:08--  http://doi.org/10.1093/ageing/1.4.239
Connecting to doi.org (doi.org)|38.100.138.163|:80... connected.
HTTP request sent, awaiting response... 303 See Other
Location: https://academic.oup.com/ageing/article-lookup/doi/10.1093/ageing/1.4.239 [following]
--2017-01-27 14:10:09--  https://academic.oup.com/ageing/article-lookup/doi/10.1093/ageing/1.4.239
Connecting to academic.oup.com (academic.oup.com)|173.254.190.144|:443... connected.
HTTP request sent, awaiting response... 200 OK
Length: 98675 (96K) [text/html]
Saving to: ‘1.4.239’

     0K .......... .......... .......... .......... .......... 51%  209K 0s
    50K .......... .......... .......... .......... ......    100%  558K=0.3s

2017-01-27 14:10:21 (299 KB/s) - ‘1.4.239’ saved [98675/98675]

--2017-01-27 14:10:22--  http://doi.org/10.1093/ageing/1.4.197
Connecting to doi.org (doi.org)|38.100.138.163|:80... connected.
HTTP request sent, awaiting response... 303 See Other
Location: https://academic.oup.com/ageing/article-lookup/doi/10.1093/ageing/1.4.197 [following]
--2017-01-27 14:10:23--  https://academic.oup.com/ageing/article-lookup/doi/10.1093/ageing/1.4.197
Connecting to academic.oup.com (academic.oup.com)|173.254.190.144|:443... connected.
HTTP request sent, awaiting response... 200 OK
Length: 103605 (101K) [text/html]
Saving to: ‘1.4.197’

     0K .......... .......... .......... .......... .......... 49%  208K 0s
    50K .......... .......... .......... .......... .......... 98%  609K 0s
   100K .                                                     100% 16.1M=0.3s

2017-01-27 14:10:27 (314 KB/s) - ‘1.4.197’ saved [103605/103605]

--2017-01-27 14:10:28--  http://doi.org/10.1093/ageing/1.1.55
Connecting to doi.org (doi.org)|38.100.138.163|:80... connected.
HTTP request sent, awaiting response... 303 See Other
Location: https://academic.oup.com/ageing/article-lookup/doi/10.1093/ageing/1.1.55 [following]
--2017-01-27 14:10:30--  https://academic.oup.com/ageing/article-lookup/doi/10.1093/ageing/1.1.55
Connecting to academic.oup.com (academic.oup.com)|173.254.190.144|:443... connected.
HTTP request sent, awaiting response... 200 OK
Length: 80147 (78K) [text/html]
Saving to: ‘1.1.55’

     0K .......... .......... .......... .......... .......... 63%  207K 0s
    50K .......... .......... ........                        100% 13.3M=0.2s

2017-01-27 14:10:34 (322 KB/s) - ‘1.1.55’ saved [80147/80147]

--2017-01-27 14:10:35--  http://doi.org/10.1093/ageing/1.2.126
Connecting to doi.org (doi.org)|38.100.138.163|:80... connected.
HTTP request sent, awaiting response... 303 See Other
Location: https://academic.oup.com/ageing/article-lookup/doi/10.1093/ageing/1.2.126 [following]
--2017-01-27 14:10:36--  https://academic.oup.com/ageing/article-lookup/doi/10.1093/ageing/1.2.126
Connecting to academic.oup.com (academic.oup.com)|173.254.190.144|:443... connected.
HTTP request sent, awaiting response... 200 OK
Length: 71040 (69K) [text/html]
Saving to: ‘1.2.126’

     0K .......... .......... .......... .......... .......... 72%  209K 0s
    50K .......... .........                                  100% 15.5M=0.2s

2017-01-27 14:10:40 (288 KB/s) - ‘1.2.126’ saved [71040/71040]

--2017-01-27 14:10:41--  http://doi.org/10.1093/ageing/1.1.30
Connecting to doi.org (doi.org)|38.100.138.163|:80... connected.
HTTP request sent, awaiting response... 303 See Other
Location: https://academic.oup.com/ageing/article-lookup/doi/10.1093/ageing/1.1.30 [following]
--2017-01-27 14:10:42--  https://academic.oup.com/ageing/article-lookup/doi/10.1093/ageing/1.1.30
Connecting to academic.oup.com (academic.oup.com)|173.254.190.144|:443... connected.
HTTP request sent, awaiting response... 200 OK
Length: 78884 (77K) [text/html]
Saving to: ‘1.1.30’

     0K .......... .......... .......... .......... .......... 64%  307K 0s
    50K .......... .......... .......                         100%  337K=0.2s

2017-01-27 14:10:48 (317 KB/s) - ‘1.1.30’ saved [78884/78884]

--2017-01-27 14:10:49--  http://doi.org/10.1093/ageing/1.3.185
Connecting to doi.org (doi.org)|38.100.138.163|:80... connected.
HTTP request sent, awaiting response... 303 See Other
Location: https://academic.oup.com/ageing/article-lookup/doi/10.1093/ageing/1.3.185 [following]
--2017-01-27 14:10:50--  https://academic.oup.com/ageing/article-lookup/doi/10.1093/ageing/1.3.185
Connecting to academic.oup.com (academic.oup.com)|173.254.190.144|:443... connected.
HTTP request sent, awaiting response... 200 OK
Length: 87290 (85K) [text/html]
Saving to: ‘1.3.185’

     0K .......... .......... .......... .......... .......... 58%  209K 0s
    50K .......... .......... .......... .....                100% 10.1M=0.2s

2017-01-27 14:10:57 (351 KB/s) - ‘1.3.185’ saved [87290/87290]

--2017-01-27 14:10:58--  http://doi.org/10.1093/ageing/1.4.222
Connecting to doi.org (doi.org)|38.100.138.163|:80... connected.
HTTP request sent, awaiting response... 303 See Other
Location: https://academic.oup.com/ageing/article-lookup/doi/10.1093/ageing/1.4.222 [following]
--2017-01-27 14:10:59--  https://academic.oup.com/ageing/article-lookup/doi/10.1093/ageing/1.4.222
Connecting to academic.oup.com (academic.oup.com)|173.254.190.144|:443... connected.
HTTP request sent, awaiting response... 200 OK
Length: 81014 (79K) [text/html]
Saving to: ‘1.4.222’

     0K .......... .......... .......... .......... .......... 63%  208K 0s
    50K .......... .......... .........                       100% 10.2M=0.2s

2017-01-27 14:11:03 (326 KB/s) - ‘1.4.222’ saved [81014/81014]

--2017-01-27 14:11:04--  http://doi.org/10.1093/ageing/1.3.191-a
Connecting to doi.org (doi.org)|38.100.138.163|:80... connected.
HTTP request sent, awaiting response... 303 See Other
Location: https://academic.oup.com/ageing/article-lookup/doi/10.1093/ageing/1.3.191-a [following]
--2017-01-27 14:11:05--  https://academic.oup.com/ageing/article-lookup/doi/10.1093/ageing/1.3.191-a
Connecting to academic.oup.com (academic.oup.com)|173.254.190.144|:443... connected.
HTTP request sent, awaiting response... 200 OK
Length: 71065 (69K) [text/html]
Saving to: ‘1.3.191-a’

     0K .......... .......... .......... .......... .......... 72%  310K 0s
    50K .......... .........                                  100%  246K=0.2s

2017-01-27 14:11:09 (289 KB/s) - ‘1.3.191-a’ saved [71065/71065]

--2017-01-27 14:11:10--  http://doi.org/10.1093/ageing/1.1.41
Connecting to doi.org (doi.org)|38.100.138.163|:80... connected.
HTTP request sent, awaiting response... 303 See Other
Location: https://academic.oup.com/ageing/article-lookup/doi/10.1093/ageing/1.1.41 [following]
--2017-01-27 14:11:11--  https://academic.oup.com/ageing/article-lookup/doi/10.1093/ageing/1.1.41
Connecting to academic.oup.com (academic.oup.com)|173.254.190.144|:443... connected.
HTTP request sent, awaiting response... 200 OK
Length: 92238 (90K) [text/html]
Saving to: ‘1.1.41’

     0K .......... .......... .......... .......... .......... 55%  209K 0s
    50K .......... .......... .......... ..........           100% 7.99M=0.2s

2017-01-27 14:11:15 (369 KB/s) - ‘1.1.41’ saved [92238/92238]

--2017-01-27 14:11:16--  http://doi.org/10.1093/ageing/1.2.127
Connecting to doi.org (doi.org)|38.100.138.163|:80... connected.
HTTP request sent, awaiting response... 303 See Other
Location: https://academic.oup.com/ageing/article-lookup/doi/10.1093/ageing/1.2.127 [following]
--2017-01-27 14:11:17--  https://academic.oup.com/ageing/article-lookup/doi/10.1093/ageing/1.2.127
Connecting to academic.oup.com (academic.oup.com)|173.254.190.144|:443... connected.
HTTP request sent, awaiting response... 200 OK
Length: 71158 (69K) [text/html]
Saving to: ‘1.2.127’

     0K .......... .......... .......... .......... .......... 71%  207K 0s
    50K .......... .........                                  100% 12.9M=0.2s

2017-01-27 14:11:20 (287 KB/s) - ‘1.2.127’ saved [71158/71158]

--2017-01-27 14:11:21--  http://doi.org/10.1093/ageing/1.4.255-a
Connecting to doi.org (doi.org)|38.100.138.163|:80... connected.
HTTP request sent, awaiting response... 303 See Other
Location: https://academic.oup.com/ageing/article-lookup/doi/10.1093/ageing/1.4.255-a [following]
--2017-01-27 14:11:22--  https://academic.oup.com/ageing/article-lookup/doi/10.1093/ageing/1.4.255-a
Connecting to academic.oup.com (academic.oup.com)|173.254.190.144|:443... connected.
HTTP request sent, awaiting response... 200 OK
Length: 69499 (68K) [text/html]
Saving to: ‘1.4.255-a’

     0K .......... .......... .......... .......... .......... 73%  207K 0s
    50K .......... .......                                    100% 3.92M=0.2s

2017-01-27 14:11:26 (276 KB/s) - ‘1.4.255-a’ saved [69499/69499]

--2017-01-27 14:11:27--  http://doi.org/10.1093/ageing/1.1.48
Connecting to doi.org (doi.org)|38.100.138.163|:80... connected.
HTTP request sent, awaiting response... 303 See Other
Location: https://academic.oup.com/ageing/article-lookup/doi/10.1093/ageing/1.1.48 [following]
--2017-01-27 14:11:29--  https://academic.oup.com/ageing/article-lookup/doi/10.1093/ageing/1.1.48
Connecting to academic.oup.com (academic.oup.com)|173.254.190.144|:443... connected.
HTTP request sent, awaiting response... 200 OK
Length: 105441 (103K) [text/html]
Saving to: ‘1.1.48’

     0K .......... .......... .......... .......... .......... 48%  209K 0s
    50K .......... .......... .......... .......... .......... 97%  611K 0s
   100K ..                                                    100% 5664G=0.3s

2017-01-27 14:11:39 (321 KB/s) - ‘1.1.48’ saved [105441/105441]

--2017-01-27 14:11:40--  http://doi.org/10.1093/ageing/1.4.257
Connecting to doi.org (doi.org)|38.100.138.163|:80... connected.
HTTP request sent, awaiting response... 303 See Other
Location: https://academic.oup.com/ageing/article-lookup/doi/10.1093/ageing/1.4.257 [following]
--2017-01-27 14:11:41--  https://academic.oup.com/ageing/article-lookup/doi/10.1093/ageing/1.4.257
Connecting to academic.oup.com (academic.oup.com)|173.254.190.144|:443... connected.
HTTP request sent, awaiting response... 200 OK
Length: 71112 (69K) [text/html]
Saving to: ‘1.4.257’

     0K .......... .......... .......... .......... .......... 71%  207K 0s
    50K .......... .........                                  100% 15.1M=0.2s

2017-01-27 14:11:46 (286 KB/s) - ‘1.4.257’ saved [71112/71112]

--2017-01-27 14:11:47--  http://doi.org/10.1093/ageing/1.3.191-b
Connecting to doi.org (doi.org)|38.100.138.163|:80... connected.
HTTP request sent, awaiting response... 303 See Other
Location: https://academic.oup.com/ageing/article-lookup/doi/10.1093/ageing/1.3.191-b [following]
--2017-01-27 14:11:48--  https://academic.oup.com/ageing/article-lookup/doi/10.1093/ageing/1.3.191-b
Connecting to academic.oup.com (academic.oup.com)|173.254.190.144|:443... connected.
HTTP request sent, awaiting response... 200 OK
Length: 71042 (69K) [text/html]
Saving to: ‘1.3.191-b’

     0K .......... .......... .......... .......... .......... 72%  208K 0s
    50K .......... .........                                  100% 19.4M=0.2s

2017-01-27 14:11:52 (287 KB/s) - ‘1.3.191-b’ saved [71042/71042]

--2017-01-27 14:11:53--  http://doi.org/10.1093/ageing/1.1.62
Connecting to doi.org (doi.org)|38.100.138.163|:80... connected.
HTTP request sent, awaiting response... 303 See Other
Location: https://academic.oup.com/ageing/article-lookup/doi/10.1093/ageing/1.1.62 [following]
--2017-01-27 14:11:54--  https://academic.oup.com/ageing/article-lookup/doi/10.1093/ageing/1.1.62
Connecting to academic.oup.com (academic.oup.com)|173.254.190.144|:443... connected.
HTTP request sent, awaiting response... 200 OK
Length: 71024 (69K) [text/html]
Saving to: ‘1.1.62’

     0K .......... .......... .......... .......... .......... 72%  309K 0s
    50K .......... .........                                  100%  235K=0.2s

2017-01-27 14:11:57 (284 KB/s) - ‘1.1.62’ saved [71024/71024]

--2017-01-27 14:11:58--  http://doi.org/10.1093/ageing/1.2.128
Connecting to doi.org (doi.org)|38.100.138.163|:80... connected.
HTTP request sent, awaiting response... 303 See Other
Location: https://academic.oup.com/ageing/article-lookup/doi/10.1093/ageing/1.2.128 [following]
--2017-01-27 14:11:59--  https://academic.oup.com/ageing/article-lookup/doi/10.1093/ageing/1.2.128
Connecting to academic.oup.com (academic.oup.com)|173.254.190.144|:443... connected.
HTTP request sent, awaiting response... 200 OK
Length: 70969 (69K) [text/html]
Saving to: ‘1.2.128’

     0K .......... .......... .......... .......... .......... 72%  208K 0s
    50K .......... .........                                  100% 13.0M=0.2s

2017-01-27 14:12:03 (286 KB/s) - ‘1.2.128’ saved [70969/70969]

--2017-01-27 14:12:04--  http://doi.org/10.1093/ageing/1.3.158
Connecting to doi.org (doi.org)|38.100.138.163|:80... connected.
HTTP request sent, awaiting response... 303 See Other
Location: https://academic.oup.com/ageing/article-lookup/doi/10.1093/ageing/1.3.158 [following]
--2017-01-27 14:12:06--  https://academic.oup.com/ageing/article-lookup/doi/10.1093/ageing/1.3.158
Connecting to academic.oup.com (academic.oup.com)|173.254.190.144|:443... connected.
HTTP request sent, awaiting response... 200 OK
Length: 86382 (84K) [text/html]
Saving to: ‘1.3.158’

     0K .......... .......... .......... .......... .......... 59%  209K 0s
    50K .......... .......... .......... ....                 100% 8.52M=0.2s

2017-01-27 14:12:12 (346 KB/s) - ‘1.3.158’ saved [86382/86382]

--2017-01-27 14:12:13--  http://doi.org/10.1093/ageing/1.4.193
Connecting to doi.org (doi.org)|38.100.138.163|:80... connected.
HTTP request sent, awaiting response... 303 See Other
Location: https://academic.oup.com/ageing/article-lookup/doi/10.1093/ageing/1.4.193 [following]
--2017-01-27 14:12:14--  https://academic.oup.com/ageing/article-lookup/doi/10.1093/ageing/1.4.193
Connecting to academic.oup.com (academic.oup.com)|173.254.190.144|:443... connected.
HTTP request sent, awaiting response... 200 OK
Length: 69029 (67K) [text/html]
Saving to: ‘1.4.193’

     0K .......... .......... .......... .......... .......... 74%  209K 0s
    50K .......... .......                                    100% 14.7M=0.2s

2017-01-27 14:12:18 (280 KB/s) - ‘1.4.193’ saved [69029/69029]

--2017-01-27 14:12:19--  http://doi.org/10.1093/ageing/1.2.81
Connecting to doi.org (doi.org)|38.100.138.163|:80... connected.
HTTP request sent, awaiting response... 303 See Other
Location: https://academic.oup.com/ageing/article-lookup/doi/10.1093/ageing/1.2.81 [following]
--2017-01-27 14:12:20--  https://academic.oup.com/ageing/article-lookup/doi/10.1093/ageing/1.2.81
Connecting to academic.oup.com (academic.oup.com)|173.254.190.144|:443... connected.
HTTP request sent, awaiting response... 200 OK
Length: 80168 (78K) [text/html]
Saving to: ‘1.2.81’

     0K .......... .......... .......... .......... .......... 63%  207K 0s
    50K .......... .......... ........                        100% 11.2M=0.2s

2017-01-27 14:12:24 (321 KB/s) - ‘1.2.81’ saved [80168/80168]

--2017-01-27 14:12:25--  http://doi.org/10.1093/ageing/1.1.1
Connecting to doi.org (doi.org)|38.100.138.163|:80... connected.
HTTP request sent, awaiting response... 303 See Other
Location: https://academic.oup.com/ageing/article-lookup/doi/10.1093/ageing/1.1.1 [following]
--2017-01-27 14:12:26--  https://academic.oup.com/ageing/article-lookup/doi/10.1093/ageing/1.1.1
Connecting to academic.oup.com (academic.oup.com)|173.254.190.144|:443... connected.
HTTP request sent, awaiting response... 200 OK
Length: 71869 (70K) [text/html]
Saving to: ‘1.1.1.1’

     0K .......... .......... .......... .......... .......... 71%  209K 0s
    50K .......... ..........                                 100% 7.93M=0.2s

2017-01-27 14:12:30 (290 KB/s) - ‘1.1.1.1’ saved [71869/71869]

--2017-01-27 14:12:31--  http://doi.org/10.1093/ageing/1.3.182
Connecting to doi.org (doi.org)|38.100.138.163|:80... connected.
HTTP request sent, awaiting response... 303 See Other
Location: https://academic.oup.com/ageing/article-lookup/doi/10.1093/ageing/1.3.182 [following]
--2017-01-27 14:12:33--  https://academic.oup.com/ageing/article-lookup/doi/10.1093/ageing/1.3.182
Connecting to academic.oup.com (academic.oup.com)|173.254.190.144|:443... connected.
HTTP request sent, awaiting response... 200 OK
Length: 79818 (78K) [text/html]
Saving to: ‘1.3.182’

     0K .......... .......... .......... .......... .......... 64%  207K 0s
    50K .......... .......... .......                         100% 13.5M=0.2s

2017-01-27 14:12:36 (320 KB/s) - ‘1.3.182’ saved [79818/79818]

--2017-01-27 14:12:37--  http://doi.org/10.1093/ageing/1.3.189
Connecting to doi.org (doi.org)|38.100.138.163|:80... connected.
HTTP request sent, awaiting response... 303 See Other
Location: https://academic.oup.com/ageing/article-lookup/doi/10.1093/ageing/1.3.189 [following]
--2017-01-27 14:12:38--  https://academic.oup.com/ageing/article-lookup/doi/10.1093/ageing/1.3.189
Connecting to academic.oup.com (academic.oup.com)|173.254.190.144|:443... connected.
HTTP request sent, awaiting response... 200 OK
Length: 70990 (69K) [text/html]
Saving to: ‘1.3.189’

     0K .......... .......... .......... .......... .......... 72%  209K 0s
    50K .......... .........                                  100% 16.4M=0.2s

2017-01-27 14:12:42 (288 KB/s) - ‘1.3.189’ saved [70990/70990]

--2017-01-27 14:12:43--  http://doi.org/10.1093/ageing/1.2.125-b
Connecting to doi.org (doi.org)|38.100.138.163|:80... connected.
HTTP request sent, awaiting response... 303 See Other
Location: https://academic.oup.com/ageing/article-lookup/doi/10.1093/ageing/1.2.125-b [following]
--2017-01-27 14:12:44--  https://academic.oup.com/ageing/article-lookup/doi/10.1093/ageing/1.2.125-b
Connecting to academic.oup.com (academic.oup.com)|173.254.190.144|:443... connected.
HTTP request sent, awaiting response... 200 OK
Length: 71301 (70K) [text/html]
Saving to: ‘1.2.125-b’

     0K .......... .......... .......... .......... .......... 71%  209K 0s
    50K .......... .........                                  100% 16.5M=0.2s

2017-01-27 14:12:49 (290 KB/s) - ‘1.2.125-b’ saved [71301/71301]

--2017-01-27 14:12:50--  http://doi.org/10.1093/ageing/1.4.255
Connecting to doi.org (doi.org)|38.100.138.163|:80... connected.
HTTP request sent, awaiting response... 303 See Other
Location: https://academic.oup.com/ageing/article-lookup/doi/10.1093/ageing/1.4.255 [following]
--2017-01-27 14:12:51--  https://academic.oup.com/ageing/article-lookup/doi/10.1093/ageing/1.4.255
Connecting to academic.oup.com (academic.oup.com)|173.254.190.144|:443... connected.
HTTP request sent, awaiting response... 200 OK
Length: 70477 (69K) [text/html]
Saving to: ‘1.4.255’

     0K .......... .......... .......... .......... .......... 72%  308K 0s
    50K .......... ........                                   100%  240K=0.2s

2017-01-27 14:12:56 (286 KB/s) - ‘1.4.255’ saved [70477/70477]

--2017-01-27 14:12:57--  http://doi.org/10.1093/ageing/1.4.213
Connecting to doi.org (doi.org)|38.100.138.163|:80... connected.
HTTP request sent, awaiting response... 303 See Other
Location: https://academic.oup.com/ageing/article-lookup/doi/10.1093/ageing/1.4.213 [following]
--2017-01-27 14:12:58--  https://academic.oup.com/ageing/article-lookup/doi/10.1093/ageing/1.4.213
Connecting to academic.oup.com (academic.oup.com)|173.254.190.144|:443... connected.
HTTP request sent, awaiting response... 200 OK
Length: 83178 (81K) [text/html]
Saving to: ‘1.4.213’

     0K .......... .......... .......... .......... .......... 61%  209K 0s
    50K .......... .......... .......... .                    100% 13.3M=0.2s

2017-01-27 14:13:02 (336 KB/s) - ‘1.4.213’ saved [83178/83178]

--2017-01-27 14:13:03--  http://doi.org/10.1093/ageing/1.3.129
Connecting to doi.org (doi.org)|38.100.138.163|:80... connected.
HTTP request sent, awaiting response... 303 See Other
Location: https://academic.oup.com/ageing/article-lookup/doi/10.1093/ageing/1.3.129 [following]
--2017-01-27 14:13:04--  https://academic.oup.com/ageing/article-lookup/doi/10.1093/ageing/1.3.129
Connecting to academic.oup.com (academic.oup.com)|173.254.190.144|:443... connected.
HTTP request sent, awaiting response... 200 OK
Length: 70583 (69K) [text/html]
Saving to: ‘1.3.129’

     0K .......... .......... .......... .......... .......... 72%  208K 0s
    50K .......... ........                                   100% 11.2M=0.2s

2017-01-27 14:13:07 (285 KB/s) - ‘1.3.129’ saved [70583/70583]

--2017-01-27 14:13:08--  http://doi.org/10.1093/ageing/1.3.191
Connecting to doi.org (doi.org)|38.100.138.163|:80... connected.
HTTP request sent, awaiting response... 303 See Other
Location: https://academic.oup.com/ageing/article-lookup/doi/10.1093/ageing/1.3.191 [following]
--2017-01-27 14:13:10--  https://academic.oup.com/ageing/article-lookup/doi/10.1093/ageing/1.3.191
Connecting to academic.oup.com (academic.oup.com)|173.254.190.144|:443... connected.
HTTP request sent, awaiting response... 200 OK
Length: 70869 (69K) [text/html]
Saving to: ‘1.3.191’

     0K .......... .......... .......... .......... .......... 72%  208K 0s
    50K .......... .........                                  100% 15.7M=0.2s

2017-01-27 14:13:13 (286 KB/s) - ‘1.3.191’ saved [70869/70869]

--2017-01-27 14:13:14--  http://doi.org/10.1093/ageing/1.4.257-a
Connecting to doi.org (doi.org)|38.100.138.163|:80... connected.
HTTP request sent, awaiting response... 303 See Other
Location: https://academic.oup.com/ageing/article-lookup/doi/10.1093/ageing/1.4.257-a [following]
--2017-01-27 14:13:16--  https://academic.oup.com/ageing/article-lookup/doi/10.1093/ageing/1.4.257-a
Connecting to academic.oup.com (academic.oup.com)|173.254.190.144|:443... connected.
HTTP request sent, awaiting response... 200 OK
Length: 86254 (84K) [text/html]
Saving to: ‘1.4.257-a’

     0K .......... .......... .......... .......... .......... 59%  309K 0s
    50K .......... .......... .......... ....                 100%  425K=0.2s

2017-01-27 14:13:21 (347 KB/s) - ‘1.4.257-a’ saved [86254/86254]

--2017-01-27 14:13:22--  http://doi.org/10.1093/ageing/1.1.14
Connecting to doi.org (doi.org)|38.100.138.163|:80... connected.
HTTP request sent, awaiting response... 303 See Other
Location: https://academic.oup.com/ageing/article-lookup/doi/10.1093/ageing/1.1.14 [following]
--2017-01-27 14:13:23--  https://academic.oup.com/ageing/article-lookup/doi/10.1093/ageing/1.1.14
Connecting to academic.oup.com (academic.oup.com)|173.254.190.144|:443... connected.
HTTP request sent, awaiting response... 200 OK
Length: 81391 (79K) [text/html]
Saving to: ‘1.1.14’

     0K .......... .......... .......... .......... .......... 62%  307K 0s
    50K .......... .......... .........                       100%  366K=0.2s

2017-01-27 14:13:27 (327 KB/s) - ‘1.1.14’ saved [81391/81391]

--2017-01-27 14:13:28--  http://doi.org/10.1093/ageing/1.1.62-a
Connecting to doi.org (doi.org)|38.100.138.163|:80... connected.
HTTP request sent, awaiting response... 303 See Other
Location: https://academic.oup.com/ageing/article-lookup/doi/10.1093/ageing/1.1.62-a [following]
--2017-01-27 14:13:29--  https://academic.oup.com/ageing/article-lookup/doi/10.1093/ageing/1.1.62-a
Connecting to academic.oup.com (academic.oup.com)|173.254.190.144|:443... connected.
HTTP request sent, awaiting response... 200 OK
Length: 86034 (84K) [text/html]
Saving to: ‘1.1.62-a’

     0K .......... .......... .......... .......... .......... 59%  209K 0s
    50K .......... .......... .......... ....                 100% 6.34M=0.2s

2017-01-27 14:13:34 (343 KB/s) - ‘1.1.62-a’ saved [86034/86034]

--2017-01-27 14:13:35--  http://doi.org/10.1093/ageing/2.2.130-a
Connecting to doi.org (doi.org)|38.100.138.163|:80... connected.
HTTP request sent, awaiting response... 303 See Other
Location: https://academic.oup.com/ageing/article-lookup/doi/10.1093/ageing/2.2.130-a [following]
--2017-01-27 14:13:36--  https://academic.oup.com/ageing/article-lookup/doi/10.1093/ageing/2.2.130-a
Connecting to academic.oup.com (academic.oup.com)|173.254.190.144|:443... connected.
HTTP request sent, awaiting response... 200 OK
Length: 69409 (68K) [text/html]
Saving to: ‘2.2.130-a’

     0K .......... .......... .......... .......... .......... 73%  309K 0s
    50K .......... .......                                    100%  225K=0.2s

2017-01-27 14:13:40 (281 KB/s) - ‘2.2.130-a’ saved [69409/69409]

--2017-01-27 14:13:41--  http://doi.org/10.1093/ageing/2.1.24
Connecting to doi.org (doi.org)|38.100.138.163|:80... connected.
HTTP request sent, awaiting response... 303 See Other
Location: https://academic.oup.com/ageing/article-lookup/doi/10.1093/ageing/2.1.24 [following]
--2017-01-27 14:13:42--  https://academic.oup.com/ageing/article-lookup/doi/10.1093/ageing/2.1.24
Connecting to academic.oup.com (academic.oup.com)|173.254.190.144|:443... connected.
HTTP request sent, awaiting response... 200 OK
Length: 93725 (92K) [text/html]
Saving to: ‘2.1.24’

     0K .......... .......... .......... .......... .......... 54%  209K 0s
    50K .......... .......... .......... .......... .         100% 4.35M=0.2s

2017-01-27 14:13:48 (368 KB/s) - ‘2.1.24’ saved [93725/93725]

--2017-01-27 14:13:49--  http://doi.org/10.1093/ageing/2.1.28
Connecting to doi.org (doi.org)|38.100.138.163|:80... connected.
HTTP request sent, awaiting response... 303 See Other
Location: https://academic.oup.com/ageing/article-lookup/doi/10.1093/ageing/2.1.28 [following]
--2017-01-27 14:13:51--  https://academic.oup.com/ageing/article-lookup/doi/10.1093/ageing/2.1.28
Connecting to academic.oup.com (academic.oup.com)|173.254.190.144|:443... connected.
HTTP request sent, awaiting response... 200 OK
Length: 83906 (82K) [text/html]
Saving to: ‘2.1.28’

     0K .......... .......... .......... .......... .......... 61%  209K 0s
    50K .......... .......... .......... .                    100% 10.1M=0.2s

2017-01-27 14:13:56 (338 KB/s) - ‘2.1.28’ saved [83906/83906]

--2017-01-27 14:13:57--  http://doi.org/10.1093/ageing/2.4.235
Connecting to doi.org (doi.org)|38.100.138.163|:80... connected.
HTTP request sent, awaiting response... 303 See Other
Location: https://academic.oup.com/ageing/article-lookup/doi/10.1093/ageing/2.4.235 [following]
--2017-01-27 14:13:59--  https://academic.oup.com/ageing/article-lookup/doi/10.1093/ageing/2.4.235
Connecting to academic.oup.com (academic.oup.com)|173.254.190.144|:443... connected.
HTTP request sent, awaiting response... 200 OK
Length: 93259 (91K) [text/html]
Saving to: ‘2.4.235’

     0K .......... .......... .......... .......... .......... 54%  209K 0s
    50K .......... .......... .......... .......... .         100%  515K=0.3s

2017-01-27 14:14:03 (286 KB/s) - ‘2.4.235’ saved [93259/93259]

--2017-01-27 14:14:04--  http://doi.org/10.1093/ageing/2.3.189
Connecting to doi.org (doi.org)|38.100.138.163|:80... connected.
HTTP request sent, awaiting response... 303 See Other
Location: https://academic.oup.com/ageing/article-lookup/doi/10.1093/ageing/2.3.189 [following]
--2017-01-27 14:14:05--  https://academic.oup.com/ageing/article-lookup/doi/10.1093/ageing/2.3.189
Connecting to academic.oup.com (academic.oup.com)|173.254.190.144|:443... connected.
HTTP request sent, awaiting response... 200 OK
Length: 69706 (68K) [text/html]
Saving to: ‘2.3.189’

     0K .......... .......... .......... .......... .......... 73%  206K 0s
    50K .......... ........                                   100% 14.3M=0.2s

2017-01-27 14:14:09 (279 KB/s) - ‘2.3.189’ saved [69706/69706]

--2017-01-27 14:14:10--  http://doi.org/10.1093/ageing/2.3.183
Connecting to doi.org (doi.org)|38.100.138.163|:80... connected.
HTTP request sent, awaiting response... 303 See Other
Location: https://academic.oup.com/ageing/article-lookup/doi/10.1093/ageing/2.3.183 [following]
--2017-01-27 14:14:11--  https://academic.oup.com/ageing/article-lookup/doi/10.1093/ageing/2.3.183
Connecting to academic.oup.com (academic.oup.com)|173.254.190.144|:443... connected.
HTTP request sent, awaiting response... 200 OK
Length: 101324 (99K) [text/html]
Saving to: ‘2.3.183’

     0K .......... .......... .......... .......... .......... 50%  207K 0s
    50K .......... .......... .......... .......... ........  100%  599K=0.3s

2017-01-27 14:14:16 (306 KB/s) - ‘2.3.183’ saved [101324/101324]

--2017-01-27 14:14:17--  http://doi.org/10.1093/ageing/2.4.257
Connecting to doi.org (doi.org)|38.100.138.163|:80... connected.
HTTP request sent, awaiting response... 303 See Other
Location: https://academic.oup.com/ageing/article-lookup/doi/10.1093/ageing/2.4.257 [following]
--2017-01-27 14:14:19--  https://academic.oup.com/ageing/article-lookup/doi/10.1093/ageing/2.4.257
Connecting to academic.oup.com (academic.oup.com)|173.254.190.144|:443... connected.
HTTP request sent, awaiting response... 200 OK
Length: 71231 (70K) [text/html]
Saving to: ‘2.4.257’

     0K .......... .......... .......... .......... .......... 71%  309K 0s
    50K .......... .........                                  100%  241K=0.2s

2017-01-27 14:14:25 (287 KB/s) - ‘2.4.257’ saved [71231/71231]

--2017-01-27 14:14:26--  http://doi.org/10.1093/ageing/2.1.63
Connecting to doi.org (doi.org)|38.100.138.163|:80... connected.
HTTP request sent, awaiting response... 303 See Other
Location: https://academic.oup.com/ageing/article-lookup/doi/10.1093/ageing/2.1.63 [following]
--2017-01-27 14:14:27--  https://academic.oup.com/ageing/article-lookup/doi/10.1093/ageing/2.1.63
Connecting to academic.oup.com (academic.oup.com)|173.254.190.144|:443... connected.
HTTP request sent, awaiting response... 200 OK
Length: 70417 (69K) [text/html]
Saving to: ‘2.1.63’

     0K .......... .......... .......... .......... .......... 72%  206K 0s
    50K .......... ........                                   100% 14.4M=0.2s

2017-01-27 14:14:32 (282 KB/s) - ‘2.1.63’ saved [70417/70417]

--2017-01-27 14:14:33--  http://doi.org/10.1093/ageing/2.3.150
Connecting to doi.org (doi.org)|38.100.138.163|:80... connected.
HTTP request sent, awaiting response... 303 See Other
Location: https://academic.oup.com/ageing/article-lookup/doi/10.1093/ageing/2.3.150 [following]
--2017-01-27 14:14:35--  https://academic.oup.com/ageing/article-lookup/doi/10.1093/ageing/2.3.150
Connecting to academic.oup.com (academic.oup.com)|173.254.190.144|:443... connected.
HTTP request sent, awaiting response... 200 OK
Length: 85954 (84K) [text/html]
Saving to: ‘2.3.150’

     0K .......... .......... .......... .......... .......... 59%  207K 0s
    50K .......... .......... .......... ...                  100% 5.02M=0.2s

2017-01-27 14:14:39 (339 KB/s) - ‘2.3.150’ saved [85954/85954]

--2017-01-27 14:14:40--  http://doi.org/10.1093/ageing/2.1.65
Connecting to doi.org (doi.org)|38.100.138.163|:80... connected.
HTTP request sent, awaiting response... 303 See Other
Location: https://academic.oup.com/ageing/article-lookup/doi/10.1093/ageing/2.1.65 [following]
--2017-01-27 14:14:41--  https://academic.oup.com/ageing/article-lookup/doi/10.1093/ageing/2.1.65
Connecting to academic.oup.com (academic.oup.com)|173.254.190.144|:443... connected.
HTTP request sent, awaiting response... 200 OK
Length: 71201 (70K) [text/html]
Saving to: ‘2.1.65’

     0K .......... .......... .......... .......... .......... 71%  201K 0s
    50K .......... .........                                  100% 16.7M=0.3s

2017-01-27 14:14:45 (278 KB/s) - ‘2.1.65’ saved [71201/71201]

--2017-01-27 14:14:46--  http://doi.org/10.1093/ageing/2.2.132-a
Connecting to doi.org (doi.org)|38.100.138.163|:80... connected.
HTTP request sent, awaiting response... 303 See Other
Location: https://academic.oup.com/ageing/article-lookup/doi/10.1093/ageing/2.2.132-a [following]
--2017-01-27 14:14:47--  https://academic.oup.com/ageing/article-lookup/doi/10.1093/ageing/2.2.132-a
Connecting to academic.oup.com (academic.oup.com)|173.254.190.144|:443... connected.
HTTP request sent, awaiting response... 200 OK
Length: 85929 (84K) [text/html]
Saving to: ‘2.2.132-a’

     0K .......... .......... .......... .......... .......... 59%  209K 0s
    50K .......... .......... .......... ...                  100% 9.35M=0.2s

2017-01-27 14:14:56 (346 KB/s) - ‘2.2.132-a’ saved [85929/85929]

--2017-01-27 14:14:57--  http://doi.org/10.1093/ageing/2.3.177
Connecting to doi.org (doi.org)|38.100.138.163|:80... connected.
HTTP request sent, awaiting response... 303 See Other
Location: https://academic.oup.com/ageing/article-lookup/doi/10.1093/ageing/2.3.177 [following]
--2017-01-27 14:14:59--  https://academic.oup.com/ageing/article-lookup/doi/10.1093/ageing/2.3.177
Connecting to academic.oup.com (academic.oup.com)|173.254.190.144|:443... connected.
HTTP request sent, awaiting response... 200 OK
Length: 86811 (85K) [text/html]
Saving to: ‘2.3.177’

     0K .......... .......... .......... .......... .......... 58%  208K 0s
    50K .......... .......... .......... ....                 100% 12.7M=0.2s

2017-01-27 14:15:02 (349 KB/s) - ‘2.3.177’ saved [86811/86811]

--2017-01-27 14:15:03--  http://doi.org/10.1093/ageing/2.4.207
Connecting to doi.org (doi.org)|38.100.138.163|:80... connected.
HTTP request sent, awaiting response... 303 See Other
Location: https://academic.oup.com/ageing/article-lookup/doi/10.1093/ageing/2.4.207 [following]
--2017-01-27 14:15:04--  https://academic.oup.com/ageing/article-lookup/doi/10.1093/ageing/2.4.207
Connecting to academic.oup.com (academic.oup.com)|173.254.190.144|:443... connected.
HTTP request sent, awaiting response... 200 OK
Length: 84741 (83K) [text/html]
Saving to: ‘2.4.207’

     0K .......... .......... .......... .......... .......... 60%  208K 0s
    50K .......... .......... .......... ..                   100% 8.74M=0.2s

2017-01-27 14:15:09 (339 KB/s) - ‘2.4.207’ saved [84741/84741]

--2017-01-27 14:15:10--  http://doi.org/10.1093/ageing/2.3.163
Connecting to doi.org (doi.org)|38.100.138.163|:80... connected.
HTTP request sent, awaiting response... 303 See Other
Location: https://academic.oup.com/ageing/article-lookup/doi/10.1093/ageing/2.3.163 [following]
--2017-01-27 14:15:11--  https://academic.oup.com/ageing/article-lookup/doi/10.1093/ageing/2.3.163
Connecting to academic.oup.com (academic.oup.com)|173.254.190.144|:443... connected.
HTTP request sent, awaiting response... 200 OK
Length: 87421 (85K) [text/html]
Saving to: ‘2.3.163’

     0K .......... .......... .......... .......... .......... 58%  208K 0s
    50K .......... .......... .......... .....                100% 11.5M=0.2s

2017-01-27 14:15:19 (350 KB/s) - ‘2.3.163’ saved [87421/87421]

--2017-01-27 14:15:20--  http://doi.org/10.1093/ageing/2.3.139
Connecting to doi.org (doi.org)|38.100.138.163|:80... connected.
HTTP request sent, awaiting response... 303 See Other
Location: https://academic.oup.com/ageing/article-lookup/doi/10.1093/ageing/2.3.139 [following]
--2017-01-27 14:15:21--  https://academic.oup.com/ageing/article-lookup/doi/10.1093/ageing/2.3.139
Connecting to academic.oup.com (academic.oup.com)|173.254.190.144|:443... connected.
HTTP request sent, awaiting response... 200 OK
Length: 84005 (82K) [text/html]
Saving to: ‘2.3.139’

     0K .......... .......... .......... .......... .......... 60%  207K 0s
    50K .......... .......... .......... ..                   100% 2.47M=0.3s

2017-01-27 14:15:29 (323 KB/s) - ‘2.3.139’ saved [84005/84005]

--2017-01-27 14:15:30--  http://doi.org/10.1093/ageing/2.1.46
Connecting to doi.org (doi.org)|38.100.138.163|:80... connected.
HTTP request sent, awaiting response... 303 See Other
Location: https://academic.oup.com/ageing/article-lookup/doi/10.1093/ageing/2.1.46 [following]
--2017-01-27 14:15:31--  https://academic.oup.com/ageing/article-lookup/doi/10.1093/ageing/2.1.46
Connecting to academic.oup.com (academic.oup.com)|173.254.190.144|:443... connected.
HTTP request sent, awaiting response... 200 OK
Length: 81512 (80K) [text/html]
Saving to: ‘2.1.46’

     0K .......... .......... .......... .......... .......... 62%  209K 0s
    50K .......... .......... .........                       100% 10.1M=0.2s

2017-01-27 14:15:38 (328 KB/s) - ‘2.1.46’ saved [81512/81512]

--2017-01-27 14:15:39--  http://doi.org/10.1093/ageing/2.2.128
Connecting to doi.org (doi.org)|38.100.138.163|:80... connected.
HTTP request sent, awaiting response... 303 See Other
Location: https://academic.oup.com/ageing/article-lookup/doi/10.1093/ageing/2.2.128 [following]
--2017-01-27 14:15:40--  https://academic.oup.com/ageing/article-lookup/doi/10.1093/ageing/2.2.128
Connecting to academic.oup.com (academic.oup.com)|173.254.190.144|:443... connected.
HTTP request sent, awaiting response... 200 OK
Length: 74299 (73K) [text/html]
Saving to: ‘2.2.128’

     0K .......... .......... .......... .......... .......... 68%  207K 0s
    50K .......... .......... ..                              100% 10.8M=0.2s

2017-01-27 14:15:47 (298 KB/s) - ‘2.2.128’ saved [74299/74299]

--2017-01-27 14:15:48--  http://doi.org/10.1093/ageing/2.1.65-a
Connecting to doi.org (doi.org)|38.100.138.163|:80... connected.
HTTP request sent, awaiting response... 303 See Other
Location: https://academic.oup.com/ageing/article-lookup/doi/10.1093/ageing/2.1.65-a [following]
--2017-01-27 14:15:49--  https://academic.oup.com/ageing/article-lookup/doi/10.1093/ageing/2.1.65-a
Connecting to academic.oup.com (academic.oup.com)|173.254.190.144|:443... connected.
HTTP request sent, awaiting response... 200 OK
Length: 85897 (84K) [text/html]
Saving to: ‘2.1.65-a’

     0K .......... .......... .......... .......... .......... 59%  207K 0s
    50K .......... .......... .......... ...                  100% 8.88M=0.2s

2017-01-27 14:15:55 (343 KB/s) - ‘2.1.65-a’ saved [85897/85897]

--2017-01-27 14:15:56--  http://doi.org/10.1093/ageing/2.1.55
Connecting to doi.org (doi.org)|38.100.138.163|:80... connected.
HTTP request sent, awaiting response... 303 See Other
Location: https://academic.oup.com/ageing/article-lookup/doi/10.1093/ageing/2.1.55 [following]
--2017-01-27 14:15:57--  https://academic.oup.com/ageing/article-lookup/doi/10.1093/ageing/2.1.55
Connecting to academic.oup.com (academic.oup.com)|173.254.190.144|:443... connected.
HTTP request sent, awaiting response... 200 OK
Length: 84120 (82K) [text/html]
Saving to: ‘2.1.55’

     0K .......... .......... .......... .......... .......... 60%  208K 0s
    50K .......... .......... .......... ..                   100% 12.6M=0.2s

2017-01-27 14:16:02 (338 KB/s) - ‘2.1.55’ saved [84120/84120]

--2017-01-27 14:16:03--  http://doi.org/10.1093/ageing/2.4.257-b
Connecting to doi.org (doi.org)|38.100.138.163|:80... connected.
HTTP request sent, awaiting response... 303 See Other
Location: https://academic.oup.com/ageing/article-lookup/doi/10.1093/ageing/2.4.257-b [following]
--2017-01-27 14:16:04--  https://academic.oup.com/ageing/article-lookup/doi/10.1093/ageing/2.4.257-b
Connecting to academic.oup.com (academic.oup.com)|173.254.190.144|:443... connected.
HTTP request sent, awaiting response... 200 OK
Length: 86020 (84K) [text/html]
Saving to: ‘2.4.257-b’

     0K .......... .......... .......... .......... .......... 59%  209K 0s
    50K .......... .......... .......... ....                 100% 11.4M=0.2s

2017-01-27 14:16:09 (347 KB/s) - ‘2.4.257-b’ saved [86020/86020]

--2017-01-27 14:16:10--  http://doi.org/10.1093/ageing/2.3.135
Connecting to doi.org (doi.org)|38.100.138.163|:80... connected.
HTTP request sent, awaiting response... 303 See Other
Location: https://academic.oup.com/ageing/article-lookup/doi/10.1093/ageing/2.3.135 [following]
--2017-01-27 14:16:12--  https://academic.oup.com/ageing/article-lookup/doi/10.1093/ageing/2.3.135
Connecting to academic.oup.com (academic.oup.com)|173.254.190.144|:443... connected.
HTTP request sent, awaiting response... 200 OK
Length: 74700 (73K) [text/html]
Saving to: ‘2.3.135’

     0K .......... .......... .......... .......... .......... 68%  209K 0s
    50K .......... .......... ..                              100% 11.6M=0.2s

2017-01-27 14:16:15 (303 KB/s) - ‘2.3.135’ saved [74700/74700]

--2017-01-27 14:16:16--  http://doi.org/10.1093/ageing/2.2.71
Connecting to doi.org (doi.org)|38.100.138.163|:80... connected.
HTTP request sent, awaiting response... 303 See Other
Location: https://academic.oup.com/ageing/article-lookup/doi/10.1093/ageing/2.2.71 [following]
--2017-01-27 14:16:17--  https://academic.oup.com/ageing/article-lookup/doi/10.1093/ageing/2.2.71
Connecting to academic.oup.com (academic.oup.com)|173.254.190.144|:443... connected.
HTTP request sent, awaiting response... 200 OK
Length: 81112 (79K) [text/html]
Saving to: ‘2.2.71’

     0K .......... .......... .......... .......... .......... 63%  208K 0s
    50K .......... .......... .........                       100% 6.58M=0.2s

2017-01-27 14:16:21 (324 KB/s) - ‘2.2.71’ saved [81112/81112]

--2017-01-27 14:16:22--  http://doi.org/10.1093/ageing/2.1.64
Connecting to doi.org (doi.org)|38.100.138.163|:80... connected.
HTTP request sent, awaiting response... 303 See Other
Location: https://academic.oup.com/ageing/article-lookup/doi/10.1093/ageing/2.1.64 [following]
--2017-01-27 14:16:23--  https://academic.oup.com/ageing/article-lookup/doi/10.1093/ageing/2.1.64
Connecting to academic.oup.com (academic.oup.com)|173.254.190.144|:443... connected.
HTTP request sent, awaiting response... 200 OK
Length: 70981 (69K) [text/html]
Saving to: ‘2.1.64’

     0K .......... .......... .......... .......... .......... 72%  309K 0s
    50K .......... .........                                  100%  244K=0.2s

2017-01-27 14:16:27 (288 KB/s) - ‘2.1.64’ saved [70981/70981]

--2017-01-27 14:16:28--  http://doi.org/10.1093/ageing/2.2.130
Connecting to doi.org (doi.org)|38.100.138.163|:80... connected.
HTTP request sent, awaiting response... 303 See Other
Location: https://academic.oup.com/ageing/article-lookup/doi/10.1093/ageing/2.2.130 [following]
--2017-01-27 14:16:29--  https://academic.oup.com/ageing/article-lookup/doi/10.1093/ageing/2.2.130
Connecting to academic.oup.com (academic.oup.com)|173.254.190.144|:443... connected.
HTTP request sent, awaiting response... 200 OK
Length: 70657 (69K) [text/html]
Saving to: ‘2.2.130’

     0K .......... .......... .......... .......... .......... 72%  208K 0s
    50K .......... .........                                  100% 13.7M=0.2s

2017-01-27 14:16:34 (285 KB/s) - ‘2.2.130’ saved [70657/70657]

--2017-01-27 14:16:35--  http://doi.org/10.1093/ageing/2.1.60
Connecting to doi.org (doi.org)|38.100.138.163|:80... connected.
HTTP request sent, awaiting response... 303 See Other
Location: https://academic.oup.com/ageing/article-lookup/doi/10.1093/ageing/2.1.60 [following]
--2017-01-27 14:16:36--  https://academic.oup.com/ageing/article-lookup/doi/10.1093/ageing/2.1.60
Connecting to academic.oup.com (academic.oup.com)|173.254.190.144|:443... connected.
HTTP request sent, awaiting response... 200 OK
Length: 89087 (87K) [text/html]
Saving to: ‘2.1.60’

     0K .......... .......... .......... .......... .......... 57%  209K 0s
    50K .......... .......... .......... ......               100% 7.84M=0.2s

2017-01-27 14:16:47 (357 KB/s) - ‘2.1.60’ saved [89087/89087]

--2017-01-27 14:16:48--  http://doi.org/10.1093/ageing/2.1.39
Connecting to doi.org (doi.org)|38.100.138.163|:80... connected.
HTTP request sent, awaiting response... 303 See Other
Location: https://academic.oup.com/ageing/article-lookup/doi/10.1093/ageing/2.1.39 [following]
--2017-01-27 14:16:49--  https://academic.oup.com/ageing/article-lookup/doi/10.1093/ageing/2.1.39
Connecting to academic.oup.com (academic.oup.com)|173.254.190.144|:443... connected.
HTTP request sent, awaiting response... 200 OK
Length: 87515 (85K) [text/html]
Saving to: ‘2.1.39’

     0K .......... .......... .......... .......... .......... 58%  209K 0s
    50K .......... .......... .......... .....                100% 11.5M=0.2s

2017-01-27 14:16:55 (353 KB/s) - ‘2.1.39’ saved [87515/87515]

--2017-01-27 14:16:56--  http://doi.org/10.1093/ageing/2.2.133
Connecting to doi.org (doi.org)|38.100.138.163|:80... connected.
HTTP request sent, awaiting response... 303 See Other
Location: https://academic.oup.com/ageing/article-lookup/doi/10.1093/ageing/2.2.133 [following]
--2017-01-27 14:16:58--  https://academic.oup.com/ageing/article-lookup/doi/10.1093/ageing/2.2.133
Connecting to academic.oup.com (academic.oup.com)|173.254.190.144|:443... connected.
HTTP request sent, awaiting response... 200 OK
Length: 86080 (84K) [text/html]
Saving to: ‘2.2.133’

     0K .......... .......... .......... .......... .......... 59%  208K 0s
    50K .......... .......... .......... ....                 100% 13.3M=0.2s

2017-01-27 14:17:02 (347 KB/s) - ‘2.2.133’ saved [86080/86080]

--2017-01-27 14:17:03--  http://doi.org/10.1093/ageing/2.4.225
Connecting to doi.org (doi.org)|38.100.138.163|:80... connected.
HTTP request sent, awaiting response... 303 See Other
Location: https://academic.oup.com/ageing/article-lookup/doi/10.1093/ageing/2.4.225 [following]
--2017-01-27 14:17:04--  https://academic.oup.com/ageing/article-lookup/doi/10.1093/ageing/2.4.225
Connecting to academic.oup.com (academic.oup.com)|173.254.190.144|:443... connected.
HTTP request sent, awaiting response... 200 OK
Length: 79498 (78K) [text/html]
Saving to: ‘2.4.225’

     0K .......... .......... .......... .......... .......... 64%  309K 0s
    50K .......... .......... .......                         100%  341K=0.2s

2017-01-27 14:17:09 (320 KB/s) - ‘2.4.225’ saved [79498/79498]

--2017-01-27 14:17:10--  http://doi.org/10.1093/ageing/2.4.251
Connecting to doi.org (doi.org)|38.100.138.163|:80... connected.
HTTP request sent, awaiting response... 303 See Other
Location: https://academic.oup.com/ageing/article-lookup/doi/10.1093/ageing/2.4.251 [following]
--2017-01-27 14:17:11--  https://academic.oup.com/ageing/article-lookup/doi/10.1093/ageing/2.4.251
Connecting to academic.oup.com (academic.oup.com)|173.254.190.144|:443... connected.
HTTP request sent, awaiting response... 200 OK
Length: 75731 (74K) [text/html]
Saving to: ‘2.4.251’

     0K .......... .......... .......... .......... .......... 67%  209K 0s
    50K .......... .......... ...                             100% 10.3M=0.2s

2017-01-27 14:17:17 (306 KB/s) - ‘2.4.251’ saved [75731/75731]

--2017-01-27 14:17:18--  http://doi.org/10.1093/ageing/2.2.133-a
Connecting to doi.org (doi.org)|38.100.138.163|:80... connected.
HTTP request sent, awaiting response... 303 See Other
Location: https://academic.oup.com/ageing/article-lookup/doi/10.1093/ageing/2.2.133-a [following]
--2017-01-27 14:17:19--  https://academic.oup.com/ageing/article-lookup/doi/10.1093/ageing/2.2.133-a
Connecting to academic.oup.com (academic.oup.com)|173.254.190.144|:443... connected.
HTTP request sent, awaiting response... 200 OK
Length: 71067 (69K) [text/html]
Saving to: ‘2.2.133-a’

     0K .......... .......... .......... .......... .......... 72%  208K 0s
    50K .......... .........                                  100% 15.2M=0.2s

2017-01-27 14:17:28 (287 KB/s) - ‘2.2.133-a’ saved [71067/71067]

--2017-01-27 14:17:29--  http://doi.org/10.1093/ageing/2.4.195
Connecting to doi.org (doi.org)|38.100.138.163|:80... connected.
HTTP request sent, awaiting response... 303 See Other
Location: https://academic.oup.com/ageing/article-lookup/doi/10.1093/ageing/2.4.195 [following]
--2017-01-27 14:17:30--  https://academic.oup.com/ageing/article-lookup/doi/10.1093/ageing/2.4.195
Connecting to academic.oup.com (academic.oup.com)|173.254.190.144|:443... connected.
HTTP request sent, awaiting response... 200 OK
Length: 74846 (73K) [text/html]
Saving to: ‘2.4.195’

     0K .......... .......... .......... .......... .......... 68%  208K 0s
    50K .......... .......... ...                             100% 11.8M=0.2s

2017-01-27 14:17:35 (302 KB/s) - ‘2.4.195’ saved [74846/74846]

--2017-01-27 14:17:36--  http://doi.org/10.1093/ageing/2.1.3
Connecting to doi.org (doi.org)|38.100.138.163|:80... connected.
HTTP request sent, awaiting response... 303 See Other
Location: https://academic.oup.com/ageing/article-lookup/doi/10.1093/ageing/2.1.3 [following]
--2017-01-27 14:17:37--  https://academic.oup.com/ageing/article-lookup/doi/10.1093/ageing/2.1.3
Connecting to academic.oup.com (academic.oup.com)|173.254.190.144|:443... connected.
HTTP request sent, awaiting response... 200 OK
Length: 95337 (93K) [text/html]
Saving to: ‘2.1.3’

     0K .......... .......... .......... .......... .......... 53%  209K 0s
    50K .......... .......... .......... .......... ...       100%  541K=0.3s

2017-01-27 14:17:42 (292 KB/s) - ‘2.1.3’ saved [95337/95337]

FINISHED --2017-01-27 14:17:42--
Total wall clock time: 12m 4s
Downloaded: 100 files, 7.6M in 25s (312 KB/s)
