--2017-01-27 16:53:36--  http://doi.org/10.1093/analys/1.1.1
Resolving doi.org (doi.org)... 54.191.229.235, 63.123.152.248, 38.100.138.162, ...
Connecting to doi.org (doi.org)|54.191.229.235|:80... connected.
HTTP request sent, awaiting response... 303 See Other
Location: https://academic.oup.com/analysis/article-lookup/doi/10.1093/analys/1.1.1 [following]
--2017-01-27 16:53:38--  https://academic.oup.com/analysis/article-lookup/doi/10.1093/analys/1.1.1
Resolving academic.oup.com (academic.oup.com)... 173.254.190.144
Connecting to academic.oup.com (academic.oup.com)|173.254.190.144|:443... connected.
HTTP request sent, awaiting response... 200 OK
Length: 78212 (76K) [text/html]
Saving to: ‘1.1.1.8’

     0K .......... .......... .......... .......... .......... 65%  209K 0s
    50K .......... .......... ......                          100% 13.3M=0.2s

2017-01-27 16:53:44 (317 KB/s) - ‘1.1.1.8’ saved [78212/78212]

--2017-01-27 16:53:45--  http://doi.org/10.1093/analys/1.1.10
Connecting to doi.org (doi.org)|54.191.229.235|:80... connected.
HTTP request sent, awaiting response... 303 See Other
Location: https://academic.oup.com/analysis/article-lookup/doi/10.1093/analys/1.1.10 [following]
--2017-01-27 16:53:46--  https://academic.oup.com/analysis/article-lookup/doi/10.1093/analys/1.1.10
Connecting to academic.oup.com (academic.oup.com)|173.254.190.144|:443... connected.
HTTP request sent, awaiting response... 200 OK
Length: 64857 (63K) [text/html]
Saving to: ‘1.1.10’

     0K .......... .......... .......... .......... .......... 78%  208K 0s
    50K .......... ...                                        100% 14.8M=0.2s

2017-01-27 16:53:50 (263 KB/s) - ‘1.1.10’ saved [64857/64857]

--2017-01-27 16:53:51--  http://doi.org/10.1093/analys/1.1.7
Connecting to doi.org (doi.org)|54.191.229.235|:80... connected.
HTTP request sent, awaiting response... 303 See Other
Location: https://academic.oup.com/analysis/article-lookup/doi/10.1093/analys/1.1.7 [following]
--2017-01-27 16:53:52--  https://academic.oup.com/analysis/article-lookup/doi/10.1093/analys/1.1.7
Connecting to academic.oup.com (academic.oup.com)|173.254.190.144|:443... connected.
HTTP request sent, awaiting response... 200 OK
Length: 65144 (64K) [text/html]
Saving to: ‘1.1.7.1’

     0K .......... .......... .......... .......... .......... 78%  209K 0s
    50K .......... ...                                        100% 12.9M=0.2s

2017-01-27 16:53:55 (265 KB/s) - ‘1.1.7.1’ saved [65144/65144]

--2017-01-27 16:53:56--  http://doi.org/10.1093/analys/1.1.13
Connecting to doi.org (doi.org)|54.191.229.235|:80... connected.
HTTP request sent, awaiting response... 303 See Other
Location: https://academic.oup.com/analysis/article-lookup/doi/10.1093/analys/1.1.13 [following]
--2017-01-27 16:53:58--  https://academic.oup.com/analysis/article-lookup/doi/10.1093/analys/1.1.13
Connecting to academic.oup.com (academic.oup.com)|173.254.190.144|:443... connected.
HTTP request sent, awaiting response... 200 OK
Length: 65293 (64K) [text/html]
Saving to: ‘1.1.13.1’

     0K .......... .......... .......... .......... .......... 78%  209K 0s
    50K .......... ...                                        100% 17.5M=0.2s

2017-01-27 16:54:01 (266 KB/s) - ‘1.1.13.1’ saved [65293/65293]

--2017-01-27 16:54:02--  http://doi.org/10.1093/analys/1.1.2
Connecting to doi.org (doi.org)|54.191.229.235|:80... connected.
HTTP request sent, awaiting response... 303 See Other
Location: https://academic.oup.com/analysis/article-lookup/doi/10.1093/analys/1.1.2 [following]
--2017-01-27 16:54:03--  https://academic.oup.com/analysis/article-lookup/doi/10.1093/analys/1.1.2
Connecting to academic.oup.com (academic.oup.com)|173.254.190.144|:443... connected.
HTTP request sent, awaiting response... 200 OK
Length: 64919 (63K) [text/html]
Saving to: ‘1.1.2.1’

     0K .......... .......... .......... .......... .......... 78%  209K 0s
    50K .......... ...                                        100% 18.7M=0.2s

2017-01-27 16:54:06 (264 KB/s) - ‘1.1.2.1’ saved [64919/64919]

--2017-01-27 16:54:07--  http://doi.org/10.1093/analys/1.2.26
Connecting to doi.org (doi.org)|54.191.229.235|:80... connected.
HTTP request sent, awaiting response... 303 See Other
Location: https://academic.oup.com/analysis/article-lookup/doi/10.1093/analys/1.2.26 [following]
--2017-01-27 16:54:09--  https://academic.oup.com/analysis/article-lookup/doi/10.1093/analys/1.2.26
Connecting to academic.oup.com (academic.oup.com)|173.254.190.144|:443... connected.
HTTP request sent, awaiting response... 200 OK
Length: 65338 (64K) [text/html]
Saving to: ‘1.2.26’

     0K .......... .......... .......... .......... .......... 78%  209K 0s
    50K .......... ...                                        100% 13.8M=0.2s

2017-01-27 16:54:12 (265 KB/s) - ‘1.2.26’ saved [65338/65338]

--2017-01-27 16:54:13--  http://doi.org/10.1093/analys/1.2.17
Connecting to doi.org (doi.org)|54.191.229.235|:80... connected.
HTTP request sent, awaiting response... 303 See Other
Location: https://academic.oup.com/analysis/article-lookup/doi/10.1093/analys/1.2.17 [following]
--2017-01-27 16:54:14--  https://academic.oup.com/analysis/article-lookup/doi/10.1093/analys/1.2.17
Connecting to academic.oup.com (academic.oup.com)|173.254.190.144|:443... connected.
HTTP request sent, awaiting response... 200 OK
Length: 65163 (64K) [text/html]
Saving to: ‘1.2.17’

     0K .......... .......... .......... .......... .......... 78%  209K 0s
    50K .......... ...                                        100% 14.6M=0.2s

2017-01-27 16:54:17 (265 KB/s) - ‘1.2.17’ saved [65163/65163]

--2017-01-27 16:54:18--  http://doi.org/10.1093/analys/1.2.21
Connecting to doi.org (doi.org)|54.191.229.235|:80... connected.
HTTP request sent, awaiting response... 303 See Other
Location: https://academic.oup.com/analysis/article-lookup/doi/10.1093/analys/1.2.21 [following]
--2017-01-27 16:54:20--  https://academic.oup.com/analysis/article-lookup/doi/10.1093/analys/1.2.21
Connecting to academic.oup.com (academic.oup.com)|173.254.190.144|:443... connected.
HTTP request sent, awaiting response... 200 OK
Length: 65283 (64K) [text/html]
Saving to: ‘1.2.21’

     0K .......... .......... .......... .......... .......... 78%  209K 0s
    50K .......... ...                                        100% 15.9M=0.2s

2017-01-27 16:54:23 (266 KB/s) - ‘1.2.21’ saved [65283/65283]

--2017-01-27 16:54:24--  http://doi.org/10.1093/analys/1.2.28
Connecting to doi.org (doi.org)|54.191.229.235|:80... connected.
HTTP request sent, awaiting response... 303 See Other
Location: https://academic.oup.com/analysis/article-lookup/doi/10.1093/analys/1.2.28 [following]
--2017-01-27 16:54:25--  https://academic.oup.com/analysis/article-lookup/doi/10.1093/analys/1.2.28
Connecting to academic.oup.com (academic.oup.com)|173.254.190.144|:443... connected.
HTTP request sent, awaiting response... 200 OK
Length: 65083 (64K) [text/html]
Saving to: ‘1.2.28’

     0K .......... .......... .......... .......... .......... 78%  209K 0s
    50K .......... ...                                        100% 12.4M=0.2s

2017-01-27 16:54:28 (265 KB/s) - ‘1.2.28’ saved [65083/65083]

--2017-01-27 16:54:29--  http://doi.org/10.1093/analys/1.2.30
Connecting to doi.org (doi.org)|54.191.229.235|:80... connected.
HTTP request sent, awaiting response... 303 See Other
Location: https://academic.oup.com/analysis/article-lookup/doi/10.1093/analys/1.2.30 [following]
--2017-01-27 16:54:30--  https://academic.oup.com/analysis/article-lookup/doi/10.1093/analys/1.2.30
Connecting to academic.oup.com (academic.oup.com)|173.254.190.144|:443... connected.
HTTP request sent, awaiting response... 200 OK
Length: 64990 (63K) [text/html]
Saving to: ‘1.2.30’

     0K .......... .......... .......... .......... .......... 78%  209K 0s
    50K .......... ...                                        100% 14.1M=0.2s

2017-01-27 16:54:33 (264 KB/s) - ‘1.2.30’ saved [64990/64990]

--2017-01-27 16:54:34--  http://doi.org/10.1093/analys/1.2.32
Connecting to doi.org (doi.org)|54.191.229.235|:80... connected.
HTTP request sent, awaiting response... 303 See Other
Location: https://academic.oup.com/analysis/article-lookup/doi/10.1093/analys/1.2.32 [following]
--2017-01-27 16:54:36--  https://academic.oup.com/analysis/article-lookup/doi/10.1093/analys/1.2.32
Connecting to academic.oup.com (academic.oup.com)|173.254.190.144|:443... connected.
HTTP request sent, awaiting response... 200 OK
Length: 65823 (64K) [text/html]
Saving to: ‘1.2.32’

     0K .......... .......... .......... .......... .......... 77%  208K 0s
    50K .......... ....                                       100% 13.3M=0.2s

2017-01-27 16:54:39 (266 KB/s) - ‘1.2.32’ saved [65823/65823]

--2017-01-27 16:54:40--  http://doi.org/10.1093/analys/1.3.45
Connecting to doi.org (doi.org)|54.191.229.235|:80... connected.
HTTP request sent, awaiting response... 303 See Other
Location: https://academic.oup.com/analysis/article-lookup/doi/10.1093/analys/1.3.45 [following]
--2017-01-27 16:54:41--  https://academic.oup.com/analysis/article-lookup/doi/10.1093/analys/1.3.45
Connecting to academic.oup.com (academic.oup.com)|173.254.190.144|:443... connected.
HTTP request sent, awaiting response... 200 OK
Length: 65718 (64K) [text/html]
Saving to: ‘1.3.45’

     0K .......... .......... .......... .......... .......... 77%  209K 0s
    50K .......... ....                                       100% 12.4M=0.2s

2017-01-27 16:54:45 (267 KB/s) - ‘1.3.45’ saved [65718/65718]

--2017-01-27 16:54:46--  http://doi.org/10.1093/analys/1.3.39
Connecting to doi.org (doi.org)|54.191.229.235|:80... connected.
HTTP request sent, awaiting response... 303 See Other
Location: https://academic.oup.com/analysis/article-lookup/doi/10.1093/analys/1.3.39 [following]
--2017-01-27 16:54:48--  https://academic.oup.com/analysis/article-lookup/doi/10.1093/analys/1.3.39
Connecting to academic.oup.com (academic.oup.com)|173.254.190.144|:443... connected.
HTTP request sent, awaiting response... 200 OK
Length: 65036 (64K) [text/html]
Saving to: ‘1.3.39’

     0K .......... .......... .......... .......... .......... 78%  209K 0s
    50K .......... ...                                        100% 13.9M=0.2s

2017-01-27 16:54:50 (265 KB/s) - ‘1.3.39’ saved [65036/65036]

--2017-01-27 16:54:51--  http://doi.org/10.1093/analys/1.3.47
Connecting to doi.org (doi.org)|54.191.229.235|:80... connected.
HTTP request sent, awaiting response... 303 See Other
Location: https://academic.oup.com/analysis/article-lookup/doi/10.1093/analys/1.3.47 [following]
--2017-01-27 16:54:53--  https://academic.oup.com/analysis/article-lookup/doi/10.1093/analys/1.3.47
Connecting to academic.oup.com (academic.oup.com)|173.254.190.144|:443... connected.
HTTP request sent, awaiting response... 200 OK
Length: 64932 (63K) [text/html]
Saving to: ‘1.3.47’

     0K .......... .......... .......... .......... .......... 78%  309K 0s
    50K .......... ...                                        100%  169K=0.2s

2017-01-27 16:54:55 (263 KB/s) - ‘1.3.47’ saved [64932/64932]

--2017-01-27 16:54:56--  http://doi.org/10.1093/analys/1.3.43
Connecting to doi.org (doi.org)|54.191.229.235|:80... connected.
HTTP request sent, awaiting response... 303 See Other
Location: https://academic.oup.com/analysis/article-lookup/doi/10.1093/analys/1.3.43 [following]
--2017-01-27 16:54:58--  https://academic.oup.com/analysis/article-lookup/doi/10.1093/analys/1.3.43
Connecting to academic.oup.com (academic.oup.com)|173.254.190.144|:443... connected.
HTTP request sent, awaiting response... 200 OK
Length: 65103 (64K) [text/html]
Saving to: ‘1.3.43’

     0K .......... .......... .......... .......... .......... 78%  309K 0s
    50K .......... ...                                        100%  173K=0.2s

2017-01-27 16:55:01 (265 KB/s) - ‘1.3.43’ saved [65103/65103]

--2017-01-27 16:55:02--  http://doi.org/10.1093/analys/1.3.46
Connecting to doi.org (doi.org)|54.191.229.235|:80... connected.
HTTP request sent, awaiting response... 303 See Other
Location: https://academic.oup.com/analysis/article-lookup/doi/10.1093/analys/1.3.46 [following]
--2017-01-27 16:55:03--  https://academic.oup.com/analysis/article-lookup/doi/10.1093/analys/1.3.46
Connecting to academic.oup.com (academic.oup.com)|173.254.190.144|:443... connected.
HTTP request sent, awaiting response... 200 OK
Length: 65050 (64K) [text/html]
Saving to: ‘1.3.46’

     0K .......... .......... .......... .......... .......... 78%  209K 0s
    50K .......... ...                                        100% 3.95M=0.2s

2017-01-27 16:55:06 (262 KB/s) - ‘1.3.46’ saved [65050/65050]

--2017-01-27 16:55:07--  http://doi.org/10.1093/analys/1.3.33
Connecting to doi.org (doi.org)|54.191.229.235|:80... connected.
HTTP request sent, awaiting response... 303 See Other
Location: https://academic.oup.com/analysis/article-lookup/doi/10.1093/analys/1.3.33 [following]
--2017-01-27 16:55:09--  https://academic.oup.com/analysis/article-lookup/doi/10.1093/analys/1.3.33
Connecting to academic.oup.com (academic.oup.com)|173.254.190.144|:443... connected.
HTTP request sent, awaiting response... 200 OK
Length: 79891 (78K) [text/html]
Saving to: ‘1.3.33’

     0K .......... .......... .......... .......... .......... 64%  209K 0s
    50K .......... .......... ........                        100% 10.4M=0.2s

2017-01-27 16:55:12 (323 KB/s) - ‘1.3.33’ saved [79891/79891]

--2017-01-27 16:55:13--  http://doi.org/10.1093/analys/1.4.61
Connecting to doi.org (doi.org)|54.191.229.235|:80... connected.
HTTP request sent, awaiting response... 303 See Other
Location: https://academic.oup.com/analysis/article-lookup/doi/10.1093/analys/1.4.61 [following]
--2017-01-27 16:55:15--  https://academic.oup.com/analysis/article-lookup/doi/10.1093/analys/1.4.61
Connecting to academic.oup.com (academic.oup.com)|173.254.190.144|:443... connected.
HTTP request sent, awaiting response... 200 OK
Length: 65291 (64K) [text/html]
Saving to: ‘1.4.61’

     0K .......... .......... .......... .......... .......... 78%  209K 0s
    50K .......... ...                                        100% 13.6M=0.2s

2017-01-27 16:55:18 (265 KB/s) - ‘1.4.61’ saved [65291/65291]

--2017-01-27 16:55:19--  http://doi.org/10.1093/analys/1.4.60
Connecting to doi.org (doi.org)|54.191.229.235|:80... connected.
HTTP request sent, awaiting response... 303 See Other
Location: https://academic.oup.com/analysis/article-lookup/doi/10.1093/analys/1.4.60 [following]
--2017-01-27 16:55:21--  https://academic.oup.com/analysis/article-lookup/doi/10.1093/analys/1.4.60
Connecting to academic.oup.com (academic.oup.com)|173.254.190.144|:443... connected.
HTTP request sent, awaiting response... 200 OK
Length: 64914 (63K) [text/html]
Saving to: ‘1.4.60’

     0K .......... .......... .......... .......... .......... 78%  209K 0s
    50K .......... ...                                        100% 12.6M=0.2s

2017-01-27 16:55:24 (264 KB/s) - ‘1.4.60’ saved [64914/64914]

--2017-01-27 16:55:25--  http://doi.org/10.1093/analys/1.4.53
Connecting to doi.org (doi.org)|54.191.229.235|:80... connected.
HTTP request sent, awaiting response... 303 See Other
Location: https://academic.oup.com/analysis/article-lookup/doi/10.1093/analys/1.4.53 [following]
--2017-01-27 16:55:26--  https://academic.oup.com/analysis/article-lookup/doi/10.1093/analys/1.4.53
Connecting to academic.oup.com (academic.oup.com)|173.254.190.144|:443... connected.
HTTP request sent, awaiting response... 200 OK
Length: 65504 (64K) [text/html]
Saving to: ‘1.4.53’

     0K .......... .......... .......... .......... .......... 78%  209K 0s
    50K .......... ...                                        100% 17.3M=0.2s

2017-01-27 16:55:30 (267 KB/s) - ‘1.4.53’ saved [65504/65504]

--2017-01-27 16:55:31--  http://doi.org/10.1093/analys/1.4.49
Connecting to doi.org (doi.org)|54.191.229.235|:80... connected.
HTTP request sent, awaiting response... 303 See Other
Location: https://academic.oup.com/analysis/article-lookup/doi/10.1093/analys/1.4.49 [following]
--2017-01-27 16:55:33--  https://academic.oup.com/analysis/article-lookup/doi/10.1093/analys/1.4.49
Connecting to academic.oup.com (academic.oup.com)|173.254.190.144|:443... connected.
HTTP request sent, awaiting response... 200 OK
Length: 65068 (64K) [text/html]
Saving to: ‘1.4.49’

     0K .......... .......... .......... .......... .......... 78%  209K 0s
    50K .......... ...                                        100% 4.14M=0.2s

2017-01-27 16:55:35 (262 KB/s) - ‘1.4.49’ saved [65068/65068]

--2017-01-27 16:55:36--  http://doi.org/10.1093/analys/1.4.58
Connecting to doi.org (doi.org)|54.191.229.235|:80... connected.
HTTP request sent, awaiting response... 303 See Other
Location: https://academic.oup.com/analysis/article-lookup/doi/10.1093/analys/1.4.58 [following]
--2017-01-27 16:55:38--  https://academic.oup.com/analysis/article-lookup/doi/10.1093/analys/1.4.58
Connecting to academic.oup.com (academic.oup.com)|173.254.190.144|:443... connected.
HTTP request sent, awaiting response... 200 OK
Length: 64904 (63K) [text/html]
Saving to: ‘1.4.58’

     0K .......... .......... .......... .......... .......... 78%  207K 0s
    50K .......... ...                                        100% 11.7M=0.2s

2017-01-27 16:55:41 (261 KB/s) - ‘1.4.58’ saved [64904/64904]

--2017-01-27 16:55:42--  http://doi.org/10.1093/analys/1.4.55
Connecting to doi.org (doi.org)|54.191.229.235|:80... connected.
HTTP request sent, awaiting response... 303 See Other
Location: https://academic.oup.com/analysis/article-lookup/doi/10.1093/analys/1.4.55 [following]
--2017-01-27 16:55:44--  https://academic.oup.com/analysis/article-lookup/doi/10.1093/analys/1.4.55
Connecting to academic.oup.com (academic.oup.com)|173.254.190.144|:443... connected.
HTTP request sent, awaiting response... 200 OK
Length: 65014 (63K) [text/html]
Saving to: ‘1.4.55’

     0K .......... .......... .......... .......... .......... 78%  309K 0s
    50K .......... ...                                        100%  171K=0.2s

2017-01-27 16:55:47 (264 KB/s) - ‘1.4.55’ saved [65014/65014]

--2017-01-27 16:55:48--  http://doi.org/10.1093/analys/2.3.42
Connecting to doi.org (doi.org)|54.191.229.235|:80... connected.
HTTP request sent, awaiting response... 303 See Other
Location: https://academic.oup.com/analysis/article-lookup/doi/10.1093/analys/2.3.42 [following]
--2017-01-27 16:55:49--  https://academic.oup.com/analysis/article-lookup/doi/10.1093/analys/2.3.42
Connecting to academic.oup.com (academic.oup.com)|173.254.190.144|:443... connected.
HTTP request sent, awaiting response... 200 OK
Length: 68327 (67K) [text/html]
Saving to: ‘2.3.42’

     0K .......... .......... .......... .......... .......... 74%  179K 0s
    50K .......... ......                                     100% 12.7M=0.3s

2017-01-27 16:55:53 (238 KB/s) - ‘2.3.42’ saved [68327/68327]

--2017-01-27 16:55:54--  http://doi.org/10.1093/analys/2.3.33
Connecting to doi.org (doi.org)|54.191.229.235|:80... connected.
HTTP request sent, awaiting response... 303 See Other
Location: https://academic.oup.com/analysis/article-lookup/doi/10.1093/analys/2.3.33 [following]
--2017-01-27 16:55:56--  https://academic.oup.com/analysis/article-lookup/doi/10.1093/analys/2.3.33
Connecting to academic.oup.com (academic.oup.com)|173.254.190.144|:443... connected.
HTTP request sent, awaiting response... 200 OK
Length: 65410 (64K) [text/html]
Saving to: ‘2.3.33’

     0K .......... .......... .......... .......... .......... 78%  209K 0s
    50K .......... ...                                        100% 13.5M=0.2s

2017-01-27 16:55:58 (266 KB/s) - ‘2.3.33’ saved [65410/65410]

--2017-01-27 16:55:59--  http://doi.org/10.1093/analys/2.3.37
Connecting to doi.org (doi.org)|54.191.229.235|:80... connected.
HTTP request sent, awaiting response... 303 See Other
Location: https://academic.oup.com/analysis/article-lookup/doi/10.1093/analys/2.3.37 [following]
--2017-01-27 16:56:01--  https://academic.oup.com/analysis/article-lookup/doi/10.1093/analys/2.3.37
Connecting to academic.oup.com (academic.oup.com)|173.254.190.144|:443... connected.
HTTP request sent, awaiting response... 200 OK
Length: 65455 (64K) [text/html]
Saving to: ‘2.3.37’

     0K .......... .......... .......... .......... .......... 78%  209K 0s
    50K .......... ...                                        100% 14.8M=0.2s

2017-01-27 16:56:03 (266 KB/s) - ‘2.3.37’ saved [65455/65455]

--2017-01-27 16:56:04--  http://doi.org/10.1093/analys/2.4.60
Connecting to doi.org (doi.org)|54.191.229.235|:80... connected.
HTTP request sent, awaiting response... 303 See Other
Location: https://academic.oup.com/analysis/article-lookup/doi/10.1093/analys/2.4.60 [following]
--2017-01-27 16:56:06--  https://academic.oup.com/analysis/article-lookup/doi/10.1093/analys/2.4.60
Connecting to academic.oup.com (academic.oup.com)|173.254.190.144|:443... connected.
HTTP request sent, awaiting response... 200 OK
Length: 80170 (78K) [text/html]
Saving to: ‘2.4.60’

     0K .......... .......... .......... .......... .......... 63%  209K 0s
    50K .......... .......... ........                        100% 13.3M=0.2s

2017-01-27 16:56:10 (324 KB/s) - ‘2.4.60’ saved [80170/80170]

--2017-01-27 16:56:11--  http://doi.org/10.1093/analys/2.4.49
Connecting to doi.org (doi.org)|54.191.229.235|:80... connected.
HTTP request sent, awaiting response... 303 See Other
Location: https://academic.oup.com/analysis/article-lookup/doi/10.1093/analys/2.4.49 [following]
--2017-01-27 16:56:12--  https://academic.oup.com/analysis/article-lookup/doi/10.1093/analys/2.4.49
Connecting to academic.oup.com (academic.oup.com)|173.254.190.144|:443... connected.
HTTP request sent, awaiting response... 200 OK
Length: 66069 (65K) [text/html]
Saving to: ‘2.4.49’

     0K .......... .......... .......... .......... .......... 77%  209K 0s
    50K .......... ....                                       100% 13.9M=0.2s

2017-01-27 16:56:15 (269 KB/s) - ‘2.4.49’ saved [66069/66069]

--2017-01-27 16:56:16--  http://doi.org/10.1093/analys/2.5.70
Connecting to doi.org (doi.org)|54.191.229.235|:80... connected.
HTTP request sent, awaiting response... 303 See Other
Location: https://academic.oup.com/analysis/article-lookup/doi/10.1093/analys/2.5.70 [following]
--2017-01-27 16:56:17--  https://academic.oup.com/analysis/article-lookup/doi/10.1093/analys/2.5.70
Connecting to academic.oup.com (academic.oup.com)|173.254.190.144|:443... connected.
HTTP request sent, awaiting response... 200 OK
Length: 65733 (64K) [text/html]
Saving to: ‘2.5.70’

     0K .......... .......... .......... .......... .......... 77%  209K 0s
    50K .......... ....                                       100% 12.2M=0.2s

2017-01-27 16:56:20 (267 KB/s) - ‘2.5.70’ saved [65733/65733]

--2017-01-27 16:56:21--  http://doi.org/10.1093/analys/2.5.78
Connecting to doi.org (doi.org)|54.191.229.235|:80... connected.
HTTP request sent, awaiting response... 303 See Other
Location: https://academic.oup.com/analysis/article-lookup/doi/10.1093/analys/2.5.78 [following]
--2017-01-27 16:56:23--  https://academic.oup.com/analysis/article-lookup/doi/10.1093/analys/2.5.78
Connecting to academic.oup.com (academic.oup.com)|173.254.190.144|:443... connected.
HTTP request sent, awaiting response... 200 OK
Length: 65278 (64K) [text/html]
Saving to: ‘2.5.78’

     0K .......... .......... .......... .......... .......... 78%  209K 0s
    50K .......... ...                                        100% 10.7M=0.2s

2017-01-27 16:56:25 (265 KB/s) - ‘2.5.78’ saved [65278/65278]

--2017-01-27 16:56:26--  http://doi.org/10.1093/analys/2.5.65
Connecting to doi.org (doi.org)|54.191.229.235|:80... connected.
HTTP request sent, awaiting response... 303 See Other
Location: https://academic.oup.com/analysis/article-lookup/doi/10.1093/analys/2.5.65 [following]
--2017-01-27 16:56:28--  https://academic.oup.com/analysis/article-lookup/doi/10.1093/analys/2.5.65
Connecting to academic.oup.com (academic.oup.com)|173.254.190.144|:443... connected.
HTTP request sent, awaiting response... 200 OK
Length: 64929 (63K) [text/html]
Saving to: ‘2.5.65’

     0K .......... .......... .......... .......... .......... 78%  209K 0s
    50K .......... ...                                        100% 16.8M=0.2s

2017-01-27 16:56:30 (265 KB/s) - ‘2.5.65’ saved [64929/64929]

--2017-01-27 16:56:31--  http://doi.org/10.1093/analys/2.6.81
Connecting to doi.org (doi.org)|54.191.229.235|:80... connected.
HTTP request sent, awaiting response... 303 See Other
Location: https://academic.oup.com/analysis/article-lookup/doi/10.1093/analys/2.6.81 [following]
--2017-01-27 16:56:33--  https://academic.oup.com/analysis/article-lookup/doi/10.1093/analys/2.6.81
Connecting to academic.oup.com (academic.oup.com)|173.254.190.144|:443... connected.
HTTP request sent, awaiting response... 200 OK
Length: 80185 (78K) [text/html]
Saving to: ‘2.6.81’

     0K .......... .......... .......... .......... .......... 63%  209K 0s
    50K .......... .......... ........                        100% 13.6M=0.2s

2017-01-27 16:56:36 (324 KB/s) - ‘2.6.81’ saved [80185/80185]

--2017-01-27 16:56:37--  http://doi.org/10.1093/analys/2.6.93
Connecting to doi.org (doi.org)|54.191.229.235|:80... connected.
HTTP request sent, awaiting response... 303 See Other
Location: https://academic.oup.com/analysis/article-lookup/doi/10.1093/analys/2.6.93 [following]
--2017-01-27 16:56:38--  https://academic.oup.com/analysis/article-lookup/doi/10.1093/analys/2.6.93
Connecting to academic.oup.com (academic.oup.com)|173.254.190.144|:443... connected.
HTTP request sent, awaiting response... 200 OK
Length: 65465 (64K) [text/html]
Saving to: ‘2.6.93’

     0K .......... .......... .......... .......... .......... 78%  208K 0s
    50K .......... ...                                        100% 13.4M=0.2s

2017-01-27 16:56:41 (265 KB/s) - ‘2.6.93’ saved [65465/65465]

--2017-01-27 16:56:42--  http://doi.org/10.1093/analys/3.3.46
Connecting to doi.org (doi.org)|54.191.229.235|:80... connected.
HTTP request sent, awaiting response... 303 See Other
Location: https://academic.oup.com/analysis/article-lookup/doi/10.1093/analys/3.3.46 [following]
--2017-01-27 16:56:44--  https://academic.oup.com/analysis/article-lookup/doi/10.1093/analys/3.3.46
Connecting to academic.oup.com (academic.oup.com)|173.254.190.144|:443... connected.
HTTP request sent, awaiting response... 200 OK
Length: 65805 (64K) [text/html]
Saving to: ‘3.3.46’

     0K .......... .......... .......... .......... .......... 77%  209K 0s
    50K .......... ....                                       100% 15.0M=0.2s

2017-01-27 16:56:47 (267 KB/s) - ‘3.3.46’ saved [65805/65805]

--2017-01-27 16:56:48--  http://doi.org/10.1093/analys/3.3.40
Connecting to doi.org (doi.org)|54.191.229.235|:80... connected.
HTTP request sent, awaiting response... 303 See Other
Location: https://academic.oup.com/analysis/article-lookup/doi/10.1093/analys/3.3.40 [following]
--2017-01-27 16:56:49--  https://academic.oup.com/analysis/article-lookup/doi/10.1093/analys/3.3.40
Connecting to academic.oup.com (academic.oup.com)|173.254.190.144|:443... connected.
HTTP request sent, awaiting response... 200 OK
Length: 65085 (64K) [text/html]
Saving to: ‘3.3.40’

     0K .......... .......... .......... .......... .......... 78%  209K 0s
    50K .......... ...                                        100% 13.5M=0.2s

2017-01-27 16:56:52 (265 KB/s) - ‘3.3.40’ saved [65085/65085]

--2017-01-27 16:56:53--  http://doi.org/10.1093/analys/3.3.33
Connecting to doi.org (doi.org)|54.191.229.235|:80... connected.
HTTP request sent, awaiting response... 303 See Other
Location: https://academic.oup.com/analysis/article-lookup/doi/10.1093/analys/3.3.33 [following]
--2017-01-27 16:56:54--  https://academic.oup.com/analysis/article-lookup/doi/10.1093/analys/3.3.33
Connecting to academic.oup.com (academic.oup.com)|173.254.190.144|:443... connected.
HTTP request sent, awaiting response... 200 OK
Length: 65267 (64K) [text/html]
Saving to: ‘3.3.33’

     0K .......... .......... .......... .......... .......... 78%  209K 0s
    50K .......... ...                                        100% 14.2M=0.2s

2017-01-27 16:56:57 (265 KB/s) - ‘3.3.33’ saved [65267/65267]

--2017-01-27 16:56:58--  http://doi.org/10.1093/analys/3.3.43
Connecting to doi.org (doi.org)|54.191.229.235|:80... connected.
HTTP request sent, awaiting response... 303 See Other
Location: https://academic.oup.com/analysis/article-lookup/doi/10.1093/analys/3.3.43 [following]
--2017-01-27 16:57:00--  https://academic.oup.com/analysis/article-lookup/doi/10.1093/analys/3.3.43
Connecting to academic.oup.com (academic.oup.com)|173.254.190.144|:443... connected.
HTTP request sent, awaiting response... 200 OK
Length: 65580 (64K) [text/html]
Saving to: ‘3.3.43’

     0K .......... .......... .......... .......... .......... 78%  209K 0s
    50K .......... ....                                       100% 12.3M=0.2s

2017-01-27 16:57:03 (267 KB/s) - ‘3.3.43’ saved [65580/65580]

--2017-01-27 16:57:04--  http://doi.org/10.1093/analys/3.4.57
Connecting to doi.org (doi.org)|54.191.229.235|:80... connected.
HTTP request sent, awaiting response... 303 See Other
Location: https://academic.oup.com/analysis/article-lookup/doi/10.1093/analys/3.4.57 [following]
--2017-01-27 16:57:05--  https://academic.oup.com/analysis/article-lookup/doi/10.1093/analys/3.4.57
Connecting to academic.oup.com (academic.oup.com)|173.254.190.144|:443... connected.
HTTP request sent, awaiting response... 200 OK
Length: 65219 (64K) [text/html]
Saving to: ‘3.4.57’

     0K .......... .......... .......... .......... .......... 78%  209K 0s
    50K .......... ...                                        100% 13.8M=0.2s

2017-01-27 16:57:08 (265 KB/s) - ‘3.4.57’ saved [65219/65219]

--2017-01-27 16:57:09--  http://doi.org/10.1093/analys/3.4.49
Connecting to doi.org (doi.org)|54.191.229.235|:80... connected.
HTTP request sent, awaiting response... 303 See Other
Location: https://academic.oup.com/analysis/article-lookup/doi/10.1093/analys/3.4.49 [following]
--2017-01-27 16:57:11--  https://academic.oup.com/analysis/article-lookup/doi/10.1093/analys/3.4.49
Connecting to academic.oup.com (academic.oup.com)|173.254.190.144|:443... connected.
HTTP request sent, awaiting response... 200 OK
Length: 80243 (78K) [text/html]
Saving to: ‘3.4.49’

     0K .......... .......... .......... .......... .......... 63%  209K 0s
    50K .......... .......... ........                        100% 13.1M=0.2s

2017-01-27 16:57:14 (325 KB/s) - ‘3.4.49’ saved [80243/80243]

--2017-01-27 16:57:15--  http://doi.org/10.1093/analys/3.5.75
Connecting to doi.org (doi.org)|54.191.229.235|:80... connected.
HTTP request sent, awaiting response... 303 See Other
Location: https://academic.oup.com/analysis/article-lookup/doi/10.1093/analys/3.5.75 [following]
--2017-01-27 16:57:16--  https://academic.oup.com/analysis/article-lookup/doi/10.1093/analys/3.5.75
Connecting to academic.oup.com (academic.oup.com)|173.254.190.144|:443... connected.
HTTP request sent, awaiting response... 200 OK
Length: 65718 (64K) [text/html]
Saving to: ‘3.5.75’

     0K .......... .......... .......... .......... .......... 77%  208K 0s
    50K .......... ....                                       100% 15.8M=0.2s

2017-01-27 16:57:20 (266 KB/s) - ‘3.5.75’ saved [65718/65718]

--2017-01-27 16:57:21--  http://doi.org/10.1093/analys/3.5.65
Connecting to doi.org (doi.org)|54.191.229.235|:80... connected.
HTTP request sent, awaiting response... 303 See Other
Location: https://academic.oup.com/analysis/article-lookup/doi/10.1093/analys/3.5.65 [following]
--2017-01-27 16:57:22--  https://academic.oup.com/analysis/article-lookup/doi/10.1093/analys/3.5.65
Connecting to academic.oup.com (academic.oup.com)|173.254.190.144|:443... connected.
HTTP request sent, awaiting response... 200 OK
Length: 65426 (64K) [text/html]
Saving to: ‘3.5.65’

     0K .......... .......... .......... .......... .......... 78%  207K 0s
    50K .......... ...                                        100% 5.04M=0.2s

2017-01-27 16:57:25 (262 KB/s) - ‘3.5.65’ saved [65426/65426]

--2017-01-27 16:57:26--  http://doi.org/10.1093/analys/3.6.81
Connecting to doi.org (doi.org)|54.191.229.235|:80... connected.
HTTP request sent, awaiting response... 303 See Other
Location: https://academic.oup.com/analysis/article-lookup/doi/10.1093/analys/3.6.81 [following]
--2017-01-27 16:57:27--  https://academic.oup.com/analysis/article-lookup/doi/10.1093/analys/3.6.81
Connecting to academic.oup.com (academic.oup.com)|173.254.190.144|:443... connected.
HTTP request sent, awaiting response... 200 OK
Length: 65368 (64K) [text/html]
Saving to: ‘3.6.81’

     0K .......... .......... .......... .......... .......... 78%  208K 0s
    50K .......... ...                                        100% 11.3M=0.2s

2017-01-27 16:57:31 (264 KB/s) - ‘3.6.81’ saved [65368/65368]

--2017-01-27 16:57:32--  http://doi.org/10.1093/analys/3.6.88
Connecting to doi.org (doi.org)|54.191.229.235|:80... connected.
HTTP request sent, awaiting response... 303 See Other
Location: https://academic.oup.com/analysis/article-lookup/doi/10.1093/analys/3.6.88 [following]
--2017-01-27 16:57:33--  https://academic.oup.com/analysis/article-lookup/doi/10.1093/analys/3.6.88
Connecting to academic.oup.com (academic.oup.com)|173.254.190.144|:443... connected.
HTTP request sent, awaiting response... 200 OK
Length: 65499 (64K) [text/html]
Saving to: ‘3.6.88’

     0K .......... .......... .......... .......... .......... 78%  208K 0s
    50K .......... ...                                        100% 15.5M=0.2s

2017-01-27 16:57:36 (265 KB/s) - ‘3.6.88’ saved [65499/65499]

--2017-01-27 16:57:37--  http://doi.org/10.1093/analys/3.6.92
Connecting to doi.org (doi.org)|54.191.229.235|:80... connected.
HTTP request sent, awaiting response... 303 See Other
Location: https://academic.oup.com/analysis/article-lookup/doi/10.1093/analys/3.6.92 [following]
--2017-01-27 16:57:38--  https://academic.oup.com/analysis/article-lookup/doi/10.1093/analys/3.6.92
Connecting to academic.oup.com (academic.oup.com)|173.254.190.144|:443... connected.
HTTP request sent, awaiting response... 200 OK
Length: 66556 (65K) [text/html]
Saving to: ‘3.6.92’

     0K .......... .......... .......... .......... .......... 76%  207K 0s
    50K .......... ....                                       100% 16.2M=0.2s

2017-01-27 16:57:41 (268 KB/s) - ‘3.6.92’ saved [66556/66556]

--2017-01-27 16:57:42--  http://doi.org/10.1093/analys/4.1.15
Connecting to doi.org (doi.org)|54.191.229.235|:80... connected.
HTTP request sent, awaiting response... 303 See Other
Location: https://academic.oup.com/analysis/article-lookup/doi/10.1093/analys/4.1.15 [following]
--2017-01-27 16:57:44--  https://academic.oup.com/analysis/article-lookup/doi/10.1093/analys/4.1.15
Connecting to academic.oup.com (academic.oup.com)|173.254.190.144|:443... connected.
HTTP request sent, awaiting response... 200 OK
Length: 65256 (64K) [text/html]
Saving to: ‘4.1.15’

     0K .......... .......... .......... .......... .......... 78%  207K 0s
    50K .......... ...                                        100% 14.3M=0.2s

2017-01-27 16:57:47 (263 KB/s) - ‘4.1.15’ saved [65256/65256]

--2017-01-27 16:57:48--  http://doi.org/10.1093/analys/4.1.1
Connecting to doi.org (doi.org)|54.191.229.235|:80... connected.
HTTP request sent, awaiting response... 303 See Other
Location: https://academic.oup.com/analysis/article-lookup/doi/10.1093/analys/4.1.1 [following]
--2017-01-27 16:57:50--  https://academic.oup.com/analysis/article-lookup/doi/10.1093/analys/4.1.1
Connecting to academic.oup.com (academic.oup.com)|173.254.190.144|:443... connected.
HTTP request sent, awaiting response... 200 OK
Length: 64868 (63K) [text/html]
Saving to: ‘4.1.1.2’

     0K .......... .......... .......... .......... .......... 78%  208K 0s
    50K .......... ...                                        100% 7.40M=0.2s

2017-01-27 16:57:52 (262 KB/s) - ‘4.1.1.2’ saved [64868/64868]

--2017-01-27 16:57:53--  http://doi.org/10.1093/analys/4.1.12
Connecting to doi.org (doi.org)|54.191.229.235|:80... connected.
HTTP request sent, awaiting response... 303 See Other
Location: https://academic.oup.com/analysis/article-lookup/doi/10.1093/analys/4.1.12 [following]
--2017-01-27 16:57:55--  https://academic.oup.com/analysis/article-lookup/doi/10.1093/analys/4.1.12
Connecting to academic.oup.com (academic.oup.com)|173.254.190.144|:443... connected.
HTTP request sent, awaiting response... 200 OK
Length: 65789 (64K) [text/html]
Saving to: ‘4.1.12’

     0K .......... .......... .......... .......... .......... 77%  308K 0s
    50K .......... ....                                       100%  177K=0.2s

2017-01-27 16:57:58 (265 KB/s) - ‘4.1.12’ saved [65789/65789]

--2017-01-27 16:57:59--  http://doi.org/10.1093/analys/4.2-3.42
Connecting to doi.org (doi.org)|54.191.229.235|:80... connected.
HTTP request sent, awaiting response... 303 See Other
Location: https://academic.oup.com/analysis/article-lookup/doi/10.1093/analys/4.2-3.42 [following]
--2017-01-27 16:58:00--  https://academic.oup.com/analysis/article-lookup/doi/10.1093/analys/4.2-3.42
Connecting to academic.oup.com (academic.oup.com)|173.254.190.144|:443... connected.
HTTP request sent, awaiting response... 200 OK
Length: 65553 (64K) [text/html]
Saving to: ‘4.2-3.42’

     0K .......... .......... .......... .......... .......... 78%  207K 0s
    50K .......... ....                                       100% 15.7M=0.2s

2017-01-27 16:58:04 (265 KB/s) - ‘4.2-3.42’ saved [65553/65553]

--2017-01-27 16:58:05--  http://doi.org/10.1093/analys/4.2-3.33
Connecting to doi.org (doi.org)|54.191.229.235|:80... connected.
HTTP request sent, awaiting response... 303 See Other
Location: https://academic.oup.com/analysis/article-lookup/doi/10.1093/analys/4.2-3.33 [following]
--2017-01-27 16:58:06--  https://academic.oup.com/analysis/article-lookup/doi/10.1093/analys/4.2-3.33
Connecting to academic.oup.com (academic.oup.com)|173.254.190.144|:443... connected.
HTTP request sent, awaiting response... 200 OK
Length: 80361 (78K) [text/html]
Saving to: ‘4.2-3.33’

     0K .......... .......... .......... .......... .......... 63%  309K 0s
    50K .......... .......... ........                        100%  356K=0.2s

2017-01-27 16:58:11 (324 KB/s) - ‘4.2-3.33’ saved [80361/80361]

--2017-01-27 16:58:12--  http://doi.org/10.1093/analys/4.2-3.17
Connecting to doi.org (doi.org)|54.191.229.235|:80... connected.
HTTP request sent, awaiting response... 303 See Other
Location: https://academic.oup.com/analysis/article-lookup/doi/10.1093/analys/4.2-3.17 [following]
--2017-01-27 16:58:13--  https://academic.oup.com/analysis/article-lookup/doi/10.1093/analys/4.2-3.17
Connecting to academic.oup.com (academic.oup.com)|173.254.190.144|:443... connected.
HTTP request sent, awaiting response... 200 OK
Length: 84223 (82K) [text/html]
Saving to: ‘4.2-3.17’

     0K .......... .......... .......... .......... .......... 60%  209K 0s
    50K .......... .......... .......... ..                   100% 10.8M=0.2s

2017-01-27 16:58:16 (339 KB/s) - ‘4.2-3.17’ saved [84223/84223]

--2017-01-27 16:58:17--  http://doi.org/10.1093/analys/4.2-3.46
Connecting to doi.org (doi.org)|54.191.229.235|:80... connected.
HTTP request sent, awaiting response... 303 See Other
Location: https://academic.oup.com/analysis/article-lookup/doi/10.1093/analys/4.2-3.46 [following]
--2017-01-27 16:58:19--  https://academic.oup.com/analysis/article-lookup/doi/10.1093/analys/4.2-3.46
Connecting to academic.oup.com (academic.oup.com)|173.254.190.144|:443... connected.
HTTP request sent, awaiting response... 200 OK
Length: 80279 (78K) [text/html]
Saving to: ‘4.2-3.46’

     0K .......... .......... .......... .......... .......... 63%  209K 0s
    50K .......... .......... ........                        100% 11.7M=0.2s

2017-01-27 16:58:22 (325 KB/s) - ‘4.2-3.46’ saved [80279/80279]

--2017-01-27 16:58:23--  http://doi.org/10.1093/analys/4.4.49
Connecting to doi.org (doi.org)|54.191.229.235|:80... connected.
HTTP request sent, awaiting response... 303 See Other
Location: https://academic.oup.com/analysis/article-lookup/doi/10.1093/analys/4.4.49 [following]
--2017-01-27 16:58:25--  https://academic.oup.com/analysis/article-lookup/doi/10.1093/analys/4.4.49
Connecting to academic.oup.com (academic.oup.com)|173.254.190.144|:443... connected.
HTTP request sent, awaiting response... 200 OK
Length: 65149 (64K) [text/html]
Saving to: ‘4.4.49’

     0K .......... .......... .......... .......... .......... 78%  209K 0s
    50K .......... ...                                        100% 17.8M=0.2s

2017-01-27 16:58:28 (265 KB/s) - ‘4.4.49’ saved [65149/65149]

--2017-01-27 16:58:29--  http://doi.org/10.1093/analys/4.4.58
Connecting to doi.org (doi.org)|54.191.229.235|:80... connected.
HTTP request sent, awaiting response... 303 See Other
Location: https://academic.oup.com/analysis/article-lookup/doi/10.1093/analys/4.4.58 [following]
--2017-01-27 16:58:30--  https://academic.oup.com/analysis/article-lookup/doi/10.1093/analys/4.4.58
Connecting to academic.oup.com (academic.oup.com)|173.254.190.144|:443... connected.
HTTP request sent, awaiting response... 200 OK
Length: 65272 (64K) [text/html]
Saving to: ‘4.4.58’

     0K .......... .......... .......... .......... .......... 78%  309K 0s
    50K .......... ...                                        100%  174K=0.2s

2017-01-27 16:58:34 (265 KB/s) - ‘4.4.58’ saved [65272/65272]

--2017-01-27 16:58:35--  http://doi.org/10.1093/analys/4.5.71
Connecting to doi.org (doi.org)|54.191.229.235|:80... connected.
HTTP request sent, awaiting response... 303 See Other
Location: https://academic.oup.com/analysis/article-lookup/doi/10.1093/analys/4.5.71 [following]
--2017-01-27 16:58:37--  https://academic.oup.com/analysis/article-lookup/doi/10.1093/analys/4.5.71
Connecting to academic.oup.com (academic.oup.com)|173.254.190.144|:443... connected.
HTTP request sent, awaiting response... 200 OK
Length: 80529 (79K) [text/html]
Saving to: ‘4.5.71’

     0K .......... .......... .......... .......... .......... 63%  209K 0s
    50K .......... .......... ........                        100% 12.5M=0.2s

2017-01-27 16:58:41 (326 KB/s) - ‘4.5.71’ saved [80529/80529]

--2017-01-27 16:58:42--  http://doi.org/10.1093/analys/4.5.65
Connecting to doi.org (doi.org)|54.191.229.235|:80... connected.
HTTP request sent, awaiting response... 303 See Other
Location: https://academic.oup.com/analysis/article-lookup/doi/10.1093/analys/4.5.65 [following]
--2017-01-27 16:58:43--  https://academic.oup.com/analysis/article-lookup/doi/10.1093/analys/4.5.65
Connecting to academic.oup.com (academic.oup.com)|173.254.190.144|:443... connected.
HTTP request sent, awaiting response... 200 OK
Length: 65329 (64K) [text/html]
Saving to: ‘4.5.65’

     0K .......... .......... .......... .......... .......... 78%  209K 0s
    50K .......... ...                                        100% 18.1M=0.2s

2017-01-27 16:58:46 (266 KB/s) - ‘4.5.65’ saved [65329/65329]

--2017-01-27 16:58:47--  http://doi.org/10.1093/analys/4.5.77
Connecting to doi.org (doi.org)|54.191.229.235|:80... connected.
HTTP request sent, awaiting response... 303 See Other
Location: https://academic.oup.com/analysis/article-lookup/doi/10.1093/analys/4.5.77 [following]
--2017-01-27 16:58:48--  https://academic.oup.com/analysis/article-lookup/doi/10.1093/analys/4.5.77
Connecting to academic.oup.com (academic.oup.com)|173.254.190.144|:443... connected.
HTTP request sent, awaiting response... 200 OK
Length: 65843 (64K) [text/html]
Saving to: ‘4.5.77’

     0K .......... .......... .......... .......... .......... 77%  209K 0s
    50K .......... ....                                       100% 16.8M=0.2s

2017-01-27 16:58:51 (268 KB/s) - ‘4.5.77’ saved [65843/65843]

--2017-01-27 16:58:52--  http://doi.org/10.1093/analys/4.6.81
Connecting to doi.org (doi.org)|54.191.229.235|:80... connected.
HTTP request sent, awaiting response... 303 See Other
Location: https://academic.oup.com/analysis/article-lookup/doi/10.1093/analys/4.6.81 [following]
--2017-01-27 16:58:54--  https://academic.oup.com/analysis/article-lookup/doi/10.1093/analys/4.6.81
Connecting to academic.oup.com (academic.oup.com)|173.254.190.144|:443... connected.
HTTP request sent, awaiting response... 200 OK
Length: 65318 (64K) [text/html]
Saving to: ‘4.6.81’

     0K .......... .......... .......... .......... .......... 78%  209K 0s
    50K .......... ...                                        100% 13.7M=0.2s

2017-01-27 16:58:56 (265 KB/s) - ‘4.6.81’ saved [65318/65318]

--2017-01-27 16:58:57--  http://doi.org/10.1093/analys/4.6.89
Connecting to doi.org (doi.org)|54.191.229.235|:80... connected.
HTTP request sent, awaiting response... 303 See Other
Location: https://academic.oup.com/analysis/article-lookup/doi/10.1093/analys/4.6.89 [following]
--2017-01-27 16:58:59--  https://academic.oup.com/analysis/article-lookup/doi/10.1093/analys/4.6.89
Connecting to academic.oup.com (academic.oup.com)|173.254.190.144|:443... connected.
HTTP request sent, awaiting response... 200 OK
Length: 65448 (64K) [text/html]
Saving to: ‘4.6.89’

     0K .......... .......... .......... .......... .......... 78%  209K 0s
    50K .......... ...                                        100% 14.5M=0.2s

2017-01-27 16:59:02 (266 KB/s) - ‘4.6.89’ saved [65448/65448]

--2017-01-27 16:59:03--  http://doi.org/10.1093/analys/5.1.1
Connecting to doi.org (doi.org)|54.191.229.235|:80... connected.
HTTP request sent, awaiting response... 303 See Other
Location: https://academic.oup.com/analysis/article-lookup/doi/10.1093/analys/5.1.1 [following]
--2017-01-27 16:59:05--  https://academic.oup.com/analysis/article-lookup/doi/10.1093/analys/5.1.1
Connecting to academic.oup.com (academic.oup.com)|173.254.190.144|:443... connected.
HTTP request sent, awaiting response... 200 OK
Length: 65172 (64K) [text/html]
Saving to: ‘5.1.1.2’

     0K .......... .......... .......... .......... .......... 78%  209K 0s
    50K .......... ...                                        100% 13.7M=0.2s

2017-01-27 16:59:08 (265 KB/s) - ‘5.1.1.2’ saved [65172/65172]

--2017-01-27 16:59:09--  http://doi.org/10.1093/analys/5.1.5
Connecting to doi.org (doi.org)|54.191.229.235|:80... connected.
HTTP request sent, awaiting response... 303 See Other
Location: https://academic.oup.com/analysis/article-lookup/doi/10.1093/analys/5.1.5 [following]
--2017-01-27 16:59:10--  https://academic.oup.com/analysis/article-lookup/doi/10.1093/analys/5.1.5
Connecting to academic.oup.com (academic.oup.com)|173.254.190.144|:443... connected.
HTTP request sent, awaiting response... 200 OK
Length: 80435 (79K) [text/html]
Saving to: ‘5.1.5’

     0K .......... .......... .......... .......... .......... 63%  209K 0s
    50K .......... .......... ........                        100% 11.1M=0.2s

2017-01-27 16:59:16 (324 KB/s) - ‘5.1.5’ saved [80435/80435]

--2017-01-27 16:59:17--  http://doi.org/10.1093/analys/5.1.12
Connecting to doi.org (doi.org)|54.191.229.235|:80... connected.
HTTP request sent, awaiting response... 303 See Other
Location: https://academic.oup.com/analysis/article-lookup/doi/10.1093/analys/5.1.12 [following]
--2017-01-27 16:59:18--  https://academic.oup.com/analysis/article-lookup/doi/10.1093/analys/5.1.12
Connecting to academic.oup.com (academic.oup.com)|173.254.190.144|:443... connected.
HTTP request sent, awaiting response... 200 OK
Length: 65911 (64K) [text/html]
Saving to: ‘5.1.12’

     0K .......... .......... .......... .......... .......... 77%  209K 0s
    50K .......... ....                                       100% 13.4M=0.2s

2017-01-27 16:59:21 (268 KB/s) - ‘5.1.12’ saved [65911/65911]

--2017-01-27 16:59:22--  http://doi.org/10.1093/analys/5.2.17
Connecting to doi.org (doi.org)|54.191.229.235|:80... connected.
HTTP request sent, awaiting response... 303 See Other
Location: https://academic.oup.com/analysis/article-lookup/doi/10.1093/analys/5.2.17 [following]
--2017-01-27 16:59:23--  https://academic.oup.com/analysis/article-lookup/doi/10.1093/analys/5.2.17
Connecting to academic.oup.com (academic.oup.com)|173.254.190.144|:443... connected.
HTTP request sent, awaiting response... 200 OK
Length: 80027 (78K) [text/html]
Saving to: ‘5.2.17’

     0K .......... .......... .......... .......... .......... 63%  308K 0s
    50K .......... .......... ........                        100%  352K=0.2s

2017-01-27 16:59:28 (322 KB/s) - ‘5.2.17’ saved [80027/80027]

--2017-01-27 16:59:29--  http://doi.org/10.1093/analys/5.2.28
Connecting to doi.org (doi.org)|54.191.229.235|:80... connected.
HTTP request sent, awaiting response... 303 See Other
Location: https://academic.oup.com/analysis/article-lookup/doi/10.1093/analys/5.2.28 [following]
--2017-01-27 16:59:30--  https://academic.oup.com/analysis/article-lookup/doi/10.1093/analys/5.2.28
Connecting to academic.oup.com (academic.oup.com)|173.254.190.144|:443... connected.
HTTP request sent, awaiting response... 200 OK
Length: 65811 (64K) [text/html]
Saving to: ‘5.2.28’

     0K .......... .......... .......... .......... .......... 77%  209K 0s
    50K .......... ....                                       100% 14.5M=0.2s

2017-01-27 16:59:34 (267 KB/s) - ‘5.2.28’ saved [65811/65811]

--2017-01-27 16:59:35--  http://doi.org/10.1093/analys/5.5.65
Connecting to doi.org (doi.org)|54.191.229.235|:80... connected.
HTTP request sent, awaiting response... 303 See Other
Location: https://academic.oup.com/analysis/article-lookup/doi/10.1093/analys/5.5.65 [following]
--2017-01-27 16:59:37--  https://academic.oup.com/analysis/article-lookup/doi/10.1093/analys/5.5.65
Connecting to academic.oup.com (academic.oup.com)|173.254.190.144|:443... connected.
HTTP request sent, awaiting response... 200 OK
Length: 79913 (78K) [text/html]
Saving to: ‘5.5.65’

     0K .......... .......... .......... .......... .......... 64%  208K 0s
    50K .......... .......... ........                        100% 9.96M=0.2s

2017-01-27 16:59:41 (321 KB/s) - ‘5.5.65’ saved [79913/79913]

--2017-01-27 16:59:42--  http://doi.org/10.1093/analys/5.5.74
Connecting to doi.org (doi.org)|54.191.229.235|:80... connected.
HTTP request sent, awaiting response... 303 See Other
Location: https://academic.oup.com/analysis/article-lookup/doi/10.1093/analys/5.5.74 [following]
--2017-01-27 16:59:44--  https://academic.oup.com/analysis/article-lookup/doi/10.1093/analys/5.5.74
Connecting to academic.oup.com (academic.oup.com)|173.254.190.144|:443... connected.
HTTP request sent, awaiting response... 200 OK
Length: 65678 (64K) [text/html]
Saving to: ‘5.5.74’

     0K .......... .......... .......... .......... .......... 77%  209K 0s
    50K .......... ....                                       100% 13.7M=0.2s

2017-01-27 16:59:47 (267 KB/s) - ‘5.5.74’ saved [65678/65678]

--2017-01-27 16:59:48--  http://doi.org/10.1093/analys/5.6.95
Connecting to doi.org (doi.org)|54.191.229.235|:80... connected.
HTTP request sent, awaiting response... 303 See Other
Location: https://academic.oup.com/analysis/article-lookup/doi/10.1093/analys/5.6.95 [following]
--2017-01-27 16:59:50--  https://academic.oup.com/analysis/article-lookup/doi/10.1093/analys/5.6.95
Connecting to academic.oup.com (academic.oup.com)|173.254.190.144|:443... connected.
HTTP request sent, awaiting response... 200 OK
Length: 66104 (65K) [text/html]
Saving to: ‘5.6.95’

     0K .......... .......... .......... .......... .......... 77%  209K 0s
    50K .......... ....                                       100% 14.9M=0.2s

2017-01-27 16:59:52 (269 KB/s) - ‘5.6.95’ saved [66104/66104]

--2017-01-27 16:59:53--  http://doi.org/10.1093/analys/5.6.85
Connecting to doi.org (doi.org)|54.191.229.235|:80... connected.
HTTP request sent, awaiting response... 303 See Other
Location: https://academic.oup.com/analysis/article-lookup/doi/10.1093/analys/5.6.85 [following]
--2017-01-27 16:59:55--  https://academic.oup.com/analysis/article-lookup/doi/10.1093/analys/5.6.85
Connecting to academic.oup.com (academic.oup.com)|173.254.190.144|:443... connected.
HTTP request sent, awaiting response... 200 OK
Length: 65676 (64K) [text/html]
Saving to: ‘5.6.85’

     0K .......... .......... .......... .......... .......... 77%  209K 0s
    50K .......... ....                                       100% 11.7M=0.2s

2017-01-27 16:59:58 (267 KB/s) - ‘5.6.85’ saved [65676/65676]

--2017-01-27 16:59:59--  http://doi.org/10.1093/analys/6.1.1
Connecting to doi.org (doi.org)|54.191.229.235|:80... connected.
HTTP request sent, awaiting response... 303 See Other
Location: https://academic.oup.com/analysis/article-lookup/doi/10.1093/analys/6.1.1 [following]
--2017-01-27 17:00:00--  https://academic.oup.com/analysis/article-lookup/doi/10.1093/analys/6.1.1
Connecting to academic.oup.com (academic.oup.com)|173.254.190.144|:443... connected.
HTTP request sent, awaiting response... 200 OK
Length: 64876 (63K) [text/html]
Saving to: ‘6.1.1.1’

     0K .......... .......... .......... .......... .......... 78%  209K 0s
    50K .......... ...                                        100% 14.7M=0.2s

2017-01-27 17:00:03 (263 KB/s) - ‘6.1.1.1’ saved [64876/64876]

--2017-01-27 17:00:04--  http://doi.org/10.1093/analys/6.1.10
Connecting to doi.org (doi.org)|54.191.229.235|:80... connected.
HTTP request sent, awaiting response... 303 See Other
Location: https://academic.oup.com/analysis/article-lookup/doi/10.1093/analys/6.1.10 [following]
--2017-01-27 17:00:06--  https://academic.oup.com/analysis/article-lookup/doi/10.1093/analys/6.1.10
Connecting to academic.oup.com (academic.oup.com)|173.254.190.144|:443... connected.
HTTP request sent, awaiting response... 200 OK
Length: 65161 (64K) [text/html]
Saving to: ‘6.1.10’

     0K .......... .......... .......... .......... .......... 78%  209K 0s
    50K .......... ...                                        100% 15.1M=0.2s

2017-01-27 17:00:10 (265 KB/s) - ‘6.1.10’ saved [65161/65161]

--2017-01-27 17:00:11--  http://doi.org/10.1093/analys/6.2.25
Connecting to doi.org (doi.org)|54.191.229.235|:80... connected.
HTTP request sent, awaiting response... 303 See Other
Location: https://academic.oup.com/analysis/article-lookup/doi/10.1093/analys/6.2.25 [following]
--2017-01-27 17:00:12--  https://academic.oup.com/analysis/article-lookup/doi/10.1093/analys/6.2.25
Connecting to academic.oup.com (academic.oup.com)|173.254.190.144|:443... connected.
HTTP request sent, awaiting response... 200 OK
Length: 65036 (64K) [text/html]
Saving to: ‘6.2.25’

     0K .......... .......... .......... .......... .......... 78%  209K 0s
    50K .......... ...                                        100% 13.5M=0.2s

2017-01-27 17:00:16 (264 KB/s) - ‘6.2.25’ saved [65036/65036]

--2017-01-27 17:00:17--  http://doi.org/10.1093/analys/6.2.17
Connecting to doi.org (doi.org)|54.191.229.235|:80... connected.
HTTP request sent, awaiting response... 303 See Other
Location: https://academic.oup.com/analysis/article-lookup/doi/10.1093/analys/6.2.17 [following]
--2017-01-27 17:00:18--  https://academic.oup.com/analysis/article-lookup/doi/10.1093/analys/6.2.17
Connecting to academic.oup.com (academic.oup.com)|173.254.190.144|:443... connected.
HTTP request sent, awaiting response... 200 OK
Length: 64997 (63K) [text/html]
Saving to: ‘6.2.17’

     0K .......... .......... .......... .......... .......... 78%  209K 0s
    50K .......... ...                                        100% 15.7M=0.2s

2017-01-27 17:00:21 (264 KB/s) - ‘6.2.17’ saved [64997/64997]

--2017-01-27 17:00:22--  http://doi.org/10.1093/analys/6.3.33
Connecting to doi.org (doi.org)|54.191.229.235|:80... connected.
HTTP request sent, awaiting response... 303 See Other
Location: https://academic.oup.com/analysis/article-lookup/doi/10.1093/analys/6.3.33 [following]
--2017-01-27 17:00:23--  https://academic.oup.com/analysis/article-lookup/doi/10.1093/analys/6.3.33
Connecting to academic.oup.com (academic.oup.com)|173.254.190.144|:443... connected.
HTTP request sent, awaiting response... 200 OK
Length: 65078 (64K) [text/html]
Saving to: ‘6.3.33’

     0K .......... .......... .......... .......... .......... 78%  209K 0s
    50K .......... ...                                        100% 12.3M=0.2s

2017-01-27 17:00:27 (264 KB/s) - ‘6.3.33’ saved [65078/65078]

--2017-01-27 17:00:28--  http://doi.org/10.1093/analys/6.3.45
Connecting to doi.org (doi.org)|54.191.229.235|:80... connected.
HTTP request sent, awaiting response... 303 See Other
Location: https://academic.oup.com/analysis/article-lookup/doi/10.1093/analys/6.3.45 [following]
--2017-01-27 17:00:29--  https://academic.oup.com/analysis/article-lookup/doi/10.1093/analys/6.3.45
Connecting to academic.oup.com (academic.oup.com)|173.254.190.144|:443... connected.
HTTP request sent, awaiting response... 200 OK
Length: 65505 (64K) [text/html]
Saving to: ‘6.3.45’

     0K .......... .......... .......... .......... .......... 78%  209K 0s
    50K .......... ...                                        100% 18.1M=0.2s

2017-01-27 17:00:32 (267 KB/s) - ‘6.3.45’ saved [65505/65505]

--2017-01-27 17:00:33--  http://doi.org/10.1093/analys/6.4.63
Connecting to doi.org (doi.org)|54.191.229.235|:80... connected.
HTTP request sent, awaiting response... 303 See Other
Location: https://academic.oup.com/analysis/article-lookup/doi/10.1093/analys/6.4.63 [following]
--2017-01-27 17:00:35--  https://academic.oup.com/analysis/article-lookup/doi/10.1093/analys/6.4.63
Connecting to academic.oup.com (academic.oup.com)|173.254.190.144|:443... connected.
HTTP request sent, awaiting response... 200 OK
Length: 65410 (64K) [text/html]
Saving to: ‘6.4.63’

     0K .......... .......... .......... .......... .......... 78%  209K 0s
    50K .......... ...                                        100% 20.5M=0.2s

2017-01-27 17:00:38 (266 KB/s) - ‘6.4.63’ saved [65410/65410]

--2017-01-27 17:00:39--  http://doi.org/10.1093/analys/6.4.49
Connecting to doi.org (doi.org)|54.191.229.235|:80... connected.
HTTP request sent, awaiting response... 303 See Other
Location: https://academic.oup.com/analysis/article-lookup/doi/10.1093/analys/6.4.49 [following]
--2017-01-27 17:00:40--  https://academic.oup.com/analysis/article-lookup/doi/10.1093/analys/6.4.49
Connecting to academic.oup.com (academic.oup.com)|173.254.190.144|:443... connected.
HTTP request sent, awaiting response... 200 OK
Length: 65128 (64K) [text/html]
Saving to: ‘6.4.49’

     0K .......... .......... .......... .......... .......... 78%  209K 0s
    50K .......... ...                                        100% 15.5M=0.2s

2017-01-27 17:00:43 (265 KB/s) - ‘6.4.49’ saved [65128/65128]

--2017-01-27 17:00:44--  http://doi.org/10.1093/analys/7.1.75
Connecting to doi.org (doi.org)|54.191.229.235|:80... connected.
HTTP request sent, awaiting response... 303 See Other
Location: https://academic.oup.com/analysis/article-lookup/doi/10.1093/analys/7.1.75 [following]
--2017-01-27 17:00:46--  https://academic.oup.com/analysis/article-lookup/doi/10.1093/analys/7.1.75
Connecting to academic.oup.com (academic.oup.com)|173.254.190.144|:443... connected.
HTTP request sent, awaiting response... 200 OK
Length: 64863 (63K) [text/html]
Saving to: ‘7.1.75’

     0K .......... .......... .......... .......... .......... 78%  209K 0s
    50K .......... ...                                        100% 14.5M=0.2s

2017-01-27 17:00:49 (264 KB/s) - ‘7.1.75’ saved [64863/64863]

--2017-01-27 17:00:50--  http://doi.org/10.1093/analys/7.1.56
Connecting to doi.org (doi.org)|54.191.229.235|:80... connected.
HTTP request sent, awaiting response... 303 See Other
Location: https://academic.oup.com/analysis/article-lookup/doi/10.1093/analys/7.1.56 [following]
--2017-01-27 17:00:51--  https://academic.oup.com/analysis/article-lookup/doi/10.1093/analys/7.1.56
Connecting to academic.oup.com (academic.oup.com)|173.254.190.144|:443... connected.
HTTP request sent, awaiting response... 200 OK
Length: 65467 (64K) [text/html]
Saving to: ‘7.1.56’

     0K .......... .......... .......... .......... .......... 78%  208K 0s
    50K .......... ...                                        100% 13.6M=0.2s

2017-01-27 17:00:55 (265 KB/s) - ‘7.1.56’ saved [65467/65467]

--2017-01-27 17:00:56--  http://doi.org/10.1093/analys/7.1.51
Connecting to doi.org (doi.org)|54.191.229.235|:80... connected.
HTTP request sent, awaiting response... 303 See Other
Location: https://academic.oup.com/analysis/article-lookup/doi/10.1093/analys/7.1.51 [following]
--2017-01-27 17:00:57--  https://academic.oup.com/analysis/article-lookup/doi/10.1093/analys/7.1.51
Connecting to academic.oup.com (academic.oup.com)|173.254.190.144|:443... connected.
HTTP request sent, awaiting response... 200 OK
Length: 65496 (64K) [text/html]
Saving to: ‘7.1.51’

     0K .......... .......... .......... .......... .......... 78%  209K 0s
    50K .......... ...                                        100% 17.6M=0.2s

2017-01-27 17:01:00 (267 KB/s) - ‘7.1.51’ saved [65496/65496]

--2017-01-27 17:01:01--  http://doi.org/10.1093/analys/7.1.73
Connecting to doi.org (doi.org)|54.191.229.235|:80... connected.
HTTP request sent, awaiting response... 303 See Other
Location: https://academic.oup.com/analysis/article-lookup/doi/10.1093/analys/7.1.73 [following]
--2017-01-27 17:01:02--  https://academic.oup.com/analysis/article-lookup/doi/10.1093/analys/7.1.73
Connecting to academic.oup.com (academic.oup.com)|173.254.190.144|:443... connected.
HTTP request sent, awaiting response... 200 OK
Length: 64969 (63K) [text/html]
Saving to: ‘7.1.73’

     0K .......... .......... .......... .......... .......... 78%  209K 0s
    50K .......... ...                                        100% 13.9M=0.2s

2017-01-27 17:01:05 (264 KB/s) - ‘7.1.73’ saved [64969/64969]

--2017-01-27 17:01:06--  http://doi.org/10.1093/analys/7.1.61
Connecting to doi.org (doi.org)|54.191.229.235|:80... connected.
HTTP request sent, awaiting response... 303 See Other
Location: https://academic.oup.com/analysis/article-lookup/doi/10.1093/analys/7.1.61 [following]
--2017-01-27 17:01:07--  https://academic.oup.com/analysis/article-lookup/doi/10.1093/analys/7.1.61
Connecting to academic.oup.com (academic.oup.com)|173.254.190.144|:443... connected.
HTTP request sent, awaiting response... 200 OK
Length: 80177 (78K) [text/html]
Saving to: ‘7.1.61’

     0K .......... .......... .......... .......... .......... 63%  209K 0s
    50K .......... .......... ........                        100% 10.5M=0.2s

2017-01-27 17:01:11 (324 KB/s) - ‘7.1.61’ saved [80177/80177]

--2017-01-27 17:01:12--  http://doi.org/10.1093/analys/7.1.25
Connecting to doi.org (doi.org)|54.191.229.235|:80... connected.
HTTP request sent, awaiting response... 303 See Other
Location: https://academic.oup.com/analysis/article-lookup/doi/10.1093/analys/7.1.25 [following]
--2017-01-27 17:01:13--  https://academic.oup.com/analysis/article-lookup/doi/10.1093/analys/7.1.25
Connecting to academic.oup.com (academic.oup.com)|173.254.190.144|:443... connected.
HTTP request sent, awaiting response... 200 OK
Length: 65502 (64K) [text/html]
Saving to: ‘7.1.25’

     0K .......... .......... .......... .......... .......... 78%  208K 0s
    50K .......... ...                                        100% 15.6M=0.2s

2017-01-27 17:01:17 (265 KB/s) - ‘7.1.25’ saved [65502/65502]

--2017-01-27 17:01:18--  http://doi.org/10.1093/analys/7.1.68
Connecting to doi.org (doi.org)|54.191.229.235|:80... connected.
HTTP request sent, awaiting response... 303 See Other
Location: https://academic.oup.com/analysis/article-lookup/doi/10.1093/analys/7.1.68 [following]
--2017-01-27 17:01:19--  https://academic.oup.com/analysis/article-lookup/doi/10.1093/analys/7.1.68
Connecting to academic.oup.com (academic.oup.com)|173.254.190.144|:443... connected.
HTTP request sent, awaiting response... 200 OK
Length: 65506 (64K) [text/html]
Saving to: ‘7.1.68’

     0K .......... .......... .......... .......... .......... 78%  209K 0s
    50K .......... ...                                        100% 17.8M=0.2s

2017-01-27 17:01:23 (267 KB/s) - ‘7.1.68’ saved [65506/65506]

--2017-01-27 17:01:24--  http://doi.org/10.1093/analys/7.1.40
Connecting to doi.org (doi.org)|54.191.229.235|:80... connected.
HTTP request sent, awaiting response... 303 See Other
Location: https://academic.oup.com/analysis/article-lookup/doi/10.1093/analys/7.1.40 [following]
--2017-01-27 17:01:25--  https://academic.oup.com/analysis/article-lookup/doi/10.1093/analys/7.1.40
Connecting to academic.oup.com (academic.oup.com)|173.254.190.144|:443... connected.
HTTP request sent, awaiting response... 200 OK
Length: 65177 (64K) [text/html]
Saving to: ‘7.1.40’

     0K .......... .......... .......... .......... .......... 78%  208K 0s
    50K .......... ...                                        100% 14.6M=0.2s

2017-01-27 17:01:28 (264 KB/s) - ‘7.1.40’ saved [65177/65177]

--2017-01-27 17:01:29--  http://doi.org/10.1093/analys/7.1.1
Connecting to doi.org (doi.org)|54.191.229.235|:80... connected.
HTTP request sent, awaiting response... 303 See Other
Location: https://academic.oup.com/analysis/article-lookup/doi/10.1093/analys/7.1.1 [following]
--2017-01-27 17:01:31--  https://academic.oup.com/analysis/article-lookup/doi/10.1093/analys/7.1.1
Connecting to academic.oup.com (academic.oup.com)|173.254.190.144|:443... connected.
HTTP request sent, awaiting response... 200 OK
Length: 65562 (64K) [text/html]
Saving to: ‘7.1.1’

     0K .......... .......... .......... .......... .......... 78%  209K 0s
    50K .......... ....                                       100% 14.7M=0.2s

2017-01-27 17:01:34 (267 KB/s) - ‘7.1.1’ saved [65562/65562]

--2017-01-27 17:01:35--  http://doi.org/10.1093/analys/7.1.20
Connecting to doi.org (doi.org)|54.191.229.235|:80... connected.
HTTP request sent, awaiting response... 303 See Other
Location: https://academic.oup.com/analysis/article-lookup/doi/10.1093/analys/7.1.20 [following]
--2017-01-27 17:01:37--  https://academic.oup.com/analysis/article-lookup/doi/10.1093/analys/7.1.20
Connecting to academic.oup.com (academic.oup.com)|173.254.190.144|:443... connected.
HTTP request sent, awaiting response... 200 OK
Length: 65444 (64K) [text/html]
Saving to: ‘7.1.20’

     0K .......... .......... .......... .......... .......... 78%  209K 0s
    50K .......... ...                                        100% 17.1M=0.2s

2017-01-27 17:01:40 (266 KB/s) - ‘7.1.20’ saved [65444/65444]

--2017-01-27 17:01:41--  http://doi.org/10.1093/analys/7.1.13
Connecting to doi.org (doi.org)|54.191.229.235|:80... connected.
HTTP request sent, awaiting response... 303 See Other
Location: https://academic.oup.com/analysis/article-lookup/doi/10.1093/analys/7.1.13 [following]
--2017-01-27 17:01:42--  https://academic.oup.com/analysis/article-lookup/doi/10.1093/analys/7.1.13
Connecting to academic.oup.com (academic.oup.com)|173.254.190.144|:443... connected.
HTTP request sent, awaiting response... 200 OK
Length: 80105 (78K) [text/html]
Saving to: ‘7.1.13’

     0K .......... .......... .......... .......... .......... 63%  209K 0s
    50K .......... .......... ........                        100% 11.1M=0.2s

2017-01-27 17:01:46 (324 KB/s) - ‘7.1.13’ saved [80105/80105]

--2017-01-27 17:01:47--  http://doi.org/10.1093/analys/7.1.45
Connecting to doi.org (doi.org)|54.191.229.235|:80... connected.
HTTP request sent, awaiting response... 303 See Other
Location: https://academic.oup.com/analysis/article-lookup/doi/10.1093/analys/7.1.45 [following]
--2017-01-27 17:01:48--  https://academic.oup.com/analysis/article-lookup/doi/10.1093/analys/7.1.45
Connecting to academic.oup.com (academic.oup.com)|173.254.190.144|:443... connected.
HTTP request sent, awaiting response... 200 OK
Length: 80452 (79K) [text/html]
Saving to: ‘7.1.45’

     0K .......... .......... .......... .......... .......... 63%  208K 0s
    50K .......... .......... ........                        100% 9.85M=0.2s

2017-01-27 17:01:51 (323 KB/s) - ‘7.1.45’ saved [80452/80452]

--2017-01-27 17:01:52--  http://doi.org/10.1093/analys/7.1.31
Connecting to doi.org (doi.org)|54.191.229.235|:80... connected.
HTTP request sent, awaiting response... 303 See Other
Location: https://academic.oup.com/analysis/article-lookup/doi/10.1093/analys/7.1.31 [following]
--2017-01-27 17:01:54--  https://academic.oup.com/analysis/article-lookup/doi/10.1093/analys/7.1.31
Connecting to academic.oup.com (academic.oup.com)|173.254.190.144|:443... connected.
HTTP request sent, awaiting response... 200 OK
Length: 65508 (64K) [text/html]
Saving to: ‘7.1.31’

     0K .......... .......... .......... .......... .......... 78%  209K 0s
    50K .......... ...                                        100% 14.3M=0.2s

2017-01-27 17:01:57 (266 KB/s) - ‘7.1.31’ saved [65508/65508]

--2017-01-27 17:01:58--  http://doi.org/10.1093/analys/8.1.9
Connecting to doi.org (doi.org)|54.191.229.235|:80... connected.
HTTP request sent, awaiting response... 303 See Other
Location: https://academic.oup.com/analysis/article-lookup/doi/10.1093/analys/8.1.9 [following]
--2017-01-27 17:01:59--  https://academic.oup.com/analysis/article-lookup/doi/10.1093/analys/8.1.9
Connecting to academic.oup.com (academic.oup.com)|173.254.190.144|:443... connected.
HTTP request sent, awaiting response... 200 OK
Length: 65034 (64K) [text/html]
Saving to: ‘8.1.9’

     0K .......... .......... .......... .......... .......... 78%  209K 0s
    50K .......... ...                                        100% 13.4M=0.2s

2017-01-27 17:02:04 (264 KB/s) - ‘8.1.9’ saved [65034/65034]

--2017-01-27 17:02:05--  http://doi.org/10.1093/analys/8.1.1
Connecting to doi.org (doi.org)|54.191.229.235|:80... connected.
HTTP request sent, awaiting response... 303 See Other
Location: https://academic.oup.com/analysis/article-lookup/doi/10.1093/analys/8.1.1 [following]
--2017-01-27 17:02:06--  https://academic.oup.com/analysis/article-lookup/doi/10.1093/analys/8.1.1
Connecting to academic.oup.com (academic.oup.com)|173.254.190.144|:443... connected.
HTTP request sent, awaiting response... 200 OK
Length: 65962 (64K) [text/html]
Saving to: ‘8.1.1’

     0K .......... .......... .......... .......... .......... 77%  208K 0s
    50K .......... ....                                       100% 15.7M=0.2s

2017-01-27 17:02:09 (267 KB/s) - ‘8.1.1’ saved [65962/65962]

--2017-01-27 17:02:10--  http://doi.org/10.1093/analys/8.2.24
Connecting to doi.org (doi.org)|54.191.229.235|:80... connected.
HTTP request sent, awaiting response... 303 See Other
Location: https://academic.oup.com/analysis/article-lookup/doi/10.1093/analys/8.2.24 [following]
--2017-01-27 17:02:12--  https://academic.oup.com/analysis/article-lookup/doi/10.1093/analys/8.2.24
Connecting to academic.oup.com (academic.oup.com)|173.254.190.144|:443... connected.
HTTP request sent, awaiting response... 200 OK
Length: 65374 (64K) [text/html]
Saving to: ‘8.2.24’

     0K .......... .......... .......... .......... .......... 78%  309K 0s
    50K .......... ...                                        100%  177K=0.2s

2017-01-27 17:02:15 (266 KB/s) - ‘8.2.24’ saved [65374/65374]

--2017-01-27 17:02:16--  http://doi.org/10.1093/analys/8.2.30
Connecting to doi.org (doi.org)|54.191.229.235|:80... connected.
HTTP request sent, awaiting response... 303 See Other
Location: https://academic.oup.com/analysis/article-lookup/doi/10.1093/analys/8.2.30 [following]
--2017-01-27 17:02:18--  https://academic.oup.com/analysis/article-lookup/doi/10.1093/analys/8.2.30
Connecting to academic.oup.com (academic.oup.com)|173.254.190.144|:443... connected.
HTTP request sent, awaiting response... 200 OK
Length: 65106 (64K) [text/html]
Saving to: ‘8.2.30’

     0K .......... .......... .......... .......... .......... 78%  209K 0s
    50K .......... ...                                        100% 11.4M=0.2s

2017-01-27 17:02:21 (264 KB/s) - ‘8.2.30’ saved [65106/65106]

--2017-01-27 17:02:22--  http://doi.org/10.1093/analys/8.2.17
Connecting to doi.org (doi.org)|54.191.229.235|:80... connected.
HTTP request sent, awaiting response... 303 See Other
Location: https://academic.oup.com/analysis/article-lookup/doi/10.1093/analys/8.2.17 [following]
--2017-01-27 17:02:23--  https://academic.oup.com/analysis/article-lookup/doi/10.1093/analys/8.2.17
Connecting to academic.oup.com (academic.oup.com)|173.254.190.144|:443... connected.
HTTP request sent, awaiting response... 200 OK
Length: 79857 (78K) [text/html]
Saving to: ‘8.2.17’

     0K .......... .......... .......... .......... .......... 64%  209K 0s
    50K .......... .......... .......                         100% 13.7M=0.2s

2017-01-27 17:02:29 (323 KB/s) - ‘8.2.17’ saved [79857/79857]

--2017-01-27 17:02:30--  http://doi.org/10.1093/analys/8.2.28
Connecting to doi.org (doi.org)|54.191.229.235|:80... connected.
HTTP request sent, awaiting response... 303 See Other
Location: https://academic.oup.com/analysis/article-lookup/doi/10.1093/analys/8.2.28 [following]
--2017-01-27 17:02:32--  https://academic.oup.com/analysis/article-lookup/doi/10.1093/analys/8.2.28
Connecting to academic.oup.com (academic.oup.com)|173.254.190.144|:443... connected.
HTTP request sent, awaiting response... 200 OK
Length: 65146 (64K) [text/html]
Saving to: ‘8.2.28’

     0K .......... .......... .......... .......... .......... 78%  208K 0s
    50K .......... ...                                        100% 18.3M=0.2s

2017-01-27 17:02:35 (264 KB/s) - ‘8.2.28’ saved [65146/65146]

--2017-01-27 17:02:36--  http://doi.org/10.1093/analys/8.3.33
Connecting to doi.org (doi.org)|54.191.229.235|:80... connected.
HTTP request sent, awaiting response... 303 See Other
Location: https://academic.oup.com/analysis/article-lookup/doi/10.1093/analys/8.3.33 [following]
--2017-01-27 17:02:37--  https://academic.oup.com/analysis/article-lookup/doi/10.1093/analys/8.3.33
Connecting to academic.oup.com (academic.oup.com)|173.254.190.144|:443... connected.
HTTP request sent, awaiting response... 200 OK
Length: 64946 (63K) [text/html]
Saving to: ‘8.3.33’

     0K .......... .......... .......... .......... .......... 78%  209K 0s
    50K .......... ...                                        100% 14.7M=0.2s

2017-01-27 17:02:40 (264 KB/s) - ‘8.3.33’ saved [64946/64946]

--2017-01-27 17:02:41--  http://doi.org/10.1093/analys/8.3.44
Connecting to doi.org (doi.org)|54.191.229.235|:80... connected.
HTTP request sent, awaiting response... 303 See Other
Location: https://academic.oup.com/analysis/article-lookup/doi/10.1093/analys/8.3.44 [following]
--2017-01-27 17:02:43--  https://academic.oup.com/analysis/article-lookup/doi/10.1093/analys/8.3.44
Connecting to academic.oup.com (academic.oup.com)|173.254.190.144|:443... connected.
HTTP request sent, awaiting response... 200 OK
Length: 65376 (64K) [text/html]
Saving to: ‘8.3.44’

     0K .......... .......... .......... .......... .......... 78%  209K 0s
    50K .......... ...                                        100% 15.5M=0.2s

2017-01-27 17:02:46 (266 KB/s) - ‘8.3.44’ saved [65376/65376]

--2017-01-27 17:02:47--  http://doi.org/10.1093/analys/8.3.48
Connecting to doi.org (doi.org)|54.191.229.235|:80... connected.
HTTP request sent, awaiting response... 303 See Other
Location: https://academic.oup.com/analysis/article-lookup/doi/10.1093/analys/8.3.48 [following]
--2017-01-27 17:02:48--  https://academic.oup.com/analysis/article-lookup/doi/10.1093/analys/8.3.48
Connecting to academic.oup.com (academic.oup.com)|173.254.190.144|:443... connected.
HTTP request sent, awaiting response... 200 OK
Length: 65390 (64K) [text/html]
Saving to: ‘8.3.48’

     0K .......... .......... .......... .......... .......... 78%  208K 0s
    50K .......... ...                                        100% 13.6M=0.2s

2017-01-27 17:02:51 (265 KB/s) - ‘8.3.48’ saved [65390/65390]

--2017-01-27 17:02:52--  http://doi.org/10.1093/analys/8.3.39
Connecting to doi.org (doi.org)|54.191.229.235|:80... connected.
HTTP request sent, awaiting response... 303 See Other
Location: https://academic.oup.com/analysis/article-lookup/doi/10.1093/analys/8.3.39 [following]
--2017-01-27 17:02:53--  https://academic.oup.com/analysis/article-lookup/doi/10.1093/analys/8.3.39
Connecting to academic.oup.com (academic.oup.com)|173.254.190.144|:443... connected.
HTTP request sent, awaiting response... 200 OK
Length: 65643 (64K) [text/html]
Saving to: ‘8.3.39’

     0K .......... .......... .......... .......... .......... 77%  209K 0s
    50K .......... ....                                       100% 15.4M=0.2s

2017-01-27 17:02:58 (266 KB/s) - ‘8.3.39’ saved [65643/65643]

--2017-01-27 17:02:59--  http://doi.org/10.1093/analys/8.4.49
Connecting to doi.org (doi.org)|54.191.229.235|:80... connected.
HTTP request sent, awaiting response... 303 See Other
Location: https://academic.oup.com/analysis/article-lookup/doi/10.1093/analys/8.4.49 [following]
--2017-01-27 17:03:00--  https://academic.oup.com/analysis/article-lookup/doi/10.1093/analys/8.4.49
Connecting to academic.oup.com (academic.oup.com)|173.254.190.144|:443... connected.
HTTP request sent, awaiting response... 200 OK
Length: 65232 (64K) [text/html]
Saving to: ‘8.4.49’

     0K .......... .......... .......... .......... .......... 78%  208K 0s
    50K .......... ...                                        100% 14.3M=0.2s

2017-01-27 17:03:04 (264 KB/s) - ‘8.4.49’ saved [65232/65232]

--2017-01-27 17:03:05--  http://doi.org/10.1093/analys/8.5.71
Connecting to doi.org (doi.org)|54.191.229.235|:80... connected.
HTTP request sent, awaiting response... 303 See Other
Location: https://academic.oup.com/analysis/article-lookup/doi/10.1093/analys/8.5.71 [following]
--2017-01-27 17:03:06--  https://academic.oup.com/analysis/article-lookup/doi/10.1093/analys/8.5.71
Connecting to academic.oup.com (academic.oup.com)|173.254.190.144|:443... connected.
HTTP request sent, awaiting response... 200 OK
Length: 65175 (64K) [text/html]
Saving to: ‘8.5.71’

     0K .......... .......... .......... .......... .......... 78%  208K 0s
    50K .......... ...                                        100% 15.8M=0.2s

2017-01-27 17:03:10 (264 KB/s) - ‘8.5.71’ saved [65175/65175]

FINISHED --2017-01-27 17:03:10--
Total wall clock time: 9m 33s
Downloaded: 100 files, 6.5M in 24s (274 KB/s)
