--2017-01-27 18:12:50--  http://doi.org/10.1016/s1090-820x(96)70047-x
Resolving doi.org (doi.org)... 63.123.152.248, 54.191.229.235, 38.100.138.163, ...
Connecting to doi.org (doi.org)|63.123.152.248|:80... connected.
HTTP request sent, awaiting response... 303 See Other
Location: https://academic.oup.com/asj/article-lookup/doi/10.1016/S1090-820X(96)70047-X [following]
--2017-01-27 18:12:51--  https://academic.oup.com/asj/article-lookup/doi/10.1016/S1090-820X(96)70047-X
Resolving academic.oup.com (academic.oup.com)... 173.254.190.144
Connecting to academic.oup.com (academic.oup.com)|173.254.190.144|:443... connected.
HTTP request sent, awaiting response... 200 OK
Length: 87792 (86K) [text/html]
Saving to: ‘s1090-820x(96)70047-x’

     0K .......... .......... .......... .......... .......... 58%  209K 0s
    50K .......... .......... .......... .....                100% 8.53M=0.2s

2017-01-27 18:12:54 (352 KB/s) - ‘s1090-820x(96)70047-x’ saved [87792/87792]

--2017-01-27 18:12:55--  http://doi.org/10.1016/s1090-820x(96)70049-3
Connecting to doi.org (doi.org)|63.123.152.248|:80... connected.
HTTP request sent, awaiting response... 303 See Other
Location: https://academic.oup.com/asj/article-lookup/doi/10.1016/S1090-820X(96)70049-3 [following]
--2017-01-27 18:12:56--  https://academic.oup.com/asj/article-lookup/doi/10.1016/S1090-820X(96)70049-3
Connecting to academic.oup.com (academic.oup.com)|173.254.190.144|:443... connected.
HTTP request sent, awaiting response... 200 OK
Length: 82848 (81K) [text/html]
Saving to: ‘s1090-820x(96)70049-3’

     0K .......... .......... .......... .......... .......... 61%  207K 0s
    50K .......... .......... ..........                      100% 10.2M=0.2s

2017-01-27 18:12:59 (331 KB/s) - ‘s1090-820x(96)70049-3’ saved [82848/82848]

--2017-01-27 18:13:00--  http://doi.org/10.1016/s1090-820x(96)70051-1
Connecting to doi.org (doi.org)|63.123.152.248|:80... connected.
HTTP request sent, awaiting response... 303 See Other
Location: https://academic.oup.com/asj/article-lookup/doi/10.1016/S1090-820X(96)70051-1 [following]
--2017-01-27 18:13:01--  https://academic.oup.com/asj/article-lookup/doi/10.1016/S1090-820X(96)70051-1
Connecting to academic.oup.com (academic.oup.com)|173.254.190.144|:443... connected.
HTTP request sent, awaiting response... 200 OK
Length: 76103 (74K) [text/html]
Saving to: ‘s1090-820x(96)70051-1’

     0K .......... .......... .......... .......... .......... 67%  206K 0s
    50K .......... .......... ....                            100% 7.87M=0.2s

2017-01-27 18:13:04 (302 KB/s) - ‘s1090-820x(96)70051-1’ saved [76103/76103]

--2017-01-27 18:13:05--  http://doi.org/10.1016/s1090-820x(96)70058-4
Connecting to doi.org (doi.org)|63.123.152.248|:80... connected.
HTTP request sent, awaiting response... 303 See Other
Location: https://academic.oup.com/asj/article-lookup/doi/10.1016/S1090-820X(96)70058-4 [following]
--2017-01-27 18:13:07--  https://academic.oup.com/asj/article-lookup/doi/10.1016/S1090-820X(96)70058-4
Connecting to academic.oup.com (academic.oup.com)|173.254.190.144|:443... connected.
HTTP request sent, awaiting response... 200 OK
Length: 88795 (87K) [text/html]
Saving to: ‘s1090-820x(96)70058-4’

     0K .......... .......... .......... .......... .......... 57%  207K 0s
    50K .......... .......... .......... ......               100% 10.1M=0.2s

2017-01-27 18:13:10 (354 KB/s) - ‘s1090-820x(96)70058-4’ saved [88795/88795]

--2017-01-27 18:13:11--  http://doi.org/10.1016/s1090-820x(96)70041-9
Connecting to doi.org (doi.org)|63.123.152.248|:80... connected.
HTTP request sent, awaiting response... 303 See Other
Location: https://academic.oup.com/asj/article-lookup/doi/10.1016/S1090-820X(96)70041-9 [following]
--2017-01-27 18:13:12--  https://academic.oup.com/asj/article-lookup/doi/10.1016/S1090-820X(96)70041-9
Connecting to academic.oup.com (academic.oup.com)|173.254.190.144|:443... connected.
HTTP request sent, awaiting response... 200 OK
Length: 144921 (142K) [text/html]
Saving to: ‘s1090-820x(96)70041-9’

     0K .......... .......... .......... .......... .......... 35%  209K 0s
    50K .......... .......... .......... .......... .......... 70%  613K 0s
   100K .......... .......... .......... .......... .         100%  491K=0.4s

2017-01-27 18:13:15 (349 KB/s) - ‘s1090-820x(96)70041-9’ saved [144921/144921]

--2017-01-27 18:13:16--  http://doi.org/10.1016/s1090-820x(96)70045-6
Connecting to doi.org (doi.org)|63.123.152.248|:80... connected.
HTTP request sent, awaiting response... 303 See Other
Location: https://academic.oup.com/asj/article-lookup/doi/10.1016/S1090-820X(96)70045-6 [following]
--2017-01-27 18:13:18--  https://academic.oup.com/asj/article-lookup/doi/10.1016/S1090-820X(96)70045-6
Connecting to academic.oup.com (academic.oup.com)|173.254.190.144|:443... connected.
HTTP request sent, awaiting response... 200 OK
Length: 84233 (82K) [text/html]
Saving to: ‘s1090-820x(96)70045-6’

     0K .......... .......... .......... .......... .......... 60%  208K 0s
    50K .......... .......... .......... ..                   100% 10.9M=0.2s

2017-01-27 18:13:22 (338 KB/s) - ‘s1090-820x(96)70045-6’ saved [84233/84233]

--2017-01-27 18:13:23--  http://doi.org/10.1016/s1090-820x(96)70057-2
Connecting to doi.org (doi.org)|63.123.152.248|:80... connected.
HTTP request sent, awaiting response... 303 See Other
Location: https://academic.oup.com/asj/article-lookup/doi/10.1016/S1090-820X(96)70057-2 [following]
--2017-01-27 18:13:24--  https://academic.oup.com/asj/article-lookup/doi/10.1016/S1090-820X(96)70057-2
Connecting to academic.oup.com (academic.oup.com)|173.254.190.144|:443... connected.
HTTP request sent, awaiting response... 200 OK
Length: 116663 (114K) [text/html]
Saving to: ‘s1090-820x(96)70057-2’

     0K .......... .......... .......... .......... .......... 43%  207K 0s
    50K .......... .......... .......... .......... .......... 87%  607K 0s
   100K .......... ...                                        100% 9.30M=0.3s

2017-01-27 18:13:27 (350 KB/s) - ‘s1090-820x(96)70057-2’ saved [116663/116663]

--2017-01-27 18:13:28--  http://doi.org/10.1016/s1090-820x(96)70048-1
Connecting to doi.org (doi.org)|63.123.152.248|:80... connected.
HTTP request sent, awaiting response... 303 See Other
Location: https://academic.oup.com/asj/article-lookup/doi/10.1016/S1090-820X(96)70048-1 [following]
--2017-01-27 18:13:29--  https://academic.oup.com/asj/article-lookup/doi/10.1016/S1090-820X(96)70048-1
Connecting to academic.oup.com (academic.oup.com)|173.254.190.144|:443... connected.
HTTP request sent, awaiting response... 200 OK
Length: 93458 (91K) [text/html]
Saving to: ‘s1090-820x(96)70048-1’

     0K .......... .......... .......... .......... .......... 54%  209K 0s
    50K .......... .......... .......... .......... .         100% 1019K=0.3s

2017-01-27 18:13:32 (326 KB/s) - ‘s1090-820x(96)70048-1’ saved [93458/93458]

--2017-01-27 18:13:33--  http://doi.org/10.1016/s1090-820x(96)70042-0
Connecting to doi.org (doi.org)|63.123.152.248|:80... connected.
HTTP request sent, awaiting response... 303 See Other
Location: https://academic.oup.com/asj/article-lookup/doi/10.1016/S1090-820X(96)70042-0 [following]
--2017-01-27 18:13:34--  https://academic.oup.com/asj/article-lookup/doi/10.1016/S1090-820X(96)70042-0
Connecting to academic.oup.com (academic.oup.com)|173.254.190.144|:443... connected.
HTTP request sent, awaiting response... 200 OK
Length: 97535 (95K) [text/html]
Saving to: ‘s1090-820x(96)70042-0’

     0K .......... .......... .......... .......... .......... 52%  209K 0s
    50K .......... .......... .......... .......... .....     100%  563K=0.3s

2017-01-27 18:13:37 (298 KB/s) - ‘s1090-820x(96)70042-0’ saved [97535/97535]

--2017-01-27 18:13:38--  http://doi.org/10.1016/s1090-820x(96)70056-0
Connecting to doi.org (doi.org)|63.123.152.248|:80... connected.
HTTP request sent, awaiting response... 303 See Other
Location: https://academic.oup.com/asj/article-lookup/doi/10.1016/S1090-820X(96)70056-0 [following]
--2017-01-27 18:13:39--  https://academic.oup.com/asj/article-lookup/doi/10.1016/S1090-820X(96)70056-0
Connecting to academic.oup.com (academic.oup.com)|173.254.190.144|:443... connected.
HTTP request sent, awaiting response... 200 OK
Length: 111543 (109K) [text/html]
Saving to: ‘s1090-820x(96)70056-0’

     0K .......... .......... .......... .......... .......... 45%  209K 0s
    50K .......... .......... .......... .......... .......... 91%  603K 0s
   100K ........                                              100% 31.2M=0.3s

2017-01-27 18:13:43 (338 KB/s) - ‘s1090-820x(96)70056-0’ saved [111543/111543]

--2017-01-27 18:13:44--  http://doi.org/10.1016/s1090-820x(96)70055-9
Connecting to doi.org (doi.org)|63.123.152.248|:80... connected.
HTTP request sent, awaiting response... 303 See Other
Location: https://academic.oup.com/asj/article-lookup/doi/10.1016/S1090-820X(96)70055-9 [following]
--2017-01-27 18:13:45--  https://academic.oup.com/asj/article-lookup/doi/10.1016/S1090-820X(96)70055-9
Connecting to academic.oup.com (academic.oup.com)|173.254.190.144|:443... connected.
HTTP request sent, awaiting response... 200 OK
Length: 176636 (172K) [text/html]
Saving to: ‘s1090-820x(96)70055-9’

     0K .......... .......... .......... .......... .......... 28%  208K 1s
    50K .......... .......... .......... .......... .......... 57%  610K 0s
   100K .......... .......... .......... .......... .......... 86%  602K 0s
   150K .......... .......... ..                              100%  284K=0.5s

2017-01-27 18:13:48 (356 KB/s) - ‘s1090-820x(96)70055-9’ saved [176636/176636]

--2017-01-27 18:13:49--  http://doi.org/10.1016/s1090-820x(96)70054-7
Connecting to doi.org (doi.org)|63.123.152.248|:80... connected.
HTTP request sent, awaiting response... 303 See Other
Location: https://academic.oup.com/asj/article-lookup/doi/10.1016/S1090-820X(96)70054-7 [following]
--2017-01-27 18:13:50--  https://academic.oup.com/asj/article-lookup/doi/10.1016/S1090-820X(96)70054-7
Connecting to academic.oup.com (academic.oup.com)|173.254.190.144|:443... connected.
HTTP request sent, awaiting response... 200 OK
Length: 159828 (156K) [text/html]
Saving to: ‘s1090-820x(96)70054-7’

     0K .......... .......... .......... .......... .......... 32%  309K 0s
    50K .......... .......... .......... .......... .......... 64%  299K 0s
   100K .......... .......... .......... .......... .......... 96%  596K 0s
   150K ......                                                100% 11601G=0.4s

2017-01-27 18:13:53 (378 KB/s) - ‘s1090-820x(96)70054-7’ saved [159828/159828]

--2017-01-27 18:13:54--  http://doi.org/10.1016/s1090-820x(96)70044-4
Connecting to doi.org (doi.org)|63.123.152.248|:80... connected.
HTTP request sent, awaiting response... 303 See Other
Location: https://academic.oup.com/asj/article-lookup/doi/10.1016/S1090-820X(96)70044-4 [following]
--2017-01-27 18:13:56--  https://academic.oup.com/asj/article-lookup/doi/10.1016/S1090-820X(96)70044-4
Connecting to academic.oup.com (academic.oup.com)|173.254.190.144|:443... connected.
HTTP request sent, awaiting response... 200 OK
Length: 127466 (124K) [text/html]
Saving to: ‘s1090-820x(96)70044-4’

     0K .......... .......... .......... .......... .......... 40%  208K 0s
    50K .......... .......... .......... .......... .......... 80%  593K 0s
   100K .......... .......... ....                            100% 1.00M=0.3s

2017-01-27 18:13:59 (357 KB/s) - ‘s1090-820x(96)70044-4’ saved [127466/127466]

--2017-01-27 18:14:00--  http://doi.org/10.1016/s1090-820x(96)70052-3
Connecting to doi.org (doi.org)|63.123.152.248|:80... connected.
HTTP request sent, awaiting response... 303 See Other
Location: https://academic.oup.com/asj/article-lookup/doi/10.1016/S1090-820X(96)70052-3 [following]
--2017-01-27 18:14:01--  https://academic.oup.com/asj/article-lookup/doi/10.1016/S1090-820X(96)70052-3
Connecting to academic.oup.com (academic.oup.com)|173.254.190.144|:443... connected.
HTTP request sent, awaiting response... 200 OK
Length: 95091 (93K) [text/html]
Saving to: ‘s1090-820x(96)70052-3’

     0K .......... .......... .......... .......... .......... 53%  207K 0s
    50K .......... .......... .......... .......... ..        100%  534K=0.3s

2017-01-27 18:14:06 (289 KB/s) - ‘s1090-820x(96)70052-3’ saved [95091/95091]

--2017-01-27 18:14:07--  http://doi.org/10.1016/s1090-820x(96)70046-8
Connecting to doi.org (doi.org)|63.123.152.248|:80... connected.
HTTP request sent, awaiting response... 303 See Other
Location: https://academic.oup.com/asj/article-lookup/doi/10.1016/S1090-820X(96)70046-8 [following]
--2017-01-27 18:14:08--  https://academic.oup.com/asj/article-lookup/doi/10.1016/S1090-820X(96)70046-8
Connecting to academic.oup.com (academic.oup.com)|173.254.190.144|:443... connected.
HTTP request sent, awaiting response... 200 OK
Length: 84117 (82K) [text/html]
Saving to: ‘s1090-820x(96)70046-8’

     0K .......... .......... .......... .......... .......... 60%  207K 0s
    50K .......... .......... .......... ..                   100% 12.1M=0.2s

2017-01-27 18:14:11 (337 KB/s) - ‘s1090-820x(96)70046-8’ saved [84117/84117]

--2017-01-27 18:14:12--  http://doi.org/10.1016/s1090-820x(96)70053-5
Connecting to doi.org (doi.org)|63.123.152.248|:80... connected.
HTTP request sent, awaiting response... 303 See Other
Location: https://academic.oup.com/asj/article-lookup/doi/10.1016/S1090-820X(96)70053-5 [following]
--2017-01-27 18:14:14--  https://academic.oup.com/asj/article-lookup/doi/10.1016/S1090-820X(96)70053-5
Connecting to academic.oup.com (academic.oup.com)|173.254.190.144|:443... connected.
HTTP request sent, awaiting response... 200 OK
Length: 97043 (95K) [text/html]
Saving to: ‘s1090-820x(96)70053-5’

     0K .......... .......... .......... .......... .......... 52%  209K 0s
    50K .......... .......... .......... .......... ....      100%  561K=0.3s

2017-01-27 18:14:18 (296 KB/s) - ‘s1090-820x(96)70053-5’ saved [97043/97043]

--2017-01-27 18:14:19--  http://doi.org/10.1016/s1090-820x(96)70050-x
Connecting to doi.org (doi.org)|63.123.152.248|:80... connected.
HTTP request sent, awaiting response... 303 See Other
Location: https://academic.oup.com/asj/article-lookup/doi/10.1016/S1090-820X(96)70050-X [following]
--2017-01-27 18:14:20--  https://academic.oup.com/asj/article-lookup/doi/10.1016/S1090-820X(96)70050-X
Connecting to academic.oup.com (academic.oup.com)|173.254.190.144|:443... connected.
HTTP request sent, awaiting response... 200 OK
Length: 89249 (87K) [text/html]
Saving to: ‘s1090-820x(96)70050-x’

     0K .......... .......... .......... .......... .......... 57%  309K 0s
    50K .......... .......... .......... .......              100%  462K=0.2s

2017-01-27 18:14:23 (360 KB/s) - ‘s1090-820x(96)70050-x’ saved [89249/89249]

--2017-01-27 18:14:24--  http://doi.org/10.1016/s1090-820x(96)70043-2
Connecting to doi.org (doi.org)|63.123.152.248|:80... connected.
HTTP request sent, awaiting response... 303 See Other
Location: https://academic.oup.com/asj/article-lookup/doi/10.1016/S1090-820X(96)70043-2 [following]
--2017-01-27 18:14:26--  https://academic.oup.com/asj/article-lookup/doi/10.1016/S1090-820X(96)70043-2
Connecting to academic.oup.com (academic.oup.com)|173.254.190.144|:443... connected.
HTTP request sent, awaiting response... 200 OK
Length: 86308 (84K) [text/html]
Saving to: ‘s1090-820x(96)70043-2’

     0K .......... .......... .......... .......... .......... 59%  209K 0s
    50K .......... .......... .......... ....                 100% 10.8M=0.2s

2017-01-27 18:14:29 (348 KB/s) - ‘s1090-820x(96)70043-2’ saved [86308/86308]

--2017-01-27 18:14:30--  http://doi.org/10.1016/s1090-820x(96)70066-3
Connecting to doi.org (doi.org)|63.123.152.248|:80... connected.
HTTP request sent, awaiting response... 303 See Other
Location: https://academic.oup.com/asj/article-lookup/doi/10.1016/S1090-820X(96)70066-3 [following]
--2017-01-27 18:14:31--  https://academic.oup.com/asj/article-lookup/doi/10.1016/S1090-820X(96)70066-3
Connecting to academic.oup.com (academic.oup.com)|173.254.190.144|:443... connected.
HTTP request sent, awaiting response... 200 OK
Length: 86313 (84K) [text/html]
Saving to: ‘s1090-820x(96)70066-3’

     0K .......... .......... .......... .......... .......... 59%  209K 0s
    50K .......... .......... .......... ....                 100% 6.16M=0.2s

2017-01-27 18:14:38 (345 KB/s) - ‘s1090-820x(96)70066-3’ saved [86313/86313]

--2017-01-27 18:14:39--  http://doi.org/10.1016/s1090-820x(96)70073-0
Connecting to doi.org (doi.org)|63.123.152.248|:80... connected.
HTTP request sent, awaiting response... 303 See Other
Location: https://academic.oup.com/asj/article-lookup/doi/10.1016/S1090-820X(96)70073-0 [following]
--2017-01-27 18:14:40--  https://academic.oup.com/asj/article-lookup/doi/10.1016/S1090-820X(96)70073-0
Connecting to academic.oup.com (academic.oup.com)|173.254.190.144|:443... connected.
HTTP request sent, awaiting response... 200 OK
Length: 190034 (186K) [text/html]
Saving to: ‘s1090-820x(96)70073-0’

     0K .......... .......... .......... .......... .......... 26%  209K 1s
    50K .......... .......... .......... .......... .......... 53%  610K 0s
   100K .......... .......... .......... .......... .......... 80%  587K 0s
   150K .......... .......... .......... .....                100%  441K=0.5s

2017-01-27 18:14:43 (381 KB/s) - ‘s1090-820x(96)70073-0’ saved [190034/190034]

--2017-01-27 18:14:44--  http://doi.org/10.1016/s1090-820x(96)70072-9
Connecting to doi.org (doi.org)|63.123.152.248|:80... connected.
HTTP request sent, awaiting response... 303 See Other
Location: https://academic.oup.com/asj/article-lookup/doi/10.1016/S1090-820X(96)70072-9 [following]
--2017-01-27 18:14:46--  https://academic.oup.com/asj/article-lookup/doi/10.1016/S1090-820X(96)70072-9
Connecting to academic.oup.com (academic.oup.com)|173.254.190.144|:443... connected.
HTTP request sent, awaiting response... 200 OK
Length: 116161 (113K) [text/html]
Saving to: ‘s1090-820x(96)70072-9’

     0K .......... .......... .......... .......... .......... 44%  253K 0s
    50K .......... .......... .......... .......... .......... 88%  604K 0s
   100K .......... ...                                        100% 25.2M=0.3s

2017-01-27 18:14:48 (404 KB/s) - ‘s1090-820x(96)70072-9’ saved [116161/116161]

--2017-01-27 18:14:49--  http://doi.org/10.1016/s1090-820x(96)70071-7
Connecting to doi.org (doi.org)|63.123.152.248|:80... connected.
HTTP request sent, awaiting response... 303 See Other
Location: https://academic.oup.com/asj/article-lookup/doi/10.1016/S1090-820X(96)70071-7 [following]
--2017-01-27 18:14:51--  https://academic.oup.com/asj/article-lookup/doi/10.1016/S1090-820X(96)70071-7
Connecting to academic.oup.com (academic.oup.com)|173.254.190.144|:443... connected.
HTTP request sent, awaiting response... 200 OK
Length: 155224 (152K) [text/html]
Saving to: ‘s1090-820x(96)70071-7’

     0K .......... .......... .......... .......... .......... 32%  208K 0s
    50K .......... .......... .......... .......... .......... 65%  609K 0s
   100K .......... .......... .......... .......... .......... 98%  608K 0s
   150K .                                                     100% 3025G=0.4s

2017-01-27 18:14:56 (375 KB/s) - ‘s1090-820x(96)70071-7’ saved [155224/155224]

--2017-01-27 18:14:57--  http://doi.org/10.1016/s1090-820x(96)70061-4
Connecting to doi.org (doi.org)|63.123.152.248|:80... connected.
HTTP request sent, awaiting response... 303 See Other
Location: https://academic.oup.com/asj/article-lookup/doi/10.1016/S1090-820X(96)70061-4 [following]
--2017-01-27 18:14:58--  https://academic.oup.com/asj/article-lookup/doi/10.1016/S1090-820X(96)70061-4
Connecting to academic.oup.com (academic.oup.com)|173.254.190.144|:443... connected.
HTTP request sent, awaiting response... 200 OK
Length: 101897 (100K) [text/html]
Saving to: ‘s1090-820x(96)70061-4’

     0K .......... .......... .......... .......... .......... 50%  209K 0s
    50K .......... .......... .......... .......... ......... 100%  609K=0.3s

2017-01-27 18:15:02 (311 KB/s) - ‘s1090-820x(96)70061-4’ saved [101897/101897]

--2017-01-27 18:15:03--  http://doi.org/10.1016/s1090-820x(96)70067-5
Connecting to doi.org (doi.org)|63.123.152.248|:80... connected.
HTTP request sent, awaiting response... 303 See Other
Location: https://academic.oup.com/asj/article-lookup/doi/10.1016/S1090-820X(96)70067-5 [following]
--2017-01-27 18:15:05--  https://academic.oup.com/asj/article-lookup/doi/10.1016/S1090-820X(96)70067-5
Connecting to academic.oup.com (academic.oup.com)|173.254.190.144|:443... connected.
HTTP request sent, awaiting response... 200 OK
Length: 90269 (88K) [text/html]
Saving to: ‘s1090-820x(96)70067-5’

     0K .......... .......... .......... .......... .......... 56%  208K 0s
    50K .......... .......... .......... ........             100% 10.5M=0.2s

2017-01-27 18:15:08 (362 KB/s) - ‘s1090-820x(96)70067-5’ saved [90269/90269]

--2017-01-27 18:15:09--  http://doi.org/10.1016/s1090-820x(96)70074-2
Connecting to doi.org (doi.org)|63.123.152.248|:80... connected.
HTTP request sent, awaiting response... 303 See Other
Location: https://academic.oup.com/asj/article-lookup/doi/10.1016/S1090-820X(96)70074-2 [following]
--2017-01-27 18:15:11--  https://academic.oup.com/asj/article-lookup/doi/10.1016/S1090-820X(96)70074-2
Connecting to academic.oup.com (academic.oup.com)|173.254.190.144|:443... connected.
HTTP request sent, awaiting response... 200 OK
Length: 76315 (75K) [text/html]
Saving to: ‘s1090-820x(96)70074-2’

     0K .......... .......... .......... .......... .......... 67%  236K 0s
    50K .......... .......... ....                            100%  306K=0.3s

2017-01-27 18:15:16 (255 KB/s) - ‘s1090-820x(96)70074-2’ saved [76315/76315]

--2017-01-27 18:15:17--  http://doi.org/10.1016/s1090-820x(96)70070-5
Connecting to doi.org (doi.org)|63.123.152.248|:80... connected.
HTTP request sent, awaiting response... 303 See Other
Location: https://academic.oup.com/asj/article-lookup/doi/10.1016/S1090-820X(96)70070-5 [following]
--2017-01-27 18:15:19--  https://academic.oup.com/asj/article-lookup/doi/10.1016/S1090-820X(96)70070-5
Connecting to academic.oup.com (academic.oup.com)|173.254.190.144|:443... connected.
HTTP request sent, awaiting response... 200 OK
Length: 80426 (79K) [text/html]
Saving to: ‘s1090-820x(96)70070-5’

     0K .......... .......... .......... .......... .......... 63%  209K 0s
    50K .......... .......... ........                        100% 9.41M=0.2s

2017-01-27 18:15:21 (324 KB/s) - ‘s1090-820x(96)70070-5’ saved [80426/80426]

--2017-01-27 18:15:22--  http://doi.org/10.1016/s1090-820x(96)70060-2
Connecting to doi.org (doi.org)|63.123.152.248|:80... connected.
HTTP request sent, awaiting response... 303 See Other
Location: https://academic.oup.com/asj/article-lookup/doi/10.1016/S1090-820X(96)70060-2 [following]
--2017-01-27 18:15:24--  https://academic.oup.com/asj/article-lookup/doi/10.1016/S1090-820X(96)70060-2
Connecting to academic.oup.com (academic.oup.com)|173.254.190.144|:443... connected.
HTTP request sent, awaiting response... 200 OK
Length: 139209 (136K) [text/html]
Saving to: ‘s1090-820x(96)70060-2’

     0K .......... .......... .......... .......... .......... 36%  209K 0s
    50K .......... .......... .......... .......... .......... 73%  606K 0s
   100K .......... .......... .......... .....                100%  450K=0.4s

2017-01-27 18:15:27 (338 KB/s) - ‘s1090-820x(96)70060-2’ saved [139209/139209]

--2017-01-27 18:15:28--  http://doi.org/10.1016/s1090-820x(96)70063-8
Connecting to doi.org (doi.org)|63.123.152.248|:80... connected.
HTTP request sent, awaiting response... 303 See Other
Location: https://academic.oup.com/asj/article-lookup/doi/10.1016/S1090-820X(96)70063-8 [following]
--2017-01-27 18:15:30--  https://academic.oup.com/asj/article-lookup/doi/10.1016/S1090-820X(96)70063-8
Connecting to academic.oup.com (academic.oup.com)|173.254.190.144|:443... connected.
HTTP request sent, awaiting response... 200 OK
Length: 94702 (92K) [text/html]
Saving to: ‘s1090-820x(96)70063-8’

     0K .......... .......... .......... .......... .......... 54%  208K 0s
    50K .......... .......... .......... .......... ..        100%  526K=0.3s

2017-01-27 18:15:33 (288 KB/s) - ‘s1090-820x(96)70063-8’ saved [94702/94702]

--2017-01-27 18:15:34--  http://doi.org/10.1016/s1090-820x(96)70062-6
Connecting to doi.org (doi.org)|63.123.152.248|:80... connected.
HTTP request sent, awaiting response... 303 See Other
Location: https://academic.oup.com/asj/article-lookup/doi/10.1016/S1090-820X(96)70062-6 [following]
--2017-01-27 18:15:35--  https://academic.oup.com/asj/article-lookup/doi/10.1016/S1090-820X(96)70062-6
Connecting to academic.oup.com (academic.oup.com)|173.254.190.144|:443... connected.
HTTP request sent, awaiting response... 200 OK
Length: 100440 (98K) [text/html]
Saving to: ‘s1090-820x(96)70062-6’

     0K .......... .......... .......... .......... .......... 50%  208K 0s
    50K .......... .......... .......... .......... ........  100%  591K=0.3s

2017-01-27 18:15:40 (305 KB/s) - ‘s1090-820x(96)70062-6’ saved [100440/100440]

--2017-01-27 18:15:41--  http://doi.org/10.1016/s1090-820x(96)70069-9
Connecting to doi.org (doi.org)|63.123.152.248|:80... connected.
HTTP request sent, awaiting response... 303 See Other
Location: https://academic.oup.com/asj/article-lookup/doi/10.1016/S1090-820X(96)70069-9 [following]
--2017-01-27 18:15:42--  https://academic.oup.com/asj/article-lookup/doi/10.1016/S1090-820X(96)70069-9
Connecting to academic.oup.com (academic.oup.com)|173.254.190.144|:443... connected.
HTTP request sent, awaiting response... 200 OK
Length: 84768 (83K) [text/html]
Saving to: ‘s1090-820x(96)70069-9’

     0K .......... .......... .......... .......... .......... 60%  209K 0s
    50K .......... .......... .......... ..                   100% 13.3M=0.2s

2017-01-27 18:15:46 (343 KB/s) - ‘s1090-820x(96)70069-9’ saved [84768/84768]

--2017-01-27 18:15:47--  http://doi.org/10.1016/s1090-820x(96)70065-1
Connecting to doi.org (doi.org)|63.123.152.248|:80... connected.
HTTP request sent, awaiting response... 303 See Other
Location: https://academic.oup.com/asj/article-lookup/doi/10.1016/S1090-820X(96)70065-1 [following]
--2017-01-27 18:15:48--  https://academic.oup.com/asj/article-lookup/doi/10.1016/S1090-820X(96)70065-1
Connecting to academic.oup.com (academic.oup.com)|173.254.190.144|:443... connected.
HTTP request sent, awaiting response... 200 OK
Length: 85196 (83K) [text/html]
Saving to: ‘s1090-820x(96)70065-1’

     0K .......... .......... .......... .......... .......... 60%  209K 0s
    50K .......... .......... .......... ...                  100% 9.37M=0.2s

2017-01-27 18:15:51 (343 KB/s) - ‘s1090-820x(96)70065-1’ saved [85196/85196]

--2017-01-27 18:15:52--  http://doi.org/10.1016/s1090-820x(96)70076-6
Connecting to doi.org (doi.org)|63.123.152.248|:80... connected.
HTTP request sent, awaiting response... 303 See Other
Location: https://academic.oup.com/asj/article-lookup/doi/10.1016/S1090-820X(96)70076-6 [following]
--2017-01-27 18:15:53--  https://academic.oup.com/asj/article-lookup/doi/10.1016/S1090-820X(96)70076-6
Connecting to academic.oup.com (academic.oup.com)|173.254.190.144|:443... connected.
HTTP request sent, awaiting response... 200 OK
Length: 90130 (88K) [text/html]
Saving to: ‘s1090-820x(96)70076-6’

     0K .......... .......... .......... .......... .......... 56%  209K 0s
    50K .......... .......... .......... ........             100% 11.5M=0.2s

2017-01-27 18:15:58 (362 KB/s) - ‘s1090-820x(96)70076-6’ saved [90130/90130]

--2017-01-27 18:15:59--  http://doi.org/10.1016/s1090-820x(96)70068-7
Connecting to doi.org (doi.org)|63.123.152.248|:80... connected.
HTTP request sent, awaiting response... 303 See Other
Location: https://academic.oup.com/asj/article-lookup/doi/10.1016/S1090-820X(96)70068-7 [following]
--2017-01-27 18:16:00--  https://academic.oup.com/asj/article-lookup/doi/10.1016/S1090-820X(96)70068-7
Connecting to academic.oup.com (academic.oup.com)|173.254.190.144|:443... connected.
HTTP request sent, awaiting response... 200 OK
Length: 99508 (97K) [text/html]
Saving to: ‘s1090-820x(96)70068-7’

     0K .......... .......... .......... .......... .......... 51%  209K 0s
    50K .......... .......... .......... .......... .......   100%  577K=0.3s

2017-01-27 18:16:05 (303 KB/s) - ‘s1090-820x(96)70068-7’ saved [99508/99508]

--2017-01-27 18:16:06--  http://doi.org/10.1016/s1090-820x(96)70075-4
Connecting to doi.org (doi.org)|63.123.152.248|:80... connected.
HTTP request sent, awaiting response... 303 See Other
Location: https://academic.oup.com/asj/article-lookup/doi/10.1016/S1090-820X(96)70075-4 [following]
--2017-01-27 18:16:08--  https://academic.oup.com/asj/article-lookup/doi/10.1016/S1090-820X(96)70075-4
Connecting to academic.oup.com (academic.oup.com)|173.254.190.144|:443... connected.
HTTP request sent, awaiting response... 200 OK
Length: 75868 (74K) [text/html]
Saving to: ‘s1090-820x(96)70075-4’

     0K .......... .......... .......... .......... .......... 67%  209K 0s
    50K .......... .......... ....                            100% 10.7M=0.2s

2017-01-27 18:16:11 (307 KB/s) - ‘s1090-820x(96)70075-4’ saved [75868/75868]

--2017-01-27 18:16:12--  http://doi.org/10.1016/s1090-820x(96)70064-x
Connecting to doi.org (doi.org)|63.123.152.248|:80... connected.
HTTP request sent, awaiting response... 303 See Other
Location: https://academic.oup.com/asj/article-lookup/doi/10.1016/S1090-820X(96)70064-X [following]
--2017-01-27 18:16:13--  https://academic.oup.com/asj/article-lookup/doi/10.1016/S1090-820X(96)70064-X
Connecting to academic.oup.com (academic.oup.com)|173.254.190.144|:443... connected.
HTTP request sent, awaiting response... 200 OK
Length: 79761 (78K) [text/html]
Saving to: ‘s1090-820x(96)70064-x’

     0K .......... .......... .......... .......... .......... 64%  209K 0s
    50K .......... .......... .......                         100% 11.9M=0.2s

2017-01-27 18:16:18 (322 KB/s) - ‘s1090-820x(96)70064-x’ saved [79761/79761]

--2017-01-27 18:16:19--  http://doi.org/10.1093/asj/18.1.68-a
Connecting to doi.org (doi.org)|63.123.152.248|:80... connected.
HTTP request sent, awaiting response... 303 See Other
Location: https://academic.oup.com/asj/article-lookup/doi/10.1093/asj/18.1.68-a [following]
--2017-01-27 18:16:20--  https://academic.oup.com/asj/article-lookup/doi/10.1093/asj/18.1.68-a
Connecting to academic.oup.com (academic.oup.com)|173.254.190.144|:443... connected.
HTTP request sent, awaiting response... 200 OK
Length: 69863 (68K) [text/html]
Saving to: ‘18.1.68-a’

     0K .......... .......... .......... .......... .......... 73%  209K 0s
    50K .......... ........                                   100% 14.5M=0.2s

2017-01-27 18:16:24 (284 KB/s) - ‘18.1.68-a’ saved [69863/69863]

--2017-01-27 18:16:25--  http://doi.org/10.1177/009430619801800501
Connecting to doi.org (doi.org)|63.123.152.248|:80... connected.
HTTP request sent, awaiting response... 303 See Other
Location: https://academic.oup.com/asj/article-lookup/doi/10.1177/009430619801800501 [following]
--2017-01-27 18:16:26--  https://academic.oup.com/asj/article-lookup/doi/10.1177/009430619801800501
Connecting to academic.oup.com (academic.oup.com)|173.254.190.144|:443... connected.
HTTP request sent, awaiting response... 200 OK
Length: 202932 (198K) [text/html]
Saving to: ‘009430619801800501’

     0K .......... .......... .......... .......... .......... 25%  209K 1s
    50K .......... .......... .......... .......... .......... 50%  609K 0s
   100K .......... .......... .......... .......... .......... 75%  608K 0s
   150K .......... .......... .......... .......... ........  100%  588K=0.5s

2017-01-27 18:16:29 (408 KB/s) - ‘009430619801800501’ saved [202932/202932]

--2017-01-27 18:16:30--  http://doi.org/10.1053/s1090-820x(99)70030-0
Connecting to doi.org (doi.org)|63.123.152.248|:80... connected.
HTTP request sent, awaiting response... 303 See Other
Location: https://academic.oup.com/asj/article-lookup/doi/10.1053/S1090-820X(99)70030-0 [following]
--2017-01-27 18:16:32--  https://academic.oup.com/asj/article-lookup/doi/10.1053/S1090-820X(99)70030-0
Connecting to academic.oup.com (academic.oup.com)|173.254.190.144|:443... connected.
HTTP request sent, awaiting response... 200 OK
Length: 75368 (74K) [text/html]
Saving to: ‘s1090-820x(99)70030-0’

     0K .......... .......... .......... .......... .......... 67%  209K 0s
    50K .......... .......... ...                             100% 14.3M=0.2s

2017-01-27 18:16:35 (305 KB/s) - ‘s1090-820x(99)70030-0’ saved [75368/75368]

--2017-01-27 18:16:36--  http://doi.org/10.1053/s1090-820x(99)70029-4
Connecting to doi.org (doi.org)|63.123.152.248|:80... connected.
HTTP request sent, awaiting response... 303 See Other
Location: https://academic.oup.com/asj/article-lookup/doi/10.1053/S1090-820X(99)70029-4 [following]
--2017-01-27 18:16:37--  https://academic.oup.com/asj/article-lookup/doi/10.1053/S1090-820X(99)70029-4
Connecting to academic.oup.com (academic.oup.com)|173.254.190.144|:443... connected.
HTTP request sent, awaiting response... 200 OK
Length: 120493 (118K) [text/html]
Saving to: ‘s1090-820x(99)70029-4’

     0K .......... .......... .......... .......... .......... 42%  309K 0s
    50K .......... .......... .......... .......... .......... 84%  314K 0s
   100K .......... .......                                    100% 11.8M=0.3s

2017-01-27 18:16:42 (365 KB/s) - ‘s1090-820x(99)70029-4’ saved [120493/120493]

--2017-01-27 18:16:43--  http://doi.org/10.1016/s1090-820x(99)70055-5
Connecting to doi.org (doi.org)|63.123.152.248|:80... connected.
HTTP request sent, awaiting response... 303 See Other
Location: http://aes.sagepub.com/lookup/doi/10.1016/S1090-820X(99)70055-5 [following]
--2017-01-27 18:16:44--  http://aes.sagepub.com/lookup/doi/10.1016/S1090-820X(99)70055-5
Resolving aes.sagepub.com (aes.sagepub.com)... 104.232.27.118
Connecting to aes.sagepub.com (aes.sagepub.com)|104.232.27.118|:80... connected.
HTTP request sent, awaiting response... 404 Not Found
2017-01-27 18:16:45 ERROR 404: Not Found.

--2017-01-27 18:16:46--  http://doi.org/10.1016/s1090-820x(99)70051-8
Reusing existing connection to doi.org:80.
HTTP request sent, awaiting response... 303 See Other
Location: https://academic.oup.com/asj/article-lookup/doi/10.1016/S1090-820X(99)70051-8 [following]
--2017-01-27 18:16:47--  https://academic.oup.com/asj/article-lookup/doi/10.1016/S1090-820X(99)70051-8
Connecting to academic.oup.com (academic.oup.com)|173.254.190.144|:443... connected.
HTTP request sent, awaiting response... 200 OK
Length: 113678 (111K) [text/html]
Saving to: ‘s1090-820x(99)70051-8’

     0K .......... .......... .......... .......... .......... 45%  209K 0s
    50K .......... .......... .......... .......... .......... 90%  610K 0s
   100K .......... .                                          100% 14.1M=0.3s

2017-01-27 18:16:50 (345 KB/s) - ‘s1090-820x(99)70051-8’ saved [113678/113678]

--2017-01-27 18:16:51--  http://doi.org/10.1016/s1090-820x(99)70050-6
Connecting to doi.org (doi.org)|63.123.152.248|:80... connected.
HTTP request sent, awaiting response... 303 See Other
Location: https://academic.oup.com/asj/article-lookup/doi/10.1016/S1090-820X(99)70050-6 [following]
--2017-01-27 18:16:52--  https://academic.oup.com/asj/article-lookup/doi/10.1016/S1090-820X(99)70050-6
Connecting to academic.oup.com (academic.oup.com)|173.254.190.144|:443... connected.
HTTP request sent, awaiting response... 200 OK
Length: 101678 (99K) [text/html]
Saving to: ‘s1090-820x(99)70050-6’

     0K .......... .......... .......... .......... .......... 50%  309K 0s
    50K .......... .......... .......... .......... ......... 100%  310K=0.3s

2017-01-27 18:16:55 (310 KB/s) - ‘s1090-820x(99)70050-6’ saved [101678/101678]

--2017-01-27 18:16:56--  http://doi.org/10.1016/s1090-820x(99)70053-1
Connecting to doi.org (doi.org)|63.123.152.248|:80... connected.
HTTP request sent, awaiting response... 303 See Other
Location: https://academic.oup.com/asj/article-lookup/doi/10.1016/S1090-820X(99)70053-1 [following]
--2017-01-27 18:16:58--  https://academic.oup.com/asj/article-lookup/doi/10.1016/S1090-820X(99)70053-1
Connecting to academic.oup.com (academic.oup.com)|173.254.190.144|:443... connected.
HTTP request sent, awaiting response... 200 OK
Length: 73003 (71K) [text/html]
Saving to: ‘s1090-820x(99)70053-1’

     0K .......... .......... .......... .......... .......... 70%  209K 0s
    50K .......... .......... .                               100% 16.1M=0.2s

2017-01-27 18:17:03 (296 KB/s) - ‘s1090-820x(99)70053-1’ saved [73003/73003]

--2017-01-27 18:17:04--  http://doi.org/10.1016/s1090-820x(99)70056-7
Connecting to doi.org (doi.org)|63.123.152.248|:80... connected.
HTTP request sent, awaiting response... 303 See Other
Location: https://academic.oup.com/asj/article-lookup/doi/10.1016/S1090-820X(99)70056-7 [following]
--2017-01-27 18:17:06--  https://academic.oup.com/asj/article-lookup/doi/10.1016/S1090-820X(99)70056-7
Connecting to academic.oup.com (academic.oup.com)|173.254.190.144|:443... connected.
HTTP request sent, awaiting response... 200 OK
Length: 96817 (95K) [text/html]
Saving to: ‘s1090-820x(99)70056-7’

     0K .......... .......... .......... .......... .......... 52%  209K 0s
    50K .......... .......... .......... .......... ....      100%  556K=0.3s

2017-01-27 18:17:10 (296 KB/s) - ‘s1090-820x(99)70056-7’ saved [96817/96817]

--2017-01-27 18:17:11--  http://doi.org/10.1016/s1090-820x(99)70054-3
Connecting to doi.org (doi.org)|63.123.152.248|:80... connected.
HTTP request sent, awaiting response... 303 See Other
Location: https://academic.oup.com/asj/article-lookup/doi/10.1016/S1090-820X(99)70054-3 [following]
--2017-01-27 18:17:13--  https://academic.oup.com/asj/article-lookup/doi/10.1016/S1090-820X(99)70054-3
Connecting to academic.oup.com (academic.oup.com)|173.254.190.144|:443... connected.
HTTP request sent, awaiting response... 200 OK
Length: 72867 (71K) [text/html]
Saving to: ‘s1090-820x(99)70054-3’

     0K .......... .......... .......... .......... .......... 70%  209K 0s
    50K .......... .......... .                               100% 11.8M=0.2s

2017-01-27 18:17:15 (295 KB/s) - ‘s1090-820x(99)70054-3’ saved [72867/72867]

--2017-01-27 18:17:16--  http://doi.org/10.1016/s1090-820x(99)70052-x
Connecting to doi.org (doi.org)|63.123.152.248|:80... connected.
HTTP request sent, awaiting response... 303 See Other
Location: https://academic.oup.com/asj/article-lookup/doi/10.1016/S1090-820X(99)70052-X [following]
--2017-01-27 18:17:18--  https://academic.oup.com/asj/article-lookup/doi/10.1016/S1090-820X(99)70052-X
Connecting to academic.oup.com (academic.oup.com)|173.254.190.144|:443... connected.
HTTP request sent, awaiting response... 200 OK
Length: 92154 (90K) [text/html]
Saving to: ‘s1090-820x(99)70052-x’

     0K .......... .......... .......... .......... .......... 55%  178K 0s
    50K .......... .......... .......... .........            100%  498K=0.4s

2017-01-27 18:17:21 (250 KB/s) - ‘s1090-820x(99)70052-x’ saved [92154/92154]

--2017-01-27 18:17:22--  http://doi.org/10.1016/s1090-820x(99)70011-7
Connecting to doi.org (doi.org)|63.123.152.248|:80... connected.
HTTP request sent, awaiting response... 303 See Other
Location: https://academic.oup.com/asj/article-lookup/doi/10.1016/S1090-820X(99)70011-7 [following]
--2017-01-27 18:17:24--  https://academic.oup.com/asj/article-lookup/doi/10.1016/S1090-820X(99)70011-7
Connecting to academic.oup.com (academic.oup.com)|173.254.190.144|:443... connected.
HTTP request sent, awaiting response... 200 OK
Length: 72807 (71K) [text/html]
Saving to: ‘s1090-820x(99)70011-7’

     0K .......... .......... .......... .......... .......... 70%  209K 0s
    50K .......... .......... .                               100% 11.5M=0.2s

2017-01-27 18:17:26 (294 KB/s) - ‘s1090-820x(99)70011-7’ saved [72807/72807]

--2017-01-27 18:17:27--  http://doi.org/10.1016/s1090-820x(99)70007-5
Connecting to doi.org (doi.org)|63.123.152.248|:80... connected.
HTTP request sent, awaiting response... 303 See Other
Location: https://academic.oup.com/asj/article-lookup/doi/10.1016/S1090-820X(99)70007-5 [following]
--2017-01-27 18:17:29--  https://academic.oup.com/asj/article-lookup/doi/10.1016/S1090-820X(99)70007-5
Connecting to academic.oup.com (academic.oup.com)|173.254.190.144|:443... connected.
HTTP request sent, awaiting response... 200 OK
Length: 81558 (80K) [text/html]
Saving to: ‘s1090-820x(99)70007-5’

     0K .......... .......... .......... .......... .......... 62%  209K 0s
    50K .......... .......... .........                       100% 10.7M=0.2s

2017-01-27 18:17:31 (329 KB/s) - ‘s1090-820x(99)70007-5’ saved [81558/81558]

--2017-01-27 18:17:32--  http://doi.org/10.1016/s1090-820x(00)70009-4
Connecting to doi.org (doi.org)|63.123.152.248|:80... connected.
HTTP request sent, awaiting response... 303 See Other
Location: https://academic.oup.com/asj/article-lookup/doi/10.1016/S1090-820X(00)70009-4 [following]
--2017-01-27 18:17:34--  https://academic.oup.com/asj/article-lookup/doi/10.1016/S1090-820X(00)70009-4
Connecting to academic.oup.com (academic.oup.com)|173.254.190.144|:443... connected.
HTTP request sent, awaiting response... 200 OK
Length: 90035 (88K) [text/html]
Saving to: ‘s1090-820x(00)70009-4’

     0K .......... .......... .......... .......... .......... 56%  209K 0s
    50K .......... .......... .......... .......              100% 9.37M=0.2s

2017-01-27 18:17:37 (361 KB/s) - ‘s1090-820x(00)70009-4’ saved [90035/90035]

--2017-01-27 18:17:38--  http://doi.org/10.1016/s1090-820x(00)70010-0
Connecting to doi.org (doi.org)|63.123.152.248|:80... connected.
HTTP request sent, awaiting response... 303 See Other
Location: https://academic.oup.com/asj/article-lookup/doi/10.1016/S1090-820X(00)70010-0 [following]
--2017-01-27 18:17:39--  https://academic.oup.com/asj/article-lookup/doi/10.1016/S1090-820X(00)70010-0
Connecting to academic.oup.com (academic.oup.com)|173.254.190.144|:443... connected.
HTTP request sent, awaiting response... 200 OK
Length: 114457 (112K) [text/html]
Saving to: ‘s1090-820x(00)70010-0’

     0K .......... .......... .......... .......... .......... 44%  208K 0s
    50K .......... .......... .......... .......... .......... 89%  600K 0s
   100K .......... .                                          100% 24.2M=0.3s

2017-01-27 18:17:44 (345 KB/s) - ‘s1090-820x(00)70010-0’ saved [114457/114457]

--2017-01-27 18:17:45--  http://doi.org/10.1016/s1090-820x(00)70031-8
Connecting to doi.org (doi.org)|63.123.152.248|:80... connected.
HTTP request sent, awaiting response... 303 See Other
Location: https://academic.oup.com/asj/article-lookup/doi/10.1016/S1090-820X(00)70031-8 [following]
--2017-01-27 18:17:46--  https://academic.oup.com/asj/article-lookup/doi/10.1016/S1090-820X(00)70031-8
Connecting to academic.oup.com (academic.oup.com)|173.254.190.144|:443... connected.
HTTP request sent, awaiting response... 200 OK
Length: 76793 (75K) [text/html]
Saving to: ‘s1090-820x(00)70031-8’

     0K .......... .......... .......... .......... .......... 66%  310K 0s
    50K .......... .......... ....                            100%  312K=0.2s

2017-01-27 18:17:49 (311 KB/s) - ‘s1090-820x(00)70031-8’ saved [76793/76793]

--2017-01-27 18:17:50--  http://doi.org/10.1016/s1090-820x(00)70030-6
Connecting to doi.org (doi.org)|63.123.152.248|:80... connected.
HTTP request sent, awaiting response... 303 See Other
Location: https://academic.oup.com/asj/article-lookup/doi/10.1016/S1090-820X(00)70030-6 [following]
--2017-01-27 18:17:51--  https://academic.oup.com/asj/article-lookup/doi/10.1016/S1090-820X(00)70030-6
Connecting to academic.oup.com (academic.oup.com)|173.254.190.144|:443... connected.
HTTP request sent, awaiting response... 200 OK
Length: 80778 (79K) [text/html]
Saving to: ‘s1090-820x(00)70030-6’

     0K .......... .......... .......... .......... .......... 63%  208K 0s
    50K .......... .......... ........                        100% 6.05M=0.2s

2017-01-27 18:17:55 (323 KB/s) - ‘s1090-820x(00)70030-6’ saved [80778/80778]

--2017-01-27 18:17:56--  http://doi.org/10.1016/s1090-820x(00)70033-1
Connecting to doi.org (doi.org)|63.123.152.248|:80... connected.
HTTP request sent, awaiting response... 303 See Other
Location: https://academic.oup.com/asj/article-lookup/doi/10.1016/S1090-820X(00)70033-1 [following]
--2017-01-27 18:17:58--  https://academic.oup.com/asj/article-lookup/doi/10.1016/S1090-820X(00)70033-1
Connecting to academic.oup.com (academic.oup.com)|173.254.190.144|:443... connected.
HTTP request sent, awaiting response... 200 OK
Length: 93263 (91K) [text/html]
Saving to: ‘s1090-820x(00)70033-1’

     0K .......... .......... .......... .......... .......... 54%  209K 0s
    50K .......... .......... .......... .......... .         100% 11.4M=0.2s

2017-01-27 18:18:02 (375 KB/s) - ‘s1090-820x(00)70033-1’ saved [93263/93263]

--2017-01-27 18:18:03--  http://doi.org/10.1016/s1090-820x(01)70030-1
Connecting to doi.org (doi.org)|63.123.152.248|:80... connected.
HTTP request sent, awaiting response... 303 See Other
Location: https://academic.oup.com/asj/article-lookup/doi/10.1016/S1090-820X(01)70030-1 [following]
--2017-01-27 18:18:04--  https://academic.oup.com/asj/article-lookup/doi/10.1016/S1090-820X(01)70030-1
Connecting to academic.oup.com (academic.oup.com)|173.254.190.144|:443... connected.
HTTP request sent, awaiting response... 200 OK
Length: 90851 (89K) [text/html]
Saving to: ‘s1090-820x(01)70030-1’

     0K .......... .......... .......... .......... .......... 56%  209K 0s
    50K .......... .......... .......... ........             100% 7.93M=0.2s

2017-01-27 18:18:08 (364 KB/s) - ‘s1090-820x(01)70030-1’ saved [90851/90851]

--2017-01-27 18:18:09--  http://doi.org/10.1016/s1090-820x(01)70025-8
Connecting to doi.org (doi.org)|63.123.152.248|:80... connected.
HTTP request sent, awaiting response... 303 See Other
Location: http://aes.sagepub.com/lookup/doi/10.1016/S1090-820X(01)70025-8 [following]
--2017-01-27 18:18:11--  http://aes.sagepub.com/lookup/doi/10.1016/S1090-820X(01)70025-8
Connecting to aes.sagepub.com (aes.sagepub.com)|104.232.27.118|:80... connected.
HTTP request sent, awaiting response... 404 Not Found
2017-01-27 18:18:11 ERROR 404: Not Found.

--2017-01-27 18:18:12--  http://doi.org/10.1016/s1090-820x(01)70026-x
Reusing existing connection to doi.org:80.
HTTP request sent, awaiting response... 303 See Other
Location: http://aes.sagepub.com/lookup/doi/10.1016/S1090-820X(01)70026-X [following]
--2017-01-27 18:18:13--  http://aes.sagepub.com/lookup/doi/10.1016/S1090-820X(01)70026-X
Connecting to aes.sagepub.com (aes.sagepub.com)|104.232.27.118|:80... connected.
HTTP request sent, awaiting response... 404 Not Found
2017-01-27 18:18:13 ERROR 404: Not Found.

--2017-01-27 18:18:14--  http://doi.org/10.1016/s1090-820x(01)70024-6
Reusing existing connection to doi.org:80.
HTTP request sent, awaiting response... 303 See Other
Location: https://academic.oup.com/asj/article-lookup/doi/10.1016/S1090-820X(01)70024-6 [following]
--2017-01-27 18:18:16--  https://academic.oup.com/asj/article-lookup/doi/10.1016/S1090-820X(01)70024-6
Connecting to academic.oup.com (academic.oup.com)|173.254.190.144|:443... connected.
HTTP request sent, awaiting response... 200 OK
Length: 87206 (85K) [text/html]
Saving to: ‘s1090-820x(01)70024-6’

     0K .......... .......... .......... .......... .......... 58%  209K 0s
    50K .......... .......... .......... .....                100% 13.7M=0.2s

2017-01-27 18:18:19 (353 KB/s) - ‘s1090-820x(01)70024-6’ saved [87206/87206]

--2017-01-27 18:18:20--  http://doi.org/10.1016/s1090-820x(01)70021-0
Connecting to doi.org (doi.org)|63.123.152.248|:80... connected.
HTTP request sent, awaiting response... 303 See Other
Location: https://academic.oup.com/asj/article-lookup/doi/10.1016/S1090-820X(01)70021-0 [following]
--2017-01-27 18:18:22--  https://academic.oup.com/asj/article-lookup/doi/10.1016/S1090-820X(01)70021-0
Connecting to academic.oup.com (academic.oup.com)|173.254.190.144|:443... connected.
HTTP request sent, awaiting response... 200 OK
Length: 80608 (79K) [text/html]
Saving to: ‘s1090-820x(01)70021-0’

     0K .......... .......... .......... .......... .......... 63%  209K 0s
    50K .......... .......... ........                        100% 13.6M=0.2s

2017-01-27 18:18:25 (326 KB/s) - ‘s1090-820x(01)70021-0’ saved [80608/80608]

--2017-01-27 18:18:26--  http://doi.org/10.1016/s1090-820x(01)70020-9
Connecting to doi.org (doi.org)|63.123.152.248|:80... connected.
HTTP request sent, awaiting response... 303 See Other
Location: https://academic.oup.com/asj/article-lookup/doi/10.1016/S1090-820X(01)70020-9 [following]
--2017-01-27 18:18:27--  https://academic.oup.com/asj/article-lookup/doi/10.1016/S1090-820X(01)70020-9
Connecting to academic.oup.com (academic.oup.com)|173.254.190.144|:443... connected.
HTTP request sent, awaiting response... 200 OK
Length: 82463 (81K) [text/html]
Saving to: ‘s1090-820x(01)70020-9’

     0K .......... .......... .......... .......... .......... 62%  207K 0s
    50K .......... .......... ..........                      100% 10.2M=0.2s

2017-01-27 18:18:30 (329 KB/s) - ‘s1090-820x(01)70020-9’ saved [82463/82463]

--2017-01-27 18:18:31--  http://doi.org/10.1067/s1090-820x(01)70015-5
Connecting to doi.org (doi.org)|63.123.152.248|:80... connected.
HTTP request sent, awaiting response... 303 See Other
Location: https://academic.oup.com/asj/article-lookup/doi/10.1067/S1090-820X(01)70015-5 [following]
--2017-01-27 18:18:32--  https://academic.oup.com/asj/article-lookup/doi/10.1067/S1090-820X(01)70015-5
Connecting to academic.oup.com (academic.oup.com)|173.254.190.144|:443... connected.
HTTP request sent, awaiting response... 200 OK
Length: 90239 (88K) [text/html]
Saving to: ‘s1090-820x(01)70015-5’

     0K .......... .......... .......... .......... .......... 56%  209K 0s
    50K .......... .......... .......... ........             100% 8.05M=0.2s

2017-01-27 18:18:35 (361 KB/s) - ‘s1090-820x(01)70015-5’ saved [90239/90239]

--2017-01-27 18:18:36--  http://doi.org/10.1016/s1090-820x(01)70009-x
Connecting to doi.org (doi.org)|63.123.152.248|:80... connected.
HTTP request sent, awaiting response... 303 See Other
Location: https://academic.oup.com/asj/article-lookup/doi/10.1016/S1090-820X(01)70009-X [following]
--2017-01-27 18:18:37--  https://academic.oup.com/asj/article-lookup/doi/10.1016/S1090-820X(01)70009-X
Connecting to academic.oup.com (academic.oup.com)|173.254.190.144|:443... connected.
HTTP request sent, awaiting response... 200 OK
Length: 87816 (86K) [text/html]
Saving to: ‘s1090-820x(01)70009-x’

     0K .......... .......... .......... .......... .......... 58%  209K 0s
    50K .......... .......... .......... .....                100% 10.3M=0.2s

2017-01-27 18:18:40 (354 KB/s) - ‘s1090-820x(01)70009-x’ saved [87816/87816]

--2017-01-27 18:18:41--  http://doi.org/10.1016/s1090-820x(01)70010-6
Connecting to doi.org (doi.org)|63.123.152.248|:80... connected.
HTTP request sent, awaiting response... 303 See Other
Location: https://academic.oup.com/asj/article-lookup/doi/10.1016/S1090-820X(01)70010-6 [following]
--2017-01-27 18:18:42--  https://academic.oup.com/asj/article-lookup/doi/10.1016/S1090-820X(01)70010-6
Connecting to academic.oup.com (academic.oup.com)|173.254.190.144|:443... connected.
HTTP request sent, awaiting response... 200 OK
Length: 110927 (108K) [text/html]
Saving to: ‘s1090-820x(01)70010-6’

     0K .......... .......... .......... .......... .......... 46%  209K 0s
    50K .......... .......... .......... .......... .......... 92%  598K 0s
   100K ........                                              100% 28.9M=0.3s

2017-01-27 18:18:46 (335 KB/s) - ‘s1090-820x(01)70010-6’ saved [110927/110927]

--2017-01-27 18:18:47--  http://doi.org/10.1016/s1090-820x(01)70012-x
Connecting to doi.org (doi.org)|63.123.152.248|:80... connected.
HTTP request sent, awaiting response... 303 See Other
Location: https://academic.oup.com/asj/article-lookup/doi/10.1016/S1090-820X(01)70012-X [following]
--2017-01-27 18:18:49--  https://academic.oup.com/asj/article-lookup/doi/10.1016/S1090-820X(01)70012-X
Connecting to academic.oup.com (academic.oup.com)|173.254.190.144|:443... connected.
HTTP request sent, awaiting response... 200 OK
Length: 75494 (74K) [text/html]
Saving to: ‘s1090-820x(01)70012-x’

     0K .......... .......... .......... .......... .......... 67%  209K 0s
    50K .......... .......... ...                             100% 14.1M=0.2s

2017-01-27 18:18:53 (306 KB/s) - ‘s1090-820x(01)70012-x’ saved [75494/75494]

--2017-01-27 18:18:54--  http://doi.org/10.1016/s1090-820x(01)70002-7
Connecting to doi.org (doi.org)|63.123.152.248|:80... connected.
HTTP request sent, awaiting response... 303 See Other
Location: https://academic.oup.com/asj/article-lookup/doi/10.1016/S1090-820X(01)70002-7 [following]
--2017-01-27 18:18:56--  https://academic.oup.com/asj/article-lookup/doi/10.1016/S1090-820X(01)70002-7
Connecting to academic.oup.com (academic.oup.com)|173.254.190.144|:443... connected.
HTTP request sent, awaiting response... 200 OK
Length: 72420 (71K) [text/html]
Saving to: ‘s1090-820x(01)70002-7’

     0K .......... .......... .......... .......... .......... 70%  209K 0s
    50K .......... ..........                                 100% 16.0M=0.2s

2017-01-27 18:18:58 (293 KB/s) - ‘s1090-820x(01)70002-7’ saved [72420/72420]

--2017-01-27 18:18:59--  http://doi.org/10.1177/1090820x0102100601
Connecting to doi.org (doi.org)|63.123.152.248|:80... connected.
HTTP request sent, awaiting response... 303 See Other
Location: https://academic.oup.com/asj/article-lookup/doi/10.1177/1090820X0102100601 [following]
--2017-01-27 18:19:01--  https://academic.oup.com/asj/article-lookup/doi/10.1177/1090820X0102100601
Connecting to academic.oup.com (academic.oup.com)|173.254.190.144|:443... connected.
HTTP request sent, awaiting response... 200 OK
Length: 69751 (68K) [text/html]
Saving to: ‘1090820x0102100601’

     0K .......... .......... .......... .......... .......... 73%  208K 0s
    50K .......... ........                                   100% 9.53M=0.2s

2017-01-27 18:19:04 (281 KB/s) - ‘1090820x0102100601’ saved [69751/69751]

--2017-01-27 18:19:05--  http://doi.org/10.1016/s1090-820x(01)70001-5
Connecting to doi.org (doi.org)|63.123.152.248|:80... connected.
HTTP request sent, awaiting response... 303 See Other
Location: https://academic.oup.com/asj/article-lookup/doi/10.1016/S1090-820X(01)70001-5 [following]
--2017-01-27 18:19:07--  https://academic.oup.com/asj/article-lookup/doi/10.1016/S1090-820X(01)70001-5
Connecting to academic.oup.com (academic.oup.com)|173.254.190.144|:443... connected.
HTTP request sent, awaiting response... 200 OK
Length: 97799 (96K) [text/html]
Saving to: ‘s1090-820x(01)70001-5’

     0K .......... .......... .......... .......... .......... 52%  209K 0s
    50K .......... .......... .......... .......... .....     100%  567K=0.3s

2017-01-27 18:19:09 (299 KB/s) - ‘s1090-820x(01)70001-5’ saved [97799/97799]

--2017-01-27 18:19:10--  http://doi.org/10.1016/s1090-820x(01)70003-9
Connecting to doi.org (doi.org)|63.123.152.248|:80... connected.
HTTP request sent, awaiting response... 303 See Other
Location: https://academic.oup.com/asj/article-lookup/doi/10.1016/S1090-820X(01)70003-9 [following]
--2017-01-27 18:19:12--  https://academic.oup.com/asj/article-lookup/doi/10.1016/S1090-820X(01)70003-9
Connecting to academic.oup.com (academic.oup.com)|173.254.190.144|:443... connected.
HTTP request sent, awaiting response... 200 OK
Length: 73672 (72K) [text/html]
Saving to: ‘s1090-820x(01)70003-9’

     0K .......... .......... .......... .......... .......... 69%  208K 0s
    50K .......... .......... .                               100% 11.3M=0.2s

2017-01-27 18:19:15 (297 KB/s) - ‘s1090-820x(01)70003-9’ saved [73672/73672]

--2017-01-27 18:19:16--  http://doi.org/10.1016/s1090-820x(02)70040-x
Connecting to doi.org (doi.org)|63.123.152.248|:80... connected.
HTTP request sent, awaiting response... 303 See Other
Location: https://academic.oup.com/asj/article-lookup/doi/10.1016/S1090-820X(02)70040-X [following]
--2017-01-27 18:19:17--  https://academic.oup.com/asj/article-lookup/doi/10.1016/S1090-820X(02)70040-X
Connecting to academic.oup.com (academic.oup.com)|173.254.190.144|:443... connected.
HTTP request sent, awaiting response... 200 OK
Length: 86944 (85K) [text/html]
Saving to: ‘s1090-820x(02)70040-x’

     0K .......... .......... .......... .......... .......... 58%  209K 0s
    50K .......... .......... .......... ....                 100% 11.1M=0.2s

2017-01-27 18:19:23 (350 KB/s) - ‘s1090-820x(02)70040-x’ saved [86944/86944]

--2017-01-27 18:19:24--  http://doi.org/10.1016/s1090-820x(02)70037-x
Connecting to doi.org (doi.org)|63.123.152.248|:80... connected.
HTTP request sent, awaiting response... 303 See Other
Location: https://academic.oup.com/asj/article-lookup/doi/10.1016/S1090-820X(02)70037-X [following]
--2017-01-27 18:19:25--  https://academic.oup.com/asj/article-lookup/doi/10.1016/S1090-820X(02)70037-X
Connecting to academic.oup.com (academic.oup.com)|173.254.190.144|:443... connected.
HTTP request sent, awaiting response... 200 OK
Length: 80843 (79K) [text/html]
Saving to: ‘s1090-820x(02)70037-x’

     0K .......... .......... .......... .......... .......... 63%  209K 0s
    50K .......... .......... ........                        100% 12.7M=0.2s

2017-01-27 18:19:28 (327 KB/s) - ‘s1090-820x(02)70037-x’ saved [80843/80843]

--2017-01-27 18:19:29--  http://doi.org/10.1016/s1090-820x(02)70038-1
Connecting to doi.org (doi.org)|63.123.152.248|:80... connected.
HTTP request sent, awaiting response... 303 See Other
Location: https://academic.oup.com/asj/article-lookup/doi/10.1016/S1090-820X(02)70038-1 [following]
--2017-01-27 18:19:31--  https://academic.oup.com/asj/article-lookup/doi/10.1016/S1090-820X(02)70038-1
Connecting to academic.oup.com (academic.oup.com)|173.254.190.144|:443... connected.
HTTP request sent, awaiting response... 200 OK
Length: 85837 (84K) [text/html]
Saving to: ‘s1090-820x(02)70038-1’

     0K .......... .......... .......... .......... .......... 59%  209K 0s
    50K .......... .......... .......... ...                  100% 8.51M=0.2s

2017-01-27 18:19:33 (345 KB/s) - ‘s1090-820x(02)70038-1’ saved [85837/85837]

--2017-01-27 18:19:34--  http://doi.org/10.1016/s1090-820x(02)70025-3
Connecting to doi.org (doi.org)|63.123.152.248|:80... connected.
HTTP request sent, awaiting response... 303 See Other
Location: https://academic.oup.com/asj/article-lookup/doi/10.1016/S1090-820X(02)70025-3 [following]
--2017-01-27 18:19:36--  https://academic.oup.com/asj/article-lookup/doi/10.1016/S1090-820X(02)70025-3
Connecting to academic.oup.com (academic.oup.com)|173.254.190.144|:443... connected.
HTTP request sent, awaiting response... 200 OK
Length: 77440 (76K) [text/html]
Saving to: ‘s1090-820x(02)70025-3’

     0K .......... .......... .......... .......... .......... 66%  208K 0s
    50K .......... .......... .....                           100% 10.2M=0.2s

2017-01-27 18:19:38 (312 KB/s) - ‘s1090-820x(02)70025-3’ saved [77440/77440]

--2017-01-27 18:19:39--  http://doi.org/10.1016/s1090-820x(02)70019-8
Connecting to doi.org (doi.org)|63.123.152.248|:80... connected.
HTTP request sent, awaiting response... 303 See Other
Location: https://academic.oup.com/asj/article-lookup/doi/10.1016/S1090-820X(02)70019-8 [following]
--2017-01-27 18:19:41--  https://academic.oup.com/asj/article-lookup/doi/10.1016/S1090-820X(02)70019-8
Connecting to academic.oup.com (academic.oup.com)|173.254.190.144|:443... connected.
HTTP request sent, awaiting response... 200 OK
Length: 82113 (80K) [text/html]
Saving to: ‘s1090-820x(02)70019-8’

     0K .......... .......... .......... .......... .......... 62%  209K 0s
    50K .......... .......... ..........                      100% 9.33M=0.2s

2017-01-27 18:19:43 (331 KB/s) - ‘s1090-820x(02)70019-8’ saved [82113/82113]

--2017-01-27 18:19:44--  http://doi.org/10.1016/s1090-820x(02)70017-4
Connecting to doi.org (doi.org)|63.123.152.248|:80... connected.
HTTP request sent, awaiting response... 303 See Other
Location: https://academic.oup.com/asj/article-lookup/doi/10.1016/S1090-820X(02)70017-4 [following]
--2017-01-27 18:19:46--  https://academic.oup.com/asj/article-lookup/doi/10.1016/S1090-820X(02)70017-4
Connecting to academic.oup.com (academic.oup.com)|173.254.190.144|:443... connected.
HTTP request sent, awaiting response... 200 OK
Length: 76813 (75K) [text/html]
Saving to: ‘s1090-820x(02)70017-4’

     0K .......... .......... .......... .......... .......... 66%  208K 0s
    50K .......... .......... .....                           100% 7.50M=0.2s

2017-01-27 18:19:48 (309 KB/s) - ‘s1090-820x(02)70017-4’ saved [76813/76813]

--2017-01-27 18:19:49--  http://doi.org/10.1016/s1090-820x(02)70007-1
Connecting to doi.org (doi.org)|63.123.152.248|:80... connected.
HTTP request sent, awaiting response... 303 See Other
Location: https://academic.oup.com/asj/article-lookup/doi/10.1016/S1090-820X(02)70007-1 [following]
--2017-01-27 18:19:51--  https://academic.oup.com/asj/article-lookup/doi/10.1016/S1090-820X(02)70007-1
Connecting to academic.oup.com (academic.oup.com)|173.254.190.144|:443... connected.
HTTP request sent, awaiting response... 200 OK
Length: 82084 (80K) [text/html]
Saving to: ‘s1090-820x(02)70007-1’

     0K .......... .......... .......... .......... .......... 62%  209K 0s
    50K .......... .......... ..........                      100% 10.1M=0.2s

2017-01-27 18:19:53 (331 KB/s) - ‘s1090-820x(02)70007-1’ saved [82084/82084]

--2017-01-27 18:19:54--  http://doi.org/10.1093/asj/23.1.27
Connecting to doi.org (doi.org)|63.123.152.248|:80... connected.
HTTP request sent, awaiting response... 303 See Other
Location: https://academic.oup.com/asj/article-lookup/doi/10.1093/asj/23.1.27 [following]
--2017-01-27 18:19:56--  https://academic.oup.com/asj/article-lookup/doi/10.1093/asj/23.1.27
Connecting to academic.oup.com (academic.oup.com)|173.254.190.144|:443... connected.
HTTP request sent, awaiting response... 200 OK
Length: 71882 (70K) [text/html]
Saving to: ‘23.1.27’

     0K .......... .......... .......... .......... .......... 71%  208K 0s
    50K .......... ..........                                 100% 11.4M=0.2s

2017-01-27 18:19:59 (290 KB/s) - ‘23.1.27’ saved [71882/71882]

--2017-01-27 18:20:00--  http://doi.org/10.1016/s1090-820x(03)70006-5
Connecting to doi.org (doi.org)|63.123.152.248|:80... connected.
HTTP request sent, awaiting response... 303 See Other
Location: https://academic.oup.com/asj/article-lookup/doi/10.1016/S1090-820X(03)70006-5 [following]
--2017-01-27 18:20:01--  https://academic.oup.com/asj/article-lookup/doi/10.1016/S1090-820X(03)70006-5
Connecting to academic.oup.com (academic.oup.com)|173.254.190.144|:443... connected.
HTTP request sent, awaiting response... 200 OK
Length: 76916 (75K) [text/html]
Saving to: ‘s1090-820x(03)70006-5’

     0K .......... .......... .......... .......... .......... 66%  209K 0s
    50K .......... .......... .....                           100% 9.92M=0.2s

2017-01-27 18:20:04 (311 KB/s) - ‘s1090-820x(03)70006-5’ saved [76916/76916]

--2017-01-27 18:20:05--  http://doi.org/10.1177/1090820x10362728
Connecting to doi.org (doi.org)|63.123.152.248|:80... connected.
HTTP request sent, awaiting response... 303 See Other
Location: https://academic.oup.com/asj/article-lookup/doi/10.1177/1090820X10362728 [following]
--2017-01-27 18:20:07--  https://academic.oup.com/asj/article-lookup/doi/10.1177/1090820X10362728
Connecting to academic.oup.com (academic.oup.com)|173.254.190.144|:443... connected.
HTTP request sent, awaiting response... 200 OK
Length: 373570 (365K) [text/html]
Saving to: ‘1090820x10362728’

     0K .......... .......... .......... .......... .......... 13%  208K 2s
    50K .......... .......... .......... .......... .......... 27%  554K 1s
   100K .......... .......... .......... .......... .......... 41%  575K 1s
   150K .......... .......... .......... .......... .......... 54%  606K 0s
   200K .......... .......... .......... .......... .......... 68%  432K 0s
   250K .......... .......... .......... .......... .......... 82%  390K 0s
   300K .......... .......... .......... .......... .......... 95%  477K 0s
   350K .......... ....                                       100% 12.6M=0.9s

2017-01-27 18:20:12 (429 KB/s) - ‘1090820x10362728’ saved [373570/373570]

--2017-01-27 18:20:13--  http://doi.org/10.1177/1090820x09360703
Connecting to doi.org (doi.org)|63.123.152.248|:80... connected.
HTTP request sent, awaiting response... 303 See Other
Location: https://academic.oup.com/asj/article-lookup/doi/10.1177/1090820X09360703 [following]
--2017-01-27 18:20:15--  https://academic.oup.com/asj/article-lookup/doi/10.1177/1090820X09360703
Connecting to academic.oup.com (academic.oup.com)|173.254.190.144|:443... connected.
HTTP request sent, awaiting response... 200 OK
Length: 172953 (169K) [text/html]
Saving to: ‘1090820x09360703’

     0K .......... .......... .......... .......... .......... 29%  207K 1s
    50K .......... .......... .......... .......... .......... 59%  597K 0s
   100K .......... .......... .......... .......... .......... 88%  582K 0s
   150K .......... ........                                   100%  240K=0.5s

2017-01-27 18:20:18 (345 KB/s) - ‘1090820x09360703’ saved [172953/172953]

--2017-01-27 18:20:19--  http://doi.org/10.1177/1090820x09360694
Connecting to doi.org (doi.org)|63.123.152.248|:80... connected.
HTTP request sent, awaiting response... 303 See Other
Location: https://academic.oup.com/asj/article-lookup/doi/10.1177/1090820X09360694 [following]
--2017-01-27 18:20:20--  https://academic.oup.com/asj/article-lookup/doi/10.1177/1090820X09360694
Connecting to academic.oup.com (academic.oup.com)|173.254.190.144|:443... connected.
HTTP request sent, awaiting response... 200 OK
Length: 190731 (186K) [text/html]
Saving to: ‘1090820x09360694’

     0K .......... .......... .......... .......... .......... 26%  306K 0s
    50K .......... .......... .......... .......... .......... 53%  308K 0s
   100K .......... .......... .......... .......... .......... 80%  597K 0s
   150K .......... .......... .......... ......               100%  446K=0.5s

2017-01-27 18:20:26 (380 KB/s) - ‘1090820x09360694’ saved [190731/190731]

--2017-01-27 18:20:27--  http://doi.org/10.1177/1090820x10361877
Connecting to doi.org (doi.org)|63.123.152.248|:80... connected.
HTTP request sent, awaiting response... 303 See Other
Location: https://academic.oup.com/asj/article-lookup/doi/10.1177/1090820X10361877 [following]
--2017-01-27 18:20:29--  https://academic.oup.com/asj/article-lookup/doi/10.1177/1090820X10361877
Connecting to academic.oup.com (academic.oup.com)|173.254.190.144|:443... connected.
HTTP request sent, awaiting response... 200 OK
Length: 107279 (105K) [text/html]
Saving to: ‘1090820x10361877’

     0K .......... .......... .......... .......... .......... 47%  209K 0s
    50K .......... .......... .......... .......... .......... 95%  609K 0s
   100K ....                                                  100% 20.9M=0.3s

2017-01-27 18:20:32 (325 KB/s) - ‘1090820x10361877’ saved [107279/107279]

--2017-01-27 18:20:33--  http://doi.org/10.1177/1090820x10361744
Connecting to doi.org (doi.org)|63.123.152.248|:80... connected.
HTTP request sent, awaiting response... 303 See Other
Location: https://academic.oup.com/asj/article-lookup/doi/10.1177/1090820X10361744 [following]
--2017-01-27 18:20:35--  https://academic.oup.com/asj/article-lookup/doi/10.1177/1090820X10361744
Connecting to academic.oup.com (academic.oup.com)|173.254.190.144|:443... connected.
HTTP request sent, awaiting response... 200 OK
Length: 79343 (77K) [text/html]
Saving to: ‘1090820x10361744’

     0K .......... .......... .......... .......... .......... 64%  209K 0s
    50K .......... .......... .......                         100% 10.6M=0.2s

2017-01-27 18:20:37 (321 KB/s) - ‘1090820x10361744’ saved [79343/79343]

--2017-01-27 18:20:38--  http://doi.org/10.1177/1090820x10364798
Connecting to doi.org (doi.org)|63.123.152.248|:80... connected.
HTTP request sent, awaiting response... 303 See Other
Location: https://academic.oup.com/asj/article-lookup/doi/10.1177/1090820X10364798 [following]
--2017-01-27 18:20:40--  https://academic.oup.com/asj/article-lookup/doi/10.1177/1090820X10364798
Connecting to academic.oup.com (academic.oup.com)|173.254.190.144|:443... connected.
HTTP request sent, awaiting response... 200 OK
Length: 85635 (84K) [text/html]
Saving to: ‘1090820x10364798’

     0K .......... .......... .......... .......... .......... 59%  208K 0s
    50K .......... .......... .......... ...                  100% 8.70M=0.2s

2017-01-27 18:20:45 (343 KB/s) - ‘1090820x10364798’ saved [85635/85635]

--2017-01-27 18:20:46--  http://doi.org/10.1177/1090820x09360700
Connecting to doi.org (doi.org)|63.123.152.248|:80... connected.
HTTP request sent, awaiting response... 303 See Other
Location: https://academic.oup.com/asj/article-lookup/doi/10.1177/1090820X09360700 [following]
--2017-01-27 18:20:48--  https://academic.oup.com/asj/article-lookup/doi/10.1177/1090820X09360700
Connecting to academic.oup.com (academic.oup.com)|173.254.190.144|:443... connected.
HTTP request sent, awaiting response... 200 OK
Length: 283310 (277K) [text/html]
Saving to: ‘1090820x09360700’

     0K .......... .......... .......... .......... .......... 18%  208K 1s
    50K .......... .......... .......... .......... .......... 36%  559K 1s
   100K .......... .......... .......... .......... .......... 54%  608K 0s
   150K .......... .......... .......... .......... .......... 72%  573K 0s
   200K .......... .......... .......... .......... .......... 90%  329K 0s
   250K .......... .......... ......                          100% 1.67M=0.7s

2017-01-27 18:20:51 (415 KB/s) - ‘1090820x09360700’ saved [283310/283310]

--2017-01-27 18:20:52--  http://doi.org/10.1177/1090820x09360693
Connecting to doi.org (doi.org)|63.123.152.248|:80... connected.
HTTP request sent, awaiting response... 303 See Other
Location: https://academic.oup.com/asj/article-lookup/doi/10.1177/1090820X09360693 [following]
--2017-01-27 18:20:54--  https://academic.oup.com/asj/article-lookup/doi/10.1177/1090820X09360693
Connecting to academic.oup.com (academic.oup.com)|173.254.190.144|:443... connected.
HTTP request sent, awaiting response... 200 OK
Length: 133030 (130K) [text/html]
Saving to: ‘1090820x09360693’

     0K .......... .......... .......... .......... .......... 38%  207K 0s
    50K .......... .......... .......... .......... .......... 76%  592K 0s
   100K .......... .......... .........                       100%  383K=0.4s

2017-01-27 18:20:57 (321 KB/s) - ‘1090820x09360693’ saved [133030/133030]

--2017-01-27 18:20:58--  http://doi.org/10.1177/1090820x10361876
Connecting to doi.org (doi.org)|63.123.152.248|:80... connected.
HTTP request sent, awaiting response... 303 See Other
Location: https://academic.oup.com/asj/article-lookup/doi/10.1177/1090820X10361876 [following]
--2017-01-27 18:21:00--  https://academic.oup.com/asj/article-lookup/doi/10.1177/1090820X10361876
Connecting to academic.oup.com (academic.oup.com)|173.254.190.144|:443... connected.
HTTP request sent, awaiting response... 200 OK
Length: 79044 (77K) [text/html]
Saving to: ‘1090820x10361876’

     0K .......... .......... .......... .......... .......... 64%  208K 0s
    50K .......... .......... .......                         100% 7.75M=0.2s

2017-01-27 18:21:02 (317 KB/s) - ‘1090820x10361876’ saved [79044/79044]

--2017-01-27 18:21:03--  http://doi.org/10.1177/1090820x10361888
Connecting to doi.org (doi.org)|63.123.152.248|:80... connected.
HTTP request sent, awaiting response... 303 See Other
Location: https://academic.oup.com/asj/article-lookup/doi/10.1177/1090820X10361888 [following]
--2017-01-27 18:21:05--  https://academic.oup.com/asj/article-lookup/doi/10.1177/1090820X10361888
Connecting to academic.oup.com (academic.oup.com)|173.254.190.144|:443... connected.
HTTP request sent, awaiting response... 200 OK
Length: 82855 (81K) [text/html]
Saving to: ‘1090820x10361888’

     0K .......... .......... .......... .......... .......... 61%  307K 0s
    50K .......... .......... ..........                      100%  352K=0.3s

2017-01-27 18:21:07 (323 KB/s) - ‘1090820x10361888’ saved [82855/82855]

--2017-01-27 18:21:08--  http://doi.org/10.1177/1090820x10362729
Connecting to doi.org (doi.org)|63.123.152.248|:80... connected.
HTTP request sent, awaiting response... 303 See Other
Location: https://academic.oup.com/asj/article-lookup/doi/10.1177/1090820X10362729 [following]
--2017-01-27 18:21:10--  https://academic.oup.com/asj/article-lookup/doi/10.1177/1090820X10362729
Connecting to academic.oup.com (academic.oup.com)|173.254.190.144|:443... connected.
HTTP request sent, awaiting response... 200 OK
Length: 171922 (168K) [text/html]
Saving to: ‘1090820x10362729’

     0K .......... .......... .......... .......... .......... 29%  207K 1s
    50K .......... .......... .......... .......... .......... 59%  606K 0s
   100K .......... .......... .......... .......... .......... 89%  610K 0s
   150K .......... .......                                    100%  229K=0.5s

2017-01-27 18:21:13 (347 KB/s) - ‘1090820x10362729’ saved [171922/171922]

--2017-01-27 18:21:14--  http://doi.org/10.1177/1090820x09358078
Connecting to doi.org (doi.org)|63.123.152.248|:80... connected.
HTTP request sent, awaiting response... 303 See Other
Location: https://academic.oup.com/asj/article-lookup/doi/10.1177/1090820X09358078 [following]
--2017-01-27 18:21:16--  https://academic.oup.com/asj/article-lookup/doi/10.1177/1090820X09358078
Connecting to academic.oup.com (academic.oup.com)|173.254.190.144|:443... connected.
HTTP request sent, awaiting response... 200 OK
Length: 192905 (188K) [text/html]
Saving to: ‘1090820x09358078’

     0K .......... .......... .......... .......... .......... 26%  208K 1s
    50K .......... .......... .......... .......... .......... 53%  599K 0s
   100K .......... .......... .......... .......... .......... 79%  591K 0s
   150K .......... .......... .......... ........             100%  385K=0.5s

2017-01-27 18:21:19 (371 KB/s) - ‘1090820x09358078’ saved [192905/192905]

--2017-01-27 18:21:20--  http://doi.org/10.1177/1090820x09358079
Connecting to doi.org (doi.org)|63.123.152.248|:80... connected.
HTTP request sent, awaiting response... 303 See Other
Location: https://academic.oup.com/asj/article-lookup/doi/10.1177/1090820X09358079 [following]
--2017-01-27 18:21:21--  https://academic.oup.com/asj/article-lookup/doi/10.1177/1090820X09358079
Connecting to academic.oup.com (academic.oup.com)|173.254.190.144|:443... connected.
HTTP request sent, awaiting response... 200 OK
Length: 156213 (153K) [text/html]
Saving to: ‘1090820x09358079’

     0K .......... .......... .......... .......... .......... 32%  208K 0s
    50K .......... .......... .......... .......... .......... 65%  584K 0s
   100K .......... .......... .......... .......... .......... 98%  600K 0s
   150K ..                                                    100% 4867G=0.4s

2017-01-27 18:21:25 (373 KB/s) - ‘1090820x09358079’ saved [156213/156213]

--2017-01-27 18:21:26--  http://doi.org/10.1177/1090820x10361887
Connecting to doi.org (doi.org)|63.123.152.248|:80... connected.
HTTP request sent, awaiting response... 303 See Other
Location: https://academic.oup.com/asj/article-lookup/doi/10.1177/1090820X10361887 [following]
--2017-01-27 18:21:27--  https://academic.oup.com/asj/article-lookup/doi/10.1177/1090820X10361887
Connecting to academic.oup.com (academic.oup.com)|173.254.190.144|:443... connected.
HTTP request sent, awaiting response... 200 OK
Length: 75594 (74K) [text/html]
Saving to: ‘1090820x10361887’

     0K .......... .......... .......... .......... .......... 67%  209K 0s
    50K .......... .......... ...                             100% 3.79M=0.2s

2017-01-27 18:21:29 (301 KB/s) - ‘1090820x10361887’ saved [75594/75594]

--2017-01-27 18:21:30--  http://doi.org/10.1177/1090820x10361885
Connecting to doi.org (doi.org)|63.123.152.248|:80... connected.
HTTP request sent, awaiting response... 303 See Other
Location: https://academic.oup.com/asj/article-lookup/doi/10.1177/1090820X10361885 [following]
--2017-01-27 18:21:32--  https://academic.oup.com/asj/article-lookup/doi/10.1177/1090820X10361885
Connecting to academic.oup.com (academic.oup.com)|173.254.190.144|:443... connected.
HTTP request sent, awaiting response... 200 OK
Length: 110384 (108K) [text/html]
Saving to: ‘1090820x10361885’

     0K .......... .......... .......... .......... .......... 46%  209K 0s
    50K .......... .......... .......... .......... .......... 92%  592K 0s
   100K .......                                               100% 6.24M=0.3s

2017-01-27 18:21:36 (332 KB/s) - ‘1090820x10361885’ saved [110384/110384]

--2017-01-27 18:21:37--  http://doi.org/10.1177/1090820x10366580
Connecting to doi.org (doi.org)|63.123.152.248|:80... connected.
HTTP request sent, awaiting response... 303 See Other
Location: https://academic.oup.com/asj/article-lookup/doi/10.1177/1090820X10366580 [following]
--2017-01-27 18:21:39--  https://academic.oup.com/asj/article-lookup/doi/10.1177/1090820X10366580
Connecting to academic.oup.com (academic.oup.com)|173.254.190.144|:443... connected.
HTTP request sent, awaiting response... 200 OK
Length: 82797 (81K) [text/html]
Saving to: ‘1090820x10366580’

     0K .......... .......... .......... .......... .......... 61%  207K 0s
    50K .......... .......... ..........                      100% 9.49M=0.2s

2017-01-27 18:21:41 (331 KB/s) - ‘1090820x10366580’ saved [82797/82797]

--2017-01-27 18:21:42--  http://doi.org/10.1177/1090820x10364647
Connecting to doi.org (doi.org)|63.123.152.248|:80... connected.
HTTP request sent, awaiting response... 303 See Other
Location: https://academic.oup.com/asj/article-lookup/doi/10.1177/1090820X10364647 [following]
--2017-01-27 18:21:43--  https://academic.oup.com/asj/article-lookup/doi/10.1177/1090820X10364647
Connecting to academic.oup.com (academic.oup.com)|173.254.190.144|:443... connected.
HTTP request sent, awaiting response... 200 OK
Length: 75267 (74K) [text/html]
Saving to: ‘1090820x10364647’

     0K .......... .......... .......... .......... .......... 68%  208K 0s
    50K .......... .......... ...                             100% 7.18M=0.2s

2017-01-27 18:21:47 (302 KB/s) - ‘1090820x10364647’ saved [75267/75267]

--2017-01-27 18:21:48--  http://doi.org/10.1177/1090820x09360704
Connecting to doi.org (doi.org)|63.123.152.248|:80... connected.
HTTP request sent, awaiting response... 303 See Other
Location: https://academic.oup.com/asj/article-lookup/doi/10.1177/1090820X09360704 [following]
--2017-01-27 18:21:49--  https://academic.oup.com/asj/article-lookup/doi/10.1177/1090820X09360704
Connecting to academic.oup.com (academic.oup.com)|173.254.190.144|:443... connected.
HTTP request sent, awaiting response... 200 OK
Length: 138460 (135K) [text/html]
Saving to: ‘1090820x09360704’

     0K .......... .......... .......... .......... .......... 36%  209K 0s
    50K .......... .......... .......... .......... .......... 73%  605K 0s
   100K .......... .......... .......... .....                100%  433K=0.4s

2017-01-27 18:21:54 (335 KB/s) - ‘1090820x09360704’ saved [138460/138460]

--2017-01-27 18:21:55--  http://doi.org/10.1177/1090820x10363996
Connecting to doi.org (doi.org)|63.123.152.248|:80... connected.
HTTP request sent, awaiting response... 303 See Other
Location: https://academic.oup.com/asj/article-lookup/doi/10.1177/1090820X10363996 [following]
--2017-01-27 18:21:56--  https://academic.oup.com/asj/article-lookup/doi/10.1177/1090820X10363996
Connecting to academic.oup.com (academic.oup.com)|173.254.190.144|:443... connected.
HTTP request sent, awaiting response... 200 OK
Length: 203283 (199K) [text/html]
Saving to: ‘1090820x10363996’

     0K .......... .......... .......... .......... .......... 25%  208K 1s
    50K .......... .......... .......... .......... .......... 50%  549K 0s
   100K .......... .......... .......... .......... .......... 75%  578K 0s
   150K .......... .......... .......... .......... ........  100%  549K=0.5s

2017-01-27 18:22:00 (392 KB/s) - ‘1090820x10363996’ saved [203283/203283]

--2017-01-27 18:22:01--  http://doi.org/10.1177/1090820x10364506
Connecting to doi.org (doi.org)|63.123.152.248|:80... connected.
HTTP request sent, awaiting response... 303 See Other
Location: https://academic.oup.com/asj/article-lookup/doi/10.1177/1090820X10364506 [following]
--2017-01-27 18:22:02--  https://academic.oup.com/asj/article-lookup/doi/10.1177/1090820X10364506
Connecting to academic.oup.com (academic.oup.com)|173.254.190.144|:443... connected.
HTTP request sent, awaiting response... 200 OK
Length: 97200 (95K) [text/html]
Saving to: ‘1090820x10364506’

     0K .......... .......... .......... .......... .......... 52%  207K 0s
    50K .......... .......... .......... .......... ....      100%  559K=0.3s

2017-01-27 18:22:07 (295 KB/s) - ‘1090820x10364506’ saved [97200/97200]

--2017-01-27 18:22:08--  http://doi.org/10.1177/1090820x10361733
Connecting to doi.org (doi.org)|63.123.152.248|:80... connected.
HTTP request sent, awaiting response... 303 See Other
Location: https://academic.oup.com/asj/article-lookup/doi/10.1177/1090820X10361733 [following]
--2017-01-27 18:22:10--  https://academic.oup.com/asj/article-lookup/doi/10.1177/1090820X10361733
Connecting to academic.oup.com (academic.oup.com)|173.254.190.144|:443... connected.
HTTP request sent, awaiting response... 200 OK
Length: 86135 (84K) [text/html]
Saving to: ‘1090820x10361733’

     0K .......... .......... .......... .......... .......... 59%  209K 0s
    50K .......... .......... .......... ....                 100% 6.70M=0.2s

2017-01-27 18:22:12 (344 KB/s) - ‘1090820x10361733’ saved [86135/86135]

--2017-01-27 18:22:13--  http://doi.org/10.1177/1090820x10361882
Connecting to doi.org (doi.org)|63.123.152.248|:80... connected.
HTTP request sent, awaiting response... 303 See Other
Location: https://academic.oup.com/asj/article-lookup/doi/10.1177/1090820X10361882 [following]
--2017-01-27 18:22:14--  https://academic.oup.com/asj/article-lookup/doi/10.1177/1090820X10361882
Connecting to academic.oup.com (academic.oup.com)|173.254.190.144|:443... connected.
HTTP request sent, awaiting response... 200 OK
Length: 75864 (74K) [text/html]
Saving to: ‘1090820x10361882’

     0K .......... .......... .......... .......... .......... 67%  208K 0s
    50K .......... .......... ....                            100% 4.02M=0.2s

2017-01-27 18:22:17 (301 KB/s) - ‘1090820x10361882’ saved [75864/75864]

--2017-01-27 18:22:18--  http://doi.org/10.1177/1090820x09360691
Connecting to doi.org (doi.org)|63.123.152.248|:80... connected.
HTTP request sent, awaiting response... 303 See Other
Location: https://academic.oup.com/asj/article-lookup/doi/10.1177/1090820X09360691 [following]
--2017-01-27 18:22:20--  https://academic.oup.com/asj/article-lookup/doi/10.1177/1090820X09360691
Connecting to academic.oup.com (academic.oup.com)|173.254.190.144|:443... connected.
HTTP request sent, awaiting response... 200 OK
Length: 182920 (179K) [text/html]
Saving to: ‘1090820x09360691’

     0K .......... .......... .......... .......... .......... 27%  208K 1s
    50K .......... .......... .......... .......... .......... 55%  600K 0s
   100K .......... .......... .......... .......... .......... 83%  602K 0s
   150K .......... .......... ........                        100%  351K=0.5s

2017-01-27 18:22:23 (366 KB/s) - ‘1090820x09360691’ saved [182920/182920]

--2017-01-27 18:22:24--  http://doi.org/10.1177/1090820x10362730
Connecting to doi.org (doi.org)|63.123.152.248|:80... connected.
HTTP request sent, awaiting response... 303 See Other
Location: https://academic.oup.com/asj/article-lookup/doi/10.1177/1090820X10362730 [following]
--2017-01-27 18:22:25--  https://academic.oup.com/asj/article-lookup/doi/10.1177/1090820X10362730
Connecting to academic.oup.com (academic.oup.com)|173.254.190.144|:443... connected.
HTTP request sent, awaiting response... 200 OK
Length: 218951 (214K) [text/html]
Saving to: ‘1090820x10362730’

     0K .......... .......... .......... .......... .......... 23%  208K 1s
    50K .......... .......... .......... .......... .......... 46%  598K 0s
   100K .......... .......... .......... .......... .......... 70%  585K 0s
   150K .......... .......... .......... .......... .......... 93%  602K 0s
   200K .......... ...                                        100%  172K=0.6s

2017-01-27 18:22:32 (373 KB/s) - ‘1090820x10362730’ saved [218951/218951]

FINISHED --2017-01-27 18:22:32--
Total wall clock time: 9m 42s
Downloaded: 97 files, 10.0M in 30s (339 KB/s)
