--2017-01-27 19:44:08--  http://doi.org/10.1093/gerona/50a.1.m1
Resolving doi.org (doi.org)... 38.100.138.162, 38.100.138.163, 95.138.171.129, ...
Connecting to doi.org (doi.org)|38.100.138.162|:80... connected.
HTTP request sent, awaiting response... 303 See Other
Location: https://academic.oup.com/biomedgerontology/article-lookup/doi/10.1093/gerona/50A.1.M1 [following]
--2017-01-27 19:44:09--  https://academic.oup.com/biomedgerontology/article-lookup/doi/10.1093/gerona/50A.1.M1
Resolving academic.oup.com (academic.oup.com)... 173.254.190.144
Connecting to academic.oup.com (academic.oup.com)|173.254.190.144|:443... connected.
HTTP request sent, awaiting response... 200 OK
Length: 88828 (87K) [text/html]
Saving to: ‘50a.1.m1’

     0K .......... .......... .......... .......... .......... 57%  207K 0s
    50K .......... .......... .......... ......               100% 11.0M=0.2s

2017-01-27 19:44:22 (355 KB/s) - ‘50a.1.m1’ saved [88828/88828]

--2017-01-27 19:44:23--  http://doi.org/10.1093/gerona/50a.1.m35
Connecting to doi.org (doi.org)|38.100.138.162|:80... connected.
HTTP request sent, awaiting response... 303 See Other
Location: https://academic.oup.com/biomedgerontology/article-lookup/doi/10.1093/gerona/50A.1.M35 [following]
--2017-01-27 19:44:24--  https://academic.oup.com/biomedgerontology/article-lookup/doi/10.1093/gerona/50A.1.M35
Connecting to academic.oup.com (academic.oup.com)|173.254.190.144|:443... connected.
HTTP request sent, awaiting response... 200 OK
Length: 91294 (89K) [text/html]
Saving to: ‘50a.1.m35’

     0K .......... .......... .......... .......... .......... 56%  209K 0s
    50K .......... .......... .......... .........            100% 12.3M=0.2s

2017-01-27 19:44:33 (368 KB/s) - ‘50a.1.m35’ saved [91294/91294]

--2017-01-27 19:44:34--  http://doi.org/10.1093/gerona/50a.1.b9
Connecting to doi.org (doi.org)|38.100.138.162|:80... connected.
HTTP request sent, awaiting response... 303 See Other
Location: https://academic.oup.com/biomedgerontology/article-lookup/doi/10.1093/gerona/50A.1.B9 [following]
--2017-01-27 19:44:35--  https://academic.oup.com/biomedgerontology/article-lookup/doi/10.1093/gerona/50A.1.B9
Connecting to academic.oup.com (academic.oup.com)|173.254.190.144|:443... connected.
HTTP request sent, awaiting response... 200 OK
Length: 84974 (83K) [text/html]
Saving to: ‘50a.1.b9’

     0K .......... .......... .......... .......... .......... 60%  209K 0s
    50K .......... .......... .......... ..                   100% 9.33M=0.2s

2017-01-27 19:44:42 (341 KB/s) - ‘50a.1.b9’ saved [84974/84974]

--2017-01-27 19:44:43--  http://doi.org/10.1093/gerona/50a.1.b26
Connecting to doi.org (doi.org)|38.100.138.162|:80... connected.
HTTP request sent, awaiting response... 303 See Other
Location: https://academic.oup.com/biomedgerontology/article-lookup/doi/10.1093/gerona/50A.1.B26 [following]
--2017-01-27 19:44:44--  https://academic.oup.com/biomedgerontology/article-lookup/doi/10.1093/gerona/50A.1.B26
Connecting to academic.oup.com (academic.oup.com)|173.254.190.144|:443... connected.
HTTP request sent, awaiting response... 200 OK
Length: 82848 (81K) [text/html]
Saving to: ‘50a.1.b26’

     0K .......... .......... .......... .......... .......... 61%  209K 0s
    50K .......... .......... ..........                      100% 11.7M=0.2s

2017-01-27 19:44:49 (335 KB/s) - ‘50a.1.b26’ saved [82848/82848]

--2017-01-27 19:44:50--  http://doi.org/10.1093/gerona/50a.1.m49
Connecting to doi.org (doi.org)|38.100.138.162|:80... connected.
HTTP request sent, awaiting response... 303 See Other
Location: https://academic.oup.com/biomedgerontology/article-lookup/doi/10.1093/gerona/50A.1.M49 [following]
--2017-01-27 19:44:51--  https://academic.oup.com/biomedgerontology/article-lookup/doi/10.1093/gerona/50A.1.M49
Connecting to academic.oup.com (academic.oup.com)|173.254.190.144|:443... connected.
HTTP request sent, awaiting response... 200 OK
Length: 90796 (89K) [text/html]
Saving to: ‘50a.1.m49’

     0K .......... .......... .......... .......... .......... 56%  209K 0s
    50K .......... .......... .......... ........             100% 10.4M=0.2s

2017-01-27 19:44:57 (365 KB/s) - ‘50a.1.m49’ saved [90796/90796]

--2017-01-27 19:44:58--  http://doi.org/10.1093/gerona/50a.1.b40
Connecting to doi.org (doi.org)|38.100.138.162|:80... connected.
HTTP request sent, awaiting response... 303 See Other
Location: https://academic.oup.com/biomedgerontology/article-lookup/doi/10.1093/gerona/50A.1.B40 [following]
--2017-01-27 19:45:00--  https://academic.oup.com/biomedgerontology/article-lookup/doi/10.1093/gerona/50A.1.B40
Connecting to academic.oup.com (academic.oup.com)|173.254.190.144|:443... connected.
HTTP request sent, awaiting response... 200 OK
Length: 88696 (87K) [text/html]
Saving to: ‘50a.1.b40’

     0K .......... .......... .......... .......... .......... 57%  205K 0s
    50K .......... .......... .......... ......               100% 8.89M=0.2s

2017-01-27 19:45:07 (349 KB/s) - ‘50a.1.b40’ saved [88696/88696]

--2017-01-27 19:45:08--  http://doi.org/10.1093/gerona/50a.1.b54
Connecting to doi.org (doi.org)|38.100.138.162|:80... connected.
HTTP request sent, awaiting response... 303 See Other
Location: https://academic.oup.com/biomedgerontology/article-lookup/doi/10.1093/gerona/50A.1.B54 [following]
--2017-01-27 19:45:09--  https://academic.oup.com/biomedgerontology/article-lookup/doi/10.1093/gerona/50A.1.B54
Connecting to academic.oup.com (academic.oup.com)|173.254.190.144|:443... connected.
HTTP request sent, awaiting response... 200 OK
Length: 88788 (87K) [text/html]
Saving to: ‘50a.1.b54’

     0K .......... .......... .......... .......... .......... 57%  209K 0s
    50K .......... .......... .......... ......               100% 11.0M=0.2s

2017-01-27 19:45:13 (357 KB/s) - ‘50a.1.b54’ saved [88788/88788]

--2017-01-27 19:45:14--  http://doi.org/10.1093/gerona/50a.1.b1
Connecting to doi.org (doi.org)|38.100.138.162|:80... connected.
HTTP request sent, awaiting response... 303 See Other
Location: https://academic.oup.com/biomedgerontology/article-lookup/doi/10.1093/gerona/50A.1.B1 [following]
--2017-01-27 19:45:15--  https://academic.oup.com/biomedgerontology/article-lookup/doi/10.1093/gerona/50A.1.B1
Connecting to academic.oup.com (academic.oup.com)|173.254.190.144|:443... connected.
HTTP request sent, awaiting response... 200 OK
Length: 79850 (78K) [text/html]
Saving to: ‘50a.1.b1’

     0K .......... .......... .......... .......... .......... 64%  209K 0s
    50K .......... .......... .......                         100% 14.0M=0.2s

2017-01-27 19:45:19 (323 KB/s) - ‘50a.1.b1’ saved [79850/79850]

--2017-01-27 19:45:20--  http://doi.org/10.1093/gerona/50a.1.b58
Connecting to doi.org (doi.org)|38.100.138.162|:80... connected.
HTTP request sent, awaiting response... 303 See Other
Location: https://academic.oup.com/biomedgerontology/article-lookup/doi/10.1093/gerona/50A.1.B58 [following]
--2017-01-27 19:45:21--  https://academic.oup.com/biomedgerontology/article-lookup/doi/10.1093/gerona/50A.1.B58
Connecting to academic.oup.com (academic.oup.com)|173.254.190.144|:443... connected.
HTTP request sent, awaiting response... 200 OK
Length: 67560 (66K) [text/html]
Saving to: ‘50a.1.b58’

     0K .......... .......... .......... .......... .......... 75%  209K 0s
    50K .......... .....                                      100% 10.8M=0.2s

2017-01-27 19:45:26 (274 KB/s) - ‘50a.1.b58’ saved [67560/67560]

--2017-01-27 19:45:27--  http://doi.org/10.1093/gerona/50a.1.b14
Connecting to doi.org (doi.org)|38.100.138.162|:80... connected.
HTTP request sent, awaiting response... 303 See Other
Location: https://academic.oup.com/biomedgerontology/article-lookup/doi/10.1093/gerona/50A.1.B14 [following]
--2017-01-27 19:45:28--  https://academic.oup.com/biomedgerontology/article-lookup/doi/10.1093/gerona/50A.1.B14
Connecting to academic.oup.com (academic.oup.com)|173.254.190.144|:443... connected.
HTTP request sent, awaiting response... 200 OK
Length: 90335 (88K) [text/html]
Saving to: ‘50a.1.b14’

     0K .......... .......... .......... .......... .......... 56%  208K 0s
    50K .......... .......... .......... ........             100% 11.9M=0.2s

2017-01-27 19:45:32 (362 KB/s) - ‘50a.1.b14’ saved [90335/90335]

--2017-01-27 19:45:33--  http://doi.org/10.1093/gerona/50a.1.m45
Connecting to doi.org (doi.org)|38.100.138.162|:80... connected.
HTTP request sent, awaiting response... 303 See Other
Location: https://academic.oup.com/biomedgerontology/article-lookup/doi/10.1093/gerona/50A.1.M45 [following]
--2017-01-27 19:45:34--  https://academic.oup.com/biomedgerontology/article-lookup/doi/10.1093/gerona/50A.1.M45
Connecting to academic.oup.com (academic.oup.com)|173.254.190.144|:443... connected.
HTTP request sent, awaiting response... 200 OK
Length: 88052 (86K) [text/html]
Saving to: ‘50a.1.m45’

     0K .......... .......... .......... .......... .......... 58%  207K 0s
    50K .......... .......... .......... .....                100% 10.4M=0.2s

2017-01-27 19:45:38 (351 KB/s) - ‘50a.1.m45’ saved [88052/88052]

--2017-01-27 19:45:39--  http://doi.org/10.1093/gerona/50a.1.b48
Connecting to doi.org (doi.org)|38.100.138.162|:80... connected.
HTTP request sent, awaiting response... 303 See Other
Location: https://academic.oup.com/biomedgerontology/article-lookup/doi/10.1093/gerona/50A.1.B48 [following]
--2017-01-27 19:45:40--  https://academic.oup.com/biomedgerontology/article-lookup/doi/10.1093/gerona/50A.1.B48
Connecting to academic.oup.com (academic.oup.com)|173.254.190.144|:443... connected.
HTTP request sent, awaiting response... 200 OK
Length: 90736 (89K) [text/html]
Saving to: ‘50a.1.b48’

     0K .......... .......... .......... .......... .......... 56%  209K 0s
    50K .......... .......... .......... ........             100% 9.85M=0.2s

2017-01-27 19:45:44 (365 KB/s) - ‘50a.1.b48’ saved [90736/90736]

--2017-01-27 19:45:45--  http://doi.org/10.1093/gerona/50a.1.b34
Connecting to doi.org (doi.org)|38.100.138.162|:80... connected.
HTTP request sent, awaiting response... 303 See Other
Location: https://academic.oup.com/biomedgerontology/article-lookup/doi/10.1093/gerona/50A.1.B34 [following]
--2017-01-27 19:45:47--  https://academic.oup.com/biomedgerontology/article-lookup/doi/10.1093/gerona/50A.1.B34
Connecting to academic.oup.com (academic.oup.com)|173.254.190.144|:443... connected.
HTTP request sent, awaiting response... 200 OK
Length: 90380 (88K) [text/html]
Saving to: ‘50a.1.b34’

     0K .......... .......... .......... .......... .......... 56%  208K 0s
    50K .......... .......... .......... ........             100% 10.4M=0.2s

2017-01-27 19:45:50 (362 KB/s) - ‘50a.1.b34’ saved [90380/90380]

--2017-01-27 19:45:51--  http://doi.org/10.1093/gerona/50a.1.m17
Connecting to doi.org (doi.org)|38.100.138.162|:80... connected.
HTTP request sent, awaiting response... 303 See Other
Location: https://academic.oup.com/biomedgerontology/article-lookup/doi/10.1093/gerona/50A.1.M17 [following]
--2017-01-27 19:45:52--  https://academic.oup.com/biomedgerontology/article-lookup/doi/10.1093/gerona/50A.1.M17
Connecting to academic.oup.com (academic.oup.com)|173.254.190.144|:443... connected.
HTTP request sent, awaiting response... 200 OK
Length: 83984 (82K) [text/html]
Saving to: ‘50a.1.m17’

     0K .......... .......... .......... .......... .......... 60%  209K 0s
    50K .......... .......... .......... ..                   100% 11.2M=0.2s

2017-01-27 19:45:57 (339 KB/s) - ‘50a.1.m17’ saved [83984/83984]

--2017-01-27 19:45:58--  http://doi.org/10.1093/gerona/50a.1.b20
Connecting to doi.org (doi.org)|38.100.138.162|:80... connected.
HTTP request sent, awaiting response... 303 See Other
Location: https://academic.oup.com/biomedgerontology/article-lookup/doi/10.1093/gerona/50A.1.B20 [following]
--2017-01-27 19:45:59--  https://academic.oup.com/biomedgerontology/article-lookup/doi/10.1093/gerona/50A.1.B20
Connecting to academic.oup.com (academic.oup.com)|173.254.190.144|:443... connected.
HTTP request sent, awaiting response... 200 OK
Length: 108015 (105K) [text/html]
Saving to: ‘50a.1.b20’

     0K .......... .......... .......... .......... .......... 47%  209K 0s
    50K .......... .......... .......... .......... .......... 94%  607K 0s
   100K .....                                                 100% 10459G=0.3s

2017-01-27 19:46:04 (328 KB/s) - ‘50a.1.b20’ saved [108015/108015]

--2017-01-27 19:46:05--  http://doi.org/10.1093/gerona/50a.1.m56
Connecting to doi.org (doi.org)|38.100.138.162|:80... connected.
HTTP request sent, awaiting response... 303 See Other
Location: https://academic.oup.com/biomedgerontology/article-lookup/doi/10.1093/gerona/50A.1.M56 [following]
--2017-01-27 19:46:06--  https://academic.oup.com/biomedgerontology/article-lookup/doi/10.1093/gerona/50A.1.M56
Connecting to academic.oup.com (academic.oup.com)|173.254.190.144|:443... connected.
HTTP request sent, awaiting response... 200 OK
Length: 91990 (90K) [text/html]
Saving to: ‘50a.1.m56’

     0K .......... .......... .......... .......... .......... 55%  207K 0s
    50K .......... .......... .......... .........            100% 9.62M=0.2s

2017-01-27 19:46:10 (366 KB/s) - ‘50a.1.m56’ saved [91990/91990]

--2017-01-27 19:46:11--  http://doi.org/10.1093/gerona/50a.1.m28
Connecting to doi.org (doi.org)|38.100.138.162|:80... connected.
HTTP request sent, awaiting response... 303 See Other
Location: https://academic.oup.com/biomedgerontology/article-lookup/doi/10.1093/gerona/50A.1.M28 [following]
--2017-01-27 19:46:12--  https://academic.oup.com/biomedgerontology/article-lookup/doi/10.1093/gerona/50A.1.M28
Connecting to academic.oup.com (academic.oup.com)|173.254.190.144|:443... connected.
HTTP request sent, awaiting response... 200 OK
Length: 83486 (82K) [text/html]
Saving to: ‘50a.1.m28’

     0K .......... .......... .......... .......... .......... 61%  309K 0s
    50K .......... .......... .......... .                    100%  392K=0.2s

2017-01-27 19:46:18 (336 KB/s) - ‘50a.1.m28’ saved [83486/83486]

--2017-01-27 19:46:19--  http://doi.org/10.1093/gerona/50a.1.m59
Connecting to doi.org (doi.org)|38.100.138.162|:80... connected.
HTTP request sent, awaiting response... 303 See Other
Location: https://academic.oup.com/biomedgerontology/article-lookup/doi/10.1093/gerona/50A.1.M59 [following]
--2017-01-27 19:46:20--  https://academic.oup.com/biomedgerontology/article-lookup/doi/10.1093/gerona/50A.1.M59
Connecting to academic.oup.com (academic.oup.com)|173.254.190.144|:443... connected.
HTTP request sent, awaiting response... 200 OK
Length: 67334 (66K) [text/html]
Saving to: ‘50a.1.m59’

     0K .......... .......... .......... .......... .......... 76%  208K 0s
    50K .......... .....                                      100% 14.2M=0.2s

2017-01-27 19:46:24 (273 KB/s) - ‘50a.1.m59’ saved [67334/67334]

--2017-01-27 19:46:25--  http://doi.org/10.1093/gerona/50a.1.m7
Connecting to doi.org (doi.org)|38.100.138.162|:80... connected.
HTTP request sent, awaiting response... 303 See Other
Location: https://academic.oup.com/biomedgerontology/article-lookup/doi/10.1093/gerona/50A.1.M7 [following]
--2017-01-27 19:46:26--  https://academic.oup.com/biomedgerontology/article-lookup/doi/10.1093/gerona/50A.1.M7
Connecting to academic.oup.com (academic.oup.com)|173.254.190.144|:443... connected.
HTTP request sent, awaiting response... 200 OK
Length: 102436 (100K) [text/html]
Saving to: ‘50a.1.m7’

     0K .......... .......... .......... .......... .......... 49%  209K 0s
    50K .......... .......... .......... .......... .......... 99%  615K 0s
   100K                                                       100% 67.1G=0.3s

2017-01-27 19:46:33 (312 KB/s) - ‘50a.1.m7’ saved [102436/102436]

--2017-01-27 19:46:34--  http://doi.org/10.1093/gerona/50a.1.m23
Connecting to doi.org (doi.org)|38.100.138.162|:80... connected.
HTTP request sent, awaiting response... 303 See Other
Location: https://academic.oup.com/biomedgerontology/article-lookup/doi/10.1093/gerona/50A.1.M23 [following]
--2017-01-27 19:46:35--  https://academic.oup.com/biomedgerontology/article-lookup/doi/10.1093/gerona/50A.1.M23
Connecting to academic.oup.com (academic.oup.com)|173.254.190.144|:443... connected.
HTTP request sent, awaiting response... 200 OK
Length: 113650 (111K) [text/html]
Saving to: ‘50a.1.m23’

     0K .......... .......... .......... .......... .......... 45%  309K 0s
    50K .......... .......... .......... .......... .......... 90%  313K 0s
   100K ..........                                            100% 9.04M=0.3s

2017-01-27 19:46:40 (344 KB/s) - ‘50a.1.m23’ saved [113650/113650]

--2017-01-27 19:46:41--  http://doi.org/10.1093/gerona/50a.1.m12
Connecting to doi.org (doi.org)|38.100.138.162|:80... connected.
HTTP request sent, awaiting response... 303 See Other
Location: https://academic.oup.com/biomedgerontology/article-lookup/doi/10.1093/gerona/50A.1.M12 [following]
--2017-01-27 19:46:43--  https://academic.oup.com/biomedgerontology/article-lookup/doi/10.1093/gerona/50A.1.M12
Connecting to academic.oup.com (academic.oup.com)|173.254.190.144|:443... connected.
HTTP request sent, awaiting response... 200 OK
Length: 82470 (81K) [text/html]
Saving to: ‘50a.1.m12’

     0K .......... .......... .......... .......... .......... 62%  209K 0s
    50K .......... .......... ..........                      100% 11.6M=0.2s

2017-01-27 19:46:47 (333 KB/s) - ‘50a.1.m12’ saved [82470/82470]

--2017-01-27 19:46:48--  http://doi.org/10.1093/gerona/50a.2.m70
Connecting to doi.org (doi.org)|38.100.138.162|:80... connected.
HTTP request sent, awaiting response... 303 See Other
Location: https://academic.oup.com/biomedgerontology/article-lookup/doi/10.1093/gerona/50A.2.M70 [following]
--2017-01-27 19:46:49--  https://academic.oup.com/biomedgerontology/article-lookup/doi/10.1093/gerona/50A.2.M70
Connecting to academic.oup.com (academic.oup.com)|173.254.190.144|:443... connected.
HTTP request sent, awaiting response... 200 OK
Length: 89744 (88K) [text/html]
Saving to: ‘50a.2.m70’

     0K .......... .......... .......... .......... .......... 57%  209K 0s
    50K .......... .......... .......... .......              100% 9.92M=0.2s

2017-01-27 19:46:53 (361 KB/s) - ‘50a.2.m70’ saved [89744/89744]

--2017-01-27 19:46:54--  http://doi.org/10.1093/gerona/50a.2.m78
Connecting to doi.org (doi.org)|38.100.138.162|:80... connected.
HTTP request sent, awaiting response... 303 See Other
Location: https://academic.oup.com/biomedgerontology/article-lookup/doi/10.1093/gerona/50A.2.M78 [following]
--2017-01-27 19:46:55--  https://academic.oup.com/biomedgerontology/article-lookup/doi/10.1093/gerona/50A.2.M78
Connecting to academic.oup.com (academic.oup.com)|173.254.190.144|:443... connected.
HTTP request sent, awaiting response... 200 OK
Length: 89675 (88K) [text/html]
Saving to: ‘50a.2.m78’

     0K .......... .......... .......... .......... .......... 57%  208K 0s
    50K .......... .......... .......... .......              100% 11.5M=0.2s

2017-01-27 19:46:59 (359 KB/s) - ‘50a.2.m78’ saved [89675/89675]

--2017-01-27 19:47:00--  http://doi.org/10.1093/gerona/50a.2.b78
Connecting to doi.org (doi.org)|38.100.138.162|:80... connected.
HTTP request sent, awaiting response... 303 See Other
Location: https://academic.oup.com/biomedgerontology/article-lookup/doi/10.1093/gerona/50A.2.B78 [following]
--2017-01-27 19:47:02--  https://academic.oup.com/biomedgerontology/article-lookup/doi/10.1093/gerona/50A.2.B78
Connecting to academic.oup.com (academic.oup.com)|173.254.190.144|:443... connected.
HTTP request sent, awaiting response... 200 OK
Length: 90484 (88K) [text/html]
Saving to: ‘50a.2.b78’

     0K .......... .......... .......... .......... .......... 56%  209K 0s
    50K .......... .......... .......... ........             100% 12.1M=0.2s

2017-01-27 19:47:06 (364 KB/s) - ‘50a.2.b78’ saved [90484/90484]

--2017-01-27 19:47:07--  http://doi.org/10.1093/gerona/50a.2.b67
Connecting to doi.org (doi.org)|38.100.138.162|:80... connected.
HTTP request sent, awaiting response... 303 See Other
Location: https://academic.oup.com/biomedgerontology/article-lookup/doi/10.1093/gerona/50A.2.B67 [following]
--2017-01-27 19:47:08--  https://academic.oup.com/biomedgerontology/article-lookup/doi/10.1093/gerona/50A.2.B67
Connecting to academic.oup.com (academic.oup.com)|173.254.190.144|:443... connected.
HTTP request sent, awaiting response... 200 OK
Length: 90249 (88K) [text/html]
Saving to: ‘50a.2.b67’

     0K .......... .......... .......... .......... .......... 56%  209K 0s
    50K .......... .......... .......... ........             100% 11.3M=0.2s

2017-01-27 19:47:14 (363 KB/s) - ‘50a.2.b67’ saved [90249/90249]

--2017-01-27 19:47:15--  http://doi.org/10.1093/gerona/50a.2.b72
Connecting to doi.org (doi.org)|38.100.138.162|:80... connected.
HTTP request sent, awaiting response... 303 See Other
Location: https://academic.oup.com/biomedgerontology/article-lookup/doi/10.1093/gerona/50A.2.B72 [following]
--2017-01-27 19:47:16--  https://academic.oup.com/biomedgerontology/article-lookup/doi/10.1093/gerona/50A.2.B72
Connecting to academic.oup.com (academic.oup.com)|173.254.190.144|:443... connected.
HTTP request sent, awaiting response... 200 OK
Length: 91989 (90K) [text/html]
Saving to: ‘50a.2.b72’

     0K .......... .......... .......... .......... .......... 55%  208K 0s
    50K .......... .......... .......... .........            100%  497K=0.3s

2017-01-27 19:47:20 (280 KB/s) - ‘50a.2.b72’ saved [91989/91989]

--2017-01-27 19:47:21--  http://doi.org/10.1093/gerona/50a.2.m91
Connecting to doi.org (doi.org)|38.100.138.162|:80... connected.
HTTP request sent, awaiting response... 303 See Other
Location: https://academic.oup.com/biomedgerontology/article-lookup/doi/10.1093/gerona/50A.2.M91 [following]
--2017-01-27 19:47:22--  https://academic.oup.com/biomedgerontology/article-lookup/doi/10.1093/gerona/50A.2.M91
Connecting to academic.oup.com (academic.oup.com)|173.254.190.144|:443... connected.
HTTP request sent, awaiting response... 200 OK
Length: 103808 (101K) [text/html]
Saving to: ‘50a.2.m91’

     0K .......... .......... .......... .......... .......... 49%  209K 0s
    50K .......... .......... .......... .......... .......... 98%  610K 0s
   100K .                                                     100% 2623G=0.3s

2017-01-27 19:47:26 (315 KB/s) - ‘50a.2.m91’ saved [103808/103808]

--2017-01-27 19:47:27--  http://doi.org/10.1093/gerona/50a.2.b83
Connecting to doi.org (doi.org)|38.100.138.162|:80... connected.
HTTP request sent, awaiting response... 303 See Other
Location: https://academic.oup.com/biomedgerontology/article-lookup/doi/10.1093/gerona/50A.2.B83 [following]
--2017-01-27 19:47:28--  https://academic.oup.com/biomedgerontology/article-lookup/doi/10.1093/gerona/50A.2.B83
Connecting to academic.oup.com (academic.oup.com)|173.254.190.144|:443... connected.
HTTP request sent, awaiting response... 200 OK
Length: 90307 (88K) [text/html]
Saving to: ‘50a.2.b83’

     0K .......... .......... .......... .......... .......... 56%  209K 0s
    50K .......... .......... .......... ........             100% 9.81M=0.2s

2017-01-27 19:47:32 (362 KB/s) - ‘50a.2.b83’ saved [90307/90307]

--2017-01-27 19:47:33--  http://doi.org/10.1093/gerona/50a.2.m114
Connecting to doi.org (doi.org)|38.100.138.162|:80... connected.
HTTP request sent, awaiting response... 303 See Other
Location: https://academic.oup.com/biomedgerontology/article-lookup/doi/10.1093/gerona/50A.2.M114 [following]
--2017-01-27 19:47:34--  https://academic.oup.com/biomedgerontology/article-lookup/doi/10.1093/gerona/50A.2.M114
Connecting to academic.oup.com (academic.oup.com)|173.254.190.144|:443... connected.
HTTP request sent, awaiting response... 200 OK
Length: 113747 (111K) [text/html]
Saving to: ‘50a.2.m114’

     0K .......... .......... .......... .......... .......... 45%  310K 0s
    50K .......... .......... .......... .......... .......... 90%  315K 0s
   100K .......... .                                          100% 10.3M=0.3s

2017-01-27 19:47:40 (346 KB/s) - ‘50a.2.m114’ saved [113747/113747]

--2017-01-27 19:47:41--  http://doi.org/10.1093/gerona/50a.2.m121
Connecting to doi.org (doi.org)|38.100.138.162|:80... connected.
HTTP request sent, awaiting response... 303 See Other
Location: https://academic.oup.com/biomedgerontology/article-lookup/doi/10.1093/gerona/50A.2.M121 [following]
--2017-01-27 19:47:42--  https://academic.oup.com/biomedgerontology/article-lookup/doi/10.1093/gerona/50A.2.M121
Connecting to academic.oup.com (academic.oup.com)|173.254.190.144|:443... connected.
HTTP request sent, awaiting response... 200 OK
Length: 90825 (89K) [text/html]
Saving to: ‘50a.2.m121’

     0K .......... .......... .......... .......... .......... 56%  309K 0s
    50K .......... .......... .......... ........             100%  472K=0.2s

2017-01-27 19:47:46 (364 KB/s) - ‘50a.2.m121’ saved [90825/90825]

--2017-01-27 19:47:47--  http://doi.org/10.1093/gerona/50a.2.m61
Connecting to doi.org (doi.org)|38.100.138.162|:80... connected.
HTTP request sent, awaiting response... 303 See Other
Location: https://academic.oup.com/biomedgerontology/article-lookup/doi/10.1093/gerona/50A.2.M61 [following]
--2017-01-27 19:47:48--  https://academic.oup.com/biomedgerontology/article-lookup/doi/10.1093/gerona/50A.2.M61
Connecting to academic.oup.com (academic.oup.com)|173.254.190.144|:443... connected.
HTTP request sent, awaiting response... 200 OK
Length: 108090 (106K) [text/html]
Saving to: ‘50a.2.m61’

     0K .......... .......... .......... .......... .......... 47%  208K 0s
    50K .......... .......... .......... .......... .......... 94%  607K 0s
   100K .....                                                 100% 10598G=0.3s

2017-01-27 19:47:53 (328 KB/s) - ‘50a.2.m61’ saved [108090/108090]

--2017-01-27 19:47:54--  http://doi.org/10.1093/gerona/50a.2.m128
Connecting to doi.org (doi.org)|38.100.138.162|:80... connected.
HTTP request sent, awaiting response... 303 See Other
Location: https://academic.oup.com/biomedgerontology/article-lookup/doi/10.1093/gerona/50A.2.M128 [following]
--2017-01-27 19:47:55--  https://academic.oup.com/biomedgerontology/article-lookup/doi/10.1093/gerona/50A.2.M128
Connecting to academic.oup.com (academic.oup.com)|173.254.190.144|:443... connected.
HTTP request sent, awaiting response... 200 OK
Length: 95961 (94K) [text/html]
Saving to: ‘50a.2.m128’

     0K .......... .......... .......... .......... .......... 53%  209K 0s
    50K .......... .......... .......... .......... ...       100% 4.51M=0.2s

2017-01-27 19:48:00 (376 KB/s) - ‘50a.2.m128’ saved [95961/95961]

--2017-01-27 19:48:01--  http://doi.org/10.1093/gerona/50a.2.b59
Connecting to doi.org (doi.org)|38.100.138.162|:80... connected.
HTTP request sent, awaiting response... 303 See Other
Location: https://academic.oup.com/biomedgerontology/article-lookup/doi/10.1093/gerona/50A.2.B59 [following]
--2017-01-27 19:48:02--  https://academic.oup.com/biomedgerontology/article-lookup/doi/10.1093/gerona/50A.2.B59
Connecting to academic.oup.com (academic.oup.com)|173.254.190.144|:443... connected.
HTTP request sent, awaiting response... 200 OK
Length: 77985 (76K) [text/html]
Saving to: ‘50a.2.b59’

     0K .......... .......... .......... .......... .......... 65%  209K 0s
    50K .......... .......... ......                          100% 9.11M=0.2s

2017-01-27 19:48:07 (314 KB/s) - ‘50a.2.b59’ saved [77985/77985]

--2017-01-27 19:48:08--  http://doi.org/10.1093/gerona/50a.2.b97
Connecting to doi.org (doi.org)|38.100.138.162|:80... connected.
HTTP request sent, awaiting response... 303 See Other
Location: https://academic.oup.com/biomedgerontology/article-lookup/doi/10.1093/gerona/50A.2.B97 [following]
--2017-01-27 19:48:09--  https://academic.oup.com/biomedgerontology/article-lookup/doi/10.1093/gerona/50A.2.B97
Connecting to academic.oup.com (academic.oup.com)|173.254.190.144|:443... connected.
HTTP request sent, awaiting response... 200 OK
Length: 105956 (103K) [text/html]
Saving to: ‘50a.2.b97’

     0K .......... .......... .......... .......... .......... 48%  209K 0s
    50K .......... .......... .......... .......... .......... 96%  611K 0s
   100K ...                                                   100% 6624G=0.3s

2017-01-27 19:48:13 (322 KB/s) - ‘50a.2.b97’ saved [105956/105956]

--2017-01-27 19:48:14--  http://doi.org/10.1093/gerona/50a.2.m99
Connecting to doi.org (doi.org)|38.100.138.162|:80... connected.
HTTP request sent, awaiting response... 303 See Other
Location: https://academic.oup.com/biomedgerontology/article-lookup/doi/10.1093/gerona/50A.2.M99 [following]
--2017-01-27 19:48:16--  https://academic.oup.com/biomedgerontology/article-lookup/doi/10.1093/gerona/50A.2.M99
Connecting to academic.oup.com (academic.oup.com)|173.254.190.144|:443... connected.
HTTP request sent, awaiting response... 200 OK
Length: 97933 (96K) [text/html]
Saving to: ‘50a.2.m99’

     0K .......... .......... .......... .......... .......... 52%  209K 0s
    50K .......... .......... .......... .......... .....     100%  561K=0.3s

2017-01-27 19:48:21 (298 KB/s) - ‘50a.2.m99’ saved [97933/97933]

--2017-01-27 19:48:22--  http://doi.org/10.1093/gerona/50a.2.b90
Connecting to doi.org (doi.org)|38.100.138.162|:80... connected.
HTTP request sent, awaiting response... 303 See Other
Location: https://academic.oup.com/biomedgerontology/article-lookup/doi/10.1093/gerona/50A.2.B90 [following]
--2017-01-27 19:48:23--  https://academic.oup.com/biomedgerontology/article-lookup/doi/10.1093/gerona/50A.2.B90
Connecting to academic.oup.com (academic.oup.com)|173.254.190.144|:443... connected.
HTTP request sent, awaiting response... 200 OK
Length: 84483 (83K) [text/html]
Saving to: ‘50a.2.b90’

     0K .......... .......... .......... .......... .......... 60%  210K 0s
    50K .......... .......... .......... ..                   100% 13.5M=0.2s

2017-01-27 19:48:28 (343 KB/s) - ‘50a.2.b90’ saved [84483/84483]

--2017-01-27 19:48:29--  http://doi.org/10.1093/gerona/50a.2.m83
Connecting to doi.org (doi.org)|38.100.138.162|:80... connected.
HTTP request sent, awaiting response... 303 See Other
Location: https://academic.oup.com/biomedgerontology/article-lookup/doi/10.1093/gerona/50A.2.M83 [following]
--2017-01-27 19:48:30--  https://academic.oup.com/biomedgerontology/article-lookup/doi/10.1093/gerona/50A.2.M83
Connecting to academic.oup.com (academic.oup.com)|173.254.190.144|:443... connected.
HTTP request sent, awaiting response... 200 OK
Length: 96377 (94K) [text/html]
Saving to: ‘50a.2.m83’

     0K .......... .......... .......... .......... .......... 53%  209K 0s
    50K .......... .......... .......... .......... ....      100% 1.03M=0.3s

2017-01-27 19:48:35 (335 KB/s) - ‘50a.2.m83’ saved [96377/96377]

--2017-01-27 19:48:36--  http://doi.org/10.1093/gerona/50a.2.m107
Connecting to doi.org (doi.org)|38.100.138.162|:80... connected.
HTTP request sent, awaiting response... 303 See Other
Location: https://academic.oup.com/biomedgerontology/article-lookup/doi/10.1093/gerona/50A.2.M107 [following]
--2017-01-27 19:48:37--  https://academic.oup.com/biomedgerontology/article-lookup/doi/10.1093/gerona/50A.2.M107
Connecting to academic.oup.com (academic.oup.com)|173.254.190.144|:443... connected.
HTTP request sent, awaiting response... 200 OK
Length: 91712 (90K) [text/html]
Saving to: ‘50a.2.m107’

     0K .......... .......... .......... .......... .......... 55%  209K 0s
    50K .......... .......... .......... .........            100%  955K=0.3s

2017-01-27 19:48:42 (319 KB/s) - ‘50a.2.m107’ saved [91712/91712]

--2017-01-27 19:48:43--  http://doi.org/10.1093/gerona/50a.3.b177
Connecting to doi.org (doi.org)|38.100.138.162|:80... connected.
HTTP request sent, awaiting response... 303 See Other
Location: https://academic.oup.com/biomedgerontology/article-lookup/doi/10.1093/gerona/50A.3.B177 [following]
--2017-01-27 19:48:44--  https://academic.oup.com/biomedgerontology/article-lookup/doi/10.1093/gerona/50A.3.B177
Connecting to academic.oup.com (academic.oup.com)|173.254.190.144|:443... connected.
HTTP request sent, awaiting response... 200 OK
Length: 80509 (79K) [text/html]
Saving to: ‘50a.3.b177’

     0K .......... .......... .......... .......... .......... 63%  208K 0s
    50K .......... .......... ........                        100% 13.7M=0.2s

2017-01-27 19:48:48 (325 KB/s) - ‘50a.3.b177’ saved [80509/80509]

--2017-01-27 19:48:49--  http://doi.org/10.1093/gerona/50a.3.m162
Connecting to doi.org (doi.org)|38.100.138.162|:80... connected.
HTTP request sent, awaiting response... 303 See Other
Location: https://academic.oup.com/biomedgerontology/article-lookup/doi/10.1093/gerona/50A.3.M162 [following]
--2017-01-27 19:48:51--  https://academic.oup.com/biomedgerontology/article-lookup/doi/10.1093/gerona/50A.3.M162
Connecting to academic.oup.com (academic.oup.com)|173.254.190.144|:443... connected.
HTTP request sent, awaiting response... 200 OK
Length: 93079 (91K) [text/html]
Saving to: ‘50a.3.m162’

     0K .......... .......... .......... .......... .......... 55%  209K 0s
    50K .......... .......... .......... ..........           100%  972K=0.3s

2017-01-27 19:48:55 (323 KB/s) - ‘50a.3.m162’ saved [93079/93079]

--2017-01-27 19:48:56--  http://doi.org/10.1093/gerona/50a.3.m169
Connecting to doi.org (doi.org)|38.100.138.162|:80... connected.
HTTP request sent, awaiting response... 303 See Other
Location: https://academic.oup.com/biomedgerontology/article-lookup/doi/10.1093/gerona/50A.3.M169 [following]
--2017-01-27 19:48:57--  https://academic.oup.com/biomedgerontology/article-lookup/doi/10.1093/gerona/50A.3.M169
Connecting to academic.oup.com (academic.oup.com)|173.254.190.144|:443... connected.
HTTP request sent, awaiting response... 200 OK
Length: 99402 (97K) [text/html]
Saving to: ‘50a.3.m169’

     0K .......... .......... .......... .......... .......... 51%  209K 0s
    50K .......... .......... .......... .......... .......   100%  578K=0.3s

2017-01-27 19:49:02 (303 KB/s) - ‘50a.3.m169’ saved [99402/99402]

--2017-01-27 19:49:03--  http://doi.org/10.1093/gerona/50a.3.b135
Connecting to doi.org (doi.org)|38.100.138.162|:80... connected.
HTTP request sent, awaiting response... 303 See Other
Location: https://academic.oup.com/biomedgerontology/article-lookup/doi/10.1093/gerona/50A.3.B135 [following]
--2017-01-27 19:49:04--  https://academic.oup.com/biomedgerontology/article-lookup/doi/10.1093/gerona/50A.3.B135
Connecting to academic.oup.com (academic.oup.com)|173.254.190.144|:443... connected.
HTTP request sent, awaiting response... 200 OK
Length: 100461 (98K) [text/html]
Saving to: ‘50a.3.b135’

     0K .......... .......... .......... .......... .......... 50%  209K 0s
    50K .......... .......... .......... .......... ........  100%  591K=0.3s

2017-01-27 19:49:09 (306 KB/s) - ‘50a.3.b135’ saved [100461/100461]

--2017-01-27 19:49:10--  http://doi.org/10.1093/gerona/50a.3.b105
Connecting to doi.org (doi.org)|38.100.138.162|:80... connected.
HTTP request sent, awaiting response... 303 See Other
Location: https://academic.oup.com/biomedgerontology/article-lookup/doi/10.1093/gerona/50A.3.B105 [following]
--2017-01-27 19:49:11--  https://academic.oup.com/biomedgerontology/article-lookup/doi/10.1093/gerona/50A.3.B105
Connecting to academic.oup.com (academic.oup.com)|173.254.190.144|:443... connected.
HTTP request sent, awaiting response... 200 OK
Length: 82094 (80K) [text/html]
Saving to: ‘50a.3.b105’

     0K .......... .......... .......... .......... .......... 62%  208K 0s
    50K .......... .......... ..........                      100% 12.8M=0.2s

2017-01-27 19:49:17 (331 KB/s) - ‘50a.3.b105’ saved [82094/82094]

--2017-01-27 19:49:18--  http://doi.org/10.1093/gerona/50a.3.m155
Connecting to doi.org (doi.org)|38.100.138.162|:80... connected.
HTTP request sent, awaiting response... 303 See Other
Location: https://academic.oup.com/biomedgerontology/article-lookup/doi/10.1093/gerona/50A.3.M155 [following]
--2017-01-27 19:49:19--  https://academic.oup.com/biomedgerontology/article-lookup/doi/10.1093/gerona/50A.3.M155
Connecting to academic.oup.com (academic.oup.com)|173.254.190.144|:443... connected.
HTTP request sent, awaiting response... 200 OK
Length: 112752 (110K) [text/html]
Saving to: ‘50a.3.m155’

     0K .......... .......... .......... .......... .......... 45%  209K 0s
    50K .......... .......... .......... .......... .......... 90%  595K 0s
   100K ..........                                            100% 26.0M=0.3s

2017-01-27 19:49:24 (340 KB/s) - ‘50a.3.m155’ saved [112752/112752]

--2017-01-27 19:49:25--  http://doi.org/10.1093/gerona/50a.3.b128
Connecting to doi.org (doi.org)|38.100.138.162|:80... connected.
HTTP request sent, awaiting response... 303 See Other
Location: https://academic.oup.com/biomedgerontology/article-lookup/doi/10.1093/gerona/50A.3.B128 [following]
--2017-01-27 19:49:26--  https://academic.oup.com/biomedgerontology/article-lookup/doi/10.1093/gerona/50A.3.B128
Connecting to academic.oup.com (academic.oup.com)|173.254.190.144|:443... connected.
HTTP request sent, awaiting response... 200 OK
Length: 90628 (89K) [text/html]
Saving to: ‘50a.3.b128’

     0K .......... .......... .......... .......... .......... 56%  209K 0s
    50K .......... .......... .......... ........             100% 11.8M=0.2s

2017-01-27 19:49:33 (365 KB/s) - ‘50a.3.b128’ saved [90628/90628]

--2017-01-27 19:49:34--  http://doi.org/10.1093/gerona/50a.3.b166
Connecting to doi.org (doi.org)|38.100.138.162|:80... connected.
HTTP request sent, awaiting response... 303 See Other
Location: https://academic.oup.com/biomedgerontology/article-lookup/doi/10.1093/gerona/50A.3.B166 [following]
--2017-01-27 19:49:35--  https://academic.oup.com/biomedgerontology/article-lookup/doi/10.1093/gerona/50A.3.B166
Connecting to academic.oup.com (academic.oup.com)|173.254.190.144|:443... connected.
HTTP request sent, awaiting response... 200 OK
Length: 89945 (88K) [text/html]
Saving to: ‘50a.3.b166’

     0K .......... .......... .......... .......... .......... 56%  209K 0s
    50K .......... .......... .......... .......              100% 9.77M=0.2s

2017-01-27 19:49:40 (361 KB/s) - ‘50a.3.b166’ saved [89945/89945]

--2017-01-27 19:49:41--  http://doi.org/10.1093/gerona/50a.3.m141
Connecting to doi.org (doi.org)|38.100.138.162|:80... connected.
HTTP request sent, awaiting response... 303 See Other
Location: https://academic.oup.com/biomedgerontology/article-lookup/doi/10.1093/gerona/50A.3.M141 [following]
--2017-01-27 19:49:42--  https://academic.oup.com/biomedgerontology/article-lookup/doi/10.1093/gerona/50A.3.M141
Connecting to academic.oup.com (academic.oup.com)|173.254.190.144|:443... connected.
HTTP request sent, awaiting response... 200 OK
Length: 90289 (88K) [text/html]
Saving to: ‘50a.3.m141’

     0K .......... .......... .......... .......... .......... 56%  209K 0s
    50K .......... .......... .......... ........             100% 9.86M=0.2s

2017-01-27 19:49:49 (362 KB/s) - ‘50a.3.m141’ saved [90289/90289]

--2017-01-27 19:49:50--  http://doi.org/10.1093/gerona/50a.3.b107
Connecting to doi.org (doi.org)|38.100.138.162|:80... connected.
HTTP request sent, awaiting response... 303 See Other
Location: https://academic.oup.com/biomedgerontology/article-lookup/doi/10.1093/gerona/50A.3.B107 [following]
--2017-01-27 19:49:52--  https://academic.oup.com/biomedgerontology/article-lookup/doi/10.1093/gerona/50A.3.B107
Connecting to academic.oup.com (academic.oup.com)|173.254.190.144|:443... connected.
HTTP request sent, awaiting response... 200 OK
Length: 76089 (74K) [text/html]
Saving to: ‘50a.3.b107’

     0K .......... .......... .......... .......... .......... 67%  207K 0s
    50K .......... .......... ....                            100% 9.35M=0.2s

2017-01-27 19:49:56 (304 KB/s) - ‘50a.3.b107’ saved [76089/76089]

--2017-01-27 19:49:57--  http://doi.org/10.1093/gerona/50a.3.m147
Connecting to doi.org (doi.org)|38.100.138.162|:80... connected.
HTTP request sent, awaiting response... 303 See Other
Location: https://academic.oup.com/biomedgerontology/article-lookup/doi/10.1093/gerona/50A.3.M147 [following]
--2017-01-27 19:49:58--  https://academic.oup.com/biomedgerontology/article-lookup/doi/10.1093/gerona/50A.3.M147
Connecting to academic.oup.com (academic.oup.com)|173.254.190.144|:443... connected.
HTTP request sent, awaiting response... 200 OK
Length: 99078 (97K) [text/html]
Saving to: ‘50a.3.m147’

     0K .......... .......... .......... .......... .......... 51%  209K 0s
    50K .......... .......... .......... .......... ......    100%  578K=0.3s

2017-01-27 19:50:03 (302 KB/s) - ‘50a.3.m147’ saved [99078/99078]

--2017-01-27 19:50:04--  http://doi.org/10.1093/gerona/50a.3.b117
Connecting to doi.org (doi.org)|38.100.138.162|:80... connected.
HTTP request sent, awaiting response... 303 See Other
Location: https://academic.oup.com/biomedgerontology/article-lookup/doi/10.1093/gerona/50A.3.B117 [following]
--2017-01-27 19:50:05--  https://academic.oup.com/biomedgerontology/article-lookup/doi/10.1093/gerona/50A.3.B117
Connecting to academic.oup.com (academic.oup.com)|173.254.190.144|:443... connected.
HTTP request sent, awaiting response... 200 OK
Length: 85346 (83K) [text/html]
Saving to: ‘50a.3.b117’

     0K .......... .......... .......... .......... .......... 59%  208K 0s
    50K .......... .......... .......... ...                  100% 9.10M=0.2s

2017-01-27 19:50:10 (342 KB/s) - ‘50a.3.b117’ saved [85346/85346]

--2017-01-27 19:50:11--  http://doi.org/10.1093/gerona/50a.3.m137
Connecting to doi.org (doi.org)|38.100.138.162|:80... connected.
HTTP request sent, awaiting response... 303 See Other
Location: https://academic.oup.com/biomedgerontology/article-lookup/doi/10.1093/gerona/50A.3.M137 [following]
--2017-01-27 19:50:12--  https://academic.oup.com/biomedgerontology/article-lookup/doi/10.1093/gerona/50A.3.M137
Connecting to academic.oup.com (academic.oup.com)|173.254.190.144|:443... connected.
HTTP request sent, awaiting response... 200 OK
Length: 95098 (93K) [text/html]
Saving to: ‘50a.3.m137’

     0K .......... .......... .......... .......... .......... 53%  209K 0s
    50K .......... .......... .......... .......... ..        100%  537K=0.3s

2017-01-27 19:50:17 (291 KB/s) - ‘50a.3.m137’ saved [95098/95098]

--2017-01-27 19:50:18--  http://doi.org/10.1093/gerona/50a.3.m173
Connecting to doi.org (doi.org)|38.100.138.162|:80... connected.
HTTP request sent, awaiting response... 303 See Other
Location: https://academic.oup.com/biomedgerontology/article-lookup/doi/10.1093/gerona/50A.3.M173 [following]
--2017-01-27 19:50:19--  https://academic.oup.com/biomedgerontology/article-lookup/doi/10.1093/gerona/50A.3.M173
Connecting to academic.oup.com (academic.oup.com)|173.254.190.144|:443... connected.
HTTP request sent, awaiting response... 200 OK
Length: 91324 (89K) [text/html]
Saving to: ‘50a.3.m173’

     0K .......... .......... .......... .......... .......... 56%  208K 0s
    50K .......... .......... .......... .........            100% 12.0M=0.2s

2017-01-27 19:50:23 (367 KB/s) - ‘50a.3.m173’ saved [91324/91324]

--2017-01-27 19:50:24--  http://doi.org/10.1093/gerona/50a.3.b110
Connecting to doi.org (doi.org)|38.100.138.162|:80... connected.
HTTP request sent, awaiting response... 303 See Other
Location: https://academic.oup.com/biomedgerontology/article-lookup/doi/10.1093/gerona/50A.3.B110 [following]
--2017-01-27 19:50:26--  https://academic.oup.com/biomedgerontology/article-lookup/doi/10.1093/gerona/50A.3.B110
Connecting to academic.oup.com (academic.oup.com)|173.254.190.144|:443... connected.
HTTP request sent, awaiting response... 200 OK
Length: 80988 (79K) [text/html]
Saving to: ‘50a.3.b110’

     0K .......... .......... .......... .......... .......... 63%  209K 0s
    50K .......... .......... .........                       100% 13.0M=0.2s

2017-01-27 19:50:32 (328 KB/s) - ‘50a.3.b110’ saved [80988/80988]

--2017-01-27 19:50:33--  http://doi.org/10.1093/gerona/50a.3.b142
Connecting to doi.org (doi.org)|38.100.138.162|:80... connected.
HTTP request sent, awaiting response... 303 See Other
Location: https://academic.oup.com/biomedgerontology/article-lookup/doi/10.1093/gerona/50A.3.B142 [following]
--2017-01-27 19:50:34--  https://academic.oup.com/biomedgerontology/article-lookup/doi/10.1093/gerona/50A.3.B142
Connecting to academic.oup.com (academic.oup.com)|173.254.190.144|:443... connected.
HTTP request sent, awaiting response... 200 OK
Length: 87632 (86K) [text/html]
Saving to: ‘50a.3.b142’

     0K .......... .......... .......... .......... .......... 58%  209K 0s
    50K .......... .......... .......... .....                100% 11.9M=0.2s

2017-01-27 19:50:39 (354 KB/s) - ‘50a.3.b142’ saved [87632/87632]

--2017-01-27 19:50:40--  http://doi.org/10.1093/gerona/50a.3.b155
Connecting to doi.org (doi.org)|38.100.138.162|:80... connected.
HTTP request sent, awaiting response... 303 See Other
Location: https://academic.oup.com/biomedgerontology/article-lookup/doi/10.1093/gerona/50A.3.B155 [following]
--2017-01-27 19:50:41--  https://academic.oup.com/biomedgerontology/article-lookup/doi/10.1093/gerona/50A.3.B155
Connecting to academic.oup.com (academic.oup.com)|173.254.190.144|:443... connected.
HTTP request sent, awaiting response... 200 OK
Length: 86530 (85K) [text/html]
Saving to: ‘50a.3.b155’

     0K .......... .......... .......... .......... .......... 59%  209K 0s
    50K .......... .......... .......... ....                 100% 11.4M=0.2s

2017-01-27 19:51:06 (349 KB/s) - ‘50a.3.b155’ saved [86530/86530]

--2017-01-27 19:51:07--  http://doi.org/10.1093/gerona/50a.3.b148
Connecting to doi.org (doi.org)|38.100.138.162|:80... connected.
HTTP request sent, awaiting response... 303 See Other
Location: https://academic.oup.com/biomedgerontology/article-lookup/doi/10.1093/gerona/50A.3.B148 [following]
--2017-01-27 19:51:08--  https://academic.oup.com/biomedgerontology/article-lookup/doi/10.1093/gerona/50A.3.B148
Connecting to academic.oup.com (academic.oup.com)|173.254.190.144|:443... connected.
HTTP request sent, awaiting response... 200 OK
Length: 91328 (89K) [text/html]
Saving to: ‘50a.3.b148’

     0K .......... .......... .......... .......... .......... 56%  209K 0s
    50K .......... .......... .......... .........            100% 11.6M=0.2s

2017-01-27 19:51:12 (368 KB/s) - ‘50a.3.b148’ saved [91328/91328]

--2017-01-27 19:51:13--  http://doi.org/10.1093/gerona/50a.4.m216
Connecting to doi.org (doi.org)|38.100.138.162|:80... connected.
HTTP request sent, awaiting response... 303 See Other
Location: https://academic.oup.com/biomedgerontology/article-lookup/doi/10.1093/gerona/50A.4.M216 [following]
--2017-01-27 19:51:14--  https://academic.oup.com/biomedgerontology/article-lookup/doi/10.1093/gerona/50A.4.M216
Connecting to academic.oup.com (academic.oup.com)|173.254.190.144|:443... connected.
HTTP request sent, awaiting response... 200 OK
Length: 89671 (88K) [text/html]
Saving to: ‘50a.4.m216’

     0K .......... .......... .......... .......... .......... 57%  209K 0s
    50K .......... .......... .......... .......              100% 8.26M=0.2s

2017-01-27 19:51:19 (359 KB/s) - ‘50a.4.m216’ saved [89671/89671]

--2017-01-27 19:51:20--  http://doi.org/10.1093/gerona/50a.4.m184
Connecting to doi.org (doi.org)|38.100.138.162|:80... connected.
HTTP request sent, awaiting response... 303 See Other
Location: https://academic.oup.com/biomedgerontology/article-lookup/doi/10.1093/gerona/50A.4.M184 [following]
--2017-01-27 19:51:21--  https://academic.oup.com/biomedgerontology/article-lookup/doi/10.1093/gerona/50A.4.M184
Connecting to academic.oup.com (academic.oup.com)|173.254.190.144|:443... connected.
HTTP request sent, awaiting response... 200 OK
Length: 107249 (105K) [text/html]
Saving to: ‘50a.4.m184’

     0K .......... .......... .......... .......... .......... 47%  209K 0s
    50K .......... .......... .......... .......... .......... 95%  608K 0s
   100K ....                                                  100% 9032G=0.3s

2017-01-27 19:51:26 (326 KB/s) - ‘50a.4.m184’ saved [107249/107249]

--2017-01-27 19:51:27--  http://doi.org/10.1093/gerona/50a.4.b218
Connecting to doi.org (doi.org)|38.100.138.162|:80... connected.
HTTP request sent, awaiting response... 303 See Other
Location: https://academic.oup.com/biomedgerontology/article-lookup/doi/10.1093/gerona/50A.4.B218 [following]
--2017-01-27 19:51:28--  https://academic.oup.com/biomedgerontology/article-lookup/doi/10.1093/gerona/50A.4.B218
Connecting to academic.oup.com (academic.oup.com)|173.254.190.144|:443... connected.
HTTP request sent, awaiting response... 200 OK
Length: 111237 (109K) [text/html]
Saving to: ‘50a.4.b218’

     0K .......... .......... .......... .......... .......... 46%  209K 0s
    50K .......... .......... .......... .......... .......... 92%  607K 0s
   100K ........                                              100% 24.7M=0.3s

2017-01-27 19:51:33 (337 KB/s) - ‘50a.4.b218’ saved [111237/111237]

--2017-01-27 19:51:34--  http://doi.org/10.1093/gerona/50a.4.b187
Connecting to doi.org (doi.org)|38.100.138.162|:80... connected.
HTTP request sent, awaiting response... 303 See Other
Location: https://academic.oup.com/biomedgerontology/article-lookup/doi/10.1093/gerona/50A.4.B187 [following]
--2017-01-27 19:51:35--  https://academic.oup.com/biomedgerontology/article-lookup/doi/10.1093/gerona/50A.4.B187
Connecting to academic.oup.com (academic.oup.com)|173.254.190.144|:443... connected.
HTTP request sent, awaiting response... 200 OK
Length: 88918 (87K) [text/html]
Saving to: ‘50a.4.b187’

     0K .......... .......... .......... .......... .......... 57%  209K 0s
    50K .......... .......... .......... ......               100% 10.8M=0.2s

2017-01-27 19:51:40 (358 KB/s) - ‘50a.4.b187’ saved [88918/88918]

--2017-01-27 19:51:41--  http://doi.org/10.1093/gerona/50a.4.b201
Connecting to doi.org (doi.org)|38.100.138.162|:80... connected.
HTTP request sent, awaiting response... 303 See Other
Location: https://academic.oup.com/biomedgerontology/article-lookup/doi/10.1093/gerona/50A.4.B201 [following]
--2017-01-27 19:51:42--  https://academic.oup.com/biomedgerontology/article-lookup/doi/10.1093/gerona/50A.4.B201
Connecting to academic.oup.com (academic.oup.com)|173.254.190.144|:443... connected.
HTTP request sent, awaiting response... 200 OK
Length: 88921 (87K) [text/html]
Saving to: ‘50a.4.b201’

     0K .......... .......... .......... .......... .......... 57%  208K 0s
    50K .......... .......... .......... ......               100% 12.1M=0.2s

2017-01-27 19:51:47 (357 KB/s) - ‘50a.4.b201’ saved [88921/88921]

--2017-01-27 19:51:48--  http://doi.org/10.1093/gerona/50a.4.b224
Connecting to doi.org (doi.org)|38.100.138.162|:80... connected.
HTTP request sent, awaiting response... 303 See Other
Location: https://academic.oup.com/biomedgerontology/article-lookup/doi/10.1093/gerona/50A.4.B224 [following]
--2017-01-27 19:51:49--  https://academic.oup.com/biomedgerontology/article-lookup/doi/10.1093/gerona/50A.4.B224
Connecting to academic.oup.com (academic.oup.com)|173.254.190.144|:443... connected.
HTTP request sent, awaiting response... 200 OK
Length: 81129 (79K) [text/html]
Saving to: ‘50a.4.b224’

     0K .......... .......... .......... .......... .......... 63%  209K 0s
    50K .......... .......... .........                       100% 11.7M=0.2s

2017-01-27 19:51:53 (328 KB/s) - ‘50a.4.b224’ saved [81129/81129]

--2017-01-27 19:51:54--  http://doi.org/10.1093/gerona/50a.4.b237
Connecting to doi.org (doi.org)|38.100.138.162|:80... connected.
HTTP request sent, awaiting response... 303 See Other
Location: https://academic.oup.com/biomedgerontology/article-lookup/doi/10.1093/gerona/50A.4.B237 [following]
--2017-01-27 19:51:55--  https://academic.oup.com/biomedgerontology/article-lookup/doi/10.1093/gerona/50A.4.B237
Connecting to academic.oup.com (academic.oup.com)|173.254.190.144|:443... connected.
HTTP request sent, awaiting response... 200 OK
Length: 97054 (95K) [text/html]
Saving to: ‘50a.4.b237’

     0K .......... .......... .......... .......... .......... 52%  209K 0s
    50K .......... .......... .......... .......... ....      100%  553K=0.3s

2017-01-27 19:52:01 (296 KB/s) - ‘50a.4.b237’ saved [97054/97054]

--2017-01-27 19:52:02--  http://doi.org/10.1093/gerona/50a.4.b213
Connecting to doi.org (doi.org)|38.100.138.162|:80... connected.
HTTP request sent, awaiting response... 303 See Other
Location: https://academic.oup.com/biomedgerontology/article-lookup/doi/10.1093/gerona/50A.4.B213 [following]
--2017-01-27 19:52:03--  https://academic.oup.com/biomedgerontology/article-lookup/doi/10.1093/gerona/50A.4.B213
Connecting to academic.oup.com (academic.oup.com)|173.254.190.144|:443... connected.
HTTP request sent, awaiting response... 200 OK
Length: 88528 (86K) [text/html]
Saving to: ‘50a.4.b213’

     0K .......... .......... .......... .......... .......... 57%  209K 0s
    50K .......... .......... .......... ......               100% 11.7M=0.2s

2017-01-27 19:52:08 (357 KB/s) - ‘50a.4.b213’ saved [88528/88528]

--2017-01-27 19:52:09--  http://doi.org/10.1093/gerona/50a.4.b193
Connecting to doi.org (doi.org)|38.100.138.162|:80... connected.
HTTP request sent, awaiting response... 303 See Other
Location: https://academic.oup.com/biomedgerontology/article-lookup/doi/10.1093/gerona/50A.4.B193 [following]
--2017-01-27 19:52:10--  https://academic.oup.com/biomedgerontology/article-lookup/doi/10.1093/gerona/50A.4.B193
Connecting to academic.oup.com (academic.oup.com)|173.254.190.144|:443... connected.
HTTP request sent, awaiting response... 200 OK
Length: 87126 (85K) [text/html]
Saving to: ‘50a.4.b193’

     0K .......... .......... .......... .......... .......... 58%  209K 0s
    50K .......... .......... .......... .....                100% 13.1M=0.2s

2017-01-27 19:52:15 (352 KB/s) - ‘50a.4.b193’ saved [87126/87126]

--2017-01-27 19:52:16--  http://doi.org/10.1093/gerona/50a.4.m222
Connecting to doi.org (doi.org)|38.100.138.162|:80... connected.
HTTP request sent, awaiting response... 303 See Other
Location: https://academic.oup.com/biomedgerontology/article-lookup/doi/10.1093/gerona/50A.4.M222 [following]
--2017-01-27 19:52:17--  https://academic.oup.com/biomedgerontology/article-lookup/doi/10.1093/gerona/50A.4.M222
Connecting to academic.oup.com (academic.oup.com)|173.254.190.144|:443... connected.
HTTP request sent, awaiting response... 200 OK
Length: 100179 (98K) [text/html]
Saving to: ‘50a.4.m222’

     0K .......... .......... .......... .......... .......... 51%  209K 0s
    50K .......... .......... .......... .......... .......   100%  587K=0.3s

2017-01-27 19:52:21 (305 KB/s) - ‘50a.4.m222’ saved [100179/100179]

--2017-01-27 19:52:22--  http://doi.org/10.1093/gerona/50a.4.m227
Connecting to doi.org (doi.org)|38.100.138.162|:80... connected.
HTTP request sent, awaiting response... 303 See Other
Location: https://academic.oup.com/biomedgerontology/article-lookup/doi/10.1093/gerona/50A.4.M227 [following]
--2017-01-27 19:52:23--  https://academic.oup.com/biomedgerontology/article-lookup/doi/10.1093/gerona/50A.4.M227
Connecting to academic.oup.com (academic.oup.com)|173.254.190.144|:443... connected.
HTTP request sent, awaiting response... 200 OK
Length: 89942 (88K) [text/html]
Saving to: ‘50a.4.m227’

     0K .......... .......... .......... .......... .......... 56%  309K 0s
    50K .......... .......... .......... .......              100%  469K=0.2s

2017-01-27 19:52:28 (362 KB/s) - ‘50a.4.m227’ saved [89942/89942]

--2017-01-27 19:52:29--  http://doi.org/10.1093/gerona/50a.4.m196
Connecting to doi.org (doi.org)|38.100.138.162|:80... connected.
HTTP request sent, awaiting response... 303 See Other
Location: https://academic.oup.com/biomedgerontology/article-lookup/doi/10.1093/gerona/50A.4.M196 [following]
--2017-01-27 19:52:30--  https://academic.oup.com/biomedgerontology/article-lookup/doi/10.1093/gerona/50A.4.M196
Connecting to academic.oup.com (academic.oup.com)|173.254.190.144|:443... connected.
HTTP request sent, awaiting response... 200 OK
Length: 88257 (86K) [text/html]
Saving to: ‘50a.4.m196’

     0K .......... .......... .......... .......... .......... 58%  209K 0s
    50K .......... .......... .......... ......               100%  822K=0.3s

2017-01-27 19:52:35 (304 KB/s) - ‘50a.4.m196’ saved [88257/88257]

--2017-01-27 19:52:36--  http://doi.org/10.1093/gerona/50a.4.m190
Connecting to doi.org (doi.org)|38.100.138.162|:80... connected.
HTTP request sent, awaiting response... 303 See Other
Location: https://academic.oup.com/biomedgerontology/article-lookup/doi/10.1093/gerona/50A.4.M190 [following]
--2017-01-27 19:52:37--  https://academic.oup.com/biomedgerontology/article-lookup/doi/10.1093/gerona/50A.4.M190
Connecting to academic.oup.com (academic.oup.com)|173.254.190.144|:443... connected.
HTTP request sent, awaiting response... 200 OK
Length: 85127 (83K) [text/html]
Saving to: ‘50a.4.m190’

     0K .......... .......... .......... .......... .......... 60%  209K 0s
    50K .......... .......... .......... ...                  100% 11.8M=0.2s

2017-01-27 19:52:42 (344 KB/s) - ‘50a.4.m190’ saved [85127/85127]

--2017-01-27 19:52:43--  http://doi.org/10.1093/gerona/50a.4.m203
Connecting to doi.org (doi.org)|38.100.138.162|:80... connected.
HTTP request sent, awaiting response... 303 See Other
Location: https://academic.oup.com/biomedgerontology/article-lookup/doi/10.1093/gerona/50A.4.M203 [following]
--2017-01-27 19:52:44--  https://academic.oup.com/biomedgerontology/article-lookup/doi/10.1093/gerona/50A.4.M203
Connecting to academic.oup.com (academic.oup.com)|173.254.190.144|:443... connected.
HTTP request sent, awaiting response... 200 OK
Length: 94517 (92K) [text/html]
Saving to: ‘50a.4.m203’

     0K .......... .......... .......... .......... .......... 54%  309K 0s
    50K .......... .......... .......... .......... ..        100%  268K=0.3s

2017-01-27 19:52:48 (288 KB/s) - ‘50a.4.m203’ saved [94517/94517]

--2017-01-27 19:52:49--  http://doi.org/10.1093/gerona/50a.4.b232
Connecting to doi.org (doi.org)|38.100.138.162|:80... connected.
HTTP request sent, awaiting response... 303 See Other
Location: https://academic.oup.com/biomedgerontology/article-lookup/doi/10.1093/gerona/50A.4.B232 [following]
--2017-01-27 19:52:50--  https://academic.oup.com/biomedgerontology/article-lookup/doi/10.1093/gerona/50A.4.B232
Connecting to academic.oup.com (academic.oup.com)|173.254.190.144|:443... connected.
HTTP request sent, awaiting response... 200 OK
Length: 83472 (82K) [text/html]
Saving to: ‘50a.4.b232’

     0K .......... .......... .......... .......... .......... 61%  209K 0s
    50K .......... .......... .......... .                    100% 7.12M=0.2s

2017-01-27 19:52:55 (335 KB/s) - ‘50a.4.b232’ saved [83472/83472]

--2017-01-27 19:52:56--  http://doi.org/10.1093/gerona/50a.4.m211
Connecting to doi.org (doi.org)|38.100.138.162|:80... connected.
HTTP request sent, awaiting response... 303 See Other
Location: https://academic.oup.com/biomedgerontology/article-lookup/doi/10.1093/gerona/50A.4.M211 [following]
--2017-01-27 19:52:57--  https://academic.oup.com/biomedgerontology/article-lookup/doi/10.1093/gerona/50A.4.M211
Connecting to academic.oup.com (academic.oup.com)|173.254.190.144|:443... connected.
HTTP request sent, awaiting response... 200 OK
Length: 87617 (86K) [text/html]
Saving to: ‘50a.4.m211’

     0K .......... .......... .......... .......... .......... 58%  209K 0s
    50K .......... .......... .......... .....                100% 12.2M=0.2s

2017-01-27 19:53:02 (353 KB/s) - ‘50a.4.m211’ saved [87617/87617]

--2017-01-27 19:53:03--  http://doi.org/10.1093/gerona/50a.4.m177
Connecting to doi.org (doi.org)|38.100.138.162|:80... connected.
HTTP request sent, awaiting response... 303 See Other
Location: https://academic.oup.com/biomedgerontology/article-lookup/doi/10.1093/gerona/50A.4.M177 [following]
--2017-01-27 19:53:04--  https://academic.oup.com/biomedgerontology/article-lookup/doi/10.1093/gerona/50A.4.M177
Connecting to academic.oup.com (academic.oup.com)|173.254.190.144|:443... connected.
HTTP request sent, awaiting response... 200 OK
Length: 94251 (92K) [text/html]
Saving to: ‘50a.4.m177’

     0K .......... .......... .......... .......... .......... 54%  209K 0s
    50K .......... .......... .......... .......... ..        100% 1.03M=0.3s

2017-01-27 19:53:09 (330 KB/s) - ‘50a.4.m177’ saved [94251/94251]

--2017-01-27 19:53:10--  http://doi.org/10.1093/gerona/50a.4.b205
Connecting to doi.org (doi.org)|38.100.138.162|:80... connected.
HTTP request sent, awaiting response... 303 See Other
Location: https://academic.oup.com/biomedgerontology/article-lookup/doi/10.1093/gerona/50A.4.B205 [following]
--2017-01-27 19:53:11--  https://academic.oup.com/biomedgerontology/article-lookup/doi/10.1093/gerona/50A.4.B205
Connecting to academic.oup.com (academic.oup.com)|173.254.190.144|:443... connected.
HTTP request sent, awaiting response... 200 OK
Length: 98040 (96K) [text/html]
Saving to: ‘50a.4.b205’

     0K .......... .......... .......... .......... .......... 52%  209K 0s
    50K .......... .......... .......... .......... .....     100%  566K=0.3s

2017-01-27 19:53:16 (299 KB/s) - ‘50a.4.b205’ saved [98040/98040]

--2017-01-27 19:53:17--  http://doi.org/10.1093/gerona/50a.5.m242
Connecting to doi.org (doi.org)|38.100.138.162|:80... connected.
HTTP request sent, awaiting response... 303 See Other
Location: https://academic.oup.com/biomedgerontology/article-lookup/doi/10.1093/gerona/50A.5.M242 [following]
--2017-01-27 19:53:18--  https://academic.oup.com/biomedgerontology/article-lookup/doi/10.1093/gerona/50A.5.M242
Connecting to academic.oup.com (academic.oup.com)|173.254.190.144|:443... connected.
HTTP request sent, awaiting response... 200 OK
Length: 104790 (102K) [text/html]
Saving to: ‘50a.5.m242’

     0K .......... .......... .......... .......... .......... 48%  209K 0s
    50K .......... .......... .......... .......... .......... 97%  610K 0s
   100K ..                                                    100% 4452G=0.3s

2017-01-27 19:53:24 (319 KB/s) - ‘50a.5.m242’ saved [104790/104790]

--2017-01-27 19:53:25--  http://doi.org/10.1093/gerona/50a.5.m280
Connecting to doi.org (doi.org)|38.100.138.162|:80... connected.
HTTP request sent, awaiting response... 303 See Other
Location: https://academic.oup.com/biomedgerontology/article-lookup/doi/10.1093/gerona/50A.5.M280 [following]
--2017-01-27 19:53:26--  https://academic.oup.com/biomedgerontology/article-lookup/doi/10.1093/gerona/50A.5.M280
Connecting to academic.oup.com (academic.oup.com)|173.254.190.144|:443... connected.
HTTP request sent, awaiting response... 200 OK
Length: 86863 (85K) [text/html]
Saving to: ‘50a.5.m280’

     0K .......... .......... .......... .......... .......... 58%  208K 0s
    50K .......... .......... .......... ....                 100% 11.8M=0.2s

2017-01-27 19:53:30 (349 KB/s) - ‘50a.5.m280’ saved [86863/86863]

--2017-01-27 19:53:31--  http://doi.org/10.1093/gerona/50a.5.m257
Connecting to doi.org (doi.org)|38.100.138.162|:80... connected.
HTTP request sent, awaiting response... 303 See Other
Location: https://academic.oup.com/biomedgerontology/article-lookup/doi/10.1093/gerona/50A.5.M257 [following]
--2017-01-27 19:53:33--  https://academic.oup.com/biomedgerontology/article-lookup/doi/10.1093/gerona/50A.5.M257
Connecting to academic.oup.com (academic.oup.com)|173.254.190.144|:443... connected.
HTTP request sent, awaiting response... 200 OK
Length: 95189 (93K) [text/html]
Saving to: ‘50a.5.m257’

     0K .......... .......... .......... .......... .......... 53%  209K 0s
    50K .......... .......... .......... .......... ..        100% 8.57M=0.2s

2017-01-27 19:53:37 (381 KB/s) - ‘50a.5.m257’ saved [95189/95189]

--2017-01-27 19:53:39--  http://doi.org/10.1093/gerona/50a.5.m285
Connecting to doi.org (doi.org)|38.100.138.162|:80... connected.
HTTP request sent, awaiting response... 303 See Other
Location: https://academic.oup.com/biomedgerontology/article-lookup/doi/10.1093/gerona/50A.5.M285 [following]
--2017-01-27 19:53:40--  https://academic.oup.com/biomedgerontology/article-lookup/doi/10.1093/gerona/50A.5.M285
Connecting to academic.oup.com (academic.oup.com)|173.254.190.144|:443... connected.
HTTP request sent, awaiting response... 200 OK
Length: 88688 (87K) [text/html]
Saving to: ‘50a.5.m285’

     0K .......... .......... .......... .......... .......... 57%  209K 0s
    50K .......... .......... .......... ......               100% 10.8M=0.2s

2017-01-27 19:53:45 (357 KB/s) - ‘50a.5.m285’ saved [88688/88688]

--2017-01-27 19:53:46--  http://doi.org/10.1093/gerona/50a.5.b307
Connecting to doi.org (doi.org)|38.100.138.162|:80... connected.
HTTP request sent, awaiting response... 303 See Other
Location: https://academic.oup.com/biomedgerontology/article-lookup/doi/10.1093/gerona/50A.5.B307 [following]
--2017-01-27 19:53:47--  https://academic.oup.com/biomedgerontology/article-lookup/doi/10.1093/gerona/50A.5.B307
Connecting to academic.oup.com (academic.oup.com)|173.254.190.144|:443... connected.
HTTP request sent, awaiting response... 200 OK
Length: 86320 (84K) [text/html]
Saving to: ‘50a.5.b307’

     0K .......... .......... .......... .......... .......... 59%  209K 0s
    50K .......... .......... .......... ....                 100% 11.7M=0.2s

2017-01-27 19:53:51 (348 KB/s) - ‘50a.5.b307’ saved [86320/86320]

--2017-01-27 19:53:52--  http://doi.org/10.1093/gerona/50a.5.b277
Connecting to doi.org (doi.org)|38.100.138.162|:80... connected.
HTTP request sent, awaiting response... 303 See Other
Location: https://academic.oup.com/biomedgerontology/article-lookup/doi/10.1093/gerona/50A.5.B277 [following]
--2017-01-27 19:53:53--  https://academic.oup.com/biomedgerontology/article-lookup/doi/10.1093/gerona/50A.5.B277
Connecting to academic.oup.com (academic.oup.com)|173.254.190.144|:443... connected.
HTTP request sent, awaiting response... 200 OK
Length: 85515 (84K) [text/html]
Saving to: ‘50a.5.b277’

     0K .......... .......... .......... .......... .......... 59%  209K 0s
    50K .......... .......... .......... ...                  100% 6.75M=0.2s

2017-01-27 19:53:58 (342 KB/s) - ‘50a.5.b277’ saved [85515/85515]

--2017-01-27 19:53:59--  http://doi.org/10.1093/gerona/50a.5.b303
Connecting to doi.org (doi.org)|38.100.138.162|:80... connected.
HTTP request sent, awaiting response... 303 See Other
Location: https://academic.oup.com/biomedgerontology/article-lookup/doi/10.1093/gerona/50A.5.B303 [following]
--2017-01-27 19:54:00--  https://academic.oup.com/biomedgerontology/article-lookup/doi/10.1093/gerona/50A.5.B303
Connecting to academic.oup.com (academic.oup.com)|173.254.190.144|:443... connected.
HTTP request sent, awaiting response... 200 OK
Length: 104519 (102K) [text/html]
Saving to: ‘50a.5.b303’

     0K .......... .......... .......... .......... .......... 48%  209K 0s
    50K .......... .......... .......... .......... .......... 97%  606K 0s
   100K ..                                                    100% 3947G=0.3s

2017-01-27 19:54:05 (317 KB/s) - ‘50a.5.b303’ saved [104519/104519]

--2017-01-27 19:54:06--  http://doi.org/10.1093/gerona/50a.5.b295
Connecting to doi.org (doi.org)|38.100.138.162|:80... connected.
HTTP request sent, awaiting response... 303 See Other
Location: https://academic.oup.com/biomedgerontology/article-lookup/doi/10.1093/gerona/50A.5.B295 [following]
--2017-01-27 19:54:07--  https://academic.oup.com/biomedgerontology/article-lookup/doi/10.1093/gerona/50A.5.B295
Connecting to academic.oup.com (academic.oup.com)|173.254.190.144|:443... connected.
HTTP request sent, awaiting response... 200 OK
Length: 97846 (96K) [text/html]
Saving to: ‘50a.5.b295’

     0K .......... .......... .......... .......... .......... 52%  209K 0s
    50K .......... .......... .......... .......... .....     100%  567K=0.3s

2017-01-27 19:54:11 (299 KB/s) - ‘50a.5.b295’ saved [97846/97846]

--2017-01-27 19:54:12--  http://doi.org/10.1093/gerona/50a.5.m263
Connecting to doi.org (doi.org)|38.100.138.162|:80... connected.
HTTP request sent, awaiting response... 303 See Other
Location: https://academic.oup.com/biomedgerontology/article-lookup/doi/10.1093/gerona/50A.5.M263 [following]
--2017-01-27 19:54:13--  https://academic.oup.com/biomedgerontology/article-lookup/doi/10.1093/gerona/50A.5.M263
Connecting to academic.oup.com (academic.oup.com)|173.254.190.144|:443... connected.
HTTP request sent, awaiting response... 200 OK
Length: 93759 (92K) [text/html]
Saving to: ‘50a.5.m263’

     0K .......... .......... .......... .......... .......... 54%  209K 0s
    50K .......... .......... .......... .......... .         100% 8.77M=0.2s

2017-01-27 19:54:17 (375 KB/s) - ‘50a.5.m263’ saved [93759/93759]

--2017-01-27 19:54:18--  http://doi.org/10.1093/gerona/50a.5.b315
Connecting to doi.org (doi.org)|38.100.138.162|:80... connected.
HTTP request sent, awaiting response... 303 See Other
Location: https://academic.oup.com/biomedgerontology/article-lookup/doi/10.1093/gerona/50A.5.B315 [following]
--2017-01-27 19:54:19--  https://academic.oup.com/biomedgerontology/article-lookup/doi/10.1093/gerona/50A.5.B315
Connecting to academic.oup.com (academic.oup.com)|173.254.190.144|:443... connected.
HTTP request sent, awaiting response... 200 OK
Length: 100258 (98K) [text/html]
Saving to: ‘50a.5.b315’

     0K .......... .......... .......... .......... .......... 51%  209K 0s
    50K .......... .......... .......... .......... .......   100%  585K=0.3s

2017-01-27 19:54:24 (305 KB/s) - ‘50a.5.b315’ saved [100258/100258]

--2017-01-27 19:54:25--  http://doi.org/10.1093/gerona/50a.5.b270
Connecting to doi.org (doi.org)|38.100.138.162|:80... connected.
HTTP request sent, awaiting response... 303 See Other
Location: https://academic.oup.com/biomedgerontology/article-lookup/doi/10.1093/gerona/50A.5.B270 [following]
--2017-01-27 19:54:26--  https://academic.oup.com/biomedgerontology/article-lookup/doi/10.1093/gerona/50A.5.B270
Connecting to academic.oup.com (academic.oup.com)|173.254.190.144|:443... connected.
HTTP request sent, awaiting response... 200 OK
Length: 86854 (85K) [text/html]
Saving to: ‘50a.5.b270’

     0K .......... .......... .......... .......... .......... 58%  209K 0s
    50K .......... .......... .......... ....                 100% 10.6M=0.2s

2017-01-27 19:54:31 (350 KB/s) - ‘50a.5.b270’ saved [86854/86854]

--2017-01-27 19:54:32--  http://doi.org/10.1093/gerona/50a.5.b262
Connecting to doi.org (doi.org)|38.100.138.162|:80... connected.
HTTP request sent, awaiting response... 303 See Other
Location: https://academic.oup.com/biomedgerontology/article-lookup/doi/10.1093/gerona/50A.5.B262 [following]
--2017-01-27 19:54:33--  https://academic.oup.com/biomedgerontology/article-lookup/doi/10.1093/gerona/50A.5.B262
Connecting to academic.oup.com (academic.oup.com)|173.254.190.144|:443... connected.
HTTP request sent, awaiting response... 200 OK
Length: 85368 (83K) [text/html]
Saving to: ‘50a.5.b262’

     0K .......... .......... .......... .......... .......... 59%  209K 0s
    50K .......... .......... .......... ...                  100% 12.0M=0.2s

2017-01-27 19:54:38 (345 KB/s) - ‘50a.5.b262’ saved [85368/85368]

--2017-01-27 19:54:39--  http://doi.org/10.1093/gerona/50a.5.m252
Connecting to doi.org (doi.org)|38.100.138.162|:80... connected.
HTTP request sent, awaiting response... 303 See Other
Location: https://academic.oup.com/biomedgerontology/article-lookup/doi/10.1093/gerona/50A.5.M252 [following]
--2017-01-27 19:54:40--  https://academic.oup.com/biomedgerontology/article-lookup/doi/10.1093/gerona/50A.5.M252
Connecting to academic.oup.com (academic.oup.com)|173.254.190.144|:443... connected.
HTTP request sent, awaiting response... 200 OK
Length: 100831 (98K) [text/html]
Saving to: ‘50a.5.m252’

     0K .......... .......... .......... .......... .......... 50%  208K 0s
    50K .......... .......... .......... .......... ........  100%  593K=0.3s

2017-01-27 19:54:49 (305 KB/s) - ‘50a.5.m252’ saved [100831/100831]

--2017-01-27 19:54:50--  http://doi.org/10.1093/gerona/50a.5.b282
Connecting to doi.org (doi.org)|38.100.138.162|:80... connected.
HTTP request sent, awaiting response... 303 See Other
Location: https://academic.oup.com/biomedgerontology/article-lookup/doi/10.1093/gerona/50A.5.B282 [following]
--2017-01-27 19:54:51--  https://academic.oup.com/biomedgerontology/article-lookup/doi/10.1093/gerona/50A.5.B282
Connecting to academic.oup.com (academic.oup.com)|173.254.190.144|:443... connected.
HTTP request sent, awaiting response... 200 OK
Length: 90230 (88K) [text/html]
Saving to: ‘50a.5.b282’

     0K .......... .......... .......... .......... .......... 56%  209K 0s
    50K .......... .......... .......... ........             100% 12.3M=0.2s

2017-01-27 19:54:55 (363 KB/s) - ‘50a.5.b282’ saved [90230/90230]

--2017-01-27 19:54:56--  http://doi.org/10.1093/gerona/50a.5.m235
Connecting to doi.org (doi.org)|38.100.138.162|:80... connected.
HTTP request sent, awaiting response... 303 See Other
Location: https://academic.oup.com/biomedgerontology/article-lookup/doi/10.1093/gerona/50A.5.M235 [following]
--2017-01-27 19:54:57--  https://academic.oup.com/biomedgerontology/article-lookup/doi/10.1093/gerona/50A.5.M235
Connecting to academic.oup.com (academic.oup.com)|173.254.190.144|:443... connected.
HTTP request sent, awaiting response... 200 OK
Length: 88807 (87K) [text/html]
Saving to: ‘50a.5.m235’

     0K .......... .......... .......... .......... .......... 57%  209K 0s
    50K .......... .......... .......... ......               100% 11.8M=0.2s

2017-01-27 19:55:01 (358 KB/s) - ‘50a.5.m235’ saved [88807/88807]

--2017-01-27 19:55:02--  http://doi.org/10.1093/gerona/50a.5.b254
Connecting to doi.org (doi.org)|38.100.138.162|:80... connected.
HTTP request sent, awaiting response... 303 See Other
Location: https://academic.oup.com/biomedgerontology/article-lookup/doi/10.1093/gerona/50A.5.B254 [following]
--2017-01-27 19:55:03--  https://academic.oup.com/biomedgerontology/article-lookup/doi/10.1093/gerona/50A.5.B254
Connecting to academic.oup.com (academic.oup.com)|173.254.190.144|:443... connected.
HTTP request sent, awaiting response... 200 OK
Length: 82672 (81K) [text/html]
Saving to: ‘50a.5.b254’

     0K .......... .......... .......... .......... .......... 61%  209K 0s
    50K .......... .......... ..........                      100% 13.3M=0.2s

2017-01-27 19:55:07 (335 KB/s) - ‘50a.5.b254’ saved [82672/82672]

--2017-01-27 19:55:08--  http://doi.org/10.1093/gerona/50a.5.b288
Connecting to doi.org (doi.org)|38.100.138.162|:80... connected.
HTTP request sent, awaiting response... 303 See Other
Location: https://academic.oup.com/biomedgerontology/article-lookup/doi/10.1093/gerona/50A.5.B288 [following]
--2017-01-27 19:55:09--  https://academic.oup.com/biomedgerontology/article-lookup/doi/10.1093/gerona/50A.5.B288
Connecting to academic.oup.com (academic.oup.com)|173.254.190.144|:443... connected.
HTTP request sent, awaiting response... 200 OK
Length: 95736 (93K) [text/html]
Saving to: ‘50a.5.b288’

     0K .......... .......... .......... .......... .......... 53%  209K 0s
    50K .......... .......... .......... .......... ...       100%  544K=0.3s

2017-01-27 19:55:13 (293 KB/s) - ‘50a.5.b288’ saved [95736/95736]

--2017-01-27 19:55:14--  http://doi.org/10.1093/gerona/50a.5.m271
Connecting to doi.org (doi.org)|38.100.138.162|:80... connected.
HTTP request sent, awaiting response... 303 See Other
Location: https://academic.oup.com/biomedgerontology/article-lookup/doi/10.1093/gerona/50A.5.M271 [following]
--2017-01-27 19:55:15--  https://academic.oup.com/biomedgerontology/article-lookup/doi/10.1093/gerona/50A.5.M271
Connecting to academic.oup.com (academic.oup.com)|173.254.190.144|:443... connected.
HTTP request sent, awaiting response... 200 OK
Length: 91007 (89K) [text/html]
Saving to: ‘50a.5.m271’

     0K .......... .......... .......... .......... .......... 56%  209K 0s
    50K .......... .......... .......... ........             100%  489K=0.3s

2017-01-27 19:55:20 (279 KB/s) - ‘50a.5.m271’ saved [91007/91007]

--2017-01-27 19:55:21--  http://doi.org/10.1093/gerona/50a.5.b245
Connecting to doi.org (doi.org)|38.100.138.162|:80... connected.
HTTP request sent, awaiting response... 303 See Other
Location: https://academic.oup.com/biomedgerontology/article-lookup/doi/10.1093/gerona/50A.5.B245 [following]
--2017-01-27 19:55:22--  https://academic.oup.com/biomedgerontology/article-lookup/doi/10.1093/gerona/50A.5.B245
Connecting to academic.oup.com (academic.oup.com)|173.254.190.144|:443... connected.
HTTP request sent, awaiting response... 200 OK
Length: 85327 (83K) [text/html]
Saving to: ‘50a.5.b245’

     0K .......... .......... .......... .......... .......... 60%  209K 0s
    50K .......... .......... .......... ...                  100% 12.0M=0.2s

2017-01-27 19:55:27 (344 KB/s) - ‘50a.5.b245’ saved [85327/85327]

--2017-01-27 19:55:28--  http://doi.org/10.1093/gerona/50a.5.m276
Connecting to doi.org (doi.org)|38.100.138.162|:80... connected.
HTTP request sent, awaiting response... 303 See Other
Location: https://academic.oup.com/biomedgerontology/article-lookup/doi/10.1093/gerona/50A.5.M276 [following]
--2017-01-27 19:55:29--  https://academic.oup.com/biomedgerontology/article-lookup/doi/10.1093/gerona/50A.5.M276
Connecting to academic.oup.com (academic.oup.com)|173.254.190.144|:443... connected.
HTTP request sent, awaiting response... 200 OK
Length: 91024 (89K) [text/html]
Saving to: ‘50a.5.m276’

     0K .......... .......... .......... .......... .......... 56%  207K 0s
    50K .......... .......... .......... ........             100% 10.6M=0.2s

2017-01-27 19:55:33 (363 KB/s) - ‘50a.5.m276’ saved [91024/91024]

--2017-01-27 19:55:34--  http://doi.org/10.1093/gerona/50a.special_issue.151
Connecting to doi.org (doi.org)|38.100.138.162|:80... connected.
HTTP request sent, awaiting response... 303 See Other
Location: https://academic.oup.com/biomedgerontology/article-lookup/doi/10.1093/gerona/50A.Special_Issue.151 [following]
--2017-01-27 19:55:35--  https://academic.oup.com/biomedgerontology/article-lookup/doi/10.1093/gerona/50A.Special_Issue.151
Connecting to academic.oup.com (academic.oup.com)|173.254.190.144|:443... connected.
HTTP request sent, awaiting response... 200 OK
Length: 81456 (80K) [text/html]
Saving to: ‘50a.special_issue.151’

     0K .......... .......... .......... .......... .......... 62%  209K 0s
    50K .......... .......... .........                       100% 12.6M=0.2s

2017-01-27 19:55:39 (330 KB/s) - ‘50a.special_issue.151’ saved [81456/81456]

--2017-01-27 19:55:40--  http://doi.org/10.1093/gerona/50a.6.b322
Connecting to doi.org (doi.org)|38.100.138.162|:80... connected.
HTTP request sent, awaiting response... 303 See Other
Location: https://academic.oup.com/biomedgerontology/article-lookup/doi/10.1093/gerona/50A.6.B322 [following]
--2017-01-27 19:55:41--  https://academic.oup.com/biomedgerontology/article-lookup/doi/10.1093/gerona/50A.6.B322
Connecting to academic.oup.com (academic.oup.com)|173.254.190.144|:443... connected.
HTTP request sent, awaiting response... 200 OK
Length: 84576 (83K) [text/html]
Saving to: ‘50a.6.b322’

     0K .......... .......... .......... .......... .......... 60%  209K 0s
    50K .......... .......... .......... ..                   100% 10.8M=0.2s

2017-01-27 19:55:46 (341 KB/s) - ‘50a.6.b322’ saved [84576/84576]

--2017-01-27 19:55:47--  http://doi.org/10.1093/gerona/50a.special_issue.120
Connecting to doi.org (doi.org)|38.100.138.162|:80... connected.
HTTP request sent, awaiting response... 303 See Other
Location: https://academic.oup.com/biomedgerontology/article-lookup/doi/10.1093/gerona/50A.Special_Issue.120 [following]
--2017-01-27 19:55:48--  https://academic.oup.com/biomedgerontology/article-lookup/doi/10.1093/gerona/50A.Special_Issue.120
Connecting to academic.oup.com (academic.oup.com)|173.254.190.144|:443... connected.
HTTP request sent, awaiting response... 200 OK
Length: 86737 (85K) [text/html]
Saving to: ‘50a.special_issue.120’

     0K .......... .......... .......... .......... .......... 59%  209K 0s
    50K .......... .......... .......... ....                 100% 10.8M=0.2s

2017-01-27 19:55:52 (350 KB/s) - ‘50a.special_issue.120’ saved [86737/86737]

--2017-01-27 19:55:53--  http://doi.org/10.1093/gerona/50a.special_issue.60
Connecting to doi.org (doi.org)|38.100.138.162|:80... connected.
HTTP request sent, awaiting response... 303 See Other
Location: https://academic.oup.com/biomedgerontology/article-lookup/doi/10.1093/gerona/50A.Special_Issue.60 [following]
--2017-01-27 19:55:54--  https://academic.oup.com/biomedgerontology/article-lookup/doi/10.1093/gerona/50A.Special_Issue.60
Connecting to academic.oup.com (academic.oup.com)|173.254.190.144|:443... connected.
HTTP request sent, awaiting response... 200 OK
Length: 82799 (81K) [text/html]
Saving to: ‘50a.special_issue.60’

     0K .......... .......... .......... .......... .......... 61%  209K 0s
    50K .......... .......... ..........                      100% 9.60M=0.2s

2017-01-27 19:55:58 (334 KB/s) - ‘50a.special_issue.60’ saved [82799/82799]

--2017-01-27 19:55:59--  http://doi.org/10.1093/gerona/50a.6.m307
Connecting to doi.org (doi.org)|38.100.138.162|:80... connected.
HTTP request sent, awaiting response... 303 See Other
Location: https://academic.oup.com/biomedgerontology/article-lookup/doi/10.1093/gerona/50A.6.M307 [following]
--2017-01-27 19:56:00--  https://academic.oup.com/biomedgerontology/article-lookup/doi/10.1093/gerona/50A.6.M307
Connecting to academic.oup.com (academic.oup.com)|173.254.190.144|:443... connected.
HTTP request sent, awaiting response... 200 OK
Length: 93994 (92K) [text/html]
Saving to: ‘50a.6.m307’

     0K .......... .......... .......... .......... .......... 54%  209K 0s
    50K .......... .......... .......... .......... .         100% 1.03M=0.3s

2017-01-27 19:56:04 (329 KB/s) - ‘50a.6.m307’ saved [93994/93994]

--2017-01-27 19:56:05--  http://doi.org/10.1093/gerona/50a.6.m298
Connecting to doi.org (doi.org)|38.100.138.162|:80... connected.
HTTP request sent, awaiting response... 303 See Other
Location: https://academic.oup.com/biomedgerontology/article-lookup/doi/10.1093/gerona/50A.6.M298 [following]
--2017-01-27 19:56:06--  https://academic.oup.com/biomedgerontology/article-lookup/doi/10.1093/gerona/50A.6.M298
Connecting to academic.oup.com (academic.oup.com)|173.254.190.144|:443... connected.
HTTP request sent, awaiting response... 200 OK
Length: 88011 (86K) [text/html]
Saving to: ‘50a.6.m298’

     0K .......... .......... .......... .......... .......... 58%  208K 0s
    50K .......... .......... .......... .....                100% 12.2M=0.2s

2017-01-27 19:56:09 (354 KB/s) - ‘50a.6.m298’ saved [88011/88011]

FINISHED --2017-01-27 19:56:09--
Total wall clock time: 12m 2s
Downloaded: 100 files, 8.7M in 27s (334 KB/s)
