--2017-01-27 20:45:54--  http://doi.org/10.1093/bjaceaccp/mku008
Resolving doi.org (doi.org)... 38.100.138.162, 54.191.229.235, 208.254.38.90, ...
Connecting to doi.org (doi.org)|38.100.138.162|:80... connected.
HTTP request sent, awaiting response... 303 See Other
Location: https://academic.oup.com/bjaed/article-lookup/doi/10.1093/bjaceaccp/mku008 [following]
--2017-01-27 20:45:56--  https://academic.oup.com/bjaed/article-lookup/doi/10.1093/bjaceaccp/mku008
Resolving academic.oup.com (academic.oup.com)... 173.254.190.144
Connecting to academic.oup.com (academic.oup.com)|173.254.190.144|:443... connected.
HTTP request sent, awaiting response... 200 OK
Length: 134025 (131K) [text/html]
Saving to: ‘mku008’

     0K .......... .......... .......... .......... .......... 38%  209K 0s
    50K .......... .......... .......... .......... .......... 76%  606K 0s
   100K .......... .......... ..........                      100%  392K=0.4s

2017-01-27 20:46:03 (327 KB/s) - ‘mku008’ saved [134025/134025]

--2017-01-27 20:46:04--  http://doi.org/10.1093/bjaceaccp/mku017
Connecting to doi.org (doi.org)|38.100.138.162|:80... connected.
HTTP request sent, awaiting response... 303 See Other
Location: https://academic.oup.com/bjaed/article-lookup/doi/10.1093/bjaceaccp/mku017 [following]
--2017-01-27 20:46:05--  https://academic.oup.com/bjaed/article-lookup/doi/10.1093/bjaceaccp/mku017
Connecting to academic.oup.com (academic.oup.com)|173.254.190.144|:443... connected.
HTTP request sent, awaiting response... 200 OK
Length: 167772 (164K) [text/html]
Saving to: ‘mku017’

     0K .......... .......... .......... .......... .......... 30%  209K 1s
    50K .......... .......... .......... .......... .......... 61%  610K 0s
   100K .......... .......... .......... .......... .......... 91%  607K 0s
   150K .......... ...                                        100% 5.93M=0.4s

2017-01-27 20:46:09 (403 KB/s) - ‘mku017’ saved [167772/167772]

--2017-01-27 20:46:10--  http://doi.org/10.1093/bjaceaccp/mku020
Connecting to doi.org (doi.org)|38.100.138.162|:80... connected.
HTTP request sent, awaiting response... 303 See Other
Location: https://academic.oup.com/bjaed/article-lookup/doi/10.1093/bjaceaccp/mku020 [following]
--2017-01-27 20:46:11--  https://academic.oup.com/bjaed/article-lookup/doi/10.1093/bjaceaccp/mku020
Connecting to academic.oup.com (academic.oup.com)|173.254.190.144|:443... connected.
HTTP request sent, awaiting response... 200 OK
Length: 177278 (173K) [text/html]
Saving to: ‘mku020’

     0K .......... .......... .......... .......... .......... 28%  209K 1s
    50K .......... .......... .......... .......... .......... 57%  601K 0s
   100K .......... .......... .......... .......... .......... 86%  613K 0s
   150K .......... .......... ...                             100%  295K=0.5s

2017-01-27 20:46:17 (359 KB/s) - ‘mku020’ saved [177278/177278]

--2017-01-27 20:46:18--  http://doi.org/10.1093/bjaceaccp/mku014
Connecting to doi.org (doi.org)|38.100.138.162|:80... connected.
HTTP request sent, awaiting response... 303 See Other
Location: https://academic.oup.com/bjaed/article-lookup/doi/10.1093/bjaceaccp/mku014 [following]
--2017-01-27 20:46:19--  https://academic.oup.com/bjaed/article-lookup/doi/10.1093/bjaceaccp/mku014
Connecting to academic.oup.com (academic.oup.com)|173.254.190.144|:443... connected.
HTTP request sent, awaiting response... 200 OK
Length: 174716 (171K) [text/html]
Saving to: ‘mku014’

     0K .......... .......... .......... .......... .......... 29%  207K 1s
    50K .......... .......... .......... .......... .......... 58%  612K 0s
   100K .......... .......... .......... .......... .......... 87%  597K 0s
   150K .......... ..........                                 100%  267K=0.5s

2017-01-27 20:46:25 (353 KB/s) - ‘mku014’ saved [174716/174716]

--2017-01-27 20:46:26--  http://doi.org/10.1093/bjaceaccp/mku022
Connecting to doi.org (doi.org)|38.100.138.162|:80... connected.
HTTP request sent, awaiting response... 303 See Other
Location: https://academic.oup.com/bjaed/article-lookup/doi/10.1093/bjaceaccp/mku022 [following]
--2017-01-27 20:46:27--  https://academic.oup.com/bjaed/article-lookup/doi/10.1093/bjaceaccp/mku022
Connecting to academic.oup.com (academic.oup.com)|173.254.190.144|:443... connected.
HTTP request sent, awaiting response... 200 OK
Length: 150203 (147K) [text/html]
Saving to: ‘mku022’

     0K .......... .......... .......... .......... .......... 34%  309K 0s
    50K .......... .......... .......... .......... .......... 68%  308K 0s
   100K .......... .......... .......... .......... ......    100%  574K=0.4s

2017-01-27 20:46:32 (362 KB/s) - ‘mku022’ saved [150203/150203]

--2017-01-27 20:46:33--  http://doi.org/10.1093/bjaceaccp/mku024
Connecting to doi.org (doi.org)|38.100.138.162|:80... connected.
HTTP request sent, awaiting response... 303 See Other
Location: https://academic.oup.com/bjaed/article-lookup/doi/10.1093/bjaceaccp/mku024 [following]
--2017-01-27 20:46:34--  https://academic.oup.com/bjaed/article-lookup/doi/10.1093/bjaceaccp/mku024
Connecting to academic.oup.com (academic.oup.com)|173.254.190.144|:443... connected.
HTTP request sent, awaiting response... 200 OK
Length: 180222 (176K) [text/html]
Saving to: ‘mku024’

     0K .......... .......... .......... .......... .......... 28%  209K 1s
    50K .......... .......... .......... .......... .......... 56%  613K 0s
   100K .......... .......... .......... .......... .......... 85%  601K 0s
   150K .......... .......... .....                           100%  332K=0.5s

2017-01-27 20:46:38 (365 KB/s) - ‘mku024’ saved [180222/180222]

--2017-01-27 20:46:39--  http://doi.org/10.1093/bjaceaccp/mku027
Connecting to doi.org (doi.org)|38.100.138.162|:80... connected.
HTTP request sent, awaiting response... 303 See Other
Location: https://academic.oup.com/bjaed/article-lookup/doi/10.1093/bjaceaccp/mku027 [following]
--2017-01-27 20:46:40--  https://academic.oup.com/bjaed/article-lookup/doi/10.1093/bjaceaccp/mku027
Connecting to academic.oup.com (academic.oup.com)|173.254.190.144|:443... connected.
HTTP request sent, awaiting response... 200 OK
Length: 223059 (218K) [text/html]
Saving to: ‘mku027’

     0K .......... .......... .......... .......... .......... 22%  209K 1s
    50K .......... .......... .......... .......... .......... 45%  609K 0s
   100K .......... .......... .......... .......... .......... 68%  600K 0s
   150K .......... .......... .......... .......... .......... 91%  317K 0s
   200K .......... .......                                    100% 5.97M=0.6s

2017-01-27 20:46:56 (385 KB/s) - ‘mku027’ saved [223059/223059]

--2017-01-27 20:46:57--  http://doi.org/10.1093/bjaceaccp/mku025
Connecting to doi.org (doi.org)|38.100.138.162|:80... connected.
HTTP request sent, awaiting response... 303 See Other
Location: https://academic.oup.com/bjaed/article-lookup/doi/10.1093/bjaceaccp/mku025 [following]
--2017-01-27 20:46:59--  https://academic.oup.com/bjaed/article-lookup/doi/10.1093/bjaceaccp/mku025
Connecting to academic.oup.com (academic.oup.com)|173.254.190.144|:443... connected.
HTTP request sent, awaiting response... 200 OK
Length: 151974 (148K) [text/html]
Saving to: ‘mku025’

     0K .......... .......... .......... .......... .......... 33%  285K 0s
    50K .......... .......... .......... .......... .......... 67%  311K 0s
   100K .......... .......... .......... .......... ........  100%  593K=0.4s

2017-01-27 20:47:03 (355 KB/s) - ‘mku025’ saved [151974/151974]

--2017-01-27 20:47:04--  http://doi.org/10.1093/bjaceaccp/mku035
Connecting to doi.org (doi.org)|38.100.138.162|:80... connected.
HTTP request sent, awaiting response... 303 See Other
Location: https://academic.oup.com/bjaed/article-lookup/doi/10.1093/bjaceaccp/mku035 [following]
--2017-01-27 20:47:05--  https://academic.oup.com/bjaed/article-lookup/doi/10.1093/bjaceaccp/mku035
Connecting to academic.oup.com (academic.oup.com)|173.254.190.144|:443... connected.
HTTP request sent, awaiting response... 200 OK
Length: 181674 (177K) [text/html]
Saving to: ‘mku035’

     0K .......... .......... .......... .......... .......... 28%  209K 1s
    50K .......... .......... .......... .......... .......... 56%  597K 0s
   100K .......... .......... .......... .......... .......... 84%  613K 0s
   150K .......... .......... .......                         100%  339K=0.5s

2017-01-27 20:47:09 (365 KB/s) - ‘mku035’ saved [181674/181674]

--2017-01-27 20:47:10--  http://doi.org/10.1093/bjaceaccp/mku034
Connecting to doi.org (doi.org)|38.100.138.162|:80... connected.
HTTP request sent, awaiting response... 303 See Other
Location: https://academic.oup.com/bjaed/article-lookup/doi/10.1093/bjaceaccp/mku034 [following]
--2017-01-27 20:47:11--  https://academic.oup.com/bjaed/article-lookup/doi/10.1093/bjaceaccp/mku034
Connecting to academic.oup.com (academic.oup.com)|173.254.190.144|:443... connected.
HTTP request sent, awaiting response... 200 OK
Length: 159699 (156K) [text/html]
Saving to: ‘mku034’

     0K .......... .......... .......... .......... .......... 32%  209K 1s
    50K .......... .......... .......... .......... .......... 64%  605K 0s
   100K .......... .......... .......... .......... .......... 96%  614K 0s
   150K .....                                                 100% 13.9M=0.4s

2017-01-27 20:47:17 (386 KB/s) - ‘mku034’ saved [159699/159699]

--2017-01-27 20:47:18--  http://doi.org/10.1093/bjaceaccp/mku031
Connecting to doi.org (doi.org)|38.100.138.162|:80... connected.
HTTP request sent, awaiting response... 303 See Other
Location: https://academic.oup.com/bjaed/article-lookup/doi/10.1093/bjaceaccp/mku031 [following]
--2017-01-27 20:47:19--  https://academic.oup.com/bjaed/article-lookup/doi/10.1093/bjaceaccp/mku031
Connecting to academic.oup.com (academic.oup.com)|173.254.190.144|:443... connected.
HTTP request sent, awaiting response... 200 OK
Length: 146397 (143K) [text/html]
Saving to: ‘mku031’

     0K .......... .......... .......... .......... .......... 34%  209K 0s
    50K .......... .......... .......... .......... .......... 69%  607K 0s
   100K .......... .......... .......... .......... ..        100%  528K=0.4s

2017-01-27 20:47:24 (355 KB/s) - ‘mku031’ saved [146397/146397]

--2017-01-27 20:47:25--  http://doi.org/10.1093/bjaceaccp/mku032
Connecting to doi.org (doi.org)|38.100.138.162|:80... connected.
HTTP request sent, awaiting response... 303 See Other
Location: https://academic.oup.com/bjaed/article-lookup/doi/10.1093/bjaceaccp/mku032 [following]
--2017-01-27 20:47:26--  https://academic.oup.com/bjaed/article-lookup/doi/10.1093/bjaceaccp/mku032
Connecting to academic.oup.com (academic.oup.com)|173.254.190.144|:443... connected.
HTTP request sent, awaiting response... 200 OK
Length: 165779 (162K) [text/html]
Saving to: ‘mku032’

     0K .......... .......... .......... .......... .......... 30%  209K 1s
    50K .......... .......... .......... .......... .......... 61%  608K 0s
   100K .......... .......... .......... .......... .......... 92%  608K 0s
   150K .......... .                                          100% 6.14M=0.4s

2017-01-27 20:47:31 (399 KB/s) - ‘mku032’ saved [165779/165779]

--2017-01-27 20:47:32--  http://doi.org/10.1093/bjaed/mku040
Connecting to doi.org (doi.org)|38.100.138.162|:80... connected.
HTTP request sent, awaiting response... 303 See Other
Location: http://bjaed.oxfordjournals.org/lookup/doi/10.1093/bjaed/mku040 [following]
--2017-01-27 20:47:33--  http://bjaed.oxfordjournals.org/lookup/doi/10.1093/bjaed/mku040
Resolving bjaed.oxfordjournals.org (bjaed.oxfordjournals.org)... 209.135.222.209
Connecting to bjaed.oxfordjournals.org (bjaed.oxfordjournals.org)|209.135.222.209|:80... connected.
HTTP request sent, awaiting response... 301 Moved Permanently
Cookie coming from bjaed.oxfordjournals.org attempted to set domain to academic.oup.com
Cookie coming from bjaed.oxfordjournals.org attempted to set domain to academic.oup.com
Location: https://academic.oup.com/bjaed/redirect-unavailable?url=bjaed.oxfordjournals.org/lookup/doi/10.1093/bjaed/mku040 [following]
--2017-01-27 20:47:34--  https://academic.oup.com/bjaed/redirect-unavailable?url=bjaed.oxfordjournals.org/lookup/doi/10.1093/bjaed/mku040
Connecting to academic.oup.com (academic.oup.com)|173.254.190.144|:443... connected.
HTTP request sent, awaiting response... 404 Not Found
2017-01-27 20:47:35 ERROR 404: Not Found.

--2017-01-27 20:47:36--  http://doi.org/10.1093/bjaceaccp/mku040
Connecting to doi.org (doi.org)|38.100.138.162|:80... connected.
HTTP request sent, awaiting response... 303 See Other
Location: https://academic.oup.com/bjaed/article-lookup/doi/10.1093/bjaceaccp/mku040 [following]
--2017-01-27 20:47:37--  https://academic.oup.com/bjaed/article-lookup/doi/10.1093/bjaceaccp/mku040
Connecting to academic.oup.com (academic.oup.com)|173.254.190.144|:443... connected.
HTTP request sent, awaiting response... 200 OK
Length: 182379 (178K) [text/html]
Saving to: ‘mku040’

     0K .......... .......... .......... .......... .......... 28%  209K 1s
    50K .......... .......... .......... .......... .......... 56%  610K 0s
   100K .......... .......... .......... .......... .......... 84%  605K 0s
   150K .......... .......... ........                        100%  354K=0.5s

2017-01-27 20:47:43 (369 KB/s) - ‘mku040’ saved [182379/182379]

--2017-01-27 20:47:44--  http://doi.org/10.1093/bjaceaccp/mku048
Connecting to doi.org (doi.org)|38.100.138.162|:80... connected.
HTTP request sent, awaiting response... 303 See Other
Location: https://academic.oup.com/bjaed/article-lookup/doi/10.1093/bjaceaccp/mku048 [following]
--2017-01-27 20:47:45--  https://academic.oup.com/bjaed/article-lookup/doi/10.1093/bjaceaccp/mku048
Connecting to academic.oup.com (academic.oup.com)|173.254.190.144|:443... connected.
HTTP request sent, awaiting response... 200 OK
Length: 166139 (162K) [text/html]
Saving to: ‘mku048’

     0K .......... .......... .......... .......... .......... 30%  209K 1s
    50K .......... .......... .......... .......... .......... 61%  610K 0s
   100K .......... .......... .......... .......... .......... 92%  599K 0s
   150K .......... ..                                         100% 14.3M=0.4s

2017-01-27 20:47:51 (400 KB/s) - ‘mku048’ saved [166139/166139]

--2017-01-27 20:47:52--  http://doi.org/10.1093/bjaed/mku046
Connecting to doi.org (doi.org)|38.100.138.162|:80... connected.
HTTP request sent, awaiting response... 303 See Other
Location: http://bjaed.oxfordjournals.org/lookup/doi/10.1093/bjaed/mku046 [following]
--2017-01-27 20:47:53--  http://bjaed.oxfordjournals.org/lookup/doi/10.1093/bjaed/mku046
Connecting to bjaed.oxfordjournals.org (bjaed.oxfordjournals.org)|209.135.222.209|:80... connected.
HTTP request sent, awaiting response... 301 Moved Permanently
Cookie coming from bjaed.oxfordjournals.org attempted to set domain to academic.oup.com
Cookie coming from bjaed.oxfordjournals.org attempted to set domain to academic.oup.com
Location: https://academic.oup.com/bjaed/redirect-unavailable?url=bjaed.oxfordjournals.org/lookup/doi/10.1093/bjaed/mku046 [following]
--2017-01-27 20:47:54--  https://academic.oup.com/bjaed/redirect-unavailable?url=bjaed.oxfordjournals.org/lookup/doi/10.1093/bjaed/mku046
Connecting to academic.oup.com (academic.oup.com)|173.254.190.144|:443... connected.
HTTP request sent, awaiting response... 404 Not Found
2017-01-27 20:47:55 ERROR 404: Not Found.

--2017-01-27 20:47:56--  http://doi.org/10.1093/bjaceaccp/mku046
Connecting to doi.org (doi.org)|38.100.138.162|:80... connected.
HTTP request sent, awaiting response... 303 See Other
Location: https://academic.oup.com/bjaed/article-lookup/doi/10.1093/bjaceaccp/mku046 [following]
--2017-01-27 20:47:57--  https://academic.oup.com/bjaed/article-lookup/doi/10.1093/bjaceaccp/mku046
Connecting to academic.oup.com (academic.oup.com)|173.254.190.144|:443... connected.
HTTP request sent, awaiting response... 200 OK
Length: 161950 (158K) [text/html]
Saving to: ‘mku046’

     0K .......... .......... .......... .......... .......... 31%  209K 1s
    50K .......... .......... .......... .......... .......... 63%  605K 0s
   100K .......... .......... .......... .......... .......... 94%  614K 0s
   150K ........                                              100% 7.94M=0.4s

2017-01-27 20:48:02 (391 KB/s) - ‘mku046’ saved [161950/161950]

--2017-01-27 20:48:03--  http://doi.org/10.1093/bjaed/mku041
Connecting to doi.org (doi.org)|38.100.138.162|:80... connected.
HTTP request sent, awaiting response... 303 See Other
Location: http://bjaed.oxfordjournals.org/lookup/doi/10.1093/bjaed/mku041 [following]
--2017-01-27 20:48:05--  http://bjaed.oxfordjournals.org/lookup/doi/10.1093/bjaed/mku041
Connecting to bjaed.oxfordjournals.org (bjaed.oxfordjournals.org)|209.135.222.209|:80... connected.
HTTP request sent, awaiting response... 301 Moved Permanently
Cookie coming from bjaed.oxfordjournals.org attempted to set domain to academic.oup.com
Cookie coming from bjaed.oxfordjournals.org attempted to set domain to academic.oup.com
Location: https://academic.oup.com/bjaed/redirect-unavailable?url=bjaed.oxfordjournals.org/lookup/doi/10.1093/bjaed/mku041 [following]
--2017-01-27 20:48:06--  https://academic.oup.com/bjaed/redirect-unavailable?url=bjaed.oxfordjournals.org/lookup/doi/10.1093/bjaed/mku041
Connecting to academic.oup.com (academic.oup.com)|173.254.190.144|:443... connected.
HTTP request sent, awaiting response... 404 Not Found
2017-01-27 20:48:07 ERROR 404: Not Found.

--2017-01-27 20:48:08--  http://doi.org/10.1093/bjaed/mku043
Connecting to doi.org (doi.org)|38.100.138.162|:80... connected.
HTTP request sent, awaiting response... 303 See Other
Location: http://bjaed.oxfordjournals.org/lookup/doi/10.1093/bjaed/mku043 [following]
--2017-01-27 20:48:09--  http://bjaed.oxfordjournals.org/lookup/doi/10.1093/bjaed/mku043
Connecting to bjaed.oxfordjournals.org (bjaed.oxfordjournals.org)|209.135.222.209|:80... connected.
HTTP request sent, awaiting response... 301 Moved Permanently
Cookie coming from bjaed.oxfordjournals.org attempted to set domain to academic.oup.com
Cookie coming from bjaed.oxfordjournals.org attempted to set domain to academic.oup.com
Location: https://academic.oup.com/bjaed/redirect-unavailable?url=bjaed.oxfordjournals.org/lookup/doi/10.1093/bjaed/mku043 [following]
--2017-01-27 20:48:10--  https://academic.oup.com/bjaed/redirect-unavailable?url=bjaed.oxfordjournals.org/lookup/doi/10.1093/bjaed/mku043
Connecting to academic.oup.com (academic.oup.com)|173.254.190.144|:443... connected.
HTTP request sent, awaiting response... 404 Not Found
2017-01-27 20:48:11 ERROR 404: Not Found.

--2017-01-27 20:48:12--  http://doi.org/10.1093/bjaceaccp/mku030
Connecting to doi.org (doi.org)|38.100.138.162|:80... connected.
HTTP request sent, awaiting response... 303 See Other
Location: https://academic.oup.com/bjaed/article-lookup/doi/10.1093/bjaceaccp/mku030 [following]
--2017-01-27 20:48:13--  https://academic.oup.com/bjaed/article-lookup/doi/10.1093/bjaceaccp/mku030
Connecting to academic.oup.com (academic.oup.com)|173.254.190.144|:443... connected.
HTTP request sent, awaiting response... 200 OK
Length: 178783 (175K) [text/html]
Saving to: ‘mku030’

     0K .......... .......... .......... .......... .......... 28%  209K 1s
    50K .......... .......... .......... .......... .......... 57%  606K 0s
   100K .......... .......... .......... .......... .......... 85%  614K 0s
   150K .......... .......... ....                            100%  309K=0.5s

2017-01-27 20:48:19 (362 KB/s) - ‘mku030’ saved [178783/178783]

--2017-01-27 20:48:20--  http://doi.org/10.1093/bjaceaccp/mku041
Connecting to doi.org (doi.org)|38.100.138.162|:80... connected.
HTTP request sent, awaiting response... 303 See Other
Location: https://academic.oup.com/bjaed/article-lookup/doi/10.1093/bjaceaccp/mku041 [following]
--2017-01-27 20:48:21--  https://academic.oup.com/bjaed/article-lookup/doi/10.1093/bjaceaccp/mku041
Connecting to academic.oup.com (academic.oup.com)|173.254.190.144|:443... connected.
HTTP request sent, awaiting response... 200 OK
Length: 156430 (153K) [text/html]
Saving to: ‘mku041’

     0K .......... .......... .......... .......... .......... 32%  209K 0s
    50K .......... .......... .......... .......... .......... 65%  598K 0s
   100K .......... .......... .......... .......... .......... 98%  611K 0s
   150K ..                                                    100% 14.4M=0.4s

2017-01-27 20:48:34 (377 KB/s) - ‘mku041’ saved [156430/156430]

--2017-01-27 20:48:35--  http://doi.org/10.1093/bjaceaccp/mku043
Connecting to doi.org (doi.org)|38.100.138.162|:80... connected.
HTTP request sent, awaiting response... 303 See Other
Location: https://academic.oup.com/bjaed/article-lookup/doi/10.1093/bjaceaccp/mku043 [following]
--2017-01-27 20:48:36--  https://academic.oup.com/bjaed/article-lookup/doi/10.1093/bjaceaccp/mku043
Connecting to academic.oup.com (academic.oup.com)|173.254.190.144|:443... connected.
HTTP request sent, awaiting response... 200 OK
Length: 166156 (162K) [text/html]
Saving to: ‘mku043’

     0K .......... .......... .......... .......... .......... 30%  209K 1s
    50K .......... .......... .......... .......... .......... 61%  606K 0s
   100K .......... .......... .......... .......... .......... 92%  617K 0s
   150K .......... ..                                         100% 5.09M=0.4s

2017-01-27 20:48:40 (400 KB/s) - ‘mku043’ saved [166156/166156]

--2017-01-27 20:48:41--  http://doi.org/10.1093/bjaed/mku042
Connecting to doi.org (doi.org)|38.100.138.162|:80... connected.
HTTP request sent, awaiting response... 303 See Other
Location: http://bjaed.oxfordjournals.org/lookup/doi/10.1093/bjaed/mku042 [following]
--2017-01-27 20:48:43--  http://bjaed.oxfordjournals.org/lookup/doi/10.1093/bjaed/mku042
Connecting to bjaed.oxfordjournals.org (bjaed.oxfordjournals.org)|209.135.222.209|:80... connected.
HTTP request sent, awaiting response... 301 Moved Permanently
Cookie coming from bjaed.oxfordjournals.org attempted to set domain to academic.oup.com
Cookie coming from bjaed.oxfordjournals.org attempted to set domain to academic.oup.com
Location: https://academic.oup.com/bjaed/redirect-unavailable?url=bjaed.oxfordjournals.org/lookup/doi/10.1093/bjaed/mku042 [following]
--2017-01-27 20:48:44--  https://academic.oup.com/bjaed/redirect-unavailable?url=bjaed.oxfordjournals.org/lookup/doi/10.1093/bjaed/mku042
Connecting to academic.oup.com (academic.oup.com)|173.254.190.144|:443... connected.
HTTP request sent, awaiting response... 404 Not Found
2017-01-27 20:48:45 ERROR 404: Not Found.

--2017-01-27 20:48:46--  http://doi.org/10.1093/bjaed/mku045
Connecting to doi.org (doi.org)|38.100.138.162|:80... connected.
HTTP request sent, awaiting response... 303 See Other
Location: http://bjaed.oxfordjournals.org/lookup/doi/10.1093/bjaed/mku045 [following]
--2017-01-27 20:48:47--  http://bjaed.oxfordjournals.org/lookup/doi/10.1093/bjaed/mku045
Connecting to bjaed.oxfordjournals.org (bjaed.oxfordjournals.org)|209.135.222.209|:80... connected.
HTTP request sent, awaiting response... 301 Moved Permanently
Cookie coming from bjaed.oxfordjournals.org attempted to set domain to academic.oup.com
Cookie coming from bjaed.oxfordjournals.org attempted to set domain to academic.oup.com
Location: https://academic.oup.com/bjaed/redirect-unavailable?url=bjaed.oxfordjournals.org/lookup/doi/10.1093/bjaed/mku045 [following]
--2017-01-27 20:48:48--  https://academic.oup.com/bjaed/redirect-unavailable?url=bjaed.oxfordjournals.org/lookup/doi/10.1093/bjaed/mku045
Connecting to academic.oup.com (academic.oup.com)|173.254.190.144|:443... connected.
HTTP request sent, awaiting response... 404 Not Found
2017-01-27 20:48:49 ERROR 404: Not Found.

--2017-01-27 20:48:50--  http://doi.org/10.1093/bjaceaccp/mku045
Connecting to doi.org (doi.org)|38.100.138.162|:80... connected.
HTTP request sent, awaiting response... 303 See Other
Location: https://academic.oup.com/bjaed/article-lookup/doi/10.1093/bjaceaccp/mku045 [following]
--2017-01-27 20:48:51--  https://academic.oup.com/bjaed/article-lookup/doi/10.1093/bjaceaccp/mku045
Connecting to academic.oup.com (academic.oup.com)|173.254.190.144|:443... connected.
HTTP request sent, awaiting response... 200 OK
Length: 149969 (146K) [text/html]
Saving to: ‘mku045’

     0K .......... .......... .......... .......... .......... 34%  208K 0s
    50K .......... .......... .......... .......... .......... 68%  604K 0s
   100K .......... .......... .......... .......... ......    100%  568K=0.4s

2017-01-27 20:48:55 (362 KB/s) - ‘mku045’ saved [149969/149969]

--2017-01-27 20:48:56--  http://doi.org/10.1093/bjaceaccp/mku042
Connecting to doi.org (doi.org)|38.100.138.162|:80... connected.
HTTP request sent, awaiting response... 303 See Other
Location: https://academic.oup.com/bjaed/article-lookup/doi/10.1093/bjaceaccp/mku042 [following]
--2017-01-27 20:48:57--  https://academic.oup.com/bjaed/article-lookup/doi/10.1093/bjaceaccp/mku042
Connecting to academic.oup.com (academic.oup.com)|173.254.190.144|:443... connected.
HTTP request sent, awaiting response... 200 OK
Length: 205137 (200K) [text/html]
Saving to: ‘mku042’

     0K .......... .......... .......... .......... .......... 24%  209K 1s
    50K .......... .......... .......... .......... .......... 49%  605K 0s
   100K .......... .......... .......... .......... .......... 74%  612K 0s
   150K .......... .......... .......... .......... .......... 99%  609K 0s
   200K                                                       100%  628G=0.5s

2017-01-27 20:49:02 (413 KB/s) - ‘mku042’ saved [205137/205137]

--2017-01-27 20:49:03--  http://doi.org/10.1093/bjaceaccp/mku049
Connecting to doi.org (doi.org)|38.100.138.162|:80... connected.
HTTP request sent, awaiting response... 303 See Other
Location: https://academic.oup.com/bjaed/article-lookup/doi/10.1093/bjaceaccp/mku049 [following]
--2017-01-27 20:49:04--  https://academic.oup.com/bjaed/article-lookup/doi/10.1093/bjaceaccp/mku049
Connecting to academic.oup.com (academic.oup.com)|173.254.190.144|:443... connected.
HTTP request sent, awaiting response... 200 OK
Length: 139187 (136K) [text/html]
Saving to: ‘mku049’

     0K .......... .......... .......... .......... .......... 36%  209K 0s
    50K .......... .......... .......... .......... .......... 73%  611K 0s
   100K .......... .......... .......... .....                100%  449K=0.4s

2017-01-27 20:49:09 (339 KB/s) - ‘mku049’ saved [139187/139187]

--2017-01-27 20:49:10--  http://doi.org/10.1093/bjaceaccp/mku033
Connecting to doi.org (doi.org)|38.100.138.162|:80... connected.
HTTP request sent, awaiting response... 303 See Other
Location: https://academic.oup.com/bjaed/article-lookup/doi/10.1093/bjaceaccp/mku033 [following]
--2017-01-27 20:49:11--  https://academic.oup.com/bjaed/article-lookup/doi/10.1093/bjaceaccp/mku033
Connecting to academic.oup.com (academic.oup.com)|173.254.190.144|:443... connected.
HTTP request sent, awaiting response... 200 OK
Length: 190564 (186K) [text/html]
Saving to: ‘mku033’

     0K .......... .......... .......... .......... .......... 26%  209K 1s
    50K .......... .......... .......... .......... .......... 53%  614K 0s
   100K .......... .......... .......... .......... .......... 80%  589K 0s
   150K .......... .......... .......... ......               100%  453K=0.5s

2017-01-27 20:49:16 (383 KB/s) - ‘mku033’ saved [190564/190564]

--2017-01-27 20:49:17--  http://doi.org/10.1093/bjaed/mku051
Connecting to doi.org (doi.org)|38.100.138.162|:80... connected.
HTTP request sent, awaiting response... 303 See Other
Location: http://bjaed.oxfordjournals.org/lookup/doi/10.1093/bjaed/mku051 [following]
--2017-01-27 20:49:18--  http://bjaed.oxfordjournals.org/lookup/doi/10.1093/bjaed/mku051
Connecting to bjaed.oxfordjournals.org (bjaed.oxfordjournals.org)|209.135.222.209|:80... connected.
HTTP request sent, awaiting response... 301 Moved Permanently
Cookie coming from bjaed.oxfordjournals.org attempted to set domain to academic.oup.com
Cookie coming from bjaed.oxfordjournals.org attempted to set domain to academic.oup.com
Location: https://academic.oup.com/bjaed/redirect-unavailable?url=bjaed.oxfordjournals.org/lookup/doi/10.1093/bjaed/mku051 [following]
--2017-01-27 20:49:19--  https://academic.oup.com/bjaed/redirect-unavailable?url=bjaed.oxfordjournals.org/lookup/doi/10.1093/bjaed/mku051
Connecting to academic.oup.com (academic.oup.com)|173.254.190.144|:443... connected.
HTTP request sent, awaiting response... 404 Not Found
2017-01-27 20:49:20 ERROR 404: Not Found.

--2017-01-27 20:49:21--  http://doi.org/10.1093/bjaed/mku047
Connecting to doi.org (doi.org)|38.100.138.162|:80... connected.
HTTP request sent, awaiting response... 303 See Other
Location: http://bjaed.oxfordjournals.org/lookup/doi/10.1093/bjaed/mku047 [following]
--2017-01-27 20:49:23--  http://bjaed.oxfordjournals.org/lookup/doi/10.1093/bjaed/mku047
Connecting to bjaed.oxfordjournals.org (bjaed.oxfordjournals.org)|209.135.222.209|:80... connected.
HTTP request sent, awaiting response... 301 Moved Permanently
Cookie coming from bjaed.oxfordjournals.org attempted to set domain to academic.oup.com
Cookie coming from bjaed.oxfordjournals.org attempted to set domain to academic.oup.com
Location: https://academic.oup.com/bjaed/redirect-unavailable?url=bjaed.oxfordjournals.org/lookup/doi/10.1093/bjaed/mku047 [following]
--2017-01-27 20:49:24--  https://academic.oup.com/bjaed/redirect-unavailable?url=bjaed.oxfordjournals.org/lookup/doi/10.1093/bjaed/mku047
Connecting to academic.oup.com (academic.oup.com)|173.254.190.144|:443... connected.
HTTP request sent, awaiting response... 404 Not Found
2017-01-27 20:49:25 ERROR 404: Not Found.

--2017-01-27 20:49:26--  http://doi.org/10.1093/bjaceaccp/mku051
Connecting to doi.org (doi.org)|38.100.138.162|:80... connected.
HTTP request sent, awaiting response... 303 See Other
Location: https://academic.oup.com/bjaed/article-lookup/doi/10.1093/bjaceaccp/mku051 [following]
--2017-01-27 20:49:27--  https://academic.oup.com/bjaed/article-lookup/doi/10.1093/bjaceaccp/mku051
Connecting to academic.oup.com (academic.oup.com)|173.254.190.144|:443... connected.
HTTP request sent, awaiting response... 200 OK
Length: 111370 (109K) [text/html]
Saving to: ‘mku051’

     0K .......... .......... .......... .......... .......... 45%  209K 0s
    50K .......... .......... .......... .......... .......... 91%  609K 0s
   100K ........                                              100% 32.0M=0.3s

2017-01-27 20:49:32 (338 KB/s) - ‘mku051’ saved [111370/111370]

--2017-01-27 20:49:33--  http://doi.org/10.1093/bjaceaccp/mku047
Connecting to doi.org (doi.org)|38.100.138.162|:80... connected.
HTTP request sent, awaiting response... 303 See Other
Location: https://academic.oup.com/bjaed/article-lookup/doi/10.1093/bjaceaccp/mku047 [following]
--2017-01-27 20:49:35--  https://academic.oup.com/bjaed/article-lookup/doi/10.1093/bjaceaccp/mku047
Connecting to academic.oup.com (academic.oup.com)|173.254.190.144|:443... connected.
HTTP request sent, awaiting response... 200 OK
Length: 169011 (165K) [text/html]
Saving to: ‘mku047’

     0K .......... .......... .......... .......... .......... 30%  208K 1s
    50K .......... .......... .......... .......... .......... 60%  591K 0s
   100K .......... .......... .......... .......... .......... 90%  605K 0s
   150K .......... .....                                      100%  195K=0.5s

2017-01-27 20:49:39 (340 KB/s) - ‘mku047’ saved [169011/169011]

--2017-01-27 20:49:40--  http://doi.org/10.1093/bjaceaccp/mku061
Connecting to doi.org (doi.org)|38.100.138.162|:80... connected.
HTTP request sent, awaiting response... 303 See Other
Location: https://academic.oup.com/bjaed/article-lookup/doi/10.1093/bjaceaccp/mku061 [following]
--2017-01-27 20:49:41--  https://academic.oup.com/bjaed/article-lookup/doi/10.1093/bjaceaccp/mku061
Connecting to academic.oup.com (academic.oup.com)|173.254.190.144|:443... connected.
HTTP request sent, awaiting response... 200 OK
Length: 157247 (154K) [text/html]
Saving to: ‘mku061’

     0K .......... .......... .......... .......... .......... 32%  208K 0s
    50K .......... .......... .......... .......... .......... 65%  596K 0s
   100K .......... .......... .......... .......... .......... 97%  596K 0s
   150K ...                                                   100% 6793G=0.4s

2017-01-27 20:49:48 (376 KB/s) - ‘mku061’ saved [157247/157247]

--2017-01-27 20:49:49--  http://doi.org/10.1093/bjaceaccp/mku064
Connecting to doi.org (doi.org)|38.100.138.162|:80... connected.
HTTP request sent, awaiting response... 303 See Other
Location: https://academic.oup.com/bjaed/article-lookup/doi/10.1093/bjaceaccp/mku064 [following]
--2017-01-27 20:49:50--  https://academic.oup.com/bjaed/article-lookup/doi/10.1093/bjaceaccp/mku064
Connecting to academic.oup.com (academic.oup.com)|173.254.190.144|:443... connected.
HTTP request sent, awaiting response... 200 OK
Length: 142580 (139K) [text/html]
Saving to: ‘mku064’

     0K .......... .......... .......... .......... .......... 35%  207K 0s
    50K .......... .......... .......... .......... .......... 71%  602K 0s
   100K .......... .......... .......... .........            100%  488K=0.4s

2017-01-27 20:49:56 (344 KB/s) - ‘mku064’ saved [142580/142580]

--2017-01-27 20:49:57--  http://doi.org/10.1093/bjaceaccp/mku063
Connecting to doi.org (doi.org)|38.100.138.162|:80... connected.
HTTP request sent, awaiting response... 303 See Other
Location: https://academic.oup.com/bjaed/article-lookup/doi/10.1093/bjaceaccp/mku063 [following]
--2017-01-27 20:49:58--  https://academic.oup.com/bjaed/article-lookup/doi/10.1093/bjaceaccp/mku063
Connecting to academic.oup.com (academic.oup.com)|173.254.190.144|:443... connected.
HTTP request sent, awaiting response... 200 OK
Length: 140100 (137K) [text/html]
Saving to: ‘mku063’

     0K .......... .......... .......... .......... .......... 36%  208K 0s
    50K .......... .......... .......... .......... .......... 73%  605K 0s
   100K .......... .......... .......... ......               100%  460K=0.4s

2017-01-27 20:50:05 (339 KB/s) - ‘mku063’ saved [140100/140100]

--2017-01-27 20:50:06--  http://doi.org/10.1093/bjaed/mku062
Connecting to doi.org (doi.org)|38.100.138.162|:80... connected.
HTTP request sent, awaiting response... 303 See Other
Location: http://bjaed.oxfordjournals.org/lookup/doi/10.1093/bjaed/mku062 [following]
--2017-01-27 20:50:07--  http://bjaed.oxfordjournals.org/lookup/doi/10.1093/bjaed/mku062
Connecting to bjaed.oxfordjournals.org (bjaed.oxfordjournals.org)|209.135.222.209|:80... connected.
HTTP request sent, awaiting response... 301 Moved Permanently
Cookie coming from bjaed.oxfordjournals.org attempted to set domain to academic.oup.com
Cookie coming from bjaed.oxfordjournals.org attempted to set domain to academic.oup.com
Location: https://academic.oup.com/bjaed/redirect-unavailable?url=bjaed.oxfordjournals.org/lookup/doi/10.1093/bjaed/mku062 [following]
--2017-01-27 20:50:08--  https://academic.oup.com/bjaed/redirect-unavailable?url=bjaed.oxfordjournals.org/lookup/doi/10.1093/bjaed/mku062
Connecting to academic.oup.com (academic.oup.com)|173.254.190.144|:443... connected.
HTTP request sent, awaiting response... 404 Not Found
2017-01-27 20:50:12 ERROR 404: Not Found.

--2017-01-27 20:50:13--  http://doi.org/10.1093/bjaceaccp/mku062
Connecting to doi.org (doi.org)|38.100.138.162|:80... connected.
HTTP request sent, awaiting response... 303 See Other
Location: https://academic.oup.com/bjaed/article-lookup/doi/10.1093/bjaceaccp/mku062 [following]
--2017-01-27 20:50:15--  https://academic.oup.com/bjaed/article-lookup/doi/10.1093/bjaceaccp/mku062
Connecting to academic.oup.com (academic.oup.com)|173.254.190.144|:443... connected.
HTTP request sent, awaiting response... 200 OK
Length: 171520 (168K) [text/html]
Saving to: ‘mku062’

     0K .......... .......... .......... .......... .......... 29%  209K 1s
    50K .......... .......... .......... .......... .......... 59%  603K 0s
   100K .......... .......... .......... .......... .......... 89%  596K 0s
   150K .......... .......                                    100%  435K=0.4s

2017-01-27 20:50:21 (375 KB/s) - ‘mku062’ saved [171520/171520]

--2017-01-27 20:50:22--  http://doi.org/10.1093/bjaceaccp/mkv002
Connecting to doi.org (doi.org)|38.100.138.162|:80... connected.
HTTP request sent, awaiting response... 303 See Other
Location: https://academic.oup.com/bjaed/article-lookup/doi/10.1093/bjaceaccp/mkv002 [following]
--2017-01-27 20:50:23--  https://academic.oup.com/bjaed/article-lookup/doi/10.1093/bjaceaccp/mkv002
Connecting to academic.oup.com (academic.oup.com)|173.254.190.144|:443... connected.
HTTP request sent, awaiting response... 200 OK
Length: 150928 (147K) [text/html]
Saving to: ‘mkv002’

     0K .......... .......... .......... .......... .......... 33%  209K 0s
    50K .......... .......... .......... .......... .......... 67%  598K 0s
   100K .......... .......... .......... .......... .......   100%  586K=0.4s

2017-01-27 20:50:28 (365 KB/s) - ‘mkv002’ saved [150928/150928]

--2017-01-27 20:50:29--  http://doi.org/10.1093/bjaceaccp/mkv001
Connecting to doi.org (doi.org)|38.100.138.162|:80... connected.
HTTP request sent, awaiting response... 303 See Other
Location: https://academic.oup.com/bjaed/article-lookup/doi/10.1093/bjaceaccp/mkv001 [following]
--2017-01-27 20:50:31--  https://academic.oup.com/bjaed/article-lookup/doi/10.1093/bjaceaccp/mkv001
Connecting to academic.oup.com (academic.oup.com)|173.254.190.144|:443... connected.
HTTP request sent, awaiting response... 200 OK
Length: 143834 (140K) [text/html]
Saving to: ‘mkv001’

     0K .......... .......... .......... .......... .......... 35%  209K 0s
    50K .......... .......... .......... .......... .......... 71%  602K 0s
   100K .......... .......... .......... ..........           100%  503K=0.4s

2017-01-27 20:50:41 (349 KB/s) - ‘mkv001’ saved [143834/143834]

--2017-01-27 20:50:42--  http://doi.org/10.1093/bjaceaccp/mkv004
Connecting to doi.org (doi.org)|38.100.138.162|:80... connected.
HTTP request sent, awaiting response... 303 See Other
Location: https://academic.oup.com/bjaed/article-lookup/doi/10.1093/bjaceaccp/mkv004 [following]
--2017-01-27 20:50:43--  https://academic.oup.com/bjaed/article-lookup/doi/10.1093/bjaceaccp/mkv004
Connecting to academic.oup.com (academic.oup.com)|173.254.190.144|:443... connected.
HTTP request sent, awaiting response... 200 OK
Length: 176724 (173K) [text/html]
Saving to: ‘mkv004’

     0K .......... .......... .......... .......... .......... 28%  209K 1s
    50K .......... .......... .......... .......... .......... 57%  578K 0s
   100K .......... .......... .......... .......... .......... 86%  604K 0s
   150K .......... .......... ..                              100%  278K=0.5s

2017-01-27 20:50:50 (353 KB/s) - ‘mkv004’ saved [176724/176724]

--2017-01-27 20:50:51--  http://doi.org/10.1093/bjaceaccp/mkv010
Connecting to doi.org (doi.org)|38.100.138.162|:80... connected.
HTTP request sent, awaiting response... 303 See Other
Location: https://academic.oup.com/bjaed/article-lookup/doi/10.1093/bjaceaccp/mkv010 [following]
--2017-01-27 20:50:52--  https://academic.oup.com/bjaed/article-lookup/doi/10.1093/bjaceaccp/mkv010
Connecting to academic.oup.com (academic.oup.com)|173.254.190.144|:443... connected.
HTTP request sent, awaiting response... 200 OK
Length: 187763 (183K) [text/html]
Saving to: ‘mkv010’

     0K .......... .......... .......... .......... .......... 27%  209K 1s
    50K .......... .......... .......... .......... .......... 54%  606K 0s
   100K .......... .......... .......... .......... .......... 81%  611K 0s
   150K .......... .......... .......... ...                  100%  419K=0.5s

2017-01-27 20:51:00 (379 KB/s) - ‘mkv010’ saved [187763/187763]

--2017-01-27 20:51:01--  http://doi.org/10.1093/bjaed/mku039
Connecting to doi.org (doi.org)|38.100.138.162|:80... connected.
HTTP request sent, awaiting response... 303 See Other
Location: http://bjaed.oxfordjournals.org/lookup/doi/10.1093/bjaed/mku039 [following]
--2017-01-27 20:51:02--  http://bjaed.oxfordjournals.org/lookup/doi/10.1093/bjaed/mku039
Connecting to bjaed.oxfordjournals.org (bjaed.oxfordjournals.org)|209.135.222.209|:80... connected.
HTTP request sent, awaiting response... 301 Moved Permanently
Cookie coming from bjaed.oxfordjournals.org attempted to set domain to academic.oup.com
Cookie coming from bjaed.oxfordjournals.org attempted to set domain to academic.oup.com
Location: https://academic.oup.com/bjaed/redirect-unavailable?url=bjaed.oxfordjournals.org/lookup/doi/10.1093/bjaed/mku039 [following]
--2017-01-27 20:51:03--  https://academic.oup.com/bjaed/redirect-unavailable?url=bjaed.oxfordjournals.org/lookup/doi/10.1093/bjaed/mku039
Connecting to academic.oup.com (academic.oup.com)|173.254.190.144|:443... connected.
HTTP request sent, awaiting response... 404 Not Found
2017-01-27 20:51:06 ERROR 404: Not Found.

--2017-01-27 20:51:07--  http://doi.org/10.1093/bjaceaccp/mku050
Connecting to doi.org (doi.org)|38.100.138.162|:80... connected.
HTTP request sent, awaiting response... 303 See Other
Location: https://academic.oup.com/bjaed/article-lookup/doi/10.1093/bjaceaccp/mku050 [following]
--2017-01-27 20:51:08--  https://academic.oup.com/bjaed/article-lookup/doi/10.1093/bjaceaccp/mku050
Connecting to academic.oup.com (academic.oup.com)|173.254.190.144|:443... connected.
HTTP request sent, awaiting response... 200 OK
Length: 202124 (197K) [text/html]
Saving to: ‘mku050’

     0K .......... .......... .......... .......... .......... 25%  209K 1s
    50K .......... .......... .......... .......... .......... 50%  602K 0s
   100K .......... .......... .......... .......... .......... 75%  607K 0s
   150K .......... .......... .......... .......... .......   100%  570K=0.5s

2017-01-27 20:51:14 (404 KB/s) - ‘mku050’ saved [202124/202124]

--2017-01-27 20:51:15--  http://doi.org/10.1093/bjaceaccp/mku026
Connecting to doi.org (doi.org)|38.100.138.162|:80... connected.
HTTP request sent, awaiting response... 303 See Other
Location: https://academic.oup.com/bjaed/article-lookup/doi/10.1093/bjaceaccp/mku026 [following]
--2017-01-27 20:51:16--  https://academic.oup.com/bjaed/article-lookup/doi/10.1093/bjaceaccp/mku026
Connecting to academic.oup.com (academic.oup.com)|173.254.190.144|:443... connected.
HTTP request sent, awaiting response... 200 OK
Length: 178685 (174K) [text/html]
Saving to: ‘mku026’

     0K .......... .......... .......... .......... .......... 28%  209K 1s
    50K .......... .......... .......... .......... .......... 57%  608K 0s
   100K .......... .......... .......... .......... .......... 85%  575K 0s
   150K .......... .......... ....                            100%  325K=0.5s

2017-01-27 20:51:21 (361 KB/s) - ‘mku026’ saved [178685/178685]

--2017-01-27 20:51:22--  http://doi.org/10.1093/bjaceaccp/mku039
Connecting to doi.org (doi.org)|38.100.138.162|:80... connected.
HTTP request sent, awaiting response... 303 See Other
Location: https://academic.oup.com/bjaed/article-lookup/doi/10.1093/bjaceaccp/mku039 [following]
--2017-01-27 20:51:23--  https://academic.oup.com/bjaed/article-lookup/doi/10.1093/bjaceaccp/mku039
Connecting to academic.oup.com (academic.oup.com)|173.254.190.144|:443... connected.
HTTP request sent, awaiting response... 200 OK
Length: 194143 (190K) [text/html]
Saving to: ‘mku039’

     0K .......... .......... .......... .......... .......... 26%  209K 1s
    50K .......... .......... .......... .......... .......... 52%  612K 0s
   100K .......... .......... .......... .......... .......... 79%  613K 0s
   150K .......... .......... .......... .........            100%  489K=0.5s

2017-01-27 20:51:28 (392 KB/s) - ‘mku039’ saved [194143/194143]

--2017-01-27 20:51:29--  http://doi.org/10.1093/bjaceaccp/mkv022
Connecting to doi.org (doi.org)|38.100.138.162|:80... connected.
HTTP request sent, awaiting response... 303 See Other
Location: https://academic.oup.com/bjaed/article-lookup/doi/10.1093/bjaceaccp/mkv022 [following]
--2017-01-27 20:51:30--  https://academic.oup.com/bjaed/article-lookup/doi/10.1093/bjaceaccp/mkv022
Connecting to academic.oup.com (academic.oup.com)|173.254.190.144|:443... connected.
HTTP request sent, awaiting response... 200 OK
Length: 128632 (126K) [text/html]
Saving to: ‘mkv022’

     0K .......... .......... .......... .......... .......... 39%  209K 0s
    50K .......... .......... .......... .......... .......... 79%  603K 0s
   100K .......... .......... .....                           100% 12.8M=0.3s

2017-01-27 20:51:34 (388 KB/s) - ‘mkv022’ saved [128632/128632]

--2017-01-27 20:51:35--  http://doi.org/10.1093/bjaceaccp/mkv007
Connecting to doi.org (doi.org)|38.100.138.162|:80... connected.
HTTP request sent, awaiting response... 303 See Other
Location: https://academic.oup.com/bjaed/article-lookup/doi/10.1093/bjaceaccp/mkv007 [following]
--2017-01-27 20:51:37--  https://academic.oup.com/bjaed/article-lookup/doi/10.1093/bjaceaccp/mkv007
Connecting to academic.oup.com (academic.oup.com)|173.254.190.144|:443... connected.
HTTP request sent, awaiting response... 200 OK
Length: 228691 (223K) [text/html]
Saving to: ‘mkv007’

     0K .......... .......... .......... .......... .......... 22%  209K 1s
    50K .......... .......... .......... .......... .......... 44%  609K 0s
   100K .......... .......... .......... .......... .......... 67%  606K 0s
   150K .......... .......... .......... .......... .......... 89%  613K 0s
   200K .......... .......... ...                             100%  294K=0.6s

2017-01-27 20:51:41 (395 KB/s) - ‘mkv007’ saved [228691/228691]

--2017-01-27 20:51:42--  http://doi.org/10.1093/bjaceaccp/mkv008
Connecting to doi.org (doi.org)|38.100.138.162|:80... connected.
HTTP request sent, awaiting response... 303 See Other
Location: https://academic.oup.com/bjaed/article-lookup/doi/10.1093/bjaceaccp/mkv008 [following]
--2017-01-27 20:51:43--  https://academic.oup.com/bjaed/article-lookup/doi/10.1093/bjaceaccp/mkv008
Connecting to academic.oup.com (academic.oup.com)|173.254.190.144|:443... connected.
HTTP request sent, awaiting response... 200 OK
Length: 143716 (140K) [text/html]
Saving to: ‘mkv008’

     0K .......... .......... .......... .......... .......... 35%  209K 0s
    50K .......... .......... .......... .......... .......... 71%  605K 0s
   100K .......... .......... .......... ..........           100%  503K=0.4s

2017-01-27 20:51:47 (349 KB/s) - ‘mkv008’ saved [143716/143716]

--2017-01-27 20:51:48--  http://doi.org/10.1093/bjaceaccp/mkv024
Connecting to doi.org (doi.org)|38.100.138.162|:80... connected.
HTTP request sent, awaiting response... 303 See Other
Location: https://academic.oup.com/bjaed/article-lookup/doi/10.1093/bjaceaccp/mkv024 [following]
--2017-01-27 20:51:49--  https://academic.oup.com/bjaed/article-lookup/doi/10.1093/bjaceaccp/mkv024
Connecting to academic.oup.com (academic.oup.com)|173.254.190.144|:443... connected.
HTTP request sent, awaiting response... 200 OK
Length: 171523 (168K) [text/html]
Saving to: ‘mkv024’

     0K .......... .......... .......... .......... .......... 29%  208K 1s
    50K .......... .......... .......... .......... .......... 59%  604K 0s
   100K .......... .......... .......... .......... .......... 89%  609K 0s
   150K .......... .......                                    100%  466K=0.4s

2017-01-27 20:51:53 (379 KB/s) - ‘mkv024’ saved [171523/171523]

--2017-01-27 20:51:54--  http://doi.org/10.1093/bjaceaccp/mkv020
Connecting to doi.org (doi.org)|38.100.138.162|:80... connected.
HTTP request sent, awaiting response... 303 See Other
Location: https://academic.oup.com/bjaed/article-lookup/doi/10.1093/bjaceaccp/mkv020 [following]
--2017-01-27 20:51:56--  https://academic.oup.com/bjaed/article-lookup/doi/10.1093/bjaceaccp/mkv020
Connecting to academic.oup.com (academic.oup.com)|173.254.190.144|:443... connected.
HTTP request sent, awaiting response... 200 OK
Length: 160911 (157K) [text/html]
Saving to: ‘mkv020’

     0K .......... .......... .......... .......... .......... 31%  209K 1s
    50K .......... .......... .......... .......... .......... 63%  612K 0s
   100K .......... .......... .......... .......... .......... 95%  589K 0s
   150K .......                                               100% 27.9M=0.4s

2017-01-27 20:52:00 (387 KB/s) - ‘mkv020’ saved [160911/160911]

--2017-01-27 20:52:01--  http://doi.org/10.1093/bjaceaccp/mkv017
Connecting to doi.org (doi.org)|38.100.138.162|:80... connected.
HTTP request sent, awaiting response... 303 See Other
Location: https://academic.oup.com/bjaed/article-lookup/doi/10.1093/bjaceaccp/mkv017 [following]
--2017-01-27 20:52:02--  https://academic.oup.com/bjaed/article-lookup/doi/10.1093/bjaceaccp/mkv017
Connecting to academic.oup.com (academic.oup.com)|173.254.190.144|:443... connected.
HTTP request sent, awaiting response... 200 OK
Length: 176036 (172K) [text/html]
Saving to: ‘mkv017’

     0K .......... .......... .......... .......... .......... 29%  209K 1s
    50K .......... .......... .......... .......... .......... 58%  608K 0s
   100K .......... .......... .......... .......... .......... 87%  611K 0s
   150K .......... .......... .                               100%  276K=0.5s

2017-01-27 20:52:08 (356 KB/s) - ‘mkv017’ saved [176036/176036]

--2017-01-27 20:52:09--  http://doi.org/10.1093/bjaceaccp/mkv013
Connecting to doi.org (doi.org)|38.100.138.162|:80... connected.
HTTP request sent, awaiting response... 303 See Other
Location: https://academic.oup.com/bjaed/article-lookup/doi/10.1093/bjaceaccp/mkv013 [following]
--2017-01-27 20:52:10--  https://academic.oup.com/bjaed/article-lookup/doi/10.1093/bjaceaccp/mkv013
Connecting to academic.oup.com (academic.oup.com)|173.254.190.144|:443... connected.
HTTP request sent, awaiting response... 200 OK
Length: 161963 (158K) [text/html]
Saving to: ‘mkv013’

     0K .......... .......... .......... .......... .......... 31%  209K 1s
    50K .......... .......... .......... .......... .......... 63%  609K 0s
   100K .......... .......... .......... .......... .......... 94%  607K 0s
   150K ........                                              100% 14.0M=0.4s

2017-01-27 20:52:15 (391 KB/s) - ‘mkv013’ saved [161963/161963]

--2017-01-27 20:52:16--  http://doi.org/10.1093/bjaceaccp/mkv014
Connecting to doi.org (doi.org)|38.100.138.162|:80... connected.
HTTP request sent, awaiting response... 303 See Other
Location: https://academic.oup.com/bjaed/article-lookup/doi/10.1093/bjaceaccp/mkv014 [following]
--2017-01-27 20:52:17--  https://academic.oup.com/bjaed/article-lookup/doi/10.1093/bjaceaccp/mkv014
Connecting to academic.oup.com (academic.oup.com)|173.254.190.144|:443... connected.
HTTP request sent, awaiting response... 200 OK
Length: 176438 (172K) [text/html]
Saving to: ‘mkv014’

     0K .......... .......... .......... .......... .......... 29%  209K 1s
    50K .......... .......... .......... .......... .......... 58%  584K 0s
   100K .......... .......... .......... .......... .......... 87%  603K 0s
   150K .......... .......... ..                              100%  292K=0.5s

2017-01-27 20:52:22 (356 KB/s) - ‘mkv014’ saved [176438/176438]

--2017-01-27 20:52:23--  http://doi.org/10.1093/bjaceaccp/mkv019
Connecting to doi.org (doi.org)|38.100.138.162|:80... connected.
HTTP request sent, awaiting response... 303 See Other
Location: https://academic.oup.com/bjaed/article-lookup/doi/10.1093/bjaceaccp/mkv019 [following]
--2017-01-27 20:52:24--  https://academic.oup.com/bjaed/article-lookup/doi/10.1093/bjaceaccp/mkv019
Connecting to academic.oup.com (academic.oup.com)|173.254.190.144|:443... connected.
HTTP request sent, awaiting response... 200 OK
Length: 170038 (166K) [text/html]
Saving to: ‘mkv019’

     0K .......... .......... .......... .......... .......... 30%  209K 1s
    50K .......... .......... .......... .......... .......... 60%  610K 0s
   100K .......... .......... .......... .......... .......... 90%  614K 0s
   150K .......... ......                                     100%  204K=0.5s

2017-01-27 20:52:31 (345 KB/s) - ‘mkv019’ saved [170038/170038]

--2017-01-27 20:52:32--  http://doi.org/10.1093/bjaceaccp/mkv018
Connecting to doi.org (doi.org)|38.100.138.162|:80... connected.
HTTP request sent, awaiting response... 303 See Other
Location: https://academic.oup.com/bjaed/article-lookup/doi/10.1093/bjaceaccp/mkv018 [following]
--2017-01-27 20:52:33--  https://academic.oup.com/bjaed/article-lookup/doi/10.1093/bjaceaccp/mkv018
Connecting to academic.oup.com (academic.oup.com)|173.254.190.144|:443... connected.
HTTP request sent, awaiting response... 200 OK
Length: 184597 (180K) [text/html]
Saving to: ‘mkv018’

     0K .......... .......... .......... .......... .......... 27%  209K 1s
    50K .......... .......... .......... .......... .......... 55%  602K 0s
   100K .......... .......... .......... .......... .......... 83%  607K 0s
   150K .......... .......... ..........                      100%  378K=0.5s

2017-01-27 20:52:37 (372 KB/s) - ‘mkv018’ saved [184597/184597]

--2017-01-27 20:52:38--  http://doi.org/10.1093/bjaceaccp/mkv011
Connecting to doi.org (doi.org)|38.100.138.162|:80... connected.
HTTP request sent, awaiting response... 303 See Other
Location: https://academic.oup.com/bjaed/article-lookup/doi/10.1093/bjaceaccp/mkv011 [following]
--2017-01-27 20:52:39--  https://academic.oup.com/bjaed/article-lookup/doi/10.1093/bjaceaccp/mkv011
Connecting to academic.oup.com (academic.oup.com)|173.254.190.144|:443... connected.
HTTP request sent, awaiting response... 200 OK
Length: 219771 (215K) [text/html]
Saving to: ‘mkv011’

     0K .......... .......... .......... .......... .......... 23%  208K 1s
    50K .......... .......... .......... .......... .......... 46%  605K 0s
   100K .......... .......... .......... .......... .......... 69%  607K 0s
   150K .......... .......... .......... .......... .......... 93%  604K 0s
   200K .......... ....                                       100%  188K=0.6s

2017-01-27 20:52:46 (380 KB/s) - ‘mkv011’ saved [219771/219771]

--2017-01-27 20:52:47--  http://doi.org/10.1093/bjaceaccp/mkv003
Connecting to doi.org (doi.org)|38.100.138.162|:80... connected.
HTTP request sent, awaiting response... 303 See Other
Location: https://academic.oup.com/bjaed/article-lookup/doi/10.1093/bjaceaccp/mkv003 [following]
--2017-01-27 20:52:48--  https://academic.oup.com/bjaed/article-lookup/doi/10.1093/bjaceaccp/mkv003
Connecting to academic.oup.com (academic.oup.com)|173.254.190.144|:443... connected.
HTTP request sent, awaiting response... 200 OK
Length: 187004 (183K) [text/html]
Saving to: ‘mkv003’

     0K .......... .......... .......... .......... .......... 27%  209K 1s
    50K .......... .......... .......... .......... .......... 54%  602K 0s
   100K .......... .......... .......... .......... .......... 82%  607K 0s
   150K .......... .......... .......... ..                   100%  408K=0.5s

2017-01-27 20:52:53 (377 KB/s) - ‘mkv003’ saved [187004/187004]

--2017-01-27 20:52:54--  http://doi.org/10.1093/bjaceaccp/mkv006
Connecting to doi.org (doi.org)|38.100.138.162|:80... connected.
HTTP request sent, awaiting response... 303 See Other
Location: https://academic.oup.com/bjaed/article-lookup/doi/10.1093/bjaceaccp/mkv006 [following]
--2017-01-27 20:52:55--  https://academic.oup.com/bjaed/article-lookup/doi/10.1093/bjaceaccp/mkv006
Connecting to academic.oup.com (academic.oup.com)|173.254.190.144|:443... connected.
HTTP request sent, awaiting response... 200 OK
Length: 167764 (164K) [text/html]
Saving to: ‘mkv006’

     0K .......... .......... .......... .......... .......... 30%  208K 1s
    50K .......... .......... .......... .......... .......... 61%  553K 0s
   100K .......... .......... .......... .......... .......... 91%  518K 0s
   150K .......... ...                                        100% 20.8M=0.4s

2017-01-27 20:52:58 (383 KB/s) - ‘mkv006’ saved [167764/167764]

--2017-01-27 20:52:59--  http://doi.org/10.1093/bjaceaccp/mkv021
Connecting to doi.org (doi.org)|38.100.138.162|:80... connected.
HTTP request sent, awaiting response... 303 See Other
Location: https://academic.oup.com/bjaed/article-lookup/doi/10.1093/bjaceaccp/mkv021 [following]
--2017-01-27 20:53:00--  https://academic.oup.com/bjaed/article-lookup/doi/10.1093/bjaceaccp/mkv021
Connecting to academic.oup.com (academic.oup.com)|173.254.190.144|:443... connected.
HTTP request sent, awaiting response... 200 OK
Length: 178592 (174K) [text/html]
Saving to: ‘mkv021’

     0K .......... .......... .......... .......... .......... 28%  209K 1s
    50K .......... .......... .......... .......... .......... 57%  610K 0s
   100K .......... .......... .......... .......... .......... 86%  607K 0s
   150K .......... .......... ....                            100%  306K=0.5s

2017-01-27 20:53:05 (361 KB/s) - ‘mkv021’ saved [178592/178592]

--2017-01-27 20:53:06--  http://doi.org/10.1093/bjaceaccp/mkv016
Connecting to doi.org (doi.org)|38.100.138.162|:80... connected.
HTTP request sent, awaiting response... 303 See Other
Location: https://academic.oup.com/bjaed/article-lookup/doi/10.1093/bjaceaccp/mkv016 [following]
--2017-01-27 20:53:07--  https://academic.oup.com/bjaed/article-lookup/doi/10.1093/bjaceaccp/mkv016
Connecting to academic.oup.com (academic.oup.com)|173.254.190.144|:443... connected.
HTTP request sent, awaiting response... 200 OK
Length: 182561 (178K) [text/html]
Saving to: ‘mkv016’

     0K .......... .......... .......... .......... .......... 28%  209K 1s
    50K .......... .......... .......... .......... .......... 56%  610K 0s
   100K .......... .......... .......... .......... .......... 84%  610K 0s
   150K .......... .......... ........                        100%  351K=0.5s

2017-01-27 20:53:12 (368 KB/s) - ‘mkv016’ saved [182561/182561]

--2017-01-27 20:53:13--  http://doi.org/10.1093/bjaceaccp/mkv023
Connecting to doi.org (doi.org)|38.100.138.162|:80... connected.
HTTP request sent, awaiting response... 303 See Other
Location: https://academic.oup.com/bjaed/article-lookup/doi/10.1093/bjaceaccp/mkv023 [following]
--2017-01-27 20:53:14--  https://academic.oup.com/bjaed/article-lookup/doi/10.1093/bjaceaccp/mkv023
Connecting to academic.oup.com (academic.oup.com)|173.254.190.144|:443... connected.
HTTP request sent, awaiting response... 200 OK
Length: 157611 (154K) [text/html]
Saving to: ‘mkv023’

     0K .......... .......... .......... .......... .......... 32%  208K 0s
    50K .......... .......... .......... .......... .......... 64%  608K 0s
   100K .......... .......... .......... .......... .......... 97%  612K 0s
   150K ...                                                   100% 11.0M=0.4s

2017-01-27 20:53:19 (381 KB/s) - ‘mkv023’ saved [157611/157611]

--2017-01-27 20:53:20--  http://doi.org/10.1093/bjaceaccp/mkv005
Connecting to doi.org (doi.org)|38.100.138.162|:80... connected.
HTTP request sent, awaiting response... 303 See Other
Location: https://academic.oup.com/bjaed/article-lookup/doi/10.1093/bjaceaccp/mkv005 [following]
--2017-01-27 20:53:21--  https://academic.oup.com/bjaed/article-lookup/doi/10.1093/bjaceaccp/mkv005
Connecting to academic.oup.com (academic.oup.com)|173.254.190.144|:443... connected.
HTTP request sent, awaiting response... 200 OK
Length: 174706 (171K) [text/html]
Saving to: ‘mkv005’

     0K .......... .......... .......... .......... .......... 29%  208K 1s
    50K .......... .......... .......... .......... .......... 58%  600K 0s
   100K .......... .......... .......... .......... .......... 87%  608K 0s
   150K .......... ..........                                 100%  264K=0.5s

2017-01-27 20:53:25 (352 KB/s) - ‘mkv005’ saved [174706/174706]

--2017-01-27 20:53:26--  http://doi.org/10.1093/bjaceaccp/mkv015
Connecting to doi.org (doi.org)|38.100.138.162|:80... connected.
HTTP request sent, awaiting response... 303 See Other
Location: https://academic.oup.com/bjaed/article-lookup/doi/10.1093/bjaceaccp/mkv015 [following]
--2017-01-27 20:53:27--  https://academic.oup.com/bjaed/article-lookup/doi/10.1093/bjaceaccp/mkv015
Connecting to academic.oup.com (academic.oup.com)|173.254.190.144|:443... connected.
HTTP request sent, awaiting response... 200 OK
Length: 202669 (198K) [text/html]
Saving to: ‘mkv015’

     0K .......... .......... .......... .......... .......... 25%  209K 1s
    50K .......... .......... .......... .......... .......... 50%  606K 0s
   100K .......... .......... .......... .......... .......... 75%  614K 0s
   150K .......... .......... .......... .......... .......   100%  564K=0.5s

2017-01-27 20:53:32 (405 KB/s) - ‘mkv015’ saved [202669/202669]

--2017-01-27 20:53:33--  http://doi.org/10.1093/bjaceaccp/mkv025
Connecting to doi.org (doi.org)|38.100.138.162|:80... connected.
HTTP request sent, awaiting response... 303 See Other
Location: https://academic.oup.com/bjaed/article-lookup/doi/10.1093/bjaceaccp/mkv025 [following]
--2017-01-27 20:53:34--  https://academic.oup.com/bjaed/article-lookup/doi/10.1093/bjaceaccp/mkv025
Connecting to academic.oup.com (academic.oup.com)|173.254.190.144|:443... connected.
HTTP request sent, awaiting response... 200 OK
Length: 140682 (137K) [text/html]
Saving to: ‘mkv025’

     0K .......... .......... .......... .......... .......... 36%  208K 0s
    50K .......... .......... .......... .......... .......... 72%  601K 0s
   100K .......... .......... .......... .......              100%  468K=0.4s

2017-01-27 20:53:38 (341 KB/s) - ‘mkv025’ saved [140682/140682]

--2017-01-27 20:53:39--  http://doi.org/10.1093/bjaceaccp/mkv012
Connecting to doi.org (doi.org)|38.100.138.162|:80... connected.
HTTP request sent, awaiting response... 303 See Other
Location: https://academic.oup.com/bjaed/article-lookup/doi/10.1093/bjaceaccp/mkv012 [following]
--2017-01-27 20:53:40--  https://academic.oup.com/bjaed/article-lookup/doi/10.1093/bjaceaccp/mkv012
Connecting to academic.oup.com (academic.oup.com)|173.254.190.144|:443... connected.
HTTP request sent, awaiting response... 200 OK
Length: 186703 (182K) [text/html]
Saving to: ‘mkv012’

     0K .......... .......... .......... .......... .......... 27%  209K 1s
    50K .......... .......... .......... .......... .......... 54%  602K 0s
   100K .......... .......... .......... .......... .......... 82%  567K 0s
   150K .......... .......... .......... ..                   100%  402K=0.5s

2017-01-27 20:53:48 (371 KB/s) - ‘mkv012’ saved [186703/186703]

--2017-01-27 20:53:49--  http://doi.org/10.1093/bjaceaccp/mkv028
Connecting to doi.org (doi.org)|38.100.138.162|:80... connected.
HTTP request sent, awaiting response... 303 See Other
Location: http://bjaed.oxfordjournals.org/lookup/doi/10.1093/bjaceaccp/mkv028 [following]
--2017-01-27 20:53:50--  http://bjaed.oxfordjournals.org/lookup/doi/10.1093/bjaceaccp/mkv028
Connecting to bjaed.oxfordjournals.org (bjaed.oxfordjournals.org)|209.135.222.209|:80... connected.
HTTP request sent, awaiting response... 301 Moved Permanently
Cookie coming from bjaed.oxfordjournals.org attempted to set domain to academic.oup.com
Cookie coming from bjaed.oxfordjournals.org attempted to set domain to academic.oup.com
Location: https://academic.oup.com/bjaed/redirect-unavailable?url=bjaed.oxfordjournals.org/lookup/doi/10.1093/bjaceaccp/mkv028 [following]
--2017-01-27 20:53:52--  https://academic.oup.com/bjaed/redirect-unavailable?url=bjaed.oxfordjournals.org/lookup/doi/10.1093/bjaceaccp/mkv028
Connecting to academic.oup.com (academic.oup.com)|173.254.190.144|:443... connected.
HTTP request sent, awaiting response... 404 Not Found
2017-01-27 20:53:53 ERROR 404: Not Found.

--2017-01-27 20:53:54--  http://doi.org/10.1093/bjaed/mkv028
Connecting to doi.org (doi.org)|38.100.138.162|:80... connected.
HTTP request sent, awaiting response... 303 See Other
Location: https://academic.oup.com/bjaed/article-lookup/doi/10.1093/bjaed/mkv028 [following]
--2017-01-27 20:53:55--  https://academic.oup.com/bjaed/article-lookup/doi/10.1093/bjaed/mkv028
Connecting to academic.oup.com (academic.oup.com)|173.254.190.144|:443... connected.
HTTP request sent, awaiting response... 200 OK
Length: 141620 (138K) [text/html]
Saving to: ‘mkv028’

     0K .......... .......... .......... .......... .......... 36%  209K 0s
    50K .......... .......... .......... .......... .......... 72%  612K 0s
   100K .......... .......... .......... ........             100%  478K=0.4s

2017-01-27 20:54:00 (345 KB/s) - ‘mkv028’ saved [141620/141620]

--2017-01-27 20:54:01--  http://doi.org/10.1093/bjaceaccp/mkv027
Connecting to doi.org (doi.org)|38.100.138.162|:80... connected.
HTTP request sent, awaiting response... 303 See Other
Location: http://bjaed.oxfordjournals.org/lookup/doi/10.1093/bjaceaccp/mkv027 [following]
--2017-01-27 20:54:02--  http://bjaed.oxfordjournals.org/lookup/doi/10.1093/bjaceaccp/mkv027
Connecting to bjaed.oxfordjournals.org (bjaed.oxfordjournals.org)|209.135.222.209|:80... connected.
HTTP request sent, awaiting response... 301 Moved Permanently
Cookie coming from bjaed.oxfordjournals.org attempted to set domain to academic.oup.com
Cookie coming from bjaed.oxfordjournals.org attempted to set domain to academic.oup.com
Location: https://academic.oup.com/bjaed/redirect-unavailable?url=bjaed.oxfordjournals.org/lookup/doi/10.1093/bjaceaccp/mkv027 [following]
--2017-01-27 20:54:04--  https://academic.oup.com/bjaed/redirect-unavailable?url=bjaed.oxfordjournals.org/lookup/doi/10.1093/bjaceaccp/mkv027
Connecting to academic.oup.com (academic.oup.com)|173.254.190.144|:443... connected.
HTTP request sent, awaiting response... 404 Not Found
2017-01-27 20:54:05 ERROR 404: Not Found.

--2017-01-27 20:54:06--  http://doi.org/10.1093/bjaed/mkv027
Connecting to doi.org (doi.org)|38.100.138.162|:80... connected.
HTTP request sent, awaiting response... 303 See Other
Location: https://academic.oup.com/bjaed/article-lookup/doi/10.1093/bjaed/mkv027 [following]
--2017-01-27 20:54:07--  https://academic.oup.com/bjaed/article-lookup/doi/10.1093/bjaed/mkv027
Connecting to academic.oup.com (academic.oup.com)|173.254.190.144|:443... connected.
HTTP request sent, awaiting response... 200 OK
Length: 171531 (168K) [text/html]
Saving to: ‘mkv027’

     0K .......... .......... .......... .......... .......... 29%  209K 1s
    50K .......... .......... .......... .......... .......... 59%  610K 0s
   100K .......... .......... .......... .......... .......... 89%  608K 0s
   150K .......... .......                                    100%  223K=0.5s

2017-01-27 20:54:12 (348 KB/s) - ‘mkv027’ saved [171531/171531]

--2017-01-27 20:54:13--  http://doi.org/10.1093/bjaed/mkv034
Connecting to doi.org (doi.org)|38.100.138.162|:80... connected.
HTTP request sent, awaiting response... 303 See Other
Location: https://academic.oup.com/bjaed/article-lookup/doi/10.1093/bjaed/mkv034 [following]
--2017-01-27 20:54:15--  https://academic.oup.com/bjaed/article-lookup/doi/10.1093/bjaed/mkv034
Connecting to academic.oup.com (academic.oup.com)|173.254.190.144|:443... connected.
HTTP request sent, awaiting response... 200 OK
Length: 113894 (111K) [text/html]
Saving to: ‘mkv034’

     0K .......... .......... .......... .......... .......... 44%  309K 0s
    50K .......... .......... .......... .......... .......... 89%  313K 0s
   100K .......... .                                          100% 19.1M=0.3s

2017-01-27 20:54:18 (346 KB/s) - ‘mkv034’ saved [113894/113894]

--2017-01-27 20:54:19--  http://doi.org/10.1093/bjaed/mkv041
Connecting to doi.org (doi.org)|38.100.138.162|:80... connected.
HTTP request sent, awaiting response... 303 See Other
Location: https://academic.oup.com/bjaed/article-lookup/doi/10.1093/bjaed/mkv041 [following]
--2017-01-27 20:54:21--  https://academic.oup.com/bjaed/article-lookup/doi/10.1093/bjaed/mkv041
Connecting to academic.oup.com (academic.oup.com)|173.254.190.144|:443... connected.
HTTP request sent, awaiting response... 200 OK
Length: 166439 (163K) [text/html]
Saving to: ‘mkv041’

     0K .......... .......... .......... .......... .......... 30%  209K 1s
    50K .......... .......... .......... .......... .......... 61%  609K 0s
   100K .......... .......... .......... .......... .......... 92%  601K 0s
   150K .......... ..                                         100% 5.91M=0.4s

2017-01-27 20:54:24 (400 KB/s) - ‘mkv041’ saved [166439/166439]

--2017-01-27 20:54:25--  http://doi.org/10.1093/bjaed/mkv040
Connecting to doi.org (doi.org)|38.100.138.162|:80... connected.
HTTP request sent, awaiting response... 303 See Other
Location: https://academic.oup.com/bjaed/article-lookup/doi/10.1093/bjaed/mkv040 [following]
--2017-01-27 20:54:27--  https://academic.oup.com/bjaed/article-lookup/doi/10.1093/bjaed/mkv040
Connecting to academic.oup.com (academic.oup.com)|173.254.190.144|:443... connected.
HTTP request sent, awaiting response... 200 OK
Length: 147738 (144K) [text/html]
Saving to: ‘mkv040’

     0K .......... .......... .......... .......... .......... 34%  209K 0s
    50K .......... .......... .......... .......... .......... 69%  607K 0s
   100K .......... .......... .......... .......... ....      100%  548K=0.4s

2017-01-27 20:54:32 (359 KB/s) - ‘mkv040’ saved [147738/147738]

--2017-01-27 20:54:33--  http://doi.org/10.1093/bjaed/mkv035
Connecting to doi.org (doi.org)|38.100.138.162|:80... connected.
HTTP request sent, awaiting response... 303 See Other
Location: https://academic.oup.com/bjaed/article-lookup/doi/10.1093/bjaed/mkv035 [following]
--2017-01-27 20:54:34--  https://academic.oup.com/bjaed/article-lookup/doi/10.1093/bjaed/mkv035
Connecting to academic.oup.com (academic.oup.com)|173.254.190.144|:443... connected.
HTTP request sent, awaiting response... 200 OK
Length: 171753 (168K) [text/html]
Saving to: ‘mkv035’

     0K .......... .......... .......... .......... .......... 29%  209K 1s
    50K .......... .......... .......... .......... .......... 59%  609K 0s
   100K .......... .......... .......... .......... .......... 89%  606K 0s
   150K .......... .......                                    100%  228K=0.5s

2017-01-27 20:54:41 (348 KB/s) - ‘mkv035’ saved [171753/171753]

--2017-01-27 20:54:42--  http://doi.org/10.1093/bjaed/mkv038
Connecting to doi.org (doi.org)|38.100.138.162|:80... connected.
HTTP request sent, awaiting response... 303 See Other
Location: https://academic.oup.com/bjaed/article-lookup/doi/10.1093/bjaed/mkv038 [following]
--2017-01-27 20:54:43--  https://academic.oup.com/bjaed/article-lookup/doi/10.1093/bjaed/mkv038
Connecting to academic.oup.com (academic.oup.com)|173.254.190.144|:443... connected.
HTTP request sent, awaiting response... 200 OK
Length: 150015 (146K) [text/html]
Saving to: ‘mkv038’

     0K .......... .......... .......... .......... .......... 34%  209K 0s
    50K .......... .......... .......... .......... .......... 68%  608K 0s
   100K .......... .......... .......... .......... ......    100%  572K=0.4s

2017-01-27 20:54:48 (364 KB/s) - ‘mkv038’ saved [150015/150015]

--2017-01-27 20:54:49--  http://doi.org/10.1093/bjaed/mkv032
Connecting to doi.org (doi.org)|38.100.138.162|:80... connected.
HTTP request sent, awaiting response... 303 See Other
Location: https://academic.oup.com/bjaed/article-lookup/doi/10.1093/bjaed/mkv032 [following]
--2017-01-27 20:54:50--  https://academic.oup.com/bjaed/article-lookup/doi/10.1093/bjaed/mkv032
Connecting to academic.oup.com (academic.oup.com)|173.254.190.144|:443... connected.
HTTP request sent, awaiting response... 200 OK
Length: 161321 (158K) [text/html]
Saving to: ‘mkv032’

     0K .......... .......... .......... .......... .......... 31%  208K 1s
    50K .......... .......... .......... .......... .......... 63%  608K 0s
   100K .......... .......... .......... .......... .......... 95%  612K 0s
   150K .......                                               100% 12.0M=0.4s

2017-01-27 20:55:00 (389 KB/s) - ‘mkv032’ saved [161321/161321]

--2017-01-27 20:55:01--  http://doi.org/10.1093/bjaed/mkv045
Connecting to doi.org (doi.org)|38.100.138.162|:80... connected.
HTTP request sent, awaiting response... 303 See Other
Location: https://academic.oup.com/bjaed/article-lookup/doi/10.1093/bjaed/mkv045 [following]
--2017-01-27 20:55:02--  https://academic.oup.com/bjaed/article-lookup/doi/10.1093/bjaed/mkv045
Connecting to academic.oup.com (academic.oup.com)|173.254.190.144|:443... connected.
HTTP request sent, awaiting response... 200 OK
Length: 173937 (170K) [text/html]
Saving to: ‘mkv045’

     0K .......... .......... .......... .......... .......... 29%  209K 1s
    50K .......... .......... .......... .......... .......... 58%  610K 0s
   100K .......... .......... .......... .......... .......... 88%  608K 0s
   150K .......... .........                                  100%  253K=0.5s

2017-01-27 20:55:06 (352 KB/s) - ‘mkv045’ saved [173937/173937]

--2017-01-27 20:55:07--  http://doi.org/10.1093/bjaed/mkv042
Connecting to doi.org (doi.org)|38.100.138.162|:80... connected.
HTTP request sent, awaiting response... 303 See Other
Location: https://academic.oup.com/bjaed/article-lookup/doi/10.1093/bjaed/mkv042 [following]
--2017-01-27 20:55:08--  https://academic.oup.com/bjaed/article-lookup/doi/10.1093/bjaed/mkv042
Connecting to academic.oup.com (academic.oup.com)|173.254.190.144|:443... connected.
HTTP request sent, awaiting response... 200 OK
Length: 145738 (142K) [text/html]
Saving to: ‘mkv042’

     0K .......... .......... .......... .......... .......... 35%  208K 0s
    50K .......... .......... .......... .......... .......... 70%  602K 0s
   100K .......... .......... .......... .......... ..        100%  527K=0.4s

2017-01-27 20:55:12 (353 KB/s) - ‘mkv042’ saved [145738/145738]

--2017-01-27 20:55:13--  http://doi.org/10.1093/bjaed/mkv048
Connecting to doi.org (doi.org)|38.100.138.162|:80... connected.
HTTP request sent, awaiting response... 303 See Other
Location: https://academic.oup.com/bjaed/article-lookup/doi/10.1093/bjaed/mkv048 [following]
--2017-01-27 20:55:14--  https://academic.oup.com/bjaed/article-lookup/doi/10.1093/bjaed/mkv048
Connecting to academic.oup.com (academic.oup.com)|173.254.190.144|:443... connected.
HTTP request sent, awaiting response... 200 OK
Length: 196454 (192K) [text/html]
Saving to: ‘mkv048’

     0K .......... .......... .......... .......... .......... 26%  209K 1s
    50K .......... .......... .......... .......... .......... 52%  602K 0s
   100K .......... .......... .......... .......... .......... 78%  609K 0s
   150K .......... .......... .......... .......... .         100%  515K=0.5s

2017-01-27 20:55:19 (395 KB/s) - ‘mkv048’ saved [196454/196454]

--2017-01-27 20:55:20--  http://doi.org/10.1093/bjaed/mkv033
Connecting to doi.org (doi.org)|38.100.138.162|:80... connected.
HTTP request sent, awaiting response... 303 See Other
Location: https://academic.oup.com/bjaed/article-lookup/doi/10.1093/bjaed/mkv033 [following]
--2017-01-27 20:55:22--  https://academic.oup.com/bjaed/article-lookup/doi/10.1093/bjaed/mkv033
Connecting to academic.oup.com (academic.oup.com)|173.254.190.144|:443... connected.
HTTP request sent, awaiting response... 200 OK
Length: 183291 (179K) [text/html]
Saving to: ‘mkv033’

     0K .......... .......... .......... .......... .......... 27%  209K 1s
    50K .......... .......... .......... .......... .......... 55%  605K 0s
   100K .......... .......... .......... .......... .......... 83%  608K 0s
   150K .......... .......... ........                        100%  363K=0.5s

2017-01-27 20:55:27 (370 KB/s) - ‘mkv033’ saved [183291/183291]

--2017-01-27 20:55:28--  http://doi.org/10.1093/bjaed/mkv036
Connecting to doi.org (doi.org)|38.100.138.162|:80... connected.
HTTP request sent, awaiting response... 303 See Other
Location: https://academic.oup.com/bjaed/article-lookup/doi/10.1093/bjaed/mkv036 [following]
--2017-01-27 20:55:29--  https://academic.oup.com/bjaed/article-lookup/doi/10.1093/bjaed/mkv036
Connecting to academic.oup.com (academic.oup.com)|173.254.190.144|:443... connected.
HTTP request sent, awaiting response... 200 OK
Length: 142020 (139K) [text/html]
Saving to: ‘mkv036’

     0K .......... .......... .......... .......... .......... 36%  209K 0s
    50K .......... .......... .......... .......... .......... 72%  609K 0s
   100K .......... .......... .......... ........             100%  474K=0.4s

2017-01-27 20:55:33 (344 KB/s) - ‘mkv036’ saved [142020/142020]

--2017-01-27 20:55:34--  http://doi.org/10.1093/bjaed/mkv044
Connecting to doi.org (doi.org)|38.100.138.162|:80... connected.
HTTP request sent, awaiting response... 303 See Other
Location: https://academic.oup.com/bjaed/article-lookup/doi/10.1093/bjaed/mkv044 [following]
--2017-01-27 20:55:35--  https://academic.oup.com/bjaed/article-lookup/doi/10.1093/bjaed/mkv044
Connecting to academic.oup.com (academic.oup.com)|173.254.190.144|:443... connected.
HTTP request sent, awaiting response... 200 OK
Length: 173789 (170K) [text/html]
Saving to: ‘mkv044’

     0K .......... .......... .......... .......... .......... 29%  309K 0s
    50K .......... .......... .......... .......... .......... 58%  313K 0s
   100K .......... .......... .......... .......... .......... 88%  606K 0s
   150K .......... .........                                  100%  252K=0.5s

2017-01-27 20:55:41 (352 KB/s) - ‘mkv044’ saved [173789/173789]

--2017-01-27 20:55:42--  http://doi.org/10.1093/bjaed/mkv037
Connecting to doi.org (doi.org)|38.100.138.162|:80... connected.
HTTP request sent, awaiting response... 303 See Other
Location: https://academic.oup.com/bjaed/article-lookup/doi/10.1093/bjaed/mkv037 [following]
--2017-01-27 20:55:43--  https://academic.oup.com/bjaed/article-lookup/doi/10.1093/bjaed/mkv037
Connecting to academic.oup.com (academic.oup.com)|173.254.190.144|:443... connected.
HTTP request sent, awaiting response... 200 OK
Length: 160223 (156K) [text/html]
Saving to: ‘mkv037’

     0K .......... .......... .......... .......... .......... 31%  209K 1s
    50K .......... .......... .......... .......... .......... 63%  604K 0s
   100K .......... .......... .......... .......... .......... 95%  612K 0s
   150K ......                                                100% 2.19M=0.4s

2017-01-27 20:55:48 (385 KB/s) - ‘mkv037’ saved [160223/160223]

--2017-01-27 20:55:49--  http://doi.org/10.1093/bjaed/mkv039
Connecting to doi.org (doi.org)|38.100.138.162|:80... connected.
HTTP request sent, awaiting response... 303 See Other
Location: https://academic.oup.com/bjaed/article-lookup/doi/10.1093/bjaed/mkv039 [following]
--2017-01-27 20:55:50--  https://academic.oup.com/bjaed/article-lookup/doi/10.1093/bjaed/mkv039
Connecting to academic.oup.com (academic.oup.com)|173.254.190.144|:443... connected.
HTTP request sent, awaiting response... 200 OK
Length: 193710 (189K) [text/html]
Saving to: ‘mkv039’

     0K .......... .......... .......... .......... .......... 26%  209K 1s
    50K .......... .......... .......... .......... .......... 52%  609K 0s
   100K .......... .......... .......... .......... .......... 79%  609K 0s
   150K .......... .......... .......... .........            100%  484K=0.5s

2017-01-27 20:55:56 (391 KB/s) - ‘mkv039’ saved [193710/193710]

--2017-01-27 20:55:57--  http://doi.org/10.1093/bjaed/mkv049
Connecting to doi.org (doi.org)|38.100.138.162|:80... connected.
HTTP request sent, awaiting response... 303 See Other
Location: https://academic.oup.com/bjaed/article-lookup/doi/10.1093/bjaed/mkv049 [following]
--2017-01-27 20:55:59--  https://academic.oup.com/bjaed/article-lookup/doi/10.1093/bjaed/mkv049
Connecting to academic.oup.com (academic.oup.com)|173.254.190.144|:443... connected.
HTTP request sent, awaiting response... 200 OK
Length: 191914 (187K) [text/html]
Saving to: ‘mkv049’

     0K .......... .......... .......... .......... .......... 26%  208K 1s
    50K .......... .......... .......... .......... .......... 53%  606K 0s
   100K .......... .......... .......... .......... .......... 80%  614K 0s
   150K .......... .......... .......... .......              100%  457K=0.5s

2017-01-27 20:56:13 (385 KB/s) - ‘mkv049’ saved [191914/191914]

--2017-01-27 20:56:14--  http://doi.org/10.1093/bjaed/mkv031
Connecting to doi.org (doi.org)|38.100.138.162|:80... connected.
HTTP request sent, awaiting response... 303 See Other
Location: https://academic.oup.com/bjaed/article-lookup/doi/10.1093/bjaed/mkv031 [following]
--2017-01-27 20:56:15--  https://academic.oup.com/bjaed/article-lookup/doi/10.1093/bjaed/mkv031
Connecting to academic.oup.com (academic.oup.com)|173.254.190.144|:443... connected.
HTTP request sent, awaiting response... 200 OK
Length: 99874 (98K) [text/html]
Saving to: ‘mkv031’

     0K .......... .......... .......... .......... .......... 51%  209K 0s
    50K .......... .......... .......... .......... .......   100%  585K=0.3s

2017-01-27 20:56:19 (304 KB/s) - ‘mkv031’ saved [99874/99874]

--2017-01-27 20:56:20--  http://doi.org/10.1093/bjaed/mkv030
Connecting to doi.org (doi.org)|38.100.138.162|:80... connected.
HTTP request sent, awaiting response... 303 See Other
Location: https://academic.oup.com/bjaed/article-lookup/doi/10.1093/bjaed/mkv030 [following]
--2017-01-27 20:56:21--  https://academic.oup.com/bjaed/article-lookup/doi/10.1093/bjaed/mkv030
Connecting to academic.oup.com (academic.oup.com)|173.254.190.144|:443... connected.
HTTP request sent, awaiting response... 200 OK
Length: 84331 (82K) [text/html]
Saving to: ‘mkv030’

     0K .......... .......... .......... .......... .......... 60%  209K 0s
    50K .......... .......... .......... ..                   100% 9.97M=0.2s

2017-01-27 20:56:24 (340 KB/s) - ‘mkv030’ saved [84331/84331]

--2017-01-27 20:56:25--  http://doi.org/10.1093/bjaed/mkv047
Connecting to doi.org (doi.org)|38.100.138.162|:80... connected.
HTTP request sent, awaiting response... 303 See Other
Location: https://academic.oup.com/bjaed/article-lookup/doi/10.1093/bjaed/mkv047 [following]
--2017-01-27 20:56:27--  https://academic.oup.com/bjaed/article-lookup/doi/10.1093/bjaed/mkv047
Connecting to academic.oup.com (academic.oup.com)|173.254.190.144|:443... connected.
HTTP request sent, awaiting response... 200 OK
Length: 157515 (154K) [text/html]
Saving to: ‘mkv047’

     0K .......... .......... .......... .......... .......... 32%  251K 0s
    50K .......... .......... .......... .......... .......... 65%  410K 0s
   100K .......... .......... .......... .......... .......... 97%  603K 0s
   150K ...                                                   100% 45.4M=0.4s

2017-01-27 20:56:31 (381 KB/s) - ‘mkv047’ saved [157515/157515]

--2017-01-27 20:56:32--  http://doi.org/10.1093/bjaed/mkv046
Connecting to doi.org (doi.org)|38.100.138.162|:80... connected.
HTTP request sent, awaiting response... 303 See Other
Location: https://academic.oup.com/bjaed/article-lookup/doi/10.1093/bjaed/mkv046 [following]
--2017-01-27 20:56:33--  https://academic.oup.com/bjaed/article-lookup/doi/10.1093/bjaed/mkv046
Connecting to academic.oup.com (academic.oup.com)|173.254.190.144|:443... connected.
HTTP request sent, awaiting response... 200 OK
Length: 169865 (166K) [text/html]
Saving to: ‘mkv046’

     0K .......... .......... .......... .......... .......... 30%  208K 1s
    50K .......... .......... .......... .......... .......... 60%  601K 0s
   100K .......... .......... .......... .......... .......... 90%  610K 0s
   150K .......... .....                                      100%  205K=0.5s

2017-01-27 20:56:37 (343 KB/s) - ‘mkv046’ saved [169865/169865]

--2017-01-27 20:56:38--  http://doi.org/10.1093/bjaed/mkv055
Connecting to doi.org (doi.org)|38.100.138.162|:80... connected.
HTTP request sent, awaiting response... 303 See Other
Location: https://academic.oup.com/bjaed/article-lookup/doi/10.1093/bjaed/mkv055 [following]
--2017-01-27 20:56:39--  https://academic.oup.com/bjaed/article-lookup/doi/10.1093/bjaed/mkv055
Connecting to academic.oup.com (academic.oup.com)|173.254.190.144|:443... connected.
HTTP request sent, awaiting response... 200 OK
Length: 148522 (145K) [text/html]
Saving to: ‘mkv055’

     0K .......... .......... .......... .......... .......... 34%  209K 0s
    50K .......... .......... .......... .......... .......... 68%  611K 0s
   100K .......... .......... .......... .......... .....     100%  553K=0.4s

2017-01-27 20:56:46 (360 KB/s) - ‘mkv055’ saved [148522/148522]

--2017-01-27 20:56:47--  http://doi.org/10.1093/bjaed/mkv053
Connecting to doi.org (doi.org)|38.100.138.162|:80... connected.
HTTP request sent, awaiting response... 303 See Other
Location: https://academic.oup.com/bjaed/article-lookup/doi/10.1093/bjaed/mkv053 [following]
--2017-01-27 20:56:49--  https://academic.oup.com/bjaed/article-lookup/doi/10.1093/bjaed/mkv053
Connecting to academic.oup.com (academic.oup.com)|173.254.190.144|:443... connected.
HTTP request sent, awaiting response... 200 OK
Length: 193754 (189K) [text/html]
Saving to: ‘mkv053’

     0K .......... .......... .......... .......... .......... 26%  209K 1s
    50K .......... .......... .......... .......... .......... 52%  609K 0s
   100K .......... .......... .......... .......... .......... 79%  613K 0s
   150K .......... .......... .......... .........            100%  483K=0.5s

2017-01-27 20:56:53 (391 KB/s) - ‘mkv053’ saved [193754/193754]

--2017-01-27 20:56:54--  http://doi.org/10.1093/bjaed/mkv052
Connecting to doi.org (doi.org)|38.100.138.162|:80... connected.
HTTP request sent, awaiting response... 303 See Other
Location: https://academic.oup.com/bjaed/article-lookup/doi/10.1093/bjaed/mkv052 [following]
--2017-01-27 20:56:55--  https://academic.oup.com/bjaed/article-lookup/doi/10.1093/bjaed/mkv052
Connecting to academic.oup.com (academic.oup.com)|173.254.190.144|:443... connected.
HTTP request sent, awaiting response... 200 OK
Length: 188218 (184K) [text/html]
Saving to: ‘mkv052’

     0K .......... .......... .......... .......... .......... 27%  208K 1s
    50K .......... .......... .......... .......... .......... 54%  609K 0s
   100K .......... .......... .......... .......... .......... 81%  594K 0s
   150K .......... .......... .......... ...                  100%  420K=0.5s

2017-01-27 20:56:59 (378 KB/s) - ‘mkv052’ saved [188218/188218]

--2017-01-27 20:57:00--  http://doi.org/10.1093/bjaed/mkv051
Connecting to doi.org (doi.org)|38.100.138.162|:80... connected.
HTTP request sent, awaiting response... 303 See Other
Location: https://academic.oup.com/bjaed/article-lookup/doi/10.1093/bjaed/mkv051 [following]
--2017-01-27 20:57:02--  https://academic.oup.com/bjaed/article-lookup/doi/10.1093/bjaed/mkv051
Connecting to academic.oup.com (academic.oup.com)|173.254.190.144|:443... connected.
HTTP request sent, awaiting response... 200 OK
Length: 168537 (165K) [text/html]
Saving to: ‘mkv051’

     0K .......... .......... .......... .......... .......... 30%  209K 1s
    50K .......... .......... .......... .......... .......... 60%  610K 0s
   100K .......... .......... .......... .......... .......... 91%  611K 0s
   150K .......... ....                                       100% 9.47M=0.4s

2017-01-27 20:57:05 (407 KB/s) - ‘mkv051’ saved [168537/168537]

--2017-01-27 20:57:06--  http://doi.org/10.1093/bjaed/mkv050
Connecting to doi.org (doi.org)|38.100.138.162|:80... connected.
HTTP request sent, awaiting response... 303 See Other
Location: https://academic.oup.com/bjaed/article-lookup/doi/10.1093/bjaed/mkv050 [following]
--2017-01-27 20:57:07--  https://academic.oup.com/bjaed/article-lookup/doi/10.1093/bjaed/mkv050
Connecting to academic.oup.com (academic.oup.com)|173.254.190.144|:443... connected.
HTTP request sent, awaiting response... 200 OK
Length: 134231 (131K) [text/html]
Saving to: ‘mkv050’

     0K .......... .......... .......... .......... .......... 38%  209K 0s
    50K .......... .......... .......... .......... .......... 76%  611K 0s
   100K .......... .......... .......... .                    100%  388K=0.4s

2017-01-27 20:57:13 (327 KB/s) - ‘mkv050’ saved [134231/134231]

--2017-01-27 20:57:14--  http://doi.org/10.1093/bjaed/mkv054
Connecting to doi.org (doi.org)|38.100.138.162|:80... connected.
HTTP request sent, awaiting response... 303 See Other
Location: https://academic.oup.com/bjaed/article-lookup/doi/10.1093/bjaed/mkv054 [following]
--2017-01-27 20:57:15--  https://academic.oup.com/bjaed/article-lookup/doi/10.1093/bjaed/mkv054
Connecting to academic.oup.com (academic.oup.com)|173.254.190.144|:443... connected.
HTTP request sent, awaiting response... 200 OK
Length: 158180 (154K) [text/html]
Saving to: ‘mkv054’

     0K .......... .......... .......... .......... .......... 32%  209K 0s
    50K .......... .......... .......... .......... .......... 64%  596K 0s
   100K .......... .......... .......... .......... .......... 97%  454K 0s
   150K ....                                                  100% 14.4M=0.4s

2017-01-27 20:57:19 (356 KB/s) - ‘mkv054’ saved [158180/158180]

--2017-01-27 20:57:20--  http://doi.org/10.1093/bjaed/mkv056
Connecting to doi.org (doi.org)|38.100.138.162|:80... connected.
HTTP request sent, awaiting response... 303 See Other
Location: https://academic.oup.com/bjaed/article-lookup/doi/10.1093/bjaed/mkv056 [following]
--2017-01-27 20:57:21--  https://academic.oup.com/bjaed/article-lookup/doi/10.1093/bjaed/mkv056
Connecting to academic.oup.com (academic.oup.com)|173.254.190.144|:443... connected.
HTTP request sent, awaiting response... 200 OK
Length: 184005 (180K) [text/html]
Saving to: ‘mkv056’

     0K .......... .......... .......... .......... .......... 27%  209K 1s
    50K .......... .......... .......... .......... .......... 55%  602K 0s
   100K .......... .......... .......... .......... .......... 83%  609K 0s
   150K .......... .......... .........                       100%  369K=0.5s

2017-01-27 20:57:28 (371 KB/s) - ‘mkv056’ saved [184005/184005]

--2017-01-27 20:57:29--  http://doi.org/10.1093/bjaed/mkw067
Connecting to doi.org (doi.org)|38.100.138.162|:80... connected.
HTTP request sent, awaiting response... 303 See Other
Location: http://fdslive.oup.com/www.oup.com/pdf/production_in_progress.pdf [following]
--2017-01-27 20:57:30--  http://fdslive.oup.com/www.oup.com/pdf/production_in_progress.pdf
Resolving fdslive.oup.com (fdslive.oup.com)... 193.67.160.201
Connecting to fdslive.oup.com (fdslive.oup.com)|193.67.160.201|:80... connected.
HTTP request sent, awaiting response... 200 OK
Length: 52438 (51K) [application/pdf]
Saving to: ‘mkw067’

     0K .......... .......... .......... .......... .......... 97% 1.29M 0s
    50K .                                                     100% 2306G=0.04s

2017-01-27 20:57:30 (1.32 MB/s) - ‘mkw067’ saved [52438/52438]

--2017-01-27 20:57:31--  http://doi.org/10.1093/bjaed/mkw072
Connecting to doi.org (doi.org)|38.100.138.162|:80... connected.
HTTP request sent, awaiting response... 303 See Other
Location: http://fdslive.oup.com/www.oup.com/pdf/production_in_progress.pdf [following]
--2017-01-27 20:57:32--  http://fdslive.oup.com/www.oup.com/pdf/production_in_progress.pdf
Connecting to fdslive.oup.com (fdslive.oup.com)|193.67.160.201|:80... connected.
HTTP request sent, awaiting response... 200 OK
Length: 52438 (51K) [application/pdf]
Saving to: ‘mkw072’

     0K .......... .......... .......... .......... .......... 97% 1.17M 0s
    50K .                                                     100% 2306G=0.04s

2017-01-27 20:57:32 (1.20 MB/s) - ‘mkw072’ saved [52438/52438]

--2017-01-27 20:57:33--  http://doi.org/10.1093/bjaed/mkw075
Connecting to doi.org (doi.org)|38.100.138.162|:80... connected.
HTTP request sent, awaiting response... 303 See Other
Location: http://fdslive.oup.com/www.oup.com/pdf/production_in_progress.pdf [following]
--2017-01-27 20:57:34--  http://fdslive.oup.com/www.oup.com/pdf/production_in_progress.pdf
Connecting to fdslive.oup.com (fdslive.oup.com)|193.67.160.201|:80... connected.
HTTP request sent, awaiting response... 200 OK
Length: 52438 (51K) [application/pdf]
Saving to: ‘mkw075’

     0K .......... .......... .......... .......... .......... 97% 1.27M 0s
    50K .                                                     100% 2306G=0.04s

2017-01-27 20:57:34 (1.31 MB/s) - ‘mkw075’ saved [52438/52438]

--2017-01-27 20:57:35--  http://doi.org/10.1093/bjaed/mkw071
Connecting to doi.org (doi.org)|38.100.138.162|:80... connected.
HTTP request sent, awaiting response... 303 See Other
Location: http://fdslive.oup.com/www.oup.com/pdf/production_in_progress.pdf [following]
--2017-01-27 20:57:37--  http://fdslive.oup.com/www.oup.com/pdf/production_in_progress.pdf
Connecting to fdslive.oup.com (fdslive.oup.com)|193.67.160.201|:80... connected.
HTTP request sent, awaiting response... 200 OK
Length: 52438 (51K) [application/pdf]
Saving to: ‘mkw071’

     0K .......... .......... .......... .......... .......... 97% 1.27M 0s
    50K .                                                     100% 2306G=0.04s

2017-01-27 20:57:37 (1.30 MB/s) - ‘mkw071’ saved [52438/52438]

--2017-01-27 20:57:38--  http://doi.org/10.1093/bjaed/mkw073
Connecting to doi.org (doi.org)|38.100.138.162|:80... connected.
HTTP request sent, awaiting response... 303 See Other
Location: http://fdslive.oup.com/www.oup.com/pdf/production_in_progress.pdf [following]
--2017-01-27 20:57:39--  http://fdslive.oup.com/www.oup.com/pdf/production_in_progress.pdf
Connecting to fdslive.oup.com (fdslive.oup.com)|193.67.160.201|:80... connected.
HTTP request sent, awaiting response... 200 OK
Length: 52438 (51K) [application/pdf]
Saving to: ‘mkw073’

     0K .......... .......... .......... .......... .......... 97% 1.29M 0s
    50K .                                                     100% 2306G=0.04s

2017-01-27 20:57:39 (1.32 MB/s) - ‘mkw073’ saved [52438/52438]

FINISHED --2017-01-27 20:57:39--
Total wall clock time: 11m 45s
Downloaded: 88 files, 13M in 37s (374 KB/s)
