--2017-01-27 21:10:47--  http://doi.org/10.1093/oxfordjournals.bjc.a014069
Resolving doi.org (doi.org)... 38.100.138.163, 63.123.152.248, 38.100.138.162, ...
Connecting to doi.org (doi.org)|38.100.138.163|:80... connected.
HTTP request sent, awaiting response... 303 See Other
Location: https://academic.oup.com/bjc/article-lookup/doi/10.1093/oxfordjournals.bjc.a014069 [following]
--2017-01-27 21:10:48--  https://academic.oup.com/bjc/article-lookup/doi/10.1093/oxfordjournals.bjc.a014069
Resolving academic.oup.com (academic.oup.com)... 173.254.190.144
Connecting to academic.oup.com (academic.oup.com)|173.254.190.144|:443... connected.
HTTP request sent, awaiting response... 200 OK
Length: 66727 (65K) [text/html]
Saving to: ‘oxfordjournals.bjc.a014069’

     0K .......... .......... .......... .......... .......... 76%  208K 0s
    50K .......... .....                                      100% 11.1M=0.2s

2017-01-27 21:10:55 (269 KB/s) - ‘oxfordjournals.bjc.a014069’ saved [66727/66727]

--2017-01-27 21:10:56--  http://doi.org/10.1093/oxfordjournals.bjc.a014065
Connecting to doi.org (doi.org)|38.100.138.163|:80... connected.
HTTP request sent, awaiting response... 303 See Other
Location: https://academic.oup.com/bjc/article-lookup/doi/10.1093/oxfordjournals.bjc.a014065 [following]
--2017-01-27 21:10:57--  https://academic.oup.com/bjc/article-lookup/doi/10.1093/oxfordjournals.bjc.a014065
Connecting to academic.oup.com (academic.oup.com)|173.254.190.144|:443... connected.
HTTP request sent, awaiting response... 200 OK
Length: 82055 (80K) [text/html]
Saving to: ‘oxfordjournals.bjc.a014065’

     0K .......... .......... .......... .......... .......... 62%  209K 0s
    50K .......... .......... ..........                      100% 7.06M=0.2s

2017-01-27 21:11:00 (329 KB/s) - ‘oxfordjournals.bjc.a014065’ saved [82055/82055]

--2017-01-27 21:11:01--  http://doi.org/10.1093/oxfordjournals.bjc.a014094
Connecting to doi.org (doi.org)|38.100.138.163|:80... connected.
HTTP request sent, awaiting response... 303 See Other
Location: https://academic.oup.com/bjc/article-lookup/doi/10.1093/oxfordjournals.bjc.a014094 [following]
--2017-01-27 21:11:03--  https://academic.oup.com/bjc/article-lookup/doi/10.1093/oxfordjournals.bjc.a014094
Connecting to academic.oup.com (academic.oup.com)|173.254.190.144|:443... connected.
HTTP request sent, awaiting response... 200 OK
Length: 66911 (65K) [text/html]
Saving to: ‘oxfordjournals.bjc.a014094’

     0K .......... .......... .......... .......... .......... 76%  209K 0s
    50K .......... .....                                      100% 15.6M=0.2s

2017-01-27 21:11:06 (272 KB/s) - ‘oxfordjournals.bjc.a014094’ saved [66911/66911]

--2017-01-27 21:11:07--  http://doi.org/10.1093/oxfordjournals.bjc.a014098
Connecting to doi.org (doi.org)|38.100.138.163|:80... connected.
HTTP request sent, awaiting response... 303 See Other
Location: https://academic.oup.com/bjc/article-lookup/doi/10.1093/oxfordjournals.bjc.a014098 [following]
--2017-01-27 21:11:08--  https://academic.oup.com/bjc/article-lookup/doi/10.1093/oxfordjournals.bjc.a014098
Connecting to academic.oup.com (academic.oup.com)|173.254.190.144|:443... connected.
HTTP request sent, awaiting response... 200 OK
Length: 66312 (65K) [text/html]
Saving to: ‘oxfordjournals.bjc.a014098’

     0K .......... .......... .......... .......... .......... 77%  208K 0s
    50K .......... ....                                       100% 16.4M=0.2s

2017-01-27 21:11:12 (269 KB/s) - ‘oxfordjournals.bjc.a014098’ saved [66312/66312]

--2017-01-27 21:11:13--  http://doi.org/10.1093/oxfordjournals.bjc.a014120
Connecting to doi.org (doi.org)|38.100.138.163|:80... connected.
HTTP request sent, awaiting response... 303 See Other
Location: https://academic.oup.com/bjc/article-lookup/doi/10.1093/oxfordjournals.bjc.a014120 [following]
--2017-01-27 21:11:14--  https://academic.oup.com/bjc/article-lookup/doi/10.1093/oxfordjournals.bjc.a014120
Connecting to academic.oup.com (academic.oup.com)|173.254.190.144|:443... connected.
HTTP request sent, awaiting response... 200 OK
Length: 66607 (65K) [text/html]
Saving to: ‘oxfordjournals.bjc.a014120’

     0K .......... .......... .......... .......... .......... 76%  209K 0s
    50K .......... .....                                      100% 13.5M=0.2s

2017-01-27 21:11:17 (271 KB/s) - ‘oxfordjournals.bjc.a014120’ saved [66607/66607]

--2017-01-27 21:11:18--  http://doi.org/10.1093/oxfordjournals.bjc.a014103
Connecting to doi.org (doi.org)|38.100.138.163|:80... connected.
HTTP request sent, awaiting response... 303 See Other
Location: https://academic.oup.com/bjc/article-lookup/doi/10.1093/oxfordjournals.bjc.a014103 [following]
--2017-01-27 21:11:19--  https://academic.oup.com/bjc/article-lookup/doi/10.1093/oxfordjournals.bjc.a014103
Connecting to academic.oup.com (academic.oup.com)|173.254.190.144|:443... connected.
HTTP request sent, awaiting response... 200 OK
Length: 69874 (68K) [text/html]
Saving to: ‘oxfordjournals.bjc.a014103’

     0K .......... .......... .......... .......... .......... 73%  209K 0s
    50K .......... ........                                   100% 17.7M=0.2s

2017-01-27 21:11:24 (284 KB/s) - ‘oxfordjournals.bjc.a014103’ saved [69874/69874]

--2017-01-27 21:11:25--  http://doi.org/10.1093/oxfordjournals.bjc.a014061
Connecting to doi.org (doi.org)|38.100.138.163|:80... connected.
HTTP request sent, awaiting response... 303 See Other
Location: https://academic.oup.com/bjc/article-lookup/doi/10.1093/oxfordjournals.bjc.a014061 [following]
--2017-01-27 21:11:26--  https://academic.oup.com/bjc/article-lookup/doi/10.1093/oxfordjournals.bjc.a014061
Connecting to academic.oup.com (academic.oup.com)|173.254.190.144|:443... connected.
HTTP request sent, awaiting response... 200 OK
Length: 68450 (67K) [text/html]
Saving to: ‘oxfordjournals.bjc.a014061’

     0K .......... .......... .......... .......... .......... 74%  209K 0s
    50K .......... ......                                     100% 12.6M=0.2s

2017-01-27 21:11:31 (278 KB/s) - ‘oxfordjournals.bjc.a014061’ saved [68450/68450]

--2017-01-27 21:11:32--  http://doi.org/10.1093/oxfordjournals.bjc.a014104
Connecting to doi.org (doi.org)|38.100.138.163|:80... connected.
HTTP request sent, awaiting response... 303 See Other
Location: https://academic.oup.com/bjc/article-lookup/doi/10.1093/oxfordjournals.bjc.a014104 [following]
--2017-01-27 21:11:34--  https://academic.oup.com/bjc/article-lookup/doi/10.1093/oxfordjournals.bjc.a014104
Connecting to academic.oup.com (academic.oup.com)|173.254.190.144|:443... connected.
HTTP request sent, awaiting response... 200 OK
Length: 68770 (67K) [text/html]
Saving to: ‘oxfordjournals.bjc.a014104’

     0K .......... .......... .......... .......... .......... 74%  208K 0s
    50K .......... .......                                    100% 15.8M=0.2s

2017-01-27 21:11:39 (278 KB/s) - ‘oxfordjournals.bjc.a014104’ saved [68770/68770]

--2017-01-27 21:11:40--  http://doi.org/10.1093/oxfordjournals.bjc.a014101
Connecting to doi.org (doi.org)|38.100.138.163|:80... connected.
HTTP request sent, awaiting response... 303 See Other
Location: https://academic.oup.com/bjc/article-lookup/doi/10.1093/oxfordjournals.bjc.a014101 [following]
--2017-01-27 21:11:41--  https://academic.oup.com/bjc/article-lookup/doi/10.1093/oxfordjournals.bjc.a014101
Connecting to academic.oup.com (academic.oup.com)|173.254.190.144|:443... connected.
HTTP request sent, awaiting response... 200 OK
Length: 69702 (68K) [text/html]
Saving to: ‘oxfordjournals.bjc.a014101’

     0K .......... .......... .......... .......... .......... 73%  310K 0s
    50K .......... ........                                   100%  230K=0.2s

2017-01-27 21:11:46 (283 KB/s) - ‘oxfordjournals.bjc.a014101’ saved [69702/69702]

--2017-01-27 21:11:47--  http://doi.org/10.1093/oxfordjournals.bjc.a014077
Connecting to doi.org (doi.org)|38.100.138.163|:80... connected.
HTTP request sent, awaiting response... 303 See Other
Location: https://academic.oup.com/bjc/article-lookup/doi/10.1093/oxfordjournals.bjc.a014077 [following]
--2017-01-27 21:11:48--  https://academic.oup.com/bjc/article-lookup/doi/10.1093/oxfordjournals.bjc.a014077
Connecting to academic.oup.com (academic.oup.com)|173.254.190.144|:443... connected.
HTTP request sent, awaiting response... 200 OK
Length: 70642 (69K) [text/html]
Saving to: ‘oxfordjournals.bjc.a014077’

     0K .......... .......... .......... .......... .......... 72%  209K 0s
    50K .......... ........                                   100% 14.2M=0.2s

2017-01-27 21:11:52 (286 KB/s) - ‘oxfordjournals.bjc.a014077’ saved [70642/70642]

--2017-01-27 21:11:53--  http://doi.org/10.1093/oxfordjournals.bjc.a014084
Connecting to doi.org (doi.org)|38.100.138.163|:80... connected.
HTTP request sent, awaiting response... 303 See Other
Location: https://academic.oup.com/bjc/article-lookup/doi/10.1093/oxfordjournals.bjc.a014084 [following]
--2017-01-27 21:11:54--  https://academic.oup.com/bjc/article-lookup/doi/10.1093/oxfordjournals.bjc.a014084
Connecting to academic.oup.com (academic.oup.com)|173.254.190.144|:443... connected.
HTTP request sent, awaiting response... 200 OK
Length: 68674 (67K) [text/html]
Saving to: ‘oxfordjournals.bjc.a014084’

     0K .......... .......... .......... .......... .......... 74%  209K 0s
    50K .......... .......                                    100% 18.3M=0.2s

2017-01-27 21:11:57 (280 KB/s) - ‘oxfordjournals.bjc.a014084’ saved [68674/68674]

--2017-01-27 21:11:58--  http://doi.org/10.1093/oxfordjournals.bjc.a014066
Connecting to doi.org (doi.org)|38.100.138.163|:80... connected.
HTTP request sent, awaiting response... 303 See Other
Location: https://academic.oup.com/bjc/article-lookup/doi/10.1093/oxfordjournals.bjc.a014066 [following]
--2017-01-27 21:11:59--  https://academic.oup.com/bjc/article-lookup/doi/10.1093/oxfordjournals.bjc.a014066
Connecting to academic.oup.com (academic.oup.com)|173.254.190.144|:443... connected.
HTTP request sent, awaiting response... 200 OK
Length: 66325 (65K) [text/html]
Saving to: ‘oxfordjournals.bjc.a014066’

     0K .......... .......... .......... .......... .......... 77%  207K 0s
    50K .......... ....                                       100% 15.2M=0.2s

2017-01-27 21:12:05 (267 KB/s) - ‘oxfordjournals.bjc.a014066’ saved [66325/66325]

--2017-01-27 21:12:06--  http://doi.org/10.1093/oxfordjournals.bjc.a014095
Connecting to doi.org (doi.org)|38.100.138.163|:80... connected.
HTTP request sent, awaiting response... 303 See Other
Location: https://academic.oup.com/bjc/article-lookup/doi/10.1093/oxfordjournals.bjc.a014095 [following]
--2017-01-27 21:12:07--  https://academic.oup.com/bjc/article-lookup/doi/10.1093/oxfordjournals.bjc.a014095
Connecting to academic.oup.com (academic.oup.com)|173.254.190.144|:443... connected.
HTTP request sent, awaiting response... 200 OK
Length: 66875 (65K) [text/html]
Saving to: ‘oxfordjournals.bjc.a014095’

     0K .......... .......... .......... .......... .......... 76%  209K 0s
    50K .......... .....                                      100% 16.0M=0.2s

2017-01-27 21:12:10 (272 KB/s) - ‘oxfordjournals.bjc.a014095’ saved [66875/66875]

--2017-01-27 21:12:11--  http://doi.org/10.1093/oxfordjournals.bjc.a014073
Connecting to doi.org (doi.org)|38.100.138.163|:80... connected.
HTTP request sent, awaiting response... 303 See Other
Location: https://academic.oup.com/bjc/article-lookup/doi/10.1093/oxfordjournals.bjc.a014073 [following]
--2017-01-27 21:12:12--  https://academic.oup.com/bjc/article-lookup/doi/10.1093/oxfordjournals.bjc.a014073
Connecting to academic.oup.com (academic.oup.com)|173.254.190.144|:443... connected.
HTTP request sent, awaiting response... 200 OK
Length: 66462 (65K) [text/html]
Saving to: ‘oxfordjournals.bjc.a014073’

     0K .......... .......... .......... .......... .......... 77%  206K 0s
    50K .......... ....                                       100% 12.6M=0.2s

2017-01-27 21:12:15 (267 KB/s) - ‘oxfordjournals.bjc.a014073’ saved [66462/66462]

--2017-01-27 21:12:16--  http://doi.org/10.1093/oxfordjournals.bjc.a014099
Connecting to doi.org (doi.org)|38.100.138.163|:80... connected.
HTTP request sent, awaiting response... 303 See Other
Location: https://academic.oup.com/bjc/article-lookup/doi/10.1093/oxfordjournals.bjc.a014099 [following]
--2017-01-27 21:12:17--  https://academic.oup.com/bjc/article-lookup/doi/10.1093/oxfordjournals.bjc.a014099
Connecting to academic.oup.com (academic.oup.com)|173.254.190.144|:443... connected.
HTTP request sent, awaiting response... 200 OK
Length: 69256 (68K) [text/html]
Saving to: ‘oxfordjournals.bjc.a014099’

     0K .......... .......... .......... .......... .......... 73%  208K 0s
    50K .......... .......                                    100% 12.9M=0.2s

2017-01-27 21:12:21 (280 KB/s) - ‘oxfordjournals.bjc.a014099’ saved [69256/69256]

--2017-01-27 21:12:22--  http://doi.org/10.1093/oxfordjournals.bjc.a014114
Connecting to doi.org (doi.org)|38.100.138.163|:80... connected.
HTTP request sent, awaiting response... 303 See Other
Location: https://academic.oup.com/bjc/article-lookup/doi/10.1093/oxfordjournals.bjc.a014114 [following]
--2017-01-27 21:12:23--  https://academic.oup.com/bjc/article-lookup/doi/10.1093/oxfordjournals.bjc.a014114
Connecting to academic.oup.com (academic.oup.com)|173.254.190.144|:443... connected.
HTTP request sent, awaiting response... 200 OK
Length: 66739 (65K) [text/html]
Saving to: ‘oxfordjournals.bjc.a014114’

     0K .......... .......... .......... .......... .......... 76%  207K 0s
    50K .......... .....                                      100% 16.9M=0.2s

2017-01-27 21:12:28 (269 KB/s) - ‘oxfordjournals.bjc.a014114’ saved [66739/66739]

--2017-01-27 21:12:29--  http://doi.org/10.1093/oxfordjournals.bjc.a014092
Connecting to doi.org (doi.org)|38.100.138.163|:80... connected.
HTTP request sent, awaiting response... 303 See Other
Location: https://academic.oup.com/bjc/article-lookup/doi/10.1093/oxfordjournals.bjc.a014092 [following]
--2017-01-27 21:12:30--  https://academic.oup.com/bjc/article-lookup/doi/10.1093/oxfordjournals.bjc.a014092
Connecting to academic.oup.com (academic.oup.com)|173.254.190.144|:443... connected.
HTTP request sent, awaiting response... 200 OK
Length: 66650 (65K) [text/html]
Saving to: ‘oxfordjournals.bjc.a014092’

     0K .......... .......... .......... .......... .......... 76%  209K 0s
    50K .......... .....                                      100% 10.5M=0.2s

2017-01-27 21:12:34 (270 KB/s) - ‘oxfordjournals.bjc.a014092’ saved [66650/66650]

--2017-01-27 21:12:35--  http://doi.org/10.1093/oxfordjournals.bjc.a014068
Connecting to doi.org (doi.org)|38.100.138.163|:80... connected.
HTTP request sent, awaiting response... 303 See Other
Location: https://academic.oup.com/bjc/article-lookup/doi/10.1093/oxfordjournals.bjc.a014068 [following]
--2017-01-27 21:12:36--  https://academic.oup.com/bjc/article-lookup/doi/10.1093/oxfordjournals.bjc.a014068
Connecting to academic.oup.com (academic.oup.com)|173.254.190.144|:443... connected.
HTTP request sent, awaiting response... 200 OK
Length: 66624 (65K) [text/html]
Saving to: ‘oxfordjournals.bjc.a014068’

     0K .......... .......... .......... .......... .......... 76%  208K 0s
    50K .......... .....                                      100% 14.2M=0.2s

2017-01-27 21:12:39 (270 KB/s) - ‘oxfordjournals.bjc.a014068’ saved [66624/66624]

--2017-01-27 21:12:40--  http://doi.org/10.1093/oxfordjournals.bjc.a014126
Connecting to doi.org (doi.org)|38.100.138.163|:80... connected.
HTTP request sent, awaiting response... 303 See Other
Location: https://academic.oup.com/bjc/article-lookup/doi/10.1093/oxfordjournals.bjc.a014126 [following]
--2017-01-27 21:12:41--  https://academic.oup.com/bjc/article-lookup/doi/10.1093/oxfordjournals.bjc.a014126
Connecting to academic.oup.com (academic.oup.com)|173.254.190.144|:443... connected.
HTTP request sent, awaiting response... 200 OK
Length: 66749 (65K) [text/html]
Saving to: ‘oxfordjournals.bjc.a014126’

     0K .......... .......... .......... .......... .......... 76%  209K 0s
    50K .......... .....                                      100% 16.2M=0.2s

2017-01-27 21:12:45 (272 KB/s) - ‘oxfordjournals.bjc.a014126’ saved [66749/66749]

--2017-01-27 21:12:46--  http://doi.org/10.1093/oxfordjournals.bjc.a014118
Connecting to doi.org (doi.org)|38.100.138.163|:80... connected.
HTTP request sent, awaiting response... 303 See Other
Location: https://academic.oup.com/bjc/article-lookup/doi/10.1093/oxfordjournals.bjc.a014118 [following]
--2017-01-27 21:12:47--  https://academic.oup.com/bjc/article-lookup/doi/10.1093/oxfordjournals.bjc.a014118
Connecting to academic.oup.com (academic.oup.com)|173.254.190.144|:443... connected.
HTTP request sent, awaiting response... 200 OK
Length: 66584 (65K) [text/html]
Saving to: ‘oxfordjournals.bjc.a014118’

     0K .......... .......... .......... .......... .......... 76%  308K 0s
    50K .......... .....                                      100%  189K=0.2s

2017-01-27 21:12:51 (269 KB/s) - ‘oxfordjournals.bjc.a014118’ saved [66584/66584]

--2017-01-27 21:12:52--  http://doi.org/10.1093/oxfordjournals.bjc.a014091
Connecting to doi.org (doi.org)|38.100.138.163|:80... connected.
HTTP request sent, awaiting response... 303 See Other
Location: https://academic.oup.com/bjc/article-lookup/doi/10.1093/oxfordjournals.bjc.a014091 [following]
--2017-01-27 21:12:53--  https://academic.oup.com/bjc/article-lookup/doi/10.1093/oxfordjournals.bjc.a014091
Connecting to academic.oup.com (academic.oup.com)|173.254.190.144|:443... connected.
HTTP request sent, awaiting response... 200 OK
Length: 81517 (80K) [text/html]
Saving to: ‘oxfordjournals.bjc.a014091’

     0K .......... .......... .......... .......... .......... 62%  209K 0s
    50K .......... .......... .........                       100% 5.53M=0.2s

2017-01-27 21:13:07 (326 KB/s) - ‘oxfordjournals.bjc.a014091’ saved [81517/81517]

--2017-01-27 21:13:08--  http://doi.org/10.1093/oxfordjournals.bjc.a014124
Connecting to doi.org (doi.org)|38.100.138.163|:80... connected.
HTTP request sent, awaiting response... 303 See Other
Location: https://academic.oup.com/bjc/article-lookup/doi/10.1093/oxfordjournals.bjc.a014124 [following]
--2017-01-27 21:13:09--  https://academic.oup.com/bjc/article-lookup/doi/10.1093/oxfordjournals.bjc.a014124
Connecting to academic.oup.com (academic.oup.com)|173.254.190.144|:443... connected.
HTTP request sent, awaiting response... 200 OK
Length: 71334 (70K) [text/html]
Saving to: ‘oxfordjournals.bjc.a014124’

     0K .......... .......... .......... .......... .......... 71%  309K 0s
    50K .......... .........                                  100%  206K=0.3s

2017-01-27 21:13:13 (271 KB/s) - ‘oxfordjournals.bjc.a014124’ saved [71334/71334]

--2017-01-27 21:13:14--  http://doi.org/10.1093/oxfordjournals.bjc.a014072
Connecting to doi.org (doi.org)|38.100.138.163|:80... connected.
HTTP request sent, awaiting response... 303 See Other
Location: https://academic.oup.com/bjc/article-lookup/doi/10.1093/oxfordjournals.bjc.a014072 [following]
--2017-01-27 21:13:15--  https://academic.oup.com/bjc/article-lookup/doi/10.1093/oxfordjournals.bjc.a014072
Connecting to academic.oup.com (academic.oup.com)|173.254.190.144|:443... connected.
HTTP request sent, awaiting response... 200 OK
Length: 66783 (65K) [text/html]
Saving to: ‘oxfordjournals.bjc.a014072’

     0K .......... .......... .......... .......... .......... 76%  209K 0s
    50K .......... .....                                      100% 17.8M=0.2s

2017-01-27 21:13:20 (271 KB/s) - ‘oxfordjournals.bjc.a014072’ saved [66783/66783]

--2017-01-27 21:13:21--  http://doi.org/10.1093/oxfordjournals.bjc.a014074
Connecting to doi.org (doi.org)|38.100.138.163|:80... connected.
HTTP request sent, awaiting response... 303 See Other
Location: https://academic.oup.com/bjc/article-lookup/doi/10.1093/oxfordjournals.bjc.a014074 [following]
--2017-01-27 21:13:22--  https://academic.oup.com/bjc/article-lookup/doi/10.1093/oxfordjournals.bjc.a014074
Connecting to academic.oup.com (academic.oup.com)|173.254.190.144|:443... connected.
HTTP request sent, awaiting response... 200 OK
Length: 66786 (65K) [text/html]
Saving to: ‘oxfordjournals.bjc.a014074’

     0K .......... .......... .......... .......... .......... 76%  209K 0s
    50K .......... .....                                      100% 6.79M=0.2s

2017-01-27 21:13:28 (270 KB/s) - ‘oxfordjournals.bjc.a014074’ saved [66786/66786]

--2017-01-27 21:13:29--  http://doi.org/10.1093/oxfordjournals.bjc.a014093
Connecting to doi.org (doi.org)|38.100.138.163|:80... connected.
HTTP request sent, awaiting response... 303 See Other
Location: https://academic.oup.com/bjc/article-lookup/doi/10.1093/oxfordjournals.bjc.a014093 [following]
--2017-01-27 21:13:30--  https://academic.oup.com/bjc/article-lookup/doi/10.1093/oxfordjournals.bjc.a014093
Connecting to academic.oup.com (academic.oup.com)|173.254.190.144|:443... connected.
HTTP request sent, awaiting response... 200 OK
Length: 66929 (65K) [text/html]
Saving to: ‘oxfordjournals.bjc.a014093’

     0K .......... .......... .......... .......... .......... 76%  208K 0s
    50K .......... .....                                      100% 20.1M=0.2s

2017-01-27 21:13:33 (271 KB/s) - ‘oxfordjournals.bjc.a014093’ saved [66929/66929]

--2017-01-27 21:13:34--  http://doi.org/10.1093/oxfordjournals.bjc.a014083
Connecting to doi.org (doi.org)|38.100.138.163|:80... connected.
HTTP request sent, awaiting response... 303 See Other
Location: https://academic.oup.com/bjc/article-lookup/doi/10.1093/oxfordjournals.bjc.a014083 [following]
--2017-01-27 21:13:36--  https://academic.oup.com/bjc/article-lookup/doi/10.1093/oxfordjournals.bjc.a014083
Connecting to academic.oup.com (academic.oup.com)|173.254.190.144|:443... connected.
HTTP request sent, awaiting response... 200 OK
Length: 84354 (82K) [text/html]
Saving to: ‘oxfordjournals.bjc.a014083’

     0K .......... .......... .......... .......... .......... 60%  209K 0s
    50K .......... .......... .......... ..                   100% 10.3M=0.2s

2017-01-27 21:13:49 (340 KB/s) - ‘oxfordjournals.bjc.a014083’ saved [84354/84354]

--2017-01-27 21:13:50--  http://doi.org/10.1093/oxfordjournals.bjc.a014086
Connecting to doi.org (doi.org)|38.100.138.163|:80... connected.
HTTP request sent, awaiting response... 303 See Other
Location: https://academic.oup.com/bjc/article-lookup/doi/10.1093/oxfordjournals.bjc.a014086 [following]
--2017-01-27 21:13:51--  https://academic.oup.com/bjc/article-lookup/doi/10.1093/oxfordjournals.bjc.a014086
Connecting to academic.oup.com (academic.oup.com)|173.254.190.144|:443... connected.
HTTP request sent, awaiting response... 200 OK
Length: 69942 (68K) [text/html]
Saving to: ‘oxfordjournals.bjc.a014086’

     0K .......... .......... .......... .......... .......... 73%  209K 0s
    50K .......... ........                                   100% 13.2M=0.2s

2017-01-27 21:13:55 (284 KB/s) - ‘oxfordjournals.bjc.a014086’ saved [69942/69942]

--2017-01-27 21:13:56--  http://doi.org/10.1093/oxfordjournals.bjc.a014102
Connecting to doi.org (doi.org)|38.100.138.163|:80... connected.
HTTP request sent, awaiting response... 303 See Other
Location: https://academic.oup.com/bjc/article-lookup/doi/10.1093/oxfordjournals.bjc.a014102 [following]
--2017-01-27 21:13:58--  https://academic.oup.com/bjc/article-lookup/doi/10.1093/oxfordjournals.bjc.a014102
Connecting to academic.oup.com (academic.oup.com)|173.254.190.144|:443... connected.
HTTP request sent, awaiting response... 200 OK
Length: 70591 (69K) [text/html]
Saving to: ‘oxfordjournals.bjc.a014102’

     0K .......... .......... .......... .......... .......... 72%  209K 0s
    50K .......... ........                                   100% 14.6M=0.2s

2017-01-27 21:14:02 (287 KB/s) - ‘oxfordjournals.bjc.a014102’ saved [70591/70591]

--2017-01-27 21:14:03--  http://doi.org/10.1093/oxfordjournals.bjc.a014088
Connecting to doi.org (doi.org)|38.100.138.163|:80... connected.
HTTP request sent, awaiting response... 303 See Other
Location: https://academic.oup.com/bjc/article-lookup/doi/10.1093/oxfordjournals.bjc.a014088 [following]
--2017-01-27 21:14:04--  https://academic.oup.com/bjc/article-lookup/doi/10.1093/oxfordjournals.bjc.a014088
Connecting to academic.oup.com (academic.oup.com)|173.254.190.144|:443... connected.
HTTP request sent, awaiting response... 200 OK
Length: 67360 (66K) [text/html]
Saving to: ‘oxfordjournals.bjc.a014088’

     0K .......... .......... .......... .......... .......... 76%  208K 0s
    50K .......... .....                                      100% 17.3M=0.2s

2017-01-27 21:14:08 (273 KB/s) - ‘oxfordjournals.bjc.a014088’ saved [67360/67360]

--2017-01-27 21:14:09--  http://doi.org/10.1093/oxfordjournals.bjc.a014076
Connecting to doi.org (doi.org)|38.100.138.163|:80... connected.
HTTP request sent, awaiting response... 303 See Other
Location: https://academic.oup.com/bjc/article-lookup/doi/10.1093/oxfordjournals.bjc.a014076 [following]
--2017-01-27 21:14:10--  https://academic.oup.com/bjc/article-lookup/doi/10.1093/oxfordjournals.bjc.a014076
Connecting to academic.oup.com (academic.oup.com)|173.254.190.144|:443... connected.
HTTP request sent, awaiting response... 200 OK
Length: 69222 (68K) [text/html]
Saving to: ‘oxfordjournals.bjc.a014076’

     0K .......... .......... .......... .......... .......... 73%  209K 0s
    50K .......... .......                                    100% 16.1M=0.2s

2017-01-27 21:14:13 (281 KB/s) - ‘oxfordjournals.bjc.a014076’ saved [69222/69222]

--2017-01-27 21:14:14--  http://doi.org/10.1093/oxfordjournals.bjc.a014064
Connecting to doi.org (doi.org)|38.100.138.163|:80... connected.
HTTP request sent, awaiting response... 303 See Other
Location: https://academic.oup.com/bjc/article-lookup/doi/10.1093/oxfordjournals.bjc.a014064 [following]
--2017-01-27 21:14:16--  https://academic.oup.com/bjc/article-lookup/doi/10.1093/oxfordjournals.bjc.a014064
Connecting to academic.oup.com (academic.oup.com)|173.254.190.144|:443... connected.
HTTP request sent, awaiting response... 200 OK
Length: 66779 (65K) [text/html]
Saving to: ‘oxfordjournals.bjc.a014064’

     0K .......... .......... .......... .......... .......... 76%  209K 0s
    50K .......... .....                                      100% 9.97M=0.2s

2017-01-27 21:14:19 (270 KB/s) - ‘oxfordjournals.bjc.a014064’ saved [66779/66779]

--2017-01-27 21:14:20--  http://doi.org/10.1093/oxfordjournals.bjc.a014097
Connecting to doi.org (doi.org)|38.100.138.163|:80... connected.
HTTP request sent, awaiting response... 303 See Other
Location: https://academic.oup.com/bjc/article-lookup/doi/10.1093/oxfordjournals.bjc.a014097 [following]
--2017-01-27 21:14:22--  https://academic.oup.com/bjc/article-lookup/doi/10.1093/oxfordjournals.bjc.a014097
Connecting to academic.oup.com (academic.oup.com)|173.254.190.144|:443... connected.
HTTP request sent, awaiting response... 200 OK
Length: 64534 (63K) [text/html]
Saving to: ‘oxfordjournals.bjc.a014097’

     0K .......... .......... .......... .......... .......... 79%  209K 0s
    50K .......... ...                                        100% 13.6M=0.2s

2017-01-27 21:14:26 (262 KB/s) - ‘oxfordjournals.bjc.a014097’ saved [64534/64534]

--2017-01-27 21:14:27--  http://doi.org/10.1093/oxfordjournals.bjc.a014063
Connecting to doi.org (doi.org)|38.100.138.163|:80... connected.
HTTP request sent, awaiting response... 303 See Other
Location: https://academic.oup.com/bjc/article-lookup/doi/10.1093/oxfordjournals.bjc.a014063 [following]
--2017-01-27 21:14:28--  https://academic.oup.com/bjc/article-lookup/doi/10.1093/oxfordjournals.bjc.a014063
Connecting to academic.oup.com (academic.oup.com)|173.254.190.144|:443... connected.
HTTP request sent, awaiting response... 200 OK
Length: 67117 (66K) [text/html]
Saving to: ‘oxfordjournals.bjc.a014063’

     0K .......... .......... .......... .......... .......... 76%  209K 0s
    50K .......... .....                                      100% 14.6M=0.2s

2017-01-27 21:14:32 (273 KB/s) - ‘oxfordjournals.bjc.a014063’ saved [67117/67117]

--2017-01-27 21:14:33--  http://doi.org/10.1093/oxfordjournals.bjc.a014107
Connecting to doi.org (doi.org)|38.100.138.163|:80... connected.
HTTP request sent, awaiting response... 303 See Other
Location: https://academic.oup.com/bjc/article-lookup/doi/10.1093/oxfordjournals.bjc.a014107 [following]
--2017-01-27 21:14:34--  https://academic.oup.com/bjc/article-lookup/doi/10.1093/oxfordjournals.bjc.a014107
Connecting to academic.oup.com (academic.oup.com)|173.254.190.144|:443... connected.
HTTP request sent, awaiting response... 200 OK
Length: 70479 (69K) [text/html]
Saving to: ‘oxfordjournals.bjc.a014107’

     0K .......... .......... .......... .......... .......... 72%  227K 0s
    50K .......... ........                                   100% 15.8M=0.2s

2017-01-27 21:14:39 (310 KB/s) - ‘oxfordjournals.bjc.a014107’ saved [70479/70479]

--2017-01-27 21:14:40--  http://doi.org/10.1093/oxfordjournals.bjc.a014109
Connecting to doi.org (doi.org)|38.100.138.163|:80... connected.
HTTP request sent, awaiting response... 303 See Other
Location: https://academic.oup.com/bjc/article-lookup/doi/10.1093/oxfordjournals.bjc.a014109 [following]
--2017-01-27 21:14:41--  https://academic.oup.com/bjc/article-lookup/doi/10.1093/oxfordjournals.bjc.a014109
Connecting to academic.oup.com (academic.oup.com)|173.254.190.144|:443... connected.
HTTP request sent, awaiting response... 200 OK
Length: 68000 (66K) [text/html]
Saving to: ‘oxfordjournals.bjc.a014109’

     0K .......... .......... .......... .......... .......... 75%  209K 0s
    50K .......... ......                                     100% 12.9M=0.2s

2017-01-27 21:14:44 (276 KB/s) - ‘oxfordjournals.bjc.a014109’ saved [68000/68000]

--2017-01-27 21:14:45--  http://doi.org/10.1093/oxfordjournals.bjc.a014121
Connecting to doi.org (doi.org)|38.100.138.163|:80... connected.
HTTP request sent, awaiting response... 303 See Other
Location: https://academic.oup.com/bjc/article-lookup/doi/10.1093/oxfordjournals.bjc.a014121 [following]
--2017-01-27 21:14:46--  https://academic.oup.com/bjc/article-lookup/doi/10.1093/oxfordjournals.bjc.a014121
Connecting to academic.oup.com (academic.oup.com)|173.254.190.144|:443... connected.
HTTP request sent, awaiting response... 200 OK
Length: 66764 (65K) [text/html]
Saving to: ‘oxfordjournals.bjc.a014121’

     0K .......... .......... .......... .......... .......... 76%  209K 0s
    50K .......... .....                                      100% 14.1M=0.2s

2017-01-27 21:14:56 (271 KB/s) - ‘oxfordjournals.bjc.a014121’ saved [66764/66764]

--2017-01-27 21:14:57--  http://doi.org/10.1093/oxfordjournals.bjc.a014070
Connecting to doi.org (doi.org)|38.100.138.163|:80... connected.
HTTP request sent, awaiting response... 303 See Other
Location: https://academic.oup.com/bjc/article-lookup/doi/10.1093/oxfordjournals.bjc.a014070 [following]
--2017-01-27 21:14:58--  https://academic.oup.com/bjc/article-lookup/doi/10.1093/oxfordjournals.bjc.a014070
Connecting to academic.oup.com (academic.oup.com)|173.254.190.144|:443... connected.
HTTP request sent, awaiting response... 200 OK
Length: 66733 (65K) [text/html]
Saving to: ‘oxfordjournals.bjc.a014070’

     0K .......... .......... .......... .......... .......... 76%  209K 0s
    50K .......... .....                                      100% 12.8M=0.2s

2017-01-27 21:15:02 (271 KB/s) - ‘oxfordjournals.bjc.a014070’ saved [66733/66733]

--2017-01-27 21:15:03--  http://doi.org/10.1093/oxfordjournals.bjc.a014071
Connecting to doi.org (doi.org)|38.100.138.163|:80... connected.
HTTP request sent, awaiting response... 303 See Other
Location: https://academic.oup.com/bjc/article-lookup/doi/10.1093/oxfordjournals.bjc.a014071 [following]
--2017-01-27 21:15:04--  https://academic.oup.com/bjc/article-lookup/doi/10.1093/oxfordjournals.bjc.a014071
Connecting to academic.oup.com (academic.oup.com)|173.254.190.144|:443... connected.
HTTP request sent, awaiting response... 200 OK
Length: 81546 (80K) [text/html]
Saving to: ‘oxfordjournals.bjc.a014071’

     0K .......... .......... .......... .......... .......... 62%  209K 0s
    50K .......... .......... .........                       100% 10.9M=0.2s

2017-01-27 21:15:11 (329 KB/s) - ‘oxfordjournals.bjc.a014071’ saved [81546/81546]

--2017-01-27 21:15:12--  http://doi.org/10.1093/oxfordjournals.bjc.a014067
Connecting to doi.org (doi.org)|38.100.138.163|:80... connected.
HTTP request sent, awaiting response... 303 See Other
Location: https://academic.oup.com/bjc/article-lookup/doi/10.1093/oxfordjournals.bjc.a014067 [following]
--2017-01-27 21:15:13--  https://academic.oup.com/bjc/article-lookup/doi/10.1093/oxfordjournals.bjc.a014067
Connecting to academic.oup.com (academic.oup.com)|173.254.190.144|:443... connected.
HTTP request sent, awaiting response... 200 OK
Length: 66663 (65K) [text/html]
Saving to: ‘oxfordjournals.bjc.a014067’

     0K .......... .......... .......... .......... .......... 76%  209K 0s
    50K .......... .....                                      100% 5.08M=0.2s

2017-01-27 21:15:17 (269 KB/s) - ‘oxfordjournals.bjc.a014067’ saved [66663/66663]

--2017-01-27 21:15:18--  http://doi.org/10.1093/oxfordjournals.bjc.a014096
Connecting to doi.org (doi.org)|38.100.138.163|:80... connected.
HTTP request sent, awaiting response... 303 See Other
Location: https://academic.oup.com/bjc/article-lookup/doi/10.1093/oxfordjournals.bjc.a014096 [following]
--2017-01-27 21:15:19--  https://academic.oup.com/bjc/article-lookup/doi/10.1093/oxfordjournals.bjc.a014096
Connecting to academic.oup.com (academic.oup.com)|173.254.190.144|:443... connected.
HTTP request sent, awaiting response... 200 OK
Length: 64659 (63K) [text/html]
Saving to: ‘oxfordjournals.bjc.a014096’

     0K .......... .......... .......... .......... .......... 79%  209K 0s
    50K .......... ...                                        100% 12.2M=0.2s

2017-01-27 21:15:22 (262 KB/s) - ‘oxfordjournals.bjc.a014096’ saved [64659/64659]

--2017-01-27 21:15:23--  http://doi.org/10.1093/oxfordjournals.bjc.a014085
Connecting to doi.org (doi.org)|38.100.138.163|:80... connected.
HTTP request sent, awaiting response... 303 See Other
Location: https://academic.oup.com/bjc/article-lookup/doi/10.1093/oxfordjournals.bjc.a014085 [following]
--2017-01-27 21:15:24--  https://academic.oup.com/bjc/article-lookup/doi/10.1093/oxfordjournals.bjc.a014085
Connecting to academic.oup.com (academic.oup.com)|173.254.190.144|:443... connected.
HTTP request sent, awaiting response... 200 OK
Length: 72809 (71K) [text/html]
Saving to: ‘oxfordjournals.bjc.a014085’

     0K .......... .......... .......... .......... .......... 70%  209K 0s
    50K .......... .......... .                               100% 5.14M=0.2s

2017-01-27 21:15:28 (292 KB/s) - ‘oxfordjournals.bjc.a014085’ saved [72809/72809]

--2017-01-27 21:15:29--  http://doi.org/10.1093/oxfordjournals.bjc.a014082
Connecting to doi.org (doi.org)|38.100.138.163|:80... connected.
HTTP request sent, awaiting response... 303 See Other
Location: https://academic.oup.com/bjc/article-lookup/doi/10.1093/oxfordjournals.bjc.a014082 [following]
--2017-01-27 21:15:30--  https://academic.oup.com/bjc/article-lookup/doi/10.1093/oxfordjournals.bjc.a014082
Connecting to academic.oup.com (academic.oup.com)|173.254.190.144|:443... connected.
HTTP request sent, awaiting response... 200 OK
Length: 73458 (72K) [text/html]
Saving to: ‘oxfordjournals.bjc.a014082’

     0K .......... .......... .......... .......... .......... 69%  209K 0s
    50K .......... .......... .                               100% 14.3M=0.2s

2017-01-27 21:15:34 (298 KB/s) - ‘oxfordjournals.bjc.a014082’ saved [73458/73458]

--2017-01-27 21:15:35--  http://doi.org/10.1093/oxfordjournals.bjc.a014113
Connecting to doi.org (doi.org)|38.100.138.163|:80... connected.
HTTP request sent, awaiting response... 303 See Other
Location: https://academic.oup.com/bjc/article-lookup/doi/10.1093/oxfordjournals.bjc.a014113 [following]
--2017-01-27 21:15:36--  https://academic.oup.com/bjc/article-lookup/doi/10.1093/oxfordjournals.bjc.a014113
Connecting to academic.oup.com (academic.oup.com)|173.254.190.144|:443... connected.
HTTP request sent, awaiting response... 200 OK
Length: 70103 (68K) [text/html]
Saving to: ‘oxfordjournals.bjc.a014113’

     0K .......... .......... .......... .......... .......... 73%  309K 0s
    50K .......... ........                                   100%  235K=0.2s

2017-01-27 21:15:40 (285 KB/s) - ‘oxfordjournals.bjc.a014113’ saved [70103/70103]

--2017-01-27 21:15:41--  http://doi.org/10.1093/oxfordjournals.bjc.a014123
Connecting to doi.org (doi.org)|38.100.138.163|:80... connected.
HTTP request sent, awaiting response... 303 See Other
Location: https://academic.oup.com/bjc/article-lookup/doi/10.1093/oxfordjournals.bjc.a014123 [following]
--2017-01-27 21:15:42--  https://academic.oup.com/bjc/article-lookup/doi/10.1093/oxfordjournals.bjc.a014123
Connecting to academic.oup.com (academic.oup.com)|173.254.190.144|:443... connected.
HTTP request sent, awaiting response... 200 OK
Length: 81880 (80K) [text/html]
Saving to: ‘oxfordjournals.bjc.a014123’

     0K .......... .......... .......... .......... .......... 62%  209K 0s
    50K .......... .......... .........                       100% 11.0M=0.2s

2017-01-27 21:15:50 (331 KB/s) - ‘oxfordjournals.bjc.a014123’ saved [81880/81880]

--2017-01-27 21:15:51--  http://doi.org/10.1093/oxfordjournals.bjc.a014089
Connecting to doi.org (doi.org)|38.100.138.163|:80... connected.
HTTP request sent, awaiting response... 303 See Other
Location: https://academic.oup.com/bjc/article-lookup/doi/10.1093/oxfordjournals.bjc.a014089 [following]
--2017-01-27 21:15:52--  https://academic.oup.com/bjc/article-lookup/doi/10.1093/oxfordjournals.bjc.a014089
Connecting to academic.oup.com (academic.oup.com)|173.254.190.144|:443... connected.
HTTP request sent, awaiting response... 200 OK
Length: 66790 (65K) [text/html]
Saving to: ‘oxfordjournals.bjc.a014089’

     0K .......... .......... .......... .......... .......... 76%  209K 0s
    50K .......... .....                                      100% 18.4M=0.2s

2017-01-27 21:15:55 (271 KB/s) - ‘oxfordjournals.bjc.a014089’ saved [66790/66790]

--2017-01-27 21:15:56--  http://doi.org/10.1093/oxfordjournals.bjc.a014062
Connecting to doi.org (doi.org)|38.100.138.163|:80... connected.
HTTP request sent, awaiting response... 303 See Other
Location: https://academic.oup.com/bjc/article-lookup/doi/10.1093/oxfordjournals.bjc.a014062 [following]
--2017-01-27 21:15:58--  https://academic.oup.com/bjc/article-lookup/doi/10.1093/oxfordjournals.bjc.a014062
Connecting to academic.oup.com (academic.oup.com)|173.254.190.144|:443... connected.
HTTP request sent, awaiting response... 200 OK
Length: 68880 (67K) [text/html]
Saving to: ‘oxfordjournals.bjc.a014062’

     0K .......... .......... .......... .......... .......... 74%  208K 0s
    50K .......... .......                                    100% 15.1M=0.2s

2017-01-27 21:16:02 (279 KB/s) - ‘oxfordjournals.bjc.a014062’ saved [68880/68880]

--2017-01-27 21:16:03--  http://doi.org/10.1093/oxfordjournals.bjc.a014060
Connecting to doi.org (doi.org)|38.100.138.163|:80... connected.
HTTP request sent, awaiting response... 303 See Other
Location: https://academic.oup.com/bjc/article-lookup/doi/10.1093/oxfordjournals.bjc.a014060 [following]
--2017-01-27 21:16:04--  https://academic.oup.com/bjc/article-lookup/doi/10.1093/oxfordjournals.bjc.a014060
Connecting to academic.oup.com (academic.oup.com)|173.254.190.144|:443... connected.
HTTP request sent, awaiting response... 200 OK
Length: 69658 (68K) [text/html]
Saving to: ‘oxfordjournals.bjc.a014060’

     0K .......... .......... .......... .......... .......... 73%  208K 0s
    50K .......... ........                                   100% 15.8M=0.2s

2017-01-27 21:16:08 (282 KB/s) - ‘oxfordjournals.bjc.a014060’ saved [69658/69658]

--2017-01-27 21:16:09--  http://doi.org/10.1093/oxfordjournals.bjc.a014100
Connecting to doi.org (doi.org)|38.100.138.163|:80... connected.
HTTP request sent, awaiting response... 303 See Other
Location: https://academic.oup.com/bjc/article-lookup/doi/10.1093/oxfordjournals.bjc.a014100 [following]
--2017-01-27 21:16:10--  https://academic.oup.com/bjc/article-lookup/doi/10.1093/oxfordjournals.bjc.a014100
Connecting to academic.oup.com (academic.oup.com)|173.254.190.144|:443... connected.
HTTP request sent, awaiting response... 200 OK
Length: 70918 (69K) [text/html]
Saving to: ‘oxfordjournals.bjc.a014100’

     0K .......... .......... .......... .......... .......... 72%  209K 0s
    50K .......... .........                                  100% 15.9M=0.2s

2017-01-27 21:16:14 (288 KB/s) - ‘oxfordjournals.bjc.a014100’ saved [70918/70918]

--2017-01-27 21:16:15--  http://doi.org/10.1093/oxfordjournals.bjc.a014112
Connecting to doi.org (doi.org)|38.100.138.163|:80... connected.
HTTP request sent, awaiting response... 303 See Other
Location: https://academic.oup.com/bjc/article-lookup/doi/10.1093/oxfordjournals.bjc.a014112 [following]
--2017-01-27 21:16:16--  https://academic.oup.com/bjc/article-lookup/doi/10.1093/oxfordjournals.bjc.a014112
Connecting to academic.oup.com (academic.oup.com)|173.254.190.144|:443... connected.
HTTP request sent, awaiting response... 200 OK
Length: 70899 (69K) [text/html]
Saving to: ‘oxfordjournals.bjc.a014112’

     0K .......... .......... .......... .......... .......... 72%  208K 0s
    50K .......... .........                                  100% 10.5M=0.2s

2017-01-27 21:16:22 (286 KB/s) - ‘oxfordjournals.bjc.a014112’ saved [70899/70899]

--2017-01-27 21:16:23--  http://doi.org/10.1093/oxfordjournals.bjc.a014110
Connecting to doi.org (doi.org)|38.100.138.163|:80... connected.
HTTP request sent, awaiting response... 303 See Other
Location: https://academic.oup.com/bjc/article-lookup/doi/10.1093/oxfordjournals.bjc.a014110 [following]
--2017-01-27 21:16:25--  https://academic.oup.com/bjc/article-lookup/doi/10.1093/oxfordjournals.bjc.a014110
Connecting to academic.oup.com (academic.oup.com)|173.254.190.144|:443... connected.
HTTP request sent, awaiting response... 200 OK
Length: 74405 (73K) [text/html]
Saving to: ‘oxfordjournals.bjc.a014110’

     0K .......... .......... .......... .......... .......... 68%  209K 0s
    50K .......... .......... ..                              100% 9.89M=0.2s

2017-01-27 21:16:28 (301 KB/s) - ‘oxfordjournals.bjc.a014110’ saved [74405/74405]

--2017-01-27 21:16:29--  http://doi.org/10.1093/oxfordjournals.bjc.a014116
Connecting to doi.org (doi.org)|38.100.138.163|:80... connected.
HTTP request sent, awaiting response... 303 See Other
Location: https://academic.oup.com/bjc/article-lookup/doi/10.1093/oxfordjournals.bjc.a014116 [following]
--2017-01-27 21:16:30--  https://academic.oup.com/bjc/article-lookup/doi/10.1093/oxfordjournals.bjc.a014116
Connecting to academic.oup.com (academic.oup.com)|173.254.190.144|:443... connected.
HTTP request sent, awaiting response... 200 OK
Length: 66846 (65K) [text/html]
Saving to: ‘oxfordjournals.bjc.a014116’

     0K .......... .......... .......... .......... .......... 76%  208K 0s
    50K .......... .....                                      100% 13.9M=0.2s

2017-01-27 21:16:33 (271 KB/s) - ‘oxfordjournals.bjc.a014116’ saved [66846/66846]

--2017-01-27 21:16:34--  http://doi.org/10.1093/oxfordjournals.bjc.a014090
Connecting to doi.org (doi.org)|38.100.138.163|:80... connected.
HTTP request sent, awaiting response... 303 See Other
Location: https://academic.oup.com/bjc/article-lookup/doi/10.1093/oxfordjournals.bjc.a014090 [following]
--2017-01-27 21:16:35--  https://academic.oup.com/bjc/article-lookup/doi/10.1093/oxfordjournals.bjc.a014090
Connecting to academic.oup.com (academic.oup.com)|173.254.190.144|:443... connected.
HTTP request sent, awaiting response... 200 OK
Length: 66945 (65K) [text/html]
Saving to: ‘oxfordjournals.bjc.a014090’

     0K .......... .......... .......... .......... .......... 76%  209K 0s
    50K .......... .....                                      100% 11.8M=0.2s

2017-01-27 21:16:40 (272 KB/s) - ‘oxfordjournals.bjc.a014090’ saved [66945/66945]

--2017-01-27 21:16:41--  http://doi.org/10.1093/oxfordjournals.bjc.a014106
Connecting to doi.org (doi.org)|38.100.138.163|:80... connected.
HTTP request sent, awaiting response... 303 See Other
Location: https://academic.oup.com/bjc/article-lookup/doi/10.1093/oxfordjournals.bjc.a014106 [following]
--2017-01-27 21:16:42--  https://academic.oup.com/bjc/article-lookup/doi/10.1093/oxfordjournals.bjc.a014106
Connecting to academic.oup.com (academic.oup.com)|173.254.190.144|:443... connected.
HTTP request sent, awaiting response... 200 OK
Length: 74680 (73K) [text/html]
Saving to: ‘oxfordjournals.bjc.a014106’

     0K .......... .......... .......... .......... .......... 68%  209K 0s
    50K .......... .......... ..                              100% 9.11M=0.2s

2017-01-27 21:16:47 (302 KB/s) - ‘oxfordjournals.bjc.a014106’ saved [74680/74680]

--2017-01-27 21:16:48--  http://doi.org/10.1093/oxfordjournals.bjc.a014122
Connecting to doi.org (doi.org)|38.100.138.163|:80... connected.
HTTP request sent, awaiting response... 303 See Other
Location: https://academic.oup.com/bjc/article-lookup/doi/10.1093/oxfordjournals.bjc.a014122 [following]
--2017-01-27 21:16:49--  https://academic.oup.com/bjc/article-lookup/doi/10.1093/oxfordjournals.bjc.a014122
Connecting to academic.oup.com (academic.oup.com)|173.254.190.144|:443... connected.
HTTP request sent, awaiting response... 200 OK
Length: 66989 (65K) [text/html]
Saving to: ‘oxfordjournals.bjc.a014122’

     0K .......... .......... .......... .......... .......... 76%  309K 0s
    50K .......... .....                                      100%  197K=0.2s

2017-01-27 21:16:53 (273 KB/s) - ‘oxfordjournals.bjc.a014122’ saved [66989/66989]

--2017-01-27 21:16:54--  http://doi.org/10.1093/oxfordjournals.bjc.a014075
Connecting to doi.org (doi.org)|38.100.138.163|:80... connected.
HTTP request sent, awaiting response... 303 See Other
Location: https://academic.oup.com/bjc/article-lookup/doi/10.1093/oxfordjournals.bjc.a014075 [following]
--2017-01-27 21:16:55--  https://academic.oup.com/bjc/article-lookup/doi/10.1093/oxfordjournals.bjc.a014075
Connecting to academic.oup.com (academic.oup.com)|173.254.190.144|:443... connected.
HTTP request sent, awaiting response... 200 OK
Length: 79153 (77K) [text/html]
Saving to: ‘oxfordjournals.bjc.a014075’

     0K .......... .......... .......... .......... .......... 64%  209K 0s
    50K .......... .......... .......                         100% 10.4M=0.2s

2017-01-27 21:16:59 (320 KB/s) - ‘oxfordjournals.bjc.a014075’ saved [79153/79153]

--2017-01-27 21:17:00--  http://doi.org/10.1093/oxfordjournals.bjc.a014111
Connecting to doi.org (doi.org)|38.100.138.163|:80... connected.
HTTP request sent, awaiting response... 303 See Other
Location: https://academic.oup.com/bjc/article-lookup/doi/10.1093/oxfordjournals.bjc.a014111 [following]
--2017-01-27 21:17:01--  https://academic.oup.com/bjc/article-lookup/doi/10.1093/oxfordjournals.bjc.a014111
Connecting to academic.oup.com (academic.oup.com)|173.254.190.144|:443... connected.
HTTP request sent, awaiting response... 200 OK
Length: 83091 (81K) [text/html]
Saving to: ‘oxfordjournals.bjc.a014111’

     0K .......... .......... .......... .......... .......... 61%  208K 0s
    50K .......... .......... .......... .                    100% 10.2M=0.2s

2017-01-27 21:17:06 (334 KB/s) - ‘oxfordjournals.bjc.a014111’ saved [83091/83091]

--2017-01-27 21:17:07--  http://doi.org/10.1093/oxfordjournals.bjc.a014125
Connecting to doi.org (doi.org)|38.100.138.163|:80... connected.
HTTP request sent, awaiting response... 303 See Other
Location: https://academic.oup.com/bjc/article-lookup/doi/10.1093/oxfordjournals.bjc.a014125 [following]
--2017-01-27 21:17:08--  https://academic.oup.com/bjc/article-lookup/doi/10.1093/oxfordjournals.bjc.a014125
Connecting to academic.oup.com (academic.oup.com)|173.254.190.144|:443... connected.
HTTP request sent, awaiting response... 200 OK
Length: 67093 (66K) [text/html]
Saving to: ‘oxfordjournals.bjc.a014125’

     0K .......... .......... .......... .......... .......... 76%  209K 0s
    50K .......... .....                                      100% 13.5M=0.2s

2017-01-27 21:17:11 (272 KB/s) - ‘oxfordjournals.bjc.a014125’ saved [67093/67093]

--2017-01-27 21:17:12--  http://doi.org/10.1093/oxfordjournals.bjc.a014081
Connecting to doi.org (doi.org)|38.100.138.163|:80... connected.
HTTP request sent, awaiting response... 303 See Other
Location: https://academic.oup.com/bjc/article-lookup/doi/10.1093/oxfordjournals.bjc.a014081 [following]
--2017-01-27 21:17:13--  https://academic.oup.com/bjc/article-lookup/doi/10.1093/oxfordjournals.bjc.a014081
Connecting to academic.oup.com (academic.oup.com)|173.254.190.144|:443... connected.
HTTP request sent, awaiting response... 200 OK
Length: 70454 (69K) [text/html]
Saving to: ‘oxfordjournals.bjc.a014081’

     0K .......... .......... .......... .......... .......... 72%  208K 0s
    50K .......... ........                                   100% 14.1M=0.2s

2017-01-27 21:17:16 (285 KB/s) - ‘oxfordjournals.bjc.a014081’ saved [70454/70454]

--2017-01-27 21:17:17--  http://doi.org/10.1093/oxfordjournals.bjc.a014087
Connecting to doi.org (doi.org)|38.100.138.163|:80... connected.
HTTP request sent, awaiting response... 303 See Other
Location: https://academic.oup.com/bjc/article-lookup/doi/10.1093/oxfordjournals.bjc.a014087 [following]
--2017-01-27 21:17:19--  https://academic.oup.com/bjc/article-lookup/doi/10.1093/oxfordjournals.bjc.a014087
Connecting to academic.oup.com (academic.oup.com)|173.254.190.144|:443... connected.
HTTP request sent, awaiting response... 200 OK
Length: 85148 (83K) [text/html]
Saving to: ‘oxfordjournals.bjc.a014087’

     0K .......... .......... .......... .......... .......... 60%  311K 0s
    50K .......... .......... .......... ...                  100%  412K=0.2s

2017-01-27 21:17:23 (345 KB/s) - ‘oxfordjournals.bjc.a014087’ saved [85148/85148]

--2017-01-27 21:17:24--  http://doi.org/10.1093/oxfordjournals.bjc.a014108
Connecting to doi.org (doi.org)|38.100.138.163|:80... connected.
HTTP request sent, awaiting response... 303 See Other
Location: https://academic.oup.com/bjc/article-lookup/doi/10.1093/oxfordjournals.bjc.a014108 [following]
--2017-01-27 21:17:25--  https://academic.oup.com/bjc/article-lookup/doi/10.1093/oxfordjournals.bjc.a014108
Connecting to academic.oup.com (academic.oup.com)|173.254.190.144|:443... connected.
HTTP request sent, awaiting response... 200 OK
Length: 84866 (83K) [text/html]
Saving to: ‘oxfordjournals.bjc.a014108’

     0K .......... .......... .......... .......... .......... 60%  209K 0s
    50K .......... .......... .......... ..                   100% 13.9M=0.2s

2017-01-27 21:17:29 (343 KB/s) - ‘oxfordjournals.bjc.a014108’ saved [84866/84866]

--2017-01-27 21:17:30--  http://doi.org/10.1093/oxfordjournals.bjc.a014079
Connecting to doi.org (doi.org)|38.100.138.163|:80... connected.
HTTP request sent, awaiting response... 303 See Other
Location: https://academic.oup.com/bjc/article-lookup/doi/10.1093/oxfordjournals.bjc.a014079 [following]
--2017-01-27 21:17:31--  https://academic.oup.com/bjc/article-lookup/doi/10.1093/oxfordjournals.bjc.a014079
Connecting to academic.oup.com (academic.oup.com)|173.254.190.144|:443... connected.
HTTP request sent, awaiting response... 200 OK
Length: 83995 (82K) [text/html]
Saving to: ‘oxfordjournals.bjc.a014079’

     0K .......... .......... .......... .......... .......... 60%  209K 0s
    50K .......... .......... .......... ..                   100% 5.92M=0.2s

2017-01-27 21:17:35 (336 KB/s) - ‘oxfordjournals.bjc.a014079’ saved [83995/83995]

--2017-01-27 21:17:36--  http://doi.org/10.1093/oxfordjournals.bjc.a014115
Connecting to doi.org (doi.org)|38.100.138.163|:80... connected.
HTTP request sent, awaiting response... 303 See Other
Location: https://academic.oup.com/bjc/article-lookup/doi/10.1093/oxfordjournals.bjc.a014115 [following]
--2017-01-27 21:17:37--  https://academic.oup.com/bjc/article-lookup/doi/10.1093/oxfordjournals.bjc.a014115
Connecting to academic.oup.com (academic.oup.com)|173.254.190.144|:443... connected.
HTTP request sent, awaiting response... 200 OK
Length: 66624 (65K) [text/html]
Saving to: ‘oxfordjournals.bjc.a014115’

     0K .......... .......... .......... .......... .......... 76%  209K 0s
    50K .......... .....                                      100% 13.7M=0.2s

2017-01-27 21:17:40 (271 KB/s) - ‘oxfordjournals.bjc.a014115’ saved [66624/66624]

--2017-01-27 21:17:41--  http://doi.org/10.1093/oxfordjournals.bjc.a014119
Connecting to doi.org (doi.org)|38.100.138.163|:80... connected.
HTTP request sent, awaiting response... 303 See Other
Location: https://academic.oup.com/bjc/article-lookup/doi/10.1093/oxfordjournals.bjc.a014119 [following]
--2017-01-27 21:17:42--  https://academic.oup.com/bjc/article-lookup/doi/10.1093/oxfordjournals.bjc.a014119
Connecting to academic.oup.com (academic.oup.com)|173.254.190.144|:443... connected.
HTTP request sent, awaiting response... 200 OK
Length: 66702 (65K) [text/html]
Saving to: ‘oxfordjournals.bjc.a014119’

     0K .......... .......... .......... .......... .......... 76%  310K 0s
    50K .......... .....                                      100%  193K=0.2s

2017-01-27 21:17:46 (271 KB/s) - ‘oxfordjournals.bjc.a014119’ saved [66702/66702]

--2017-01-27 21:17:47--  http://doi.org/10.1093/oxfordjournals.bjc.a014080
Connecting to doi.org (doi.org)|38.100.138.163|:80... connected.
HTTP request sent, awaiting response... 303 See Other
Location: https://academic.oup.com/bjc/article-lookup/doi/10.1093/oxfordjournals.bjc.a014080 [following]
--2017-01-27 21:17:48--  https://academic.oup.com/bjc/article-lookup/doi/10.1093/oxfordjournals.bjc.a014080
Connecting to academic.oup.com (academic.oup.com)|173.254.190.144|:443... connected.
HTTP request sent, awaiting response... 200 OK
Length: 69326 (68K) [text/html]
Saving to: ‘oxfordjournals.bjc.a014080’

     0K .......... .......... .......... .......... .......... 73%  309K 0s
    50K .......... .......                                    100%  224K=0.2s

2017-01-27 21:17:51 (281 KB/s) - ‘oxfordjournals.bjc.a014080’ saved [69326/69326]

--2017-01-27 21:17:52--  http://doi.org/10.1093/oxfordjournals.bjc.a014105
Connecting to doi.org (doi.org)|38.100.138.163|:80... connected.
HTTP request sent, awaiting response... 303 See Other
Location: https://academic.oup.com/bjc/article-lookup/doi/10.1093/oxfordjournals.bjc.a014105 [following]
--2017-01-27 21:17:54--  https://academic.oup.com/bjc/article-lookup/doi/10.1093/oxfordjournals.bjc.a014105
Connecting to academic.oup.com (academic.oup.com)|173.254.190.144|:443... connected.
HTTP request sent, awaiting response... 200 OK
Length: 68711 (67K) [text/html]
Saving to: ‘oxfordjournals.bjc.a014105’

     0K .......... .......... .......... .......... .......... 74%  208K 0s
    50K .......... .......                                    100% 15.2M=0.2s

2017-01-27 21:17:57 (278 KB/s) - ‘oxfordjournals.bjc.a014105’ saved [68711/68711]

--2017-01-27 21:17:58--  http://doi.org/10.1093/oxfordjournals.bjc.a014117
Connecting to doi.org (doi.org)|38.100.138.163|:80... connected.
HTTP request sent, awaiting response... 303 See Other
Location: https://academic.oup.com/bjc/article-lookup/doi/10.1093/oxfordjournals.bjc.a014117 [following]
--2017-01-27 21:17:59--  https://academic.oup.com/bjc/article-lookup/doi/10.1093/oxfordjournals.bjc.a014117
Connecting to academic.oup.com (academic.oup.com)|173.254.190.144|:443... connected.
HTTP request sent, awaiting response... 200 OK
Length: 67026 (65K) [text/html]
Saving to: ‘oxfordjournals.bjc.a014117’

     0K .......... .......... .......... .......... .......... 76%  209K 0s
    50K .......... .....                                      100% 13.9M=0.2s

2017-01-27 21:18:03 (272 KB/s) - ‘oxfordjournals.bjc.a014117’ saved [67026/67026]

--2017-01-27 21:18:04--  http://doi.org/10.1093/oxfordjournals.bjc.a014078
Connecting to doi.org (doi.org)|38.100.138.163|:80... connected.
HTTP request sent, awaiting response... 303 See Other
Location: https://academic.oup.com/bjc/article-lookup/doi/10.1093/oxfordjournals.bjc.a014078 [following]
--2017-01-27 21:18:05--  https://academic.oup.com/bjc/article-lookup/doi/10.1093/oxfordjournals.bjc.a014078
Connecting to academic.oup.com (academic.oup.com)|173.254.190.144|:443... connected.
HTTP request sent, awaiting response... 200 OK
Length: 67732 (66K) [text/html]
Saving to: ‘oxfordjournals.bjc.a014078’

     0K .......... .......... .......... .......... .......... 75%  209K 0s
    50K .......... ......                                     100% 13.3M=0.2s

2017-01-27 21:18:10 (275 KB/s) - ‘oxfordjournals.bjc.a014078’ saved [67732/67732]

--2017-01-27 21:18:11--  http://doi.org/10.1093/oxfordjournals.bjc.a014206
Connecting to doi.org (doi.org)|38.100.138.163|:80... connected.
HTTP request sent, awaiting response... 303 See Other
Location: https://academic.oup.com/bjc/article-lookup/doi/10.1093/oxfordjournals.bjc.a014206 [following]
--2017-01-27 21:18:12--  https://academic.oup.com/bjc/article-lookup/doi/10.1093/oxfordjournals.bjc.a014206
Connecting to academic.oup.com (academic.oup.com)|173.254.190.144|:443... connected.
HTTP request sent, awaiting response... 200 OK
Length: 66533 (65K) [text/html]
Saving to: ‘oxfordjournals.bjc.a014206’

     0K .......... .......... .......... .......... .......... 76%  209K 0s
    50K .......... ....                                       100% 15.6M=0.2s

2017-01-27 21:18:16 (271 KB/s) - ‘oxfordjournals.bjc.a014206’ saved [66533/66533]

--2017-01-27 21:18:17--  http://doi.org/10.1093/oxfordjournals.bjc.a014147
Connecting to doi.org (doi.org)|38.100.138.163|:80... connected.
HTTP request sent, awaiting response... 303 See Other
Location: https://academic.oup.com/bjc/article-lookup/doi/10.1093/oxfordjournals.bjc.a014147 [following]
--2017-01-27 21:18:18--  https://academic.oup.com/bjc/article-lookup/doi/10.1093/oxfordjournals.bjc.a014147
Connecting to academic.oup.com (academic.oup.com)|173.254.190.144|:443... connected.
HTTP request sent, awaiting response... 200 OK
Length: 64204 (63K) [text/html]
Saving to: ‘oxfordjournals.bjc.a014147’

     0K .......... .......... .......... .......... .......... 79%  209K 0s
    50K .......... ..                                         100% 17.4M=0.2s

2017-01-27 21:18:21 (261 KB/s) - ‘oxfordjournals.bjc.a014147’ saved [64204/64204]

--2017-01-27 21:18:22--  http://doi.org/10.1093/oxfordjournals.bjc.a014137
Connecting to doi.org (doi.org)|38.100.138.163|:80... connected.
HTTP request sent, awaiting response... 303 See Other
Location: https://academic.oup.com/bjc/article-lookup/doi/10.1093/oxfordjournals.bjc.a014137 [following]
--2017-01-27 21:18:23--  https://academic.oup.com/bjc/article-lookup/doi/10.1093/oxfordjournals.bjc.a014137
Connecting to academic.oup.com (academic.oup.com)|173.254.190.144|:443... connected.
HTTP request sent, awaiting response... 200 OK
Length: 66796 (65K) [text/html]
Saving to: ‘oxfordjournals.bjc.a014137’

     0K .......... .......... .......... .......... .......... 76%  209K 0s
    50K .......... .....                                      100% 13.6M=0.2s

2017-01-27 21:18:27 (271 KB/s) - ‘oxfordjournals.bjc.a014137’ saved [66796/66796]

--2017-01-27 21:18:28--  http://doi.org/10.1093/oxfordjournals.bjc.a014191
Connecting to doi.org (doi.org)|38.100.138.163|:80... connected.
HTTP request sent, awaiting response... 303 See Other
Location: https://academic.oup.com/bjc/article-lookup/doi/10.1093/oxfordjournals.bjc.a014191 [following]
--2017-01-27 21:18:29--  https://academic.oup.com/bjc/article-lookup/doi/10.1093/oxfordjournals.bjc.a014191
Connecting to academic.oup.com (academic.oup.com)|173.254.190.144|:443... connected.
HTTP request sent, awaiting response... 200 OK
Length: 66721 (65K) [text/html]
Saving to: ‘oxfordjournals.bjc.a014191’

     0K .......... .......... .......... .......... .......... 76%  208K 0s
    50K .......... .....                                      100% 15.9M=0.2s

2017-01-27 21:18:32 (270 KB/s) - ‘oxfordjournals.bjc.a014191’ saved [66721/66721]

--2017-01-27 21:18:33--  http://doi.org/10.1093/oxfordjournals.bjc.a014156
Connecting to doi.org (doi.org)|38.100.138.163|:80... connected.
HTTP request sent, awaiting response... 303 See Other
Location: https://academic.oup.com/bjc/article-lookup/doi/10.1093/oxfordjournals.bjc.a014156 [following]
--2017-01-27 21:18:34--  https://academic.oup.com/bjc/article-lookup/doi/10.1093/oxfordjournals.bjc.a014156
Connecting to academic.oup.com (academic.oup.com)|173.254.190.144|:443... connected.
HTTP request sent, awaiting response... 200 OK
Length: 72438 (71K) [text/html]
Saving to: ‘oxfordjournals.bjc.a014156’

     0K .......... .......... .......... .......... .......... 70%  208K 0s
    50K .......... ..........                                 100% 14.4M=0.2s

2017-01-27 21:18:38 (292 KB/s) - ‘oxfordjournals.bjc.a014156’ saved [72438/72438]

--2017-01-27 21:18:39--  http://doi.org/10.1093/oxfordjournals.bjc.a014198
Connecting to doi.org (doi.org)|38.100.138.163|:80... connected.
HTTP request sent, awaiting response... 303 See Other
Location: https://academic.oup.com/bjc/article-lookup/doi/10.1093/oxfordjournals.bjc.a014198 [following]
--2017-01-27 21:18:40--  https://academic.oup.com/bjc/article-lookup/doi/10.1093/oxfordjournals.bjc.a014198
Connecting to academic.oup.com (academic.oup.com)|173.254.190.144|:443... connected.
HTTP request sent, awaiting response... 200 OK
Length: 71806 (70K) [text/html]
Saving to: ‘oxfordjournals.bjc.a014198’

     0K .......... .......... .......... .......... .......... 71%  308K 0s
    50K .......... ..........                                 100%  254K=0.2s

2017-01-27 21:18:44 (290 KB/s) - ‘oxfordjournals.bjc.a014198’ saved [71806/71806]

--2017-01-27 21:18:45--  http://doi.org/10.1093/oxfordjournals.bjc.a014153
Connecting to doi.org (doi.org)|38.100.138.163|:80... connected.
HTTP request sent, awaiting response... 303 See Other
Location: https://academic.oup.com/bjc/article-lookup/doi/10.1093/oxfordjournals.bjc.a014153 [following]
--2017-01-27 21:18:46--  https://academic.oup.com/bjc/article-lookup/doi/10.1093/oxfordjournals.bjc.a014153
Connecting to academic.oup.com (academic.oup.com)|173.254.190.144|:443... connected.
HTTP request sent, awaiting response... 200 OK
Length: 71675 (70K) [text/html]
Saving to: ‘oxfordjournals.bjc.a014153’

     0K .......... .......... .......... .......... .......... 71%  208K 0s
    50K .......... .........                                  100% 12.1M=0.2s

2017-01-27 21:18:49 (290 KB/s) - ‘oxfordjournals.bjc.a014153’ saved [71675/71675]

--2017-01-27 21:18:50--  http://doi.org/10.1093/oxfordjournals.bjc.a014200
Connecting to doi.org (doi.org)|38.100.138.163|:80... connected.
HTTP request sent, awaiting response... 303 See Other
Location: https://academic.oup.com/bjc/article-lookup/doi/10.1093/oxfordjournals.bjc.a014200 [following]
--2017-01-27 21:18:52--  https://academic.oup.com/bjc/article-lookup/doi/10.1093/oxfordjournals.bjc.a014200
Connecting to academic.oup.com (academic.oup.com)|173.254.190.144|:443... connected.
HTTP request sent, awaiting response... 200 OK
Length: 71253 (70K) [text/html]
Saving to: ‘oxfordjournals.bjc.a014200’

     0K .......... .......... .......... .......... .......... 71%  209K 0s
    50K .......... .........                                  100% 6.97M=0.2s

2017-01-27 21:18:55 (287 KB/s) - ‘oxfordjournals.bjc.a014200’ saved [71253/71253]

--2017-01-27 21:18:56--  http://doi.org/10.1093/oxfordjournals.bjc.a014197
Connecting to doi.org (doi.org)|38.100.138.163|:80... connected.
HTTP request sent, awaiting response... 303 See Other
Location: https://academic.oup.com/bjc/article-lookup/doi/10.1093/oxfordjournals.bjc.a014197 [following]
--2017-01-27 21:18:58--  https://academic.oup.com/bjc/article-lookup/doi/10.1093/oxfordjournals.bjc.a014197
Connecting to academic.oup.com (academic.oup.com)|173.254.190.144|:443... connected.
HTTP request sent, awaiting response... 200 OK
Length: 70515 (69K) [text/html]
Saving to: ‘oxfordjournals.bjc.a014197’

     0K .......... .......... .......... .......... .......... 72%  209K 0s
    50K .......... ........                                   100% 15.6M=0.2s

2017-01-27 21:19:01 (286 KB/s) - ‘oxfordjournals.bjc.a014197’ saved [70515/70515]

--2017-01-27 21:19:02--  http://doi.org/10.1093/oxfordjournals.bjc.a014210
Connecting to doi.org (doi.org)|38.100.138.163|:80... connected.
HTTP request sent, awaiting response... 303 See Other
Location: https://academic.oup.com/bjc/article-lookup/doi/10.1093/oxfordjournals.bjc.a014210 [following]
--2017-01-27 21:19:03--  https://academic.oup.com/bjc/article-lookup/doi/10.1093/oxfordjournals.bjc.a014210
Connecting to academic.oup.com (academic.oup.com)|173.254.190.144|:443... connected.
HTTP request sent, awaiting response... 200 OK
Length: 66610 (65K) [text/html]
Saving to: ‘oxfordjournals.bjc.a014210’

     0K .......... .......... .......... .......... .......... 76%  208K 0s
    50K .......... .....                                      100% 15.6M=0.2s

2017-01-27 21:19:07 (270 KB/s) - ‘oxfordjournals.bjc.a014210’ saved [66610/66610]

--2017-01-27 21:19:08--  http://doi.org/10.1093/oxfordjournals.bjc.a014179
Connecting to doi.org (doi.org)|38.100.138.163|:80... connected.
HTTP request sent, awaiting response... 303 See Other
Location: https://academic.oup.com/bjc/article-lookup/doi/10.1093/oxfordjournals.bjc.a014179 [following]
--2017-01-27 21:19:09--  https://academic.oup.com/bjc/article-lookup/doi/10.1093/oxfordjournals.bjc.a014179
Connecting to academic.oup.com (academic.oup.com)|173.254.190.144|:443... connected.
HTTP request sent, awaiting response... 200 OK
Length: 71195 (70K) [text/html]
Saving to: ‘oxfordjournals.bjc.a014179’

     0K .......... .......... .......... .......... .......... 71%  208K 0s
    50K .......... .........                                  100% 19.1M=0.2s

2017-01-27 21:19:12 (289 KB/s) - ‘oxfordjournals.bjc.a014179’ saved [71195/71195]

--2017-01-27 21:19:13--  http://doi.org/10.1093/oxfordjournals.bjc.a014145
Connecting to doi.org (doi.org)|38.100.138.163|:80... connected.
HTTP request sent, awaiting response... 303 See Other
Location: https://academic.oup.com/bjc/article-lookup/doi/10.1093/oxfordjournals.bjc.a014145 [following]
--2017-01-27 21:19:14--  https://academic.oup.com/bjc/article-lookup/doi/10.1093/oxfordjournals.bjc.a014145
Connecting to academic.oup.com (academic.oup.com)|173.254.190.144|:443... connected.
HTTP request sent, awaiting response... 200 OK
Length: 66618 (65K) [text/html]
Saving to: ‘oxfordjournals.bjc.a014145’

     0K .......... .......... .......... .......... .......... 76%  208K 0s
    50K .......... .....                                      100% 14.2M=0.2s

2017-01-27 21:19:18 (270 KB/s) - ‘oxfordjournals.bjc.a014145’ saved [66618/66618]

--2017-01-27 21:19:19--  http://doi.org/10.1093/oxfordjournals.bjc.a014140
Connecting to doi.org (doi.org)|38.100.138.163|:80... connected.
HTTP request sent, awaiting response... 303 See Other
Location: https://academic.oup.com/bjc/article-lookup/doi/10.1093/oxfordjournals.bjc.a014140 [following]
--2017-01-27 21:19:20--  https://academic.oup.com/bjc/article-lookup/doi/10.1093/oxfordjournals.bjc.a014140
Connecting to academic.oup.com (academic.oup.com)|173.254.190.144|:443... connected.
HTTP request sent, awaiting response... 200 OK
Length: 68770 (67K) [text/html]
Saving to: ‘oxfordjournals.bjc.a014140’

     0K .......... .......... .......... .......... .......... 74%  309K 0s
    50K .......... .......                                    100%  218K=0.2s

2017-01-27 21:19:23 (279 KB/s) - ‘oxfordjournals.bjc.a014140’ saved [68770/68770]

--2017-01-27 21:19:24--  http://doi.org/10.1093/oxfordjournals.bjc.a014188
Connecting to doi.org (doi.org)|38.100.138.163|:80... connected.
HTTP request sent, awaiting response... 303 See Other
Location: https://academic.oup.com/bjc/article-lookup/doi/10.1093/oxfordjournals.bjc.a014188 [following]
--2017-01-27 21:19:25--  https://academic.oup.com/bjc/article-lookup/doi/10.1093/oxfordjournals.bjc.a014188
Connecting to academic.oup.com (academic.oup.com)|173.254.190.144|:443... connected.
HTTP request sent, awaiting response... 200 OK
Length: 66865 (65K) [text/html]
Saving to: ‘oxfordjournals.bjc.a014188’

     0K .......... .......... .......... .......... .......... 76%  209K 0s
    50K .......... .....                                      100% 18.3M=0.2s

2017-01-27 21:19:28 (272 KB/s) - ‘oxfordjournals.bjc.a014188’ saved [66865/66865]

--2017-01-27 21:19:29--  http://doi.org/10.1093/oxfordjournals.bjc.a014148
Connecting to doi.org (doi.org)|38.100.138.163|:80... connected.
HTTP request sent, awaiting response... 303 See Other
Location: https://academic.oup.com/bjc/article-lookup/doi/10.1093/oxfordjournals.bjc.a014148 [following]
--2017-01-27 21:19:31--  https://academic.oup.com/bjc/article-lookup/doi/10.1093/oxfordjournals.bjc.a014148
Connecting to academic.oup.com (academic.oup.com)|173.254.190.144|:443... connected.
HTTP request sent, awaiting response... 200 OK
Length: 83480 (82K) [text/html]
Saving to: ‘oxfordjournals.bjc.a014148’

     0K .......... .......... .......... .......... .......... 61%  208K 0s
    50K .......... .......... .......... .                    100% 9.31M=0.2s

2017-01-27 21:19:59 (335 KB/s) - ‘oxfordjournals.bjc.a014148’ saved [83480/83480]

--2017-01-27 21:20:00--  http://doi.org/10.1093/oxfordjournals.bjc.a014171
Connecting to doi.org (doi.org)|38.100.138.163|:80... connected.
HTTP request sent, awaiting response... 303 See Other
Location: https://academic.oup.com/bjc/article-lookup/doi/10.1093/oxfordjournals.bjc.a014171 [following]
--2017-01-27 21:20:01--  https://academic.oup.com/bjc/article-lookup/doi/10.1093/oxfordjournals.bjc.a014171
Connecting to academic.oup.com (academic.oup.com)|173.254.190.144|:443... connected.
HTTP request sent, awaiting response... 200 OK
Length: 64157 (63K) [text/html]
Saving to: ‘oxfordjournals.bjc.a014171’

     0K .......... .......... .......... .......... .......... 79%  208K 0s
    50K .......... ..                                         100% 18.1M=0.2s

2017-01-27 21:20:06 (261 KB/s) - ‘oxfordjournals.bjc.a014171’ saved [64157/64157]

--2017-01-27 21:20:07--  http://doi.org/10.1093/oxfordjournals.bjc.a014129
Connecting to doi.org (doi.org)|38.100.138.163|:80... connected.
HTTP request sent, awaiting response... 303 See Other
Location: https://academic.oup.com/bjc/article-lookup/doi/10.1093/oxfordjournals.bjc.a014129 [following]
--2017-01-27 21:20:08--  https://academic.oup.com/bjc/article-lookup/doi/10.1093/oxfordjournals.bjc.a014129
Connecting to academic.oup.com (academic.oup.com)|173.254.190.144|:443... connected.
HTTP request sent, awaiting response... 200 OK
Length: 70371 (69K) [text/html]
Saving to: ‘oxfordjournals.bjc.a014129’

     0K .......... .......... .......... .......... .......... 72%  208K 0s
    50K .......... ........                                   100% 12.9M=0.2s

2017-01-27 21:20:12 (285 KB/s) - ‘oxfordjournals.bjc.a014129’ saved [70371/70371]

--2017-01-27 21:20:13--  http://doi.org/10.1093/oxfordjournals.bjc.a014131
Connecting to doi.org (doi.org)|38.100.138.163|:80... connected.
HTTP request sent, awaiting response... 303 See Other
Location: https://academic.oup.com/bjc/article-lookup/doi/10.1093/oxfordjournals.bjc.a014131 [following]
--2017-01-27 21:20:14--  https://academic.oup.com/bjc/article-lookup/doi/10.1093/oxfordjournals.bjc.a014131
Connecting to academic.oup.com (academic.oup.com)|173.254.190.144|:443... connected.
HTTP request sent, awaiting response... 200 OK
Length: 67074 (66K) [text/html]
Saving to: ‘oxfordjournals.bjc.a014131’

     0K .......... .......... .......... .......... .......... 76%  209K 0s
    50K .......... .....                                      100% 12.8M=0.2s

2017-01-27 21:20:18 (272 KB/s) - ‘oxfordjournals.bjc.a014131’ saved [67074/67074]

--2017-01-27 21:20:19--  http://doi.org/10.1093/oxfordjournals.bjc.a014201
Connecting to doi.org (doi.org)|38.100.138.163|:80... connected.
HTTP request sent, awaiting response... 303 See Other
Location: https://academic.oup.com/bjc/article-lookup/doi/10.1093/oxfordjournals.bjc.a014201 [following]
--2017-01-27 21:20:20--  https://academic.oup.com/bjc/article-lookup/doi/10.1093/oxfordjournals.bjc.a014201
Connecting to academic.oup.com (academic.oup.com)|173.254.190.144|:443... connected.
HTTP request sent, awaiting response... 200 OK
Length: 71742 (70K) [text/html]
Saving to: ‘oxfordjournals.bjc.a014201’

     0K .......... .......... .......... .......... .......... 71%  209K 0s
    50K .......... ..........                                 100% 14.4M=0.2s

2017-01-27 21:20:23 (291 KB/s) - ‘oxfordjournals.bjc.a014201’ saved [71742/71742]

--2017-01-27 21:20:24--  http://doi.org/10.1093/oxfordjournals.bjc.a014199
Connecting to doi.org (doi.org)|38.100.138.163|:80... connected.
HTTP request sent, awaiting response... 303 See Other
Location: https://academic.oup.com/bjc/article-lookup/doi/10.1093/oxfordjournals.bjc.a014199 [following]
--2017-01-27 21:20:26--  https://academic.oup.com/bjc/article-lookup/doi/10.1093/oxfordjournals.bjc.a014199
Connecting to academic.oup.com (academic.oup.com)|173.254.190.144|:443... connected.
HTTP request sent, awaiting response... 200 OK
Length: 73207 (71K) [text/html]
Saving to: ‘oxfordjournals.bjc.a014199’

     0K .......... .......... .......... .......... .......... 69%  208K 0s
    50K .......... .......... .                               100% 11.1M=0.2s

2017-01-27 21:20:31 (294 KB/s) - ‘oxfordjournals.bjc.a014199’ saved [73207/73207]

--2017-01-27 21:20:32--  http://doi.org/10.1093/oxfordjournals.bjc.a014152
Connecting to doi.org (doi.org)|38.100.138.163|:80... connected.
HTTP request sent, awaiting response... 303 See Other
Location: https://academic.oup.com/bjc/article-lookup/doi/10.1093/oxfordjournals.bjc.a014152 [following]
--2017-01-27 21:20:33--  https://academic.oup.com/bjc/article-lookup/doi/10.1093/oxfordjournals.bjc.a014152
Connecting to academic.oup.com (academic.oup.com)|173.254.190.144|:443... connected.
HTTP request sent, awaiting response... 200 OK
Length: 69464 (68K) [text/html]
Saving to: ‘oxfordjournals.bjc.a014152’

     0K .......... .......... .......... .......... .......... 73%  208K 0s
    50K .......... .......                                    100% 11.3M=0.2s

2017-01-27 21:20:37 (281 KB/s) - ‘oxfordjournals.bjc.a014152’ saved [69464/69464]

--2017-01-27 21:20:38--  http://doi.org/10.1093/oxfordjournals.bjc.a014168
Connecting to doi.org (doi.org)|38.100.138.163|:80... connected.
HTTP request sent, awaiting response... 303 See Other
Location: https://academic.oup.com/bjc/article-lookup/doi/10.1093/oxfordjournals.bjc.a014168 [following]
--2017-01-27 21:20:39--  https://academic.oup.com/bjc/article-lookup/doi/10.1093/oxfordjournals.bjc.a014168
Connecting to academic.oup.com (academic.oup.com)|173.254.190.144|:443... connected.
HTTP request sent, awaiting response... 200 OK
Length: 66458 (65K) [text/html]
Saving to: ‘oxfordjournals.bjc.a014168’

     0K .......... .......... .......... .......... .......... 77%  207K 0s
    50K .......... ....                                       100% 14.2M=0.2s

2017-01-27 21:20:42 (268 KB/s) - ‘oxfordjournals.bjc.a014168’ saved [66458/66458]

--2017-01-27 21:20:43--  http://doi.org/10.1093/oxfordjournals.bjc.a014170
Connecting to doi.org (doi.org)|38.100.138.163|:80... connected.
HTTP request sent, awaiting response... 303 See Other
Location: https://academic.oup.com/bjc/article-lookup/doi/10.1093/oxfordjournals.bjc.a014170 [following]
--2017-01-27 21:20:44--  https://academic.oup.com/bjc/article-lookup/doi/10.1093/oxfordjournals.bjc.a014170
Connecting to academic.oup.com (academic.oup.com)|173.254.190.144|:443... connected.
HTTP request sent, awaiting response... 200 OK
Length: 64274 (63K) [text/html]
Saving to: ‘oxfordjournals.bjc.a014170’

     0K .......... .......... .......... .......... .......... 79%  208K 0s
    50K .......... ..                                         100% 17.0M=0.2s

2017-01-27 21:20:48 (261 KB/s) - ‘oxfordjournals.bjc.a014170’ saved [64274/64274]

--2017-01-27 21:20:49--  http://doi.org/10.1093/oxfordjournals.bjc.a014176
Connecting to doi.org (doi.org)|38.100.138.163|:80... connected.
HTTP request sent, awaiting response... 303 See Other
Location: https://academic.oup.com/bjc/article-lookup/doi/10.1093/oxfordjournals.bjc.a014176 [following]
--2017-01-27 21:20:51--  https://academic.oup.com/bjc/article-lookup/doi/10.1093/oxfordjournals.bjc.a014176
Connecting to academic.oup.com (academic.oup.com)|173.254.190.144|:443... connected.
HTTP request sent, awaiting response... 200 OK
Length: 69388 (68K) [text/html]
Saving to: ‘oxfordjournals.bjc.a014176’

     0K .......... .......... .......... .......... .......... 73%  209K 0s
    50K .......... .......                                    100% 17.3M=0.2s

2017-01-27 21:20:54 (282 KB/s) - ‘oxfordjournals.bjc.a014176’ saved [69388/69388]

--2017-01-27 21:20:55--  http://doi.org/10.1093/oxfordjournals.bjc.a014180
Connecting to doi.org (doi.org)|38.100.138.163|:80... connected.
HTTP request sent, awaiting response... 303 See Other
Location: https://academic.oup.com/bjc/article-lookup/doi/10.1093/oxfordjournals.bjc.a014180 [following]
--2017-01-27 21:20:56--  https://academic.oup.com/bjc/article-lookup/doi/10.1093/oxfordjournals.bjc.a014180
Connecting to academic.oup.com (academic.oup.com)|173.254.190.144|:443... connected.
HTTP request sent, awaiting response... 200 OK
Length: 71790 (70K) [text/html]
Saving to: ‘oxfordjournals.bjc.a014180’

     0K .......... .......... .......... .......... .......... 71%  209K 0s
    50K .......... ..........                                 100% 10.7M=0.2s

2017-01-27 21:21:03 (291 KB/s) - ‘oxfordjournals.bjc.a014180’ saved [71790/71790]

--2017-01-27 21:21:04--  http://doi.org/10.1093/oxfordjournals.bjc.a014185
Connecting to doi.org (doi.org)|38.100.138.163|:80... connected.
HTTP request sent, awaiting response... 303 See Other
Location: https://academic.oup.com/bjc/article-lookup/doi/10.1093/oxfordjournals.bjc.a014185 [following]
--2017-01-27 21:21:05--  https://academic.oup.com/bjc/article-lookup/doi/10.1093/oxfordjournals.bjc.a014185
Connecting to academic.oup.com (academic.oup.com)|173.254.190.144|:443... connected.
HTTP request sent, awaiting response... 200 OK
Length: 66507 (65K) [text/html]
Saving to: ‘oxfordjournals.bjc.a014185’

     0K .......... .......... .......... .......... .......... 76%  209K 0s
    50K .......... ....                                       100% 18.5M=0.2s

2017-01-27 21:21:09 (270 KB/s) - ‘oxfordjournals.bjc.a014185’ saved [66507/66507]

--2017-01-27 21:21:10--  http://doi.org/10.1093/oxfordjournals.bjc.a014159
Connecting to doi.org (doi.org)|38.100.138.163|:80... connected.
HTTP request sent, awaiting response... 303 See Other
Location: https://academic.oup.com/bjc/article-lookup/doi/10.1093/oxfordjournals.bjc.a014159 [following]
--2017-01-27 21:21:11--  https://academic.oup.com/bjc/article-lookup/doi/10.1093/oxfordjournals.bjc.a014159
Connecting to academic.oup.com (academic.oup.com)|173.254.190.144|:443... connected.
HTTP request sent, awaiting response... 200 OK
Length: 66237 (65K) [text/html]
Saving to: ‘oxfordjournals.bjc.a014159’

     0K .......... .......... .......... .......... .......... 77%  208K 0s
    50K .......... ....                                       100% 15.8M=0.2s

2017-01-27 21:21:16 (268 KB/s) - ‘oxfordjournals.bjc.a014159’ saved [66237/66237]

--2017-01-27 21:21:17--  http://doi.org/10.1093/oxfordjournals.bjc.a014150
Connecting to doi.org (doi.org)|38.100.138.163|:80... connected.
HTTP request sent, awaiting response... 303 See Other
Location: https://academic.oup.com/bjc/article-lookup/doi/10.1093/oxfordjournals.bjc.a014150 [following]
--2017-01-27 21:21:18--  https://academic.oup.com/bjc/article-lookup/doi/10.1093/oxfordjournals.bjc.a014150
Connecting to academic.oup.com (academic.oup.com)|173.254.190.144|:443... connected.
HTTP request sent, awaiting response... 200 OK
Length: 70883 (69K) [text/html]
Saving to: ‘oxfordjournals.bjc.a014150’

     0K .......... .......... .......... .......... .......... 72%  209K 0s
    50K .......... .........                                  100% 14.1M=0.2s

2017-01-27 21:21:21 (288 KB/s) - ‘oxfordjournals.bjc.a014150’ saved [70883/70883]

--2017-01-27 21:21:22--  http://doi.org/10.1093/oxfordjournals.bjc.a014208
Connecting to doi.org (doi.org)|38.100.138.163|:80... connected.
HTTP request sent, awaiting response... 303 See Other
Location: https://academic.oup.com/bjc/article-lookup/doi/10.1093/oxfordjournals.bjc.a014208 [following]
--2017-01-27 21:21:23--  https://academic.oup.com/bjc/article-lookup/doi/10.1093/oxfordjournals.bjc.a014208
Connecting to academic.oup.com (academic.oup.com)|173.254.190.144|:443... connected.
HTTP request sent, awaiting response... 200 OK
Length: 66773 (65K) [text/html]
Saving to: ‘oxfordjournals.bjc.a014208’

     0K .......... .......... .......... .......... .......... 76%  210K 0s
    50K .......... .....                                      100%  937K=0.3s

2017-01-27 21:21:27 (256 KB/s) - ‘oxfordjournals.bjc.a014208’ saved [66773/66773]

--2017-01-27 21:21:28--  http://doi.org/10.1093/oxfordjournals.bjc.a014155
Connecting to doi.org (doi.org)|38.100.138.163|:80... connected.
HTTP request sent, awaiting response... 303 See Other
Location: https://academic.oup.com/bjc/article-lookup/doi/10.1093/oxfordjournals.bjc.a014155 [following]
--2017-01-27 21:21:29--  https://academic.oup.com/bjc/article-lookup/doi/10.1093/oxfordjournals.bjc.a014155
Connecting to academic.oup.com (academic.oup.com)|173.254.190.144|:443... connected.
HTTP request sent, awaiting response... 200 OK
Length: 89553 (87K) [text/html]
Saving to: ‘oxfordjournals.bjc.a014155’

     0K .......... .......... .......... .......... .......... 57%  208K 0s
    50K .......... .......... .......... .......              100% 12.2M=0.2s

2017-01-27 21:21:47 (360 KB/s) - ‘oxfordjournals.bjc.a014155’ saved [89553/89553]

--2017-01-27 21:21:48--  http://doi.org/10.1093/oxfordjournals.bjc.a014194
Connecting to doi.org (doi.org)|38.100.138.163|:80... connected.
HTTP request sent, awaiting response... 303 See Other
Location: https://academic.oup.com/bjc/article-lookup/doi/10.1093/oxfordjournals.bjc.a014194 [following]
--2017-01-27 21:21:49--  https://academic.oup.com/bjc/article-lookup/doi/10.1093/oxfordjournals.bjc.a014194
Connecting to academic.oup.com (academic.oup.com)|173.254.190.144|:443... connected.
HTTP request sent, awaiting response... 200 OK
Length: 67023 (65K) [text/html]
Saving to: ‘oxfordjournals.bjc.a014194’

     0K .......... .......... .......... .......... .......... 76%  207K 0s
    50K .......... .....                                      100% 12.9M=0.2s

2017-01-27 21:21:54 (270 KB/s) - ‘oxfordjournals.bjc.a014194’ saved [67023/67023]

--2017-01-27 21:21:55--  http://doi.org/10.1093/oxfordjournals.bjc.a014136
Connecting to doi.org (doi.org)|38.100.138.163|:80... connected.
HTTP request sent, awaiting response... 303 See Other
Location: https://academic.oup.com/bjc/article-lookup/doi/10.1093/oxfordjournals.bjc.a014136 [following]
--2017-01-27 21:21:56--  https://academic.oup.com/bjc/article-lookup/doi/10.1093/oxfordjournals.bjc.a014136
Connecting to academic.oup.com (academic.oup.com)|173.254.190.144|:443... connected.
HTTP request sent, awaiting response... 200 OK
Length: 81594 (80K) [text/html]
Saving to: ‘oxfordjournals.bjc.a014136’

     0K .......... .......... .......... .......... .......... 62%  209K 0s
    50K .......... .......... .........                       100% 11.2M=0.2s

2017-01-27 21:22:01 (330 KB/s) - ‘oxfordjournals.bjc.a014136’ saved [81594/81594]

--2017-01-27 21:22:02--  http://doi.org/10.1093/oxfordjournals.bjc.a014164
Connecting to doi.org (doi.org)|38.100.138.163|:80... connected.
HTTP request sent, awaiting response... 303 See Other
Location: https://academic.oup.com/bjc/article-lookup/doi/10.1093/oxfordjournals.bjc.a014164 [following]
--2017-01-27 21:22:03--  https://academic.oup.com/bjc/article-lookup/doi/10.1093/oxfordjournals.bjc.a014164
Connecting to academic.oup.com (academic.oup.com)|173.254.190.144|:443... connected.
HTTP request sent, awaiting response... 200 OK
Length: 66510 (65K) [text/html]
Saving to: ‘oxfordjournals.bjc.a014164’

     0K .......... .......... .......... .......... .......... 76%  209K 0s
    50K .......... ....                                       100% 14.9M=0.2s

2017-01-27 21:22:06 (270 KB/s) - ‘oxfordjournals.bjc.a014164’ saved [66510/66510]

FINISHED --2017-01-27 21:22:06--
Total wall clock time: 11m 19s
Downloaded: 100 files, 6.7M in 24s (284 KB/s)
