--2017-01-28 18:42:16--  http://doi.org/10.1093/icesjms/s1.1.3
Resolving doi.org (doi.org)... 208.254.38.90, 38.100.138.163, 38.100.138.162, ...
Connecting to doi.org (doi.org)|208.254.38.90|:80... connected.
HTTP request sent, awaiting response... 303 See Other
Location: https://academic.oup.com/icesjms/article-lookup/doi/10.1093/icesjms/s1.1.3 [following]
--2017-01-28 18:42:17--  https://academic.oup.com/icesjms/article-lookup/doi/10.1093/icesjms/s1.1.3
Resolving academic.oup.com (academic.oup.com)... 173.254.190.144
Connecting to academic.oup.com (academic.oup.com)|173.254.190.144|:443... connected.
HTTP request sent, awaiting response... 200 OK
Length: 68396 (67K) [text/html]
Saving to: ‘s1.1.3’

     0K .......... .......... .......... .......... .......... 74%  209K 0s
    50K .......... ......                                     100% 17.0M=0.2s

2017-01-28 18:42:20 (278 KB/s) - ‘s1.1.3’ saved [68396/68396]

--2017-01-28 18:42:21--  http://doi.org/10.1093/icesjms/s1.2.3
Connecting to doi.org (doi.org)|208.254.38.90|:80... connected.
HTTP request sent, awaiting response... 303 See Other
Location: https://academic.oup.com/icesjms/article-lookup/doi/10.1093/icesjms/s1.2.3 [following]
--2017-01-28 18:42:22--  https://academic.oup.com/icesjms/article-lookup/doi/10.1093/icesjms/s1.2.3
Connecting to academic.oup.com (academic.oup.com)|173.254.190.144|:443... connected.
HTTP request sent, awaiting response... 200 OK
Length: 68141 (67K) [text/html]
Saving to: ‘s1.2.3’

     0K .......... .......... .......... .......... .......... 75%  209K 0s
    50K .......... ......                                     100% 16.7M=0.2s

2017-01-28 18:42:25 (277 KB/s) - ‘s1.2.3’ saved [68141/68141]

--2017-01-28 18:42:26--  http://doi.org/10.1093/icesjms/s1.3.1-a
Connecting to doi.org (doi.org)|208.254.38.90|:80... connected.
HTTP request sent, awaiting response... 303 See Other
Location: https://academic.oup.com/icesjms/article-lookup/doi/10.1093/icesjms/s1.3.1-a [following]
--2017-01-28 18:42:27--  https://academic.oup.com/icesjms/article-lookup/doi/10.1093/icesjms/s1.3.1-a
Connecting to academic.oup.com (academic.oup.com)|173.254.190.144|:443... connected.
HTTP request sent, awaiting response... 200 OK
Length: 66483 (65K) [text/html]
Saving to: ‘s1.3.1-a’

     0K .......... .......... .......... .......... .......... 77%  209K 0s
    50K .......... ....                                       100% 16.2M=0.2s

2017-01-28 18:42:30 (270 KB/s) - ‘s1.3.1-a’ saved [66483/66483]

--2017-01-28 18:42:31--  http://doi.org/10.1093/icesjms/s1.3.1
Connecting to doi.org (doi.org)|208.254.38.90|:80... connected.
HTTP request sent, awaiting response... 303 See Other
Location: https://academic.oup.com/icesjms/article-lookup/doi/10.1093/icesjms/s1.3.1 [following]
--2017-01-28 18:42:33--  https://academic.oup.com/icesjms/article-lookup/doi/10.1093/icesjms/s1.3.1
Connecting to academic.oup.com (academic.oup.com)|173.254.190.144|:443... connected.
HTTP request sent, awaiting response... 200 OK
Length: 66417 (65K) [text/html]
Saving to: ‘s1.3.1’

     0K .......... .......... .......... .......... .......... 77%  209K 0s
    50K .......... ....                                       100% 18.9M=0.2s

2017-01-28 18:42:36 (270 KB/s) - ‘s1.3.1’ saved [66417/66417]

--2017-01-28 18:42:37--  http://doi.org/10.1093/icesjms/s1.4-5.3
Connecting to doi.org (doi.org)|208.254.38.90|:80... connected.
HTTP request sent, awaiting response... 303 See Other
Location: https://academic.oup.com/icesjms/article-lookup/doi/10.1093/icesjms/s1.4-5.3 [following]
--2017-01-28 18:42:38--  https://academic.oup.com/icesjms/article-lookup/doi/10.1093/icesjms/s1.4-5.3
Connecting to academic.oup.com (academic.oup.com)|173.254.190.144|:443... connected.
HTTP request sent, awaiting response... 200 OK
Length: 68287 (67K) [text/html]
Saving to: ‘s1.4-5.3’

     0K .......... .......... .......... .......... .......... 74%  209K 0s
    50K .......... ......                                     100% 15.5M=0.2s

2017-01-28 18:42:41 (278 KB/s) - ‘s1.4-5.3’ saved [68287/68287]

--2017-01-28 18:42:42--  http://doi.org/10.1093/icesjms/s1.4-5.11
Connecting to doi.org (doi.org)|208.254.38.90|:80... connected.
HTTP request sent, awaiting response... 303 See Other
Location: https://academic.oup.com/icesjms/article-lookup/doi/10.1093/icesjms/s1.4-5.11 [following]
--2017-01-28 18:42:44--  https://academic.oup.com/icesjms/article-lookup/doi/10.1093/icesjms/s1.4-5.11
Connecting to academic.oup.com (academic.oup.com)|173.254.190.144|:443... connected.
HTTP request sent, awaiting response... 200 OK
Length: 68065 (66K) [text/html]
Saving to: ‘s1.4-5.11’

     0K .......... .......... .......... .......... .......... 75%  208K 0s
    50K .......... ......                                     100% 14.6M=0.2s

2017-01-28 18:42:47 (276 KB/s) - ‘s1.4-5.11’ saved [68065/68065]

--2017-01-28 18:42:48--  http://doi.org/10.1093/icesjms/s1.6.3
Connecting to doi.org (doi.org)|208.254.38.90|:80... connected.
HTTP request sent, awaiting response... 303 See Other
Location: https://academic.oup.com/icesjms/article-lookup/doi/10.1093/icesjms/s1.6.3 [following]
--2017-01-28 18:42:49--  https://academic.oup.com/icesjms/article-lookup/doi/10.1093/icesjms/s1.6.3
Connecting to academic.oup.com (academic.oup.com)|173.254.190.144|:443... connected.
HTTP request sent, awaiting response... 200 OK
Length: 68195 (67K) [text/html]
Saving to: ‘s1.6.3’

     0K .......... .......... .......... .......... .......... 75%  209K 0s
    50K .......... ......                                     100% 13.8M=0.2s

2017-01-28 18:42:52 (277 KB/s) - ‘s1.6.3’ saved [68195/68195]

--2017-01-28 18:42:53--  http://doi.org/10.1093/icesjms/s1.7.3
Connecting to doi.org (doi.org)|208.254.38.90|:80... connected.
HTTP request sent, awaiting response... 303 See Other
Location: https://academic.oup.com/icesjms/article-lookup/doi/10.1093/icesjms/s1.7.3 [following]
--2017-01-28 18:42:54--  https://academic.oup.com/icesjms/article-lookup/doi/10.1093/icesjms/s1.7.3
Connecting to academic.oup.com (academic.oup.com)|173.254.190.144|:443... connected.
HTTP request sent, awaiting response... 200 OK
Length: 68156 (67K) [text/html]
Saving to: ‘s1.7.3’

     0K .......... .......... .......... .......... .......... 75%  209K 0s
    50K .......... ......                                     100% 15.2M=0.2s

2017-01-28 18:42:57 (277 KB/s) - ‘s1.7.3’ saved [68156/68156]

--2017-01-28 18:42:58--  http://doi.org/10.1093/icesjms/s1.8-9.11
Connecting to doi.org (doi.org)|208.254.38.90|:80... connected.
HTTP request sent, awaiting response... 303 See Other
Location: https://academic.oup.com/icesjms/article-lookup/doi/10.1093/icesjms/s1.8-9.11 [following]
--2017-01-28 18:42:59--  https://academic.oup.com/icesjms/article-lookup/doi/10.1093/icesjms/s1.8-9.11
Connecting to academic.oup.com (academic.oup.com)|173.254.190.144|:443... connected.
HTTP request sent, awaiting response... 200 OK
Length: 67883 (66K) [text/html]
Saving to: ‘s1.8-9.11’

     0K .......... .......... .......... .......... .......... 75%  309K 0s
    50K .......... ......                                     100%  207K=0.2s

2017-01-28 18:43:02 (276 KB/s) - ‘s1.8-9.11’ saved [67883/67883]

--2017-01-28 18:43:03--  http://doi.org/10.1093/icesjms/s1.10.3
Connecting to doi.org (doi.org)|208.254.38.90|:80... connected.
HTTP request sent, awaiting response... 303 See Other
Location: https://academic.oup.com/icesjms/article-lookup/doi/10.1093/icesjms/s1.10.3 [following]
--2017-01-28 18:43:04--  https://academic.oup.com/icesjms/article-lookup/doi/10.1093/icesjms/s1.10.3
Connecting to academic.oup.com (academic.oup.com)|173.254.190.144|:443... connected.
HTTP request sent, awaiting response... 200 OK
Length: 82999 (81K) [text/html]
Saving to: ‘s1.10.3’

     0K .......... .......... .......... .......... .......... 61%  209K 0s
    50K .......... .......... .......... .                    100% 11.4M=0.2s

2017-01-28 18:43:08 (335 KB/s) - ‘s1.10.3’ saved [82999/82999]

--2017-01-28 18:43:09--  http://doi.org/10.1093/icesjms/s1.8-9.3
Connecting to doi.org (doi.org)|208.254.38.90|:80... connected.
HTTP request sent, awaiting response... 303 See Other
Location: https://academic.oup.com/icesjms/article-lookup/doi/10.1093/icesjms/s1.8-9.3 [following]
--2017-01-28 18:43:11--  https://academic.oup.com/icesjms/article-lookup/doi/10.1093/icesjms/s1.8-9.3
Connecting to academic.oup.com (academic.oup.com)|173.254.190.144|:443... connected.
HTTP request sent, awaiting response... 200 OK
Length: 68379 (67K) [text/html]
Saving to: ‘s1.8-9.3’

     0K .......... .......... .......... .......... .......... 74%  209K 0s
    50K .......... ......                                     100% 14.0M=0.2s

2017-01-28 18:43:15 (277 KB/s) - ‘s1.8-9.3’ saved [68379/68379]

--2017-01-28 18:43:16--  http://doi.org/10.1093/icesjms/s1.12a.50
Connecting to doi.org (doi.org)|208.254.38.90|:80... connected.
HTTP request sent, awaiting response... 303 See Other
Location: https://academic.oup.com/icesjms/article-lookup/doi/10.1093/icesjms/s1.12a.50 [following]
--2017-01-28 18:43:18--  https://academic.oup.com/icesjms/article-lookup/doi/10.1093/icesjms/s1.12a.50
Connecting to academic.oup.com (academic.oup.com)|173.254.190.144|:443... connected.
HTTP request sent, awaiting response... 200 OK
Length: 66281 (65K) [text/html]
Saving to: ‘s1.12a.50’

     0K .......... .......... .......... .......... .......... 77%  309K 0s
    50K .......... ....                                       100%  188K=0.2s

2017-01-28 18:43:21 (270 KB/s) - ‘s1.12a.50’ saved [66281/66281]

--2017-01-28 18:43:22--  http://doi.org/10.1093/icesjms/s1.12a.9
Connecting to doi.org (doi.org)|208.254.38.90|:80... connected.
HTTP request sent, awaiting response... 303 See Other
Location: https://academic.oup.com/icesjms/article-lookup/doi/10.1093/icesjms/s1.12a.9 [following]
--2017-01-28 18:43:23--  https://academic.oup.com/icesjms/article-lookup/doi/10.1093/icesjms/s1.12a.9
Connecting to academic.oup.com (academic.oup.com)|173.254.190.144|:443... connected.
HTTP request sent, awaiting response... 200 OK
Length: 81445 (80K) [text/html]
Saving to: ‘s1.12a.9’

     0K .......... .......... .......... .......... .......... 62%  209K 0s
    50K .......... .......... .........                       100% 12.0M=0.2s

2017-01-28 18:43:26 (329 KB/s) - ‘s1.12a.9’ saved [81445/81445]

--2017-01-28 18:43:27--  http://doi.org/10.1093/icesjms/s1.12a.3
Connecting to doi.org (doi.org)|208.254.38.90|:80... connected.
HTTP request sent, awaiting response... 303 See Other
Location: https://academic.oup.com/icesjms/article-lookup/doi/10.1093/icesjms/s1.12a.3 [following]
--2017-01-28 18:43:29--  https://academic.oup.com/icesjms/article-lookup/doi/10.1093/icesjms/s1.12a.3
Connecting to academic.oup.com (academic.oup.com)|173.254.190.144|:443... connected.
HTTP request sent, awaiting response... 200 OK
Length: 66099 (65K) [text/html]
Saving to: ‘s1.12a.3’

     0K .......... .......... .......... .......... .......... 77%  209K 0s
    50K .......... ....                                       100% 14.0M=0.2s

2017-01-28 18:43:32 (268 KB/s) - ‘s1.12a.3’ saved [66099/66099]

--2017-01-28 18:43:33--  http://doi.org/10.1093/icesjms/s1.11.4
Connecting to doi.org (doi.org)|208.254.38.90|:80... connected.
HTTP request sent, awaiting response... 303 See Other
Location: https://academic.oup.com/icesjms/article-lookup/doi/10.1093/icesjms/s1.11.4 [following]
--2017-01-28 18:43:34--  https://academic.oup.com/icesjms/article-lookup/doi/10.1093/icesjms/s1.11.4
Connecting to academic.oup.com (academic.oup.com)|173.254.190.144|:443... connected.
HTTP request sent, awaiting response... 200 OK
Length: 68306 (67K) [text/html]
Saving to: ‘s1.11.4’

     0K .......... .......... .......... .......... .......... 74%  209K 0s
    50K .......... ......                                     100% 13.9M=0.2s

2017-01-28 18:43:37 (278 KB/s) - ‘s1.11.4’ saved [68306/68306]

--2017-01-28 18:43:38--  http://doi.org/10.1093/icesjms/s1.12a.7
Connecting to doi.org (doi.org)|208.254.38.90|:80... connected.
HTTP request sent, awaiting response... 303 See Other
Location: https://academic.oup.com/icesjms/article-lookup/doi/10.1093/icesjms/s1.12a.7 [following]
--2017-01-28 18:43:39--  https://academic.oup.com/icesjms/article-lookup/doi/10.1093/icesjms/s1.12a.7
Connecting to academic.oup.com (academic.oup.com)|173.254.190.144|:443... connected.
HTTP request sent, awaiting response... 200 OK
Length: 66628 (65K) [text/html]
Saving to: ‘s1.12a.7’

     0K .......... .......... .......... .......... .......... 76%  206K 0s
    50K .......... .....                                      100% 22.9M=0.2s

2017-01-28 18:43:43 (267 KB/s) - ‘s1.12a.7’ saved [66628/66628]

--2017-01-28 18:43:44--  http://doi.org/10.1093/icesjms/s1.13a.123
Connecting to doi.org (doi.org)|208.254.38.90|:80... connected.
HTTP request sent, awaiting response... 303 See Other
Location: https://academic.oup.com/icesjms/article-lookup/doi/10.1093/icesjms/s1.13a.123 [following]
--2017-01-28 18:43:45--  https://academic.oup.com/icesjms/article-lookup/doi/10.1093/icesjms/s1.13a.123
Connecting to academic.oup.com (academic.oup.com)|173.254.190.144|:443... connected.
HTTP request sent, awaiting response... 200 OK
Length: 66474 (65K) [text/html]
Saving to: ‘s1.13a.123’

     0K .......... .......... .......... .......... .......... 77%  209K 0s
    50K .......... ....                                       100% 15.6M=0.2s

2017-01-28 18:43:48 (270 KB/s) - ‘s1.13a.123’ saved [66474/66474]

--2017-01-28 18:43:49--  http://doi.org/10.1093/icesjms/s1.13a.1
Connecting to doi.org (doi.org)|208.254.38.90|:80... connected.
HTTP request sent, awaiting response... 303 See Other
Location: https://academic.oup.com/icesjms/article-lookup/doi/10.1093/icesjms/s1.13a.1 [following]
--2017-01-28 18:43:50--  https://academic.oup.com/icesjms/article-lookup/doi/10.1093/icesjms/s1.13a.1
Connecting to academic.oup.com (academic.oup.com)|173.254.190.144|:443... connected.
HTTP request sent, awaiting response... 200 OK
Length: 66799 (65K) [text/html]
Saving to: ‘s1.13a.1’

     0K .......... .......... .......... .......... .......... 76%  209K 0s
    50K .......... .....                                      100% 14.6M=0.2s

2017-01-28 18:43:53 (271 KB/s) - ‘s1.13a.1’ saved [66799/66799]

--2017-01-28 18:43:54--  http://doi.org/10.1093/icesjms/s1.13a.61
Connecting to doi.org (doi.org)|208.254.38.90|:80... connected.
HTTP request sent, awaiting response... 303 See Other
Location: https://academic.oup.com/icesjms/article-lookup/doi/10.1093/icesjms/s1.13a.61 [following]
--2017-01-28 18:43:55--  https://academic.oup.com/icesjms/article-lookup/doi/10.1093/icesjms/s1.13a.61
Connecting to academic.oup.com (academic.oup.com)|173.254.190.144|:443... connected.
HTTP request sent, awaiting response... 200 OK
Length: 66928 (65K) [text/html]
Saving to: ‘s1.13a.61’

     0K .......... .......... .......... .......... .......... 76%  310K 0s
    50K .......... .....                                      100%  190K=0.2s

2017-01-28 18:43:59 (269 KB/s) - ‘s1.13a.61’ saved [66928/66928]

--2017-01-28 18:44:00--  http://doi.org/10.1093/icesjms/s1.13a.27
Connecting to doi.org (doi.org)|208.254.38.90|:80... connected.
HTTP request sent, awaiting response... 303 See Other
Location: https://academic.oup.com/icesjms/article-lookup/doi/10.1093/icesjms/s1.13a.27 [following]
--2017-01-28 18:44:01--  https://academic.oup.com/icesjms/article-lookup/doi/10.1093/icesjms/s1.13a.27
Connecting to academic.oup.com (academic.oup.com)|173.254.190.144|:443... connected.
HTTP request sent, awaiting response... 200 OK
Length: 67101 (66K) [text/html]
Saving to: ‘s1.13a.27’

     0K .......... .......... .......... .......... .......... 76%  209K 0s
    50K .......... .....                                      100% 16.3M=0.2s

2017-01-28 18:44:04 (273 KB/s) - ‘s1.13a.27’ saved [67101/67101]

--2017-01-28 18:44:05--  http://doi.org/10.1093/icesjms/s1.14.3
Connecting to doi.org (doi.org)|208.254.38.90|:80... connected.
HTTP request sent, awaiting response... 303 See Other
Location: https://academic.oup.com/icesjms/article-lookup/doi/10.1093/icesjms/s1.14.3 [following]
--2017-01-28 18:44:06--  https://academic.oup.com/icesjms/article-lookup/doi/10.1093/icesjms/s1.14.3
Connecting to academic.oup.com (academic.oup.com)|173.254.190.144|:443... connected.
HTTP request sent, awaiting response... 200 OK
Length: 69592 (68K) [text/html]
Saving to: ‘s1.14.3’

     0K .......... .......... .......... .......... .......... 73%  209K 0s
    50K .......... .......                                    100% 11.4M=0.2s

2017-01-28 18:44:10 (282 KB/s) - ‘s1.14.3’ saved [69592/69592]

--2017-01-28 18:44:11--  http://doi.org/10.1093/icesjms/s1.19.3
Connecting to doi.org (doi.org)|208.254.38.90|:80... connected.
HTTP request sent, awaiting response... 303 See Other
Location: https://academic.oup.com/icesjms/article-lookup/doi/10.1093/icesjms/s1.19.3 [following]
--2017-01-28 18:44:12--  https://academic.oup.com/icesjms/article-lookup/doi/10.1093/icesjms/s1.19.3
Connecting to academic.oup.com (academic.oup.com)|173.254.190.144|:443... connected.
HTTP request sent, awaiting response... 200 OK
Length: 68274 (67K) [text/html]
Saving to: ‘s1.19.3’

     0K .......... .......... .......... .......... .......... 74%  207K 0s
    50K .......... ......                                     100% 14.4M=0.2s

2017-01-28 18:44:16 (274 KB/s) - ‘s1.19.3’ saved [68274/68274]

--2017-01-28 18:44:17--  http://doi.org/10.1093/icesjms/s1.18.3
Connecting to doi.org (doi.org)|208.254.38.90|:80... connected.
HTTP request sent, awaiting response... 303 See Other
Location: https://academic.oup.com/icesjms/article-lookup/doi/10.1093/icesjms/s1.18.3 [following]
--2017-01-28 18:44:18--  https://academic.oup.com/icesjms/article-lookup/doi/10.1093/icesjms/s1.18.3
Connecting to academic.oup.com (academic.oup.com)|173.254.190.144|:443... connected.
HTTP request sent, awaiting response... 200 OK
Length: 68173 (67K) [text/html]
Saving to: ‘s1.18.3’

     0K .......... .......... .......... .......... .......... 75%  209K 0s
    50K .......... ......                                     100% 16.8M=0.2s

2017-01-28 18:44:22 (277 KB/s) - ‘s1.18.3’ saved [68173/68173]

--2017-01-28 18:44:23--  http://doi.org/10.1093/icesjms/s1.20.3
Connecting to doi.org (doi.org)|208.254.38.90|:80... connected.
HTTP request sent, awaiting response... 303 See Other
Location: https://academic.oup.com/icesjms/article-lookup/doi/10.1093/icesjms/s1.20.3 [following]
--2017-01-28 18:44:24--  https://academic.oup.com/icesjms/article-lookup/doi/10.1093/icesjms/s1.20.3
Connecting to academic.oup.com (academic.oup.com)|173.254.190.144|:443... connected.
HTTP request sent, awaiting response... 200 OK
Length: 68066 (66K) [text/html]
Saving to: ‘s1.20.3’

     0K .......... .......... .......... .......... .......... 75%  209K 0s
    50K .......... ......                                     100% 14.0M=0.2s

2017-01-28 18:44:27 (276 KB/s) - ‘s1.20.3’ saved [68066/68066]

--2017-01-28 18:44:28--  http://doi.org/10.1093/icesjms/s1.17.3
Connecting to doi.org (doi.org)|208.254.38.90|:80... connected.
HTTP request sent, awaiting response... 303 See Other
Location: https://academic.oup.com/icesjms/article-lookup/doi/10.1093/icesjms/s1.17.3 [following]
--2017-01-28 18:44:29--  https://academic.oup.com/icesjms/article-lookup/doi/10.1093/icesjms/s1.17.3
Connecting to academic.oup.com (academic.oup.com)|173.254.190.144|:443... connected.
HTTP request sent, awaiting response... 200 OK
Length: 67946 (66K) [text/html]
Saving to: ‘s1.17.3’

     0K .......... .......... .......... .......... .......... 75%  209K 0s
    50K .......... ......                                     100% 14.1M=0.2s

2017-01-28 18:44:32 (276 KB/s) - ‘s1.17.3’ saved [67946/67946]

--2017-01-28 18:44:33--  http://doi.org/10.1093/icesjms/s1.15-16.8
Connecting to doi.org (doi.org)|208.254.38.90|:80... connected.
HTTP request sent, awaiting response... 303 See Other
Location: https://academic.oup.com/icesjms/article-lookup/doi/10.1093/icesjms/s1.15-16.8 [following]
--2017-01-28 18:44:34--  https://academic.oup.com/icesjms/article-lookup/doi/10.1093/icesjms/s1.15-16.8
Connecting to academic.oup.com (academic.oup.com)|173.254.190.144|:443... connected.
HTTP request sent, awaiting response... 200 OK
Length: 83456 (82K) [text/html]
Saving to: ‘s1.15-16.8’

     0K .......... .......... .......... .......... .......... 61%  208K 0s
    50K .......... .......... .......... .                    100% 10.5M=0.2s

2017-01-28 18:44:38 (335 KB/s) - ‘s1.15-16.8’ saved [83456/83456]

--2017-01-28 18:44:39--  http://doi.org/10.1093/icesjms/s1.15-16.3
Connecting to doi.org (doi.org)|208.254.38.90|:80... connected.
HTTP request sent, awaiting response... 303 See Other
Location: https://academic.oup.com/icesjms/article-lookup/doi/10.1093/icesjms/s1.15-16.3 [following]
--2017-01-28 18:44:40--  https://academic.oup.com/icesjms/article-lookup/doi/10.1093/icesjms/s1.15-16.3
Connecting to academic.oup.com (academic.oup.com)|173.254.190.144|:443... connected.
HTTP request sent, awaiting response... 200 OK
Length: 69072 (67K) [text/html]
Saving to: ‘s1.15-16.3’

     0K .......... .......... .......... .......... .......... 74%  209K 0s
    50K .......... .......                                    100% 11.9M=0.2s

2017-01-28 18:44:44 (280 KB/s) - ‘s1.15-16.3’ saved [69072/69072]

--2017-01-28 18:44:45--  http://doi.org/10.1093/icesjms/s1.21.3
Connecting to doi.org (doi.org)|208.254.38.90|:80... connected.
HTTP request sent, awaiting response... 303 See Other
Location: https://academic.oup.com/icesjms/article-lookup/doi/10.1093/icesjms/s1.21.3 [following]
--2017-01-28 18:44:46--  https://academic.oup.com/icesjms/article-lookup/doi/10.1093/icesjms/s1.21.3
Connecting to academic.oup.com (academic.oup.com)|173.254.190.144|:443... connected.
HTTP request sent, awaiting response... 200 OK
Length: 68153 (67K) [text/html]
Saving to: ‘s1.21.3’

     0K .......... .......... .......... .......... .......... 75%  209K 0s
    50K .......... ......                                     100% 16.3M=0.2s

2017-01-28 18:44:49 (277 KB/s) - ‘s1.21.3’ saved [68153/68153]

--2017-01-28 18:44:50--  http://doi.org/10.1093/icesjms/s1.23.3
Connecting to doi.org (doi.org)|208.254.38.90|:80... connected.
HTTP request sent, awaiting response... 303 See Other
Location: https://academic.oup.com/icesjms/article-lookup/doi/10.1093/icesjms/s1.23.3 [following]
--2017-01-28 18:44:51--  https://academic.oup.com/icesjms/article-lookup/doi/10.1093/icesjms/s1.23.3
Connecting to academic.oup.com (academic.oup.com)|173.254.190.144|:443... connected.
HTTP request sent, awaiting response... 200 OK
Length: 68106 (67K) [text/html]
Saving to: ‘s1.23.3’

     0K .......... .......... .......... .......... .......... 75%  209K 0s
    50K .......... ......                                     100% 17.4M=0.2s

2017-01-28 18:44:55 (277 KB/s) - ‘s1.23.3’ saved [68106/68106]

--2017-01-28 18:44:56--  http://doi.org/10.1093/icesjms/s1.22.3
Connecting to doi.org (doi.org)|208.254.38.90|:80... connected.
HTTP request sent, awaiting response... 303 See Other
Location: https://academic.oup.com/icesjms/article-lookup/doi/10.1093/icesjms/s1.22.3 [following]
--2017-01-28 18:44:57--  https://academic.oup.com/icesjms/article-lookup/doi/10.1093/icesjms/s1.22.3
Connecting to academic.oup.com (academic.oup.com)|173.254.190.144|:443... connected.
HTTP request sent, awaiting response... 200 OK
Length: 68906 (67K) [text/html]
Saving to: ‘s1.22.3’

     0K .......... .......... .......... .......... .......... 74%  209K 0s
    50K .......... .......                                    100% 14.5M=0.2s

2017-01-28 18:45:00 (280 KB/s) - ‘s1.22.3’ saved [68906/68906]

--2017-01-28 18:45:01--  http://doi.org/10.1093/icesjms/s1.26.3
Connecting to doi.org (doi.org)|208.254.38.90|:80... connected.
HTTP request sent, awaiting response... 303 See Other
Location: https://academic.oup.com/icesjms/article-lookup/doi/10.1093/icesjms/s1.26.3 [following]
--2017-01-28 18:45:02--  https://academic.oup.com/icesjms/article-lookup/doi/10.1093/icesjms/s1.26.3
Connecting to academic.oup.com (academic.oup.com)|173.254.190.144|:443... connected.
HTTP request sent, awaiting response... 200 OK
Length: 69515 (68K) [text/html]
Saving to: ‘s1.26.3’

     0K .......... .......... .......... .......... .......... 73%  209K 0s
    50K .......... .......                                    100% 17.1M=0.2s

2017-01-28 18:45:06 (282 KB/s) - ‘s1.26.3’ saved [69515/69515]

--2017-01-28 18:45:07--  http://doi.org/10.1093/icesjms/s1.24.3
Connecting to doi.org (doi.org)|208.254.38.90|:80... connected.
HTTP request sent, awaiting response... 303 See Other
Location: https://academic.oup.com/icesjms/article-lookup/doi/10.1093/icesjms/s1.24.3 [following]
--2017-01-28 18:45:08--  https://academic.oup.com/icesjms/article-lookup/doi/10.1093/icesjms/s1.24.3
Connecting to academic.oup.com (academic.oup.com)|173.254.190.144|:443... connected.
HTTP request sent, awaiting response... 200 OK
Length: 67930 (66K) [text/html]
Saving to: ‘s1.24.3’

     0K .......... .......... .......... .......... .......... 75%  309K 0s
    50K .......... ......                                     100%  208K=0.2s

2017-01-28 18:45:11 (276 KB/s) - ‘s1.24.3’ saved [67930/67930]

--2017-01-28 18:45:12--  http://doi.org/10.1093/icesjms/s1.25.3
Connecting to doi.org (doi.org)|208.254.38.90|:80... connected.
HTTP request sent, awaiting response... 303 See Other
Location: https://academic.oup.com/icesjms/article-lookup/doi/10.1093/icesjms/s1.25.3 [following]
--2017-01-28 18:45:13--  https://academic.oup.com/icesjms/article-lookup/doi/10.1093/icesjms/s1.25.3
Connecting to academic.oup.com (academic.oup.com)|173.254.190.144|:443... connected.
HTTP request sent, awaiting response... 200 OK
Length: 82815 (81K) [text/html]
Saving to: ‘s1.25.3’

     0K .......... .......... .......... .......... .......... 61%  209K 0s
    50K .......... .......... ..........                      100% 10.9M=0.2s

2017-01-28 18:45:17 (334 KB/s) - ‘s1.25.3’ saved [82815/82815]

--2017-01-28 18:45:18--  http://doi.org/10.1093/icesjms/s1.13b.61
Connecting to doi.org (doi.org)|208.254.38.90|:80... connected.
HTTP request sent, awaiting response... 303 See Other
Location: https://academic.oup.com/icesjms/article-lookup/doi/10.1093/icesjms/s1.13b.61 [following]
--2017-01-28 18:45:19--  https://academic.oup.com/icesjms/article-lookup/doi/10.1093/icesjms/s1.13b.61
Connecting to academic.oup.com (academic.oup.com)|173.254.190.144|:443... connected.
HTTP request sent, awaiting response... 200 OK
Length: 66686 (65K) [text/html]
Saving to: ‘s1.13b.61’

     0K .......... .......... .......... .......... .......... 76%  209K 0s
    50K .......... .....                                      100% 16.0M=0.2s

2017-01-28 18:45:22 (271 KB/s) - ‘s1.13b.61’ saved [66686/66686]

--2017-01-28 18:45:23--  http://doi.org/10.1093/icesjms/s1.27.3
Connecting to doi.org (doi.org)|208.254.38.90|:80... connected.
HTTP request sent, awaiting response... 303 See Other
Location: https://academic.oup.com/icesjms/article-lookup/doi/10.1093/icesjms/s1.27.3 [following]
--2017-01-28 18:45:24--  https://academic.oup.com/icesjms/article-lookup/doi/10.1093/icesjms/s1.27.3
Connecting to academic.oup.com (academic.oup.com)|173.254.190.144|:443... connected.
HTTP request sent, awaiting response... 200 OK
Length: 82967 (81K) [text/html]
Saving to: ‘s1.27.3’

     0K .......... .......... .......... .......... .......... 61%  309K 0s
    50K .......... .......... .......... .                    100%  386K=0.2s

2017-01-28 18:45:28 (334 KB/s) - ‘s1.27.3’ saved [82967/82967]

--2017-01-28 18:45:29--  http://doi.org/10.1093/icesjms/s1.28.3
Connecting to doi.org (doi.org)|208.254.38.90|:80... connected.
HTTP request sent, awaiting response... 303 See Other
Location: https://academic.oup.com/icesjms/article-lookup/doi/10.1093/icesjms/s1.28.3 [following]
--2017-01-28 18:45:30--  https://academic.oup.com/icesjms/article-lookup/doi/10.1093/icesjms/s1.28.3
Connecting to academic.oup.com (academic.oup.com)|173.254.190.144|:443... connected.
HTTP request sent, awaiting response... 200 OK
Length: 66803 (65K) [text/html]
Saving to: ‘s1.28.3’

     0K .......... .......... .......... .......... .......... 76%  209K 0s
    50K .......... .....                                      100% 16.2M=0.2s

2017-01-28 18:45:33 (272 KB/s) - ‘s1.28.3’ saved [66803/66803]

--2017-01-28 18:45:34--  http://doi.org/10.1093/icesjms/s1.30.3
Connecting to doi.org (doi.org)|208.254.38.90|:80... connected.
HTTP request sent, awaiting response... 303 See Other
Location: https://academic.oup.com/icesjms/article-lookup/doi/10.1093/icesjms/s1.30.3 [following]
--2017-01-28 18:45:35--  https://academic.oup.com/icesjms/article-lookup/doi/10.1093/icesjms/s1.30.3
Connecting to academic.oup.com (academic.oup.com)|173.254.190.144|:443... connected.
HTTP request sent, awaiting response... 200 OK
Length: 83025 (81K) [text/html]
Saving to: ‘s1.30.3’

     0K .......... .......... .......... .......... .......... 61%  209K 0s
    50K .......... .......... .......... .                    100% 10.5M=0.2s

2017-01-28 18:45:40 (334 KB/s) - ‘s1.30.3’ saved [83025/83025]

--2017-01-28 18:45:41--  http://doi.org/10.1093/icesjms/s1.29.3
Connecting to doi.org (doi.org)|208.254.38.90|:80... connected.
HTTP request sent, awaiting response... 303 See Other
Location: https://academic.oup.com/icesjms/article-lookup/doi/10.1093/icesjms/s1.29.3 [following]
--2017-01-28 18:45:42--  https://academic.oup.com/icesjms/article-lookup/doi/10.1093/icesjms/s1.29.3
Connecting to academic.oup.com (academic.oup.com)|173.254.190.144|:443... connected.
HTTP request sent, awaiting response... 200 OK
Length: 83929 (82K) [text/html]
Saving to: ‘s1.29.3’

     0K .......... .......... .......... .......... .......... 61%  209K 0s
    50K .......... .......... .......... .                    100% 9.65M=0.2s

2017-01-28 18:45:46 (338 KB/s) - ‘s1.29.3’ saved [83929/83929]

--2017-01-28 18:45:47--  http://doi.org/10.1093/icesjms/s1.31.3
Connecting to doi.org (doi.org)|208.254.38.90|:80... connected.
HTTP request sent, awaiting response... 303 See Other
Location: https://academic.oup.com/icesjms/article-lookup/doi/10.1093/icesjms/s1.31.3 [following]
--2017-01-28 18:45:48--  https://academic.oup.com/icesjms/article-lookup/doi/10.1093/icesjms/s1.31.3
Connecting to academic.oup.com (academic.oup.com)|173.254.190.144|:443... connected.
HTTP request sent, awaiting response... 200 OK
Length: 67779 (66K) [text/html]
Saving to: ‘s1.31.3’

     0K .......... .......... .......... .......... .......... 75%  209K 0s
    50K .......... ......                                     100% 16.0M=0.2s

2017-01-28 18:45:51 (276 KB/s) - ‘s1.31.3’ saved [67779/67779]

--2017-01-28 18:45:52--  http://doi.org/10.1093/icesjms/s1.32.3
Connecting to doi.org (doi.org)|208.254.38.90|:80... connected.
HTTP request sent, awaiting response... 303 See Other
Location: https://academic.oup.com/icesjms/article-lookup/doi/10.1093/icesjms/s1.32.3 [following]
--2017-01-28 18:45:53--  https://academic.oup.com/icesjms/article-lookup/doi/10.1093/icesjms/s1.32.3
Connecting to academic.oup.com (academic.oup.com)|173.254.190.144|:443... connected.
HTTP request sent, awaiting response... 200 OK
Length: 83030 (81K) [text/html]
Saving to: ‘s1.32.3’

     0K .......... .......... .......... .......... .......... 61%  208K 0s
    50K .......... .......... .......... .                    100% 10.8M=0.2s

2017-01-28 18:45:58 (334 KB/s) - ‘s1.32.3’ saved [83030/83030]

--2017-01-28 18:45:59--  http://doi.org/10.1093/icesjms/s1.34.3
Connecting to doi.org (doi.org)|208.254.38.90|:80... connected.
HTTP request sent, awaiting response... 303 See Other
Location: https://academic.oup.com/icesjms/article-lookup/doi/10.1093/icesjms/s1.34.3 [following]
--2017-01-28 18:46:00--  https://academic.oup.com/icesjms/article-lookup/doi/10.1093/icesjms/s1.34.3
Connecting to academic.oup.com (academic.oup.com)|173.254.190.144|:443... connected.
HTTP request sent, awaiting response... 200 OK
Length: 68273 (67K) [text/html]
Saving to: ‘s1.34.3’

     0K .......... .......... .......... .......... .......... 74%  209K 0s
    50K .......... ......                                     100% 12.6M=0.2s

2017-01-28 18:46:04 (277 KB/s) - ‘s1.34.3’ saved [68273/68273]

--2017-01-28 18:46:05--  http://doi.org/10.1093/icesjms/s1.34.33
Connecting to doi.org (doi.org)|208.254.38.90|:80... connected.
HTTP request sent, awaiting response... 303 See Other
Location: https://academic.oup.com/icesjms/article-lookup/doi/10.1093/icesjms/s1.34.33 [following]
--2017-01-28 18:46:06--  https://academic.oup.com/icesjms/article-lookup/doi/10.1093/icesjms/s1.34.33
Connecting to academic.oup.com (academic.oup.com)|173.254.190.144|:443... connected.
HTTP request sent, awaiting response... 200 OK
Length: 68372 (67K) [text/html]
Saving to: ‘s1.34.33’

     0K .......... .......... .......... .......... .......... 74%  209K 0s
    50K .......... ......                                     100% 16.1M=0.2s

2017-01-28 18:46:09 (278 KB/s) - ‘s1.34.33’ saved [68372/68372]

--2017-01-28 18:46:10--  http://doi.org/10.1093/icesjms/s1.33.50
Connecting to doi.org (doi.org)|208.254.38.90|:80... connected.
HTTP request sent, awaiting response... 303 See Other
Location: https://academic.oup.com/icesjms/article-lookup/doi/10.1093/icesjms/s1.33.50 [following]
--2017-01-28 18:46:11--  https://academic.oup.com/icesjms/article-lookup/doi/10.1093/icesjms/s1.33.50
Connecting to academic.oup.com (academic.oup.com)|173.254.190.144|:443... connected.
HTTP request sent, awaiting response... 200 OK
Length: 66323 (65K) [text/html]
Saving to: ‘s1.33.50’

     0K .......... .......... .......... .......... .......... 77%  209K 0s
    50K .......... ....                                       100% 14.6M=0.2s

2017-01-28 18:46:15 (270 KB/s) - ‘s1.33.50’ saved [66323/66323]

--2017-01-28 18:46:16--  http://doi.org/10.1093/icesjms/s1.33.1
Connecting to doi.org (doi.org)|208.254.38.90|:80... connected.
HTTP request sent, awaiting response... 303 See Other
Location: https://academic.oup.com/icesjms/article-lookup/doi/10.1093/icesjms/s1.33.1 [following]
--2017-01-28 18:46:17--  https://academic.oup.com/icesjms/article-lookup/doi/10.1093/icesjms/s1.33.1
Connecting to academic.oup.com (academic.oup.com)|173.254.190.144|:443... connected.
HTTP request sent, awaiting response... 200 OK
Length: 66196 (65K) [text/html]
Saving to: ‘s1.33.1’

     0K .......... .......... .......... .......... .......... 77%  209K 0s
    50K .......... ....                                       100% 12.2M=0.2s

2017-01-28 18:46:20 (269 KB/s) - ‘s1.33.1’ saved [66196/66196]

--2017-01-28 18:46:21--  http://doi.org/10.1093/icesjms/s1.33.118
Connecting to doi.org (doi.org)|208.254.38.90|:80... connected.
HTTP request sent, awaiting response... 303 See Other
Location: https://academic.oup.com/icesjms/article-lookup/doi/10.1093/icesjms/s1.33.118 [following]
--2017-01-28 18:46:23--  https://academic.oup.com/icesjms/article-lookup/doi/10.1093/icesjms/s1.33.118
Connecting to academic.oup.com (academic.oup.com)|173.254.190.144|:443... connected.
HTTP request sent, awaiting response... 200 OK
Length: 67151 (66K) [text/html]
Saving to: ‘s1.33.118’

     0K .......... .......... .......... .......... .......... 76%  208K 0s
    50K .......... .....                                      100% 18.8M=0.2s

2017-01-28 18:46:26 (272 KB/s) - ‘s1.33.118’ saved [67151/67151]

--2017-01-28 18:46:27--  http://doi.org/10.1093/icesjms/s1.35.3
Connecting to doi.org (doi.org)|208.254.38.90|:80... connected.
HTTP request sent, awaiting response... 303 See Other
Location: https://academic.oup.com/icesjms/article-lookup/doi/10.1093/icesjms/s1.35.3 [following]
--2017-01-28 18:46:28--  https://academic.oup.com/icesjms/article-lookup/doi/10.1093/icesjms/s1.35.3
Connecting to academic.oup.com (academic.oup.com)|173.254.190.144|:443... connected.
HTTP request sent, awaiting response... 200 OK
Length: 68844 (67K) [text/html]
Saving to: ‘s1.35.3’

     0K .......... .......... .......... .......... .......... 74%  209K 0s
    50K .......... .......                                    100% 13.4M=0.2s

2017-01-28 18:46:31 (280 KB/s) - ‘s1.35.3’ saved [68844/68844]

--2017-01-28 18:46:32--  http://doi.org/10.1093/icesjms/s1.36.3
Connecting to doi.org (doi.org)|208.254.38.90|:80... connected.
HTTP request sent, awaiting response... 303 See Other
Location: https://academic.oup.com/icesjms/article-lookup/doi/10.1093/icesjms/s1.36.3 [following]
--2017-01-28 18:46:33--  https://academic.oup.com/icesjms/article-lookup/doi/10.1093/icesjms/s1.36.3
Connecting to academic.oup.com (academic.oup.com)|173.254.190.144|:443... connected.
HTTP request sent, awaiting response... 200 OK
Length: 84430 (82K) [text/html]
Saving to: ‘s1.36.3’

     0K .......... .......... .......... .......... .......... 60%  209K 0s
    50K .......... .......... .......... ..                   100% 11.5M=0.2s

2017-01-28 18:46:38 (340 KB/s) - ‘s1.36.3’ saved [84430/84430]

--2017-01-28 18:46:39--  http://doi.org/10.1093/icesjms/s1.37.3
Connecting to doi.org (doi.org)|208.254.38.90|:80... connected.
HTTP request sent, awaiting response... 303 See Other
Location: https://academic.oup.com/icesjms/article-lookup/doi/10.1093/icesjms/s1.37.3 [following]
--2017-01-28 18:46:40--  https://academic.oup.com/icesjms/article-lookup/doi/10.1093/icesjms/s1.37.3
Connecting to academic.oup.com (academic.oup.com)|173.254.190.144|:443... connected.
HTTP request sent, awaiting response... 200 OK
Length: 69604 (68K) [text/html]
Saving to: ‘s1.37.3’

     0K .......... .......... .......... .......... .......... 73%  307K 0s
    50K .......... .......                                    100%  227K=0.2s

2017-01-28 18:46:46 (281 KB/s) - ‘s1.37.3’ saved [69604/69604]

--2017-01-28 18:46:47--  http://doi.org/10.1093/icesjms/s1.37.1
Connecting to doi.org (doi.org)|208.254.38.90|:80... connected.
HTTP request sent, awaiting response... 303 See Other
Location: https://academic.oup.com/icesjms/article-lookup/doi/10.1093/icesjms/s1.37.1 [following]
--2017-01-28 18:46:48--  https://academic.oup.com/icesjms/article-lookup/doi/10.1093/icesjms/s1.37.1
Connecting to academic.oup.com (academic.oup.com)|173.254.190.144|:443... connected.
HTTP request sent, awaiting response... 200 OK
Length: 81708 (80K) [text/html]
Saving to: ‘s1.37.1’

     0K .......... .......... .......... .......... .......... 62%  209K 0s
    50K .......... .......... .........                       100% 11.1M=0.2s

2017-01-28 18:46:54 (330 KB/s) - ‘s1.37.1’ saved [81708/81708]

--2017-01-28 18:46:55--  http://doi.org/10.1093/icesjms/s1.38.3
Connecting to doi.org (doi.org)|208.254.38.90|:80... connected.
HTTP request sent, awaiting response... 303 See Other
Location: https://academic.oup.com/icesjms/article-lookup/doi/10.1093/icesjms/s1.38.3 [following]
--2017-01-28 18:46:56--  https://academic.oup.com/icesjms/article-lookup/doi/10.1093/icesjms/s1.38.3
Connecting to academic.oup.com (academic.oup.com)|173.254.190.144|:443... connected.
HTTP request sent, awaiting response... 200 OK
Length: 83304 (81K) [text/html]
Saving to: ‘s1.38.3’

     0K .......... .......... .......... .......... .......... 61%  209K 0s
    50K .......... .......... .......... .                    100% 6.05M=0.2s

2017-01-28 18:47:01 (333 KB/s) - ‘s1.38.3’ saved [83304/83304]

--2017-01-28 18:47:02--  http://doi.org/10.1093/icesjms/s1.39.3
Connecting to doi.org (doi.org)|208.254.38.90|:80... connected.
HTTP request sent, awaiting response... 303 See Other
Location: https://academic.oup.com/icesjms/article-lookup/doi/10.1093/icesjms/s1.39.3 [following]
--2017-01-28 18:47:03--  https://academic.oup.com/icesjms/article-lookup/doi/10.1093/icesjms/s1.39.3
Connecting to academic.oup.com (academic.oup.com)|173.254.190.144|:443... connected.
HTTP request sent, awaiting response... 200 OK
Length: 68141 (67K) [text/html]
Saving to: ‘s1.39.3’

     0K .......... .......... .......... .......... .......... 75%  209K 0s
    50K .......... ......                                     100% 13.7M=0.2s

2017-01-28 18:47:10 (277 KB/s) - ‘s1.39.3’ saved [68141/68141]

--2017-01-28 18:47:11--  http://doi.org/10.1093/icesjms/s1.40.3
Connecting to doi.org (doi.org)|208.254.38.90|:80... connected.
HTTP request sent, awaiting response... 303 See Other
Location: https://academic.oup.com/icesjms/article-lookup/doi/10.1093/icesjms/s1.40.3 [following]
--2017-01-28 18:47:12--  https://academic.oup.com/icesjms/article-lookup/doi/10.1093/icesjms/s1.40.3
Connecting to academic.oup.com (academic.oup.com)|173.254.190.144|:443... connected.
HTTP request sent, awaiting response... 200 OK
Length: 83275 (81K) [text/html]
Saving to: ‘s1.40.3’

     0K .......... .......... .......... .......... .......... 61%  310K 0s
    50K .......... .......... .......... .                    100%  387K=0.2s

2017-01-28 18:47:21 (335 KB/s) - ‘s1.40.3’ saved [83275/83275]

--2017-01-28 18:47:22--  http://doi.org/10.1093/icesjms/s1.41.3
Connecting to doi.org (doi.org)|208.254.38.90|:80... connected.
HTTP request sent, awaiting response... 303 See Other
Location: https://academic.oup.com/icesjms/article-lookup/doi/10.1093/icesjms/s1.41.3 [following]
--2017-01-28 18:47:23--  https://academic.oup.com/icesjms/article-lookup/doi/10.1093/icesjms/s1.41.3
Connecting to academic.oup.com (academic.oup.com)|173.254.190.144|:443... connected.
HTTP request sent, awaiting response... 200 OK
Length: 68370 (67K) [text/html]
Saving to: ‘s1.41.3’

     0K .......... .......... .......... .......... .......... 74%  208K 0s
    50K .......... ......                                     100% 15.8M=0.2s

2017-01-28 18:47:27 (277 KB/s) - ‘s1.41.3’ saved [68370/68370]

--2017-01-28 18:47:28--  http://doi.org/10.1093/icesjms/s1.41.24
Connecting to doi.org (doi.org)|208.254.38.90|:80... connected.
HTTP request sent, awaiting response... 303 See Other
Location: https://academic.oup.com/icesjms/article-lookup/doi/10.1093/icesjms/s1.41.24 [following]
--2017-01-28 18:47:30--  https://academic.oup.com/icesjms/article-lookup/doi/10.1093/icesjms/s1.41.24
Connecting to academic.oup.com (academic.oup.com)|173.254.190.144|:443... connected.
HTTP request sent, awaiting response... 200 OK
Length: 82645 (81K) [text/html]
Saving to: ‘s1.41.24’

     0K .......... .......... .......... .......... .......... 61%  209K 0s
    50K .......... .......... ..........                      100% 10.3M=0.2s

2017-01-28 18:47:38 (333 KB/s) - ‘s1.41.24’ saved [82645/82645]

--2017-01-28 18:47:39--  http://doi.org/10.1093/icesjms/s1.42.3
Connecting to doi.org (doi.org)|208.254.38.90|:80... connected.
HTTP request sent, awaiting response... 303 See Other
Location: https://academic.oup.com/icesjms/article-lookup/doi/10.1093/icesjms/s1.42.3 [following]
--2017-01-28 18:47:40--  https://academic.oup.com/icesjms/article-lookup/doi/10.1093/icesjms/s1.42.3
Connecting to academic.oup.com (academic.oup.com)|173.254.190.144|:443... connected.
HTTP request sent, awaiting response... 200 OK
Length: 67755 (66K) [text/html]
Saving to: ‘s1.42.3’

     0K .......... .......... .......... .......... .......... 75%  209K 0s
    50K .......... ......                                     100% 19.2M=0.2s

2017-01-28 18:47:45 (276 KB/s) - ‘s1.42.3’ saved [67755/67755]

--2017-01-28 18:47:46--  http://doi.org/10.1093/icesjms/s1.43.1
Connecting to doi.org (doi.org)|208.254.38.90|:80... connected.
HTTP request sent, awaiting response... 303 See Other
Location: https://academic.oup.com/icesjms/article-lookup/doi/10.1093/icesjms/s1.43.1 [following]
--2017-01-28 18:47:48--  https://academic.oup.com/icesjms/article-lookup/doi/10.1093/icesjms/s1.43.1
Connecting to academic.oup.com (academic.oup.com)|173.254.190.144|:443... connected.
HTTP request sent, awaiting response... 200 OK
Length: 83287 (81K) [text/html]
Saving to: ‘s1.43.1’

     0K .......... .......... .......... .......... .......... 61%  209K 0s
    50K .......... .......... .......... .                    100% 12.0M=0.2s

2017-01-28 18:47:53 (337 KB/s) - ‘s1.43.1’ saved [83287/83287]

--2017-01-28 18:47:54--  http://doi.org/10.1093/icesjms/s1.44.3
Connecting to doi.org (doi.org)|208.254.38.90|:80... connected.
HTTP request sent, awaiting response... 303 See Other
Location: https://academic.oup.com/icesjms/article-lookup/doi/10.1093/icesjms/s1.44.3 [following]
--2017-01-28 18:47:55--  https://academic.oup.com/icesjms/article-lookup/doi/10.1093/icesjms/s1.44.3
Connecting to academic.oup.com (academic.oup.com)|173.254.190.144|:443... connected.
HTTP request sent, awaiting response... 200 OK
Length: 68473 (67K) [text/html]
Saving to: ‘s1.44.3’

     0K .......... .......... .......... .......... .......... 74%  209K 0s
    50K .......... ......                                     100% 4.33M=0.2s

2017-01-28 18:48:00 (275 KB/s) - ‘s1.44.3’ saved [68473/68473]

--2017-01-28 18:48:01--  http://doi.org/10.1093/icesjms/s1.45.1
Connecting to doi.org (doi.org)|208.254.38.90|:80... connected.
HTTP request sent, awaiting response... 303 See Other
Location: https://academic.oup.com/icesjms/article-lookup/doi/10.1093/icesjms/s1.45.1 [following]
--2017-01-28 18:48:02--  https://academic.oup.com/icesjms/article-lookup/doi/10.1093/icesjms/s1.45.1
Connecting to academic.oup.com (academic.oup.com)|173.254.190.144|:443... connected.
HTTP request sent, awaiting response... 200 OK
Length: 68973 (67K) [text/html]
Saving to: ‘s1.45.1’

     0K .......... .......... .......... .......... .......... 74%  208K 0s
    50K .......... .......                                    100% 14.4M=0.2s

2017-01-28 18:48:06 (279 KB/s) - ‘s1.45.1’ saved [68973/68973]

--2017-01-28 18:48:07--  http://doi.org/10.1093/icesjms/s1.45.3
Connecting to doi.org (doi.org)|208.254.38.90|:80... connected.
HTTP request sent, awaiting response... 303 See Other
Location: https://academic.oup.com/icesjms/article-lookup/doi/10.1093/icesjms/s1.45.3 [following]
--2017-01-28 18:48:08--  https://academic.oup.com/icesjms/article-lookup/doi/10.1093/icesjms/s1.45.3
Connecting to academic.oup.com (academic.oup.com)|173.254.190.144|:443... connected.
HTTP request sent, awaiting response... 200 OK
Length: 68151 (67K) [text/html]
Saving to: ‘s1.45.3’

     0K .......... .......... .......... .......... .......... 75%  209K 0s
    50K .......... ......                                     100% 16.1M=0.2s

2017-01-28 18:48:13 (277 KB/s) - ‘s1.45.3’ saved [68151/68151]

--2017-01-28 18:48:14--  http://doi.org/10.1093/icesjms/s1.46.3
Connecting to doi.org (doi.org)|208.254.38.90|:80... connected.
HTTP request sent, awaiting response... 303 See Other
Location: https://academic.oup.com/icesjms/article-lookup/doi/10.1093/icesjms/s1.46.3 [following]
--2017-01-28 18:48:15--  https://academic.oup.com/icesjms/article-lookup/doi/10.1093/icesjms/s1.46.3
Connecting to academic.oup.com (academic.oup.com)|173.254.190.144|:443... connected.
HTTP request sent, awaiting response... 200 OK
Length: 68097 (67K) [text/html]
Saving to: ‘s1.46.3’

     0K .......... .......... .......... .......... .......... 75%  209K 0s
    50K .......... ......                                     100% 13.7M=0.2s

2017-01-28 18:48:26 (277 KB/s) - ‘s1.46.3’ saved [68097/68097]

--2017-01-28 18:48:27--  http://doi.org/10.1093/icesjms/s1.47.1
Connecting to doi.org (doi.org)|208.254.38.90|:80... connected.
HTTP request sent, awaiting response... 303 See Other
Location: https://academic.oup.com/icesjms/article-lookup/doi/10.1093/icesjms/s1.47.1 [following]
--2017-01-28 18:48:28--  https://academic.oup.com/icesjms/article-lookup/doi/10.1093/icesjms/s1.47.1
Connecting to academic.oup.com (academic.oup.com)|173.254.190.144|:443... connected.
HTTP request sent, awaiting response... 200 OK
Length: 82924 (81K) [text/html]
Saving to: ‘s1.47.1’

     0K .......... .......... .......... .......... .......... 61%  209K 0s
    50K .......... .......... ..........                      100% 11.1M=0.2s

2017-01-28 18:48:37 (334 KB/s) - ‘s1.47.1’ saved [82924/82924]

--2017-01-28 18:48:38--  http://doi.org/10.1093/icesjms/s1.48.146
Connecting to doi.org (doi.org)|208.254.38.90|:80... connected.
HTTP request sent, awaiting response... 303 See Other
Location: https://academic.oup.com/icesjms/article-lookup/doi/10.1093/icesjms/s1.48.146 [following]
--2017-01-28 18:48:39--  https://academic.oup.com/icesjms/article-lookup/doi/10.1093/icesjms/s1.48.146
Connecting to academic.oup.com (academic.oup.com)|173.254.190.144|:443... connected.
HTTP request sent, awaiting response... 200 OK
Length: 67149 (66K) [text/html]
Saving to: ‘s1.48.146’

     0K .......... .......... .......... .......... .......... 76%  209K 0s
    50K .......... .....                                      100% 16.5M=0.2s

2017-01-28 18:48:44 (273 KB/s) - ‘s1.48.146’ saved [67149/67149]

--2017-01-28 18:48:45--  http://doi.org/10.1093/icesjms/s1.48.1
Connecting to doi.org (doi.org)|208.254.38.90|:80... connected.
HTTP request sent, awaiting response... 303 See Other
Location: https://academic.oup.com/icesjms/article-lookup/doi/10.1093/icesjms/s1.48.1 [following]
--2017-01-28 18:48:47--  https://academic.oup.com/icesjms/article-lookup/doi/10.1093/icesjms/s1.48.1
Connecting to academic.oup.com (academic.oup.com)|173.254.190.144|:443... connected.
HTTP request sent, awaiting response... 200 OK
Length: 81137 (79K) [text/html]
Saving to: ‘s1.48.1’

     0K .......... .......... .......... .......... .......... 63%  309K 0s
    50K .......... .......... .........                       100%  365K=0.2s

2017-01-28 18:48:55 (328 KB/s) - ‘s1.48.1’ saved [81137/81137]

--2017-01-28 18:48:56--  http://doi.org/10.1093/icesjms/s1.48.59
Connecting to doi.org (doi.org)|208.254.38.90|:80... connected.
HTTP request sent, awaiting response... 303 See Other
Location: https://academic.oup.com/icesjms/article-lookup/doi/10.1093/icesjms/s1.48.59 [following]
--2017-01-28 18:48:57--  https://academic.oup.com/icesjms/article-lookup/doi/10.1093/icesjms/s1.48.59
Connecting to academic.oup.com (academic.oup.com)|173.254.190.144|:443... connected.
HTTP request sent, awaiting response... 200 OK
Length: 66076 (65K) [text/html]
Saving to: ‘s1.48.59’

     0K .......... .......... .......... .......... .......... 77%  209K 0s
    50K .......... ....                                       100% 15.5M=0.2s

2017-01-28 18:49:01 (269 KB/s) - ‘s1.48.59’ saved [66076/66076]

--2017-01-28 18:49:02--  http://doi.org/10.1093/icesjms/s1.50.1
Connecting to doi.org (doi.org)|208.254.38.90|:80... connected.
HTTP request sent, awaiting response... 303 See Other
Location: https://academic.oup.com/icesjms/article-lookup/doi/10.1093/icesjms/s1.50.1 [following]
--2017-01-28 18:49:03--  https://academic.oup.com/icesjms/article-lookup/doi/10.1093/icesjms/s1.50.1
Connecting to academic.oup.com (academic.oup.com)|173.254.190.144|:443... connected.
HTTP request sent, awaiting response... 200 OK
Length: 68243 (67K) [text/html]
Saving to: ‘s1.50.1’

     0K .......... .......... .......... .......... .......... 75%  209K 0s
    50K .......... ......                                     100% 14.4M=0.2s

2017-01-28 18:49:07 (277 KB/s) - ‘s1.50.1’ saved [68243/68243]

--2017-01-28 18:49:08--  http://doi.org/10.1093/icesjms/s1.51.1
Connecting to doi.org (doi.org)|208.254.38.90|:80... connected.
HTTP request sent, awaiting response... 303 See Other
Location: https://academic.oup.com/icesjms/article-lookup/doi/10.1093/icesjms/s1.51.1 [following]
--2017-01-28 18:49:10--  https://academic.oup.com/icesjms/article-lookup/doi/10.1093/icesjms/s1.51.1
Connecting to academic.oup.com (academic.oup.com)|173.254.190.144|:443... connected.
HTTP request sent, awaiting response... 200 OK
Length: 68184 (67K) [text/html]
Saving to: ‘s1.51.1’

     0K .......... .......... .......... .......... .......... 75%  209K 0s
    50K .......... ......                                     100% 14.5M=0.2s

2017-01-28 18:49:14 (276 KB/s) - ‘s1.51.1’ saved [68184/68184]

--2017-01-28 18:49:15--  http://doi.org/10.1093/icesjms/s1.50.3
Connecting to doi.org (doi.org)|208.254.38.90|:80... connected.
HTTP request sent, awaiting response... 303 See Other
Location: https://academic.oup.com/icesjms/article-lookup/doi/10.1093/icesjms/s1.50.3 [following]
--2017-01-28 18:49:16--  https://academic.oup.com/icesjms/article-lookup/doi/10.1093/icesjms/s1.50.3
Connecting to academic.oup.com (academic.oup.com)|173.254.190.144|:443... connected.
HTTP request sent, awaiting response... 200 OK
Length: 68257 (67K) [text/html]
Saving to: ‘s1.50.3’

     0K .......... .......... .......... .......... .......... 75%  208K 0s
    50K .......... ......                                     100% 13.4M=0.2s

2017-01-28 18:49:23 (276 KB/s) - ‘s1.50.3’ saved [68257/68257]

--2017-01-28 18:49:24--  http://doi.org/10.1093/icesjms/s1.49.1
Connecting to doi.org (doi.org)|208.254.38.90|:80... connected.
HTTP request sent, awaiting response... 303 See Other
Location: https://academic.oup.com/icesjms/article-lookup/doi/10.1093/icesjms/s1.49.1 [following]
--2017-01-28 18:49:25--  https://academic.oup.com/icesjms/article-lookup/doi/10.1093/icesjms/s1.49.1
Connecting to academic.oup.com (academic.oup.com)|173.254.190.144|:443... connected.
HTTP request sent, awaiting response... 200 OK
Length: 82827 (81K) [text/html]
Saving to: ‘s1.49.1’

     0K .......... .......... .......... .......... .......... 61%  209K 0s
    50K .......... .......... ..........                      100% 12.9M=0.2s

2017-01-28 18:49:32 (335 KB/s) - ‘s1.49.1’ saved [82827/82827]

--2017-01-28 18:49:33--  http://doi.org/10.1093/icesjms/s1.53.3
Connecting to doi.org (doi.org)|208.254.38.90|:80... connected.
HTTP request sent, awaiting response... 303 See Other
Location: https://academic.oup.com/icesjms/article-lookup/doi/10.1093/icesjms/s1.53.3 [following]
--2017-01-28 18:49:34--  https://academic.oup.com/icesjms/article-lookup/doi/10.1093/icesjms/s1.53.3
Connecting to academic.oup.com (academic.oup.com)|173.254.190.144|:443... connected.
HTTP request sent, awaiting response... 200 OK
Length: 68085 (66K) [text/html]
Saving to: ‘s1.53.3’

     0K .......... .......... .......... .......... .......... 75%  209K 0s
    50K .......... ......                                     100% 10.6M=0.2s

2017-01-28 18:49:40 (276 KB/s) - ‘s1.53.3’ saved [68085/68085]

--2017-01-28 18:49:41--  http://doi.org/10.1093/icesjms/s1.53.34
Connecting to doi.org (doi.org)|208.254.38.90|:80... connected.
HTTP request sent, awaiting response... 303 See Other
Location: https://academic.oup.com/icesjms/article-lookup/doi/10.1093/icesjms/s1.53.34 [following]
--2017-01-28 18:49:43--  https://academic.oup.com/icesjms/article-lookup/doi/10.1093/icesjms/s1.53.34
Connecting to academic.oup.com (academic.oup.com)|173.254.190.144|:443... connected.
HTTP request sent, awaiting response... 200 OK
Length: 66134 (65K) [text/html]
Saving to: ‘s1.53.34’

     0K .......... .......... .......... .......... .......... 77%  208K 0s
    50K .......... ....                                       100% 14.1M=0.2s

2017-01-28 18:49:47 (267 KB/s) - ‘s1.53.34’ saved [66134/66134]

--2017-01-28 18:49:48--  http://doi.org/10.1093/icesjms/s1.53.7
Connecting to doi.org (doi.org)|208.254.38.90|:80... connected.
HTTP request sent, awaiting response... 303 See Other
Location: https://academic.oup.com/icesjms/article-lookup/doi/10.1093/icesjms/s1.53.7 [following]
--2017-01-28 18:49:49--  https://academic.oup.com/icesjms/article-lookup/doi/10.1093/icesjms/s1.53.7
Connecting to academic.oup.com (academic.oup.com)|173.254.190.144|:443... connected.
HTTP request sent, awaiting response... 200 OK
Length: 67958 (66K) [text/html]
Saving to: ‘s1.53.7’

     0K .......... .......... .......... .......... .......... 75%  207K 0s
    50K .......... ......                                     100% 5.37M=0.2s

2017-01-28 18:49:56 (272 KB/s) - ‘s1.53.7’ saved [67958/67958]

--2017-01-28 18:49:57--  http://doi.org/10.1093/icesjms/s1.53.1
Connecting to doi.org (doi.org)|208.254.38.90|:80... connected.
HTTP request sent, awaiting response... 303 See Other
Location: https://academic.oup.com/icesjms/article-lookup/doi/10.1093/icesjms/s1.53.1 [following]
--2017-01-28 18:49:58--  https://academic.oup.com/icesjms/article-lookup/doi/10.1093/icesjms/s1.53.1
Connecting to academic.oup.com (academic.oup.com)|173.254.190.144|:443... connected.
HTTP request sent, awaiting response... 200 OK
Length: 68070 (66K) [text/html]
Saving to: ‘s1.53.1’

     0K .......... .......... .......... .......... .......... 75%  209K 0s
    50K .......... ......                                     100% 11.1M=0.2s

2017-01-28 18:50:02 (276 KB/s) - ‘s1.53.1’ saved [68070/68070]

--2017-01-28 18:50:03--  http://doi.org/10.1093/icesjms/s1.52.1
Connecting to doi.org (doi.org)|208.254.38.90|:80... connected.
HTTP request sent, awaiting response... 303 See Other
Location: https://academic.oup.com/icesjms/article-lookup/doi/10.1093/icesjms/s1.52.1 [following]
--2017-01-28 18:50:04--  https://academic.oup.com/icesjms/article-lookup/doi/10.1093/icesjms/s1.52.1
Connecting to academic.oup.com (academic.oup.com)|173.254.190.144|:443... connected.
HTTP request sent, awaiting response... 200 OK
Length: 67949 (66K) [text/html]
Saving to: ‘s1.52.1’

     0K .......... .......... .......... .......... .......... 75%  309K 0s
    50K .......... ......                                     100%  207K=0.2s

2017-01-28 18:50:09 (275 KB/s) - ‘s1.52.1’ saved [67949/67949]

--2017-01-28 18:50:10--  http://doi.org/10.1093/icesjms/s1.54.1
Connecting to doi.org (doi.org)|208.254.38.90|:80... connected.
HTTP request sent, awaiting response... 303 See Other
Location: https://academic.oup.com/icesjms/article-lookup/doi/10.1093/icesjms/s1.54.1 [following]
--2017-01-28 18:50:11--  https://academic.oup.com/icesjms/article-lookup/doi/10.1093/icesjms/s1.54.1
Connecting to academic.oup.com (academic.oup.com)|173.254.190.144|:443... connected.
HTTP request sent, awaiting response... 200 OK
Length: 68137 (67K) [text/html]
Saving to: ‘s1.54.1’

     0K .......... .......... .......... .......... .......... 75%  209K 0s
    50K .......... ......                                     100% 14.9M=0.2s

2017-01-28 18:50:20 (277 KB/s) - ‘s1.54.1’ saved [68137/68137]

--2017-01-28 18:50:22--  http://doi.org/10.1093/icesjms/s1.55.1
Connecting to doi.org (doi.org)|208.254.38.90|:80... connected.
HTTP request sent, awaiting response... 303 See Other
Location: https://academic.oup.com/icesjms/article-lookup/doi/10.1093/icesjms/s1.55.1 [following]
--2017-01-28 18:50:23--  https://academic.oup.com/icesjms/article-lookup/doi/10.1093/icesjms/s1.55.1
Connecting to academic.oup.com (academic.oup.com)|173.254.190.144|:443... connected.
HTTP request sent, awaiting response... 200 OK
Length: 69153 (68K) [text/html]
Saving to: ‘s1.55.1’

     0K .......... .......... .......... .......... .......... 74%  209K 0s
    50K .......... .......                                    100% 16.5M=0.2s

2017-01-28 18:50:30 (281 KB/s) - ‘s1.55.1’ saved [69153/69153]

--2017-01-28 18:50:31--  http://doi.org/10.1093/icesjms/s1.56.3
Connecting to doi.org (doi.org)|208.254.38.90|:80... connected.
HTTP request sent, awaiting response... 303 See Other
Location: https://academic.oup.com/icesjms/article-lookup/doi/10.1093/icesjms/s1.56.3 [following]
--2017-01-28 18:50:32--  https://academic.oup.com/icesjms/article-lookup/doi/10.1093/icesjms/s1.56.3
Connecting to academic.oup.com (academic.oup.com)|173.254.190.144|:443... connected.
HTTP request sent, awaiting response... 200 OK
Length: 67918 (66K) [text/html]
Saving to: ‘s1.56.3’

     0K .......... .......... .......... .......... .......... 75%  309K 0s
    50K .......... ......                                     100%  207K=0.2s

2017-01-28 18:50:37 (276 KB/s) - ‘s1.56.3’ saved [67918/67918]

--2017-01-28 18:50:38--  http://doi.org/10.1093/icesjms/s1.56.9
Connecting to doi.org (doi.org)|208.254.38.90|:80... connected.
HTTP request sent, awaiting response... 303 See Other
Location: https://academic.oup.com/icesjms/article-lookup/doi/10.1093/icesjms/s1.56.9 [following]
--2017-01-28 18:50:40--  https://academic.oup.com/icesjms/article-lookup/doi/10.1093/icesjms/s1.56.9
Connecting to academic.oup.com (academic.oup.com)|173.254.190.144|:443... connected.
HTTP request sent, awaiting response... 200 OK
Length: 68396 (67K) [text/html]
Saving to: ‘s1.56.9’

     0K .......... .......... .......... .......... .......... 74%  209K 0s
    50K .......... ......                                     100% 8.14M=0.2s

2017-01-28 18:50:43 (277 KB/s) - ‘s1.56.9’ saved [68396/68396]

--2017-01-28 18:50:44--  http://doi.org/10.1093/icesjms/s1.57.1
Connecting to doi.org (doi.org)|208.254.38.90|:80... connected.
HTTP request sent, awaiting response... 303 See Other
Location: https://academic.oup.com/icesjms/article-lookup/doi/10.1093/icesjms/s1.57.1 [following]
--2017-01-28 18:50:45--  https://academic.oup.com/icesjms/article-lookup/doi/10.1093/icesjms/s1.57.1
Connecting to academic.oup.com (academic.oup.com)|173.254.190.144|:443... connected.
HTTP request sent, awaiting response... 200 OK
Length: 68155 (67K) [text/html]
Saving to: ‘s1.57.1’

     0K .......... .......... .......... .......... .......... 75%  209K 0s
    50K .......... ......                                     100% 16.4M=0.2s

2017-01-28 18:50:50 (277 KB/s) - ‘s1.57.1’ saved [68155/68155]

--2017-01-28 18:50:51--  http://doi.org/10.1093/icesjms/s1.58-59.3
Connecting to doi.org (doi.org)|208.254.38.90|:80... connected.
HTTP request sent, awaiting response... 303 See Other
Location: https://academic.oup.com/icesjms/article-lookup/doi/10.1093/icesjms/s1.58-59.3 [following]
--2017-01-28 18:50:52--  https://academic.oup.com/icesjms/article-lookup/doi/10.1093/icesjms/s1.58-59.3
Connecting to academic.oup.com (academic.oup.com)|173.254.190.144|:443... connected.
HTTP request sent, awaiting response... 200 OK
Length: 68722 (67K) [text/html]
Saving to: ‘s1.58-59.3’

     0K .......... .......... .......... .......... .......... 74%  208K 0s
    50K .......... .......                                    100% 16.6M=0.2s

2017-01-28 18:51:00 (278 KB/s) - ‘s1.58-59.3’ saved [68722/68722]

--2017-01-28 18:51:01--  http://doi.org/10.1093/icesjms/s1.58-59.9
Connecting to doi.org (doi.org)|208.254.38.90|:80... connected.
HTTP request sent, awaiting response... 303 See Other
Location: https://academic.oup.com/icesjms/article-lookup/doi/10.1093/icesjms/s1.58-59.9 [following]
--2017-01-28 18:51:02--  https://academic.oup.com/icesjms/article-lookup/doi/10.1093/icesjms/s1.58-59.9
Connecting to academic.oup.com (academic.oup.com)|173.254.190.144|:443... connected.
HTTP request sent, awaiting response... 200 OK
Length: 68674 (67K) [text/html]
Saving to: ‘s1.58-59.9’

     0K .......... .......... .......... .......... .......... 74%  209K 0s
    50K .......... .......                                    100% 13.9M=0.2s

2017-01-28 18:51:06 (279 KB/s) - ‘s1.58-59.9’ saved [68674/68674]

--2017-01-28 18:51:07--  http://doi.org/10.1093/icesjms/s1.58-59.18
Connecting to doi.org (doi.org)|208.254.38.90|:80... connected.
HTTP request sent, awaiting response... 303 See Other
Location: https://academic.oup.com/icesjms/article-lookup/doi/10.1093/icesjms/s1.58-59.18 [following]
--2017-01-28 18:51:08--  https://academic.oup.com/icesjms/article-lookup/doi/10.1093/icesjms/s1.58-59.18
Connecting to academic.oup.com (academic.oup.com)|173.254.190.144|:443... connected.
HTTP request sent, awaiting response... 200 OK
Length: 67566 (66K) [text/html]
Saving to: ‘s1.58-59.18’

     0K .......... .......... .......... .......... .......... 75%  209K 0s
    50K .......... .....                                      100% 18.0M=0.2s

2017-01-28 18:51:15 (275 KB/s) - ‘s1.58-59.18’ saved [67566/67566]

--2017-01-28 18:51:16--  http://doi.org/10.1093/icesjms/s1.60.3
Connecting to doi.org (doi.org)|208.254.38.90|:80... connected.
HTTP request sent, awaiting response... 303 See Other
Location: https://academic.oup.com/icesjms/article-lookup/doi/10.1093/icesjms/s1.60.3 [following]
--2017-01-28 18:51:17--  https://academic.oup.com/icesjms/article-lookup/doi/10.1093/icesjms/s1.60.3
Connecting to academic.oup.com (academic.oup.com)|173.254.190.144|:443... connected.
HTTP request sent, awaiting response... 200 OK
Length: 68440 (67K) [text/html]
Saving to: ‘s1.60.3’

     0K .......... .......... .......... .......... .......... 74%  209K 0s
    50K .......... ......                                     100% 16.3M=0.2s

2017-01-28 18:51:22 (278 KB/s) - ‘s1.60.3’ saved [68440/68440]

--2017-01-28 18:51:23--  http://doi.org/10.1093/icesjms/s1.61.3
Connecting to doi.org (doi.org)|208.254.38.90|:80... connected.
HTTP request sent, awaiting response... 303 See Other
Location: https://academic.oup.com/icesjms/article-lookup/doi/10.1093/icesjms/s1.61.3 [following]
--2017-01-28 18:51:24--  https://academic.oup.com/icesjms/article-lookup/doi/10.1093/icesjms/s1.61.3
Connecting to academic.oup.com (academic.oup.com)|173.254.190.144|:443... connected.
HTTP request sent, awaiting response... 200 OK
Length: 68158 (67K) [text/html]
Saving to: ‘s1.61.3’

     0K .......... .......... .......... .......... .......... 75%  209K 0s
    50K .......... ......                                     100% 5.35M=0.2s

2017-01-28 18:51:28 (275 KB/s) - ‘s1.61.3’ saved [68158/68158]

--2017-01-28 18:51:29--  http://doi.org/10.1093/icesjms/s1.61.1
Connecting to doi.org (doi.org)|208.254.38.90|:80... connected.
HTTP request sent, awaiting response... 303 See Other
Location: https://academic.oup.com/icesjms/article-lookup/doi/10.1093/icesjms/s1.61.1 [following]
--2017-01-28 18:51:30--  https://academic.oup.com/icesjms/article-lookup/doi/10.1093/icesjms/s1.61.1
Connecting to academic.oup.com (academic.oup.com)|173.254.190.144|:443... connected.
HTTP request sent, awaiting response... 200 OK
Length: 68231 (67K) [text/html]
Saving to: ‘s1.61.1’

     0K .......... .......... .......... .......... .......... 75%  208K 0s
    50K .......... ......                                     100% 16.6M=0.2s

2017-01-28 18:51:36 (277 KB/s) - ‘s1.61.1’ saved [68231/68231]

--2017-01-28 18:51:37--  http://doi.org/10.1093/icesjms/s1.61.35
Connecting to doi.org (doi.org)|208.254.38.90|:80... connected.
HTTP request sent, awaiting response... 303 See Other
Location: https://academic.oup.com/icesjms/article-lookup/doi/10.1093/icesjms/s1.61.35 [following]
--2017-01-28 18:51:38--  https://academic.oup.com/icesjms/article-lookup/doi/10.1093/icesjms/s1.61.35
Connecting to academic.oup.com (academic.oup.com)|173.254.190.144|:443... connected.
HTTP request sent, awaiting response... 200 OK
Length: 67994 (66K) [text/html]
Saving to: ‘s1.61.35’

     0K .......... .......... .......... .......... .......... 75%  209K 0s
    50K .......... ......                                     100% 15.0M=0.2s

2017-01-28 18:51:44 (276 KB/s) - ‘s1.61.35’ saved [67994/67994]

--2017-01-28 18:51:45--  http://doi.org/10.1093/icesjms/s1.61.8
Connecting to doi.org (doi.org)|208.254.38.90|:80... connected.
HTTP request sent, awaiting response... 303 See Other
Location: https://academic.oup.com/icesjms/article-lookup/doi/10.1093/icesjms/s1.61.8 [following]
--2017-01-28 18:51:46--  https://academic.oup.com/icesjms/article-lookup/doi/10.1093/icesjms/s1.61.8
Connecting to academic.oup.com (academic.oup.com)|173.254.190.144|:443... connected.
HTTP request sent, awaiting response... 200 OK
Length: 84451 (82K) [text/html]
Saving to: ‘s1.61.8’

     0K .......... .......... .......... .......... .......... 60%  209K 0s
    50K .......... .......... .......... ..                   100% 9.74M=0.2s

2017-01-28 18:51:56 (341 KB/s) - ‘s1.61.8’ saved [84451/84451]

--2017-01-28 18:51:57--  http://doi.org/10.1093/icesjms/s1.62.3
Connecting to doi.org (doi.org)|208.254.38.90|:80... connected.
HTTP request sent, awaiting response... 303 See Other
Location: https://academic.oup.com/icesjms/article-lookup/doi/10.1093/icesjms/s1.62.3 [following]
--2017-01-28 18:51:58--  https://academic.oup.com/icesjms/article-lookup/doi/10.1093/icesjms/s1.62.3
Connecting to academic.oup.com (academic.oup.com)|173.254.190.144|:443... connected.
HTTP request sent, awaiting response... 200 OK
Length: 83043 (81K) [text/html]
Saving to: ‘s1.62.3’

     0K .......... .......... .......... .......... .......... 61%  208K 0s
    50K .......... .......... .......... .                    100% 9.99M=0.2s

2017-01-28 18:52:04 (334 KB/s) - ‘s1.62.3’ saved [83043/83043]

--2017-01-28 18:52:05--  http://doi.org/10.1093/icesjms/s1.63.3
Connecting to doi.org (doi.org)|208.254.38.90|:80... connected.
HTTP request sent, awaiting response... 303 See Other
Location: https://academic.oup.com/icesjms/article-lookup/doi/10.1093/icesjms/s1.63.3 [following]
--2017-01-28 18:52:06--  https://academic.oup.com/icesjms/article-lookup/doi/10.1093/icesjms/s1.63.3
Connecting to academic.oup.com (academic.oup.com)|173.254.190.144|:443... connected.
HTTP request sent, awaiting response... 200 OK
Length: 67991 (66K) [text/html]
Saving to: ‘s1.63.3’

     0K .......... .......... .......... .......... .......... 75%  208K 0s
    50K .......... ......                                     100% 16.5M=0.2s

2017-01-28 18:52:13 (275 KB/s) - ‘s1.63.3’ saved [67991/67991]

--2017-01-28 18:52:14--  http://doi.org/10.1093/icesjms/s1.65.3
Connecting to doi.org (doi.org)|208.254.38.90|:80... connected.
HTTP request sent, awaiting response... 303 See Other
Location: https://academic.oup.com/icesjms/article-lookup/doi/10.1093/icesjms/s1.65.3 [following]
--2017-01-28 18:52:16--  https://academic.oup.com/icesjms/article-lookup/doi/10.1093/icesjms/s1.65.3
Connecting to academic.oup.com (academic.oup.com)|173.254.190.144|:443... connected.
HTTP request sent, awaiting response... 200 OK
Length: 68069 (66K) [text/html]
Saving to: ‘s1.65.3’

     0K .......... .......... .......... .......... .......... 75%  208K 0s
    50K .......... ......                                     100% 16.4M=0.2s

2017-01-28 18:52:21 (275 KB/s) - ‘s1.65.3’ saved [68069/68069]

--2017-01-28 18:52:22--  http://doi.org/10.1093/icesjms/s1.64.31
Connecting to doi.org (doi.org)|208.254.38.90|:80... connected.
HTTP request sent, awaiting response... 303 See Other
Location: https://academic.oup.com/icesjms/article-lookup/doi/10.1093/icesjms/s1.64.31 [following]
--2017-01-28 18:52:23--  https://academic.oup.com/icesjms/article-lookup/doi/10.1093/icesjms/s1.64.31
Connecting to academic.oup.com (academic.oup.com)|173.254.190.144|:443... connected.
HTTP request sent, awaiting response... 200 OK
Length: 68523 (67K) [text/html]
Saving to: ‘s1.64.31’

     0K .......... .......... .......... .......... .......... 74%  209K 0s
    50K .......... ......                                     100% 15.1M=0.2s

2017-01-28 18:52:27 (278 KB/s) - ‘s1.64.31’ saved [68523/68523]

--2017-01-28 18:52:28--  http://doi.org/10.1093/icesjms/s1.64.3
Connecting to doi.org (doi.org)|208.254.38.90|:80... connected.
HTTP request sent, awaiting response... 303 See Other
Location: https://academic.oup.com/icesjms/article-lookup/doi/10.1093/icesjms/s1.64.3 [following]
--2017-01-28 18:52:30--  https://academic.oup.com/icesjms/article-lookup/doi/10.1093/icesjms/s1.64.3
Connecting to academic.oup.com (academic.oup.com)|173.254.190.144|:443... connected.
HTTP request sent, awaiting response... 200 OK
Length: 68233 (67K) [text/html]
Saving to: ‘s1.64.3’

     0K .......... .......... .......... .......... .......... 75%  209K 0s
    50K .......... ......                                     100% 13.1M=0.2s

2017-01-28 18:52:33 (277 KB/s) - ‘s1.64.3’ saved [68233/68233]

--2017-01-28 18:52:34--  http://doi.org/10.1093/icesjms/s1.66.1
Connecting to doi.org (doi.org)|208.254.38.90|:80... connected.
HTTP request sent, awaiting response... 303 See Other
Location: https://academic.oup.com/icesjms/article-lookup/doi/10.1093/icesjms/s1.66.1 [following]
--2017-01-28 18:52:35--  https://academic.oup.com/icesjms/article-lookup/doi/10.1093/icesjms/s1.66.1
Connecting to academic.oup.com (academic.oup.com)|173.254.190.144|:443... connected.
HTTP request sent, awaiting response... 200 OK
Length: 68135 (67K) [text/html]
Saving to: ‘s1.66.1’

     0K .......... .......... .......... .......... .......... 75%  209K 0s
    50K .......... ......                                     100% 15.2M=0.2s

2017-01-28 18:52:39 (277 KB/s) - ‘s1.66.1’ saved [68135/68135]

--2017-01-28 18:52:40--  http://doi.org/10.1093/icesjms/s1.68.1
Connecting to doi.org (doi.org)|208.254.38.90|:80... connected.
HTTP request sent, awaiting response... 303 See Other
Location: https://academic.oup.com/icesjms/article-lookup/doi/10.1093/icesjms/s1.68.1 [following]
--2017-01-28 18:52:41--  https://academic.oup.com/icesjms/article-lookup/doi/10.1093/icesjms/s1.68.1
Connecting to academic.oup.com (academic.oup.com)|173.254.190.144|:443... connected.
HTTP request sent, awaiting response... 200 OK
Length: 70961 (69K) [text/html]
Saving to: ‘s1.68.1’

     0K .......... .......... .......... .......... .......... 72%  209K 0s
    50K .......... .........                                  100% 10.9M=0.2s

2017-01-28 18:52:44 (288 KB/s) - ‘s1.68.1’ saved [70961/70961]

--2017-01-28 18:52:45--  http://doi.org/10.1093/icesjms/s1.68.3
Connecting to doi.org (doi.org)|208.254.38.90|:80... connected.
HTTP request sent, awaiting response... 303 See Other
Location: https://academic.oup.com/icesjms/article-lookup/doi/10.1093/icesjms/s1.68.3 [following]
--2017-01-28 18:52:46--  https://academic.oup.com/icesjms/article-lookup/doi/10.1093/icesjms/s1.68.3
Connecting to academic.oup.com (academic.oup.com)|173.254.190.144|:443... connected.
HTTP request sent, awaiting response... 200 OK
Length: 66648 (65K) [text/html]
Saving to: ‘s1.68.3’

     0K .......... .......... .......... .......... .......... 76%  309K 0s
    50K .......... .....                                      100%  193K=0.2s

2017-01-28 18:52:52 (271 KB/s) - ‘s1.68.3’ saved [66648/66648]

--2017-01-28 18:52:53--  http://doi.org/10.1093/icesjms/s1.69.3
Connecting to doi.org (doi.org)|208.254.38.90|:80... connected.
HTTP request sent, awaiting response... 303 See Other
Location: https://academic.oup.com/icesjms/article-lookup/doi/10.1093/icesjms/s1.69.3 [following]
--2017-01-28 18:52:54--  https://academic.oup.com/icesjms/article-lookup/doi/10.1093/icesjms/s1.69.3
Connecting to academic.oup.com (academic.oup.com)|173.254.190.144|:443... connected.
HTTP request sent, awaiting response... 200 OK
Length: 67970 (66K) [text/html]
Saving to: ‘s1.69.3’

     0K .......... .......... .......... .......... .......... 75%  209K 0s
    50K .......... ......                                     100% 15.4M=0.2s

2017-01-28 18:52:59 (276 KB/s) - ‘s1.69.3’ saved [67970/67970]

--2017-01-28 18:53:00--  http://doi.org/10.1093/icesjms/s1.12b.3
Connecting to doi.org (doi.org)|208.254.38.90|:80... connected.
HTTP request sent, awaiting response... 303 See Other
Location: https://academic.oup.com/icesjms/article-lookup/doi/10.1093/icesjms/s1.12b.3 [following]
--2017-01-28 18:53:01--  https://academic.oup.com/icesjms/article-lookup/doi/10.1093/icesjms/s1.12b.3
Connecting to academic.oup.com (academic.oup.com)|173.254.190.144|:443... connected.
HTTP request sent, awaiting response... 200 OK
Length: 66089 (65K) [text/html]
Saving to: ‘s1.12b.3’

     0K .......... .......... .......... .......... .......... 77%  309K 0s
    50K .......... ....                                       100%  186K=0.2s

2017-01-28 18:53:05 (269 KB/s) - ‘s1.12b.3’ saved [66089/66089]

--2017-01-28 18:53:06--  http://doi.org/10.1093/icesjms/s1.12b.9
Connecting to doi.org (doi.org)|208.254.38.90|:80... connected.
HTTP request sent, awaiting response... 303 See Other
Location: https://academic.oup.com/icesjms/article-lookup/doi/10.1093/icesjms/s1.12b.9 [following]
--2017-01-28 18:53:07--  https://academic.oup.com/icesjms/article-lookup/doi/10.1093/icesjms/s1.12b.9
Connecting to academic.oup.com (academic.oup.com)|173.254.190.144|:443... connected.
HTTP request sent, awaiting response... 200 OK
Length: 66688 (65K) [text/html]
Saving to: ‘s1.12b.9’

     0K .......... .......... .......... .......... .......... 76%  209K 0s
    50K .......... .....                                      100% 17.1M=0.2s

2017-01-28 18:53:12 (271 KB/s) - ‘s1.12b.9’ saved [66688/66688]

--2017-01-28 18:53:13--  http://doi.org/10.1093/icesjms/s1.12b.61
Connecting to doi.org (doi.org)|208.254.38.90|:80... connected.
HTTP request sent, awaiting response... 303 See Other
Location: https://academic.oup.com/icesjms/article-lookup/doi/10.1093/icesjms/s1.12b.61 [following]
--2017-01-28 18:53:14--  https://academic.oup.com/icesjms/article-lookup/doi/10.1093/icesjms/s1.12b.61
Connecting to academic.oup.com (academic.oup.com)|173.254.190.144|:443... connected.
HTTP request sent, awaiting response... 200 OK
Length: 66292 (65K) [text/html]
Saving to: ‘s1.12b.61’

     0K .......... .......... .......... .......... .......... 77%  209K 0s
    50K .......... ....                                       100% 12.6M=0.2s

2017-01-28 18:53:18 (270 KB/s) - ‘s1.12b.61’ saved [66292/66292]

--2017-01-28 18:53:19--  http://doi.org/10.1093/icesjms/s1.12b.7
Connecting to doi.org (doi.org)|208.254.38.90|:80... connected.
HTTP request sent, awaiting response... 303 See Other
Location: https://academic.oup.com/icesjms/article-lookup/doi/10.1093/icesjms/s1.12b.7 [following]
--2017-01-28 18:53:20--  https://academic.oup.com/icesjms/article-lookup/doi/10.1093/icesjms/s1.12b.7
Connecting to academic.oup.com (academic.oup.com)|173.254.190.144|:443... connected.
HTTP request sent, awaiting response... 200 OK
Length: 67004 (65K) [text/html]
Saving to: ‘s1.12b.7’

     0K .......... .......... .......... .......... .......... 76%  309K 0s
    50K .......... .....                                      100%  197K=0.2s

2017-01-28 18:53:25 (272 KB/s) - ‘s1.12b.7’ saved [67004/67004]

--2017-01-28 18:53:26--  http://doi.org/10.1093/icesjms/s1.12b.6
Connecting to doi.org (doi.org)|208.254.38.90|:80... connected.
HTTP request sent, awaiting response... 303 See Other
Location: https://academic.oup.com/icesjms/article-lookup/doi/10.1093/icesjms/s1.12b.6 [following]
--2017-01-28 18:53:27--  https://academic.oup.com/icesjms/article-lookup/doi/10.1093/icesjms/s1.12b.6
Connecting to academic.oup.com (academic.oup.com)|173.254.190.144|:443... connected.
HTTP request sent, awaiting response... 200 OK
Length: 66276 (65K) [text/html]
Saving to: ‘s1.12b.6’

     0K .......... .......... .......... .......... .......... 77%  310K 0s
    50K .......... ....                                       100%  187K=0.2s

2017-01-28 18:53:34 (269 KB/s) - ‘s1.12b.6’ saved [66276/66276]

FINISHED --2017-01-28 18:53:34--
Total wall clock time: 11m 19s
Downloaded: 100 files, 6.7M in 24s (287 KB/s)
