--2017-01-28 21:42:40--  http://doi.org/10.1093/ilj/1.1.46
Resolving doi.org (doi.org)... 63.123.152.248, 208.254.38.90, 95.138.171.129, ...
Connecting to doi.org (doi.org)|63.123.152.248|:80... connected.
HTTP request sent, awaiting response... 303 See Other
Location: https://academic.oup.com/ilj/article-lookup/doi/10.1093/ilj/1.1.46 [following]
--2017-01-28 21:42:41--  https://academic.oup.com/ilj/article-lookup/doi/10.1093/ilj/1.1.46
Resolving academic.oup.com (academic.oup.com)... 173.254.190.144
Connecting to academic.oup.com (academic.oup.com)|173.254.190.144|:443... connected.
HTTP request sent, awaiting response... 200 OK
Length: 65359 (64K) [text/html]
Saving to: ‘1.1.46’

     0K .......... .......... .......... .......... .......... 78%  207K 0s
    50K .......... ...                                        100% 22.3M=0.2s

2017-01-28 21:42:46 (264 KB/s) - ‘1.1.46’ saved [65359/65359]

--2017-01-28 21:42:47--  http://doi.org/10.1093/ilj/1.1.34
Connecting to doi.org (doi.org)|63.123.152.248|:80... connected.
HTTP request sent, awaiting response... 303 See Other
Location: https://academic.oup.com/ilj/article-lookup/doi/10.1093/ilj/1.1.34 [following]
--2017-01-28 21:42:48--  https://academic.oup.com/ilj/article-lookup/doi/10.1093/ilj/1.1.34
Connecting to academic.oup.com (academic.oup.com)|173.254.190.144|:443... connected.
HTTP request sent, awaiting response... 200 OK
Length: 65346 (64K) [text/html]
Saving to: ‘1.1.34’

     0K .......... .......... .......... .......... .......... 78%  208K 0s
    50K .......... ...                                        100% 16.1M=0.2s

2017-01-28 21:42:53 (265 KB/s) - ‘1.1.34’ saved [65346/65346]

--2017-01-28 21:42:54--  http://doi.org/10.1093/ilj/1.1.163
Connecting to doi.org (doi.org)|63.123.152.248|:80... connected.
HTTP request sent, awaiting response... 303 See Other
Location: https://academic.oup.com/ilj/article-lookup/doi/10.1093/ilj/1.1.163 [following]
--2017-01-28 21:42:56--  https://academic.oup.com/ilj/article-lookup/doi/10.1093/ilj/1.1.163
Connecting to academic.oup.com (academic.oup.com)|173.254.190.144|:443... connected.
HTTP request sent, awaiting response... 200 OK
Length: 63907 (62K) [text/html]
Saving to: ‘1.1.163’

     0K .......... .......... .......... .......... .......... 80%  306K 0s
    50K .......... ..                                         100%  158K=0.2s

2017-01-28 21:43:00 (258 KB/s) - ‘1.1.163’ saved [63907/63907]

--2017-01-28 21:43:01--  http://doi.org/10.1093/ilj/1.1.160
Connecting to doi.org (doi.org)|63.123.152.248|:80... connected.
HTTP request sent, awaiting response... 303 See Other
Location: https://academic.oup.com/ilj/article-lookup/doi/10.1093/ilj/1.1.160 [following]
--2017-01-28 21:43:02--  https://academic.oup.com/ilj/article-lookup/doi/10.1093/ilj/1.1.160
Connecting to academic.oup.com (academic.oup.com)|173.254.190.144|:443... connected.
HTTP request sent, awaiting response... 200 OK
Length: 63752 (62K) [text/html]
Saving to: ‘1.1.160’

     0K .......... .......... .......... .......... .......... 80%  209K 0s
    50K .......... ..                                         100% 16.2M=0.2s

2017-01-28 21:43:06 (259 KB/s) - ‘1.1.160’ saved [63752/63752]

--2017-01-28 21:43:07--  http://doi.org/10.1093/ilj/1.1.174
Connecting to doi.org (doi.org)|63.123.152.248|:80... connected.
HTTP request sent, awaiting response... 303 See Other
Location: https://academic.oup.com/ilj/article-lookup/doi/10.1093/ilj/1.1.174 [following]
--2017-01-28 21:43:09--  https://academic.oup.com/ilj/article-lookup/doi/10.1093/ilj/1.1.174
Connecting to academic.oup.com (academic.oup.com)|173.254.190.144|:443... connected.
HTTP request sent, awaiting response... 200 OK
Length: 63916 (62K) [text/html]
Saving to: ‘1.1.174’

     0K .......... .......... .......... .......... .......... 80%  209K 0s
    50K .......... ..                                         100% 23.3M=0.2s

2017-01-28 21:43:13 (260 KB/s) - ‘1.1.174’ saved [63916/63916]

--2017-01-28 21:43:14--  http://doi.org/10.1093/ilj/1.1.3
Connecting to doi.org (doi.org)|63.123.152.248|:80... connected.
HTTP request sent, awaiting response... 303 See Other
Location: https://academic.oup.com/ilj/article-lookup/doi/10.1093/ilj/1.1.3 [following]
--2017-01-28 21:43:15--  https://academic.oup.com/ilj/article-lookup/doi/10.1093/ilj/1.1.3
Connecting to academic.oup.com (academic.oup.com)|173.254.190.144|:443... connected.
HTTP request sent, awaiting response... 200 OK
Length: 65988 (64K) [text/html]
Saving to: ‘1.1.3’

     0K .......... .......... .......... .......... .......... 77%  209K 0s
    50K .......... ....                                       100% 18.7M=0.2s

2017-01-28 21:43:21 (269 KB/s) - ‘1.1.3’ saved [65988/65988]

--2017-01-28 21:43:22--  http://doi.org/10.1093/ilj/1.1.162
Connecting to doi.org (doi.org)|63.123.152.248|:80... connected.
HTTP request sent, awaiting response... 303 See Other
Location: https://academic.oup.com/ilj/article-lookup/doi/10.1093/ilj/1.1.162 [following]
--2017-01-28 21:43:23--  https://academic.oup.com/ilj/article-lookup/doi/10.1093/ilj/1.1.162
Connecting to academic.oup.com (academic.oup.com)|173.254.190.144|:443... connected.
HTTP request sent, awaiting response... 200 OK
Length: 63991 (62K) [text/html]
Saving to: ‘1.1.162’

     0K .......... .......... .......... .......... .......... 80%  209K 0s
    50K .......... ..                                         100% 15.2M=0.2s

2017-01-28 21:43:26 (260 KB/s) - ‘1.1.162’ saved [63991/63991]

--2017-01-28 21:43:27--  http://doi.org/10.1093/ilj/1.1.251
Connecting to doi.org (doi.org)|63.123.152.248|:80... connected.
HTTP request sent, awaiting response... 303 See Other
Location: https://academic.oup.com/ilj/article-lookup/doi/10.1093/ilj/1.1.251 [following]
--2017-01-28 21:43:29--  https://academic.oup.com/ilj/article-lookup/doi/10.1093/ilj/1.1.251
Connecting to academic.oup.com (academic.oup.com)|173.254.190.144|:443... connected.
HTTP request sent, awaiting response... 200 OK
Length: 78301 (76K) [text/html]
Saving to: ‘1.1.251’

     0K .......... .......... .......... .......... .......... 65%  206K 0s
    50K .......... .......... ......                          100% 14.0M=0.2s

2017-01-28 21:43:33 (313 KB/s) - ‘1.1.251’ saved [78301/78301]

--2017-01-28 21:43:34--  http://doi.org/10.1093/ilj/1.1.143
Connecting to doi.org (doi.org)|63.123.152.248|:80... connected.
HTTP request sent, awaiting response... 303 See Other
Location: https://academic.oup.com/ilj/article-lookup/doi/10.1093/ilj/1.1.143 [following]
--2017-01-28 21:43:35--  https://academic.oup.com/ilj/article-lookup/doi/10.1093/ilj/1.1.143
Connecting to academic.oup.com (academic.oup.com)|173.254.190.144|:443... connected.
HTTP request sent, awaiting response... 200 OK
Length: 66131 (65K) [text/html]
Saving to: ‘1.1.143’

     0K .......... .......... .......... .......... .......... 77%  266K 0s
    50K .......... ....                                       100%  186K=0.3s

2017-01-28 21:43:39 (242 KB/s) - ‘1.1.143’ saved [66131/66131]

--2017-01-28 21:43:40--  http://doi.org/10.1093/ilj/1.1.37
Connecting to doi.org (doi.org)|63.123.152.248|:80... connected.
HTTP request sent, awaiting response... 303 See Other
Location: https://academic.oup.com/ilj/article-lookup/doi/10.1093/ilj/1.1.37 [following]
--2017-01-28 21:43:41--  https://academic.oup.com/ilj/article-lookup/doi/10.1093/ilj/1.1.37
Connecting to academic.oup.com (academic.oup.com)|173.254.190.144|:443... connected.
HTTP request sent, awaiting response... 200 OK
Length: 65553 (64K) [text/html]
Saving to: ‘1.1.37’

     0K .......... .......... .......... .......... .......... 78%  209K 0s
    50K .......... ....                                       100% 15.1M=0.2s

2017-01-28 21:43:45 (266 KB/s) - ‘1.1.37’ saved [65553/65553]

--2017-01-28 21:43:46--  http://doi.org/10.1093/ilj/1.1.49
Connecting to doi.org (doi.org)|63.123.152.248|:80... connected.
HTTP request sent, awaiting response... 303 See Other
Location: https://academic.oup.com/ilj/article-lookup/doi/10.1093/ilj/1.1.49 [following]
--2017-01-28 21:43:48--  https://academic.oup.com/ilj/article-lookup/doi/10.1093/ilj/1.1.49
Connecting to academic.oup.com (academic.oup.com)|173.254.190.144|:443... connected.
HTTP request sent, awaiting response... 200 OK
Length: 80468 (79K) [text/html]
Saving to: ‘1.1.49’

     0K .......... .......... .......... .......... .......... 63%  209K 0s
    50K .......... .......... ........                        100% 10.1M=0.2s

2017-01-28 21:43:52 (325 KB/s) - ‘1.1.49’ saved [80468/80468]

--2017-01-28 21:43:53--  http://doi.org/10.1093/ilj/1.1.212
Connecting to doi.org (doi.org)|63.123.152.248|:80... connected.
HTTP request sent, awaiting response... 303 See Other
Location: https://academic.oup.com/ilj/article-lookup/doi/10.1093/ilj/1.1.212 [following]
--2017-01-28 21:43:54--  https://academic.oup.com/ilj/article-lookup/doi/10.1093/ilj/1.1.212
Connecting to academic.oup.com (academic.oup.com)|173.254.190.144|:443... connected.
HTTP request sent, awaiting response... 200 OK
Length: 80603 (79K) [text/html]
Saving to: ‘1.1.212’

     0K .......... .......... .......... .......... .......... 63%  209K 0s
    50K .......... .......... ........                        100% 10.8M=0.2s

2017-01-28 21:43:58 (326 KB/s) - ‘1.1.212’ saved [80603/80603]

--2017-01-28 21:43:59--  http://doi.org/10.1093/ilj/1.1.116-a
Connecting to doi.org (doi.org)|63.123.152.248|:80... connected.
HTTP request sent, awaiting response... 303 See Other
Location: https://academic.oup.com/ilj/article-lookup/doi/10.1093/ilj/1.1.116-a [following]
--2017-01-28 21:44:01--  https://academic.oup.com/ilj/article-lookup/doi/10.1093/ilj/1.1.116-a
Connecting to academic.oup.com (academic.oup.com)|173.254.190.144|:443... connected.
HTTP request sent, awaiting response... 200 OK
Length: 65046 (64K) [text/html]
Saving to: ‘1.1.116-a’

     0K .......... .......... .......... .......... .......... 78%  209K 0s
    50K .......... ...                                        100% 16.9M=0.2s

2017-01-28 21:44:07 (265 KB/s) - ‘1.1.116-a’ saved [65046/65046]

--2017-01-28 21:44:08--  http://doi.org/10.1093/ilj/1.1.114
Connecting to doi.org (doi.org)|63.123.152.248|:80... connected.
HTTP request sent, awaiting response... 303 See Other
Location: https://academic.oup.com/ilj/article-lookup/doi/10.1093/ilj/1.1.114 [following]
--2017-01-28 21:44:09--  https://academic.oup.com/ilj/article-lookup/doi/10.1093/ilj/1.1.114
Connecting to academic.oup.com (academic.oup.com)|173.254.190.144|:443... connected.
HTTP request sent, awaiting response... 200 OK
Length: 65084 (64K) [text/html]
Saving to: ‘1.1.114’

     0K .......... .......... .......... .......... .......... 78%  207K 0s
    50K .......... ...                                        100% 14.1M=0.2s

2017-01-28 21:44:12 (262 KB/s) - ‘1.1.114’ saved [65084/65084]

--2017-01-28 21:44:13--  http://doi.org/10.1093/ilj/1.1.256
Connecting to doi.org (doi.org)|63.123.152.248|:80... connected.
HTTP request sent, awaiting response... 303 See Other
Location: https://academic.oup.com/ilj/article-lookup/doi/10.1093/ilj/1.1.256 [following]
--2017-01-28 21:44:15--  https://academic.oup.com/ilj/article-lookup/doi/10.1093/ilj/1.1.256
Connecting to academic.oup.com (academic.oup.com)|173.254.190.144|:443... connected.
HTTP request sent, awaiting response... 200 OK
Length: 63152 (62K) [text/html]
Saving to: ‘1.1.256’

     0K .......... .......... .......... .......... .......... 81%  209K 0s
    50K .......... .                                          100% 19.4M=0.2s

2017-01-28 21:44:18 (257 KB/s) - ‘1.1.256’ saved [63152/63152]

--2017-01-28 21:44:19--  http://doi.org/10.1093/ilj/1.1.33
Connecting to doi.org (doi.org)|63.123.152.248|:80... connected.
HTTP request sent, awaiting response... 303 See Other
Location: https://academic.oup.com/ilj/article-lookup/doi/10.1093/ilj/1.1.33 [following]
--2017-01-28 21:44:21--  https://academic.oup.com/ilj/article-lookup/doi/10.1093/ilj/1.1.33
Connecting to academic.oup.com (academic.oup.com)|173.254.190.144|:443... connected.
HTTP request sent, awaiting response... 200 OK
Length: 79987 (78K) [text/html]
Saving to: ‘1.1.33’

     0K .......... .......... .......... .......... .......... 64%  209K 0s
    50K .......... .......... ........                        100% 12.9M=0.2s

2017-01-28 21:44:27 (324 KB/s) - ‘1.1.33’ saved [79987/79987]

--2017-01-28 21:44:28--  http://doi.org/10.1093/ilj/1.1.159
Connecting to doi.org (doi.org)|63.123.152.248|:80... connected.
HTTP request sent, awaiting response... 303 See Other
Location: https://academic.oup.com/ilj/article-lookup/doi/10.1093/ilj/1.1.159 [following]
--2017-01-28 21:44:29--  https://academic.oup.com/ilj/article-lookup/doi/10.1093/ilj/1.1.159
Connecting to academic.oup.com (academic.oup.com)|173.254.190.144|:443... connected.
HTTP request sent, awaiting response... 200 OK
Length: 63870 (62K) [text/html]
Saving to: ‘1.1.159’

     0K .......... .......... .......... .......... .......... 80%  209K 0s
    50K .......... ..                                         100% 18.7M=0.2s

2017-01-28 21:44:33 (259 KB/s) - ‘1.1.159’ saved [63870/63870]

--2017-01-28 21:44:34--  http://doi.org/10.1093/ilj/1.1.135
Connecting to doi.org (doi.org)|63.123.152.248|:80... connected.
HTTP request sent, awaiting response... 303 See Other
Location: https://academic.oup.com/ilj/article-lookup/doi/10.1093/ilj/1.1.135 [following]
--2017-01-28 21:44:36--  https://academic.oup.com/ilj/article-lookup/doi/10.1093/ilj/1.1.135
Connecting to academic.oup.com (academic.oup.com)|173.254.190.144|:443... connected.
HTTP request sent, awaiting response... 200 OK
Length: 83550 (82K) [text/html]
Saving to: ‘1.1.135’

     0K .......... .......... .......... .......... .......... 61%  209K 0s
    50K .......... .......... .......... .                    100% 9.44M=0.2s

2017-01-28 21:44:41 (337 KB/s) - ‘1.1.135’ saved [83550/83550]

--2017-01-28 21:44:42--  http://doi.org/10.1093/ilj/1.1.52
Connecting to doi.org (doi.org)|63.123.152.248|:80... connected.
HTTP request sent, awaiting response... 303 See Other
Location: https://academic.oup.com/ilj/article-lookup/doi/10.1093/ilj/1.1.52 [following]
--2017-01-28 21:44:44--  https://academic.oup.com/ilj/article-lookup/doi/10.1093/ilj/1.1.52
Connecting to academic.oup.com (academic.oup.com)|173.254.190.144|:443... connected.
HTTP request sent, awaiting response... 200 OK
Length: 65479 (64K) [text/html]
Saving to: ‘1.1.52’

     0K .......... .......... .......... .......... .......... 78%  209K 0s
    50K .......... ...                                        100% 14.8M=0.2s

2017-01-28 21:44:47 (266 KB/s) - ‘1.1.52’ saved [65479/65479]

--2017-01-28 21:44:48--  http://doi.org/10.1093/ilj/1.1.243
Connecting to doi.org (doi.org)|63.123.152.248|:80... connected.
HTTP request sent, awaiting response... 303 See Other
Location: https://academic.oup.com/ilj/article-lookup/doi/10.1093/ilj/1.1.243 [following]
--2017-01-28 21:44:50--  https://academic.oup.com/ilj/article-lookup/doi/10.1093/ilj/1.1.243
Connecting to academic.oup.com (academic.oup.com)|173.254.190.144|:443... connected.
HTTP request sent, awaiting response... 200 OK
Length: 65187 (64K) [text/html]
Saving to: ‘1.1.243’

     0K .......... .......... .......... .......... .......... 78%  209K 0s
    50K .......... ...                                        100% 16.7M=0.2s

2017-01-28 21:44:54 (265 KB/s) - ‘1.1.243’ saved [65187/65187]

--2017-01-28 21:44:55--  http://doi.org/10.1093/ilj/1.1.1
Connecting to doi.org (doi.org)|63.123.152.248|:80... connected.
HTTP request sent, awaiting response... 303 See Other
Location: https://academic.oup.com/ilj/article-lookup/doi/10.1093/ilj/1.1.1 [following]
--2017-01-28 21:44:57--  https://academic.oup.com/ilj/article-lookup/doi/10.1093/ilj/1.1.1
Connecting to academic.oup.com (academic.oup.com)|173.254.190.144|:443... connected.
HTTP request sent, awaiting response... 200 OK
Length: 64464 (63K) [text/html]
Saving to: ‘1.1.1.1’

     0K .......... .......... .......... .......... .......... 79%  208K 0s
    50K .......... ..                                         100% 13.1M=0.2s

2017-01-28 21:45:01 (261 KB/s) - ‘1.1.1.1’ saved [64464/64464]

--2017-01-28 21:45:02--  http://doi.org/10.1093/ilj/1.1.120
Connecting to doi.org (doi.org)|63.123.152.248|:80... connected.
HTTP request sent, awaiting response... 303 See Other
Location: https://academic.oup.com/ilj/article-lookup/doi/10.1093/ilj/1.1.120 [following]
--2017-01-28 21:45:03--  https://academic.oup.com/ilj/article-lookup/doi/10.1093/ilj/1.1.120
Connecting to academic.oup.com (academic.oup.com)|173.254.190.144|:443... connected.
HTTP request sent, awaiting response... 200 OK
Length: 64932 (63K) [text/html]
Saving to: ‘1.1.120.1’

     0K .......... .......... .......... .......... .......... 78%  209K 0s
    50K .......... ...                                        100% 10.7M=0.2s

2017-01-28 21:45:08 (264 KB/s) - ‘1.1.120.1’ saved [64932/64932]

--2017-01-28 21:45:09--  http://doi.org/10.1093/ilj/1.1.100
Connecting to doi.org (doi.org)|63.123.152.248|:80... connected.
HTTP request sent, awaiting response... 303 See Other
Location: https://academic.oup.com/ilj/article-lookup/doi/10.1093/ilj/1.1.100 [following]
--2017-01-28 21:45:10--  https://academic.oup.com/ilj/article-lookup/doi/10.1093/ilj/1.1.100
Connecting to academic.oup.com (academic.oup.com)|173.254.190.144|:443... connected.
HTTP request sent, awaiting response... 200 OK
Length: 65533 (64K) [text/html]
Saving to: ‘1.1.100’

     0K .......... .......... .......... .......... .......... 78%  209K 0s
    50K .......... ...                                        100% 15.5M=0.2s

2017-01-28 21:45:14 (266 KB/s) - ‘1.1.100’ saved [65533/65533]

--2017-01-28 21:45:15--  http://doi.org/10.1093/ilj/1.1.42
Connecting to doi.org (doi.org)|63.123.152.248|:80... connected.
HTTP request sent, awaiting response... 303 See Other
Location: https://academic.oup.com/ilj/article-lookup/doi/10.1093/ilj/1.1.42 [following]
--2017-01-28 21:45:16--  https://academic.oup.com/ilj/article-lookup/doi/10.1093/ilj/1.1.42
Connecting to academic.oup.com (academic.oup.com)|173.254.190.144|:443... connected.
HTTP request sent, awaiting response... 200 OK
Length: 81948 (80K) [text/html]
Saving to: ‘1.1.42’

     0K .......... .......... .......... .......... .......... 62%  209K 0s
    50K .......... .......... ..........                      100% 14.1M=0.2s

2017-01-28 21:45:20 (331 KB/s) - ‘1.1.42’ saved [81948/81948]

--2017-01-28 21:45:21--  http://doi.org/10.1093/ilj/1.1.246
Connecting to doi.org (doi.org)|63.123.152.248|:80... connected.
HTTP request sent, awaiting response... 303 See Other
Location: https://academic.oup.com/ilj/article-lookup/doi/10.1093/ilj/1.1.246 [following]
--2017-01-28 21:45:23--  https://academic.oup.com/ilj/article-lookup/doi/10.1093/ilj/1.1.246
Connecting to academic.oup.com (academic.oup.com)|173.254.190.144|:443... connected.
HTTP request sent, awaiting response... 200 OK
Length: 66074 (65K) [text/html]
Saving to: ‘1.1.246’

     0K .......... .......... .......... .......... .......... 77%  209K 0s
    50K .......... ....                                       100% 14.1M=0.2s

2017-01-28 21:45:28 (268 KB/s) - ‘1.1.246’ saved [66074/66074]

--2017-01-28 21:45:29--  http://doi.org/10.1093/ilj/1.1.166
Connecting to doi.org (doi.org)|63.123.152.248|:80... connected.
HTTP request sent, awaiting response... 303 See Other
Location: https://academic.oup.com/ilj/article-lookup/doi/10.1093/ilj/1.1.166 [following]
--2017-01-28 21:45:30--  https://academic.oup.com/ilj/article-lookup/doi/10.1093/ilj/1.1.166
Connecting to academic.oup.com (academic.oup.com)|173.254.190.144|:443... connected.
HTTP request sent, awaiting response... 200 OK
Length: 65486 (64K) [text/html]
Saving to: ‘1.1.166’

     0K .......... .......... .......... .......... .......... 78%  209K 0s
    50K .......... ...                                        100% 17.8M=0.2s

2017-01-28 21:45:35 (266 KB/s) - ‘1.1.166’ saved [65486/65486]

--2017-01-28 21:45:36--  http://doi.org/10.1093/ilj/1.1.229
Connecting to doi.org (doi.org)|63.123.152.248|:80... connected.
HTTP request sent, awaiting response... 303 See Other
Location: https://academic.oup.com/ilj/article-lookup/doi/10.1093/ilj/1.1.229 [following]
--2017-01-28 21:45:37--  https://academic.oup.com/ilj/article-lookup/doi/10.1093/ilj/1.1.229
Connecting to academic.oup.com (academic.oup.com)|173.254.190.144|:443... connected.
HTTP request sent, awaiting response... 200 OK
Length: 82074 (80K) [text/html]
Saving to: ‘1.1.229’

     0K .......... .......... .......... .......... .......... 62%  207K 0s
    50K .......... .......... ..........                      100% 11.5M=0.2s

2017-01-28 21:45:42 (329 KB/s) - ‘1.1.229’ saved [82074/82074]

--2017-01-28 21:45:43--  http://doi.org/10.1093/ilj/1.1.245
Connecting to doi.org (doi.org)|63.123.152.248|:80... connected.
HTTP request sent, awaiting response... 303 See Other
Location: https://academic.oup.com/ilj/article-lookup/doi/10.1093/ilj/1.1.245 [following]
--2017-01-28 21:45:44--  https://academic.oup.com/ilj/article-lookup/doi/10.1093/ilj/1.1.245
Connecting to academic.oup.com (academic.oup.com)|173.254.190.144|:443... connected.
HTTP request sent, awaiting response... 200 OK
Length: 64889 (63K) [text/html]
Saving to: ‘1.1.245’

     0K .......... .......... .......... .......... .......... 78%  208K 0s
    50K .......... ...                                        100% 15.3M=0.2s

2017-01-28 21:45:49 (262 KB/s) - ‘1.1.245’ saved [64889/64889]

--2017-01-28 21:45:50--  http://doi.org/10.1093/ilj/1.1.116
Connecting to doi.org (doi.org)|63.123.152.248|:80... connected.
HTTP request sent, awaiting response... 303 See Other
Location: https://academic.oup.com/ilj/article-lookup/doi/10.1093/ilj/1.1.116 [following]
--2017-01-28 21:45:52--  https://academic.oup.com/ilj/article-lookup/doi/10.1093/ilj/1.1.116
Connecting to academic.oup.com (academic.oup.com)|173.254.190.144|:443... connected.
HTTP request sent, awaiting response... 200 OK
Length: 65097 (64K) [text/html]
Saving to: ‘1.1.116.1’

     0K .......... .......... .......... .......... .......... 78%  209K 0s
    50K .......... ...                                        100% 15.7M=0.2s

2017-01-28 21:45:55 (264 KB/s) - ‘1.1.116.1’ saved [65097/65097]

--2017-01-28 21:45:56--  http://doi.org/10.1093/ilj/1.1.20
Connecting to doi.org (doi.org)|63.123.152.248|:80... connected.
HTTP request sent, awaiting response... 303 See Other
Location: https://academic.oup.com/ilj/article-lookup/doi/10.1093/ilj/1.1.20 [following]
--2017-01-28 21:45:58--  https://academic.oup.com/ilj/article-lookup/doi/10.1093/ilj/1.1.20
Connecting to academic.oup.com (academic.oup.com)|173.254.190.144|:443... connected.
HTTP request sent, awaiting response... 200 OK
Length: 65518 (64K) [text/html]
Saving to: ‘1.1.20.1’

     0K .......... .......... .......... .......... .......... 78%  209K 0s
    50K .......... ...                                        100% 15.5M=0.2s

2017-01-28 21:46:02 (266 KB/s) - ‘1.1.20.1’ saved [65518/65518]

--2017-01-28 21:46:03--  http://doi.org/10.1093/ilj/1.1.39
Connecting to doi.org (doi.org)|63.123.152.248|:80... connected.
HTTP request sent, awaiting response... 303 See Other
Location: https://academic.oup.com/ilj/article-lookup/doi/10.1093/ilj/1.1.39 [following]
--2017-01-28 21:46:04--  https://academic.oup.com/ilj/article-lookup/doi/10.1093/ilj/1.1.39
Connecting to academic.oup.com (academic.oup.com)|173.254.190.144|:443... connected.
HTTP request sent, awaiting response... 200 OK
Length: 65687 (64K) [text/html]
Saving to: ‘1.1.39’

     0K .......... .......... .......... .......... .......... 77%  208K 0s
    50K .......... ....                                       100% 20.2M=0.2s

2017-01-28 21:46:08 (266 KB/s) - ‘1.1.39’ saved [65687/65687]

--2017-01-28 21:46:09--  http://doi.org/10.1093/ilj/1.1.40
Connecting to doi.org (doi.org)|63.123.152.248|:80... connected.
HTTP request sent, awaiting response... 303 See Other
Location: https://academic.oup.com/ilj/article-lookup/doi/10.1093/ilj/1.1.40 [following]
--2017-01-28 21:46:10--  https://academic.oup.com/ilj/article-lookup/doi/10.1093/ilj/1.1.40
Connecting to academic.oup.com (academic.oup.com)|173.254.190.144|:443... connected.
HTTP request sent, awaiting response... 200 OK
Length: 66069 (65K) [text/html]
Saving to: ‘1.1.40’

     0K .......... .......... .......... .......... .......... 77%  209K 0s
    50K .......... ....                                       100% 16.3M=0.2s

2017-01-28 21:46:14 (269 KB/s) - ‘1.1.40’ saved [66069/66069]

--2017-01-28 21:46:15--  http://doi.org/10.1093/ilj/1.1.163-a
Connecting to doi.org (doi.org)|63.123.152.248|:80... connected.
HTTP request sent, awaiting response... 303 See Other
Location: https://academic.oup.com/ilj/article-lookup/doi/10.1093/ilj/1.1.163-a [following]
--2017-01-28 21:46:16--  https://academic.oup.com/ilj/article-lookup/doi/10.1093/ilj/1.1.163-a
Connecting to academic.oup.com (academic.oup.com)|173.254.190.144|:443... connected.
HTTP request sent, awaiting response... 200 OK
Length: 65300 (64K) [text/html]
Saving to: ‘1.1.163-a’

     0K .......... .......... .......... .......... .......... 78%  209K 0s
    50K .......... ...                                        100% 17.0M=0.2s

2017-01-28 21:46:20 (265 KB/s) - ‘1.1.163-a’ saved [65300/65300]

--2017-01-28 21:46:21--  http://doi.org/10.1093/ilj/1.1.43
Connecting to doi.org (doi.org)|63.123.152.248|:80... connected.
HTTP request sent, awaiting response... 303 See Other
Location: https://academic.oup.com/ilj/article-lookup/doi/10.1093/ilj/1.1.43 [following]
--2017-01-28 21:46:23--  https://academic.oup.com/ilj/article-lookup/doi/10.1093/ilj/1.1.43
Connecting to academic.oup.com (academic.oup.com)|173.254.190.144|:443... connected.
HTTP request sent, awaiting response... 200 OK
Length: 65693 (64K) [text/html]
Saving to: ‘1.1.43’

     0K .......... .......... .......... .......... .......... 77%  209K 0s
    50K .......... ....                                       100% 4.29M=0.2s

2017-01-28 21:46:27 (264 KB/s) - ‘1.1.43’ saved [65693/65693]

--2017-01-28 21:46:28--  http://doi.org/10.1093/ilj/1.1.164
Connecting to doi.org (doi.org)|63.123.152.248|:80... connected.
HTTP request sent, awaiting response... 303 See Other
Location: https://academic.oup.com/ilj/article-lookup/doi/10.1093/ilj/1.1.164 [following]
--2017-01-28 21:46:29--  https://academic.oup.com/ilj/article-lookup/doi/10.1093/ilj/1.1.164
Connecting to academic.oup.com (academic.oup.com)|173.254.190.144|:443... connected.
HTTP request sent, awaiting response... 200 OK
Length: 64930 (63K) [text/html]
Saving to: ‘1.1.164’

     0K .......... .......... .......... .......... .......... 78%  209K 0s
    50K .......... ...                                        100% 16.0M=0.2s

2017-01-28 21:46:35 (264 KB/s) - ‘1.1.164’ saved [64930/64930]

--2017-01-28 21:46:36--  http://doi.org/10.1093/ilj/1.1.101
Connecting to doi.org (doi.org)|63.123.152.248|:80... connected.
HTTP request sent, awaiting response... 303 See Other
Location: https://academic.oup.com/ilj/article-lookup/doi/10.1093/ilj/1.1.101 [following]
--2017-01-28 21:46:37--  https://academic.oup.com/ilj/article-lookup/doi/10.1093/ilj/1.1.101
Connecting to academic.oup.com (academic.oup.com)|173.254.190.144|:443... connected.
HTTP request sent, awaiting response... 200 OK
Length: 78866 (77K) [text/html]
Saving to: ‘1.1.101.1’

     0K .......... .......... .......... .......... .......... 64%  209K 0s
    50K .......... .......... .......                         100% 11.2M=0.2s

2017-01-28 21:46:41 (318 KB/s) - ‘1.1.101.1’ saved [78866/78866]

--2017-01-28 21:46:42--  http://doi.org/10.1093/ilj/1.1.119
Connecting to doi.org (doi.org)|63.123.152.248|:80... connected.
HTTP request sent, awaiting response... 303 See Other
Location: https://academic.oup.com/ilj/article-lookup/doi/10.1093/ilj/1.1.119 [following]
--2017-01-28 21:46:43--  https://academic.oup.com/ilj/article-lookup/doi/10.1093/ilj/1.1.119
Connecting to academic.oup.com (academic.oup.com)|173.254.190.144|:443... connected.
HTTP request sent, awaiting response... 200 OK
Length: 63265 (62K) [text/html]
Saving to: ‘1.1.119’

     0K .......... .......... .......... .......... .......... 80%  209K 0s
    50K .......... .                                          100% 23.2M=0.2s

2017-01-28 21:46:48 (258 KB/s) - ‘1.1.119’ saved [63265/63265]

--2017-01-28 21:46:49--  http://doi.org/10.1093/ilj/1.1.173
Connecting to doi.org (doi.org)|63.123.152.248|:80... connected.
HTTP request sent, awaiting response... 303 See Other
Location: https://academic.oup.com/ilj/article-lookup/doi/10.1093/ilj/1.1.173 [following]
--2017-01-28 21:46:50--  https://academic.oup.com/ilj/article-lookup/doi/10.1093/ilj/1.1.173
Connecting to academic.oup.com (academic.oup.com)|173.254.190.144|:443... connected.
HTTP request sent, awaiting response... 200 OK
Length: 63806 (62K) [text/html]
Saving to: ‘1.1.173’

     0K .......... .......... .......... .......... .......... 80%  209K 0s
    50K .......... ..                                         100% 23.5M=0.2s

2017-01-28 21:46:54 (259 KB/s) - ‘1.1.173’ saved [63806/63806]

--2017-01-28 21:46:55--  http://doi.org/10.1093/ilj/1.1.55
Connecting to doi.org (doi.org)|63.123.152.248|:80... connected.
HTTP request sent, awaiting response... 303 See Other
Location: https://academic.oup.com/ilj/article-lookup/doi/10.1093/ilj/1.1.55 [following]
--2017-01-28 21:46:56--  https://academic.oup.com/ilj/article-lookup/doi/10.1093/ilj/1.1.55
Connecting to academic.oup.com (academic.oup.com)|173.254.190.144|:443... connected.
HTTP request sent, awaiting response... 200 OK
Length: 69243 (68K) [text/html]
Saving to: ‘1.1.55’

     0K .......... .......... .......... .......... .......... 73%  209K 0s
    50K .......... .......                                    100% 18.3M=0.2s

2017-01-28 21:47:00 (281 KB/s) - ‘1.1.55’ saved [69243/69243]

--2017-01-28 21:47:01--  http://doi.org/10.1093/ilj/1.1.12
Connecting to doi.org (doi.org)|63.123.152.248|:80... connected.
HTTP request sent, awaiting response... 303 See Other
Location: https://academic.oup.com/ilj/article-lookup/doi/10.1093/ilj/1.1.12 [following]
--2017-01-28 21:47:03--  https://academic.oup.com/ilj/article-lookup/doi/10.1093/ilj/1.1.12
Connecting to academic.oup.com (academic.oup.com)|173.254.190.144|:443... connected.
HTTP request sent, awaiting response... 200 OK
Length: 65924 (64K) [text/html]
Saving to: ‘1.1.12’

     0K .......... .......... .......... .......... .......... 77%  209K 0s
    50K .......... ....                                       100% 17.4M=0.2s

2017-01-28 21:47:07 (268 KB/s) - ‘1.1.12’ saved [65924/65924]

--2017-01-28 21:47:08--  http://doi.org/10.1093/ilj/1.1.35-a
Connecting to doi.org (doi.org)|63.123.152.248|:80... connected.
HTTP request sent, awaiting response... 303 See Other
Location: https://academic.oup.com/ilj/article-lookup/doi/10.1093/ilj/1.1.35-a [following]
--2017-01-28 21:47:09--  https://academic.oup.com/ilj/article-lookup/doi/10.1093/ilj/1.1.35-a
Connecting to academic.oup.com (academic.oup.com)|173.254.190.144|:443... connected.
HTTP request sent, awaiting response... 200 OK
Length: 66592 (65K) [text/html]
Saving to: ‘1.1.35-a’

     0K .......... .......... .......... .......... .......... 76%  209K 0s
    50K .......... .....                                      100% 14.9M=0.2s

2017-01-28 21:47:13 (270 KB/s) - ‘1.1.35-a’ saved [66592/66592]

--2017-01-28 21:47:14--  http://doi.org/10.1093/ilj/1.1.5
Connecting to doi.org (doi.org)|63.123.152.248|:80... connected.
HTTP request sent, awaiting response... 303 See Other
Location: https://academic.oup.com/ilj/article-lookup/doi/10.1093/ilj/1.1.5 [following]
--2017-01-28 21:47:15--  https://academic.oup.com/ilj/article-lookup/doi/10.1093/ilj/1.1.5
Connecting to academic.oup.com (academic.oup.com)|173.254.190.144|:443... connected.
HTTP request sent, awaiting response... 200 OK
Length: 80498 (79K) [text/html]
Saving to: ‘1.1.5’

     0K .......... .......... .......... .......... .......... 63%  209K 0s
    50K .......... .......... ........                        100% 9.59M=0.2s

2017-01-28 21:47:19 (325 KB/s) - ‘1.1.5’ saved [80498/80498]

--2017-01-28 21:47:20--  http://doi.org/10.1093/ilj/1.1.242
Connecting to doi.org (doi.org)|63.123.152.248|:80... connected.
HTTP request sent, awaiting response... 303 See Other
Location: https://academic.oup.com/ilj/article-lookup/doi/10.1093/ilj/1.1.242 [following]
--2017-01-28 21:47:21--  https://academic.oup.com/ilj/article-lookup/doi/10.1093/ilj/1.1.242
Connecting to academic.oup.com (academic.oup.com)|173.254.190.144|:443... connected.
HTTP request sent, awaiting response... 200 OK
Length: 65306 (64K) [text/html]
Saving to: ‘1.1.242’

     0K .......... .......... .......... .......... .......... 78%  209K 0s
    50K .......... ...                                        100% 13.8M=0.2s

2017-01-28 21:47:27 (265 KB/s) - ‘1.1.242’ saved [65306/65306]

--2017-01-28 21:47:28--  http://doi.org/10.1093/ilj/1.1.197
Connecting to doi.org (doi.org)|63.123.152.248|:80... connected.
HTTP request sent, awaiting response... 303 See Other
Location: https://academic.oup.com/ilj/article-lookup/doi/10.1093/ilj/1.1.197 [following]
--2017-01-28 21:47:29--  https://academic.oup.com/ilj/article-lookup/doi/10.1093/ilj/1.1.197
Connecting to academic.oup.com (academic.oup.com)|173.254.190.144|:443... connected.
HTTP request sent, awaiting response... 200 OK
Length: 65517 (64K) [text/html]
Saving to: ‘1.1.197’

     0K .......... .......... .......... .......... .......... 78%  209K 0s
    50K .......... ...                                        100% 14.9M=0.2s

2017-01-28 21:47:32 (266 KB/s) - ‘1.1.197’ saved [65517/65517]

--2017-01-28 21:47:33--  http://doi.org/10.1093/ilj/1.1.35
Connecting to doi.org (doi.org)|63.123.152.248|:80... connected.
HTTP request sent, awaiting response... 303 See Other
Location: https://academic.oup.com/ilj/article-lookup/doi/10.1093/ilj/1.1.35 [following]
--2017-01-28 21:47:35--  https://academic.oup.com/ilj/article-lookup/doi/10.1093/ilj/1.1.35
Connecting to academic.oup.com (academic.oup.com)|173.254.190.144|:443... connected.
HTTP request sent, awaiting response... 200 OK
Length: 65454 (64K) [text/html]
Saving to: ‘1.1.35’

     0K .......... .......... .......... .......... .......... 78%  209K 0s
    50K .......... ...                                        100% 15.8M=0.2s

2017-01-28 21:47:38 (266 KB/s) - ‘1.1.35’ saved [65454/65454]

--2017-01-28 21:47:39--  http://doi.org/10.1093/ilj/1.1.167
Connecting to doi.org (doi.org)|63.123.152.248|:80... connected.
HTTP request sent, awaiting response... 303 See Other
Location: https://academic.oup.com/ilj/article-lookup/doi/10.1093/ilj/1.1.167 [following]
--2017-01-28 21:47:41--  https://academic.oup.com/ilj/article-lookup/doi/10.1093/ilj/1.1.167
Connecting to academic.oup.com (academic.oup.com)|173.254.190.144|:443... connected.
HTTP request sent, awaiting response... 200 OK
Length: 80420 (79K) [text/html]
Saving to: ‘1.1.167’

     0K .......... .......... .......... .......... .......... 63%  209K 0s
    50K .......... .......... ........                        100% 12.6M=0.2s

2017-01-28 21:47:44 (326 KB/s) - ‘1.1.167’ saved [80420/80420]

--2017-01-28 21:47:45--  http://doi.org/10.1093/ilj/1.1.44
Connecting to doi.org (doi.org)|63.123.152.248|:80... connected.
HTTP request sent, awaiting response... 303 See Other
Location: https://academic.oup.com/ilj/article-lookup/doi/10.1093/ilj/1.1.44 [following]
--2017-01-28 21:47:47--  https://academic.oup.com/ilj/article-lookup/doi/10.1093/ilj/1.1.44
Connecting to academic.oup.com (academic.oup.com)|173.254.190.144|:443... connected.
HTTP request sent, awaiting response... 200 OK
Length: 67831 (66K) [text/html]
Saving to: ‘1.1.44’

     0K .......... .......... .......... .......... .......... 75%  201K 0s
    50K .......... ......                                     100% 20.9M=0.2s

2017-01-28 21:47:50 (265 KB/s) - ‘1.1.44’ saved [67831/67831]

--2017-01-28 21:47:51--  http://doi.org/10.1093/ilj/1.1.249
Connecting to doi.org (doi.org)|63.123.152.248|:80... connected.
HTTP request sent, awaiting response... 303 See Other
Location: https://academic.oup.com/ilj/article-lookup/doi/10.1093/ilj/1.1.249 [following]
--2017-01-28 21:47:52--  https://academic.oup.com/ilj/article-lookup/doi/10.1093/ilj/1.1.249
Connecting to academic.oup.com (academic.oup.com)|173.254.190.144|:443... connected.
HTTP request sent, awaiting response... 200 OK
Length: 66138 (65K) [text/html]
Saving to: ‘1.1.249’

     0K .......... .......... .......... .......... .......... 77%  209K 0s
    50K .......... ....                                       100% 12.6M=0.2s

2017-01-28 21:47:56 (269 KB/s) - ‘1.1.249’ saved [66138/66138]

--2017-01-28 21:47:57--  http://doi.org/10.1093/ilj/1.1.32
Connecting to doi.org (doi.org)|63.123.152.248|:80... connected.
HTTP request sent, awaiting response... 303 See Other
Location: https://academic.oup.com/ilj/article-lookup/doi/10.1093/ilj/1.1.32 [following]
--2017-01-28 21:47:58--  https://academic.oup.com/ilj/article-lookup/doi/10.1093/ilj/1.1.32
Connecting to academic.oup.com (academic.oup.com)|173.254.190.144|:443... connected.
HTTP request sent, awaiting response... 200 OK
Length: 65331 (64K) [text/html]
Saving to: ‘1.1.32’

     0K .......... .......... .......... .......... .......... 78%  209K 0s
    50K .......... ...                                        100% 15.1M=0.2s

2017-01-28 21:48:02 (265 KB/s) - ‘1.1.32’ saved [65331/65331]

--2017-01-28 21:48:03--  http://doi.org/10.1093/ilj/1.1.248
Connecting to doi.org (doi.org)|63.123.152.248|:80... connected.
HTTP request sent, awaiting response... 303 See Other
Location: https://academic.oup.com/ilj/article-lookup/doi/10.1093/ilj/1.1.248 [following]
--2017-01-28 21:48:04--  https://academic.oup.com/ilj/article-lookup/doi/10.1093/ilj/1.1.248
Connecting to academic.oup.com (academic.oup.com)|173.254.190.144|:443... connected.
HTTP request sent, awaiting response... 200 OK
Length: 66157 (65K) [text/html]
Saving to: ‘1.1.248’

     0K .......... .......... .......... .......... .......... 77%  209K 0s
    50K .......... ....                                       100% 17.7M=0.2s

2017-01-28 21:48:07 (269 KB/s) - ‘1.1.248’ saved [66157/66157]

--2017-01-28 21:48:08--  http://doi.org/10.1093/ilj/1.1.102
Connecting to doi.org (doi.org)|63.123.152.248|:80... connected.
HTTP request sent, awaiting response... 303 See Other
Location: https://academic.oup.com/ilj/article-lookup/doi/10.1093/ilj/1.1.102 [following]
--2017-01-28 21:48:09--  https://academic.oup.com/ilj/article-lookup/doi/10.1093/ilj/1.1.102
Connecting to academic.oup.com (academic.oup.com)|173.254.190.144|:443... connected.
HTTP request sent, awaiting response... 200 OK
Length: 63525 (62K) [text/html]
Saving to: ‘1.1.102’

     0K .......... .......... .......... .......... .......... 80%  209K 0s
    50K .......... ..                                         100% 19.7M=0.2s

2017-01-28 21:48:15 (259 KB/s) - ‘1.1.102’ saved [63525/63525]

--2017-01-28 21:48:16--  http://doi.org/10.1093/ilj/1.1.109
Connecting to doi.org (doi.org)|63.123.152.248|:80... connected.
HTTP request sent, awaiting response... 303 See Other
Location: https://academic.oup.com/ilj/article-lookup/doi/10.1093/ilj/1.1.109 [following]
--2017-01-28 21:48:17--  https://academic.oup.com/ilj/article-lookup/doi/10.1093/ilj/1.1.109
Connecting to academic.oup.com (academic.oup.com)|173.254.190.144|:443... connected.
HTTP request sent, awaiting response... 200 OK
Length: 65293 (64K) [text/html]
Saving to: ‘1.1.109’

     0K .......... .......... .......... .......... .......... 78%  209K 0s
    50K .......... ...                                        100% 14.6M=0.2s

2017-01-28 21:48:20 (265 KB/s) - ‘1.1.109’ saved [65293/65293]

--2017-01-28 21:48:21--  http://doi.org/10.1093/ilj/1.1.171
Connecting to doi.org (doi.org)|63.123.152.248|:80... connected.
HTTP request sent, awaiting response... 303 See Other
Location: https://academic.oup.com/ilj/article-lookup/doi/10.1093/ilj/1.1.171 [following]
--2017-01-28 21:48:23--  https://academic.oup.com/ilj/article-lookup/doi/10.1093/ilj/1.1.171
Connecting to academic.oup.com (academic.oup.com)|173.254.190.144|:443... connected.
HTTP request sent, awaiting response... 200 OK
Length: 65435 (64K) [text/html]
Saving to: ‘1.1.171’

     0K .......... .......... .......... .......... .......... 78%  209K 0s
    50K .......... ...                                        100% 18.2M=0.2s

2017-01-28 21:48:26 (267 KB/s) - ‘1.1.171’ saved [65435/65435]

--2017-01-28 21:48:27--  http://doi.org/10.1093/ilj/1.1.38
Connecting to doi.org (doi.org)|63.123.152.248|:80... connected.
HTTP request sent, awaiting response... 303 See Other
Location: https://academic.oup.com/ilj/article-lookup/doi/10.1093/ilj/1.1.38 [following]
--2017-01-28 21:48:28--  https://academic.oup.com/ilj/article-lookup/doi/10.1093/ilj/1.1.38
Connecting to academic.oup.com (academic.oup.com)|173.254.190.144|:443... connected.
HTTP request sent, awaiting response... 200 OK
Length: 65756 (64K) [text/html]
Saving to: ‘1.1.38’

     0K .......... .......... .......... .......... .......... 77%  309K 0s
    50K .......... ....                                       100%  182K=0.2s

2017-01-28 21:48:32 (268 KB/s) - ‘1.1.38’ saved [65756/65756]

--2017-01-28 21:48:33--  http://doi.org/10.1093/ilj/1.1.252
Connecting to doi.org (doi.org)|63.123.152.248|:80... connected.
HTTP request sent, awaiting response... 303 See Other
Location: https://academic.oup.com/ilj/article-lookup/doi/10.1093/ilj/1.1.252 [following]
--2017-01-28 21:48:34--  https://academic.oup.com/ilj/article-lookup/doi/10.1093/ilj/1.1.252
Connecting to academic.oup.com (academic.oup.com)|173.254.190.144|:443... connected.
HTTP request sent, awaiting response... 200 OK
Length: 65692 (64K) [text/html]
Saving to: ‘1.1.252’

     0K .......... .......... .......... .......... .......... 77%  208K 0s
    50K .......... ....                                       100% 16.7M=0.2s

2017-01-28 21:48:38 (265 KB/s) - ‘1.1.252’ saved [65692/65692]

--2017-01-28 21:48:39--  http://doi.org/10.1093/ilj/1.1.170
Connecting to doi.org (doi.org)|63.123.152.248|:80... connected.
HTTP request sent, awaiting response... 303 See Other
Location: https://academic.oup.com/ilj/article-lookup/doi/10.1093/ilj/1.1.170 [following]
--2017-01-28 21:48:40--  https://academic.oup.com/ilj/article-lookup/doi/10.1093/ilj/1.1.170
Connecting to academic.oup.com (academic.oup.com)|173.254.190.144|:443... connected.
HTTP request sent, awaiting response... 200 OK
Length: 65591 (64K) [text/html]
Saving to: ‘1.1.170’

     0K .......... .......... .......... .......... .......... 78%  209K 0s
    50K .......... ....                                       100% 16.9M=0.2s

2017-01-28 21:48:43 (267 KB/s) - ‘1.1.170’ saved [65591/65591]

--2017-01-28 21:48:44--  http://doi.org/10.1093/ilj/1.1.255
Connecting to doi.org (doi.org)|63.123.152.248|:80... connected.
HTTP request sent, awaiting response... 303 See Other
Location: https://academic.oup.com/ilj/article-lookup/doi/10.1093/ilj/1.1.255 [following]
--2017-01-28 21:48:46--  https://academic.oup.com/ilj/article-lookup/doi/10.1093/ilj/1.1.255
Connecting to academic.oup.com (academic.oup.com)|173.254.190.144|:443... connected.
HTTP request sent, awaiting response... 200 OK
Length: 65512 (64K) [text/html]
Saving to: ‘1.1.255’

     0K .......... .......... .......... .......... .......... 78%  210K 0s
    50K .......... ...                                        100% 18.6M=0.2s

2017-01-28 21:48:49 (267 KB/s) - ‘1.1.255’ saved [65512/65512]

--2017-01-28 21:48:50--  http://doi.org/10.1093/ilj/1.1.181
Connecting to doi.org (doi.org)|63.123.152.248|:80... connected.
HTTP request sent, awaiting response... 303 See Other
Location: https://academic.oup.com/ilj/article-lookup/doi/10.1093/ilj/1.1.181 [following]
--2017-01-28 21:48:51--  https://academic.oup.com/ilj/article-lookup/doi/10.1093/ilj/1.1.181
Connecting to academic.oup.com (academic.oup.com)|173.254.190.144|:443... connected.
HTTP request sent, awaiting response... 200 OK
Length: 65127 (64K) [text/html]
Saving to: ‘1.1.181’

     0K .......... .......... .......... .......... .......... 78%  226K 0s
    50K .......... ...                                        100% 16.9M=0.2s

2017-01-28 21:48:54 (287 KB/s) - ‘1.1.181’ saved [65127/65127]

--2017-01-28 21:48:55--  http://doi.org/10.1093/ilj/1.1.182-a
Connecting to doi.org (doi.org)|63.123.152.248|:80... connected.
HTTP request sent, awaiting response... 303 See Other
Location: https://academic.oup.com/ilj/article-lookup/doi/10.1093/ilj/1.1.182-a [following]
--2017-01-28 21:48:57--  https://academic.oup.com/ilj/article-lookup/doi/10.1093/ilj/1.1.182-a
Connecting to academic.oup.com (academic.oup.com)|173.254.190.144|:443... connected.
HTTP request sent, awaiting response... 200 OK
Length: 65337 (64K) [text/html]
Saving to: ‘1.1.182-a’

     0K .......... .......... .......... .......... .......... 78%  209K 0s
    50K .......... ...                                        100% 13.6M=0.2s

2017-01-28 21:49:00 (266 KB/s) - ‘1.1.182-a’ saved [65337/65337]

--2017-01-28 21:49:01--  http://doi.org/10.1093/ilj/1.1.175
Connecting to doi.org (doi.org)|63.123.152.248|:80... connected.
HTTP request sent, awaiting response... 303 See Other
Location: https://academic.oup.com/ilj/article-lookup/doi/10.1093/ilj/1.1.175 [following]
--2017-01-28 21:49:02--  https://academic.oup.com/ilj/article-lookup/doi/10.1093/ilj/1.1.175
Connecting to academic.oup.com (academic.oup.com)|173.254.190.144|:443... connected.
HTTP request sent, awaiting response... 200 OK
Length: 65090 (64K) [text/html]
Saving to: ‘1.1.175’

     0K .......... .......... .......... .......... .......... 78%  209K 0s
    50K .......... ...                                        100% 7.75M=0.2s

2017-01-28 21:49:06 (263 KB/s) - ‘1.1.175’ saved [65090/65090]

--2017-01-28 21:49:07--  http://doi.org/10.1093/ilj/1.1.74
Connecting to doi.org (doi.org)|63.123.152.248|:80... connected.
HTTP request sent, awaiting response... 303 See Other
Location: https://academic.oup.com/ilj/article-lookup/doi/10.1093/ilj/1.1.74 [following]
--2017-01-28 21:49:08--  https://academic.oup.com/ilj/article-lookup/doi/10.1093/ilj/1.1.74
Connecting to academic.oup.com (academic.oup.com)|173.254.190.144|:443... connected.
HTTP request sent, awaiting response... 200 OK
Length: 66332 (65K) [text/html]
Saving to: ‘1.1.74’

     0K .......... .......... .......... .......... .......... 77%  209K 0s
    50K .......... ....                                       100% 14.7M=0.2s

2017-01-28 21:49:11 (269 KB/s) - ‘1.1.74’ saved [66332/66332]

--2017-01-28 21:49:12--  http://doi.org/10.1093/ilj/1.1.98
Connecting to doi.org (doi.org)|63.123.152.248|:80... connected.
HTTP request sent, awaiting response... 303 See Other
Location: https://academic.oup.com/ilj/article-lookup/doi/10.1093/ilj/1.1.98 [following]
--2017-01-28 21:49:14--  https://academic.oup.com/ilj/article-lookup/doi/10.1093/ilj/1.1.98
Connecting to academic.oup.com (academic.oup.com)|173.254.190.144|:443... connected.
HTTP request sent, awaiting response... 200 OK
Length: 64001 (63K) [text/html]
Saving to: ‘1.1.98’

     0K .......... .......... .......... .......... .......... 79%  309K 0s
    50K .......... ..                                         100%  160K=0.2s

2017-01-28 21:49:17 (261 KB/s) - ‘1.1.98’ saved [64001/64001]

--2017-01-28 21:49:18--  http://doi.org/10.1093/ilj/1.1.183-b
Connecting to doi.org (doi.org)|63.123.152.248|:80... connected.
HTTP request sent, awaiting response... 303 See Other
Location: https://academic.oup.com/ilj/article-lookup/doi/10.1093/ilj/1.1.183-b [following]
--2017-01-28 21:49:19--  https://academic.oup.com/ilj/article-lookup/doi/10.1093/ilj/1.1.183-b
Connecting to academic.oup.com (academic.oup.com)|173.254.190.144|:443... connected.
HTTP request sent, awaiting response... 200 OK
Length: 80018 (78K) [text/html]
Saving to: ‘1.1.183-b’

     0K .......... .......... .......... .......... .......... 63%  209K 0s
    50K .......... .......... ........                        100% 14.0M=0.2s

2017-01-28 21:49:23 (323 KB/s) - ‘1.1.183-b’ saved [80018/80018]

--2017-01-28 21:49:24--  http://doi.org/10.1093/ilj/1.1.105
Connecting to doi.org (doi.org)|63.123.152.248|:80... connected.
HTTP request sent, awaiting response... 303 See Other
Location: https://academic.oup.com/ilj/article-lookup/doi/10.1093/ilj/1.1.105 [following]
--2017-01-28 21:49:25--  https://academic.oup.com/ilj/article-lookup/doi/10.1093/ilj/1.1.105
Connecting to academic.oup.com (academic.oup.com)|173.254.190.144|:443... connected.
HTTP request sent, awaiting response... 200 OK
Length: 63806 (62K) [text/html]
Saving to: ‘1.1.105’

     0K .......... .......... .......... .......... .......... 80%  309K 0s
    50K .......... ..                                         100%  158K=0.2s

2017-01-28 21:49:28 (260 KB/s) - ‘1.1.105’ saved [63806/63806]

--2017-01-28 21:49:29--  http://doi.org/10.1093/ilj/1.1.84
Connecting to doi.org (doi.org)|63.123.152.248|:80... connected.
HTTP request sent, awaiting response... 303 See Other
Location: https://academic.oup.com/ilj/article-lookup/doi/10.1093/ilj/1.1.84 [following]
--2017-01-28 21:49:31--  https://academic.oup.com/ilj/article-lookup/doi/10.1093/ilj/1.1.84
Connecting to academic.oup.com (academic.oup.com)|173.254.190.144|:443... connected.
HTTP request sent, awaiting response... 200 OK
Length: 65804 (64K) [text/html]
Saving to: ‘1.1.84’

     0K .......... .......... .......... .......... .......... 77%  209K 0s
    50K .......... ....                                       100% 13.9M=0.2s

2017-01-28 21:49:34 (267 KB/s) - ‘1.1.84’ saved [65804/65804]

--2017-01-28 21:49:35--  http://doi.org/10.1093/ilj/1.1.31
Connecting to doi.org (doi.org)|63.123.152.248|:80... connected.
HTTP request sent, awaiting response... 303 See Other
Location: https://academic.oup.com/ilj/article-lookup/doi/10.1093/ilj/1.1.31 [following]
--2017-01-28 21:49:37--  https://academic.oup.com/ilj/article-lookup/doi/10.1093/ilj/1.1.31
Connecting to academic.oup.com (academic.oup.com)|173.254.190.144|:443... connected.
HTTP request sent, awaiting response... 200 OK
Length: 65353 (64K) [text/html]
Saving to: ‘1.1.31’

     0K .......... .......... .......... .......... .......... 78%  308K 0s
    50K .......... ...                                        100%  175K=0.2s

2017-01-28 21:49:41 (265 KB/s) - ‘1.1.31’ saved [65353/65353]

--2017-01-28 21:49:42--  http://doi.org/10.1093/ilj/1.1.61
Connecting to doi.org (doi.org)|63.123.152.248|:80... connected.
HTTP request sent, awaiting response... 303 See Other
Location: https://academic.oup.com/ilj/article-lookup/doi/10.1093/ilj/1.1.61 [following]
--2017-01-28 21:49:43--  https://academic.oup.com/ilj/article-lookup/doi/10.1093/ilj/1.1.61
Connecting to academic.oup.com (academic.oup.com)|173.254.190.144|:443... connected.
HTTP request sent, awaiting response... 200 OK
Length: 65548 (64K) [text/html]
Saving to: ‘1.1.61’

     0K .......... .......... .......... .......... .......... 78%  209K 0s
    50K .......... ....                                       100% 17.6M=0.2s

2017-01-28 21:49:47 (267 KB/s) - ‘1.1.61’ saved [65548/65548]

--2017-01-28 21:49:48--  http://doi.org/10.1093/ilj/1.1.125
Connecting to doi.org (doi.org)|63.123.152.248|:80... connected.
HTTP request sent, awaiting response... 303 See Other
Location: https://academic.oup.com/ilj/article-lookup/doi/10.1093/ilj/1.1.125 [following]
--2017-01-28 21:49:49--  https://academic.oup.com/ilj/article-lookup/doi/10.1093/ilj/1.1.125
Connecting to academic.oup.com (academic.oup.com)|173.254.190.144|:443... connected.
HTTP request sent, awaiting response... 200 OK
Length: 65800 (64K) [text/html]
Saving to: ‘1.1.125’

     0K .......... .......... .......... .......... .......... 77%  209K 0s
    50K .......... ....                                       100% 16.3M=0.2s

2017-01-28 21:49:53 (268 KB/s) - ‘1.1.125’ saved [65800/65800]

--2017-01-28 21:49:54--  http://doi.org/10.1093/ilj/1.1.104
Connecting to doi.org (doi.org)|63.123.152.248|:80... connected.
HTTP request sent, awaiting response... 303 See Other
Location: https://academic.oup.com/ilj/article-lookup/doi/10.1093/ilj/1.1.104 [following]
--2017-01-28 21:49:55--  https://academic.oup.com/ilj/article-lookup/doi/10.1093/ilj/1.1.104
Connecting to academic.oup.com (academic.oup.com)|173.254.190.144|:443... connected.
HTTP request sent, awaiting response... 200 OK
Length: 65340 (64K) [text/html]
Saving to: ‘1.1.104’

     0K .......... .......... .......... .......... .......... 78%  333K 0s
    50K .......... ...                                        100%  176K=0.2s

2017-01-28 21:49:59 (279 KB/s) - ‘1.1.104’ saved [65340/65340]

--2017-01-28 21:50:00--  http://doi.org/10.1093/ilj/1.1.250
Connecting to doi.org (doi.org)|63.123.152.248|:80... connected.
HTTP request sent, awaiting response... 303 See Other
Location: https://academic.oup.com/ilj/article-lookup/doi/10.1093/ilj/1.1.250 [following]
--2017-01-28 21:50:01--  https://academic.oup.com/ilj/article-lookup/doi/10.1093/ilj/1.1.250
Connecting to academic.oup.com (academic.oup.com)|173.254.190.144|:443... connected.
HTTP request sent, awaiting response... 200 OK
Length: 65476 (64K) [text/html]
Saving to: ‘1.1.250’

     0K .......... .......... .......... .......... .......... 78%  208K 0s
    50K .......... ...                                        100% 17.9M=0.2s

2017-01-28 21:50:05 (265 KB/s) - ‘1.1.250’ saved [65476/65476]

--2017-01-28 21:50:06--  http://doi.org/10.1093/ilj/1.1.184
Connecting to doi.org (doi.org)|63.123.152.248|:80... connected.
HTTP request sent, awaiting response... 303 See Other
Location: https://academic.oup.com/ilj/article-lookup/doi/10.1093/ilj/1.1.184 [following]
--2017-01-28 21:50:07--  https://academic.oup.com/ilj/article-lookup/doi/10.1093/ilj/1.1.184
Connecting to academic.oup.com (academic.oup.com)|173.254.190.144|:443... connected.
HTTP request sent, awaiting response... 200 OK
Length: 65294 (64K) [text/html]
Saving to: ‘1.1.184’

     0K .......... .......... .......... .......... .......... 78%  209K 0s
    50K .......... ...                                        100% 13.3M=0.2s

2017-01-28 21:50:10 (265 KB/s) - ‘1.1.184’ saved [65294/65294]

--2017-01-28 21:50:11--  http://doi.org/10.1093/ilj/1.1.168
Connecting to doi.org (doi.org)|63.123.152.248|:80... connected.
HTTP request sent, awaiting response... 303 See Other
Location: https://academic.oup.com/ilj/article-lookup/doi/10.1093/ilj/1.1.168 [following]
--2017-01-28 21:50:13--  https://academic.oup.com/ilj/article-lookup/doi/10.1093/ilj/1.1.168
Connecting to academic.oup.com (academic.oup.com)|173.254.190.144|:443... connected.
HTTP request sent, awaiting response... 200 OK
Length: 65644 (64K) [text/html]
Saving to: ‘1.1.168’

     0K .......... .......... .......... .......... .......... 77%  209K 0s
    50K .......... ....                                       100% 14.6M=0.2s

2017-01-28 21:50:16 (267 KB/s) - ‘1.1.168’ saved [65644/65644]

--2017-01-28 21:50:17--  http://doi.org/10.1093/ilj/1.1.47
Connecting to doi.org (doi.org)|63.123.152.248|:80... connected.
HTTP request sent, awaiting response... 303 See Other
Location: https://academic.oup.com/ilj/article-lookup/doi/10.1093/ilj/1.1.47 [following]
--2017-01-28 21:50:18--  https://academic.oup.com/ilj/article-lookup/doi/10.1093/ilj/1.1.47
Connecting to academic.oup.com (academic.oup.com)|173.254.190.144|:443... connected.
HTTP request sent, awaiting response... 200 OK
Length: 66852 (65K) [text/html]
Saving to: ‘1.1.47’

     0K .......... .......... .......... .......... .......... 76%  339K 0s
    50K .......... .....                                      100%  196K=0.2s

2017-01-28 21:50:22 (290 KB/s) - ‘1.1.47’ saved [66852/66852]

--2017-01-28 21:50:23--  http://doi.org/10.1093/ilj/1.1.183-a
Connecting to doi.org (doi.org)|63.123.152.248|:80... connected.
HTTP request sent, awaiting response... 303 See Other
Location: https://academic.oup.com/ilj/article-lookup/doi/10.1093/ilj/1.1.183-a [following]
--2017-01-28 21:50:24--  https://academic.oup.com/ilj/article-lookup/doi/10.1093/ilj/1.1.183-a
Connecting to academic.oup.com (academic.oup.com)|173.254.190.144|:443... connected.
HTTP request sent, awaiting response... 200 OK
Length: 65333 (64K) [text/html]
Saving to: ‘1.1.183-a’

     0K .......... .......... .......... .......... .......... 78%  209K 0s
    50K .......... ...                                        100% 19.9M=0.2s

2017-01-28 21:50:28 (266 KB/s) - ‘1.1.183-a’ saved [65333/65333]

--2017-01-28 21:50:29--  http://doi.org/10.1093/ilj/1.1.103
Connecting to doi.org (doi.org)|63.123.152.248|:80... connected.
HTTP request sent, awaiting response... 303 See Other
Location: https://academic.oup.com/ilj/article-lookup/doi/10.1093/ilj/1.1.103 [following]
--2017-01-28 21:50:30--  https://academic.oup.com/ilj/article-lookup/doi/10.1093/ilj/1.1.103
Connecting to academic.oup.com (academic.oup.com)|173.254.190.144|:443... connected.
HTTP request sent, awaiting response... 200 OK
Length: 63959 (62K) [text/html]
Saving to: ‘1.1.103’

     0K .......... .......... .......... .......... .......... 80%  208K 0s
    50K .......... ..                                         100% 14.3M=0.2s

2017-01-28 21:50:35 (260 KB/s) - ‘1.1.103’ saved [63959/63959]

--2017-01-28 21:50:36--  http://doi.org/10.1093/ilj/1.1.117
Connecting to doi.org (doi.org)|63.123.152.248|:80... connected.
HTTP request sent, awaiting response... 303 See Other
Location: https://academic.oup.com/ilj/article-lookup/doi/10.1093/ilj/1.1.117 [following]
--2017-01-28 21:50:37--  https://academic.oup.com/ilj/article-lookup/doi/10.1093/ilj/1.1.117
Connecting to academic.oup.com (academic.oup.com)|173.254.190.144|:443... connected.
HTTP request sent, awaiting response... 200 OK
Length: 65426 (64K) [text/html]
Saving to: ‘1.1.117’

     0K .......... .......... .......... .......... .......... 78%  209K 0s
    50K .......... ...                                        100% 17.0M=0.2s

2017-01-28 21:50:40 (267 KB/s) - ‘1.1.117’ saved [65426/65426]

--2017-01-28 21:50:41--  http://doi.org/10.1093/ilj/1.1.33-a
Connecting to doi.org (doi.org)|63.123.152.248|:80... connected.
HTTP request sent, awaiting response... 303 See Other
Location: https://academic.oup.com/ilj/article-lookup/doi/10.1093/ilj/1.1.33-a [following]
--2017-01-28 21:50:43--  https://academic.oup.com/ilj/article-lookup/doi/10.1093/ilj/1.1.33-a
Connecting to academic.oup.com (academic.oup.com)|173.254.190.144|:443... connected.
HTTP request sent, awaiting response... 200 OK
Length: 65570 (64K) [text/html]
Saving to: ‘1.1.33-a’

     0K .......... .......... .......... .......... .......... 78%  209K 0s
    50K .......... ....                                       100% 17.0M=0.2s

2017-01-28 21:50:46 (267 KB/s) - ‘1.1.33-a’ saved [65570/65570]

--2017-01-28 21:50:47--  http://doi.org/10.1093/ilj/1.1.122
Connecting to doi.org (doi.org)|63.123.152.248|:80... connected.
HTTP request sent, awaiting response... 303 See Other
Location: https://academic.oup.com/ilj/article-lookup/doi/10.1093/ilj/1.1.122 [following]
--2017-01-28 21:50:49--  https://academic.oup.com/ilj/article-lookup/doi/10.1093/ilj/1.1.122
Connecting to academic.oup.com (academic.oup.com)|173.254.190.144|:443... connected.
HTTP request sent, awaiting response... 200 OK
Length: 68409 (67K) [text/html]
Saving to: ‘1.1.122’

     0K .......... .......... .......... .......... .......... 74%  209K 0s
    50K .......... ......                                     100% 17.3M=0.2s

2017-01-28 21:50:52 (278 KB/s) - ‘1.1.122’ saved [68409/68409]

--2017-01-28 21:50:53--  http://doi.org/10.1093/ilj/1.1.53
Connecting to doi.org (doi.org)|63.123.152.248|:80... connected.
HTTP request sent, awaiting response... 303 See Other
Location: https://academic.oup.com/ilj/article-lookup/doi/10.1093/ilj/1.1.53 [following]
--2017-01-28 21:50:55--  https://academic.oup.com/ilj/article-lookup/doi/10.1093/ilj/1.1.53
Connecting to academic.oup.com (academic.oup.com)|173.254.190.144|:443... connected.
HTTP request sent, awaiting response... 200 OK
Length: 65668 (64K) [text/html]
Saving to: ‘1.1.53’

     0K .......... .......... .......... .......... .......... 77%  209K 0s
    50K .......... ....                                       100% 15.1M=0.2s

2017-01-28 21:50:58 (267 KB/s) - ‘1.1.53’ saved [65668/65668]

--2017-01-28 21:50:59--  http://doi.org/10.1093/ilj/1.1.106
Connecting to doi.org (doi.org)|63.123.152.248|:80... connected.
HTTP request sent, awaiting response... 303 See Other
Location: https://academic.oup.com/ilj/article-lookup/doi/10.1093/ilj/1.1.106 [following]
--2017-01-28 21:51:00--  https://academic.oup.com/ilj/article-lookup/doi/10.1093/ilj/1.1.106
Connecting to academic.oup.com (academic.oup.com)|173.254.190.144|:443... connected.
HTTP request sent, awaiting response... 200 OK
Length: 63739 (62K) [text/html]
Saving to: ‘1.1.106’

     0K .......... .......... .......... .......... .......... 80%  209K 0s
    50K .......... ..                                         100% 17.8M=0.2s

2017-01-28 21:51:04 (260 KB/s) - ‘1.1.106’ saved [63739/63739]

--2017-01-28 21:51:05--  http://doi.org/10.1093/ilj/1.1.29
Connecting to doi.org (doi.org)|63.123.152.248|:80... connected.
HTTP request sent, awaiting response... 303 See Other
Location: https://academic.oup.com/ilj/article-lookup/doi/10.1093/ilj/1.1.29 [following]
--2017-01-28 21:51:06--  https://academic.oup.com/ilj/article-lookup/doi/10.1093/ilj/1.1.29
Connecting to academic.oup.com (academic.oup.com)|173.254.190.144|:443... connected.
HTTP request sent, awaiting response... 200 OK
Length: 66866 (65K) [text/html]
Saving to: ‘1.1.29’

     0K .......... .......... .......... .......... .......... 76%  221K 0s
    50K .......... .....                                      100% 18.9M=0.2s

2017-01-28 21:51:10 (288 KB/s) - ‘1.1.29’ saved [66866/66866]

--2017-01-28 21:51:11--  http://doi.org/10.1093/ilj/1.1.41
Connecting to doi.org (doi.org)|63.123.152.248|:80... connected.
HTTP request sent, awaiting response... 303 See Other
Location: https://academic.oup.com/ilj/article-lookup/doi/10.1093/ilj/1.1.41 [following]
--2017-01-28 21:51:12--  https://academic.oup.com/ilj/article-lookup/doi/10.1093/ilj/1.1.41
Connecting to academic.oup.com (academic.oup.com)|173.254.190.144|:443... connected.
HTTP request sent, awaiting response... 200 OK
Length: 65865 (64K) [text/html]
Saving to: ‘1.1.41’

     0K .......... .......... .......... .......... .......... 77%  209K 0s
    50K .......... ....                                       100% 14.0M=0.2s

2017-01-28 21:51:15 (268 KB/s) - ‘1.1.41’ saved [65865/65865]

--2017-01-28 21:51:16--  http://doi.org/10.1093/ilj/1.1.32-a
Connecting to doi.org (doi.org)|63.123.152.248|:80... connected.
HTTP request sent, awaiting response... 303 See Other
Location: https://academic.oup.com/ilj/article-lookup/doi/10.1093/ilj/1.1.32-a [following]
--2017-01-28 21:51:18--  https://academic.oup.com/ilj/article-lookup/doi/10.1093/ilj/1.1.32-a
Connecting to academic.oup.com (academic.oup.com)|173.254.190.144|:443... connected.
HTTP request sent, awaiting response... 200 OK
Length: 65427 (64K) [text/html]
Saving to: ‘1.1.32-a’

     0K .......... .......... .......... .......... .......... 78%  209K 0s
    50K .......... ...                                        100% 14.3M=0.2s

2017-01-28 21:51:21 (266 KB/s) - ‘1.1.32-a’ saved [65427/65427]

--2017-01-28 21:51:22--  http://doi.org/10.1093/ilj/1.1.43-a
Connecting to doi.org (doi.org)|63.123.152.248|:80... connected.
HTTP request sent, awaiting response... 303 See Other
Location: https://academic.oup.com/ilj/article-lookup/doi/10.1093/ilj/1.1.43-a [following]
--2017-01-28 21:51:24--  https://academic.oup.com/ilj/article-lookup/doi/10.1093/ilj/1.1.43-a
Connecting to academic.oup.com (academic.oup.com)|173.254.190.144|:443... connected.
HTTP request sent, awaiting response... 200 OK
Length: 67859 (66K) [text/html]
Saving to: ‘1.1.43-a’

     0K .......... .......... .......... .......... .......... 75%  209K 0s
    50K .......... ......                                     100% 14.5K=1.4s

2017-01-28 21:51:29 (48.6 KB/s) - ‘1.1.43-a’ saved [67859/67859]

--2017-01-28 21:51:30--  http://doi.org/10.1093/ilj/1.1.107
Connecting to doi.org (doi.org)|63.123.152.248|:80... connected.
HTTP request sent, awaiting response... 303 See Other
Location: https://academic.oup.com/ilj/article-lookup/doi/10.1093/ilj/1.1.107 [following]
--2017-01-28 21:51:31--  https://academic.oup.com/ilj/article-lookup/doi/10.1093/ilj/1.1.107
Connecting to academic.oup.com (academic.oup.com)|173.254.190.144|:443... connected.
HTTP request sent, awaiting response... 200 OK
Length: 65888 (64K) [text/html]
Saving to: ‘1.1.107’

     0K .......... .......... .......... .......... .......... 77%  208K 0s
    50K .......... ....                                       100% 16.0M=0.2s

2017-01-28 21:51:34 (267 KB/s) - ‘1.1.107’ saved [65888/65888]

--2017-01-28 21:51:35--  http://doi.org/10.1093/ilj/1.1.219
Connecting to doi.org (doi.org)|63.123.152.248|:80... connected.
HTTP request sent, awaiting response... 303 See Other
Location: https://academic.oup.com/ilj/article-lookup/doi/10.1093/ilj/1.1.219 [following]
--2017-01-28 21:51:37--  https://academic.oup.com/ilj/article-lookup/doi/10.1093/ilj/1.1.219
Connecting to academic.oup.com (academic.oup.com)|173.254.190.144|:443... connected.
HTTP request sent, awaiting response... 200 OK
Length: 65903 (64K) [text/html]
Saving to: ‘1.1.219’

     0K .......... .......... .......... .......... .......... 77%  212K 0s
    50K .......... ....                                       100% 19.6M=0.2s

2017-01-28 21:51:40 (272 KB/s) - ‘1.1.219’ saved [65903/65903]

--2017-01-28 21:51:41--  http://doi.org/10.1093/ilj/1.1.182
Connecting to doi.org (doi.org)|63.123.152.248|:80... connected.
HTTP request sent, awaiting response... 303 See Other
Location: https://academic.oup.com/ilj/article-lookup/doi/10.1093/ilj/1.1.182 [following]
--2017-01-28 21:51:43--  https://academic.oup.com/ilj/article-lookup/doi/10.1093/ilj/1.1.182
Connecting to academic.oup.com (academic.oup.com)|173.254.190.144|:443... connected.
HTTP request sent, awaiting response... 200 OK
Length: 63547 (62K) [text/html]
Saving to: ‘1.1.182’

     0K .......... .......... .......... .......... .......... 80%  209K 0s
    50K .......... ..                                         100% 17.5M=0.2s

2017-01-28 21:51:47 (259 KB/s) - ‘1.1.182’ saved [63547/63547]

--2017-01-28 21:51:48--  http://doi.org/10.1093/ilj/1.1.95
Connecting to doi.org (doi.org)|63.123.152.248|:80... connected.
HTTP request sent, awaiting response... 303 See Other
Location: https://academic.oup.com/ilj/article-lookup/doi/10.1093/ilj/1.1.95 [following]
--2017-01-28 21:51:49--  https://academic.oup.com/ilj/article-lookup/doi/10.1093/ilj/1.1.95
Connecting to academic.oup.com (academic.oup.com)|173.254.190.144|:443... connected.
HTTP request sent, awaiting response... 200 OK
Length: 64064 (63K) [text/html]
Saving to: ‘1.1.95’

     0K .......... .......... .......... .......... .......... 79%  224K 0s
    50K .......... ..                                         100% 22.3M=0.2s

2017-01-28 21:51:53 (279 KB/s) - ‘1.1.95’ saved [64064/64064]

--2017-01-28 21:51:54--  http://doi.org/10.1093/ilj/1.1.97
Connecting to doi.org (doi.org)|63.123.152.248|:80... connected.
HTTP request sent, awaiting response... 303 See Other
Location: https://academic.oup.com/ilj/article-lookup/doi/10.1093/ilj/1.1.97 [following]
--2017-01-28 21:51:55--  https://academic.oup.com/ilj/article-lookup/doi/10.1093/ilj/1.1.97
Connecting to academic.oup.com (academic.oup.com)|173.254.190.144|:443... connected.
HTTP request sent, awaiting response... 200 OK
Length: 63667 (62K) [text/html]
Saving to: ‘1.1.97’

     0K .......... .......... .......... .......... .......... 80%  209K 0s
    50K .......... ..                                         100% 6.69M=0.2s

2017-01-28 21:51:58 (259 KB/s) - ‘1.1.97’ saved [63667/63667]

--2017-01-28 21:51:59--  http://doi.org/10.1093/ilj/1.1.99
Connecting to doi.org (doi.org)|63.123.152.248|:80... connected.
HTTP request sent, awaiting response... 303 See Other
Location: https://academic.oup.com/ilj/article-lookup/doi/10.1093/ilj/1.1.99 [following]
--2017-01-28 21:52:01--  https://academic.oup.com/ilj/article-lookup/doi/10.1093/ilj/1.1.99
Connecting to academic.oup.com (academic.oup.com)|173.254.190.144|:443... connected.
HTTP request sent, awaiting response... 200 OK
Length: 65254 (64K) [text/html]
Saving to: ‘1.1.99’

     0K .......... .......... .......... .......... .......... 78%  209K 0s
    50K .......... ...                                        100% 13.2M=0.2s

2017-01-28 21:52:04 (265 KB/s) - ‘1.1.99’ saved [65254/65254]

--2017-01-28 21:52:05--  http://doi.org/10.1093/ilj/1.1.98-a
Connecting to doi.org (doi.org)|63.123.152.248|:80... connected.
HTTP request sent, awaiting response... 303 See Other
Location: https://academic.oup.com/ilj/article-lookup/doi/10.1093/ilj/1.1.98-a [following]
--2017-01-28 21:52:07--  https://academic.oup.com/ilj/article-lookup/doi/10.1093/ilj/1.1.98-a
Connecting to academic.oup.com (academic.oup.com)|173.254.190.144|:443... connected.
HTTP request sent, awaiting response... 200 OK
Length: 64239 (63K) [text/html]
Saving to: ‘1.1.98-a’

     0K .......... .......... .......... .......... .......... 79%  208K 0s
    50K .......... ..                                         100% 19.4M=0.2s

2017-01-28 21:52:10 (260 KB/s) - ‘1.1.98-a’ saved [64239/64239]

--2017-01-28 21:52:11--  http://doi.org/10.1093/ilj/1.1.176
Connecting to doi.org (doi.org)|63.123.152.248|:80... connected.
HTTP request sent, awaiting response... 303 See Other
Location: https://academic.oup.com/ilj/article-lookup/doi/10.1093/ilj/1.1.176 [following]
--2017-01-28 21:52:13--  https://academic.oup.com/ilj/article-lookup/doi/10.1093/ilj/1.1.176
Connecting to academic.oup.com (academic.oup.com)|173.254.190.144|:443... connected.
HTTP request sent, awaiting response... 200 OK
Length: 63649 (62K) [text/html]
Saving to: ‘1.1.176’

     0K .......... .......... .......... .......... .......... 80%  209K 0s
    50K .......... ..                                         100% 23.5M=0.2s

2017-01-28 21:52:16 (259 KB/s) - ‘1.1.176’ saved [63649/63649]

--2017-01-28 21:52:17--  http://doi.org/10.1093/ilj/1.1.185
Connecting to doi.org (doi.org)|63.123.152.248|:80... connected.
HTTP request sent, awaiting response... 303 See Other
Location: https://academic.oup.com/ilj/article-lookup/doi/10.1093/ilj/1.1.185 [following]
--2017-01-28 21:52:18--  https://academic.oup.com/ilj/article-lookup/doi/10.1093/ilj/1.1.185
Connecting to academic.oup.com (academic.oup.com)|173.254.190.144|:443... connected.
HTTP request sent, awaiting response... 200 OK
Length: 65373 (64K) [text/html]
Saving to: ‘1.1.185’

     0K .......... .......... .......... .......... .......... 78%  209K 0s
    50K .......... ...                                        100% 17.0M=0.2s

2017-01-28 21:52:22 (266 KB/s) - ‘1.1.185’ saved [65373/65373]

--2017-01-28 21:52:23--  http://doi.org/10.1093/ilj/1.1.178
Connecting to doi.org (doi.org)|63.123.152.248|:80... connected.
HTTP request sent, awaiting response... 303 See Other
Location: https://academic.oup.com/ilj/article-lookup/doi/10.1093/ilj/1.1.178 [following]
--2017-01-28 21:52:24--  https://academic.oup.com/ilj/article-lookup/doi/10.1093/ilj/1.1.178
Connecting to academic.oup.com (academic.oup.com)|173.254.190.144|:443... connected.
HTTP request sent, awaiting response... 200 OK
Length: 63805 (62K) [text/html]
Saving to: ‘1.1.178’

     0K .......... .......... .......... .......... .......... 80%  209K 0s
    50K .......... ..                                         100% 13.4M=0.2s

2017-01-28 21:52:27 (259 KB/s) - ‘1.1.178’ saved [63805/63805]

--2017-01-28 21:52:28--  http://doi.org/10.1093/ilj/1.1.183
Connecting to doi.org (doi.org)|63.123.152.248|:80... connected.
HTTP request sent, awaiting response... 303 See Other
Location: https://academic.oup.com/ilj/article-lookup/doi/10.1093/ilj/1.1.183 [following]
--2017-01-28 21:52:29--  https://academic.oup.com/ilj/article-lookup/doi/10.1093/ilj/1.1.183
Connecting to academic.oup.com (academic.oup.com)|173.254.190.144|:443... connected.
HTTP request sent, awaiting response... 200 OK
Length: 65370 (64K) [text/html]
Saving to: ‘1.1.183’

     0K .......... .......... .......... .......... .......... 78%  207K 0s
    50K .......... ...                                        100% 13.0M=0.2s

2017-01-28 21:52:32 (263 KB/s) - ‘1.1.183’ saved [65370/65370]

--2017-01-28 21:52:33--  http://doi.org/10.1093/ilj/2.1.174
Connecting to doi.org (doi.org)|63.123.152.248|:80... connected.
HTTP request sent, awaiting response... 303 See Other
Location: https://academic.oup.com/ilj/article-lookup/doi/10.1093/ilj/2.1.174 [following]
--2017-01-28 21:52:35--  https://academic.oup.com/ilj/article-lookup/doi/10.1093/ilj/2.1.174
Connecting to academic.oup.com (academic.oup.com)|173.254.190.144|:443... connected.
HTTP request sent, awaiting response... 200 OK
Length: 65681 (64K) [text/html]
Saving to: ‘2.1.174’

     0K .......... .......... .......... .......... .......... 77%  209K 0s
    50K .......... ....                                       100% 15.3M=0.2s

2017-01-28 21:52:38 (267 KB/s) - ‘2.1.174’ saved [65681/65681]

--2017-01-28 21:52:39--  http://doi.org/10.1093/ilj/2.1.48
Connecting to doi.org (doi.org)|63.123.152.248|:80... connected.
HTTP request sent, awaiting response... 303 See Other
Location: https://academic.oup.com/ilj/article-lookup/doi/10.1093/ilj/2.1.48 [following]
--2017-01-28 21:52:41--  https://academic.oup.com/ilj/article-lookup/doi/10.1093/ilj/2.1.48
Connecting to academic.oup.com (academic.oup.com)|173.254.190.144|:443... connected.
HTTP request sent, awaiting response... 200 OK
Length: 65399 (64K) [text/html]
Saving to: ‘2.1.48’

     0K .......... .......... .......... .......... .......... 78%  206K 0s
    50K .......... ...                                        100% 14.3M=0.2s

2017-01-28 21:52:44 (262 KB/s) - ‘2.1.48’ saved [65399/65399]

--2017-01-28 21:52:45--  http://doi.org/10.1093/ilj/2.1.197
Connecting to doi.org (doi.org)|63.123.152.248|:80... connected.
HTTP request sent, awaiting response... 303 See Other
Location: https://academic.oup.com/ilj/article-lookup/doi/10.1093/ilj/2.1.197 [following]
--2017-01-28 21:52:46--  https://academic.oup.com/ilj/article-lookup/doi/10.1093/ilj/2.1.197
Connecting to academic.oup.com (academic.oup.com)|173.254.190.144|:443... connected.
HTTP request sent, awaiting response... 200 OK
Length: 66551 (65K) [text/html]
Saving to: ‘2.1.197’

     0K .......... .......... .......... .......... .......... 76%  209K 0s
    50K .......... ....                                       100% 18.0M=0.2s

2017-01-28 21:52:50 (271 KB/s) - ‘2.1.197’ saved [66551/66551]

--2017-01-28 21:52:51--  http://doi.org/10.1093/ilj/2.1.255-a
Connecting to doi.org (doi.org)|63.123.152.248|:80... connected.
HTTP request sent, awaiting response... 303 See Other
Location: https://academic.oup.com/ilj/article-lookup/doi/10.1093/ilj/2.1.255-a [following]
--2017-01-28 21:52:52--  https://academic.oup.com/ilj/article-lookup/doi/10.1093/ilj/2.1.255-a
Connecting to academic.oup.com (academic.oup.com)|173.254.190.144|:443... connected.
HTTP request sent, awaiting response... 200 OK
Length: 63599 (62K) [text/html]
Saving to: ‘2.1.255-a’

     0K .......... .......... .......... .......... .......... 80%  310K 0s
    50K .......... ..                                         100%  155K=0.2s

2017-01-28 21:52:55 (259 KB/s) - ‘2.1.255-a’ saved [63599/63599]

--2017-01-28 21:52:56--  http://doi.org/10.1093/ilj/2.1.253
Connecting to doi.org (doi.org)|63.123.152.248|:80... connected.
HTTP request sent, awaiting response... 303 See Other
Location: https://academic.oup.com/ilj/article-lookup/doi/10.1093/ilj/2.1.253 [following]
--2017-01-28 21:52:58--  https://academic.oup.com/ilj/article-lookup/doi/10.1093/ilj/2.1.253
Connecting to academic.oup.com (academic.oup.com)|173.254.190.144|:443... connected.
HTTP request sent, awaiting response... 200 OK
Length: 65106 (64K) [text/html]
Saving to: ‘2.1.253’

     0K .......... .......... .......... .......... .......... 78%  209K 0s
    50K .......... ...                                        100% 18.7M=0.2s

2017-01-28 21:53:01 (265 KB/s) - ‘2.1.253’ saved [65106/65106]

FINISHED --2017-01-28 21:53:01--
Total wall clock time: 10m 22s
Downloaded: 100 files, 6.4M in 25s (260 KB/s)
