--2017-01-28 22:19:19--  http://doi.org/10.1093/imamat/1.1.29
Resolving doi.org (doi.org)... 95.138.171.129, 208.254.38.90, 38.100.138.162, ...
Connecting to doi.org (doi.org)|95.138.171.129|:80... connected.
HTTP request sent, awaiting response... 303 See Other
Location: https://academic.oup.com/imamat/article-lookup/doi/10.1093/imamat/1.1.29 [following]
--2017-01-28 22:19:20--  https://academic.oup.com/imamat/article-lookup/doi/10.1093/imamat/1.1.29
Resolving academic.oup.com (academic.oup.com)... 173.254.190.144
Connecting to academic.oup.com (academic.oup.com)|173.254.190.144|:443... connected.
HTTP request sent, awaiting response... 200 OK
Length: 84559 (83K) [text/html]
Saving to: ‘1.1.29.1’

     0K .......... .......... .......... .......... .......... 60%  310K 0s
    50K .......... .......... .......... ..                   100%  403K=0.2s

2017-01-28 22:19:24 (341 KB/s) - ‘1.1.29.1’ saved [84559/84559]

--2017-01-28 22:19:25--  http://doi.org/10.1093/imamat/1.3.269
Connecting to doi.org (doi.org)|95.138.171.129|:80... connected.
HTTP request sent, awaiting response... 303 See Other
Location: https://academic.oup.com/imamat/article-lookup/doi/10.1093/imamat/1.3.269 [following]
--2017-01-28 22:19:26--  https://academic.oup.com/imamat/article-lookup/doi/10.1093/imamat/1.3.269
Connecting to academic.oup.com (academic.oup.com)|173.254.190.144|:443... connected.
HTTP request sent, awaiting response... 200 OK
Length: 74576 (73K) [text/html]
Saving to: ‘1.3.269’

     0K .......... .......... .......... .......... .......... 68%  209K 0s
    50K .......... .......... ..                              100% 12.8M=0.2s

2017-01-28 22:19:30 (302 KB/s) - ‘1.3.269’ saved [74576/74576]

--2017-01-28 22:19:31--  http://doi.org/10.1093/imamat/1.3.241
Connecting to doi.org (doi.org)|95.138.171.129|:80... connected.
HTTP request sent, awaiting response... 303 See Other
Location: https://academic.oup.com/imamat/article-lookup/doi/10.1093/imamat/1.3.241 [following]
--2017-01-28 22:19:32--  https://academic.oup.com/imamat/article-lookup/doi/10.1093/imamat/1.3.241
Connecting to academic.oup.com (academic.oup.com)|173.254.190.144|:443... connected.
HTTP request sent, awaiting response... 200 OK
Length: 83731 (82K) [text/html]
Saving to: ‘1.3.241.1’

     0K .......... .......... .......... .......... .......... 61%  209K 0s
    50K .......... .......... .......... .                    100% 10.4M=0.2s

2017-01-28 22:19:36 (338 KB/s) - ‘1.3.241.1’ saved [83731/83731]

--2017-01-28 22:19:37--  http://doi.org/10.1093/imamat/1.3.208
Connecting to doi.org (doi.org)|95.138.171.129|:80... connected.
HTTP request sent, awaiting response... 303 See Other
Location: https://academic.oup.com/imamat/article-lookup/doi/10.1093/imamat/1.3.208 [following]
--2017-01-28 22:19:38--  https://academic.oup.com/imamat/article-lookup/doi/10.1093/imamat/1.3.208
Connecting to academic.oup.com (academic.oup.com)|173.254.190.144|:443... connected.
HTTP request sent, awaiting response... 200 OK
Length: 68937 (67K) [text/html]
Saving to: ‘1.3.208’

     0K .......... .......... .......... .......... .......... 74%  207K 0s
    50K .......... .......                                    100% 11.6M=0.2s

2017-01-28 22:19:42 (277 KB/s) - ‘1.3.208’ saved [68937/68937]

--2017-01-28 22:19:43--  http://doi.org/10.1093/imamat/1.2.164
Connecting to doi.org (doi.org)|95.138.171.129|:80... connected.
HTTP request sent, awaiting response... 303 See Other
Location: https://academic.oup.com/imamat/article-lookup/doi/10.1093/imamat/1.2.164 [following]
--2017-01-28 22:19:44--  https://academic.oup.com/imamat/article-lookup/doi/10.1093/imamat/1.2.164
Connecting to academic.oup.com (academic.oup.com)|173.254.190.144|:443... connected.
HTTP request sent, awaiting response... 200 OK
Length: 72692 (71K) [text/html]
Saving to: ‘1.2.164.1’

     0K .......... .......... .......... .......... .......... 70%  209K 0s
    50K .......... ..........                                 100% 8.61M=0.2s

2017-01-28 22:19:47 (293 KB/s) - ‘1.2.164.1’ saved [72692/72692]

--2017-01-28 22:19:48--  http://doi.org/10.1093/imamat/1.3.258
Connecting to doi.org (doi.org)|95.138.171.129|:80... connected.
HTTP request sent, awaiting response... 303 See Other
Location: https://academic.oup.com/imamat/article-lookup/doi/10.1093/imamat/1.3.258 [following]
--2017-01-28 22:19:49--  https://academic.oup.com/imamat/article-lookup/doi/10.1093/imamat/1.3.258
Connecting to academic.oup.com (academic.oup.com)|173.254.190.144|:443... connected.
HTTP request sent, awaiting response... 200 OK
Length: 68793 (67K) [text/html]
Saving to: ‘1.3.258.1’

     0K .......... .......... .......... .......... .......... 74%  209K 0s
    50K .......... .......                                    100% 17.7M=0.2s

2017-01-28 22:19:52 (279 KB/s) - ‘1.3.258.1’ saved [68793/68793]

--2017-01-28 22:19:53--  http://doi.org/10.1093/imamat/1.3.199
Connecting to doi.org (doi.org)|95.138.171.129|:80... connected.
HTTP request sent, awaiting response... 303 See Other
Location: https://academic.oup.com/imamat/article-lookup/doi/10.1093/imamat/1.3.199 [following]
--2017-01-28 22:19:54--  https://academic.oup.com/imamat/article-lookup/doi/10.1093/imamat/1.3.199
Connecting to academic.oup.com (academic.oup.com)|173.254.190.144|:443... connected.
HTTP request sent, awaiting response... 200 OK
Length: 71534 (70K) [text/html]
Saving to: ‘1.3.199’

     0K .......... .......... .......... .......... .......... 71%  208K 0s
    50K .......... .........                                  100% 8.62M=0.2s

2017-01-28 22:19:58 (288 KB/s) - ‘1.3.199’ saved [71534/71534]

--2017-01-28 22:19:59--  http://doi.org/10.1093/imamat/1.4.323
Connecting to doi.org (doi.org)|95.138.171.129|:80... connected.
HTTP request sent, awaiting response... 303 See Other
Location: https://academic.oup.com/imamat/article-lookup/doi/10.1093/imamat/1.4.323 [following]
--2017-01-28 22:20:00--  https://academic.oup.com/imamat/article-lookup/doi/10.1093/imamat/1.4.323
Connecting to academic.oup.com (academic.oup.com)|173.254.190.144|:443... connected.
HTTP request sent, awaiting response... 200 OK
Length: 71269 (70K) [text/html]
Saving to: ‘1.4.323’

     0K .......... .......... .......... .......... .......... 71%  209K 0s
    50K .......... .........                                  100% 16.5M=0.2s

2017-01-28 22:20:03 (289 KB/s) - ‘1.4.323’ saved [71269/71269]

--2017-01-28 22:20:04--  http://doi.org/10.1093/imamat/1.2.127
Connecting to doi.org (doi.org)|95.138.171.129|:80... connected.
HTTP request sent, awaiting response... 303 See Other
Location: https://academic.oup.com/imamat/article-lookup/doi/10.1093/imamat/1.2.127 [following]
--2017-01-28 22:20:05--  https://academic.oup.com/imamat/article-lookup/doi/10.1093/imamat/1.2.127
Connecting to academic.oup.com (academic.oup.com)|173.254.190.144|:443... connected.
HTTP request sent, awaiting response... 200 OK
Length: 69504 (68K) [text/html]
Saving to: ‘1.2.127’

     0K .......... .......... .......... .......... .......... 73%  208K 0s
    50K .......... .......                                    100% 15.0M=0.2s

2017-01-28 22:20:09 (281 KB/s) - ‘1.2.127’ saved [69504/69504]

--2017-01-28 22:20:10--  http://doi.org/10.1093/imamat/1.1.56
Connecting to doi.org (doi.org)|95.138.171.129|:80... connected.
HTTP request sent, awaiting response... 303 See Other
Location: https://academic.oup.com/imamat/article-lookup/doi/10.1093/imamat/1.1.56 [following]
--2017-01-28 22:20:11--  https://academic.oup.com/imamat/article-lookup/doi/10.1093/imamat/1.1.56
Connecting to academic.oup.com (academic.oup.com)|173.254.190.144|:443... connected.
HTTP request sent, awaiting response... 200 OK
Length: 83820 (82K) [text/html]
Saving to: ‘1.1.56’

     0K .......... .......... .......... .......... .......... 61%  209K 0s
    50K .......... .......... .......... .                    100% 11.9M=0.2s

2017-01-28 22:20:15 (338 KB/s) - ‘1.1.56’ saved [83820/83820]

--2017-01-28 22:20:16--  http://doi.org/10.1093/imamat/1.1.1
Connecting to doi.org (doi.org)|95.138.171.129|:80... connected.
HTTP request sent, awaiting response... 303 See Other
Location: https://academic.oup.com/imamat/article-lookup/doi/10.1093/imamat/1.1.1 [following]
--2017-01-28 22:20:17--  https://academic.oup.com/imamat/article-lookup/doi/10.1093/imamat/1.1.1
Connecting to academic.oup.com (academic.oup.com)|173.254.190.144|:443... connected.
HTTP request sent, awaiting response... 200 OK
Length: 68073 (66K) [text/html]
Saving to: ‘1.1.1.4’

     0K .......... .......... .......... .......... .......... 75%  209K 0s
    50K .......... ......                                     100% 13.7M=0.2s

2017-01-28 22:20:20 (276 KB/s) - ‘1.1.1.4’ saved [68073/68073]

--2017-01-28 22:20:21--  http://doi.org/10.1093/imamat/1.2.101
Connecting to doi.org (doi.org)|95.138.171.129|:80... connected.
HTTP request sent, awaiting response... 303 See Other
Location: https://academic.oup.com/imamat/article-lookup/doi/10.1093/imamat/1.2.101 [following]
--2017-01-28 22:20:22--  https://academic.oup.com/imamat/article-lookup/doi/10.1093/imamat/1.2.101
Connecting to academic.oup.com (academic.oup.com)|173.254.190.144|:443... connected.
HTTP request sent, awaiting response... 200 OK
Length: 71055 (69K) [text/html]
Saving to: ‘1.2.101’

     0K .......... .......... .......... .......... .......... 72%  206K 0s
    50K .......... .........                                  100% 6.53M=0.2s

2017-01-28 22:20:26 (283 KB/s) - ‘1.2.101’ saved [71055/71055]

--2017-01-28 22:20:27--  http://doi.org/10.1093/imamat/1.4.348
Connecting to doi.org (doi.org)|95.138.171.129|:80... connected.
HTTP request sent, awaiting response... 303 See Other
Location: https://academic.oup.com/imamat/article-lookup/doi/10.1093/imamat/1.4.348 [following]
--2017-01-28 22:20:28--  https://academic.oup.com/imamat/article-lookup/doi/10.1093/imamat/1.4.348
Connecting to academic.oup.com (academic.oup.com)|173.254.190.144|:443... connected.
HTTP request sent, awaiting response... 200 OK
Length: 84271 (82K) [text/html]
Saving to: ‘1.4.348’

     0K .......... .......... .......... .......... .......... 60%  209K 0s
    50K .......... .......... .......... ..                   100% 11.1M=0.2s

2017-01-28 22:20:32 (339 KB/s) - ‘1.4.348’ saved [84271/84271]

--2017-01-28 22:20:33--  http://doi.org/10.1093/imamat/1.4.339
Connecting to doi.org (doi.org)|95.138.171.129|:80... connected.
HTTP request sent, awaiting response... 303 See Other
Location: https://academic.oup.com/imamat/article-lookup/doi/10.1093/imamat/1.4.339 [following]
--2017-01-28 22:20:34--  https://academic.oup.com/imamat/article-lookup/doi/10.1093/imamat/1.4.339
Connecting to academic.oup.com (academic.oup.com)|173.254.190.144|:443... connected.
HTTP request sent, awaiting response... 200 OK
Length: 83934 (82K) [text/html]
Saving to: ‘1.4.339’

     0K .......... .......... .......... .......... .......... 61%  209K 0s
    50K .......... .......... .......... .                    100% 7.69M=0.2s

2017-01-28 22:20:38 (337 KB/s) - ‘1.4.339’ saved [83934/83934]

--2017-01-28 22:20:39--  http://doi.org/10.1093/imamat/1.1.42
Connecting to doi.org (doi.org)|95.138.171.129|:80... connected.
HTTP request sent, awaiting response... 303 See Other
Location: https://academic.oup.com/imamat/article-lookup/doi/10.1093/imamat/1.1.42 [following]
--2017-01-28 22:20:40--  https://academic.oup.com/imamat/article-lookup/doi/10.1093/imamat/1.1.42
Connecting to academic.oup.com (academic.oup.com)|173.254.190.144|:443... connected.
HTTP request sent, awaiting response... 200 OK
Length: 70648 (69K) [text/html]
Saving to: ‘1.1.42.1’

     0K .......... .......... .......... .......... .......... 72%  209K 0s
    50K .......... ........                                   100% 16.3M=0.2s

2017-01-28 22:20:43 (287 KB/s) - ‘1.1.42.1’ saved [70648/70648]

--2017-01-28 22:20:44--  http://doi.org/10.1093/imamat/1.3.226
Connecting to doi.org (doi.org)|95.138.171.129|:80... connected.
HTTP request sent, awaiting response... 303 See Other
Location: https://academic.oup.com/imamat/article-lookup/doi/10.1093/imamat/1.3.226 [following]
--2017-01-28 22:20:45--  https://academic.oup.com/imamat/article-lookup/doi/10.1093/imamat/1.3.226
Connecting to academic.oup.com (academic.oup.com)|173.254.190.144|:443... connected.
HTTP request sent, awaiting response... 200 OK
Length: 68231 (67K) [text/html]
Saving to: ‘1.3.226’

     0K .......... .......... .......... .......... .......... 75%  208K 0s
    50K .......... ......                                     100% 15.2M=0.2s

2017-01-28 22:20:48 (277 KB/s) - ‘1.3.226’ saved [68231/68231]

--2017-01-28 22:20:49--  http://doi.org/10.1093/imamat/1.4.372
Connecting to doi.org (doi.org)|95.138.171.129|:80... connected.
HTTP request sent, awaiting response... 303 See Other
Location: https://academic.oup.com/imamat/article-lookup/doi/10.1093/imamat/1.4.372 [following]
--2017-01-28 22:20:51--  https://academic.oup.com/imamat/article-lookup/doi/10.1093/imamat/1.4.372
Connecting to academic.oup.com (academic.oup.com)|173.254.190.144|:443... connected.
HTTP request sent, awaiting response... 200 OK
Length: 76026 (74K) [text/html]
Saving to: ‘1.4.372’

     0K .......... .......... .......... .......... .......... 67%  209K 0s
    50K .......... .......... ....                            100% 9.09M=0.2s

2017-01-28 22:20:54 (307 KB/s) - ‘1.4.372’ saved [76026/76026]

--2017-01-28 22:20:55--  http://doi.org/10.1093/imamat/1.2.118
Connecting to doi.org (doi.org)|95.138.171.129|:80... connected.
HTTP request sent, awaiting response... 303 See Other
Location: https://academic.oup.com/imamat/article-lookup/doi/10.1093/imamat/1.2.118 [following]
--2017-01-28 22:20:56--  https://academic.oup.com/imamat/article-lookup/doi/10.1093/imamat/1.2.118
Connecting to academic.oup.com (academic.oup.com)|173.254.190.144|:443... connected.
HTTP request sent, awaiting response... 200 OK
Length: 69163 (68K) [text/html]
Saving to: ‘1.2.118’

     0K .......... .......... .......... .......... .......... 74%  208K 0s
    50K .......... .......                                    100% 13.9M=0.2s

2017-01-28 22:21:00 (279 KB/s) - ‘1.2.118’ saved [69163/69163]

--2017-01-28 22:21:01--  http://doi.org/10.1093/imamat/1.2.113
Connecting to doi.org (doi.org)|95.138.171.129|:80... connected.
HTTP request sent, awaiting response... 303 See Other
Location: https://academic.oup.com/imamat/article-lookup/doi/10.1093/imamat/1.2.113 [following]
--2017-01-28 22:21:02--  https://academic.oup.com/imamat/article-lookup/doi/10.1093/imamat/1.2.113
Connecting to academic.oup.com (academic.oup.com)|173.254.190.144|:443... connected.
HTTP request sent, awaiting response... 200 OK
Length: 69705 (68K) [text/html]
Saving to: ‘1.2.113’

     0K .......... .......... .......... .......... .......... 73%  207K 0s
    50K .......... ........                                   100% 16.1M=0.2s

2017-01-28 22:21:06 (280 KB/s) - ‘1.2.113’ saved [69705/69705]

--2017-01-28 22:21:07--  http://doi.org/10.1093/imamat/1.2.184
Connecting to doi.org (doi.org)|95.138.171.129|:80... connected.
HTTP request sent, awaiting response... 303 See Other
Location: https://academic.oup.com/imamat/article-lookup/doi/10.1093/imamat/1.2.184 [following]
--2017-01-28 22:21:08--  https://academic.oup.com/imamat/article-lookup/doi/10.1093/imamat/1.2.184
Connecting to academic.oup.com (academic.oup.com)|173.254.190.144|:443... connected.
HTTP request sent, awaiting response... 200 OK
Length: 67958 (66K) [text/html]
Saving to: ‘1.2.184’

     0K .......... .......... .......... .......... .......... 75%  308K 0s
    50K .......... ......                                     100%  207K=0.2s

2017-01-28 22:21:11 (275 KB/s) - ‘1.2.184’ saved [67958/67958]

--2017-01-28 22:21:12--  http://doi.org/10.1093/imamat/1.2.149
Connecting to doi.org (doi.org)|95.138.171.129|:80... connected.
HTTP request sent, awaiting response... 303 See Other
Location: https://academic.oup.com/imamat/article-lookup/doi/10.1093/imamat/1.2.149 [following]
--2017-01-28 22:21:13--  https://academic.oup.com/imamat/article-lookup/doi/10.1093/imamat/1.2.149
Connecting to academic.oup.com (academic.oup.com)|173.254.190.144|:443... connected.
HTTP request sent, awaiting response... 200 OK
Length: 68696 (67K) [text/html]
Saving to: ‘1.2.149’

     0K .......... .......... .......... .......... .......... 74%  209K 0s
    50K .......... .......                                    100% 13.8M=0.2s

2017-01-28 22:21:17 (279 KB/s) - ‘1.2.149’ saved [68696/68696]

--2017-01-28 22:21:18--  http://doi.org/10.1093/imamat/1.4.423
Connecting to doi.org (doi.org)|95.138.171.129|:80... connected.
HTTP request sent, awaiting response... 303 See Other
Location: https://academic.oup.com/imamat/article-lookup/doi/10.1093/imamat/1.4.423 [following]
--2017-01-28 22:21:19--  https://academic.oup.com/imamat/article-lookup/doi/10.1093/imamat/1.4.423
Connecting to academic.oup.com (academic.oup.com)|173.254.190.144|:443... connected.
HTTP request sent, awaiting response... 200 OK
Length: 63712 (62K) [text/html]
Saving to: ‘1.4.423’

     0K .......... .......... .......... .......... .......... 80%  209K 0s
    50K .......... ..                                         100% 24.3M=0.2s

2017-01-28 22:21:23 (259 KB/s) - ‘1.4.423’ saved [63712/63712]

--2017-01-28 22:21:24--  http://doi.org/10.1093/imamat/1.4.317
Connecting to doi.org (doi.org)|95.138.171.129|:80... connected.
HTTP request sent, awaiting response... 303 See Other
Location: https://academic.oup.com/imamat/article-lookup/doi/10.1093/imamat/1.4.317 [following]
--2017-01-28 22:21:25--  https://academic.oup.com/imamat/article-lookup/doi/10.1093/imamat/1.4.317
Connecting to academic.oup.com (academic.oup.com)|173.254.190.144|:443... connected.
HTTP request sent, awaiting response... 200 OK
Length: 70801 (69K) [text/html]
Saving to: ‘1.4.317’

     0K .......... .......... .......... .......... .......... 72%  208K 0s
    50K .......... .........                                  100% 15.9M=0.2s

2017-01-28 22:21:29 (287 KB/s) - ‘1.4.317’ saved [70801/70801]

--2017-01-28 22:21:30--  http://doi.org/10.1093/imamat/1.4.309
Connecting to doi.org (doi.org)|95.138.171.129|:80... connected.
HTTP request sent, awaiting response... 303 See Other
Location: https://academic.oup.com/imamat/article-lookup/doi/10.1093/imamat/1.4.309 [following]
--2017-01-28 22:21:31--  https://academic.oup.com/imamat/article-lookup/doi/10.1093/imamat/1.4.309
Connecting to academic.oup.com (academic.oup.com)|173.254.190.144|:443... connected.
HTTP request sent, awaiting response... 200 OK
Length: 70485 (69K) [text/html]
Saving to: ‘1.4.309’

     0K .......... .......... .......... .......... .......... 72%  309K 0s
    50K .......... ........                                   100%  239K=0.2s

2017-01-28 22:21:34 (286 KB/s) - ‘1.4.309’ saved [70485/70485]

--2017-01-28 22:21:35--  http://doi.org/10.1093/imamat/1.1.76
Connecting to doi.org (doi.org)|95.138.171.129|:80... connected.
HTTP request sent, awaiting response... 303 See Other
Location: https://academic.oup.com/imamat/article-lookup/doi/10.1093/imamat/1.1.76 [following]
--2017-01-28 22:21:36--  https://academic.oup.com/imamat/article-lookup/doi/10.1093/imamat/1.1.76
Connecting to academic.oup.com (academic.oup.com)|173.254.190.144|:443... connected.
HTTP request sent, awaiting response... 200 OK
Length: 69869 (68K) [text/html]
Saving to: ‘1.1.76’

     0K .......... .......... .......... .......... .......... 73%  209K 0s
    50K .......... ........                                   100% 10.9M=0.2s

2017-01-28 22:21:42 (283 KB/s) - ‘1.1.76’ saved [69869/69869]

--2017-01-28 22:21:43--  http://doi.org/10.1093/imamat/2.3.228
Connecting to doi.org (doi.org)|95.138.171.129|:80... connected.
HTTP request sent, awaiting response... 303 See Other
Location: https://academic.oup.com/imamat/article-lookup/doi/10.1093/imamat/2.3.228 [following]
--2017-01-28 22:21:44--  https://academic.oup.com/imamat/article-lookup/doi/10.1093/imamat/2.3.228
Connecting to academic.oup.com (academic.oup.com)|173.254.190.144|:443... connected.
HTTP request sent, awaiting response... 200 OK
Length: 70543 (69K) [text/html]
Saving to: ‘2.3.228’

     0K .......... .......... .......... .......... .......... 72%  208K 0s
    50K .......... ........                                   100% 16.3M=0.2s

2017-01-28 22:21:48 (286 KB/s) - ‘2.3.228’ saved [70543/70543]

--2017-01-28 22:21:49--  http://doi.org/10.1093/imamat/2.3.283
Connecting to doi.org (doi.org)|95.138.171.129|:80... connected.
HTTP request sent, awaiting response... 303 See Other
Location: https://academic.oup.com/imamat/article-lookup/doi/10.1093/imamat/2.3.283 [following]
--2017-01-28 22:21:50--  https://academic.oup.com/imamat/article-lookup/doi/10.1093/imamat/2.3.283
Connecting to academic.oup.com (academic.oup.com)|173.254.190.144|:443... connected.
HTTP request sent, awaiting response... 200 OK
Length: 66531 (65K) [text/html]
Saving to: ‘2.3.283’

     0K .......... .......... .......... .......... .......... 76%  209K 0s
    50K .......... ....                                       100% 16.6M=0.2s

2017-01-28 22:21:54 (271 KB/s) - ‘2.3.283’ saved [66531/66531]

--2017-01-28 22:21:55--  http://doi.org/10.1093/imamat/2.1.55
Connecting to doi.org (doi.org)|95.138.171.129|:80... connected.
HTTP request sent, awaiting response... 303 See Other
Location: https://academic.oup.com/imamat/article-lookup/doi/10.1093/imamat/2.1.55 [following]
--2017-01-28 22:21:57--  https://academic.oup.com/imamat/article-lookup/doi/10.1093/imamat/2.1.55
Connecting to academic.oup.com (academic.oup.com)|173.254.190.144|:443... connected.
HTTP request sent, awaiting response... 200 OK
Length: 69474 (68K) [text/html]
Saving to: ‘2.1.55’

     0K .......... .......... .......... .......... .......... 73%  310K 0s
    50K .......... .......                                    100%  227K=0.2s

2017-01-28 22:22:00 (283 KB/s) - ‘2.1.55’ saved [69474/69474]

--2017-01-28 22:22:01--  http://doi.org/10.1093/imamat/2.4.358
Connecting to doi.org (doi.org)|95.138.171.129|:80... connected.
HTTP request sent, awaiting response... 303 See Other
Location: https://academic.oup.com/imamat/article-lookup/doi/10.1093/imamat/2.4.358 [following]
--2017-01-28 22:22:02--  https://academic.oup.com/imamat/article-lookup/doi/10.1093/imamat/2.4.358
Connecting to academic.oup.com (academic.oup.com)|173.254.190.144|:443... connected.
HTTP request sent, awaiting response... 200 OK
Length: 69567 (68K) [text/html]
Saving to: ‘2.4.358’

     0K .......... .......... .......... .......... .......... 73%  209K 0s
    50K .......... .......                                    100% 16.4M=0.2s

2017-01-28 22:22:06 (283 KB/s) - ‘2.4.358’ saved [69567/69567]

--2017-01-28 22:22:07--  http://doi.org/10.1093/imamat/2.1.109
Connecting to doi.org (doi.org)|95.138.171.129|:80... connected.
HTTP request sent, awaiting response... 303 See Other
Location: https://academic.oup.com/imamat/article-lookup/doi/10.1093/imamat/2.1.109 [following]
--2017-01-28 22:22:08--  https://academic.oup.com/imamat/article-lookup/doi/10.1093/imamat/2.1.109
Connecting to academic.oup.com (academic.oup.com)|173.254.190.144|:443... connected.
HTTP request sent, awaiting response... 200 OK
Length: 65771 (64K) [text/html]
Saving to: ‘2.1.109’

     0K .......... .......... .......... .......... .......... 77%  208K 0s
    50K .......... ....                                       100% 18.2M=0.2s

2017-01-28 22:22:11 (267 KB/s) - ‘2.1.109’ saved [65771/65771]

--2017-01-28 22:22:12--  http://doi.org/10.1093/imamat/2.3.266
Connecting to doi.org (doi.org)|95.138.171.129|:80... connected.
HTTP request sent, awaiting response... 303 See Other
Location: https://academic.oup.com/imamat/article-lookup/doi/10.1093/imamat/2.3.266 [following]
--2017-01-28 22:22:14--  https://academic.oup.com/imamat/article-lookup/doi/10.1093/imamat/2.3.266
Connecting to academic.oup.com (academic.oup.com)|173.254.190.144|:443... connected.
HTTP request sent, awaiting response... 200 OK
Length: 85665 (84K) [text/html]
Saving to: ‘2.3.266’

     0K .......... .......... .......... .......... .......... 59%  209K 0s
    50K .......... .......... .......... ...                  100% 11.2M=0.2s

2017-01-28 22:22:19 (345 KB/s) - ‘2.3.266’ saved [85665/85665]

--2017-01-28 22:22:20--  http://doi.org/10.1093/imamat/2.4.364
Connecting to doi.org (doi.org)|95.138.171.129|:80... connected.
HTTP request sent, awaiting response... 303 See Other
Location: https://academic.oup.com/imamat/article-lookup/doi/10.1093/imamat/2.4.364 [following]
--2017-01-28 22:22:21--  https://academic.oup.com/imamat/article-lookup/doi/10.1093/imamat/2.4.364
Connecting to academic.oup.com (academic.oup.com)|173.254.190.144|:443... connected.
HTTP request sent, awaiting response... 200 OK
Length: 86700 (85K) [text/html]
Saving to: ‘2.4.364’

     0K .......... .......... .......... .......... .......... 59%  209K 0s
    50K .......... .......... .......... ....                 100% 13.0M=0.2s

2017-01-28 22:22:24 (350 KB/s) - ‘2.4.364’ saved [86700/86700]

--2017-01-28 22:22:25--  http://doi.org/10.1093/imamat/2.1.76
Connecting to doi.org (doi.org)|95.138.171.129|:80... connected.
HTTP request sent, awaiting response... 303 See Other
Location: https://academic.oup.com/imamat/article-lookup/doi/10.1093/imamat/2.1.76 [following]
--2017-01-28 22:22:26--  https://academic.oup.com/imamat/article-lookup/doi/10.1093/imamat/2.1.76
Connecting to academic.oup.com (academic.oup.com)|173.254.190.144|:443... connected.
HTTP request sent, awaiting response... 200 OK
Length: 69964 (68K) [text/html]
Saving to: ‘2.1.76’

     0K .......... .......... .......... .......... .......... 73%  209K 0s
    50K .......... ........                                   100% 14.5M=0.2s

2017-01-28 22:22:29 (284 KB/s) - ‘2.1.76’ saved [69964/69964]

--2017-01-28 22:22:30--  http://doi.org/10.1093/imamat/2.4.299
Connecting to doi.org (doi.org)|95.138.171.129|:80... connected.
HTTP request sent, awaiting response... 303 See Other
Location: https://academic.oup.com/imamat/article-lookup/doi/10.1093/imamat/2.4.299 [following]
--2017-01-28 22:22:32--  https://academic.oup.com/imamat/article-lookup/doi/10.1093/imamat/2.4.299
Connecting to academic.oup.com (academic.oup.com)|173.254.190.144|:443... connected.
HTTP request sent, awaiting response... 200 OK
Length: 70014 (68K) [text/html]
Saving to: ‘2.4.299’

     0K .......... .......... .......... .......... .......... 73%  208K 0s
    50K .......... ........                                   100% 16.6M=0.2s

2017-01-28 22:22:35 (284 KB/s) - ‘2.4.299’ saved [70014/70014]

--2017-01-28 22:22:36--  http://doi.org/10.1093/imamat/2.3.248
Connecting to doi.org (doi.org)|95.138.171.129|:80... connected.
HTTP request sent, awaiting response... 303 See Other
Location: https://academic.oup.com/imamat/article-lookup/doi/10.1093/imamat/2.3.248 [following]
--2017-01-28 22:22:37--  https://academic.oup.com/imamat/article-lookup/doi/10.1093/imamat/2.3.248
Connecting to academic.oup.com (academic.oup.com)|173.254.190.144|:443... connected.
HTTP request sent, awaiting response... 200 OK
Length: 70218 (69K) [text/html]
Saving to: ‘2.3.248’

     0K .......... .......... .......... .......... .......... 72%  209K 0s
    50K .......... ........                                   100% 15.6M=0.2s

2017-01-28 22:22:41 (285 KB/s) - ‘2.3.248’ saved [70218/70218]

--2017-01-28 22:22:42--  http://doi.org/10.1093/imamat/2.1.29
Connecting to doi.org (doi.org)|95.138.171.129|:80... connected.
HTTP request sent, awaiting response... 303 See Other
Location: https://academic.oup.com/imamat/article-lookup/doi/10.1093/imamat/2.1.29 [following]
--2017-01-28 22:22:43--  https://academic.oup.com/imamat/article-lookup/doi/10.1093/imamat/2.1.29
Connecting to academic.oup.com (academic.oup.com)|173.254.190.144|:443... connected.
HTTP request sent, awaiting response... 200 OK
Length: 68916 (67K) [text/html]
Saving to: ‘2.1.29’

     0K .......... .......... .......... .......... .......... 74%  208K 0s
    50K .......... .......                                    100% 15.7M=0.2s

2017-01-28 22:22:47 (279 KB/s) - ‘2.1.29’ saved [68916/68916]

--2017-01-28 22:22:48--  http://doi.org/10.1093/imamat/2.1.97
Connecting to doi.org (doi.org)|95.138.171.129|:80... connected.
HTTP request sent, awaiting response... 303 See Other
Location: https://academic.oup.com/imamat/article-lookup/doi/10.1093/imamat/2.1.97 [following]
--2017-01-28 22:22:49--  https://academic.oup.com/imamat/article-lookup/doi/10.1093/imamat/2.1.97
Connecting to academic.oup.com (academic.oup.com)|173.254.190.144|:443... connected.
HTTP request sent, awaiting response... 200 OK
Length: 84860 (83K) [text/html]
Saving to: ‘2.1.97’

     0K .......... .......... .......... .......... .......... 60%  209K 0s
    50K .......... .......... .......... ..                   100% 8.23M=0.2s

2017-01-28 22:22:55 (340 KB/s) - ‘2.1.97’ saved [84860/84860]

--2017-01-28 22:22:56--  http://doi.org/10.1093/imamat/2.3.223
Connecting to doi.org (doi.org)|95.138.171.129|:80... connected.
HTTP request sent, awaiting response... 303 See Other
Location: https://academic.oup.com/imamat/article-lookup/doi/10.1093/imamat/2.3.223 [following]
--2017-01-28 22:22:57--  https://academic.oup.com/imamat/article-lookup/doi/10.1093/imamat/2.3.223
Connecting to academic.oup.com (academic.oup.com)|173.254.190.144|:443... connected.
HTTP request sent, awaiting response... 200 OK
Length: 68896 (67K) [text/html]
Saving to: ‘2.3.223’

     0K .......... .......... .......... .......... .......... 74%  209K 0s
    50K .......... .......                                    100% 14.0M=0.2s

2017-01-28 22:23:00 (280 KB/s) - ‘2.3.223’ saved [68896/68896]

--2017-01-28 22:23:01--  http://doi.org/10.1093/imamat/2.1.1
Connecting to doi.org (doi.org)|95.138.171.129|:80... connected.
HTTP request sent, awaiting response... 303 See Other
Location: https://academic.oup.com/imamat/article-lookup/doi/10.1093/imamat/2.1.1 [following]
--2017-01-28 22:23:02--  https://academic.oup.com/imamat/article-lookup/doi/10.1093/imamat/2.1.1
Connecting to academic.oup.com (academic.oup.com)|173.254.190.144|:443... connected.
HTTP request sent, awaiting response... 200 OK
Length: 70784 (69K) [text/html]
Saving to: ‘2.1.1.3’

     0K .......... .......... .......... .......... .......... 72%  209K 0s
    50K .......... .........                                  100% 15.6M=0.2s

2017-01-28 22:23:07 (287 KB/s) - ‘2.1.1.3’ saved [70784/70784]

--2017-01-28 22:23:08--  http://doi.org/10.1093/imamat/2.2.157
Connecting to doi.org (doi.org)|95.138.171.129|:80... connected.
HTTP request sent, awaiting response... 303 See Other
Location: https://academic.oup.com/imamat/article-lookup/doi/10.1093/imamat/2.2.157 [following]
--2017-01-28 22:23:09--  https://academic.oup.com/imamat/article-lookup/doi/10.1093/imamat/2.2.157
Connecting to academic.oup.com (academic.oup.com)|173.254.190.144|:443... connected.
HTTP request sent, awaiting response... 200 OK
Length: 70669 (69K) [text/html]
Saving to: ‘2.2.157.1’

     0K .......... .......... .......... .......... .......... 72%  209K 0s
    50K .......... .........                                  100% 15.2M=0.2s

2017-01-28 22:23:12 (287 KB/s) - ‘2.2.157.1’ saved [70669/70669]

--2017-01-28 22:23:13--  http://doi.org/10.1093/imamat/2.4.385
Connecting to doi.org (doi.org)|95.138.171.129|:80... connected.
HTTP request sent, awaiting response... 303 See Other
Location: https://academic.oup.com/imamat/article-lookup/doi/10.1093/imamat/2.4.385 [following]
--2017-01-28 22:23:15--  https://academic.oup.com/imamat/article-lookup/doi/10.1093/imamat/2.4.385
Connecting to academic.oup.com (academic.oup.com)|173.254.190.144|:443... connected.
HTTP request sent, awaiting response... 200 OK
Length: 78646 (77K) [text/html]
Saving to: ‘2.4.385’

     0K .......... .......... .......... .......... .......... 65%  208K 0s
    50K .......... .......... ......                          100% 14.2M=0.2s

2017-01-28 22:23:18 (318 KB/s) - ‘2.4.385’ saved [78646/78646]

--2017-01-28 22:23:19--  http://doi.org/10.1093/imamat/2.2.197
Connecting to doi.org (doi.org)|95.138.171.129|:80... connected.
HTTP request sent, awaiting response... 303 See Other
Location: https://academic.oup.com/imamat/article-lookup/doi/10.1093/imamat/2.2.197 [following]
--2017-01-28 22:23:20--  https://academic.oup.com/imamat/article-lookup/doi/10.1093/imamat/2.2.197
Connecting to academic.oup.com (academic.oup.com)|173.254.190.144|:443... connected.
HTTP request sent, awaiting response... 200 OK
Length: 84243 (82K) [text/html]
Saving to: ‘2.2.197’

     0K .......... .......... .......... .......... .......... 60%  209K 0s
    50K .......... .......... .......... ..                   100% 9.41M=0.2s

2017-01-28 22:23:24 (338 KB/s) - ‘2.2.197’ saved [84243/84243]

--2017-01-28 22:23:25--  http://doi.org/10.1093/imamat/2.2.144
Connecting to doi.org (doi.org)|95.138.171.129|:80... connected.
HTTP request sent, awaiting response... 303 See Other
Location: https://academic.oup.com/imamat/article-lookup/doi/10.1093/imamat/2.2.144 [following]
--2017-01-28 22:23:26--  https://academic.oup.com/imamat/article-lookup/doi/10.1093/imamat/2.2.144
Connecting to academic.oup.com (academic.oup.com)|173.254.190.144|:443... connected.
HTTP request sent, awaiting response... 200 OK
Length: 72612 (71K) [text/html]
Saving to: ‘2.2.144’

     0K .......... .......... .......... .......... .......... 70%  208K 0s
    50K .......... ..........                                 100% 15.5M=0.2s

2017-01-28 22:23:30 (293 KB/s) - ‘2.2.144’ saved [72612/72612]

--2017-01-28 22:23:31--  http://doi.org/10.1093/imamat/2.1.40
Connecting to doi.org (doi.org)|95.138.171.129|:80... connected.
HTTP request sent, awaiting response... 303 See Other
Location: https://academic.oup.com/imamat/article-lookup/doi/10.1093/imamat/2.1.40 [following]
--2017-01-28 22:23:32--  https://academic.oup.com/imamat/article-lookup/doi/10.1093/imamat/2.1.40
Connecting to academic.oup.com (academic.oup.com)|173.254.190.144|:443... connected.
HTTP request sent, awaiting response... 200 OK
Length: 68830 (67K) [text/html]
Saving to: ‘2.1.40’

     0K .......... .......... .......... .......... .......... 74%  308K 0s
    50K .......... .......                                    100%  217K=0.2s

2017-01-28 22:23:35 (278 KB/s) - ‘2.1.40’ saved [68830/68830]

--2017-01-28 22:23:36--  http://doi.org/10.1093/imamat/2.2.126
Connecting to doi.org (doi.org)|95.138.171.129|:80... connected.
HTTP request sent, awaiting response... 303 See Other
Location: https://academic.oup.com/imamat/article-lookup/doi/10.1093/imamat/2.2.126 [following]
--2017-01-28 22:23:37--  https://academic.oup.com/imamat/article-lookup/doi/10.1093/imamat/2.2.126
Connecting to academic.oup.com (academic.oup.com)|173.254.190.144|:443... connected.
HTTP request sent, awaiting response... 200 OK
Length: 71793 (70K) [text/html]
Saving to: ‘2.2.126’

     0K .......... .......... .......... .......... .......... 71%  208K 0s
    50K .......... ..........                                 100% 10.5M=0.2s

2017-01-28 22:23:42 (290 KB/s) - ‘2.2.126’ saved [71793/71793]

--2017-01-28 22:23:43--  http://doi.org/10.1093/imamat/2.4.343
Connecting to doi.org (doi.org)|95.138.171.129|:80... connected.
HTTP request sent, awaiting response... 303 See Other
Location: https://academic.oup.com/imamat/article-lookup/doi/10.1093/imamat/2.4.343 [following]
--2017-01-28 22:23:44--  https://academic.oup.com/imamat/article-lookup/doi/10.1093/imamat/2.4.343
Connecting to academic.oup.com (academic.oup.com)|173.254.190.144|:443... connected.
HTTP request sent, awaiting response... 200 OK
Length: 70261 (69K) [text/html]
Saving to: ‘2.4.343’

     0K .......... .......... .......... .......... .......... 72%  174K 0s
    50K .......... ........                                   100% 12.6M=0.3s

2017-01-28 22:23:48 (238 KB/s) - ‘2.4.343’ saved [70261/70261]

--2017-01-28 22:23:49--  http://doi.org/10.1093/imamat/2.2.186
Connecting to doi.org (doi.org)|95.138.171.129|:80... connected.
HTTP request sent, awaiting response... 303 See Other
Location: https://academic.oup.com/imamat/article-lookup/doi/10.1093/imamat/2.2.186 [following]
--2017-01-28 22:23:50--  https://academic.oup.com/imamat/article-lookup/doi/10.1093/imamat/2.2.186
Connecting to academic.oup.com (academic.oup.com)|173.254.190.144|:443... connected.
HTTP request sent, awaiting response... 200 OK
Length: 68669 (67K) [text/html]
Saving to: ‘2.2.186’

     0K .......... .......... .......... .......... .......... 74%  209K 0s
    50K .......... .......                                    100% 11.8M=0.2s

2017-01-28 22:23:53 (278 KB/s) - ‘2.2.186’ saved [68669/68669]

--2017-01-28 22:23:54--  http://doi.org/10.1093/imamat/2.4.285
Connecting to doi.org (doi.org)|95.138.171.129|:80... connected.
HTTP request sent, awaiting response... 303 See Other
Location: https://academic.oup.com/imamat/article-lookup/doi/10.1093/imamat/2.4.285 [following]
--2017-01-28 22:23:55--  https://academic.oup.com/imamat/article-lookup/doi/10.1093/imamat/2.4.285
Connecting to academic.oup.com (academic.oup.com)|173.254.190.144|:443... connected.
HTTP request sent, awaiting response... 200 OK
Length: 68588 (67K) [text/html]
Saving to: ‘2.4.285’

     0K .......... .......... .......... .......... .......... 74%  300K 0s
    50K .......... ......                                     100%  230K=0.2s

2017-01-28 22:23:58 (279 KB/s) - ‘2.4.285’ saved [68588/68588]

--2017-01-28 22:23:59--  http://doi.org/10.1093/imamat/2.3.237
Connecting to doi.org (doi.org)|95.138.171.129|:80... connected.
HTTP request sent, awaiting response... 303 See Other
Location: https://academic.oup.com/imamat/article-lookup/doi/10.1093/imamat/2.3.237 [following]
--2017-01-28 22:24:00--  https://academic.oup.com/imamat/article-lookup/doi/10.1093/imamat/2.3.237
Connecting to academic.oup.com (academic.oup.com)|173.254.190.144|:443... connected.
HTTP request sent, awaiting response... 200 OK
Length: 69484 (68K) [text/html]
Saving to: ‘2.3.237’

     0K .......... .......... .......... .......... .......... 73%  207K 0s
    50K .......... .......                                    100% 16.9M=0.2s

2017-01-28 22:24:03 (279 KB/s) - ‘2.3.237’ saved [69484/69484]

--2017-01-28 22:24:04--  http://doi.org/10.1093/imamat/2.2.133
Connecting to doi.org (doi.org)|95.138.171.129|:80... connected.
HTTP request sent, awaiting response... 303 See Other
Location: https://academic.oup.com/imamat/article-lookup/doi/10.1093/imamat/2.2.133 [following]
--2017-01-28 22:24:05--  https://academic.oup.com/imamat/article-lookup/doi/10.1093/imamat/2.2.133
Connecting to academic.oup.com (academic.oup.com)|173.254.190.144|:443... connected.
HTTP request sent, awaiting response... 200 OK
Length: 85728 (84K) [text/html]
Saving to: ‘2.2.133’

     0K .......... .......... .......... .......... .......... 59%  209K 0s
    50K .......... .......... .......... ...                  100% 12.3M=0.2s

2017-01-28 22:24:09 (346 KB/s) - ‘2.2.133’ saved [85728/85728]

--2017-01-28 22:24:10--  http://doi.org/10.1093/imamat/2.2.111
Connecting to doi.org (doi.org)|95.138.171.129|:80... connected.
HTTP request sent, awaiting response... 303 See Other
Location: https://academic.oup.com/imamat/article-lookup/doi/10.1093/imamat/2.2.111 [following]
--2017-01-28 22:24:11--  https://academic.oup.com/imamat/article-lookup/doi/10.1093/imamat/2.2.111
Connecting to academic.oup.com (academic.oup.com)|173.254.190.144|:443... connected.
HTTP request sent, awaiting response... 200 OK
Length: 68949 (67K) [text/html]
Saving to: ‘2.2.111’

     0K .......... .......... .......... .......... .......... 74%  209K 0s
    50K .......... .......                                    100% 17.0M=0.2s

2017-01-28 22:24:16 (280 KB/s) - ‘2.2.111’ saved [68949/68949]

--2017-01-28 22:24:17--  http://doi.org/10.1093/imamat/2.1.12
Connecting to doi.org (doi.org)|95.138.171.129|:80... connected.
HTTP request sent, awaiting response... 303 See Other
Location: https://academic.oup.com/imamat/article-lookup/doi/10.1093/imamat/2.1.12 [following]
--2017-01-28 22:24:18--  https://academic.oup.com/imamat/article-lookup/doi/10.1093/imamat/2.1.12
Connecting to academic.oup.com (academic.oup.com)|173.254.190.144|:443... connected.
HTTP request sent, awaiting response... 200 OK
Length: 69388 (68K) [text/html]
Saving to: ‘2.1.12’

     0K .......... .......... .......... .......... .......... 73%  209K 0s
    50K .......... .......                                    100% 16.1M=0.2s

2017-01-28 22:24:22 (282 KB/s) - ‘2.1.12’ saved [69388/69388]

--2017-01-28 22:24:23--  http://doi.org/10.1093/imamat/2.3.273
Connecting to doi.org (doi.org)|95.138.171.129|:80... connected.
HTTP request sent, awaiting response... 303 See Other
Location: https://academic.oup.com/imamat/article-lookup/doi/10.1093/imamat/2.3.273 [following]
--2017-01-28 22:24:24--  https://academic.oup.com/imamat/article-lookup/doi/10.1093/imamat/2.3.273
Connecting to academic.oup.com (academic.oup.com)|173.254.190.144|:443... connected.
HTTP request sent, awaiting response... 200 OK
Length: 71028 (69K) [text/html]
Saving to: ‘2.3.273’

     0K .......... .......... .......... .......... .......... 72%  208K 0s
    50K .......... .........                                  100% 15.7M=0.2s

2017-01-28 22:24:27 (287 KB/s) - ‘2.3.273’ saved [71028/71028]

--2017-01-28 22:24:28--  http://doi.org/10.1093/imamat/2.4.327
Connecting to doi.org (doi.org)|95.138.171.129|:80... connected.
HTTP request sent, awaiting response... 303 See Other
Location: https://academic.oup.com/imamat/article-lookup/doi/10.1093/imamat/2.4.327 [following]
--2017-01-28 22:24:30--  https://academic.oup.com/imamat/article-lookup/doi/10.1093/imamat/2.4.327
Connecting to academic.oup.com (academic.oup.com)|173.254.190.144|:443... connected.
HTTP request sent, awaiting response... 200 OK
Length: 68504 (67K) [text/html]
Saving to: ‘2.4.327’

     0K .......... .......... .......... .......... .......... 74%  310K 0s
    50K .......... ......                                     100%  215K=0.2s

2017-01-28 22:24:33 (278 KB/s) - ‘2.4.327’ saved [68504/68504]

--2017-01-28 22:24:34--  http://doi.org/10.1093/imamat/3.1.1
Connecting to doi.org (doi.org)|95.138.171.129|:80... connected.
HTTP request sent, awaiting response... 303 See Other
Location: https://academic.oup.com/imamat/article-lookup/doi/10.1093/imamat/3.1.1 [following]
--2017-01-28 22:24:35--  https://academic.oup.com/imamat/article-lookup/doi/10.1093/imamat/3.1.1
Connecting to academic.oup.com (academic.oup.com)|173.254.190.144|:443... connected.
HTTP request sent, awaiting response... 200 OK
Length: 69144 (68K) [text/html]
Saving to: ‘3.1.1.3’

     0K .......... .......... .......... .......... .......... 74%  208K 0s
    50K .......... .......                                    100% 16.1M=0.2s

2017-01-28 22:24:38 (280 KB/s) - ‘3.1.1.3’ saved [69144/69144]

--2017-01-28 22:24:39--  http://doi.org/10.1093/imamat/3.3.291
Connecting to doi.org (doi.org)|95.138.171.129|:80... connected.
HTTP request sent, awaiting response... 303 See Other
Location: https://academic.oup.com/imamat/article-lookup/doi/10.1093/imamat/3.3.291 [following]
--2017-01-28 22:24:40--  https://academic.oup.com/imamat/article-lookup/doi/10.1093/imamat/3.3.291
Connecting to academic.oup.com (academic.oup.com)|173.254.190.144|:443... connected.
HTTP request sent, awaiting response... 200 OK
Length: 68977 (67K) [text/html]
Saving to: ‘3.3.291.1’

     0K .......... .......... .......... .......... .......... 74%  207K 0s
    50K .......... .......                                    100% 16.3M=0.2s

2017-01-28 22:24:43 (278 KB/s) - ‘3.3.291.1’ saved [68977/68977]

--2017-01-28 22:24:44--  http://doi.org/10.1093/imamat/3.2.202
Connecting to doi.org (doi.org)|95.138.171.129|:80... connected.
HTTP request sent, awaiting response... 303 See Other
Location: https://academic.oup.com/imamat/article-lookup/doi/10.1093/imamat/3.2.202 [following]
--2017-01-28 22:24:46--  https://academic.oup.com/imamat/article-lookup/doi/10.1093/imamat/3.2.202
Connecting to academic.oup.com (academic.oup.com)|173.254.190.144|:443... connected.
HTTP request sent, awaiting response... 200 OK
Length: 70235 (69K) [text/html]
Saving to: ‘3.2.202’

     0K .......... .......... .......... .......... .......... 72%  207K 0s
    50K .......... ........                                   100% 10.5M=0.2s

2017-01-28 22:24:49 (281 KB/s) - ‘3.2.202’ saved [70235/70235]

--2017-01-28 22:24:50--  http://doi.org/10.1093/imamat/3.2.181
Connecting to doi.org (doi.org)|95.138.171.129|:80... connected.
HTTP request sent, awaiting response... 303 See Other
Location: https://academic.oup.com/imamat/article-lookup/doi/10.1093/imamat/3.2.181 [following]
--2017-01-28 22:24:51--  https://academic.oup.com/imamat/article-lookup/doi/10.1093/imamat/3.2.181
Connecting to academic.oup.com (academic.oup.com)|173.254.190.144|:443... connected.
HTTP request sent, awaiting response... 200 OK
Length: 69828 (68K) [text/html]
Saving to: ‘3.2.181’

     0K .......... .......... .......... .......... .......... 73%  209K 0s
    50K .......... ........                                   100% 16.8M=0.2s

2017-01-28 22:24:54 (283 KB/s) - ‘3.2.181’ saved [69828/69828]

--2017-01-28 22:24:55--  http://doi.org/10.1093/imamat/3.4.376
Connecting to doi.org (doi.org)|95.138.171.129|:80... connected.
HTTP request sent, awaiting response... 303 See Other
Location: https://academic.oup.com/imamat/article-lookup/doi/10.1093/imamat/3.4.376 [following]
--2017-01-28 22:24:56--  https://academic.oup.com/imamat/article-lookup/doi/10.1093/imamat/3.4.376
Connecting to academic.oup.com (academic.oup.com)|173.254.190.144|:443... connected.
HTTP request sent, awaiting response... 200 OK
Length: 73350 (72K) [text/html]
Saving to: ‘3.4.376’

     0K .......... .......... .......... .......... .......... 69%  209K 0s
    50K .......... .......... .                               100% 10.9M=0.2s

2017-01-28 22:25:00 (297 KB/s) - ‘3.4.376’ saved [73350/73350]

--2017-01-28 22:25:01--  http://doi.org/10.1093/imamat/3.1.41
Connecting to doi.org (doi.org)|95.138.171.129|:80... connected.
HTTP request sent, awaiting response... 303 See Other
Location: https://academic.oup.com/imamat/article-lookup/doi/10.1093/imamat/3.1.41 [following]
--2017-01-28 22:25:02--  https://academic.oup.com/imamat/article-lookup/doi/10.1093/imamat/3.1.41
Connecting to academic.oup.com (academic.oup.com)|173.254.190.144|:443... connected.
HTTP request sent, awaiting response... 200 OK
Length: 68248 (67K) [text/html]
Saving to: ‘3.1.41.1’

     0K .......... .......... .......... .......... .......... 75%  208K 0s
    50K .......... ......                                     100% 15.3M=0.2s

2017-01-28 22:25:05 (277 KB/s) - ‘3.1.41.1’ saved [68248/68248]

--2017-01-28 22:25:06--  http://doi.org/10.1093/imamat/3.2.169
Connecting to doi.org (doi.org)|95.138.171.129|:80... connected.
HTTP request sent, awaiting response... 303 See Other
Location: https://academic.oup.com/imamat/article-lookup/doi/10.1093/imamat/3.2.169 [following]
--2017-01-28 22:25:07--  https://academic.oup.com/imamat/article-lookup/doi/10.1093/imamat/3.2.169
Connecting to academic.oup.com (academic.oup.com)|173.254.190.144|:443... connected.
HTTP request sent, awaiting response... 200 OK
Length: 69511 (68K) [text/html]
Saving to: ‘3.2.169’

     0K .......... .......... .......... .......... .......... 73%  209K 0s
    50K .......... .......                                    100% 17.4M=0.2s

2017-01-28 22:25:11 (282 KB/s) - ‘3.2.169’ saved [69511/69511]

--2017-01-28 22:25:12--  http://doi.org/10.1093/imamat/3.1.16
Connecting to doi.org (doi.org)|95.138.171.129|:80... connected.
HTTP request sent, awaiting response... 303 See Other
Location: https://academic.oup.com/imamat/article-lookup/doi/10.1093/imamat/3.1.16 [following]
--2017-01-28 22:25:13--  https://academic.oup.com/imamat/article-lookup/doi/10.1093/imamat/3.1.16
Connecting to academic.oup.com (academic.oup.com)|173.254.190.144|:443... connected.
HTTP request sent, awaiting response... 200 OK
Length: 68716 (67K) [text/html]
Saving to: ‘3.1.16’

     0K .......... .......... .......... .......... .......... 74%  209K 0s
    50K .......... .......                                    100% 14.6M=0.2s

2017-01-28 22:25:16 (279 KB/s) - ‘3.1.16’ saved [68716/68716]

--2017-01-28 22:25:17--  http://doi.org/10.1093/imamat/3.4.419
Connecting to doi.org (doi.org)|95.138.171.129|:80... connected.
HTTP request sent, awaiting response... 303 See Other
Location: https://academic.oup.com/imamat/article-lookup/doi/10.1093/imamat/3.4.419 [following]
--2017-01-28 22:25:18--  https://academic.oup.com/imamat/article-lookup/doi/10.1093/imamat/3.4.419
Connecting to academic.oup.com (academic.oup.com)|173.254.190.144|:443... connected.
HTTP request sent, awaiting response... 200 OK
Length: 68388 (67K) [text/html]
Saving to: ‘3.4.419’

     0K .......... .......... .......... .......... .......... 74%  209K 0s
    50K .......... ......                                     100% 12.4M=0.2s

2017-01-28 22:25:21 (277 KB/s) - ‘3.4.419’ saved [68388/68388]

--2017-01-28 22:25:22--  http://doi.org/10.1093/imamat/3.4.403
Connecting to doi.org (doi.org)|95.138.171.129|:80... connected.
HTTP request sent, awaiting response... 303 See Other
Location: https://academic.oup.com/imamat/article-lookup/doi/10.1093/imamat/3.4.403 [following]
--2017-01-28 22:25:23--  https://academic.oup.com/imamat/article-lookup/doi/10.1093/imamat/3.4.403
Connecting to academic.oup.com (academic.oup.com)|173.254.190.144|:443... connected.
HTTP request sent, awaiting response... 200 OK
Length: 67829 (66K) [text/html]
Saving to: ‘3.4.403’

     0K .......... .......... .......... .......... .......... 75%  205K 0s
    50K .......... ......                                     100% 16.2M=0.2s

2017-01-28 22:25:26 (271 KB/s) - ‘3.4.403’ saved [67829/67829]

--2017-01-28 22:25:27--  http://doi.org/10.1093/imamat/3.1.60
Connecting to doi.org (doi.org)|95.138.171.129|:80... connected.
HTTP request sent, awaiting response... 303 See Other
Location: https://academic.oup.com/imamat/article-lookup/doi/10.1093/imamat/3.1.60 [following]
--2017-01-28 22:25:28--  https://academic.oup.com/imamat/article-lookup/doi/10.1093/imamat/3.1.60
Connecting to academic.oup.com (academic.oup.com)|173.254.190.144|:443... connected.
HTTP request sent, awaiting response... 200 OK
Length: 69349 (68K) [text/html]
Saving to: ‘3.1.60’

     0K .......... .......... .......... .......... .......... 73%  208K 0s
    50K .......... .......                                    100% 15.0M=0.2s

2017-01-28 22:25:32 (281 KB/s) - ‘3.1.60’ saved [69349/69349]

--2017-01-28 22:25:33--  http://doi.org/10.1093/imamat/3.3.344
Connecting to doi.org (doi.org)|95.138.171.129|:80... connected.
HTTP request sent, awaiting response... 303 See Other
Location: https://academic.oup.com/imamat/article-lookup/doi/10.1093/imamat/3.3.344 [following]
--2017-01-28 22:25:34--  https://academic.oup.com/imamat/article-lookup/doi/10.1093/imamat/3.3.344
Connecting to academic.oup.com (academic.oup.com)|173.254.190.144|:443... connected.
HTTP request sent, awaiting response... 200 OK
Length: 65638 (64K) [text/html]
Saving to: ‘3.3.344’

     0K .......... .......... .......... .......... .......... 78%  209K 0s
    50K .......... ....                                       100% 15.9M=0.2s

2017-01-28 22:25:37 (267 KB/s) - ‘3.3.344’ saved [65638/65638]

--2017-01-28 22:25:38--  http://doi.org/10.1093/imamat/3.3.266
Connecting to doi.org (doi.org)|95.138.171.129|:80... connected.
HTTP request sent, awaiting response... 303 See Other
Location: https://academic.oup.com/imamat/article-lookup/doi/10.1093/imamat/3.3.266 [following]
--2017-01-28 22:25:39--  https://academic.oup.com/imamat/article-lookup/doi/10.1093/imamat/3.3.266
Connecting to academic.oup.com (academic.oup.com)|173.254.190.144|:443... connected.
HTTP request sent, awaiting response... 200 OK
Length: 72311 (71K) [text/html]
Saving to: ‘3.3.266’

     0K .......... .......... .......... .......... .......... 70%  208K 0s
    50K .......... ..........                                 100% 15.1M=0.2s

2017-01-28 22:25:43 (292 KB/s) - ‘3.3.266’ saved [72311/72311]

--2017-01-28 22:25:44--  http://doi.org/10.1093/imamat/3.1.4
Connecting to doi.org (doi.org)|95.138.171.129|:80... connected.
HTTP request sent, awaiting response... 303 See Other
Location: https://academic.oup.com/imamat/article-lookup/doi/10.1093/imamat/3.1.4 [following]
--2017-01-28 22:25:45--  https://academic.oup.com/imamat/article-lookup/doi/10.1093/imamat/3.1.4
Connecting to academic.oup.com (academic.oup.com)|173.254.190.144|:443... connected.
HTTP request sent, awaiting response... 200 OK
Length: 68691 (67K) [text/html]
Saving to: ‘3.1.4’

     0K .......... .......... .......... .......... .......... 74%  209K 0s
    50K .......... .......                                    100% 12.1M=0.2s

2017-01-28 22:25:48 (279 KB/s) - ‘3.1.4’ saved [68691/68691]

--2017-01-28 22:25:49--  http://doi.org/10.1093/imamat/3.3.245
Connecting to doi.org (doi.org)|95.138.171.129|:80... connected.
HTTP request sent, awaiting response... 303 See Other
Location: https://academic.oup.com/imamat/article-lookup/doi/10.1093/imamat/3.3.245 [following]
--2017-01-28 22:25:50--  https://academic.oup.com/imamat/article-lookup/doi/10.1093/imamat/3.3.245
Connecting to academic.oup.com (academic.oup.com)|173.254.190.144|:443... connected.
HTTP request sent, awaiting response... 200 OK
Length: 68525 (67K) [text/html]
Saving to: ‘3.3.245’

     0K .......... .......... .......... .......... .......... 74%  209K 0s
    50K .......... ......                                     100% 17.4M=0.2s

2017-01-28 22:25:53 (279 KB/s) - ‘3.3.245’ saved [68525/68525]

--2017-01-28 22:25:54--  http://doi.org/10.1093/imamat/3.2.193
Connecting to doi.org (doi.org)|95.138.171.129|:80... connected.
HTTP request sent, awaiting response... 303 See Other
Location: https://academic.oup.com/imamat/article-lookup/doi/10.1093/imamat/3.2.193 [following]
--2017-01-28 22:25:55--  https://academic.oup.com/imamat/article-lookup/doi/10.1093/imamat/3.2.193
Connecting to academic.oup.com (academic.oup.com)|173.254.190.144|:443... connected.
HTTP request sent, awaiting response... 200 OK
Length: 68979 (67K) [text/html]
Saving to: ‘3.2.193’

     0K .......... .......... .......... .......... .......... 74%  209K 0s
    50K .......... .......                                    100% 10.0M=0.2s

2017-01-28 22:25:59 (279 KB/s) - ‘3.2.193’ saved [68979/68979]

--2017-01-28 22:26:00--  http://doi.org/10.1093/imamat/3.4.347
Connecting to doi.org (doi.org)|95.138.171.129|:80... connected.
HTTP request sent, awaiting response... 303 See Other
Location: https://academic.oup.com/imamat/article-lookup/doi/10.1093/imamat/3.4.347 [following]
--2017-01-28 22:26:01--  https://academic.oup.com/imamat/article-lookup/doi/10.1093/imamat/3.4.347
Connecting to academic.oup.com (academic.oup.com)|173.254.190.144|:443... connected.
HTTP request sent, awaiting response... 200 OK
Length: 84952 (83K) [text/html]
Saving to: ‘3.4.347’

     0K .......... .......... .......... .......... .......... 60%  207K 0s
    50K .......... .......... .......... ..                   100% 12.7M=0.2s

2017-01-28 22:26:05 (339 KB/s) - ‘3.4.347’ saved [84952/84952]

--2017-01-28 22:26:06--  http://doi.org/10.1093/imamat/3.2.216
Connecting to doi.org (doi.org)|95.138.171.129|:80... connected.
HTTP request sent, awaiting response... 303 See Other
Location: https://academic.oup.com/imamat/article-lookup/doi/10.1093/imamat/3.2.216 [following]
--2017-01-28 22:26:07--  https://academic.oup.com/imamat/article-lookup/doi/10.1093/imamat/3.2.216
Connecting to academic.oup.com (academic.oup.com)|173.254.190.144|:443... connected.
HTTP request sent, awaiting response... 200 OK
Length: 88733 (87K) [text/html]
Saving to: ‘3.2.216’

     0K .......... .......... .......... .......... .......... 57%  208K 0s
    50K .......... .......... .......... ......               100% 13.0M=0.2s

2017-01-28 22:26:11 (357 KB/s) - ‘3.2.216’ saved [88733/88733]

--2017-01-28 22:26:12--  http://doi.org/10.1093/imamat/3.4.406
Connecting to doi.org (doi.org)|95.138.171.129|:80... connected.
HTTP request sent, awaiting response... 303 See Other
Location: https://academic.oup.com/imamat/article-lookup/doi/10.1093/imamat/3.4.406 [following]
--2017-01-28 22:26:13--  https://academic.oup.com/imamat/article-lookup/doi/10.1093/imamat/3.4.406
Connecting to academic.oup.com (academic.oup.com)|173.254.190.144|:443... connected.
HTTP request sent, awaiting response... 200 OK
Length: 69176 (68K) [text/html]
Saving to: ‘3.4.406’

     0K .......... .......... .......... .......... .......... 74%  209K 0s
    50K .......... .......                                    100% 17.3M=0.2s

2017-01-28 22:26:16 (281 KB/s) - ‘3.4.406’ saved [69176/69176]

--2017-01-28 22:26:17--  http://doi.org/10.1093/imamat/3.4.435
Connecting to doi.org (doi.org)|95.138.171.129|:80... connected.
HTTP request sent, awaiting response... 303 See Other
Location: https://academic.oup.com/imamat/article-lookup/doi/10.1093/imamat/3.4.435 [following]
--2017-01-28 22:26:18--  https://academic.oup.com/imamat/article-lookup/doi/10.1093/imamat/3.4.435
Connecting to academic.oup.com (academic.oup.com)|173.254.190.144|:443... connected.
HTTP request sent, awaiting response... 200 OK
Length: 63714 (62K) [text/html]
Saving to: ‘3.4.435’

     0K .......... .......... .......... .......... .......... 80%  209K 0s
    50K .......... ..                                         100% 17.0M=0.2s

2017-01-28 22:26:21 (259 KB/s) - ‘3.4.435’ saved [63714/63714]

--2017-01-28 22:26:22--  http://doi.org/10.1093/imamat/3.4.362
Connecting to doi.org (doi.org)|95.138.171.129|:80... connected.
HTTP request sent, awaiting response... 303 See Other
Location: https://academic.oup.com/imamat/article-lookup/doi/10.1093/imamat/3.4.362 [following]
--2017-01-28 22:26:23--  https://academic.oup.com/imamat/article-lookup/doi/10.1093/imamat/3.4.362
Connecting to academic.oup.com (academic.oup.com)|173.254.190.144|:443... connected.
HTTP request sent, awaiting response... 200 OK
Length: 85162 (83K) [text/html]
Saving to: ‘3.4.362’

     0K .......... .......... .......... .......... .......... 60%  209K 0s
    50K .......... .......... .......... ...                  100% 9.42M=0.2s

2017-01-28 22:26:27 (343 KB/s) - ‘3.4.362’ saved [85162/85162]

--2017-01-28 22:26:28--  http://doi.org/10.1093/imamat/3.1.46
Connecting to doi.org (doi.org)|95.138.171.129|:80... connected.
HTTP request sent, awaiting response... 303 See Other
Location: https://academic.oup.com/imamat/article-lookup/doi/10.1093/imamat/3.1.46 [following]
--2017-01-28 22:26:29--  https://academic.oup.com/imamat/article-lookup/doi/10.1093/imamat/3.1.46
Connecting to academic.oup.com (academic.oup.com)|173.254.190.144|:443... connected.
HTTP request sent, awaiting response... 200 OK
Length: 69655 (68K) [text/html]
Saving to: ‘3.1.46’

     0K .......... .......... .......... .......... .......... 73%  209K 0s
    50K .......... ........                                   100% 4.52M=0.2s

2017-01-28 22:26:32 (280 KB/s) - ‘3.1.46’ saved [69655/69655]

--2017-01-28 22:26:33--  http://doi.org/10.1093/imamat/3.3.313
Connecting to doi.org (doi.org)|95.138.171.129|:80... connected.
HTTP request sent, awaiting response... 303 See Other
Location: https://academic.oup.com/imamat/article-lookup/doi/10.1093/imamat/3.3.313 [following]
--2017-01-28 22:26:34--  https://academic.oup.com/imamat/article-lookup/doi/10.1093/imamat/3.3.313
Connecting to academic.oup.com (academic.oup.com)|173.254.190.144|:443... connected.
HTTP request sent, awaiting response... 200 OK
Length: 71243 (70K) [text/html]
Saving to: ‘3.3.313’

     0K .......... .......... .......... .......... .......... 71%  209K 0s
    50K .......... .........                                  100% 16.6M=0.2s

2017-01-28 22:26:38 (290 KB/s) - ‘3.3.313’ saved [71243/71243]

--2017-01-28 22:26:39--  http://doi.org/10.1093/imamat/3.3.250
Connecting to doi.org (doi.org)|95.138.171.129|:80... connected.
HTTP request sent, awaiting response... 303 See Other
Location: https://academic.oup.com/imamat/article-lookup/doi/10.1093/imamat/3.3.250 [following]
--2017-01-28 22:26:40--  https://academic.oup.com/imamat/article-lookup/doi/10.1093/imamat/3.3.250
Connecting to academic.oup.com (academic.oup.com)|173.254.190.144|:443... connected.
HTTP request sent, awaiting response... 200 OK
Length: 86468 (84K) [text/html]
Saving to: ‘3.3.250’

     0K .......... .......... .......... .......... .......... 59%  209K 0s
    50K .......... .......... .......... ....                 100% 8.06M=0.2s

2017-01-28 22:26:43 (347 KB/s) - ‘3.3.250’ saved [86468/86468]

--2017-01-28 22:26:44--  http://doi.org/10.1093/imamat/3.4.388
Connecting to doi.org (doi.org)|95.138.171.129|:80... connected.
HTTP request sent, awaiting response... 303 See Other
Location: https://academic.oup.com/imamat/article-lookup/doi/10.1093/imamat/3.4.388 [following]
--2017-01-28 22:26:45--  https://academic.oup.com/imamat/article-lookup/doi/10.1093/imamat/3.4.388
Connecting to academic.oup.com (academic.oup.com)|173.254.190.144|:443... connected.
HTTP request sent, awaiting response... 200 OK
Length: 71373 (70K) [text/html]
Saving to: ‘3.4.388’

     0K .......... .......... .......... .......... .......... 71%  209K 0s
    50K .......... .........                                  100% 14.6M=0.2s

2017-01-28 22:26:49 (290 KB/s) - ‘3.4.388’ saved [71373/71373]

--2017-01-28 22:26:50--  http://doi.org/10.1093/imamat/3.1.21
Connecting to doi.org (doi.org)|95.138.171.129|:80... connected.
HTTP request sent, awaiting response... 303 See Other
Location: https://academic.oup.com/imamat/article-lookup/doi/10.1093/imamat/3.1.21 [following]
--2017-01-28 22:26:51--  https://academic.oup.com/imamat/article-lookup/doi/10.1093/imamat/3.1.21
Connecting to academic.oup.com (academic.oup.com)|173.254.190.144|:443... connected.
HTTP request sent, awaiting response... 200 OK
Length: 73079 (71K) [text/html]
Saving to: ‘3.1.21’

     0K .......... .......... .......... .......... .......... 70%  209K 0s
    50K .......... .......... .                               100% 12.6M=0.2s

2017-01-28 22:26:54 (296 KB/s) - ‘3.1.21’ saved [73079/73079]

--2017-01-28 22:26:55--  http://doi.org/10.1093/imamat/3.1.166
Connecting to doi.org (doi.org)|95.138.171.129|:80... connected.
HTTP request sent, awaiting response... 303 See Other
Location: https://academic.oup.com/imamat/article-lookup/doi/10.1093/imamat/3.1.166 [following]
--2017-01-28 22:26:56--  https://academic.oup.com/imamat/article-lookup/doi/10.1093/imamat/3.1.166
Connecting to academic.oup.com (academic.oup.com)|173.254.190.144|:443... connected.
HTTP request sent, awaiting response... 200 OK
Length: 68458 (67K) [text/html]
Saving to: ‘3.1.166’

     0K .......... .......... .......... .......... .......... 74%  209K 0s
    50K .......... ......                                     100% 16.8M=0.2s

2017-01-28 22:27:00 (279 KB/s) - ‘3.1.166’ saved [68458/68458]

--2017-01-28 22:27:01--  http://doi.org/10.1093/imamat/3.1.98
Connecting to doi.org (doi.org)|95.138.171.129|:80... connected.
HTTP request sent, awaiting response... 303 See Other
Location: https://academic.oup.com/imamat/article-lookup/doi/10.1093/imamat/3.1.98 [following]
--2017-01-28 22:27:02--  https://academic.oup.com/imamat/article-lookup/doi/10.1093/imamat/3.1.98
Connecting to academic.oup.com (academic.oup.com)|173.254.190.144|:443... connected.
HTTP request sent, awaiting response... 200 OK
Length: 68153 (67K) [text/html]
Saving to: ‘3.1.98’

     0K .......... .......... .......... .......... .......... 75%  209K 0s
    50K .......... ......                                     100% 14.8M=0.2s

2017-01-28 22:27:06 (277 KB/s) - ‘3.1.98’ saved [68153/68153]

--2017-01-28 22:27:07--  http://doi.org/10.1093/imamat/3.1.76
Connecting to doi.org (doi.org)|95.138.171.129|:80... connected.
HTTP request sent, awaiting response... 303 See Other
Location: https://academic.oup.com/imamat/article-lookup/doi/10.1093/imamat/3.1.76 [following]
--2017-01-28 22:27:08--  https://academic.oup.com/imamat/article-lookup/doi/10.1093/imamat/3.1.76
Connecting to academic.oup.com (academic.oup.com)|173.254.190.144|:443... connected.
HTTP request sent, awaiting response... 200 OK
Length: 71951 (70K) [text/html]
Saving to: ‘3.1.76’

     0K .......... .......... .......... .......... .......... 71%  209K 0s
    50K .......... ..........                                 100% 14.1M=0.2s

2017-01-28 22:27:11 (292 KB/s) - ‘3.1.76’ saved [71951/71951]

--2017-01-28 22:27:12--  http://doi.org/10.1093/imamat/4.3.329
Connecting to doi.org (doi.org)|95.138.171.129|:80... connected.
HTTP request sent, awaiting response... 303 See Other
Location: https://academic.oup.com/imamat/article-lookup/doi/10.1093/imamat/4.3.329 [following]
--2017-01-28 22:27:13--  https://academic.oup.com/imamat/article-lookup/doi/10.1093/imamat/4.3.329
Connecting to academic.oup.com (academic.oup.com)|173.254.190.144|:443... connected.
HTTP request sent, awaiting response... 200 OK
Length: 68741 (67K) [text/html]
Saving to: ‘4.3.329’

     0K .......... .......... .......... .......... .......... 74%  208K 0s
    50K .......... .......                                    100% 15.6M=0.2s

2017-01-28 22:27:17 (278 KB/s) - ‘4.3.329’ saved [68741/68741]

--2017-01-28 22:27:18--  http://doi.org/10.1093/imamat/4.1.78
Connecting to doi.org (doi.org)|95.138.171.129|:80... connected.
HTTP request sent, awaiting response... 303 See Other
Location: https://academic.oup.com/imamat/article-lookup/doi/10.1093/imamat/4.1.78 [following]
--2017-01-28 22:27:19--  https://academic.oup.com/imamat/article-lookup/doi/10.1093/imamat/4.1.78
Connecting to academic.oup.com (academic.oup.com)|173.254.190.144|:443... connected.
HTTP request sent, awaiting response... 200 OK
Length: 69285 (68K) [text/html]
Saving to: ‘4.1.78’

     0K .......... .......... .......... .......... .......... 73%  208K 0s
    50K .......... .......                                    100% 15.4M=0.2s

2017-01-28 22:27:22 (280 KB/s) - ‘4.1.78’ saved [69285/69285]

--2017-01-28 22:27:23--  http://doi.org/10.1093/imamat/4.3.270
Connecting to doi.org (doi.org)|95.138.171.129|:80... connected.
HTTP request sent, awaiting response... 303 See Other
Location: https://academic.oup.com/imamat/article-lookup/doi/10.1093/imamat/4.3.270 [following]
--2017-01-28 22:27:24--  https://academic.oup.com/imamat/article-lookup/doi/10.1093/imamat/4.3.270
Connecting to academic.oup.com (academic.oup.com)|173.254.190.144|:443... connected.
HTTP request sent, awaiting response... 200 OK
Length: 70751 (69K) [text/html]
Saving to: ‘4.3.270’

     0K .......... .......... .......... .......... .......... 72%  208K 0s
    50K .......... .........                                  100% 15.0M=0.2s

2017-01-28 22:27:27 (286 KB/s) - ‘4.3.270’ saved [70751/70751]

--2017-01-28 22:27:28--  http://doi.org/10.1093/imamat/4.1.106
Connecting to doi.org (doi.org)|95.138.171.129|:80... connected.
HTTP request sent, awaiting response... 303 See Other
Location: https://academic.oup.com/imamat/article-lookup/doi/10.1093/imamat/4.1.106 [following]
--2017-01-28 22:27:29--  https://academic.oup.com/imamat/article-lookup/doi/10.1093/imamat/4.1.106
Connecting to academic.oup.com (academic.oup.com)|173.254.190.144|:443... connected.
HTTP request sent, awaiting response... 200 OK
Length: 68530 (67K) [text/html]
Saving to: ‘4.1.106’

     0K .......... .......... .......... .......... .......... 74%  208K 0s
    50K .......... ......                                     100% 13.5M=0.2s

2017-01-28 22:27:32 (277 KB/s) - ‘4.1.106’ saved [68530/68530]

--2017-01-28 22:27:33--  http://doi.org/10.1093/imamat/4.2.123
Connecting to doi.org (doi.org)|95.138.171.129|:80... connected.
HTTP request sent, awaiting response... 303 See Other
Location: https://academic.oup.com/imamat/article-lookup/doi/10.1093/imamat/4.2.123 [following]
--2017-01-28 22:27:35--  https://academic.oup.com/imamat/article-lookup/doi/10.1093/imamat/4.2.123
Connecting to academic.oup.com (academic.oup.com)|173.254.190.144|:443... connected.
HTTP request sent, awaiting response... 200 OK
Length: 68984 (67K) [text/html]
Saving to: ‘4.2.123’

     0K .......... .......... .......... .......... .......... 74%  209K 0s
    50K .......... .......                                    100% 15.8M=0.2s

2017-01-28 22:27:38 (280 KB/s) - ‘4.2.123’ saved [68984/68984]

--2017-01-28 22:27:39--  http://doi.org/10.1093/imamat/4.1.120-a
Connecting to doi.org (doi.org)|95.138.171.129|:80... connected.
HTTP request sent, awaiting response... 303 See Other
Location: https://academic.oup.com/imamat/article-lookup/doi/10.1093/imamat/4.1.120-a [following]
--2017-01-28 22:27:40--  https://academic.oup.com/imamat/article-lookup/doi/10.1093/imamat/4.1.120-a
Connecting to academic.oup.com (academic.oup.com)|173.254.190.144|:443... connected.
HTTP request sent, awaiting response... 200 OK
Length: 65715 (64K) [text/html]
Saving to: ‘4.1.120-a’

     0K .......... .......... .......... .......... .......... 77%  208K 0s
    50K .......... ....                                       100% 15.1M=0.2s

2017-01-28 22:27:43 (266 KB/s) - ‘4.1.120-a’ saved [65715/65715]

--2017-01-28 22:27:44--  http://doi.org/10.1093/imamat/4.4.375
Connecting to doi.org (doi.org)|95.138.171.129|:80... connected.
HTTP request sent, awaiting response... 303 See Other
Location: https://academic.oup.com/imamat/article-lookup/doi/10.1093/imamat/4.4.375 [following]
--2017-01-28 22:27:45--  https://academic.oup.com/imamat/article-lookup/doi/10.1093/imamat/4.4.375
Connecting to academic.oup.com (academic.oup.com)|173.254.190.144|:443... connected.
HTTP request sent, awaiting response... 200 OK
Length: 70746 (69K) [text/html]
Saving to: ‘4.4.375.1’

     0K .......... .......... .......... .......... .......... 72%  310K 0s
    50K .......... .........                                  100%  242K=0.2s

2017-01-28 22:27:48 (287 KB/s) - ‘4.4.375.1’ saved [70746/70746]

--2017-01-28 22:27:49--  http://doi.org/10.1093/imamat/4.3.233
Connecting to doi.org (doi.org)|95.138.171.129|:80... connected.
HTTP request sent, awaiting response... 303 See Other
Location: https://academic.oup.com/imamat/article-lookup/doi/10.1093/imamat/4.3.233 [following]
--2017-01-28 22:27:51--  https://academic.oup.com/imamat/article-lookup/doi/10.1093/imamat/4.3.233
Connecting to academic.oup.com (academic.oup.com)|173.254.190.144|:443... connected.
HTTP request sent, awaiting response... 200 OK
Length: 69297 (68K) [text/html]
Saving to: ‘4.3.233’

     0K .......... .......... .......... .......... .......... 73%  209K 0s
    50K .......... .......                                    100% 17.3M=0.2s

2017-01-28 22:27:54 (281 KB/s) - ‘4.3.233’ saved [69297/69297]

--2017-01-28 22:27:55--  http://doi.org/10.1093/imamat/4.1.94
Connecting to doi.org (doi.org)|95.138.171.129|:80... connected.
HTTP request sent, awaiting response... 303 See Other
Location: https://academic.oup.com/imamat/article-lookup/doi/10.1093/imamat/4.1.94 [following]
--2017-01-28 22:27:56--  https://academic.oup.com/imamat/article-lookup/doi/10.1093/imamat/4.1.94
Connecting to academic.oup.com (academic.oup.com)|173.254.190.144|:443... connected.
HTTP request sent, awaiting response... 200 OK
Length: 71271 (70K) [text/html]
Saving to: ‘4.1.94’

     0K .......... .......... .......... .......... .......... 71%  209K 0s
    50K .......... .........                                  100% 15.0M=0.2s

2017-01-28 22:27:59 (290 KB/s) - ‘4.1.94’ saved [71271/71271]

--2017-01-28 22:28:00--  http://doi.org/10.1093/imamat/4.1.43
Connecting to doi.org (doi.org)|95.138.171.129|:80... connected.
HTTP request sent, awaiting response... 303 See Other
Location: https://academic.oup.com/imamat/article-lookup/doi/10.1093/imamat/4.1.43 [following]
--2017-01-28 22:28:01--  https://academic.oup.com/imamat/article-lookup/doi/10.1093/imamat/4.1.43
Connecting to academic.oup.com (academic.oup.com)|173.254.190.144|:443... connected.
HTTP request sent, awaiting response... 200 OK
Length: 67359 (66K) [text/html]
Saving to: ‘4.1.43’

     0K .......... .......... .......... .......... .......... 76%  209K 0s
    50K .......... .....                                      100% 14.8M=0.2s

2017-01-28 22:28:04 (274 KB/s) - ‘4.1.43’ saved [67359/67359]

--2017-01-28 22:28:05--  http://doi.org/10.1093/imamat/4.3.315
Connecting to doi.org (doi.org)|95.138.171.129|:80... connected.
HTTP request sent, awaiting response... 303 See Other
Location: https://academic.oup.com/imamat/article-lookup/doi/10.1093/imamat/4.3.315 [following]
--2017-01-28 22:28:06--  https://academic.oup.com/imamat/article-lookup/doi/10.1093/imamat/4.3.315
Connecting to academic.oup.com (academic.oup.com)|173.254.190.144|:443... connected.
HTTP request sent, awaiting response... 200 OK
Length: 69745 (68K) [text/html]
Saving to: ‘4.3.315’

     0K .......... .......... .......... .......... .......... 73%  209K 0s
    50K .......... ........                                   100% 15.4M=0.2s

2017-01-28 22:28:09 (283 KB/s) - ‘4.3.315’ saved [69745/69745]

--2017-01-28 22:28:10--  http://doi.org/10.1093/imamat/4.1.1
Connecting to doi.org (doi.org)|95.138.171.129|:80... connected.
HTTP request sent, awaiting response... 303 See Other
Location: https://academic.oup.com/imamat/article-lookup/doi/10.1093/imamat/4.1.1 [following]
--2017-01-28 22:28:12--  https://academic.oup.com/imamat/article-lookup/doi/10.1093/imamat/4.1.1
Connecting to academic.oup.com (academic.oup.com)|173.254.190.144|:443... connected.
HTTP request sent, awaiting response... 200 OK
Length: 68446 (67K) [text/html]
Saving to: ‘4.1.1.1’

     0K .......... .......... .......... .......... .......... 74%  310K 0s
    50K .......... ......                                     100%  214K=0.2s

2017-01-28 22:28:15 (278 KB/s) - ‘4.1.1.1’ saved [68446/68446]

--2017-01-28 22:28:16--  http://doi.org/10.1093/imamat/4.1.58
Connecting to doi.org (doi.org)|95.138.171.129|:80... connected.
HTTP request sent, awaiting response... 303 See Other
Location: https://academic.oup.com/imamat/article-lookup/doi/10.1093/imamat/4.1.58 [following]
--2017-01-28 22:28:17--  https://academic.oup.com/imamat/article-lookup/doi/10.1093/imamat/4.1.58
Connecting to academic.oup.com (academic.oup.com)|173.254.190.144|:443... connected.
HTTP request sent, awaiting response... 200 OK
Length: 84571 (83K) [text/html]
Saving to: ‘4.1.58’

     0K .......... .......... .......... .......... .......... 60%  209K 0s
    50K .......... .......... .......... ..                   100% 9.33M=0.2s

2017-01-28 22:28:21 (340 KB/s) - ‘4.1.58’ saved [84571/84571]

--2017-01-28 22:28:22--  http://doi.org/10.1093/imamat/4.4.399
Connecting to doi.org (doi.org)|95.138.171.129|:80... connected.
HTTP request sent, awaiting response... 303 See Other
Location: https://academic.oup.com/imamat/article-lookup/doi/10.1093/imamat/4.4.399 [following]
--2017-01-28 22:28:23--  https://academic.oup.com/imamat/article-lookup/doi/10.1093/imamat/4.4.399
Connecting to academic.oup.com (academic.oup.com)|173.254.190.144|:443... connected.
HTTP request sent, awaiting response... 200 OK
Length: 68961 (67K) [text/html]
Saving to: ‘4.4.399’

     0K .......... .......... .......... .......... .......... 74%  309K 0s
    50K .......... .......                                    100%  221K=0.2s

2017-01-28 22:28:26 (281 KB/s) - ‘4.4.399’ saved [68961/68961]

--2017-01-28 22:28:27--  http://doi.org/10.1093/imamat/4.3.282
Connecting to doi.org (doi.org)|95.138.171.129|:80... connected.
HTTP request sent, awaiting response... 303 See Other
Location: https://academic.oup.com/imamat/article-lookup/doi/10.1093/imamat/4.3.282 [following]
--2017-01-28 22:28:28--  https://academic.oup.com/imamat/article-lookup/doi/10.1093/imamat/4.3.282
Connecting to academic.oup.com (academic.oup.com)|173.254.190.144|:443... connected.
HTTP request sent, awaiting response... 200 OK
Length: 71716 (70K) [text/html]
Saving to: ‘4.3.282’

     0K .......... .......... .......... .......... .......... 71%  209K 0s
    50K .......... ..........                                 100% 15.6M=0.2s

2017-01-28 22:28:31 (291 KB/s) - ‘4.3.282’ saved [71716/71716]

--2017-01-28 22:28:32--  http://doi.org/10.1093/imamat/4.3.320
Connecting to doi.org (doi.org)|95.138.171.129|:80... connected.
HTTP request sent, awaiting response... 303 See Other
Location: https://academic.oup.com/imamat/article-lookup/doi/10.1093/imamat/4.3.320 [following]
--2017-01-28 22:28:34--  https://academic.oup.com/imamat/article-lookup/doi/10.1093/imamat/4.3.320
Connecting to academic.oup.com (academic.oup.com)|173.254.190.144|:443... connected.
HTTP request sent, awaiting response... 200 OK
Length: 84319 (82K) [text/html]
Saving to: ‘4.3.320’

     0K .......... .......... .......... .......... .......... 60%  209K 0s
    50K .......... .......... .......... ..                   100% 13.8M=0.2s

2017-01-28 22:28:37 (341 KB/s) - ‘4.3.320’ saved [84319/84319]

--2017-01-28 22:28:38--  http://doi.org/10.1093/imamat/4.4.339
Connecting to doi.org (doi.org)|95.138.171.129|:80... connected.
HTTP request sent, awaiting response... 303 See Other
Location: https://academic.oup.com/imamat/article-lookup/doi/10.1093/imamat/4.4.339 [following]
--2017-01-28 22:28:39--  https://academic.oup.com/imamat/article-lookup/doi/10.1093/imamat/4.4.339
Connecting to academic.oup.com (academic.oup.com)|173.254.190.144|:443... connected.
HTTP request sent, awaiting response... 200 OK
Length: 73606 (72K) [text/html]
Saving to: ‘4.4.339’

     0K .......... .......... .......... .......... .......... 69%  208K 0s
    50K .......... .......... .                               100% 12.1M=0.2s

2017-01-28 22:28:43 (297 KB/s) - ‘4.4.339’ saved [73606/73606]

FINISHED --2017-01-28 22:28:43--
Total wall clock time: 9m 24s
Downloaded: 100 files, 6.9M in 24s (292 KB/s)
