--2017-01-29 10:52:15--  http://doi.org/10.1093/oxfordjournals.pubmed.a024445
Resolving doi.org (doi.org)... 63.123.152.248, 54.191.229.235, 38.100.138.162, ...
Connecting to doi.org (doi.org)|63.123.152.248|:80... connected.
HTTP request sent, awaiting response... 303 See Other
Location: https://academic.oup.com/jpubhealth/article-lookup/doi/10.1093/oxfordjournals.pubmed.a024445 [following]
--2017-01-29 10:52:16--  https://academic.oup.com/jpubhealth/article-lookup/doi/10.1093/oxfordjournals.pubmed.a024445
Resolving academic.oup.com (academic.oup.com)... 173.254.190.144
Connecting to academic.oup.com (academic.oup.com)|173.254.190.144|:443... connected.
HTTP request sent, awaiting response... 200 OK
Length: 82935 (81K) [text/html]
Saving to: ‘oxfordjournals.pubmed.a024445’

     0K .......... .......... .......... .......... .......... 61%  209K 0s
    50K .......... .......... ..........                      100% 11.6M=0.2s

2017-01-29 10:52:20 (334 KB/s) - ‘oxfordjournals.pubmed.a024445’ saved [82935/82935]

--2017-01-29 10:52:21--  http://doi.org/10.1093/oxfordjournals.pubmed.a024464
Connecting to doi.org (doi.org)|63.123.152.248|:80... connected.
HTTP request sent, awaiting response... 303 See Other
Location: https://academic.oup.com/jpubhealth/article-lookup/doi/10.1093/oxfordjournals.pubmed.a024464 [following]
--2017-01-29 10:52:23--  https://academic.oup.com/jpubhealth/article-lookup/doi/10.1093/oxfordjournals.pubmed.a024464
Connecting to academic.oup.com (academic.oup.com)|173.254.190.144|:443... connected.
HTTP request sent, awaiting response... 200 OK
Length: 86116 (84K) [text/html]
Saving to: ‘oxfordjournals.pubmed.a024464’

     0K .......... .......... .......... .......... .......... 59%  309K 0s
    50K .......... .......... .......... ....                 100%  425K=0.2s

2017-01-29 10:52:26 (347 KB/s) - ‘oxfordjournals.pubmed.a024464’ saved [86116/86116]

--2017-01-29 10:52:27--  http://doi.org/10.1093/oxfordjournals.pubmed.a024456
Connecting to doi.org (doi.org)|63.123.152.248|:80... connected.
HTTP request sent, awaiting response... 303 See Other
Location: https://academic.oup.com/jpubhealth/article-lookup/doi/10.1093/oxfordjournals.pubmed.a024456 [following]
--2017-01-29 10:52:29--  https://academic.oup.com/jpubhealth/article-lookup/doi/10.1093/oxfordjournals.pubmed.a024456
Connecting to academic.oup.com (academic.oup.com)|173.254.190.144|:443... connected.
HTTP request sent, awaiting response... 200 OK
Length: 84366 (82K) [text/html]
Saving to: ‘oxfordjournals.pubmed.a024456’

     0K .......... .......... .......... .......... .......... 60%  209K 0s
    50K .......... .......... .......... ..                   100% 10.9M=0.2s

2017-01-29 10:52:32 (340 KB/s) - ‘oxfordjournals.pubmed.a024456’ saved [84366/84366]

--2017-01-29 10:52:33--  http://doi.org/10.1093/oxfordjournals.pubmed.a024460
Connecting to doi.org (doi.org)|63.123.152.248|:80... connected.
HTTP request sent, awaiting response... 303 See Other
Location: https://academic.oup.com/jpubhealth/article-lookup/doi/10.1093/oxfordjournals.pubmed.a024460 [following]
--2017-01-29 10:52:35--  https://academic.oup.com/jpubhealth/article-lookup/doi/10.1093/oxfordjournals.pubmed.a024460
Connecting to academic.oup.com (academic.oup.com)|173.254.190.144|:443... connected.
HTTP request sent, awaiting response... 200 OK
Length: 98424 (96K) [text/html]
Saving to: ‘oxfordjournals.pubmed.a024460’

     0K .......... .......... .......... .......... .......... 52%  209K 0s
    50K .......... .......... .......... .......... ......    100%  564K=0.3s

2017-01-29 10:52:38 (300 KB/s) - ‘oxfordjournals.pubmed.a024460’ saved [98424/98424]

--2017-01-29 10:52:39--  http://doi.org/10.1093/oxfordjournals.pubmed.a024454
Connecting to doi.org (doi.org)|63.123.152.248|:80... connected.
HTTP request sent, awaiting response... 303 See Other
Location: https://academic.oup.com/jpubhealth/article-lookup/doi/10.1093/oxfordjournals.pubmed.a024454 [following]
--2017-01-29 10:52:40--  https://academic.oup.com/jpubhealth/article-lookup/doi/10.1093/oxfordjournals.pubmed.a024454
Connecting to academic.oup.com (academic.oup.com)|173.254.190.144|:443... connected.
HTTP request sent, awaiting response... 200 OK
Length: 65888 (64K) [text/html]
Saving to: ‘oxfordjournals.pubmed.a024454’

     0K .......... .......... .......... .......... .......... 77%  209K 0s
    50K .......... ....                                       100% 15.6M=0.2s

2017-01-29 10:52:44 (268 KB/s) - ‘oxfordjournals.pubmed.a024454’ saved [65888/65888]

--2017-01-29 10:52:45--  http://doi.org/10.1093/oxfordjournals.pubmed.a024449
Connecting to doi.org (doi.org)|63.123.152.248|:80... connected.
HTTP request sent, awaiting response... 303 See Other
Location: https://academic.oup.com/jpubhealth/article-lookup/doi/10.1093/oxfordjournals.pubmed.a024449 [following]
--2017-01-29 10:52:46--  https://academic.oup.com/jpubhealth/article-lookup/doi/10.1093/oxfordjournals.pubmed.a024449
Connecting to academic.oup.com (academic.oup.com)|173.254.190.144|:443... connected.
HTTP request sent, awaiting response... 200 OK
Length: 68504 (67K) [text/html]
Saving to: ‘oxfordjournals.pubmed.a024449’

     0K .......... .......... .......... .......... .......... 74%  209K 0s
    50K .......... ......                                     100% 14.5M=0.2s

2017-01-29 10:52:49 (278 KB/s) - ‘oxfordjournals.pubmed.a024449’ saved [68504/68504]

--2017-01-29 10:52:50--  http://doi.org/10.1093/oxfordjournals.pubmed.a024462
Connecting to doi.org (doi.org)|63.123.152.248|:80... connected.
HTTP request sent, awaiting response... 303 See Other
Location: https://academic.oup.com/jpubhealth/article-lookup/doi/10.1093/oxfordjournals.pubmed.a024462 [following]
--2017-01-29 10:52:52--  https://academic.oup.com/jpubhealth/article-lookup/doi/10.1093/oxfordjournals.pubmed.a024462
Connecting to academic.oup.com (academic.oup.com)|173.254.190.144|:443... connected.
HTTP request sent, awaiting response... 200 OK
Length: 102196 (100K) [text/html]
Saving to: ‘oxfordjournals.pubmed.a024462’

     0K .......... .......... .......... .......... .......... 50%  208K 0s
    50K .......... .......... .......... .......... ......... 100%  608K=0.3s

2017-01-29 10:52:56 (310 KB/s) - ‘oxfordjournals.pubmed.a024462’ saved [102196/102196]

--2017-01-29 10:52:57--  http://doi.org/10.1093/oxfordjournals.pubmed.a024457
Connecting to doi.org (doi.org)|63.123.152.248|:80... connected.
HTTP request sent, awaiting response... 303 See Other
Location: https://academic.oup.com/jpubhealth/article-lookup/doi/10.1093/oxfordjournals.pubmed.a024457 [following]
--2017-01-29 10:52:58--  https://academic.oup.com/jpubhealth/article-lookup/doi/10.1093/oxfordjournals.pubmed.a024457
Connecting to academic.oup.com (academic.oup.com)|173.254.190.144|:443... connected.
HTTP request sent, awaiting response... 200 OK
Length: 85414 (83K) [text/html]
Saving to: ‘oxfordjournals.pubmed.a024457’

     0K .......... .......... .......... .......... .......... 59%  208K 0s
    50K .......... .......... .......... ...                  100% 11.5M=0.2s

2017-01-29 10:53:02 (344 KB/s) - ‘oxfordjournals.pubmed.a024457’ saved [85414/85414]

--2017-01-29 10:53:03--  http://doi.org/10.1093/oxfordjournals.pubmed.a024446
Connecting to doi.org (doi.org)|63.123.152.248|:80... connected.
HTTP request sent, awaiting response... 303 See Other
Location: https://academic.oup.com/jpubhealth/article-lookup/doi/10.1093/oxfordjournals.pubmed.a024446 [following]
--2017-01-29 10:53:05--  https://academic.oup.com/jpubhealth/article-lookup/doi/10.1093/oxfordjournals.pubmed.a024446
Connecting to academic.oup.com (academic.oup.com)|173.254.190.144|:443... connected.
HTTP request sent, awaiting response... 200 OK
Length: 74577 (73K) [text/html]
Saving to: ‘oxfordjournals.pubmed.a024446’

     0K .......... .......... .......... .......... .......... 68%  209K 0s
    50K .......... .......... ..                              100% 12.7M=0.2s

2017-01-29 10:53:08 (302 KB/s) - ‘oxfordjournals.pubmed.a024446’ saved [74577/74577]

--2017-01-29 10:53:09--  http://doi.org/10.1093/oxfordjournals.pubmed.a024450
Connecting to doi.org (doi.org)|63.123.152.248|:80... connected.
HTTP request sent, awaiting response... 303 See Other
Location: https://academic.oup.com/jpubhealth/article-lookup/doi/10.1093/oxfordjournals.pubmed.a024450 [following]
--2017-01-29 10:53:11--  https://academic.oup.com/jpubhealth/article-lookup/doi/10.1093/oxfordjournals.pubmed.a024450
Connecting to academic.oup.com (academic.oup.com)|173.254.190.144|:443... connected.
HTTP request sent, awaiting response... 200 OK
Length: 68611 (67K) [text/html]
Saving to: ‘oxfordjournals.pubmed.a024450’

     0K .......... .......... .......... .......... .......... 74%  209K 0s
    50K .......... .......                                    100% 14.1M=0.2s

2017-01-29 10:53:13 (279 KB/s) - ‘oxfordjournals.pubmed.a024450’ saved [68611/68611]

--2017-01-29 10:53:14--  http://doi.org/10.1093/oxfordjournals.pubmed.a024467
Connecting to doi.org (doi.org)|63.123.152.248|:80... connected.
HTTP request sent, awaiting response... 303 See Other
Location: https://academic.oup.com/jpubhealth/article-lookup/doi/10.1093/oxfordjournals.pubmed.a024467 [following]
--2017-01-29 10:53:16--  https://academic.oup.com/jpubhealth/article-lookup/doi/10.1093/oxfordjournals.pubmed.a024467
Connecting to academic.oup.com (academic.oup.com)|173.254.190.144|:443... connected.
HTTP request sent, awaiting response... 200 OK
Length: 88033 (86K) [text/html]
Saving to: ‘oxfordjournals.pubmed.a024467’

     0K .......... .......... .......... .......... .......... 58%  209K 0s
    50K .......... .......... .......... .....                100% 11.3M=0.2s

2017-01-29 10:53:19 (355 KB/s) - ‘oxfordjournals.pubmed.a024467’ saved [88033/88033]

--2017-01-29 10:53:20--  http://doi.org/10.1093/oxfordjournals.pubmed.a024452
Connecting to doi.org (doi.org)|63.123.152.248|:80... connected.
HTTP request sent, awaiting response... 303 See Other
Location: https://academic.oup.com/jpubhealth/article-lookup/doi/10.1093/oxfordjournals.pubmed.a024452 [following]
--2017-01-29 10:53:21--  https://academic.oup.com/jpubhealth/article-lookup/doi/10.1093/oxfordjournals.pubmed.a024452
Connecting to academic.oup.com (academic.oup.com)|173.254.190.144|:443... connected.
HTTP request sent, awaiting response... 200 OK
Length: 75360 (74K) [text/html]
Saving to: ‘oxfordjournals.pubmed.a024452’

     0K .......... .......... .......... .......... .......... 67%  209K 0s
    50K .......... .......... ...                             100% 10.3M=0.2s

2017-01-29 10:53:24 (304 KB/s) - ‘oxfordjournals.pubmed.a024452’ saved [75360/75360]

--2017-01-29 10:53:25--  http://doi.org/10.1093/oxfordjournals.pubmed.a024455
Connecting to doi.org (doi.org)|63.123.152.248|:80... connected.
HTTP request sent, awaiting response... 303 See Other
Location: https://academic.oup.com/jpubhealth/article-lookup/doi/10.1093/oxfordjournals.pubmed.a024455 [following]
--2017-01-29 10:53:27--  https://academic.oup.com/jpubhealth/article-lookup/doi/10.1093/oxfordjournals.pubmed.a024455
Connecting to academic.oup.com (academic.oup.com)|173.254.190.144|:443... connected.
HTTP request sent, awaiting response... 200 OK
Length: 86923 (85K) [text/html]
Saving to: ‘oxfordjournals.pubmed.a024455’

     0K .......... .......... .......... .......... .......... 58%  209K 0s
    50K .......... .......... .......... ....                 100% 4.81M=0.2s

2017-01-29 10:53:30 (344 KB/s) - ‘oxfordjournals.pubmed.a024455’ saved [86923/86923]

--2017-01-29 10:53:31--  http://doi.org/10.1093/oxfordjournals.pubmed.a024466
Connecting to doi.org (doi.org)|63.123.152.248|:80... connected.
HTTP request sent, awaiting response... 303 See Other
Location: https://academic.oup.com/jpubhealth/article-lookup/doi/10.1093/oxfordjournals.pubmed.a024466 [following]
--2017-01-29 10:53:32--  https://academic.oup.com/jpubhealth/article-lookup/doi/10.1093/oxfordjournals.pubmed.a024466
Connecting to academic.oup.com (academic.oup.com)|173.254.190.144|:443... connected.
HTTP request sent, awaiting response... 200 OK
Length: 89978 (88K) [text/html]
Saving to: ‘oxfordjournals.pubmed.a024466’

     0K .......... .......... .......... .......... .......... 56%  209K 0s
    50K .......... .......... .......... .......              100% 10.3M=0.2s

2017-01-29 10:53:36 (362 KB/s) - ‘oxfordjournals.pubmed.a024466’ saved [89978/89978]

--2017-01-29 10:53:37--  http://doi.org/10.1093/oxfordjournals.pubmed.a024448
Connecting to doi.org (doi.org)|63.123.152.248|:80... connected.
HTTP request sent, awaiting response... 303 See Other
Location: https://academic.oup.com/jpubhealth/article-lookup/doi/10.1093/oxfordjournals.pubmed.a024448 [following]
--2017-01-29 10:53:39--  https://academic.oup.com/jpubhealth/article-lookup/doi/10.1093/oxfordjournals.pubmed.a024448
Connecting to academic.oup.com (academic.oup.com)|173.254.190.144|:443... connected.
HTTP request sent, awaiting response... 200 OK
Length: 68456 (67K) [text/html]
Saving to: ‘oxfordjournals.pubmed.a024448’

     0K .......... .......... .......... .......... .......... 74%  308K 0s
    50K .......... ......                                     100%  213K=0.2s

2017-01-29 10:53:42 (277 KB/s) - ‘oxfordjournals.pubmed.a024448’ saved [68456/68456]

--2017-01-29 10:53:43--  http://doi.org/10.1093/oxfordjournals.pubmed.a024451
Connecting to doi.org (doi.org)|63.123.152.248|:80... connected.
HTTP request sent, awaiting response... 303 See Other
Location: https://academic.oup.com/jpubhealth/article-lookup/doi/10.1093/oxfordjournals.pubmed.a024451 [following]
--2017-01-29 10:53:44--  https://academic.oup.com/jpubhealth/article-lookup/doi/10.1093/oxfordjournals.pubmed.a024451
Connecting to academic.oup.com (academic.oup.com)|173.254.190.144|:443... connected.
HTTP request sent, awaiting response... 200 OK
Length: 68719 (67K) [text/html]
Saving to: ‘oxfordjournals.pubmed.a024451’

     0K .......... .......... .......... .......... .......... 74%  209K 0s
    50K .......... .......                                    100% 14.7M=0.2s

2017-01-29 10:53:48 (279 KB/s) - ‘oxfordjournals.pubmed.a024451’ saved [68719/68719]

--2017-01-29 10:53:49--  http://doi.org/10.1093/oxfordjournals.pubmed.a024463
Connecting to doi.org (doi.org)|63.123.152.248|:80... connected.
HTTP request sent, awaiting response... 303 See Other
Location: https://academic.oup.com/jpubhealth/article-lookup/doi/10.1093/oxfordjournals.pubmed.a024463 [following]
--2017-01-29 10:53:50--  https://academic.oup.com/jpubhealth/article-lookup/doi/10.1093/oxfordjournals.pubmed.a024463
Connecting to academic.oup.com (academic.oup.com)|173.254.190.144|:443... connected.
HTTP request sent, awaiting response... 200 OK
Length: 82310 (80K) [text/html]
Saving to: ‘oxfordjournals.pubmed.a024463’

     0K .......... .......... .......... .......... .......... 62%  209K 0s
    50K .......... .......... ..........                      100% 13.7M=0.2s

2017-01-29 10:53:53 (333 KB/s) - ‘oxfordjournals.pubmed.a024463’ saved [82310/82310]

--2017-01-29 10:53:54--  http://doi.org/10.1093/oxfordjournals.pubmed.a024459
Connecting to doi.org (doi.org)|63.123.152.248|:80... connected.
HTTP request sent, awaiting response... 303 See Other
Location: https://academic.oup.com/jpubhealth/article-lookup/doi/10.1093/oxfordjournals.pubmed.a024459 [following]
--2017-01-29 10:53:56--  https://academic.oup.com/jpubhealth/article-lookup/doi/10.1093/oxfordjournals.pubmed.a024459
Connecting to academic.oup.com (academic.oup.com)|173.254.190.144|:443... connected.
HTTP request sent, awaiting response... 200 OK
Length: 99108 (97K) [text/html]
Saving to: ‘oxfordjournals.pubmed.a024459’

     0K .......... .......... .......... .......... .......... 51%  208K 0s
    50K .......... .......... .......... .......... ......    100%  573K=0.3s

2017-01-29 10:53:59 (300 KB/s) - ‘oxfordjournals.pubmed.a024459’ saved [99108/99108]

--2017-01-29 10:54:00--  http://doi.org/10.1093/oxfordjournals.pubmed.a024468
Connecting to doi.org (doi.org)|63.123.152.248|:80... connected.
HTTP request sent, awaiting response... 303 See Other
Location: https://academic.oup.com/jpubhealth/article-lookup/doi/10.1093/oxfordjournals.pubmed.a024468 [following]
--2017-01-29 10:54:01--  https://academic.oup.com/jpubhealth/article-lookup/doi/10.1093/oxfordjournals.pubmed.a024468
Connecting to academic.oup.com (academic.oup.com)|173.254.190.144|:443... connected.
HTTP request sent, awaiting response... 200 OK
Length: 99271 (97K) [text/html]
Saving to: ‘oxfordjournals.pubmed.a024468’

     0K .......... .......... .......... .......... .......... 51%  309K 0s
    50K .......... .......... .......... .......... ......    100%  296K=0.3s

2017-01-29 10:54:05 (303 KB/s) - ‘oxfordjournals.pubmed.a024468’ saved [99271/99271]

--2017-01-29 10:54:06--  http://doi.org/10.1093/oxfordjournals.pubmed.a024453
Connecting to doi.org (doi.org)|63.123.152.248|:80... connected.
HTTP request sent, awaiting response... 303 See Other
Location: https://academic.oup.com/jpubhealth/article-lookup/doi/10.1093/oxfordjournals.pubmed.a024453 [following]
--2017-01-29 10:54:07--  https://academic.oup.com/jpubhealth/article-lookup/doi/10.1093/oxfordjournals.pubmed.a024453
Connecting to academic.oup.com (academic.oup.com)|173.254.190.144|:443... connected.
HTTP request sent, awaiting response... 200 OK
Length: 68223 (67K) [text/html]
Saving to: ‘oxfordjournals.pubmed.a024453’

     0K .......... .......... .......... .......... .......... 75%  209K 0s
    50K .......... ......                                     100% 10.2M=0.2s

2017-01-29 10:54:11 (277 KB/s) - ‘oxfordjournals.pubmed.a024453’ saved [68223/68223]

--2017-01-29 10:54:12--  http://doi.org/10.1093/oxfordjournals.pubmed.a024461
Connecting to doi.org (doi.org)|63.123.152.248|:80... connected.
HTTP request sent, awaiting response... 303 See Other
Location: https://academic.oup.com/jpubhealth/article-lookup/doi/10.1093/oxfordjournals.pubmed.a024461 [following]
--2017-01-29 10:54:13--  https://academic.oup.com/jpubhealth/article-lookup/doi/10.1093/oxfordjournals.pubmed.a024461
Connecting to academic.oup.com (academic.oup.com)|173.254.190.144|:443... connected.
HTTP request sent, awaiting response... 200 OK
Length: 86369 (84K) [text/html]
Saving to: ‘oxfordjournals.pubmed.a024461’

     0K .......... .......... .......... .......... .......... 59%  209K 0s
    50K .......... .......... .......... ....                 100% 13.4M=0.2s

2017-01-29 10:54:17 (348 KB/s) - ‘oxfordjournals.pubmed.a024461’ saved [86369/86369]

--2017-01-29 10:54:18--  http://doi.org/10.1093/oxfordjournals.pubmed.a024447
Connecting to doi.org (doi.org)|63.123.152.248|:80... connected.
HTTP request sent, awaiting response... 303 See Other
Location: https://academic.oup.com/jpubhealth/article-lookup/doi/10.1093/oxfordjournals.pubmed.a024447 [following]
--2017-01-29 10:54:19--  https://academic.oup.com/jpubhealth/article-lookup/doi/10.1093/oxfordjournals.pubmed.a024447
Connecting to academic.oup.com (academic.oup.com)|173.254.190.144|:443... connected.
HTTP request sent, awaiting response... 200 OK
Length: 72085 (70K) [text/html]
Saving to: ‘oxfordjournals.pubmed.a024447’

     0K .......... .......... .......... .......... .......... 71%  209K 0s
    50K .......... ..........                                 100% 14.7M=0.2s

2017-01-29 10:54:22 (293 KB/s) - ‘oxfordjournals.pubmed.a024447’ saved [72085/72085]

--2017-01-29 10:54:23--  http://doi.org/10.1093/oxfordjournals.pubmed.a024458
Connecting to doi.org (doi.org)|63.123.152.248|:80... connected.
HTTP request sent, awaiting response... 303 See Other
Location: https://academic.oup.com/jpubhealth/article-lookup/doi/10.1093/oxfordjournals.pubmed.a024458 [following]
--2017-01-29 10:54:25--  https://academic.oup.com/jpubhealth/article-lookup/doi/10.1093/oxfordjournals.pubmed.a024458
Connecting to academic.oup.com (academic.oup.com)|173.254.190.144|:443... connected.
HTTP request sent, awaiting response... 200 OK
Length: 82952 (81K) [text/html]
Saving to: ‘oxfordjournals.pubmed.a024458’

     0K .......... .......... .......... .......... .......... 61%  209K 0s
    50K .......... .......... .......... .                    100% 11.1M=0.2s

2017-01-29 10:54:28 (334 KB/s) - ‘oxfordjournals.pubmed.a024458’ saved [82952/82952]

--2017-01-29 10:54:29--  http://doi.org/10.1093/oxfordjournals.pubmed.a024465
Connecting to doi.org (doi.org)|63.123.152.248|:80... connected.
HTTP request sent, awaiting response... 303 See Other
Location: https://academic.oup.com/jpubhealth/article-lookup/doi/10.1093/oxfordjournals.pubmed.a024465 [following]
--2017-01-29 10:54:31--  https://academic.oup.com/jpubhealth/article-lookup/doi/10.1093/oxfordjournals.pubmed.a024465
Connecting to academic.oup.com (academic.oup.com)|173.254.190.144|:443... connected.
HTTP request sent, awaiting response... 200 OK
Length: 103408 (101K) [text/html]
Saving to: ‘oxfordjournals.pubmed.a024465’

     0K .......... .......... .......... .......... .......... 49%  208K 0s
    50K .......... .......... .......... .......... .......... 99%  603K 0s
   100K                                                       100% 1878G=0.3s

2017-01-29 10:54:38 (313 KB/s) - ‘oxfordjournals.pubmed.a024465’ saved [103408/103408]

--2017-01-29 10:54:39--  http://doi.org/10.1093/oxfordjournals.pubmed.a024469
Connecting to doi.org (doi.org)|63.123.152.248|:80... connected.
HTTP request sent, awaiting response... 303 See Other
Location: https://academic.oup.com/jpubhealth/article-lookup/doi/10.1093/oxfordjournals.pubmed.a024469 [following]
--2017-01-29 10:54:41--  https://academic.oup.com/jpubhealth/article-lookup/doi/10.1093/oxfordjournals.pubmed.a024469
Connecting to academic.oup.com (academic.oup.com)|173.254.190.144|:443... connected.
HTTP request sent, awaiting response... 200 OK
Length: 88959 (87K) [text/html]
Saving to: ‘oxfordjournals.pubmed.a024469’

     0K .......... .......... .......... .......... .......... 57%  209K 0s
    50K .......... .......... .......... ......               100% 9.70M=0.2s

2017-01-29 10:54:45 (358 KB/s) - ‘oxfordjournals.pubmed.a024469’ saved [88959/88959]

--2017-01-29 10:54:46--  http://doi.org/10.1093/oxfordjournals.pubmed.a024480
Connecting to doi.org (doi.org)|63.123.152.248|:80... connected.
HTTP request sent, awaiting response... 303 See Other
Location: https://academic.oup.com/jpubhealth/article-lookup/doi/10.1093/oxfordjournals.pubmed.a024480 [following]
--2017-01-29 10:54:48--  https://academic.oup.com/jpubhealth/article-lookup/doi/10.1093/oxfordjournals.pubmed.a024480
Connecting to academic.oup.com (academic.oup.com)|173.254.190.144|:443... connected.
HTTP request sent, awaiting response... 200 OK
Length: 85301 (83K) [text/html]
Saving to: ‘oxfordjournals.pubmed.a024480’

     0K .......... .......... .......... .......... .......... 60%  209K 0s
    50K .......... .......... .......... ...                  100% 10.5M=0.2s

2017-01-29 10:54:50 (343 KB/s) - ‘oxfordjournals.pubmed.a024480’ saved [85301/85301]

--2017-01-29 10:54:51--  http://doi.org/10.1093/oxfordjournals.pubmed.a024484
Connecting to doi.org (doi.org)|63.123.152.248|:80... connected.
HTTP request sent, awaiting response... 303 See Other
Location: https://academic.oup.com/jpubhealth/article-lookup/doi/10.1093/oxfordjournals.pubmed.a024484 [following]
--2017-01-29 10:54:53--  https://academic.oup.com/jpubhealth/article-lookup/doi/10.1093/oxfordjournals.pubmed.a024484
Connecting to academic.oup.com (academic.oup.com)|173.254.190.144|:443... connected.
HTTP request sent, awaiting response... 200 OK
Length: 69577 (68K) [text/html]
Saving to: ‘oxfordjournals.pubmed.a024484’

     0K .......... .......... .......... .......... .......... 73%  208K 0s
    50K .......... .......                                    100% 16.8M=0.2s

2017-01-29 10:54:56 (282 KB/s) - ‘oxfordjournals.pubmed.a024484’ saved [69577/69577]

--2017-01-29 10:54:57--  http://doi.org/10.1093/oxfordjournals.pubmed.a024499
Connecting to doi.org (doi.org)|63.123.152.248|:80... connected.
HTTP request sent, awaiting response... 303 See Other
Location: https://academic.oup.com/jpubhealth/article-lookup/doi/10.1093/oxfordjournals.pubmed.a024499 [following]
--2017-01-29 10:54:59--  https://academic.oup.com/jpubhealth/article-lookup/doi/10.1093/oxfordjournals.pubmed.a024499
Connecting to academic.oup.com (academic.oup.com)|173.254.190.144|:443... connected.
HTTP request sent, awaiting response... 200 OK
Length: 65886 (64K) [text/html]
Saving to: ‘oxfordjournals.pubmed.a024499’

     0K .......... .......... .......... .......... .......... 77%  209K 0s
    50K .......... ....                                       100% 15.5M=0.2s

2017-01-29 10:55:02 (268 KB/s) - ‘oxfordjournals.pubmed.a024499’ saved [65886/65886]

--2017-01-29 10:55:03--  http://doi.org/10.1093/oxfordjournals.pubmed.a024495
Connecting to doi.org (doi.org)|63.123.152.248|:80... connected.
HTTP request sent, awaiting response... 303 See Other
Location: https://academic.oup.com/jpubhealth/article-lookup/doi/10.1093/oxfordjournals.pubmed.a024495 [following]
--2017-01-29 10:55:05--  https://academic.oup.com/jpubhealth/article-lookup/doi/10.1093/oxfordjournals.pubmed.a024495
Connecting to academic.oup.com (academic.oup.com)|173.254.190.144|:443... connected.
HTTP request sent, awaiting response... 200 OK
Length: 67975 (66K) [text/html]
Saving to: ‘oxfordjournals.pubmed.a024495’

     0K .......... .......... .......... .......... .......... 75%  209K 0s
    50K .......... ......                                     100% 15.1M=0.2s

2017-01-29 10:55:08 (276 KB/s) - ‘oxfordjournals.pubmed.a024495’ saved [67975/67975]

--2017-01-29 10:55:09--  http://doi.org/10.1093/oxfordjournals.pubmed.a024473
Connecting to doi.org (doi.org)|63.123.152.248|:80... connected.
HTTP request sent, awaiting response... 303 See Other
Location: https://academic.oup.com/jpubhealth/article-lookup/doi/10.1093/oxfordjournals.pubmed.a024473 [following]
--2017-01-29 10:55:11--  https://academic.oup.com/jpubhealth/article-lookup/doi/10.1093/oxfordjournals.pubmed.a024473
Connecting to academic.oup.com (academic.oup.com)|173.254.190.144|:443... connected.
HTTP request sent, awaiting response... 200 OK
Length: 101007 (99K) [text/html]
Saving to: ‘oxfordjournals.pubmed.a024473’

     0K .......... .......... .......... .......... .......... 50%  209K 0s
    50K .......... .......... .......... .......... ........  100%  590K=0.3s

2017-01-29 10:55:16 (307 KB/s) - ‘oxfordjournals.pubmed.a024473’ saved [101007/101007]

--2017-01-29 10:55:17--  http://doi.org/10.1093/oxfordjournals.pubmed.a024472
Connecting to doi.org (doi.org)|63.123.152.248|:80... connected.
HTTP request sent, awaiting response... 303 See Other
Location: https://academic.oup.com/jpubhealth/article-lookup/doi/10.1093/oxfordjournals.pubmed.a024472 [following]
--2017-01-29 10:55:18--  https://academic.oup.com/jpubhealth/article-lookup/doi/10.1093/oxfordjournals.pubmed.a024472
Connecting to academic.oup.com (academic.oup.com)|173.254.190.144|:443... connected.
HTTP request sent, awaiting response... 200 OK
Length: 85753 (84K) [text/html]
Saving to: ‘oxfordjournals.pubmed.a024472’

     0K .......... .......... .......... .......... .......... 59%  209K 0s
    50K .......... .......... .......... ...                  100% 13.6M=0.2s

2017-01-29 10:55:22 (346 KB/s) - ‘oxfordjournals.pubmed.a024472’ saved [85753/85753]

--2017-01-29 10:55:23--  http://doi.org/10.1093/oxfordjournals.pubmed.a024491
Connecting to doi.org (doi.org)|63.123.152.248|:80... connected.
HTTP request sent, awaiting response... 303 See Other
Location: https://academic.oup.com/jpubhealth/article-lookup/doi/10.1093/oxfordjournals.pubmed.a024491 [following]
--2017-01-29 10:55:24--  https://academic.oup.com/jpubhealth/article-lookup/doi/10.1093/oxfordjournals.pubmed.a024491
Connecting to academic.oup.com (academic.oup.com)|173.254.190.144|:443... connected.
HTTP request sent, awaiting response... 200 OK
Length: 67836 (66K) [text/html]
Saving to: ‘oxfordjournals.pubmed.a024491’

     0K .......... .......... .......... .......... .......... 75%  209K 0s
    50K .......... ......                                     100% 15.2M=0.2s

2017-01-29 10:55:28 (275 KB/s) - ‘oxfordjournals.pubmed.a024491’ saved [67836/67836]

--2017-01-29 10:55:29--  http://doi.org/10.1093/oxfordjournals.pubmed.a024494
Connecting to doi.org (doi.org)|63.123.152.248|:80... connected.
HTTP request sent, awaiting response... 303 See Other
Location: https://academic.oup.com/jpubhealth/article-lookup/doi/10.1093/oxfordjournals.pubmed.a024494 [following]
--2017-01-29 10:55:30--  https://academic.oup.com/jpubhealth/article-lookup/doi/10.1093/oxfordjournals.pubmed.a024494
Connecting to academic.oup.com (academic.oup.com)|173.254.190.144|:443... connected.
HTTP request sent, awaiting response... 200 OK
Length: 68354 (67K) [text/html]
Saving to: ‘oxfordjournals.pubmed.a024494’

     0K .......... .......... .......... .......... .......... 74%  209K 0s
    50K .......... ......                                     100% 16.6M=0.2s

2017-01-29 10:55:34 (278 KB/s) - ‘oxfordjournals.pubmed.a024494’ saved [68354/68354]

--2017-01-29 10:55:35--  http://doi.org/10.1093/oxfordjournals.pubmed.a024476
Connecting to doi.org (doi.org)|63.123.152.248|:80... connected.
HTTP request sent, awaiting response... 303 See Other
Location: https://academic.oup.com/jpubhealth/article-lookup/doi/10.1093/oxfordjournals.pubmed.a024476 [following]
--2017-01-29 10:55:36--  https://academic.oup.com/jpubhealth/article-lookup/doi/10.1093/oxfordjournals.pubmed.a024476
Connecting to academic.oup.com (academic.oup.com)|173.254.190.144|:443... connected.
HTTP request sent, awaiting response... 200 OK
Length: 103782 (101K) [text/html]
Saving to: ‘oxfordjournals.pubmed.a024476’

     0K .......... .......... .......... .......... .......... 49%  209K 0s
    50K .......... .......... .......... .......... .......... 98%  614K 0s
   100K .                                                     100% 2574G=0.3s

2017-01-29 10:55:40 (316 KB/s) - ‘oxfordjournals.pubmed.a024476’ saved [103782/103782]

--2017-01-29 10:55:41--  http://doi.org/10.1093/oxfordjournals.pubmed.a024487
Connecting to doi.org (doi.org)|63.123.152.248|:80... connected.
HTTP request sent, awaiting response... 303 See Other
Location: https://academic.oup.com/jpubhealth/article-lookup/doi/10.1093/oxfordjournals.pubmed.a024487 [following]
--2017-01-29 10:55:42--  https://academic.oup.com/jpubhealth/article-lookup/doi/10.1093/oxfordjournals.pubmed.a024487
Connecting to academic.oup.com (academic.oup.com)|173.254.190.144|:443... connected.
HTTP request sent, awaiting response... 200 OK
Length: 83025 (81K) [text/html]
Saving to: ‘oxfordjournals.pubmed.a024487’

     0K .......... .......... .......... .......... .......... 61%  309K 0s
    50K .......... .......... .......... .                    100%  388K=0.2s

2017-01-29 10:55:48 (335 KB/s) - ‘oxfordjournals.pubmed.a024487’ saved [83025/83025]

--2017-01-29 10:55:49--  http://doi.org/10.1093/oxfordjournals.pubmed.a024488
Connecting to doi.org (doi.org)|63.123.152.248|:80... connected.
HTTP request sent, awaiting response... 303 See Other
Location: https://academic.oup.com/jpubhealth/article-lookup/doi/10.1093/oxfordjournals.pubmed.a024488 [following]
--2017-01-29 10:55:50--  https://academic.oup.com/jpubhealth/article-lookup/doi/10.1093/oxfordjournals.pubmed.a024488
Connecting to academic.oup.com (academic.oup.com)|173.254.190.144|:443... connected.
HTTP request sent, awaiting response... 200 OK
Length: 68054 (66K) [text/html]
Saving to: ‘oxfordjournals.pubmed.a024488’

     0K .......... .......... .......... .......... .......... 75%  209K 0s
    50K .......... ......                                     100% 15.1M=0.2s

2017-01-29 10:55:54 (276 KB/s) - ‘oxfordjournals.pubmed.a024488’ saved [68054/68054]

--2017-01-29 10:55:55--  http://doi.org/10.1093/oxfordjournals.pubmed.a024470
Connecting to doi.org (doi.org)|63.123.152.248|:80... connected.
HTTP request sent, awaiting response... 303 See Other
Location: https://academic.oup.com/jpubhealth/article-lookup/doi/10.1093/oxfordjournals.pubmed.a024470 [following]
--2017-01-29 10:55:56--  https://academic.oup.com/jpubhealth/article-lookup/doi/10.1093/oxfordjournals.pubmed.a024470
Connecting to academic.oup.com (academic.oup.com)|173.254.190.144|:443... connected.
HTTP request sent, awaiting response... 200 OK
Length: 69275 (68K) [text/html]
Saving to: ‘oxfordjournals.pubmed.a024470’

     0K .......... .......... .......... .......... .......... 73%  209K 0s
    50K .......... .......                                    100% 16.7M=0.2s

2017-01-29 10:56:00 (282 KB/s) - ‘oxfordjournals.pubmed.a024470’ saved [69275/69275]

--2017-01-29 10:56:01--  http://doi.org/10.1093/oxfordjournals.pubmed.a024497
Connecting to doi.org (doi.org)|63.123.152.248|:80... connected.
HTTP request sent, awaiting response... 303 See Other
Location: https://academic.oup.com/jpubhealth/article-lookup/doi/10.1093/oxfordjournals.pubmed.a024497 [following]
--2017-01-29 10:56:02--  https://academic.oup.com/jpubhealth/article-lookup/doi/10.1093/oxfordjournals.pubmed.a024497
Connecting to academic.oup.com (academic.oup.com)|173.254.190.144|:443... connected.
HTTP request sent, awaiting response... 200 OK
Length: 83037 (81K) [text/html]
Saving to: ‘oxfordjournals.pubmed.a024497’

     0K .......... .......... .......... .......... .......... 61%  207K 0s
    50K .......... .......... .......... .                    100% 10.9M=0.2s

2017-01-29 10:56:06 (332 KB/s) - ‘oxfordjournals.pubmed.a024497’ saved [83037/83037]

--2017-01-29 10:56:07--  http://doi.org/10.1093/oxfordjournals.pubmed.a024477
Connecting to doi.org (doi.org)|63.123.152.248|:80... connected.
HTTP request sent, awaiting response... 303 See Other
Location: https://academic.oup.com/jpubhealth/article-lookup/doi/10.1093/oxfordjournals.pubmed.a024477 [following]
--2017-01-29 10:56:08--  https://academic.oup.com/jpubhealth/article-lookup/doi/10.1093/oxfordjournals.pubmed.a024477
Connecting to academic.oup.com (academic.oup.com)|173.254.190.144|:443... connected.
HTTP request sent, awaiting response... 200 OK
Length: 84989 (83K) [text/html]
Saving to: ‘oxfordjournals.pubmed.a024477’

     0K .......... .......... .......... .......... .......... 60%  209K 0s
    50K .......... .......... .......... ..                   100% 12.1M=0.2s

2017-01-29 10:56:12 (342 KB/s) - ‘oxfordjournals.pubmed.a024477’ saved [84989/84989]

--2017-01-29 10:56:13--  http://doi.org/10.1093/oxfordjournals.pubmed.a024475
Connecting to doi.org (doi.org)|63.123.152.248|:80... connected.
HTTP request sent, awaiting response... 303 See Other
Location: https://academic.oup.com/jpubhealth/article-lookup/doi/10.1093/oxfordjournals.pubmed.a024475 [following]
--2017-01-29 10:56:14--  https://academic.oup.com/jpubhealth/article-lookup/doi/10.1093/oxfordjournals.pubmed.a024475
Connecting to academic.oup.com (academic.oup.com)|173.254.190.144|:443... connected.
HTTP request sent, awaiting response... 200 OK
Length: 84459 (82K) [text/html]
Saving to: ‘oxfordjournals.pubmed.a024475’

     0K .......... .......... .......... .......... .......... 60%  209K 0s
    50K .......... .......... .......... ..                   100% 11.0M=0.2s

2017-01-29 10:56:17 (341 KB/s) - ‘oxfordjournals.pubmed.a024475’ saved [84459/84459]

--2017-01-29 10:56:18--  http://doi.org/10.1093/oxfordjournals.pubmed.a024489
Connecting to doi.org (doi.org)|63.123.152.248|:80... connected.
HTTP request sent, awaiting response... 303 See Other
Location: https://academic.oup.com/jpubhealth/article-lookup/doi/10.1093/oxfordjournals.pubmed.a024489 [following]
--2017-01-29 10:56:20--  https://academic.oup.com/jpubhealth/article-lookup/doi/10.1093/oxfordjournals.pubmed.a024489
Connecting to academic.oup.com (academic.oup.com)|173.254.190.144|:443... connected.
HTTP request sent, awaiting response... 200 OK
Length: 67979 (66K) [text/html]
Saving to: ‘oxfordjournals.pubmed.a024489’

     0K .......... .......... .......... .......... .......... 75%  209K 0s
    50K .......... ......                                     100% 4.22M=0.2s

2017-01-29 10:56:25 (273 KB/s) - ‘oxfordjournals.pubmed.a024489’ saved [67979/67979]

--2017-01-29 10:56:26--  http://doi.org/10.1093/oxfordjournals.pubmed.a024490
Connecting to doi.org (doi.org)|63.123.152.248|:80... connected.
HTTP request sent, awaiting response... 303 See Other
Location: https://academic.oup.com/jpubhealth/article-lookup/doi/10.1093/oxfordjournals.pubmed.a024490 [following]
--2017-01-29 10:56:27--  https://academic.oup.com/jpubhealth/article-lookup/doi/10.1093/oxfordjournals.pubmed.a024490
Connecting to academic.oup.com (academic.oup.com)|173.254.190.144|:443... connected.
HTTP request sent, awaiting response... 200 OK
Length: 83325 (81K) [text/html]
Saving to: ‘oxfordjournals.pubmed.a024490’

     0K .......... .......... .......... .......... .......... 61%  209K 0s
    50K .......... .......... .......... .                    100% 9.02M=0.2s

2017-01-29 10:56:30 (335 KB/s) - ‘oxfordjournals.pubmed.a024490’ saved [83325/83325]

--2017-01-29 10:56:31--  http://doi.org/10.1093/oxfordjournals.pubmed.a024498
Connecting to doi.org (doi.org)|63.123.152.248|:80... connected.
HTTP request sent, awaiting response... 303 See Other
Location: https://academic.oup.com/jpubhealth/article-lookup/doi/10.1093/oxfordjournals.pubmed.a024498 [following]
--2017-01-29 10:56:33--  https://academic.oup.com/jpubhealth/article-lookup/doi/10.1093/oxfordjournals.pubmed.a024498
Connecting to academic.oup.com (academic.oup.com)|173.254.190.144|:443... connected.
HTTP request sent, awaiting response... 200 OK
Length: 68283 (67K) [text/html]
Saving to: ‘oxfordjournals.pubmed.a024498’

     0K .......... .......... .......... .......... .......... 74%  209K 0s
    50K .......... ......                                     100% 14.9M=0.2s

2017-01-29 10:56:36 (277 KB/s) - ‘oxfordjournals.pubmed.a024498’ saved [68283/68283]

--2017-01-29 10:56:37--  http://doi.org/10.1093/oxfordjournals.pubmed.a024479
Connecting to doi.org (doi.org)|63.123.152.248|:80... connected.
HTTP request sent, awaiting response... 303 See Other
Location: https://academic.oup.com/jpubhealth/article-lookup/doi/10.1093/oxfordjournals.pubmed.a024479 [following]
--2017-01-29 10:56:39--  https://academic.oup.com/jpubhealth/article-lookup/doi/10.1093/oxfordjournals.pubmed.a024479
Connecting to academic.oup.com (academic.oup.com)|173.254.190.144|:443... connected.
HTTP request sent, awaiting response... 200 OK
Length: 81150 (79K) [text/html]
Saving to: ‘oxfordjournals.pubmed.a024479’

     0K .......... .......... .......... .......... .......... 63%  208K 0s
    50K .......... .......... .........                       100% 14.1M=0.2s

2017-01-29 10:56:42 (327 KB/s) - ‘oxfordjournals.pubmed.a024479’ saved [81150/81150]

--2017-01-29 10:56:43--  http://doi.org/10.1093/oxfordjournals.pubmed.a024492
Connecting to doi.org (doi.org)|63.123.152.248|:80... connected.
HTTP request sent, awaiting response... 303 See Other
Location: https://academic.oup.com/jpubhealth/article-lookup/doi/10.1093/oxfordjournals.pubmed.a024492 [following]
--2017-01-29 10:56:45--  https://academic.oup.com/jpubhealth/article-lookup/doi/10.1093/oxfordjournals.pubmed.a024492
Connecting to academic.oup.com (academic.oup.com)|173.254.190.144|:443... connected.
HTTP request sent, awaiting response... 200 OK
Length: 68044 (66K) [text/html]
Saving to: ‘oxfordjournals.pubmed.a024492’

     0K .......... .......... .......... .......... .......... 75%  207K 0s
    50K .......... ......                                     100% 17.3M=0.2s

2017-01-29 10:56:50 (275 KB/s) - ‘oxfordjournals.pubmed.a024492’ saved [68044/68044]

--2017-01-29 10:56:51--  http://doi.org/10.1093/oxfordjournals.pubmed.a024483
Connecting to doi.org (doi.org)|63.123.152.248|:80... connected.
HTTP request sent, awaiting response... 303 See Other
Location: https://academic.oup.com/jpubhealth/article-lookup/doi/10.1093/oxfordjournals.pubmed.a024483 [following]
--2017-01-29 10:56:52--  https://academic.oup.com/jpubhealth/article-lookup/doi/10.1093/oxfordjournals.pubmed.a024483
Connecting to academic.oup.com (academic.oup.com)|173.254.190.144|:443... connected.
HTTP request sent, awaiting response... 200 OK
Length: 89946 (88K) [text/html]
Saving to: ‘oxfordjournals.pubmed.a024483’

     0K .......... .......... .......... .......... .......... 56%  209K 0s
    50K .......... .......... .......... .......              100% 11.8M=0.2s

2017-01-29 10:56:56 (362 KB/s) - ‘oxfordjournals.pubmed.a024483’ saved [89946/89946]

--2017-01-29 10:56:57--  http://doi.org/10.1093/oxfordjournals.pubmed.a024481
Connecting to doi.org (doi.org)|63.123.152.248|:80... connected.
HTTP request sent, awaiting response... 303 See Other
Location: https://academic.oup.com/jpubhealth/article-lookup/doi/10.1093/oxfordjournals.pubmed.a024481 [following]
--2017-01-29 10:56:58--  https://academic.oup.com/jpubhealth/article-lookup/doi/10.1093/oxfordjournals.pubmed.a024481
Connecting to academic.oup.com (academic.oup.com)|173.254.190.144|:443... connected.
HTTP request sent, awaiting response... 200 OK
Length: 93985 (92K) [text/html]
Saving to: ‘oxfordjournals.pubmed.a024481’

     0K .......... .......... .......... .......... .......... 54%  209K 0s
    50K .......... .......... .......... .......... .         100%  523K=0.3s

2017-01-29 10:57:01 (287 KB/s) - ‘oxfordjournals.pubmed.a024481’ saved [93985/93985]

--2017-01-29 10:57:02--  http://doi.org/10.1093/oxfordjournals.pubmed.a024486
Connecting to doi.org (doi.org)|63.123.152.248|:80... connected.
HTTP request sent, awaiting response... 303 See Other
Location: https://academic.oup.com/jpubhealth/article-lookup/doi/10.1093/oxfordjournals.pubmed.a024486 [following]
--2017-01-29 10:57:04--  https://academic.oup.com/jpubhealth/article-lookup/doi/10.1093/oxfordjournals.pubmed.a024486
Connecting to academic.oup.com (academic.oup.com)|173.254.190.144|:443... connected.
HTTP request sent, awaiting response... 200 OK
Length: 72067 (70K) [text/html]
Saving to: ‘oxfordjournals.pubmed.a024486’

     0K .......... .......... .......... .......... .......... 71%  208K 0s
    50K .......... ..........                                 100% 11.2M=0.2s

2017-01-29 10:57:07 (291 KB/s) - ‘oxfordjournals.pubmed.a024486’ saved [72067/72067]

--2017-01-29 10:57:08--  http://doi.org/10.1093/oxfordjournals.pubmed.a024474
Connecting to doi.org (doi.org)|63.123.152.248|:80... connected.
HTTP request sent, awaiting response... 303 See Other
Location: https://academic.oup.com/jpubhealth/article-lookup/doi/10.1093/oxfordjournals.pubmed.a024474 [following]
--2017-01-29 10:57:09--  https://academic.oup.com/jpubhealth/article-lookup/doi/10.1093/oxfordjournals.pubmed.a024474
Connecting to academic.oup.com (academic.oup.com)|173.254.190.144|:443... connected.
HTTP request sent, awaiting response... 200 OK
Length: 87655 (86K) [text/html]
Saving to: ‘oxfordjournals.pubmed.a024474’

     0K .......... .......... .......... .......... .......... 58%  209K 0s
    50K .......... .......... .......... .....                100% 9.28M=0.2s

2017-01-29 10:57:12 (352 KB/s) - ‘oxfordjournals.pubmed.a024474’ saved [87655/87655]

--2017-01-29 10:57:13--  http://doi.org/10.1093/oxfordjournals.pubmed.a024478
Connecting to doi.org (doi.org)|63.123.152.248|:80... connected.
HTTP request sent, awaiting response... 303 See Other
Location: https://academic.oup.com/jpubhealth/article-lookup/doi/10.1093/oxfordjournals.pubmed.a024478 [following]
--2017-01-29 10:57:15--  https://academic.oup.com/jpubhealth/article-lookup/doi/10.1093/oxfordjournals.pubmed.a024478
Connecting to academic.oup.com (academic.oup.com)|173.254.190.144|:443... connected.
HTTP request sent, awaiting response... 200 OK
Length: 80773 (79K) [text/html]
Saving to: ‘oxfordjournals.pubmed.a024478’

     0K .......... .......... .......... .......... .......... 63%  208K 0s
    50K .......... .......... ........                        100% 12.7M=0.2s

2017-01-29 10:57:19 (325 KB/s) - ‘oxfordjournals.pubmed.a024478’ saved [80773/80773]

--2017-01-29 10:57:20--  http://doi.org/10.1093/oxfordjournals.pubmed.a024496
Connecting to doi.org (doi.org)|63.123.152.248|:80... connected.
HTTP request sent, awaiting response... 303 See Other
Location: https://academic.oup.com/jpubhealth/article-lookup/doi/10.1093/oxfordjournals.pubmed.a024496 [following]
--2017-01-29 10:57:22--  https://academic.oup.com/jpubhealth/article-lookup/doi/10.1093/oxfordjournals.pubmed.a024496
Connecting to academic.oup.com (academic.oup.com)|173.254.190.144|:443... connected.
HTTP request sent, awaiting response... 200 OK
Length: 68129 (67K) [text/html]
Saving to: ‘oxfordjournals.pubmed.a024496’

     0K .......... .......... .......... .......... .......... 75%  209K 0s
    50K .......... ......                                     100% 15.1M=0.2s

2017-01-29 10:57:25 (276 KB/s) - ‘oxfordjournals.pubmed.a024496’ saved [68129/68129]

--2017-01-29 10:57:26--  http://doi.org/10.1093/oxfordjournals.pubmed.a024482
Connecting to doi.org (doi.org)|63.123.152.248|:80... connected.
HTTP request sent, awaiting response... 303 See Other
Location: https://academic.oup.com/jpubhealth/article-lookup/doi/10.1093/oxfordjournals.pubmed.a024482 [following]
--2017-01-29 10:57:28--  https://academic.oup.com/jpubhealth/article-lookup/doi/10.1093/oxfordjournals.pubmed.a024482
Connecting to academic.oup.com (academic.oup.com)|173.254.190.144|:443... connected.
HTTP request sent, awaiting response... 200 OK
Length: 100801 (98K) [text/html]
Saving to: ‘oxfordjournals.pubmed.a024482’

     0K .......... .......... .......... .......... .......... 50%  209K 0s
    50K .......... .......... .......... .......... ........  100%  595K=0.3s

2017-01-29 10:57:31 (307 KB/s) - ‘oxfordjournals.pubmed.a024482’ saved [100801/100801]

--2017-01-29 10:57:32--  http://doi.org/10.1093/oxfordjournals.pubmed.a024493
Connecting to doi.org (doi.org)|63.123.152.248|:80... connected.
HTTP request sent, awaiting response... 303 See Other
Location: https://academic.oup.com/jpubhealth/article-lookup/doi/10.1093/oxfordjournals.pubmed.a024493 [following]
--2017-01-29 10:57:34--  https://academic.oup.com/jpubhealth/article-lookup/doi/10.1093/oxfordjournals.pubmed.a024493
Connecting to academic.oup.com (academic.oup.com)|173.254.190.144|:443... connected.
HTTP request sent, awaiting response... 200 OK
Length: 67926 (66K) [text/html]
Saving to: ‘oxfordjournals.pubmed.a024493’

     0K .......... .......... .......... .......... .......... 75%  209K 0s
    50K .......... ......                                     100% 15.5M=0.2s

2017-01-29 10:57:39 (276 KB/s) - ‘oxfordjournals.pubmed.a024493’ saved [67926/67926]

--2017-01-29 10:57:40--  http://doi.org/10.1093/oxfordjournals.pubmed.a024485
Connecting to doi.org (doi.org)|63.123.152.248|:80... connected.
HTTP request sent, awaiting response... 303 See Other
Location: https://academic.oup.com/jpubhealth/article-lookup/doi/10.1093/oxfordjournals.pubmed.a024485 [following]
--2017-01-29 10:57:41--  https://academic.oup.com/jpubhealth/article-lookup/doi/10.1093/oxfordjournals.pubmed.a024485
Connecting to academic.oup.com (academic.oup.com)|173.254.190.144|:443... connected.
HTTP request sent, awaiting response... 200 OK
Length: 77825 (76K) [text/html]
Saving to: ‘oxfordjournals.pubmed.a024485’

     0K .......... .......... .......... .......... .......... 65%  209K 0s
    50K .......... .......... ......                          100% 15.2M=0.2s

2017-01-29 10:57:44 (315 KB/s) - ‘oxfordjournals.pubmed.a024485’ saved [77825/77825]

--2017-01-29 10:57:45--  http://doi.org/10.1093/oxfordjournals.pubmed.a024471
Connecting to doi.org (doi.org)|63.123.152.248|:80... connected.
HTTP request sent, awaiting response... 303 See Other
Location: https://academic.oup.com/jpubhealth/article-lookup/doi/10.1093/oxfordjournals.pubmed.a024471 [following]
--2017-01-29 10:57:47--  https://academic.oup.com/jpubhealth/article-lookup/doi/10.1093/oxfordjournals.pubmed.a024471
Connecting to academic.oup.com (academic.oup.com)|173.254.190.144|:443... connected.
HTTP request sent, awaiting response... 200 OK
Length: 98859 (97K) [text/html]
Saving to: ‘oxfordjournals.pubmed.a024471’

     0K .......... .......... .......... .......... .......... 51%  209K 0s
    50K .......... .......... .......... .......... ......    100%  569K=0.3s

2017-01-29 10:57:52 (301 KB/s) - ‘oxfordjournals.pubmed.a024471’ saved [98859/98859]

--2017-01-29 10:57:53--  http://doi.org/10.1093/oxfordjournals.pubmed.a024519
Connecting to doi.org (doi.org)|63.123.152.248|:80... connected.
HTTP request sent, awaiting response... 303 See Other
Location: https://academic.oup.com/jpubhealth/article-lookup/doi/10.1093/oxfordjournals.pubmed.a024519 [following]
--2017-01-29 10:57:55--  https://academic.oup.com/jpubhealth/article-lookup/doi/10.1093/oxfordjournals.pubmed.a024519
Connecting to academic.oup.com (academic.oup.com)|173.254.190.144|:443... connected.
HTTP request sent, awaiting response... 200 OK
Length: 72057 (70K) [text/html]
Saving to: ‘oxfordjournals.pubmed.a024519’

     0K .......... .......... .......... .......... .......... 71%  310K 0s
    50K .......... ..........                                 100%  257K=0.2s

2017-01-29 10:57:57 (293 KB/s) - ‘oxfordjournals.pubmed.a024519’ saved [72057/72057]

--2017-01-29 10:57:58--  http://doi.org/10.1093/oxfordjournals.pubmed.a024521
Connecting to doi.org (doi.org)|63.123.152.248|:80... connected.
HTTP request sent, awaiting response... 303 See Other
Location: https://academic.oup.com/jpubhealth/article-lookup/doi/10.1093/oxfordjournals.pubmed.a024521 [following]
--2017-01-29 10:58:00--  https://academic.oup.com/jpubhealth/article-lookup/doi/10.1093/oxfordjournals.pubmed.a024521
Connecting to academic.oup.com (academic.oup.com)|173.254.190.144|:443... connected.
HTTP request sent, awaiting response... 200 OK
Length: 68385 (67K) [text/html]
Saving to: ‘oxfordjournals.pubmed.a024521’

     0K .......... .......... .......... .......... .......... 74%  209K 0s
    50K .......... ......                                     100% 16.0M=0.2s

2017-01-29 10:58:03 (278 KB/s) - ‘oxfordjournals.pubmed.a024521’ saved [68385/68385]

--2017-01-29 10:58:04--  http://doi.org/10.1093/oxfordjournals.pubmed.a024504
Connecting to doi.org (doi.org)|63.123.152.248|:80... connected.
HTTP request sent, awaiting response... 303 See Other
Location: https://academic.oup.com/jpubhealth/article-lookup/doi/10.1093/oxfordjournals.pubmed.a024504 [following]
--2017-01-29 10:58:06--  https://academic.oup.com/jpubhealth/article-lookup/doi/10.1093/oxfordjournals.pubmed.a024504
Connecting to academic.oup.com (academic.oup.com)|173.254.190.144|:443... connected.
HTTP request sent, awaiting response... 200 OK
Length: 75113 (73K) [text/html]
Saving to: ‘oxfordjournals.pubmed.a024504’

     0K .......... .......... .......... .......... .......... 68%  209K 0s
    50K .......... .......... ...                             100% 10.7M=0.2s

2017-01-29 10:58:08 (304 KB/s) - ‘oxfordjournals.pubmed.a024504’ saved [75113/75113]

--2017-01-29 10:58:09--  http://doi.org/10.1093/oxfordjournals.pubmed.a024512
Connecting to doi.org (doi.org)|63.123.152.248|:80... connected.
HTTP request sent, awaiting response... 303 See Other
Location: https://academic.oup.com/jpubhealth/article-lookup/doi/10.1093/oxfordjournals.pubmed.a024512 [following]
--2017-01-29 10:58:10--  https://academic.oup.com/jpubhealth/article-lookup/doi/10.1093/oxfordjournals.pubmed.a024512
Connecting to academic.oup.com (academic.oup.com)|173.254.190.144|:443... connected.
HTTP request sent, awaiting response... 200 OK
Length: 86306 (84K) [text/html]
Saving to: ‘oxfordjournals.pubmed.a024512’

     0K .......... .......... .......... .......... .......... 59%  209K 0s
    50K .......... .......... .......... ....                 100% 10.1M=0.2s

2017-01-29 10:58:14 (347 KB/s) - ‘oxfordjournals.pubmed.a024512’ saved [86306/86306]

--2017-01-29 10:58:15--  http://doi.org/10.1093/oxfordjournals.pubmed.a024505
Connecting to doi.org (doi.org)|63.123.152.248|:80... connected.
HTTP request sent, awaiting response... 303 See Other
Location: https://academic.oup.com/jpubhealth/article-lookup/doi/10.1093/oxfordjournals.pubmed.a024505 [following]
--2017-01-29 10:58:16--  https://academic.oup.com/jpubhealth/article-lookup/doi/10.1093/oxfordjournals.pubmed.a024505
Connecting to academic.oup.com (academic.oup.com)|173.254.190.144|:443... connected.
HTTP request sent, awaiting response... 200 OK
Length: 78132 (76K) [text/html]
Saving to: ‘oxfordjournals.pubmed.a024505’

     0K .......... .......... .......... .......... .......... 65%  209K 0s
    50K .......... .......... ......                          100% 12.6M=0.2s

2017-01-29 10:58:20 (316 KB/s) - ‘oxfordjournals.pubmed.a024505’ saved [78132/78132]

--2017-01-29 10:58:21--  http://doi.org/10.1093/oxfordjournals.pubmed.a024508
Connecting to doi.org (doi.org)|63.123.152.248|:80... connected.
HTTP request sent, awaiting response... 303 See Other
Location: https://academic.oup.com/jpubhealth/article-lookup/doi/10.1093/oxfordjournals.pubmed.a024508 [following]
--2017-01-29 10:58:23--  https://academic.oup.com/jpubhealth/article-lookup/doi/10.1093/oxfordjournals.pubmed.a024508
Connecting to academic.oup.com (academic.oup.com)|173.254.190.144|:443... connected.
HTTP request sent, awaiting response... 200 OK
Length: 77538 (76K) [text/html]
Saving to: ‘oxfordjournals.pubmed.a024508’

     0K .......... .......... .......... .......... .......... 66%  206K 0s
    50K .......... .......... .....                           100% 13.7M=0.2s

2017-01-29 10:58:28 (310 KB/s) - ‘oxfordjournals.pubmed.a024508’ saved [77538/77538]

--2017-01-29 10:58:29--  http://doi.org/10.1093/oxfordjournals.pubmed.a024532
Connecting to doi.org (doi.org)|63.123.152.248|:80... connected.
HTTP request sent, awaiting response... 303 See Other
Location: https://academic.oup.com/jpubhealth/article-lookup/doi/10.1093/oxfordjournals.pubmed.a024532 [following]
--2017-01-29 10:58:31--  https://academic.oup.com/jpubhealth/article-lookup/doi/10.1093/oxfordjournals.pubmed.a024532
Connecting to academic.oup.com (academic.oup.com)|173.254.190.144|:443... connected.
HTTP request sent, awaiting response... 200 OK
Length: 68778 (67K) [text/html]
Saving to: ‘oxfordjournals.pubmed.a024532’

     0K .......... .......... .......... .......... .......... 74%  209K 0s
    50K .......... .......                                    100% 1.90M=0.2s

2017-01-29 10:58:36 (271 KB/s) - ‘oxfordjournals.pubmed.a024532’ saved [68778/68778]

--2017-01-29 10:58:37--  http://doi.org/10.1093/oxfordjournals.pubmed.a024527
Connecting to doi.org (doi.org)|63.123.152.248|:80... connected.
HTTP request sent, awaiting response... 303 See Other
Location: https://academic.oup.com/jpubhealth/article-lookup/doi/10.1093/oxfordjournals.pubmed.a024527 [following]
--2017-01-29 10:58:38--  https://academic.oup.com/jpubhealth/article-lookup/doi/10.1093/oxfordjournals.pubmed.a024527
Connecting to academic.oup.com (academic.oup.com)|173.254.190.144|:443... connected.
HTTP request sent, awaiting response... 200 OK
Length: 68570 (67K) [text/html]
Saving to: ‘oxfordjournals.pubmed.a024527’

     0K .......... .......... .......... .......... .......... 74%  209K 0s
    50K .......... ......                                     100% 16.5M=0.2s

2017-01-29 10:58:42 (279 KB/s) - ‘oxfordjournals.pubmed.a024527’ saved [68570/68570]

--2017-01-29 10:58:43--  http://doi.org/10.1093/oxfordjournals.pubmed.a024523
Connecting to doi.org (doi.org)|63.123.152.248|:80... connected.
HTTP request sent, awaiting response... 303 See Other
Location: https://academic.oup.com/jpubhealth/article-lookup/doi/10.1093/oxfordjournals.pubmed.a024523 [following]
--2017-01-29 10:58:45--  https://academic.oup.com/jpubhealth/article-lookup/doi/10.1093/oxfordjournals.pubmed.a024523
Connecting to academic.oup.com (academic.oup.com)|173.254.190.144|:443... connected.
HTTP request sent, awaiting response... 200 OK
Length: 68447 (67K) [text/html]
Saving to: ‘oxfordjournals.pubmed.a024523’

     0K .......... .......... .......... .......... .......... 74%  209K 0s
    50K .......... ......                                     100% 17.4M=0.2s

2017-01-29 10:58:48 (278 KB/s) - ‘oxfordjournals.pubmed.a024523’ saved [68447/68447]

--2017-01-29 10:58:49--  http://doi.org/10.1093/oxfordjournals.pubmed.a024518
Connecting to doi.org (doi.org)|63.123.152.248|:80... connected.
HTTP request sent, awaiting response... 303 See Other
Location: https://academic.oup.com/jpubhealth/article-lookup/doi/10.1093/oxfordjournals.pubmed.a024518 [following]
--2017-01-29 10:58:50--  https://academic.oup.com/jpubhealth/article-lookup/doi/10.1093/oxfordjournals.pubmed.a024518
Connecting to academic.oup.com (academic.oup.com)|173.254.190.144|:443... connected.
HTTP request sent, awaiting response... 200 OK
Length: 86331 (84K) [text/html]
Saving to: ‘oxfordjournals.pubmed.a024518’

     0K .......... .......... .......... .......... .......... 59%  308K 0s
    50K .......... .......... .......... ....                 100%  426K=0.2s

2017-01-29 10:58:56 (347 KB/s) - ‘oxfordjournals.pubmed.a024518’ saved [86331/86331]

--2017-01-29 10:58:57--  http://doi.org/10.1093/oxfordjournals.pubmed.a024509
Connecting to doi.org (doi.org)|63.123.152.248|:80... connected.
HTTP request sent, awaiting response... 303 See Other
Location: https://academic.oup.com/jpubhealth/article-lookup/doi/10.1093/oxfordjournals.pubmed.a024509 [following]
--2017-01-29 10:58:58--  https://academic.oup.com/jpubhealth/article-lookup/doi/10.1093/oxfordjournals.pubmed.a024509
Connecting to academic.oup.com (academic.oup.com)|173.254.190.144|:443... connected.
HTTP request sent, awaiting response... 200 OK
Length: 78094 (76K) [text/html]
Saving to: ‘oxfordjournals.pubmed.a024509’

     0K .......... .......... .......... .......... .......... 65%  208K 0s
    50K .......... .......... ......                          100% 12.7M=0.2s

2017-01-29 10:59:03 (314 KB/s) - ‘oxfordjournals.pubmed.a024509’ saved [78094/78094]

--2017-01-29 10:59:04--  http://doi.org/10.1093/oxfordjournals.pubmed.a024526
Connecting to doi.org (doi.org)|63.123.152.248|:80... connected.
HTTP request sent, awaiting response... 303 See Other
Location: https://academic.oup.com/jpubhealth/article-lookup/doi/10.1093/oxfordjournals.pubmed.a024526 [following]
--2017-01-29 10:59:05--  https://academic.oup.com/jpubhealth/article-lookup/doi/10.1093/oxfordjournals.pubmed.a024526
Connecting to academic.oup.com (academic.oup.com)|173.254.190.144|:443... connected.
HTTP request sent, awaiting response... 200 OK
Length: 68845 (67K) [text/html]
Saving to: ‘oxfordjournals.pubmed.a024526’

     0K .......... .......... .......... .......... .......... 74%  208K 0s
    50K .......... .......                                    100% 16.4M=0.2s

2017-01-29 10:59:09 (279 KB/s) - ‘oxfordjournals.pubmed.a024526’ saved [68845/68845]

--2017-01-29 10:59:10--  http://doi.org/10.1093/oxfordjournals.pubmed.a024514
Connecting to doi.org (doi.org)|63.123.152.248|:80... connected.
HTTP request sent, awaiting response... 303 See Other
Location: https://academic.oup.com/jpubhealth/article-lookup/doi/10.1093/oxfordjournals.pubmed.a024514 [following]
--2017-01-29 10:59:11--  https://academic.oup.com/jpubhealth/article-lookup/doi/10.1093/oxfordjournals.pubmed.a024514
Connecting to academic.oup.com (academic.oup.com)|173.254.190.144|:443... connected.
HTTP request sent, awaiting response... 200 OK
Length: 94900 (93K) [text/html]
Saving to: ‘oxfordjournals.pubmed.a024514’

     0K .......... .......... .......... .......... .......... 53%  208K 0s
    50K .......... .......... .......... .......... ..        100% 7.28M=0.2s

2017-01-29 10:59:15 (376 KB/s) - ‘oxfordjournals.pubmed.a024514’ saved [94900/94900]

--2017-01-29 10:59:16--  http://doi.org/10.1093/oxfordjournals.pubmed.a024520
Connecting to doi.org (doi.org)|63.123.152.248|:80... connected.
HTTP request sent, awaiting response... 303 See Other
Location: https://academic.oup.com/jpubhealth/article-lookup/doi/10.1093/oxfordjournals.pubmed.a024520 [following]
--2017-01-29 10:59:17--  https://academic.oup.com/jpubhealth/article-lookup/doi/10.1093/oxfordjournals.pubmed.a024520
Connecting to academic.oup.com (academic.oup.com)|173.254.190.144|:443... connected.
HTTP request sent, awaiting response... 200 OK
Length: 68576 (67K) [text/html]
Saving to: ‘oxfordjournals.pubmed.a024520’

     0K .......... .......... .......... .......... .......... 74%  308K 0s
    50K .......... ......                                     100%  216K=0.2s

2017-01-29 10:59:22 (278 KB/s) - ‘oxfordjournals.pubmed.a024520’ saved [68576/68576]

--2017-01-29 10:59:23--  http://doi.org/10.1093/oxfordjournals.pubmed.a024503
Connecting to doi.org (doi.org)|63.123.152.248|:80... connected.
HTTP request sent, awaiting response... 303 See Other
Location: https://academic.oup.com/jpubhealth/article-lookup/doi/10.1093/oxfordjournals.pubmed.a024503 [following]
--2017-01-29 10:59:24--  https://academic.oup.com/jpubhealth/article-lookup/doi/10.1093/oxfordjournals.pubmed.a024503
Connecting to academic.oup.com (academic.oup.com)|173.254.190.144|:443... connected.
HTTP request sent, awaiting response... 200 OK
Length: 78186 (76K) [text/html]
Saving to: ‘oxfordjournals.pubmed.a024503’

     0K .......... .......... .......... .......... .......... 65%  208K 0s
    50K .......... .......... ......                          100% 14.1M=0.2s

2017-01-29 10:59:28 (315 KB/s) - ‘oxfordjournals.pubmed.a024503’ saved [78186/78186]

--2017-01-29 10:59:29--  http://doi.org/10.1093/oxfordjournals.pubmed.a024525
Connecting to doi.org (doi.org)|63.123.152.248|:80... connected.
HTTP request sent, awaiting response... 303 See Other
Location: https://academic.oup.com/jpubhealth/article-lookup/doi/10.1093/oxfordjournals.pubmed.a024525 [following]
--2017-01-29 10:59:30--  https://academic.oup.com/jpubhealth/article-lookup/doi/10.1093/oxfordjournals.pubmed.a024525
Connecting to academic.oup.com (academic.oup.com)|173.254.190.144|:443... connected.
HTTP request sent, awaiting response... 200 OK
Length: 68331 (67K) [text/html]
Saving to: ‘oxfordjournals.pubmed.a024525’

     0K .......... .......... .......... .......... .......... 74%  209K 0s
    50K .......... ......                                     100% 14.7M=0.2s

2017-01-29 10:59:33 (277 KB/s) - ‘oxfordjournals.pubmed.a024525’ saved [68331/68331]

--2017-01-29 10:59:34--  http://doi.org/10.1093/oxfordjournals.pubmed.a024522
Connecting to doi.org (doi.org)|63.123.152.248|:80... connected.
HTTP request sent, awaiting response... 303 See Other
Location: https://academic.oup.com/jpubhealth/article-lookup/doi/10.1093/oxfordjournals.pubmed.a024522 [following]
--2017-01-29 10:59:36--  https://academic.oup.com/jpubhealth/article-lookup/doi/10.1093/oxfordjournals.pubmed.a024522
Connecting to academic.oup.com (academic.oup.com)|173.254.190.144|:443... connected.
HTTP request sent, awaiting response... 200 OK
Length: 68395 (67K) [text/html]
Saving to: ‘oxfordjournals.pubmed.a024522’

     0K .......... .......... .......... .......... .......... 74%  306K 0s
    50K .......... ......                                     100%  205K=0.2s

2017-01-29 10:59:39 (272 KB/s) - ‘oxfordjournals.pubmed.a024522’ saved [68395/68395]

--2017-01-29 10:59:40--  http://doi.org/10.1093/oxfordjournals.pubmed.a024530
Connecting to doi.org (doi.org)|63.123.152.248|:80... connected.
HTTP request sent, awaiting response... 303 See Other
Location: https://academic.oup.com/jpubhealth/article-lookup/doi/10.1093/oxfordjournals.pubmed.a024530 [following]
--2017-01-29 10:59:41--  https://academic.oup.com/jpubhealth/article-lookup/doi/10.1093/oxfordjournals.pubmed.a024530
Connecting to academic.oup.com (academic.oup.com)|173.254.190.144|:443... connected.
HTTP request sent, awaiting response... 200 OK
Length: 68334 (67K) [text/html]
Saving to: ‘oxfordjournals.pubmed.a024530’

     0K .......... .......... .......... .......... .......... 74%  307K 0s
    50K .......... ......                                     100%  211K=0.2s

2017-01-29 10:59:46 (276 KB/s) - ‘oxfordjournals.pubmed.a024530’ saved [68334/68334]

--2017-01-29 10:59:47--  http://doi.org/10.1093/oxfordjournals.pubmed.a024529
Connecting to doi.org (doi.org)|63.123.152.248|:80... connected.
HTTP request sent, awaiting response... 303 See Other
Location: https://academic.oup.com/jpubhealth/article-lookup/doi/10.1093/oxfordjournals.pubmed.a024529 [following]
--2017-01-29 10:59:48--  https://academic.oup.com/jpubhealth/article-lookup/doi/10.1093/oxfordjournals.pubmed.a024529
Connecting to academic.oup.com (academic.oup.com)|173.254.190.144|:443... connected.
HTTP request sent, awaiting response... 200 OK
Length: 71037 (69K) [text/html]
Saving to: ‘oxfordjournals.pubmed.a024529’

     0K .......... .......... .......... .......... .......... 72%  208K 0s
    50K .......... .........                                  100% 15.0M=0.2s

2017-01-29 10:59:52 (288 KB/s) - ‘oxfordjournals.pubmed.a024529’ saved [71037/71037]

--2017-01-29 10:59:53--  http://doi.org/10.1093/oxfordjournals.pubmed.a024515
Connecting to doi.org (doi.org)|63.123.152.248|:80... connected.
HTTP request sent, awaiting response... 303 See Other
Location: https://academic.oup.com/jpubhealth/article-lookup/doi/10.1093/oxfordjournals.pubmed.a024515 [following]
--2017-01-29 10:59:54--  https://academic.oup.com/jpubhealth/article-lookup/doi/10.1093/oxfordjournals.pubmed.a024515
Connecting to academic.oup.com (academic.oup.com)|173.254.190.144|:443... connected.
HTTP request sent, awaiting response... 200 OK
Length: 89714 (88K) [text/html]
Saving to: ‘oxfordjournals.pubmed.a024515’

     0K .......... .......... .......... .......... .......... 57%  209K 0s
    50K .......... .......... .......... .......              100% 9.72M=0.2s

2017-01-29 10:59:58 (360 KB/s) - ‘oxfordjournals.pubmed.a024515’ saved [89714/89714]

--2017-01-29 10:59:59--  http://doi.org/10.1093/oxfordjournals.pubmed.a024507
Connecting to doi.org (doi.org)|63.123.152.248|:80... connected.
HTTP request sent, awaiting response... 303 See Other
Location: https://academic.oup.com/jpubhealth/article-lookup/doi/10.1093/oxfordjournals.pubmed.a024507 [following]
--2017-01-29 11:00:01--  https://academic.oup.com/jpubhealth/article-lookup/doi/10.1093/oxfordjournals.pubmed.a024507
Connecting to academic.oup.com (academic.oup.com)|173.254.190.144|:443... connected.
HTTP request sent, awaiting response... 200 OK
Length: 90213 (88K) [text/html]
Saving to: ‘oxfordjournals.pubmed.a024507’

     0K .......... .......... .......... .......... .......... 56%  208K 0s
    50K .......... .......... .......... ........             100%  938K=0.3s

2017-01-29 11:00:07 (314 KB/s) - ‘oxfordjournals.pubmed.a024507’ saved [90213/90213]

--2017-01-29 11:00:08--  http://doi.org/10.1093/oxfordjournals.pubmed.a024513
Connecting to doi.org (doi.org)|63.123.152.248|:80... connected.
HTTP request sent, awaiting response... 303 See Other
Location: https://academic.oup.com/jpubhealth/article-lookup/doi/10.1093/oxfordjournals.pubmed.a024513 [following]
--2017-01-29 11:00:09--  https://academic.oup.com/jpubhealth/article-lookup/doi/10.1093/oxfordjournals.pubmed.a024513
Connecting to academic.oup.com (academic.oup.com)|173.254.190.144|:443... connected.
HTTP request sent, awaiting response... 200 OK
Length: 106434 (104K) [text/html]
Saving to: ‘oxfordjournals.pubmed.a024513’

     0K .......... .......... .......... .......... .......... 48%  209K 0s
    50K .......... .......... .......... .......... .......... 96%  613K 0s
   100K ...                                                   100% 7514G=0.3s

2017-01-29 11:00:16 (324 KB/s) - ‘oxfordjournals.pubmed.a024513’ saved [106434/106434]

--2017-01-29 11:00:17--  http://doi.org/10.1093/oxfordjournals.pubmed.a024502
Connecting to doi.org (doi.org)|63.123.152.248|:80... connected.
HTTP request sent, awaiting response... 303 See Other
Location: https://academic.oup.com/jpubhealth/article-lookup/doi/10.1093/oxfordjournals.pubmed.a024502 [following]
--2017-01-29 11:00:19--  https://academic.oup.com/jpubhealth/article-lookup/doi/10.1093/oxfordjournals.pubmed.a024502
Connecting to academic.oup.com (academic.oup.com)|173.254.190.144|:443... connected.
HTTP request sent, awaiting response... 200 OK
Length: 77987 (76K) [text/html]
Saving to: ‘oxfordjournals.pubmed.a024502’

     0K .......... .......... .......... .......... .......... 65%  208K 0s
    50K .......... .......... ......                          100% 14.4M=0.2s

2017-01-29 11:00:22 (315 KB/s) - ‘oxfordjournals.pubmed.a024502’ saved [77987/77987]

--2017-01-29 11:00:23--  http://doi.org/10.1093/oxfordjournals.pubmed.a024531
Connecting to doi.org (doi.org)|63.123.152.248|:80... connected.
HTTP request sent, awaiting response... 303 See Other
Location: https://academic.oup.com/jpubhealth/article-lookup/doi/10.1093/oxfordjournals.pubmed.a024531 [following]
--2017-01-29 11:00:25--  https://academic.oup.com/jpubhealth/article-lookup/doi/10.1093/oxfordjournals.pubmed.a024531
Connecting to academic.oup.com (academic.oup.com)|173.254.190.144|:443... connected.
HTTP request sent, awaiting response... 200 OK
Length: 83251 (81K) [text/html]
Saving to: ‘oxfordjournals.pubmed.a024531’

     0K .......... .......... .......... .......... .......... 61%  209K 0s
    50K .......... .......... .......... .                    100% 9.25M=0.2s

2017-01-29 11:00:28 (335 KB/s) - ‘oxfordjournals.pubmed.a024531’ saved [83251/83251]

--2017-01-29 11:00:29--  http://doi.org/10.1093/oxfordjournals.pubmed.a024501
Connecting to doi.org (doi.org)|63.123.152.248|:80... connected.
HTTP request sent, awaiting response... 303 See Other
Location: https://academic.oup.com/jpubhealth/article-lookup/doi/10.1093/oxfordjournals.pubmed.a024501 [following]
--2017-01-29 11:00:31--  https://academic.oup.com/jpubhealth/article-lookup/doi/10.1093/oxfordjournals.pubmed.a024501
Connecting to academic.oup.com (academic.oup.com)|173.254.190.144|:443... connected.
HTTP request sent, awaiting response... 200 OK
Length: 90261 (88K) [text/html]
Saving to: ‘oxfordjournals.pubmed.a024501’

     0K .......... .......... .......... .......... .......... 56%  209K 0s
    50K .......... .......... .......... ........             100% 9.59M=0.2s

2017-01-29 11:00:40 (363 KB/s) - ‘oxfordjournals.pubmed.a024501’ saved [90261/90261]

--2017-01-29 11:00:41--  http://doi.org/10.1093/oxfordjournals.pubmed.a024516
Connecting to doi.org (doi.org)|63.123.152.248|:80... connected.
HTTP request sent, awaiting response... 303 See Other
Location: https://academic.oup.com/jpubhealth/article-lookup/doi/10.1093/oxfordjournals.pubmed.a024516 [following]
--2017-01-29 11:00:42--  https://academic.oup.com/jpubhealth/article-lookup/doi/10.1093/oxfordjournals.pubmed.a024516
Connecting to academic.oup.com (academic.oup.com)|173.254.190.144|:443... connected.
HTTP request sent, awaiting response... 200 OK
Length: 79180 (77K) [text/html]
Saving to: ‘oxfordjournals.pubmed.a024516’

     0K .......... .......... .......... .......... .......... 64%  209K 0s
    50K .......... .......... .......                         100% 13.6M=0.2s

2017-01-29 11:00:46 (320 KB/s) - ‘oxfordjournals.pubmed.a024516’ saved [79180/79180]

--2017-01-29 11:00:47--  http://doi.org/10.1093/oxfordjournals.pubmed.a024524
Connecting to doi.org (doi.org)|63.123.152.248|:80... connected.
HTTP request sent, awaiting response... 303 See Other
Location: https://academic.oup.com/jpubhealth/article-lookup/doi/10.1093/oxfordjournals.pubmed.a024524 [following]
--2017-01-29 11:00:48--  https://academic.oup.com/jpubhealth/article-lookup/doi/10.1093/oxfordjournals.pubmed.a024524
Connecting to academic.oup.com (academic.oup.com)|173.254.190.144|:443... connected.
HTTP request sent, awaiting response... 200 OK
Length: 68466 (67K) [text/html]
Saving to: ‘oxfordjournals.pubmed.a024524’

     0K .......... .......... .......... .......... .......... 74%  209K 0s
    50K .......... ......                                     100% 15.8M=0.2s

2017-01-29 11:00:52 (278 KB/s) - ‘oxfordjournals.pubmed.a024524’ saved [68466/68466]

--2017-01-29 11:00:53--  http://doi.org/10.1093/oxfordjournals.pubmed.a024528
Connecting to doi.org (doi.org)|63.123.152.248|:80... connected.
HTTP request sent, awaiting response... 303 See Other
Location: https://academic.oup.com/jpubhealth/article-lookup/doi/10.1093/oxfordjournals.pubmed.a024528 [following]
--2017-01-29 11:00:54--  https://academic.oup.com/jpubhealth/article-lookup/doi/10.1093/oxfordjournals.pubmed.a024528
Connecting to academic.oup.com (academic.oup.com)|173.254.190.144|:443... connected.
HTTP request sent, awaiting response... 200 OK
Length: 75174 (73K) [text/html]
Saving to: ‘oxfordjournals.pubmed.a024528’

     0K .......... .......... .......... .......... .......... 68%  309K 0s
    50K .......... .......... ...                             100%  294K=0.2s

2017-01-29 11:00:58 (305 KB/s) - ‘oxfordjournals.pubmed.a024528’ saved [75174/75174]

--2017-01-29 11:00:59--  http://doi.org/10.1093/oxfordjournals.pubmed.a024511
Connecting to doi.org (doi.org)|63.123.152.248|:80... connected.
HTTP request sent, awaiting response... 303 See Other
Location: https://academic.oup.com/jpubhealth/article-lookup/doi/10.1093/oxfordjournals.pubmed.a024511 [following]
--2017-01-29 11:01:00--  https://academic.oup.com/jpubhealth/article-lookup/doi/10.1093/oxfordjournals.pubmed.a024511
Connecting to academic.oup.com (academic.oup.com)|173.254.190.144|:443... connected.
HTTP request sent, awaiting response... 200 OK
Length: 84538 (83K) [text/html]
Saving to: ‘oxfordjournals.pubmed.a024511’

     0K .......... .......... .......... .......... .......... 60%  207K 0s
    50K .......... .......... .......... ..                   100% 10.3M=0.2s

2017-01-29 11:01:04 (338 KB/s) - ‘oxfordjournals.pubmed.a024511’ saved [84538/84538]

--2017-01-29 11:01:05--  http://doi.org/10.1093/oxfordjournals.pubmed.a024500
Connecting to doi.org (doi.org)|63.123.152.248|:80... connected.
HTTP request sent, awaiting response... 303 See Other
Location: https://academic.oup.com/jpubhealth/article-lookup/doi/10.1093/oxfordjournals.pubmed.a024500 [following]
--2017-01-29 11:01:07--  https://academic.oup.com/jpubhealth/article-lookup/doi/10.1093/oxfordjournals.pubmed.a024500
Connecting to academic.oup.com (academic.oup.com)|173.254.190.144|:443... connected.
HTTP request sent, awaiting response... 200 OK
Length: 67983 (66K) [text/html]
Saving to: ‘oxfordjournals.pubmed.a024500’

     0K .......... .......... .......... .......... .......... 75%  308K 0s
    50K .......... ......                                     100%  203K=0.2s

2017-01-29 11:01:10 (273 KB/s) - ‘oxfordjournals.pubmed.a024500’ saved [67983/67983]

--2017-01-29 11:01:11--  http://doi.org/10.1093/oxfordjournals.pubmed.a024510
Connecting to doi.org (doi.org)|63.123.152.248|:80... connected.
HTTP request sent, awaiting response... 303 See Other
Location: https://academic.oup.com/jpubhealth/article-lookup/doi/10.1093/oxfordjournals.pubmed.a024510 [following]
--2017-01-29 11:01:13--  https://academic.oup.com/jpubhealth/article-lookup/doi/10.1093/oxfordjournals.pubmed.a024510
Connecting to academic.oup.com (academic.oup.com)|173.254.190.144|:443... connected.
HTTP request sent, awaiting response... 200 OK
Length: 95416 (93K) [text/html]
Saving to: ‘oxfordjournals.pubmed.a024510’

     0K .......... .......... .......... .......... .......... 53%  209K 0s
    50K .......... .......... .......... .......... ...       100%  535K=0.3s

2017-01-29 11:01:16 (291 KB/s) - ‘oxfordjournals.pubmed.a024510’ saved [95416/95416]

--2017-01-29 11:01:17--  http://doi.org/10.1093/oxfordjournals.pubmed.a024517
Connecting to doi.org (doi.org)|63.123.152.248|:80... connected.
HTTP request sent, awaiting response... 303 See Other
Location: https://academic.oup.com/jpubhealth/article-lookup/doi/10.1093/oxfordjournals.pubmed.a024517 [following]
--2017-01-29 11:01:19--  https://academic.oup.com/jpubhealth/article-lookup/doi/10.1093/oxfordjournals.pubmed.a024517
Connecting to academic.oup.com (academic.oup.com)|173.254.190.144|:443... connected.
HTTP request sent, awaiting response... 200 OK
Length: 98614 (96K) [text/html]
Saving to: ‘oxfordjournals.pubmed.a024517’

     0K .......... .......... .......... .......... .......... 51%  209K 0s
    50K .......... .......... .......... .......... ......    100%  571K=0.3s

2017-01-29 11:01:26 (301 KB/s) - ‘oxfordjournals.pubmed.a024517’ saved [98614/98614]

--2017-01-29 11:01:27--  http://doi.org/10.1093/oxfordjournals.pubmed.a024506
Connecting to doi.org (doi.org)|63.123.152.248|:80... connected.
HTTP request sent, awaiting response... 303 See Other
Location: https://academic.oup.com/jpubhealth/article-lookup/doi/10.1093/oxfordjournals.pubmed.a024506 [following]
--2017-01-29 11:01:29--  https://academic.oup.com/jpubhealth/article-lookup/doi/10.1093/oxfordjournals.pubmed.a024506
Connecting to academic.oup.com (academic.oup.com)|173.254.190.144|:443... connected.
HTTP request sent, awaiting response... 200 OK
Length: 75544 (74K) [text/html]
Saving to: ‘oxfordjournals.pubmed.a024506’

     0K .......... .......... .......... .......... .......... 67%  209K 0s
    50K .......... .......... ...                             100% 9.87M=0.2s

2017-01-29 11:01:32 (305 KB/s) - ‘oxfordjournals.pubmed.a024506’ saved [75544/75544]

--2017-01-29 11:01:33--  http://doi.org/10.1093/oxfordjournals.pubmed.a024550
Connecting to doi.org (doi.org)|63.123.152.248|:80... connected.
HTTP request sent, awaiting response... 303 See Other
Location: https://academic.oup.com/jpubhealth/article-lookup/doi/10.1093/oxfordjournals.pubmed.a024550 [following]
--2017-01-29 11:01:35--  https://academic.oup.com/jpubhealth/article-lookup/doi/10.1093/oxfordjournals.pubmed.a024550
Connecting to academic.oup.com (academic.oup.com)|173.254.190.144|:443... connected.
HTTP request sent, awaiting response... 200 OK
Length: 85954 (84K) [text/html]
Saving to: ‘oxfordjournals.pubmed.a024550’

     0K .......... .......... .......... .......... .......... 59%  208K 0s
    50K .......... .......... .......... ...                  100% 10.1M=0.2s

2017-01-29 11:01:39 (345 KB/s) - ‘oxfordjournals.pubmed.a024550’ saved [85954/85954]

--2017-01-29 11:01:40--  http://doi.org/10.1093/oxfordjournals.pubmed.a024556
Connecting to doi.org (doi.org)|63.123.152.248|:80... connected.
HTTP request sent, awaiting response... 303 See Other
Location: https://academic.oup.com/jpubhealth/article-lookup/doi/10.1093/oxfordjournals.pubmed.a024556 [following]
--2017-01-29 11:01:41--  https://academic.oup.com/jpubhealth/article-lookup/doi/10.1093/oxfordjournals.pubmed.a024556
Connecting to academic.oup.com (academic.oup.com)|173.254.190.144|:443... connected.
HTTP request sent, awaiting response... 200 OK
Length: 68561 (67K) [text/html]
Saving to: ‘oxfordjournals.pubmed.a024556’

     0K .......... .......... .......... .......... .......... 74%  209K 0s
    50K .......... ......                                     100% 15.1M=0.2s

2017-01-29 11:01:44 (279 KB/s) - ‘oxfordjournals.pubmed.a024556’ saved [68561/68561]

--2017-01-29 11:01:45--  http://doi.org/10.1093/oxfordjournals.pubmed.a024558
Connecting to doi.org (doi.org)|63.123.152.248|:80... connected.
HTTP request sent, awaiting response... 303 See Other
Location: https://academic.oup.com/jpubhealth/article-lookup/doi/10.1093/oxfordjournals.pubmed.a024558 [following]
--2017-01-29 11:01:47--  https://academic.oup.com/jpubhealth/article-lookup/doi/10.1093/oxfordjournals.pubmed.a024558
Connecting to academic.oup.com (academic.oup.com)|173.254.190.144|:443... connected.
HTTP request sent, awaiting response... 200 OK
Length: 68937 (67K) [text/html]
Saving to: ‘oxfordjournals.pubmed.a024558’

     0K .......... .......... .......... .......... .......... 74%  209K 0s
    50K .......... .......                                    100% 13.8M=0.2s

2017-01-29 11:01:50 (280 KB/s) - ‘oxfordjournals.pubmed.a024558’ saved [68937/68937]

--2017-01-29 11:01:51--  http://doi.org/10.1093/oxfordjournals.pubmed.a024559
Connecting to doi.org (doi.org)|63.123.152.248|:80... connected.
HTTP request sent, awaiting response... 303 See Other
Location: https://academic.oup.com/jpubhealth/article-lookup/doi/10.1093/oxfordjournals.pubmed.a024559 [following]
--2017-01-29 11:01:52--  https://academic.oup.com/jpubhealth/article-lookup/doi/10.1093/oxfordjournals.pubmed.a024559
Connecting to academic.oup.com (academic.oup.com)|173.254.190.144|:443... connected.
HTTP request sent, awaiting response... 200 OK
Length: 68444 (67K) [text/html]
Saving to: ‘oxfordjournals.pubmed.a024559’

     0K .......... .......... .......... .......... .......... 74%  309K 0s
    50K .......... ......                                     100%  214K=0.2s

2017-01-29 11:01:56 (278 KB/s) - ‘oxfordjournals.pubmed.a024559’ saved [68444/68444]

--2017-01-29 11:01:57--  http://doi.org/10.1093/oxfordjournals.pubmed.a024533
Connecting to doi.org (doi.org)|63.123.152.248|:80... connected.
HTTP request sent, awaiting response... 303 See Other
Location: https://academic.oup.com/jpubhealth/article-lookup/doi/10.1093/oxfordjournals.pubmed.a024533 [following]
--2017-01-29 11:01:58--  https://academic.oup.com/jpubhealth/article-lookup/doi/10.1093/oxfordjournals.pubmed.a024533
Connecting to academic.oup.com (academic.oup.com)|173.254.190.144|:443... connected.
HTTP request sent, awaiting response... 200 OK
Length: 68520 (67K) [text/html]
Saving to: ‘oxfordjournals.pubmed.a024533’

     0K .......... .......... .......... .......... .......... 74%  209K 0s
    50K .......... ......                                     100% 14.7M=0.2s

2017-01-29 11:02:02 (278 KB/s) - ‘oxfordjournals.pubmed.a024533’ saved [68520/68520]

--2017-01-29 11:02:03--  http://doi.org/10.1093/oxfordjournals.pubmed.a024539
Connecting to doi.org (doi.org)|63.123.152.248|:80... connected.
HTTP request sent, awaiting response... 303 See Other
Location: https://academic.oup.com/jpubhealth/article-lookup/doi/10.1093/oxfordjournals.pubmed.a024539 [following]
--2017-01-29 11:02:04--  https://academic.oup.com/jpubhealth/article-lookup/doi/10.1093/oxfordjournals.pubmed.a024539
Connecting to academic.oup.com (academic.oup.com)|173.254.190.144|:443... connected.
HTTP request sent, awaiting response... 200 OK
Length: 93607 (91K) [text/html]
Saving to: ‘oxfordjournals.pubmed.a024539’

     0K .......... .......... .......... .......... .......... 54%  309K 0s
    50K .......... .......... .......... .......... .         100%  261K=0.3s

2017-01-29 11:02:07 (285 KB/s) - ‘oxfordjournals.pubmed.a024539’ saved [93607/93607]

--2017-01-29 11:02:08--  http://doi.org/10.1093/oxfordjournals.pubmed.a024551
Connecting to doi.org (doi.org)|63.123.152.248|:80... connected.
HTTP request sent, awaiting response... 303 See Other
Location: https://academic.oup.com/jpubhealth/article-lookup/doi/10.1093/oxfordjournals.pubmed.a024551 [following]
--2017-01-29 11:02:10--  https://academic.oup.com/jpubhealth/article-lookup/doi/10.1093/oxfordjournals.pubmed.a024551
Connecting to academic.oup.com (academic.oup.com)|173.254.190.144|:443... connected.
HTTP request sent, awaiting response... 200 OK
Length: 71246 (70K) [text/html]
Saving to: ‘oxfordjournals.pubmed.a024551’

     0K .......... .......... .......... .......... .......... 71%  209K 0s
    50K .......... .........                                  100% 13.8M=0.2s

2017-01-29 11:02:13 (289 KB/s) - ‘oxfordjournals.pubmed.a024551’ saved [71246/71246]

--2017-01-29 11:02:14--  http://doi.org/10.1093/oxfordjournals.pubmed.a024544
Connecting to doi.org (doi.org)|63.123.152.248|:80... connected.
HTTP request sent, awaiting response... 303 See Other
Location: https://academic.oup.com/jpubhealth/article-lookup/doi/10.1093/oxfordjournals.pubmed.a024544 [following]
--2017-01-29 11:02:15--  https://academic.oup.com/jpubhealth/article-lookup/doi/10.1093/oxfordjournals.pubmed.a024544
Connecting to academic.oup.com (academic.oup.com)|173.254.190.144|:443... connected.
HTTP request sent, awaiting response... 200 OK
Length: 87567 (86K) [text/html]
Saving to: ‘oxfordjournals.pubmed.a024544’

     0K .......... .......... .......... .......... .......... 58%  209K 0s
    50K .......... .......... .......... .....                100% 9.18M=0.2s

2017-01-29 11:02:19 (351 KB/s) - ‘oxfordjournals.pubmed.a024544’ saved [87567/87567]

--2017-01-29 11:02:20--  http://doi.org/10.1093/oxfordjournals.pubmed.a024534
Connecting to doi.org (doi.org)|63.123.152.248|:80... connected.
HTTP request sent, awaiting response... 303 See Other
Location: https://academic.oup.com/jpubhealth/article-lookup/doi/10.1093/oxfordjournals.pubmed.a024534 [following]
--2017-01-29 11:02:21--  https://academic.oup.com/jpubhealth/article-lookup/doi/10.1093/oxfordjournals.pubmed.a024534
Connecting to academic.oup.com (academic.oup.com)|173.254.190.144|:443... connected.
HTTP request sent, awaiting response... 200 OK
Length: 89944 (88K) [text/html]
Saving to: ‘oxfordjournals.pubmed.a024534’

     0K .......... .......... .......... .......... .......... 56%  196K 0s
    50K .......... .......... .......... .......              100% 8.97M=0.3s

2017-01-29 11:02:25 (338 KB/s) - ‘oxfordjournals.pubmed.a024534’ saved [89944/89944]

--2017-01-29 11:02:26--  http://doi.org/10.1093/oxfordjournals.pubmed.a024563
Connecting to doi.org (doi.org)|63.123.152.248|:80... connected.
HTTP request sent, awaiting response... 303 See Other
Location: https://academic.oup.com/jpubhealth/article-lookup/doi/10.1093/oxfordjournals.pubmed.a024563 [following]
--2017-01-29 11:02:27--  https://academic.oup.com/jpubhealth/article-lookup/doi/10.1093/oxfordjournals.pubmed.a024563
Connecting to academic.oup.com (academic.oup.com)|173.254.190.144|:443... connected.
HTTP request sent, awaiting response... 200 OK
Length: 68495 (67K) [text/html]
Saving to: ‘oxfordjournals.pubmed.a024563’

     0K .......... .......... .......... .......... .......... 74%  209K 0s
    50K .......... ......                                     100% 13.1M=0.2s

2017-01-29 11:02:31 (278 KB/s) - ‘oxfordjournals.pubmed.a024563’ saved [68495/68495]

--2017-01-29 11:02:32--  http://doi.org/10.1093/oxfordjournals.pubmed.a024545
Connecting to doi.org (doi.org)|63.123.152.248|:80... connected.
HTTP request sent, awaiting response... 303 See Other
Location: https://academic.oup.com/jpubhealth/article-lookup/doi/10.1093/oxfordjournals.pubmed.a024545 [following]
--2017-01-29 11:02:33--  https://academic.oup.com/jpubhealth/article-lookup/doi/10.1093/oxfordjournals.pubmed.a024545
Connecting to academic.oup.com (academic.oup.com)|173.254.190.144|:443... connected.
HTTP request sent, awaiting response... 200 OK
Length: 95029 (93K) [text/html]
Saving to: ‘oxfordjournals.pubmed.a024545’

     0K .......... .......... .......... .......... .......... 53%  209K 0s
    50K .......... .......... .......... .......... ..        100%  536K=0.3s

2017-01-29 11:02:37 (291 KB/s) - ‘oxfordjournals.pubmed.a024545’ saved [95029/95029]

--2017-01-29 11:02:38--  http://doi.org/10.1093/oxfordjournals.pubmed.a024568
Connecting to doi.org (doi.org)|63.123.152.248|:80... connected.
HTTP request sent, awaiting response... 303 See Other
Location: https://academic.oup.com/jpubhealth/article-lookup/doi/10.1093/oxfordjournals.pubmed.a024568 [following]
--2017-01-29 11:02:39--  https://academic.oup.com/jpubhealth/article-lookup/doi/10.1093/oxfordjournals.pubmed.a024568
Connecting to academic.oup.com (academic.oup.com)|173.254.190.144|:443... connected.
HTTP request sent, awaiting response... 200 OK
Length: 65901 (64K) [text/html]
Saving to: ‘oxfordjournals.pubmed.a024568’

     0K .......... .......... .......... .......... .......... 77%  208K 0s
    50K .......... ....                                       100% 17.3M=0.2s

2017-01-29 11:02:43 (267 KB/s) - ‘oxfordjournals.pubmed.a024568’ saved [65901/65901]

FINISHED --2017-01-29 11:02:43--
Total wall clock time: 10m 28s
Downloaded: 100 files, 7.6M in 25s (307 KB/s)
