--2017-01-29 11:02:44--  http://doi.org/10.1093/jrls/1.1.48
Resolving doi.org (doi.org)... 38.100.138.162, 63.123.152.248, 95.138.171.129, ...
Connecting to doi.org (doi.org)|38.100.138.162|:80... connected.
HTTP request sent, awaiting response... 303 See Other
Location: https://academic.oup.com/jrls/article-lookup/doi/10.1093/jrls/1.1.48 [following]
--2017-01-29 11:02:45--  https://academic.oup.com/jrls/article-lookup/doi/10.1093/jrls/1.1.48
Resolving academic.oup.com (academic.oup.com)... 173.254.190.144
Connecting to academic.oup.com (academic.oup.com)|173.254.190.144|:443... connected.
HTTP request sent, awaiting response... 200 OK
Length: 65841 (64K) [text/html]
Saving to: ‘1.1.48’

     0K .......... .......... .......... .......... .......... 77%  209K 0s
    50K .......... ....                                       100% 15.0M=0.2s

2017-01-29 11:02:52 (267 KB/s) - ‘1.1.48’ saved [65841/65841]

--2017-01-29 11:02:53--  http://doi.org/10.1093/jrls/1.1.35
Connecting to doi.org (doi.org)|38.100.138.162|:80... connected.
HTTP request sent, awaiting response... 303 See Other
Location: https://academic.oup.com/jrls/article-lookup/doi/10.1093/jrls/1.1.35 [following]
--2017-01-29 11:02:54--  https://academic.oup.com/jrls/article-lookup/doi/10.1093/jrls/1.1.35
Connecting to academic.oup.com (academic.oup.com)|173.254.190.144|:443... connected.
HTTP request sent, awaiting response... 200 OK
Length: 66568 (65K) [text/html]
Saving to: ‘1.1.35.1’

     0K .......... .......... .......... .......... .......... 76%  209K 0s
    50K .......... .....                                      100% 14.0M=0.2s

2017-01-29 11:02:58 (270 KB/s) - ‘1.1.35.1’ saved [66568/66568]

--2017-01-29 11:02:59--  http://doi.org/10.1093/jrls/1.1.21
Connecting to doi.org (doi.org)|38.100.138.162|:80... connected.
HTTP request sent, awaiting response... 303 See Other
Location: https://academic.oup.com/jrls/article-lookup/doi/10.1093/jrls/1.1.21 [following]
--2017-01-29 11:03:00--  https://academic.oup.com/jrls/article-lookup/doi/10.1093/jrls/1.1.21
Connecting to academic.oup.com (academic.oup.com)|173.254.190.144|:443... connected.
HTTP request sent, awaiting response... 200 OK
Length: 66138 (65K) [text/html]
Saving to: ‘1.1.21.3’

     0K .......... .......... .......... .......... .......... 77%  309K 0s
    50K .......... ....                                       100%  187K=0.2s

2017-01-29 11:03:04 (270 KB/s) - ‘1.1.21.3’ saved [66138/66138]

--2017-01-29 11:03:05--  http://doi.org/10.1093/jrls/1.1.iii
Connecting to doi.org (doi.org)|38.100.138.162|:80... connected.
HTTP request sent, awaiting response... 303 See Other
Location: https://academic.oup.com/jrls/article-lookup/doi/10.1093/jrls/1.1.iii [following]
--2017-01-29 11:03:06--  https://academic.oup.com/jrls/article-lookup/doi/10.1093/jrls/1.1.iii
Connecting to academic.oup.com (academic.oup.com)|173.254.190.144|:443... connected.
HTTP request sent, awaiting response... 200 OK
Length: 66933 (65K) [text/html]
Saving to: ‘1.1.iii’

     0K .......... .......... .......... .......... .......... 76%  209K 0s
    50K .......... .....                                      100% 15.2M=0.2s

2017-01-29 11:03:10 (272 KB/s) - ‘1.1.iii’ saved [66933/66933]

--2017-01-29 11:03:11--  http://doi.org/10.1093/jrls/1.1.106
Connecting to doi.org (doi.org)|38.100.138.162|:80... connected.
HTTP request sent, awaiting response... 303 See Other
Location: https://academic.oup.com/jrls/article-lookup/doi/10.1093/jrls/1.1.106 [following]
--2017-01-29 11:03:12--  https://academic.oup.com/jrls/article-lookup/doi/10.1093/jrls/1.1.106
Connecting to academic.oup.com (academic.oup.com)|173.254.190.144|:443... connected.
HTTP request sent, awaiting response... 200 OK
Length: 81856 (80K) [text/html]
Saving to: ‘1.1.106’

     0K .......... .......... .......... .......... .......... 62%  209K 0s
    50K .......... .......... .........                       100% 13.2M=0.2s

2017-01-29 11:03:18 (331 KB/s) - ‘1.1.106’ saved [81856/81856]

--2017-01-29 11:03:19--  http://doi.org/10.1093/jrls/1.1.72
Connecting to doi.org (doi.org)|38.100.138.162|:80... connected.
HTTP request sent, awaiting response... 303 See Other
Location: https://academic.oup.com/jrls/article-lookup/doi/10.1093/jrls/1.1.72 [following]
--2017-01-29 11:03:20--  https://academic.oup.com/jrls/article-lookup/doi/10.1093/jrls/1.1.72
Connecting to academic.oup.com (academic.oup.com)|173.254.190.144|:443... connected.
HTTP request sent, awaiting response... 200 OK
Length: 66218 (65K) [text/html]
Saving to: ‘1.1.72.1’

     0K .......... .......... .......... .......... .......... 77%  209K 0s
    50K .......... ....                                       100% 13.8M=0.2s

2017-01-29 11:03:24 (269 KB/s) - ‘1.1.72.1’ saved [66218/66218]

--2017-01-29 11:03:25--  http://doi.org/10.1093/jrls/1.1.96
Connecting to doi.org (doi.org)|38.100.138.162|:80... connected.
HTTP request sent, awaiting response... 303 See Other
Location: https://academic.oup.com/jrls/article-lookup/doi/10.1093/jrls/1.1.96 [following]
--2017-01-29 11:03:26--  https://academic.oup.com/jrls/article-lookup/doi/10.1093/jrls/1.1.96
Connecting to academic.oup.com (academic.oup.com)|173.254.190.144|:443... connected.
HTTP request sent, awaiting response... 200 OK
Length: 65873 (64K) [text/html]
Saving to: ‘1.1.96’

     0K .......... .......... .......... .......... .......... 77%  209K 0s
    50K .......... ....                                       100% 12.2M=0.2s

2017-01-29 11:03:32 (268 KB/s) - ‘1.1.96’ saved [65873/65873]

--2017-01-29 11:03:33--  http://doi.org/10.1093/jrls/1.1.3
Connecting to doi.org (doi.org)|38.100.138.162|:80... connected.
HTTP request sent, awaiting response... 303 See Other
Location: https://academic.oup.com/jrls/article-lookup/doi/10.1093/jrls/1.1.3 [following]
--2017-01-29 11:03:34--  https://academic.oup.com/jrls/article-lookup/doi/10.1093/jrls/1.1.3
Connecting to academic.oup.com (academic.oup.com)|173.254.190.144|:443... connected.
HTTP request sent, awaiting response... 200 OK
Length: 66208 (65K) [text/html]
Saving to: ‘1.1.3.3’

     0K .......... .......... .......... .......... .......... 77%  308K 0s
    50K .......... ....                                       100%  186K=0.2s

2017-01-29 11:03:38 (268 KB/s) - ‘1.1.3.3’ saved [66208/66208]

--2017-01-29 11:03:39--  http://doi.org/10.1093/jrls/1.1.88
Connecting to doi.org (doi.org)|38.100.138.162|:80... connected.
HTTP request sent, awaiting response... 303 See Other
Location: https://academic.oup.com/jrls/article-lookup/doi/10.1093/jrls/1.1.88 [following]
--2017-01-29 11:03:40--  https://academic.oup.com/jrls/article-lookup/doi/10.1093/jrls/1.1.88
Connecting to academic.oup.com (academic.oup.com)|173.254.190.144|:443... connected.
HTTP request sent, awaiting response... 200 OK
Length: 66589 (65K) [text/html]
Saving to: ‘1.1.88’

     0K .......... .......... .......... .......... .......... 76%  208K 0s
    50K .......... .....                                      100% 20.6M=0.2s

2017-01-29 11:03:43 (270 KB/s) - ‘1.1.88’ saved [66589/66589]

--2017-01-29 11:03:44--  http://doi.org/10.1093/jrls/1.1.81
Connecting to doi.org (doi.org)|38.100.138.162|:80... connected.
HTTP request sent, awaiting response... 303 See Other
Location: https://academic.oup.com/jrls/article-lookup/doi/10.1093/jrls/1.1.81 [following]
--2017-01-29 11:03:46--  https://academic.oup.com/jrls/article-lookup/doi/10.1093/jrls/1.1.81
Connecting to academic.oup.com (academic.oup.com)|173.254.190.144|:443... connected.
HTTP request sent, awaiting response... 200 OK
Length: 66392 (65K) [text/html]
Saving to: ‘1.1.81’

     0K .......... .......... .......... .......... .......... 77%  209K 0s
    50K .......... ....                                       100% 15.9M=0.2s

2017-01-29 11:03:49 (270 KB/s) - ‘1.1.81’ saved [66392/66392]

--2017-01-29 11:03:50--  http://doi.org/10.1093/jrls/2.1.15
Connecting to doi.org (doi.org)|38.100.138.162|:80... connected.
HTTP request sent, awaiting response... 303 See Other
Location: https://academic.oup.com/jrls/article-lookup/doi/10.1093/jrls/2.1.15 [following]
--2017-01-29 11:03:51--  https://academic.oup.com/jrls/article-lookup/doi/10.1093/jrls/2.1.15
Connecting to academic.oup.com (academic.oup.com)|173.254.190.144|:443... connected.
HTTP request sent, awaiting response... 200 OK
Length: 66237 (65K) [text/html]
Saving to: ‘2.1.15’

     0K .......... .......... .......... .......... .......... 77%  209K 0s
    50K .......... ....                                       100% 13.3M=0.2s

2017-01-29 11:03:55 (269 KB/s) - ‘2.1.15’ saved [66237/66237]

--2017-01-29 11:03:56--  http://doi.org/10.1093/jrls/2.1.55
Connecting to doi.org (doi.org)|38.100.138.162|:80... connected.
HTTP request sent, awaiting response... 303 See Other
Location: https://academic.oup.com/jrls/article-lookup/doi/10.1093/jrls/2.1.55 [following]
--2017-01-29 11:03:57--  https://academic.oup.com/jrls/article-lookup/doi/10.1093/jrls/2.1.55
Connecting to academic.oup.com (academic.oup.com)|173.254.190.144|:443... connected.
HTTP request sent, awaiting response... 200 OK
Length: 65922 (64K) [text/html]
Saving to: ‘2.1.55.1’

     0K .......... .......... .......... .......... .......... 77%  208K 0s
    50K .......... ....                                       100% 13.7M=0.2s

2017-01-29 11:04:01 (267 KB/s) - ‘2.1.55.1’ saved [65922/65922]

--2017-01-29 11:04:03--  http://doi.org/10.1093/jrls/2.1.91
Connecting to doi.org (doi.org)|38.100.138.162|:80... connected.
HTTP request sent, awaiting response... 303 See Other
Location: https://academic.oup.com/jrls/article-lookup/doi/10.1093/jrls/2.1.91 [following]
--2017-01-29 11:04:04--  https://academic.oup.com/jrls/article-lookup/doi/10.1093/jrls/2.1.91
Connecting to academic.oup.com (academic.oup.com)|173.254.190.144|:443... connected.
HTTP request sent, awaiting response... 200 OK
Length: 64852 (63K) [text/html]
Saving to: ‘2.1.91’

     0K .......... .......... .......... .......... .......... 78%  209K 0s
    50K .......... ...                                        100% 18.3M=0.2s

2017-01-29 11:04:07 (264 KB/s) - ‘2.1.91’ saved [64852/64852]

--2017-01-29 11:04:08--  http://doi.org/10.1093/jrls/2.1.64
Connecting to doi.org (doi.org)|38.100.138.162|:80... connected.
HTTP request sent, awaiting response... 303 See Other
Location: https://academic.oup.com/jrls/article-lookup/doi/10.1093/jrls/2.1.64 [following]
--2017-01-29 11:04:09--  https://academic.oup.com/jrls/article-lookup/doi/10.1093/jrls/2.1.64
Connecting to academic.oup.com (academic.oup.com)|173.254.190.144|:443... connected.
HTTP request sent, awaiting response... 200 OK
Length: 65799 (64K) [text/html]
Saving to: ‘2.1.64’

     0K .......... .......... .......... .......... .......... 77%  208K 0s
    50K .......... ....                                       100% 14.2M=0.2s

2017-01-29 11:04:13 (266 KB/s) - ‘2.1.64’ saved [65799/65799]

--2017-01-29 11:04:14--  http://doi.org/10.1093/jrls/2.1.71
Connecting to doi.org (doi.org)|38.100.138.162|:80... connected.
HTTP request sent, awaiting response... 303 See Other
Location: https://academic.oup.com/jrls/article-lookup/doi/10.1093/jrls/2.1.71 [following]
--2017-01-29 11:04:15--  https://academic.oup.com/jrls/article-lookup/doi/10.1093/jrls/2.1.71
Connecting to academic.oup.com (academic.oup.com)|173.254.190.144|:443... connected.
HTTP request sent, awaiting response... 200 OK
Length: 65748 (64K) [text/html]
Saving to: ‘2.1.71.1’

     0K .......... .......... .......... .......... .......... 77%  209K 0s
    50K .......... ....                                       100% 14.4M=0.2s

2017-01-29 11:04:19 (267 KB/s) - ‘2.1.71.1’ saved [65748/65748]

--2017-01-29 11:04:20--  http://doi.org/10.1093/jrls/2.1.47
Connecting to doi.org (doi.org)|38.100.138.162|:80... connected.
HTTP request sent, awaiting response... 303 See Other
Location: https://academic.oup.com/jrls/article-lookup/doi/10.1093/jrls/2.1.47 [following]
--2017-01-29 11:04:22--  https://academic.oup.com/jrls/article-lookup/doi/10.1093/jrls/2.1.47
Connecting to academic.oup.com (academic.oup.com)|173.254.190.144|:443... connected.
HTTP request sent, awaiting response... 200 OK
Length: 66106 (65K) [text/html]
Saving to: ‘2.1.47’

     0K .......... .......... .......... .......... .......... 77%  208K 0s
    50K .......... ....                                       100% 17.7M=0.2s

2017-01-29 11:04:26 (268 KB/s) - ‘2.1.47’ saved [66106/66106]

--2017-01-29 11:04:27--  http://doi.org/10.1093/jrls/2.1.32
Connecting to doi.org (doi.org)|38.100.138.162|:80... connected.
HTTP request sent, awaiting response... 303 See Other
Location: https://academic.oup.com/jrls/article-lookup/doi/10.1093/jrls/2.1.32 [following]
--2017-01-29 11:04:29--  https://academic.oup.com/jrls/article-lookup/doi/10.1093/jrls/2.1.32
Connecting to academic.oup.com (academic.oup.com)|173.254.190.144|:443... connected.
HTTP request sent, awaiting response... 200 OK
Length: 66361 (65K) [text/html]
Saving to: ‘2.1.32.1’

     0K .......... .......... .......... .......... .......... 77%  309K 0s
    50K .......... ....                                       100%  189K=0.2s

2017-01-29 11:04:32 (270 KB/s) - ‘2.1.32.1’ saved [66361/66361]

--2017-01-29 11:04:33--  http://doi.org/10.1093/jrls/2.1.5
Connecting to doi.org (doi.org)|38.100.138.162|:80... connected.
HTTP request sent, awaiting response... 303 See Other
Location: https://academic.oup.com/jrls/article-lookup/doi/10.1093/jrls/2.1.5 [following]
--2017-01-29 11:04:35--  https://academic.oup.com/jrls/article-lookup/doi/10.1093/jrls/2.1.5
Connecting to academic.oup.com (academic.oup.com)|173.254.190.144|:443... connected.
HTTP request sent, awaiting response... 200 OK
Length: 65808 (64K) [text/html]
Saving to: ‘2.1.5’

     0K .......... .......... .......... .......... .......... 77%  209K 0s
    50K .......... ....                                       100% 14.5M=0.2s

2017-01-29 11:04:38 (267 KB/s) - ‘2.1.5’ saved [65808/65808]

--2017-01-29 11:04:39--  http://doi.org/10.1093/jrls/3.1.28
Connecting to doi.org (doi.org)|38.100.138.162|:80... connected.
HTTP request sent, awaiting response... 303 See Other
Location: https://academic.oup.com/jrls/article-lookup/doi/10.1093/jrls/3.1.28 [following]
--2017-01-29 11:04:40--  https://academic.oup.com/jrls/article-lookup/doi/10.1093/jrls/3.1.28
Connecting to academic.oup.com (academic.oup.com)|173.254.190.144|:443... connected.
HTTP request sent, awaiting response... 200 OK
Length: 65861 (64K) [text/html]
Saving to: ‘3.1.28’

     0K .......... .......... .......... .......... .......... 77%  209K 0s
    50K .......... ....                                       100% 17.2M=0.2s

2017-01-29 11:04:46 (267 KB/s) - ‘3.1.28’ saved [65861/65861]

--2017-01-29 11:04:47--  http://doi.org/10.1093/jrls/3.1.91
Connecting to doi.org (doi.org)|38.100.138.162|:80... connected.
HTTP request sent, awaiting response... 303 See Other
Location: https://academic.oup.com/jrls/article-lookup/doi/10.1093/jrls/3.1.91 [following]
--2017-01-29 11:04:48--  https://academic.oup.com/jrls/article-lookup/doi/10.1093/jrls/3.1.91
Connecting to academic.oup.com (academic.oup.com)|173.254.190.144|:443... connected.
HTTP request sent, awaiting response... 200 OK
Length: 81067 (79K) [text/html]
Saving to: ‘3.1.91’

     0K .......... .......... .......... .......... .......... 63%  205K 0s
    50K .......... .......... .........                       100% 21.9K=1.6s

2017-01-29 11:04:54 (50.3 KB/s) - ‘3.1.91’ saved [81067/81067]

--2017-01-29 11:04:55--  http://doi.org/10.1093/jrls/3.1.5
Connecting to doi.org (doi.org)|38.100.138.162|:80... connected.
HTTP request sent, awaiting response... 303 See Other
Location: https://academic.oup.com/jrls/article-lookup/doi/10.1093/jrls/3.1.5 [following]
--2017-01-29 11:04:56--  https://academic.oup.com/jrls/article-lookup/doi/10.1093/jrls/3.1.5
Connecting to academic.oup.com (academic.oup.com)|173.254.190.144|:443... connected.
HTTP request sent, awaiting response... 200 OK
Length: 80807 (79K) [text/html]
Saving to: ‘3.1.5.1’

     0K .......... .......... .......... .......... .......... 63%  208K 0s
    50K .......... .......... ........                        100% 10.0M=0.2s

2017-01-29 11:05:00 (325 KB/s) - ‘3.1.5.1’ saved [80807/80807]

--2017-01-29 11:05:01--  http://doi.org/10.1093/jrls/3.1.38
Connecting to doi.org (doi.org)|38.100.138.162|:80... connected.
HTTP request sent, awaiting response... 303 See Other
Location: https://academic.oup.com/jrls/article-lookup/doi/10.1093/jrls/3.1.38 [following]
--2017-01-29 11:05:02--  https://academic.oup.com/jrls/article-lookup/doi/10.1093/jrls/3.1.38
Connecting to academic.oup.com (academic.oup.com)|173.254.190.144|:443... connected.
HTTP request sent, awaiting response... 200 OK
Length: 65626 (64K) [text/html]
Saving to: ‘3.1.38.1’

     0K .......... .......... .......... .......... .......... 78%  209K 0s
    50K .......... ....                                       100% 16.6M=0.2s

2017-01-29 11:05:08 (267 KB/s) - ‘3.1.38.1’ saved [65626/65626]

--2017-01-29 11:05:09--  http://doi.org/10.1093/jrls/3.1.15
Connecting to doi.org (doi.org)|38.100.138.162|:80... connected.
HTTP request sent, awaiting response... 303 See Other
Location: https://academic.oup.com/jrls/article-lookup/doi/10.1093/jrls/3.1.15 [following]
--2017-01-29 11:05:10--  https://academic.oup.com/jrls/article-lookup/doi/10.1093/jrls/3.1.15
Connecting to academic.oup.com (academic.oup.com)|173.254.190.144|:443... connected.
HTTP request sent, awaiting response... 200 OK
Length: 66127 (65K) [text/html]
Saving to: ‘3.1.15’

     0K .......... .......... .......... .......... .......... 77%  209K 0s
    50K .......... ....                                       100% 13.4M=0.2s

2017-01-29 11:05:14 (269 KB/s) - ‘3.1.15’ saved [66127/66127]

--2017-01-29 11:05:15--  http://doi.org/10.1093/jrls/3.1.75
Connecting to doi.org (doi.org)|38.100.138.162|:80... connected.
HTTP request sent, awaiting response... 303 See Other
Location: https://academic.oup.com/jrls/article-lookup/doi/10.1093/jrls/3.1.75 [following]
--2017-01-29 11:05:16--  https://academic.oup.com/jrls/article-lookup/doi/10.1093/jrls/3.1.75
Connecting to academic.oup.com (academic.oup.com)|173.254.190.144|:443... connected.
HTTP request sent, awaiting response... 200 OK
Length: 81433 (80K) [text/html]
Saving to: ‘3.1.75.1’

     0K .......... .......... .......... .......... .......... 62%  209K 0s
    50K .......... .......... .........                       100% 7.53M=0.2s

2017-01-29 11:05:21 (327 KB/s) - ‘3.1.75.1’ saved [81433/81433]

--2017-01-29 11:05:22--  http://doi.org/10.1093/jrls/3.1.107
Connecting to doi.org (doi.org)|38.100.138.162|:80... connected.
HTTP request sent, awaiting response... 303 See Other
Location: https://academic.oup.com/jrls/article-lookup/doi/10.1093/jrls/3.1.107 [following]
--2017-01-29 11:05:23--  https://academic.oup.com/jrls/article-lookup/doi/10.1093/jrls/3.1.107
Connecting to academic.oup.com (academic.oup.com)|173.254.190.144|:443... connected.
HTTP request sent, awaiting response... 200 OK
Length: 69393 (68K) [text/html]
Saving to: ‘3.1.107.1’

     0K .......... .......... .......... .......... .......... 73%  209K 0s
    50K .......... .......                                    100% 11.0M=0.2s

2017-01-29 11:05:27 (281 KB/s) - ‘3.1.107.1’ saved [69393/69393]

--2017-01-29 11:05:28--  http://doi.org/10.1093/jrls/3.1.54
Connecting to doi.org (doi.org)|38.100.138.162|:80... connected.
HTTP request sent, awaiting response... 303 See Other
Location: https://academic.oup.com/jrls/article-lookup/doi/10.1093/jrls/3.1.54 [following]
--2017-01-29 11:05:29--  https://academic.oup.com/jrls/article-lookup/doi/10.1093/jrls/3.1.54
Connecting to academic.oup.com (academic.oup.com)|173.254.190.144|:443... connected.
HTTP request sent, awaiting response... 200 OK
Length: 66515 (65K) [text/html]
Saving to: ‘3.1.54’

     0K .......... .......... .......... .......... .......... 76%  208K 0s
    50K .......... ....                                       100% 11.1M=0.2s

2017-01-29 11:05:32 (269 KB/s) - ‘3.1.54’ saved [66515/66515]

--2017-01-29 11:05:33--  http://doi.org/10.1093/jrls/4.1.82
Connecting to doi.org (doi.org)|38.100.138.162|:80... connected.
HTTP request sent, awaiting response... 303 See Other
Location: https://academic.oup.com/jrls/article-lookup/doi/10.1093/jrls/4.1.82 [following]
--2017-01-29 11:05:35--  https://academic.oup.com/jrls/article-lookup/doi/10.1093/jrls/4.1.82
Connecting to academic.oup.com (academic.oup.com)|173.254.190.144|:443... connected.
HTTP request sent, awaiting response... 200 OK
Length: 66295 (65K) [text/html]
Saving to: ‘4.1.82’

     0K .......... .......... .......... .......... .......... 77%  209K 0s
    50K .......... ....                                       100% 16.8M=0.2s

2017-01-29 11:05:39 (270 KB/s) - ‘4.1.82’ saved [66295/66295]

--2017-01-29 11:05:40--  http://doi.org/10.1093/jrls/4.1.5
Connecting to doi.org (doi.org)|38.100.138.162|:80... connected.
HTTP request sent, awaiting response... 303 See Other
Location: https://academic.oup.com/jrls/article-lookup/doi/10.1093/jrls/4.1.5 [following]
--2017-01-29 11:05:41--  https://academic.oup.com/jrls/article-lookup/doi/10.1093/jrls/4.1.5
Connecting to academic.oup.com (academic.oup.com)|173.254.190.144|:443... connected.
HTTP request sent, awaiting response... 200 OK
Length: 66459 (65K) [text/html]
Saving to: ‘4.1.5’

     0K .......... .......... .......... .......... .......... 77%  209K 0s
    50K .......... ....                                       100% 16.3M=0.2s

2017-01-29 11:05:47 (270 KB/s) - ‘4.1.5’ saved [66459/66459]

--2017-01-29 11:05:48--  http://doi.org/10.1093/jrls/4.1.42
Connecting to doi.org (doi.org)|38.100.138.162|:80... connected.
HTTP request sent, awaiting response... 303 See Other
Location: https://academic.oup.com/jrls/article-lookup/doi/10.1093/jrls/4.1.42 [following]
--2017-01-29 11:05:49--  https://academic.oup.com/jrls/article-lookup/doi/10.1093/jrls/4.1.42
Connecting to academic.oup.com (academic.oup.com)|173.254.190.144|:443... connected.
HTTP request sent, awaiting response... 200 OK
Length: 66202 (65K) [text/html]
Saving to: ‘4.1.42’

     0K .......... .......... .......... .......... .......... 77%  207K 0s
    50K .......... ....                                       100% 16.7M=0.2s

2017-01-29 11:05:53 (267 KB/s) - ‘4.1.42’ saved [66202/66202]

--2017-01-29 11:05:54--  http://doi.org/10.1093/jrls/4.1.67
Connecting to doi.org (doi.org)|38.100.138.162|:80... connected.
HTTP request sent, awaiting response... 303 See Other
Location: https://academic.oup.com/jrls/article-lookup/doi/10.1093/jrls/4.1.67 [following]
--2017-01-29 11:05:55--  https://academic.oup.com/jrls/article-lookup/doi/10.1093/jrls/4.1.67
Connecting to academic.oup.com (academic.oup.com)|173.254.190.144|:443... connected.
HTTP request sent, awaiting response... 200 OK
Length: 80964 (79K) [text/html]
Saving to: ‘4.1.67.1’

     0K .......... .......... .......... .......... .......... 63%  209K 0s
    50K .......... .......... .........                       100% 4.77M=0.2s

2017-01-29 11:06:05 (323 KB/s) - ‘4.1.67.1’ saved [80964/80964]

--2017-01-29 11:06:06--  http://doi.org/10.1093/jrls/4.1.93
Connecting to doi.org (doi.org)|38.100.138.162|:80... connected.
HTTP request sent, awaiting response... 303 See Other
Location: https://academic.oup.com/jrls/article-lookup/doi/10.1093/jrls/4.1.93 [following]
--2017-01-29 11:06:07--  https://academic.oup.com/jrls/article-lookup/doi/10.1093/jrls/4.1.93
Connecting to academic.oup.com (academic.oup.com)|173.254.190.144|:443... connected.
HTTP request sent, awaiting response... 200 OK
Length: 66437 (65K) [text/html]
Saving to: ‘4.1.93’

     0K .......... .......... .......... .......... .......... 77%  209K 0s
    50K .......... ....                                       100%  183K=0.3s

2017-01-29 11:06:11 (202 KB/s) - ‘4.1.93’ saved [66437/66437]

--2017-01-29 11:06:12--  http://doi.org/10.1093/jrls/4.1.19
Connecting to doi.org (doi.org)|38.100.138.162|:80... connected.
HTTP request sent, awaiting response... 303 See Other
Location: https://academic.oup.com/jrls/article-lookup/doi/10.1093/jrls/4.1.19 [following]
--2017-01-29 11:06:13--  https://academic.oup.com/jrls/article-lookup/doi/10.1093/jrls/4.1.19
Connecting to academic.oup.com (academic.oup.com)|173.254.190.144|:443... connected.
HTTP request sent, awaiting response... 200 OK
Length: 66303 (65K) [text/html]
Saving to: ‘4.1.19’

     0K .......... .......... .......... .......... .......... 77%  208K 0s
    50K .......... ....                                       100% 16.8M=0.2s

2017-01-29 11:06:16 (269 KB/s) - ‘4.1.19’ saved [66303/66303]

--2017-01-29 11:06:17--  http://doi.org/10.1093/jrls/4.1.50
Connecting to doi.org (doi.org)|38.100.138.162|:80... connected.
HTTP request sent, awaiting response... 303 See Other
Location: https://academic.oup.com/jrls/article-lookup/doi/10.1093/jrls/4.1.50 [following]
--2017-01-29 11:06:18--  https://academic.oup.com/jrls/article-lookup/doi/10.1093/jrls/4.1.50
Connecting to academic.oup.com (academic.oup.com)|173.254.190.144|:443... connected.
HTTP request sent, awaiting response... 200 OK
Length: 66844 (65K) [text/html]
Saving to: ‘4.1.50’

     0K .......... .......... .......... .......... .......... 76%  209K 0s
    50K .......... .....                                      100% 14.9M=0.2s

2017-01-29 11:06:24 (271 KB/s) - ‘4.1.50’ saved [66844/66844]

--2017-01-29 11:06:25--  http://doi.org/10.1093/jrls/4.1.110
Connecting to doi.org (doi.org)|38.100.138.162|:80... connected.
HTTP request sent, awaiting response... 303 See Other
Location: https://academic.oup.com/jrls/article-lookup/doi/10.1093/jrls/4.1.110 [following]
--2017-01-29 11:06:26--  https://academic.oup.com/jrls/article-lookup/doi/10.1093/jrls/4.1.110
Connecting to academic.oup.com (academic.oup.com)|173.254.190.144|:443... connected.
HTTP request sent, awaiting response... 200 OK
Length: 65966 (64K) [text/html]
Saving to: ‘4.1.110’

     0K .......... .......... .......... .......... .......... 77%  209K 0s
    50K .......... ....                                       100% 16.4M=0.2s

2017-01-29 11:06:30 (269 KB/s) - ‘4.1.110’ saved [65966/65966]

--2017-01-29 11:06:31--  http://doi.org/10.1093/jrls/4.1.105
Connecting to doi.org (doi.org)|38.100.138.162|:80... connected.
HTTP request sent, awaiting response... 303 See Other
Location: https://academic.oup.com/jrls/article-lookup/doi/10.1093/jrls/4.1.105 [following]
--2017-01-29 11:06:32--  https://academic.oup.com/jrls/article-lookup/doi/10.1093/jrls/4.1.105
Connecting to academic.oup.com (academic.oup.com)|173.254.190.144|:443... connected.
HTTP request sent, awaiting response... 200 OK
Length: 80937 (79K) [text/html]
Saving to: ‘4.1.105’

     0K .......... .......... .......... .......... .......... 63%  209K 0s
    50K .......... .......... .........                       100% 7.22M=0.2s

2017-01-29 11:06:37 (325 KB/s) - ‘4.1.105’ saved [80937/80937]

--2017-01-29 11:06:38--  http://doi.org/10.1093/jrls/jls006
Connecting to doi.org (doi.org)|38.100.138.162|:80... connected.
HTTP request sent, awaiting response... 303 See Other
Location: https://academic.oup.com/jrls/article-lookup/doi/10.1093/jrls/jls006 [following]
--2017-01-29 11:06:39--  https://academic.oup.com/jrls/article-lookup/doi/10.1093/jrls/jls006
Connecting to academic.oup.com (academic.oup.com)|173.254.190.144|:443... connected.
HTTP request sent, awaiting response... 200 OK
Length: 118774 (116K) [text/html]
Saving to: ‘jls006’

     0K .......... .......... .......... .......... .......... 43%  209K 0s
    50K .......... .......... .......... .......... .......... 86%  584K 0s
   100K .......... .....                                      100% 16.5M=0.3s

2017-01-29 11:06:43 (357 KB/s) - ‘jls006’ saved [118774/118774]

--2017-01-29 11:06:44--  http://doi.org/10.1093/jrls/jls003
Connecting to doi.org (doi.org)|38.100.138.162|:80... connected.
HTTP request sent, awaiting response... 303 See Other
Location: https://academic.oup.com/jrls/article-lookup/doi/10.1093/jrls/jls003 [following]
--2017-01-29 11:06:45--  https://academic.oup.com/jrls/article-lookup/doi/10.1093/jrls/jls003
Connecting to academic.oup.com (academic.oup.com)|173.254.190.144|:443... connected.
HTTP request sent, awaiting response... 200 OK
Length: 130514 (127K) [text/html]
Saving to: ‘jls003’

     0K .......... .......... .......... .......... .......... 39%  209K 0s
    50K .......... .......... .......... .......... .......... 78%  597K 0s
   100K .......... .......... .......                         100% 9.20M=0.3s

2017-01-29 11:06:50 (391 KB/s) - ‘jls003’ saved [130514/130514]

--2017-01-29 11:06:51--  http://doi.org/10.1093/jrls/jls005
Connecting to doi.org (doi.org)|38.100.138.162|:80... connected.
HTTP request sent, awaiting response... 303 See Other
Location: https://academic.oup.com/jrls/article-lookup/doi/10.1093/jrls/jls005 [following]
--2017-01-29 11:06:52--  https://academic.oup.com/jrls/article-lookup/doi/10.1093/jrls/jls005
Connecting to academic.oup.com (academic.oup.com)|173.254.190.144|:443... connected.
HTTP request sent, awaiting response... 200 OK
Length: 125868 (123K) [text/html]
Saving to: ‘jls005’

     0K .......... .......... .......... .......... .......... 40%  209K 0s
    50K .......... .......... .......... .......... .......... 81%  580K 0s
   100K .......... .......... ..                              100% 11.7M=0.3s

2017-01-29 11:06:57 (375 KB/s) - ‘jls005’ saved [125868/125868]

--2017-01-29 11:06:58--  http://doi.org/10.1093/jrls/jls004
Connecting to doi.org (doi.org)|38.100.138.162|:80... connected.
HTTP request sent, awaiting response... 303 See Other
Location: https://academic.oup.com/jrls/article-lookup/doi/10.1093/jrls/jls004 [following]
--2017-01-29 11:06:59--  https://academic.oup.com/jrls/article-lookup/doi/10.1093/jrls/jls004
Connecting to academic.oup.com (academic.oup.com)|173.254.190.144|:443... connected.
HTTP request sent, awaiting response... 200 OK
Length: 140744 (137K) [text/html]
Saving to: ‘jls004’

     0K .......... .......... .......... .......... .......... 36%  209K 0s
    50K .......... .......... .......... .......... .......... 72%  607K 0s
   100K .......... .......... .......... .......              100%  469K=0.4s

2017-01-29 11:07:03 (342 KB/s) - ‘jls004’ saved [140744/140744]

--2017-01-29 11:07:04--  http://doi.org/10.1093/jrls/jls008
Connecting to doi.org (doi.org)|38.100.138.162|:80... connected.
HTTP request sent, awaiting response... 303 See Other
Location: https://academic.oup.com/jrls/article-lookup/doi/10.1093/jrls/jls008 [following]
--2017-01-29 11:07:07--  https://academic.oup.com/jrls/article-lookup/doi/10.1093/jrls/jls008
Connecting to academic.oup.com (academic.oup.com)|173.254.190.144|:443... connected.
HTTP request sent, awaiting response... 200 OK
Length: 118173 (115K) [text/html]
Saving to: ‘jls008’

     0K .......... .......... .......... .......... .......... 43%  209K 0s
    50K .......... .......... .......... .......... .......... 86%  610K 0s
   100K .......... .....                                      100% 4.92M=0.3s

2017-01-29 11:07:10 (356 KB/s) - ‘jls008’ saved [118173/118173]

--2017-01-29 11:07:11--  http://doi.org/10.1093/jrls/jls002
Connecting to doi.org (doi.org)|38.100.138.162|:80... connected.
HTTP request sent, awaiting response... 303 See Other
Location: https://academic.oup.com/jrls/article-lookup/doi/10.1093/jrls/jls002 [following]
--2017-01-29 11:07:13--  https://academic.oup.com/jrls/article-lookup/doi/10.1093/jrls/jls002
Connecting to academic.oup.com (academic.oup.com)|173.254.190.144|:443... connected.
HTTP request sent, awaiting response... 200 OK
Length: 147455 (144K) [text/html]
Saving to: ‘jls002’

     0K .......... .......... .......... .......... .......... 34%  308K 0s
    50K .......... .......... .......... .......... .......... 69%  311K 0s
   100K .......... .......... .......... .......... ...       100%  541K=0.4s

2017-01-29 11:07:16 (356 KB/s) - ‘jls002’ saved [147455/147455]

--2017-01-29 11:07:17--  http://doi.org/10.1093/jrls/jls001
Connecting to doi.org (doi.org)|38.100.138.162|:80... connected.
HTTP request sent, awaiting response... 303 See Other
Location: https://academic.oup.com/jrls/article-lookup/doi/10.1093/jrls/jls001 [following]
--2017-01-29 11:07:19--  https://academic.oup.com/jrls/article-lookup/doi/10.1093/jrls/jls001
Connecting to academic.oup.com (academic.oup.com)|173.254.190.144|:443... connected.
HTTP request sent, awaiting response... 200 OK
Length: 80945 (79K) [text/html]
Saving to: ‘jls001’

     0K .......... .......... .......... .......... .......... 63%  209K 0s
    50K .......... .......... .........                       100% 11.1M=0.2s

2017-01-29 11:07:23 (327 KB/s) - ‘jls001’ saved [80945/80945]

--2017-01-29 11:07:24--  http://doi.org/10.1093/jrls/jls009
Connecting to doi.org (doi.org)|38.100.138.162|:80... connected.
HTTP request sent, awaiting response... 303 See Other
Location: https://academic.oup.com/jrls/article-lookup/doi/10.1093/jrls/jls009 [following]
--2017-01-29 11:07:25--  https://academic.oup.com/jrls/article-lookup/doi/10.1093/jrls/jls009
Connecting to academic.oup.com (academic.oup.com)|173.254.190.144|:443... connected.
HTTP request sent, awaiting response... 200 OK
Length: 134904 (132K) [text/html]
Saving to: ‘jls009’

     0K .......... .......... .......... .......... .......... 37%  209K 0s
    50K .......... .......... .......... .......... .......... 75%  607K 0s
   100K .......... .......... .......... .                    100%  821K=0.4s

2017-01-29 11:07:30 (365 KB/s) - ‘jls009’ saved [134904/134904]

--2017-01-29 11:07:31--  http://doi.org/10.1093/jrls/jlt007
Connecting to doi.org (doi.org)|38.100.138.162|:80... connected.
HTTP request sent, awaiting response... 303 See Other
Location: https://academic.oup.com/jrls/article-lookup/doi/10.1093/jrls/jlt007 [following]
--2017-01-29 11:07:32--  https://academic.oup.com/jrls/article-lookup/doi/10.1093/jrls/jlt007
Connecting to academic.oup.com (academic.oup.com)|173.254.190.144|:443... connected.
HTTP request sent, awaiting response... 200 OK
Length: 142702 (139K) [text/html]
Saving to: ‘jlt007’

     0K .......... .......... .......... .......... .......... 35%  208K 0s
    50K .......... .......... .......... .......... .......... 71%  605K 0s
   100K .......... .......... .......... .........            100%  480K=0.4s

2017-01-29 11:07:39 (344 KB/s) - ‘jlt007’ saved [142702/142702]

--2017-01-29 11:07:40--  http://doi.org/10.1093/jrls/jls015
Connecting to doi.org (doi.org)|38.100.138.162|:80... connected.
HTTP request sent, awaiting response... 303 See Other
Location: https://academic.oup.com/jrls/article-lookup/doi/10.1093/jrls/jls015 [following]
--2017-01-29 11:07:41--  https://academic.oup.com/jrls/article-lookup/doi/10.1093/jrls/jls015
Connecting to academic.oup.com (academic.oup.com)|173.254.190.144|:443... connected.
HTTP request sent, awaiting response... 200 OK
Length: 153084 (149K) [text/html]
Saving to: ‘jls015’

     0K .......... .......... .......... .......... .......... 33%  208K 0s
    50K .......... .......... .......... .......... .......... 66%  604K 0s
   100K .......... .......... .......... .......... ......... 100%  607K=0.4s

2017-01-29 11:07:44 (369 KB/s) - ‘jls015’ saved [153084/153084]

--2017-01-29 11:07:45--  http://doi.org/10.1093/jrls/jls014
Connecting to doi.org (doi.org)|38.100.138.162|:80... connected.
HTTP request sent, awaiting response... 303 See Other
Location: https://academic.oup.com/jrls/article-lookup/doi/10.1093/jrls/jls014 [following]
--2017-01-29 11:07:46--  https://academic.oup.com/jrls/article-lookup/doi/10.1093/jrls/jls014
Connecting to academic.oup.com (academic.oup.com)|173.254.190.144|:443... connected.
HTTP request sent, awaiting response... 200 OK
Length: 105687 (103K) [text/html]
Saving to: ‘jls014’

     0K .......... .......... .......... .......... .......... 48%  309K 0s
    50K .......... .......... .......... .......... .......... 96%  313K 0s
   100K ...                                                   100% 6123G=0.3s

2017-01-29 11:07:52 (321 KB/s) - ‘jls014’ saved [105687/105687]

--2017-01-29 11:07:53--  http://doi.org/10.1093/jrls/jls011
Connecting to doi.org (doi.org)|38.100.138.162|:80... connected.
HTTP request sent, awaiting response... 303 See Other
Location: https://academic.oup.com/jrls/article-lookup/doi/10.1093/jrls/jls011 [following]
--2017-01-29 11:07:54--  https://academic.oup.com/jrls/article-lookup/doi/10.1093/jrls/jls011
Connecting to academic.oup.com (academic.oup.com)|173.254.190.144|:443... connected.
HTTP request sent, awaiting response... 200 OK
Length: 127988 (125K) [text/html]
Saving to: ‘jls011’

     0K .......... .......... .......... .......... .......... 40%  208K 0s
    50K .......... .......... .......... .......... .......... 80%  601K 0s
   100K .......... .......... ....                            100% 11.8M=0.3s

2017-01-29 11:07:59 (384 KB/s) - ‘jls011’ saved [127988/127988]

--2017-01-29 11:08:00--  http://doi.org/10.1093/jrls/jls010
Connecting to doi.org (doi.org)|38.100.138.162|:80... connected.
HTTP request sent, awaiting response... 303 See Other
Location: https://academic.oup.com/jrls/article-lookup/doi/10.1093/jrls/jls010 [following]
--2017-01-29 11:08:01--  https://academic.oup.com/jrls/article-lookup/doi/10.1093/jrls/jls010
Connecting to academic.oup.com (academic.oup.com)|173.254.190.144|:443... connected.
HTTP request sent, awaiting response... 200 OK
Length: 128031 (125K) [text/html]
Saving to: ‘jls010’

     0K .......... .......... .......... .......... .......... 39%  208K 0s
    50K .......... .......... .......... .......... .......... 79%  603K 0s
   100K .......... .......... .....                           100%  633K=0.4s

2017-01-29 11:08:05 (345 KB/s) - ‘jls010’ saved [128031/128031]

--2017-01-29 11:08:06--  http://doi.org/10.1093/jrls/jlt013
Connecting to doi.org (doi.org)|38.100.138.162|:80... connected.
HTTP request sent, awaiting response... 303 See Other
Location: https://academic.oup.com/jrls/article-lookup/doi/10.1093/jrls/jlt013 [following]
--2017-01-29 11:08:07--  https://academic.oup.com/jrls/article-lookup/doi/10.1093/jrls/jlt013
Connecting to academic.oup.com (academic.oup.com)|173.254.190.144|:443... connected.
HTTP request sent, awaiting response... 200 OK
Length: 124032 (121K) [text/html]
Saving to: ‘jlt013’

     0K .......... .......... .......... .......... .......... 41%  209K 0s
    50K .......... .......... .......... .......... .......... 82%  607K 0s
   100K .......... .......... .                               100% 7.55M=0.3s

2017-01-29 11:08:11 (373 KB/s) - ‘jlt013’ saved [124032/124032]

--2017-01-29 11:08:12--  http://doi.org/10.1093/jrls/jlt012
Connecting to doi.org (doi.org)|38.100.138.162|:80... connected.
HTTP request sent, awaiting response... 303 See Other
Location: https://academic.oup.com/jrls/article-lookup/doi/10.1093/jrls/jlt012 [following]
--2017-01-29 11:08:14--  https://academic.oup.com/jrls/article-lookup/doi/10.1093/jrls/jlt012
Connecting to academic.oup.com (academic.oup.com)|173.254.190.144|:443... connected.
HTTP request sent, awaiting response... 200 OK
Length: 175266 (171K) [text/html]
Saving to: ‘jlt012’

     0K .......... .......... .......... .......... .......... 29%  209K 1s
    50K .......... .......... .......... .......... .......... 58%  601K 0s
   100K .......... .......... .......... .......... .......... 87%  606K 0s
   150K .......... .......... .                               100%  272K=0.5s

2017-01-29 11:08:18 (354 KB/s) - ‘jlt012’ saved [175266/175266]

--2017-01-29 11:08:19--  http://doi.org/10.1093/jrls/jlt008
Connecting to doi.org (doi.org)|38.100.138.162|:80... connected.
HTTP request sent, awaiting response... 303 See Other
Location: https://academic.oup.com/jrls/article-lookup/doi/10.1093/jrls/jlt008 [following]
--2017-01-29 11:08:20--  https://academic.oup.com/jrls/article-lookup/doi/10.1093/jrls/jlt008
Connecting to academic.oup.com (academic.oup.com)|173.254.190.144|:443... connected.
HTTP request sent, awaiting response... 200 OK
Length: 125244 (122K) [text/html]
Saving to: ‘jlt008’

     0K .......... .......... .......... .......... .......... 40%  209K 0s
    50K .......... .......... .......... .......... .......... 81%  590K 0s
   100K .......... .......... ..                              100% 18.7M=0.3s

2017-01-29 11:08:24 (376 KB/s) - ‘jlt008’ saved [125244/125244]

--2017-01-29 11:08:25--  http://doi.org/10.1093/jrls/jlt006
Connecting to doi.org (doi.org)|38.100.138.162|:80... connected.
HTTP request sent, awaiting response... 303 See Other
Location: https://academic.oup.com/jrls/article-lookup/doi/10.1093/jrls/jlt006 [following]
--2017-01-29 11:08:26--  https://academic.oup.com/jrls/article-lookup/doi/10.1093/jrls/jlt006
Connecting to academic.oup.com (academic.oup.com)|173.254.190.144|:443... connected.
HTTP request sent, awaiting response... 200 OK
Length: 143857 (140K) [text/html]
Saving to: ‘jlt006’

     0K .......... .......... .......... .......... .......... 35%  209K 0s
    50K .......... .......... .......... .......... .......... 71%  608K 0s
   100K .......... .......... .......... ..........           100%  496K=0.4s

2017-01-29 11:08:30 (349 KB/s) - ‘jlt006’ saved [143857/143857]

--2017-01-29 11:08:31--  http://doi.org/10.1093/jrls/jls013
Connecting to doi.org (doi.org)|38.100.138.162|:80... connected.
HTTP request sent, awaiting response... 303 See Other
Location: https://academic.oup.com/jrls/article-lookup/doi/10.1093/jrls/jls013 [following]
--2017-01-29 11:08:32--  https://academic.oup.com/jrls/article-lookup/doi/10.1093/jrls/jls013
Connecting to academic.oup.com (academic.oup.com)|173.254.190.144|:443... connected.
HTTP request sent, awaiting response... 200 OK
Length: 204509 (200K) [text/html]
Saving to: ‘jls013’

     0K .......... .......... .......... .......... .......... 25%  209K 1s
    50K .......... .......... .......... .......... .......... 50%  605K 0s
   100K .......... .......... .......... .......... .......... 75%  608K 0s
   150K .......... .......... .......... .......... ......... 100%  607K=0.5s

2017-01-29 11:08:38 (411 KB/s) - ‘jls013’ saved [204509/204509]

--2017-01-29 11:08:39--  http://doi.org/10.1093/jrls/jls016
Connecting to doi.org (doi.org)|38.100.138.162|:80... connected.
HTTP request sent, awaiting response... 303 See Other
Location: https://academic.oup.com/jrls/article-lookup/doi/10.1093/jrls/jls016 [following]
--2017-01-29 11:08:40--  https://academic.oup.com/jrls/article-lookup/doi/10.1093/jrls/jls016
Connecting to academic.oup.com (academic.oup.com)|173.254.190.144|:443... connected.
HTTP request sent, awaiting response... 200 OK
Length: 169875 (166K) [text/html]
Saving to: ‘jls016’

     0K .......... .......... .......... .......... .......... 30%  208K 1s
    50K .......... .......... .......... .......... .......... 60%  604K 0s
   100K .......... .......... .......... .......... .......... 90%  616K 0s
   150K .......... .....                                      100%  203K=0.5s

2017-01-29 11:08:44 (344 KB/s) - ‘jls016’ saved [169875/169875]

--2017-01-29 11:08:45--  http://doi.org/10.1093/jrls/jls012
Connecting to doi.org (doi.org)|38.100.138.162|:80... connected.
HTTP request sent, awaiting response... 303 See Other
Location: https://academic.oup.com/jrls/article-lookup/doi/10.1093/jrls/jls012 [following]
--2017-01-29 11:08:47--  https://academic.oup.com/jrls/article-lookup/doi/10.1093/jrls/jls012
Connecting to academic.oup.com (academic.oup.com)|173.254.190.144|:443... connected.
HTTP request sent, awaiting response... 200 OK
Length: 169369 (165K) [text/html]
Saving to: ‘jls012’

     0K .......... .......... .......... .......... .......... 30%  208K 1s
    50K .......... .......... .......... .......... .......... 60%  602K 0s
   100K .......... .......... .......... .......... .......... 90%  606K 0s
   150K .......... .....                                      100% 7.77M=0.4s

2017-01-29 11:08:51 (406 KB/s) - ‘jls012’ saved [169369/169369]

--2017-01-29 11:08:52--  http://doi.org/10.1093/jrls/jlt005
Connecting to doi.org (doi.org)|38.100.138.162|:80... connected.
HTTP request sent, awaiting response... 303 See Other
Location: https://academic.oup.com/jrls/article-lookup/doi/10.1093/jrls/jlt005 [following]
--2017-01-29 11:08:53--  https://academic.oup.com/jrls/article-lookup/doi/10.1093/jrls/jlt005
Connecting to academic.oup.com (academic.oup.com)|173.254.190.144|:443... connected.
HTTP request sent, awaiting response... 200 OK
Length: 134787 (132K) [text/html]
Saving to: ‘jlt005’

     0K .......... .......... .......... .......... .......... 37%  309K 0s
    50K .......... .......... .......... .......... .......... 75%  312K 0s
   100K .......... .......... .......... .                    100%  398K=0.4s

2017-01-29 11:08:56 (328 KB/s) - ‘jlt005’ saved [134787/134787]

--2017-01-29 11:08:57--  http://doi.org/10.1093/jrls/jlt001
Connecting to doi.org (doi.org)|38.100.138.162|:80... connected.
HTTP request sent, awaiting response... 303 See Other
Location: https://academic.oup.com/jrls/article-lookup/doi/10.1093/jrls/jlt001 [following]
--2017-01-29 11:08:59--  https://academic.oup.com/jrls/article-lookup/doi/10.1093/jrls/jlt001
Connecting to academic.oup.com (academic.oup.com)|173.254.190.144|:443... connected.
HTTP request sent, awaiting response... 200 OK
Length: 96075 (94K) [text/html]
Saving to: ‘jlt001’

     0K .......... .......... .......... .......... .......... 53%  209K 0s
    50K .......... .......... .......... .......... ...       100%  546K=0.3s

2017-01-29 11:09:03 (294 KB/s) - ‘jlt001’ saved [96075/96075]

--2017-01-29 11:09:04--  http://doi.org/10.1093/jrls/jlt003
Connecting to doi.org (doi.org)|38.100.138.162|:80... connected.
HTTP request sent, awaiting response... 303 See Other
Location: https://academic.oup.com/jrls/article-lookup/doi/10.1093/jrls/jlt003 [following]
--2017-01-29 11:09:05--  https://academic.oup.com/jrls/article-lookup/doi/10.1093/jrls/jlt003
Connecting to academic.oup.com (academic.oup.com)|173.254.190.144|:443... connected.
HTTP request sent, awaiting response... 200 OK
Length: 120212 (117K) [text/html]
Saving to: ‘jlt003’

     0K .......... .......... .......... .......... .......... 42%  209K 0s
    50K .......... .......... .......... .......... .......... 85%  602K 0s
   100K .......... .......                                    100% 17.4M=0.3s

2017-01-29 11:09:09 (363 KB/s) - ‘jlt003’ saved [120212/120212]

--2017-01-29 11:09:10--  http://doi.org/10.1093/jrls/jlt004
Connecting to doi.org (doi.org)|38.100.138.162|:80... connected.
HTTP request sent, awaiting response... 303 See Other
Location: https://academic.oup.com/jrls/article-lookup/doi/10.1093/jrls/jlt004 [following]
--2017-01-29 11:09:11--  https://academic.oup.com/jrls/article-lookup/doi/10.1093/jrls/jlt004
Connecting to academic.oup.com (academic.oup.com)|173.254.190.144|:443... connected.
HTTP request sent, awaiting response... 200 OK
Length: 92288 (90K) [text/html]
Saving to: ‘jlt004’

     0K .......... .......... .......... .......... .......... 55%  208K 0s
    50K .......... .......... .......... ..........           100% 12.2M=0.2s

2017-01-29 11:09:14 (370 KB/s) - ‘jlt004’ saved [92288/92288]

--2017-01-29 11:09:15--  http://doi.org/10.1093/jrls/jlt002
Connecting to doi.org (doi.org)|38.100.138.162|:80... connected.
HTTP request sent, awaiting response... 303 See Other
Location: https://academic.oup.com/jrls/article-lookup/doi/10.1093/jrls/jlt002 [following]
--2017-01-29 11:09:16--  https://academic.oup.com/jrls/article-lookup/doi/10.1093/jrls/jlt002
Connecting to academic.oup.com (academic.oup.com)|173.254.190.144|:443... connected.
HTTP request sent, awaiting response... 200 OK
Length: 145582 (142K) [text/html]
Saving to: ‘jlt002’

     0K .......... .......... .......... .......... .......... 35%  209K 0s
    50K .......... .......... .......... .......... .......... 70%  608K 0s
   100K .......... .......... .......... .......... ..        100%  525K=0.4s

2017-01-29 11:09:22 (354 KB/s) - ‘jlt002’ saved [145582/145582]

--2017-01-29 11:09:23--  http://doi.org/10.1093/jrls/jlt022
Connecting to doi.org (doi.org)|38.100.138.162|:80... connected.
HTTP request sent, awaiting response... 303 See Other
Location: https://academic.oup.com/jrls/article-lookup/doi/10.1093/jrls/jlt022 [following]
--2017-01-29 11:09:24--  https://academic.oup.com/jrls/article-lookup/doi/10.1093/jrls/jlt022
Connecting to academic.oup.com (academic.oup.com)|173.254.190.144|:443... connected.
HTTP request sent, awaiting response... 200 OK
Length: 194064 (190K) [text/html]
Saving to: ‘jlt022’

     0K .......... .......... .......... .......... .......... 26%  208K 1s
    50K .......... .......... .......... .......... .......... 52%  613K 0s
   100K .......... .......... .......... .......... .......... 79%  594K 0s
   150K .......... .......... .......... .........            100%  498K=0.5s

2017-01-29 11:09:29 (390 KB/s) - ‘jlt022’ saved [194064/194064]

--2017-01-29 11:09:30--  http://doi.org/10.1093/jrls/jlt017
Connecting to doi.org (doi.org)|38.100.138.162|:80... connected.
HTTP request sent, awaiting response... 303 See Other
Location: https://academic.oup.com/jrls/article-lookup/doi/10.1093/jrls/jlt017 [following]
--2017-01-29 11:09:31--  https://academic.oup.com/jrls/article-lookup/doi/10.1093/jrls/jlt017
Connecting to academic.oup.com (academic.oup.com)|173.254.190.144|:443... connected.
HTTP request sent, awaiting response... 200 OK
Length: 110649 (108K) [text/html]
Saving to: ‘jlt017’

     0K .......... .......... .......... .......... .......... 46%  208K 0s
    50K .......... .......... .......... .......... .......... 92%  608K 0s
   100K ........                                              100% 23.5M=0.3s

2017-01-29 11:09:35 (335 KB/s) - ‘jlt017’ saved [110649/110649]

--2017-01-29 11:09:36--  http://doi.org/10.1093/jrls/jlt020
Connecting to doi.org (doi.org)|38.100.138.162|:80... connected.
HTTP request sent, awaiting response... 303 See Other
Location: https://academic.oup.com/jrls/article-lookup/doi/10.1093/jrls/jlt020 [following]
--2017-01-29 11:09:37--  https://academic.oup.com/jrls/article-lookup/doi/10.1093/jrls/jlt020
Connecting to academic.oup.com (academic.oup.com)|173.254.190.144|:443... connected.
HTTP request sent, awaiting response... 200 OK
Length: 121004 (118K) [text/html]
Saving to: ‘jlt020’

     0K .......... .......... .......... .......... .......... 42%  209K 0s
    50K .......... .......... .......... .......... .......... 84%  598K 0s
   100K .......... ........                                   100% 22.9M=0.3s

2017-01-29 11:09:41 (365 KB/s) - ‘jlt020’ saved [121004/121004]

--2017-01-29 11:09:42--  http://doi.org/10.1093/jrls/jlt018
Connecting to doi.org (doi.org)|38.100.138.162|:80... connected.
HTTP request sent, awaiting response... 303 See Other
Location: https://academic.oup.com/jrls/article-lookup/doi/10.1093/jrls/jlt018 [following]
--2017-01-29 11:09:43--  https://academic.oup.com/jrls/article-lookup/doi/10.1093/jrls/jlt018
Connecting to academic.oup.com (academic.oup.com)|173.254.190.144|:443... connected.
HTTP request sent, awaiting response... 200 OK
Length: 107640 (105K) [text/html]
Saving to: ‘jlt018’

     0K .......... .......... .......... .......... .......... 47%  209K 0s
    50K .......... .......... .......... .......... .......... 95%  612K 0s
   100K .....                                                 100% 9760G=0.3s

2017-01-29 11:09:54 (328 KB/s) - ‘jlt018’ saved [107640/107640]

--2017-01-29 11:09:55--  http://doi.org/10.1093/jrls/jlt019
Connecting to doi.org (doi.org)|38.100.138.162|:80... connected.
HTTP request sent, awaiting response... 303 See Other
Location: https://academic.oup.com/jrls/article-lookup/doi/10.1093/jrls/jlt019 [following]
--2017-01-29 11:09:56--  https://academic.oup.com/jrls/article-lookup/doi/10.1093/jrls/jlt019
Connecting to academic.oup.com (academic.oup.com)|173.254.190.144|:443... connected.
HTTP request sent, awaiting response... 200 OK
Length: 125920 (123K) [text/html]
Saving to: ‘jlt019’

     0K .......... .......... .......... .......... .......... 40%  209K 0s
    50K .......... .......... .......... .......... .......... 81%  590K 0s
   100K .......... .......... ..                              100% 10.5M=0.3s

2017-01-29 11:10:00 (377 KB/s) - ‘jlt019’ saved [125920/125920]

--2017-01-29 11:10:01--  http://doi.org/10.1093/jrls/jlt023
Connecting to doi.org (doi.org)|38.100.138.162|:80... connected.
HTTP request sent, awaiting response... 303 See Other
Location: https://academic.oup.com/jrls/article-lookup/doi/10.1093/jrls/jlt023 [following]
--2017-01-29 11:10:02--  https://academic.oup.com/jrls/article-lookup/doi/10.1093/jrls/jlt023
Connecting to academic.oup.com (academic.oup.com)|173.254.190.144|:443... connected.
HTTP request sent, awaiting response... 200 OK
Length: 111922 (109K) [text/html]
Saving to: ‘jlt023’

     0K .......... .......... .......... .......... .......... 45%  209K 0s
    50K .......... .......... .......... .......... .......... 91%  606K 0s
   100K .........                                             100% 32.9M=0.3s

2017-01-29 11:10:06 (339 KB/s) - ‘jlt023’ saved [111922/111922]

--2017-01-29 11:10:07--  http://doi.org/10.1093/jrls/jlt021
Connecting to doi.org (doi.org)|38.100.138.162|:80... connected.
HTTP request sent, awaiting response... 303 See Other
Location: https://academic.oup.com/jrls/article-lookup/doi/10.1093/jrls/jlt021 [following]
--2017-01-29 11:10:08--  https://academic.oup.com/jrls/article-lookup/doi/10.1093/jrls/jlt021
Connecting to academic.oup.com (academic.oup.com)|173.254.190.144|:443... connected.
HTTP request sent, awaiting response... 200 OK
Length: 115862 (113K) [text/html]
Saving to: ‘jlt021’

     0K .......... .......... .......... .......... .......... 44%  208K 0s
    50K .......... .......... .......... .......... .......... 88%  605K 0s
   100K .......... ...                                        100% 25.7M=0.3s

2017-01-29 11:10:13 (349 KB/s) - ‘jlt021’ saved [115862/115862]

--2017-01-29 11:10:14--  http://doi.org/10.1093/jrls/jlt026
Connecting to doi.org (doi.org)|38.100.138.162|:80... connected.
HTTP request sent, awaiting response... 303 See Other
Location: https://academic.oup.com/jrls/article-lookup/doi/10.1093/jrls/jlt026 [following]
--2017-01-29 11:10:15--  https://academic.oup.com/jrls/article-lookup/doi/10.1093/jrls/jlt026
Connecting to academic.oup.com (academic.oup.com)|173.254.190.144|:443... connected.
HTTP request sent, awaiting response... 200 OK
Length: 148064 (145K) [text/html]
Saving to: ‘jlt026’

     0K .......... .......... .......... .......... .......... 34%  208K 0s
    50K .......... .......... .......... .......... .......... 69%  582K 0s
   100K .......... .......... .......... .......... ....      100%  534K=0.4s

2017-01-29 11:10:18 (353 KB/s) - ‘jlt026’ saved [148064/148064]

--2017-01-29 11:10:19--  http://doi.org/10.1093/jrls/jlt028
Connecting to doi.org (doi.org)|38.100.138.162|:80... connected.
HTTP request sent, awaiting response... 303 See Other
Location: https://academic.oup.com/jrls/article-lookup/doi/10.1093/jrls/jlt028 [following]
--2017-01-29 11:10:21--  https://academic.oup.com/jrls/article-lookup/doi/10.1093/jrls/jlt028
Connecting to academic.oup.com (academic.oup.com)|173.254.190.144|:443... connected.
HTTP request sent, awaiting response... 200 OK
Length: 109315 (107K) [text/html]
Saving to: ‘jlt028’

     0K .......... .......... .......... .......... .......... 46%  310K 0s
    50K .......... .......... .......... .......... .......... 93%  313K 0s
   100K ......                                                100% 27.0M=0.3s

2017-01-29 11:10:27 (332 KB/s) - ‘jlt028’ saved [109315/109315]

--2017-01-29 11:10:28--  http://doi.org/10.1093/jrls/jlt024
Connecting to doi.org (doi.org)|38.100.138.162|:80... connected.
HTTP request sent, awaiting response... 303 See Other
Location: https://academic.oup.com/jrls/article-lookup/doi/10.1093/jrls/jlt024 [following]
--2017-01-29 11:10:30--  https://academic.oup.com/jrls/article-lookup/doi/10.1093/jrls/jlt024
Connecting to academic.oup.com (academic.oup.com)|173.254.190.144|:443... connected.
HTTP request sent, awaiting response... 200 OK
Length: 92454 (90K) [text/html]
Saving to: ‘jlt024’

     0K .......... .......... .......... .......... .......... 55%  209K 0s
    50K .......... .......... .......... ..........           100%  973K=0.3s

2017-01-29 11:10:33 (322 KB/s) - ‘jlt024’ saved [92454/92454]

--2017-01-29 11:10:34--  http://doi.org/10.1093/jrls/jlt025
Connecting to doi.org (doi.org)|38.100.138.162|:80... connected.
HTTP request sent, awaiting response... 303 See Other
Location: https://academic.oup.com/jrls/article-lookup/doi/10.1093/jrls/jlt025 [following]
--2017-01-29 11:10:36--  https://academic.oup.com/jrls/article-lookup/doi/10.1093/jrls/jlt025
Connecting to academic.oup.com (academic.oup.com)|173.254.190.144|:443... connected.
HTTP request sent, awaiting response... 200 OK
Length: 157369 (154K) [text/html]
Saving to: ‘jlt025’

     0K .......... .......... .......... .......... .......... 32%  208K 0s
    50K .......... .......... .......... .......... .......... 65%  601K 0s
   100K .......... .......... .......... .......... .......... 97%  610K 0s
   150K ...                                                   100% 7020G=0.4s

2017-01-29 11:10:39 (379 KB/s) - ‘jlt025’ saved [157369/157369]

--2017-01-29 11:10:40--  http://doi.org/10.1093/jrls/jlt027
Connecting to doi.org (doi.org)|38.100.138.162|:80... connected.
HTTP request sent, awaiting response... 303 See Other
Location: https://academic.oup.com/jrls/article-lookup/doi/10.1093/jrls/jlt027 [following]
--2017-01-29 11:10:42--  https://academic.oup.com/jrls/article-lookup/doi/10.1093/jrls/jlt027
Connecting to academic.oup.com (academic.oup.com)|173.254.190.144|:443... connected.
HTTP request sent, awaiting response... 200 OK
Length: 275739 (269K) [text/html]
Saving to: ‘jlt027’

     0K .......... .......... .......... .......... .......... 18%  209K 1s
    50K .......... .......... .......... .......... .......... 37%  602K 1s
   100K .......... .......... .......... .......... .......... 55%  606K 0s
   150K .......... .......... .......... .......... .......... 74%  426K 0s
   200K .......... .......... .......... .......... .......... 92%  403K 0s
   250K .......... .........                                  100% 13.6M=0.6s

2017-01-29 11:10:46 (415 KB/s) - ‘jlt027’ saved [275739/275739]

--2017-01-29 11:10:47--  http://doi.org/10.1093/jrls/jlt015
Connecting to doi.org (doi.org)|38.100.138.162|:80... connected.
HTTP request sent, awaiting response... 303 See Other
Location: https://academic.oup.com/jrls/article-lookup/doi/10.1093/jrls/jlt015 [following]
--2017-01-29 11:10:49--  https://academic.oup.com/jrls/article-lookup/doi/10.1093/jrls/jlt015
Connecting to academic.oup.com (academic.oup.com)|173.254.190.144|:443... connected.
HTTP request sent, awaiting response... 200 OK
Length: 106117 (104K) [text/html]
Saving to: ‘jlt015’

     0K .......... .......... .......... .......... .......... 48%  209K 0s
    50K .......... .......... .......... .......... .......... 96%  609K 0s
   100K ...                                                   100% 6923G=0.3s

2017-01-29 11:10:53 (322 KB/s) - ‘jlt015’ saved [106117/106117]

--2017-01-29 11:10:54--  http://doi.org/10.1093/jrls/jlt029
Connecting to doi.org (doi.org)|38.100.138.162|:80... connected.
HTTP request sent, awaiting response... 303 See Other
Location: https://academic.oup.com/jrls/article-lookup/doi/10.1093/jrls/jlt029 [following]
--2017-01-29 11:10:55--  https://academic.oup.com/jrls/article-lookup/doi/10.1093/jrls/jlt029
Connecting to academic.oup.com (academic.oup.com)|173.254.190.144|:443... connected.
HTTP request sent, awaiting response... 200 OK
Length: 152282 (149K) [text/html]
Saving to: ‘jlt029’

     0K .......... .......... .......... .......... .......... 33%  209K 0s
    50K .......... .......... .......... .......... .......... 67%  609K 0s
   100K .......... .......... .......... .......... ........  100%  594K=0.4s

2017-01-29 11:10:59 (368 KB/s) - ‘jlt029’ saved [152282/152282]

--2017-01-29 11:11:00--  http://doi.org/10.1093/jrls/jlt016
Connecting to doi.org (doi.org)|38.100.138.162|:80... connected.
HTTP request sent, awaiting response... 303 See Other
Location: https://academic.oup.com/jrls/article-lookup/doi/10.1093/jrls/jlt016 [following]
--2017-01-29 11:11:02--  https://academic.oup.com/jrls/article-lookup/doi/10.1093/jrls/jlt016
Connecting to academic.oup.com (academic.oup.com)|173.254.190.144|:443... connected.
HTTP request sent, awaiting response... 200 OK
Length: 131057 (128K) [text/html]
Saving to: ‘jlt016’

     0K .......... .......... .......... .......... .......... 39%  208K 0s
    50K .......... .......... .......... .......... .......... 78%  605K 0s
   100K .......... .......... .......                         100%  360K=0.4s

2017-01-29 11:11:07 (319 KB/s) - ‘jlt016’ saved [131057/131057]

--2017-01-29 11:11:08--  http://doi.org/10.1093/jrls/jlt014
Connecting to doi.org (doi.org)|38.100.138.162|:80... connected.
HTTP request sent, awaiting response... 303 See Other
Location: https://academic.oup.com/jrls/article-lookup/doi/10.1093/jrls/jlt014 [following]
--2017-01-29 11:11:09--  https://academic.oup.com/jrls/article-lookup/doi/10.1093/jrls/jlt014
Connecting to academic.oup.com (academic.oup.com)|173.254.190.144|:443... connected.
HTTP request sent, awaiting response... 200 OK
Length: 101474 (99K) [text/html]
Saving to: ‘jlt014’

     0K .......... .......... .......... .......... .......... 50%  209K 0s
    50K .......... .......... .......... .......... ......... 100%  603K=0.3s

2017-01-29 11:11:13 (309 KB/s) - ‘jlt014’ saved [101474/101474]

--2017-01-29 11:11:14--  http://doi.org/10.1093/jrls/jlt032
Connecting to doi.org (doi.org)|38.100.138.162|:80... connected.
HTTP request sent, awaiting response... 303 See Other
Location: https://academic.oup.com/jrls/article-lookup/doi/10.1093/jrls/jlt032 [following]
--2017-01-29 11:11:15--  https://academic.oup.com/jrls/article-lookup/doi/10.1093/jrls/jlt032
Connecting to academic.oup.com (academic.oup.com)|173.254.190.144|:443... connected.
HTTP request sent, awaiting response... 200 OK
Length: 131076 (128K) [text/html]
Saving to: ‘jlt032’

     0K .......... .......... .......... .......... .......... 39%  209K 0s
    50K .......... .......... .......... .......... .......... 78%  584K 0s
   100K .......... .......... ........                        100% 13.7M=0.3s

2017-01-29 11:11:20 (391 KB/s) - ‘jlt032’ saved [131076/131076]

--2017-01-29 11:11:21--  http://doi.org/10.1093/jrls/jlt031
Connecting to doi.org (doi.org)|38.100.138.162|:80... connected.
HTTP request sent, awaiting response... 303 See Other
Location: https://academic.oup.com/jrls/article-lookup/doi/10.1093/jrls/jlt031 [following]
--2017-01-29 11:11:23--  https://academic.oup.com/jrls/article-lookup/doi/10.1093/jrls/jlt031
Connecting to academic.oup.com (academic.oup.com)|173.254.190.144|:443... connected.
HTTP request sent, awaiting response... 200 OK
Length: 129084 (126K) [text/html]
Saving to: ‘jlt031’

     0K .......... .......... .......... .......... .......... 39%  309K 0s
    50K .......... .......... .......... .......... .......... 79%  314K 0s
   100K .......... .......... ......                          100% 11.2M=0.3s

2017-01-29 11:11:26 (390 KB/s) - ‘jlt031’ saved [129084/129084]

--2017-01-29 11:11:27--  http://doi.org/10.1093/jrls/jlt030
Connecting to doi.org (doi.org)|38.100.138.162|:80... connected.
HTTP request sent, awaiting response... 303 See Other
Location: https://academic.oup.com/jrls/article-lookup/doi/10.1093/jrls/jlt030 [following]
--2017-01-29 11:11:28--  https://academic.oup.com/jrls/article-lookup/doi/10.1093/jrls/jlt030
Connecting to academic.oup.com (academic.oup.com)|173.254.190.144|:443... connected.
HTTP request sent, awaiting response... 200 OK
Length: 147506 (144K) [text/html]
Saving to: ‘jlt030’

     0K .......... .......... .......... .......... .......... 34%  208K 0s
    50K .......... .......... .......... .......... .......... 69%  602K 0s
   100K .......... .......... .......... .......... ....      100%  543K=0.4s

2017-01-29 11:11:32 (356 KB/s) - ‘jlt030’ saved [147506/147506]

--2017-01-29 11:11:33--  http://doi.org/10.1093/jrls/jlt034
Connecting to doi.org (doi.org)|38.100.138.162|:80... connected.
HTTP request sent, awaiting response... 303 See Other
Location: https://academic.oup.com/jrls/article-lookup/doi/10.1093/jrls/jlt034 [following]
--2017-01-29 11:11:34--  https://academic.oup.com/jrls/article-lookup/doi/10.1093/jrls/jlt034
Connecting to academic.oup.com (academic.oup.com)|173.254.190.144|:443... connected.
HTTP request sent, awaiting response... 200 OK
Length: 115565 (113K) [text/html]
Saving to: ‘jlt034’

     0K .......... .......... .......... .......... .......... 44%  209K 0s
    50K .......... .......... .......... .......... .......... 88%  601K 0s
   100K .......... ..                                         100% 27.5M=0.3s

2017-01-29 11:11:38 (349 KB/s) - ‘jlt034’ saved [115565/115565]

--2017-01-29 11:11:39--  http://doi.org/10.1093/jrls/jlt010
Connecting to doi.org (doi.org)|38.100.138.162|:80... connected.
HTTP request sent, awaiting response... 303 See Other
Location: https://academic.oup.com/jrls/article-lookup/doi/10.1093/jrls/jlt010 [following]
--2017-01-29 11:11:40--  https://academic.oup.com/jrls/article-lookup/doi/10.1093/jrls/jlt010
Connecting to academic.oup.com (academic.oup.com)|173.254.190.144|:443... connected.
HTTP request sent, awaiting response... 200 OK
Length: 126675 (124K) [text/html]
Saving to: ‘jlt010’

     0K .......... .......... .......... .......... .......... 40%  209K 0s
    50K .......... .......... .......... .......... .......... 80%  604K 0s
   100K .......... .......... ...                             100% 17.2M=0.3s

2017-01-29 11:11:44 (382 KB/s) - ‘jlt010’ saved [126675/126675]

--2017-01-29 11:11:45--  http://doi.org/10.1093/jrls/jlt011
Connecting to doi.org (doi.org)|38.100.138.162|:80... connected.
HTTP request sent, awaiting response... 303 See Other
Location: https://academic.oup.com/jrls/article-lookup/doi/10.1093/jrls/jlt011 [following]
--2017-01-29 11:11:46--  https://academic.oup.com/jrls/article-lookup/doi/10.1093/jrls/jlt011
Connecting to academic.oup.com (academic.oup.com)|173.254.190.144|:443... connected.
HTTP request sent, awaiting response... 200 OK
Length: 108485 (106K) [text/html]
Saving to: ‘jlt011’

     0K .......... .......... .......... .......... .......... 47%  207K 0s
    50K .......... .......... .......... .......... .......... 94%  604K 0s
   100K .....                                                 100% 30.2M=0.3s

2017-01-29 11:11:50 (326 KB/s) - ‘jlt011’ saved [108485/108485]

--2017-01-29 11:11:51--  http://doi.org/10.1093/jrls/jlt009
Connecting to doi.org (doi.org)|38.100.138.162|:80... connected.
HTTP request sent, awaiting response... 303 See Other
Location: https://academic.oup.com/jrls/article-lookup/doi/10.1093/jrls/jlt009 [following]
--2017-01-29 11:11:52--  https://academic.oup.com/jrls/article-lookup/doi/10.1093/jrls/jlt009
Connecting to academic.oup.com (academic.oup.com)|173.254.190.144|:443... connected.
HTTP request sent, awaiting response... 200 OK
Length: 123709 (121K) [text/html]
Saving to: ‘jlt009’

     0K .......... .......... .......... .......... .......... 41%  209K 0s
    50K .......... .......... .......... .......... .......... 82%  604K 0s
   100K .......... ..........                                 100% 12.8M=0.3s

2017-01-29 11:11:56 (374 KB/s) - ‘jlt009’ saved [123709/123709]

--2017-01-29 11:11:57--  http://doi.org/10.1093/jrls/jlt033
Connecting to doi.org (doi.org)|38.100.138.162|:80... connected.
HTTP request sent, awaiting response... 303 See Other
Location: https://academic.oup.com/jrls/article-lookup/doi/10.1093/jrls/jlt033 [following]
--2017-01-29 11:11:58--  https://academic.oup.com/jrls/article-lookup/doi/10.1093/jrls/jlt033
Connecting to academic.oup.com (academic.oup.com)|173.254.190.144|:443... connected.
HTTP request sent, awaiting response... 200 OK
Length: 135725 (133K) [text/html]
Saving to: ‘jlt033’

     0K .......... .......... .......... .......... .......... 37%  209K 0s
    50K .......... .......... .......... .......... .......... 75%  606K 0s
   100K .......... .......... .......... ..                   100%  408K=0.4s

2017-01-29 11:12:03 (330 KB/s) - ‘jlt033’ saved [135725/135725]

--2017-01-29 11:12:04--  http://doi.org/10.1093/jrls/jlt035
Connecting to doi.org (doi.org)|38.100.138.162|:80... connected.
HTTP request sent, awaiting response... 303 See Other
Location: https://academic.oup.com/jrls/article-lookup/doi/10.1093/jrls/jlt035 [following]
--2017-01-29 11:12:05--  https://academic.oup.com/jrls/article-lookup/doi/10.1093/jrls/jlt035
Connecting to academic.oup.com (academic.oup.com)|173.254.190.144|:443... connected.
HTTP request sent, awaiting response... 200 OK
Length: 102579 (100K) [text/html]
Saving to: ‘jlt035’

     0K .......... .......... .......... .......... .......... 49%  209K 0s
    50K .......... .......... .......... .......... .......... 99%  613K 0s
   100K                                                       100%  333G=0.3s

2017-01-29 11:12:09 (312 KB/s) - ‘jlt035’ saved [102579/102579]

--2017-01-29 11:12:10--  http://doi.org/10.1093/jrls/jlt037
Connecting to doi.org (doi.org)|38.100.138.162|:80... connected.
HTTP request sent, awaiting response... 303 See Other
Location: https://academic.oup.com/jrls/article-lookup/doi/10.1093/jrls/jlt037 [following]
--2017-01-29 11:12:11--  https://academic.oup.com/jrls/article-lookup/doi/10.1093/jrls/jlt037
Connecting to academic.oup.com (academic.oup.com)|173.254.190.144|:443... connected.
HTTP request sent, awaiting response... 200 OK
Length: 113197 (111K) [text/html]
Saving to: ‘jlt037’

     0K .......... .......... .......... .......... .......... 45%  209K 0s
    50K .......... .......... .......... .......... .......... 90%  600K 0s
   100K ..........                                            100% 35.8M=0.3s

2017-01-29 11:12:15 (342 KB/s) - ‘jlt037’ saved [113197/113197]

--2017-01-29 11:12:16--  http://doi.org/10.1093/jrls/jlu001
Connecting to doi.org (doi.org)|38.100.138.162|:80... connected.
HTTP request sent, awaiting response... 303 See Other
Location: https://academic.oup.com/jrls/article-lookup/doi/10.1093/jrls/jlu001 [following]
--2017-01-29 11:12:17--  https://academic.oup.com/jrls/article-lookup/doi/10.1093/jrls/jlu001
Connecting to academic.oup.com (academic.oup.com)|173.254.190.144|:443... connected.
HTTP request sent, awaiting response... 200 OK
Length: 107762 (105K) [text/html]
Saving to: ‘jlu001’

     0K .......... .......... .......... .......... .......... 47%  209K 0s
    50K .......... .......... .......... .......... .......... 95%  576K 0s
   100K .....                                                 100% 9988G=0.3s

2017-01-29 11:12:24 (323 KB/s) - ‘jlu001’ saved [107762/107762]

--2017-01-29 11:12:25--  http://doi.org/10.1093/jrls/jlt036
Connecting to doi.org (doi.org)|38.100.138.162|:80... connected.
HTTP request sent, awaiting response... 303 See Other
Location: https://academic.oup.com/jrls/article-lookup/doi/10.1093/jrls/jlt036 [following]
--2017-01-29 11:12:26--  https://academic.oup.com/jrls/article-lookup/doi/10.1093/jrls/jlt036
Connecting to academic.oup.com (academic.oup.com)|173.254.190.144|:443... connected.
HTTP request sent, awaiting response... 200 OK
Length: 100174 (98K) [text/html]
Saving to: ‘jlt036’

     0K .......... .......... .......... .......... .......... 51%  209K 0s
    50K .......... .......... .......... .......... .......   100%  586K=0.3s

2017-01-29 11:12:30 (305 KB/s) - ‘jlt036’ saved [100174/100174]

--2017-01-29 11:12:31--  http://doi.org/10.1093/jrls/jlu003
Connecting to doi.org (doi.org)|38.100.138.162|:80... connected.
HTTP request sent, awaiting response... 303 See Other
Location: https://academic.oup.com/jrls/article-lookup/doi/10.1093/jrls/jlu003 [following]
--2017-01-29 11:12:32--  https://academic.oup.com/jrls/article-lookup/doi/10.1093/jrls/jlu003
Connecting to academic.oup.com (academic.oup.com)|173.254.190.144|:443... connected.
HTTP request sent, awaiting response... 200 OK
Length: 204977 (200K) [text/html]
Saving to: ‘jlu003’

     0K .......... .......... .......... .......... .......... 24%  209K 1s
    50K .......... .......... .......... .......... .......... 49%  607K 0s
   100K .......... .......... .......... .......... .......... 74%  614K 0s
   150K .......... .......... .......... .......... .......... 99%  422K 0s
   200K                                                       100%  330G=0.5s

2017-01-29 11:12:36 (384 KB/s) - ‘jlu003’ saved [204977/204977]

--2017-01-29 11:12:37--  http://doi.org/10.1093/jrls/jlu002
Connecting to doi.org (doi.org)|38.100.138.162|:80... connected.
HTTP request sent, awaiting response... 303 See Other
Location: https://academic.oup.com/jrls/article-lookup/doi/10.1093/jrls/jlu002 [following]
--2017-01-29 11:12:38--  https://academic.oup.com/jrls/article-lookup/doi/10.1093/jrls/jlu002
Connecting to academic.oup.com (academic.oup.com)|173.254.190.144|:443... connected.
HTTP request sent, awaiting response... 200 OK
Length: 146440 (143K) [text/html]
Saving to: ‘jlu002’

     0K .......... .......... .......... .......... .......... 34%  209K 0s
    50K .......... .......... .......... .......... .......... 69%  587K 0s
   100K .......... .......... .......... .......... ...       100%  535K=0.4s

2017-01-29 11:12:42 (353 KB/s) - ‘jlu002’ saved [146440/146440]

--2017-01-29 11:12:43--  http://doi.org/10.1093/jrls/jlt038
Connecting to doi.org (doi.org)|38.100.138.162|:80... connected.
HTTP request sent, awaiting response... 303 See Other
Location: https://academic.oup.com/jrls/article-lookup/doi/10.1093/jrls/jlt038 [following]
--2017-01-29 11:12:44--  https://academic.oup.com/jrls/article-lookup/doi/10.1093/jrls/jlt038
Connecting to academic.oup.com (academic.oup.com)|173.254.190.144|:443... connected.
HTTP request sent, awaiting response... 200 OK
Length: 93404 (91K) [text/html]
Saving to: ‘jlt038’

     0K .......... .......... .......... .......... .......... 54%  209K 0s
    50K .......... .......... .......... .......... .         100% 11.4M=0.2s

2017-01-29 11:12:48 (375 KB/s) - ‘jlt038’ saved [93404/93404]

--2017-01-29 11:12:49--  http://doi.org/10.1093/jrls/jlu004
Connecting to doi.org (doi.org)|38.100.138.162|:80... connected.
HTTP request sent, awaiting response... 303 See Other
Location: https://academic.oup.com/jrls/article-lookup/doi/10.1093/jrls/jlu004 [following]
--2017-01-29 11:12:50--  https://academic.oup.com/jrls/article-lookup/doi/10.1093/jrls/jlu004
Connecting to academic.oup.com (academic.oup.com)|173.254.190.144|:443... connected.
HTTP request sent, awaiting response... 200 OK
Length: 123802 (121K) [text/html]
Saving to: ‘jlu004’

     0K .......... .......... .......... .......... .......... 41%  208K 0s
    50K .......... .......... .......... .......... .......... 82%  605K 0s
   100K .......... ..........                                 100% 16.8M=0.3s

2017-01-29 11:12:54 (373 KB/s) - ‘jlu004’ saved [123802/123802]

--2017-01-29 11:12:55--  http://doi.org/10.1093/jrls/jlt039
Connecting to doi.org (doi.org)|38.100.138.162|:80... connected.
HTTP request sent, awaiting response... 303 See Other
Location: https://academic.oup.com/jrls/article-lookup/doi/10.1093/jrls/jlt039 [following]
--2017-01-29 11:12:56--  https://academic.oup.com/jrls/article-lookup/doi/10.1093/jrls/jlt039
Connecting to academic.oup.com (academic.oup.com)|173.254.190.144|:443... connected.
HTTP request sent, awaiting response... 200 OK
Length: 91157 (89K) [text/html]
Saving to: ‘jlt039’

     0K .......... .......... .......... .......... .......... 56%  208K 0s
    50K .......... .......... .......... .........            100% 11.8M=0.2s

2017-01-29 11:13:00 (366 KB/s) - ‘jlt039’ saved [91157/91157]

--2017-01-29 11:13:01--  http://doi.org/10.1093/jrls/jlu012
Connecting to doi.org (doi.org)|38.100.138.162|:80... connected.
HTTP request sent, awaiting response... 303 See Other
Location: https://academic.oup.com/jrls/article-lookup/doi/10.1093/jrls/jlu012 [following]
--2017-01-29 11:13:02--  https://academic.oup.com/jrls/article-lookup/doi/10.1093/jrls/jlu012
Connecting to academic.oup.com (academic.oup.com)|173.254.190.144|:443... connected.
HTTP request sent, awaiting response... 200 OK
Length: 133965 (131K) [text/html]
Saving to: ‘jlu012’

     0K .......... .......... .......... .......... .......... 38%  209K 0s
    50K .......... .......... .......... .......... .......... 76%  609K 0s
   100K .......... .......... ..........                      100%  392K=0.4s

2017-01-29 11:13:07 (327 KB/s) - ‘jlu012’ saved [133965/133965]

--2017-01-29 11:13:08--  http://doi.org/10.1093/jrls/jlu007
Connecting to doi.org (doi.org)|38.100.138.162|:80... connected.
HTTP request sent, awaiting response... 303 See Other
Location: https://academic.oup.com/jrls/article-lookup/doi/10.1093/jrls/jlu007 [following]
--2017-01-29 11:13:09--  https://academic.oup.com/jrls/article-lookup/doi/10.1093/jrls/jlu007
Connecting to academic.oup.com (academic.oup.com)|173.254.190.144|:443... connected.
HTTP request sent, awaiting response... 200 OK
Length: 120305 (117K) [text/html]
Saving to: ‘jlu007’

     0K .......... .......... .......... .......... .......... 42%  207K 0s
    50K .......... .......... .......... .......... .......... 85%  599K 0s
   100K .......... .......                                    100% 8.05M=0.3s

2017-01-29 11:13:13 (359 KB/s) - ‘jlu007’ saved [120305/120305]

--2017-01-29 11:13:14--  http://doi.org/10.1093/jrls/jlu006
Connecting to doi.org (doi.org)|38.100.138.162|:80... connected.
HTTP request sent, awaiting response... 303 See Other
Location: https://academic.oup.com/jrls/article-lookup/doi/10.1093/jrls/jlu006 [following]
--2017-01-29 11:13:15--  https://academic.oup.com/jrls/article-lookup/doi/10.1093/jrls/jlu006
Connecting to academic.oup.com (academic.oup.com)|173.254.190.144|:443... connected.
HTTP request sent, awaiting response... 200 OK
Length: 110040 (107K) [text/html]
Saving to: ‘jlu006’

     0K .......... .......... .......... .......... .......... 46%  208K 0s
    50K .......... .......... .......... .......... .......... 93%  611K 0s
   100K .......                                               100% 14.8M=0.3s

2017-01-29 11:13:20 (333 KB/s) - ‘jlu006’ saved [110040/110040]

--2017-01-29 11:13:21--  http://doi.org/10.1093/jrls/jlu005
Connecting to doi.org (doi.org)|38.100.138.162|:80... connected.
HTTP request sent, awaiting response... 303 See Other
Location: https://academic.oup.com/jrls/article-lookup/doi/10.1093/jrls/jlu005 [following]
--2017-01-29 11:13:22--  https://academic.oup.com/jrls/article-lookup/doi/10.1093/jrls/jlu005
Connecting to academic.oup.com (academic.oup.com)|173.254.190.144|:443... connected.
HTTP request sent, awaiting response... 200 OK
Length: 118066 (115K) [text/html]
Saving to: ‘jlu005’

     0K .......... .......... .......... .......... .......... 43%  208K 0s
    50K .......... .......... .......... .......... .......... 86%  606K 0s
   100K .......... .....                                      100% 5.60M=0.3s

2017-01-29 11:13:26 (354 KB/s) - ‘jlu005’ saved [118066/118066]

--2017-01-29 11:13:28--  http://doi.org/10.1093/jrls/jlu008
Connecting to doi.org (doi.org)|38.100.138.162|:80... connected.
HTTP request sent, awaiting response... 303 See Other
Location: https://academic.oup.com/jrls/article-lookup/doi/10.1093/jrls/jlu008 [following]
--2017-01-29 11:13:29--  https://academic.oup.com/jrls/article-lookup/doi/10.1093/jrls/jlu008
Connecting to academic.oup.com (academic.oup.com)|173.254.190.144|:443... connected.
HTTP request sent, awaiting response... 200 OK
Length: 110867 (108K) [text/html]
Saving to: ‘jlu008’

     0K .......... .......... .......... .......... .......... 46%  208K 0s
    50K .......... .......... .......... .......... .......... 92%  586K 0s
   100K ........                                              100% 62.3M=0.3s

2017-01-29 11:13:33 (332 KB/s) - ‘jlu008’ saved [110867/110867]

--2017-01-29 11:13:34--  http://doi.org/10.1093/jrls/jlu019
Connecting to doi.org (doi.org)|38.100.138.162|:80... connected.
HTTP request sent, awaiting response... 303 See Other
Location: https://academic.oup.com/jrls/article-lookup/doi/10.1093/jrls/jlu019 [following]
--2017-01-29 11:13:35--  https://academic.oup.com/jrls/article-lookup/doi/10.1093/jrls/jlu019
Connecting to academic.oup.com (academic.oup.com)|173.254.190.144|:443... connected.
HTTP request sent, awaiting response... 200 OK
Length: 115471 (113K) [text/html]
Saving to: ‘jlu019’

     0K .......... .......... .......... .......... .......... 44%  309K 0s
    50K .......... .......... .......... .......... .......... 88%  315K 0s
   100K .......... ..                                         100% 5.71M=0.3s

2017-01-29 11:13:42 (349 KB/s) - ‘jlu019’ saved [115471/115471]

--2017-01-29 11:13:43--  http://doi.org/10.1093/jrls/jlu017
Connecting to doi.org (doi.org)|38.100.138.162|:80... connected.
HTTP request sent, awaiting response... 303 See Other
Location: https://academic.oup.com/jrls/article-lookup/doi/10.1093/jrls/jlu017 [following]
--2017-01-29 11:13:44--  https://academic.oup.com/jrls/article-lookup/doi/10.1093/jrls/jlu017
Connecting to academic.oup.com (academic.oup.com)|173.254.190.144|:443... connected.
HTTP request sent, awaiting response... 200 OK
Length: 100160 (98K) [text/html]
Saving to: ‘jlu017’

     0K .......... .......... .......... .......... .......... 51%  309K 0s
    50K .......... .......... .......... .......... .......   100%  299K=0.3s

2017-01-29 11:13:48 (304 KB/s) - ‘jlu017’ saved [100160/100160]

FINISHED --2017-01-29 11:13:48--
Total wall clock time: 11m 4s
Downloaded: 100 files, 10M in 33s (320 KB/s)
