--2017-01-29 13:02:02--  http://doi.org/10.1093/jxb/1.1.15
Resolving doi.org (doi.org)... 38.100.138.163, 63.123.152.248, 38.100.138.162, ...
Connecting to doi.org (doi.org)|38.100.138.163|:80... connected.
HTTP request sent, awaiting response... 303 See Other
Location: https://academic.oup.com/jxb/article-lookup/doi/10.1093/jxb/1.1.15 [following]
--2017-01-29 13:02:03--  https://academic.oup.com/jxb/article-lookup/doi/10.1093/jxb/1.1.15
Resolving academic.oup.com (academic.oup.com)... 173.254.190.144
Connecting to academic.oup.com (academic.oup.com)|173.254.190.144|:443... connected.
HTTP request sent, awaiting response... 200 OK
Length: 78915 (77K) [text/html]
Saving to: ‘1.1.15.2’

     0K .......... .......... .......... .......... .......... 64%  209K 0s
    50K .......... .......... .......                         100% 8.35M=0.2s

2017-01-29 13:02:10 (318 KB/s) - ‘1.1.15.2’ saved [78915/78915]

--2017-01-29 13:02:11--  http://doi.org/10.1093/jxb/1.1.63
Connecting to doi.org (doi.org)|38.100.138.163|:80... connected.
HTTP request sent, awaiting response... 303 See Other
Location: https://academic.oup.com/jxb/article-lookup/doi/10.1093/jxb/1.1.63 [following]
--2017-01-29 13:02:12--  https://academic.oup.com/jxb/article-lookup/doi/10.1093/jxb/1.1.63
Connecting to academic.oup.com (academic.oup.com)|173.254.190.144|:443... connected.
HTTP request sent, awaiting response... 200 OK
Length: 71666 (70K) [text/html]
Saving to: ‘1.1.63.1’

     0K .......... .......... .......... .......... .......... 71%  309K 0s
    50K .......... .........                                  100%  250K=0.2s

2017-01-29 13:02:16 (290 KB/s) - ‘1.1.63.1’ saved [71666/71666]

--2017-01-29 13:02:17--  http://doi.org/10.1093/jxb/1.3.353
Connecting to doi.org (doi.org)|38.100.138.163|:80... connected.
HTTP request sent, awaiting response... 303 See Other
Location: https://academic.oup.com/jxb/article-lookup/doi/10.1093/jxb/1.3.353 [following]
--2017-01-29 13:02:18--  https://academic.oup.com/jxb/article-lookup/doi/10.1093/jxb/1.3.353
Connecting to academic.oup.com (academic.oup.com)|173.254.190.144|:443... connected.
HTTP request sent, awaiting response... 200 OK
Length: 73845 (72K) [text/html]
Saving to: ‘1.3.353’

     0K .......... .......... .......... .......... .......... 69%  207K 0s
    50K .......... .......... ..                              100% 12.2M=0.2s

2017-01-29 13:02:22 (297 KB/s) - ‘1.3.353’ saved [73845/73845]

--2017-01-29 13:02:23--  http://doi.org/10.1093/jxb/1.1.69
Connecting to doi.org (doi.org)|38.100.138.163|:80... connected.
HTTP request sent, awaiting response... 303 See Other
Location: https://academic.oup.com/jxb/article-lookup/doi/10.1093/jxb/1.1.69 [following]
--2017-01-29 13:02:24--  https://academic.oup.com/jxb/article-lookup/doi/10.1093/jxb/1.1.69
Connecting to academic.oup.com (academic.oup.com)|173.254.190.144|:443... connected.
HTTP request sent, awaiting response... 200 OK
Length: 68810 (67K) [text/html]
Saving to: ‘1.1.69’

     0K .......... .......... .......... .......... .......... 74%  209K 0s
    50K .......... .......                                    100% 15.0M=0.2s

2017-01-29 13:02:27 (280 KB/s) - ‘1.1.69’ saved [68810/68810]

--2017-01-29 13:02:28--  http://doi.org/10.1093/jxb/1.1.29
Connecting to doi.org (doi.org)|38.100.138.163|:80... connected.
HTTP request sent, awaiting response... 303 See Other
Location: https://academic.oup.com/jxb/article-lookup/doi/10.1093/jxb/1.1.29 [following]
--2017-01-29 13:02:29--  https://academic.oup.com/jxb/article-lookup/doi/10.1093/jxb/1.1.29
Connecting to academic.oup.com (academic.oup.com)|173.254.190.144|:443... connected.
HTTP request sent, awaiting response... 200 OK
Length: 73787 (72K) [text/html]
Saving to: ‘1.1.29.1’

     0K .......... .......... .......... .......... .......... 69%  207K 0s
    50K .......... .......... ..                              100% 15.0M=0.2s

2017-01-29 13:02:33 (297 KB/s) - ‘1.1.29.1’ saved [73787/73787]

--2017-01-29 13:02:34--  http://doi.org/10.1093/jxb/1.1.71
Connecting to doi.org (doi.org)|38.100.138.163|:80... connected.
HTTP request sent, awaiting response... 303 See Other
Location: https://academic.oup.com/jxb/article-lookup/doi/10.1093/jxb/1.1.71 [following]
--2017-01-29 13:02:36--  https://academic.oup.com/jxb/article-lookup/doi/10.1093/jxb/1.1.71
Connecting to academic.oup.com (academic.oup.com)|173.254.190.144|:443... connected.
HTTP request sent, awaiting response... 200 OK
Length: 74524 (73K) [text/html]
Saving to: ‘1.1.71’

     0K .......... .......... .......... .......... .......... 68%  208K 0s
    50K .......... .......... ..                              100% 14.0M=0.2s

2017-01-29 13:02:39 (300 KB/s) - ‘1.1.71’ saved [74524/74524]

--2017-01-29 13:02:40--  http://doi.org/10.1093/jxb/1.1.1
Connecting to doi.org (doi.org)|38.100.138.163|:80... connected.
HTTP request sent, awaiting response... 303 See Other
Location: https://academic.oup.com/jxb/article-lookup/doi/10.1093/jxb/1.1.1 [following]
--2017-01-29 13:02:41--  https://academic.oup.com/jxb/article-lookup/doi/10.1093/jxb/1.1.1
Connecting to academic.oup.com (academic.oup.com)|173.254.190.144|:443... connected.
HTTP request sent, awaiting response... 200 OK
Length: 78961 (77K) [text/html]
Saving to: ‘1.1.1.8’

     0K .......... .......... .......... .......... .......... 64%  209K 0s
    50K .......... .......... .......                         100% 13.1M=0.2s

2017-01-29 13:02:44 (320 KB/s) - ‘1.1.1.8’ saved [78961/78961]

--2017-01-29 13:02:45--  http://doi.org/10.1093/jxb/1.2.141
Connecting to doi.org (doi.org)|38.100.138.163|:80... connected.
HTTP request sent, awaiting response... 303 See Other
Location: https://academic.oup.com/jxb/article-lookup/doi/10.1093/jxb/1.2.141 [following]
--2017-01-29 13:02:47--  https://academic.oup.com/jxb/article-lookup/doi/10.1093/jxb/1.2.141
Connecting to academic.oup.com (academic.oup.com)|173.254.190.144|:443... connected.
HTTP request sent, awaiting response... 200 OK
Length: 89581 (87K) [text/html]
Saving to: ‘1.2.141.2’

     0K .......... .......... .......... .......... .......... 57%  209K 0s
    50K .......... .......... .......... .......              100% 12.0M=0.2s

2017-01-29 13:02:51 (361 KB/s) - ‘1.2.141.2’ saved [89581/89581]

--2017-01-29 13:02:52--  http://doi.org/10.1093/jxb/1.2.227
Connecting to doi.org (doi.org)|38.100.138.163|:80... connected.
HTTP request sent, awaiting response... 303 See Other
Location: https://academic.oup.com/jxb/article-lookup/doi/10.1093/jxb/1.2.227 [following]
--2017-01-29 13:02:53--  https://academic.oup.com/jxb/article-lookup/doi/10.1093/jxb/1.2.227
Connecting to academic.oup.com (academic.oup.com)|173.254.190.144|:443... connected.
HTTP request sent, awaiting response... 200 OK
Length: 74678 (73K) [text/html]
Saving to: ‘1.2.227.1’

     0K .......... .......... .......... .......... .......... 68%  208K 0s
    50K .......... .......... ..                              100% 12.2M=0.2s

2017-01-29 13:02:57 (302 KB/s) - ‘1.2.227.1’ saved [74678/74678]

--2017-01-29 13:02:58--  http://doi.org/10.1093/jxb/1.2.194
Connecting to doi.org (doi.org)|38.100.138.163|:80... connected.
HTTP request sent, awaiting response... 303 See Other
Location: https://academic.oup.com/jxb/article-lookup/doi/10.1093/jxb/1.2.194 [following]
--2017-01-29 13:02:59--  https://academic.oup.com/jxb/article-lookup/doi/10.1093/jxb/1.2.194
Connecting to academic.oup.com (academic.oup.com)|173.254.190.144|:443... connected.
HTTP request sent, awaiting response... 200 OK
Length: 70566 (69K) [text/html]
Saving to: ‘1.2.194’

     0K .......... .......... .......... .......... .......... 72%  209K 0s
    50K .......... ........                                   100% 16.1M=0.2s

2017-01-29 13:03:02 (287 KB/s) - ‘1.2.194’ saved [70566/70566]

--2017-01-29 13:03:03--  http://doi.org/10.1093/jxb/1.2.133
Connecting to doi.org (doi.org)|38.100.138.163|:80... connected.
HTTP request sent, awaiting response... 303 See Other
Location: https://academic.oup.com/jxb/article-lookup/doi/10.1093/jxb/1.2.133 [following]
--2017-01-29 13:03:04--  https://academic.oup.com/jxb/article-lookup/doi/10.1093/jxb/1.2.133
Connecting to academic.oup.com (academic.oup.com)|173.254.190.144|:443... connected.
HTTP request sent, awaiting response... 200 OK
Length: 70130 (68K) [text/html]
Saving to: ‘1.2.133’

     0K .......... .......... .......... .......... .......... 73%  209K 0s
    50K .......... ........                                   100% 16.1M=0.2s

2017-01-29 13:03:08 (285 KB/s) - ‘1.2.133’ saved [70130/70130]

--2017-01-29 13:03:09--  http://doi.org/10.1093/jxb/1.3.282
Connecting to doi.org (doi.org)|38.100.138.163|:80... connected.
HTTP request sent, awaiting response... 303 See Other
Location: https://academic.oup.com/jxb/article-lookup/doi/10.1093/jxb/1.3.282 [following]
--2017-01-29 13:03:11--  https://academic.oup.com/jxb/article-lookup/doi/10.1093/jxb/1.3.282
Connecting to academic.oup.com (academic.oup.com)|173.254.190.144|:443... connected.
HTTP request sent, awaiting response... 200 OK
Length: 73327 (72K) [text/html]
Saving to: ‘1.3.282’

     0K .......... .......... .......... .......... .......... 69%  309K 0s
    50K .......... .......... .                               100%  272K=0.2s

2017-01-29 13:03:14 (297 KB/s) - ‘1.3.282’ saved [73327/73327]

--2017-01-29 13:03:15--  http://doi.org/10.1093/jxb/1.2.201
Connecting to doi.org (doi.org)|38.100.138.163|:80... connected.
HTTP request sent, awaiting response... 303 See Other
Location: https://academic.oup.com/jxb/article-lookup/doi/10.1093/jxb/1.2.201 [following]
--2017-01-29 13:03:16--  https://academic.oup.com/jxb/article-lookup/doi/10.1093/jxb/1.2.201
Connecting to academic.oup.com (academic.oup.com)|173.254.190.144|:443... connected.
HTTP request sent, awaiting response... 200 OK
Length: 70965 (69K) [text/html]
Saving to: ‘1.2.201.1’

     0K .......... .......... .......... .......... .......... 72%  209K 0s
    50K .......... .........                                  100% 15.2M=0.2s

2017-01-29 13:03:21 (288 KB/s) - ‘1.2.201.1’ saved [70965/70965]

--2017-01-29 13:03:22--  http://doi.org/10.1093/jxb/1.2.244
Connecting to doi.org (doi.org)|38.100.138.163|:80... connected.
HTTP request sent, awaiting response... 303 See Other
Location: https://academic.oup.com/jxb/article-lookup/doi/10.1093/jxb/1.2.244 [following]
--2017-01-29 13:03:23--  https://academic.oup.com/jxb/article-lookup/doi/10.1093/jxb/1.2.244
Connecting to academic.oup.com (academic.oup.com)|173.254.190.144|:443... connected.
HTTP request sent, awaiting response... 200 OK
Length: 67886 (66K) [text/html]
Saving to: ‘1.2.244’

     0K .......... .......... .......... .......... .......... 75%  210K 0s
    50K .......... ......                                     100% 12.5M=0.2s

2017-01-29 13:03:27 (277 KB/s) - ‘1.2.244’ saved [67886/67886]

--2017-01-29 13:03:28--  http://doi.org/10.1093/jxb/1.3.301
Connecting to doi.org (doi.org)|38.100.138.163|:80... connected.
HTTP request sent, awaiting response... 303 See Other
Location: https://academic.oup.com/jxb/article-lookup/doi/10.1093/jxb/1.3.301 [following]
--2017-01-29 13:03:29--  https://academic.oup.com/jxb/article-lookup/doi/10.1093/jxb/1.3.301
Connecting to academic.oup.com (academic.oup.com)|173.254.190.144|:443... connected.
HTTP request sent, awaiting response... 200 OK
Length: 86200 (84K) [text/html]
Saving to: ‘1.3.301.2’

     0K .......... .......... .......... .......... .......... 59%  209K 0s
    50K .......... .......... .......... ....                 100% 6.31M=0.2s

2017-01-29 13:03:33 (344 KB/s) - ‘1.3.301.2’ saved [86200/86200]

--2017-01-29 13:03:34--  http://doi.org/10.1093/jxb/1.2.214
Connecting to doi.org (doi.org)|38.100.138.163|:80... connected.
HTTP request sent, awaiting response... 303 See Other
Location: https://academic.oup.com/jxb/article-lookup/doi/10.1093/jxb/1.2.214 [following]
--2017-01-29 13:03:35--  https://academic.oup.com/jxb/article-lookup/doi/10.1093/jxb/1.2.214
Connecting to academic.oup.com (academic.oup.com)|173.254.190.144|:443... connected.
HTTP request sent, awaiting response... 200 OK
Length: 88454 (86K) [text/html]
Saving to: ‘1.2.214’

     0K .......... .......... .......... .......... .......... 57%  208K 0s
    50K .......... .......... .......... ......               100% 10.6M=0.2s

2017-01-29 13:03:39 (355 KB/s) - ‘1.2.214’ saved [88454/88454]

--2017-01-29 13:03:40--  http://doi.org/10.1093/jxb/1.1.114
Connecting to doi.org (doi.org)|38.100.138.163|:80... connected.
HTTP request sent, awaiting response... 303 See Other
Location: https://academic.oup.com/jxb/article-lookup/doi/10.1093/jxb/1.1.114 [following]
--2017-01-29 13:03:41--  https://academic.oup.com/jxb/article-lookup/doi/10.1093/jxb/1.1.114
Connecting to academic.oup.com (academic.oup.com)|173.254.190.144|:443... connected.
HTTP request sent, awaiting response... 200 OK
Length: 71685 (70K) [text/html]
Saving to: ‘1.1.114’

     0K .......... .......... .......... .......... .......... 71%  209K 0s
    50K .......... ..........                                 100% 8.58M=0.2s

2017-01-29 13:03:48 (290 KB/s) - ‘1.1.114’ saved [71685/71685]

--2017-01-29 13:03:49--  http://doi.org/10.1093/jxb/1.3.249
Connecting to doi.org (doi.org)|38.100.138.163|:80... connected.
HTTP request sent, awaiting response... 303 See Other
Location: https://academic.oup.com/jxb/article-lookup/doi/10.1093/jxb/1.3.249 [following]
--2017-01-29 13:03:50--  https://academic.oup.com/jxb/article-lookup/doi/10.1093/jxb/1.3.249
Connecting to academic.oup.com (academic.oup.com)|173.254.190.144|:443... connected.
HTTP request sent, awaiting response... 200 OK
Length: 72998 (71K) [text/html]
Saving to: ‘1.3.249’

     0K .......... .......... .......... .......... .......... 70%  209K 0s
    50K .......... .......... .                               100% 11.0M=0.2s

2017-01-29 13:03:54 (296 KB/s) - ‘1.3.249’ saved [72998/72998]

--2017-01-29 13:03:55--  http://doi.org/10.1093/jxb/1.2.159
Connecting to doi.org (doi.org)|38.100.138.163|:80... connected.
HTTP request sent, awaiting response... 303 See Other
Location: https://academic.oup.com/jxb/article-lookup/doi/10.1093/jxb/1.2.159 [following]
--2017-01-29 13:03:56--  https://academic.oup.com/jxb/article-lookup/doi/10.1093/jxb/1.2.159
Connecting to academic.oup.com (academic.oup.com)|173.254.190.144|:443... connected.
HTTP request sent, awaiting response... 200 OK
Length: 77871 (76K) [text/html]
Saving to: ‘1.2.159’

     0K .......... .......... .......... .......... .......... 65%  209K 0s
    50K .......... .......... ......                          100% 13.3M=0.2s

2017-01-29 13:04:00 (315 KB/s) - ‘1.2.159’ saved [77871/77871]

--2017-01-29 13:04:01--  http://doi.org/10.1093/jxb/1.1.88
Connecting to doi.org (doi.org)|38.100.138.163|:80... connected.
HTTP request sent, awaiting response... 303 See Other
Location: https://academic.oup.com/jxb/article-lookup/doi/10.1093/jxb/1.1.88 [following]
--2017-01-29 13:04:02--  https://academic.oup.com/jxb/article-lookup/doi/10.1093/jxb/1.1.88
Connecting to academic.oup.com (academic.oup.com)|173.254.190.144|:443... connected.
HTTP request sent, awaiting response... 200 OK
Length: 74447 (73K) [text/html]
Saving to: ‘1.1.88.4’

     0K .......... .......... .......... .......... .......... 68%  208K 0s
    50K .......... .......... ..                              100% 9.33M=0.2s

2017-01-29 13:04:07 (299 KB/s) - ‘1.1.88.4’ saved [74447/74447]

--2017-01-29 13:04:08--  http://doi.org/10.1093/jxb/1.3.264
Connecting to doi.org (doi.org)|38.100.138.163|:80... connected.
HTTP request sent, awaiting response... 303 See Other
Location: https://academic.oup.com/jxb/article-lookup/doi/10.1093/jxb/1.3.264 [following]
--2017-01-29 13:04:09--  https://academic.oup.com/jxb/article-lookup/doi/10.1093/jxb/1.3.264
Connecting to academic.oup.com (academic.oup.com)|173.254.190.144|:443... connected.
HTTP request sent, awaiting response... 200 OK
Length: 74483 (73K) [text/html]
Saving to: ‘1.3.264’

     0K .......... .......... .......... .......... .......... 68%  209K 0s
    50K .......... .......... ..                              100% 10.1M=0.2s

2017-01-29 13:04:13 (301 KB/s) - ‘1.3.264’ saved [74483/74483]

--2017-01-29 13:04:14--  http://doi.org/10.1093/jxb/1.3.344
Connecting to doi.org (doi.org)|38.100.138.163|:80... connected.
HTTP request sent, awaiting response... 303 See Other
Location: https://academic.oup.com/jxb/article-lookup/doi/10.1093/jxb/1.3.344 [following]
--2017-01-29 13:04:15--  https://academic.oup.com/jxb/article-lookup/doi/10.1093/jxb/1.3.344
Connecting to academic.oup.com (academic.oup.com)|173.254.190.144|:443... connected.
HTTP request sent, awaiting response... 200 OK
Length: 72627 (71K) [text/html]
Saving to: ‘1.3.344’

     0K .......... .......... .......... .......... .......... 70%  209K 0s
    50K .......... ..........                                 100% 9.43M=0.2s

2017-01-29 13:04:22 (294 KB/s) - ‘1.3.344’ saved [72627/72627]

--2017-01-29 13:04:23--  http://doi.org/10.1093/jxb/1.3.322
Connecting to doi.org (doi.org)|38.100.138.163|:80... connected.
HTTP request sent, awaiting response... 303 See Other
Location: https://academic.oup.com/jxb/article-lookup/doi/10.1093/jxb/1.3.322 [following]
--2017-01-29 13:04:24--  https://academic.oup.com/jxb/article-lookup/doi/10.1093/jxb/1.3.322
Connecting to academic.oup.com (academic.oup.com)|173.254.190.144|:443... connected.
HTTP request sent, awaiting response... 200 OK
Length: 70308 (69K) [text/html]
Saving to: ‘1.3.322’

     0K .......... .......... .......... .......... .......... 72%  309K 0s
    50K .......... ........                                   100%  237K=0.2s

2017-01-29 13:04:32 (286 KB/s) - ‘1.3.322’ saved [70308/70308]

--2017-01-29 13:04:33--  http://doi.org/10.1093/jxb/1.3.329
Connecting to doi.org (doi.org)|38.100.138.163|:80... connected.
HTTP request sent, awaiting response... 303 See Other
Location: https://academic.oup.com/jxb/article-lookup/doi/10.1093/jxb/1.3.329 [following]
--2017-01-29 13:04:35--  https://academic.oup.com/jxb/article-lookup/doi/10.1093/jxb/1.3.329
Connecting to academic.oup.com (academic.oup.com)|173.254.190.144|:443... connected.
HTTP request sent, awaiting response... 200 OK
Length: 73127 (71K) [text/html]
Saving to: ‘1.3.329’

     0K .......... .......... .......... .......... .......... 70%  209K 0s
    50K .......... .......... .                               100% 10.6M=0.2s

2017-01-29 13:04:38 (296 KB/s) - ‘1.3.329’ saved [73127/73127]

--2017-01-29 13:04:39--  http://doi.org/10.1093/jxb/2.2.204
Connecting to doi.org (doi.org)|38.100.138.163|:80... connected.
HTTP request sent, awaiting response... 303 See Other
Location: https://academic.oup.com/jxb/article-lookup/doi/10.1093/jxb/2.2.204 [following]
--2017-01-29 13:04:40--  https://academic.oup.com/jxb/article-lookup/doi/10.1093/jxb/2.2.204
Connecting to academic.oup.com (academic.oup.com)|173.254.190.144|:443... connected.
HTTP request sent, awaiting response... 200 OK
Length: 75448 (74K) [text/html]
Saving to: ‘2.2.204’

     0K .......... .......... .......... .......... .......... 67%  308K 0s
    50K .......... .......... ...                             100%  297K=0.2s

2017-01-29 13:04:44 (305 KB/s) - ‘2.2.204’ saved [75448/75448]

--2017-01-29 13:04:45--  http://doi.org/10.1093/jxb/2.1.1-a
Connecting to doi.org (doi.org)|38.100.138.163|:80... connected.
HTTP request sent, awaiting response... 303 See Other
Location: https://academic.oup.com/jxb/article-lookup/doi/10.1093/jxb/2.1.1-a [following]
--2017-01-29 13:04:46--  https://academic.oup.com/jxb/article-lookup/doi/10.1093/jxb/2.1.1-a
Connecting to academic.oup.com (academic.oup.com)|173.254.190.144|:443... connected.
HTTP request sent, awaiting response... 200 OK
Length: 74762 (73K) [text/html]
Saving to: ‘2.1.1-a.1’

     0K .......... .......... .......... .......... .......... 68%  209K 0s
    50K .......... .......... ...                             100% 10.7M=0.2s

2017-01-29 13:04:50 (302 KB/s) - ‘2.1.1-a.1’ saved [74762/74762]

--2017-01-29 13:04:51--  http://doi.org/10.1093/jxb/2.3.257
Connecting to doi.org (doi.org)|38.100.138.163|:80... connected.
HTTP request sent, awaiting response... 303 See Other
Location: https://academic.oup.com/jxb/article-lookup/doi/10.1093/jxb/2.3.257 [following]
--2017-01-29 13:04:52--  https://academic.oup.com/jxb/article-lookup/doi/10.1093/jxb/2.3.257
Connecting to academic.oup.com (academic.oup.com)|173.254.190.144|:443... connected.
HTTP request sent, awaiting response... 200 OK
Length: 76482 (75K) [text/html]
Saving to: ‘2.3.257’

     0K .......... .......... .......... .......... .......... 66%  209K 0s
    50K .......... .......... ....                            100% 12.5M=0.2s

2017-01-29 13:04:55 (309 KB/s) - ‘2.3.257’ saved [76482/76482]

--2017-01-29 13:04:56--  http://doi.org/10.1093/jxb/2.3.332
Connecting to doi.org (doi.org)|38.100.138.163|:80... connected.
HTTP request sent, awaiting response... 303 See Other
Location: https://academic.oup.com/jxb/article-lookup/doi/10.1093/jxb/2.3.332 [following]
--2017-01-29 13:04:58--  https://academic.oup.com/jxb/article-lookup/doi/10.1093/jxb/2.3.332
Connecting to academic.oup.com (academic.oup.com)|173.254.190.144|:443... connected.
HTTP request sent, awaiting response... 200 OK
Length: 72602 (71K) [text/html]
Saving to: ‘2.3.332’

     0K .......... .......... .......... .......... .......... 70%  310K 0s
    50K .......... ..........                                 100%  264K=0.2s

2017-01-29 13:05:01 (295 KB/s) - ‘2.3.332’ saved [72602/72602]

--2017-01-29 13:05:02--  http://doi.org/10.1093/jxb/2.3.316
Connecting to doi.org (doi.org)|38.100.138.163|:80... connected.
HTTP request sent, awaiting response... 303 See Other
Location: https://academic.oup.com/jxb/article-lookup/doi/10.1093/jxb/2.3.316 [following]
--2017-01-29 13:05:03--  https://academic.oup.com/jxb/article-lookup/doi/10.1093/jxb/2.3.316
Connecting to academic.oup.com (academic.oup.com)|173.254.190.144|:443... connected.
HTTP request sent, awaiting response... 200 OK
Length: 71065 (69K) [text/html]
Saving to: ‘2.3.316’

     0K .......... .......... .......... .......... .......... 72%  208K 0s
    50K .......... .........                                  100% 12.5M=0.2s

2017-01-29 13:05:07 (286 KB/s) - ‘2.3.316’ saved [71065/71065]

--2017-01-29 13:05:08--  http://doi.org/10.1093/jxb/2.2.212
Connecting to doi.org (doi.org)|38.100.138.163|:80... connected.
HTTP request sent, awaiting response... 303 See Other
Location: https://academic.oup.com/jxb/article-lookup/doi/10.1093/jxb/2.2.212 [following]
--2017-01-29 13:05:10--  https://academic.oup.com/jxb/article-lookup/doi/10.1093/jxb/2.2.212
Connecting to academic.oup.com (academic.oup.com)|173.254.190.144|:443... connected.
HTTP request sent, awaiting response... 200 OK
Length: 75483 (74K) [text/html]
Saving to: ‘2.2.212’

     0K .......... .......... .......... .......... .......... 67%  209K 0s
    50K .......... .......... ...                             100% 16.1M=0.2s

2017-01-29 13:05:14 (306 KB/s) - ‘2.2.212’ saved [75483/75483]

--2017-01-29 13:05:15--  http://doi.org/10.1093/jxb/2.1.1
Connecting to doi.org (doi.org)|38.100.138.163|:80... connected.
HTTP request sent, awaiting response... 303 See Other
Location: https://academic.oup.com/jxb/article-lookup/doi/10.1093/jxb/2.1.1 [following]
--2017-01-29 13:05:16--  https://academic.oup.com/jxb/article-lookup/doi/10.1093/jxb/2.1.1
Connecting to academic.oup.com (academic.oup.com)|173.254.190.144|:443... connected.
HTTP request sent, awaiting response... 200 OK
Length: 65932 (64K) [text/html]
Saving to: ‘2.1.1.9’

     0K .......... .......... .......... .......... .......... 77%  208K 0s
    50K .......... ....                                       100% 16.5M=0.2s

2017-01-29 13:05:23 (267 KB/s) - ‘2.1.1.9’ saved [65932/65932]

--2017-01-29 13:05:24--  http://doi.org/10.1093/jxb/2.2.223
Connecting to doi.org (doi.org)|38.100.138.163|:80... connected.
HTTP request sent, awaiting response... 303 See Other
Location: https://academic.oup.com/jxb/article-lookup/doi/10.1093/jxb/2.2.223 [following]
--2017-01-29 13:05:25--  https://academic.oup.com/jxb/article-lookup/doi/10.1093/jxb/2.2.223
Connecting to academic.oup.com (academic.oup.com)|173.254.190.144|:443... connected.
HTTP request sent, awaiting response... 200 OK
Length: 73963 (72K) [text/html]
Saving to: ‘2.2.223’

     0K .......... .......... .......... .......... .......... 69%  209K 0s
    50K .......... .......... ..                              100% 7.21M=0.2s

2017-01-29 13:05:36 (298 KB/s) - ‘2.2.223’ saved [73963/73963]

--2017-01-29 13:05:37--  http://doi.org/10.1093/jxb/2.2.129
Connecting to doi.org (doi.org)|38.100.138.163|:80... connected.
HTTP request sent, awaiting response... 303 See Other
Location: https://academic.oup.com/jxb/article-lookup/doi/10.1093/jxb/2.2.129 [following]
--2017-01-29 13:05:38--  https://academic.oup.com/jxb/article-lookup/doi/10.1093/jxb/2.2.129
Connecting to academic.oup.com (academic.oup.com)|173.254.190.144|:443... connected.
HTTP request sent, awaiting response... 200 OK
Length: 71277 (70K) [text/html]
Saving to: ‘2.2.129’

     0K .......... .......... .......... .......... .......... 71%  208K 0s
    50K .......... .........                                  100% 13.9M=0.2s

2017-01-29 13:05:42 (288 KB/s) - ‘2.2.129’ saved [71277/71277]

--2017-01-29 13:05:43--  http://doi.org/10.1093/jxb/2.3.344
Connecting to doi.org (doi.org)|38.100.138.163|:80... connected.
HTTP request sent, awaiting response... 303 See Other
Location: https://academic.oup.com/jxb/article-lookup/doi/10.1093/jxb/2.3.344 [following]
--2017-01-29 13:05:44--  https://academic.oup.com/jxb/article-lookup/doi/10.1093/jxb/2.3.344
Connecting to academic.oup.com (academic.oup.com)|173.254.190.144|:443... connected.
HTTP request sent, awaiting response... 200 OK
Length: 74526 (73K) [text/html]
Saving to: ‘2.3.344’

     0K .......... .......... .......... .......... .......... 68%  208K 0s
    50K .......... .......... ..                              100% 7.65M=0.2s

2017-01-29 13:05:48 (299 KB/s) - ‘2.3.344’ saved [74526/74526]

--2017-01-29 13:05:49--  http://doi.org/10.1093/jxb/2.1.125
Connecting to doi.org (doi.org)|38.100.138.163|:80... connected.
HTTP request sent, awaiting response... 303 See Other
Location: https://academic.oup.com/jxb/article-lookup/doi/10.1093/jxb/2.1.125 [following]
--2017-01-29 13:05:50--  https://academic.oup.com/jxb/article-lookup/doi/10.1093/jxb/2.1.125
Connecting to academic.oup.com (academic.oup.com)|173.254.190.144|:443... connected.
HTTP request sent, awaiting response... 200 OK
Length: 85460 (83K) [text/html]
Saving to: ‘2.1.125’

     0K .......... .......... .......... .......... .......... 59%  209K 0s
    50K .......... .......... .......... ...                  100% 9.89M=0.2s

2017-01-29 13:05:55 (344 KB/s) - ‘2.1.125’ saved [85460/85460]

--2017-01-29 13:05:56--  http://doi.org/10.1093/jxb/2.1.121
Connecting to doi.org (doi.org)|38.100.138.163|:80... connected.
HTTP request sent, awaiting response... 303 See Other
Location: https://academic.oup.com/jxb/article-lookup/doi/10.1093/jxb/2.1.121 [following]
--2017-01-29 13:05:57--  https://academic.oup.com/jxb/article-lookup/doi/10.1093/jxb/2.1.121
Connecting to academic.oup.com (academic.oup.com)|173.254.190.144|:443... connected.
HTTP request sent, awaiting response... 200 OK
Length: 71586 (70K) [text/html]
Saving to: ‘2.1.121.1’

     0K .......... .......... .......... .......... .......... 71%  209K 0s
    50K .......... .........                                  100% 12.5M=0.2s

2017-01-29 13:06:01 (290 KB/s) - ‘2.1.121.1’ saved [71586/71586]

--2017-01-29 13:06:02--  http://doi.org/10.1093/jxb/2.1.117
Connecting to doi.org (doi.org)|38.100.138.163|:80... connected.
HTTP request sent, awaiting response... 303 See Other
Location: https://academic.oup.com/jxb/article-lookup/doi/10.1093/jxb/2.1.117 [following]
--2017-01-29 13:06:03--  https://academic.oup.com/jxb/article-lookup/doi/10.1093/jxb/2.1.117
Connecting to academic.oup.com (academic.oup.com)|173.254.190.144|:443... connected.
HTTP request sent, awaiting response... 200 OK
Length: 70106 (68K) [text/html]
Saving to: ‘2.1.117.2’

     0K .......... .......... .......... .......... .......... 73%  310K 0s
    50K .......... ........                                   100%  234K=0.2s

2017-01-29 13:06:06 (285 KB/s) - ‘2.1.117.2’ saved [70106/70106]

--2017-01-29 13:06:07--  http://doi.org/10.1093/jxb/2.1.65
Connecting to doi.org (doi.org)|38.100.138.163|:80... connected.
HTTP request sent, awaiting response... 303 See Other
Location: https://academic.oup.com/jxb/article-lookup/doi/10.1093/jxb/2.1.65 [following]
--2017-01-29 13:06:08--  https://academic.oup.com/jxb/article-lookup/doi/10.1093/jxb/2.1.65
Connecting to academic.oup.com (academic.oup.com)|173.254.190.144|:443... connected.
HTTP request sent, awaiting response... 200 OK
Length: 71956 (70K) [text/html]
Saving to: ‘2.1.65’

     0K .......... .......... .......... .......... .......... 71%  209K 0s
    50K .......... ..........                                 100% 10.8M=0.2s

2017-01-29 13:06:12 (292 KB/s) - ‘2.1.65’ saved [71956/71956]

--2017-01-29 13:06:13--  http://doi.org/10.1093/jxb/2.1.110
Connecting to doi.org (doi.org)|38.100.138.163|:80... connected.
HTTP request sent, awaiting response... 303 See Other
Location: https://academic.oup.com/jxb/article-lookup/doi/10.1093/jxb/2.1.110 [following]
--2017-01-29 13:06:14--  https://academic.oup.com/jxb/article-lookup/doi/10.1093/jxb/2.1.110
Connecting to academic.oup.com (academic.oup.com)|173.254.190.144|:443... connected.
HTTP request sent, awaiting response... 200 OK
Length: 84517 (83K) [text/html]
Saving to: ‘2.1.110’

     0K .......... .......... .......... .......... .......... 60%  209K 0s
    50K .......... .......... .......... ..                   100% 10.9M=0.2s

2017-01-29 13:06:19 (340 KB/s) - ‘2.1.110’ saved [84517/84517]

--2017-01-29 13:06:20--  http://doi.org/10.1093/jxb/2.1.20
Connecting to doi.org (doi.org)|38.100.138.163|:80... connected.
HTTP request sent, awaiting response... 303 See Other
Location: https://academic.oup.com/jxb/article-lookup/doi/10.1093/jxb/2.1.20 [following]
--2017-01-29 13:06:21--  https://academic.oup.com/jxb/article-lookup/doi/10.1093/jxb/2.1.20
Connecting to academic.oup.com (academic.oup.com)|173.254.190.144|:443... connected.
HTTP request sent, awaiting response... 200 OK
Length: 73948 (72K) [text/html]
Saving to: ‘2.1.20.2’

     0K .......... .......... .......... .......... .......... 69%  209K 0s
    50K .......... .......... ..                              100% 11.8M=0.2s

2017-01-29 13:06:24 (300 KB/s) - ‘2.1.20.2’ saved [73948/73948]

--2017-01-29 13:06:25--  http://doi.org/10.1093/jxb/2.2.169
Connecting to doi.org (doi.org)|38.100.138.163|:80... connected.
HTTP request sent, awaiting response... 303 See Other
Location: https://academic.oup.com/jxb/article-lookup/doi/10.1093/jxb/2.2.169 [following]
--2017-01-29 13:06:27--  https://academic.oup.com/jxb/article-lookup/doi/10.1093/jxb/2.2.169
Connecting to academic.oup.com (academic.oup.com)|173.254.190.144|:443... connected.
HTTP request sent, awaiting response... 200 OK
Length: 74730 (73K) [text/html]
Saving to: ‘2.2.169’

     0K .......... .......... .......... .......... .......... 68%  208K 0s
    50K .......... .......... ..                              100% 6.60M=0.2s

2017-01-29 13:06:30 (300 KB/s) - ‘2.2.169’ saved [74730/74730]

--2017-01-29 13:06:31--  http://doi.org/10.1093/jxb/2.1.31
Connecting to doi.org (doi.org)|38.100.138.163|:80... connected.
HTTP request sent, awaiting response... 303 See Other
Location: https://academic.oup.com/jxb/article-lookup/doi/10.1093/jxb/2.1.31 [following]
--2017-01-29 13:06:32--  https://academic.oup.com/jxb/article-lookup/doi/10.1093/jxb/2.1.31
Connecting to academic.oup.com (academic.oup.com)|173.254.190.144|:443... connected.
HTTP request sent, awaiting response... 200 OK
Length: 72029 (70K) [text/html]
Saving to: ‘2.1.31.1’

     0K .......... .......... .......... .......... .......... 71%  209K 0s
    50K .......... ..........                                 100% 9.04M=0.2s

2017-01-29 13:06:36 (291 KB/s) - ‘2.1.31.1’ saved [72029/72029]

--2017-01-29 13:06:37--  http://doi.org/10.1093/jxb/2.1.41
Connecting to doi.org (doi.org)|38.100.138.163|:80... connected.
HTTP request sent, awaiting response... 303 See Other
Location: https://academic.oup.com/jxb/article-lookup/doi/10.1093/jxb/2.1.41 [following]
--2017-01-29 13:06:38--  https://academic.oup.com/jxb/article-lookup/doi/10.1093/jxb/2.1.41
Connecting to academic.oup.com (academic.oup.com)|173.254.190.144|:443... connected.
HTTP request sent, awaiting response... 200 OK
Length: 71300 (70K) [text/html]
Saving to: ‘2.1.41.2’

     0K .......... .......... .......... .......... .......... 71%  209K 0s
    50K .......... .........                                  100% 17.5M=0.2s

2017-01-29 13:06:41 (290 KB/s) - ‘2.1.41.2’ saved [71300/71300]

--2017-01-29 13:06:42--  http://doi.org/10.1093/jxb/2.2.238
Connecting to doi.org (doi.org)|38.100.138.163|:80... connected.
HTTP request sent, awaiting response... 303 See Other
Location: https://academic.oup.com/jxb/article-lookup/doi/10.1093/jxb/2.2.238 [following]
--2017-01-29 13:06:44--  https://academic.oup.com/jxb/article-lookup/doi/10.1093/jxb/2.2.238
Connecting to academic.oup.com (academic.oup.com)|173.254.190.144|:443... connected.
HTTP request sent, awaiting response... 200 OK
Length: 70219 (69K) [text/html]
Saving to: ‘2.2.238’

     0K .......... .......... .......... .......... .......... 72%  208K 0s
    50K .......... ........                                   100% 5.06M=0.2s

2017-01-29 13:06:51 (281 KB/s) - ‘2.2.238’ saved [70219/70219]

--2017-01-29 13:06:52--  http://doi.org/10.1093/jxb/2.1.111
Connecting to doi.org (doi.org)|38.100.138.163|:80... connected.
HTTP request sent, awaiting response... 303 See Other
Location: https://academic.oup.com/jxb/article-lookup/doi/10.1093/jxb/2.1.111 [following]
--2017-01-29 13:06:54--  https://academic.oup.com/jxb/article-lookup/doi/10.1093/jxb/2.1.111
Connecting to academic.oup.com (academic.oup.com)|173.254.190.144|:443... connected.
HTTP request sent, awaiting response... 200 OK
Length: 70818 (69K) [text/html]
Saving to: ‘2.1.111’

     0K .......... .......... .......... .......... .......... 72%  209K 0s
    50K .......... .........                                  100% 11.4M=0.2s

2017-01-29 13:07:07 (287 KB/s) - ‘2.1.111’ saved [70818/70818]

--2017-01-29 13:07:08--  http://doi.org/10.1093/jxb/2.1.96
Connecting to doi.org (doi.org)|38.100.138.163|:80... connected.
HTTP request sent, awaiting response... 303 See Other
Location: https://academic.oup.com/jxb/article-lookup/doi/10.1093/jxb/2.1.96 [following]
--2017-01-29 13:07:09--  https://academic.oup.com/jxb/article-lookup/doi/10.1093/jxb/2.1.96
Connecting to academic.oup.com (academic.oup.com)|173.254.190.144|:443... connected.
HTTP request sent, awaiting response... 200 OK
Length: 70674 (69K) [text/html]
Saving to: ‘2.1.96’

     0K .......... .......... .......... .......... .......... 72%  209K 0s
    50K .......... .........                                  100% 8.09M=0.2s

2017-01-29 13:07:13 (286 KB/s) - ‘2.1.96’ saved [70674/70674]

--2017-01-29 13:07:14--  http://doi.org/10.1093/jxb/2.2.242
Connecting to doi.org (doi.org)|38.100.138.163|:80... connected.
HTTP request sent, awaiting response... 303 See Other
Location: https://academic.oup.com/jxb/article-lookup/doi/10.1093/jxb/2.2.242 [following]
--2017-01-29 13:07:15--  https://academic.oup.com/jxb/article-lookup/doi/10.1093/jxb/2.2.242
Connecting to academic.oup.com (academic.oup.com)|173.254.190.144|:443... connected.
HTTP request sent, awaiting response... 200 OK
Length: 72621 (71K) [text/html]
Saving to: ‘2.2.242’

     0K .......... .......... .......... .......... .......... 70%  208K 0s
    50K .......... ..........                                 100% 8.01M=0.2s

2017-01-29 13:07:18 (292 KB/s) - ‘2.2.242’ saved [72621/72621]

--2017-01-29 13:07:19--  http://doi.org/10.1093/jxb/2.2.247
Connecting to doi.org (doi.org)|38.100.138.163|:80... connected.
HTTP request sent, awaiting response... 303 See Other
Location: https://academic.oup.com/jxb/article-lookup/doi/10.1093/jxb/2.2.247 [following]
--2017-01-29 13:07:20--  https://academic.oup.com/jxb/article-lookup/doi/10.1093/jxb/2.2.247
Connecting to academic.oup.com (academic.oup.com)|173.254.190.144|:443... connected.
HTTP request sent, awaiting response... 200 OK
Length: 74501 (73K) [text/html]
Saving to: ‘2.2.247’

     0K .......... .......... .......... .......... .......... 68%  208K 0s
    50K .......... .......... ..                              100% 8.62M=0.2s

2017-01-29 13:07:24 (300 KB/s) - ‘2.2.247’ saved [74501/74501]

--2017-01-29 13:07:25--  http://doi.org/10.1093/jxb/2.2.145
Connecting to doi.org (doi.org)|38.100.138.163|:80... connected.
HTTP request sent, awaiting response... 303 See Other
Location: https://academic.oup.com/jxb/article-lookup/doi/10.1093/jxb/2.2.145 [following]
--2017-01-29 13:07:26--  https://academic.oup.com/jxb/article-lookup/doi/10.1093/jxb/2.2.145
Connecting to academic.oup.com (academic.oup.com)|173.254.190.144|:443... connected.
HTTP request sent, awaiting response... 200 OK
Length: 71330 (70K) [text/html]
Saving to: ‘2.2.145.2’

     0K .......... .......... .......... .......... .......... 71%  209K 0s
    50K .......... .........                                  100% 17.7M=0.2s

2017-01-29 13:07:29 (290 KB/s) - ‘2.2.145.2’ saved [71330/71330]

--2017-01-29 13:07:30--  http://doi.org/10.1093/jxb/2.3.298
Connecting to doi.org (doi.org)|38.100.138.163|:80... connected.
HTTP request sent, awaiting response... 303 See Other
Location: https://academic.oup.com/jxb/article-lookup/doi/10.1093/jxb/2.3.298 [following]
--2017-01-29 13:07:31--  https://academic.oup.com/jxb/article-lookup/doi/10.1093/jxb/2.3.298
Connecting to academic.oup.com (academic.oup.com)|173.254.190.144|:443... connected.
HTTP request sent, awaiting response... 200 OK
Length: 70505 (69K) [text/html]
Saving to: ‘2.3.298’

     0K .......... .......... .......... .......... .......... 72%  205K 0s
    50K .......... ........                                   100% 13.8M=0.2s

2017-01-29 13:07:36 (281 KB/s) - ‘2.3.298’ saved [70505/70505]

--2017-01-29 13:07:37--  http://doi.org/10.1093/jxb/2.1.86
Connecting to doi.org (doi.org)|38.100.138.163|:80... connected.
HTTP request sent, awaiting response... 303 See Other
Location: https://academic.oup.com/jxb/article-lookup/doi/10.1093/jxb/2.1.86 [following]
--2017-01-29 13:07:38--  https://academic.oup.com/jxb/article-lookup/doi/10.1093/jxb/2.1.86
Connecting to academic.oup.com (academic.oup.com)|173.254.190.144|:443... connected.
HTTP request sent, awaiting response... 200 OK
Length: 86396 (84K) [text/html]
Saving to: ‘2.1.86.1’

     0K .......... .......... .......... .......... .......... 59%  208K 0s
    50K .......... .......... .......... ....                 100% 9.33M=0.2s

2017-01-29 13:07:42 (346 KB/s) - ‘2.1.86.1’ saved [86396/86396]

--2017-01-29 13:07:43--  http://doi.org/10.1093/jxb/2.3.321
Connecting to doi.org (doi.org)|38.100.138.163|:80... connected.
HTTP request sent, awaiting response... 303 See Other
Location: https://academic.oup.com/jxb/article-lookup/doi/10.1093/jxb/2.3.321 [following]
--2017-01-29 13:07:44--  https://academic.oup.com/jxb/article-lookup/doi/10.1093/jxb/2.3.321
Connecting to academic.oup.com (academic.oup.com)|173.254.190.144|:443... connected.
HTTP request sent, awaiting response... 200 OK
Length: 89880 (88K) [text/html]
Saving to: ‘2.3.321’

     0K .......... .......... .......... .......... .......... 56%  208K 0s
    50K .......... .......... .......... .......              100% 10.5M=0.2s

2017-01-29 13:07:50 (360 KB/s) - ‘2.3.321’ saved [89880/89880]

--2017-01-29 13:07:51--  http://doi.org/10.1093/jxb/3.3.424
Connecting to doi.org (doi.org)|38.100.138.163|:80... connected.
HTTP request sent, awaiting response... 303 See Other
Location: https://academic.oup.com/jxb/article-lookup/doi/10.1093/jxb/3.3.424 [following]
--2017-01-29 13:07:52--  https://academic.oup.com/jxb/article-lookup/doi/10.1093/jxb/3.3.424
Connecting to academic.oup.com (academic.oup.com)|173.254.190.144|:443... connected.
HTTP request sent, awaiting response... 200 OK
Length: 71941 (70K) [text/html]
Saving to: ‘3.3.424’

     0K .......... .......... .......... .......... .......... 71%  208K 0s
    50K .......... ..........                                 100% 11.7M=0.2s

2017-01-29 13:07:56 (291 KB/s) - ‘3.3.424’ saved [71941/71941]

--2017-01-29 13:07:57--  http://doi.org/10.1093/jxb/3.2.263
Connecting to doi.org (doi.org)|38.100.138.163|:80... connected.
HTTP request sent, awaiting response... 303 See Other
Location: https://academic.oup.com/jxb/article-lookup/doi/10.1093/jxb/3.2.263 [following]
--2017-01-29 13:07:58--  https://academic.oup.com/jxb/article-lookup/doi/10.1093/jxb/3.2.263
Connecting to academic.oup.com (academic.oup.com)|173.254.190.144|:443... connected.
HTTP request sent, awaiting response... 200 OK
Length: 65126 (64K) [text/html]
Saving to: ‘3.2.263’

     0K .......... .......... .......... .......... .......... 78%  208K 0s
    50K .......... ...                                        100% 15.6M=0.2s

2017-01-29 13:08:02 (263 KB/s) - ‘3.2.263’ saved [65126/65126]

--2017-01-29 13:08:03--  http://doi.org/10.1093/jxb/3.3.375
Connecting to doi.org (doi.org)|38.100.138.163|:80... connected.
HTTP request sent, awaiting response... 303 See Other
Location: https://academic.oup.com/jxb/article-lookup/doi/10.1093/jxb/3.3.375 [following]
--2017-01-29 13:08:04--  https://academic.oup.com/jxb/article-lookup/doi/10.1093/jxb/3.3.375
Connecting to academic.oup.com (academic.oup.com)|173.254.190.144|:443... connected.
HTTP request sent, awaiting response... 200 OK
Length: 88622 (87K) [text/html]
Saving to: ‘3.3.375’

     0K .......... .......... .......... .......... .......... 57%  310K 0s
    50K .......... .......... .......... ......               100%  448K=0.2s

2017-01-29 13:08:08 (356 KB/s) - ‘3.3.375’ saved [88622/88622]

--2017-01-29 13:08:09--  http://doi.org/10.1093/jxb/3.3.393
Connecting to doi.org (doi.org)|38.100.138.163|:80... connected.
HTTP request sent, awaiting response... 303 See Other
Location: https://academic.oup.com/jxb/article-lookup/doi/10.1093/jxb/3.3.393 [following]
--2017-01-29 13:08:11--  https://academic.oup.com/jxb/article-lookup/doi/10.1093/jxb/3.3.393
Connecting to academic.oup.com (academic.oup.com)|173.254.190.144|:443... connected.
HTTP request sent, awaiting response... 200 OK
Length: 77635 (76K) [text/html]
Saving to: ‘3.3.393’

     0K .......... .......... .......... .......... .......... 65%  209K 0s
    50K .......... .......... .....                           100% 6.72M=0.2s

2017-01-29 13:08:14 (312 KB/s) - ‘3.3.393’ saved [77635/77635]

--2017-01-29 13:08:15--  http://doi.org/10.1093/jxb/3.3.430
Connecting to doi.org (doi.org)|38.100.138.163|:80... connected.
HTTP request sent, awaiting response... 303 See Other
Location: https://academic.oup.com/jxb/article-lookup/doi/10.1093/jxb/3.3.430 [following]
--2017-01-29 13:08:17--  https://academic.oup.com/jxb/article-lookup/doi/10.1093/jxb/3.3.430
Connecting to academic.oup.com (academic.oup.com)|173.254.190.144|:443... connected.
HTTP request sent, awaiting response... 200 OK
Length: 71832 (70K) [text/html]
Saving to: ‘3.3.430’

     0K .......... .......... .......... .......... .......... 71%  209K 0s
    50K .......... ..........                                 100% 7.45M=0.2s

2017-01-29 13:08:20 (289 KB/s) - ‘3.3.430’ saved [71832/71832]

--2017-01-29 13:08:21--  http://doi.org/10.1093/jxb/3.3.356
Connecting to doi.org (doi.org)|38.100.138.163|:80... connected.
HTTP request sent, awaiting response... 303 See Other
Location: https://academic.oup.com/jxb/article-lookup/doi/10.1093/jxb/3.3.356 [following]
--2017-01-29 13:08:22--  https://academic.oup.com/jxb/article-lookup/doi/10.1093/jxb/3.3.356
Connecting to academic.oup.com (academic.oup.com)|173.254.190.144|:443... connected.
HTTP request sent, awaiting response... 200 OK
Length: 74193 (72K) [text/html]
Saving to: ‘3.3.356’

     0K .......... .......... .......... .......... .......... 69%  206K 0s
    50K .......... .......... ..                              100% 14.1M=0.2s

2017-01-29 13:08:26 (297 KB/s) - ‘3.3.356’ saved [74193/74193]

--2017-01-29 13:08:27--  http://doi.org/10.1093/jxb/3.3.326
Connecting to doi.org (doi.org)|38.100.138.163|:80... connected.
HTTP request sent, awaiting response... 303 See Other
Location: https://academic.oup.com/jxb/article-lookup/doi/10.1093/jxb/3.3.326 [following]
--2017-01-29 13:08:29--  https://academic.oup.com/jxb/article-lookup/doi/10.1093/jxb/3.3.326
Connecting to academic.oup.com (academic.oup.com)|173.254.190.144|:443... connected.
HTTP request sent, awaiting response... 200 OK
Length: 89435 (87K) [text/html]
Saving to: ‘3.3.326’

     0K .......... .......... .......... .......... .......... 57%  209K 0s
    50K .......... .......... .......... .......              100% 9.78M=0.2s

2017-01-29 13:08:32 (359 KB/s) - ‘3.3.326’ saved [89435/89435]

--2017-01-29 13:08:33--  http://doi.org/10.1093/jxb/3.3.310
Connecting to doi.org (doi.org)|38.100.138.163|:80... connected.
HTTP request sent, awaiting response... 303 See Other
Location: https://academic.oup.com/jxb/article-lookup/doi/10.1093/jxb/3.3.310 [following]
--2017-01-29 13:08:34--  https://academic.oup.com/jxb/article-lookup/doi/10.1093/jxb/3.3.310
Connecting to academic.oup.com (academic.oup.com)|173.254.190.144|:443... connected.
HTTP request sent, awaiting response... 200 OK
Length: 73015 (71K) [text/html]
Saving to: ‘3.3.310’

     0K .......... .......... .......... .......... .......... 70%  209K 0s
    50K .......... .......... .                               100% 15.8M=0.2s

2017-01-29 13:08:38 (296 KB/s) - ‘3.3.310’ saved [73015/73015]

--2017-01-29 13:08:39--  http://doi.org/10.1093/jxb/3.3.265
Connecting to doi.org (doi.org)|38.100.138.163|:80... connected.
HTTP request sent, awaiting response... 303 See Other
Location: https://academic.oup.com/jxb/article-lookup/doi/10.1093/jxb/3.3.265 [following]
--2017-01-29 13:08:40--  https://academic.oup.com/jxb/article-lookup/doi/10.1093/jxb/3.3.265
Connecting to academic.oup.com (academic.oup.com)|173.254.190.144|:443... connected.
HTTP request sent, awaiting response... 200 OK
Length: 72123 (70K) [text/html]
Saving to: ‘3.3.265’

     0K .......... .......... .......... .......... .......... 70%  208K 0s
    50K .......... ..........                                 100% 14.4M=0.2s

2017-01-29 13:08:44 (291 KB/s) - ‘3.3.265’ saved [72123/72123]

--2017-01-29 13:08:45--  http://doi.org/10.1093/jxb/3.3.336
Connecting to doi.org (doi.org)|38.100.138.163|:80... connected.
HTTP request sent, awaiting response... 303 See Other
Location: https://academic.oup.com/jxb/article-lookup/doi/10.1093/jxb/3.3.336 [following]
--2017-01-29 13:08:46--  https://academic.oup.com/jxb/article-lookup/doi/10.1093/jxb/3.3.336
Connecting to academic.oup.com (academic.oup.com)|173.254.190.144|:443... connected.
HTTP request sent, awaiting response... 200 OK
Length: 87033 (85K) [text/html]
Saving to: ‘3.3.336’

     0K .......... .......... .......... .......... .......... 58%  209K 0s
    50K .......... .......... .......... ....                 100% 6.24M=0.2s

2017-01-29 13:08:50 (347 KB/s) - ‘3.3.336’ saved [87033/87033]

--2017-01-29 13:08:51--  http://doi.org/10.1093/jxb/3.2.216
Connecting to doi.org (doi.org)|38.100.138.163|:80... connected.
HTTP request sent, awaiting response... 303 See Other
Location: https://academic.oup.com/jxb/article-lookup/doi/10.1093/jxb/3.2.216 [following]
--2017-01-29 13:08:52--  https://academic.oup.com/jxb/article-lookup/doi/10.1093/jxb/3.2.216
Connecting to academic.oup.com (academic.oup.com)|173.254.190.144|:443... connected.
HTTP request sent, awaiting response... 200 OK
Length: 95266 (93K) [text/html]
Saving to: ‘3.2.216’

     0K .......... .......... .......... .......... .......... 53%  209K 0s
    50K .......... .......... .......... .......... ...       100%  537K=0.3s

2017-01-29 13:08:56 (291 KB/s) - ‘3.2.216’ saved [95266/95266]

--2017-01-29 13:08:57--  http://doi.org/10.1093/jxb/3.3.291
Connecting to doi.org (doi.org)|38.100.138.163|:80... connected.
HTTP request sent, awaiting response... 303 See Other
Location: https://academic.oup.com/jxb/article-lookup/doi/10.1093/jxb/3.3.291 [following]
--2017-01-29 13:08:58--  https://academic.oup.com/jxb/article-lookup/doi/10.1093/jxb/3.3.291
Connecting to academic.oup.com (academic.oup.com)|173.254.190.144|:443... connected.
HTTP request sent, awaiting response... 200 OK
Length: 73492 (72K) [text/html]
Saving to: ‘3.3.291’

     0K .......... .......... .......... .......... .......... 69%  209K 0s
    50K .......... .......... .                               100% 14.6M=0.2s

2017-01-29 13:09:07 (298 KB/s) - ‘3.3.291’ saved [73492/73492]

--2017-01-29 13:09:08--  http://doi.org/10.1093/jxb/3.2.170
Connecting to doi.org (doi.org)|38.100.138.163|:80... connected.
HTTP request sent, awaiting response... 303 See Other
Location: https://academic.oup.com/jxb/article-lookup/doi/10.1093/jxb/3.2.170 [following]
--2017-01-29 13:09:09--  https://academic.oup.com/jxb/article-lookup/doi/10.1093/jxb/3.2.170
Connecting to academic.oup.com (academic.oup.com)|173.254.190.144|:443... connected.
HTTP request sent, awaiting response... 200 OK
Length: 92216 (90K) [text/html]
Saving to: ‘3.2.170’

     0K .......... .......... .......... .......... .......... 55%  209K 0s
    50K .......... .......... .......... ..........           100% 11.9M=0.2s

2017-01-29 13:09:12 (371 KB/s) - ‘3.2.170’ saved [92216/92216]

--2017-01-29 13:09:13--  http://doi.org/10.1093/jxb/3.3.319
Connecting to doi.org (doi.org)|38.100.138.163|:80... connected.
HTTP request sent, awaiting response... 303 See Other
Location: https://academic.oup.com/jxb/article-lookup/doi/10.1093/jxb/3.3.319 [following]
--2017-01-29 13:09:15--  https://academic.oup.com/jxb/article-lookup/doi/10.1093/jxb/3.3.319
Connecting to academic.oup.com (academic.oup.com)|173.254.190.144|:443... connected.
HTTP request sent, awaiting response... 200 OK
Length: 71809 (70K) [text/html]
Saving to: ‘3.3.319’

     0K .......... .......... .......... .......... .......... 71%  209K 0s
    50K .......... ..........                                 100% 10.2M=0.2s

2017-01-29 13:09:18 (291 KB/s) - ‘3.3.319’ saved [71809/71809]

--2017-01-29 13:09:19--  http://doi.org/10.1093/jxb/3.3.406
Connecting to doi.org (doi.org)|38.100.138.163|:80... connected.
HTTP request sent, awaiting response... 303 See Other
Location: https://academic.oup.com/jxb/article-lookup/doi/10.1093/jxb/3.3.406 [following]
--2017-01-29 13:09:20--  https://academic.oup.com/jxb/article-lookup/doi/10.1093/jxb/3.3.406
Connecting to academic.oup.com (academic.oup.com)|173.254.190.144|:443... connected.
HTTP request sent, awaiting response... 200 OK
Length: 74867 (73K) [text/html]
Saving to: ‘3.3.406’

     0K .......... .......... .......... .......... .......... 68%  209K 0s
    50K .......... .......... ...                             100% 13.4M=0.2s

2017-01-29 13:09:30 (303 KB/s) - ‘3.3.406’ saved [74867/74867]

--2017-01-29 13:09:31--  http://doi.org/10.1093/jxb/3.1.86
Connecting to doi.org (doi.org)|38.100.138.163|:80... connected.
HTTP request sent, awaiting response... 303 See Other
Location: https://academic.oup.com/jxb/article-lookup/doi/10.1093/jxb/3.1.86 [following]
--2017-01-29 13:09:32--  https://academic.oup.com/jxb/article-lookup/doi/10.1093/jxb/3.1.86
Connecting to academic.oup.com (academic.oup.com)|173.254.190.144|:443... connected.
HTTP request sent, awaiting response... 200 OK
Length: 71880 (70K) [text/html]
Saving to: ‘3.1.86.1’

     0K .......... .......... .......... .......... .......... 71%  208K 0s
    50K .......... ..........                                 100% 15.7M=0.2s

2017-01-29 13:09:38 (290 KB/s) - ‘3.1.86.1’ saved [71880/71880]

--2017-01-29 13:09:39--  http://doi.org/10.1093/jxb/3.1.28
Connecting to doi.org (doi.org)|38.100.138.163|:80... connected.
HTTP request sent, awaiting response... 303 See Other
Location: https://academic.oup.com/jxb/article-lookup/doi/10.1093/jxb/3.1.28 [following]
--2017-01-29 13:09:40--  https://academic.oup.com/jxb/article-lookup/doi/10.1093/jxb/3.1.28
Connecting to academic.oup.com (academic.oup.com)|173.254.190.144|:443... connected.
HTTP request sent, awaiting response... 200 OK
Length: 73368 (72K) [text/html]
Saving to: ‘3.1.28.1’

     0K .......... .......... .......... .......... .......... 69%  209K 0s
    50K .......... .......... .                               100% 4.77M=0.2s

2017-01-29 13:09:43 (294 KB/s) - ‘3.1.28.1’ saved [73368/73368]

--2017-01-29 13:09:44--  http://doi.org/10.1093/jxb/3.3.276
Connecting to doi.org (doi.org)|38.100.138.163|:80... connected.
HTTP request sent, awaiting response... 303 See Other
Location: https://academic.oup.com/jxb/article-lookup/doi/10.1093/jxb/3.3.276 [following]
--2017-01-29 13:09:45--  https://academic.oup.com/jxb/article-lookup/doi/10.1093/jxb/3.3.276
Connecting to academic.oup.com (academic.oup.com)|173.254.190.144|:443... connected.
HTTP request sent, awaiting response... 200 OK
Length: 72418 (71K) [text/html]
Saving to: ‘3.3.276.1’

     0K .......... .......... .......... .......... .......... 70%  209K 0s
    50K .......... ..........                                 100% 12.0M=0.2s

2017-01-29 13:09:49 (294 KB/s) - ‘3.3.276.1’ saved [72418/72418]

--2017-01-29 13:09:50--  http://doi.org/10.1093/jxb/3.1.77
Connecting to doi.org (doi.org)|38.100.138.163|:80... connected.
HTTP request sent, awaiting response... 303 See Other
Location: https://academic.oup.com/jxb/article-lookup/doi/10.1093/jxb/3.1.77 [following]
--2017-01-29 13:09:51--  https://academic.oup.com/jxb/article-lookup/doi/10.1093/jxb/3.1.77
Connecting to academic.oup.com (academic.oup.com)|173.254.190.144|:443... connected.
HTTP request sent, awaiting response... 200 OK
Length: 71560 (70K) [text/html]
Saving to: ‘3.1.77’

     0K .......... .......... .......... .......... .......... 71%  209K 0s
    50K .......... .........                                  100% 5.28M=0.2s

2017-01-29 13:09:55 (288 KB/s) - ‘3.1.77’ saved [71560/71560]

--2017-01-29 13:09:56--  http://doi.org/10.1093/jxb/3.1.52
Connecting to doi.org (doi.org)|38.100.138.163|:80... connected.
HTTP request sent, awaiting response... 303 See Other
Location: https://academic.oup.com/jxb/article-lookup/doi/10.1093/jxb/3.1.52 [following]
--2017-01-29 13:09:57--  https://academic.oup.com/jxb/article-lookup/doi/10.1093/jxb/3.1.52
Connecting to academic.oup.com (academic.oup.com)|173.254.190.144|:443... connected.
HTTP request sent, awaiting response... 200 OK
Length: 71080 (69K) [text/html]
Saving to: ‘3.1.52.1’

     0K .......... .......... .......... .......... .......... 72%  310K 0s
    50K .......... .........                                  100%  238K=0.2s

2017-01-29 13:10:01 (285 KB/s) - ‘3.1.52.1’ saved [71080/71080]

--2017-01-29 13:10:02--  http://doi.org/10.1093/jxb/3.2.246
Connecting to doi.org (doi.org)|38.100.138.163|:80... connected.
HTTP request sent, awaiting response... 303 See Other
Location: https://academic.oup.com/jxb/article-lookup/doi/10.1093/jxb/3.2.246 [following]
--2017-01-29 13:10:03--  https://academic.oup.com/jxb/article-lookup/doi/10.1093/jxb/3.2.246
Connecting to academic.oup.com (academic.oup.com)|173.254.190.144|:443... connected.
HTTP request sent, awaiting response... 200 OK
Length: 73620 (72K) [text/html]
Saving to: ‘3.2.246’

     0K .......... .......... .......... .......... .......... 69%  310K 0s
    50K .......... .......... .                               100%  277K=0.2s

2017-01-29 13:10:06 (299 KB/s) - ‘3.2.246’ saved [73620/73620]

--2017-01-29 13:10:07--  http://doi.org/10.1093/jxb/3.1.95
Connecting to doi.org (doi.org)|38.100.138.163|:80... connected.
HTTP request sent, awaiting response... 303 See Other
Location: https://academic.oup.com/jxb/article-lookup/doi/10.1093/jxb/3.1.95 [following]
--2017-01-29 13:10:08--  https://academic.oup.com/jxb/article-lookup/doi/10.1093/jxb/3.1.95
Connecting to academic.oup.com (academic.oup.com)|173.254.190.144|:443... connected.
HTTP request sent, awaiting response... 200 OK
Length: 70165 (69K) [text/html]
Saving to: ‘3.1.95’

     0K .......... .......... .......... .......... .......... 72%  209K 0s
    50K .......... ........                                   100% 14.1M=0.2s

2017-01-29 13:10:12 (285 KB/s) - ‘3.1.95’ saved [70165/70165]

--2017-01-29 13:10:13--  http://doi.org/10.1093/jxb/3.1.99
Connecting to doi.org (doi.org)|38.100.138.163|:80... connected.
HTTP request sent, awaiting response... 303 See Other
Location: https://academic.oup.com/jxb/article-lookup/doi/10.1093/jxb/3.1.99 [following]
--2017-01-29 13:10:14--  https://academic.oup.com/jxb/article-lookup/doi/10.1093/jxb/3.1.99
Connecting to academic.oup.com (academic.oup.com)|173.254.190.144|:443... connected.
HTTP request sent, awaiting response... 200 OK
Length: 78664 (77K) [text/html]
Saving to: ‘3.1.99’

     0K .......... .......... .......... .......... .......... 65%  209K 0s
    50K .......... .......... ......                          100% 14.0M=0.2s

2017-01-29 13:10:18 (319 KB/s) - ‘3.1.99’ saved [78664/78664]

--2017-01-29 13:10:19--  http://doi.org/10.1093/jxb/3.1.59
Connecting to doi.org (doi.org)|38.100.138.163|:80... connected.
HTTP request sent, awaiting response... 303 See Other
Location: https://academic.oup.com/jxb/article-lookup/doi/10.1093/jxb/3.1.59 [following]
--2017-01-29 13:10:20--  https://academic.oup.com/jxb/article-lookup/doi/10.1093/jxb/3.1.59
Connecting to academic.oup.com (academic.oup.com)|173.254.190.144|:443... connected.
HTTP request sent, awaiting response... 200 OK
Length: 71573 (70K) [text/html]
Saving to: ‘3.1.59’

     0K .......... .......... .......... .......... .......... 71%  209K 0s
    50K .......... .........                                  100% 11.0M=0.2s

2017-01-29 13:10:24 (290 KB/s) - ‘3.1.59’ saved [71573/71573]

--2017-01-29 13:10:25--  http://doi.org/10.1093/jxb/3.1.1
Connecting to doi.org (doi.org)|38.100.138.163|:80... connected.
HTTP request sent, awaiting response... 303 See Other
Location: https://academic.oup.com/jxb/article-lookup/doi/10.1093/jxb/3.1.1 [following]
--2017-01-29 13:10:27--  https://academic.oup.com/jxb/article-lookup/doi/10.1093/jxb/3.1.1
Connecting to academic.oup.com (academic.oup.com)|173.254.190.144|:443... connected.
HTTP request sent, awaiting response... 200 OK
Length: 92514 (90K) [text/html]
Saving to: ‘3.1.1.5’

     0K .......... .......... .......... .......... .......... 55%  209K 0s
    50K .......... .......... .......... ..........           100% 8.29M=0.2s

2017-01-29 13:10:31 (370 KB/s) - ‘3.1.1.5’ saved [92514/92514]

--2017-01-29 13:10:32--  http://doi.org/10.1093/jxb/3.2.253
Connecting to doi.org (doi.org)|38.100.138.163|:80... connected.
HTTP request sent, awaiting response... 303 See Other
Location: https://academic.oup.com/jxb/article-lookup/doi/10.1093/jxb/3.2.253 [following]
--2017-01-29 13:10:33--  https://academic.oup.com/jxb/article-lookup/doi/10.1093/jxb/3.2.253
Connecting to academic.oup.com (academic.oup.com)|173.254.190.144|:443... connected.
HTTP request sent, awaiting response... 200 OK
Length: 73345 (72K) [text/html]
Saving to: ‘3.2.253’

     0K .......... .......... .......... .......... .......... 69%  209K 0s
    50K .......... .......... .                               100% 10.6M=0.2s

2017-01-29 13:10:37 (297 KB/s) - ‘3.2.253’ saved [73345/73345]

--2017-01-29 13:10:38--  http://doi.org/10.1093/jxb/3.3.437
Connecting to doi.org (doi.org)|38.100.138.163|:80... connected.
HTTP request sent, awaiting response... 303 See Other
Location: https://academic.oup.com/jxb/article-lookup/doi/10.1093/jxb/3.3.437 [following]
--2017-01-29 13:10:39--  https://academic.oup.com/jxb/article-lookup/doi/10.1093/jxb/3.3.437
Connecting to academic.oup.com (academic.oup.com)|173.254.190.144|:443... connected.
HTTP request sent, awaiting response... 200 OK
Length: 69771 (68K) [text/html]
Saving to: ‘3.3.437’

     0K .......... .......... .......... .......... .......... 73%  208K 0s
    50K .......... ........                                   100% 16.8M=0.2s

2017-01-29 13:10:45 (282 KB/s) - ‘3.3.437’ saved [69771/69771]

--2017-01-29 13:10:46--  http://doi.org/10.1093/jxb/3.2.162
Connecting to doi.org (doi.org)|38.100.138.163|:80... connected.
HTTP request sent, awaiting response... 303 See Other
Location: https://academic.oup.com/jxb/article-lookup/doi/10.1093/jxb/3.2.162 [following]
--2017-01-29 13:10:47--  https://academic.oup.com/jxb/article-lookup/doi/10.1093/jxb/3.2.162
Connecting to academic.oup.com (academic.oup.com)|173.254.190.144|:443... connected.
HTTP request sent, awaiting response... 200 OK
Length: 73084 (71K) [text/html]
Saving to: ‘3.2.162’

     0K .......... .......... .......... .......... .......... 70%  209K 0s
    50K .......... .......... .                               100% 14.8M=0.2s

2017-01-29 13:10:50 (297 KB/s) - ‘3.2.162’ saved [73084/73084]

--2017-01-29 13:10:51--  http://doi.org/10.1093/jxb/3.2.204
Connecting to doi.org (doi.org)|38.100.138.163|:80... connected.
HTTP request sent, awaiting response... 303 See Other
Location: https://academic.oup.com/jxb/article-lookup/doi/10.1093/jxb/3.2.204 [following]
--2017-01-29 13:10:53--  https://academic.oup.com/jxb/article-lookup/doi/10.1093/jxb/3.2.204
Connecting to academic.oup.com (academic.oup.com)|173.254.190.144|:443... connected.
HTTP request sent, awaiting response... 200 OK
Length: 92673 (91K) [text/html]
Saving to: ‘3.2.204’

     0K .......... .......... .......... .......... .......... 55%  208K 0s
    50K .......... .......... .......... ..........           100% 12.1M=0.2s

2017-01-29 13:10:56 (372 KB/s) - ‘3.2.204’ saved [92673/92673]

--2017-01-29 13:10:57--  http://doi.org/10.1093/jxb/3.2.237
Connecting to doi.org (doi.org)|38.100.138.163|:80... connected.
HTTP request sent, awaiting response... 303 See Other
Location: https://academic.oup.com/jxb/article-lookup/doi/10.1093/jxb/3.2.237 [following]
--2017-01-29 13:10:59--  https://academic.oup.com/jxb/article-lookup/doi/10.1093/jxb/3.2.237
Connecting to academic.oup.com (academic.oup.com)|173.254.190.144|:443... connected.
HTTP request sent, awaiting response... 200 OK
Length: 75015 (73K) [text/html]
Saving to: ‘3.2.237’

     0K .......... .......... .......... .......... .......... 68%  209K 0s
    50K .......... .......... ...                             100% 12.8M=0.2s

2017-01-29 13:11:03 (303 KB/s) - ‘3.2.237’ saved [75015/75015]

--2017-01-29 13:11:04--  http://doi.org/10.1093/jxb/3.2.129
Connecting to doi.org (doi.org)|38.100.138.163|:80... connected.
HTTP request sent, awaiting response... 303 See Other
Location: https://academic.oup.com/jxb/article-lookup/doi/10.1093/jxb/3.2.129 [following]
--2017-01-29 13:11:06--  https://academic.oup.com/jxb/article-lookup/doi/10.1093/jxb/3.2.129
Connecting to academic.oup.com (academic.oup.com)|173.254.190.144|:443... connected.
HTTP request sent, awaiting response... 200 OK
Length: 80137 (78K) [text/html]
Saving to: ‘3.2.129.1’

     0K .......... .......... .......... .......... .......... 63%  209K 0s
    50K .......... .......... ........                        100% 11.1M=0.2s

2017-01-29 13:11:09 (324 KB/s) - ‘3.2.129.1’ saved [80137/80137]

--2017-01-29 13:11:10--  http://doi.org/10.1093/jxb/3.1.47
Connecting to doi.org (doi.org)|38.100.138.163|:80... connected.
HTTP request sent, awaiting response... 303 See Other
Location: https://academic.oup.com/jxb/article-lookup/doi/10.1093/jxb/3.1.47 [following]
--2017-01-29 13:11:11--  https://academic.oup.com/jxb/article-lookup/doi/10.1093/jxb/3.1.47
Connecting to academic.oup.com (academic.oup.com)|173.254.190.144|:443... connected.
HTTP request sent, awaiting response... 200 OK
Length: 85998 (84K) [text/html]
Saving to: ‘3.1.47’

     0K .......... .......... .......... .......... .......... 59%  209K 0s
    50K .......... .......... .......... ...                  100% 11.6M=0.2s

2017-01-29 13:11:16 (347 KB/s) - ‘3.1.47’ saved [85998/85998]

--2017-01-29 13:11:17--  http://doi.org/10.1093/jxb/3.2.155
Connecting to doi.org (doi.org)|38.100.138.163|:80... connected.
HTTP request sent, awaiting response... 303 See Other
Location: https://academic.oup.com/jxb/article-lookup/doi/10.1093/jxb/3.2.155 [following]
--2017-01-29 13:11:18--  https://academic.oup.com/jxb/article-lookup/doi/10.1093/jxb/3.2.155
Connecting to academic.oup.com (academic.oup.com)|173.254.190.144|:443... connected.
HTTP request sent, awaiting response... 200 OK
Length: 73260 (72K) [text/html]
Saving to: ‘3.2.155’

     0K .......... .......... .......... .......... .......... 69%  209K 0s
    50K .......... .......... .                               100% 13.5M=0.2s

2017-01-29 13:11:21 (297 KB/s) - ‘3.2.155’ saved [73260/73260]

--2017-01-29 13:11:22--  http://doi.org/10.1093/jxb/3.2.188
Connecting to doi.org (doi.org)|38.100.138.163|:80... connected.
HTTP request sent, awaiting response... 303 See Other
Location: https://academic.oup.com/jxb/article-lookup/doi/10.1093/jxb/3.2.188 [following]
--2017-01-29 13:11:23--  https://academic.oup.com/jxb/article-lookup/doi/10.1093/jxb/3.2.188
Connecting to academic.oup.com (academic.oup.com)|173.254.190.144|:443... connected.
HTTP request sent, awaiting response... 200 OK
Length: 74390 (73K) [text/html]
Saving to: ‘3.2.188.1’

     0K .......... .......... .......... .......... .......... 68%  209K 0s
    50K .......... .......... ..                              100% 12.4M=0.2s

2017-01-29 13:11:27 (301 KB/s) - ‘3.2.188.1’ saved [74390/74390]

--2017-01-29 13:11:28--  http://doi.org/10.1093/jxb/3.1.110
Connecting to doi.org (doi.org)|38.100.138.163|:80... connected.
HTTP request sent, awaiting response... 303 See Other
Location: https://academic.oup.com/jxb/article-lookup/doi/10.1093/jxb/3.1.110 [following]
--2017-01-29 13:11:29--  https://academic.oup.com/jxb/article-lookup/doi/10.1093/jxb/3.1.110
Connecting to academic.oup.com (academic.oup.com)|173.254.190.144|:443... connected.
HTTP request sent, awaiting response... 200 OK
Length: 71819 (70K) [text/html]
Saving to: ‘3.1.110’

     0K .......... .......... .......... .......... .......... 71%  209K 0s
    50K .......... ..........                                 100% 14.4M=0.2s

2017-01-29 13:11:33 (292 KB/s) - ‘3.1.110’ saved [71819/71819]

--2017-01-29 13:11:34--  http://doi.org/10.1093/jxb/4.1.59
Connecting to doi.org (doi.org)|38.100.138.163|:80... connected.
HTTP request sent, awaiting response... 303 See Other
Location: https://academic.oup.com/jxb/article-lookup/doi/10.1093/jxb/4.1.59 [following]
--2017-01-29 13:11:35--  https://academic.oup.com/jxb/article-lookup/doi/10.1093/jxb/4.1.59
Connecting to academic.oup.com (academic.oup.com)|173.254.190.144|:443... connected.
HTTP request sent, awaiting response... 200 OK
Length: 71877 (70K) [text/html]
Saving to: ‘4.1.59’

     0K .......... .......... .......... .......... .......... 71%  209K 0s
    50K .......... ..........                                 100% 12.4M=0.2s

2017-01-29 13:11:39 (291 KB/s) - ‘4.1.59’ saved [71877/71877]

--2017-01-29 13:11:40--  http://doi.org/10.1093/jxb/4.3.314
Connecting to doi.org (doi.org)|38.100.138.163|:80... connected.
HTTP request sent, awaiting response... 303 See Other
Location: https://academic.oup.com/jxb/article-lookup/doi/10.1093/jxb/4.3.314 [following]
--2017-01-29 13:11:41--  https://academic.oup.com/jxb/article-lookup/doi/10.1093/jxb/4.3.314
Connecting to academic.oup.com (academic.oup.com)|173.254.190.144|:443... connected.
HTTP request sent, awaiting response... 200 OK
Length: 74259 (73K) [text/html]
Saving to: ‘4.3.314’

     0K .......... .......... .......... .......... .......... 68%  207K 0s
    50K .......... .......... ..                              100% 4.59M=0.2s

2017-01-29 13:11:45 (295 KB/s) - ‘4.3.314’ saved [74259/74259]

--2017-01-29 13:11:46--  http://doi.org/10.1093/jxb/4.3.330
Connecting to doi.org (doi.org)|38.100.138.163|:80... connected.
HTTP request sent, awaiting response... 303 See Other
Location: https://academic.oup.com/jxb/article-lookup/doi/10.1093/jxb/4.3.330 [following]
--2017-01-29 13:11:47--  https://academic.oup.com/jxb/article-lookup/doi/10.1093/jxb/4.3.330
Connecting to academic.oup.com (academic.oup.com)|173.254.190.144|:443... connected.
HTTP request sent, awaiting response... 200 OK
Length: 78307 (76K) [text/html]
Saving to: ‘4.3.330’

     0K .......... .......... .......... .......... .......... 65%  208K 0s
    50K .......... .......... ......                          100% 12.7M=0.2s

2017-01-29 13:11:51 (315 KB/s) - ‘4.3.330’ saved [78307/78307]

--2017-01-29 13:11:52--  http://doi.org/10.1093/jxb/4.3.403
Connecting to doi.org (doi.org)|38.100.138.163|:80... connected.
HTTP request sent, awaiting response... 303 See Other
Location: https://academic.oup.com/jxb/article-lookup/doi/10.1093/jxb/4.3.403 [following]
--2017-01-29 13:11:53--  https://academic.oup.com/jxb/article-lookup/doi/10.1093/jxb/4.3.403
Connecting to academic.oup.com (academic.oup.com)|173.254.190.144|:443... connected.
HTTP request sent, awaiting response... 200 OK
Length: 71598 (70K) [text/html]
Saving to: ‘4.3.403’

     0K .......... .......... .......... .......... .......... 71%  209K 0s
    50K .......... .........                                  100% 11.5M=0.2s

2017-01-29 13:11:58 (290 KB/s) - ‘4.3.403’ saved [71598/71598]

--2017-01-29 13:11:59--  http://doi.org/10.1093/jxb/4.3.257
Connecting to doi.org (doi.org)|38.100.138.163|:80... connected.
HTTP request sent, awaiting response... 303 See Other
Location: https://academic.oup.com/jxb/article-lookup/doi/10.1093/jxb/4.3.257 [following]
--2017-01-29 13:12:00--  https://academic.oup.com/jxb/article-lookup/doi/10.1093/jxb/4.3.257
Connecting to academic.oup.com (academic.oup.com)|173.254.190.144|:443... connected.
HTTP request sent, awaiting response... 200 OK
Length: 73348 (72K) [text/html]
Saving to: ‘4.3.257.1’

     0K .......... .......... .......... .......... .......... 69%  209K 0s
    50K .......... .......... .                               100% 10.7M=0.2s

2017-01-29 13:12:04 (297 KB/s) - ‘4.3.257.1’ saved [73348/73348]

--2017-01-29 13:12:05--  http://doi.org/10.1093/jxb/4.1.44
Connecting to doi.org (doi.org)|38.100.138.163|:80... connected.
HTTP request sent, awaiting response... 303 See Other
Location: https://academic.oup.com/jxb/article-lookup/doi/10.1093/jxb/4.1.44 [following]
--2017-01-29 13:12:06--  https://academic.oup.com/jxb/article-lookup/doi/10.1093/jxb/4.1.44
Connecting to academic.oup.com (academic.oup.com)|173.254.190.144|:443... connected.
HTTP request sent, awaiting response... 200 OK
Length: 74275 (73K) [text/html]
Saving to: ‘4.1.44’

     0K .......... .......... .......... .......... .......... 68%  208K 0s
    50K .......... .......... ..                              100% 14.9M=0.2s

2017-01-29 13:12:10 (300 KB/s) - ‘4.1.44’ saved [74275/74275]

--2017-01-29 13:12:11--  http://doi.org/10.1093/jxb/4.1.87
Connecting to doi.org (doi.org)|38.100.138.163|:80... connected.
HTTP request sent, awaiting response... 303 See Other
Location: https://academic.oup.com/jxb/article-lookup/doi/10.1093/jxb/4.1.87 [following]
--2017-01-29 13:12:13--  https://academic.oup.com/jxb/article-lookup/doi/10.1093/jxb/4.1.87
Connecting to academic.oup.com (academic.oup.com)|173.254.190.144|:443... connected.
HTTP request sent, awaiting response... 200 OK
Length: 72414 (71K) [text/html]
Saving to: ‘4.1.87’

     0K .......... .......... .......... .......... .......... 70%  209K 0s
    50K .......... ..........                                 100% 11.0M=0.2s

2017-01-29 13:12:16 (293 KB/s) - ‘4.1.87’ saved [72414/72414]

--2017-01-29 13:12:17--  http://doi.org/10.1093/jxb/4.2.251
Connecting to doi.org (doi.org)|38.100.138.163|:80... connected.
HTTP request sent, awaiting response... 303 See Other
Location: https://academic.oup.com/jxb/article-lookup/doi/10.1093/jxb/4.2.251 [following]
--2017-01-29 13:12:18--  https://academic.oup.com/jxb/article-lookup/doi/10.1093/jxb/4.2.251
Connecting to academic.oup.com (academic.oup.com)|173.254.190.144|:443... connected.
HTTP request sent, awaiting response... 200 OK
Length: 76930 (75K) [text/html]
Saving to: ‘4.2.251’

     0K .......... .......... .......... .......... .......... 66%  209K 0s
    50K .......... .......... .....                           100% 13.7M=0.2s

2017-01-29 13:12:21 (312 KB/s) - ‘4.2.251’ saved [76930/76930]

--2017-01-29 13:12:23--  http://doi.org/10.1093/jxb/4.1.65
Connecting to doi.org (doi.org)|38.100.138.163|:80... connected.
HTTP request sent, awaiting response... 303 See Other
Location: https://academic.oup.com/jxb/article-lookup/doi/10.1093/jxb/4.1.65 [following]
--2017-01-29 13:12:24--  https://academic.oup.com/jxb/article-lookup/doi/10.1093/jxb/4.1.65
Connecting to academic.oup.com (academic.oup.com)|173.254.190.144|:443... connected.
HTTP request sent, awaiting response... 200 OK
Length: 71372 (70K) [text/html]
Saving to: ‘4.1.65.1’

     0K .......... .......... .......... .......... .......... 71%  209K 0s
    50K .......... .........                                  100% 6.39M=0.2s

2017-01-29 13:12:28 (287 KB/s) - ‘4.1.65.1’ saved [71372/71372]

--2017-01-29 13:12:30--  http://doi.org/10.1093/jxb/4.2.235
Connecting to doi.org (doi.org)|38.100.138.163|:80... connected.
HTTP request sent, awaiting response... 303 See Other
Location: https://academic.oup.com/jxb/article-lookup/doi/10.1093/jxb/4.2.235 [following]
--2017-01-29 13:12:31--  https://academic.oup.com/jxb/article-lookup/doi/10.1093/jxb/4.2.235
Connecting to academic.oup.com (academic.oup.com)|173.254.190.144|:443... connected.
HTTP request sent, awaiting response... 200 OK
Length: 77735 (76K) [text/html]
Saving to: ‘4.2.235’

     0K .......... .......... .......... .......... .......... 65%  209K 0s
    50K .......... .......... .....                           100% 13.2M=0.2s

2017-01-29 13:12:34 (315 KB/s) - ‘4.2.235’ saved [77735/77735]

--2017-01-29 13:12:35--  http://doi.org/10.1093/jxb/4.3.349
Connecting to doi.org (doi.org)|38.100.138.163|:80... connected.
HTTP request sent, awaiting response... 303 See Other
Location: https://academic.oup.com/jxb/article-lookup/doi/10.1093/jxb/4.3.349 [following]
--2017-01-29 13:12:36--  https://academic.oup.com/jxb/article-lookup/doi/10.1093/jxb/4.3.349
Connecting to academic.oup.com (academic.oup.com)|173.254.190.144|:443... connected.
HTTP request sent, awaiting response... 200 OK
Length: 73719 (72K) [text/html]
Saving to: ‘4.3.349’

     0K .......... .......... .......... .......... .......... 69%  208K 0s
    50K .......... .......... .                               100% 11.3M=0.2s

2017-01-29 13:12:40 (298 KB/s) - ‘4.3.349’ saved [73719/73719]

--2017-01-29 13:12:41--  http://doi.org/10.1093/jxb/4.2.197
Connecting to doi.org (doi.org)|38.100.138.163|:80... connected.
HTTP request sent, awaiting response... 303 See Other
Location: https://academic.oup.com/jxb/article-lookup/doi/10.1093/jxb/4.2.197 [following]
--2017-01-29 13:12:42--  https://academic.oup.com/jxb/article-lookup/doi/10.1093/jxb/4.2.197
Connecting to academic.oup.com (academic.oup.com)|173.254.190.144|:443... connected.
HTTP request sent, awaiting response... 200 OK
Length: 76710 (75K) [text/html]
Saving to: ‘4.2.197’

     0K .......... .......... .......... .......... .......... 66%  209K 0s
    50K .......... .......... ....                            100% 13.0M=0.2s

2017-01-29 13:12:45 (311 KB/s) - ‘4.2.197’ saved [76710/76710]

--2017-01-29 13:12:46--  http://doi.org/10.1093/jxb/4.2.222
Connecting to doi.org (doi.org)|38.100.138.163|:80... connected.
HTTP request sent, awaiting response... 303 See Other
Location: https://academic.oup.com/jxb/article-lookup/doi/10.1093/jxb/4.2.222 [following]
--2017-01-29 13:12:48--  https://academic.oup.com/jxb/article-lookup/doi/10.1093/jxb/4.2.222
Connecting to academic.oup.com (academic.oup.com)|173.254.190.144|:443... connected.
HTTP request sent, awaiting response... 200 OK
Length: 71373 (70K) [text/html]
Saving to: ‘4.2.222’

     0K .......... .......... .......... .......... .......... 71%  209K 0s
    50K .......... .........                                  100% 15.5M=0.2s

2017-01-29 13:12:51 (290 KB/s) - ‘4.2.222’ saved [71373/71373]

FINISHED --2017-01-29 13:12:51--
Total wall clock time: 10m 50s
Downloaded: 100 files, 7.2M in 24s (304 KB/s)
