--2017-01-29 20:52:53--  http://doi.org/10.1093/nsr/nwt014
Resolving doi.org (doi.org)... 95.138.171.129, 38.100.138.163, 38.100.138.162, ...
Connecting to doi.org (doi.org)|95.138.171.129|:80... connected.
HTTP request sent, awaiting response... 303 See Other
Location: https://academic.oup.com/nsr/article-lookup/doi/10.1093/nsr/nwt014 [following]
--2017-01-29 20:52:54--  https://academic.oup.com/nsr/article-lookup/doi/10.1093/nsr/nwt014
Resolving academic.oup.com (academic.oup.com)... 173.254.190.144
Connecting to academic.oup.com (academic.oup.com)|173.254.190.144|:443... connected.
HTTP request sent, awaiting response... 200 OK
Length: 80006 (78K) [text/html]
Saving to: ‘nwt014’

     0K .......... .......... .......... .......... .......... 63%  209K 0s
    50K .......... .......... ........                        100% 11.3M=0.2s

2017-01-29 20:53:01 (323 KB/s) - ‘nwt014’ saved [80006/80006]

--2017-01-29 20:53:02--  http://doi.org/10.1093/nsr/nwt001
Connecting to doi.org (doi.org)|95.138.171.129|:80... connected.
HTTP request sent, awaiting response... 303 See Other
Location: https://academic.oup.com/nsr/article-lookup/doi/10.1093/nsr/nwt001 [following]
--2017-01-29 20:53:03--  https://academic.oup.com/nsr/article-lookup/doi/10.1093/nsr/nwt001
Connecting to academic.oup.com (academic.oup.com)|173.254.190.144|:443... connected.
HTTP request sent, awaiting response... 200 OK
Length: 455064 (444K) [text/html]
Saving to: ‘nwt001’

     0K .......... .......... .......... .......... .......... 11%  209K 2s
    50K .......... .......... .......... .......... .......... 22%  595K 1s
   100K .......... .......... .......... .......... .......... 33%  613K 1s
   150K .......... .......... .......... .......... .......... 45%  597K 1s
   200K .......... .......... .......... .......... .......... 56%  607K 0s
   250K .......... .......... .......... .......... .......... 67%  311K 0s
   300K .......... .......... .......... .......... .......... 78%  614K 0s
   350K .......... .......... .......... .......... .......... 90%  602K 0s
   400K .......... .......... .......... .......... ....      100%  550K=1.0s

2017-01-29 20:53:08 (455 KB/s) - ‘nwt001’ saved [455064/455064]

--2017-01-29 20:53:09--  http://doi.org/10.1093/nsr/nwt011
Connecting to doi.org (doi.org)|95.138.171.129|:80... connected.
HTTP request sent, awaiting response... 303 See Other
Location: https://academic.oup.com/nsr/article-lookup/doi/10.1093/nsr/nwt011 [following]
--2017-01-29 20:53:10--  https://academic.oup.com/nsr/article-lookup/doi/10.1093/nsr/nwt011
Connecting to academic.oup.com (academic.oup.com)|173.254.190.144|:443... connected.
HTTP request sent, awaiting response... 200 OK
Length: 83071 (81K) [text/html]
Saving to: ‘nwt011’

     0K .......... .......... .......... .......... .......... 61%  209K 0s
    50K .......... .......... .......... .                    100% 12.3M=0.2s

2017-01-29 20:53:13 (336 KB/s) - ‘nwt011’ saved [83071/83071]

--2017-01-29 20:53:14--  http://doi.org/10.1093/nsr/nwt007
Connecting to doi.org (doi.org)|95.138.171.129|:80... connected.
HTTP request sent, awaiting response... 303 See Other
Location: https://academic.oup.com/nsr/article-lookup/doi/10.1093/nsr/nwt007 [following]
--2017-01-29 20:53:16--  https://academic.oup.com/nsr/article-lookup/doi/10.1093/nsr/nwt007
Connecting to academic.oup.com (academic.oup.com)|173.254.190.144|:443... connected.
HTTP request sent, awaiting response... 200 OK
Length: 92882 (91K) [text/html]
Saving to: ‘nwt007’

     0K .......... .......... .......... .......... .......... 55%  209K 0s
    50K .......... .......... .......... ..........           100% 1000K=0.3s

2017-01-29 20:53:22 (324 KB/s) - ‘nwt007’ saved [92882/92882]

--2017-01-29 20:53:23--  http://doi.org/10.1093/nsr/nwt010
Connecting to doi.org (doi.org)|95.138.171.129|:80... connected.
HTTP request sent, awaiting response... 303 See Other
Location: https://academic.oup.com/nsr/article-lookup/doi/10.1093/nsr/nwt010 [following]
--2017-01-29 20:53:25--  https://academic.oup.com/nsr/article-lookup/doi/10.1093/nsr/nwt010
Connecting to academic.oup.com (academic.oup.com)|173.254.190.144|:443... connected.
HTTP request sent, awaiting response... 200 OK
Length: 88585 (87K) [text/html]
Saving to: ‘nwt010’

     0K .......... .......... .......... .......... .......... 57%  209K 0s
    50K .......... .......... .......... ......               100% 9.51M=0.2s

2017-01-29 20:53:29 (355 KB/s) - ‘nwt010’ saved [88585/88585]

--2017-01-29 20:53:30--  http://doi.org/10.1093/nsr/nwt015
Connecting to doi.org (doi.org)|95.138.171.129|:80... connected.
HTTP request sent, awaiting response... 303 See Other
Location: https://academic.oup.com/nsr/article-lookup/doi/10.1093/nsr/nwt015 [following]
--2017-01-29 20:53:31--  https://academic.oup.com/nsr/article-lookup/doi/10.1093/nsr/nwt015
Connecting to academic.oup.com (academic.oup.com)|173.254.190.144|:443... connected.
HTTP request sent, awaiting response... 200 OK
Length: 102735 (100K) [text/html]
Saving to: ‘nwt015’

     0K .......... .......... .......... .......... .......... 49%  208K 0s
    50K .......... .......... .......... .......... .......... 99%  611K 0s
   100K                                                       100%  624G=0.3s

2017-01-29 20:53:34 (311 KB/s) - ‘nwt015’ saved [102735/102735]

--2017-01-29 20:53:35--  http://doi.org/10.1093/nsr/nwt004
Connecting to doi.org (doi.org)|95.138.171.129|:80... connected.
HTTP request sent, awaiting response... 303 See Other
Location: https://academic.oup.com/nsr/article-lookup/doi/10.1093/nsr/nwt004 [following]
--2017-01-29 20:53:36--  https://academic.oup.com/nsr/article-lookup/doi/10.1093/nsr/nwt004
Connecting to academic.oup.com (academic.oup.com)|173.254.190.144|:443... connected.
HTTP request sent, awaiting response... 200 OK
Length: 800279 (782K) [text/html]
Saving to: ‘nwt004’

     0K .......... .......... .......... .......... ..........  6%  209K 3s
    50K .......... .......... .......... .......... .......... 12%  605K 2s
   100K .......... .......... .......... .......... .......... 19%  616K 2s
   150K .......... .......... .......... .......... .......... 25%  602K 1s
   200K .......... .......... .......... .......... .......... 31%  316K 1s
   250K .......... .......... .......... .......... .......... 38%  602K 1s
   300K .......... .......... .......... .......... .......... 44%  605K 1s
   350K .......... .......... .......... .......... .......... 51%  314K 1s
   400K .......... .......... .......... .......... .......... 57%  599K 1s
   450K .......... .......... .......... .......... .......... 63%  614K 1s
   500K .......... .......... .......... .......... .......... 70%  600K 1s
   550K .......... .......... .......... .......... .......... 76%  314K 0s
   600K .......... .......... .......... .......... .......... 83%  205K 0s
   650K .......... .......... .......... .......... .......... 89%  209K 0s
   700K .......... .......... .......... .......... .......... 95%  603K 0s
   750K .......... .......... .......... .                    100%  396K=2.0s

2017-01-29 20:53:42 (386 KB/s) - ‘nwt004’ saved [800279/800279]

--2017-01-29 20:53:43--  http://doi.org/10.1093/nsr/nwt003
Connecting to doi.org (doi.org)|95.138.171.129|:80... connected.
HTTP request sent, awaiting response... 303 See Other
Location: https://academic.oup.com/nsr/article-lookup/doi/10.1093/nsr/nwt003 [following]
--2017-01-29 20:53:44--  https://academic.oup.com/nsr/article-lookup/doi/10.1093/nsr/nwt003
Connecting to academic.oup.com (academic.oup.com)|173.254.190.144|:443... connected.
HTTP request sent, awaiting response... 200 OK
Length: 404338 (395K) [text/html]
Saving to: ‘nwt003’

     0K .......... .......... .......... .......... .......... 12%  209K 2s
    50K .......... .......... .......... .......... .......... 25%  612K 1s
   100K .......... .......... .......... .......... .......... 37%  598K 1s
   150K .......... .......... .......... .......... .......... 50%  607K 0s
   200K .......... .......... .......... .......... .......... 63%  314K 0s
   250K .......... .......... .......... .......... .......... 75%  602K 0s
   300K .......... .......... .......... .......... .......... 88%  606K 0s
   350K .......... .......... .......... .......... ....      100%  499K=0.9s

2017-01-29 20:53:49 (438 KB/s) - ‘nwt003’ saved [404338/404338]

--2017-01-29 20:53:50--  http://doi.org/10.1093/nsr/nwt016
Connecting to doi.org (doi.org)|95.138.171.129|:80... connected.
HTTP request sent, awaiting response... 303 See Other
Location: https://academic.oup.com/nsr/article-lookup/doi/10.1093/nsr/nwt016 [following]
--2017-01-29 20:53:52--  https://academic.oup.com/nsr/article-lookup/doi/10.1093/nsr/nwt016
Connecting to academic.oup.com (academic.oup.com)|173.254.190.144|:443... connected.
HTTP request sent, awaiting response... 200 OK
Length: 82445 (81K) [text/html]
Saving to: ‘nwt016’

     0K .......... .......... .......... .......... .......... 62%  209K 0s
    50K .......... .......... ..........                      100% 11.0M=0.2s

2017-01-29 20:53:56 (333 KB/s) - ‘nwt016’ saved [82445/82445]

--2017-01-29 20:53:57--  http://doi.org/10.1093/nsr/nwt006
Connecting to doi.org (doi.org)|95.138.171.129|:80... connected.
HTTP request sent, awaiting response... 303 See Other
Location: https://academic.oup.com/nsr/article-lookup/doi/10.1093/nsr/nwt006 [following]
--2017-01-29 20:53:58--  https://academic.oup.com/nsr/article-lookup/doi/10.1093/nsr/nwt006
Connecting to academic.oup.com (academic.oup.com)|173.254.190.144|:443... connected.
HTTP request sent, awaiting response... 200 OK
Length: 87421 (85K) [text/html]
Saving to: ‘nwt006’

     0K .......... .......... .......... .......... .......... 58%  209K 0s
    50K .......... .......... .......... .....                100% 10.6M=0.2s

2017-01-29 20:54:01 (352 KB/s) - ‘nwt006’ saved [87421/87421]

--2017-01-29 20:54:02--  http://doi.org/10.1093/nsr/nwt013
Connecting to doi.org (doi.org)|95.138.171.129|:80... connected.
HTTP request sent, awaiting response... 303 See Other
Location: https://academic.oup.com/nsr/article-lookup/doi/10.1093/nsr/nwt013 [following]
--2017-01-29 20:54:04--  https://academic.oup.com/nsr/article-lookup/doi/10.1093/nsr/nwt013
Connecting to academic.oup.com (academic.oup.com)|173.254.190.144|:443... connected.
HTTP request sent, awaiting response... 200 OK
Length: 95813 (94K) [text/html]
Saving to: ‘nwt013’

     0K .......... .......... .......... .......... .......... 53%  209K 0s
    50K .......... .......... .......... .......... ...       100%  544K=0.3s

2017-01-29 20:54:07 (293 KB/s) - ‘nwt013’ saved [95813/95813]

--2017-01-29 20:54:08--  http://doi.org/10.1093/nsr/nwt002
Connecting to doi.org (doi.org)|95.138.171.129|:80... connected.
HTTP request sent, awaiting response... 303 See Other
Location: https://academic.oup.com/nsr/article-lookup/doi/10.1093/nsr/nwt002 [following]
--2017-01-29 20:54:09--  https://academic.oup.com/nsr/article-lookup/doi/10.1093/nsr/nwt002
Connecting to academic.oup.com (academic.oup.com)|173.254.190.144|:443... connected.
HTTP request sent, awaiting response... 200 OK
Length: 605726 (592K) [text/html]
Saving to: ‘nwt002’

     0K .......... .......... .......... .......... ..........  8%  209K 3s
    50K .......... .......... .......... .......... .......... 16%  609K 2s
   100K .......... .......... .......... .......... .......... 25%  612K 1s
   150K .......... .......... .......... .......... .......... 33%  315K 1s
   200K .......... .......... .......... .......... .......... 42%  604K 1s
   250K .......... .......... .......... .......... .......... 50%  608K 1s
   300K .......... .......... .......... .......... .......... 59%  415K 1s
   350K .......... .......... .......... .......... .......... 67%  414K 0s
   400K .......... .......... .......... .......... .......... 76%  603K 0s
   450K .......... .......... .......... .......... .......... 84%  609K 0s
   500K .......... .......... .......... .......... .......... 92%  413K 0s
   550K .......... .......... .......... .......... .         100%  516K=1.3s

2017-01-29 20:54:15 (443 KB/s) - ‘nwt002’ saved [605726/605726]

--2017-01-29 20:54:16--  http://doi.org/10.1093/nsr/nwt012
Connecting to doi.org (doi.org)|95.138.171.129|:80... connected.
HTTP request sent, awaiting response... 303 See Other
Location: https://academic.oup.com/nsr/article-lookup/doi/10.1093/nsr/nwt012 [following]
--2017-01-29 20:54:17--  https://academic.oup.com/nsr/article-lookup/doi/10.1093/nsr/nwt012
Connecting to academic.oup.com (academic.oup.com)|173.254.190.144|:443... connected.
HTTP request sent, awaiting response... 200 OK
Length: 136417 (133K) [text/html]
Saving to: ‘nwt012’

     0K .......... .......... .......... .......... .......... 37%  209K 0s
    50K .......... .......... .......... .......... .......... 75%  595K 0s
   100K .......... .......... .......... ...                  100%  432K=0.4s

2017-01-29 20:54:22 (333 KB/s) - ‘nwt012’ saved [136417/136417]

--2017-01-29 20:54:23--  http://doi.org/10.1093/nsr/nwt005
Connecting to doi.org (doi.org)|95.138.171.129|:80... connected.
HTTP request sent, awaiting response... 303 See Other
Location: https://academic.oup.com/nsr/article-lookup/doi/10.1093/nsr/nwt005 [following]
--2017-01-29 20:54:24--  https://academic.oup.com/nsr/article-lookup/doi/10.1093/nsr/nwt005
Connecting to academic.oup.com (academic.oup.com)|173.254.190.144|:443... connected.
HTTP request sent, awaiting response... 200 OK
Length: 98175 (96K) [text/html]
Saving to: ‘nwt005’

     0K .......... .......... .......... .......... .......... 52%  209K 0s
    50K .......... .......... .......... .......... .....     100%  568K=0.3s

2017-01-29 20:54:29 (300 KB/s) - ‘nwt005’ saved [98175/98175]

--2017-01-29 20:54:30--  http://doi.org/10.1093/nsr/nwt017
Connecting to doi.org (doi.org)|95.138.171.129|:80... connected.
HTTP request sent, awaiting response... 303 See Other
Location: https://academic.oup.com/nsr/article-lookup/doi/10.1093/nsr/nwt017 [following]
--2017-01-29 20:54:31--  https://academic.oup.com/nsr/article-lookup/doi/10.1093/nsr/nwt017
Connecting to academic.oup.com (academic.oup.com)|173.254.190.144|:443... connected.
HTTP request sent, awaiting response... 200 OK
Length: 132799 (130K) [text/html]
Saving to: ‘nwt017’

     0K .......... .......... .......... .......... .......... 38%  208K 0s
    50K .......... .......... .......... .......... .......... 77%  608K 0s
   100K .......... .......... .........                       100%  374K=0.4s

2017-01-29 20:54:35 (322 KB/s) - ‘nwt017’ saved [132799/132799]

--2017-01-29 20:54:36--  http://doi.org/10.1093/nsr/nwt008
Connecting to doi.org (doi.org)|95.138.171.129|:80... connected.
HTTP request sent, awaiting response... 303 See Other
Location: https://academic.oup.com/nsr/article-lookup/doi/10.1093/nsr/nwt008 [following]
--2017-01-29 20:54:37--  https://academic.oup.com/nsr/article-lookup/doi/10.1093/nsr/nwt008
Connecting to academic.oup.com (academic.oup.com)|173.254.190.144|:443... connected.
HTTP request sent, awaiting response... 200 OK
Length: 80921 (79K) [text/html]
Saving to: ‘nwt008’

     0K .......... .......... .......... .......... .......... 63%  209K 0s
    50K .......... .......... .........                       100% 11.5M=0.2s

2017-01-29 20:54:41 (327 KB/s) - ‘nwt008’ saved [80921/80921]

--2017-01-29 20:54:42--  http://doi.org/10.1093/nsr/nwt018
Connecting to doi.org (doi.org)|95.138.171.129|:80... connected.
HTTP request sent, awaiting response... 303 See Other
Location: https://academic.oup.com/nsr/article-lookup/doi/10.1093/nsr/nwt018 [following]
--2017-01-29 20:54:43--  https://academic.oup.com/nsr/article-lookup/doi/10.1093/nsr/nwt018
Connecting to academic.oup.com (academic.oup.com)|173.254.190.144|:443... connected.
HTTP request sent, awaiting response... 200 OK
Length: 86604 (85K) [text/html]
Saving to: ‘nwt018’

     0K .......... .......... .......... .......... .......... 59%  209K 0s
    50K .......... .......... .......... ....                 100% 11.8M=0.2s

2017-01-29 20:54:47 (349 KB/s) - ‘nwt018’ saved [86604/86604]

--2017-01-29 20:54:48--  http://doi.org/10.1093/nsr/nwt021
Connecting to doi.org (doi.org)|95.138.171.129|:80... connected.
HTTP request sent, awaiting response... 303 See Other
Location: https://academic.oup.com/nsr/article-lookup/doi/10.1093/nsr/nwt021 [following]
--2017-01-29 20:54:49--  https://academic.oup.com/nsr/article-lookup/doi/10.1093/nsr/nwt021
Connecting to academic.oup.com (academic.oup.com)|173.254.190.144|:443... connected.
HTTP request sent, awaiting response... 200 OK
Length: 125321 (122K) [text/html]
Saving to: ‘nwt021’

     0K .......... .......... .......... .......... .......... 40%  209K 0s
    50K .......... .......... .......... .......... .......... 81%  584K 0s
   100K .......... .......... ..                              100% 15.3M=0.3s

2017-01-29 20:54:53 (376 KB/s) - ‘nwt021’ saved [125321/125321]

--2017-01-29 20:54:54--  http://doi.org/10.1093/nsr/nwt022
Connecting to doi.org (doi.org)|95.138.171.129|:80... connected.
HTTP request sent, awaiting response... 303 See Other
Location: https://academic.oup.com/nsr/article-lookup/doi/10.1093/nsr/nwt022 [following]
--2017-01-29 20:54:55--  https://academic.oup.com/nsr/article-lookup/doi/10.1093/nsr/nwt022
Connecting to academic.oup.com (academic.oup.com)|173.254.190.144|:443... connected.
HTTP request sent, awaiting response... 200 OK
Length: 78856 (77K) [text/html]
Saving to: ‘nwt022’

     0K .......... .......... .......... .......... .......... 64%  209K 0s
    50K .......... .......... .......                         100% 14.5M=0.2s

2017-01-29 20:54:59 (319 KB/s) - ‘nwt022’ saved [78856/78856]

--2017-01-29 20:55:00--  http://doi.org/10.1093/nsr/nwt027
Connecting to doi.org (doi.org)|95.138.171.129|:80... connected.
HTTP request sent, awaiting response... 303 See Other
Location: https://academic.oup.com/nsr/article-lookup/doi/10.1093/nsr/nwt027 [following]
--2017-01-29 20:55:01--  https://academic.oup.com/nsr/article-lookup/doi/10.1093/nsr/nwt027
Connecting to academic.oup.com (academic.oup.com)|173.254.190.144|:443... connected.
HTTP request sent, awaiting response... 200 OK
Length: 75728 (74K) [text/html]
Saving to: ‘nwt027’

     0K .......... .......... .......... .......... .......... 67%  251K 0s
    50K .......... .......... ...                             100%  569K=0.2s

2017-01-29 20:55:05 (306 KB/s) - ‘nwt027’ saved [75728/75728]

--2017-01-29 20:55:06--  http://doi.org/10.1093/nsr/nwt026
Connecting to doi.org (doi.org)|95.138.171.129|:80... connected.
HTTP request sent, awaiting response... 303 See Other
Location: https://academic.oup.com/nsr/article-lookup/doi/10.1093/nsr/nwt026 [following]
--2017-01-29 20:55:07--  https://academic.oup.com/nsr/article-lookup/doi/10.1093/nsr/nwt026
Connecting to academic.oup.com (academic.oup.com)|173.254.190.144|:443... connected.
HTTP request sent, awaiting response... 200 OK
Length: 111271 (109K) [text/html]
Saving to: ‘nwt026’

     0K .......... .......... .......... .......... .......... 46%  334K 0s
    50K .......... .......... .......... .......... .......... 92%  608K 0s
   100K ........                                              100% 23.5M=0.2s

2017-01-29 20:55:12 (468 KB/s) - ‘nwt026’ saved [111271/111271]

--2017-01-29 20:55:13--  http://doi.org/10.1093/nsr/nwt030
Connecting to doi.org (doi.org)|95.138.171.129|:80... connected.
HTTP request sent, awaiting response... 303 See Other
Location: https://academic.oup.com/nsr/article-lookup/doi/10.1093/nsr/nwt030 [following]
--2017-01-29 20:55:14--  https://academic.oup.com/nsr/article-lookup/doi/10.1093/nsr/nwt030
Connecting to academic.oup.com (academic.oup.com)|173.254.190.144|:443... connected.
HTTP request sent, awaiting response... 200 OK
Length: 103229 (101K) [text/html]
Saving to: ‘nwt030’

     0K .......... .......... .......... .......... .......... 49%  208K 0s
    50K .......... .......... .......... .......... .......... 99%  604K 0s
   100K                                                       100% 1544G=0.3s

2017-01-29 20:55:18 (312 KB/s) - ‘nwt030’ saved [103229/103229]

--2017-01-29 20:55:19--  http://doi.org/10.1093/nsr/nwt023
Connecting to doi.org (doi.org)|95.138.171.129|:80... connected.
HTTP request sent, awaiting response... 303 See Other
Location: https://academic.oup.com/nsr/article-lookup/doi/10.1093/nsr/nwt023 [following]
--2017-01-29 20:55:20--  https://academic.oup.com/nsr/article-lookup/doi/10.1093/nsr/nwt023
Connecting to academic.oup.com (academic.oup.com)|173.254.190.144|:443... connected.
HTTP request sent, awaiting response... 200 OK
Length: 85911 (84K) [text/html]
Saving to: ‘nwt023’

     0K .......... .......... .......... .......... .......... 59%  210K 0s
    50K .......... .......... .......... ...                  100% 10.0M=0.2s

2017-01-29 20:55:24 (347 KB/s) - ‘nwt023’ saved [85911/85911]

--2017-01-29 20:55:25--  http://doi.org/10.1093/nsr/nwt024
Connecting to doi.org (doi.org)|95.138.171.129|:80... connected.
HTTP request sent, awaiting response... 303 See Other
Location: https://academic.oup.com/nsr/article-lookup/doi/10.1093/nsr/nwt024 [following]
--2017-01-29 20:55:26--  https://academic.oup.com/nsr/article-lookup/doi/10.1093/nsr/nwt024
Connecting to academic.oup.com (academic.oup.com)|173.254.190.144|:443... connected.
HTTP request sent, awaiting response... 200 OK
Length: 271631 (265K) [text/html]
Saving to: ‘nwt024’

     0K .......... .......... .......... .......... .......... 18%  208K 1s
    50K .......... .......... .......... .......... .......... 37%  575K 1s
   100K .......... .......... .......... .......... .......... 56%  609K 0s
   150K .......... .......... .......... .......... .......... 75%  603K 0s
   200K .......... .......... .......... .......... .......... 94%  313K 0s
   250K .......... .....                                      100% 29.5M=0.7s

2017-01-29 20:55:31 (407 KB/s) - ‘nwt024’ saved [271631/271631]

--2017-01-29 20:55:32--  http://doi.org/10.1093/nsr/nwt033
Connecting to doi.org (doi.org)|95.138.171.129|:80... connected.
HTTP request sent, awaiting response... 303 See Other
Location: https://academic.oup.com/nsr/article-lookup/doi/10.1093/nsr/nwt033 [following]
--2017-01-29 20:55:33--  https://academic.oup.com/nsr/article-lookup/doi/10.1093/nsr/nwt033
Connecting to academic.oup.com (academic.oup.com)|173.254.190.144|:443... connected.
HTTP request sent, awaiting response... 200 OK
Length: 341282 (333K) [text/html]
Saving to: ‘nwt033’

     0K .......... .......... .......... .......... .......... 15%  309K 1s
    50K .......... .......... .......... .......... .......... 30%  313K 1s
   100K .......... .......... .......... .......... .......... 45%  612K 0s
   150K .......... .......... .......... .......... .......... 60%  607K 0s
   200K .......... .......... .......... .......... .......... 75%  310K 0s
   250K .......... .......... .......... .......... .......... 90%  608K 0s
   300K .......... .......... .......... ...                  100%  417K=0.8s

2017-01-29 20:55:40 (412 KB/s) - ‘nwt033’ saved [341282/341282]

--2017-01-29 20:55:41--  http://doi.org/10.1093/nsr/nwt028
Connecting to doi.org (doi.org)|95.138.171.129|:80... connected.
HTTP request sent, awaiting response... 303 See Other
Location: http://nsr.oxfordjournals.org/cgi/doi/10.1093/nsr/nwt028 [following]
--2017-01-29 20:55:42--  http://nsr.oxfordjournals.org/cgi/doi/10.1093/nsr/nwt028
Resolving nsr.oxfordjournals.org (nsr.oxfordjournals.org)... 209.135.222.209
Connecting to nsr.oxfordjournals.org (nsr.oxfordjournals.org)|209.135.222.209|:80... connected.
HTTP request sent, awaiting response... 301 Moved Permanently
Cookie coming from nsr.oxfordjournals.org attempted to set domain to academic.oup.com
Location: https://academic.oup.com/nsr/article/1/1/119/2937024/Long-term-cycles-in-the-carbon-reservoir-of-the [following]
--2017-01-29 20:55:44--  https://academic.oup.com/nsr/article/1/1/119/2937024/Long-term-cycles-in-the-carbon-reservoir-of-the
Connecting to academic.oup.com (academic.oup.com)|173.254.190.144|:443... connected.
HTTP request sent, awaiting response... 200 OK
Length: 648404 (633K) [text/html]
Saving to: ‘nwt028’

     0K .......... .......... .......... .......... ..........  7%  208K 3s
    50K .......... .......... .......... .......... .......... 15%  590K 2s
   100K .......... .......... .......... .......... .......... 23%  591K 1s
   150K .......... .......... .......... .......... .......... 31%  609K 1s
   200K .......... .......... .......... .......... .......... 39%  311K 1s
   250K .......... .......... .......... .......... .......... 47%  602K 1s
   300K .......... .......... .......... .......... .......... 55%  586K 1s
   350K .......... .......... .......... .......... .......... 63%  320K 1s
   400K .......... .......... .......... .......... .......... 71%  593K 0s
   450K .......... .......... .......... .......... .......... 78%  596K 0s
   500K .......... .......... .......... .......... .......... 86%  319K 0s
   550K .......... .......... .......... .......... .......... 94%  573K 0s
   600K .......... .......... .......... ...                  100%  445K=1.5s

2017-01-29 20:55:51 (433 KB/s) - ‘nwt028’ saved [648404/648404]

--2017-01-29 20:55:52--  http://doi.org/10.1093/nsr/nwt029
Connecting to doi.org (doi.org)|95.138.171.129|:80... connected.
HTTP request sent, awaiting response... 303 See Other
Location: https://academic.oup.com/nsr/article-lookup/doi/10.1093/nsr/nwt029 [following]
--2017-01-29 20:55:53--  https://academic.oup.com/nsr/article-lookup/doi/10.1093/nsr/nwt029
Connecting to academic.oup.com (academic.oup.com)|173.254.190.144|:443... connected.
HTTP request sent, awaiting response... 200 OK
Length: 289566 (283K) [text/html]
Saving to: ‘nwt029’

     0K .......... .......... .......... .......... .......... 17%  209K 1s
    50K .......... .......... .......... .......... .......... 35%  604K 1s
   100K .......... .......... .......... .......... .......... 53%  614K 0s
   150K .......... .......... .......... .......... .......... 70%  607K 0s
   200K .......... .......... .......... .......... .......... 88%  312K 0s
   250K .......... .......... .......... ..                   100%  421K=0.7s

2017-01-29 20:55:59 (391 KB/s) - ‘nwt029’ saved [289566/289566]

--2017-01-29 20:56:00--  http://doi.org/10.1093/nsr/nwt019
Connecting to doi.org (doi.org)|95.138.171.129|:80... connected.
HTTP request sent, awaiting response... 303 See Other
Location: https://academic.oup.com/nsr/article-lookup/doi/10.1093/nsr/nwt019 [following]
--2017-01-29 20:56:01--  https://academic.oup.com/nsr/article-lookup/doi/10.1093/nsr/nwt019
Connecting to academic.oup.com (academic.oup.com)|173.254.190.144|:443... connected.
HTTP request sent, awaiting response... 200 OK
Length: 98923 (97K) [text/html]
Saving to: ‘nwt019’

     0K .......... .......... .......... .......... .......... 51%  209K 0s
    50K .......... .......... .......... .......... ......    100%  576K=0.3s

2017-01-29 20:56:04 (302 KB/s) - ‘nwt019’ saved [98923/98923]

--2017-01-29 20:56:05--  http://doi.org/10.1093/nsr/nwt020
Connecting to doi.org (doi.org)|95.138.171.129|:80... connected.
HTTP request sent, awaiting response... 303 See Other
Location: https://academic.oup.com/nsr/article-lookup/doi/10.1093/nsr/nwt020 [following]
--2017-01-29 20:56:06--  https://academic.oup.com/nsr/article-lookup/doi/10.1093/nsr/nwt020
Connecting to academic.oup.com (academic.oup.com)|173.254.190.144|:443... connected.
HTTP request sent, awaiting response... 200 OK
Length: 118054 (115K) [text/html]
Saving to: ‘nwt020’

     0K .......... .......... .......... .......... .......... 43%  209K 0s
    50K .......... .......... .......... .......... .......... 86%  611K 0s
   100K .......... .....                                      100% 11.0M=0.3s

2017-01-29 20:56:09 (358 KB/s) - ‘nwt020’ saved [118054/118054]

--2017-01-29 20:56:10--  http://doi.org/10.1093/nsr/nwt031
Connecting to doi.org (doi.org)|95.138.171.129|:80... connected.
HTTP request sent, awaiting response... 303 See Other
Location: https://academic.oup.com/nsr/article-lookup/doi/10.1093/nsr/nwt031 [following]
--2017-01-29 20:56:11--  https://academic.oup.com/nsr/article-lookup/doi/10.1093/nsr/nwt031
Connecting to academic.oup.com (academic.oup.com)|173.254.190.144|:443... connected.
HTTP request sent, awaiting response... 200 OK
Length: 113092 (110K) [text/html]
Saving to: ‘nwt031’

     0K .......... .......... .......... .......... .......... 45%  209K 0s
    50K .......... .......... .......... .......... .......... 90%  611K 0s
   100K ..........                                            100% 9.21M=0.3s

2017-01-29 20:56:15 (342 KB/s) - ‘nwt031’ saved [113092/113092]

--2017-01-29 20:56:16--  http://doi.org/10.1093/nsr/nwt038
Connecting to doi.org (doi.org)|95.138.171.129|:80... connected.
HTTP request sent, awaiting response... 303 See Other
Location: https://academic.oup.com/nsr/article-lookup/doi/10.1093/nsr/nwt038 [following]
--2017-01-29 20:56:17--  https://academic.oup.com/nsr/article-lookup/doi/10.1093/nsr/nwt038
Connecting to academic.oup.com (academic.oup.com)|173.254.190.144|:443... connected.
HTTP request sent, awaiting response... 200 OK
Length: 71364 (70K) [text/html]
Saving to: ‘nwt038’

     0K .......... .......... .......... .......... .......... 71%  208K 0s
    50K .......... .........                                  100% 15.5M=0.2s

2017-01-29 20:56:20 (289 KB/s) - ‘nwt038’ saved [71364/71364]

--2017-01-29 20:56:21--  http://doi.org/10.1093/nsr/nwt036
Connecting to doi.org (doi.org)|95.138.171.129|:80... connected.
HTTP request sent, awaiting response... 303 See Other
Location: https://academic.oup.com/nsr/article-lookup/doi/10.1093/nsr/nwt036 [following]
--2017-01-29 20:56:22--  https://academic.oup.com/nsr/article-lookup/doi/10.1093/nsr/nwt036
Connecting to academic.oup.com (academic.oup.com)|173.254.190.144|:443... connected.
HTTP request sent, awaiting response... 200 OK
Length: 122381 (120K) [text/html]
Saving to: ‘nwt036’

     0K .......... .......... .......... .......... .......... 41%  209K 0s
    50K .......... .......... .......... .......... .......... 83%  598K 0s
   100K .......... .........                                  100% 22.2M=0.3s

2017-01-29 20:56:25 (369 KB/s) - ‘nwt036’ saved [122381/122381]

--2017-01-29 20:56:26--  http://doi.org/10.1093/nsr/nwt034
Connecting to doi.org (doi.org)|95.138.171.129|:80... connected.
HTTP request sent, awaiting response... 303 See Other
Location: https://academic.oup.com/nsr/article-lookup/doi/10.1093/nsr/nwt034 [following]
--2017-01-29 20:56:27--  https://academic.oup.com/nsr/article-lookup/doi/10.1093/nsr/nwt034
Connecting to academic.oup.com (academic.oup.com)|173.254.190.144|:443... connected.
HTTP request sent, awaiting response... 200 OK
Length: 89684 (88K) [text/html]
Saving to: ‘nwt034’

     0K .......... .......... .......... .......... .......... 57%  209K 0s
    50K .......... .......... .......... .......              100% 9.61M=0.2s

2017-01-29 20:56:31 (360 KB/s) - ‘nwt034’ saved [89684/89684]

--2017-01-29 20:56:32--  http://doi.org/10.1093/nsr/nwt025
Connecting to doi.org (doi.org)|95.138.171.129|:80... connected.
HTTP request sent, awaiting response... 303 See Other
Location: https://academic.oup.com/nsr/article-lookup/doi/10.1093/nsr/nwt025 [following]
--2017-01-29 20:56:33--  https://academic.oup.com/nsr/article-lookup/doi/10.1093/nsr/nwt025
Connecting to academic.oup.com (academic.oup.com)|173.254.190.144|:443... connected.
HTTP request sent, awaiting response... 200 OK
Length: 547215 (534K) [text/html]
Saving to: ‘nwt025’

     0K .......... .......... .......... .......... ..........  9%  209K 2s
    50K .......... .......... .......... .......... .......... 18%  611K 1s
   100K .......... .......... .......... .......... .......... 28%  603K 1s
   150K .......... .......... .......... .......... .......... 37%  314K 1s
   200K .......... .......... .......... .......... .......... 46%  603K 1s
   250K .......... .......... .......... .......... .......... 56%  596K 1s
   300K .......... .......... .......... .......... .......... 65%  606K 0s
   350K .......... .......... .......... .......... .......... 74%  312K 0s
   400K .......... .......... .......... .......... .......... 84%  606K 0s
   450K .......... .......... .......... .......... .......... 93%  607K 0s
   500K .......... .......... .......... ....                 100%  430K=1.2s

2017-01-29 20:56:38 (439 KB/s) - ‘nwt025’ saved [547215/547215]

--2017-01-29 20:56:39--  http://doi.org/10.1093/nsr/nwt037
Connecting to doi.org (doi.org)|95.138.171.129|:80... connected.
HTTP request sent, awaiting response... 303 See Other
Location: https://academic.oup.com/nsr/article-lookup/doi/10.1093/nsr/nwt037 [following]
--2017-01-29 20:56:41--  https://academic.oup.com/nsr/article-lookup/doi/10.1093/nsr/nwt037
Connecting to academic.oup.com (academic.oup.com)|173.254.190.144|:443... connected.
HTTP request sent, awaiting response... 200 OK
Length: 72672 (71K) [text/html]
Saving to: ‘nwt037’

     0K .......... .......... .......... .......... .......... 70%  208K 0s
    50K .......... ..........                                 100% 14.8M=0.2s

2017-01-29 20:56:43 (294 KB/s) - ‘nwt037’ saved [72672/72672]

--2017-01-29 20:56:44--  http://doi.org/10.1093/nsr/nwt032
Connecting to doi.org (doi.org)|95.138.171.129|:80... connected.
HTTP request sent, awaiting response... 303 See Other
Location: https://academic.oup.com/nsr/article-lookup/doi/10.1093/nsr/nwt032 [following]
--2017-01-29 20:56:45--  https://academic.oup.com/nsr/article-lookup/doi/10.1093/nsr/nwt032
Connecting to academic.oup.com (academic.oup.com)|173.254.190.144|:443... connected.
HTTP request sent, awaiting response... 200 OK
Length: 468500 (458K) [text/html]
Saving to: ‘nwt032’

     0K .......... .......... .......... .......... .......... 10%  208K 2s
    50K .......... .......... .......... .......... .......... 21%  586K 1s
   100K .......... .......... .......... .......... .......... 32%  610K 1s
   150K .......... .......... .......... .......... .......... 43%  429K 1s
   200K .......... .......... .......... .......... .......... 54%  401K 1s
   250K .......... .......... .......... .......... .......... 65%  594K 0s
   300K .......... .......... .......... .......... .......... 76%  604K 0s
   350K .......... .......... .......... .......... .......... 87%  316K 0s
   400K .......... .......... .......... .......... .......... 98%  589K 0s
   450K .......                                               100% 43.5M=1.1s

2017-01-29 20:56:50 (432 KB/s) - ‘nwt032’ saved [468500/468500]

--2017-01-29 20:56:51--  http://doi.org/10.1093/nsr/nwt039
Connecting to doi.org (doi.org)|95.138.171.129|:80... connected.
HTTP request sent, awaiting response... 303 See Other
Location: https://academic.oup.com/nsr/article-lookup/doi/10.1093/nsr/nwt039 [following]
--2017-01-29 20:56:52--  https://academic.oup.com/nsr/article-lookup/doi/10.1093/nsr/nwt039
Connecting to academic.oup.com (academic.oup.com)|173.254.190.144|:443... connected.
HTTP request sent, awaiting response... 200 OK
Length: 96206 (94K) [text/html]
Saving to: ‘nwt039’

     0K .......... .......... .......... .......... .......... 53%  209K 0s
    50K .......... .......... .......... .......... ...       100%  550K=0.3s

2017-01-29 20:56:55 (294 KB/s) - ‘nwt039’ saved [96206/96206]

--2017-01-29 20:56:56--  http://doi.org/10.1093/nsr/nwt040
Connecting to doi.org (doi.org)|95.138.171.129|:80... connected.
HTTP request sent, awaiting response... 303 See Other
Location: https://academic.oup.com/nsr/article-lookup/doi/10.1093/nsr/nwt040 [following]
--2017-01-29 20:56:57--  https://academic.oup.com/nsr/article-lookup/doi/10.1093/nsr/nwt040
Connecting to academic.oup.com (academic.oup.com)|173.254.190.144|:443... connected.
HTTP request sent, awaiting response... 200 OK
Length: 139091 (136K) [text/html]
Saving to: ‘nwt040’

     0K .......... .......... .......... .......... .......... 36%  209K 0s
    50K .......... .......... .......... .......... .......... 73%  607K 0s
   100K .......... .......... .......... .....                100%  457K=0.4s

2017-01-29 20:57:00 (339 KB/s) - ‘nwt040’ saved [139091/139091]

--2017-01-29 20:57:01--  http://doi.org/10.1093/nsr/nwu001
Connecting to doi.org (doi.org)|95.138.171.129|:80... connected.
HTTP request sent, awaiting response... 303 See Other
Location: https://academic.oup.com/nsr/article-lookup/doi/10.1093/nsr/nwu001 [following]
--2017-01-29 20:57:02--  https://academic.oup.com/nsr/article-lookup/doi/10.1093/nsr/nwu001
Connecting to academic.oup.com (academic.oup.com)|173.254.190.144|:443... connected.
HTTP request sent, awaiting response... 200 OK
Length: 586876 (573K) [text/html]
Saving to: ‘nwu001’

     0K .......... .......... .......... .......... ..........  8%  309K 2s
    50K .......... .......... .......... .......... .......... 17%  314K 2s
   100K .......... .......... .......... .......... .......... 26%  607K 1s
   150K .......... .......... .......... .......... .......... 34%  317K 1s
   200K .......... .......... .......... .......... .......... 43%  596K 1s
   250K .......... .......... .......... .......... .......... 52%  570K 1s
   300K .......... .......... .......... .......... .......... 61%  595K 1s
   350K .......... .......... .......... .......... .......... 69%  326K 0s
   400K .......... .......... .......... .......... .......... 78%  575K 0s
   450K .......... .......... .......... .......... .......... 87%  608K 0s
   500K .......... .......... .......... .......... .......... 95%  606K 0s
   550K .......... .......... ...                             100%  290K=1.3s

2017-01-29 20:57:07 (440 KB/s) - ‘nwu001’ saved [586876/586876]

--2017-01-29 20:57:08--  http://doi.org/10.1093/nsr/nwu004
Connecting to doi.org (doi.org)|95.138.171.129|:80... connected.
HTTP request sent, awaiting response... 303 See Other
Location: http://nsr.oxfordjournals.org/cgi/doi/10.1093/nsr/nwu004 [following]
--2017-01-29 20:57:09--  http://nsr.oxfordjournals.org/cgi/doi/10.1093/nsr/nwu004
Connecting to nsr.oxfordjournals.org (nsr.oxfordjournals.org)|209.135.222.209|:80... connected.
HTTP request sent, awaiting response... 301 Moved Permanently
Cookie coming from nsr.oxfordjournals.org attempted to set domain to academic.oup.com
Location: https://academic.oup.com/nsr/article/1/2/184/2913021/The-globalization-of-messenger-RNA-regulation [following]
--2017-01-29 20:57:11--  https://academic.oup.com/nsr/article/1/2/184/2913021/The-globalization-of-messenger-RNA-regulation
Connecting to academic.oup.com (academic.oup.com)|173.254.190.144|:443... connected.
HTTP request sent, awaiting response... 200 OK
Length: 111864 (109K) [text/html]
Saving to: ‘nwu004’

     0K .......... .......... .......... .......... .......... 45%  309K 0s
    50K .......... .......... .......... .......... .......... 91%  208K 0s
   100K .........                                             100% 33.5M=0.4s

2017-01-29 20:57:15 (272 KB/s) - ‘nwu004’ saved [111864/111864]

--2017-01-29 20:57:16--  http://doi.org/10.1093/nsr/nwu005
Connecting to doi.org (doi.org)|95.138.171.129|:80... connected.
HTTP request sent, awaiting response... 303 See Other
Location: http://nsr.oxfordjournals.org/cgi/doi/10.1093/nsr/nwu005 [following]
--2017-01-29 20:57:17--  http://nsr.oxfordjournals.org/cgi/doi/10.1093/nsr/nwu005
Connecting to nsr.oxfordjournals.org (nsr.oxfordjournals.org)|209.135.222.209|:80... connected.
HTTP request sent, awaiting response... 301 Moved Permanently
Cookie coming from nsr.oxfordjournals.org attempted to set domain to academic.oup.com
Location: https://academic.oup.com/nsr/article/1/2/176/2913022/Integrated-assessment-of-air-quality-and-climate [following]
--2017-01-29 20:57:18--  https://academic.oup.com/nsr/article/1/2/176/2913022/Integrated-assessment-of-air-quality-and-climate
Connecting to academic.oup.com (academic.oup.com)|173.254.190.144|:443... connected.
HTTP request sent, awaiting response... 200 OK
Length: 113217 (111K) [text/html]
Saving to: ‘nwu005’

     0K .......... .......... .......... .......... .......... 45%  209K 0s
    50K .......... .......... .......... .......... .......... 90%  611K 0s
   100K ..........                                            100% 11.6M=0.3s

2017-01-29 20:57:23 (343 KB/s) - ‘nwu005’ saved [113217/113217]

--2017-01-29 20:57:24--  http://doi.org/10.1093/nsr/nwu006
Connecting to doi.org (doi.org)|95.138.171.129|:80... connected.
HTTP request sent, awaiting response... 303 See Other
Location: http://nsr.oxfordjournals.org/cgi/doi/10.1093/nsr/nwu006 [following]
--2017-01-29 20:57:25--  http://nsr.oxfordjournals.org/cgi/doi/10.1093/nsr/nwu006
Connecting to nsr.oxfordjournals.org (nsr.oxfordjournals.org)|209.135.222.209|:80... connected.
HTTP request sent, awaiting response... 301 Moved Permanently
Cookie coming from nsr.oxfordjournals.org attempted to set domain to academic.oup.com
Location: https://academic.oup.com/nsr/article/1/2/186/2913024/Non-coding-RNAs-as-potent-tools-for-crop [following]
--2017-01-29 20:57:26--  https://academic.oup.com/nsr/article/1/2/186/2913024/Non-coding-RNAs-as-potent-tools-for-crop
Connecting to academic.oup.com (academic.oup.com)|173.254.190.144|:443... connected.
HTTP request sent, awaiting response... 200 OK
Length: 151993 (148K) [text/html]
Saving to: ‘nwu006’

     0K .......... .......... .......... .......... .......... 33%  209K 0s
    50K .......... .......... .......... .......... .......... 67%  607K 0s
   100K .......... .......... .......... .......... ........  100%  593K=0.4s

2017-01-29 20:57:30 (368 KB/s) - ‘nwu006’ saved [151993/151993]

--2017-01-29 20:57:31--  http://doi.org/10.1093/nsr/nwu009
Connecting to doi.org (doi.org)|95.138.171.129|:80... connected.
HTTP request sent, awaiting response... 303 See Other
Location: http://nsr.oxfordjournals.org/cgi/doi/10.1093/nsr/nwu009 [following]
--2017-01-29 20:57:32--  http://nsr.oxfordjournals.org/cgi/doi/10.1093/nsr/nwu009
Connecting to nsr.oxfordjournals.org (nsr.oxfordjournals.org)|209.135.222.209|:80... connected.
HTTP request sent, awaiting response... 301 Moved Permanently
Cookie coming from nsr.oxfordjournals.org attempted to set domain to academic.oup.com
Location: https://academic.oup.com/nsr/article/1/2/165/2913345/Scientific-communication-competition-and [following]
--2017-01-29 20:57:33--  https://academic.oup.com/nsr/article/1/2/165/2913345/Scientific-communication-competition-and
Connecting to academic.oup.com (academic.oup.com)|173.254.190.144|:443... connected.
HTTP request sent, awaiting response... 200 OK
Length: 86991 (85K) [text/html]
Saving to: ‘nwu009’

     0K .......... .......... .......... .......... .......... 58%  309K 0s
    50K .......... .......... .......... ....                 100%  429K=0.2s

2017-01-29 20:57:39 (349 KB/s) - ‘nwu009’ saved [86991/86991]

--2017-01-29 20:57:40--  http://doi.org/10.1093/nsr/nwu008
Connecting to doi.org (doi.org)|95.138.171.129|:80... connected.
HTTP request sent, awaiting response... 303 See Other
Location: http://nsr.oxfordjournals.org/cgi/doi/10.1093/nsr/nwu008 [following]
--2017-01-29 20:57:41--  http://nsr.oxfordjournals.org/cgi/doi/10.1093/nsr/nwu008
Connecting to nsr.oxfordjournals.org (nsr.oxfordjournals.org)|209.135.222.209|:80... connected.
HTTP request sent, awaiting response... 301 Moved Permanently
Cookie coming from nsr.oxfordjournals.org attempted to set domain to academic.oup.com
Location: https://academic.oup.com/nsr/article/1/2/190/2913036/Non-coding-RNA-a-new-frontier-in-regulatory [following]
--2017-01-29 20:57:42--  https://academic.oup.com/nsr/article/1/2/190/2913036/Non-coding-RNA-a-new-frontier-in-regulatory
Connecting to academic.oup.com (academic.oup.com)|173.254.190.144|:443... connected.
HTTP request sent, awaiting response... 200 OK
Length: 577592 (564K) [text/html]
Saving to: ‘nwu008’

     0K .......... .......... .......... .......... ..........  8%  208K 2s
    50K .......... .......... .......... .......... .......... 17%  603K 2s
   100K .......... .......... .......... .......... .......... 26%  603K 1s
   150K .......... .......... .......... .......... .......... 35%  433K 1s
   200K .......... .......... .......... .......... .......... 44%  389K 1s
   250K .......... .......... .......... .......... .......... 53%  603K 1s
   300K .......... .......... .......... .......... .......... 62%  604K 0s
   350K .......... .......... .......... .......... .......... 70%  607K 0s
   400K .......... .......... .......... .......... .......... 79%  316K 0s
   450K .......... .......... .......... .......... .......... 88%  597K 0s
   500K .......... .......... .......... .......... .......... 97%  597K 0s
   550K .......... ....                                       100% 11.4M=1.2s

2017-01-29 20:57:47 (460 KB/s) - ‘nwu008’ saved [577592/577592]

--2017-01-29 20:57:48--  http://doi.org/10.1093/nsr/nwu003
Connecting to doi.org (doi.org)|95.138.171.129|:80... connected.
HTTP request sent, awaiting response... 303 See Other
Location: http://nsr.oxfordjournals.org/cgi/doi/10.1093/nsr/nwu003 [following]
--2017-01-29 20:57:49--  http://nsr.oxfordjournals.org/cgi/doi/10.1093/nsr/nwu003
Connecting to nsr.oxfordjournals.org (nsr.oxfordjournals.org)|209.135.222.209|:80... connected.
HTTP request sent, awaiting response... 301 Moved Permanently
Cookie coming from nsr.oxfordjournals.org attempted to set domain to academic.oup.com
Location: https://academic.oup.com/nsr/article/1/2/219/2913020/Non-coding-RNAs-and-DNA-methylation-in-plants [following]
--2017-01-29 20:57:50--  https://academic.oup.com/nsr/article/1/2/219/2913020/Non-coding-RNAs-and-DNA-methylation-in-plants
Connecting to academic.oup.com (academic.oup.com)|173.254.190.144|:443... connected.
HTTP request sent, awaiting response... 200 OK
Length: 385014 (376K) [text/html]
Saving to: ‘nwu003’

     0K .......... .......... .......... .......... .......... 13%  308K 1s
    50K .......... .......... .......... .......... .......... 26%  308K 1s
   100K .......... .......... .......... .......... .......... 39%  603K 1s
   150K .......... .......... .......... .......... .......... 53%  608K 0s
   200K .......... .......... .......... .......... .......... 66%  313K 0s
   250K .......... .......... .......... .......... .......... 79%  603K 0s
   300K .......... .......... .......... .......... .......... 93%  612K 0s
   350K .......... .......... .....                           100%  327K=0.9s

2017-01-29 20:57:55 (421 KB/s) - ‘nwu003’ saved [385014/385014]

--2017-01-29 20:57:56--  http://doi.org/10.1093/nsr/nwu011
Connecting to doi.org (doi.org)|95.138.171.129|:80... connected.
HTTP request sent, awaiting response... 303 See Other
Location: http://nsr.oxfordjournals.org/cgi/doi/10.1093/nsr/nwu011 [following]
--2017-01-29 20:57:58--  http://nsr.oxfordjournals.org/cgi/doi/10.1093/nsr/nwu011
Connecting to nsr.oxfordjournals.org (nsr.oxfordjournals.org)|209.135.222.209|:80... connected.
HTTP request sent, awaiting response... 301 Moved Permanently
Cookie coming from nsr.oxfordjournals.org attempted to set domain to academic.oup.com
Location: https://academic.oup.com/nsr/article/1/2/183/2913353/Innovative-new-methods-have-revealed-the [following]
--2017-01-29 20:57:59--  https://academic.oup.com/nsr/article/1/2/183/2913353/Innovative-new-methods-have-revealed-the
Connecting to academic.oup.com (academic.oup.com)|173.254.190.144|:443... connected.
HTTP request sent, awaiting response... 200 OK
Length: 97020 (95K) [text/html]
Saving to: ‘nwu011’

     0K .......... .......... .......... .......... .......... 52%  208K 0s
    50K .......... .......... .......... .......... ....      100%  555K=0.3s

2017-01-29 20:58:04 (296 KB/s) - ‘nwu011’ saved [97020/97020]

--2017-01-29 20:58:05--  http://doi.org/10.1093/nsr/nwu012
Connecting to doi.org (doi.org)|95.138.171.129|:80... connected.
HTTP request sent, awaiting response... 303 See Other
Location: https://academic.oup.com/nsr/article-lookup/doi/10.1093/nsr/nwu012 [following]
--2017-01-29 20:58:06--  https://academic.oup.com/nsr/article-lookup/doi/10.1093/nsr/nwu012
Connecting to academic.oup.com (academic.oup.com)|173.254.190.144|:443... connected.
HTTP request sent, awaiting response... 200 OK
Length: 105804 (103K) [text/html]
Saving to: ‘nwu012’

     0K .......... .......... .......... .......... .......... 48%  209K 0s
    50K .......... .......... .......... .......... .......... 96%  610K 0s
   100K ...                                                   100% 6340G=0.3s

2017-01-29 20:58:11 (322 KB/s) - ‘nwu012’ saved [105804/105804]

--2017-01-29 20:58:12--  http://doi.org/10.1093/nsr/nwu016
Connecting to doi.org (doi.org)|95.138.171.129|:80... connected.
HTTP request sent, awaiting response... 303 See Other
Location: https://academic.oup.com/nsr/article-lookup/doi/10.1093/nsr/nwu016 [following]
--2017-01-29 20:58:13--  https://academic.oup.com/nsr/article-lookup/doi/10.1093/nsr/nwu016
Connecting to academic.oup.com (academic.oup.com)|173.254.190.144|:443... connected.
HTTP request sent, awaiting response... 200 OK
Length: 97455 (95K) [text/html]
Saving to: ‘nwu016’

     0K .......... .......... .......... .......... .......... 52%  209K 0s
    50K .......... .......... .......... .......... .....     100%  560K=0.3s

2017-01-29 20:58:17 (297 KB/s) - ‘nwu016’ saved [97455/97455]

--2017-01-29 20:58:18--  http://doi.org/10.1093/nsr/nwu014
Connecting to doi.org (doi.org)|95.138.171.129|:80... connected.
HTTP request sent, awaiting response... 303 See Other
Location: https://academic.oup.com/nsr/article-lookup/doi/10.1093/nsr/nwu014 [following]
--2017-01-29 20:58:20--  https://academic.oup.com/nsr/article-lookup/doi/10.1093/nsr/nwu014
Connecting to academic.oup.com (academic.oup.com)|173.254.190.144|:443... connected.
HTTP request sent, awaiting response... 200 OK
Length: 556228 (543K) [text/html]
Saving to: ‘nwu014’

     0K .......... .......... .......... .......... ..........  9%  208K 2s
    50K .......... .......... .......... .......... .......... 18%  601K 1s
   100K .......... .......... .......... .......... .......... 27%  614K 1s
   150K .......... .......... .......... .......... .......... 36%  318K 1s
   200K .......... .......... .......... .......... .......... 46%  589K 1s
   250K .......... .......... .......... .......... .......... 55%  607K 1s
   300K .......... .......... .......... .......... .......... 64%  569K 0s
   350K .......... .......... .......... .......... .......... 73%  614K 0s
   400K .......... .......... .......... .......... .......... 82%  322K 0s
   450K .......... .......... .......... .......... .......... 92%  550K 0s
   500K .......... .......... .......... .......... ...       100%  516K=1.2s

2017-01-29 20:58:25 (442 KB/s) - ‘nwu014’ saved [556228/556228]

--2017-01-29 20:58:26--  http://doi.org/10.1093/nsr/nwu013
Connecting to doi.org (doi.org)|95.138.171.129|:80... connected.
HTTP request sent, awaiting response... 303 See Other
Location: https://academic.oup.com/nsr/article-lookup/doi/10.1093/nsr/nwu013 [following]
--2017-01-29 20:58:27--  https://academic.oup.com/nsr/article-lookup/doi/10.1093/nsr/nwu013
Connecting to academic.oup.com (academic.oup.com)|173.254.190.144|:443... connected.
HTTP request sent, awaiting response... 200 OK
Length: 92872 (91K) [text/html]
Saving to: ‘nwu013’

     0K .......... .......... .......... .......... .......... 55%  209K 0s
    50K .......... .......... .......... ..........           100% 10.5M=0.2s

2017-01-29 20:58:31 (374 KB/s) - ‘nwu013’ saved [92872/92872]

--2017-01-29 20:58:32--  http://doi.org/10.1093/nsr/nwu010
Connecting to doi.org (doi.org)|95.138.171.129|:80... connected.
HTTP request sent, awaiting response... 303 See Other
Location: https://academic.oup.com/nsr/article-lookup/doi/10.1093/nsr/nwu010 [following]
--2017-01-29 20:58:33--  https://academic.oup.com/nsr/article-lookup/doi/10.1093/nsr/nwu010
Connecting to academic.oup.com (academic.oup.com)|173.254.190.144|:443... connected.
HTTP request sent, awaiting response... 200 OK
Length: 69964 (68K) [text/html]
Saving to: ‘nwu010’

     0K .......... .......... .......... .......... .......... 73% 5.64M 0s
    50K .......... ........                                   100% 25.7M=0.009s

2017-01-29 20:58:36 (7.14 MB/s) - ‘nwu010’ saved [69964/69964]

--2017-01-29 20:58:37--  http://doi.org/10.1093/nsr/nwu015
Connecting to doi.org (doi.org)|95.138.171.129|:80... connected.
HTTP request sent, awaiting response... 303 See Other
Location: https://academic.oup.com/nsr/article-lookup/doi/10.1093/nsr/nwu015 [following]
--2017-01-29 20:58:38--  https://academic.oup.com/nsr/article-lookup/doi/10.1093/nsr/nwu015
Connecting to academic.oup.com (academic.oup.com)|173.254.190.144|:443... connected.
HTTP request sent, awaiting response... 200 OK
Length: 78404 (77K) [text/html]
Saving to: ‘nwu015’

     0K .......... .......... .......... .......... .......... 65%  209K 0s
    50K .......... .......... ......                          100% 13.1M=0.2s

2017-01-29 20:58:42 (318 KB/s) - ‘nwu015’ saved [78404/78404]

--2017-01-29 20:58:43--  http://doi.org/10.1093/nsr/nwu017
Connecting to doi.org (doi.org)|95.138.171.129|:80... connected.
HTTP request sent, awaiting response... 303 See Other
Location: https://academic.oup.com/nsr/article-lookup/doi/10.1093/nsr/nwu017 [following]
--2017-01-29 20:58:45--  https://academic.oup.com/nsr/article-lookup/doi/10.1093/nsr/nwu017
Connecting to academic.oup.com (academic.oup.com)|173.254.190.144|:443... connected.
HTTP request sent, awaiting response... 200 OK
Length: 450325 (440K) [text/html]
Saving to: ‘nwu017’

     0K .......... .......... .......... .......... .......... 11%  209K 2s
    50K .......... .......... .......... .......... .......... 22%  605K 1s
   100K .......... .......... .......... .......... .......... 34%  603K 1s
   150K .......... .......... .......... .......... .......... 45%  403K 1s
   200K .......... .......... .......... .......... .......... 56%  430K 0s
   250K .......... .......... .......... .......... .......... 68%  597K 0s
   300K .......... .......... .......... .......... .......... 79%  402K 0s
   350K .......... .......... .......... .......... .......... 90%  603K 0s
   400K .......... .......... .......... .........            100%  495K=1.0s

2017-01-29 20:58:49 (433 KB/s) - ‘nwu017’ saved [450325/450325]

--2017-01-29 20:58:50--  http://doi.org/10.1093/nsr/nwu002
Connecting to doi.org (doi.org)|95.138.171.129|:80... connected.
HTTP request sent, awaiting response... 303 See Other
Location: https://academic.oup.com/nsr/article-lookup/doi/10.1093/nsr/nwu002 [following]
--2017-01-29 20:58:52--  https://academic.oup.com/nsr/article-lookup/doi/10.1093/nsr/nwu002
Connecting to academic.oup.com (academic.oup.com)|173.254.190.144|:443... connected.
HTTP request sent, awaiting response... 200 OK
Length: 85965 (84K) [text/html]
Saving to: ‘nwu002’

     0K .......... .......... .......... .......... .......... 59%  209K 0s
    50K .......... .......... .......... ...                  100% 12.0M=0.2s

2017-01-29 20:58:55 (347 KB/s) - ‘nwu002’ saved [85965/85965]

--2017-01-29 20:58:56--  http://doi.org/10.1093/nsr/nwu018
Connecting to doi.org (doi.org)|95.138.171.129|:80... connected.
HTTP request sent, awaiting response... 303 See Other
Location: https://academic.oup.com/nsr/article-lookup/doi/10.1093/nsr/nwu018 [following]
--2017-01-29 20:58:57--  https://academic.oup.com/nsr/article-lookup/doi/10.1093/nsr/nwu018
Connecting to academic.oup.com (academic.oup.com)|173.254.190.144|:443... connected.
HTTP request sent, awaiting response... 200 OK
Length: 907738 (886K) [text/html]
Saving to: ‘nwu018’

     0K .......... .......... .......... .......... ..........  5%  209K 4s
    50K .......... .......... .......... .......... .......... 11%  610K 3s
   100K .......... .......... .......... .......... .......... 16%  591K 2s
   150K .......... .......... .......... .......... .......... 22%  321K 2s
   200K .......... .......... .......... .......... .......... 28%  597K 2s
   250K .......... .......... .......... .......... .......... 33%  584K 1s
   300K .......... .......... .......... .......... .......... 39%  585K 1s
   350K .......... .......... .......... .......... .......... 45%  329K 1s
   400K .......... .......... .......... .......... .......... 50%  581K 1s
   450K .......... .......... .......... .......... .......... 56%  588K 1s
   500K .......... .......... .......... .......... .......... 62%  323K 1s
   550K .......... .......... .......... .......... .......... 67%  578K 1s
   600K .......... .......... .......... .......... .......... 73%  612K 1s
   650K .......... .......... .......... .......... .......... 78%  603K 0s
   700K .......... .......... .......... .......... .......... 84%  320K 0s
   750K .......... .......... .......... .......... .......... 90%  585K 0s
   800K .......... .......... .......... .......... .......... 95%  607K 0s
   850K .......... .......... .......... ......               100%  440K=2.0s

2017-01-29 20:59:03 (454 KB/s) - ‘nwu018’ saved [907738/907738]

--2017-01-29 20:59:04--  http://doi.org/10.1093/nsr/nwu007
Connecting to doi.org (doi.org)|95.138.171.129|:80... connected.
HTTP request sent, awaiting response... 303 See Other
Location: https://academic.oup.com/nsr/article-lookup/doi/10.1093/nsr/nwu007 [following]
--2017-01-29 20:59:05--  https://academic.oup.com/nsr/article-lookup/doi/10.1093/nsr/nwu007
Connecting to academic.oup.com (academic.oup.com)|173.254.190.144|:443... connected.
HTTP request sent, awaiting response... 200 OK
Length: 800688 (782K) [text/html]
Saving to: ‘nwu007’

     0K .......... .......... .......... .......... ..........  6%  209K 4s
    50K .......... .......... .......... .......... .......... 12%  609K 2s
   100K .......... .......... .......... .......... .......... 19%  594K 2s
   150K .......... .......... .......... .......... .......... 25%  427K 2s
   200K .......... .......... .......... .......... .......... 31%  409K 1s
   250K .......... .......... .......... .......... .......... 38%  591K 1s
   300K .......... .......... .......... .......... .......... 44%  617K 1s
   350K .......... .......... .......... .......... .......... 51%  317K 1s
   400K .......... .......... .......... .......... .......... 57%  604K 1s
   450K .......... .......... .......... .......... .......... 63%  606K 1s
   500K .......... .......... .......... .......... .......... 70%  315K 1s
   550K .......... .......... .......... .......... .......... 76%  599K 0s
   600K .......... .......... .......... .......... .......... 83%  402K 0s
   650K .......... .......... .......... .......... .......... 89%  428K 0s
   700K .......... .......... .......... .......... .......... 95%  605K 0s
   750K .......... .......... .......... .                    100%  399K=1.8s

2017-01-29 20:59:13 (440 KB/s) - ‘nwu007’ saved [800688/800688]

--2017-01-29 20:59:14--  http://doi.org/10.1093/nsr/nwu031
Connecting to doi.org (doi.org)|95.138.171.129|:80... connected.
HTTP request sent, awaiting response... 303 See Other
Location: https://academic.oup.com/nsr/article-lookup/doi/10.1093/nsr/nwu031 [following]
--2017-01-29 20:59:15--  https://academic.oup.com/nsr/article-lookup/doi/10.1093/nsr/nwu031
Connecting to academic.oup.com (academic.oup.com)|173.254.190.144|:443... connected.
HTTP request sent, awaiting response... 200 OK
Length: 94457 (92K) [text/html]
Saving to: ‘nwu031’

     0K .......... .......... .......... .......... .......... 54%  209K 0s
    50K .......... .......... .......... .......... ..        100%  527K=0.3s

2017-01-29 20:59:20 (289 KB/s) - ‘nwu031’ saved [94457/94457]

--2017-01-29 20:59:21--  http://doi.org/10.1093/nsr/nwu032
Connecting to doi.org (doi.org)|95.138.171.129|:80... connected.
HTTP request sent, awaiting response... 303 See Other
Location: https://academic.oup.com/nsr/article-lookup/doi/10.1093/nsr/nwu032 [following]
--2017-01-29 20:59:22--  https://academic.oup.com/nsr/article-lookup/doi/10.1093/nsr/nwu032
Connecting to academic.oup.com (academic.oup.com)|173.254.190.144|:443... connected.
HTTP request sent, awaiting response... 200 OK
Length: 103187 (101K) [text/html]
Saving to: ‘nwu032’

     0K .......... .......... .......... .......... .......... 49%  209K 0s
    50K .......... .......... .......... .......... .......... 99%  617K 0s
   100K                                                       100% 1466G=0.3s

2017-01-29 20:59:28 (315 KB/s) - ‘nwu032’ saved [103187/103187]

--2017-01-29 20:59:29--  http://doi.org/10.1093/nsr/nwu025
Connecting to doi.org (doi.org)|95.138.171.129|:80... connected.
HTTP request sent, awaiting response... 303 See Other
Location: https://academic.oup.com/nsr/article-lookup/doi/10.1093/nsr/nwu025 [following]
--2017-01-29 20:59:31--  https://academic.oup.com/nsr/article-lookup/doi/10.1093/nsr/nwu025
Connecting to academic.oup.com (academic.oup.com)|173.254.190.144|:443... connected.
HTTP request sent, awaiting response... 200 OK
Length: 118481 (116K) [text/html]
Saving to: ‘nwu025’

     0K .......... .......... .......... .......... .......... 43%  310K 0s
    50K .......... .......... .......... .......... .......... 86%  311K 0s
   100K .......... .....                                      100% 55.9M=0.3s

2017-01-29 20:59:35 (359 KB/s) - ‘nwu025’ saved [118481/118481]

--2017-01-29 20:59:36--  http://doi.org/10.1093/nsr/nwu022
Connecting to doi.org (doi.org)|95.138.171.129|:80... connected.
HTTP request sent, awaiting response... 303 See Other
Location: https://academic.oup.com/nsr/article-lookup/doi/10.1093/nsr/nwu022 [following]
--2017-01-29 20:59:37--  https://academic.oup.com/nsr/article-lookup/doi/10.1093/nsr/nwu022
Connecting to academic.oup.com (academic.oup.com)|173.254.190.144|:443... connected.
HTTP request sent, awaiting response... 200 OK
Length: 107250 (105K) [text/html]
Saving to: ‘nwu022’

     0K .......... .......... .......... .......... .......... 47%  250K 0s
    50K .......... .......... .......... .......... .......... 95%  411K 0s
   100K ....                                                  100% 11.8M=0.3s

2017-01-29 20:59:41 (325 KB/s) - ‘nwu022’ saved [107250/107250]

--2017-01-29 20:59:42--  http://doi.org/10.1093/nsr/nwu024
Connecting to doi.org (doi.org)|95.138.171.129|:80... connected.
HTTP request sent, awaiting response... 303 See Other
Location: https://academic.oup.com/nsr/article-lookup/doi/10.1093/nsr/nwu024 [following]
--2017-01-29 20:59:43--  https://academic.oup.com/nsr/article-lookup/doi/10.1093/nsr/nwu024
Connecting to academic.oup.com (academic.oup.com)|173.254.190.144|:443... connected.
HTTP request sent, awaiting response... 200 OK
Length: 88362 (86K) [text/html]
Saving to: ‘nwu024’

     0K .......... .......... .......... .......... .......... 57%  209K 0s
    50K .......... .......... .......... ......               100% 10.1M=0.2s

2017-01-29 20:59:47 (355 KB/s) - ‘nwu024’ saved [88362/88362]

--2017-01-29 20:59:48--  http://doi.org/10.1093/nsr/nwu038
Connecting to doi.org (doi.org)|95.138.171.129|:80... connected.
HTTP request sent, awaiting response... 303 See Other
Location: https://academic.oup.com/nsr/article-lookup/doi/10.1093/nsr/nwu038 [following]
--2017-01-29 20:59:49--  https://academic.oup.com/nsr/article-lookup/doi/10.1093/nsr/nwu038
Connecting to academic.oup.com (academic.oup.com)|173.254.190.144|:443... connected.
HTTP request sent, awaiting response... 200 OK
Length: 590581 (577K) [text/html]
Saving to: ‘nwu038’

     0K .......... .......... .......... .......... ..........  8%  209K 3s
    50K .......... .......... .......... .......... .......... 17%  606K 2s
   100K .......... .......... .......... .......... .......... 26%  606K 1s
   150K .......... .......... .......... .......... .......... 34%  316K 1s
   200K .......... .......... .......... .......... .......... 43%  594K 1s
   250K .......... .......... .......... .......... .......... 52%  610K 1s
   300K .......... .......... .......... .......... .......... 60%  606K 1s
   350K .......... .......... .......... .......... .......... 69%  308K 0s
   400K .......... .......... .......... .......... .......... 78%  207K 0s
   450K .......... .......... .......... .......... .......... 86%  314K 0s
   500K .......... .......... .......... .......... .......... 95%  602K 0s
   550K .......... .......... ......                          100%  340K=1.5s

2017-01-29 20:59:54 (376 KB/s) - ‘nwu038’ saved [590581/590581]

--2017-01-29 20:59:55--  http://doi.org/10.1093/nsr/nwu034
Connecting to doi.org (doi.org)|95.138.171.129|:80... connected.
HTTP request sent, awaiting response... 303 See Other
Location: https://academic.oup.com/nsr/article-lookup/doi/10.1093/nsr/nwu034 [following]
--2017-01-29 20:59:56--  https://academic.oup.com/nsr/article-lookup/doi/10.1093/nsr/nwu034
Connecting to academic.oup.com (academic.oup.com)|173.254.190.144|:443... connected.
HTTP request sent, awaiting response... 200 OK
Length: 90843 (89K) [text/html]
Saving to: ‘nwu034’

     0K .......... .......... .......... .......... .......... 56%  208K 0s
    50K .......... .......... .......... ........             100% 11.9M=0.2s

2017-01-29 21:00:00 (365 KB/s) - ‘nwu034’ saved [90843/90843]

--2017-01-29 21:00:01--  http://doi.org/10.1093/nsr/nwu035
Connecting to doi.org (doi.org)|95.138.171.129|:80... connected.
HTTP request sent, awaiting response... 303 See Other
Location: https://academic.oup.com/nsr/article-lookup/doi/10.1093/nsr/nwu035 [following]
--2017-01-29 21:00:02--  https://academic.oup.com/nsr/article-lookup/doi/10.1093/nsr/nwu035
Connecting to academic.oup.com (academic.oup.com)|173.254.190.144|:443... connected.
HTTP request sent, awaiting response... 200 OK
Length: 98769 (96K) [text/html]
Saving to: ‘nwu035’

     0K .......... .......... .......... .......... .......... 51%  209K 0s
    50K .......... .......... .......... .......... ......    100%  572K=0.3s

2017-01-29 21:00:06 (301 KB/s) - ‘nwu035’ saved [98769/98769]

--2017-01-29 21:00:07--  http://doi.org/10.1093/nsr/nwu036
Connecting to doi.org (doi.org)|95.138.171.129|:80... connected.
HTTP request sent, awaiting response... 303 See Other
Location: https://academic.oup.com/nsr/article-lookup/doi/10.1093/nsr/nwu036 [following]
--2017-01-29 21:00:08--  https://academic.oup.com/nsr/article-lookup/doi/10.1093/nsr/nwu036
Connecting to academic.oup.com (academic.oup.com)|173.254.190.144|:443... connected.
HTTP request sent, awaiting response... 200 OK
Length: 105347 (103K) [text/html]
Saving to: ‘nwu036’

     0K .......... .......... .......... .......... .......... 48%  209K 0s
    50K .......... .......... .......... .......... .......... 97%  607K 0s
   100K ..                                                    100% 18.6M=0.3s

2017-01-29 21:00:12 (320 KB/s) - ‘nwu036’ saved [105347/105347]

--2017-01-29 21:00:13--  http://doi.org/10.1093/nsr/nwu023
Connecting to doi.org (doi.org)|95.138.171.129|:80... connected.
HTTP request sent, awaiting response... 303 See Other
Location: https://academic.oup.com/nsr/article-lookup/doi/10.1093/nsr/nwu023 [following]
--2017-01-29 21:00:14--  https://academic.oup.com/nsr/article-lookup/doi/10.1093/nsr/nwu023
Connecting to academic.oup.com (academic.oup.com)|173.254.190.144|:443... connected.
HTTP request sent, awaiting response... 200 OK
Length: 102707 (100K) [text/html]
Saving to: ‘nwu023’

     0K .......... .......... .......... .......... .......... 49%  209K 0s
    50K .......... .......... .......... .......... .......... 99%  612K 0s
   100K                                                       100%  572G=0.3s

2017-01-29 21:00:18 (312 KB/s) - ‘nwu023’ saved [102707/102707]

--2017-01-29 21:00:19--  http://doi.org/10.1093/nsr/nwu020
Connecting to doi.org (doi.org)|95.138.171.129|:80... connected.
HTTP request sent, awaiting response... 303 See Other
Location: https://academic.oup.com/nsr/article-lookup/doi/10.1093/nsr/nwu020 [following]
--2017-01-29 21:00:20--  https://academic.oup.com/nsr/article-lookup/doi/10.1093/nsr/nwu020
Connecting to academic.oup.com (academic.oup.com)|173.254.190.144|:443... connected.
HTTP request sent, awaiting response... 200 OK
Length: 381426 (372K) [text/html]
Saving to: ‘nwu020’

     0K .......... .......... .......... .......... .......... 13%  198K 2s
    50K .......... .......... .......... .......... .......... 26%  604K 1s
   100K .......... .......... .......... .......... .......... 40%  611K 1s
   150K .......... .......... .......... .......... .......... 53%  314K 0s
   200K .......... .......... .......... .......... .......... 67%  608K 0s
   250K .......... .......... .......... .......... .......... 80%  607K 0s
   300K .......... .......... .......... .......... .......... 93%  599K 0s
   350K .......... .......... ..                              100%  290K=0.9s

2017-01-29 21:00:25 (413 KB/s) - ‘nwu020’ saved [381426/381426]

--2017-01-29 21:00:26--  http://doi.org/10.1093/nsr/nwu021
Connecting to doi.org (doi.org)|95.138.171.129|:80... connected.
HTTP request sent, awaiting response... 303 See Other
Location: https://academic.oup.com/nsr/article-lookup/doi/10.1093/nsr/nwu021 [following]
--2017-01-29 21:00:27--  https://academic.oup.com/nsr/article-lookup/doi/10.1093/nsr/nwu021
Connecting to academic.oup.com (academic.oup.com)|173.254.190.144|:443... connected.
HTTP request sent, awaiting response... 200 OK
Length: 256866 (251K) [text/html]
Saving to: ‘nwu021’

     0K .......... .......... .......... .......... .......... 19%  209K 1s
    50K .......... .......... .......... .......... .......... 39%  612K 0s
   100K .......... .......... .......... .......... .......... 59%  604K 0s
   150K .......... .......... .......... .......... .......... 79%  316K 0s
   200K .......... .......... .......... .......... .......... 99%  601K 0s
   250K                                                       100% 1613G=0.6s

2017-01-29 21:00:32 (389 KB/s) - ‘nwu021’ saved [256866/256866]

--2017-01-29 21:00:33--  http://doi.org/10.1093/nsr/nwu040
Connecting to doi.org (doi.org)|95.138.171.129|:80... connected.
HTTP request sent, awaiting response... 303 See Other
Location: https://academic.oup.com/nsr/article-lookup/doi/10.1093/nsr/nwu040 [following]
--2017-01-29 21:00:34--  https://academic.oup.com/nsr/article-lookup/doi/10.1093/nsr/nwu040
Connecting to academic.oup.com (academic.oup.com)|173.254.190.144|:443... connected.
HTTP request sent, awaiting response... 200 OK
Length: 88651 (87K) [text/html]
Saving to: ‘nwu040’

     0K .......... .......... .......... .......... .......... 57%  208K 0s
    50K .......... .......... .......... ......               100% 11.9M=0.2s

2017-01-29 21:00:38 (356 KB/s) - ‘nwu040’ saved [88651/88651]

--2017-01-29 21:00:39--  http://doi.org/10.1093/nsr/nwu041
Connecting to doi.org (doi.org)|95.138.171.129|:80... connected.
HTTP request sent, awaiting response... 303 See Other
Location: https://academic.oup.com/nsr/article-lookup/doi/10.1093/nsr/nwu041 [following]
--2017-01-29 21:00:40--  https://academic.oup.com/nsr/article-lookup/doi/10.1093/nsr/nwu041
Connecting to academic.oup.com (academic.oup.com)|173.254.190.144|:443... connected.
HTTP request sent, awaiting response... 200 OK
Length: 102336 (100K) [text/html]
Saving to: ‘nwu041’

     0K .......... .......... .......... .......... .......... 50%  209K 0s
    50K .......... .......... .......... .......... ......... 100%  619K=0.3s

2017-01-29 21:00:46 (312 KB/s) - ‘nwu041’ saved [102336/102336]

--2017-01-29 21:00:47--  http://doi.org/10.1093/nsr/nwu039
Connecting to doi.org (doi.org)|95.138.171.129|:80... connected.
HTTP request sent, awaiting response... 303 See Other
Location: https://academic.oup.com/nsr/article-lookup/doi/10.1093/nsr/nwu039 [following]
--2017-01-29 21:00:48--  https://academic.oup.com/nsr/article-lookup/doi/10.1093/nsr/nwu039
Connecting to academic.oup.com (academic.oup.com)|173.254.190.144|:443... connected.
HTTP request sent, awaiting response... 200 OK
Length: 89382 (87K) [text/html]
Saving to: ‘nwu039’

     0K .......... .......... .......... .......... .......... 57%  209K 0s
    50K .......... .......... .......... .......              100% 9.40M=0.2s

2017-01-29 21:00:52 (359 KB/s) - ‘nwu039’ saved [89382/89382]

--2017-01-29 21:00:53--  http://doi.org/10.1093/nsr/nwu027
Connecting to doi.org (doi.org)|95.138.171.129|:80... connected.
HTTP request sent, awaiting response... 303 See Other
Location: https://academic.oup.com/nsr/article-lookup/doi/10.1093/nsr/nwu027 [following]
--2017-01-29 21:00:54--  https://academic.oup.com/nsr/article-lookup/doi/10.1093/nsr/nwu027
Connecting to academic.oup.com (academic.oup.com)|173.254.190.144|:443... connected.
HTTP request sent, awaiting response... 200 OK
Length: 114886 (112K) [text/html]
Saving to: ‘nwu027’

     0K .......... .......... .......... .......... .......... 44%  209K 0s
    50K .......... .......... .......... .......... .......... 89%  588K 0s
   100K .......... ..                                         100% 28.2M=0.3s

2017-01-29 21:00:59 (346 KB/s) - ‘nwu027’ saved [114886/114886]

--2017-01-29 21:01:00--  http://doi.org/10.1093/nsr/nwu045
Connecting to doi.org (doi.org)|95.138.171.129|:80... connected.
HTTP request sent, awaiting response... 303 See Other
Location: https://academic.oup.com/nsr/article-lookup/doi/10.1093/nsr/nwu045 [following]
--2017-01-29 21:01:01--  https://academic.oup.com/nsr/article-lookup/doi/10.1093/nsr/nwu045
Connecting to academic.oup.com (academic.oup.com)|173.254.190.144|:443... connected.
HTTP request sent, awaiting response... 200 OK
Length: 456113 (445K) [text/html]
Saving to: ‘nwu045’

     0K .......... .......... .......... .......... .......... 11%  208K 2s
    50K .......... .......... .......... .......... .......... 22%  604K 1s
   100K .......... .......... .......... .......... .......... 33%  607K 1s
   150K .......... .......... .......... .......... .......... 44%  316K 1s
   200K .......... .......... .......... .......... .......... 56%  589K 1s
   250K .......... .......... .......... .......... .......... 67%  613K 0s
   300K .......... .......... .......... .......... .......... 78%  416K 0s
   350K .......... .......... .......... .......... .......... 89%  407K 0s
   400K .......... .......... .......... .......... .....     100%  558K=1.1s

2017-01-29 21:01:07 (422 KB/s) - ‘nwu045’ saved [456113/456113]

--2017-01-29 21:01:08--  http://doi.org/10.1093/nsr/nwu026
Connecting to doi.org (doi.org)|95.138.171.129|:80... connected.
HTTP request sent, awaiting response... 303 See Other
Location: https://academic.oup.com/nsr/article-lookup/doi/10.1093/nsr/nwu026 [following]
--2017-01-29 21:01:09--  https://academic.oup.com/nsr/article-lookup/doi/10.1093/nsr/nwu026
Connecting to academic.oup.com (academic.oup.com)|173.254.190.144|:443... connected.
HTTP request sent, awaiting response... 200 OK
Length: 111132 (109K) [text/html]
Saving to: ‘nwu026’

     0K .......... .......... .......... .......... .......... 46%  208K 0s
    50K .......... .......... .......... .......... .......... 92%  603K 0s
   100K ........                                              100% 21.3M=0.3s

2017-01-29 21:01:14 (335 KB/s) - ‘nwu026’ saved [111132/111132]

--2017-01-29 21:01:15--  http://doi.org/10.1093/nsr/nwu028
Connecting to doi.org (doi.org)|95.138.171.129|:80... connected.
HTTP request sent, awaiting response... 303 See Other
Location: https://academic.oup.com/nsr/article-lookup/doi/10.1093/nsr/nwu028 [following]
--2017-01-29 21:01:16--  https://academic.oup.com/nsr/article-lookup/doi/10.1093/nsr/nwu028
Connecting to academic.oup.com (academic.oup.com)|173.254.190.144|:443... connected.
HTTP request sent, awaiting response... 200 OK
Length: 508236 (496K) [text/html]
Saving to: ‘nwu028’

     0K .......... .......... .......... .......... .......... 10%  209K 2s
    50K .......... .......... .......... .......... .......... 20%  597K 1s
   100K .......... .......... .......... .......... .......... 30%  608K 1s
   150K .......... .......... .......... .......... .......... 40%  585K 1s
   200K .......... .......... .......... .......... .......... 50%  318K 1s
   250K .......... .......... .......... .......... .......... 60%  610K 0s
   300K .......... .......... .......... .......... .......... 70%  602K 0s
   350K .......... .......... .......... .......... .......... 80%  313K 0s
   400K .......... .......... .......... .......... .......... 90%  608K 0s
   450K .......... .......... .......... .......... ......    100%  566K=1.1s

2017-01-29 21:01:21 (437 KB/s) - ‘nwu028’ saved [508236/508236]

--2017-01-29 21:01:22--  http://doi.org/10.1093/nsr/nwu047
Connecting to doi.org (doi.org)|95.138.171.129|:80... connected.
HTTP request sent, awaiting response... 303 See Other
Location: https://academic.oup.com/nsr/article-lookup/doi/10.1093/nsr/nwu047 [following]
--2017-01-29 21:01:23--  https://academic.oup.com/nsr/article-lookup/doi/10.1093/nsr/nwu047
Connecting to academic.oup.com (academic.oup.com)|173.254.190.144|:443... connected.
HTTP request sent, awaiting response... 200 OK
Length: 130557 (127K) [text/html]
Saving to: ‘nwu047’

     0K .......... .......... .......... .......... .......... 39%  209K 0s
    50K .......... .......... .......... .......... .......... 78%  601K 0s
   100K .......... .......... .......                         100% 9.41M=0.3s

2017-01-29 21:01:27 (392 KB/s) - ‘nwu047’ saved [130557/130557]

--2017-01-29 21:01:28--  http://doi.org/10.1093/nsr/nwu046
Connecting to doi.org (doi.org)|95.138.171.129|:80... connected.
HTTP request sent, awaiting response... 303 See Other
Location: https://academic.oup.com/nsr/article-lookup/doi/10.1093/nsr/nwu046 [following]
--2017-01-29 21:01:29--  https://academic.oup.com/nsr/article-lookup/doi/10.1093/nsr/nwu046
Connecting to academic.oup.com (academic.oup.com)|173.254.190.144|:443... connected.
HTTP request sent, awaiting response... 200 OK
Length: 88725 (87K) [text/html]
Saving to: ‘nwu046’

     0K .......... .......... .......... .......... .......... 57%  309K 0s
    50K .......... .......... .......... ......               100%  454K=0.2s

2017-01-29 21:01:32 (357 KB/s) - ‘nwu046’ saved [88725/88725]

--2017-01-29 21:01:33--  http://doi.org/10.1093/nsr/nwu050
Connecting to doi.org (doi.org)|95.138.171.129|:80... connected.
HTTP request sent, awaiting response... 303 See Other
Location: https://academic.oup.com/nsr/article-lookup/doi/10.1093/nsr/nwu050 [following]
--2017-01-29 21:01:34--  https://academic.oup.com/nsr/article-lookup/doi/10.1093/nsr/nwu050
Connecting to academic.oup.com (academic.oup.com)|173.254.190.144|:443... connected.
HTTP request sent, awaiting response... 200 OK
Length: 104851 (102K) [text/html]
Saving to: ‘nwu050’

     0K .......... .......... .......... .......... .......... 48%  209K 0s
    50K .......... .......... .......... .......... .......... 97%  596K 0s
   100K ..                                                    100% 9.43M=0.3s

2017-01-29 21:01:39 (316 KB/s) - ‘nwu050’ saved [104851/104851]

--2017-01-29 21:01:40--  http://doi.org/10.1093/nsr/nwu048
Connecting to doi.org (doi.org)|95.138.171.129|:80... connected.
HTTP request sent, awaiting response... 303 See Other
Location: https://academic.oup.com/nsr/article-lookup/doi/10.1093/nsr/nwu048 [following]
--2017-01-29 21:01:41--  https://academic.oup.com/nsr/article-lookup/doi/10.1093/nsr/nwu048
Connecting to academic.oup.com (academic.oup.com)|173.254.190.144|:443... connected.
HTTP request sent, awaiting response... 200 OK
Length: 101810 (99K) [text/html]
Saving to: ‘nwu048’

     0K .......... .......... .......... .......... .......... 50%  209K 0s
    50K .......... .......... .......... .......... ......... 100%  602K=0.3s

2017-01-29 21:01:44 (310 KB/s) - ‘nwu048’ saved [101810/101810]

--2017-01-29 21:01:45--  http://doi.org/10.1093/nsr/nwu049
Connecting to doi.org (doi.org)|95.138.171.129|:80... connected.
HTTP request sent, awaiting response... 303 See Other
Location: https://academic.oup.com/nsr/article-lookup/doi/10.1093/nsr/nwu049 [following]
--2017-01-29 21:01:47--  https://academic.oup.com/nsr/article-lookup/doi/10.1093/nsr/nwu049
Connecting to academic.oup.com (academic.oup.com)|173.254.190.144|:443... connected.
HTTP request sent, awaiting response... 200 OK
Length: 102651 (100K) [text/html]
Saving to: ‘nwu049’

     0K .......... .......... .......... .......... .......... 49%  208K 0s
    50K .......... .......... .......... .......... .......... 99%  611K 0s
   100K                                                       100%  468G=0.3s

2017-01-29 21:01:51 (311 KB/s) - ‘nwu049’ saved [102651/102651]

--2017-01-29 21:01:52--  http://doi.org/10.1093/nsr/nwu051
Connecting to doi.org (doi.org)|95.138.171.129|:80... connected.
HTTP request sent, awaiting response... 303 See Other
Location: https://academic.oup.com/nsr/article-lookup/doi/10.1093/nsr/nwu051 [following]
--2017-01-29 21:01:53--  https://academic.oup.com/nsr/article-lookup/doi/10.1093/nsr/nwu051
Connecting to academic.oup.com (academic.oup.com)|173.254.190.144|:443... connected.
HTTP request sent, awaiting response... 200 OK
Length: 105354 (103K) [text/html]
Saving to: ‘nwu051’

     0K .......... .......... .......... .......... .......... 48%  310K 0s
    50K .......... .......... .......... .......... .......... 97%  314K 0s
   100K ..                                                    100% 14.5M=0.3s

2017-01-29 21:01:58 (321 KB/s) - ‘nwu051’ saved [105354/105354]

--2017-01-29 21:01:59--  http://doi.org/10.1093/nsr/nwu037
Connecting to doi.org (doi.org)|95.138.171.129|:80... connected.
HTTP request sent, awaiting response... 303 See Other
Location: https://academic.oup.com/nsr/article-lookup/doi/10.1093/nsr/nwu037 [following]
--2017-01-29 21:02:00--  https://academic.oup.com/nsr/article-lookup/doi/10.1093/nsr/nwu037
Connecting to academic.oup.com (academic.oup.com)|173.254.190.144|:443... connected.
HTTP request sent, awaiting response... 200 OK
Length: 98228 (96K) [text/html]
Saving to: ‘nwu037’

     0K .......... .......... .......... .......... .......... 52%  209K 0s
    50K .......... .......... .......... .......... .....     100%  563K=0.3s

2017-01-29 21:02:04 (299 KB/s) - ‘nwu037’ saved [98228/98228]

--2017-01-29 21:02:05--  http://doi.org/10.1093/nsr/nwu042
Connecting to doi.org (doi.org)|95.138.171.129|:80... connected.
HTTP request sent, awaiting response... 303 See Other
Location: https://academic.oup.com/nsr/article-lookup/doi/10.1093/nsr/nwu042 [following]
--2017-01-29 21:02:06--  https://academic.oup.com/nsr/article-lookup/doi/10.1093/nsr/nwu042
Connecting to academic.oup.com (academic.oup.com)|173.254.190.144|:443... connected.
HTTP request sent, awaiting response... 200 OK
Length: 72524 (71K) [text/html]
Saving to: ‘nwu042’

     0K .......... .......... .......... .......... .......... 70%  209K 0s
    50K .......... ..........                                 100% 11.5M=0.2s

2017-01-29 21:02:09 (294 KB/s) - ‘nwu042’ saved [72524/72524]

--2017-01-29 21:02:10--  http://doi.org/10.1093/nsr/nwu043
Connecting to doi.org (doi.org)|95.138.171.129|:80... connected.
HTTP request sent, awaiting response... 303 See Other
Location: https://academic.oup.com/nsr/article-lookup/doi/10.1093/nsr/nwu043 [following]
--2017-01-29 21:02:11--  https://academic.oup.com/nsr/article-lookup/doi/10.1093/nsr/nwu043
Connecting to academic.oup.com (academic.oup.com)|173.254.190.144|:443... connected.
HTTP request sent, awaiting response... 200 OK
Length: 101921 (100K) [text/html]
Saving to: ‘nwu043’

     0K .......... .......... .......... .......... .......... 50%  209K 0s
    50K .......... .......... .......... .......... ......... 100%  609K=0.3s

2017-01-29 21:02:16 (310 KB/s) - ‘nwu043’ saved [101921/101921]

--2017-01-29 21:02:17--  http://doi.org/10.1093/nsr/nwu053
Connecting to doi.org (doi.org)|95.138.171.129|:80... connected.
HTTP request sent, awaiting response... 303 See Other
Location: https://academic.oup.com/nsr/article-lookup/doi/10.1093/nsr/nwu053 [following]
--2017-01-29 21:02:18--  https://academic.oup.com/nsr/article-lookup/doi/10.1093/nsr/nwu053
Connecting to academic.oup.com (academic.oup.com)|173.254.190.144|:443... connected.
HTTP request sent, awaiting response... 200 OK
Length: 78666 (77K) [text/html]
Saving to: ‘nwu053’

     0K .......... .......... .......... .......... .......... 65%  209K 0s
    50K .......... .......... ......                          100% 12.6M=0.2s

2017-01-29 21:02:22 (319 KB/s) - ‘nwu053’ saved [78666/78666]

--2017-01-29 21:02:23--  http://doi.org/10.1093/nsr/nwu052
Connecting to doi.org (doi.org)|95.138.171.129|:80... connected.
HTTP request sent, awaiting response... 303 See Other
Location: https://academic.oup.com/nsr/article-lookup/doi/10.1093/nsr/nwu052 [following]
--2017-01-29 21:02:24--  https://academic.oup.com/nsr/article-lookup/doi/10.1093/nsr/nwu052
Connecting to academic.oup.com (academic.oup.com)|173.254.190.144|:443... connected.
HTTP request sent, awaiting response... 200 OK
Length: 107282 (105K) [text/html]
Saving to: ‘nwu052’

     0K .......... .......... .......... .......... .......... 47%  208K 0s
    50K .......... .......... .......... .......... .......... 95%  609K 0s
   100K ....                                                  100% 9093G=0.3s

2017-01-29 21:02:27 (325 KB/s) - ‘nwu052’ saved [107282/107282]

--2017-01-29 21:02:28--  http://doi.org/10.1093/nsr/nwu055
Connecting to doi.org (doi.org)|95.138.171.129|:80... connected.
HTTP request sent, awaiting response... 303 See Other
Location: https://academic.oup.com/nsr/article-lookup/doi/10.1093/nsr/nwu055 [following]
--2017-01-29 21:02:29--  https://academic.oup.com/nsr/article-lookup/doi/10.1093/nsr/nwu055
Connecting to academic.oup.com (academic.oup.com)|173.254.190.144|:443... connected.
HTTP request sent, awaiting response... 200 OK
Length: 529279 (517K) [text/html]
Saving to: ‘nwu055’

     0K .......... .......... .......... .......... ..........  9%  209K 2s
    50K .......... .......... .......... .......... .......... 19%  607K 1s
   100K .......... .......... .......... .......... .......... 29%  606K 1s
   150K .......... .......... .......... .......... .......... 38%  608K 1s
   200K .......... .......... .......... .......... .......... 48%  314K 1s
   250K .......... .......... .......... .......... .......... 58%  591K 1s
   300K .......... .......... .......... .......... .......... 67%  612K 0s
   350K .......... .......... .......... .......... .......... 77%  312K 0s
   400K .......... .......... .......... .......... .......... 87%  603K 0s
   450K .......... .......... .......... .......... .......... 96%  604K 0s
   500K .......... ......                                     100%  212K=1.2s

2017-01-29 21:02:34 (424 KB/s) - ‘nwu055’ saved [529279/529279]

--2017-01-29 21:02:35--  http://doi.org/10.1093/nsr/nwu054
Connecting to doi.org (doi.org)|95.138.171.129|:80... connected.
HTTP request sent, awaiting response... 303 See Other
Location: https://academic.oup.com/nsr/article-lookup/doi/10.1093/nsr/nwu054 [following]
--2017-01-29 21:02:36--  https://academic.oup.com/nsr/article-lookup/doi/10.1093/nsr/nwu054
Connecting to academic.oup.com (academic.oup.com)|173.254.190.144|:443... connected.
HTTP request sent, awaiting response... 200 OK
Length: 110584 (108K) [text/html]
Saving to: ‘nwu054’

     0K .......... .......... .......... .......... .......... 46%  209K 0s
    50K .......... .......... .......... .......... .......... 92%  591K 0s
   100K .......                                               100% 34.7M=0.3s

2017-01-29 21:02:40 (333 KB/s) - ‘nwu054’ saved [110584/110584]

--2017-01-29 21:02:41--  http://doi.org/10.1093/nsr/nwu058
Connecting to doi.org (doi.org)|95.138.171.129|:80... connected.
HTTP request sent, awaiting response... 303 See Other
Location: https://academic.oup.com/nsr/article-lookup/doi/10.1093/nsr/nwu058 [following]
--2017-01-29 21:02:42--  https://academic.oup.com/nsr/article-lookup/doi/10.1093/nsr/nwu058
Connecting to academic.oup.com (academic.oup.com)|173.254.190.144|:443... connected.
HTTP request sent, awaiting response... 200 OK
Length: 90467 (88K) [text/html]
Saving to: ‘nwu058’

     0K .......... .......... .......... .......... .......... 56%  210K 0s
    50K .......... .......... .......... ........             100% 11.3M=0.2s

2017-01-29 21:02:45 (365 KB/s) - ‘nwu058’ saved [90467/90467]

--2017-01-29 21:02:46--  http://doi.org/10.1093/nsr/nwu059
Connecting to doi.org (doi.org)|95.138.171.129|:80... connected.
HTTP request sent, awaiting response... 303 See Other
Location: https://academic.oup.com/nsr/article-lookup/doi/10.1093/nsr/nwu059 [following]
--2017-01-29 21:02:47--  https://academic.oup.com/nsr/article-lookup/doi/10.1093/nsr/nwu059
Connecting to academic.oup.com (academic.oup.com)|173.254.190.144|:443... connected.
HTTP request sent, awaiting response... 200 OK
Length: 87373 (85K) [text/html]
Saving to: ‘nwu059’

     0K .......... .......... .......... .......... .......... 58%  308K 0s
    50K .......... .......... .......... .....                100%  435K=0.2s

2017-01-29 21:02:51 (351 KB/s) - ‘nwu059’ saved [87373/87373]

--2017-01-29 21:02:52--  http://doi.org/10.1093/nsr/nwu057
Connecting to doi.org (doi.org)|95.138.171.129|:80... connected.
HTTP request sent, awaiting response... 303 See Other
Location: https://academic.oup.com/nsr/article-lookup/doi/10.1093/nsr/nwu057 [following]
--2017-01-29 21:02:53--  https://academic.oup.com/nsr/article-lookup/doi/10.1093/nsr/nwu057
Connecting to academic.oup.com (academic.oup.com)|173.254.190.144|:443... connected.
HTTP request sent, awaiting response... 200 OK
Length: 87216 (85K) [text/html]
Saving to: ‘nwu057’

     0K .......... .......... .......... .......... .......... 58%  208K 0s
    50K .......... .......... .......... .....                100% 7.03M=0.2s

2017-01-29 21:02:57 (347 KB/s) - ‘nwu057’ saved [87216/87216]

--2017-01-29 21:02:58--  http://doi.org/10.1093/nsr/nwu056
Connecting to doi.org (doi.org)|95.138.171.129|:80... connected.
HTTP request sent, awaiting response... 303 See Other
Location: https://academic.oup.com/nsr/article-lookup/doi/10.1093/nsr/nwu056 [following]
--2017-01-29 21:02:59--  https://academic.oup.com/nsr/article-lookup/doi/10.1093/nsr/nwu056
Connecting to academic.oup.com (academic.oup.com)|173.254.190.144|:443... connected.
HTTP request sent, awaiting response... 200 OK
Length: 96971 (95K) [text/html]
Saving to: ‘nwu056’

     0K .......... .......... .......... .......... .......... 52%  209K 0s
    50K .......... .......... .......... .......... ....      100%  559K=0.3s

2017-01-29 21:03:05 (296 KB/s) - ‘nwu056’ saved [96971/96971]

--2017-01-29 21:03:06--  http://doi.org/10.1093/nsr/nwu019
Connecting to doi.org (doi.org)|95.138.171.129|:80... connected.
HTTP request sent, awaiting response... 303 See Other
Location: https://academic.oup.com/nsr/article-lookup/doi/10.1093/nsr/nwu019 [following]
--2017-01-29 21:03:07--  https://academic.oup.com/nsr/article-lookup/doi/10.1093/nsr/nwu019
Connecting to academic.oup.com (academic.oup.com)|173.254.190.144|:443... connected.
HTTP request sent, awaiting response... 200 OK
Length: 690098 (674K) [text/html]
Saving to: ‘nwu019’

     0K .......... .......... .......... .......... ..........  7%  209K 3s
    50K .......... .......... .......... .......... .......... 14%  609K 2s
   100K .......... .......... .......... .......... .......... 22%  589K 1s
   150K .......... .......... .......... .......... .......... 29%  606K 1s
   200K .......... .......... .......... .......... .......... 37%  314K 1s
   250K .......... .......... .......... .......... .......... 44%  608K 1s
   300K .......... .......... .......... .......... .......... 51%  616K 1s
   350K .......... .......... .......... .......... .......... 59%  309K 1s
   400K .......... .......... .......... .......... .......... 66%  613K 1s
   450K .......... .......... .......... .......... .......... 74%  587K 0s
   500K .......... .......... .......... .......... .......... 81%  609K 0s
   550K .......... .......... .......... .......... .......... 89%  308K 0s
   600K .......... .......... .......... .......... .......... 96%  602K 0s
   650K .......... .......... ...                             100% 12.0M=1.5s

2017-01-29 21:03:14 (459 KB/s) - ‘nwu019’ saved [690098/690098]

--2017-01-29 21:03:15--  http://doi.org/10.1093/nsr/nwu066
Connecting to doi.org (doi.org)|95.138.171.129|:80... connected.
HTTP request sent, awaiting response... 303 See Other
Location: https://academic.oup.com/nsr/article-lookup/doi/10.1093/nsr/nwu066 [following]
--2017-01-29 21:03:17--  https://academic.oup.com/nsr/article-lookup/doi/10.1093/nsr/nwu066
Connecting to academic.oup.com (academic.oup.com)|173.254.190.144|:443... connected.
HTTP request sent, awaiting response... 200 OK
Length: 96923 (95K) [text/html]
Saving to: ‘nwu066’

     0K .......... .......... .......... .......... .......... 52%  209K 0s
    50K .......... .......... .......... .......... ....      100%  545K=0.3s

2017-01-29 21:03:20 (294 KB/s) - ‘nwu066’ saved [96923/96923]

--2017-01-29 21:03:21--  http://doi.org/10.1093/nsr/nwu065
Connecting to doi.org (doi.org)|95.138.171.129|:80... connected.
HTTP request sent, awaiting response... 303 See Other
Location: https://academic.oup.com/nsr/article-lookup/doi/10.1093/nsr/nwu065 [following]
--2017-01-29 21:03:23--  https://academic.oup.com/nsr/article-lookup/doi/10.1093/nsr/nwu065
Connecting to academic.oup.com (academic.oup.com)|173.254.190.144|:443... connected.
HTTP request sent, awaiting response... 200 OK
Length: 73874 (72K) [text/html]
Saving to: ‘nwu065’

     0K .......... .......... .......... .......... .......... 69%  309K 0s
    50K .......... .......... ..                              100%  278K=0.2s

2017-01-29 21:03:26 (298 KB/s) - ‘nwu065’ saved [73874/73874]

--2017-01-29 21:03:27--  http://doi.org/10.1093/nsr/nwu060
Connecting to doi.org (doi.org)|95.138.171.129|:80... connected.
HTTP request sent, awaiting response... 303 See Other
Location: https://academic.oup.com/nsr/article-lookup/doi/10.1093/nsr/nwu060 [following]
--2017-01-29 21:03:28--  https://academic.oup.com/nsr/article-lookup/doi/10.1093/nsr/nwu060
Connecting to academic.oup.com (academic.oup.com)|173.254.190.144|:443... connected.
HTTP request sent, awaiting response... 200 OK
Length: 393566 (384K) [text/html]
Saving to: ‘nwu060’

     0K .......... .......... .......... .......... .......... 13%  209K 2s
    50K .......... .......... .......... .......... .......... 26%  605K 1s
   100K .......... .......... .......... .......... .......... 39%  607K 1s
   150K .......... .......... .......... .......... .......... 52%  313K 1s
   200K .......... .......... .......... .......... .......... 65%  602K 0s
   250K .......... .......... .......... .......... .......... 78%  593K 0s
   300K .......... .......... .......... .......... .......... 91%  317K 0s
   350K .......... .......... .......... ....                 100% 9.08M=0.9s

2017-01-29 21:03:34 (430 KB/s) - ‘nwu060’ saved [393566/393566]

--2017-01-29 21:03:35--  http://doi.org/10.1093/nsr/nwu063
Connecting to doi.org (doi.org)|95.138.171.129|:80... connected.
HTTP request sent, awaiting response... 303 See Other
Location: https://academic.oup.com/nsr/article-lookup/doi/10.1093/nsr/nwu063 [following]
--2017-01-29 21:03:36--  https://academic.oup.com/nsr/article-lookup/doi/10.1093/nsr/nwu063
Connecting to academic.oup.com (academic.oup.com)|173.254.190.144|:443... connected.
HTTP request sent, awaiting response... 200 OK
Length: 91322 (89K) [text/html]
Saving to: ‘nwu063’

     0K .......... .......... .......... .......... .......... 56%  209K 0s
    50K .......... .......... .......... .........            100% 12.2M=0.2s

2017-01-29 21:03:41 (368 KB/s) - ‘nwu063’ saved [91322/91322]

--2017-01-29 21:03:42--  http://doi.org/10.1093/nsr/nwu064
Connecting to doi.org (doi.org)|95.138.171.129|:80... connected.
HTTP request sent, awaiting response... 303 See Other
Location: https://academic.oup.com/nsr/article-lookup/doi/10.1093/nsr/nwu064 [following]
--2017-01-29 21:03:43--  https://academic.oup.com/nsr/article-lookup/doi/10.1093/nsr/nwu064
Connecting to academic.oup.com (academic.oup.com)|173.254.190.144|:443... connected.
HTTP request sent, awaiting response... 200 OK
Length: 90723 (89K) [text/html]
Saving to: ‘nwu064’

     0K .......... .......... .......... .......... .......... 56%  208K 0s
    50K .......... .......... .......... ........             100% 12.8M=0.2s

2017-01-29 21:03:48 (364 KB/s) - ‘nwu064’ saved [90723/90723]

--2017-01-29 21:03:49--  http://doi.org/10.1093/nsr/nwu062
Connecting to doi.org (doi.org)|95.138.171.129|:80... connected.
HTTP request sent, awaiting response... 303 See Other
Location: https://academic.oup.com/nsr/article-lookup/doi/10.1093/nsr/nwu062 [following]
--2017-01-29 21:03:50--  https://academic.oup.com/nsr/article-lookup/doi/10.1093/nsr/nwu062
Connecting to academic.oup.com (academic.oup.com)|173.254.190.144|:443... connected.
HTTP request sent, awaiting response... 200 OK
Length: 129122 (126K) [text/html]
Saving to: ‘nwu062’

     0K .......... .......... .......... .......... .......... 39%  208K 0s
    50K .......... .......... .......... .......... .......... 79%  606K 0s
   100K .......... .......... ......                          100% 13.0M=0.3s

2017-01-29 21:03:56 (388 KB/s) - ‘nwu062’ saved [129122/129122]

--2017-01-29 21:03:57--  http://doi.org/10.1093/nsr/nwu070
Connecting to doi.org (doi.org)|95.138.171.129|:80... connected.
HTTP request sent, awaiting response... 303 See Other
Location: https://academic.oup.com/nsr/article-lookup/doi/10.1093/nsr/nwu070 [following]
--2017-01-29 21:03:58--  https://academic.oup.com/nsr/article-lookup/doi/10.1093/nsr/nwu070
Connecting to academic.oup.com (academic.oup.com)|173.254.190.144|:443... connected.
HTTP request sent, awaiting response... 200 OK
Length: 620556 (606K) [text/html]
Saving to: ‘nwu070’

     0K .......... .......... .......... .......... ..........  8%  209K 3s
    50K .......... .......... .......... .......... .......... 16%  594K 2s
   100K .......... .......... .......... .......... .......... 24%  598K 1s
   150K .......... .......... .......... .......... .......... 33%  608K 1s
   200K .......... .......... .......... .......... .......... 41%  311K 1s
   250K .......... .......... .......... .......... .......... 49%  593K 1s
   300K .......... .......... .......... .......... .......... 57%  604K 1s
   350K .......... .......... .......... .......... .......... 66%  313K 1s
   400K .......... .......... .......... .......... .......... 74%  599K 0s
   450K .......... .......... .......... .......... .......... 82%  614K 0s
   500K .......... .......... .......... .......... .......... 90%  603K 0s
   550K .......... .......... .......... .......... .......... 99%  317K 0s
   600K ......                                                100% 1.55M=1.4s

2017-01-29 21:04:04 (437 KB/s) - ‘nwu070’ saved [620556/620556]

FINISHED --2017-01-29 21:04:04--
Total wall clock time: 11m 11s
Downloaded: 100 files, 20M in 52s (390 KB/s)
