--2017-01-29 21:54:14--  http://doi.org/10.1093/oxfordjournals.oep.a028555
Resolving doi.org (doi.org)... 63.123.152.248, 38.100.138.163, 54.191.229.235, ...
Connecting to doi.org (doi.org)|63.123.152.248|:80... connected.
HTTP request sent, awaiting response... 303 See Other
Location: https://academic.oup.com/oep/article-lookup/doi/10.1093/oxfordjournals.oep.a028555 [following]
--2017-01-29 21:54:15--  https://academic.oup.com/oep/article-lookup/doi/10.1093/oxfordjournals.oep.a028555
Resolving academic.oup.com (academic.oup.com)... 173.254.190.144
Connecting to academic.oup.com (academic.oup.com)|173.254.190.144|:443... connected.
HTTP request sent, awaiting response... 200 OK
Length: 100269 (98K) [text/html]
Saving to: ‘oxfordjournals.oep.a028555’

     0K .......... .......... .......... .......... .......... 51%  203K 0s
    50K .......... .......... .......... .......... .......   100%  590K=0.3s

2017-01-29 21:54:20 (299 KB/s) - ‘oxfordjournals.oep.a028555’ saved [100269/100269]

--2017-01-29 21:54:21--  http://doi.org/10.1093/oxfordjournals.oep.a028559
Connecting to doi.org (doi.org)|63.123.152.248|:80... connected.
HTTP request sent, awaiting response... 303 See Other
Location: https://academic.oup.com/oep/article-lookup/doi/10.1093/oxfordjournals.oep.a028559 [following]
--2017-01-29 21:54:22--  https://academic.oup.com/oep/article-lookup/doi/10.1093/oxfordjournals.oep.a028559
Connecting to academic.oup.com (academic.oup.com)|173.254.190.144|:443... connected.
HTTP request sent, awaiting response... 200 OK
Length: 100341 (98K) [text/html]
Saving to: ‘oxfordjournals.oep.a028559’

     0K .......... .......... .......... .......... .......... 51%  209K 0s
    50K .......... .......... .......... .......... .......   100%  585K=0.3s

2017-01-29 21:54:29 (305 KB/s) - ‘oxfordjournals.oep.a028559’ saved [100341/100341]

--2017-01-29 21:54:30--  http://doi.org/10.1093/oxfordjournals.oep.a028557
Connecting to doi.org (doi.org)|63.123.152.248|:80... connected.
HTTP request sent, awaiting response... 303 See Other
Location: https://academic.oup.com/oep/article-lookup/doi/10.1093/oxfordjournals.oep.a028557 [following]
--2017-01-29 21:54:32--  https://academic.oup.com/oep/article-lookup/doi/10.1093/oxfordjournals.oep.a028557
Connecting to academic.oup.com (academic.oup.com)|173.254.190.144|:443... connected.
HTTP request sent, awaiting response... 200 OK
Length: 103108 (101K) [text/html]
Saving to: ‘oxfordjournals.oep.a028557’

     0K .......... .......... .......... .......... .......... 49%  209K 0s
    50K .......... .......... .......... .......... .......... 99%  607K 0s
   100K                                                       100% 1319G=0.3s

2017-01-29 21:54:37 (313 KB/s) - ‘oxfordjournals.oep.a028557’ saved [103108/103108]

--2017-01-29 21:54:38--  http://doi.org/10.1093/oxfordjournals.oep.a028558
Connecting to doi.org (doi.org)|63.123.152.248|:80... connected.
HTTP request sent, awaiting response... 303 See Other
Location: https://academic.oup.com/oep/article-lookup/doi/10.1093/oxfordjournals.oep.a028558 [following]
--2017-01-29 21:54:39--  https://academic.oup.com/oep/article-lookup/doi/10.1093/oxfordjournals.oep.a028558
Connecting to academic.oup.com (academic.oup.com)|173.254.190.144|:443... connected.
HTTP request sent, awaiting response... 200 OK
Length: 102710 (100K) [text/html]
Saving to: ‘oxfordjournals.oep.a028558’

     0K .......... .......... .......... .......... .......... 49%  209K 0s
    50K .......... .......... .......... .......... .......... 99%  614K 0s
   100K                                                       100%  577G=0.3s

2017-01-29 21:54:43 (313 KB/s) - ‘oxfordjournals.oep.a028558’ saved [102710/102710]

--2017-01-29 21:54:44--  http://doi.org/10.1093/oxfordjournals.oep.a028561
Connecting to doi.org (doi.org)|63.123.152.248|:80... connected.
HTTP request sent, awaiting response... 303 See Other
Location: https://academic.oup.com/oep/article-lookup/doi/10.1093/oxfordjournals.oep.a028561 [following]
--2017-01-29 21:54:46--  https://academic.oup.com/oep/article-lookup/doi/10.1093/oxfordjournals.oep.a028561
Connecting to academic.oup.com (academic.oup.com)|173.254.190.144|:443... connected.
HTTP request sent, awaiting response... 200 OK
Length: 100884 (99K) [text/html]
Saving to: ‘oxfordjournals.oep.a028561’

     0K .......... .......... .......... .......... .......... 50%  209K 0s
    50K .......... .......... .......... .......... ........  100%  597K=0.3s

2017-01-29 21:54:50 (308 KB/s) - ‘oxfordjournals.oep.a028561’ saved [100884/100884]

--2017-01-29 21:54:51--  http://doi.org/10.1093/oxfordjournals.oep.a028562
Connecting to doi.org (doi.org)|63.123.152.248|:80... connected.
HTTP request sent, awaiting response... 303 See Other
Location: https://academic.oup.com/oep/article-lookup/doi/10.1093/oxfordjournals.oep.a028562 [following]
--2017-01-29 21:54:53--  https://academic.oup.com/oep/article-lookup/doi/10.1093/oxfordjournals.oep.a028562
Connecting to academic.oup.com (academic.oup.com)|173.254.190.144|:443... connected.
HTTP request sent, awaiting response... 200 OK
Length: 102691 (100K) [text/html]
Saving to: ‘oxfordjournals.oep.a028562’

     0K .......... .......... .......... .......... .......... 49%  209K 0s
    50K .......... .......... .......... .......... .......... 99%  610K 0s
   100K                                                       100%  542G=0.3s

2017-01-29 21:54:58 (312 KB/s) - ‘oxfordjournals.oep.a028562’ saved [102691/102691]

--2017-01-29 21:54:59--  http://doi.org/10.1093/oxfordjournals.oep.a028556
Connecting to doi.org (doi.org)|63.123.152.248|:80... connected.
HTTP request sent, awaiting response... 303 See Other
Location: https://academic.oup.com/oep/article-lookup/doi/10.1093/oxfordjournals.oep.a028556 [following]
--2017-01-29 21:55:00--  https://academic.oup.com/oep/article-lookup/doi/10.1093/oxfordjournals.oep.a028556
Connecting to academic.oup.com (academic.oup.com)|173.254.190.144|:443... connected.
HTTP request sent, awaiting response... 200 OK
Length: 106075 (104K) [text/html]
Saving to: ‘oxfordjournals.oep.a028556’

     0K .......... .......... .......... .......... .......... 48%  209K 0s
    50K .......... .......... .......... .......... .......... 96%  601K 0s
   100K ...                                                   100% 6845G=0.3s

2017-01-29 21:55:05 (321 KB/s) - ‘oxfordjournals.oep.a028556’ saved [106075/106075]

--2017-01-29 21:55:06--  http://doi.org/10.1093/oxfordjournals.oep.a028560
Connecting to doi.org (doi.org)|63.123.152.248|:80... connected.
HTTP request sent, awaiting response... 303 See Other
Location: https://academic.oup.com/oep/article-lookup/doi/10.1093/oxfordjournals.oep.a028560 [following]
--2017-01-29 21:55:08--  https://academic.oup.com/oep/article-lookup/doi/10.1093/oxfordjournals.oep.a028560
Connecting to academic.oup.com (academic.oup.com)|173.254.190.144|:443... connected.
HTTP request sent, awaiting response... 200 OK
Length: 100133 (98K) [text/html]
Saving to: ‘oxfordjournals.oep.a028560’

     0K .......... .......... .......... .......... .......... 51%  209K 0s
    50K .......... .......... .......... .......... .......   100%  584K=0.3s

2017-01-29 21:55:14 (304 KB/s) - ‘oxfordjournals.oep.a028560’ saved [100133/100133]

--2017-01-29 21:55:15--  http://doi.org/10.1093/oxfordjournals.oep.a028563
Connecting to doi.org (doi.org)|63.123.152.248|:80... connected.
HTTP request sent, awaiting response... 303 See Other
Location: https://academic.oup.com/oep/article-lookup/doi/10.1093/oxfordjournals.oep.a028563 [following]
--2017-01-29 21:55:16--  https://academic.oup.com/oep/article-lookup/doi/10.1093/oxfordjournals.oep.a028563
Connecting to academic.oup.com (academic.oup.com)|173.254.190.144|:443... connected.
HTTP request sent, awaiting response... 200 OK
Length: 100880 (99K) [text/html]
Saving to: ‘oxfordjournals.oep.a028563’

     0K .......... .......... .......... .......... .......... 50%  209K 0s
    50K .......... .......... .......... .......... ........  100%  603K=0.3s

2017-01-29 21:55:21 (308 KB/s) - ‘oxfordjournals.oep.a028563’ saved [100880/100880]

--2017-01-29 21:55:22--  http://doi.org/10.1093/oxfordjournals.oep.a028565
Connecting to doi.org (doi.org)|63.123.152.248|:80... connected.
HTTP request sent, awaiting response... 303 See Other
Location: https://academic.oup.com/oep/article-lookup/doi/10.1093/oxfordjournals.oep.a028565 [following]
--2017-01-29 21:55:23--  https://academic.oup.com/oep/article-lookup/doi/10.1093/oxfordjournals.oep.a028565
Connecting to academic.oup.com (academic.oup.com)|173.254.190.144|:443... connected.
HTTP request sent, awaiting response... 200 OK
Length: 103033 (101K) [text/html]
Saving to: ‘oxfordjournals.oep.a028565’

     0K .......... .......... .......... .......... .......... 49%  209K 0s
    50K .......... .......... .......... .......... .......... 99%  617K 0s
   100K                                                       100% 1179G=0.3s

2017-01-29 21:55:28 (314 KB/s) - ‘oxfordjournals.oep.a028565’ saved [103033/103033]

--2017-01-29 21:55:29--  http://doi.org/10.1093/oxfordjournals.oep.a028566
Connecting to doi.org (doi.org)|63.123.152.248|:80... connected.
HTTP request sent, awaiting response... 303 See Other
Location: https://academic.oup.com/oep/article-lookup/doi/10.1093/oxfordjournals.oep.a028566 [following]
--2017-01-29 21:55:30--  https://academic.oup.com/oep/article-lookup/doi/10.1093/oxfordjournals.oep.a028566
Connecting to academic.oup.com (academic.oup.com)|173.254.190.144|:443... connected.
HTTP request sent, awaiting response... 200 OK
Length: 102163 (100K) [text/html]
Saving to: ‘oxfordjournals.oep.a028566’

     0K .......... .......... .......... .......... .......... 50%  209K 0s
    50K .......... .......... .......... .......... ......... 100%  610K=0.3s

2017-01-29 21:55:36 (311 KB/s) - ‘oxfordjournals.oep.a028566’ saved [102163/102163]

--2017-01-29 21:55:37--  http://doi.org/10.1093/oxfordjournals.oep.a028572
Connecting to doi.org (doi.org)|63.123.152.248|:80... connected.
HTTP request sent, awaiting response... 303 See Other
Location: https://academic.oup.com/oep/article-lookup/doi/10.1093/oxfordjournals.oep.a028572 [following]
--2017-01-29 21:55:39--  https://academic.oup.com/oep/article-lookup/doi/10.1093/oxfordjournals.oep.a028572
Connecting to academic.oup.com (academic.oup.com)|173.254.190.144|:443... connected.
HTTP request sent, awaiting response... 200 OK
Length: 100318 (98K) [text/html]
Saving to: ‘oxfordjournals.oep.a028572’

     0K .......... .......... .......... .......... .......... 51%  209K 0s
    50K .......... .......... .......... .......... .......   100%  582K=0.3s

2017-01-29 21:55:44 (305 KB/s) - ‘oxfordjournals.oep.a028572’ saved [100318/100318]

--2017-01-29 21:55:45--  http://doi.org/10.1093/oxfordjournals.oep.a028564
Connecting to doi.org (doi.org)|63.123.152.248|:80... connected.
HTTP request sent, awaiting response... 303 See Other
Location: https://academic.oup.com/oep/article-lookup/doi/10.1093/oxfordjournals.oep.a028564 [following]
--2017-01-29 21:55:46--  https://academic.oup.com/oep/article-lookup/doi/10.1093/oxfordjournals.oep.a028564
Connecting to academic.oup.com (academic.oup.com)|173.254.190.144|:443... connected.
HTTP request sent, awaiting response... 200 OK
Length: 100030 (98K) [text/html]
Saving to: ‘oxfordjournals.oep.a028564’

     0K .......... .......... .......... .......... .......... 51%  208K 0s
    50K .......... .......... .......... .......... .......   100%  585K=0.3s

2017-01-29 21:55:53 (303 KB/s) - ‘oxfordjournals.oep.a028564’ saved [100030/100030]

--2017-01-29 21:55:54--  http://doi.org/10.1093/oxfordjournals.oep.a028568
Connecting to doi.org (doi.org)|63.123.152.248|:80... connected.
HTTP request sent, awaiting response... 303 See Other
Location: https://academic.oup.com/oep/article-lookup/doi/10.1093/oxfordjournals.oep.a028568 [following]
--2017-01-29 21:55:56--  https://academic.oup.com/oep/article-lookup/doi/10.1093/oxfordjournals.oep.a028568
Connecting to academic.oup.com (academic.oup.com)|173.254.190.144|:443... connected.
HTTP request sent, awaiting response... 200 OK
Length: 102771 (100K) [text/html]
Saving to: ‘oxfordjournals.oep.a028568’

     0K .......... .......... .......... .......... .......... 49%  209K 0s
    50K .......... .......... .......... .......... .......... 99%  614K 0s
   100K                                                       100%  691G=0.3s

2017-01-29 21:56:01 (313 KB/s) - ‘oxfordjournals.oep.a028568’ saved [102771/102771]

--2017-01-29 21:56:02--  http://doi.org/10.1093/oxfordjournals.oep.a028567
Connecting to doi.org (doi.org)|63.123.152.248|:80... connected.
HTTP request sent, awaiting response... 303 See Other
Location: https://academic.oup.com/oep/article-lookup/doi/10.1093/oxfordjournals.oep.a028567 [following]
--2017-01-29 21:56:03--  https://academic.oup.com/oep/article-lookup/doi/10.1093/oxfordjournals.oep.a028567
Connecting to academic.oup.com (academic.oup.com)|173.254.190.144|:443... connected.
HTTP request sent, awaiting response... 200 OK
Length: 102997 (101K) [text/html]
Saving to: ‘oxfordjournals.oep.a028567’

     0K .......... .......... .......... .......... .......... 49%  209K 0s
    50K .......... .......... .......... .......... .......... 99%  605K 0s
   100K                                                       100% 1112G=0.3s

2017-01-29 21:56:08 (313 KB/s) - ‘oxfordjournals.oep.a028567’ saved [102997/102997]

--2017-01-29 21:56:09--  http://doi.org/10.1093/oxfordjournals.oep.a028570
Connecting to doi.org (doi.org)|63.123.152.248|:80... connected.
HTTP request sent, awaiting response... 303 See Other
Location: https://academic.oup.com/oep/article-lookup/doi/10.1093/oxfordjournals.oep.a028570 [following]
--2017-01-29 21:56:11--  https://academic.oup.com/oep/article-lookup/doi/10.1093/oxfordjournals.oep.a028570
Connecting to academic.oup.com (academic.oup.com)|173.254.190.144|:443... connected.
HTTP request sent, awaiting response... 200 OK
Length: 102878 (100K) [text/html]
Saving to: ‘oxfordjournals.oep.a028570’

     0K .......... .......... .......... .......... .......... 49%  209K 0s
    50K .......... .......... .......... .......... .......... 99%  610K 0s
   100K                                                       100%  890G=0.3s

2017-01-29 21:56:15 (313 KB/s) - ‘oxfordjournals.oep.a028570’ saved [102878/102878]

--2017-01-29 21:56:16--  http://doi.org/10.1093/oxfordjournals.oep.a028569
Connecting to doi.org (doi.org)|63.123.152.248|:80... connected.
HTTP request sent, awaiting response... 303 See Other
Location: https://academic.oup.com/oep/article-lookup/doi/10.1093/oxfordjournals.oep.a028569 [following]
--2017-01-29 21:56:17--  https://academic.oup.com/oep/article-lookup/doi/10.1093/oxfordjournals.oep.a028569
Connecting to academic.oup.com (academic.oup.com)|173.254.190.144|:443... connected.
HTTP request sent, awaiting response... 200 OK
Length: 99878 (98K) [text/html]
Saving to: ‘oxfordjournals.oep.a028569’

     0K .......... .......... .......... .......... .......... 51%  208K 0s
    50K .......... .......... .......... .......... .......   100%  585K=0.3s

2017-01-29 21:56:24 (303 KB/s) - ‘oxfordjournals.oep.a028569’ saved [99878/99878]

--2017-01-29 21:56:25--  http://doi.org/10.1093/oxfordjournals.oep.a028571
Connecting to doi.org (doi.org)|63.123.152.248|:80... connected.
HTTP request sent, awaiting response... 303 See Other
Location: https://academic.oup.com/oep/article-lookup/doi/10.1093/oxfordjournals.oep.a028571 [following]
--2017-01-29 21:56:27--  https://academic.oup.com/oep/article-lookup/doi/10.1093/oxfordjournals.oep.a028571
Connecting to academic.oup.com (academic.oup.com)|173.254.190.144|:443... connected.
HTTP request sent, awaiting response... 200 OK
Length: 102559 (100K) [text/html]
Saving to: ‘oxfordjournals.oep.a028571’

     0K .......... .......... .......... .......... .......... 49%  208K 0s
    50K .......... .......... .......... .......... .......... 99%  611K 0s
   100K                                                       100%  296G=0.3s

2017-01-29 21:56:32 (311 KB/s) - ‘oxfordjournals.oep.a028571’ saved [102559/102559]

--2017-01-29 21:56:33--  http://doi.org/10.1093/oxfordjournals.oep.a028579
Connecting to doi.org (doi.org)|63.123.152.248|:80... connected.
HTTP request sent, awaiting response... 303 See Other
Location: https://academic.oup.com/oep/article-lookup/doi/10.1093/oxfordjournals.oep.a028579 [following]
--2017-01-29 21:56:34--  https://academic.oup.com/oep/article-lookup/doi/10.1093/oxfordjournals.oep.a028579
Connecting to academic.oup.com (academic.oup.com)|173.254.190.144|:443... connected.
HTTP request sent, awaiting response... 200 OK
Length: 117353 (115K) [text/html]
Saving to: ‘oxfordjournals.oep.a028579’

     0K .......... .......... .......... .......... .......... 43%  209K 0s
    50K .......... .......... .......... .......... .......... 87%  609K 0s
   100K .......... ....                                       100% 8.58M=0.3s

2017-01-29 21:56:40 (355 KB/s) - ‘oxfordjournals.oep.a028579’ saved [117353/117353]

--2017-01-29 21:56:41--  http://doi.org/10.1093/oxfordjournals.oep.a028575
Connecting to doi.org (doi.org)|63.123.152.248|:80... connected.
HTTP request sent, awaiting response... 303 See Other
Location: https://academic.oup.com/oep/article-lookup/doi/10.1093/oxfordjournals.oep.a028575 [following]
--2017-01-29 21:56:42--  https://academic.oup.com/oep/article-lookup/doi/10.1093/oxfordjournals.oep.a028575
Connecting to academic.oup.com (academic.oup.com)|173.254.190.144|:443... connected.
HTTP request sent, awaiting response... 200 OK
Length: 105046 (103K) [text/html]
Saving to: ‘oxfordjournals.oep.a028575’

     0K .......... .......... .......... .......... .......... 48%  209K 0s
    50K .......... .......... .......... .......... .......... 97%  617K 0s
   100K ..                                                    100% 4929G=0.3s

2017-01-29 21:56:48 (320 KB/s) - ‘oxfordjournals.oep.a028575’ saved [105046/105046]

--2017-01-29 21:56:49--  http://doi.org/10.1093/oxfordjournals.oep.a028577
Connecting to doi.org (doi.org)|63.123.152.248|:80... connected.
HTTP request sent, awaiting response... 303 See Other
Location: https://academic.oup.com/oep/article-lookup/doi/10.1093/oxfordjournals.oep.a028577 [following]
--2017-01-29 21:56:50--  https://academic.oup.com/oep/article-lookup/doi/10.1093/oxfordjournals.oep.a028577
Connecting to academic.oup.com (academic.oup.com)|173.254.190.144|:443... connected.
HTTP request sent, awaiting response... 200 OK
Length: 104963 (103K) [text/html]
Saving to: ‘oxfordjournals.oep.a028577’

     0K .......... .......... .......... .......... .......... 48%  209K 0s
    50K .......... .......... .......... .......... .......... 97%  610K 0s
   100K ..                                                    100% 4774G=0.3s

2017-01-29 21:56:55 (319 KB/s) - ‘oxfordjournals.oep.a028577’ saved [104963/104963]

--2017-01-29 21:56:56--  http://doi.org/10.1093/oxfordjournals.oep.a028578
Connecting to doi.org (doi.org)|63.123.152.248|:80... connected.
HTTP request sent, awaiting response... 303 See Other
Location: https://academic.oup.com/oep/article-lookup/doi/10.1093/oxfordjournals.oep.a028578 [following]
--2017-01-29 21:56:57--  https://academic.oup.com/oep/article-lookup/doi/10.1093/oxfordjournals.oep.a028578
Connecting to academic.oup.com (academic.oup.com)|173.254.190.144|:443... connected.
HTTP request sent, awaiting response... 200 OK
Length: 100748 (98K) [text/html]
Saving to: ‘oxfordjournals.oep.a028578’

     0K .......... .......... .......... .......... .......... 50%  209K 0s
    50K .......... .......... .......... .......... ........  100%  588K=0.3s

2017-01-29 21:57:02 (306 KB/s) - ‘oxfordjournals.oep.a028578’ saved [100748/100748]

--2017-01-29 21:57:03--  http://doi.org/10.1093/oxfordjournals.oep.a028576
Connecting to doi.org (doi.org)|63.123.152.248|:80... connected.
HTTP request sent, awaiting response... 303 See Other
Location: https://academic.oup.com/oep/article-lookup/doi/10.1093/oxfordjournals.oep.a028576 [following]
--2017-01-29 21:57:05--  https://academic.oup.com/oep/article-lookup/doi/10.1093/oxfordjournals.oep.a028576
Connecting to academic.oup.com (academic.oup.com)|173.254.190.144|:443... connected.
HTTP request sent, awaiting response... 200 OK
Length: 114941 (112K) [text/html]
Saving to: ‘oxfordjournals.oep.a028576’

     0K .......... .......... .......... .......... .......... 44%  209K 0s
    50K .......... .......... .......... .......... .......... 89%  604K 0s
   100K .......... ..                                         100% 29.7M=0.3s

2017-01-29 21:57:09 (348 KB/s) - ‘oxfordjournals.oep.a028576’ saved [114941/114941]

--2017-01-29 21:57:10--  http://doi.org/10.1093/oxfordjournals.oep.a028574
Connecting to doi.org (doi.org)|63.123.152.248|:80... connected.
HTTP request sent, awaiting response... 303 See Other
Location: https://academic.oup.com/oep/article-lookup/doi/10.1093/oxfordjournals.oep.a028574 [following]
--2017-01-29 21:57:11--  https://academic.oup.com/oep/article-lookup/doi/10.1093/oxfordjournals.oep.a028574
Connecting to academic.oup.com (academic.oup.com)|173.254.190.144|:443... connected.
HTTP request sent, awaiting response... 200 OK
Length: 100274 (98K) [text/html]
Saving to: ‘oxfordjournals.oep.a028574’

     0K .......... .......... .......... .......... .......... 51%  208K 0s
    50K .......... .......... .......... .......... .......   100%  585K=0.3s

2017-01-29 21:57:17 (304 KB/s) - ‘oxfordjournals.oep.a028574’ saved [100274/100274]

--2017-01-29 21:57:18--  http://doi.org/10.1093/oxfordjournals.oep.a028573
Connecting to doi.org (doi.org)|63.123.152.248|:80... connected.
HTTP request sent, awaiting response... 303 See Other
Location: https://academic.oup.com/oep/article-lookup/doi/10.1093/oxfordjournals.oep.a028573 [following]
--2017-01-29 21:57:20--  https://academic.oup.com/oep/article-lookup/doi/10.1093/oxfordjournals.oep.a028573
Connecting to academic.oup.com (academic.oup.com)|173.254.190.144|:443... connected.
HTTP request sent, awaiting response... 200 OK
Length: 100531 (98K) [text/html]
Saving to: ‘oxfordjournals.oep.a028573’

     0K .......... .......... .......... .......... .......... 50%  209K 0s
    50K .......... .......... .......... .......... ........  100%  592K=0.3s

2017-01-29 21:57:25 (306 KB/s) - ‘oxfordjournals.oep.a028573’ saved [100531/100531]

--2017-01-29 21:57:26--  http://doi.org/10.1093/oxfordjournals.oep.a028580
Connecting to doi.org (doi.org)|63.123.152.248|:80... connected.
HTTP request sent, awaiting response... 303 See Other
Location: https://academic.oup.com/oep/article-lookup/doi/10.1093/oxfordjournals.oep.a028580 [following]
--2017-01-29 21:57:28--  https://academic.oup.com/oep/article-lookup/doi/10.1093/oxfordjournals.oep.a028580
Connecting to academic.oup.com (academic.oup.com)|173.254.190.144|:443... connected.
HTTP request sent, awaiting response... 200 OK
Length: 102122 (100K) [text/html]
Saving to: ‘oxfordjournals.oep.a028580’

     0K .......... .......... .......... .......... .......... 50%  209K 0s
    50K .......... .......... .......... .......... ......... 100%  608K=0.3s

2017-01-29 21:57:33 (310 KB/s) - ‘oxfordjournals.oep.a028580’ saved [102122/102122]

--2017-01-29 21:57:34--  http://doi.org/10.1093/oxfordjournals.oep.a028591
Connecting to doi.org (doi.org)|63.123.152.248|:80... connected.
HTTP request sent, awaiting response... 303 See Other
Location: https://academic.oup.com/oep/article-lookup/doi/10.1093/oxfordjournals.oep.a028591 [following]
--2017-01-29 21:57:36--  https://academic.oup.com/oep/article-lookup/doi/10.1093/oxfordjournals.oep.a028591
Connecting to academic.oup.com (academic.oup.com)|173.254.190.144|:443... connected.
HTTP request sent, awaiting response... 200 OK
Length: 100147 (98K) [text/html]
Saving to: ‘oxfordjournals.oep.a028591’

     0K .......... .......... .......... .......... .......... 51%  209K 0s
    50K .......... .......... .......... .......... .......   100%  584K=0.3s

2017-01-29 21:57:41 (305 KB/s) - ‘oxfordjournals.oep.a028591’ saved [100147/100147]

--2017-01-29 21:57:42--  http://doi.org/10.1093/oxfordjournals.oep.a028583
Connecting to doi.org (doi.org)|63.123.152.248|:80... connected.
HTTP request sent, awaiting response... 303 See Other
Location: https://academic.oup.com/oep/article-lookup/doi/10.1093/oxfordjournals.oep.a028583 [following]
--2017-01-29 21:57:43--  https://academic.oup.com/oep/article-lookup/doi/10.1093/oxfordjournals.oep.a028583
Connecting to academic.oup.com (academic.oup.com)|173.254.190.144|:443... connected.
HTTP request sent, awaiting response... 200 OK
Length: 100780 (98K) [text/html]
Saving to: ‘oxfordjournals.oep.a028583’

     0K .......... .......... .......... .......... .......... 50%  209K 0s
    50K .......... .......... .......... .......... ........  100%  594K=0.3s

2017-01-29 21:57:49 (306 KB/s) - ‘oxfordjournals.oep.a028583’ saved [100780/100780]

--2017-01-29 21:57:50--  http://doi.org/10.1093/oxfordjournals.oep.a028585
Connecting to doi.org (doi.org)|63.123.152.248|:80... connected.
HTTP request sent, awaiting response... 303 See Other
Location: https://academic.oup.com/oep/article-lookup/doi/10.1093/oxfordjournals.oep.a028585 [following]
--2017-01-29 21:57:52--  https://academic.oup.com/oep/article-lookup/doi/10.1093/oxfordjournals.oep.a028585
Connecting to academic.oup.com (academic.oup.com)|173.254.190.144|:443... connected.
HTTP request sent, awaiting response... 200 OK
Length: 100463 (98K) [text/html]
Saving to: ‘oxfordjournals.oep.a028585’

     0K .......... .......... .......... .......... .......... 50%  208K 0s
    50K .......... .......... .......... .......... ........  100%  588K=0.3s

2017-01-29 21:57:57 (305 KB/s) - ‘oxfordjournals.oep.a028585’ saved [100463/100463]

--2017-01-29 21:57:58--  http://doi.org/10.1093/oxfordjournals.oep.a028589
Connecting to doi.org (doi.org)|63.123.152.248|:80... connected.
HTTP request sent, awaiting response... 303 See Other
Location: https://academic.oup.com/oep/article-lookup/doi/10.1093/oxfordjournals.oep.a028589 [following]
--2017-01-29 21:57:59--  https://academic.oup.com/oep/article-lookup/doi/10.1093/oxfordjournals.oep.a028589
Connecting to academic.oup.com (academic.oup.com)|173.254.190.144|:443... connected.
HTTP request sent, awaiting response... 200 OK
Length: 100904 (99K) [text/html]
Saving to: ‘oxfordjournals.oep.a028589’

     0K .......... .......... .......... .......... .......... 50%  209K 0s
    50K .......... .......... .......... .......... ........  100%  594K=0.3s

2017-01-29 21:58:05 (307 KB/s) - ‘oxfordjournals.oep.a028589’ saved [100904/100904]

--2017-01-29 21:58:06--  http://doi.org/10.1093/oxfordjournals.oep.a028584
Connecting to doi.org (doi.org)|63.123.152.248|:80... connected.
HTTP request sent, awaiting response... 303 See Other
Location: https://academic.oup.com/oep/article-lookup/doi/10.1093/oxfordjournals.oep.a028584 [following]
--2017-01-29 21:58:08--  https://academic.oup.com/oep/article-lookup/doi/10.1093/oxfordjournals.oep.a028584
Connecting to academic.oup.com (academic.oup.com)|173.254.190.144|:443... connected.
HTTP request sent, awaiting response... 200 OK
Length: 100309 (98K) [text/html]
Saving to: ‘oxfordjournals.oep.a028584’

     0K .......... .......... .......... .......... .......... 51%  208K 0s
    50K .......... .......... .......... .......... .......   100%  586K=0.3s

2017-01-29 21:58:14 (304 KB/s) - ‘oxfordjournals.oep.a028584’ saved [100309/100309]

--2017-01-29 21:58:15--  http://doi.org/10.1093/oxfordjournals.oep.a028586
Connecting to doi.org (doi.org)|63.123.152.248|:80... connected.
HTTP request sent, awaiting response... 303 See Other
Location: https://academic.oup.com/oep/article-lookup/doi/10.1093/oxfordjournals.oep.a028586 [following]
--2017-01-29 21:58:17--  https://academic.oup.com/oep/article-lookup/doi/10.1093/oxfordjournals.oep.a028586
Connecting to academic.oup.com (academic.oup.com)|173.254.190.144|:443... connected.
HTTP request sent, awaiting response... 200 OK
Length: 102513 (100K) [text/html]
Saving to: ‘oxfordjournals.oep.a028586’

     0K .......... .......... .......... .......... .......... 49%  209K 0s
    50K .......... .......... .......... .......... .......... 99%  614K 0s
   100K                                                       100%  210G=0.3s

2017-01-29 21:58:21 (312 KB/s) - ‘oxfordjournals.oep.a028586’ saved [102513/102513]

--2017-01-29 21:58:22--  http://doi.org/10.1093/oxfordjournals.oep.a028587
Connecting to doi.org (doi.org)|63.123.152.248|:80... connected.
HTTP request sent, awaiting response... 303 See Other
Location: https://academic.oup.com/oep/article-lookup/doi/10.1093/oxfordjournals.oep.a028587 [following]
--2017-01-29 21:58:24--  https://academic.oup.com/oep/article-lookup/doi/10.1093/oxfordjournals.oep.a028587
Connecting to academic.oup.com (academic.oup.com)|173.254.190.144|:443... connected.
HTTP request sent, awaiting response... 200 OK
Length: 100400 (98K) [text/html]
Saving to: ‘oxfordjournals.oep.a028587’

     0K .......... .......... .......... .......... .......... 50%  209K 0s
    50K .......... .......... .......... .......... ........  100%  589K=0.3s

2017-01-29 21:58:29 (306 KB/s) - ‘oxfordjournals.oep.a028587’ saved [100400/100400]

--2017-01-29 21:58:30--  http://doi.org/10.1093/oxfordjournals.oep.a028582
Connecting to doi.org (doi.org)|63.123.152.248|:80... connected.
HTTP request sent, awaiting response... 303 See Other
Location: https://academic.oup.com/oep/article-lookup/doi/10.1093/oxfordjournals.oep.a028582 [following]
--2017-01-29 21:58:32--  https://academic.oup.com/oep/article-lookup/doi/10.1093/oxfordjournals.oep.a028582
Connecting to academic.oup.com (academic.oup.com)|173.254.190.144|:443... connected.
HTTP request sent, awaiting response... 200 OK
Length: 102851 (100K) [text/html]
Saving to: ‘oxfordjournals.oep.a028582’

     0K .......... .......... .......... .......... .......... 49%  209K 0s
    50K .......... .......... .......... .......... .......... 99%  611K 0s
   100K                                                       100%  840G=0.3s

2017-01-29 21:58:38 (313 KB/s) - ‘oxfordjournals.oep.a028582’ saved [102851/102851]

--2017-01-29 21:58:39--  http://doi.org/10.1093/oxfordjournals.oep.a028581
Connecting to doi.org (doi.org)|63.123.152.248|:80... connected.
HTTP request sent, awaiting response... 303 See Other
Location: https://academic.oup.com/oep/article-lookup/doi/10.1093/oxfordjournals.oep.a028581 [following]
--2017-01-29 21:58:40--  https://academic.oup.com/oep/article-lookup/doi/10.1093/oxfordjournals.oep.a028581
Connecting to academic.oup.com (academic.oup.com)|173.254.190.144|:443... connected.
HTTP request sent, awaiting response... 200 OK
Length: 102920 (101K) [text/html]
Saving to: ‘oxfordjournals.oep.a028581’

     0K .......... .......... .......... .......... .......... 49%  209K 0s
    50K .......... .......... .......... .......... .......... 99%  619K 0s
   100K                                                       100%  969G=0.3s

2017-01-29 21:58:45 (314 KB/s) - ‘oxfordjournals.oep.a028581’ saved [102920/102920]

--2017-01-29 21:58:46--  http://doi.org/10.1093/oxfordjournals.oep.a028590
Connecting to doi.org (doi.org)|63.123.152.248|:80... connected.
HTTP request sent, awaiting response... 303 See Other
Location: https://academic.oup.com/oep/article-lookup/doi/10.1093/oxfordjournals.oep.a028590 [following]
--2017-01-29 21:58:47--  https://academic.oup.com/oep/article-lookup/doi/10.1093/oxfordjournals.oep.a028590
Connecting to academic.oup.com (academic.oup.com)|173.254.190.144|:443... connected.
HTTP request sent, awaiting response... 200 OK
Length: 102390 (100K) [text/html]
Saving to: ‘oxfordjournals.oep.a028590’

     0K .......... .......... .......... .......... .......... 50%  209K 0s
    50K .......... .......... .......... .......... ......... 100%  614K=0.3s

2017-01-29 21:58:55 (312 KB/s) - ‘oxfordjournals.oep.a028590’ saved [102390/102390]

--2017-01-29 21:58:56--  http://doi.org/10.1093/oxfordjournals.oep.a028588
Connecting to doi.org (doi.org)|63.123.152.248|:80... connected.
HTTP request sent, awaiting response... 303 See Other
Location: https://academic.oup.com/oep/article-lookup/doi/10.1093/oxfordjournals.oep.a028588 [following]
--2017-01-29 21:58:57--  https://academic.oup.com/oep/article-lookup/doi/10.1093/oxfordjournals.oep.a028588
Connecting to academic.oup.com (academic.oup.com)|173.254.190.144|:443... connected.
HTTP request sent, awaiting response... 200 OK
Length: 100268 (98K) [text/html]
Saving to: ‘oxfordjournals.oep.a028588’

     0K .......... .......... .......... .......... .......... 51%  209K 0s
    50K .......... .......... .......... .......... .......   100%  586K=0.3s

2017-01-29 21:59:07 (305 KB/s) - ‘oxfordjournals.oep.a028588’ saved [100268/100268]

--2017-01-29 21:59:08--  http://doi.org/10.1093/oxfordjournals.oep.a028596
Connecting to doi.org (doi.org)|63.123.152.248|:80... connected.
HTTP request sent, awaiting response... 303 See Other
Location: https://academic.oup.com/oep/article-lookup/doi/10.1093/oxfordjournals.oep.a028596 [following]
--2017-01-29 21:59:09--  https://academic.oup.com/oep/article-lookup/doi/10.1093/oxfordjournals.oep.a028596
Connecting to academic.oup.com (academic.oup.com)|173.254.190.144|:443... connected.
HTTP request sent, awaiting response... 200 OK
Length: 100506 (98K) [text/html]
Saving to: ‘oxfordjournals.oep.a028596’

     0K .......... .......... .......... .......... .......... 50%  209K 0s
    50K .......... .......... .......... .......... ........  100%  592K=0.3s

2017-01-29 21:59:15 (306 KB/s) - ‘oxfordjournals.oep.a028596’ saved [100506/100506]

--2017-01-29 21:59:16--  http://doi.org/10.1093/oxfordjournals.oep.a028592
Connecting to doi.org (doi.org)|63.123.152.248|:80... connected.
HTTP request sent, awaiting response... 303 See Other
Location: https://academic.oup.com/oep/article-lookup/doi/10.1093/oxfordjournals.oep.a028592 [following]
--2017-01-29 21:59:17--  https://academic.oup.com/oep/article-lookup/doi/10.1093/oxfordjournals.oep.a028592
Connecting to academic.oup.com (academic.oup.com)|173.254.190.144|:443... connected.
HTTP request sent, awaiting response... 200 OK
Length: 100626 (98K) [text/html]
Saving to: ‘oxfordjournals.oep.a028592’

     0K .......... .......... .......... .......... .......... 50%  208K 0s
    50K .......... .......... .......... .......... ........  100%  579K=0.3s

2017-01-29 21:59:24 (304 KB/s) - ‘oxfordjournals.oep.a028592’ saved [100626/100626]

--2017-01-29 21:59:25--  http://doi.org/10.1093/oxfordjournals.oep.a028598
Connecting to doi.org (doi.org)|63.123.152.248|:80... connected.
HTTP request sent, awaiting response... 303 See Other
Location: https://academic.oup.com/oep/article-lookup/doi/10.1093/oxfordjournals.oep.a028598 [following]
--2017-01-29 21:59:27--  https://academic.oup.com/oep/article-lookup/doi/10.1093/oxfordjournals.oep.a028598
Connecting to academic.oup.com (academic.oup.com)|173.254.190.144|:443... connected.
HTTP request sent, awaiting response... 200 OK
Length: 100526 (98K) [text/html]
Saving to: ‘oxfordjournals.oep.a028598’

     0K .......... .......... .......... .......... .......... 50%  209K 0s
    50K .......... .......... .......... .......... ........  100%  592K=0.3s

2017-01-29 21:59:32 (307 KB/s) - ‘oxfordjournals.oep.a028598’ saved [100526/100526]

--2017-01-29 21:59:33--  http://doi.org/10.1093/oxfordjournals.oep.a028593
Connecting to doi.org (doi.org)|63.123.152.248|:80... connected.
HTTP request sent, awaiting response... 303 See Other
Location: https://academic.oup.com/oep/article-lookup/doi/10.1093/oxfordjournals.oep.a028593 [following]
--2017-01-29 21:59:34--  https://academic.oup.com/oep/article-lookup/doi/10.1093/oxfordjournals.oep.a028593
Connecting to academic.oup.com (academic.oup.com)|173.254.190.144|:443... connected.
HTTP request sent, awaiting response... 200 OK
Length: 104433 (102K) [text/html]
Saving to: ‘oxfordjournals.oep.a028593’

     0K .......... .......... .......... .......... .......... 49%  208K 0s
    50K .......... .......... .......... .......... .......... 98%  604K 0s
   100K .                                                     100% 3787G=0.3s

2017-01-29 21:59:40 (315 KB/s) - ‘oxfordjournals.oep.a028593’ saved [104433/104433]

--2017-01-29 21:59:41--  http://doi.org/10.1093/oxfordjournals.oep.a028597
Connecting to doi.org (doi.org)|63.123.152.248|:80... connected.
HTTP request sent, awaiting response... 303 See Other
Location: https://academic.oup.com/oep/article-lookup/doi/10.1093/oxfordjournals.oep.a028597 [following]
--2017-01-29 21:59:43--  https://academic.oup.com/oep/article-lookup/doi/10.1093/oxfordjournals.oep.a028597
Connecting to academic.oup.com (academic.oup.com)|173.254.190.144|:443... connected.
HTTP request sent, awaiting response... 200 OK
Length: 100992 (99K) [text/html]
Saving to: ‘oxfordjournals.oep.a028597’

     0K .......... .......... .......... .......... .......... 50%  310K 0s
    50K .......... .......... .......... .......... ........  100%  305K=0.3s

2017-01-29 21:59:47 (307 KB/s) - ‘oxfordjournals.oep.a028597’ saved [100992/100992]

--2017-01-29 21:59:48--  http://doi.org/10.1093/oxfordjournals.oep.a028595
Connecting to doi.org (doi.org)|63.123.152.248|:80... connected.
HTTP request sent, awaiting response... 303 See Other
Location: https://academic.oup.com/oep/article-lookup/doi/10.1093/oxfordjournals.oep.a028595 [following]
--2017-01-29 21:59:50--  https://academic.oup.com/oep/article-lookup/doi/10.1093/oxfordjournals.oep.a028595
Connecting to academic.oup.com (academic.oup.com)|173.254.190.144|:443... connected.
HTTP request sent, awaiting response... 200 OK
Length: 102452 (100K) [text/html]
Saving to: ‘oxfordjournals.oep.a028595’

     0K .......... .......... .......... .......... .......... 49%  209K 0s
    50K .......... .......... .......... .......... .......... 99%  611K 0s
   100K                                                       100% 96.9G=0.3s

2017-01-29 21:59:58 (311 KB/s) - ‘oxfordjournals.oep.a028595’ saved [102452/102452]

--2017-01-29 21:59:59--  http://doi.org/10.1093/oxfordjournals.oep.a028594
Connecting to doi.org (doi.org)|63.123.152.248|:80... connected.
HTTP request sent, awaiting response... 303 See Other
Location: https://academic.oup.com/oep/article-lookup/doi/10.1093/oxfordjournals.oep.a028594 [following]
--2017-01-29 22:00:00--  https://academic.oup.com/oep/article-lookup/doi/10.1093/oxfordjournals.oep.a028594
Connecting to academic.oup.com (academic.oup.com)|173.254.190.144|:443... connected.
HTTP request sent, awaiting response... 200 OK
Length: 102610 (100K) [text/html]
Saving to: ‘oxfordjournals.oep.a028594’

     0K .......... .......... .......... .......... .......... 49%  209K 0s
    50K .......... .......... .......... .......... .......... 99%  614K 0s
   100K                                                       100%  391G=0.3s

2017-01-29 22:00:06 (313 KB/s) - ‘oxfordjournals.oep.a028594’ saved [102610/102610]

--2017-01-29 22:00:07--  http://doi.org/10.1093/oxfordjournals.oep.a028599
Connecting to doi.org (doi.org)|63.123.152.248|:80... connected.
HTTP request sent, awaiting response... 303 See Other
Location: https://academic.oup.com/oep/article-lookup/doi/10.1093/oxfordjournals.oep.a028599 [following]
--2017-01-29 22:00:09--  https://academic.oup.com/oep/article-lookup/doi/10.1093/oxfordjournals.oep.a028599
Connecting to academic.oup.com (academic.oup.com)|173.254.190.144|:443... connected.
HTTP request sent, awaiting response... 200 OK
Length: 102921 (101K) [text/html]
Saving to: ‘oxfordjournals.oep.a028599’

     0K .......... .......... .......... .......... .......... 49%  309K 0s
    50K .......... .......... .......... .......... .......... 99%  312K 0s
   100K                                                       100%  970G=0.3s

2017-01-29 22:00:15 (312 KB/s) - ‘oxfordjournals.oep.a028599’ saved [102921/102921]

--2017-01-29 22:00:16--  http://doi.org/10.1093/oxfordjournals.oep.a028607
Connecting to doi.org (doi.org)|63.123.152.248|:80... connected.
HTTP request sent, awaiting response... 303 See Other
Location: https://academic.oup.com/oep/article-lookup/doi/10.1093/oxfordjournals.oep.a028607 [following]
--2017-01-29 22:00:17--  https://academic.oup.com/oep/article-lookup/doi/10.1093/oxfordjournals.oep.a028607
Connecting to academic.oup.com (academic.oup.com)|173.254.190.144|:443... connected.
HTTP request sent, awaiting response... 200 OK
Length: 106388 (104K) [text/html]
Saving to: ‘oxfordjournals.oep.a028607’

     0K .......... .......... .......... .......... .......... 48%  208K 0s
    50K .......... .......... .......... .......... .......... 96%  602K 0s
   100K ...                                                   100% 21.0M=0.3s

2017-01-29 22:00:23 (321 KB/s) - ‘oxfordjournals.oep.a028607’ saved [106388/106388]

--2017-01-29 22:00:24--  http://doi.org/10.1093/oxfordjournals.oep.a028606
Connecting to doi.org (doi.org)|63.123.152.248|:80... connected.
HTTP request sent, awaiting response... 303 See Other
Location: https://academic.oup.com/oep/article-lookup/doi/10.1093/oxfordjournals.oep.a028606 [following]
--2017-01-29 22:00:25--  https://academic.oup.com/oep/article-lookup/doi/10.1093/oxfordjournals.oep.a028606
Connecting to academic.oup.com (academic.oup.com)|173.254.190.144|:443... connected.
HTTP request sent, awaiting response... 200 OK
Length: 100397 (98K) [text/html]
Saving to: ‘oxfordjournals.oep.a028606’

     0K .......... .......... .......... .......... .......... 50%  208K 0s
    50K .......... .......... .......... .......... ........  100%  587K=0.3s

2017-01-29 22:00:31 (304 KB/s) - ‘oxfordjournals.oep.a028606’ saved [100397/100397]

--2017-01-29 22:00:32--  http://doi.org/10.1093/oxfordjournals.oep.a028604
Connecting to doi.org (doi.org)|63.123.152.248|:80... connected.
HTTP request sent, awaiting response... 303 See Other
Location: https://academic.oup.com/oep/article-lookup/doi/10.1093/oxfordjournals.oep.a028604 [following]
--2017-01-29 22:00:33--  https://academic.oup.com/oep/article-lookup/doi/10.1093/oxfordjournals.oep.a028604
Connecting to academic.oup.com (academic.oup.com)|173.254.190.144|:443... connected.
HTTP request sent, awaiting response... 200 OK
Length: 102800 (100K) [text/html]
Saving to: ‘oxfordjournals.oep.a028604’

     0K .......... .......... .......... .......... .......... 49%  209K 0s
    50K .......... .......... .......... .......... .......... 99%  610K 0s
   100K                                                       100%  745G=0.3s

2017-01-29 22:00:39 (312 KB/s) - ‘oxfordjournals.oep.a028604’ saved [102800/102800]

--2017-01-29 22:00:40--  http://doi.org/10.1093/oxfordjournals.oep.a028605
Connecting to doi.org (doi.org)|63.123.152.248|:80... connected.
HTTP request sent, awaiting response... 303 See Other
Location: https://academic.oup.com/oep/article-lookup/doi/10.1093/oxfordjournals.oep.a028605 [following]
--2017-01-29 22:00:41--  https://academic.oup.com/oep/article-lookup/doi/10.1093/oxfordjournals.oep.a028605
Connecting to academic.oup.com (academic.oup.com)|173.254.190.144|:443... connected.
HTTP request sent, awaiting response... 200 OK
Length: 100653 (98K) [text/html]
Saving to: ‘oxfordjournals.oep.a028605’

     0K .......... .......... .......... .......... .......... 50%  209K 0s
    50K .......... .......... .......... .......... ........  100%  596K=0.3s

2017-01-29 22:00:47 (307 KB/s) - ‘oxfordjournals.oep.a028605’ saved [100653/100653]

--2017-01-29 22:00:48--  http://doi.org/10.1093/oxfordjournals.oep.a028608
Connecting to doi.org (doi.org)|63.123.152.248|:80... connected.
HTTP request sent, awaiting response... 303 See Other
Location: https://academic.oup.com/oep/article-lookup/doi/10.1093/oxfordjournals.oep.a028608 [following]
--2017-01-29 22:00:49--  https://academic.oup.com/oep/article-lookup/doi/10.1093/oxfordjournals.oep.a028608
Connecting to academic.oup.com (academic.oup.com)|173.254.190.144|:443... connected.
HTTP request sent, awaiting response... 200 OK
Length: 115105 (112K) [text/html]
Saving to: ‘oxfordjournals.oep.a028608’

     0K .......... .......... .......... .......... .......... 44%  209K 0s
    50K .......... .......... .......... .......... .......... 88%  594K 0s
   100K .......... ..                                         100% 26.3M=0.3s

2017-01-29 22:00:56 (347 KB/s) - ‘oxfordjournals.oep.a028608’ saved [115105/115105]

--2017-01-29 22:00:57--  http://doi.org/10.1093/oxfordjournals.oep.a028603
Connecting to doi.org (doi.org)|63.123.152.248|:80... connected.
HTTP request sent, awaiting response... 303 See Other
Location: https://academic.oup.com/oep/article-lookup/doi/10.1093/oxfordjournals.oep.a028603 [following]
--2017-01-29 22:00:59--  https://academic.oup.com/oep/article-lookup/doi/10.1093/oxfordjournals.oep.a028603
Connecting to academic.oup.com (academic.oup.com)|173.254.190.144|:443... connected.
HTTP request sent, awaiting response... 200 OK
Length: 102514 (100K) [text/html]
Saving to: ‘oxfordjournals.oep.a028603’

     0K .......... .......... .......... .......... .......... 49%  209K 0s
    50K .......... .......... .......... .......... .......... 99%  611K 0s
   100K                                                       100%  212G=0.3s

2017-01-29 22:01:04 (312 KB/s) - ‘oxfordjournals.oep.a028603’ saved [102514/102514]

--2017-01-29 22:01:05--  http://doi.org/10.1093/oxfordjournals.oep.a028601
Connecting to doi.org (doi.org)|63.123.152.248|:80... connected.
HTTP request sent, awaiting response... 303 See Other
Location: https://academic.oup.com/oep/article-lookup/doi/10.1093/oxfordjournals.oep.a028601 [following]
--2017-01-29 22:01:06--  https://academic.oup.com/oep/article-lookup/doi/10.1093/oxfordjournals.oep.a028601
Connecting to academic.oup.com (academic.oup.com)|173.254.190.144|:443... connected.
HTTP request sent, awaiting response... 200 OK
Length: 102723 (100K) [text/html]
Saving to: ‘oxfordjournals.oep.a028601’

     0K .......... .......... .......... .......... .......... 49%  207K 0s
    50K .......... .......... .......... .......... .......... 99%  611K 0s
   100K                                                       100%  602G=0.3s

2017-01-29 22:01:11 (310 KB/s) - ‘oxfordjournals.oep.a028601’ saved [102723/102723]

--2017-01-29 22:01:12--  http://doi.org/10.1093/oxfordjournals.oep.a028610
Connecting to doi.org (doi.org)|63.123.152.248|:80... connected.
HTTP request sent, awaiting response... 303 See Other
Location: https://academic.oup.com/oep/article-lookup/doi/10.1093/oxfordjournals.oep.a028610 [following]
--2017-01-29 22:01:14--  https://academic.oup.com/oep/article-lookup/doi/10.1093/oxfordjournals.oep.a028610
Connecting to academic.oup.com (academic.oup.com)|173.254.190.144|:443... connected.
HTTP request sent, awaiting response... 200 OK
Length: 104216 (102K) [text/html]
Saving to: ‘oxfordjournals.oep.a028610’

     0K .......... .......... .......... .......... .......... 49%  209K 0s
    50K .......... .......... .......... .......... .......... 98%  613K 0s
   100K .                                                     100% 3383G=0.3s

2017-01-29 22:01:19 (317 KB/s) - ‘oxfordjournals.oep.a028610’ saved [104216/104216]

--2017-01-29 22:01:20--  http://doi.org/10.1093/oxfordjournals.oep.a028602
Connecting to doi.org (doi.org)|63.123.152.248|:80... connected.
HTTP request sent, awaiting response... 303 See Other
Location: https://academic.oup.com/oep/article-lookup/doi/10.1093/oxfordjournals.oep.a028602 [following]
--2017-01-29 22:01:22--  https://academic.oup.com/oep/article-lookup/doi/10.1093/oxfordjournals.oep.a028602
Connecting to academic.oup.com (academic.oup.com)|173.254.190.144|:443... connected.
HTTP request sent, awaiting response... 200 OK
Length: 115716 (113K) [text/html]
Saving to: ‘oxfordjournals.oep.a028602’

     0K .......... .......... .......... .......... .......... 44%  209K 0s
    50K .......... .......... .......... .......... .......... 88%  609K 0s
   100K .......... ...                                        100% 12.6M=0.3s

2017-01-29 22:01:28 (351 KB/s) - ‘oxfordjournals.oep.a028602’ saved [115716/115716]

--2017-01-29 22:01:29--  http://doi.org/10.1093/oxfordjournals.oep.a028600
Connecting to doi.org (doi.org)|63.123.152.248|:80... connected.
HTTP request sent, awaiting response... 303 See Other
Location: https://academic.oup.com/oep/article-lookup/doi/10.1093/oxfordjournals.oep.a028600 [following]
--2017-01-29 22:01:30--  https://academic.oup.com/oep/article-lookup/doi/10.1093/oxfordjournals.oep.a028600
Connecting to academic.oup.com (academic.oup.com)|173.254.190.144|:443... connected.
HTTP request sent, awaiting response... 200 OK
Length: 102040 (100K) [text/html]
Saving to: ‘oxfordjournals.oep.a028600’

     0K .......... .......... .......... .......... .......... 50%  209K 0s
    50K .......... .......... .......... .......... ......... 100%  605K=0.3s

2017-01-29 22:01:36 (310 KB/s) - ‘oxfordjournals.oep.a028600’ saved [102040/102040]

--2017-01-29 22:01:37--  http://doi.org/10.1093/oxfordjournals.oep.a028609
Connecting to doi.org (doi.org)|63.123.152.248|:80... connected.
HTTP request sent, awaiting response... 303 See Other
Location: https://academic.oup.com/oep/article-lookup/doi/10.1093/oxfordjournals.oep.a028609 [following]
--2017-01-29 22:01:39--  https://academic.oup.com/oep/article-lookup/doi/10.1093/oxfordjournals.oep.a028609
Connecting to academic.oup.com (academic.oup.com)|173.254.190.144|:443... connected.
HTTP request sent, awaiting response... 200 OK
Length: 102360 (100K) [text/html]
Saving to: ‘oxfordjournals.oep.a028609’

     0K .......... .......... .......... .......... .......... 50%  209K 0s
    50K .......... .......... .......... .......... ......... 100%  613K=0.3s

2017-01-29 22:01:43 (312 KB/s) - ‘oxfordjournals.oep.a028609’ saved [102360/102360]

--2017-01-29 22:01:44--  http://doi.org/10.1093/oxfordjournals.oep.a028618
Connecting to doi.org (doi.org)|63.123.152.248|:80... connected.
HTTP request sent, awaiting response... 303 See Other
Location: https://academic.oup.com/oep/article-lookup/doi/10.1093/oxfordjournals.oep.a028618 [following]
--2017-01-29 22:01:46--  https://academic.oup.com/oep/article-lookup/doi/10.1093/oxfordjournals.oep.a028618
Connecting to academic.oup.com (academic.oup.com)|173.254.190.144|:443... connected.
HTTP request sent, awaiting response... 200 OK
Length: 99157 (97K) [text/html]
Saving to: ‘oxfordjournals.oep.a028618’

     0K .......... .......... .......... .......... .......... 51%  208K 0s
    50K .......... .......... .......... .......... ......    100%  583K=0.3s

2017-01-29 22:01:50 (302 KB/s) - ‘oxfordjournals.oep.a028618’ saved [99157/99157]

--2017-01-29 22:01:51--  http://doi.org/10.1093/oxfordjournals.oep.a028619
Connecting to doi.org (doi.org)|63.123.152.248|:80... connected.
HTTP request sent, awaiting response... 303 See Other
Location: https://academic.oup.com/oep/article-lookup/doi/10.1093/oxfordjournals.oep.a028619 [following]
--2017-01-29 22:01:52--  https://academic.oup.com/oep/article-lookup/doi/10.1093/oxfordjournals.oep.a028619
Connecting to academic.oup.com (academic.oup.com)|173.254.190.144|:443... connected.
HTTP request sent, awaiting response... 200 OK
Length: 101385 (99K) [text/html]
Saving to: ‘oxfordjournals.oep.a028619’

     0K .......... .......... .......... .......... .......... 50%  209K 0s
    50K .......... .......... .......... .......... ......... 100%  602K=0.3s

2017-01-29 22:01:58 (309 KB/s) - ‘oxfordjournals.oep.a028619’ saved [101385/101385]

--2017-01-29 22:01:59--  http://doi.org/10.1093/oxfordjournals.oep.a028613
Connecting to doi.org (doi.org)|63.123.152.248|:80... connected.
HTTP request sent, awaiting response... 303 See Other
Location: https://academic.oup.com/oep/article-lookup/doi/10.1093/oxfordjournals.oep.a028613 [following]
--2017-01-29 22:02:00--  https://academic.oup.com/oep/article-lookup/doi/10.1093/oxfordjournals.oep.a028613
Connecting to academic.oup.com (academic.oup.com)|173.254.190.144|:443... connected.
HTTP request sent, awaiting response... 200 OK
Length: 104801 (102K) [text/html]
Saving to: ‘oxfordjournals.oep.a028613’

     0K .......... .......... .......... .......... .......... 48%  209K 0s
    50K .......... .......... .......... .......... .......... 97%  614K 0s
   100K ..                                                    100% 4472G=0.3s

2017-01-29 22:02:08 (319 KB/s) - ‘oxfordjournals.oep.a028613’ saved [104801/104801]

--2017-01-29 22:02:09--  http://doi.org/10.1093/oxfordjournals.oep.a028617
Connecting to doi.org (doi.org)|63.123.152.248|:80... connected.
HTTP request sent, awaiting response... 303 See Other
Location: https://academic.oup.com/oep/article-lookup/doi/10.1093/oxfordjournals.oep.a028617 [following]
--2017-01-29 22:02:10--  https://academic.oup.com/oep/article-lookup/doi/10.1093/oxfordjournals.oep.a028617
Connecting to academic.oup.com (academic.oup.com)|173.254.190.144|:443... connected.
HTTP request sent, awaiting response... 200 OK
Length: 100896 (99K) [text/html]
Saving to: ‘oxfordjournals.oep.a028617’

     0K .......... .......... .......... .......... .......... 50%  209K 0s
    50K .......... .......... .......... .......... ........  100%  597K=0.3s

2017-01-29 22:02:17 (307 KB/s) - ‘oxfordjournals.oep.a028617’ saved [100896/100896]

--2017-01-29 22:02:18--  http://doi.org/10.1093/oxfordjournals.oep.a028615
Connecting to doi.org (doi.org)|63.123.152.248|:80... connected.
HTTP request sent, awaiting response... 303 See Other
Location: https://academic.oup.com/oep/article-lookup/doi/10.1093/oxfordjournals.oep.a028615 [following]
--2017-01-29 22:02:19--  https://academic.oup.com/oep/article-lookup/doi/10.1093/oxfordjournals.oep.a028615
Connecting to academic.oup.com (academic.oup.com)|173.254.190.144|:443... connected.
HTTP request sent, awaiting response... 200 OK
Length: 102480 (100K) [text/html]
Saving to: ‘oxfordjournals.oep.a028615’

     0K .......... .......... .......... .......... .......... 49%  209K 0s
    50K .......... .......... .......... .......... .......... 99%  609K 0s
   100K                                                       100%  149G=0.3s

2017-01-29 22:02:24 (311 KB/s) - ‘oxfordjournals.oep.a028615’ saved [102480/102480]

--2017-01-29 22:02:25--  http://doi.org/10.1093/oxfordjournals.oep.a028614
Connecting to doi.org (doi.org)|63.123.152.248|:80... connected.
HTTP request sent, awaiting response... 303 See Other
Location: https://academic.oup.com/oep/article-lookup/doi/10.1093/oxfordjournals.oep.a028614 [following]
--2017-01-29 22:02:27--  https://academic.oup.com/oep/article-lookup/doi/10.1093/oxfordjournals.oep.a028614
Connecting to academic.oup.com (academic.oup.com)|173.254.190.144|:443... connected.
HTTP request sent, awaiting response... 200 OK
Length: 104200 (102K) [text/html]
Saving to: ‘oxfordjournals.oep.a028614’

     0K .......... .......... .......... .......... .......... 49%  209K 0s
    50K .......... .......... .......... .......... .......... 98%  609K 0s
   100K .                                                     100% 3353G=0.3s

2017-01-29 22:02:33 (316 KB/s) - ‘oxfordjournals.oep.a028614’ saved [104200/104200]

--2017-01-29 22:02:34--  http://doi.org/10.1093/oxfordjournals.oep.a028611
Connecting to doi.org (doi.org)|63.123.152.248|:80... connected.
HTTP request sent, awaiting response... 303 See Other
Location: https://academic.oup.com/oep/article-lookup/doi/10.1093/oxfordjournals.oep.a028611 [following]
--2017-01-29 22:02:36--  https://academic.oup.com/oep/article-lookup/doi/10.1093/oxfordjournals.oep.a028611
Connecting to academic.oup.com (academic.oup.com)|173.254.190.144|:443... connected.
HTTP request sent, awaiting response... 200 OK
Length: 117612 (115K) [text/html]
Saving to: ‘oxfordjournals.oep.a028611’

     0K .......... .......... .......... .......... .......... 43%  208K 0s
    50K .......... .......... .......... .......... .......... 87%  608K 0s
   100K .......... ....                                       100% 9.67M=0.3s

2017-01-29 22:02:43 (355 KB/s) - ‘oxfordjournals.oep.a028611’ saved [117612/117612]

--2017-01-29 22:02:44--  http://doi.org/10.1093/oxfordjournals.oep.a028612
Connecting to doi.org (doi.org)|63.123.152.248|:80... connected.
HTTP request sent, awaiting response... 303 See Other
Location: https://academic.oup.com/oep/article-lookup/doi/10.1093/oxfordjournals.oep.a028612 [following]
--2017-01-29 22:02:45--  https://academic.oup.com/oep/article-lookup/doi/10.1093/oxfordjournals.oep.a028612
Connecting to academic.oup.com (academic.oup.com)|173.254.190.144|:443... connected.
HTTP request sent, awaiting response... 200 OK
Length: 102148 (100K) [text/html]
Saving to: ‘oxfordjournals.oep.a028612’

     0K .......... .......... .......... .......... .......... 50%  209K 0s
    50K .......... .......... .......... .......... ......... 100%  607K=0.3s

2017-01-29 22:02:53 (311 KB/s) - ‘oxfordjournals.oep.a028612’ saved [102148/102148]

--2017-01-29 22:02:54--  http://doi.org/10.1093/oxfordjournals.oep.a028616
Connecting to doi.org (doi.org)|63.123.152.248|:80... connected.
HTTP request sent, awaiting response... 303 See Other
Location: https://academic.oup.com/oep/article-lookup/doi/10.1093/oxfordjournals.oep.a028616 [following]
--2017-01-29 22:02:55--  https://academic.oup.com/oep/article-lookup/doi/10.1093/oxfordjournals.oep.a028616
Connecting to academic.oup.com (academic.oup.com)|173.254.190.144|:443... connected.
HTTP request sent, awaiting response... 200 OK
Length: 104806 (102K) [text/html]
Saving to: ‘oxfordjournals.oep.a028616’

     0K .......... .......... .......... .......... .......... 48%  209K 0s
    50K .......... .......... .......... .......... .......... 97%  609K 0s
   100K ..                                                    100% 4482G=0.3s

2017-01-29 22:03:00 (319 KB/s) - ‘oxfordjournals.oep.a028616’ saved [104806/104806]

--2017-01-29 22:03:01--  http://doi.org/10.1093/oxfordjournals.oep.a028623
Connecting to doi.org (doi.org)|63.123.152.248|:80... connected.
HTTP request sent, awaiting response... 303 See Other
Location: https://academic.oup.com/oep/article-lookup/doi/10.1093/oxfordjournals.oep.a028623 [following]
--2017-01-29 22:03:03--  https://academic.oup.com/oep/article-lookup/doi/10.1093/oxfordjournals.oep.a028623
Connecting to academic.oup.com (academic.oup.com)|173.254.190.144|:443... connected.
HTTP request sent, awaiting response... 200 OK
Length: 102190 (100K) [text/html]
Saving to: ‘oxfordjournals.oep.a028623’

     0K .......... .......... .......... .......... .......... 50%  209K 0s
    50K .......... .......... .......... .......... ......... 100%  608K=0.3s

2017-01-29 22:03:09 (311 KB/s) - ‘oxfordjournals.oep.a028623’ saved [102190/102190]

--2017-01-29 22:03:10--  http://doi.org/10.1093/oxfordjournals.oep.a028630
Connecting to doi.org (doi.org)|63.123.152.248|:80... connected.
HTTP request sent, awaiting response... 303 See Other
Location: https://academic.oup.com/oep/article-lookup/doi/10.1093/oxfordjournals.oep.a028630 [following]
--2017-01-29 22:03:11--  https://academic.oup.com/oep/article-lookup/doi/10.1093/oxfordjournals.oep.a028630
Connecting to academic.oup.com (academic.oup.com)|173.254.190.144|:443... connected.
HTTP request sent, awaiting response... 200 OK
Length: 100385 (98K) [text/html]
Saving to: ‘oxfordjournals.oep.a028630’

     0K .......... .......... .......... .......... .......... 51%  208K 0s
    50K .......... .......... .......... .......... ........  100%  588K=0.3s

2017-01-29 22:03:17 (304 KB/s) - ‘oxfordjournals.oep.a028630’ saved [100385/100385]

--2017-01-29 22:03:18--  http://doi.org/10.1093/oxfordjournals.oep.a028621
Connecting to doi.org (doi.org)|63.123.152.248|:80... connected.
HTTP request sent, awaiting response... 303 See Other
Location: https://academic.oup.com/oep/article-lookup/doi/10.1093/oxfordjournals.oep.a028621 [following]
--2017-01-29 22:03:19--  https://academic.oup.com/oep/article-lookup/doi/10.1093/oxfordjournals.oep.a028621
Connecting to academic.oup.com (academic.oup.com)|173.254.190.144|:443... connected.
HTTP request sent, awaiting response... 200 OK
Length: 104497 (102K) [text/html]
Saving to: ‘oxfordjournals.oep.a028621’

     0K .......... .......... .......... .......... .......... 48%  209K 0s
    50K .......... .......... .......... .......... .......... 97%  614K 0s
   100K ..                                                    100% 9.42M=0.3s

2017-01-29 22:03:25 (318 KB/s) - ‘oxfordjournals.oep.a028621’ saved [104497/104497]

--2017-01-29 22:03:26--  http://doi.org/10.1093/oxfordjournals.oep.a028622
Connecting to doi.org (doi.org)|63.123.152.248|:80... connected.
HTTP request sent, awaiting response... 303 See Other
Location: https://academic.oup.com/oep/article-lookup/doi/10.1093/oxfordjournals.oep.a028622 [following]
--2017-01-29 22:03:28--  https://academic.oup.com/oep/article-lookup/doi/10.1093/oxfordjournals.oep.a028622
Connecting to academic.oup.com (academic.oup.com)|173.254.190.144|:443... connected.
HTTP request sent, awaiting response... 200 OK
Length: 100999 (99K) [text/html]
Saving to: ‘oxfordjournals.oep.a028622’

     0K .......... .......... .......... .......... .......... 50%  209K 0s
    50K .......... .......... .......... .......... ........  100%  596K=0.3s

2017-01-29 22:03:31 (308 KB/s) - ‘oxfordjournals.oep.a028622’ saved [100999/100999]

--2017-01-29 22:03:32--  http://doi.org/10.1093/oxfordjournals.oep.a028625
Connecting to doi.org (doi.org)|63.123.152.248|:80... connected.
HTTP request sent, awaiting response... 303 See Other
Location: https://academic.oup.com/oep/article-lookup/doi/10.1093/oxfordjournals.oep.a028625 [following]
--2017-01-29 22:03:34--  https://academic.oup.com/oep/article-lookup/doi/10.1093/oxfordjournals.oep.a028625
Connecting to academic.oup.com (academic.oup.com)|173.254.190.144|:443... connected.
HTTP request sent, awaiting response... 200 OK
Length: 105864 (103K) [text/html]
Saving to: ‘oxfordjournals.oep.a028625’

     0K .......... .......... .......... .......... .......... 48%  209K 0s
    50K .......... .......... .......... .......... .......... 96%  609K 0s
   100K ...                                                   100% 6452G=0.3s

2017-01-29 22:03:39 (321 KB/s) - ‘oxfordjournals.oep.a028625’ saved [105864/105864]

--2017-01-29 22:03:40--  http://doi.org/10.1093/oxfordjournals.oep.a028629
Connecting to doi.org (doi.org)|63.123.152.248|:80... connected.
HTTP request sent, awaiting response... 303 See Other
Location: https://academic.oup.com/oep/article-lookup/doi/10.1093/oxfordjournals.oep.a028629 [following]
--2017-01-29 22:03:42--  https://academic.oup.com/oep/article-lookup/doi/10.1093/oxfordjournals.oep.a028629
Connecting to academic.oup.com (academic.oup.com)|173.254.190.144|:443... connected.
HTTP request sent, awaiting response... 200 OK
Length: 102322 (100K) [text/html]
Saving to: ‘oxfordjournals.oep.a028629’

     0K .......... .......... .......... .......... .......... 50%  209K 0s
    50K .......... .......... .......... .......... ......... 100%  606K=0.3s

2017-01-29 22:03:48 (310 KB/s) - ‘oxfordjournals.oep.a028629’ saved [102322/102322]

--2017-01-29 22:03:49--  http://doi.org/10.1093/oxfordjournals.oep.a028628
Connecting to doi.org (doi.org)|63.123.152.248|:80... connected.
HTTP request sent, awaiting response... 303 See Other
Location: https://academic.oup.com/oep/article-lookup/doi/10.1093/oxfordjournals.oep.a028628 [following]
--2017-01-29 22:03:50--  https://academic.oup.com/oep/article-lookup/doi/10.1093/oxfordjournals.oep.a028628
Connecting to academic.oup.com (academic.oup.com)|173.254.190.144|:443... connected.
HTTP request sent, awaiting response... 200 OK
Length: 102797 (100K) [text/html]
Saving to: ‘oxfordjournals.oep.a028628’

     0K .......... .......... .......... .......... .......... 49%  208K 0s
    50K .......... .......... .......... .......... .......... 99%  606K 0s
   100K                                                       100%  739G=0.3s

2017-01-29 22:03:56 (311 KB/s) - ‘oxfordjournals.oep.a028628’ saved [102797/102797]

--2017-01-29 22:03:57--  http://doi.org/10.1093/oxfordjournals.oep.a028627
Connecting to doi.org (doi.org)|63.123.152.248|:80... connected.
HTTP request sent, awaiting response... 303 See Other
Location: https://academic.oup.com/oep/article-lookup/doi/10.1093/oxfordjournals.oep.a028627 [following]
--2017-01-29 22:03:59--  https://academic.oup.com/oep/article-lookup/doi/10.1093/oxfordjournals.oep.a028627
Connecting to academic.oup.com (academic.oup.com)|173.254.190.144|:443... connected.
HTTP request sent, awaiting response... 200 OK
Length: 100695 (98K) [text/html]
Saving to: ‘oxfordjournals.oep.a028627’

     0K .......... .......... .......... .......... .......... 50%  207K 0s
    50K .......... .......... .......... .......... ........  100%  593K=0.3s

2017-01-29 22:04:05 (305 KB/s) - ‘oxfordjournals.oep.a028627’ saved [100695/100695]

--2017-01-29 22:04:06--  http://doi.org/10.1093/oxfordjournals.oep.a028626
Connecting to doi.org (doi.org)|63.123.152.248|:80... connected.
HTTP request sent, awaiting response... 303 See Other
Location: https://academic.oup.com/oep/article-lookup/doi/10.1093/oxfordjournals.oep.a028626 [following]
--2017-01-29 22:04:07--  https://academic.oup.com/oep/article-lookup/doi/10.1093/oxfordjournals.oep.a028626
Connecting to academic.oup.com (academic.oup.com)|173.254.190.144|:443... connected.
HTTP request sent, awaiting response... 200 OK
Length: 100426 (98K) [text/html]
Saving to: ‘oxfordjournals.oep.a028626’

     0K .......... .......... .......... .......... .......... 50%  208K 0s
    50K .......... .......... .......... .......... ........  100%  591K=0.3s

2017-01-29 22:04:14 (305 KB/s) - ‘oxfordjournals.oep.a028626’ saved [100426/100426]

--2017-01-29 22:04:15--  http://doi.org/10.1093/oxfordjournals.oep.a028620
Connecting to doi.org (doi.org)|63.123.152.248|:80... connected.
HTTP request sent, awaiting response... 303 See Other
Location: https://academic.oup.com/oep/article-lookup/doi/10.1093/oxfordjournals.oep.a028620 [following]
--2017-01-29 22:04:17--  https://academic.oup.com/oep/article-lookup/doi/10.1093/oxfordjournals.oep.a028620
Connecting to academic.oup.com (academic.oup.com)|173.254.190.144|:443... connected.
HTTP request sent, awaiting response... 200 OK
Length: 69435 (68K) [text/html]
Saving to: ‘oxfordjournals.oep.a028620’

     0K .......... .......... .......... .......... .......... 73%  209K 0s
    50K .......... .......                                    100% 15.7M=0.2s

2017-01-29 22:04:27 (282 KB/s) - ‘oxfordjournals.oep.a028620’ saved [69435/69435]

--2017-01-29 22:04:28--  http://doi.org/10.1093/oxfordjournals.oep.a028624
Connecting to doi.org (doi.org)|63.123.152.248|:80... connected.
HTTP request sent, awaiting response... 303 See Other
Location: https://academic.oup.com/oep/article-lookup/doi/10.1093/oxfordjournals.oep.a028624 [following]
--2017-01-29 22:04:29--  https://academic.oup.com/oep/article-lookup/doi/10.1093/oxfordjournals.oep.a028624
Connecting to academic.oup.com (academic.oup.com)|173.254.190.144|:443... connected.
HTTP request sent, awaiting response... 200 OK
Length: 100731 (98K) [text/html]
Saving to: ‘oxfordjournals.oep.a028624’

     0K .......... .......... .......... .......... .......... 50%  209K 0s
    50K .......... .......... .......... .......... ........  100%  594K=0.3s

2017-01-29 22:04:34 (307 KB/s) - ‘oxfordjournals.oep.a028624’ saved [100731/100731]

--2017-01-29 22:04:35--  http://doi.org/10.1093/oxfordjournals.oep.a028638
Connecting to doi.org (doi.org)|63.123.152.248|:80... connected.
HTTP request sent, awaiting response... 303 See Other
Location: https://academic.oup.com/oep/article-lookup/doi/10.1093/oxfordjournals.oep.a028638 [following]
--2017-01-29 22:04:37--  https://academic.oup.com/oep/article-lookup/doi/10.1093/oxfordjournals.oep.a028638
Connecting to academic.oup.com (academic.oup.com)|173.254.190.144|:443... connected.
HTTP request sent, awaiting response... 200 OK
Length: 118078 (115K) [text/html]
Saving to: ‘oxfordjournals.oep.a028638’

     0K .......... .......... .......... .......... .......... 43%  208K 0s
    50K .......... .......... .......... .......... .......... 86%  602K 0s
   100K .......... .....                                      100% 20.9M=0.3s

2017-01-29 22:04:44 (356 KB/s) - ‘oxfordjournals.oep.a028638’ saved [118078/118078]

--2017-01-29 22:04:45--  http://doi.org/10.1093/oxfordjournals.oep.a028634
Connecting to doi.org (doi.org)|63.123.152.248|:80... connected.
HTTP request sent, awaiting response... 303 See Other
Location: https://academic.oup.com/oep/article-lookup/doi/10.1093/oxfordjournals.oep.a028634 [following]
--2017-01-29 22:04:46--  https://academic.oup.com/oep/article-lookup/doi/10.1093/oxfordjournals.oep.a028634
Connecting to academic.oup.com (academic.oup.com)|173.254.190.144|:443... connected.
HTTP request sent, awaiting response... 200 OK
Length: 100801 (98K) [text/html]
Saving to: ‘oxfordjournals.oep.a028634’

     0K .......... .......... .......... .......... .......... 50%  207K 0s
    50K .......... .......... .......... .......... ........  100%  150K=0.6s

2017-01-29 22:04:54 (175 KB/s) - ‘oxfordjournals.oep.a028634’ saved [100801/100801]

--2017-01-29 22:04:55--  http://doi.org/10.1093/oxfordjournals.oep.a028635
Connecting to doi.org (doi.org)|63.123.152.248|:80... connected.
HTTP request sent, awaiting response... 303 See Other
Location: https://academic.oup.com/oep/article-lookup/doi/10.1093/oxfordjournals.oep.a028635 [following]
--2017-01-29 22:04:56--  https://academic.oup.com/oep/article-lookup/doi/10.1093/oxfordjournals.oep.a028635
Connecting to academic.oup.com (academic.oup.com)|173.254.190.144|:443... connected.
HTTP request sent, awaiting response... 200 OK
Length: 67048 (65K) [text/html]
Saving to: ‘oxfordjournals.oep.a028635’

     0K .......... .......... .......... .......... .......... 76%  209K 0s
    50K .......... .....                                      100% 14.5M=0.2s

2017-01-29 22:05:05 (272 KB/s) - ‘oxfordjournals.oep.a028635’ saved [67048/67048]

--2017-01-29 22:05:06--  http://doi.org/10.1093/oxfordjournals.oep.a028633
Connecting to doi.org (doi.org)|63.123.152.248|:80... connected.
HTTP request sent, awaiting response... 303 See Other
Location: https://academic.oup.com/oep/article-lookup/doi/10.1093/oxfordjournals.oep.a028633 [following]
--2017-01-29 22:05:08--  https://academic.oup.com/oep/article-lookup/doi/10.1093/oxfordjournals.oep.a028633
Connecting to academic.oup.com (academic.oup.com)|173.254.190.144|:443... connected.
HTTP request sent, awaiting response... 200 OK
Length: 101868 (99K) [text/html]
Saving to: ‘oxfordjournals.oep.a028633’

     0K .......... .......... .......... .......... .......... 50%  208K 0s
    50K .......... .......... .......... .......... ......... 100%  600K=0.3s

2017-01-29 22:05:12 (308 KB/s) - ‘oxfordjournals.oep.a028633’ saved [101868/101868]

--2017-01-29 22:05:13--  http://doi.org/10.1093/oxfordjournals.oep.a028637
Connecting to doi.org (doi.org)|63.123.152.248|:80... connected.
HTTP request sent, awaiting response... 303 See Other
Location: https://academic.oup.com/oep/article-lookup/doi/10.1093/oxfordjournals.oep.a028637 [following]
--2017-01-29 22:05:15--  https://academic.oup.com/oep/article-lookup/doi/10.1093/oxfordjournals.oep.a028637
Connecting to academic.oup.com (academic.oup.com)|173.254.190.144|:443... connected.
HTTP request sent, awaiting response... 200 OK
Length: 105157 (103K) [text/html]
Saving to: ‘oxfordjournals.oep.a028637’

     0K .......... .......... .......... .......... .......... 48%  209K 0s
    50K .......... .......... .......... .......... .......... 97%  602K 0s
   100K ..                                                    100% 5135G=0.3s

2017-01-29 22:05:22 (319 KB/s) - ‘oxfordjournals.oep.a028637’ saved [105157/105157]

--2017-01-29 22:05:23--  http://doi.org/10.1093/oxfordjournals.oep.a028632
Connecting to doi.org (doi.org)|63.123.152.248|:80... connected.
HTTP request sent, awaiting response... 303 See Other
Location: https://academic.oup.com/oep/article-lookup/doi/10.1093/oxfordjournals.oep.a028632 [following]
--2017-01-29 22:05:24--  https://academic.oup.com/oep/article-lookup/doi/10.1093/oxfordjournals.oep.a028632
Connecting to academic.oup.com (academic.oup.com)|173.254.190.144|:443... connected.
HTTP request sent, awaiting response... 200 OK
Length: 67089 (66K) [text/html]
Saving to: ‘oxfordjournals.oep.a028632’

     0K .......... .......... .......... .......... .......... 76%  208K 0s
    50K .......... .....                                      100% 14.9M=0.2s

2017-01-29 22:05:32 (272 KB/s) - ‘oxfordjournals.oep.a028632’ saved [67089/67089]

--2017-01-29 22:05:33--  http://doi.org/10.1093/oxfordjournals.oep.a028631
Connecting to doi.org (doi.org)|63.123.152.248|:80... connected.
HTTP request sent, awaiting response... 303 See Other
Location: https://academic.oup.com/oep/article-lookup/doi/10.1093/oxfordjournals.oep.a028631 [following]
--2017-01-29 22:05:35--  https://academic.oup.com/oep/article-lookup/doi/10.1093/oxfordjournals.oep.a028631
Connecting to academic.oup.com (academic.oup.com)|173.254.190.144|:443... connected.
HTTP request sent, awaiting response... 200 OK
Length: 117324 (115K) [text/html]
Saving to: ‘oxfordjournals.oep.a028631’

     0K .......... .......... .......... .......... .......... 43%  207K 0s
    50K .......... .......... .......... .......... .......... 87%  585K 0s
   100K .......... ....                                       100% 14.8M=0.3s

2017-01-29 22:05:42 (349 KB/s) - ‘oxfordjournals.oep.a028631’ saved [117324/117324]

--2017-01-29 22:05:43--  http://doi.org/10.1093/oxfordjournals.oep.a028636
Connecting to doi.org (doi.org)|63.123.152.248|:80... connected.
HTTP request sent, awaiting response... 303 See Other
Location: https://academic.oup.com/oep/article-lookup/doi/10.1093/oxfordjournals.oep.a028636 [following]
--2017-01-29 22:05:44--  https://academic.oup.com/oep/article-lookup/doi/10.1093/oxfordjournals.oep.a028636
Connecting to academic.oup.com (academic.oup.com)|173.254.190.144|:443... connected.
HTTP request sent, awaiting response... 200 OK
Length: 102825 (100K) [text/html]
Saving to: ‘oxfordjournals.oep.a028636’

     0K .......... .......... .......... .......... .......... 49%  208K 0s
    50K .......... .......... .......... .......... .......... 99%  614K 0s
   100K                                                       100%  792G=0.3s

2017-01-29 22:05:51 (312 KB/s) - ‘oxfordjournals.oep.a028636’ saved [102825/102825]

--2017-01-29 22:05:52--  http://doi.org/10.1093/oxfordjournals.oep.a028642
Connecting to doi.org (doi.org)|63.123.152.248|:80... connected.
HTTP request sent, awaiting response... 303 See Other
Location: https://academic.oup.com/oep/article-lookup/doi/10.1093/oxfordjournals.oep.a028642 [following]
--2017-01-29 22:05:53--  https://academic.oup.com/oep/article-lookup/doi/10.1093/oxfordjournals.oep.a028642
Connecting to academic.oup.com (academic.oup.com)|173.254.190.144|:443... connected.
HTTP request sent, awaiting response... 200 OK
Length: 70127 (68K) [text/html]
Saving to: ‘oxfordjournals.oep.a028642’

     0K .......... .......... .......... .......... .......... 73%  209K 0s
    50K .......... ........                                   100% 15.9M=0.2s

2017-01-29 22:05:58 (285 KB/s) - ‘oxfordjournals.oep.a028642’ saved [70127/70127]

--2017-01-29 22:05:59--  http://doi.org/10.1093/oxfordjournals.oep.a028646
Connecting to doi.org (doi.org)|63.123.152.248|:80... connected.
HTTP request sent, awaiting response... 303 See Other
Location: https://academic.oup.com/oep/article-lookup/doi/10.1093/oxfordjournals.oep.a028646 [following]
--2017-01-29 22:06:01--  https://academic.oup.com/oep/article-lookup/doi/10.1093/oxfordjournals.oep.a028646
Connecting to academic.oup.com (academic.oup.com)|173.254.190.144|:443... connected.
HTTP request sent, awaiting response... 200 OK
Length: 115775 (113K) [text/html]
Saving to: ‘oxfordjournals.oep.a028646’

     0K .......... .......... .......... .......... .......... 44%  208K 0s
    50K .......... .......... .......... .......... .......... 88%  605K 0s
   100K .......... ...                                        100% 28.4M=0.3s

2017-01-29 22:06:06 (349 KB/s) - ‘oxfordjournals.oep.a028646’ saved [115775/115775]

--2017-01-29 22:06:07--  http://doi.org/10.1093/oxfordjournals.oep.a028644
Connecting to doi.org (doi.org)|63.123.152.248|:80... connected.
HTTP request sent, awaiting response... 303 See Other
Location: https://academic.oup.com/oep/article-lookup/doi/10.1093/oxfordjournals.oep.a028644 [following]
--2017-01-29 22:06:09--  https://academic.oup.com/oep/article-lookup/doi/10.1093/oxfordjournals.oep.a028644
Connecting to academic.oup.com (academic.oup.com)|173.254.190.144|:443... connected.
HTTP request sent, awaiting response... 200 OK
Length: 100875 (99K) [text/html]
Saving to: ‘oxfordjournals.oep.a028644’

     0K .......... .......... .......... .......... .......... 50%  209K 0s
    50K .......... .......... .......... .......... ........  100%  594K=0.3s

2017-01-29 22:06:14 (307 KB/s) - ‘oxfordjournals.oep.a028644’ saved [100875/100875]

--2017-01-29 22:06:15--  http://doi.org/10.1093/oxfordjournals.oep.a028640
Connecting to doi.org (doi.org)|63.123.152.248|:80... connected.
HTTP request sent, awaiting response... 303 See Other
Location: https://academic.oup.com/oep/article-lookup/doi/10.1093/oxfordjournals.oep.a028640 [following]
--2017-01-29 22:06:16--  https://academic.oup.com/oep/article-lookup/doi/10.1093/oxfordjournals.oep.a028640
Connecting to academic.oup.com (academic.oup.com)|173.254.190.144|:443... connected.
HTTP request sent, awaiting response... 200 OK
Length: 117204 (114K) [text/html]
Saving to: ‘oxfordjournals.oep.a028640’

     0K .......... .......... .......... .......... .......... 43%  209K 0s
    50K .......... .......... .......... .......... .......... 87%  613K 0s
   100K .......... ....                                       100% 5.50M=0.3s

2017-01-29 22:06:21 (354 KB/s) - ‘oxfordjournals.oep.a028640’ saved [117204/117204]

--2017-01-29 22:06:22--  http://doi.org/10.1093/oxfordjournals.oep.a028647
Connecting to doi.org (doi.org)|63.123.152.248|:80... connected.
HTTP request sent, awaiting response... 303 See Other
Location: https://academic.oup.com/oep/article-lookup/doi/10.1093/oxfordjournals.oep.a028647 [following]
--2017-01-29 22:06:24--  https://academic.oup.com/oep/article-lookup/doi/10.1093/oxfordjournals.oep.a028647
Connecting to academic.oup.com (academic.oup.com)|173.254.190.144|:443... connected.
HTTP request sent, awaiting response... 200 OK
Length: 99023 (97K) [text/html]
Saving to: ‘oxfordjournals.oep.a028647’

     0K .......... .......... .......... .......... .......... 51%  209K 0s
    50K .......... .......... .......... .......... ......    100%  573K=0.3s

2017-01-29 22:06:30 (301 KB/s) - ‘oxfordjournals.oep.a028647’ saved [99023/99023]

--2017-01-29 22:06:31--  http://doi.org/10.1093/oxfordjournals.oep.a028648
Connecting to doi.org (doi.org)|63.123.152.248|:80... connected.
HTTP request sent, awaiting response... 303 See Other
Location: https://academic.oup.com/oep/article-lookup/doi/10.1093/oxfordjournals.oep.a028648 [following]
--2017-01-29 22:06:32--  https://academic.oup.com/oep/article-lookup/doi/10.1093/oxfordjournals.oep.a028648
Connecting to academic.oup.com (academic.oup.com)|173.254.190.144|:443... connected.
HTTP request sent, awaiting response... 200 OK
Length: 67576 (66K) [text/html]
Saving to: ‘oxfordjournals.oep.a028648’

     0K .......... .......... .......... .......... .......... 75%  209K 0s
    50K .......... .....                                      100% 13.9M=0.2s

2017-01-29 22:06:37 (274 KB/s) - ‘oxfordjournals.oep.a028648’ saved [67576/67576]

--2017-01-29 22:06:38--  http://doi.org/10.1093/oxfordjournals.oep.a028643
Connecting to doi.org (doi.org)|63.123.152.248|:80... connected.
HTTP request sent, awaiting response... 303 See Other
Location: https://academic.oup.com/oep/article-lookup/doi/10.1093/oxfordjournals.oep.a028643 [following]
--2017-01-29 22:06:39--  https://academic.oup.com/oep/article-lookup/doi/10.1093/oxfordjournals.oep.a028643
Connecting to academic.oup.com (academic.oup.com)|173.254.190.144|:443... connected.
HTTP request sent, awaiting response... 200 OK
Length: 100804 (98K) [text/html]
Saving to: ‘oxfordjournals.oep.a028643’

     0K .......... .......... .......... .......... .......... 50%  309K 0s
    50K .......... .......... .......... .......... ........  100%  306K=0.3s

2017-01-29 22:06:45 (308 KB/s) - ‘oxfordjournals.oep.a028643’ saved [100804/100804]

--2017-01-29 22:06:46--  http://doi.org/10.1093/oxfordjournals.oep.a028641
Connecting to doi.org (doi.org)|63.123.152.248|:80... connected.
HTTP request sent, awaiting response... 303 See Other
Location: https://academic.oup.com/oep/article-lookup/doi/10.1093/oxfordjournals.oep.a028641 [following]
--2017-01-29 22:06:48--  https://academic.oup.com/oep/article-lookup/doi/10.1093/oxfordjournals.oep.a028641
Connecting to academic.oup.com (academic.oup.com)|173.254.190.144|:443... connected.
HTTP request sent, awaiting response... 200 OK
Length: 71911 (70K) [text/html]
Saving to: ‘oxfordjournals.oep.a028641’

     0K .......... .......... .......... .......... .......... 71%  209K 0s
    50K .......... ..........                                 100% 16.2M=0.2s

2017-01-29 22:06:52 (292 KB/s) - ‘oxfordjournals.oep.a028641’ saved [71911/71911]

--2017-01-29 22:06:53--  http://doi.org/10.1093/oxfordjournals.oep.a028645
Connecting to doi.org (doi.org)|63.123.152.248|:80... connected.
HTTP request sent, awaiting response... 303 See Other
Location: https://academic.oup.com/oep/article-lookup/doi/10.1093/oxfordjournals.oep.a028645 [following]
--2017-01-29 22:06:54--  https://academic.oup.com/oep/article-lookup/doi/10.1093/oxfordjournals.oep.a028645
Connecting to academic.oup.com (academic.oup.com)|173.254.190.144|:443... connected.
HTTP request sent, awaiting response... 200 OK
Length: 115942 (113K) [text/html]
Saving to: ‘oxfordjournals.oep.a028645’

     0K .......... .......... .......... .......... .......... 44%  209K 0s
    50K .......... .......... .......... .......... .......... 88%  610K 0s
   100K .......... ...                                        100% 29.7M=0.3s

2017-01-29 22:07:00 (352 KB/s) - ‘oxfordjournals.oep.a028645’ saved [115942/115942]

--2017-01-29 22:07:01--  http://doi.org/10.1093/oxfordjournals.oep.a028639
Connecting to doi.org (doi.org)|63.123.152.248|:80... connected.
HTTP request sent, awaiting response... 303 See Other
Location: https://academic.oup.com/oep/article-lookup/doi/10.1093/oxfordjournals.oep.a028639 [following]
--2017-01-29 22:07:03--  https://academic.oup.com/oep/article-lookup/doi/10.1093/oxfordjournals.oep.a028639
Connecting to academic.oup.com (academic.oup.com)|173.254.190.144|:443... connected.
HTTP request sent, awaiting response... 200 OK
Length: 66874 (65K) [text/html]
Saving to: ‘oxfordjournals.oep.a028639’

     0K .......... .......... .......... .......... .......... 76%  310K 0s
    50K .......... .....                                      100%  194K=0.2s

2017-01-29 22:07:07 (272 KB/s) - ‘oxfordjournals.oep.a028639’ saved [66874/66874]

--2017-01-29 22:07:08--  http://doi.org/10.1093/oxfordjournals.oep.a028656
Connecting to doi.org (doi.org)|63.123.152.248|:80... connected.
HTTP request sent, awaiting response... 303 See Other
Location: https://academic.oup.com/oep/article-lookup/doi/10.1093/oxfordjournals.oep.a028656 [following]
--2017-01-29 22:07:10--  https://academic.oup.com/oep/article-lookup/doi/10.1093/oxfordjournals.oep.a028656
Connecting to academic.oup.com (academic.oup.com)|173.254.190.144|:443... connected.
HTTP request sent, awaiting response... 200 OK
Length: 117907 (115K) [text/html]
Saving to: ‘oxfordjournals.oep.a028656’

     0K .......... .......... .......... .......... .......... 43%  209K 0s
    50K .......... .......... .......... .......... .......... 86%  598K 0s
   100K .......... .....                                      100% 11.8M=0.3s

2017-01-29 22:07:17 (355 KB/s) - ‘oxfordjournals.oep.a028656’ saved [117907/117907]

--2017-01-29 22:07:18--  http://doi.org/10.1093/oxfordjournals.oep.a028652
Connecting to doi.org (doi.org)|63.123.152.248|:80... connected.
HTTP request sent, awaiting response... 303 See Other
Location: https://academic.oup.com/oep/article-lookup/doi/10.1093/oxfordjournals.oep.a028652 [following]
--2017-01-29 22:07:19--  https://academic.oup.com/oep/article-lookup/doi/10.1093/oxfordjournals.oep.a028652
Connecting to academic.oup.com (academic.oup.com)|173.254.190.144|:443... connected.
HTTP request sent, awaiting response... 200 OK
Length: 70415 (69K) [text/html]
Saving to: ‘oxfordjournals.oep.a028652’

     0K .......... .......... .......... .......... .......... 72%  209K 0s
    50K .......... ........                                   100% 16.2M=0.2s

2017-01-29 22:07:26 (286 KB/s) - ‘oxfordjournals.oep.a028652’ saved [70415/70415]

--2017-01-29 22:07:27--  http://doi.org/10.1093/oxfordjournals.oep.a028650
Connecting to doi.org (doi.org)|63.123.152.248|:80... connected.
HTTP request sent, awaiting response... 303 See Other
Location: https://academic.oup.com/oep/article-lookup/doi/10.1093/oxfordjournals.oep.a028650 [following]
--2017-01-29 22:07:28--  https://academic.oup.com/oep/article-lookup/doi/10.1093/oxfordjournals.oep.a028650
Connecting to academic.oup.com (academic.oup.com)|173.254.190.144|:443... connected.
HTTP request sent, awaiting response... 200 OK
Length: 101183 (99K) [text/html]
Saving to: ‘oxfordjournals.oep.a028650’

     0K .......... .......... .......... .......... .......... 50%  209K 0s
    50K .......... .......... .......... .......... ........  100%  598K=0.3s

2017-01-29 22:07:33 (308 KB/s) - ‘oxfordjournals.oep.a028650’ saved [101183/101183]

--2017-01-29 22:07:34--  http://doi.org/10.1093/oxfordjournals.oep.a028655
Connecting to doi.org (doi.org)|63.123.152.248|:80... connected.
HTTP request sent, awaiting response... 303 See Other
Location: https://academic.oup.com/oep/article-lookup/doi/10.1093/oxfordjournals.oep.a028655 [following]
--2017-01-29 22:07:35--  https://academic.oup.com/oep/article-lookup/doi/10.1093/oxfordjournals.oep.a028655
Connecting to academic.oup.com (academic.oup.com)|173.254.190.144|:443... connected.
HTTP request sent, awaiting response... 200 OK
Length: 67804 (66K) [text/html]
Saving to: ‘oxfordjournals.oep.a028655’

     0K .......... .......... .......... .......... .......... 75%  209K 0s
    50K .......... ......                                     100% 13.9M=0.2s

2017-01-29 22:07:40 (276 KB/s) - ‘oxfordjournals.oep.a028655’ saved [67804/67804]

--2017-01-29 22:07:41--  http://doi.org/10.1093/oxfordjournals.oep.a028649
Connecting to doi.org (doi.org)|63.123.152.248|:80... connected.
HTTP request sent, awaiting response... 303 See Other
Location: https://academic.oup.com/oep/article-lookup/doi/10.1093/oxfordjournals.oep.a028649 [following]
--2017-01-29 22:07:43--  https://academic.oup.com/oep/article-lookup/doi/10.1093/oxfordjournals.oep.a028649
Connecting to academic.oup.com (academic.oup.com)|173.254.190.144|:443... connected.
HTTP request sent, awaiting response... 200 OK
Length: 67092 (66K) [text/html]
Saving to: ‘oxfordjournals.oep.a028649’

     0K .......... .......... .......... .......... .......... 76%  309K 0s
    50K .......... .....                                      100%  197K=0.2s

2017-01-29 22:07:47 (273 KB/s) - ‘oxfordjournals.oep.a028649’ saved [67092/67092]

--2017-01-29 22:07:48--  http://doi.org/10.1093/oxfordjournals.oep.a028657
Connecting to doi.org (doi.org)|63.123.152.248|:80... connected.
HTTP request sent, awaiting response... 303 See Other
Location: https://academic.oup.com/oep/article-lookup/doi/10.1093/oxfordjournals.oep.a028657 [following]
--2017-01-29 22:07:49--  https://academic.oup.com/oep/article-lookup/doi/10.1093/oxfordjournals.oep.a028657
Connecting to academic.oup.com (academic.oup.com)|173.254.190.144|:443... connected.
HTTP request sent, awaiting response... 200 OK
Length: 100772 (98K) [text/html]
Saving to: ‘oxfordjournals.oep.a028657’

     0K .......... .......... .......... .......... .......... 50%  209K 0s
    50K .......... .......... .......... .......... ........  100%  591K=0.3s

2017-01-29 22:07:55 (306 KB/s) - ‘oxfordjournals.oep.a028657’ saved [100772/100772]

FINISHED --2017-01-29 22:07:55--
Total wall clock time: 13m 41s
Downloaded: 100 files, 9.6M in 32s (310 KB/s)
