--2017-01-30 02:44:04--  http://doi.org/10.1143/ptps.1.75
Resolving doi.org (doi.org)... 95.138.171.129, 54.191.229.235, 208.254.38.90, ...
Connecting to doi.org (doi.org)|95.138.171.129|:80... connected.
HTTP request sent, awaiting response... 303 See Other
Location: http://ptp.ipap.jp/link?PTPS/1/75/ [following]
--2017-01-30 02:44:06--  http://ptp.ipap.jp/link?PTPS/1/75/
Resolving ptp.ipap.jp (ptp.ipap.jp)... failed: Temporary failure in name resolution.
wget: unable to resolve host address ‘ptp.ipap.jp’
--2017-01-30 02:44:22--  http://doi.org/10.1143/ptps.1.81
Connecting to doi.org (doi.org)|95.138.171.129|:80... connected.
HTTP request sent, awaiting response... 303 See Other
Location: http://ptp.ipap.jp/link?PTPS/1/81/ [following]
--2017-01-30 02:44:23--  http://ptp.ipap.jp/link?PTPS/1/81/
Resolving ptp.ipap.jp (ptp.ipap.jp)... failed: Temporary failure in name resolution.
wget: unable to resolve host address ‘ptp.ipap.jp’
--2017-01-30 02:44:37--  http://doi.org/10.1143/ptps.1.82
Connecting to doi.org (doi.org)|95.138.171.129|:80... connected.
HTTP request sent, awaiting response... 303 See Other
Location: http://ptp.ipap.jp/link?PTPS/1/82/ [following]
--2017-01-30 02:44:38--  http://ptp.ipap.jp/link?PTPS/1/82/
Resolving ptp.ipap.jp (ptp.ipap.jp)... failed: Temporary failure in name resolution.
wget: unable to resolve host address ‘ptp.ipap.jp’
--2017-01-30 02:44:52--  http://doi.org/10.1143/ptps.1.83
Connecting to doi.org (doi.org)|95.138.171.129|:80... connected.
HTTP request sent, awaiting response... 303 See Other
Location: http://ptp.ipap.jp/link?PTPS/1/83/ [following]
--2017-01-30 02:44:53--  http://ptp.ipap.jp/link?PTPS/1/83/
Resolving ptp.ipap.jp (ptp.ipap.jp)... failed: Temporary failure in name resolution.
wget: unable to resolve host address ‘ptp.ipap.jp’
--2017-01-30 02:45:12--  http://doi.org/10.1143/ptps.1.234
Connecting to doi.org (doi.org)|95.138.171.129|:80... connected.
HTTP request sent, awaiting response... 303 See Other
Location: http://ptp.ipap.jp/link?PTPS/1/234/ [following]
--2017-01-30 02:45:13--  http://ptp.ipap.jp/link?PTPS/1/234/
Resolving ptp.ipap.jp (ptp.ipap.jp)... failed: Temporary failure in name resolution.
wget: unable to resolve host address ‘ptp.ipap.jp’
--2017-01-30 02:45:29--  http://doi.org/10.1143/ptps.1.238
Connecting to doi.org (doi.org)|95.138.171.129|:80... connected.
HTTP request sent, awaiting response... 303 See Other
Location: http://ptp.ipap.jp/link?PTPS/1/238/ [following]
--2017-01-30 02:45:30--  http://ptp.ipap.jp/link?PTPS/1/238/
Resolving ptp.ipap.jp (ptp.ipap.jp)... failed: Temporary failure in name resolution.
wget: unable to resolve host address ‘ptp.ipap.jp’
--2017-01-30 02:45:44--  http://doi.org/10.1143/ptps.1.1
Connecting to doi.org (doi.org)|95.138.171.129|:80... connected.
HTTP request sent, awaiting response... 303 See Other
Location: https://academic.oup.com/ptps/article-lookup/doi/10.1143/PTPS.1.1 [following]
--2017-01-30 02:45:45--  https://academic.oup.com/ptps/article-lookup/doi/10.1143/PTPS.1.1
Resolving academic.oup.com (academic.oup.com)... 173.254.190.144
Connecting to academic.oup.com (academic.oup.com)|173.254.190.144|:443... connected.
HTTP request sent, awaiting response... 200 OK
Length: 75029 (73K) [text/html]
Saving to: ‘ptps.1.1’

     0K .......... .......... .......... .......... .......... 68%  209K 0s
    50K .......... .......... ...                             100% 10.3M=0.2s

2017-01-30 02:45:53 (304 KB/s) - ‘ptps.1.1’ saved [75029/75029]

--2017-01-30 02:45:54--  http://doi.org/10.1143/ptps.1.217
Connecting to doi.org (doi.org)|95.138.171.129|:80... connected.
HTTP request sent, awaiting response... 303 See Other
Location: https://academic.oup.com/ptps/article-lookup/doi/10.1143/PTPS.1.217 [following]
--2017-01-30 02:45:55--  https://academic.oup.com/ptps/article-lookup/doi/10.1143/PTPS.1.217
Connecting to academic.oup.com (academic.oup.com)|173.254.190.144|:443... connected.
HTTP request sent, awaiting response... 200 OK
Length: 86940 (85K) [text/html]
Saving to: ‘ptps.1.217’

     0K .......... .......... .......... .......... .......... 58%  209K 0s
    50K .......... .......... .......... ....                 100% 12.4M=0.2s

2017-01-30 02:46:02 (351 KB/s) - ‘ptps.1.217’ saved [86940/86940]

--2017-01-30 02:46:03--  http://doi.org/10.1143/ptps.1.76
Connecting to doi.org (doi.org)|95.138.171.129|:80... connected.
HTTP request sent, awaiting response... 303 See Other
Location: https://academic.oup.com/ptps/article-lookup/doi/10.1143/PTPS.1.76 [following]
--2017-01-30 02:46:04--  https://academic.oup.com/ptps/article-lookup/doi/10.1143/PTPS.1.76
Connecting to academic.oup.com (academic.oup.com)|173.254.190.144|:443... connected.
HTTP request sent, awaiting response... 200 OK
Length: 75559 (74K) [text/html]
Saving to: ‘ptps.1.76’

     0K .......... .......... .......... .......... .......... 67%  207K 0s
    50K .......... .......... ...                             100% 10.1M=0.2s

2017-01-30 02:46:08 (303 KB/s) - ‘ptps.1.76’ saved [75559/75559]

--2017-01-30 02:46:09--  http://doi.org/10.1143/ptps.1.177
Connecting to doi.org (doi.org)|95.138.171.129|:80... connected.
HTTP request sent, awaiting response... 303 See Other
Location: https://academic.oup.com/ptps/article-lookup/doi/10.1143/PTPS.1.177 [following]
--2017-01-30 02:46:10--  https://academic.oup.com/ptps/article-lookup/doi/10.1143/PTPS.1.177
Connecting to academic.oup.com (academic.oup.com)|173.254.190.144|:443... connected.
HTTP request sent, awaiting response... 200 OK
Length: 68067 (66K) [text/html]
Saving to: ‘ptps.1.177’

     0K .......... .......... .......... .......... .......... 75%  208K 0s
    50K .......... ......                                     100% 15.9M=0.2s

2017-01-30 02:46:14 (275 KB/s) - ‘ptps.1.177’ saved [68067/68067]

--2017-01-30 02:46:15--  http://doi.org/10.1143/ptps.1.211
Connecting to doi.org (doi.org)|95.138.171.129|:80... connected.
HTTP request sent, awaiting response... 303 See Other
Location: https://academic.oup.com/ptps/article-lookup/doi/10.1143/PTPS.1.211 [following]
--2017-01-30 02:46:16--  https://academic.oup.com/ptps/article-lookup/doi/10.1143/PTPS.1.211
Connecting to academic.oup.com (academic.oup.com)|173.254.190.144|:443... connected.
HTTP request sent, awaiting response... 200 OK
Length: 69506 (68K) [text/html]
Saving to: ‘ptps.1.211’

     0K .......... .......... .......... .......... .......... 73%  309K 0s
    50K .......... .......                                    100%  224K=0.2s

2017-01-30 02:46:21 (281 KB/s) - ‘ptps.1.211’ saved [69506/69506]

--2017-01-30 02:46:22--  http://doi.org/10.1143/ptps.1.174
Connecting to doi.org (doi.org)|95.138.171.129|:80... connected.
HTTP request sent, awaiting response... 303 See Other
Location: https://academic.oup.com/ptps/article-lookup/doi/10.1143/PTPS.1.174 [following]
--2017-01-30 02:46:23--  https://academic.oup.com/ptps/article-lookup/doi/10.1143/PTPS.1.174
Connecting to academic.oup.com (academic.oup.com)|173.254.190.144|:443... connected.
HTTP request sent, awaiting response... 200 OK
Length: 68176 (67K) [text/html]
Saving to: ‘ptps.1.174’

     0K .......... .......... .......... .......... .......... 75%  208K 0s
    50K .......... ......                                     100% 18.0M=0.2s

2017-01-30 02:46:27 (276 KB/s) - ‘ptps.1.174’ saved [68176/68176]

--2017-01-30 02:46:28--  http://doi.org/10.1143/ptps.1.226
Connecting to doi.org (doi.org)|95.138.171.129|:80... connected.
HTTP request sent, awaiting response... 303 See Other
Location: https://academic.oup.com/ptps/article-lookup/doi/10.1143/PTPS.1.226 [following]
--2017-01-30 02:46:30--  https://academic.oup.com/ptps/article-lookup/doi/10.1143/PTPS.1.226
Connecting to academic.oup.com (academic.oup.com)|173.254.190.144|:443... connected.
HTTP request sent, awaiting response... 200 OK
Length: 80415 (79K) [text/html]
Saving to: ‘ptps.1.226’

     0K .......... .......... .......... .......... .......... 63%  207K 0s
    50K .......... .......... ........                        100% 8.72M=0.2s

2017-01-30 02:46:34 (321 KB/s) - ‘ptps.1.226’ saved [80415/80415]

--2017-01-30 02:46:35--  http://doi.org/10.1143/ptps.1.98
Connecting to doi.org (doi.org)|95.138.171.129|:80... connected.
HTTP request sent, awaiting response... 303 See Other
Location: https://academic.oup.com/ptps/article-lookup/doi/10.1143/PTPS.1.98 [following]
--2017-01-30 02:46:36--  https://academic.oup.com/ptps/article-lookup/doi/10.1143/PTPS.1.98
Connecting to academic.oup.com (academic.oup.com)|173.254.190.144|:443... connected.
HTTP request sent, awaiting response... 200 OK
Length: 86333 (84K) [text/html]
Saving to: ‘ptps.1.98’

     0K .......... .......... .......... .......... .......... 59%  208K 0s
    50K .......... .......... .......... ....                 100% 10.8M=0.2s

2017-01-30 02:46:43 (346 KB/s) - ‘ptps.1.98’ saved [86333/86333]

--2017-01-30 02:46:44--  http://doi.org/10.1143/ptps.1.244
Connecting to doi.org (doi.org)|95.138.171.129|:80... connected.
HTTP request sent, awaiting response... 303 See Other
Location: https://academic.oup.com/ptps/article-lookup/doi/10.1143/PTPS.1.244 [following]
--2017-01-30 02:46:45--  https://academic.oup.com/ptps/article-lookup/doi/10.1143/PTPS.1.244
Connecting to academic.oup.com (academic.oup.com)|173.254.190.144|:443... connected.
HTTP request sent, awaiting response... 200 OK
Length: 88249 (86K) [text/html]
Saving to: ‘ptps.1.244’

     0K .......... .......... .......... .......... .......... 58%  209K 0s
    50K .......... .......... .......... ......               100% 10.6M=0.2s

2017-01-30 02:46:50 (355 KB/s) - ‘ptps.1.244’ saved [88249/88249]

--2017-01-30 02:46:51--  http://doi.org/10.1143/ptps.1.213
Connecting to doi.org (doi.org)|95.138.171.129|:80... connected.
HTTP request sent, awaiting response... 303 See Other
Location: https://academic.oup.com/ptps/article-lookup/doi/10.1143/PTPS.1.213 [following]
--2017-01-30 02:46:52--  https://academic.oup.com/ptps/article-lookup/doi/10.1143/PTPS.1.213
Connecting to academic.oup.com (academic.oup.com)|173.254.190.144|:443... connected.
HTTP request sent, awaiting response... 200 OK
Length: 66549 (65K) [text/html]
Saving to: ‘ptps.1.213’

     0K .......... .......... .......... .......... .......... 76%  208K 0s
    50K .......... ....                                       100% 17.4M=0.2s

2017-01-30 02:46:57 (269 KB/s) - ‘ptps.1.213’ saved [66549/66549]

--2017-01-30 02:46:58--  http://doi.org/10.1143/ptps.1.14
Connecting to doi.org (doi.org)|95.138.171.129|:80... connected.
HTTP request sent, awaiting response... 303 See Other
Location: https://academic.oup.com/ptps/article-lookup/doi/10.1143/PTPS.1.14 [following]
--2017-01-30 02:46:59--  https://academic.oup.com/ptps/article-lookup/doi/10.1143/PTPS.1.14
Connecting to academic.oup.com (academic.oup.com)|173.254.190.144|:443... connected.
HTTP request sent, awaiting response... 200 OK
Length: 76734 (75K) [text/html]
Saving to: ‘ptps.1.14’

     0K .......... .......... .......... .......... .......... 66%  208K 0s
    50K .......... .......... ....                            100% 10.4M=0.2s

2017-01-30 02:47:04 (308 KB/s) - ‘ptps.1.14’ saved [76734/76734]

--2017-01-30 02:47:05--  http://doi.org/10.1143/ptps.1.11
Connecting to doi.org (doi.org)|95.138.171.129|:80... connected.
HTTP request sent, awaiting response... 303 See Other
Location: https://academic.oup.com/ptps/article-lookup/doi/10.1143/PTPS.1.11 [following]
--2017-01-30 02:47:06--  https://academic.oup.com/ptps/article-lookup/doi/10.1143/PTPS.1.11
Connecting to academic.oup.com (academic.oup.com)|173.254.190.144|:443... connected.
HTTP request sent, awaiting response... 200 OK
Length: 72681 (71K) [text/html]
Saving to: ‘ptps.1.11’

     0K .......... .......... .......... .......... .......... 70%  308K 0s
    50K .......... ..........                                 100%  263K=0.2s

2017-01-30 02:47:12 (293 KB/s) - ‘ptps.1.11’ saved [72681/72681]

--2017-01-30 02:47:13--  http://doi.org/10.1143/ptps.1.214
Connecting to doi.org (doi.org)|95.138.171.129|:80... connected.
HTTP request sent, awaiting response... 303 See Other
Location: https://academic.oup.com/ptps/article-lookup/doi/10.1143/PTPS.1.214 [following]
--2017-01-30 02:47:14--  https://academic.oup.com/ptps/article-lookup/doi/10.1143/PTPS.1.214
Connecting to academic.oup.com (academic.oup.com)|173.254.190.144|:443... connected.
HTTP request sent, awaiting response... 200 OK
Length: 69778 (68K) [text/html]
Saving to: ‘ptps.1.214’

     0K .......... .......... .......... .......... .......... 73%  207K 0s
    50K .......... ........                                   100% 12.5M=0.2s

2017-01-30 02:47:19 (281 KB/s) - ‘ptps.1.214’ saved [69778/69778]

--2017-01-30 02:47:20--  http://doi.org/10.1143/ptps.1.231
Connecting to doi.org (doi.org)|95.138.171.129|:80... connected.
HTTP request sent, awaiting response... 303 See Other
Location: https://academic.oup.com/ptps/article-lookup/doi/10.1143/PTPS.1.231 [following]
--2017-01-30 02:47:21--  https://academic.oup.com/ptps/article-lookup/doi/10.1143/PTPS.1.231
Connecting to academic.oup.com (academic.oup.com)|173.254.190.144|:443... connected.
HTTP request sent, awaiting response... 200 OK
Length: 70833 (69K) [text/html]
Saving to: ‘ptps.1.231’

     0K .......... .......... .......... .......... .......... 72%  206K 0s
    50K .......... .........                                  100% 6.63M=0.2s

2017-01-30 02:47:25 (282 KB/s) - ‘ptps.1.231’ saved [70833/70833]

--2017-01-30 02:47:26--  http://doi.org/10.1143/ptps.1.187
Connecting to doi.org (doi.org)|95.138.171.129|:80... connected.
HTTP request sent, awaiting response... 303 See Other
Location: https://academic.oup.com/ptps/article-lookup/doi/10.1143/PTPS.1.187 [following]
--2017-01-30 02:47:27--  https://academic.oup.com/ptps/article-lookup/doi/10.1143/PTPS.1.187
Connecting to academic.oup.com (academic.oup.com)|173.254.190.144|:443... connected.
HTTP request sent, awaiting response... 200 OK
Length: 74670 (73K) [text/html]
Saving to: ‘ptps.1.187’

     0K .......... .......... .......... .......... .......... 68%  209K 0s
    50K .......... .......... ..                              100% 14.0M=0.2s

2017-01-30 02:47:31 (302 KB/s) - ‘ptps.1.187’ saved [74670/74670]

--2017-01-30 02:47:32--  http://doi.org/10.1143/ptps.1.46
Connecting to doi.org (doi.org)|95.138.171.129|:80... connected.
HTTP request sent, awaiting response... 303 See Other
Location: https://academic.oup.com/ptps/article-lookup/doi/10.1143/PTPS.1.46 [following]
--2017-01-30 02:47:33--  https://academic.oup.com/ptps/article-lookup/doi/10.1143/PTPS.1.46
Connecting to academic.oup.com (academic.oup.com)|173.254.190.144|:443... connected.
HTTP request sent, awaiting response... 200 OK
Length: 113360 (111K) [text/html]
Saving to: ‘ptps.1.46’

     0K .......... .......... .......... .......... .......... 45%  209K 0s
    50K .......... .......... .......... .......... .......... 90%  601K 0s
   100K ..........                                            100% 26.4M=0.3s

2017-01-30 02:47:38 (343 KB/s) - ‘ptps.1.46’ saved [113360/113360]

--2017-01-30 02:47:39--  http://doi.org/10.1143/ptps.1.197
Connecting to doi.org (doi.org)|95.138.171.129|:80... connected.
HTTP request sent, awaiting response... 303 See Other
Location: https://academic.oup.com/ptps/article-lookup/doi/10.1143/PTPS.1.197 [following]
--2017-01-30 02:47:40--  https://academic.oup.com/ptps/article-lookup/doi/10.1143/PTPS.1.197
Connecting to academic.oup.com (academic.oup.com)|173.254.190.144|:443... connected.
HTTP request sent, awaiting response... 200 OK
Length: 77370 (76K) [text/html]
Saving to: ‘ptps.1.197’

     0K .......... .......... .......... .......... .......... 66%  208K 0s
    50K .......... .......... .....                           100% 13.4M=0.2s

2017-01-30 02:47:44 (312 KB/s) - ‘ptps.1.197’ saved [77370/77370]

--2017-01-30 02:47:45--  http://doi.org/10.1143/ptps.1.118
Connecting to doi.org (doi.org)|95.138.171.129|:80... connected.
HTTP request sent, awaiting response... 303 See Other
Location: https://academic.oup.com/ptps/article-lookup/doi/10.1143/PTPS.1.118 [following]
--2017-01-30 02:47:46--  https://academic.oup.com/ptps/article-lookup/doi/10.1143/PTPS.1.118
Connecting to academic.oup.com (academic.oup.com)|173.254.190.144|:443... connected.
HTTP request sent, awaiting response... 200 OK
Length: 77611 (76K) [text/html]
Saving to: ‘ptps.1.118’

     0K .......... .......... .......... .......... .......... 65%  208K 0s
    50K .......... .......... .....                           100% 13.8M=0.2s

2017-01-30 02:47:51 (312 KB/s) - ‘ptps.1.118’ saved [77611/77611]

--2017-01-30 02:47:52--  http://doi.org/10.1143/ptps.1.72
Connecting to doi.org (doi.org)|95.138.171.129|:80... connected.
HTTP request sent, awaiting response... 303 See Other
Location: https://academic.oup.com/ptps/article-lookup/doi/10.1143/PTPS.1.72 [following]
--2017-01-30 02:47:53--  https://academic.oup.com/ptps/article-lookup/doi/10.1143/PTPS.1.72
Connecting to academic.oup.com (academic.oup.com)|173.254.190.144|:443... connected.
HTTP request sent, awaiting response... 200 OK
Length: 75588 (74K) [text/html]
Saving to: ‘ptps.1.72’

     0K .......... .......... .......... .......... .......... 67%  209K 0s
    50K .......... .......... ...                             100% 11.0M=0.2s

2017-01-30 02:47:58 (306 KB/s) - ‘ptps.1.72’ saved [75588/75588]

--2017-01-30 02:47:59--  http://doi.org/10.1143/ptps.1.137
Connecting to doi.org (doi.org)|95.138.171.129|:80... connected.
HTTP request sent, awaiting response... 303 See Other
Location: https://academic.oup.com/ptps/article-lookup/doi/10.1143/PTPS.1.137 [following]
--2017-01-30 02:48:00--  https://academic.oup.com/ptps/article-lookup/doi/10.1143/PTPS.1.137
Connecting to academic.oup.com (academic.oup.com)|173.254.190.144|:443... connected.
HTTP request sent, awaiting response... 200 OK
Length: 121842 (119K) [text/html]
Saving to: ‘ptps.1.137’

     0K .......... .......... .......... .......... .......... 42%  208K 0s
    50K .......... .......... .......... .......... .......... 84%  602K 0s
   100K .......... ........                                   100% 9.50M=0.3s

2017-01-30 02:48:06 (365 KB/s) - ‘ptps.1.137’ saved [121842/121842]

--2017-01-30 02:48:07--  http://doi.org/10.1143/ptps.1.24
Connecting to doi.org (doi.org)|95.138.171.129|:80... connected.
HTTP request sent, awaiting response... 303 See Other
Location: https://academic.oup.com/ptps/article-lookup/doi/10.1143/PTPS.1.24 [following]
--2017-01-30 02:48:08--  https://academic.oup.com/ptps/article-lookup/doi/10.1143/PTPS.1.24
Connecting to academic.oup.com (academic.oup.com)|173.254.190.144|:443... connected.
HTTP request sent, awaiting response... 200 OK
Length: 89030 (87K) [text/html]
Saving to: ‘ptps.1.24’

     0K .......... .......... .......... .......... .......... 57%  208K 0s
    50K .......... .......... .......... ......               100% 11.0M=0.2s

2017-01-30 02:48:13 (356 KB/s) - ‘ptps.1.24’ saved [89030/89030]

--2017-01-30 02:48:14--  http://doi.org/10.1143/ptps.1.109
Connecting to doi.org (doi.org)|95.138.171.129|:80... connected.
HTTP request sent, awaiting response... 303 See Other
Location: https://academic.oup.com/ptps/article-lookup/doi/10.1143/PTPS.1.109 [following]
--2017-01-30 02:48:15--  https://academic.oup.com/ptps/article-lookup/doi/10.1143/PTPS.1.109
Connecting to academic.oup.com (academic.oup.com)|173.254.190.144|:443... connected.
HTTP request sent, awaiting response... 200 OK
Length: 80100 (78K) [text/html]
Saving to: ‘ptps.1.109’

     0K .......... .......... .......... .......... .......... 63%  206K 0s
    50K .......... .......... ........                        100% 15.0M=0.2s

2017-01-30 02:48:19 (320 KB/s) - ‘ptps.1.109’ saved [80100/80100]

--2017-01-30 02:48:20--  http://doi.org/10.1143/ptps.1.84
Connecting to doi.org (doi.org)|95.138.171.129|:80... connected.
HTTP request sent, awaiting response... 303 See Other
Location: https://academic.oup.com/ptps/article-lookup/doi/10.1143/PTPS.1.84 [following]
--2017-01-30 02:48:21--  https://academic.oup.com/ptps/article-lookup/doi/10.1143/PTPS.1.84
Connecting to academic.oup.com (academic.oup.com)|173.254.190.144|:443... connected.
HTTP request sent, awaiting response... 200 OK
Length: 75980 (74K) [text/html]
Saving to: ‘ptps.1.84’

     0K .......... .......... .......... .......... .......... 67%  209K 0s
    50K .......... .......... ....                            100% 9.66M=0.2s

2017-01-30 02:48:26 (307 KB/s) - ‘ptps.1.84’ saved [75980/75980]

--2017-01-30 02:48:27--  http://doi.org/10.1143/ptps.1.232
Connecting to doi.org (doi.org)|95.138.171.129|:80... connected.
HTTP request sent, awaiting response... 303 See Other
Location: https://academic.oup.com/ptps/article-lookup/doi/10.1143/PTPS.1.232 [following]
--2017-01-30 02:48:28--  https://academic.oup.com/ptps/article-lookup/doi/10.1143/PTPS.1.232
Connecting to academic.oup.com (academic.oup.com)|173.254.190.144|:443... connected.
HTTP request sent, awaiting response... 200 OK
Length: 70063 (68K) [text/html]
Saving to: ‘ptps.1.232’

     0K .......... .......... .......... .......... .......... 73%  208K 0s
    50K .......... ........                                   100% 14.0M=0.2s

2017-01-30 02:48:34 (283 KB/s) - ‘ptps.1.232’ saved [70063/70063]

--2017-01-30 02:48:35--  http://doi.org/10.1143/ptps.1.203
Connecting to doi.org (doi.org)|95.138.171.129|:80... connected.
HTTP request sent, awaiting response... 303 See Other
Location: https://academic.oup.com/ptps/article-lookup/doi/10.1143/PTPS.1.203 [following]
--2017-01-30 02:48:36--  https://academic.oup.com/ptps/article-lookup/doi/10.1143/PTPS.1.203
Connecting to academic.oup.com (academic.oup.com)|173.254.190.144|:443... connected.
HTTP request sent, awaiting response... 200 OK
Length: 84152 (82K) [text/html]
Saving to: ‘ptps.1.203’

     0K .......... .......... .......... .......... .......... 60%  208K 0s
    50K .......... .......... .......... ..                   100% 10.3M=0.2s

2017-01-30 02:48:40 (338 KB/s) - ‘ptps.1.203’ saved [84152/84152]

--2017-01-30 02:48:41--  http://doi.org/10.1143/ptps.1.219
Connecting to doi.org (doi.org)|95.138.171.129|:80... connected.
HTTP request sent, awaiting response... 303 See Other
Location: https://academic.oup.com/ptps/article-lookup/doi/10.1143/PTPS.1.219 [following]
--2017-01-30 02:48:42--  https://academic.oup.com/ptps/article-lookup/doi/10.1143/PTPS.1.219
Connecting to academic.oup.com (academic.oup.com)|173.254.190.144|:443... connected.
HTTP request sent, awaiting response... 200 OK
Length: 77759 (76K) [text/html]
Saving to: ‘ptps.1.219’

     0K .......... .......... .......... .......... .......... 65%  207K 0s
    50K .......... .......... .....                           100% 14.5M=0.2s

2017-01-30 02:48:49 (313 KB/s) - ‘ptps.1.219’ saved [77759/77759]

--2017-01-30 02:48:50--  http://doi.org/10.1143/ptps.1.212
Connecting to doi.org (doi.org)|95.138.171.129|:80... connected.
HTTP request sent, awaiting response... 303 See Other
Location: https://academic.oup.com/ptps/article-lookup/doi/10.1143/PTPS.1.212 [following]
--2017-01-30 02:48:51--  https://academic.oup.com/ptps/article-lookup/doi/10.1143/PTPS.1.212
Connecting to academic.oup.com (academic.oup.com)|173.254.190.144|:443... connected.
HTTP request sent, awaiting response... 200 OK
Length: 68345 (67K) [text/html]
Saving to: ‘ptps.1.212’

     0K .......... .......... .......... .......... .......... 74%  209K 0s
    50K .......... ......                                     100% 8.95M=0.2s

2017-01-30 02:48:56 (277 KB/s) - ‘ptps.1.212’ saved [68345/68345]

--2017-01-30 02:48:57--  http://doi.org/10.1143/ptps.1.161
Connecting to doi.org (doi.org)|95.138.171.129|:80... connected.
HTTP request sent, awaiting response... 303 See Other
Location: https://academic.oup.com/ptps/article-lookup/doi/10.1143/PTPS.1.161 [following]
--2017-01-30 02:48:58--  https://academic.oup.com/ptps/article-lookup/doi/10.1143/PTPS.1.161
Connecting to academic.oup.com (academic.oup.com)|173.254.190.144|:443... connected.
HTTP request sent, awaiting response... 200 OK
Length: 78261 (76K) [text/html]
Saving to: ‘ptps.1.161’

     0K .......... .......... .......... .......... .......... 65%  209K 0s
    50K .......... .......... ......                          100% 8.43M=0.2s

2017-01-30 02:49:02 (315 KB/s) - ‘ptps.1.161’ saved [78261/78261]

--2017-01-30 02:49:03--  http://doi.org/10.1143/ptps.2.68
Connecting to doi.org (doi.org)|95.138.171.129|:80... connected.
HTTP request sent, awaiting response... 303 See Other
Location: https://academic.oup.com/ptps/article-lookup/doi/10.1143/PTPS.2.68 [following]
--2017-01-30 02:49:04--  https://academic.oup.com/ptps/article-lookup/doi/10.1143/PTPS.2.68
Connecting to academic.oup.com (academic.oup.com)|173.254.190.144|:443... connected.
HTTP request sent, awaiting response... 200 OK
Length: 89414 (87K) [text/html]
Saving to: ‘ptps.2.68’

     0K .......... .......... .......... .......... .......... 57%  208K 0s
    50K .......... .......... .......... .......              100% 5.56M=0.2s

2017-01-30 02:49:09 (353 KB/s) - ‘ptps.2.68’ saved [89414/89414]

--2017-01-30 02:49:10--  http://doi.org/10.1143/ptps.2.119
Connecting to doi.org (doi.org)|95.138.171.129|:80... connected.
HTTP request sent, awaiting response... 303 See Other
Location: https://academic.oup.com/ptps/article-lookup/doi/10.1143/PTPS.2.119 [following]
--2017-01-30 02:49:11--  https://academic.oup.com/ptps/article-lookup/doi/10.1143/PTPS.2.119
Connecting to academic.oup.com (academic.oup.com)|173.254.190.144|:443... connected.
HTTP request sent, awaiting response... 200 OK
Length: 76644 (75K) [text/html]
Saving to: ‘ptps.2.119’

     0K .......... .......... .......... .......... .......... 66%  209K 0s
    50K .......... .......... ....                            100% 13.8M=0.2s

2017-01-30 02:49:15 (311 KB/s) - ‘ptps.2.119’ saved [76644/76644]

--2017-01-30 02:49:16--  http://doi.org/10.1143/ptps.2.193
Connecting to doi.org (doi.org)|95.138.171.129|:80... connected.
HTTP request sent, awaiting response... 303 See Other
Location: https://academic.oup.com/ptps/article-lookup/doi/10.1143/PTPS.2.193 [following]
--2017-01-30 02:49:17--  https://academic.oup.com/ptps/article-lookup/doi/10.1143/PTPS.2.193
Connecting to academic.oup.com (academic.oup.com)|173.254.190.144|:443... connected.
HTTP request sent, awaiting response... 200 OK
Length: 94899 (93K) [text/html]
Saving to: ‘ptps.2.193’

     0K .......... .......... .......... .......... .......... 53%  208K 0s
    50K .......... .......... .......... .......... ..        100%  533K=0.3s

2017-01-30 02:49:21 (290 KB/s) - ‘ptps.2.193’ saved [94899/94899]

--2017-01-30 02:49:22--  http://doi.org/10.1143/ptps.2.1
Connecting to doi.org (doi.org)|95.138.171.129|:80... connected.
HTTP request sent, awaiting response... 303 See Other
Location: https://academic.oup.com/ptps/article-lookup/doi/10.1143/PTPS.2.1 [following]
--2017-01-30 02:49:24--  https://academic.oup.com/ptps/article-lookup/doi/10.1143/PTPS.2.1
Connecting to academic.oup.com (academic.oup.com)|173.254.190.144|:443... connected.
HTTP request sent, awaiting response... 200 OK
Length: 72796 (71K) [text/html]
Saving to: ‘ptps.2.1’

     0K .......... .......... .......... .......... .......... 70%  208K 0s
    50K .......... .......... .                               100%  957K=0.3s

2017-01-30 02:49:27 (271 KB/s) - ‘ptps.2.1’ saved [72796/72796]

--2017-01-30 02:49:28--  http://doi.org/10.1143/ptps.2.82
Connecting to doi.org (doi.org)|95.138.171.129|:80... connected.
HTTP request sent, awaiting response... 303 See Other
Location: https://academic.oup.com/ptps/article-lookup/doi/10.1143/PTPS.2.82 [following]
--2017-01-30 02:49:29--  https://academic.oup.com/ptps/article-lookup/doi/10.1143/PTPS.2.82
Connecting to academic.oup.com (academic.oup.com)|173.254.190.144|:443... connected.
HTTP request sent, awaiting response... 200 OK
Length: 79398 (78K) [text/html]
Saving to: ‘ptps.2.82’

     0K .......... .......... .......... .......... .......... 64%  209K 0s
    50K .......... .......... .......                         100% 13.8M=0.2s

2017-01-30 02:49:33 (321 KB/s) - ‘ptps.2.82’ saved [79398/79398]

--2017-01-30 02:49:34--  http://doi.org/10.1143/ptps.2.21
Connecting to doi.org (doi.org)|95.138.171.129|:80... connected.
HTTP request sent, awaiting response... 303 See Other
Location: https://academic.oup.com/ptps/article-lookup/doi/10.1143/PTPS.2.21 [following]
--2017-01-30 02:49:35--  https://academic.oup.com/ptps/article-lookup/doi/10.1143/PTPS.2.21
Connecting to academic.oup.com (academic.oup.com)|173.254.190.144|:443... connected.
HTTP request sent, awaiting response... 200 OK
Length: 88857 (87K) [text/html]
Saving to: ‘ptps.2.21’

     0K .......... .......... .......... .......... .......... 57%  209K 0s
    50K .......... .......... .......... ......               100%  435K=0.3s

2017-01-30 02:49:39 (268 KB/s) - ‘ptps.2.21’ saved [88857/88857]

--2017-01-30 02:49:40--  http://doi.org/10.1143/ptps.2.181
Connecting to doi.org (doi.org)|95.138.171.129|:80... connected.
HTTP request sent, awaiting response... 303 See Other
Location: https://academic.oup.com/ptps/article-lookup/doi/10.1143/PTPS.2.181 [following]
--2017-01-30 02:49:41--  https://academic.oup.com/ptps/article-lookup/doi/10.1143/PTPS.2.181
Connecting to academic.oup.com (academic.oup.com)|173.254.190.144|:443... connected.
HTTP request sent, awaiting response... 200 OK
Length: 73028 (71K) [text/html]
Saving to: ‘ptps.2.181’

     0K .......... .......... .......... .......... .......... 70%  206K 0s
    50K .......... .......... .                               100% 9.86M=0.2s

2017-01-30 02:49:45 (291 KB/s) - ‘ptps.2.181’ saved [73028/73028]

--2017-01-30 02:49:46--  http://doi.org/10.1143/ptps.3.13
Connecting to doi.org (doi.org)|95.138.171.129|:80... connected.
HTTP request sent, awaiting response... 303 See Other
Location: https://academic.oup.com/ptps/article-lookup/doi/10.1143/PTPS.3.13 [following]
--2017-01-30 02:49:47--  https://academic.oup.com/ptps/article-lookup/doi/10.1143/PTPS.3.13
Connecting to academic.oup.com (academic.oup.com)|173.254.190.144|:443... connected.
HTTP request sent, awaiting response... 200 OK
Length: 151269 (148K) [text/html]
Saving to: ‘ptps.3.13’

     0K .......... .......... .......... .......... .......... 33%  205K 0s
    50K .......... .......... .......... .......... .......... 67%  595K 0s
   100K .......... .......... .......... .......... .......   100%  555K=0.4s

2017-01-30 02:49:51 (357 KB/s) - ‘ptps.3.13’ saved [151269/151269]

--2017-01-30 02:49:52--  http://doi.org/10.1143/ptps.3.138
Connecting to doi.org (doi.org)|95.138.171.129|:80... connected.
HTTP request sent, awaiting response... 303 See Other
Location: https://academic.oup.com/ptps/article-lookup/doi/10.1143/PTPS.3.138 [following]
--2017-01-30 02:49:53--  https://academic.oup.com/ptps/article-lookup/doi/10.1143/PTPS.3.138
Connecting to academic.oup.com (academic.oup.com)|173.254.190.144|:443... connected.
HTTP request sent, awaiting response... 200 OK
Length: 99783 (97K) [text/html]
Saving to: ‘ptps.3.138’

     0K .......... .......... .......... .......... .......... 51%  306K 0s
    50K .......... .......... .......... .......... .......   100%  298K=0.3s

2017-01-30 02:49:58 (302 KB/s) - ‘ptps.3.138’ saved [99783/99783]

--2017-01-30 02:49:59--  http://doi.org/10.1143/ptps.3.1
Connecting to doi.org (doi.org)|95.138.171.129|:80... connected.
HTTP request sent, awaiting response... 303 See Other
Location: https://academic.oup.com/ptps/article-lookup/doi/10.1143/PTPS.3.1 [following]
--2017-01-30 02:50:00--  https://academic.oup.com/ptps/article-lookup/doi/10.1143/PTPS.3.1
Connecting to academic.oup.com (academic.oup.com)|173.254.190.144|:443... connected.
HTTP request sent, awaiting response... 200 OK
Length: 78442 (77K) [text/html]
Saving to: ‘ptps.3.1’

     0K .......... .......... .......... .......... .......... 65%  209K 0s
    50K .......... .......... ......                          100% 10.1M=0.2s

2017-01-30 02:50:04 (317 KB/s) - ‘ptps.3.1’ saved [78442/78442]

--2017-01-30 02:50:05--  http://doi.org/10.1143/ptps.3.106
Connecting to doi.org (doi.org)|95.138.171.129|:80... connected.
HTTP request sent, awaiting response... 303 See Other
Location: https://academic.oup.com/ptps/article-lookup/doi/10.1143/PTPS.3.106 [following]
--2017-01-30 02:50:06--  https://academic.oup.com/ptps/article-lookup/doi/10.1143/PTPS.3.106
Connecting to academic.oup.com (academic.oup.com)|173.254.190.144|:443... connected.
HTTP request sent, awaiting response... 200 OK
Length: 109486 (107K) [text/html]
Saving to: ‘ptps.3.106’

     0K .......... .......... .......... .......... .......... 46%  307K 0s
    50K .......... .......... .......... .......... .......... 93%  308K 0s
   100K ......                                                100% 28.4M=0.3s

2017-01-30 02:50:10 (328 KB/s) - ‘ptps.3.106’ saved [109486/109486]

--2017-01-30 02:50:11--  http://doi.org/10.1143/ptps.3.169
Connecting to doi.org (doi.org)|95.138.171.129|:80... connected.
HTTP request sent, awaiting response... 303 See Other
Location: https://academic.oup.com/ptps/article-lookup/doi/10.1143/PTPS.3.169 [following]
--2017-01-30 02:50:12--  https://academic.oup.com/ptps/article-lookup/doi/10.1143/PTPS.3.169
Connecting to academic.oup.com (academic.oup.com)|173.254.190.144|:443... connected.
HTTP request sent, awaiting response... 200 OK
Length: 82476 (81K) [text/html]
Saving to: ‘ptps.3.169’

     0K .......... .......... .......... .......... .......... 62%  208K 0s
    50K .......... .......... ..........                      100% 11.6M=0.2s

2017-01-30 02:50:16 (331 KB/s) - ‘ptps.3.169’ saved [82476/82476]

--2017-01-30 02:50:17--  http://doi.org/10.1143/ptps.3.32
Connecting to doi.org (doi.org)|95.138.171.129|:80... connected.
HTTP request sent, awaiting response... 303 See Other
Location: https://academic.oup.com/ptps/article-lookup/doi/10.1143/PTPS.3.32 [following]
--2017-01-30 02:50:18--  https://academic.oup.com/ptps/article-lookup/doi/10.1143/PTPS.3.32
Connecting to academic.oup.com (academic.oup.com)|173.254.190.144|:443... connected.
HTTP request sent, awaiting response... 200 OK
Length: 178051 (174K) [text/html]
Saving to: ‘ptps.3.32’

     0K .......... .......... .......... .......... .......... 28%  209K 1s
    50K .......... .......... .......... .......... .......... 57%  609K 0s
   100K .......... .......... .......... .......... .......... 86%  603K 0s
   150K .......... .......... ...                             100%  306K=0.5s

2017-01-30 02:50:23 (361 KB/s) - ‘ptps.3.32’ saved [178051/178051]

--2017-01-30 02:50:24--  http://doi.org/10.1143/ptps.4.2
Connecting to doi.org (doi.org)|95.138.171.129|:80... connected.
HTTP request sent, awaiting response... 303 See Other
Location: https://academic.oup.com/ptps/article-lookup/doi/10.1143/PTPS.4.2 [following]
--2017-01-30 02:50:25--  https://academic.oup.com/ptps/article-lookup/doi/10.1143/PTPS.4.2
Connecting to academic.oup.com (academic.oup.com)|173.254.190.144|:443... connected.
HTTP request sent, awaiting response... 200 OK
Length: 144276 (141K) [text/html]
Saving to: ‘ptps.4.2’

     0K .......... .......... .......... .......... .......... 35%  209K 0s
    50K .......... .......... .......... .......... .......... 70%  609K 0s
   100K .......... .......... .......... ..........           100%  507K=0.4s

2017-01-30 02:50:30 (350 KB/s) - ‘ptps.4.2’ saved [144276/144276]

--2017-01-30 02:50:31--  http://doi.org/10.1143/ptps.5.41
Connecting to doi.org (doi.org)|95.138.171.129|:80... connected.
HTTP request sent, awaiting response... 303 See Other
Location: https://academic.oup.com/ptps/article-lookup/doi/10.1143/PTPS.5.41 [following]
--2017-01-30 02:50:32--  https://academic.oup.com/ptps/article-lookup/doi/10.1143/PTPS.5.41
Connecting to academic.oup.com (academic.oup.com)|173.254.190.144|:443... connected.
HTTP request sent, awaiting response... 200 OK
Length: 112719 (110K) [text/html]
Saving to: ‘ptps.5.41’

     0K .......... .......... .......... .......... .......... 45%  209K 0s
    50K .......... .......... .......... .......... .......... 90%  611K 0s
   100K ..........                                            100% 16.0M=0.3s

2017-01-30 02:50:37 (342 KB/s) - ‘ptps.5.41’ saved [112719/112719]

--2017-01-30 02:50:38--  http://doi.org/10.1143/ptps.7.35
Connecting to doi.org (doi.org)|95.138.171.129|:80... connected.
HTTP request sent, awaiting response... 303 See Other
Location: https://academic.oup.com/ptps/article-lookup/doi/10.1143/PTPS.7.35 [following]
--2017-01-30 02:50:39--  https://academic.oup.com/ptps/article-lookup/doi/10.1143/PTPS.7.35
Connecting to academic.oup.com (academic.oup.com)|173.254.190.144|:443... connected.
HTTP request sent, awaiting response... 200 OK
Length: 97479 (95K) [text/html]
Saving to: ‘ptps.7.35’

     0K .......... .......... .......... .......... .......... 52%  310K 0s
    50K .......... .......... .......... .......... .....     100%  285K=0.3s

2017-01-30 02:50:43 (298 KB/s) - ‘ptps.7.35’ saved [97479/97479]

--2017-01-30 02:50:44--  http://doi.org/10.1143/ptps.8.21
Connecting to doi.org (doi.org)|95.138.171.129|:80... connected.
HTTP request sent, awaiting response... 303 See Other
Location: https://academic.oup.com/ptps/article-lookup/doi/10.1143/PTPS.8.21 [following]
--2017-01-30 02:50:45--  https://academic.oup.com/ptps/article-lookup/doi/10.1143/PTPS.8.21
Connecting to academic.oup.com (academic.oup.com)|173.254.190.144|:443... connected.
HTTP request sent, awaiting response... 200 OK
Length: 79042 (77K) [text/html]
Saving to: ‘ptps.8.21’

     0K .......... .......... .......... .......... .......... 64%  207K 0s
    50K .......... .......... .......                         100% 8.84M=0.2s

2017-01-30 02:50:49 (316 KB/s) - ‘ptps.8.21’ saved [79042/79042]

--2017-01-30 02:50:50--  http://doi.org/10.1143/ptps.8.1
Connecting to doi.org (doi.org)|95.138.171.129|:80... connected.
HTTP request sent, awaiting response... 303 See Other
Location: https://academic.oup.com/ptps/article-lookup/doi/10.1143/PTPS.8.1 [following]
--2017-01-30 02:50:51--  https://academic.oup.com/ptps/article-lookup/doi/10.1143/PTPS.8.1
Connecting to academic.oup.com (academic.oup.com)|173.254.190.144|:443... connected.
HTTP request sent, awaiting response... 200 OK
Length: 74008 (72K) [text/html]
Saving to: ‘ptps.8.1’

     0K .......... .......... .......... .......... .......... 69%  205K 0s
    50K .......... .......... ..                              100% 13.1M=0.2s

2017-01-30 02:50:55 (294 KB/s) - ‘ptps.8.1’ saved [74008/74008]

--2017-01-30 02:50:56--  http://doi.org/10.1143/ptps.8.33
Connecting to doi.org (doi.org)|95.138.171.129|:80... connected.
HTTP request sent, awaiting response... 303 See Other
Location: https://academic.oup.com/ptps/article-lookup/doi/10.1143/PTPS.8.33 [following]
--2017-01-30 02:50:57--  https://academic.oup.com/ptps/article-lookup/doi/10.1143/PTPS.8.33
Connecting to academic.oup.com (academic.oup.com)|173.254.190.144|:443... connected.
HTTP request sent, awaiting response... 200 OK
Length: 163672 (160K) [text/html]
Saving to: ‘ptps.8.33’

     0K .......... .......... .......... .......... .......... 31%  208K 1s
    50K .......... .......... .......... .......... .......... 62%  609K 0s
   100K .......... .......... .......... .......... .......... 93%  601K 0s
   150K .........                                             100% 33.7M=0.4s

2017-01-30 02:51:03 (394 KB/s) - ‘ptps.8.33’ saved [163672/163672]

--2017-01-30 02:51:04--  http://doi.org/10.1143/ptps.7.67
Connecting to doi.org (doi.org)|95.138.171.129|:80... connected.
HTTP request sent, awaiting response... 303 See Other
Location: https://academic.oup.com/ptps/article-lookup/doi/10.1143/PTPS.7.67 [following]
--2017-01-30 02:51:05--  https://academic.oup.com/ptps/article-lookup/doi/10.1143/PTPS.7.67
Connecting to academic.oup.com (academic.oup.com)|173.254.190.144|:443... connected.
HTTP request sent, awaiting response... 200 OK
Length: 114818 (112K) [text/html]
Saving to: ‘ptps.7.67’

     0K .......... .......... .......... .......... .......... 44%  209K 0s
    50K .......... .......... .......... .......... .......... 89%  613K 0s
   100K .......... ..                                         100% 13.9M=0.3s

2017-01-30 02:51:09 (349 KB/s) - ‘ptps.7.67’ saved [114818/114818]

--2017-01-30 02:51:10--  http://doi.org/10.1143/ptps.5.1
Connecting to doi.org (doi.org)|95.138.171.129|:80... connected.
HTTP request sent, awaiting response... 303 See Other
Location: https://academic.oup.com/ptps/article-lookup/doi/10.1143/PTPS.5.1 [following]
--2017-01-30 02:51:11--  https://academic.oup.com/ptps/article-lookup/doi/10.1143/PTPS.5.1
Connecting to academic.oup.com (academic.oup.com)|173.254.190.144|:443... connected.
HTTP request sent, awaiting response... 200 OK
Length: 90034 (88K) [text/html]
Saving to: ‘ptps.5.1’

     0K .......... .......... .......... .......... .......... 56%  209K 0s
    50K .......... .......... .......... .......              100% 9.35M=0.2s

2017-01-30 02:51:15 (362 KB/s) - ‘ptps.5.1’ saved [90034/90034]

--2017-01-30 02:51:16--  http://doi.org/10.1143/ptps.5.123
Connecting to doi.org (doi.org)|95.138.171.129|:80... connected.
HTTP request sent, awaiting response... 303 See Other
Location: https://academic.oup.com/ptps/article-lookup/doi/10.1143/PTPS.5.123 [following]
--2017-01-30 02:51:17--  https://academic.oup.com/ptps/article-lookup/doi/10.1143/PTPS.5.123
Connecting to academic.oup.com (academic.oup.com)|173.254.190.144|:443... connected.
HTTP request sent, awaiting response... 200 OK
Length: 80855 (79K) [text/html]
Saving to: ‘ptps.5.123’

     0K .......... .......... .......... .......... .......... 63%  205K 0s
    50K .......... .......... ........                        100% 15.1M=0.2s

2017-01-30 02:51:22 (322 KB/s) - ‘ptps.5.123’ saved [80855/80855]

--2017-01-30 02:51:23--  http://doi.org/10.1143/ptps.6.93
Connecting to doi.org (doi.org)|95.138.171.129|:80... connected.
HTTP request sent, awaiting response... 303 See Other
Location: https://academic.oup.com/ptps/article-lookup/doi/10.1143/PTPS.6.93 [following]
--2017-01-30 02:51:24--  https://academic.oup.com/ptps/article-lookup/doi/10.1143/PTPS.6.93
Connecting to academic.oup.com (academic.oup.com)|173.254.190.144|:443... connected.
HTTP request sent, awaiting response... 200 OK
Length: 91459 (89K) [text/html]
Saving to: ‘ptps.6.93’

     0K .......... .......... .......... .......... .......... 55%  208K 0s
    50K .......... .......... .......... .........            100% 1019K=0.3s

2017-01-30 02:51:28 (320 KB/s) - ‘ptps.6.93’ saved [91459/91459]

--2017-01-30 02:51:29--  http://doi.org/10.1143/ptps.5.65
Connecting to doi.org (doi.org)|95.138.171.129|:80... connected.
HTTP request sent, awaiting response... 303 See Other
Location: https://academic.oup.com/ptps/article-lookup/doi/10.1143/PTPS.5.65 [following]
--2017-01-30 02:51:30--  https://academic.oup.com/ptps/article-lookup/doi/10.1143/PTPS.5.65
Connecting to academic.oup.com (academic.oup.com)|173.254.190.144|:443... connected.
HTTP request sent, awaiting response... 200 OK
Length: 79104 (77K) [text/html]
Saving to: ‘ptps.5.65’

     0K .......... .......... .......... .......... .......... 64%  208K 0s
    50K .......... .......... .......                         100% 9.51M=0.2s

2017-01-30 02:51:34 (318 KB/s) - ‘ptps.5.65’ saved [79104/79104]

--2017-01-30 02:51:35--  http://doi.org/10.1143/ptps.5.17
Connecting to doi.org (doi.org)|95.138.171.129|:80... connected.
HTTP request sent, awaiting response... 303 See Other
Location: https://academic.oup.com/ptps/article-lookup/doi/10.1143/PTPS.5.17 [following]
--2017-01-30 02:51:36--  https://academic.oup.com/ptps/article-lookup/doi/10.1143/PTPS.5.17
Connecting to academic.oup.com (academic.oup.com)|173.254.190.144|:443... connected.
HTTP request sent, awaiting response... 200 OK
Length: 87333 (85K) [text/html]
Saving to: ‘ptps.5.17’

     0K .......... .......... .......... .......... .......... 58%  208K 0s
    50K .......... .......... .......... .....                100% 11.1M=0.2s

2017-01-30 02:51:39 (351 KB/s) - ‘ptps.5.17’ saved [87333/87333]

--2017-01-30 02:51:40--  http://doi.org/10.1143/ptps.7.1
Connecting to doi.org (doi.org)|95.138.171.129|:80... connected.
HTTP request sent, awaiting response... 303 See Other
Location: https://academic.oup.com/ptps/article-lookup/doi/10.1143/PTPS.7.1 [following]
--2017-01-30 02:51:42--  https://academic.oup.com/ptps/article-lookup/doi/10.1143/PTPS.7.1
Connecting to academic.oup.com (academic.oup.com)|173.254.190.144|:443... connected.
HTTP request sent, awaiting response... 200 OK
Length: 105347 (103K) [text/html]
Saving to: ‘ptps.7.1’

     0K .......... .......... .......... .......... .......... 48%  208K 0s
    50K .......... .......... .......... .......... .......... 97%  613K 0s
   100K ..                                                    100% 18.0M=0.3s

2017-01-30 02:51:46 (320 KB/s) - ‘ptps.7.1’ saved [105347/105347]

--2017-01-30 02:51:47--  http://doi.org/10.1143/ptps.6.1
Connecting to doi.org (doi.org)|95.138.171.129|:80... connected.
HTTP request sent, awaiting response... 303 See Other
Location: https://academic.oup.com/ptps/article-lookup/doi/10.1143/PTPS.6.1 [following]
--2017-01-30 02:51:48--  https://academic.oup.com/ptps/article-lookup/doi/10.1143/PTPS.6.1
Connecting to academic.oup.com (academic.oup.com)|173.254.190.144|:443... connected.
HTTP request sent, awaiting response... 200 OK
Length: 181875 (178K) [text/html]
Saving to: ‘ptps.6.1’

     0K .......... .......... .......... .......... .......... 28%  209K 1s
    50K .......... .......... .......... .......... .......... 56%  602K 0s
   100K .......... .......... .......... .......... .......... 84%  609K 0s
   150K .......... .......... .......                         100%  344K=0.5s

2017-01-30 02:51:52 (366 KB/s) - ‘ptps.6.1’ saved [181875/181875]

--2017-01-30 02:51:53--  http://doi.org/10.1093/ptpsupp/8.supplement_1.np
Connecting to doi.org (doi.org)|95.138.171.129|:80... connected.
HTTP request sent, awaiting response... 303 See Other
Location: http://ptps.oxfordjournals.org/cgi/doi/10.1093/ptpsupp/8.Supplement_1.NP [following]
--2017-01-30 02:51:55--  http://ptps.oxfordjournals.org/cgi/doi/10.1093/ptpsupp/8.Supplement_1.NP
Resolving ptps.oxfordjournals.org (ptps.oxfordjournals.org)... 209.135.222.209
Connecting to ptps.oxfordjournals.org (ptps.oxfordjournals.org)|209.135.222.209|:80... connected.
HTTP request sent, awaiting response... 301 Moved Permanently
Cookie coming from ptps.oxfordjournals.org attempted to set domain to academic.oup.com
Location: https://academic.oup.com/ptps/article/doi/10.1093/ptpsupp/8.Supplement_1.NP/1921294/Nuclear-Moments-and-Configuration-Mixing [following]
--2017-01-30 02:51:56--  https://academic.oup.com/ptps/article/doi/10.1093/ptpsupp/8.Supplement_1.NP/1921294/Nuclear-Moments-and-Configuration-Mixing
Connecting to academic.oup.com (academic.oup.com)|173.254.190.144|:443... connected.
HTTP request sent, awaiting response... 200 OK
Length: 65093 (64K) [text/html]
Saving to: ‘8.supplement_1.np’

     0K .......... .......... .......... .......... .......... 78%  208K 0s
    50K .......... ...                                        100% 14.9M=0.2s

2017-01-30 02:52:00 (264 KB/s) - ‘8.supplement_1.np’ saved [65093/65093]

--2017-01-30 02:52:01--  http://doi.org/10.1143/ptps.10.36
Connecting to doi.org (doi.org)|95.138.171.129|:80... connected.
HTTP request sent, awaiting response... 303 See Other
Location: https://academic.oup.com/ptps/article-lookup/doi/10.1143/PTPS.10.36 [following]
--2017-01-30 02:52:02--  https://academic.oup.com/ptps/article-lookup/doi/10.1143/PTPS.10.36
Connecting to academic.oup.com (academic.oup.com)|173.254.190.144|:443... connected.
HTTP request sent, awaiting response... 200 OK
Length: 108133 (106K) [text/html]
Saving to: ‘ptps.10.36’

     0K .......... .......... .......... .......... .......... 47%  206K 0s
    50K .......... .......... .......... .......... .......... 94%  599K 0s
   100K .....                                                 100% 10679G=0.3s

2017-01-30 02:52:07 (323 KB/s) - ‘ptps.10.36’ saved [108133/108133]

--2017-01-30 02:52:08--  http://doi.org/10.1143/ptps.10.82
Connecting to doi.org (doi.org)|95.138.171.129|:80... connected.
HTTP request sent, awaiting response... 303 See Other
Location: https://academic.oup.com/ptps/article-lookup/doi/10.1143/PTPS.10.82 [following]
--2017-01-30 02:52:09--  https://academic.oup.com/ptps/article-lookup/doi/10.1143/PTPS.10.82
Connecting to academic.oup.com (academic.oup.com)|173.254.190.144|:443... connected.
HTTP request sent, awaiting response... 200 OK
Length: 75265 (74K) [text/html]
Saving to: ‘ptps.10.82’

     0K .......... .......... .......... .......... .......... 68%  208K 0s
    50K .......... .......... ...                             100% 12.9M=0.2s

2017-01-30 02:52:13 (303 KB/s) - ‘ptps.10.82’ saved [75265/75265]

--2017-01-30 02:52:14--  http://doi.org/10.1143/ptps.10.5
Connecting to doi.org (doi.org)|95.138.171.129|:80... connected.
HTTP request sent, awaiting response... 303 See Other
Location: https://academic.oup.com/ptps/article-lookup/doi/10.1143/PTPS.10.5 [following]
--2017-01-30 02:52:15--  https://academic.oup.com/ptps/article-lookup/doi/10.1143/PTPS.10.5
Connecting to academic.oup.com (academic.oup.com)|173.254.190.144|:443... connected.
HTTP request sent, awaiting response... 200 OK
Length: 83138 (81K) [text/html]
Saving to: ‘ptps.10.5’

     0K .......... .......... .......... .......... .......... 61%  209K 0s
    50K .......... .......... .......... .                    100% 11.3M=0.2s

2017-01-30 02:52:19 (335 KB/s) - ‘ptps.10.5’ saved [83138/83138]

--2017-01-30 02:52:20--  http://doi.org/10.1143/ptps.10.240
Connecting to doi.org (doi.org)|95.138.171.129|:80... connected.
HTTP request sent, awaiting response... 303 See Other
Location: https://academic.oup.com/ptps/article-lookup/doi/10.1143/PTPS.10.240 [following]
--2017-01-30 02:52:21--  https://academic.oup.com/ptps/article-lookup/doi/10.1143/PTPS.10.240
Connecting to academic.oup.com (academic.oup.com)|173.254.190.144|:443... connected.
HTTP request sent, awaiting response... 200 OK
Length: 65073 (64K) [text/html]
Saving to: ‘ptps.10.240’

     0K .......... .......... .......... .......... .......... 78%  205K 0s
    50K .......... ...                                        100% 16.2M=0.2s

2017-01-30 02:52:26 (259 KB/s) - ‘ptps.10.240’ saved [65073/65073]

--2017-01-30 02:52:27--  http://doi.org/10.1143/ptps.10.19
Connecting to doi.org (doi.org)|95.138.171.129|:80... connected.
HTTP request sent, awaiting response... 303 See Other
Location: https://academic.oup.com/ptps/article-lookup/doi/10.1143/PTPS.10.19 [following]
--2017-01-30 02:52:28--  https://academic.oup.com/ptps/article-lookup/doi/10.1143/PTPS.10.19
Connecting to academic.oup.com (academic.oup.com)|173.254.190.144|:443... connected.
HTTP request sent, awaiting response... 200 OK
Length: 98079 (96K) [text/html]
Saving to: ‘ptps.10.19’

     0K .......... .......... .......... .......... .......... 52%  207K 0s
    50K .......... .......... .......... .......... .....     100%  564K=0.3s

2017-01-30 02:52:32 (297 KB/s) - ‘ptps.10.19’ saved [98079/98079]

--2017-01-30 02:52:33--  http://doi.org/10.1143/ptps.11.52
Connecting to doi.org (doi.org)|95.138.171.129|:80... connected.
HTTP request sent, awaiting response... 303 See Other
Location: https://academic.oup.com/ptps/article-lookup/doi/10.1143/PTPS.11.52 [following]
--2017-01-30 02:52:34--  https://academic.oup.com/ptps/article-lookup/doi/10.1143/PTPS.11.52
Connecting to academic.oup.com (academic.oup.com)|173.254.190.144|:443... connected.
HTTP request sent, awaiting response... 200 OK
Length: 62691 (61K) [text/html]
Saving to: ‘ptps.11.52’

     0K .......... .......... .......... .......... .......... 81%  206K 0s
    50K .......... .                                          100% 24.1M=0.2s

2017-01-30 02:52:38 (252 KB/s) - ‘ptps.11.52’ saved [62691/62691]

--2017-01-30 02:52:39--  http://doi.org/10.1143/ptps.9.19
Connecting to doi.org (doi.org)|95.138.171.129|:80... connected.
HTTP request sent, awaiting response... 303 See Other
Location: https://academic.oup.com/ptps/article-lookup/doi/10.1143/PTPS.9.19 [following]
--2017-01-30 02:52:40--  https://academic.oup.com/ptps/article-lookup/doi/10.1143/PTPS.9.19
Connecting to academic.oup.com (academic.oup.com)|173.254.190.144|:443... connected.
HTTP request sent, awaiting response... 200 OK
Length: 80959 (79K) [text/html]
Saving to: ‘ptps.9.19’

     0K .......... .......... .......... .......... .......... 63%  209K 0s
    50K .......... .......... .........                       100% 12.4M=0.2s

2017-01-30 02:52:45 (327 KB/s) - ‘ptps.9.19’ saved [80959/80959]

--2017-01-30 02:52:46--  http://doi.org/10.1143/ptps.12.160
Connecting to doi.org (doi.org)|95.138.171.129|:80... connected.
HTTP request sent, awaiting response... 303 See Other
Location: https://academic.oup.com/ptps/article-lookup/doi/10.1143/PTPS.12.160 [following]
--2017-01-30 02:52:47--  https://academic.oup.com/ptps/article-lookup/doi/10.1143/PTPS.12.160
Connecting to academic.oup.com (academic.oup.com)|173.254.190.144|:443... connected.
HTTP request sent, awaiting response... 200 OK
Length: 94973 (93K) [text/html]
Saving to: ‘ptps.12.160’

     0K .......... .......... .......... .......... .......... 53%  209K 0s
    50K .......... .......... .......... .......... ..        100%  533K=0.3s

2017-01-30 02:52:53 (290 KB/s) - ‘ptps.12.160’ saved [94973/94973]

--2017-01-30 02:52:54--  http://doi.org/10.1143/ptps.9.69
Connecting to doi.org (doi.org)|95.138.171.129|:80... connected.
HTTP request sent, awaiting response... 303 See Other
Location: https://academic.oup.com/ptps/article-lookup/doi/10.1143/PTPS.9.69 [following]
--2017-01-30 02:52:56--  https://academic.oup.com/ptps/article-lookup/doi/10.1143/PTPS.9.69
Connecting to academic.oup.com (academic.oup.com)|173.254.190.144|:443... connected.
HTTP request sent, awaiting response... 200 OK
Length: 92467 (90K) [text/html]
Saving to: ‘ptps.9.69’

     0K .......... .......... .......... .......... .......... 55%  208K 0s
    50K .......... .......... .......... ..........           100% 1015K=0.3s

2017-01-30 02:53:00 (323 KB/s) - ‘ptps.9.69’ saved [92467/92467]

--2017-01-30 02:53:01--  http://doi.org/10.1143/ptps.10.137
Connecting to doi.org (doi.org)|95.138.171.129|:80... connected.
HTTP request sent, awaiting response... 303 See Other
Location: https://academic.oup.com/ptps/article-lookup/doi/10.1143/PTPS.10.137 [following]
--2017-01-30 02:53:02--  https://academic.oup.com/ptps/article-lookup/doi/10.1143/PTPS.10.137
Connecting to academic.oup.com (academic.oup.com)|173.254.190.144|:443... connected.
HTTP request sent, awaiting response... 200 OK
Length: 90974 (89K) [text/html]
Saving to: ‘ptps.10.137’

     0K .......... .......... .......... .......... .......... 56%  306K 0s
    50K .......... .......... .......... ........             100%  470K=0.2s

2017-01-30 02:53:06 (361 KB/s) - ‘ptps.10.137’ saved [90974/90974]

--2017-01-30 02:53:07--  http://doi.org/10.1143/ptps.10.142
Connecting to doi.org (doi.org)|95.138.171.129|:80... connected.
HTTP request sent, awaiting response... 303 See Other
Location: https://academic.oup.com/ptps/article-lookup/doi/10.1143/PTPS.10.142 [following]
--2017-01-30 02:53:08--  https://academic.oup.com/ptps/article-lookup/doi/10.1143/PTPS.10.142
Connecting to academic.oup.com (academic.oup.com)|173.254.190.144|:443... connected.
HTTP request sent, awaiting response... 200 OK
Length: 96919 (95K) [text/html]
Saving to: ‘ptps.10.142’

     0K .......... .......... .......... .......... .......... 52%  309K 0s
    50K .......... .......... .......... .......... ....      100%  283K=0.3s

2017-01-30 02:53:13 (296 KB/s) - ‘ptps.10.142’ saved [96919/96919]

--2017-01-30 02:53:14--  http://doi.org/10.1143/ptps.12.174
Connecting to doi.org (doi.org)|95.138.171.129|:80... connected.
HTTP request sent, awaiting response... 303 See Other
Location: https://academic.oup.com/ptps/article-lookup/doi/10.1143/PTPS.12.174 [following]
--2017-01-30 02:53:15--  https://academic.oup.com/ptps/article-lookup/doi/10.1143/PTPS.12.174
Connecting to academic.oup.com (academic.oup.com)|173.254.190.144|:443... connected.
HTTP request sent, awaiting response... 200 OK
Length: 77932 (76K) [text/html]
Saving to: ‘ptps.12.174’

     0K .......... .......... .......... .......... .......... 65%  206K 0s
    50K .......... .......... ......                          100% 13.7M=0.2s

2017-01-30 02:53:19 (311 KB/s) - ‘ptps.12.174’ saved [77932/77932]

--2017-01-30 02:53:20--  http://doi.org/10.1143/ptps.12.3
Connecting to doi.org (doi.org)|95.138.171.129|:80... connected.
HTTP request sent, awaiting response... 303 See Other
Location: https://academic.oup.com/ptps/article-lookup/doi/10.1143/PTPS.12.3 [following]
--2017-01-30 02:53:21--  https://academic.oup.com/ptps/article-lookup/doi/10.1143/PTPS.12.3
Connecting to academic.oup.com (academic.oup.com)|173.254.190.144|:443... connected.
HTTP request sent, awaiting response... 200 OK
Length: 122300 (119K) [text/html]
Saving to: ‘ptps.12.3’

     0K .......... .......... .......... .......... .......... 41%  209K 0s
    50K .......... .......... .......... .......... .......... 83%  604K 0s
   100K .......... .........                                  100% 20.5M=0.3s

2017-01-30 02:53:25 (370 KB/s) - ‘ptps.12.3’ saved [122300/122300]

--2017-01-30 02:53:26--  http://doi.org/10.1143/ptps.10.226
Connecting to doi.org (doi.org)|95.138.171.129|:80... connected.
HTTP request sent, awaiting response... 303 See Other
Location: https://academic.oup.com/ptps/article-lookup/doi/10.1143/PTPS.10.226 [following]
--2017-01-30 02:53:27--  https://academic.oup.com/ptps/article-lookup/doi/10.1143/PTPS.10.226
Connecting to academic.oup.com (academic.oup.com)|173.254.190.144|:443... connected.
HTTP request sent, awaiting response... 200 OK
Length: 83152 (81K) [text/html]
Saving to: ‘ptps.10.226’

     0K .......... .......... .......... .......... .......... 61%  209K 0s
    50K .......... .......... .......... .                    100% 10.4M=0.2s

2017-01-30 02:53:31 (335 KB/s) - ‘ptps.10.226’ saved [83152/83152]

--2017-01-30 02:53:32--  http://doi.org/10.1143/ptps.11.37
Connecting to doi.org (doi.org)|95.138.171.129|:80... connected.
HTTP request sent, awaiting response... 303 See Other
Location: https://academic.oup.com/ptps/article-lookup/doi/10.1143/PTPS.11.37 [following]
--2017-01-30 02:53:33--  https://academic.oup.com/ptps/article-lookup/doi/10.1143/PTPS.11.37
Connecting to academic.oup.com (academic.oup.com)|173.254.190.144|:443... connected.
HTTP request sent, awaiting response... 200 OK
Length: 86901 (85K) [text/html]
Saving to: ‘ptps.11.37’

     0K .......... .......... .......... .......... .......... 58%  301K 0s
    50K .......... .......... .......... ....                 100%  431K=0.2s

2017-01-30 02:53:37 (344 KB/s) - ‘ptps.11.37’ saved [86901/86901]

--2017-01-30 02:53:38--  http://doi.org/10.1143/ptps.10.56
Connecting to doi.org (doi.org)|95.138.171.129|:80... connected.
HTTP request sent, awaiting response... 303 See Other
Location: https://academic.oup.com/ptps/article-lookup/doi/10.1143/PTPS.10.56 [following]
--2017-01-30 02:53:40--  https://academic.oup.com/ptps/article-lookup/doi/10.1143/PTPS.10.56
Connecting to academic.oup.com (academic.oup.com)|173.254.190.144|:443... connected.
HTTP request sent, awaiting response... 200 OK
Length: 97150 (95K) [text/html]
Saving to: ‘ptps.10.56’

     0K .......... .......... .......... .......... .......... 52%  209K 0s
    50K .......... .......... .......... .......... ....      100%  560K=0.3s

2017-01-30 02:53:44 (297 KB/s) - ‘ptps.10.56’ saved [97150/97150]

--2017-01-30 02:53:45--  http://doi.org/10.1143/ptps.12.141
Connecting to doi.org (doi.org)|95.138.171.129|:80... connected.
HTTP request sent, awaiting response... 303 See Other
Location: https://academic.oup.com/ptps/article-lookup/doi/10.1143/PTPS.12.141 [following]
--2017-01-30 02:53:46--  https://academic.oup.com/ptps/article-lookup/doi/10.1143/PTPS.12.141
Connecting to academic.oup.com (academic.oup.com)|173.254.190.144|:443... connected.
HTTP request sent, awaiting response... 200 OK
Length: 77895 (76K) [text/html]
Saving to: ‘ptps.12.141’

     0K .......... .......... .......... .......... .......... 65%  207K 0s
    50K .......... .......... ......                          100% 9.85M=0.2s

2017-01-30 02:53:51 (312 KB/s) - ‘ptps.12.141’ saved [77895/77895]

--2017-01-30 02:53:52--  http://doi.org/10.1143/ptps.10.101
Connecting to doi.org (doi.org)|95.138.171.129|:80... connected.
HTTP request sent, awaiting response... 303 See Other
Location: https://academic.oup.com/ptps/article-lookup/doi/10.1143/PTPS.10.101 [following]
--2017-01-30 02:53:53--  https://academic.oup.com/ptps/article-lookup/doi/10.1143/PTPS.10.101
Connecting to academic.oup.com (academic.oup.com)|173.254.190.144|:443... connected.
HTTP request sent, awaiting response... 200 OK
Length: 119251 (116K) [text/html]
Saving to: ‘ptps.10.101’

     0K .......... .......... .......... .......... .......... 42%  309K 0s
    50K .......... .......... .......... .......... .......... 85%  312K 0s
   100K .......... ......                                     100% 22.4M=0.3s

2017-01-30 02:53:59 (361 KB/s) - ‘ptps.10.101’ saved [119251/119251]

--2017-01-30 02:54:00--  http://doi.org/10.1143/ptps.10.73
Connecting to doi.org (doi.org)|95.138.171.129|:80... connected.
HTTP request sent, awaiting response... 303 See Other
Location: https://academic.oup.com/ptps/article-lookup/doi/10.1143/PTPS.10.73 [following]
--2017-01-30 02:54:01--  https://academic.oup.com/ptps/article-lookup/doi/10.1143/PTPS.10.73
Connecting to academic.oup.com (academic.oup.com)|173.254.190.144|:443... connected.
HTTP request sent, awaiting response... 200 OK
Length: 84656 (83K) [text/html]
Saving to: ‘ptps.10.73’

     0K .......... .......... .......... .......... .......... 60%  207K 0s
    50K .......... .......... .......... ..                   100% 12.7M=0.2s

2017-01-30 02:54:05 (339 KB/s) - ‘ptps.10.73’ saved [84656/84656]

--2017-01-30 02:54:06--  http://doi.org/10.1143/ptps.12.40
Connecting to doi.org (doi.org)|95.138.171.129|:80... connected.
HTTP request sent, awaiting response... 303 See Other
Location: https://academic.oup.com/ptps/article-lookup/doi/10.1143/PTPS.12.40 [following]
--2017-01-30 02:54:07--  https://academic.oup.com/ptps/article-lookup/doi/10.1143/PTPS.12.40
Connecting to academic.oup.com (academic.oup.com)|173.254.190.144|:443... connected.
HTTP request sent, awaiting response... 200 OK
Length: 128355 (125K) [text/html]
Saving to: ‘ptps.12.40’

     0K .......... .......... .......... .......... .......... 39%  206K 0s
    50K .......... .......... .......... .......... .......... 79%  597K 0s
   100K .......... .......... .....                           100% 13.8M=0.3s

2017-01-30 02:54:11 (382 KB/s) - ‘ptps.12.40’ saved [128355/128355]

--2017-01-30 02:54:12--  http://doi.org/10.1143/ptps.10.174
Connecting to doi.org (doi.org)|95.138.171.129|:80... connected.
HTTP request sent, awaiting response... 303 See Other
Location: https://academic.oup.com/ptps/article-lookup/doi/10.1143/PTPS.10.174 [following]
--2017-01-30 02:54:13--  https://academic.oup.com/ptps/article-lookup/doi/10.1143/PTPS.10.174
Connecting to academic.oup.com (academic.oup.com)|173.254.190.144|:443... connected.
HTTP request sent, awaiting response... 200 OK
Length: 91562 (89K) [text/html]
Saving to: ‘ptps.10.174’

     0K .......... .......... .......... .......... .......... 55%  207K 0s
    50K .......... .......... .......... .........            100% 8.47M=0.2s

2017-01-30 02:54:18 (363 KB/s) - ‘ptps.10.174’ saved [91562/91562]

--2017-01-30 02:54:19--  http://doi.org/10.1143/ptps.12.183
Connecting to doi.org (doi.org)|95.138.171.129|:80... connected.
HTTP request sent, awaiting response... 303 See Other
Location: https://academic.oup.com/ptps/article-lookup/doi/10.1143/PTPS.12.183 [following]
--2017-01-30 02:54:20--  https://academic.oup.com/ptps/article-lookup/doi/10.1143/PTPS.12.183
Connecting to academic.oup.com (academic.oup.com)|173.254.190.144|:443... connected.
HTTP request sent, awaiting response... 200 OK
Length: 174256 (170K) [text/html]
Saving to: ‘ptps.12.183’

     0K .......... .......... .......... .......... .......... 29%  209K 1s
    50K .......... .......... .......... .......... .......... 58%  594K 0s
   100K .......... .......... .......... .......... .......... 88%  561K 0s
   150K .......... ..........                                 100% 10.2K=2.4s

2017-01-30 02:54:27 (71.1 KB/s) - ‘ptps.12.183’ saved [174256/174256]

--2017-01-30 02:54:28--  http://doi.org/10.1143/ptps.10.198
Connecting to doi.org (doi.org)|95.138.171.129|:80... connected.
HTTP request sent, awaiting response... 303 See Other
Location: https://academic.oup.com/ptps/article-lookup/doi/10.1143/PTPS.10.198 [following]
--2017-01-30 02:54:29--  https://academic.oup.com/ptps/article-lookup/doi/10.1143/PTPS.10.198
Connecting to academic.oup.com (academic.oup.com)|173.254.190.144|:443... connected.
HTTP request sent, awaiting response... 200 OK
Length: 86864 (85K) [text/html]
Saving to: ‘ptps.10.198’

     0K .......... .......... .......... .......... .......... 58%  208K 0s
    50K .......... .......... .......... ....                 100% 12.8M=0.2s

2017-01-30 02:54:33 (349 KB/s) - ‘ptps.10.198’ saved [86864/86864]

--2017-01-30 02:54:34--  http://doi.org/10.1143/ptps.10.210
Connecting to doi.org (doi.org)|95.138.171.129|:80... connected.
HTTP request sent, awaiting response... 303 See Other
Location: https://academic.oup.com/ptps/article-lookup/doi/10.1143/PTPS.10.210 [following]
--2017-01-30 02:54:35--  https://academic.oup.com/ptps/article-lookup/doi/10.1143/PTPS.10.210
Connecting to academic.oup.com (academic.oup.com)|173.254.190.144|:443... connected.
HTTP request sent, awaiting response... 200 OK
Length: 111977 (109K) [text/html]
Saving to: ‘ptps.10.210’

     0K .......... .......... .......... .......... .......... 45%  206K 0s
    50K .......... .......... .......... .......... .......... 91%  609K 0s
   100K .........                                             100% 33.3M=0.3s

2017-01-30 02:54:40 (337 KB/s) - ‘ptps.10.210’ saved [111977/111977]

--2017-01-30 02:54:41--  http://doi.org/10.1143/ptps.10.121
Connecting to doi.org (doi.org)|95.138.171.129|:80... connected.
HTTP request sent, awaiting response... 303 See Other
Location: https://academic.oup.com/ptps/article-lookup/doi/10.1143/PTPS.10.121 [following]
--2017-01-30 02:54:42--  https://academic.oup.com/ptps/article-lookup/doi/10.1143/PTPS.10.121
Connecting to academic.oup.com (academic.oup.com)|173.254.190.144|:443... connected.
HTTP request sent, awaiting response... 200 OK
Length: 86072 (84K) [text/html]
Saving to: ‘ptps.10.121’

     0K .......... .......... .......... .......... .......... 59%  208K 0s
    50K .......... .......... .......... ....                 100% 11.9M=0.2s

2017-01-30 02:54:46 (345 KB/s) - ‘ptps.10.121’ saved [86072/86072]

--2017-01-30 02:54:47--  http://doi.org/10.1143/ptps.11.69
Connecting to doi.org (doi.org)|95.138.171.129|:80... connected.
HTTP request sent, awaiting response... 303 See Other
Location: https://academic.oup.com/ptps/article-lookup/doi/10.1143/PTPS.11.69 [following]
--2017-01-30 02:54:48--  https://academic.oup.com/ptps/article-lookup/doi/10.1143/PTPS.11.69
Connecting to academic.oup.com (academic.oup.com)|173.254.190.144|:443... connected.
HTTP request sent, awaiting response... 200 OK
Length: 77179 (75K) [text/html]
Saving to: ‘ptps.11.69’

     0K .......... .......... .......... .......... .......... 66%  206K 0s
    50K .......... .......... .....                           100% 13.7M=0.2s

2017-01-30 02:54:52 (308 KB/s) - ‘ptps.11.69’ saved [77179/77179]

--2017-01-30 02:54:53--  http://doi.org/10.1143/ptps.11.1
Connecting to doi.org (doi.org)|95.138.171.129|:80... connected.
HTTP request sent, awaiting response... 303 See Other
Location: https://academic.oup.com/ptps/article-lookup/doi/10.1143/PTPS.11.1 [following]
--2017-01-30 02:54:54--  https://academic.oup.com/ptps/article-lookup/doi/10.1143/PTPS.11.1
Connecting to academic.oup.com (academic.oup.com)|173.254.190.144|:443... connected.
HTTP request sent, awaiting response... 200 OK
Length: 134934 (132K) [text/html]
Saving to: ‘ptps.11.1’

     0K .......... .......... .......... .......... .......... 37%  310K 0s
    50K .......... .......... .......... .......... .......... 75% 15.4K 1s
   100K .......... .......... .......... .                    100%  391K=3.5s

2017-01-30 02:55:02 (37.7 KB/s) - ‘ptps.11.1’ saved [134934/134934]

--2017-01-30 02:55:03--  http://doi.org/10.1143/ptps.10.159
Connecting to doi.org (doi.org)|95.138.171.129|:80... connected.
HTTP request sent, awaiting response... 303 See Other
Location: https://academic.oup.com/ptps/article-lookup/doi/10.1143/PTPS.10.159 [following]
--2017-01-30 02:55:04--  https://academic.oup.com/ptps/article-lookup/doi/10.1143/PTPS.10.159
Connecting to academic.oup.com (academic.oup.com)|173.254.190.144|:443... connected.
HTTP request sent, awaiting response... 200 OK
Length: 103060 (101K) [text/html]
Saving to: ‘ptps.10.159’

     0K .......... .......... .......... .......... .......... 49%  208K 0s
    50K .......... .......... .......... .......... .......... 99%  603K 0s
   100K                                                       100% 1229G=0.3s

2017-01-30 02:55:08 (312 KB/s) - ‘ptps.10.159’ saved [103060/103060]

--2017-01-30 02:55:09--  http://doi.org/10.1143/ptps.12.75
Connecting to doi.org (doi.org)|95.138.171.129|:80... connected.
HTTP request sent, awaiting response... 303 See Other
Location: https://academic.oup.com/ptps/article-lookup/doi/10.1143/PTPS.12.75 [following]
--2017-01-30 02:55:10--  https://academic.oup.com/ptps/article-lookup/doi/10.1143/PTPS.12.75
Connecting to academic.oup.com (academic.oup.com)|173.254.190.144|:443... connected.
HTTP request sent, awaiting response... 200 OK
Length: 97327 (95K) [text/html]
Saving to: ‘ptps.12.75’

     0K .......... .......... .......... .......... .......... 52%  209K 0s
    50K .......... .......... .......... .......... .....     100%  560K=0.3s

2017-01-30 02:55:14 (297 KB/s) - ‘ptps.12.75’ saved [97327/97327]

--2017-01-30 02:55:15--  http://doi.org/10.1143/ptps.9.45
Connecting to doi.org (doi.org)|95.138.171.129|:80... connected.
HTTP request sent, awaiting response... 303 See Other
Location: https://academic.oup.com/ptps/article-lookup/doi/10.1143/PTPS.9.45 [following]
--2017-01-30 02:55:16--  https://academic.oup.com/ptps/article-lookup/doi/10.1143/PTPS.9.45
Connecting to academic.oup.com (academic.oup.com)|173.254.190.144|:443... connected.
HTTP request sent, awaiting response... 200 OK
Length: 111307 (109K) [text/html]
Saving to: ‘ptps.9.45’

     0K .......... .......... .......... .......... .......... 45%  206K 0s
    50K .......... .......... .......... .......... .......... 91%  207K 0s
   100K ........                                              100% 17.9M=0.5s

2017-01-30 02:55:21 (224 KB/s) - ‘ptps.9.45’ saved [111307/111307]

--2017-01-30 02:55:22--  http://doi.org/10.1143/ptps.12.111
Connecting to doi.org (doi.org)|95.138.171.129|:80... connected.
HTTP request sent, awaiting response... 303 See Other
Location: https://academic.oup.com/ptps/article-lookup/doi/10.1143/PTPS.12.111 [following]
--2017-01-30 02:55:23--  https://academic.oup.com/ptps/article-lookup/doi/10.1143/PTPS.12.111
Connecting to academic.oup.com (academic.oup.com)|173.254.190.144|:443... connected.
HTTP request sent, awaiting response... 200 OK
Length: 96174 (94K) [text/html]
Saving to: ‘ptps.12.111’

     0K .......... .......... .......... .......... .......... 53%  209K 0s
    50K .......... .......... .......... .......... ...       100%  548K=0.3s

2017-01-30 02:55:27 (294 KB/s) - ‘ptps.12.111’ saved [96174/96174]

--2017-01-30 02:55:28--  http://doi.org/10.1143/ptps.9.5
Connecting to doi.org (doi.org)|95.138.171.129|:80... connected.
HTTP request sent, awaiting response... 303 See Other
Location: https://academic.oup.com/ptps/article-lookup/doi/10.1143/PTPS.9.5 [following]
--2017-01-30 02:55:29--  https://academic.oup.com/ptps/article-lookup/doi/10.1143/PTPS.9.5
Connecting to academic.oup.com (academic.oup.com)|173.254.190.144|:443... connected.
HTTP request sent, awaiting response... 200 OK
Length: 78873 (77K) [text/html]
Saving to: ‘ptps.9.5’

     0K .......... .......... .......... .......... .......... 64%  209K 0s
    50K .......... .......... .......                         100% 11.4M=0.2s

2017-01-30 02:55:34 (319 KB/s) - ‘ptps.9.5’ saved [78873/78873]

--2017-01-30 02:55:35--  http://doi.org/10.1143/ptps.14.1
Connecting to doi.org (doi.org)|95.138.171.129|:80... connected.
HTTP request sent, awaiting response... 303 See Other
Location: https://academic.oup.com/ptps/article-lookup/doi/10.1143/PTPS.14.1 [following]
--2017-01-30 02:55:36--  https://academic.oup.com/ptps/article-lookup/doi/10.1143/PTPS.14.1
Connecting to academic.oup.com (academic.oup.com)|173.254.190.144|:443... connected.
HTTP request sent, awaiting response... 200 OK
Length: 71769 (70K) [text/html]
Saving to: ‘ptps.14.1’

     0K .......... .......... .......... .......... .......... 71%  208K 0s
    50K .......... ..........                                 100% 11.7M=0.2s

2017-01-30 02:55:39 (290 KB/s) - ‘ptps.14.1’ saved [71769/71769]

--2017-01-30 02:55:40--  http://doi.org/10.1143/ptps.13.1
Connecting to doi.org (doi.org)|95.138.171.129|:80... connected.
HTTP request sent, awaiting response... 303 See Other
Location: https://academic.oup.com/ptps/article-lookup/doi/10.1143/PTPS.13.1 [following]
--2017-01-30 02:55:42--  https://academic.oup.com/ptps/article-lookup/doi/10.1143/PTPS.13.1
Connecting to academic.oup.com (academic.oup.com)|173.254.190.144|:443... connected.
HTTP request sent, awaiting response... 200 OK
Length: 69131 (68K) [text/html]
Saving to: ‘ptps.13.1’

     0K .......... .......... .......... .......... .......... 74%  206K 0s
    50K .......... .......                                    100% 14.9M=0.2s

2017-01-30 02:55:45 (277 KB/s) - ‘ptps.13.1’ saved [69131/69131]

--2017-01-30 02:55:46--  http://doi.org/10.1143/ptps.15.3
Connecting to doi.org (doi.org)|95.138.171.129|:80... connected.
HTTP request sent, awaiting response... 303 See Other
Location: https://academic.oup.com/ptps/article-lookup/doi/10.1143/PTPS.15.3 [following]
--2017-01-30 02:55:47--  https://academic.oup.com/ptps/article-lookup/doi/10.1143/PTPS.15.3
Connecting to academic.oup.com (academic.oup.com)|173.254.190.144|:443... connected.
HTTP request sent, awaiting response... 200 OK
Length: 102020 (100K) [text/html]
Saving to: ‘ptps.15.3’

     0K .......... .......... .......... .......... .......... 50%  310K 0s
    50K .......... .......... .......... .......... ......... 100%  312K=0.3s

2017-01-30 02:55:51 (311 KB/s) - ‘ptps.15.3’ saved [102020/102020]

--2017-01-30 02:55:52--  http://doi.org/10.1143/ptps.13.137
Connecting to doi.org (doi.org)|95.138.171.129|:80... connected.
HTTP request sent, awaiting response... 303 See Other
Location: https://academic.oup.com/ptps/article-lookup/doi/10.1143/PTPS.13.137 [following]
--2017-01-30 02:55:53--  https://academic.oup.com/ptps/article-lookup/doi/10.1143/PTPS.13.137
Connecting to academic.oup.com (academic.oup.com)|173.254.190.144|:443... connected.
HTTP request sent, awaiting response... 200 OK
Length: 104544 (102K) [text/html]
Saving to: ‘ptps.13.137’

     0K .......... .......... .......... .......... .......... 48%  308K 0s
    50K .......... .......... .......... .......... .......... 97%  312K 0s
   100K ..                                                    100% 3994G=0.3s

2017-01-30 02:55:57 (317 KB/s) - ‘ptps.13.137’ saved [104544/104544]

--2017-01-30 02:55:58--  http://doi.org/10.1143/ptps.14.17
Connecting to doi.org (doi.org)|95.138.171.129|:80... connected.
HTTP request sent, awaiting response... 303 See Other
Location: https://academic.oup.com/ptps/article-lookup/doi/10.1143/PTPS.14.17 [following]
--2017-01-30 02:55:59--  https://academic.oup.com/ptps/article-lookup/doi/10.1143/PTPS.14.17
Connecting to academic.oup.com (academic.oup.com)|173.254.190.144|:443... connected.
HTTP request sent, awaiting response... 200 OK
Length: 89528 (87K) [text/html]
Saving to: ‘ptps.14.17’

     0K .......... .......... .......... .......... .......... 57%  208K 0s
    50K .......... .......... .......... .......              100% 12.2M=0.2s

2017-01-30 02:56:04 (360 KB/s) - ‘ptps.14.17’ saved [89528/89528]

--2017-01-30 02:56:05--  http://doi.org/10.1143/ptps.14.66
Connecting to doi.org (doi.org)|95.138.171.129|:80... connected.
HTTP request sent, awaiting response... 303 See Other
Location: https://academic.oup.com/ptps/article-lookup/doi/10.1143/PTPS.14.66 [following]
--2017-01-30 02:56:06--  https://academic.oup.com/ptps/article-lookup/doi/10.1143/PTPS.14.66
Connecting to academic.oup.com (academic.oup.com)|173.254.190.144|:443... connected.
HTTP request sent, awaiting response... 200 OK
Length: 126297 (123K) [text/html]
Saving to: ‘ptps.14.66’

     0K .......... .......... .......... .......... .......... 40%  209K 0s
    50K .......... .......... .......... .......... .......... 81%  606K 0s
   100K .......... .......... ...                             100% 10.4M=0.3s

2017-01-30 02:56:10 (380 KB/s) - ‘ptps.14.66’ saved [126297/126297]

FINISHED --2017-01-30 02:56:10--
Total wall clock time: 12m 6s
Downloaded: 94 files, 8.3M in 32s (269 KB/s)
