--2017-01-30 05:30:26--  http://doi.org/10.1093/oxfordjournals.rpd.a031514
Resolving doi.org (doi.org)... 208.254.38.90, 63.123.152.248, 38.100.138.163, ...
Connecting to doi.org (doi.org)|208.254.38.90|:80... connected.
HTTP request sent, awaiting response... 303 See Other
Location: https://academic.oup.com/rpd/article-lookup/doi/10.1093/oxfordjournals.rpd.a031514 [following]
--2017-01-30 05:30:27--  https://academic.oup.com/rpd/article-lookup/doi/10.1093/oxfordjournals.rpd.a031514
Resolving academic.oup.com (academic.oup.com)... 173.254.190.144
Connecting to academic.oup.com (academic.oup.com)|173.254.190.144|:443... connected.
HTTP request sent, awaiting response... 200 OK
Length: 67632 (66K) [text/html]
Saving to: ‘oxfordjournals.rpd.a031514’

     0K .......... .......... .......... .......... .......... 75%  209K 0s
    50K .......... ......                                     100% 16.9M=0.2s

2017-01-30 05:30:30 (275 KB/s) - ‘oxfordjournals.rpd.a031514’ saved [67632/67632]

--2017-01-30 05:30:31--  http://doi.org/10.1093/oxfordjournals.rpd.a031507
Connecting to doi.org (doi.org)|208.254.38.90|:80... connected.
HTTP request sent, awaiting response... 303 See Other
Location: https://academic.oup.com/rpd/article-lookup/doi/10.1093/oxfordjournals.rpd.a031507 [following]
--2017-01-30 05:30:32--  https://academic.oup.com/rpd/article-lookup/doi/10.1093/oxfordjournals.rpd.a031507
Connecting to academic.oup.com (academic.oup.com)|173.254.190.144|:443... connected.
HTTP request sent, awaiting response... 200 OK
Length: 69956 (68K) [text/html]
Saving to: ‘oxfordjournals.rpd.a031507’

     0K .......... .......... .......... .......... .......... 73%  209K 0s
    50K .......... ........                                   100% 16.3M=0.2s

2017-01-30 05:30:35 (284 KB/s) - ‘oxfordjournals.rpd.a031507’ saved [69956/69956]

--2017-01-30 05:30:36--  http://doi.org/10.1093/oxfordjournals.rpd.a031509
Connecting to doi.org (doi.org)|208.254.38.90|:80... connected.
HTTP request sent, awaiting response... 303 See Other
Location: https://academic.oup.com/rpd/article-lookup/doi/10.1093/oxfordjournals.rpd.a031509 [following]
--2017-01-30 05:30:38--  https://academic.oup.com/rpd/article-lookup/doi/10.1093/oxfordjournals.rpd.a031509
Connecting to academic.oup.com (academic.oup.com)|173.254.190.144|:443... connected.
HTTP request sent, awaiting response... 200 OK
Length: 65776 (64K) [text/html]
Saving to: ‘oxfordjournals.rpd.a031509’

     0K .......... .......... .......... .......... .......... 77%  209K 0s
    50K .......... ....                                       100% 17.1M=0.2s

2017-01-30 05:30:43 (268 KB/s) - ‘oxfordjournals.rpd.a031509’ saved [65776/65776]

--2017-01-30 05:30:44--  http://doi.org/10.1093/oxfordjournals.rpd.a031515
Connecting to doi.org (doi.org)|208.254.38.90|:80... connected.
HTTP request sent, awaiting response... 303 See Other
Location: https://academic.oup.com/rpd/article-lookup/doi/10.1093/oxfordjournals.rpd.a031515 [following]
--2017-01-30 05:30:45--  https://academic.oup.com/rpd/article-lookup/doi/10.1093/oxfordjournals.rpd.a031515
Connecting to academic.oup.com (academic.oup.com)|173.254.190.144|:443... connected.
HTTP request sent, awaiting response... 200 OK
Length: 94630 (92K) [text/html]
Saving to: ‘oxfordjournals.rpd.a031515’

     0K .......... .......... .......... .......... .......... 54%  310K 0s
    50K .......... .......... .......... .......... ..        100%  270K=0.3s

2017-01-30 05:30:48 (290 KB/s) - ‘oxfordjournals.rpd.a031515’ saved [94630/94630]

--2017-01-30 05:30:49--  http://doi.org/10.1093/oxfordjournals.rpd.a031510
Connecting to doi.org (doi.org)|208.254.38.90|:80... connected.
HTTP request sent, awaiting response... 303 See Other
Location: https://academic.oup.com/rpd/article-lookup/doi/10.1093/oxfordjournals.rpd.a031510 [following]
--2017-01-30 05:30:51--  https://academic.oup.com/rpd/article-lookup/doi/10.1093/oxfordjournals.rpd.a031510
Connecting to academic.oup.com (academic.oup.com)|173.254.190.144|:443... connected.
HTTP request sent, awaiting response... 200 OK
Length: 69446 (68K) [text/html]
Saving to: ‘oxfordjournals.rpd.a031510’

     0K .......... .......... .......... .......... .......... 73%  207K 0s
    50K .......... .......                                    100% 16.2M=0.2s

2017-01-30 05:30:54 (280 KB/s) - ‘oxfordjournals.rpd.a031510’ saved [69446/69446]

--2017-01-30 05:30:55--  http://doi.org/10.1093/oxfordjournals.rpd.a031513
Connecting to doi.org (doi.org)|208.254.38.90|:80... connected.
HTTP request sent, awaiting response... 303 See Other
Location: https://academic.oup.com/rpd/article-lookup/doi/10.1093/oxfordjournals.rpd.a031513 [following]
--2017-01-30 05:30:56--  https://academic.oup.com/rpd/article-lookup/doi/10.1093/oxfordjournals.rpd.a031513
Connecting to academic.oup.com (academic.oup.com)|173.254.190.144|:443... connected.
HTTP request sent, awaiting response... 200 OK
Length: 72881 (71K) [text/html]
Saving to: ‘oxfordjournals.rpd.a031513’

     0K .......... .......... .......... .......... .......... 70%  209K 0s
    50K .......... .......... .                               100% 8.68M=0.2s

2017-01-30 05:30:58 (294 KB/s) - ‘oxfordjournals.rpd.a031513’ saved [72881/72881]

--2017-01-30 05:30:59--  http://doi.org/10.1093/oxfordjournals.rpd.a031508
Connecting to doi.org (doi.org)|208.254.38.90|:80... connected.
HTTP request sent, awaiting response... 303 See Other
Location: https://academic.oup.com/rpd/article-lookup/doi/10.1093/oxfordjournals.rpd.a031508 [following]
--2017-01-30 05:31:01--  https://academic.oup.com/rpd/article-lookup/doi/10.1093/oxfordjournals.rpd.a031508
Connecting to academic.oup.com (academic.oup.com)|173.254.190.144|:443... connected.
HTTP request sent, awaiting response... 200 OK
Length: 84522 (83K) [text/html]
Saving to: ‘oxfordjournals.rpd.a031508’

     0K .......... .......... .......... .......... .......... 60%  209K 0s
    50K .......... .......... .......... ..                   100% 9.22M=0.2s

2017-01-30 05:31:04 (340 KB/s) - ‘oxfordjournals.rpd.a031508’ saved [84522/84522]

--2017-01-30 05:31:05--  http://doi.org/10.1093/oxfordjournals.rpd.a031512
Connecting to doi.org (doi.org)|208.254.38.90|:80... connected.
HTTP request sent, awaiting response... 303 See Other
Location: https://academic.oup.com/rpd/article-lookup/doi/10.1093/oxfordjournals.rpd.a031512 [following]
--2017-01-30 05:31:06--  https://academic.oup.com/rpd/article-lookup/doi/10.1093/oxfordjournals.rpd.a031512
Connecting to academic.oup.com (academic.oup.com)|173.254.190.144|:443... connected.
HTTP request sent, awaiting response... 200 OK
Length: 70654 (69K) [text/html]
Saving to: ‘oxfordjournals.rpd.a031512’

     0K .......... .......... .......... .......... .......... 72%  207K 0s
    50K .......... ........                                   100% 14.4M=0.2s

2017-01-30 05:31:09 (284 KB/s) - ‘oxfordjournals.rpd.a031512’ saved [70654/70654]

--2017-01-30 05:31:10--  http://doi.org/10.1093/oxfordjournals.rpd.a031511
Connecting to doi.org (doi.org)|208.254.38.90|:80... connected.
HTTP request sent, awaiting response... 303 See Other
Location: https://academic.oup.com/rpd/article-lookup/doi/10.1093/oxfordjournals.rpd.a031511 [following]
--2017-01-30 05:31:12--  https://academic.oup.com/rpd/article-lookup/doi/10.1093/oxfordjournals.rpd.a031511
Connecting to academic.oup.com (academic.oup.com)|173.254.190.144|:443... connected.
HTTP request sent, awaiting response... 200 OK
Length: 70024 (68K) [text/html]
Saving to: ‘oxfordjournals.rpd.a031511’

     0K .......... .......... .......... .......... .......... 73%  209K 0s
    50K .......... ........                                   100% 15.6M=0.2s

2017-01-30 05:31:15 (284 KB/s) - ‘oxfordjournals.rpd.a031511’ saved [70024/70024]

--2017-01-30 05:31:16--  http://doi.org/10.1093/oxfordjournals.rpd.a031518
Connecting to doi.org (doi.org)|208.254.38.90|:80... connected.
HTTP request sent, awaiting response... 303 See Other
Location: https://academic.oup.com/rpd/article-lookup/doi/10.1093/oxfordjournals.rpd.a031518 [following]
--2017-01-30 05:31:17--  https://academic.oup.com/rpd/article-lookup/doi/10.1093/oxfordjournals.rpd.a031518
Connecting to academic.oup.com (academic.oup.com)|173.254.190.144|:443... connected.
HTTP request sent, awaiting response... 200 OK
Length: 73280 (72K) [text/html]
Saving to: ‘oxfordjournals.rpd.a031518’

     0K .......... .......... .......... .......... .......... 69%  209K 0s
    50K .......... .......... .                               100% 11.7M=0.2s

2017-01-30 05:31:21 (296 KB/s) - ‘oxfordjournals.rpd.a031518’ saved [73280/73280]

--2017-01-30 05:31:22--  http://doi.org/10.1093/oxfordjournals.rpd.a031516
Connecting to doi.org (doi.org)|208.254.38.90|:80... connected.
HTTP request sent, awaiting response... 303 See Other
Location: https://academic.oup.com/rpd/article-lookup/doi/10.1093/oxfordjournals.rpd.a031516 [following]
--2017-01-30 05:31:23--  https://academic.oup.com/rpd/article-lookup/doi/10.1093/oxfordjournals.rpd.a031516
Connecting to academic.oup.com (academic.oup.com)|173.254.190.144|:443... connected.
HTTP request sent, awaiting response... 200 OK
Length: 69178 (68K) [text/html]
Saving to: ‘oxfordjournals.rpd.a031516’

     0K .......... .......... .......... .......... .......... 74%  209K 0s
    50K .......... .......                                    100% 15.5M=0.2s

2017-01-30 05:31:27 (281 KB/s) - ‘oxfordjournals.rpd.a031516’ saved [69178/69178]

--2017-01-30 05:31:28--  http://doi.org/10.1093/oxfordjournals.rpd.a031524
Connecting to doi.org (doi.org)|208.254.38.90|:80... connected.
HTTP request sent, awaiting response... 303 See Other
Location: https://academic.oup.com/rpd/article-lookup/doi/10.1093/oxfordjournals.rpd.a031524 [following]
--2017-01-30 05:31:29--  https://academic.oup.com/rpd/article-lookup/doi/10.1093/oxfordjournals.rpd.a031524
Connecting to academic.oup.com (academic.oup.com)|173.254.190.144|:443... connected.
HTTP request sent, awaiting response... 200 OK
Length: 70447 (69K) [text/html]
Saving to: ‘oxfordjournals.rpd.a031524’

     0K .......... .......... .......... .......... .......... 72%  208K 0s
    50K .......... ........                                   100% 16.4M=0.2s

2017-01-30 05:31:32 (285 KB/s) - ‘oxfordjournals.rpd.a031524’ saved [70447/70447]

--2017-01-30 05:31:33--  http://doi.org/10.1093/oxfordjournals.rpd.a031520
Connecting to doi.org (doi.org)|208.254.38.90|:80... connected.
HTTP request sent, awaiting response... 303 See Other
Location: https://academic.oup.com/rpd/article-lookup/doi/10.1093/oxfordjournals.rpd.a031520 [following]
--2017-01-30 05:31:34--  https://academic.oup.com/rpd/article-lookup/doi/10.1093/oxfordjournals.rpd.a031520
Connecting to academic.oup.com (academic.oup.com)|173.254.190.144|:443... connected.
HTTP request sent, awaiting response... 200 OK
Length: 71012 (69K) [text/html]
Saving to: ‘oxfordjournals.rpd.a031520’

     0K .......... .......... .......... .......... .......... 72%  209K 0s
    50K .......... .........                                  100% 16.4M=0.2s

2017-01-30 05:31:39 (289 KB/s) - ‘oxfordjournals.rpd.a031520’ saved [71012/71012]

--2017-01-30 05:31:40--  http://doi.org/10.1093/oxfordjournals.rpd.a031522
Connecting to doi.org (doi.org)|208.254.38.90|:80... connected.
HTTP request sent, awaiting response... 303 See Other
Location: https://academic.oup.com/rpd/article-lookup/doi/10.1093/oxfordjournals.rpd.a031522 [following]
--2017-01-30 05:31:41--  https://academic.oup.com/rpd/article-lookup/doi/10.1093/oxfordjournals.rpd.a031522
Connecting to academic.oup.com (academic.oup.com)|173.254.190.144|:443... connected.
HTTP request sent, awaiting response... 200 OK
Length: 85737 (84K) [text/html]
Saving to: ‘oxfordjournals.rpd.a031522’

     0K .......... .......... .......... .......... .......... 59%  309K 0s
    50K .......... .......... .......... ...                  100%  420K=0.2s

2017-01-30 05:31:44 (346 KB/s) - ‘oxfordjournals.rpd.a031522’ saved [85737/85737]

--2017-01-30 05:31:45--  http://doi.org/10.1093/oxfordjournals.rpd.a031523
Connecting to doi.org (doi.org)|208.254.38.90|:80... connected.
HTTP request sent, awaiting response... 303 See Other
Location: https://academic.oup.com/rpd/article-lookup/doi/10.1093/oxfordjournals.rpd.a031523 [following]
--2017-01-30 05:31:46--  https://academic.oup.com/rpd/article-lookup/doi/10.1093/oxfordjournals.rpd.a031523
Connecting to academic.oup.com (academic.oup.com)|173.254.190.144|:443... connected.
HTTP request sent, awaiting response... 200 OK
Length: 80343 (78K) [text/html]
Saving to: ‘oxfordjournals.rpd.a031523’

     0K .......... .......... .......... .......... .......... 63%  208K 0s
    50K .......... .......... ........                        100%  343K=0.3s

2017-01-30 05:31:50 (243 KB/s) - ‘oxfordjournals.rpd.a031523’ saved [80343/80343]

--2017-01-30 05:31:51--  http://doi.org/10.1093/oxfordjournals.rpd.a031521
Connecting to doi.org (doi.org)|208.254.38.90|:80... connected.
HTTP request sent, awaiting response... 303 See Other
Location: https://academic.oup.com/rpd/article-lookup/doi/10.1093/oxfordjournals.rpd.a031521 [following]
--2017-01-30 05:31:52--  https://academic.oup.com/rpd/article-lookup/doi/10.1093/oxfordjournals.rpd.a031521
Connecting to academic.oup.com (academic.oup.com)|173.254.190.144|:443... connected.
HTTP request sent, awaiting response... 200 OK
Length: 68404 (67K) [text/html]
Saving to: ‘oxfordjournals.rpd.a031521’

     0K .......... .......... .......... .......... .......... 74%  209K 0s
    50K .......... ......                                     100% 15.8M=0.2s

2017-01-30 05:31:55 (278 KB/s) - ‘oxfordjournals.rpd.a031521’ saved [68404/68404]

--2017-01-30 05:31:56--  http://doi.org/10.1093/oxfordjournals.rpd.a031517
Connecting to doi.org (doi.org)|208.254.38.90|:80... connected.
HTTP request sent, awaiting response... 303 See Other
Location: https://academic.oup.com/rpd/article-lookup/doi/10.1093/oxfordjournals.rpd.a031517 [following]
--2017-01-30 05:31:57--  https://academic.oup.com/rpd/article-lookup/doi/10.1093/oxfordjournals.rpd.a031517
Connecting to academic.oup.com (academic.oup.com)|173.254.190.144|:443... connected.
HTTP request sent, awaiting response... 200 OK
Length: 68367 (67K) [text/html]
Saving to: ‘oxfordjournals.rpd.a031517’

     0K .......... .......... .......... .......... .......... 74%  209K 0s
    50K .......... ......                                     100% 15.2M=0.2s

2017-01-30 05:32:01 (277 KB/s) - ‘oxfordjournals.rpd.a031517’ saved [68367/68367]

--2017-01-30 05:32:02--  http://doi.org/10.1093/oxfordjournals.rpd.a031519
Connecting to doi.org (doi.org)|208.254.38.90|:80... connected.
HTTP request sent, awaiting response... 303 See Other
Location: https://academic.oup.com/rpd/article-lookup/doi/10.1093/oxfordjournals.rpd.a031519 [following]
--2017-01-30 05:32:03--  https://academic.oup.com/rpd/article-lookup/doi/10.1093/oxfordjournals.rpd.a031519
Connecting to academic.oup.com (academic.oup.com)|173.254.190.144|:443... connected.
HTTP request sent, awaiting response... 200 OK
Length: 68825 (67K) [text/html]
Saving to: ‘oxfordjournals.rpd.a031519’

     0K .......... .......... .......... .......... .......... 74%  209K 0s
    50K .......... .......                                    100% 14.6M=0.2s

2017-01-30 05:32:07 (280 KB/s) - ‘oxfordjournals.rpd.a031519’ saved [68825/68825]

--2017-01-30 05:32:08--  http://doi.org/10.1093/oxfordjournals.rpd.a031531
Connecting to doi.org (doi.org)|208.254.38.90|:80... connected.
HTTP request sent, awaiting response... 303 See Other
Location: https://academic.oup.com/rpd/article-lookup/doi/10.1093/oxfordjournals.rpd.a031531 [following]
--2017-01-30 05:32:09--  https://academic.oup.com/rpd/article-lookup/doi/10.1093/oxfordjournals.rpd.a031531
Connecting to academic.oup.com (academic.oup.com)|173.254.190.144|:443... connected.
HTTP request sent, awaiting response... 200 OK
Length: 71991 (70K) [text/html]
Saving to: ‘oxfordjournals.rpd.a031531’

     0K .......... .......... .......... .......... .......... 71%  209K 0s
    50K .......... ..........                                 100% 16.6M=0.2s

2017-01-30 05:32:12 (292 KB/s) - ‘oxfordjournals.rpd.a031531’ saved [71991/71991]

--2017-01-30 05:32:13--  http://doi.org/10.1093/oxfordjournals.rpd.a031534
Connecting to doi.org (doi.org)|208.254.38.90|:80... connected.
HTTP request sent, awaiting response... 303 See Other
Location: https://academic.oup.com/rpd/article-lookup/doi/10.1093/oxfordjournals.rpd.a031534 [following]
--2017-01-30 05:32:14--  https://academic.oup.com/rpd/article-lookup/doi/10.1093/oxfordjournals.rpd.a031534
Connecting to academic.oup.com (academic.oup.com)|173.254.190.144|:443... connected.
HTTP request sent, awaiting response... 200 OK
Length: 67333 (66K) [text/html]
Saving to: ‘oxfordjournals.rpd.a031534’

     0K .......... .......... .......... .......... .......... 76%  309K 0s
    50K .......... .....                                      100%  199K=0.2s

2017-01-30 05:32:17 (273 KB/s) - ‘oxfordjournals.rpd.a031534’ saved [67333/67333]

--2017-01-30 05:32:18--  http://doi.org/10.1093/oxfordjournals.rpd.a031532
Connecting to doi.org (doi.org)|208.254.38.90|:80... connected.
HTTP request sent, awaiting response... 303 See Other
Location: https://academic.oup.com/rpd/article-lookup/doi/10.1093/oxfordjournals.rpd.a031532 [following]
--2017-01-30 05:32:19--  https://academic.oup.com/rpd/article-lookup/doi/10.1093/oxfordjournals.rpd.a031532
Connecting to academic.oup.com (academic.oup.com)|173.254.190.144|:443... connected.
HTTP request sent, awaiting response... 200 OK
Length: 73202 (71K) [text/html]
Saving to: ‘oxfordjournals.rpd.a031532’

     0K .......... .......... .......... .......... .......... 69%  250K 0s
    50K .......... .......... .                               100%  504K=0.2s

2017-01-30 05:32:24 (295 KB/s) - ‘oxfordjournals.rpd.a031532’ saved [73202/73202]

--2017-01-30 05:32:25--  http://doi.org/10.1093/oxfordjournals.rpd.a031528
Connecting to doi.org (doi.org)|208.254.38.90|:80... connected.
HTTP request sent, awaiting response... 303 See Other
Location: https://academic.oup.com/rpd/article-lookup/doi/10.1093/oxfordjournals.rpd.a031528 [following]
--2017-01-30 05:32:26--  https://academic.oup.com/rpd/article-lookup/doi/10.1093/oxfordjournals.rpd.a031528
Connecting to academic.oup.com (academic.oup.com)|173.254.190.144|:443... connected.
HTTP request sent, awaiting response... 200 OK
Length: 73113 (71K) [text/html]
Saving to: ‘oxfordjournals.rpd.a031528’

     0K .......... .......... .......... .......... .......... 70%  208K 0s
    50K .......... .......... .                               100% 10.9M=0.2s

2017-01-30 05:32:29 (294 KB/s) - ‘oxfordjournals.rpd.a031528’ saved [73113/73113]

--2017-01-30 05:32:30--  http://doi.org/10.1093/oxfordjournals.rpd.a031526
Connecting to doi.org (doi.org)|208.254.38.90|:80... connected.
HTTP request sent, awaiting response... 303 See Other
Location: https://academic.oup.com/rpd/article-lookup/doi/10.1093/oxfordjournals.rpd.a031526 [following]
--2017-01-30 05:32:31--  https://academic.oup.com/rpd/article-lookup/doi/10.1093/oxfordjournals.rpd.a031526
Connecting to academic.oup.com (academic.oup.com)|173.254.190.144|:443... connected.
HTTP request sent, awaiting response... 200 OK
Length: 85147 (83K) [text/html]
Saving to: ‘oxfordjournals.rpd.a031526’

     0K .......... .......... .......... .......... .......... 60%  207K 0s
    50K .......... .......... .......... ...                  100% 13.0M=0.2s

2017-01-30 05:32:35 (341 KB/s) - ‘oxfordjournals.rpd.a031526’ saved [85147/85147]

--2017-01-30 05:32:36--  http://doi.org/10.1093/oxfordjournals.rpd.a031525
Connecting to doi.org (doi.org)|208.254.38.90|:80... connected.
HTTP request sent, awaiting response... 303 See Other
Location: https://academic.oup.com/rpd/article-lookup/doi/10.1093/oxfordjournals.rpd.a031525 [following]
--2017-01-30 05:32:37--  https://academic.oup.com/rpd/article-lookup/doi/10.1093/oxfordjournals.rpd.a031525
Connecting to academic.oup.com (academic.oup.com)|173.254.190.144|:443... connected.
HTTP request sent, awaiting response... 200 OK
Length: 65469 (64K) [text/html]
Saving to: ‘oxfordjournals.rpd.a031525’

     0K .......... .......... .......... .......... .......... 78%  209K 0s
    50K .......... ...                                        100% 15.7M=0.2s

2017-01-30 05:32:40 (266 KB/s) - ‘oxfordjournals.rpd.a031525’ saved [65469/65469]

--2017-01-30 05:32:41--  http://doi.org/10.1093/oxfordjournals.rpd.a031533
Connecting to doi.org (doi.org)|208.254.38.90|:80... connected.
HTTP request sent, awaiting response... 303 See Other
Location: https://academic.oup.com/rpd/article-lookup/doi/10.1093/oxfordjournals.rpd.a031533 [following]
--2017-01-30 05:32:42--  https://academic.oup.com/rpd/article-lookup/doi/10.1093/oxfordjournals.rpd.a031533
Connecting to academic.oup.com (academic.oup.com)|173.254.190.144|:443... connected.
HTTP request sent, awaiting response... 200 OK
Length: 70286 (69K) [text/html]
Saving to: ‘oxfordjournals.rpd.a031533’

     0K .......... .......... .......... .......... .......... 72%  309K 0s
    50K .......... ........                                   100%  236K=0.2s

2017-01-30 05:32:45 (285 KB/s) - ‘oxfordjournals.rpd.a031533’ saved [70286/70286]

--2017-01-30 05:32:46--  http://doi.org/10.1093/oxfordjournals.rpd.a031527
Connecting to doi.org (doi.org)|208.254.38.90|:80... connected.
HTTP request sent, awaiting response... 303 See Other
Location: https://academic.oup.com/rpd/article-lookup/doi/10.1093/oxfordjournals.rpd.a031527 [following]
--2017-01-30 05:32:47--  https://academic.oup.com/rpd/article-lookup/doi/10.1093/oxfordjournals.rpd.a031527
Connecting to academic.oup.com (academic.oup.com)|173.254.190.144|:443... connected.
HTTP request sent, awaiting response... 200 OK
Length: 69046 (67K) [text/html]
Saving to: ‘oxfordjournals.rpd.a031527’

     0K .......... .......... .......... .......... .......... 74%  209K 0s
    50K .......... .......                                    100% 12.8M=0.2s

2017-01-30 05:32:50 (280 KB/s) - ‘oxfordjournals.rpd.a031527’ saved [69046/69046]

--2017-01-30 05:32:51--  http://doi.org/10.1093/oxfordjournals.rpd.a031529
Connecting to doi.org (doi.org)|208.254.38.90|:80... connected.
HTTP request sent, awaiting response... 303 See Other
Location: https://academic.oup.com/rpd/article-lookup/doi/10.1093/oxfordjournals.rpd.a031529 [following]
--2017-01-30 05:32:53--  https://academic.oup.com/rpd/article-lookup/doi/10.1093/oxfordjournals.rpd.a031529
Connecting to academic.oup.com (academic.oup.com)|173.254.190.144|:443... connected.
HTTP request sent, awaiting response... 200 OK
Length: 68513 (67K) [text/html]
Saving to: ‘oxfordjournals.rpd.a031529’

     0K .......... .......... .......... .......... .......... 74%  209K 0s
    50K .......... ......                                     100% 17.8M=0.2s

2017-01-30 05:32:56 (279 KB/s) - ‘oxfordjournals.rpd.a031529’ saved [68513/68513]

--2017-01-30 05:32:57--  http://doi.org/10.1093/oxfordjournals.rpd.a031530
Connecting to doi.org (doi.org)|208.254.38.90|:80... connected.
HTTP request sent, awaiting response... 303 See Other
Location: https://academic.oup.com/rpd/article-lookup/doi/10.1093/oxfordjournals.rpd.a031530 [following]
--2017-01-30 05:32:58--  https://academic.oup.com/rpd/article-lookup/doi/10.1093/oxfordjournals.rpd.a031530
Connecting to academic.oup.com (academic.oup.com)|173.254.190.144|:443... connected.
HTTP request sent, awaiting response... 200 OK
Length: 72803 (71K) [text/html]
Saving to: ‘oxfordjournals.rpd.a031530’

     0K .......... .......... .......... .......... .......... 70%  209K 0s
    50K .......... .......... .                               100% 12.4M=0.2s

2017-01-30 05:33:02 (295 KB/s) - ‘oxfordjournals.rpd.a031530’ saved [72803/72803]

--2017-01-30 05:33:03--  http://doi.org/10.1093/oxfordjournals.rpd.a031543
Connecting to doi.org (doi.org)|208.254.38.90|:80... connected.
HTTP request sent, awaiting response... 303 See Other
Location: https://academic.oup.com/rpd/article-lookup/doi/10.1093/oxfordjournals.rpd.a031543 [following]
--2017-01-30 05:33:04--  https://academic.oup.com/rpd/article-lookup/doi/10.1093/oxfordjournals.rpd.a031543
Connecting to academic.oup.com (academic.oup.com)|173.254.190.144|:443... connected.
HTTP request sent, awaiting response... 200 OK
Length: 68720 (67K) [text/html]
Saving to: ‘oxfordjournals.rpd.a031543’

     0K .......... .......... .......... .......... .......... 74%  210K 0s
    50K .......... .......                                    100% 14.4M=0.2s

2017-01-30 05:33:08 (280 KB/s) - ‘oxfordjournals.rpd.a031543’ saved [68720/68720]

--2017-01-30 05:33:09--  http://doi.org/10.1093/oxfordjournals.rpd.a031542
Connecting to doi.org (doi.org)|208.254.38.90|:80... connected.
HTTP request sent, awaiting response... 303 See Other
Location: https://academic.oup.com/rpd/article-lookup/doi/10.1093/oxfordjournals.rpd.a031542 [following]
--2017-01-30 05:33:10--  https://academic.oup.com/rpd/article-lookup/doi/10.1093/oxfordjournals.rpd.a031542
Connecting to academic.oup.com (academic.oup.com)|173.254.190.144|:443... connected.
HTTP request sent, awaiting response... 200 OK
Length: 77958 (76K) [text/html]
Saving to: ‘oxfordjournals.rpd.a031542’

     0K .......... .......... .......... .......... .......... 65%  209K 0s
    50K .......... .......... ......                          100% 10.6M=0.2s

2017-01-30 05:33:13 (315 KB/s) - ‘oxfordjournals.rpd.a031542’ saved [77958/77958]

--2017-01-30 05:33:14--  http://doi.org/10.1093/oxfordjournals.rpd.a031535
Connecting to doi.org (doi.org)|208.254.38.90|:80... connected.
HTTP request sent, awaiting response... 303 See Other
Location: https://academic.oup.com/rpd/article-lookup/doi/10.1093/oxfordjournals.rpd.a031535 [following]
--2017-01-30 05:33:15--  https://academic.oup.com/rpd/article-lookup/doi/10.1093/oxfordjournals.rpd.a031535
Connecting to academic.oup.com (academic.oup.com)|173.254.190.144|:443... connected.
HTTP request sent, awaiting response... 200 OK
Length: 65655 (64K) [text/html]
Saving to: ‘oxfordjournals.rpd.a031535’

     0K .......... .......... .......... .......... .......... 77%  209K 0s
    50K .......... ....                                       100% 16.1M=0.2s

2017-01-30 05:33:18 (267 KB/s) - ‘oxfordjournals.rpd.a031535’ saved [65655/65655]

--2017-01-30 05:33:19--  http://doi.org/10.1093/oxfordjournals.rpd.a031544
Connecting to doi.org (doi.org)|208.254.38.90|:80... connected.
HTTP request sent, awaiting response... 303 See Other
Location: https://academic.oup.com/rpd/article-lookup/doi/10.1093/oxfordjournals.rpd.a031544 [following]
--2017-01-30 05:33:21--  https://academic.oup.com/rpd/article-lookup/doi/10.1093/oxfordjournals.rpd.a031544
Connecting to academic.oup.com (academic.oup.com)|173.254.190.144|:443... connected.
HTTP request sent, awaiting response... 200 OK
Length: 63782 (62K) [text/html]
Saving to: ‘oxfordjournals.rpd.a031544’

     0K .......... .......... .......... .......... .......... 80%  209K 0s
    50K .......... ..                                         100% 19.6M=0.2s

2017-01-30 05:33:24 (260 KB/s) - ‘oxfordjournals.rpd.a031544’ saved [63782/63782]

--2017-01-30 05:33:25--  http://doi.org/10.1093/oxfordjournals.rpd.a031541
Connecting to doi.org (doi.org)|208.254.38.90|:80... connected.
HTTP request sent, awaiting response... 303 See Other
Location: https://academic.oup.com/rpd/article-lookup/doi/10.1093/oxfordjournals.rpd.a031541 [following]
--2017-01-30 05:33:27--  https://academic.oup.com/rpd/article-lookup/doi/10.1093/oxfordjournals.rpd.a031541
Connecting to academic.oup.com (academic.oup.com)|173.254.190.144|:443... connected.
HTTP request sent, awaiting response... 200 OK
Length: 73251 (72K) [text/html]
Saving to: ‘oxfordjournals.rpd.a031541’

     0K .......... .......... .......... .......... .......... 69%  209K 0s
    50K .......... .......... .                               100% 12.0M=0.2s

2017-01-30 05:33:30 (296 KB/s) - ‘oxfordjournals.rpd.a031541’ saved [73251/73251]

--2017-01-30 05:33:31--  http://doi.org/10.1093/oxfordjournals.rpd.a031536
Connecting to doi.org (doi.org)|208.254.38.90|:80... connected.
HTTP request sent, awaiting response... 303 See Other
Location: https://academic.oup.com/rpd/article-lookup/doi/10.1093/oxfordjournals.rpd.a031536 [following]
--2017-01-30 05:33:32--  https://academic.oup.com/rpd/article-lookup/doi/10.1093/oxfordjournals.rpd.a031536
Connecting to academic.oup.com (academic.oup.com)|173.254.190.144|:443... connected.
HTTP request sent, awaiting response... 200 OK
Length: 71749 (70K) [text/html]
Saving to: ‘oxfordjournals.rpd.a031536’

     0K .......... .......... .......... .......... .......... 71%  209K 0s
    50K .......... ..........                                 100% 14.3M=0.2s

2017-01-30 05:33:35 (291 KB/s) - ‘oxfordjournals.rpd.a031536’ saved [71749/71749]

--2017-01-30 05:33:36--  http://doi.org/10.1093/oxfordjournals.rpd.a031539
Connecting to doi.org (doi.org)|208.254.38.90|:80... connected.
HTTP request sent, awaiting response... 303 See Other
Location: https://academic.oup.com/rpd/article-lookup/doi/10.1093/oxfordjournals.rpd.a031539 [following]
--2017-01-30 05:33:37--  https://academic.oup.com/rpd/article-lookup/doi/10.1093/oxfordjournals.rpd.a031539
Connecting to academic.oup.com (academic.oup.com)|173.254.190.144|:443... connected.
HTTP request sent, awaiting response... 200 OK
Length: 70366 (69K) [text/html]
Saving to: ‘oxfordjournals.rpd.a031539’

     0K .......... .......... .......... .......... .......... 72%  208K 0s
    50K .......... ........                                   100% 15.6M=0.2s

2017-01-30 05:33:42 (285 KB/s) - ‘oxfordjournals.rpd.a031539’ saved [70366/70366]

--2017-01-30 05:33:43--  http://doi.org/10.1093/oxfordjournals.rpd.a031537
Connecting to doi.org (doi.org)|208.254.38.90|:80... connected.
HTTP request sent, awaiting response... 303 See Other
Location: https://academic.oup.com/rpd/article-lookup/doi/10.1093/oxfordjournals.rpd.a031537 [following]
--2017-01-30 05:33:44--  https://academic.oup.com/rpd/article-lookup/doi/10.1093/oxfordjournals.rpd.a031537
Connecting to academic.oup.com (academic.oup.com)|173.254.190.144|:443... connected.
HTTP request sent, awaiting response... 200 OK
Length: 71754 (70K) [text/html]
Saving to: ‘oxfordjournals.rpd.a031537’

     0K .......... .......... .......... .......... .......... 71%  208K 0s
    50K .......... ..........                                 100% 9.28M=0.2s

2017-01-30 05:33:48 (288 KB/s) - ‘oxfordjournals.rpd.a031537’ saved [71754/71754]

--2017-01-30 05:33:49--  http://doi.org/10.1093/oxfordjournals.rpd.a031540
Connecting to doi.org (doi.org)|208.254.38.90|:80... connected.
HTTP request sent, awaiting response... 303 See Other
Location: https://academic.oup.com/rpd/article-lookup/doi/10.1093/oxfordjournals.rpd.a031540 [following]
--2017-01-30 05:33:50--  https://academic.oup.com/rpd/article-lookup/doi/10.1093/oxfordjournals.rpd.a031540
Connecting to academic.oup.com (academic.oup.com)|173.254.190.144|:443... connected.
HTTP request sent, awaiting response... 200 OK
Length: 71829 (70K) [text/html]
Saving to: ‘oxfordjournals.rpd.a031540’

     0K .......... .......... .......... .......... .......... 71%  209K 0s
    50K .......... ..........                                 100% 16.0M=0.2s

2017-01-30 05:33:53 (292 KB/s) - ‘oxfordjournals.rpd.a031540’ saved [71829/71829]

--2017-01-30 05:33:54--  http://doi.org/10.1093/oxfordjournals.rpd.a031538
Connecting to doi.org (doi.org)|208.254.38.90|:80... connected.
HTTP request sent, awaiting response... 303 See Other
Location: https://academic.oup.com/rpd/article-lookup/doi/10.1093/oxfordjournals.rpd.a031538 [following]
--2017-01-30 05:33:55--  https://academic.oup.com/rpd/article-lookup/doi/10.1093/oxfordjournals.rpd.a031538
Connecting to academic.oup.com (academic.oup.com)|173.254.190.144|:443... connected.
HTTP request sent, awaiting response... 200 OK
Length: 69429 (68K) [text/html]
Saving to: ‘oxfordjournals.rpd.a031538’

     0K .......... .......... .......... .......... .......... 73%  209K 0s
    50K .......... .......                                    100% 14.6M=0.2s

2017-01-30 05:33:58 (282 KB/s) - ‘oxfordjournals.rpd.a031538’ saved [69429/69429]

--2017-01-30 05:33:59--  http://doi.org/10.1093/oxfordjournals.rpd.a031549
Connecting to doi.org (doi.org)|208.254.38.90|:80... connected.
HTTP request sent, awaiting response... 303 See Other
Location: https://academic.oup.com/rpd/article-lookup/doi/10.1093/oxfordjournals.rpd.a031549 [following]
--2017-01-30 05:34:00--  https://academic.oup.com/rpd/article-lookup/doi/10.1093/oxfordjournals.rpd.a031549
Connecting to academic.oup.com (academic.oup.com)|173.254.190.144|:443... connected.
HTTP request sent, awaiting response... 200 OK
Length: 83641 (82K) [text/html]
Saving to: ‘oxfordjournals.rpd.a031549’

     0K .......... .......... .......... .......... .......... 61%  208K 0s
    50K .......... .......... .......... .                    100% 10.8M=0.2s

2017-01-30 05:34:03 (336 KB/s) - ‘oxfordjournals.rpd.a031549’ saved [83641/83641]

--2017-01-30 05:34:04--  http://doi.org/10.1093/oxfordjournals.rpd.a031550
Connecting to doi.org (doi.org)|208.254.38.90|:80... connected.
HTTP request sent, awaiting response... 303 See Other
Location: https://academic.oup.com/rpd/article-lookup/doi/10.1093/oxfordjournals.rpd.a031550 [following]
--2017-01-30 05:34:06--  https://academic.oup.com/rpd/article-lookup/doi/10.1093/oxfordjournals.rpd.a031550
Connecting to academic.oup.com (academic.oup.com)|173.254.190.144|:443... connected.
HTTP request sent, awaiting response... 200 OK
Length: 71184 (70K) [text/html]
Saving to: ‘oxfordjournals.rpd.a031550’

     0K .......... .......... .......... .......... .......... 71%  209K 0s
    50K .......... .........                                  100% 13.1M=0.2s

2017-01-30 05:34:08 (288 KB/s) - ‘oxfordjournals.rpd.a031550’ saved [71184/71184]

--2017-01-30 05:34:09--  http://doi.org/10.1093/oxfordjournals.rpd.a031559
Connecting to doi.org (doi.org)|208.254.38.90|:80... connected.
HTTP request sent, awaiting response... 303 See Other
Location: https://academic.oup.com/rpd/article-lookup/doi/10.1093/oxfordjournals.rpd.a031559 [following]
--2017-01-30 05:34:11--  https://academic.oup.com/rpd/article-lookup/doi/10.1093/oxfordjournals.rpd.a031559
Connecting to academic.oup.com (academic.oup.com)|173.254.190.144|:443... connected.
HTTP request sent, awaiting response... 200 OK
Length: 72275 (71K) [text/html]
Saving to: ‘oxfordjournals.rpd.a031559’

     0K .......... .......... .......... .......... .......... 70%  209K 0s
    50K .......... ..........                                 100% 11.5M=0.2s

2017-01-30 05:34:16 (293 KB/s) - ‘oxfordjournals.rpd.a031559’ saved [72275/72275]

--2017-01-30 05:34:17--  http://doi.org/10.1093/oxfordjournals.rpd.a031553
Connecting to doi.org (doi.org)|208.254.38.90|:80... connected.
HTTP request sent, awaiting response... 303 See Other
Location: https://academic.oup.com/rpd/article-lookup/doi/10.1093/oxfordjournals.rpd.a031553 [following]
--2017-01-30 05:34:18--  https://academic.oup.com/rpd/article-lookup/doi/10.1093/oxfordjournals.rpd.a031553
Connecting to academic.oup.com (academic.oup.com)|173.254.190.144|:443... connected.
HTTP request sent, awaiting response... 200 OK
Length: 68086 (66K) [text/html]
Saving to: ‘oxfordjournals.rpd.a031553’

     0K .......... .......... .......... .......... .......... 75%  209K 0s
    50K .......... ......                                     100% 17.3M=0.2s

2017-01-30 05:34:21 (277 KB/s) - ‘oxfordjournals.rpd.a031553’ saved [68086/68086]

--2017-01-30 05:34:22--  http://doi.org/10.1093/oxfordjournals.rpd.a031561
Connecting to doi.org (doi.org)|208.254.38.90|:80... connected.
HTTP request sent, awaiting response... 303 See Other
Location: https://academic.oup.com/rpd/article-lookup/doi/10.1093/oxfordjournals.rpd.a031561 [following]
--2017-01-30 05:34:23--  https://academic.oup.com/rpd/article-lookup/doi/10.1093/oxfordjournals.rpd.a031561
Connecting to academic.oup.com (academic.oup.com)|173.254.190.144|:443... connected.
HTTP request sent, awaiting response... 200 OK
Length: 68249 (67K) [text/html]
Saving to: ‘oxfordjournals.rpd.a031561’

     0K .......... .......... .......... .......... .......... 75%  208K 0s
    50K .......... ......                                     100% 15.4M=0.2s

2017-01-30 05:34:28 (277 KB/s) - ‘oxfordjournals.rpd.a031561’ saved [68249/68249]

--2017-01-30 05:34:29--  http://doi.org/10.1093/oxfordjournals.rpd.a031551
Connecting to doi.org (doi.org)|208.254.38.90|:80... connected.
HTTP request sent, awaiting response... 303 See Other
Location: https://academic.oup.com/rpd/article-lookup/doi/10.1093/oxfordjournals.rpd.a031551 [following]
--2017-01-30 05:34:30--  https://academic.oup.com/rpd/article-lookup/doi/10.1093/oxfordjournals.rpd.a031551
Connecting to academic.oup.com (academic.oup.com)|173.254.190.144|:443... connected.
HTTP request sent, awaiting response... 200 OK
Length: 81841 (80K) [text/html]
Saving to: ‘oxfordjournals.rpd.a031551’

     0K .......... .......... .......... .......... .......... 62%  209K 0s
    50K .......... .......... .........                       100% 9.71M=0.2s

2017-01-30 05:34:40 (330 KB/s) - ‘oxfordjournals.rpd.a031551’ saved [81841/81841]

--2017-01-30 05:34:41--  http://doi.org/10.1093/oxfordjournals.rpd.a031558
Connecting to doi.org (doi.org)|208.254.38.90|:80... connected.
HTTP request sent, awaiting response... 303 See Other
Location: https://academic.oup.com/rpd/article-lookup/doi/10.1093/oxfordjournals.rpd.a031558 [following]
--2017-01-30 05:34:42--  https://academic.oup.com/rpd/article-lookup/doi/10.1093/oxfordjournals.rpd.a031558
Connecting to academic.oup.com (academic.oup.com)|173.254.190.144|:443... connected.
HTTP request sent, awaiting response... 200 OK
Length: 72232 (71K) [text/html]
Saving to: ‘oxfordjournals.rpd.a031558’

     0K .......... .......... .......... .......... .......... 70%  209K 0s
    50K .......... ..........                                 100% 8.77M=0.2s

2017-01-30 05:34:46 (292 KB/s) - ‘oxfordjournals.rpd.a031558’ saved [72232/72232]

--2017-01-30 05:34:47--  http://doi.org/10.1093/oxfordjournals.rpd.a031546
Connecting to doi.org (doi.org)|208.254.38.90|:80... connected.
HTTP request sent, awaiting response... 303 See Other
Location: https://academic.oup.com/rpd/article-lookup/doi/10.1093/oxfordjournals.rpd.a031546 [following]
--2017-01-30 05:34:48--  https://academic.oup.com/rpd/article-lookup/doi/10.1093/oxfordjournals.rpd.a031546
Connecting to academic.oup.com (academic.oup.com)|173.254.190.144|:443... connected.
HTTP request sent, awaiting response... 200 OK
Length: 66792 (65K) [text/html]
Saving to: ‘oxfordjournals.rpd.a031546’

     0K .......... .......... .......... .......... .......... 76%  209K 0s
    50K .......... .....                                      100% 11.5M=0.2s

2017-01-30 05:34:52 (271 KB/s) - ‘oxfordjournals.rpd.a031546’ saved [66792/66792]

--2017-01-30 05:34:53--  http://doi.org/10.1093/oxfordjournals.rpd.a031545
Connecting to doi.org (doi.org)|208.254.38.90|:80... connected.
HTTP request sent, awaiting response... 303 See Other
Location: https://academic.oup.com/rpd/article-lookup/doi/10.1093/oxfordjournals.rpd.a031545 [following]
--2017-01-30 05:34:54--  https://academic.oup.com/rpd/article-lookup/doi/10.1093/oxfordjournals.rpd.a031545
Connecting to academic.oup.com (academic.oup.com)|173.254.190.144|:443... connected.
HTTP request sent, awaiting response... 200 OK
Length: 82126 (80K) [text/html]
Saving to: ‘oxfordjournals.rpd.a031545’

     0K .......... .......... .......... .......... .......... 62%  206K 0s
    50K .......... .......... ..........                      100% 10.6M=0.2s

2017-01-30 05:34:57 (326 KB/s) - ‘oxfordjournals.rpd.a031545’ saved [82126/82126]

--2017-01-30 05:34:58--  http://doi.org/10.1093/oxfordjournals.rpd.a031547
Connecting to doi.org (doi.org)|208.254.38.90|:80... connected.
HTTP request sent, awaiting response... 303 See Other
Location: https://academic.oup.com/rpd/article-lookup/doi/10.1093/oxfordjournals.rpd.a031547 [following]
--2017-01-30 05:34:59--  https://academic.oup.com/rpd/article-lookup/doi/10.1093/oxfordjournals.rpd.a031547
Connecting to academic.oup.com (academic.oup.com)|173.254.190.144|:443... connected.
HTTP request sent, awaiting response... 200 OK
Length: 70638 (69K) [text/html]
Saving to: ‘oxfordjournals.rpd.a031547’

     0K .......... .......... .......... .......... .......... 72%  209K 0s
    50K .......... ........                                   100% 8.92M=0.2s

2017-01-30 05:35:02 (286 KB/s) - ‘oxfordjournals.rpd.a031547’ saved [70638/70638]

--2017-01-30 05:35:03--  http://doi.org/10.1093/oxfordjournals.rpd.a031565
Connecting to doi.org (doi.org)|208.254.38.90|:80... connected.
HTTP request sent, awaiting response... 303 See Other
Location: https://academic.oup.com/rpd/article-lookup/doi/10.1093/oxfordjournals.rpd.a031565 [following]
--2017-01-30 05:35:04--  https://academic.oup.com/rpd/article-lookup/doi/10.1093/oxfordjournals.rpd.a031565
Connecting to academic.oup.com (academic.oup.com)|173.254.190.144|:443... connected.
HTTP request sent, awaiting response... 200 OK
Length: 71111 (69K) [text/html]
Saving to: ‘oxfordjournals.rpd.a031565’

     0K .......... .......... .......... .......... .......... 72%  308K 0s
    50K .......... .........                                  100%  249K=0.2s

2017-01-30 05:35:08 (289 KB/s) - ‘oxfordjournals.rpd.a031565’ saved [71111/71111]

--2017-01-30 05:35:09--  http://doi.org/10.1093/oxfordjournals.rpd.a031555
Connecting to doi.org (doi.org)|208.254.38.90|:80... connected.
HTTP request sent, awaiting response... 303 See Other
Location: https://academic.oup.com/rpd/article-lookup/doi/10.1093/oxfordjournals.rpd.a031555 [following]
--2017-01-30 05:35:10--  https://academic.oup.com/rpd/article-lookup/doi/10.1093/oxfordjournals.rpd.a031555
Connecting to academic.oup.com (academic.oup.com)|173.254.190.144|:443... connected.
HTTP request sent, awaiting response... 200 OK
Length: 73095 (71K) [text/html]
Saving to: ‘oxfordjournals.rpd.a031555’

     0K .......... .......... .......... .......... .......... 70%  209K 0s
    50K .......... .......... .                               100% 8.67M=0.2s

2017-01-30 05:35:13 (295 KB/s) - ‘oxfordjournals.rpd.a031555’ saved [73095/73095]

--2017-01-30 05:35:14--  http://doi.org/10.1093/oxfordjournals.rpd.a031568
Connecting to doi.org (doi.org)|208.254.38.90|:80... connected.
HTTP request sent, awaiting response... 303 See Other
Location: https://academic.oup.com/rpd/article-lookup/doi/10.1093/oxfordjournals.rpd.a031568 [following]
--2017-01-30 05:35:16--  https://academic.oup.com/rpd/article-lookup/doi/10.1093/oxfordjournals.rpd.a031568
Connecting to academic.oup.com (academic.oup.com)|173.254.190.144|:443... connected.
HTTP request sent, awaiting response... 200 OK
Length: 85813 (84K) [text/html]
Saving to: ‘oxfordjournals.rpd.a031568’

     0K .......... .......... .......... .......... .......... 59%  209K 0s
    50K .......... .......... .......... ...                  100% 10.4M=0.2s

2017-01-30 05:35:19 (346 KB/s) - ‘oxfordjournals.rpd.a031568’ saved [85813/85813]

--2017-01-30 05:35:20--  http://doi.org/10.1093/oxfordjournals.rpd.a031562
Connecting to doi.org (doi.org)|208.254.38.90|:80... connected.
HTTP request sent, awaiting response... 303 See Other
Location: https://academic.oup.com/rpd/article-lookup/doi/10.1093/oxfordjournals.rpd.a031562 [following]
--2017-01-30 05:35:21--  https://academic.oup.com/rpd/article-lookup/doi/10.1093/oxfordjournals.rpd.a031562
Connecting to academic.oup.com (academic.oup.com)|173.254.190.144|:443... connected.
HTTP request sent, awaiting response... 200 OK
Length: 84495 (83K) [text/html]
Saving to: ‘oxfordjournals.rpd.a031562’

     0K .......... .......... .......... .......... .......... 60%  209K 0s
    50K .......... .......... .......... ..                   100% 10.6M=0.2s

2017-01-30 05:35:24 (341 KB/s) - ‘oxfordjournals.rpd.a031562’ saved [84495/84495]

--2017-01-30 05:35:25--  http://doi.org/10.1093/oxfordjournals.rpd.a031570
Connecting to doi.org (doi.org)|208.254.38.90|:80... connected.
HTTP request sent, awaiting response... 303 See Other
Location: https://academic.oup.com/rpd/article-lookup/doi/10.1093/oxfordjournals.rpd.a031570 [following]
--2017-01-30 05:35:26--  https://academic.oup.com/rpd/article-lookup/doi/10.1093/oxfordjournals.rpd.a031570
Connecting to academic.oup.com (academic.oup.com)|173.254.190.144|:443... connected.
HTTP request sent, awaiting response... 200 OK
Length: 72570 (71K) [text/html]
Saving to: ‘oxfordjournals.rpd.a031570’

     0K .......... .......... .......... .......... .......... 70%  209K 0s
    50K .......... ..........                                 100% 11.4M=0.2s

2017-01-30 05:35:30 (294 KB/s) - ‘oxfordjournals.rpd.a031570’ saved [72570/72570]

--2017-01-30 05:35:31--  http://doi.org/10.1093/oxfordjournals.rpd.a031563
Connecting to doi.org (doi.org)|208.254.38.90|:80... connected.
HTTP request sent, awaiting response... 303 See Other
Location: https://academic.oup.com/rpd/article-lookup/doi/10.1093/oxfordjournals.rpd.a031563 [following]
--2017-01-30 05:35:32--  https://academic.oup.com/rpd/article-lookup/doi/10.1093/oxfordjournals.rpd.a031563
Connecting to academic.oup.com (academic.oup.com)|173.254.190.144|:443... connected.
HTTP request sent, awaiting response... 200 OK
Length: 70010 (68K) [text/html]
Saving to: ‘oxfordjournals.rpd.a031563’

     0K .......... .......... .......... .......... .......... 73%  208K 0s
    50K .......... ........                                   100% 14.2M=0.2s

2017-01-30 05:35:35 (283 KB/s) - ‘oxfordjournals.rpd.a031563’ saved [70010/70010]

--2017-01-30 05:35:36--  http://doi.org/10.1093/oxfordjournals.rpd.a031554
Connecting to doi.org (doi.org)|208.254.38.90|:80... connected.
HTTP request sent, awaiting response... 303 See Other
Location: https://academic.oup.com/rpd/article-lookup/doi/10.1093/oxfordjournals.rpd.a031554 [following]
--2017-01-30 05:35:37--  https://academic.oup.com/rpd/article-lookup/doi/10.1093/oxfordjournals.rpd.a031554
Connecting to academic.oup.com (academic.oup.com)|173.254.190.144|:443... connected.
HTTP request sent, awaiting response... 200 OK
Length: 79151 (77K) [text/html]
Saving to: ‘oxfordjournals.rpd.a031554’

     0K .......... .......... .......... .......... .......... 64%  209K 0s
    50K .......... .......... .......                         100% 8.81M=0.2s

2017-01-30 05:35:41 (320 KB/s) - ‘oxfordjournals.rpd.a031554’ saved [79151/79151]

--2017-01-30 05:35:42--  http://doi.org/10.1093/oxfordjournals.rpd.a031556
Connecting to doi.org (doi.org)|208.254.38.90|:80... connected.
HTTP request sent, awaiting response... 303 See Other
Location: https://academic.oup.com/rpd/article-lookup/doi/10.1093/oxfordjournals.rpd.a031556 [following]
--2017-01-30 05:35:44--  https://academic.oup.com/rpd/article-lookup/doi/10.1093/oxfordjournals.rpd.a031556
Connecting to academic.oup.com (academic.oup.com)|173.254.190.144|:443... connected.
HTTP request sent, awaiting response... 200 OK
Length: 72682 (71K) [text/html]
Saving to: ‘oxfordjournals.rpd.a031556’

     0K .......... .......... .......... .......... .......... 70%  209K 0s
    50K .......... ..........                                 100% 14.8M=0.2s

2017-01-30 05:35:46 (295 KB/s) - ‘oxfordjournals.rpd.a031556’ saved [72682/72682]

--2017-01-30 05:35:47--  http://doi.org/10.1093/oxfordjournals.rpd.a031564
Connecting to doi.org (doi.org)|208.254.38.90|:80... connected.
HTTP request sent, awaiting response... 303 See Other
Location: https://academic.oup.com/rpd/article-lookup/doi/10.1093/oxfordjournals.rpd.a031564 [following]
--2017-01-30 05:35:49--  https://academic.oup.com/rpd/article-lookup/doi/10.1093/oxfordjournals.rpd.a031564
Connecting to academic.oup.com (academic.oup.com)|173.254.190.144|:443... connected.
HTTP request sent, awaiting response... 200 OK
Length: 71502 (70K) [text/html]
Saving to: ‘oxfordjournals.rpd.a031564’

     0K .......... .......... .......... .......... .......... 71%  209K 0s
    50K .......... .........                                  100% 13.0M=0.2s

2017-01-30 05:35:52 (290 KB/s) - ‘oxfordjournals.rpd.a031564’ saved [71502/71502]

--2017-01-30 05:35:53--  http://doi.org/10.1093/oxfordjournals.rpd.a031560
Connecting to doi.org (doi.org)|208.254.38.90|:80... connected.
HTTP request sent, awaiting response... 303 See Other
Location: https://academic.oup.com/rpd/article-lookup/doi/10.1093/oxfordjournals.rpd.a031560 [following]
--2017-01-30 05:35:54--  https://academic.oup.com/rpd/article-lookup/doi/10.1093/oxfordjournals.rpd.a031560
Connecting to academic.oup.com (academic.oup.com)|173.254.190.144|:443... connected.
HTTP request sent, awaiting response... 200 OK
Length: 69839 (68K) [text/html]
Saving to: ‘oxfordjournals.rpd.a031560’

     0K .......... .......... .......... .......... .......... 73%  209K 0s
    50K .......... ........                                   100% 16.1M=0.2s

2017-01-30 05:35:57 (284 KB/s) - ‘oxfordjournals.rpd.a031560’ saved [69839/69839]

--2017-01-30 05:35:58--  http://doi.org/10.1093/oxfordjournals.rpd.a031566
Connecting to doi.org (doi.org)|208.254.38.90|:80... connected.
HTTP request sent, awaiting response... 303 See Other
Location: https://academic.oup.com/rpd/article-lookup/doi/10.1093/oxfordjournals.rpd.a031566 [following]
--2017-01-30 05:35:59--  https://academic.oup.com/rpd/article-lookup/doi/10.1093/oxfordjournals.rpd.a031566
Connecting to academic.oup.com (academic.oup.com)|173.254.190.144|:443... connected.
HTTP request sent, awaiting response... 200 OK
Length: 70187 (69K) [text/html]
Saving to: ‘oxfordjournals.rpd.a031566’

     0K .......... .......... .......... .......... .......... 72%  209K 0s
    50K .......... ........                                   100% 9.28M=0.2s

2017-01-30 05:36:03 (284 KB/s) - ‘oxfordjournals.rpd.a031566’ saved [70187/70187]

--2017-01-30 05:36:04--  http://doi.org/10.1093/oxfordjournals.rpd.a031569
Connecting to doi.org (doi.org)|208.254.38.90|:80... connected.
HTTP request sent, awaiting response... 303 See Other
Location: https://academic.oup.com/rpd/article-lookup/doi/10.1093/oxfordjournals.rpd.a031569 [following]
--2017-01-30 05:36:06--  https://academic.oup.com/rpd/article-lookup/doi/10.1093/oxfordjournals.rpd.a031569
Connecting to academic.oup.com (academic.oup.com)|173.254.190.144|:443... connected.
HTTP request sent, awaiting response... 200 OK
Length: 66683 (65K) [text/html]
Saving to: ‘oxfordjournals.rpd.a031569’

     0K .......... .......... .......... .......... .......... 76%  209K 0s
    50K .......... .....                                      100% 10.5M=0.2s

2017-01-30 05:36:09 (271 KB/s) - ‘oxfordjournals.rpd.a031569’ saved [66683/66683]

--2017-01-30 05:36:10--  http://doi.org/10.1093/oxfordjournals.rpd.a031548
Connecting to doi.org (doi.org)|208.254.38.90|:80... connected.
HTTP request sent, awaiting response... 303 See Other
Location: https://academic.oup.com/rpd/article-lookup/doi/10.1093/oxfordjournals.rpd.a031548 [following]
--2017-01-30 05:36:11--  https://academic.oup.com/rpd/article-lookup/doi/10.1093/oxfordjournals.rpd.a031548
Connecting to academic.oup.com (academic.oup.com)|173.254.190.144|:443... connected.
HTTP request sent, awaiting response... 200 OK
Length: 67330 (66K) [text/html]
Saving to: ‘oxfordjournals.rpd.a031548’

     0K .......... .......... .......... .......... .......... 76%  208K 0s
    50K .......... .....                                      100% 12.5M=0.2s

2017-01-30 05:36:14 (272 KB/s) - ‘oxfordjournals.rpd.a031548’ saved [67330/67330]

--2017-01-30 05:36:15--  http://doi.org/10.1093/oxfordjournals.rpd.a031567
Connecting to doi.org (doi.org)|208.254.38.90|:80... connected.
HTTP request sent, awaiting response... 303 See Other
Location: https://academic.oup.com/rpd/article-lookup/doi/10.1093/oxfordjournals.rpd.a031567 [following]
--2017-01-30 05:36:17--  https://academic.oup.com/rpd/article-lookup/doi/10.1093/oxfordjournals.rpd.a031567
Connecting to academic.oup.com (academic.oup.com)|173.254.190.144|:443... connected.
HTTP request sent, awaiting response... 200 OK
Length: 66844 (65K) [text/html]
Saving to: ‘oxfordjournals.rpd.a031567’

     0K .......... .......... .......... .......... .......... 76%  209K 0s
    50K .......... .....                                      100% 15.2M=0.2s

2017-01-30 05:36:21 (272 KB/s) - ‘oxfordjournals.rpd.a031567’ saved [66844/66844]

--2017-01-30 05:36:22--  http://doi.org/10.1093/oxfordjournals.rpd.a031552
Connecting to doi.org (doi.org)|208.254.38.90|:80... connected.
HTTP request sent, awaiting response... 303 See Other
Location: https://academic.oup.com/rpd/article-lookup/doi/10.1093/oxfordjournals.rpd.a031552 [following]
--2017-01-30 05:36:23--  https://academic.oup.com/rpd/article-lookup/doi/10.1093/oxfordjournals.rpd.a031552
Connecting to academic.oup.com (academic.oup.com)|173.254.190.144|:443... connected.
HTTP request sent, awaiting response... 200 OK
Length: 71171 (70K) [text/html]
Saving to: ‘oxfordjournals.rpd.a031552’

     0K .......... .......... .......... .......... .......... 71%  209K 0s
    50K .......... .........                                  100% 16.4M=0.2s

2017-01-30 05:36:27 (289 KB/s) - ‘oxfordjournals.rpd.a031552’ saved [71171/71171]

--2017-01-30 05:36:28--  http://doi.org/10.1093/oxfordjournals.rpd.a031557
Connecting to doi.org (doi.org)|208.254.38.90|:80... connected.
HTTP request sent, awaiting response... 303 See Other
Location: https://academic.oup.com/rpd/article-lookup/doi/10.1093/oxfordjournals.rpd.a031557 [following]
--2017-01-30 05:36:29--  https://academic.oup.com/rpd/article-lookup/doi/10.1093/oxfordjournals.rpd.a031557
Connecting to academic.oup.com (academic.oup.com)|173.254.190.144|:443... connected.
HTTP request sent, awaiting response... 200 OK
Length: 83077 (81K) [text/html]
Saving to: ‘oxfordjournals.rpd.a031557’

     0K .......... .......... .......... .......... .......... 61%  209K 0s
    50K .......... .......... .......... .                    100% 9.81M=0.2s

2017-01-30 05:36:33 (335 KB/s) - ‘oxfordjournals.rpd.a031557’ saved [83077/83077]

--2017-01-30 05:36:34--  http://doi.org/10.1093/oxfordjournals.rpd.a031577
Connecting to doi.org (doi.org)|208.254.38.90|:80... connected.
HTTP request sent, awaiting response... 303 See Other
Location: https://academic.oup.com/rpd/article-lookup/doi/10.1093/oxfordjournals.rpd.a031577 [following]
--2017-01-30 05:36:35--  https://academic.oup.com/rpd/article-lookup/doi/10.1093/oxfordjournals.rpd.a031577
Connecting to academic.oup.com (academic.oup.com)|173.254.190.144|:443... connected.
HTTP request sent, awaiting response... 200 OK
Length: 69541 (68K) [text/html]
Saving to: ‘oxfordjournals.rpd.a031577’

     0K .......... .......... .......... .......... .......... 73%  209K 0s
    50K .......... .......                                    100% 14.9M=0.2s

2017-01-30 05:36:38 (282 KB/s) - ‘oxfordjournals.rpd.a031577’ saved [69541/69541]

--2017-01-30 05:36:39--  http://doi.org/10.1093/oxfordjournals.rpd.a031579
Connecting to doi.org (doi.org)|208.254.38.90|:80... connected.
HTTP request sent, awaiting response... 303 See Other
Location: https://academic.oup.com/rpd/article-lookup/doi/10.1093/oxfordjournals.rpd.a031579 [following]
--2017-01-30 05:36:40--  https://academic.oup.com/rpd/article-lookup/doi/10.1093/oxfordjournals.rpd.a031579
Connecting to academic.oup.com (academic.oup.com)|173.254.190.144|:443... connected.
HTTP request sent, awaiting response... 200 OK
Length: 76722 (75K) [text/html]
Saving to: ‘oxfordjournals.rpd.a031579’

     0K .......... .......... .......... .......... .......... 66%  209K 0s
    50K .......... .......... ....                            100% 15.3M=0.2s

2017-01-30 05:36:44 (311 KB/s) - ‘oxfordjournals.rpd.a031579’ saved [76722/76722]

--2017-01-30 05:36:45--  http://doi.org/10.1093/oxfordjournals.rpd.a031580
Connecting to doi.org (doi.org)|208.254.38.90|:80... connected.
HTTP request sent, awaiting response... 303 See Other
Location: https://academic.oup.com/rpd/article-lookup/doi/10.1093/oxfordjournals.rpd.a031580 [following]
--2017-01-30 05:36:47--  https://academic.oup.com/rpd/article-lookup/doi/10.1093/oxfordjournals.rpd.a031580
Connecting to academic.oup.com (academic.oup.com)|173.254.190.144|:443... connected.
HTTP request sent, awaiting response... 200 OK
Length: 71399 (70K) [text/html]
Saving to: ‘oxfordjournals.rpd.a031580’

     0K .......... .......... .......... .......... .......... 71%  209K 0s
    50K .......... .........                                  100% 14.9M=0.2s

2017-01-30 05:36:50 (290 KB/s) - ‘oxfordjournals.rpd.a031580’ saved [71399/71399]

--2017-01-30 05:36:51--  http://doi.org/10.1093/oxfordjournals.rpd.a031571
Connecting to doi.org (doi.org)|208.254.38.90|:80... connected.
HTTP request sent, awaiting response... 303 See Other
Location: https://academic.oup.com/rpd/article-lookup/doi/10.1093/oxfordjournals.rpd.a031571 [following]
--2017-01-30 05:36:52--  https://academic.oup.com/rpd/article-lookup/doi/10.1093/oxfordjournals.rpd.a031571
Connecting to academic.oup.com (academic.oup.com)|173.254.190.144|:443... connected.
HTTP request sent, awaiting response... 200 OK
Length: 65321 (64K) [text/html]
Saving to: ‘oxfordjournals.rpd.a031571’

     0K .......... .......... .......... .......... .......... 78%  309K 0s
    50K .......... ...                                        100%  176K=0.2s

2017-01-30 05:36:55 (266 KB/s) - ‘oxfordjournals.rpd.a031571’ saved [65321/65321]

--2017-01-30 05:36:56--  http://doi.org/10.1093/oxfordjournals.rpd.a031578
Connecting to doi.org (doi.org)|208.254.38.90|:80... connected.
HTTP request sent, awaiting response... 303 See Other
Location: https://academic.oup.com/rpd/article-lookup/doi/10.1093/oxfordjournals.rpd.a031578 [following]
--2017-01-30 05:36:57--  https://academic.oup.com/rpd/article-lookup/doi/10.1093/oxfordjournals.rpd.a031578
Connecting to academic.oup.com (academic.oup.com)|173.254.190.144|:443... connected.
HTTP request sent, awaiting response... 200 OK
Length: 70584 (69K) [text/html]
Saving to: ‘oxfordjournals.rpd.a031578’

     0K .......... .......... .......... .......... .......... 72%  209K 0s
    50K .......... ........                                   100% 15.1M=0.2s

2017-01-30 05:37:01 (286 KB/s) - ‘oxfordjournals.rpd.a031578’ saved [70584/70584]

--2017-01-30 05:37:02--  http://doi.org/10.1093/oxfordjournals.rpd.a031572
Connecting to doi.org (doi.org)|208.254.38.90|:80... connected.
HTTP request sent, awaiting response... 303 See Other
Location: https://academic.oup.com/rpd/article-lookup/doi/10.1093/oxfordjournals.rpd.a031572 [following]
--2017-01-30 05:37:04--  https://academic.oup.com/rpd/article-lookup/doi/10.1093/oxfordjournals.rpd.a031572
Connecting to academic.oup.com (academic.oup.com)|173.254.190.144|:443... connected.
HTTP request sent, awaiting response... 200 OK
Length: 69250 (68K) [text/html]
Saving to: ‘oxfordjournals.rpd.a031572’

     0K .......... .......... .......... .......... .......... 73%  209K 0s
    50K .......... .......                                    100% 18.9M=0.2s

2017-01-30 05:37:07 (282 KB/s) - ‘oxfordjournals.rpd.a031572’ saved [69250/69250]

--2017-01-30 05:37:08--  http://doi.org/10.1093/oxfordjournals.rpd.a031575
Connecting to doi.org (doi.org)|208.254.38.90|:80... connected.
HTTP request sent, awaiting response... 303 See Other
Location: https://academic.oup.com/rpd/article-lookup/doi/10.1093/oxfordjournals.rpd.a031575 [following]
--2017-01-30 05:37:09--  https://academic.oup.com/rpd/article-lookup/doi/10.1093/oxfordjournals.rpd.a031575
Connecting to academic.oup.com (academic.oup.com)|173.254.190.144|:443... connected.
HTTP request sent, awaiting response... 200 OK
Length: 71659 (70K) [text/html]
Saving to: ‘oxfordjournals.rpd.a031575’

     0K .......... .......... .......... .......... .......... 71%  205K 0s
    50K .......... .........                                  100% 16.3M=0.2s

2017-01-30 05:37:12 (285 KB/s) - ‘oxfordjournals.rpd.a031575’ saved [71659/71659]

--2017-01-30 05:37:13--  http://doi.org/10.1093/oxfordjournals.rpd.a031576
Connecting to doi.org (doi.org)|208.254.38.90|:80... connected.
HTTP request sent, awaiting response... 303 See Other
Location: https://academic.oup.com/rpd/article-lookup/doi/10.1093/oxfordjournals.rpd.a031576 [following]
--2017-01-30 05:37:15--  https://academic.oup.com/rpd/article-lookup/doi/10.1093/oxfordjournals.rpd.a031576
Connecting to academic.oup.com (academic.oup.com)|173.254.190.144|:443... connected.
HTTP request sent, awaiting response... 200 OK
Length: 70108 (68K) [text/html]
Saving to: ‘oxfordjournals.rpd.a031576’

     0K .......... .......... .......... .......... .......... 73%  209K 0s
    50K .......... ........                                   100% 14.5M=0.2s

2017-01-30 05:37:18 (285 KB/s) - ‘oxfordjournals.rpd.a031576’ saved [70108/70108]

--2017-01-30 05:37:19--  http://doi.org/10.1093/oxfordjournals.rpd.a031573
Connecting to doi.org (doi.org)|208.254.38.90|:80... connected.
HTTP request sent, awaiting response... 303 See Other
Location: https://academic.oup.com/rpd/article-lookup/doi/10.1093/oxfordjournals.rpd.a031573 [following]
--2017-01-30 05:37:20--  https://academic.oup.com/rpd/article-lookup/doi/10.1093/oxfordjournals.rpd.a031573
Connecting to academic.oup.com (academic.oup.com)|173.254.190.144|:443... connected.
HTTP request sent, awaiting response... 200 OK
Length: 68032 (66K) [text/html]
Saving to: ‘oxfordjournals.rpd.a031573’

     0K .......... .......... .......... .......... .......... 75%  309K 0s
    50K .......... ......                                     100%  209K=0.2s

2017-01-30 05:37:23 (276 KB/s) - ‘oxfordjournals.rpd.a031573’ saved [68032/68032]

--2017-01-30 05:37:24--  http://doi.org/10.1093/oxfordjournals.rpd.a031574
Connecting to doi.org (doi.org)|208.254.38.90|:80... connected.
HTTP request sent, awaiting response... 303 See Other
Location: https://academic.oup.com/rpd/article-lookup/doi/10.1093/oxfordjournals.rpd.a031574 [following]
--2017-01-30 05:37:25--  https://academic.oup.com/rpd/article-lookup/doi/10.1093/oxfordjournals.rpd.a031574
Connecting to academic.oup.com (academic.oup.com)|173.254.190.144|:443... connected.
HTTP request sent, awaiting response... 200 OK
Length: 72328 (71K) [text/html]
Saving to: ‘oxfordjournals.rpd.a031574’

     0K .......... .......... .......... .......... .......... 70%  209K 0s
    50K .......... ..........                                 100%  565K=0.3s

2017-01-30 05:37:29 (256 KB/s) - ‘oxfordjournals.rpd.a031574’ saved [72328/72328]

--2017-01-30 05:37:30--  http://doi.org/10.1093/oxfordjournals.rpd.a031587
Connecting to doi.org (doi.org)|208.254.38.90|:80... connected.
HTTP request sent, awaiting response... 303 See Other
Location: https://academic.oup.com/rpd/article-lookup/doi/10.1093/oxfordjournals.rpd.a031587 [following]
--2017-01-30 05:37:31--  https://academic.oup.com/rpd/article-lookup/doi/10.1093/oxfordjournals.rpd.a031587
Connecting to academic.oup.com (academic.oup.com)|173.254.190.144|:443... connected.
HTTP request sent, awaiting response... 200 OK
Length: 89623 (88K) [text/html]
Saving to: ‘oxfordjournals.rpd.a031587’

     0K .......... .......... .......... .......... .......... 57%  209K 0s
    50K .......... .......... .......... .......              100% 8.39M=0.2s

2017-01-30 05:37:35 (359 KB/s) - ‘oxfordjournals.rpd.a031587’ saved [89623/89623]

--2017-01-30 05:37:36--  http://doi.org/10.1093/oxfordjournals.rpd.a031585
Connecting to doi.org (doi.org)|208.254.38.90|:80... connected.
HTTP request sent, awaiting response... 303 See Other
Location: https://academic.oup.com/rpd/article-lookup/doi/10.1093/oxfordjournals.rpd.a031585 [following]
--2017-01-30 05:37:37--  https://academic.oup.com/rpd/article-lookup/doi/10.1093/oxfordjournals.rpd.a031585
Connecting to academic.oup.com (academic.oup.com)|173.254.190.144|:443... connected.
HTTP request sent, awaiting response... 200 OK
Length: 85538 (84K) [text/html]
Saving to: ‘oxfordjournals.rpd.a031585’

     0K .......... .......... .......... .......... .......... 59%  209K 0s
    50K .......... .......... .......... ...                  100% 13.9M=0.2s

2017-01-30 05:37:41 (345 KB/s) - ‘oxfordjournals.rpd.a031585’ saved [85538/85538]

--2017-01-30 05:37:42--  http://doi.org/10.1093/oxfordjournals.rpd.a031589
Connecting to doi.org (doi.org)|208.254.38.90|:80... connected.
HTTP request sent, awaiting response... 303 See Other
Location: https://academic.oup.com/rpd/article-lookup/doi/10.1093/oxfordjournals.rpd.a031589 [following]
--2017-01-30 05:37:43--  https://academic.oup.com/rpd/article-lookup/doi/10.1093/oxfordjournals.rpd.a031589
Connecting to academic.oup.com (academic.oup.com)|173.254.190.144|:443... connected.
HTTP request sent, awaiting response... 200 OK
Length: 69875 (68K) [text/html]
Saving to: ‘oxfordjournals.rpd.a031589’

     0K .......... .......... .......... .......... .......... 73%  209K 0s
    50K .......... ........                                   100% 4.49M=0.2s

2017-01-30 05:37:46 (280 KB/s) - ‘oxfordjournals.rpd.a031589’ saved [69875/69875]

--2017-01-30 05:37:47--  http://doi.org/10.1093/oxfordjournals.rpd.a031582
Connecting to doi.org (doi.org)|208.254.38.90|:80... connected.
HTTP request sent, awaiting response... 303 See Other
Location: https://academic.oup.com/rpd/article-lookup/doi/10.1093/oxfordjournals.rpd.a031582 [following]
--2017-01-30 05:37:48--  https://academic.oup.com/rpd/article-lookup/doi/10.1093/oxfordjournals.rpd.a031582
Connecting to academic.oup.com (academic.oup.com)|173.254.190.144|:443... connected.
HTTP request sent, awaiting response... 200 OK
Length: 70285 (69K) [text/html]
Saving to: ‘oxfordjournals.rpd.a031582’

     0K .......... .......... .......... .......... .......... 72%  208K 0s
    50K .......... ........                                   100% 15.8M=0.2s

2017-01-30 05:37:52 (285 KB/s) - ‘oxfordjournals.rpd.a031582’ saved [70285/70285]

--2017-01-30 05:37:53--  http://doi.org/10.1093/oxfordjournals.rpd.a031590
Connecting to doi.org (doi.org)|208.254.38.90|:80... connected.
HTTP request sent, awaiting response... 303 See Other
Location: https://academic.oup.com/rpd/article-lookup/doi/10.1093/oxfordjournals.rpd.a031590 [following]
--2017-01-30 05:37:54--  https://academic.oup.com/rpd/article-lookup/doi/10.1093/oxfordjournals.rpd.a031590
Connecting to academic.oup.com (academic.oup.com)|173.254.190.144|:443... connected.
HTTP request sent, awaiting response... 200 OK
Length: 69265 (68K) [text/html]
Saving to: ‘oxfordjournals.rpd.a031590’

     0K .......... .......... .......... .......... .......... 73%  209K 0s
    50K .......... .......                                    100% 14.7M=0.2s

2017-01-30 05:37:58 (281 KB/s) - ‘oxfordjournals.rpd.a031590’ saved [69265/69265]

--2017-01-30 05:37:59--  http://doi.org/10.1093/oxfordjournals.rpd.a031583
Connecting to doi.org (doi.org)|208.254.38.90|:80... connected.
HTTP request sent, awaiting response... 303 See Other
Location: https://academic.oup.com/rpd/article-lookup/doi/10.1093/oxfordjournals.rpd.a031583 [following]
--2017-01-30 05:38:00--  https://academic.oup.com/rpd/article-lookup/doi/10.1093/oxfordjournals.rpd.a031583
Connecting to academic.oup.com (academic.oup.com)|173.254.190.144|:443... connected.
HTTP request sent, awaiting response... 200 OK
Length: 88251 (86K) [text/html]
Saving to: ‘oxfordjournals.rpd.a031583’

     0K .......... .......... .......... .......... .......... 58%  209K 0s
    50K .......... .......... .......... ......               100% 10.3M=0.2s

2017-01-30 05:38:03 (355 KB/s) - ‘oxfordjournals.rpd.a031583’ saved [88251/88251]

--2017-01-30 05:38:04--  http://doi.org/10.1093/oxfordjournals.rpd.a031588
Connecting to doi.org (doi.org)|208.254.38.90|:80... connected.
HTTP request sent, awaiting response... 303 See Other
Location: https://academic.oup.com/rpd/article-lookup/doi/10.1093/oxfordjournals.rpd.a031588 [following]
--2017-01-30 05:38:05--  https://academic.oup.com/rpd/article-lookup/doi/10.1093/oxfordjournals.rpd.a031588
Connecting to academic.oup.com (academic.oup.com)|173.254.190.144|:443... connected.
HTTP request sent, awaiting response... 200 OK
Length: 88234 (86K) [text/html]
Saving to: ‘oxfordjournals.rpd.a031588’

     0K .......... .......... .......... .......... .......... 58%  251K 0s
    50K .......... .......... .......... ......               100%  453K=0.3s

2017-01-30 05:38:09 (309 KB/s) - ‘oxfordjournals.rpd.a031588’ saved [88234/88234]

--2017-01-30 05:38:10--  http://doi.org/10.1093/oxfordjournals.rpd.a031591
Connecting to doi.org (doi.org)|208.254.38.90|:80... connected.
HTTP request sent, awaiting response... 303 See Other
Location: https://academic.oup.com/rpd/article-lookup/doi/10.1093/oxfordjournals.rpd.a031591 [following]
--2017-01-30 05:38:11--  https://academic.oup.com/rpd/article-lookup/doi/10.1093/oxfordjournals.rpd.a031591
Connecting to academic.oup.com (academic.oup.com)|173.254.190.144|:443... connected.
HTTP request sent, awaiting response... 200 OK
Length: 70130 (68K) [text/html]
Saving to: ‘oxfordjournals.rpd.a031591’

     0K .......... .......... .......... .......... .......... 73%  209K 0s
    50K .......... ........                                   100% 15.1M=0.2s

2017-01-30 05:38:14 (285 KB/s) - ‘oxfordjournals.rpd.a031591’ saved [70130/70130]

--2017-01-30 05:38:15--  http://doi.org/10.1093/oxfordjournals.rpd.a031584
Connecting to doi.org (doi.org)|208.254.38.90|:80... connected.
HTTP request sent, awaiting response... 303 See Other
Location: https://academic.oup.com/rpd/article-lookup/doi/10.1093/oxfordjournals.rpd.a031584 [following]
--2017-01-30 05:38:16--  https://academic.oup.com/rpd/article-lookup/doi/10.1093/oxfordjournals.rpd.a031584
Connecting to academic.oup.com (academic.oup.com)|173.254.190.144|:443... connected.
HTTP request sent, awaiting response... 200 OK
Length: 83971 (82K) [text/html]
Saving to: ‘oxfordjournals.rpd.a031584’

     0K .......... .......... .......... .......... .......... 60%  209K 0s
    50K .......... .......... .......... ..                   100% 9.13M=0.2s

2017-01-30 05:38:19 (337 KB/s) - ‘oxfordjournals.rpd.a031584’ saved [83971/83971]

--2017-01-30 05:38:20--  http://doi.org/10.1093/oxfordjournals.rpd.a031586
Connecting to doi.org (doi.org)|208.254.38.90|:80... connected.
HTTP request sent, awaiting response... 303 See Other
Location: https://academic.oup.com/rpd/article-lookup/doi/10.1093/oxfordjournals.rpd.a031586 [following]
--2017-01-30 05:38:21--  https://academic.oup.com/rpd/article-lookup/doi/10.1093/oxfordjournals.rpd.a031586
Connecting to academic.oup.com (academic.oup.com)|173.254.190.144|:443... connected.
HTTP request sent, awaiting response... 200 OK
Length: 69591 (68K) [text/html]
Saving to: ‘oxfordjournals.rpd.a031586’

     0K .......... .......... .......... .......... .......... 73%  208K 0s
    50K .......... .......                                    100% 14.4M=0.2s

2017-01-30 05:38:25 (282 KB/s) - ‘oxfordjournals.rpd.a031586’ saved [69591/69591]

--2017-01-30 05:38:26--  http://doi.org/10.1093/oxfordjournals.rpd.a031581
Connecting to doi.org (doi.org)|208.254.38.90|:80... connected.
HTTP request sent, awaiting response... 303 See Other
Location: https://academic.oup.com/rpd/article-lookup/doi/10.1093/oxfordjournals.rpd.a031581 [following]
--2017-01-30 05:38:27--  https://academic.oup.com/rpd/article-lookup/doi/10.1093/oxfordjournals.rpd.a031581
Connecting to academic.oup.com (academic.oup.com)|173.254.190.144|:443... connected.
HTTP request sent, awaiting response... 200 OK
Length: 65495 (64K) [text/html]
Saving to: ‘oxfordjournals.rpd.a031581’

     0K .......... .......... .......... .......... .......... 78%  209K 0s
    50K .......... ...                                        100% 13.3M=0.2s

2017-01-30 05:38:30 (266 KB/s) - ‘oxfordjournals.rpd.a031581’ saved [65495/65495]

--2017-01-30 05:38:31--  http://doi.org/10.1093/oxfordjournals.rpd.a031627
Connecting to doi.org (doi.org)|208.254.38.90|:80... connected.
HTTP request sent, awaiting response... 303 See Other
Location: https://academic.oup.com/rpd/article-lookup/doi/10.1093/oxfordjournals.rpd.a031627 [following]
--2017-01-30 05:38:32--  https://academic.oup.com/rpd/article-lookup/doi/10.1093/oxfordjournals.rpd.a031627
Connecting to academic.oup.com (academic.oup.com)|173.254.190.144|:443... connected.
HTTP request sent, awaiting response... 200 OK
Length: 71182 (70K) [text/html]
Saving to: ‘oxfordjournals.rpd.a031627’

     0K .......... .......... .......... .......... .......... 71%  208K 0s
    50K .......... .........                                  100% 16.6M=0.2s

2017-01-30 05:38:36 (288 KB/s) - ‘oxfordjournals.rpd.a031627’ saved [71182/71182]

--2017-01-30 05:38:37--  http://doi.org/10.1093/oxfordjournals.rpd.a031623
Connecting to doi.org (doi.org)|208.254.38.90|:80... connected.
HTTP request sent, awaiting response... 303 See Other
Location: https://academic.oup.com/rpd/article-lookup/doi/10.1093/oxfordjournals.rpd.a031623 [following]
--2017-01-30 05:38:38--  https://academic.oup.com/rpd/article-lookup/doi/10.1093/oxfordjournals.rpd.a031623
Connecting to academic.oup.com (academic.oup.com)|173.254.190.144|:443... connected.
HTTP request sent, awaiting response... 200 OK
Length: 71738 (70K) [text/html]
Saving to: ‘oxfordjournals.rpd.a031623’

     0K .......... .......... .......... .......... .......... 71%  209K 0s
    50K .......... ..........                                 100% 9.98M=0.2s

2017-01-30 05:38:41 (290 KB/s) - ‘oxfordjournals.rpd.a031623’ saved [71738/71738]

--2017-01-30 05:38:42--  http://doi.org/10.1093/oxfordjournals.rpd.a031673
Connecting to doi.org (doi.org)|208.254.38.90|:80... connected.
HTTP request sent, awaiting response... 303 See Other
Location: https://academic.oup.com/rpd/article-lookup/doi/10.1093/oxfordjournals.rpd.a031673 [following]
--2017-01-30 05:38:44--  https://academic.oup.com/rpd/article-lookup/doi/10.1093/oxfordjournals.rpd.a031673
Connecting to academic.oup.com (academic.oup.com)|173.254.190.144|:443... connected.
HTTP request sent, awaiting response... 200 OK
Length: 69381 (68K) [text/html]
Saving to: ‘oxfordjournals.rpd.a031673’

     0K .......... .......... .......... .......... .......... 73%  209K 0s
    50K .......... .......                                    100% 16.6M=0.2s

2017-01-30 05:38:48 (282 KB/s) - ‘oxfordjournals.rpd.a031673’ saved [69381/69381]

--2017-01-30 05:38:49--  http://doi.org/10.1093/oxfordjournals.rpd.a031680
Connecting to doi.org (doi.org)|208.254.38.90|:80... connected.
HTTP request sent, awaiting response... 303 See Other
Location: https://academic.oup.com/rpd/article-lookup/doi/10.1093/oxfordjournals.rpd.a031680 [following]
--2017-01-30 05:38:51--  https://academic.oup.com/rpd/article-lookup/doi/10.1093/oxfordjournals.rpd.a031680
Connecting to academic.oup.com (academic.oup.com)|173.254.190.144|:443... connected.
HTTP request sent, awaiting response... 200 OK
Length: 74136 (72K) [text/html]
Saving to: ‘oxfordjournals.rpd.a031680’

     0K .......... .......... .......... .......... .......... 69%  208K 0s
    50K .......... .......... ..                              100% 13.3M=0.2s

2017-01-30 05:38:54 (299 KB/s) - ‘oxfordjournals.rpd.a031680’ saved [74136/74136]

--2017-01-30 05:38:55--  http://doi.org/10.1093/oxfordjournals.rpd.a031637
Connecting to doi.org (doi.org)|208.254.38.90|:80... connected.
HTTP request sent, awaiting response... 303 See Other
Location: https://academic.oup.com/rpd/article-lookup/doi/10.1093/oxfordjournals.rpd.a031637 [following]
--2017-01-30 05:38:56--  https://academic.oup.com/rpd/article-lookup/doi/10.1093/oxfordjournals.rpd.a031637
Connecting to academic.oup.com (academic.oup.com)|173.254.190.144|:443... connected.
HTTP request sent, awaiting response... 200 OK
Length: 68807 (67K) [text/html]
Saving to: ‘oxfordjournals.rpd.a031637’

     0K .......... .......... .......... .......... .......... 74%  209K 0s
    50K .......... .......                                    100% 16.6M=0.2s

2017-01-30 05:38:59 (280 KB/s) - ‘oxfordjournals.rpd.a031637’ saved [68807/68807]

--2017-01-30 05:39:00--  http://doi.org/10.1093/oxfordjournals.rpd.a031681
Connecting to doi.org (doi.org)|208.254.38.90|:80... connected.
HTTP request sent, awaiting response... 303 See Other
Location: https://academic.oup.com/rpd/article-lookup/doi/10.1093/oxfordjournals.rpd.a031681 [following]
--2017-01-30 05:39:02--  https://academic.oup.com/rpd/article-lookup/doi/10.1093/oxfordjournals.rpd.a031681
Connecting to academic.oup.com (academic.oup.com)|173.254.190.144|:443... connected.
HTTP request sent, awaiting response... 200 OK
Length: 68358 (67K) [text/html]
Saving to: ‘oxfordjournals.rpd.a031681’

     0K .......... .......... .......... .......... .......... 74%  209K 0s
    50K .......... ......                                     100% 15.0M=0.2s

2017-01-30 05:39:04 (278 KB/s) - ‘oxfordjournals.rpd.a031681’ saved [68358/68358]

--2017-01-30 05:39:05--  http://doi.org/10.1093/oxfordjournals.rpd.a031617
Connecting to doi.org (doi.org)|208.254.38.90|:80... connected.
HTTP request sent, awaiting response... 303 See Other
Location: https://academic.oup.com/rpd/article-lookup/doi/10.1093/oxfordjournals.rpd.a031617 [following]
--2017-01-30 05:39:07--  https://academic.oup.com/rpd/article-lookup/doi/10.1093/oxfordjournals.rpd.a031617
Connecting to academic.oup.com (academic.oup.com)|173.254.190.144|:443... connected.
HTTP request sent, awaiting response... 200 OK
Length: 89359 (87K) [text/html]
Saving to: ‘oxfordjournals.rpd.a031617’

     0K .......... .......... .......... .......... .......... 57%  209K 0s
    50K .......... .......... .......... .......              100%  464K=0.3s

2017-01-30 05:39:10 (273 KB/s) - ‘oxfordjournals.rpd.a031617’ saved [89359/89359]

--2017-01-30 05:39:11--  http://doi.org/10.1093/oxfordjournals.rpd.a031685
Connecting to doi.org (doi.org)|208.254.38.90|:80... connected.
HTTP request sent, awaiting response... 303 See Other
Location: https://academic.oup.com/rpd/article-lookup/doi/10.1093/oxfordjournals.rpd.a031685 [following]
--2017-01-30 05:39:12--  https://academic.oup.com/rpd/article-lookup/doi/10.1093/oxfordjournals.rpd.a031685
Connecting to academic.oup.com (academic.oup.com)|173.254.190.144|:443... connected.
HTTP request sent, awaiting response... 200 OK
Length: 72221 (71K) [text/html]
Saving to: ‘oxfordjournals.rpd.a031685’

     0K .......... .......... .......... .......... .......... 70%  207K 0s
    50K .......... ..........                                 100% 15.9M=0.2s

2017-01-30 05:39:15 (291 KB/s) - ‘oxfordjournals.rpd.a031685’ saved [72221/72221]

--2017-01-30 05:39:16--  http://doi.org/10.1093/oxfordjournals.rpd.a031663
Connecting to doi.org (doi.org)|208.254.38.90|:80... connected.
HTTP request sent, awaiting response... 303 See Other
Location: https://academic.oup.com/rpd/article-lookup/doi/10.1093/oxfordjournals.rpd.a031663 [following]
--2017-01-30 05:39:17--  https://academic.oup.com/rpd/article-lookup/doi/10.1093/oxfordjournals.rpd.a031663
Connecting to academic.oup.com (academic.oup.com)|173.254.190.144|:443... connected.
HTTP request sent, awaiting response... 200 OK
Length: 72541 (71K) [text/html]
Saving to: ‘oxfordjournals.rpd.a031663’

     0K .......... .......... .......... .......... .......... 70%  209K 0s
    50K .......... ..........                                 100% 16.3M=0.2s

2017-01-30 05:39:20 (295 KB/s) - ‘oxfordjournals.rpd.a031663’ saved [72541/72541]

--2017-01-30 05:39:21--  http://doi.org/10.1093/oxfordjournals.rpd.a031630
Connecting to doi.org (doi.org)|208.254.38.90|:80... connected.
HTTP request sent, awaiting response... 303 See Other
Location: https://academic.oup.com/rpd/article-lookup/doi/10.1093/oxfordjournals.rpd.a031630 [following]
--2017-01-30 05:39:22--  https://academic.oup.com/rpd/article-lookup/doi/10.1093/oxfordjournals.rpd.a031630
Connecting to academic.oup.com (academic.oup.com)|173.254.190.144|:443... connected.
HTTP request sent, awaiting response... 200 OK
Length: 75195 (73K) [text/html]
Saving to: ‘oxfordjournals.rpd.a031630’

     0K .......... .......... .......... .......... .......... 68%  209K 0s
    50K .......... .......... ...                             100% 13.8M=0.2s

2017-01-30 05:39:25 (305 KB/s) - ‘oxfordjournals.rpd.a031630’ saved [75195/75195]

--2017-01-30 05:39:26--  http://doi.org/10.1093/oxfordjournals.rpd.a031659
Connecting to doi.org (doi.org)|208.254.38.90|:80... connected.
HTTP request sent, awaiting response... 303 See Other
Location: https://academic.oup.com/rpd/article-lookup/doi/10.1093/oxfordjournals.rpd.a031659 [following]
--2017-01-30 05:39:28--  https://academic.oup.com/rpd/article-lookup/doi/10.1093/oxfordjournals.rpd.a031659
Connecting to academic.oup.com (academic.oup.com)|173.254.190.144|:443... connected.
HTTP request sent, awaiting response... 200 OK
Length: 73084 (71K) [text/html]
Saving to: ‘oxfordjournals.rpd.a031659’

     0K .......... .......... .......... .......... .......... 70%  209K 0s
    50K .......... .......... .                               100% 14.2M=0.2s

2017-01-30 05:39:31 (296 KB/s) - ‘oxfordjournals.rpd.a031659’ saved [73084/73084]

--2017-01-30 05:39:32--  http://doi.org/10.1093/oxfordjournals.rpd.a031690
Connecting to doi.org (doi.org)|208.254.38.90|:80... connected.
HTTP request sent, awaiting response... 303 See Other
Location: https://academic.oup.com/rpd/article-lookup/doi/10.1093/oxfordjournals.rpd.a031690 [following]
--2017-01-30 05:39:33--  https://academic.oup.com/rpd/article-lookup/doi/10.1093/oxfordjournals.rpd.a031690
Connecting to academic.oup.com (academic.oup.com)|173.254.190.144|:443... connected.
HTTP request sent, awaiting response... 200 OK
Length: 86651 (85K) [text/html]
Saving to: ‘oxfordjournals.rpd.a031690’

     0K .......... .......... .......... .......... .......... 59%  209K 0s
    50K .......... .......... .......... ....                 100% 10.1M=0.2s

2017-01-30 05:39:37 (349 KB/s) - ‘oxfordjournals.rpd.a031690’ saved [86651/86651]

--2017-01-30 05:39:38--  http://doi.org/10.1093/oxfordjournals.rpd.a031599
Connecting to doi.org (doi.org)|208.254.38.90|:80... connected.
HTTP request sent, awaiting response... 303 See Other
Location: https://academic.oup.com/rpd/article-lookup/doi/10.1093/oxfordjournals.rpd.a031599 [following]
--2017-01-30 05:39:39--  https://academic.oup.com/rpd/article-lookup/doi/10.1093/oxfordjournals.rpd.a031599
Connecting to academic.oup.com (academic.oup.com)|173.254.190.144|:443... connected.
HTTP request sent, awaiting response... 200 OK
Length: 71021 (69K) [text/html]
Saving to: ‘oxfordjournals.rpd.a031599’

     0K .......... .......... .......... .......... .......... 72%  209K 0s
    50K .......... .........                                  100% 15.8M=0.2s

2017-01-30 05:39:43 (288 KB/s) - ‘oxfordjournals.rpd.a031599’ saved [71021/71021]

--2017-01-30 05:39:44--  http://doi.org/10.1093/oxfordjournals.rpd.a031654
Connecting to doi.org (doi.org)|208.254.38.90|:80... connected.
HTTP request sent, awaiting response... 303 See Other
Location: https://academic.oup.com/rpd/article-lookup/doi/10.1093/oxfordjournals.rpd.a031654 [following]
--2017-01-30 05:39:45--  https://academic.oup.com/rpd/article-lookup/doi/10.1093/oxfordjournals.rpd.a031654
Connecting to academic.oup.com (academic.oup.com)|173.254.190.144|:443... connected.
HTTP request sent, awaiting response... 200 OK
Length: 71199 (70K) [text/html]
Saving to: ‘oxfordjournals.rpd.a031654’

     0K .......... .......... .......... .......... .......... 71%  208K 0s
    50K .......... .........                                  100% 16.7M=0.2s

2017-01-30 05:39:49 (288 KB/s) - ‘oxfordjournals.rpd.a031654’ saved [71199/71199]

--2017-01-30 05:39:50--  http://doi.org/10.1093/oxfordjournals.rpd.a031649
Connecting to doi.org (doi.org)|208.254.38.90|:80... connected.
HTTP request sent, awaiting response... 303 See Other
Location: https://academic.oup.com/rpd/article-lookup/doi/10.1093/oxfordjournals.rpd.a031649 [following]
--2017-01-30 05:39:51--  https://academic.oup.com/rpd/article-lookup/doi/10.1093/oxfordjournals.rpd.a031649
Connecting to academic.oup.com (academic.oup.com)|173.254.190.144|:443... connected.
HTTP request sent, awaiting response... 200 OK
Length: 85505 (84K) [text/html]
Saving to: ‘oxfordjournals.rpd.a031649’

     0K .......... .......... .......... .......... .......... 59%  208K 0s
    50K .......... .......... .......... ...                  100% 12.0M=0.2s

2017-01-30 05:39:55 (344 KB/s) - ‘oxfordjournals.rpd.a031649’ saved [85505/85505]

FINISHED --2017-01-30 05:39:55--
Total wall clock time: 9m 29s
Downloaded: 100 files, 7.0M in 24s (293 KB/s)
