--2017-02-02 19:28:10--  http://doi.org/10.1093/ajh/hpw198
Resolving doi.org (doi.org)... 208.254.38.90, 38.100.138.163, 63.123.152.248, ...
Connecting to doi.org (doi.org)|208.254.38.90|:80... connected.
HTTP request sent, awaiting response... 303 See Other
Location: http://ajh.oxfordjournals.org/lookup/doi/10.1093/ajh/hpw198 [following]
--2017-02-02 19:28:11--  http://ajh.oxfordjournals.org/lookup/doi/10.1093/ajh/hpw198
Resolving ajh.oxfordjournals.org (ajh.oxfordjournals.org)... 209.135.222.209
Connecting to ajh.oxfordjournals.org (ajh.oxfordjournals.org)|209.135.222.209|:80... connected.
HTTP request sent, awaiting response... 301 Moved Permanently
Cookie coming from ajh.oxfordjournals.org attempted to set domain to academic.oup.com
Location: https://academic.oup.com/ajh/article/doi/10.1093/ajh/hpw198/2884418/Response-to-Letter-to-the-Editor-entitled [following]
--2017-02-02 19:28:12--  https://academic.oup.com/ajh/article/doi/10.1093/ajh/hpw198/2884418/Response-to-Letter-to-the-Editor-entitled
Resolving academic.oup.com (academic.oup.com)... 173.254.190.144
Connecting to academic.oup.com (academic.oup.com)|173.254.190.144|:443... connected.
HTTP request sent, awaiting response... 200 OK
Length: 120665 (118K) [text/html]
Saving to: ‘hpw198’

     0K .......... .......... .......... .......... .......... 42%  209K 0s
    50K .......... .......... .......... .......... .......... 84%  609K 0s
   100K .......... .......                                    100% 9.18M=0.3s

2017-02-02 19:28:16 (365 KB/s) - ‘hpw198’ saved [120665/120665]

--2017-02-02 19:28:17--  http://doi.org/10.1093/ajh/hpw144
Connecting to doi.org (doi.org)|208.254.38.90|:80... connected.
HTTP request sent, awaiting response... 303 See Other
Location: http://ajh.oxfordjournals.org/lookup/doi/10.1093/ajh/hpw144 [following]
--2017-02-02 19:28:18--  http://ajh.oxfordjournals.org/lookup/doi/10.1093/ajh/hpw144
Connecting to ajh.oxfordjournals.org (ajh.oxfordjournals.org)|209.135.222.209|:80... connected.
HTTP request sent, awaiting response... 301 Moved Permanently
Cookie coming from ajh.oxfordjournals.org attempted to set domain to academic.oup.com
Location: https://academic.oup.com/ajh/article/doi/10.1093/ajh/hpw144/2870259/Hemodynamic-Determinants-of-the-Short-Term-Blood [following]
--2017-02-02 19:28:19--  https://academic.oup.com/ajh/article/doi/10.1093/ajh/hpw144/2870259/Hemodynamic-Determinants-of-the-Short-Term-Blood
Connecting to academic.oup.com (academic.oup.com)|173.254.190.144|:443... connected.
HTTP request sent, awaiting response... 200 OK
Length: 280570 (274K) [text/html]
Saving to: ‘hpw144’

     0K .......... .......... .......... .......... .......... 18%  209K 1s
    50K .......... .......... .......... .......... .......... 36%  607K 1s
   100K .......... .......... .......... .......... .......... 54%  608K 0s
   150K .......... .......... .......... .......... .......... 72%  427K 0s
   200K .......... .......... .......... .......... .......... 91%  404K 0s
   250K .......... .......... ...                             100% 10.0M=0.6s

2017-02-02 19:28:24 (423 KB/s) - ‘hpw144’ saved [280570/280570]

--2017-02-02 19:28:25--  http://doi.org/10.1093/ajh/hpw169
Connecting to doi.org (doi.org)|208.254.38.90|:80... connected.
HTTP request sent, awaiting response... 303 See Other
Location: http://ajh.oxfordjournals.org/lookup/doi/10.1093/ajh/hpw169 [following]
--2017-02-02 19:28:26--  http://ajh.oxfordjournals.org/lookup/doi/10.1093/ajh/hpw169
Connecting to ajh.oxfordjournals.org (ajh.oxfordjournals.org)|209.135.222.209|:80... connected.
HTTP request sent, awaiting response... 301 Moved Permanently
Cookie coming from ajh.oxfordjournals.org attempted to set domain to academic.oup.com
Location: https://academic.oup.com/ajh/article/doi/10.1093/ajh/hpw169/2870264/Association-of-Household-Wealth-Index-Educational [following]
--2017-02-02 19:28:27--  https://academic.oup.com/ajh/article/doi/10.1093/ajh/hpw169/2870264/Association-of-Household-Wealth-Index-Educational
Connecting to academic.oup.com (academic.oup.com)|173.254.190.144|:443... connected.
HTTP request sent, awaiting response... 200 OK
Length: 314158 (307K) [text/html]
Saving to: ‘hpw169’

     0K .......... .......... .......... .......... .......... 16%  240K 1s
    50K .......... .......... .......... .......... .......... 32%  314K 1s
   100K .......... .......... .......... .......... .......... 48%  608K 0s
   150K .......... .......... .......... .......... .......... 65%  603K 0s
   200K .......... .......... .......... .......... .......... 81%  312K 0s
   250K .......... .......... .......... .......... .......... 97%  606K 0s
   300K ......                                                100% 19.0M=0.8s

2017-02-02 19:28:32 (395 KB/s) - ‘hpw169’ saved [314158/314158]

--2017-02-02 19:28:33--  http://doi.org/10.1093/ajh/hpw168
Connecting to doi.org (doi.org)|208.254.38.90|:80... connected.
HTTP request sent, awaiting response... 303 See Other
Location: http://ajh.oxfordjournals.org/lookup/doi/10.1093/ajh/hpw168 [following]
--2017-02-02 19:28:34--  http://ajh.oxfordjournals.org/lookup/doi/10.1093/ajh/hpw168
Connecting to ajh.oxfordjournals.org (ajh.oxfordjournals.org)|209.135.222.209|:80... connected.
HTTP request sent, awaiting response... 301 Moved Permanently
Cookie coming from ajh.oxfordjournals.org attempted to set domain to academic.oup.com
Location: https://academic.oup.com/ajh/article/doi/10.1093/ajh/hpw168/2870263/Long-Term-Exposure-to-NO2-and-Ozone-and [following]
--2017-02-02 19:28:36--  https://academic.oup.com/ajh/article/doi/10.1093/ajh/hpw168/2870263/Long-Term-Exposure-to-NO2-and-Ozone-and
Connecting to academic.oup.com (academic.oup.com)|173.254.190.144|:443... connected.
HTTP request sent, awaiting response... 200 OK
Length: 256892 (251K) [text/html]
Saving to: ‘hpw168’

     0K .......... .......... .......... .......... .......... 19%  209K 1s
    50K .......... .......... .......... .......... .......... 39%  603K 0s
   100K .......... .......... .......... .......... .......... 59%  612K 0s
   150K .......... .......... .......... .......... .......... 79%  421K 0s
   200K .......... .......... .......... .......... .......... 99%  607K 0s
   250K                                                       100% 1661G=0.6s

2017-02-02 19:28:40 (415 KB/s) - ‘hpw168’ saved [256892/256892]

--2017-02-02 19:28:41--  http://doi.org/10.1093/ajh/hpw196
Connecting to doi.org (doi.org)|208.254.38.90|:80... connected.
HTTP request sent, awaiting response... 303 See Other
Location: http://ajh.oxfordjournals.org/lookup/doi/10.1093/ajh/hpw196 [following]
--2017-02-02 19:28:43--  http://ajh.oxfordjournals.org/lookup/doi/10.1093/ajh/hpw196
Connecting to ajh.oxfordjournals.org (ajh.oxfordjournals.org)|209.135.222.209|:80... connected.
HTTP request sent, awaiting response... 301 Moved Permanently
Cookie coming from ajh.oxfordjournals.org attempted to set domain to academic.oup.com
Location: https://academic.oup.com/ajh/article/doi/10.1093/ajh/hpw196/2884413/BclI-Glucocorticoid-Receptor-Polymorphism-in [following]
--2017-02-02 19:28:44--  https://academic.oup.com/ajh/article/doi/10.1093/ajh/hpw196/2884413/BclI-Glucocorticoid-Receptor-Polymorphism-in
Connecting to academic.oup.com (academic.oup.com)|173.254.190.144|:443... connected.
HTTP request sent, awaiting response... 200 OK
Length: 307466 (300K) [text/html]
Saving to: ‘hpw196’

     0K .......... .......... .......... .......... .......... 16%  209K 1s
    50K .......... .......... .......... .......... .......... 33%  609K 1s
   100K .......... .......... .......... .......... .......... 49%  594K 0s
   150K .......... .......... .......... .......... .......... 66%  603K 0s
   200K .......... .......... .......... .......... .......... 83%  307K 0s
   250K .......... .......... .......... .......... .......... 99%  594K 0s
   300K                                                       100%  495G=0.7s

2017-02-02 19:28:51 (408 KB/s) - ‘hpw196’ saved [307466/307466]

--2017-02-02 19:28:52--  http://doi.org/10.1093/ajh/hpw159
Connecting to doi.org (doi.org)|208.254.38.90|:80... connected.
HTTP request sent, awaiting response... 303 See Other
Location: http://ajh.oxfordjournals.org/lookup/doi/10.1093/ajh/hpw159 [following]
--2017-02-02 19:28:53--  http://ajh.oxfordjournals.org/lookup/doi/10.1093/ajh/hpw159
Connecting to ajh.oxfordjournals.org (ajh.oxfordjournals.org)|209.135.222.209|:80... connected.
HTTP request sent, awaiting response... 301 Moved Permanently
Cookie coming from ajh.oxfordjournals.org attempted to set domain to academic.oup.com
Location: https://academic.oup.com/ajh/article/doi/10.1093/ajh/hpw159/2870260/Uric-Acid-and-New-Onset-Left-Ventricular [following]
--2017-02-02 19:28:54--  https://academic.oup.com/ajh/article/doi/10.1093/ajh/hpw159/2870260/Uric-Acid-and-New-Onset-Left-Ventricular
Connecting to academic.oup.com (academic.oup.com)|173.254.190.144|:443... connected.
HTTP request sent, awaiting response... 400 Bad Request
2017-02-02 19:28:56 ERROR 400: Bad Request.

--2017-02-02 19:28:57--  http://doi.org/10.1093/ajh/hpw162
Connecting to doi.org (doi.org)|208.254.38.90|:80... connected.
HTTP request sent, awaiting response... 303 See Other
Location: http://ajh.oxfordjournals.org/lookup/doi/10.1093/ajh/hpw162 [following]
--2017-02-02 19:28:58--  http://ajh.oxfordjournals.org/lookup/doi/10.1093/ajh/hpw162
Connecting to ajh.oxfordjournals.org (ajh.oxfordjournals.org)|209.135.222.209|:80... connected.
HTTP request sent, awaiting response... 301 Moved Permanently
Cookie coming from ajh.oxfordjournals.org attempted to set domain to academic.oup.com
Location: https://academic.oup.com/ajh/article/doi/10.1093/ajh/hpw162/2870262/Oxidative-Stress-Participates-in-the-Associations [following]
--2017-02-02 19:28:59--  https://academic.oup.com/ajh/article/doi/10.1093/ajh/hpw162/2870262/Oxidative-Stress-Participates-in-the-Associations
Connecting to academic.oup.com (academic.oup.com)|173.254.190.144|:443... connected.
HTTP request sent, awaiting response... 200 OK
Length: 84525 (83K) [text/html]
Saving to: ‘hpw162’

     0K .......... .......... .......... .......... .......... 60%  209K 0s
    50K .......... .......... .......... ..                   100% 11.4M=0.2s

2017-02-02 19:29:03 (341 KB/s) - ‘hpw162’ saved [84525/84525]

--2017-02-02 19:29:04--  http://doi.org/10.1093/ajh/hpw195
Connecting to doi.org (doi.org)|208.254.38.90|:80... connected.
HTTP request sent, awaiting response... 303 See Other
Location: http://ajh.oxfordjournals.org/lookup/doi/10.1093/ajh/hpw195 [following]
--2017-02-02 19:29:05--  http://ajh.oxfordjournals.org/lookup/doi/10.1093/ajh/hpw195
Connecting to ajh.oxfordjournals.org (ajh.oxfordjournals.org)|209.135.222.209|:80... connected.
HTTP request sent, awaiting response... 301 Moved Permanently
Cookie coming from ajh.oxfordjournals.org attempted to set domain to academic.oup.com
Location: https://academic.oup.com/ajh/article/doi/10.1093/ajh/hpw195/2870265/Uric-Acid-and-Left-Ventricular-Hypertrophy-A [following]
--2017-02-02 19:29:06--  https://academic.oup.com/ajh/article/doi/10.1093/ajh/hpw195/2870265/Uric-Acid-and-Left-Ventricular-Hypertrophy-A
Connecting to academic.oup.com (academic.oup.com)|173.254.190.144|:443... connected.
HTTP request sent, awaiting response... 200 OK
Length: 177685 (174K) [text/html]
Saving to: ‘hpw195’

     0K .......... .......... .......... .......... .......... 28%  209K 1s
    50K .......... .......... .......... .......... .......... 57%  607K 0s
   100K .......... .......... .......... .......... .......... 86%  608K 0s
   150K .......... .......... ...                             100%  297K=0.5s

2017-02-02 19:29:14 (359 KB/s) - ‘hpw195’ saved [177685/177685]

--2017-02-02 19:29:15--  http://doi.org/10.1093/ajh/hpw160
Connecting to doi.org (doi.org)|208.254.38.90|:80... connected.
HTTP request sent, awaiting response... 303 See Other
Location: http://ajh.oxfordjournals.org/lookup/doi/10.1093/ajh/hpw160 [following]
--2017-02-02 19:29:16--  http://ajh.oxfordjournals.org/lookup/doi/10.1093/ajh/hpw160
Connecting to ajh.oxfordjournals.org (ajh.oxfordjournals.org)|209.135.222.209|:80... connected.
HTTP request sent, awaiting response... 301 Moved Permanently
Cookie coming from ajh.oxfordjournals.org attempted to set domain to academic.oup.com
Location: https://academic.oup.com/ajh/article/doi/10.1093/ajh/hpw160/2870261/Hemodynamic-Biomarker-Initiated-Anticipation [following]
--2017-02-02 19:29:18--  https://academic.oup.com/ajh/article/doi/10.1093/ajh/hpw160/2870261/Hemodynamic-Biomarker-Initiated-Anticipation
Connecting to academic.oup.com (academic.oup.com)|173.254.190.144|:443... connected.
HTTP request sent, awaiting response... 200 OK
Length: 139890 (137K) [text/html]
Saving to: ‘hpw160’

     0K .......... .......... .......... .......... .......... 36%  209K 0s
    50K .......... .......... .......... .......... .......... 73%  607K 0s
   100K .......... .......... .......... ......               100%  456K=0.4s

2017-02-02 19:29:22 (340 KB/s) - ‘hpw160’ saved [139890/139890]

--2017-02-02 19:29:23--  http://doi.org/10.1093/ajh/hpw156
Connecting to doi.org (doi.org)|208.254.38.90|:80... connected.
HTTP request sent, awaiting response... 303 See Other
Location: http://ajh.oxfordjournals.org/lookup/doi/10.1093/ajh/hpw156 [following]
--2017-02-02 19:29:24--  http://ajh.oxfordjournals.org/lookup/doi/10.1093/ajh/hpw156
Connecting to ajh.oxfordjournals.org (ajh.oxfordjournals.org)|209.135.222.209|:80... connected.
HTTP request sent, awaiting response... 301 Moved Permanently
Cookie coming from ajh.oxfordjournals.org attempted to set domain to academic.oup.com
Location: https://academic.oup.com/ajh/article/30/2/209/2888588/Abstract-from-the-Chinese-Journal-of-Hypertension [following]
--2017-02-02 19:29:26--  https://academic.oup.com/ajh/article/30/2/209/2888588/Abstract-from-the-Chinese-Journal-of-Hypertension
Connecting to academic.oup.com (academic.oup.com)|173.254.190.144|:443... connected.
HTTP request sent, awaiting response... 200 OK
Length: 71293 (70K) [text/html]
Saving to: ‘hpw156’

     0K .......... .......... .......... .......... .......... 71%  208K 0s
    50K .......... .........                                  100% 15.8M=0.2s

2017-02-02 19:29:30 (288 KB/s) - ‘hpw156’ saved [71293/71293]

--2017-02-02 19:29:31--  http://doi.org/10.1093/ajh/hpw174
Connecting to doi.org (doi.org)|208.254.38.90|:80... connected.
HTTP request sent, awaiting response... 303 See Other
Location: http://ajh.oxfordjournals.org/lookup/doi/10.1093/ajh/hpw174 [following]
--2017-02-02 19:29:32--  http://ajh.oxfordjournals.org/lookup/doi/10.1093/ajh/hpw174
Connecting to ajh.oxfordjournals.org (ajh.oxfordjournals.org)|209.135.222.209|:80... connected.
HTTP request sent, awaiting response... 301 Moved Permanently
Cookie coming from ajh.oxfordjournals.org attempted to set domain to academic.oup.com
Location: https://academic.oup.com/ajh/article/30/2/NP/2888591/Subscriptions [following]
--2017-02-02 19:29:34--  https://academic.oup.com/ajh/article/30/2/NP/2888591/Subscriptions
Connecting to academic.oup.com (academic.oup.com)|173.254.190.144|:443... connected.
HTTP request sent, awaiting response... 200 OK
Length: 64724 (63K) [text/html]
Saving to: ‘hpw174’

     0K .......... .......... .......... .......... .......... 79%  208K 0s
    50K .......... ...                                        100% 12.5M=0.2s

2017-02-02 19:29:39 (262 KB/s) - ‘hpw174’ saved [64724/64724]

--2017-02-02 19:29:40--  http://doi.org/10.1093/ajh/hpw173
Connecting to doi.org (doi.org)|208.254.38.90|:80... connected.
HTTP request sent, awaiting response... 303 See Other
Location: http://ajh.oxfordjournals.org/lookup/doi/10.1093/ajh/hpw173 [following]
--2017-02-02 19:29:41--  http://ajh.oxfordjournals.org/lookup/doi/10.1093/ajh/hpw173
Connecting to ajh.oxfordjournals.org (ajh.oxfordjournals.org)|209.135.222.209|:80... connected.
HTTP request sent, awaiting response... 301 Moved Permanently
Cookie coming from ajh.oxfordjournals.org attempted to set domain to academic.oup.com
Location: https://academic.oup.com/ajh/article/30/2/NP/2888590/Editorial-Board [following]
--2017-02-02 19:29:42--  https://academic.oup.com/ajh/article/30/2/NP/2888590/Editorial-Board
Connecting to academic.oup.com (academic.oup.com)|173.254.190.144|:443... connected.
HTTP request sent, awaiting response... 400 Bad Request
2017-02-02 19:29:43 ERROR 400: Bad Request.

--2017-02-02 19:29:44--  http://doi.org/10.1093/ajh/hpw155
Connecting to doi.org (doi.org)|208.254.38.90|:80... connected.
HTTP request sent, awaiting response... 303 See Other
Location: http://ajh.oxfordjournals.org/lookup/doi/10.1093/ajh/hpw155 [following]
--2017-02-02 19:29:45--  http://ajh.oxfordjournals.org/lookup/doi/10.1093/ajh/hpw155
Connecting to ajh.oxfordjournals.org (ajh.oxfordjournals.org)|209.135.222.209|:80... connected.
HTTP request sent, awaiting response... 301 Moved Permanently
Cookie coming from ajh.oxfordjournals.org attempted to set domain to academic.oup.com
Location: https://academic.oup.com/ajh/article/30/2/209/2888587/Abstract-from-the-Chinese-Journal-of-Hypertension [following]
--2017-02-02 19:29:46--  https://academic.oup.com/ajh/article/30/2/209/2888587/Abstract-from-the-Chinese-Journal-of-Hypertension
Connecting to academic.oup.com (academic.oup.com)|173.254.190.144|:443... connected.
HTTP request sent, awaiting response... 200 OK
Length: 71452 (70K) [text/html]
Saving to: ‘hpw155’

     0K .......... .......... .......... .......... .......... 71%  209K 0s
    50K .......... .........                                  100% 14.0M=0.2s

2017-02-02 19:29:51 (290 KB/s) - ‘hpw155’ saved [71452/71452]

--2017-02-02 19:29:52--  http://doi.org/10.1093/ajh/hpw152
Connecting to doi.org (doi.org)|208.254.38.90|:80... connected.
HTTP request sent, awaiting response... 303 See Other
Location: https://academic.oup.com/ajh/article-lookup/doi/10.1093/ajh/hpw152 [following]
--2017-02-02 19:29:53--  https://academic.oup.com/ajh/article-lookup/doi/10.1093/ajh/hpw152
Connecting to academic.oup.com (academic.oup.com)|173.254.190.144|:443... connected.
HTTP request sent, awaiting response... 200 OK
Length: 182249 (178K) [text/html]
Saving to: ‘hpw152’

     0K .......... .......... .......... .......... .......... 28%  208K 1s
    50K .......... .......... .......... .......... .......... 56%  600K 0s
   100K .......... .......... .......... .......... .......... 84%  611K 0s
   150K .......... .......... .......                         100%  351K=0.5s

2017-02-02 19:29:57 (367 KB/s) - ‘hpw152’ saved [182249/182249]

--2017-02-02 19:29:58--  http://doi.org/10.1093/ajh/hpw165
Connecting to doi.org (doi.org)|208.254.38.90|:80... connected.
HTTP request sent, awaiting response... 303 See Other
Location: http://ajh.oxfordjournals.org/lookup/doi/10.1093/ajh/hpw165 [following]
--2017-02-02 19:29:59--  http://ajh.oxfordjournals.org/lookup/doi/10.1093/ajh/hpw165
Connecting to ajh.oxfordjournals.org (ajh.oxfordjournals.org)|209.135.222.209|:80... connected.
HTTP request sent, awaiting response... 301 Moved Permanently
Cookie coming from ajh.oxfordjournals.org attempted to set domain to academic.oup.com
Location: https://academic.oup.com/ajh/article/doi/10.1093/ajh/hpw165/2835699/Maternal-Blood-Pressure-Before-Pregnancy-and-Sex [following]
--2017-02-02 19:30:01--  https://academic.oup.com/ajh/article/doi/10.1093/ajh/hpw165/2835699/Maternal-Blood-Pressure-Before-Pregnancy-and-Sex
Connecting to academic.oup.com (academic.oup.com)|173.254.190.144|:443... connected.
HTTP request sent, awaiting response... 200 OK
Length: 213005 (208K) [text/html]
Saving to: ‘hpw165’

     0K .......... .......... .......... .......... .......... 24%  202K 1s
    50K .......... .......... .......... .......... .......... 48%  572K 0s
   100K .......... .......... .......... .......... .......... 72%  609K 0s
   150K .......... .......... .......... .......... .......... 96%  595K 0s
   200K ........                                              100% 15.4M=0.5s

2017-02-02 19:30:09 (415 KB/s) - ‘hpw165’ saved [213005/213005]

--2017-02-02 19:30:10--  http://doi.org/10.1093/ajh/hpw136
Connecting to doi.org (doi.org)|208.254.38.90|:80... connected.
HTTP request sent, awaiting response... 303 See Other
Location: https://academic.oup.com/ajh/article-lookup/doi/10.1093/ajh/hpw136 [following]
--2017-02-02 19:30:11--  https://academic.oup.com/ajh/article-lookup/doi/10.1093/ajh/hpw136
Connecting to academic.oup.com (academic.oup.com)|173.254.190.144|:443... connected.
HTTP request sent, awaiting response... 200 OK
Length: 161472 (158K) [text/html]
Saving to: ‘hpw136’

     0K .......... .......... .......... .......... .......... 31%  208K 1s
    50K .......... .......... .......... .......... .......... 63%  594K 0s
   100K .......... .......... .......... .......... .......... 95%  612K 0s
   150K .......                                               100% 44.2M=0.4s

2017-02-02 19:30:16 (387 KB/s) - ‘hpw136’ saved [161472/161472]

--2017-02-02 19:30:17--  http://doi.org/10.1093/ajh/hpw148
Connecting to doi.org (doi.org)|208.254.38.90|:80... connected.
HTTP request sent, awaiting response... 303 See Other
Location: https://academic.oup.com/ajh/article-lookup/doi/10.1093/ajh/hpw148 [following]
--2017-02-02 19:30:18--  https://academic.oup.com/ajh/article-lookup/doi/10.1093/ajh/hpw148
Connecting to academic.oup.com (academic.oup.com)|173.254.190.144|:443... connected.
HTTP request sent, awaiting response... 200 OK
Length: 469814 (459K) [text/html]
Saving to: ‘hpw148’

     0K .......... .......... .......... .......... .......... 10%  207K 2s
    50K .......... .......... .......... .......... .......... 21%  594K 1s
   100K .......... .......... .......... .......... .......... 32%  607K 1s
   150K .......... .......... .......... .......... .......... 43%  607K 1s
   200K .......... .......... .......... .......... .......... 54%  312K 1s
   250K .......... .......... .......... .......... .......... 65%  586K 0s
   300K .......... .......... .......... .......... .......... 76%  613K 0s
   350K .......... .......... .......... .......... .......... 87%  316K 0s
   400K .......... .......... .......... .......... .......... 98%  596K 0s
   450K ........                                              100% 37.8M=1.1s

2017-02-02 19:30:23 (433 KB/s) - ‘hpw148’ saved [469814/469814]

--2017-02-02 19:30:24--  http://doi.org/10.1093/ajh/hpw167
Connecting to doi.org (doi.org)|208.254.38.90|:80... connected.
HTTP request sent, awaiting response... 303 See Other
Location: https://academic.oup.com/ajh/article-lookup/doi/10.1093/ajh/hpw167 [following]
--2017-02-02 19:30:26--  https://academic.oup.com/ajh/article-lookup/doi/10.1093/ajh/hpw167
Connecting to academic.oup.com (academic.oup.com)|173.254.190.144|:443... connected.
HTTP request sent, awaiting response... 200 OK
Length: 190422 (186K) [text/html]
Saving to: ‘hpw167’

     0K .......... .......... .......... .......... .......... 26%  208K 1s
    50K .......... .......... .......... .......... .......... 53%  595K 0s
   100K .......... .......... .......... .......... .......... 80%  604K 0s
   150K .......... .......... .......... .....                100%  446K=0.5s

2017-02-02 19:30:31 (381 KB/s) - ‘hpw167’ saved [190422/190422]

--2017-02-02 19:30:32--  http://doi.org/10.1093/ajh/hpw166
Connecting to doi.org (doi.org)|208.254.38.90|:80... connected.
HTTP request sent, awaiting response... 303 See Other
Location: https://academic.oup.com/ajh/article-lookup/doi/10.1093/ajh/hpw166 [following]
--2017-02-02 19:30:33--  https://academic.oup.com/ajh/article-lookup/doi/10.1093/ajh/hpw166
Connecting to academic.oup.com (academic.oup.com)|173.254.190.144|:443... connected.
HTTP request sent, awaiting response... 200 OK
Length: 116271 (114K) [text/html]
Saving to: ‘hpw166’

     0K .......... .......... .......... .......... .......... 44%  209K 0s
    50K .......... .......... .......... .......... .......... 88%  605K 0s
   100K .......... ...                                        100% 26.1M=0.3s

2017-02-02 19:30:39 (352 KB/s) - ‘hpw166’ saved [116271/116271]

--2017-02-02 19:30:40--  http://doi.org/10.1093/ajh/hpw157
Connecting to doi.org (doi.org)|208.254.38.90|:80... connected.
HTTP request sent, awaiting response... 303 See Other
Location: https://academic.oup.com/ajh/article-lookup/doi/10.1093/ajh/hpw157 [following]
--2017-02-02 19:30:41--  https://academic.oup.com/ajh/article-lookup/doi/10.1093/ajh/hpw157
Connecting to academic.oup.com (academic.oup.com)|173.254.190.144|:443... connected.
HTTP request sent, awaiting response... 200 OK
Length: 327752 (320K) [text/html]
Saving to: ‘hpw157’

     0K .......... .......... .......... .......... .......... 15%  209K 1s
    50K .......... .......... .......... .......... .......... 31%  605K 1s
   100K .......... .......... .......... .......... .......... 46%  606K 0s
   150K .......... .......... .......... .......... .......... 62%  594K 0s
   200K .......... .......... .......... .......... .......... 78%  299K 0s
   250K .......... .......... .......... .......... .......... 93%  608K 0s
   300K .......... ..........                                 100% 11.6M=0.7s

2017-02-02 19:30:46 (433 KB/s) - ‘hpw157’ saved [327752/327752]

--2017-02-02 19:30:47--  http://doi.org/10.1093/ajh/hpx025
Connecting to doi.org (doi.org)|208.254.38.90|:80... connected.
HTTP request sent, awaiting response... 303 See Other
Location: http://fdslive.oup.com/www.oup.com/pdf/production_in_progress.pdf [following]
--2017-02-02 19:30:48--  http://fdslive.oup.com/www.oup.com/pdf/production_in_progress.pdf
Resolving fdslive.oup.com (fdslive.oup.com)... 193.67.160.201
Connecting to fdslive.oup.com (fdslive.oup.com)|193.67.160.201|:80... connected.
HTTP request sent, awaiting response... 200 OK
Length: 52438 (51K) [application/pdf]
Saving to: ‘hpx025’

     0K .......... .......... .......... .......... .......... 97% 1.17M 0s
    50K .                                                     100% 2306G=0.04s

2017-02-02 19:30:48 (1.19 MB/s) - ‘hpx025’ saved [52438/52438]

--2017-02-02 19:30:49--  http://doi.org/10.1093/ajh/hpx003
Connecting to doi.org (doi.org)|208.254.38.90|:80... connected.
HTTP request sent, awaiting response... 303 See Other
Location: http://fdslive.oup.com/www.oup.com/pdf/production_in_progress.pdf [following]
--2017-02-02 19:30:50--  http://fdslive.oup.com/www.oup.com/pdf/production_in_progress.pdf
Connecting to fdslive.oup.com (fdslive.oup.com)|193.67.160.201|:80... connected.
HTTP request sent, awaiting response... 200 OK
Length: 52438 (51K) [application/pdf]
Saving to: ‘hpx003’

     0K .......... .......... .......... .......... .......... 97% 1.28M 0s
    50K .                                                     100% 2306G=0.04s

2017-02-02 19:30:50 (1.31 MB/s) - ‘hpx003’ saved [52438/52438]

--2017-02-02 19:30:51--  http://doi.org/10.1093/ajh/hpw197
Connecting to doi.org (doi.org)|208.254.38.90|:80... connected.
HTTP request sent, awaiting response... 303 See Other
Location: http://fdslive.oup.com/www.oup.com/pdf/production_in_progress.pdf [following]
--2017-02-02 19:30:52--  http://fdslive.oup.com/www.oup.com/pdf/production_in_progress.pdf
Connecting to fdslive.oup.com (fdslive.oup.com)|193.67.160.201|:80... connected.
HTTP request sent, awaiting response... 200 OK
Length: 52438 (51K) [application/pdf]
Saving to: ‘hpw197’

     0K .......... .......... .......... .......... .......... 97% 1.13M 0s
    50K .                                                     100% 2306G=0.04s

2017-02-02 19:30:52 (1.15 MB/s) - ‘hpw197’ saved [52438/52438]

--2017-02-02 19:30:53--  http://doi.org/10.1093/ajh/hpw203
Connecting to doi.org (doi.org)|208.254.38.90|:80... connected.
HTTP request sent, awaiting response... 303 See Other
Location: http://fdslive.oup.com/www.oup.com/pdf/production_in_progress.pdf [following]
--2017-02-02 19:30:55--  http://fdslive.oup.com/www.oup.com/pdf/production_in_progress.pdf
Connecting to fdslive.oup.com (fdslive.oup.com)|193.67.160.201|:80... connected.
HTTP request sent, awaiting response... 200 OK
Length: 52438 (51K) [application/pdf]
Saving to: ‘hpw203’

     0K .......... .......... .......... .......... .......... 97% 1.16M 0s
    50K .                                                     100% 2306G=0.04s

2017-02-02 19:30:55 (1.19 MB/s) - ‘hpw203’ saved [52438/52438]

--2017-02-02 19:30:56--  http://doi.org/10.1093/ajh/hpw200
Connecting to doi.org (doi.org)|208.254.38.90|:80... connected.
HTTP request sent, awaiting response... 303 See Other
Location: http://fdslive.oup.com/www.oup.com/pdf/production_in_progress.pdf [following]
--2017-02-02 19:30:57--  http://fdslive.oup.com/www.oup.com/pdf/production_in_progress.pdf
Connecting to fdslive.oup.com (fdslive.oup.com)|193.67.160.201|:80... connected.
HTTP request sent, awaiting response... 200 OK
Length: 52438 (51K) [application/pdf]
Saving to: ‘hpw200’

     0K .......... .......... .......... .......... .......... 97% 1.16M 0s
    50K .                                                     100% 2306G=0.04s

2017-02-02 19:30:57 (1.19 MB/s) - ‘hpw200’ saved [52438/52438]

--2017-02-02 19:30:58--  http://doi.org/10.1093/ajh/hpw201
Connecting to doi.org (doi.org)|208.254.38.90|:80... connected.
HTTP request sent, awaiting response... 303 See Other
Location: http://fdslive.oup.com/www.oup.com/pdf/production_in_progress.pdf [following]
--2017-02-02 19:30:59--  http://fdslive.oup.com/www.oup.com/pdf/production_in_progress.pdf
Connecting to fdslive.oup.com (fdslive.oup.com)|193.67.160.201|:80... connected.
HTTP request sent, awaiting response... 200 OK
Length: 52438 (51K) [application/pdf]
Saving to: ‘hpw201’

     0K .......... .......... .......... .......... .......... 97% 1.17M 0s
    50K .                                                     100% 2306G=0.04s

2017-02-02 19:30:59 (1.20 MB/s) - ‘hpw201’ saved [52438/52438]

--2017-02-02 19:31:00--  http://doi.org/10.1093/ajh/hpw208
Connecting to doi.org (doi.org)|208.254.38.90|:80... connected.
HTTP request sent, awaiting response... 303 See Other
Location: http://fdslive.oup.com/www.oup.com/pdf/production_in_progress.pdf [following]
--2017-02-02 19:31:02--  http://fdslive.oup.com/www.oup.com/pdf/production_in_progress.pdf
Connecting to fdslive.oup.com (fdslive.oup.com)|193.67.160.201|:80... connected.
HTTP request sent, awaiting response... 200 OK
Length: 52438 (51K) [application/pdf]
Saving to: ‘hpw208’

     0K .......... .......... .......... .......... .......... 97% 1.29M 0s
    50K .                                                     100% 2306G=0.04s

2017-02-02 19:31:02 (1.32 MB/s) - ‘hpw208’ saved [52438/52438]

--2017-02-02 19:31:03--  http://doi.org/10.1093/ajh/hpx020
Connecting to doi.org (doi.org)|208.254.38.90|:80... connected.
HTTP request sent, awaiting response... 303 See Other
Location: http://fdslive.oup.com/www.oup.com/pdf/production_in_progress.pdf [following]
--2017-02-02 19:31:04--  http://fdslive.oup.com/www.oup.com/pdf/production_in_progress.pdf
Connecting to fdslive.oup.com (fdslive.oup.com)|193.67.160.201|:80... connected.
HTTP request sent, awaiting response... 200 OK
Length: 52438 (51K) [application/pdf]
Saving to: ‘hpx020’

     0K .......... .......... .......... .......... .......... 97% 1.29M 0s
    50K .                                                     100% 2306G=0.04s

2017-02-02 19:31:04 (1.32 MB/s) - ‘hpx020’ saved [52438/52438]

--2017-02-02 19:31:05--  http://doi.org/10.1093/ajh/hpx007
Connecting to doi.org (doi.org)|208.254.38.90|:80... connected.
HTTP request sent, awaiting response... 303 See Other
Location: http://fdslive.oup.com/www.oup.com/pdf/production_in_progress.pdf [following]
--2017-02-02 19:31:06--  http://fdslive.oup.com/www.oup.com/pdf/production_in_progress.pdf
Connecting to fdslive.oup.com (fdslive.oup.com)|193.67.160.201|:80... connected.
HTTP request sent, awaiting response... 200 OK
Length: 52438 (51K) [application/pdf]
Saving to: ‘hpx007’

     0K .......... .......... .......... .......... .......... 97% 1.15M 0s
    50K .                                                     100% 2306G=0.04s

2017-02-02 19:31:06 (1.18 MB/s) - ‘hpx007’ saved [52438/52438]

--2017-02-02 19:31:07--  http://doi.org/10.1093/ajh/hpx001
Connecting to doi.org (doi.org)|208.254.38.90|:80... connected.
HTTP request sent, awaiting response... 303 See Other
Location: http://fdslive.oup.com/www.oup.com/pdf/production_in_progress.pdf [following]
--2017-02-02 19:31:08--  http://fdslive.oup.com/www.oup.com/pdf/production_in_progress.pdf
Connecting to fdslive.oup.com (fdslive.oup.com)|193.67.160.201|:80... connected.
HTTP request sent, awaiting response... 200 OK
Length: 52438 (51K) [application/pdf]
Saving to: ‘hpx001’

     0K .......... .......... .......... .......... .......... 97% 1.29M 0s
    50K .                                                     100% 2306G=0.04s

2017-02-02 19:31:08 (1.32 MB/s) - ‘hpx001’ saved [52438/52438]

--2017-02-02 19:31:09--  http://doi.org/10.1093/ajh/hpx008
Connecting to doi.org (doi.org)|208.254.38.90|:80... connected.
HTTP request sent, awaiting response... 303 See Other
Location: http://fdslive.oup.com/www.oup.com/pdf/production_in_progress.pdf [following]
--2017-02-02 19:31:11--  http://fdslive.oup.com/www.oup.com/pdf/production_in_progress.pdf
Connecting to fdslive.oup.com (fdslive.oup.com)|193.67.160.201|:80... connected.
HTTP request sent, awaiting response... 200 OK
Length: 52438 (51K) [application/pdf]
Saving to: ‘hpx008’

     0K .......... .......... .......... .......... .......... 97% 1.17M 0s
    50K .                                                     100% 2306G=0.04s

2017-02-02 19:31:11 (1.19 MB/s) - ‘hpx008’ saved [52438/52438]

--2017-02-02 19:31:12--  http://doi.org/10.1093/ajh/hpw170
Connecting to doi.org (doi.org)|208.254.38.90|:80... connected.
HTTP request sent, awaiting response... 303 See Other
Location: http://fdslive.oup.com/www.oup.com/pdf/production_in_progress.pdf [following]
--2017-02-02 19:31:13--  http://fdslive.oup.com/www.oup.com/pdf/production_in_progress.pdf
Connecting to fdslive.oup.com (fdslive.oup.com)|193.67.160.201|:80... connected.
HTTP request sent, awaiting response... 200 OK
Length: 52438 (51K) [application/pdf]
Saving to: ‘hpw170’

     0K .......... .......... .......... .......... .......... 97% 1.27M 0s
    50K .                                                     100% 2306G=0.04s

2017-02-02 19:31:13 (1.30 MB/s) - ‘hpw170’ saved [52438/52438]

--2017-02-02 19:31:14--  http://doi.org/10.1093/ajh/hpx016
Connecting to doi.org (doi.org)|208.254.38.90|:80... connected.
HTTP request sent, awaiting response... 303 See Other
Location: http://fdslive.oup.com/www.oup.com/pdf/production_in_progress.pdf [following]
--2017-02-02 19:31:15--  http://fdslive.oup.com/www.oup.com/pdf/production_in_progress.pdf
Connecting to fdslive.oup.com (fdslive.oup.com)|193.67.160.201|:80... connected.
HTTP request sent, awaiting response... 200 OK
Length: 52438 (51K) [application/pdf]
Saving to: ‘hpx016’

     0K .......... .......... .......... .......... .......... 97% 1.13M 0s
    50K .                                                     100% 2306G=0.04s

2017-02-02 19:31:15 (1.15 MB/s) - ‘hpx016’ saved [52438/52438]

--2017-02-02 19:31:16--  http://doi.org/10.1093/ajh/hpx022
Connecting to doi.org (doi.org)|208.254.38.90|:80... connected.
HTTP request sent, awaiting response... 303 See Other
Location: http://fdslive.oup.com/www.oup.com/pdf/production_in_progress.pdf [following]
--2017-02-02 19:31:17--  http://fdslive.oup.com/www.oup.com/pdf/production_in_progress.pdf
Connecting to fdslive.oup.com (fdslive.oup.com)|193.67.160.201|:80... connected.
HTTP request sent, awaiting response... 200 OK
Length: 52438 (51K) [application/pdf]
Saving to: ‘hpx022’

     0K .......... .......... .......... .......... .......... 97% 1.01M 0s
    50K .                                                     100% 2306G=0.05s

2017-02-02 19:31:17 (1.03 MB/s) - ‘hpx022’ saved [52438/52438]

--2017-02-02 19:31:18--  http://doi.org/10.1093/ajh/hpx017
Connecting to doi.org (doi.org)|208.254.38.90|:80... connected.
HTTP request sent, awaiting response... 303 See Other
Location: http://fdslive.oup.com/www.oup.com/pdf/production_in_progress.pdf [following]
--2017-02-02 19:31:20--  http://fdslive.oup.com/www.oup.com/pdf/production_in_progress.pdf
Connecting to fdslive.oup.com (fdslive.oup.com)|193.67.160.201|:80... connected.
HTTP request sent, awaiting response... 200 OK
Length: 52438 (51K) [application/pdf]
Saving to: ‘hpx017’

     0K .......... .......... .......... .......... .......... 97%  434K 0s
    50K .                                                     100% 2306G=0.1s

2017-02-02 19:31:20 (445 KB/s) - ‘hpx017’ saved [52438/52438]

--2017-02-02 19:31:21--  http://doi.org/10.1093/ajh/hpw202
Connecting to doi.org (doi.org)|208.254.38.90|:80... connected.
HTTP request sent, awaiting response... 303 See Other
Location: http://fdslive.oup.com/www.oup.com/pdf/production_in_progress.pdf [following]
--2017-02-02 19:31:22--  http://fdslive.oup.com/www.oup.com/pdf/production_in_progress.pdf
Connecting to fdslive.oup.com (fdslive.oup.com)|193.67.160.201|:80... connected.
HTTP request sent, awaiting response... 200 OK
Length: 52438 (51K) [application/pdf]
Saving to: ‘hpw202’

     0K .......... .......... .......... .......... .......... 97% 1.17M 0s
    50K .                                                     100% 2306G=0.04s

2017-02-02 19:31:22 (1.20 MB/s) - ‘hpw202’ saved [52438/52438]

--2017-02-02 19:31:23--  http://doi.org/10.1093/ajh/hpx015
Connecting to doi.org (doi.org)|208.254.38.90|:80... connected.
HTTP request sent, awaiting response... 303 See Other
Location: http://fdslive.oup.com/www.oup.com/pdf/production_in_progress.pdf [following]
--2017-02-02 19:31:24--  http://fdslive.oup.com/www.oup.com/pdf/production_in_progress.pdf
Connecting to fdslive.oup.com (fdslive.oup.com)|193.67.160.201|:80... connected.
HTTP request sent, awaiting response... 200 OK
Length: 52438 (51K) [application/pdf]
Saving to: ‘hpx015’

     0K .......... .......... .......... .......... .......... 97% 1.23M 0s
    50K .                                                     100% 2306G=0.04s

2017-02-02 19:31:24 (1.26 MB/s) - ‘hpx015’ saved [52438/52438]

--2017-02-02 19:31:25--  http://doi.org/10.1093/ajh/hpx009
Connecting to doi.org (doi.org)|208.254.38.90|:80... connected.
HTTP request sent, awaiting response... 303 See Other
Location: http://fdslive.oup.com/www.oup.com/pdf/production_in_progress.pdf [following]
--2017-02-02 19:31:26--  http://fdslive.oup.com/www.oup.com/pdf/production_in_progress.pdf
Connecting to fdslive.oup.com (fdslive.oup.com)|193.67.160.201|:80... connected.
HTTP request sent, awaiting response... 200 OK
Length: 52438 (51K) [application/pdf]
Saving to: ‘hpx009’

     0K .......... .......... .......... .......... .......... 97% 1.27M 0s
    50K .                                                     100% 2306G=0.04s

2017-02-02 19:31:27 (1.30 MB/s) - ‘hpx009’ saved [52438/52438]

--2017-02-02 19:31:28--  http://doi.org/10.1093/ajh/hpx013
Connecting to doi.org (doi.org)|208.254.38.90|:80... connected.
HTTP request sent, awaiting response... 303 See Other
Location: http://fdslive.oup.com/www.oup.com/pdf/production_in_progress.pdf [following]
--2017-02-02 19:31:29--  http://fdslive.oup.com/www.oup.com/pdf/production_in_progress.pdf
Connecting to fdslive.oup.com (fdslive.oup.com)|193.67.160.201|:80... connected.
HTTP request sent, awaiting response... 200 OK
Length: 52438 (51K) [application/pdf]
Saving to: ‘hpx013’

     0K .......... .......... .......... .......... .......... 97% 1.26M 0s
    50K .                                                     100% 2306G=0.04s

2017-02-02 19:31:29 (1.29 MB/s) - ‘hpx013’ saved [52438/52438]

--2017-02-02 19:31:30--  http://doi.org/10.1093/ajh/hpx011
Connecting to doi.org (doi.org)|208.254.38.90|:80... connected.
HTTP request sent, awaiting response... 303 See Other
Location: http://fdslive.oup.com/www.oup.com/pdf/production_in_progress.pdf [following]
--2017-02-02 19:31:31--  http://fdslive.oup.com/www.oup.com/pdf/production_in_progress.pdf
Connecting to fdslive.oup.com (fdslive.oup.com)|193.67.160.201|:80... connected.
HTTP request sent, awaiting response... 200 OK
Length: 52438 (51K) [application/pdf]
Saving to: ‘hpx011’

     0K .......... .......... .......... .......... .......... 97% 1.12M 0s
    50K .                                                     100% 2306G=0.04s

2017-02-02 19:31:31 (1.14 MB/s) - ‘hpx011’ saved [52438/52438]

--2017-02-02 19:31:32--  http://doi.org/10.1093/ajh/hpx002
Connecting to doi.org (doi.org)|208.254.38.90|:80... connected.
HTTP request sent, awaiting response... 303 See Other
Location: http://fdslive.oup.com/www.oup.com/pdf/production_in_progress.pdf [following]
--2017-02-02 19:31:33--  http://fdslive.oup.com/www.oup.com/pdf/production_in_progress.pdf
Connecting to fdslive.oup.com (fdslive.oup.com)|193.67.160.201|:80... connected.
HTTP request sent, awaiting response... 200 OK
Length: 52438 (51K) [application/pdf]
Saving to: ‘hpx002’

     0K .......... .......... .......... .......... .......... 97% 1.29M 0s
    50K .                                                     100% 2306G=0.04s

2017-02-02 19:31:33 (1.32 MB/s) - ‘hpx002’ saved [52438/52438]

--2017-02-02 19:31:34--  http://doi.org/10.1093/ajh/hpx014
Connecting to doi.org (doi.org)|208.254.38.90|:80... connected.
HTTP request sent, awaiting response... 303 See Other
Location: http://fdslive.oup.com/www.oup.com/pdf/production_in_progress.pdf [following]
--2017-02-02 19:31:35--  http://fdslive.oup.com/www.oup.com/pdf/production_in_progress.pdf
Connecting to fdslive.oup.com (fdslive.oup.com)|193.67.160.201|:80... connected.
HTTP request sent, awaiting response... 200 OK
Length: 52438 (51K) [application/pdf]
Saving to: ‘hpx014’

     0K .......... .......... .......... .......... .......... 97% 1.06M 0s
    50K .                                                     100% 2306G=0.05s

2017-02-02 19:31:36 (1.08 MB/s) - ‘hpx014’ saved [52438/52438]

--2017-02-02 19:31:37--  http://doi.org/10.1093/ajh/hpx005
Connecting to doi.org (doi.org)|208.254.38.90|:80... connected.
HTTP request sent, awaiting response... 303 See Other
Location: http://fdslive.oup.com/www.oup.com/pdf/production_in_progress.pdf [following]
--2017-02-02 19:31:38--  http://fdslive.oup.com/www.oup.com/pdf/production_in_progress.pdf
Connecting to fdslive.oup.com (fdslive.oup.com)|193.67.160.201|:80... connected.
HTTP request sent, awaiting response... 200 OK
Length: 52438 (51K) [application/pdf]
Saving to: ‘hpx005’

     0K .......... .......... .......... .......... .......... 97% 1.29M 0s
    50K .                                                     100% 2306G=0.04s

2017-02-02 19:31:38 (1.32 MB/s) - ‘hpx005’ saved [52438/52438]

--2017-02-02 19:31:39--  http://doi.org/10.1093/ajh/hpw161
Connecting to doi.org (doi.org)|208.254.38.90|:80... connected.
HTTP request sent, awaiting response... 303 See Other
Location: https://academic.oup.com/ajh/article-lookup/doi/10.1093/ajh/hpw161 [following]
--2017-02-02 19:31:40--  https://academic.oup.com/ajh/article-lookup/doi/10.1093/ajh/hpw161
Connecting to academic.oup.com (academic.oup.com)|173.254.190.144|:443... connected.
HTTP request sent, awaiting response... 200 OK
Length: 289882 (283K) [text/html]
Saving to: ‘hpw161’

     0K .......... .......... .......... .......... .......... 17%  206K 1s
    50K .......... .......... .......... .......... .......... 35%  607K 1s
   100K .......... .......... .......... .......... .......... 52%  583K 0s
   150K .......... .......... .......... .......... .......... 70%  322K 0s
   200K .......... .......... .......... .......... .......... 88%  578K 0s
   250K .......... .......... .......... ...                  100%  434K=0.7s

2017-02-02 19:31:45 (389 KB/s) - ‘hpw161’ saved [289882/289882]

--2017-02-02 19:31:46--  http://doi.org/10.1093/ajh/hpw163
Connecting to doi.org (doi.org)|208.254.38.90|:80... connected.
HTTP request sent, awaiting response... 303 See Other
Location: https://academic.oup.com/ajh/article-lookup/doi/10.1093/ajh/hpw163 [following]
--2017-02-02 19:31:47--  https://academic.oup.com/ajh/article-lookup/doi/10.1093/ajh/hpw163
Connecting to academic.oup.com (academic.oup.com)|173.254.190.144|:443... connected.
HTTP request sent, awaiting response... 200 OK
Length: 328007 (320K) [text/html]
Saving to: ‘hpw163’

     0K .......... .......... .......... .......... .......... 15%  208K 1s
    50K .......... .......... .......... .......... .......... 31%  606K 1s
   100K .......... .......... .......... .......... .......... 46%  603K 0s
   150K .......... .......... .......... .......... .......... 62%  613K 0s
   200K .......... .......... .......... .......... .......... 78%  313K 0s
   250K .......... .......... .......... .......... .......... 93%  611K 0s
   300K .......... ..........                                 100% 5.31M=0.7s

2017-02-02 19:31:51 (437 KB/s) - ‘hpw163’ saved [328007/328007]

--2017-02-02 19:31:52--  http://doi.org/10.1093/ajh/hpw140
Connecting to doi.org (doi.org)|208.254.38.90|:80... connected.
HTTP request sent, awaiting response... 303 See Other
Location: https://academic.oup.com/ajh/article-lookup/doi/10.1093/ajh/hpw140 [following]
--2017-02-02 19:31:53--  https://academic.oup.com/ajh/article-lookup/doi/10.1093/ajh/hpw140
Connecting to academic.oup.com (academic.oup.com)|173.254.190.144|:443... connected.
HTTP request sent, awaiting response... 200 OK
Length: 162879 (159K) [text/html]
Saving to: ‘hpw140’

     0K .......... .......... .......... .......... .......... 31%  208K 1s
    50K .......... .......... .......... .......... .......... 62%  613K 0s
   100K .......... .......... .......... .......... .......... 94%  593K 0s
   150K .........                                             100% 35.7M=0.4s

2017-02-02 19:31:57 (392 KB/s) - ‘hpw140’ saved [162879/162879]

--2017-02-02 19:31:58--  http://doi.org/10.1093/ajh/hpw094
Connecting to doi.org (doi.org)|208.254.38.90|:80... connected.
HTTP request sent, awaiting response... 303 See Other
Location: https://academic.oup.com/ajh/article-lookup/doi/10.1093/ajh/hpw094 [following]
--2017-02-02 19:31:59--  https://academic.oup.com/ajh/article-lookup/doi/10.1093/ajh/hpw094
Connecting to academic.oup.com (academic.oup.com)|173.254.190.144|:443... connected.
HTTP request sent, awaiting response... 200 OK
Length: 294165 (287K) [text/html]
Saving to: ‘hpw094’

     0K .......... .......... .......... .......... .......... 17%  209K 1s
    50K .......... .......... .......... .......... .......... 34%  591K 1s
   100K .......... .......... .......... .......... .......... 52%  599K 0s
   150K .......... .......... .......... .......... .......... 69%  589K 0s
   200K .......... .......... .......... .......... .......... 87%  317K 0s
   250K .......... .......... .......... .......              100%  466K=0.7s

2017-02-02 19:32:05 (393 KB/s) - ‘hpw094’ saved [294165/294165]

--2017-02-02 19:32:06--  http://doi.org/10.1093/ajh/hpw142
Connecting to doi.org (doi.org)|208.254.38.90|:80... connected.
HTTP request sent, awaiting response... 303 See Other
Location: https://academic.oup.com/ajh/article-lookup/doi/10.1093/ajh/hpw142 [following]
--2017-02-02 19:32:07--  https://academic.oup.com/ajh/article-lookup/doi/10.1093/ajh/hpw142
Connecting to academic.oup.com (academic.oup.com)|173.254.190.144|:443... connected.
HTTP request sent, awaiting response... 200 OK
Length: 68947 (67K) [text/html]
Saving to: ‘hpw142’

     0K .......... .......... .......... .......... .......... 74%  209K 0s
    50K .......... .......                                    100% 15.8M=0.2s

2017-02-02 19:32:10 (280 KB/s) - ‘hpw142’ saved [68947/68947]

--2017-02-02 19:32:11--  http://doi.org/10.1093/ajh/hpw141
Connecting to doi.org (doi.org)|208.254.38.90|:80... connected.
HTTP request sent, awaiting response... 303 See Other
Location: https://academic.oup.com/ajh/article-lookup/doi/10.1093/ajh/hpw141 [following]
--2017-02-02 19:32:13--  https://academic.oup.com/ajh/article-lookup/doi/10.1093/ajh/hpw141
Connecting to academic.oup.com (academic.oup.com)|173.254.190.144|:443... connected.
HTTP request sent, awaiting response... 200 OK
Length: 115459 (113K) [text/html]
Saving to: ‘hpw141’

     0K .......... .......... .......... .......... .......... 44%  209K 0s
    50K .......... .......... .......... .......... .......... 88%  594K 0s
   100K .......... ..                                         100% 22.4M=0.3s

2017-02-02 19:32:17 (348 KB/s) - ‘hpw141’ saved [115459/115459]

--2017-02-02 19:32:18--  http://doi.org/10.1093/ajh/hpw177
Connecting to doi.org (doi.org)|208.254.38.90|:80... connected.
HTTP request sent, awaiting response... 303 See Other
Location: https://academic.oup.com/ajh/article-lookup/doi/10.1093/ajh/hpw177 [following]
--2017-02-02 19:32:20--  https://academic.oup.com/ajh/article-lookup/doi/10.1093/ajh/hpw177
Connecting to academic.oup.com (academic.oup.com)|173.254.190.144|:443... connected.
HTTP request sent, awaiting response... 200 OK
Length: 79797 (78K) [text/html]
Saving to: ‘hpw177’

     0K .......... .......... .......... .......... .......... 64%  209K 0s
    50K .......... .......... .......                         100% 10.8M=0.2s

2017-02-02 19:32:23 (322 KB/s) - ‘hpw177’ saved [79797/79797]

--2017-02-02 19:32:24--  http://doi.org/10.1093/ajh/hpw143
Connecting to doi.org (doi.org)|208.254.38.90|:80... connected.
HTTP request sent, awaiting response... 303 See Other
Location: https://academic.oup.com/ajh/article-lookup/doi/10.1093/ajh/hpw143 [following]
--2017-02-02 19:32:25--  https://academic.oup.com/ajh/article-lookup/doi/10.1093/ajh/hpw143
Connecting to academic.oup.com (academic.oup.com)|173.254.190.144|:443... connected.
HTTP request sent, awaiting response... 200 OK
Length: 69100 (67K) [text/html]
Saving to: ‘hpw143’

     0K .......... .......... .......... .......... .......... 74%  209K 0s
    50K .......... .......                                    100% 16.9M=0.2s

2017-02-02 19:32:28 (281 KB/s) - ‘hpw143’ saved [69100/69100]

--2017-02-02 19:32:29--  http://doi.org/10.1093/ajh/hpw178
Connecting to doi.org (doi.org)|208.254.38.90|:80... connected.
HTTP request sent, awaiting response... 303 See Other
Location: https://academic.oup.com/ajh/article-lookup/doi/10.1093/ajh/hpw178 [following]
--2017-02-02 19:32:31--  https://academic.oup.com/ajh/article-lookup/doi/10.1093/ajh/hpw178
Connecting to academic.oup.com (academic.oup.com)|173.254.190.144|:443... connected.
HTTP request sent, awaiting response... 200 OK
Length: 64709 (63K) [text/html]
Saving to: ‘hpw178’

     0K .......... .......... .......... .......... .......... 79%  208K 0s
    50K .......... ...                                        100% 14.0M=0.2s

2017-02-02 19:32:34 (262 KB/s) - ‘hpw178’ saved [64709/64709]

--2017-02-02 19:32:35--  http://doi.org/10.1093/ajh/hpw158
Connecting to doi.org (doi.org)|208.254.38.90|:80... connected.
HTTP request sent, awaiting response... 303 See Other
Location: http://ajh.oxfordjournals.org/lookup/doi/10.1093/ajh/hpw158 [following]
--2017-02-02 19:32:36--  http://ajh.oxfordjournals.org/lookup/doi/10.1093/ajh/hpw158
Connecting to ajh.oxfordjournals.org (ajh.oxfordjournals.org)|209.135.222.209|:80... connected.
HTTP request sent, awaiting response... 301 Moved Permanently
Cookie coming from ajh.oxfordjournals.org attempted to set domain to academic.oup.com
Location: https://academic.oup.com/ajh/article/30/2/110/2649199/Angiotensin-Receptor-Blocker-Protects-Alzheimer-s [following]
--2017-02-02 19:32:37--  https://academic.oup.com/ajh/article/30/2/110/2649199/Angiotensin-Receptor-Blocker-Protects-Alzheimer-s
Connecting to academic.oup.com (academic.oup.com)|173.254.190.144|:443... connected.
HTTP request sent, awaiting response... 200 OK
Length: 136788 (134K) [text/html]
Saving to: ‘hpw158’

     0K .......... .......... .......... .......... .......... 37%  206K 0s
    50K .......... .......... .......... .......... .......... 74%  611K 0s
   100K .......... .......... .......... ...                  100%  392K=0.4s

2017-02-02 19:32:43 (326 KB/s) - ‘hpw158’ saved [136788/136788]

--2017-02-02 19:32:44--  http://doi.org/10.1093/ajh/hpw137
Connecting to doi.org (doi.org)|208.254.38.90|:80... connected.
HTTP request sent, awaiting response... 303 See Other
Location: https://academic.oup.com/ajh/article-lookup/doi/10.1093/ajh/hpw137 [following]
--2017-02-02 19:32:45--  https://academic.oup.com/ajh/article-lookup/doi/10.1093/ajh/hpw137
Connecting to academic.oup.com (academic.oup.com)|173.254.190.144|:443... connected.
HTTP request sent, awaiting response... 200 OK
Length: 375164 (366K) [text/html]
Saving to: ‘hpw137’

     0K .......... .......... .......... .......... .......... 13%  309K 1s
    50K .......... .......... .......... .......... .......... 27%  312K 1s
   100K .......... .......... .......... .......... .......... 40%  600K 1s
   150K .......... .......... .......... .......... .......... 54%  316K 0s
   200K .......... .......... .......... .......... .......... 68%  580K 0s
   250K .......... .......... .......... .......... .......... 81%  610K 0s
   300K .......... .......... .......... .......... .......... 95%  315K 0s
   350K .......... ......                                     100% 2.75M=0.9s

2017-02-02 19:32:50 (409 KB/s) - ‘hpw137’ saved [375164/375164]

--2017-02-02 19:32:51--  http://doi.org/10.1093/ajh/hpw146
Connecting to doi.org (doi.org)|208.254.38.90|:80... connected.
HTTP request sent, awaiting response... 303 See Other
Location: http://ajh.oxfordjournals.org/lookup/doi/10.1093/ajh/hpw146 [following]
--2017-02-02 19:32:52--  http://ajh.oxfordjournals.org/lookup/doi/10.1093/ajh/hpw146
Connecting to ajh.oxfordjournals.org (ajh.oxfordjournals.org)|209.135.222.209|:80... connected.
HTTP request sent, awaiting response... 301 Moved Permanently
Cookie coming from ajh.oxfordjournals.org attempted to set domain to academic.oup.com
Location: https://academic.oup.com/ajh/article/30/2/196/2645522/Inactive-Matrix-Gla-Protein-and-Arterial-Stiffness [following]
--2017-02-02 19:32:53--  https://academic.oup.com/ajh/article/30/2/196/2645522/Inactive-Matrix-Gla-Protein-and-Arterial-Stiffness
Connecting to academic.oup.com (academic.oup.com)|173.254.190.144|:443... connected.
HTTP request sent, awaiting response... 200 OK
Length: 242666 (237K) [text/html]
Saving to: ‘hpw146’

     0K .......... .......... .......... .......... .......... 21%  208K 1s
    50K .......... .......... .......... .......... .......... 42%  602K 0s
   100K .......... .......... .......... .......... .......... 63%  611K 0s
   150K .......... .......... .......... .......... .......... 84%  416K 0s
   200K .......... .......... .......... ......               100%  855K=0.6s

2017-02-02 19:32:58 (417 KB/s) - ‘hpw146’ saved [242666/242666]

--2017-02-02 19:32:59--  http://doi.org/10.1093/ajh/hpw150
Connecting to doi.org (doi.org)|208.254.38.90|:80... connected.
HTTP request sent, awaiting response... 303 See Other
Location: https://academic.oup.com/ajh/article-lookup/doi/10.1093/ajh/hpw150 [following]
--2017-02-02 19:33:00--  https://academic.oup.com/ajh/article-lookup/doi/10.1093/ajh/hpw150
Connecting to academic.oup.com (academic.oup.com)|173.254.190.144|:443... connected.
HTTP request sent, awaiting response... 200 OK
Length: 270540 (264K) [text/html]
Saving to: ‘hpw150’

     0K .......... .......... .......... .......... .......... 18%  210K 1s
    50K .......... .......... .......... .......... .......... 37%  607K 1s
   100K .......... .......... .......... .......... .......... 56%  605K 0s
   150K .......... .......... .......... .......... .......... 75%  315K 0s
   200K .......... .......... .......... .......... .......... 94%  610K 0s
   250K .......... ....                                       100% 4.56M=0.6s

2017-02-02 19:33:04 (408 KB/s) - ‘hpw150’ saved [270540/270540]

--2017-02-02 19:33:05--  http://doi.org/10.1093/ajh/hpw134
Connecting to doi.org (doi.org)|208.254.38.90|:80... connected.
HTTP request sent, awaiting response... 303 See Other
Location: https://academic.oup.com/ajh/article-lookup/doi/10.1093/ajh/hpw134 [following]
--2017-02-02 19:33:06--  https://academic.oup.com/ajh/article-lookup/doi/10.1093/ajh/hpw134
Connecting to academic.oup.com (academic.oup.com)|173.254.190.144|:443... connected.
HTTP request sent, awaiting response... 200 OK
Length: 255516 (250K) [text/html]
Saving to: ‘hpw134’

     0K .......... .......... .......... .......... .......... 20%  209K 1s
    50K .......... .......... .......... .......... .......... 40%  552K 0s
   100K .......... .......... .......... .......... .......... 60%  601K 0s
   150K .......... .......... .......... .......... .......... 80%  605K 0s
   200K .......... .......... .......... .......... ......... 100%  598K=0.6s

2017-02-02 19:33:11 (431 KB/s) - ‘hpw134’ saved [255516/255516]

--2017-02-02 19:33:12--  http://doi.org/10.1093/ajh/hpw149
Connecting to doi.org (doi.org)|208.254.38.90|:80... connected.
HTTP request sent, awaiting response... 303 See Other
Location: https://academic.oup.com/ajh/article-lookup/doi/10.1093/ajh/hpw149 [following]
--2017-02-02 19:33:13--  https://academic.oup.com/ajh/article-lookup/doi/10.1093/ajh/hpw149
Connecting to academic.oup.com (academic.oup.com)|173.254.190.144|:443... connected.
HTTP request sent, awaiting response... 200 OK
Length: 264085 (258K) [text/html]
Saving to: ‘hpw149’

     0K .......... .......... .......... .......... .......... 19%  208K 1s
    50K .......... .......... .......... .......... .......... 38%  611K 1s
   100K .......... .......... .......... .......... .......... 58%  594K 0s
   150K .......... .......... .......... .......... .......... 77%  316K 0s
   200K .......... .......... .......... .......... .......... 96%  575K 0s
   250K .......                                               100% 36.0M=0.7s

2017-02-02 19:33:18 (396 KB/s) - ‘hpw149’ saved [264085/264085]

--2017-02-02 19:33:19--  http://doi.org/10.1093/ajh/hpw135
Connecting to doi.org (doi.org)|208.254.38.90|:80... connected.
HTTP request sent, awaiting response... 303 See Other
Location: http://ajh.oxfordjournals.org/lookup/doi/10.1093/ajh/hpw135 [following]
--2017-02-02 19:33:20--  http://ajh.oxfordjournals.org/lookup/doi/10.1093/ajh/hpw135
Connecting to ajh.oxfordjournals.org (ajh.oxfordjournals.org)|209.135.222.209|:80... connected.
HTTP request sent, awaiting response... 301 Moved Permanently
Cookie coming from ajh.oxfordjournals.org attempted to set domain to academic.oup.com
Location: https://academic.oup.com/ajh/article/30/2/124/2525927/Effect-of-Vitamin-D-on-Endothelial-Function-A [following]
--2017-02-02 19:33:21--  https://academic.oup.com/ajh/article/30/2/124/2525927/Effect-of-Vitamin-D-on-Endothelial-Function-A
Connecting to academic.oup.com (academic.oup.com)|173.254.190.144|:443... connected.
HTTP request sent, awaiting response... 200 OK
Length: 247507 (242K) [text/html]
Saving to: ‘hpw135’

     0K .......... .......... .......... .......... .......... 20%  208K 1s
    50K .......... .......... .......... .......... .......... 41%  602K 0s
   100K .......... .......... .......... .......... .......... 62%  585K 0s
   150K .......... .......... .......... .......... .......... 82%  589K 0s
   200K .......... .......... .......... .......... .         100%  510K=0.6s

2017-02-02 19:33:26 (420 KB/s) - ‘hpw135’ saved [247507/247507]

--2017-02-02 19:33:27--  http://doi.org/10.1093/ajh/hpw147
Connecting to doi.org (doi.org)|208.254.38.90|:80... connected.
HTTP request sent, awaiting response... 303 See Other
Location: http://ajh.oxfordjournals.org/lookup/doi/10.1093/ajh/hpw147 [following]
--2017-02-02 19:33:28--  http://ajh.oxfordjournals.org/lookup/doi/10.1093/ajh/hpw147
Connecting to ajh.oxfordjournals.org (ajh.oxfordjournals.org)|209.135.222.209|:80... connected.
HTTP request sent, awaiting response... 301 Moved Permanently
Cookie coming from ajh.oxfordjournals.org attempted to set domain to academic.oup.com
Location: https://academic.oup.com/ajh/article/30/2/130/2525928/Polymorphisms-of-Leptin-G2548A-and-Leptin-Receptor [following]
--2017-02-02 19:33:29--  https://academic.oup.com/ajh/article/30/2/130/2525928/Polymorphisms-of-Leptin-G2548A-and-Leptin-Receptor
Connecting to academic.oup.com (academic.oup.com)|173.254.190.144|:443... connected.
HTTP request sent, awaiting response... 200 OK
Length: 283377 (277K) [text/html]
Saving to: ‘hpw147’

     0K .......... .......... .......... .......... .......... 18%  209K 1s
    50K .......... .......... .......... .......... .......... 36%  587K 1s
   100K .......... .......... .......... .......... .......... 54%  583K 0s
   150K .......... .......... .......... .......... .......... 72%  606K 0s
   200K .......... .......... .......... .......... .......... 90%  310K 0s
   250K .......... .......... ......                          100% 10.1M=0.7s

2017-02-02 19:33:34 (421 KB/s) - ‘hpw147’ saved [283377/283377]

--2017-02-02 19:33:35--  http://doi.org/10.1093/ajh/hpw123
Connecting to doi.org (doi.org)|208.254.38.90|:80... connected.
HTTP request sent, awaiting response... 303 See Other
Location: https://academic.oup.com/ajh/article-lookup/doi/10.1093/ajh/hpw123 [following]
--2017-02-02 19:33:37--  https://academic.oup.com/ajh/article-lookup/doi/10.1093/ajh/hpw123
Connecting to academic.oup.com (academic.oup.com)|173.254.190.144|:443... connected.
HTTP request sent, awaiting response... 200 OK
Length: 269519 (263K) [text/html]
Saving to: ‘hpw123’

     0K .......... .......... .......... .......... .......... 18%  209K 1s
    50K .......... .......... .......... .......... .......... 37%  607K 1s
   100K .......... .......... .......... .......... .......... 56%  605K 0s
   150K .......... .......... .......... .......... .......... 75%  318K 0s
   200K .......... .......... .......... .......... .......... 94%  592K 0s
   250K .......... ...                                        100% 11.0M=0.6s

2017-02-02 19:33:41 (407 KB/s) - ‘hpw123’ saved [269519/269519]

--2017-02-02 19:33:42--  http://doi.org/10.1093/ajh/hpw115
Connecting to doi.org (doi.org)|208.254.38.90|:80... connected.
HTTP request sent, awaiting response... 303 See Other
Location: https://academic.oup.com/ajh/article-lookup/doi/10.1093/ajh/hpw115 [following]
--2017-02-02 19:33:43--  https://academic.oup.com/ajh/article-lookup/doi/10.1093/ajh/hpw115
Connecting to academic.oup.com (academic.oup.com)|173.254.190.144|:443... connected.
HTTP request sent, awaiting response... 200 OK
Length: 163579 (160K) [text/html]
Saving to: ‘hpw115’

     0K .......... .......... .......... .......... .......... 31%  208K 1s
    50K .......... .......... .......... .......... .......... 62%  598K 0s
   100K .......... .......... .......... .......... .......... 93%  575K 0s
   150K .........                                             100% 10.9M=0.4s

2017-02-02 19:33:48 (388 KB/s) - ‘hpw115’ saved [163579/163579]

--2017-02-02 19:33:49--  http://doi.org/10.1093/ajh/hpw133
Connecting to doi.org (doi.org)|208.254.38.90|:80... connected.
HTTP request sent, awaiting response... 303 See Other
Location: https://academic.oup.com/ajh/article-lookup/doi/10.1093/ajh/hpw133 [following]
--2017-02-02 19:33:50--  https://academic.oup.com/ajh/article-lookup/doi/10.1093/ajh/hpw133
Connecting to academic.oup.com (academic.oup.com)|173.254.190.144|:443... connected.
HTTP request sent, awaiting response... 200 OK
Length: 278537 (272K) [text/html]
Saving to: ‘hpw133’

     0K .......... .......... .......... .......... .......... 18%  208K 1s
    50K .......... .......... .......... .......... .......... 36%  608K 1s
   100K .......... .......... .......... .......... .......... 55%  587K 0s
   150K .......... .......... .......... .......... .......... 73%  577K 0s
   200K .......... .......... .......... .......... .......... 91%  602K 0s
   250K .......... .......... ..                              100%  276K=0.7s

2017-02-02 19:33:54 (414 KB/s) - ‘hpw133’ saved [278537/278537]

--2017-02-02 19:33:55--  http://doi.org/10.1093/ajh/hpw145
Connecting to doi.org (doi.org)|208.254.38.90|:80... connected.
HTTP request sent, awaiting response... 303 See Other
Location: http://ajh.oxfordjournals.org/lookup/doi/10.1093/ajh/hpw145 [following]
--2017-02-02 19:33:56--  http://ajh.oxfordjournals.org/lookup/doi/10.1093/ajh/hpw145
Connecting to ajh.oxfordjournals.org (ajh.oxfordjournals.org)|209.135.222.209|:80... connected.
HTTP request sent, awaiting response... 301 Moved Permanently
Cookie coming from ajh.oxfordjournals.org attempted to set domain to academic.oup.com
Location: https://academic.oup.com/ajh/article/30/2/159/2468574/Prognostic-Value-of-Nondipping-and-Morning-Surge [following]
--2017-02-02 19:33:57--  https://academic.oup.com/ajh/article/30/2/159/2468574/Prognostic-Value-of-Nondipping-and-Morning-Surge
Connecting to academic.oup.com (academic.oup.com)|173.254.190.144|:443... connected.
HTTP request sent, awaiting response... 200 OK
Length: 283418 (277K) [text/html]
Saving to: ‘hpw145’

     0K .......... .......... .......... .......... .......... 18%  208K 1s
    50K .......... .......... .......... .......... .......... 36%  611K 1s
   100K .......... .......... .......... .......... .......... 54%  598K 0s
   150K .......... .......... .......... .......... .......... 72%  314K 0s
   200K .......... .......... .......... .......... .......... 90%  590K 0s
   250K .......... .......... ......                          100% 7.60M=0.7s

2017-02-02 19:34:03 (423 KB/s) - ‘hpw145’ saved [283418/283418]

--2017-02-02 19:34:04--  http://doi.org/10.1093/ajh/hpw130
Connecting to doi.org (doi.org)|208.254.38.90|:80... connected.
HTTP request sent, awaiting response... 303 See Other
Location: https://academic.oup.com/ajh/article-lookup/doi/10.1093/ajh/hpw130 [following]
--2017-02-02 19:34:05--  https://academic.oup.com/ajh/article-lookup/doi/10.1093/ajh/hpw130
Connecting to academic.oup.com (academic.oup.com)|173.254.190.144|:443... connected.
HTTP request sent, awaiting response... 400 Bad Request
2017-02-02 19:34:06 ERROR 400: Bad Request.

--2017-02-02 19:34:07--  http://doi.org/10.1093/ajh/hpw138
Connecting to doi.org (doi.org)|208.254.38.90|:80... connected.
HTTP request sent, awaiting response... 303 See Other
Location: http://ajh.oxfordjournals.org/lookup/doi/10.1093/ajh/hpw138 [following]
--2017-02-02 19:34:08--  http://ajh.oxfordjournals.org/lookup/doi/10.1093/ajh/hpw138
Connecting to ajh.oxfordjournals.org (ajh.oxfordjournals.org)|209.135.222.209|:80... connected.
HTTP request sent, awaiting response... 301 Moved Permanently
Cookie coming from ajh.oxfordjournals.org attempted to set domain to academic.oup.com
Location: https://academic.oup.com/ajh/article/30/2/166/2453846/Aortic-Wave-Reflection-During-Orthostatic [following]
--2017-02-02 19:34:09--  https://academic.oup.com/ajh/article/30/2/166/2453846/Aortic-Wave-Reflection-During-Orthostatic
Connecting to academic.oup.com (academic.oup.com)|173.254.190.144|:443... connected.
HTTP request sent, awaiting response... 200 OK
Length: 253475 (248K) [text/html]
Saving to: ‘hpw138’

     0K .......... .......... .......... .......... .......... 20%  209K 1s
    50K .......... .......... .......... .......... .......... 40%  589K 0s
   100K .......... .......... .......... .......... .......... 60%  611K 0s
   150K .......... .......... .......... .......... .......... 80%  593K 0s
   200K .......... .......... .......... .......... .......   100%  300K=0.6s

2017-02-02 19:34:14 (381 KB/s) - ‘hpw138’ saved [253475/253475]

--2017-02-02 19:34:15--  http://doi.org/10.1093/ajh/hpw139
Connecting to doi.org (doi.org)|208.254.38.90|:80... connected.
HTTP request sent, awaiting response... 303 See Other
Location: https://academic.oup.com/ajh/article-lookup/doi/10.1093/ajh/hpw139 [following]
--2017-02-02 19:34:16--  https://academic.oup.com/ajh/article-lookup/doi/10.1093/ajh/hpw139
Connecting to academic.oup.com (academic.oup.com)|173.254.190.144|:443... connected.
HTTP request sent, awaiting response... 200 OK
Length: 151907 (148K) [text/html]
Saving to: ‘hpw139’

     0K .......... .......... .......... .......... .......... 33%  208K 0s
    50K .......... .......... .......... .......... .......... 67%  612K 0s
   100K .......... .......... .......... .......... ........  100%  584K=0.4s

2017-02-02 19:34:21 (367 KB/s) - ‘hpw139’ saved [151907/151907]

--2017-02-02 19:34:22--  http://doi.org/10.1093/ajh/hpw129
Connecting to doi.org (doi.org)|208.254.38.90|:80... connected.
HTTP request sent, awaiting response... 303 See Other
Location: http://ajh.oxfordjournals.org/lookup/doi/10.1093/ajh/hpw129 [following]
--2017-02-02 19:34:23--  http://ajh.oxfordjournals.org/lookup/doi/10.1093/ajh/hpw129
Connecting to ajh.oxfordjournals.org (ajh.oxfordjournals.org)|209.135.222.209|:80... connected.
HTTP request sent, awaiting response... 301 Moved Permanently
Cookie coming from ajh.oxfordjournals.org attempted to set domain to academic.oup.com
Location: https://academic.oup.com/ajh/article/30/2/115/2452302/Falls-Risk-Orthostatic-Hypotension-and-Optimum [following]
--2017-02-02 19:34:24--  https://academic.oup.com/ajh/article/30/2/115/2452302/Falls-Risk-Orthostatic-Hypotension-and-Optimum
Connecting to academic.oup.com (academic.oup.com)|173.254.190.144|:443... connected.
HTTP request sent, awaiting response... 200 OK
Length: 151618 (148K) [text/html]
Saving to: ‘hpw129’

     0K .......... .......... .......... .......... .......... 33%  208K 0s
    50K .......... .......... .......... .......... .......... 67%  565K 0s
   100K .......... .......... .......... .......... ........  100%  570K=0.4s

2017-02-02 19:34:29 (358 KB/s) - ‘hpw129’ saved [151618/151618]

--2017-02-02 19:34:30--  http://doi.org/10.1093/ajh/hpw127
Connecting to doi.org (doi.org)|208.254.38.90|:80... connected.
HTTP request sent, awaiting response... 303 See Other
Location: http://ajh.oxfordjournals.org/lookup/doi/10.1093/ajh/hpw127 [following]
--2017-02-02 19:34:31--  http://ajh.oxfordjournals.org/lookup/doi/10.1093/ajh/hpw127
Connecting to ajh.oxfordjournals.org (ajh.oxfordjournals.org)|209.135.222.209|:80... connected.
HTTP request sent, awaiting response... 301 Moved Permanently
Cookie coming from ajh.oxfordjournals.org attempted to set domain to academic.oup.com
Location: https://academic.oup.com/ajh/article/30/2/202/2333821/The-Hypertension-Risk-Variant-Rs820430-Functions [following]
--2017-02-02 19:34:33--  https://academic.oup.com/ajh/article/30/2/202/2333821/The-Hypertension-Risk-Variant-Rs820430-Functions
Connecting to academic.oup.com (academic.oup.com)|173.254.190.144|:443... connected.
HTTP request sent, awaiting response... 200 OK
Length: 286148 (279K) [text/html]
Saving to: ‘hpw127’

     0K .......... .......... .......... .......... .......... 17%  207K 1s
    50K .......... .......... .......... .......... .......... 35%  598K 1s
   100K .......... .......... .......... .......... .......... 53%  612K 0s
   150K .......... .......... .......... .......... .......... 71%  587K 0s
   200K .......... .......... .......... .......... .......... 89%  582K 0s
   250K .......... .......... .........                       100%  361K=0.7s

2017-02-02 19:34:37 (424 KB/s) - ‘hpw127’ saved [286148/286148]

--2017-02-02 19:34:38--  http://doi.org/10.1093/ajh/hpw131
Connecting to doi.org (doi.org)|208.254.38.90|:80... connected.
HTTP request sent, awaiting response... 303 See Other
Location: http://ajh.oxfordjournals.org/lookup/doi/10.1093/ajh/hpw131 [following]
--2017-02-02 19:34:40--  http://ajh.oxfordjournals.org/lookup/doi/10.1093/ajh/hpw131
Connecting to ajh.oxfordjournals.org (ajh.oxfordjournals.org)|209.135.222.209|:80... connected.
HTTP request sent, awaiting response... 301 Moved Permanently
Cookie coming from ajh.oxfordjournals.org attempted to set domain to academic.oup.com
Location: https://academic.oup.com/ajh/article/30/2/120/2333822/Blood-Pressure-Elevation-Lasting-Longer-Than-1 [following]
--2017-02-02 19:34:41--  https://academic.oup.com/ajh/article/30/2/120/2333822/Blood-Pressure-Elevation-Lasting-Longer-Than-1
Connecting to academic.oup.com (academic.oup.com)|173.254.190.144|:443... connected.
HTTP request sent, awaiting response... 200 OK
Length: 140009 (137K) [text/html]
Saving to: ‘hpw131’

     0K .......... .......... .......... .......... .......... 36%  208K 0s
    50K .......... .......... .......... .......... .......... 73%  602K 0s
   100K .......... .......... .......... ......               100%  450K=0.4s

2017-02-02 19:34:46 (338 KB/s) - ‘hpw131’ saved [140009/140009]

--2017-02-02 19:34:47--  http://doi.org/10.1093/ajh/hpv203
Connecting to doi.org (doi.org)|208.254.38.90|:80... connected.
HTTP request sent, awaiting response... 303 See Other
Location: https://academic.oup.com/ajh/article-lookup/doi/10.1093/ajh/hpv203 [following]
--2017-02-02 19:34:48--  https://academic.oup.com/ajh/article-lookup/doi/10.1093/ajh/hpv203
Connecting to academic.oup.com (academic.oup.com)|173.254.190.144|:443... connected.
HTTP request sent, awaiting response... 200 OK
Length: 64726 (63K) [text/html]
Saving to: ‘hpv203’

     0K .......... .......... .......... .......... .......... 79%  306K 0s
    50K .......... ...                                        100%  163K=0.2s

2017-02-02 19:34:52 (259 KB/s) - ‘hpv203’ saved [64726/64726]

--2017-02-02 19:34:53--  http://doi.org/10.1093/ajh/hpw109
Connecting to doi.org (doi.org)|208.254.38.90|:80... connected.
HTTP request sent, awaiting response... 303 See Other
Location: https://academic.oup.com/ajh/article-lookup/doi/10.1093/ajh/hpw109 [following]
--2017-02-02 19:34:54--  https://academic.oup.com/ajh/article-lookup/doi/10.1093/ajh/hpw109
Connecting to academic.oup.com (academic.oup.com)|173.254.190.144|:443... connected.
HTTP request sent, awaiting response... 200 OK
Length: 71561 (70K) [text/html]
Saving to: ‘hpw109’

     0K .......... .......... .......... .......... .......... 71%  209K 0s
    50K .......... .........                                  100% 7.50M=0.2s

2017-02-02 19:35:00 (289 KB/s) - ‘hpw109’ saved [71561/71561]

--2017-02-02 19:35:01--  http://doi.org/10.1093/ajh/hpw110
Connecting to doi.org (doi.org)|208.254.38.90|:80... connected.
HTTP request sent, awaiting response... 303 See Other
Location: https://academic.oup.com/ajh/article-lookup/doi/10.1093/ajh/hpw110 [following]
--2017-02-02 19:35:02--  https://academic.oup.com/ajh/article-lookup/doi/10.1093/ajh/hpw110
Connecting to academic.oup.com (academic.oup.com)|173.254.190.144|:443... connected.
HTTP request sent, awaiting response... 200 OK
Length: 71505 (70K) [text/html]
Saving to: ‘hpw110’

     0K .......... .......... .......... .......... .......... 71%  308K 0s
    50K .......... .........                                  100%  252K=0.2s

2017-02-02 19:35:07 (290 KB/s) - ‘hpw110’ saved [71505/71505]

--2017-02-02 19:35:08--  http://doi.org/10.1093/ajh/hpw096
Connecting to doi.org (doi.org)|208.254.38.90|:80... connected.
HTTP request sent, awaiting response... 303 See Other
Location: https://academic.oup.com/ajh/article-lookup/doi/10.1093/ajh/hpw096 [following]
--2017-02-02 19:35:09--  https://academic.oup.com/ajh/article-lookup/doi/10.1093/ajh/hpw096
Connecting to academic.oup.com (academic.oup.com)|173.254.190.144|:443... connected.
HTTP request sent, awaiting response... 200 OK
Length: 90798 (89K) [text/html]
Saving to: ‘hpw096’

     0K .......... .......... .......... .......... .......... 56%  208K 0s
    50K .......... .......... .......... ........             100% 6.42M=0.2s

2017-02-02 19:35:13 (361 KB/s) - ‘hpw096’ saved [90798/90798]

--2017-02-02 19:35:14--  http://doi.org/10.1093/ajh/hpv202
Connecting to doi.org (doi.org)|208.254.38.90|:80... connected.
HTTP request sent, awaiting response... 303 See Other
Location: https://academic.oup.com/ajh/article-lookup/doi/10.1093/ajh/hpv202 [following]
--2017-02-02 19:35:15--  https://academic.oup.com/ajh/article-lookup/doi/10.1093/ajh/hpv202
Connecting to academic.oup.com (academic.oup.com)|173.254.190.144|:443... connected.
HTTP request sent, awaiting response... 200 OK
Length: 64862 (63K) [text/html]
Saving to: ‘hpv202’

     0K .......... .......... .......... .......... .......... 78%  206K 0s
    50K .......... ...                                        100% 17.7M=0.2s

2017-02-02 19:35:19 (260 KB/s) - ‘hpv202’ saved [64862/64862]

--2017-02-02 19:35:20--  http://doi.org/10.1093/ajh/hpw082
Connecting to doi.org (doi.org)|208.254.38.90|:80... connected.
HTTP request sent, awaiting response... 303 See Other
Location: https://academic.oup.com/ajh/article-lookup/doi/10.1093/ajh/hpw082 [following]
--2017-02-02 19:35:21--  https://academic.oup.com/ajh/article-lookup/doi/10.1093/ajh/hpw082
Connecting to academic.oup.com (academic.oup.com)|173.254.190.144|:443... connected.
HTTP request sent, awaiting response... 400 Bad Request
2017-02-02 19:35:22 ERROR 400: Bad Request.

--2017-02-02 19:35:23--  http://doi.org/10.1093/ajh/hpw125
Connecting to doi.org (doi.org)|208.254.38.90|:80... connected.
HTTP request sent, awaiting response... 303 See Other
Location: http://ajh.oxfordjournals.org/lookup/doi/10.1093/ajh/hpw125 [following]
--2017-02-02 19:35:24--  http://ajh.oxfordjournals.org/lookup/doi/10.1093/ajh/hpw125
Connecting to ajh.oxfordjournals.org (ajh.oxfordjournals.org)|209.135.222.209|:80... connected.
HTTP request sent, awaiting response... 301 Moved Permanently
Cookie coming from ajh.oxfordjournals.org attempted to set domain to academic.oup.com
Location: https://academic.oup.com/ajh/article/30/2/182/2623358/ANTXR2-Knock-Out-Does-Not-Result-in-the [following]
--2017-02-02 19:35:25--  https://academic.oup.com/ajh/article/30/2/182/2623358/ANTXR2-Knock-Out-Does-Not-Result-in-the
Connecting to academic.oup.com (academic.oup.com)|173.254.190.144|:443... connected.
HTTP request sent, awaiting response... 200 OK
Length: 269747 (263K) [text/html]
Saving to: ‘hpw125’

     0K .......... .......... .......... .......... .......... 18%  208K 1s
    50K .......... .......... .......... .......... .......... 37%  606K 1s
   100K .......... .......... .......... .......... .......... 56%  613K 0s
   150K .......... .......... .......... .......... .......... 75%  316K 0s
   200K .......... .......... .......... .......... .......... 94%  595K 0s
   250K .......... ...                                        100% 12.0M=0.6s

2017-02-02 19:35:29 (406 KB/s) - ‘hpw125’ saved [269747/269747]

--2017-02-02 19:35:30--  http://doi.org/10.1093/ajh/hpw128
Connecting to doi.org (doi.org)|208.254.38.90|:80... connected.
HTTP request sent, awaiting response... 303 See Other
Location: http://ajh.oxfordjournals.org/lookup/doi/10.1093/ajh/hpw128 [following]
--2017-02-02 19:35:32--  http://ajh.oxfordjournals.org/lookup/doi/10.1093/ajh/hpw128
Connecting to ajh.oxfordjournals.org (ajh.oxfordjournals.org)|209.135.222.209|:80... connected.
HTTP request sent, awaiting response... 301 Moved Permanently
Cookie coming from ajh.oxfordjournals.org attempted to set domain to academic.oup.com
Location: https://academic.oup.com/ajh/article/30/2/118/2623065/Toll-Like-Receptors-Hypertension-and-an [following]
--2017-02-02 19:35:33--  https://academic.oup.com/ajh/article/30/2/118/2623065/Toll-Like-Receptors-Hypertension-and-an
Connecting to academic.oup.com (academic.oup.com)|173.254.190.144|:443... connected.
HTTP request sent, awaiting response... 200 OK
Length: 123557 (121K) [text/html]
Saving to: ‘hpw128’

     0K .......... .......... .......... .......... .......... 41%  209K 0s
    50K .......... .......... .......... .......... .......... 82%  593K 0s
   100K .......... ..........                                 100% 18.8M=0.3s

2017-02-02 19:35:37 (371 KB/s) - ‘hpw128’ saved [123557/123557]

--2017-02-02 19:35:38--  http://doi.org/10.1093/ajh/hpw124
Connecting to doi.org (doi.org)|208.254.38.90|:80... connected.
HTTP request sent, awaiting response... 303 See Other
Location: http://ajh.oxfordjournals.org/lookup/doi/10.1093/ajh/hpw124 [following]
--2017-02-02 19:35:39--  http://ajh.oxfordjournals.org/lookup/doi/10.1093/ajh/hpw124
Connecting to ajh.oxfordjournals.org (ajh.oxfordjournals.org)|209.135.222.209|:80... connected.
HTTP request sent, awaiting response... 301 Moved Permanently
Cookie coming from ajh.oxfordjournals.org attempted to set domain to academic.oup.com
Location: https://academic.oup.com/ajh/article/30/2/112/2623063/Visit-to-Visit-Blood-Pressure-Variability-What-is [following]
--2017-02-02 19:35:40--  https://academic.oup.com/ajh/article/30/2/112/2623063/Visit-to-Visit-Blood-Pressure-Variability-What-is
Connecting to academic.oup.com (academic.oup.com)|173.254.190.144|:443... connected.
HTTP request sent, awaiting response... 400 Bad Request
2017-02-02 19:35:41 ERROR 400: Bad Request.

--2017-02-02 19:35:42--  http://doi.org/10.1093/ajh/hpw126
Connecting to doi.org (doi.org)|208.254.38.90|:80... connected.
HTTP request sent, awaiting response... 303 See Other
Location: https://academic.oup.com/ajh/article-lookup/doi/10.1093/ajh/hpw126 [following]
--2017-02-02 19:35:43--  https://academic.oup.com/ajh/article-lookup/doi/10.1093/ajh/hpw126
Connecting to academic.oup.com (academic.oup.com)|173.254.190.144|:443... connected.
HTTP request sent, awaiting response... 200 OK
Length: 231615 (226K) [text/html]
Saving to: ‘hpw126’

     0K .......... .......... .......... .......... .......... 22%  209K 1s
    50K .......... .......... .......... .......... .......... 44%  593K 0s
   100K .......... .......... .......... .......... .......... 66%  588K 0s
   150K .......... .......... .......... .......... .......... 88%  594K 0s
   200K .......... .......... ......                          100%  339K=0.6s

2017-02-02 19:35:47 (397 KB/s) - ‘hpw126’ saved [231615/231615]

--2017-02-02 19:35:48--  http://doi.org/10.1093/ajh/hpw121
Connecting to doi.org (doi.org)|208.254.38.90|:80... connected.
HTTP request sent, awaiting response... 303 See Other
Location: https://academic.oup.com/ajh/article-lookup/doi/10.1093/ajh/hpw121 [following]
--2017-02-02 19:35:50--  https://academic.oup.com/ajh/article-lookup/doi/10.1093/ajh/hpw121
Connecting to academic.oup.com (academic.oup.com)|173.254.190.144|:443... connected.
HTTP request sent, awaiting response... 400 Bad Request
2017-02-02 19:35:50 ERROR 400: Bad Request.

--2017-02-02 19:35:51--  http://doi.org/10.1093/ajh/hpw122
Connecting to doi.org (doi.org)|208.254.38.90|:80... connected.
HTTP request sent, awaiting response... 303 See Other
Location: https://academic.oup.com/ajh/article-lookup/doi/10.1093/ajh/hpw122 [following]
--2017-02-02 19:35:52--  https://academic.oup.com/ajh/article-lookup/doi/10.1093/ajh/hpw122
Connecting to academic.oup.com (academic.oup.com)|173.254.190.144|:443... connected.
HTTP request sent, awaiting response... 200 OK
Length: 269174 (263K) [text/html]
Saving to: ‘hpw122’

     0K .......... .......... .......... .......... .......... 19%  209K 1s
    50K .......... .......... .......... .......... .......... 38%  606K 1s
   100K .......... .......... .......... .......... .......... 57%  596K 0s
   150K .......... .......... .......... .......... .......... 76%  609K 0s
   200K .......... .......... .......... .......... .......... 95%  311K 0s
   250K .......... ..                                         100% 17.7M=0.6s

2017-02-02 19:35:58 (405 KB/s) - ‘hpw122’ saved [269174/269174]

--2017-02-02 19:35:59--  http://doi.org/10.1093/ajh/hpw114
Connecting to doi.org (doi.org)|208.254.38.90|:80... connected.
HTTP request sent, awaiting response... 303 See Other
Location: https://academic.oup.com/ajh/article-lookup/doi/10.1093/ajh/hpw114 [following]
--2017-02-02 19:36:00--  https://academic.oup.com/ajh/article-lookup/doi/10.1093/ajh/hpw114
Connecting to academic.oup.com (academic.oup.com)|173.254.190.144|:443... connected.
HTTP request sent, awaiting response... 200 OK
Length: 363723 (355K) [text/html]
Saving to: ‘hpw114’

     0K .......... .......... .......... .......... .......... 14%  208K 1s
    50K .......... .......... .......... .......... .......... 28%  606K 1s
   100K .......... .......... .......... .......... .......... 42%  605K 1s
   150K .......... .......... .......... .......... .......... 56%  410K 0s
   200K .......... .......... .......... .......... .......... 70%  417K 0s
   250K .......... .......... .......... .......... .......... 84%  601K 0s
   300K .......... .......... .......... .......... .......... 98%  408K 0s
   350K .....                                                 100% 18.5M=0.9s

2017-02-02 19:36:05 (416 KB/s) - ‘hpw114’ saved [363723/363723]

--2017-02-02 19:36:06--  http://doi.org/10.1093/ajh/hpw120
Connecting to doi.org (doi.org)|208.254.38.90|:80... connected.
HTTP request sent, awaiting response... 303 See Other
Location: https://academic.oup.com/ajh/article-lookup/doi/10.1093/ajh/hpw120 [following]
--2017-02-02 19:36:07--  https://academic.oup.com/ajh/article-lookup/doi/10.1093/ajh/hpw120
Connecting to academic.oup.com (academic.oup.com)|173.254.190.144|:443... connected.
HTTP request sent, awaiting response... 200 OK
Length: 144506 (141K) [text/html]
Saving to: ‘hpw120’

     0K .......... .......... .......... .......... .......... 35%  208K 0s
    50K .......... .......... .......... .......... .......... 70%  593K 0s
   100K .......... .......... .......... .......... .         100%  505K=0.4s

2017-02-02 19:36:12 (348 KB/s) - ‘hpw120’ saved [144506/144506]

--2017-02-02 19:36:13--  http://doi.org/10.1093/ajh/hpw102
Connecting to doi.org (doi.org)|208.254.38.90|:80... connected.
HTTP request sent, awaiting response... 303 See Other
Location: https://academic.oup.com/ajh/article-lookup/doi/10.1093/ajh/hpw102 [following]
--2017-02-02 19:36:14--  https://academic.oup.com/ajh/article-lookup/doi/10.1093/ajh/hpw102
Connecting to academic.oup.com (academic.oup.com)|173.254.190.144|:443... connected.
HTTP request sent, awaiting response... 200 OK
Length: 353140 (345K) [text/html]
Saving to: ‘hpw102’

     0K .......... .......... .......... .......... .......... 14%  208K 1s
    50K .......... .......... .......... .......... .......... 28%  605K 1s
   100K .......... .......... .......... .......... .......... 43%  612K 1s
   150K .......... .......... .......... .......... .......... 57%  594K 0s
   200K .......... .......... .......... .......... .......... 72%  312K 0s
   250K .......... .......... .......... .......... .......... 86%  605K 0s
   300K .......... .......... .......... .......... ....      100%  552K=0.8s

2017-02-02 19:36:21 (424 KB/s) - ‘hpw102’ saved [353140/353140]

--2017-02-02 19:36:22--  http://doi.org/10.1093/ajh/hpw097
Connecting to doi.org (doi.org)|208.254.38.90|:80... connected.
HTTP request sent, awaiting response... 303 See Other
Location: https://academic.oup.com/ajh/article-lookup/doi/10.1093/ajh/hpw097 [following]
--2017-02-02 19:36:23--  https://academic.oup.com/ajh/article-lookup/doi/10.1093/ajh/hpw097
Connecting to academic.oup.com (academic.oup.com)|173.254.190.144|:443... connected.
HTTP request sent, awaiting response... 200 OK
Length: 242293 (237K) [text/html]
Saving to: ‘hpw097’

     0K .......... .......... .......... .......... .......... 21%  209K 1s
    50K .......... .......... .......... .......... .......... 42%  613K 0s
   100K .......... .......... .......... .......... .......... 63%  595K 0s
   150K .......... .......... .......... .......... .......... 84%  319K 0s
   200K .......... .......... .......... ......               100% 4.59M=0.6s

2017-02-02 19:36:28 (415 KB/s) - ‘hpw097’ saved [242293/242293]

--2017-02-02 19:36:29--  http://doi.org/10.1093/ajh/hpw085
Connecting to doi.org (doi.org)|208.254.38.90|:80... connected.
HTTP request sent, awaiting response... 303 See Other
Location: https://academic.oup.com/ajh/article-lookup/doi/10.1093/ajh/hpw085 [following]
--2017-02-02 19:36:30--  https://academic.oup.com/ajh/article-lookup/doi/10.1093/ajh/hpw085
Connecting to academic.oup.com (academic.oup.com)|173.254.190.144|:443... connected.
HTTP request sent, awaiting response... 200 OK
Length: 201887 (197K) [text/html]
Saving to: ‘hpw085’

     0K .......... .......... .......... .......... .......... 25%  209K 1s
    50K .......... .......... .......... .......... .......... 50%  605K 0s
   100K .......... .......... .......... .......... .......... 76%  593K 0s
   150K .......... .......... .......... .......... .......   100%  560K=0.5s

2017-02-02 19:36:35 (402 KB/s) - ‘hpw085’ saved [201887/201887]

--2017-02-02 19:36:36--  http://doi.org/10.1093/ajh/hpw119
Connecting to doi.org (doi.org)|208.254.38.90|:80... connected.
HTTP request sent, awaiting response... 303 See Other
Location: https://academic.oup.com/ajh/article-lookup/doi/10.1093/ajh/hpw119 [following]
--2017-02-02 19:36:37--  https://academic.oup.com/ajh/article-lookup/doi/10.1093/ajh/hpw119
Connecting to academic.oup.com (academic.oup.com)|173.254.190.144|:443... connected.
HTTP request sent, awaiting response... 400 Bad Request
2017-02-02 19:36:39 ERROR 400: Bad Request.

--2017-02-02 19:36:40--  http://doi.org/10.1093/ajh/hpw108
Connecting to doi.org (doi.org)|208.254.38.90|:80... connected.
HTTP request sent, awaiting response... 303 See Other
Location: http://ajh.oxfordjournals.org/lookup/doi/10.1093/ajh/hpw108 [following]
--2017-02-02 19:36:41--  http://ajh.oxfordjournals.org/lookup/doi/10.1093/ajh/hpw108
Connecting to ajh.oxfordjournals.org (ajh.oxfordjournals.org)|209.135.222.209|:80... connected.
HTTP request sent, awaiting response... 301 Moved Permanently
Cookie coming from ajh.oxfordjournals.org attempted to set domain to academic.oup.com
Location: https://academic.oup.com/ajh/article/30/2/188/2623353/Orthostatic-Hypotension-in-Middle-Age-and-Risk-of [following]
--2017-02-02 19:36:42--  https://academic.oup.com/ajh/article/30/2/188/2623353/Orthostatic-Hypotension-in-Middle-Age-and-Risk-of
Connecting to academic.oup.com (academic.oup.com)|173.254.190.144|:443... connected.
HTTP request sent, awaiting response... 400 Bad Request
2017-02-02 19:36:43 ERROR 400: Bad Request.

--2017-02-02 19:36:44--  http://doi.org/10.1093/ajh/hpw118
Connecting to doi.org (doi.org)|208.254.38.90|:80... connected.
HTTP request sent, awaiting response... 303 See Other
Location: https://academic.oup.com/ajh/article-lookup/doi/10.1093/ajh/hpw118 [following]
--2017-02-02 19:36:45--  https://academic.oup.com/ajh/article-lookup/doi/10.1093/ajh/hpw118
Connecting to academic.oup.com (academic.oup.com)|173.254.190.144|:443... connected.
HTTP request sent, awaiting response... 200 OK
Length: 159785 (156K) [text/html]
Saving to: ‘hpw118’

     0K .......... .......... .......... .......... .......... 32%  208K 1s
    50K .......... .......... .......... .......... .......... 64%  610K 0s
   100K .......... .......... .......... .......... .......... 96%  597K 0s
   150K ......                                                100% 11520G=0.4s

2017-02-02 19:36:49 (384 KB/s) - ‘hpw118’ saved [159785/159785]

--2017-02-02 19:36:50--  http://doi.org/10.1093/ajh/hpw117
Connecting to doi.org (doi.org)|208.254.38.90|:80... connected.
HTTP request sent, awaiting response... 303 See Other
Location: https://academic.oup.com/ajh/article-lookup/doi/10.1093/ajh/hpw117 [following]
--2017-02-02 19:36:51--  https://academic.oup.com/ajh/article-lookup/doi/10.1093/ajh/hpw117
Connecting to academic.oup.com (academic.oup.com)|173.254.190.144|:443... connected.
HTTP request sent, awaiting response... 200 OK
Length: 273664 (267K) [text/html]
Saving to: ‘hpw117’

     0K .......... .......... .......... .......... .......... 18%  207K 1s
    50K .......... .......... .......... .......... .......... 37%  601K 1s
   100K .......... .......... .......... .......... .......... 56%  607K 0s
   150K .......... .......... .......... .......... .......... 74%  403K 0s
   200K .......... .......... .......... .......... .......... 93%  424K 0s
   250K .......... .......                                    100% 11.7M=0.7s

2017-02-02 19:36:55 (411 KB/s) - ‘hpw117’ saved [273664/273664]

--2017-02-02 19:36:56--  http://doi.org/10.1093/ajh/hpw107
Connecting to doi.org (doi.org)|208.254.38.90|:80... connected.
HTTP request sent, awaiting response... 303 See Other
Location: https://academic.oup.com/ajh/article-lookup/doi/10.1093/ajh/hpw107 [following]
--2017-02-02 19:36:58--  https://academic.oup.com/ajh/article-lookup/doi/10.1093/ajh/hpw107
Connecting to academic.oup.com (academic.oup.com)|173.254.190.144|:443... connected.
HTTP request sent, awaiting response... 200 OK
Length: 286142 (279K) [text/html]
Saving to: ‘hpw107’

     0K .......... .......... .......... .......... .......... 17%  208K 1s
    50K .......... .......... .......... .......... .......... 35%  604K 1s
   100K .......... .......... .......... .......... .......... 53%  610K 0s
   150K .......... .......... .......... .......... .......... 71%  591K 0s
   200K .......... .......... .......... .......... .......... 89%  315K 0s
   250K .......... .......... .........                       100% 6.63M=0.7s

2017-02-02 19:37:02 (428 KB/s) - ‘hpw107’ saved [286142/286142]

--2017-02-02 19:37:03--  http://doi.org/10.1093/ajh/hpw116
Connecting to doi.org (doi.org)|208.254.38.90|:80... connected.
HTTP request sent, awaiting response... 303 See Other
Location: https://academic.oup.com/ajh/article-lookup/doi/10.1093/ajh/hpw116 [following]
--2017-02-02 19:37:04--  https://academic.oup.com/ajh/article-lookup/doi/10.1093/ajh/hpw116
Connecting to academic.oup.com (academic.oup.com)|173.254.190.144|:443... connected.
HTTP request sent, awaiting response... 200 OK
Length: 138097 (135K) [text/html]
Saving to: ‘hpw116’

     0K .......... .......... .......... .......... .......... 37%  209K 0s
    50K .......... .......... .......... .......... .......... 74%  604K 0s
   100K .......... .......... .......... ....                 100%  432K=0.4s

2017-02-02 19:37:08 (335 KB/s) - ‘hpw116’ saved [138097/138097]

--2017-02-02 19:37:09--  http://doi.org/10.1093/ajh/hpw113
Connecting to doi.org (doi.org)|208.254.38.90|:80... connected.
HTTP request sent, awaiting response... 303 See Other
Location: http://ajh.oxfordjournals.org/lookup/doi/10.1093/ajh/hpw113 [following]
--2017-02-02 19:37:10--  http://ajh.oxfordjournals.org/lookup/doi/10.1093/ajh/hpw113
Connecting to ajh.oxfordjournals.org (ajh.oxfordjournals.org)|209.135.222.209|:80... connected.
HTTP request sent, awaiting response... 301 Moved Permanently
Cookie coming from ajh.oxfordjournals.org attempted to set domain to academic.oup.com
Location: https://academic.oup.com/ajh/article/30/2/173/2623354/Chloroquine-Suppresses-the-Development-of [following]
--2017-02-02 19:37:11--  https://academic.oup.com/ajh/article/30/2/173/2623354/Chloroquine-Suppresses-the-Development-of
Connecting to academic.oup.com (academic.oup.com)|173.254.190.144|:443... connected.
HTTP request sent, awaiting response... 400 Bad Request
2017-02-02 19:37:12 ERROR 400: Bad Request.

--2017-02-02 19:37:13--  http://doi.org/10.1093/ajh/hpv201
Connecting to doi.org (doi.org)|208.254.38.90|:80... connected.
HTTP request sent, awaiting response... 303 See Other
Location: https://academic.oup.com/ajh/article-lookup/doi/10.1093/ajh/hpv201 [following]
--2017-02-02 19:37:14--  https://academic.oup.com/ajh/article-lookup/doi/10.1093/ajh/hpv201
Connecting to academic.oup.com (academic.oup.com)|173.254.190.144|:443... connected.
HTTP request sent, awaiting response... 200 OK
Length: 64725 (63K) [text/html]
Saving to: ‘hpv201’

     0K .......... .......... .......... .......... .......... 79%  309K 0s
    50K .......... ...                                        100%  169K=0.2s

2017-02-02 19:37:19 (263 KB/s) - ‘hpv201’ saved [64725/64725]

--2017-02-02 19:37:20--  http://doi.org/10.1093/ajh/hpw079
Connecting to doi.org (doi.org)|208.254.38.90|:80... connected.
HTTP request sent, awaiting response... 303 See Other
Location: https://academic.oup.com/ajh/article-lookup/doi/10.1093/ajh/hpw079 [following]
--2017-02-02 19:37:21--  https://academic.oup.com/ajh/article-lookup/doi/10.1093/ajh/hpw079
Connecting to academic.oup.com (academic.oup.com)|173.254.190.144|:443... connected.
HTTP request sent, awaiting response... 200 OK
Length: 71425 (70K) [text/html]
Saving to: ‘hpw079’

     0K .......... .......... .......... .......... .......... 71%  208K 0s
    50K .......... .........                                  100% 17.4M=0.2s

2017-02-02 19:37:25 (288 KB/s) - ‘hpw079’ saved [71425/71425]

--2017-02-02 19:37:26--  http://doi.org/10.1093/ajh/hpw101
Connecting to doi.org (doi.org)|208.254.38.90|:80... connected.
HTTP request sent, awaiting response... 303 See Other
Location: https://academic.oup.com/ajh/article-lookup/doi/10.1093/ajh/hpw101 [following]
--2017-02-02 19:37:27--  https://academic.oup.com/ajh/article-lookup/doi/10.1093/ajh/hpw101
Connecting to academic.oup.com (academic.oup.com)|173.254.190.144|:443... connected.
HTTP request sent, awaiting response... 200 OK
Length: 90227 (88K) [text/html]
Saving to: ‘hpw101’

     0K .......... .......... .......... .......... .......... 56%  310K 0s
    50K .......... .......... .......... ........             100%  455K=0.2s

2017-02-02 19:37:31 (359 KB/s) - ‘hpw101’ saved [90227/90227]

--2017-02-02 19:37:32--  http://doi.org/10.1093/ajh/hpv200
Connecting to doi.org (doi.org)|208.254.38.90|:80... connected.
HTTP request sent, awaiting response... 303 See Other
Location: https://academic.oup.com/ajh/article-lookup/doi/10.1093/ajh/hpv200 [following]
--2017-02-02 19:37:34--  https://academic.oup.com/ajh/article-lookup/doi/10.1093/ajh/hpv200
Connecting to academic.oup.com (academic.oup.com)|173.254.190.144|:443... connected.
HTTP request sent, awaiting response... 200 OK
Length: 79815 (78K) [text/html]
Saving to: ‘hpv200’

     0K .......... .......... .......... .......... .......... 64%  207K 0s
    50K .......... .......... .......                         100% 11.5M=0.2s

2017-02-02 19:37:37 (319 KB/s) - ‘hpv200’ saved [79815/79815]

--2017-02-02 19:37:38--  http://doi.org/10.1093/ajh/hpw069
Connecting to doi.org (doi.org)|208.254.38.90|:80... connected.
HTTP request sent, awaiting response... 303 See Other
Location: https://academic.oup.com/ajh/article-lookup/doi/10.1093/ajh/hpw069 [following]
--2017-02-02 19:37:39--  https://academic.oup.com/ajh/article-lookup/doi/10.1093/ajh/hpw069
Connecting to academic.oup.com (academic.oup.com)|173.254.190.144|:443... connected.
HTTP request sent, awaiting response... 400 Bad Request
2017-02-02 19:37:40 ERROR 400: Bad Request.

--2017-02-02 19:37:41--  http://doi.org/10.1093/ajh/hpw100
Connecting to doi.org (doi.org)|208.254.38.90|:80... connected.
HTTP request sent, awaiting response... 303 See Other
Location: https://academic.oup.com/ajh/article-lookup/doi/10.1093/ajh/hpw100 [following]
--2017-02-02 19:37:42--  https://academic.oup.com/ajh/article-lookup/doi/10.1093/ajh/hpw100
Connecting to academic.oup.com (academic.oup.com)|173.254.190.144|:443... connected.
HTTP request sent, awaiting response... 200 OK
Length: 71590 (70K) [text/html]
Saving to: ‘hpw100’

     0K .......... .......... .......... .......... .......... 71%  208K 0s
    50K .......... .........                                  100% 6.44M=0.2s

2017-02-02 19:37:47 (287 KB/s) - ‘hpw100’ saved [71590/71590]

FINISHED --2017-02-02 19:37:47--
Total wall clock time: 9m 37s
Downloaded: 90 files, 13M in 34s (409 KB/s)
