--2017-02-02 19:48:49--  http://doi.org/10.1093/ajlh/njw027
Resolving doi.org (doi.org)... 95.138.171.129, 38.100.138.162, 208.254.38.90, ...
Connecting to doi.org (doi.org)|95.138.171.129|:80... connected.
HTTP request sent, awaiting response... 303 See Other
Location: http://ajlh.oxfordjournals.org/lookup/doi/10.1093/ajlh/njw027 [following]
--2017-02-02 19:48:50--  http://ajlh.oxfordjournals.org/lookup/doi/10.1093/ajlh/njw027
Resolving ajlh.oxfordjournals.org (ajlh.oxfordjournals.org)... 209.135.222.209
Connecting to ajlh.oxfordjournals.org (ajlh.oxfordjournals.org)|209.135.222.209|:80... connected.
HTTP request sent, awaiting response... 301 Moved Permanently
Cookie coming from ajlh.oxfordjournals.org attempted to set domain to academic.oup.com
Location: https://academic.oup.com/ajlh/article/doi/10.1093/ajlh/njw027/2953210/Corrigendum [following]
--2017-02-02 19:48:52--  https://academic.oup.com/ajlh/article/doi/10.1093/ajlh/njw027/2953210/Corrigendum
Resolving academic.oup.com (academic.oup.com)... 173.254.190.144
Connecting to academic.oup.com (academic.oup.com)|173.254.190.144|:443... connected.
HTTP request sent, awaiting response... 400 Bad Request
2017-02-02 19:48:53 ERROR 400: Bad Request.

--2017-02-02 19:48:54--  http://doi.org/10.1093/ajlh/njw025
Connecting to doi.org (doi.org)|95.138.171.129|:80... connected.
HTTP request sent, awaiting response... 303 See Other
Location: http://ajlh.oxfordjournals.org/lookup/doi/10.1093/ajlh/njw025 [following]
--2017-02-02 19:48:55--  http://ajlh.oxfordjournals.org/lookup/doi/10.1093/ajlh/njw025
Connecting to ajlh.oxfordjournals.org (ajlh.oxfordjournals.org)|209.135.222.209|:80... connected.
HTTP request sent, awaiting response... 301 Moved Permanently
Cookie coming from ajlh.oxfordjournals.org attempted to set domain to academic.oup.com
Location: https://academic.oup.com/ajlh/article/doi/10.1093/ajlh/njw025/2932007/Laura-E-Free-Suffrage-Reconstructed-Gender-Race [following]
--2017-02-02 19:48:56--  https://academic.oup.com/ajlh/article/doi/10.1093/ajlh/njw025/2932007/Laura-E-Free-Suffrage-Reconstructed-Gender-Race
Connecting to academic.oup.com (academic.oup.com)|173.254.190.144|:443... connected.
HTTP request sent, awaiting response... 200 OK
Length: 67879 (66K) [text/html]
Saving to: ‘njw025’

     0K .......... .......... .......... .......... .......... 75%  209K 0s
    50K .......... ......                                     100% 15.8M=0.2s

2017-02-02 19:48:59 (276 KB/s) - ‘njw025’ saved [67879/67879]

--2017-02-02 19:49:00--  http://doi.org/10.1093/ajlh/njw024
Connecting to doi.org (doi.org)|95.138.171.129|:80... connected.
HTTP request sent, awaiting response... 303 See Other
Location: http://ajlh.oxfordjournals.org/lookup/doi/10.1093/ajlh/njw024 [following]
--2017-02-02 19:49:01--  http://ajlh.oxfordjournals.org/lookup/doi/10.1093/ajlh/njw024
Connecting to ajlh.oxfordjournals.org (ajlh.oxfordjournals.org)|209.135.222.209|:80... connected.
HTTP request sent, awaiting response... 301 Moved Permanently
Cookie coming from ajlh.oxfordjournals.org attempted to set domain to academic.oup.com
Location: https://academic.oup.com/ajlh/article/doi/10.1093/ajlh/njw024/2932006/Wendell-Bird-Press-and-Speech-Under-Assault-The [following]
--2017-02-02 19:49:03--  https://academic.oup.com/ajlh/article/doi/10.1093/ajlh/njw024/2932006/Wendell-Bird-Press-and-Speech-Under-Assault-The
Connecting to academic.oup.com (academic.oup.com)|173.254.190.144|:443... connected.
HTTP request sent, awaiting response... 200 OK
Length: 83204 (81K) [text/html]
Saving to: ‘njw024’

     0K .......... .......... .......... .......... .......... 61%  309K 0s
    50K .......... .......... .......... .                    100%  384K=0.2s

2017-02-02 19:49:07 (334 KB/s) - ‘njw024’ saved [83204/83204]

--2017-02-02 19:49:08--  http://doi.org/10.1093/ajlh/njw022
Connecting to doi.org (doi.org)|95.138.171.129|:80... connected.
HTTP request sent, awaiting response... 303 See Other
Location: http://ajlh.oxfordjournals.org/lookup/doi/10.1093/ajlh/njw022 [following]
--2017-02-02 19:49:09--  http://ajlh.oxfordjournals.org/lookup/doi/10.1093/ajlh/njw022
Connecting to ajlh.oxfordjournals.org (ajlh.oxfordjournals.org)|209.135.222.209|:80... connected.
HTTP request sent, awaiting response... 301 Moved Permanently
Cookie coming from ajlh.oxfordjournals.org attempted to set domain to academic.oup.com
Location: https://academic.oup.com/ajlh/article/doi/10.1093/ajlh/njw022/2838380/In-a-Summary-Way-with-Expedition-and-at-a-Small [following]
--2017-02-02 19:49:10--  https://academic.oup.com/ajlh/article/doi/10.1093/ajlh/njw022/2838380/In-a-Summary-Way-with-Expedition-and-at-a-Small
Connecting to academic.oup.com (academic.oup.com)|173.254.190.144|:443... connected.
HTTP request sent, awaiting response... 200 OK
Length: 296323 (289K) [text/html]
Saving to: ‘njw022’

     0K .......... .......... .......... .......... .......... 17%  209K 1s
    50K .......... .......... .......... .......... .......... 34%  612K 1s
   100K .......... .......... .......... .......... .......... 51%  605K 0s
   150K .......... .......... .......... .......... .......... 69%  315K 0s
   200K .......... .......... .......... .......... .......... 86%  595K 0s
   250K .......... .......... .......... .........            100%  478K=0.7s

2017-02-02 19:49:15 (397 KB/s) - ‘njw022’ saved [296323/296323]

--2017-02-02 19:49:16--  http://doi.org/10.1093/ajlh/njw018
Connecting to doi.org (doi.org)|95.138.171.129|:80... connected.
HTTP request sent, awaiting response... 303 See Other
Location: http://ajlh.oxfordjournals.org/lookup/doi/10.1093/ajlh/njw018 [following]
--2017-02-02 19:49:18--  http://ajlh.oxfordjournals.org/lookup/doi/10.1093/ajlh/njw018
Connecting to ajlh.oxfordjournals.org (ajlh.oxfordjournals.org)|209.135.222.209|:80... connected.
HTTP request sent, awaiting response... 301 Moved Permanently
Cookie coming from ajlh.oxfordjournals.org attempted to set domain to academic.oup.com
Location: https://academic.oup.com/ajlh/article/56/4/436/2629307/Judgments-of-Peace-Montreal-s-Jewish-Arbitration [following]
--2017-02-02 19:49:19--  https://academic.oup.com/ajlh/article/56/4/436/2629307/Judgments-of-Peace-Montreal-s-Jewish-Arbitration
Connecting to academic.oup.com (academic.oup.com)|173.254.190.144|:443... connected.
HTTP request sent, awaiting response... 200 OK
Length: 345979 (338K) [text/html]
Saving to: ‘njw018’

     0K .......... .......... .......... .......... .......... 14%  209K 1s
    50K .......... .......... .......... .......... .......... 29%  611K 1s
   100K .......... .......... .......... .......... .......... 44%  591K 1s
   150K .......... .......... .......... .......... .......... 59%  416K 0s
   200K .......... .......... .......... .......... .......... 73%  414K 0s
   250K .......... .......... .......... .......... .......... 88%  599K 0s
   300K .......... .......... .......... .......              100%  469K=0.8s

2017-02-02 19:49:26 (417 KB/s) - ‘njw018’ saved [345979/345979]

--2017-02-02 19:49:27--  http://doi.org/10.1093/ajlh/njw016
Connecting to doi.org (doi.org)|95.138.171.129|:80... connected.
HTTP request sent, awaiting response... 303 See Other
Location: http://ajlh.oxfordjournals.org/lookup/doi/10.1093/ajlh/njw016 [following]
--2017-02-02 19:49:28--  http://ajlh.oxfordjournals.org/lookup/doi/10.1093/ajlh/njw016
Connecting to ajlh.oxfordjournals.org (ajlh.oxfordjournals.org)|209.135.222.209|:80... connected.
HTTP request sent, awaiting response... 301 Moved Permanently
Cookie coming from ajlh.oxfordjournals.org attempted to set domain to academic.oup.com
Location: https://academic.oup.com/ajlh/article/56/4/392/2729911/Response-to-Necessary-to-the-Security-of-Free [following]
--2017-02-02 19:49:29--  https://academic.oup.com/ajlh/article/56/4/392/2729911/Response-to-Necessary-to-the-Security-of-Free
Connecting to academic.oup.com (academic.oup.com)|173.254.190.144|:443... connected.
HTTP request sent, awaiting response... 200 OK
Length: 98774 (96K) [text/html]
Saving to: ‘njw016’

     0K .......... .......... .......... .......... .......... 51%  208K 0s
    50K .......... .......... .......... .......... ......    100%  570K=0.3s

2017-02-02 19:49:33 (300 KB/s) - ‘njw016’ saved [98774/98774]

--2017-02-02 19:49:34--  http://doi.org/10.1093/ajlh/njw013
Connecting to doi.org (doi.org)|95.138.171.129|:80... connected.
HTTP request sent, awaiting response... 303 See Other
Location: https://academic.oup.com/ajlh/article-lookup/doi/10.1093/ajlh/njw013 [following]
--2017-02-02 19:49:35--  https://academic.oup.com/ajlh/article-lookup/doi/10.1093/ajlh/njw013
Connecting to academic.oup.com (academic.oup.com)|173.254.190.144|:443... connected.
HTTP request sent, awaiting response... 200 OK
Length: 228856 (223K) [text/html]
Saving to: ‘njw013’

     0K .......... .......... .......... .......... .......... 22%  209K 1s
    50K .......... .......... .......... .......... .......... 44%  596K 0s
   100K .......... .......... .......... .......... .......... 67%  601K 0s
   150K .......... .......... .......... .......... .......... 89%  316K 0s
   200K .......... .......... ...                             100% 5.87M=0.6s

2017-02-02 19:49:38 (393 KB/s) - ‘njw013’ saved [228856/228856]

--2017-02-02 19:49:39--  http://doi.org/10.1093/ajlh/njw014
Connecting to doi.org (doi.org)|95.138.171.129|:80... connected.
HTTP request sent, awaiting response... 303 See Other
Location: http://ajlh.oxfordjournals.org/lookup/doi/10.1093/ajlh/njw014 [following]
--2017-02-02 19:49:41--  http://ajlh.oxfordjournals.org/lookup/doi/10.1093/ajlh/njw014
Connecting to ajlh.oxfordjournals.org (ajlh.oxfordjournals.org)|209.135.222.209|:80... connected.
HTTP request sent, awaiting response... 301 Moved Permanently
Cookie coming from ajlh.oxfordjournals.org attempted to set domain to academic.oup.com
Location: https://academic.oup.com/ajlh/article/56/4/412/2721014/Contesting-the-Commonwealth-The-Life-and-Social [following]
--2017-02-02 19:49:42--  https://academic.oup.com/ajlh/article/56/4/412/2721014/Contesting-the-Commonwealth-The-Life-and-Social
Connecting to academic.oup.com (academic.oup.com)|173.254.190.144|:443... connected.
HTTP request sent, awaiting response... 200 OK
Length: 191271 (187K) [text/html]
Saving to: ‘njw014’

     0K .......... .......... .......... .......... .......... 26%  207K 1s
    50K .......... .......... .......... .......... .......... 53%  609K 0s
   100K .......... .......... .......... .......... .......... 80%  579K 0s
   150K .......... .......... .......... ......               100%  454K=0.5s

2017-02-02 19:49:46 (380 KB/s) - ‘njw014’ saved [191271/191271]

--2017-02-02 19:49:47--  http://doi.org/10.1093/ajlh/njw019
Connecting to doi.org (doi.org)|95.138.171.129|:80... connected.
HTTP request sent, awaiting response... 303 See Other
Location: http://ajlh.oxfordjournals.org/lookup/doi/10.1093/ajlh/njw019 [following]
--2017-02-02 19:49:48--  http://ajlh.oxfordjournals.org/lookup/doi/10.1093/ajlh/njw019
Connecting to ajlh.oxfordjournals.org (ajlh.oxfordjournals.org)|209.135.222.209|:80... connected.
HTTP request sent, awaiting response... 301 Moved Permanently
Cookie coming from ajlh.oxfordjournals.org attempted to set domain to academic.oup.com
Location: https://academic.oup.com/ajlh/article/56/4/493/2721015/Donna-T-Haverty-Stacke-Trotskyists-on-Trial-Free [following]
--2017-02-02 19:49:49--  https://academic.oup.com/ajlh/article/56/4/493/2721015/Donna-T-Haverty-Stacke-Trotskyists-on-Trial-Free
Connecting to academic.oup.com (academic.oup.com)|173.254.190.144|:443... connected.
HTTP request sent, awaiting response... 200 OK
Length: 70076 (68K) [text/html]
Saving to: ‘njw019’

     0K .......... .......... .......... .......... .......... 73%  207K 0s
    50K .......... ........                                   100% 15.4M=0.2s

2017-02-02 19:49:53 (282 KB/s) - ‘njw019’ saved [70076/70076]

--2017-02-02 19:49:54--  http://doi.org/10.1093/ajlh/njw021
Connecting to doi.org (doi.org)|95.138.171.129|:80... connected.
HTTP request sent, awaiting response... 303 See Other
Location: http://ajlh.oxfordjournals.org/lookup/doi/10.1093/ajlh/njw021 [following]
--2017-02-02 19:49:55--  http://ajlh.oxfordjournals.org/lookup/doi/10.1093/ajlh/njw021
Connecting to ajlh.oxfordjournals.org (ajlh.oxfordjournals.org)|209.135.222.209|:80... connected.
HTTP request sent, awaiting response... 301 Moved Permanently
Cookie coming from ajlh.oxfordjournals.org attempted to set domain to academic.oup.com
Location: https://academic.oup.com/ajlh/article/56/4/491/2721016/Kevin-Butterfield-The-Making-of-Tocqueville-s [following]
--2017-02-02 19:49:56--  https://academic.oup.com/ajlh/article/56/4/491/2721016/Kevin-Butterfield-The-Making-of-Tocqueville-s
Connecting to academic.oup.com (academic.oup.com)|173.254.190.144|:443... connected.
HTTP request sent, awaiting response... 200 OK
Length: 71625 (70K) [text/html]
Saving to: ‘njw021’

     0K .......... .......... .......... .......... .......... 71%  209K 0s
    50K .......... .........                                  100% 6.37M=0.2s

2017-02-02 19:50:04 (289 KB/s) - ‘njw021’ saved [71625/71625]

--2017-02-02 19:50:05--  http://doi.org/10.1093/ajlh/njw012
Connecting to doi.org (doi.org)|95.138.171.129|:80... connected.
HTTP request sent, awaiting response... 303 See Other
Location: http://ajlh.oxfordjournals.org/lookup/doi/10.1093/ajlh/njw012 [following]
--2017-02-02 19:50:06--  http://ajlh.oxfordjournals.org/lookup/doi/10.1093/ajlh/njw012
Connecting to ajlh.oxfordjournals.org (ajlh.oxfordjournals.org)|209.135.222.209|:80... connected.
HTTP request sent, awaiting response... 301 Moved Permanently
Cookie coming from ajlh.oxfordjournals.org attempted to set domain to academic.oup.com
Location: https://academic.oup.com/ajlh/article/56/4/365/2721012/Necessary-to-the-Security-of-Free-States-The [following]
--2017-02-02 19:50:07--  https://academic.oup.com/ajlh/article/56/4/365/2721012/Necessary-to-the-Security-of-Free-States-The
Connecting to academic.oup.com (academic.oup.com)|173.254.190.144|:443... connected.
HTTP request sent, awaiting response... 200 OK
Length: 223032 (218K) [text/html]
Saving to: ‘njw012’

     0K .......... .......... .......... .......... .......... 22%  207K 1s
    50K .......... .......... .......... .......... .......... 45%  613K 0s
   100K .......... .......... .......... .......... .......... 68%  606K 0s
   150K .......... .......... .......... .......... .......... 91%  603K 0s
   200K .......... .......                                    100%  223K=0.6s

2017-02-02 19:50:11 (383 KB/s) - ‘njw012’ saved [223032/223032]

--2017-02-02 19:50:12--  http://doi.org/10.1093/ajlh/njw015
Connecting to doi.org (doi.org)|95.138.171.129|:80... connected.
HTTP request sent, awaiting response... 303 See Other
Location: http://ajlh.oxfordjournals.org/lookup/doi/10.1093/ajlh/njw015 [following]
--2017-02-02 19:50:13--  http://ajlh.oxfordjournals.org/lookup/doi/10.1093/ajlh/njw015
Connecting to ajlh.oxfordjournals.org (ajlh.oxfordjournals.org)|209.135.222.209|:80... connected.
HTTP request sent, awaiting response... 301 Moved Permanently
Cookie coming from ajlh.oxfordjournals.org attempted to set domain to academic.oup.com
Location: https://academic.oup.com/ajlh/article/56/4/398/2418187/Rethinking-Originalism-Bearing-Arms-and-Armed [following]
--2017-02-02 19:50:14--  https://academic.oup.com/ajlh/article/56/4/398/2418187/Rethinking-Originalism-Bearing-Arms-and-Armed
Connecting to academic.oup.com (academic.oup.com)|173.254.190.144|:443... connected.
HTTP request sent, awaiting response... 200 OK
Length: 152242 (149K) [text/html]
Saving to: ‘njw015’

     0K .......... .......... .......... .......... .......... 33%  208K 0s
    50K .......... .......... .......... .......... .......... 67%  602K 0s
   100K .......... .......... .......... .......... ........  100%  596K=0.4s

2017-02-02 19:50:19 (367 KB/s) - ‘njw015’ saved [152242/152242]

--2017-02-02 19:50:20--  http://doi.org/10.1093/ajlh/njw020
Connecting to doi.org (doi.org)|95.138.171.129|:80... connected.
HTTP request sent, awaiting response... 303 See Other
Location: http://ajlh.oxfordjournals.org/lookup/doi/10.1093/ajlh/njw020 [following]
--2017-02-02 19:50:21--  http://ajlh.oxfordjournals.org/lookup/doi/10.1093/ajlh/njw020
Connecting to ajlh.oxfordjournals.org (ajlh.oxfordjournals.org)|209.135.222.209|:80... connected.
HTTP request sent, awaiting response... 301 Moved Permanently
Cookie coming from ajlh.oxfordjournals.org attempted to set domain to academic.oup.com
Location: https://academic.oup.com/ajlh/article/56/4/490/2439421/Jonathan-M-Bryant-Dark-Places-of-the-Earth-The [following]
--2017-02-02 19:50:22--  https://academic.oup.com/ajlh/article/56/4/490/2439421/Jonathan-M-Bryant-Dark-Places-of-the-Earth-The
Connecting to academic.oup.com (academic.oup.com)|173.254.190.144|:443... connected.
HTTP request sent, awaiting response... 200 OK
Length: 69823 (68K) [text/html]
Saving to: ‘njw020’

     0K .......... .......... .......... .......... .......... 73%  208K 0s
    50K .......... ........                                   100% 16.6M=0.2s

2017-02-02 19:50:26 (282 KB/s) - ‘njw020’ saved [69823/69823]

--2017-02-02 19:50:27--  http://doi.org/10.1093/ajlh/njw017
Connecting to doi.org (doi.org)|95.138.171.129|:80... connected.
HTTP request sent, awaiting response... 303 See Other
Location: http://ajlh.oxfordjournals.org/lookup/doi/10.1093/ajlh/njw017 [following]
--2017-02-02 19:50:28--  http://ajlh.oxfordjournals.org/lookup/doi/10.1093/ajlh/njw017
Connecting to ajlh.oxfordjournals.org (ajlh.oxfordjournals.org)|209.135.222.209|:80... connected.
HTTP request sent, awaiting response... 301 Moved Permanently
Cookie coming from ajlh.oxfordjournals.org attempted to set domain to academic.oup.com
Location: https://academic.oup.com/ajlh/article/56/4/494/2439418/David-Cole-Engines-of-Liberty-The-Power-of-Citizen [following]
--2017-02-02 19:50:29--  https://academic.oup.com/ajlh/article/56/4/494/2439418/David-Cole-Engines-of-Liberty-The-Power-of-Citizen
Connecting to academic.oup.com (academic.oup.com)|173.254.190.144|:443... connected.
HTTP request sent, awaiting response... 200 OK
Length: 70123 (68K) [text/html]
Saving to: ‘njw017’

     0K .......... .......... .......... .......... .......... 73%  310K 0s
    50K .......... ........                                   100%  235K=0.2s

2017-02-02 19:50:33 (285 KB/s) - ‘njw017’ saved [70123/70123]

--2017-02-02 19:50:34--  http://doi.org/10.1093/ajlh/njw011
Connecting to doi.org (doi.org)|95.138.171.129|:80... connected.
HTTP request sent, awaiting response... 303 See Other
Location: https://academic.oup.com/ajlh/article-lookup/doi/10.1093/ajlh/njw011 [following]
--2017-02-02 19:50:35--  https://academic.oup.com/ajlh/article-lookup/doi/10.1093/ajlh/njw011
Connecting to academic.oup.com (academic.oup.com)|173.254.190.144|:443... connected.
HTTP request sent, awaiting response... 200 OK
Length: 70929 (69K) [text/html]
Saving to: ‘njw011’

     0K .......... .......... .......... .......... .......... 72%  208K 0s
    50K .......... .........                                  100% 14.5M=0.2s

2017-02-02 19:50:38 (286 KB/s) - ‘njw011’ saved [70929/70929]

--2017-02-02 19:50:39--  http://doi.org/10.1093/ajlh/njw007
Connecting to doi.org (doi.org)|95.138.171.129|:80... connected.
HTTP request sent, awaiting response... 303 See Other
Location: https://academic.oup.com/ajlh/article-lookup/doi/10.1093/ajlh/njw007 [following]
--2017-02-02 19:50:40--  https://academic.oup.com/ajlh/article-lookup/doi/10.1093/ajlh/njw007
Connecting to academic.oup.com (academic.oup.com)|173.254.190.144|:443... connected.
HTTP request sent, awaiting response... 200 OK
Length: 271039 (265K) [text/html]
Saving to: ‘njw007’

     0K .......... .......... .......... .......... .......... 18%  207K 1s
    50K .......... .......... .......... .......... .......... 37%  606K 1s
   100K .......... .......... .......... .......... .......... 56%  590K 0s
   150K .......... .......... .......... .......... .......... 75%  434K 0s
   200K .......... .......... .......... .......... .......... 94%  394K 0s
   250K .......... ....                                       100% 13.6M=0.7s

2017-02-02 19:50:45 (406 KB/s) - ‘njw007’ saved [271039/271039]

--2017-02-02 19:50:46--  http://doi.org/10.1093/ajlh/njw009
Connecting to doi.org (doi.org)|95.138.171.129|:80... connected.
HTTP request sent, awaiting response... 303 See Other
Location: https://academic.oup.com/ajlh/article-lookup/doi/10.1093/ajlh/njw009 [following]
--2017-02-02 19:50:47--  https://academic.oup.com/ajlh/article-lookup/doi/10.1093/ajlh/njw009
Connecting to academic.oup.com (academic.oup.com)|173.254.190.144|:443... connected.
HTTP request sent, awaiting response... 200 OK
Length: 70652 (69K) [text/html]
Saving to: ‘njw009’

     0K .......... .......... .......... .......... .......... 72%  209K 0s
    50K .......... ........                                   100% 15.1M=0.2s

2017-02-02 19:50:51 (287 KB/s) - ‘njw009’ saved [70652/70652]

--2017-02-02 19:50:52--  http://doi.org/10.1093/ajlh/njw010
Connecting to doi.org (doi.org)|95.138.171.129|:80... connected.
HTTP request sent, awaiting response... 303 See Other
Location: https://academic.oup.com/ajlh/article-lookup/doi/10.1093/ajlh/njw010 [following]
--2017-02-02 19:50:53--  https://academic.oup.com/ajlh/article-lookup/doi/10.1093/ajlh/njw010
Connecting to academic.oup.com (academic.oup.com)|173.254.190.144|:443... connected.
HTTP request sent, awaiting response... 200 OK
Length: 70684 (69K) [text/html]
Saving to: ‘njw010’

     0K .......... .......... .......... .......... .......... 72%  308K 0s
    50K .......... .........                                  100%  241K=0.2s

2017-02-02 19:50:59 (286 KB/s) - ‘njw010’ saved [70684/70684]

--2017-02-02 19:51:00--  http://doi.org/10.1093/ajlh/njw008
Connecting to doi.org (doi.org)|95.138.171.129|:80... connected.
HTTP request sent, awaiting response... 303 See Other
Location: https://academic.oup.com/ajlh/article-lookup/doi/10.1093/ajlh/njw008 [following]
--2017-02-02 19:51:01--  https://academic.oup.com/ajlh/article-lookup/doi/10.1093/ajlh/njw008
Connecting to academic.oup.com (academic.oup.com)|173.254.190.144|:443... connected.
HTTP request sent, awaiting response... 200 OK
Length: 71185 (70K) [text/html]
Saving to: ‘njw008’

     0K .......... .......... .......... .......... .......... 71%  209K 0s
    50K .......... .........                                  100% 13.8M=0.2s

2017-02-02 19:51:04 (288 KB/s) - ‘njw008’ saved [71185/71185]

--2017-02-02 19:51:05--  http://doi.org/10.1093/ajlh/njw006
Connecting to doi.org (doi.org)|95.138.171.129|:80... connected.
HTTP request sent, awaiting response... 303 See Other
Location: https://academic.oup.com/ajlh/article-lookup/doi/10.1093/ajlh/njw006 [following]
--2017-02-02 19:51:06--  https://academic.oup.com/ajlh/article-lookup/doi/10.1093/ajlh/njw006
Connecting to academic.oup.com (academic.oup.com)|173.254.190.144|:443... connected.
HTTP request sent, awaiting response... 200 OK
Length: 175490 (171K) [text/html]
Saving to: ‘njw006’

     0K .......... .......... .......... .......... .......... 29%  209K 1s
    50K .......... .......... .......... .......... .......... 58%  607K 0s
   100K .......... .......... .......... .......... .......... 87%  613K 0s
   150K .......... .......... .                               100%  274K=0.5s

2017-02-02 19:51:10 (356 KB/s) - ‘njw006’ saved [175490/175490]

--2017-02-02 19:51:11--  http://doi.org/10.1093/ajlh/njw003
Connecting to doi.org (doi.org)|95.138.171.129|:80... connected.
HTTP request sent, awaiting response... 303 See Other
Location: https://academic.oup.com/ajlh/article-lookup/doi/10.1093/ajlh/njw003 [following]
--2017-02-02 19:51:12--  https://academic.oup.com/ajlh/article-lookup/doi/10.1093/ajlh/njw003
Connecting to academic.oup.com (academic.oup.com)|173.254.190.144|:443... connected.
HTTP request sent, awaiting response... 200 OK
Length: 399957 (391K) [text/html]
Saving to: ‘njw003’

     0K .......... .......... .......... .......... .......... 12%  209K 2s
    50K .......... .......... .......... .......... .......... 25%  607K 1s
   100K .......... .......... .......... .......... .......... 38%  606K 1s
   150K .......... .......... .......... .......... .......... 51%  316K 1s
   200K .......... .......... .......... .......... .......... 64%  595K 0s
   250K .......... .......... .......... .......... .......... 76%  611K 0s
   300K .......... .......... .......... .......... .......... 89%  605K 0s
   350K .......... .......... .......... ..........           100%  501K=0.9s

2017-02-02 19:51:17 (438 KB/s) - ‘njw003’ saved [399957/399957]

--2017-02-02 19:51:18--  http://doi.org/10.1093/ajlh/njw004
Connecting to doi.org (doi.org)|95.138.171.129|:80... connected.
HTTP request sent, awaiting response... 303 See Other
Location: https://academic.oup.com/ajlh/article-lookup/doi/10.1093/ajlh/njw004 [following]
--2017-02-02 19:51:19--  https://academic.oup.com/ajlh/article-lookup/doi/10.1093/ajlh/njw004
Connecting to academic.oup.com (academic.oup.com)|173.254.190.144|:443... connected.
HTTP request sent, awaiting response... 200 OK
Length: 70416 (69K) [text/html]
Saving to: ‘njw004’

     0K .......... .......... .......... .......... .......... 72%  208K 0s
    50K .......... ........                                   100% 15.8M=0.2s

2017-02-02 19:51:22 (285 KB/s) - ‘njw004’ saved [70416/70416]

--2017-02-02 19:51:23--  http://doi.org/10.1093/ajlh/njw002
Connecting to doi.org (doi.org)|95.138.171.129|:80... connected.
HTTP request sent, awaiting response... 303 See Other
Location: https://academic.oup.com/ajlh/article-lookup/doi/10.1093/ajlh/njw002 [following]
--2017-02-02 19:51:24--  https://academic.oup.com/ajlh/article-lookup/doi/10.1093/ajlh/njw002
Connecting to academic.oup.com (academic.oup.com)|173.254.190.144|:443... connected.
HTTP request sent, awaiting response... 200 OK
Length: 258787 (253K) [text/html]
Saving to: ‘njw002’

     0K .......... .......... .......... .......... .......... 19%  209K 1s
    50K .......... .......... .......... .......... .......... 39%  609K 0s
   100K .......... .......... .......... .......... .......... 59%  602K 0s
   150K .......... .......... .......... .......... .......... 79%  320K 0s
   200K .......... .......... .......... .......... .......... 98%  598K 0s
   250K ..                                                    100% 5191G=0.6s

2017-02-02 19:51:28 (392 KB/s) - ‘njw002’ saved [258787/258787]

--2017-02-02 19:51:29--  http://doi.org/10.1093/ajlh/njw001
Connecting to doi.org (doi.org)|95.138.171.129|:80... connected.
HTTP request sent, awaiting response... 303 See Other
Location: https://academic.oup.com/ajlh/article-lookup/doi/10.1093/ajlh/njw001 [following]
--2017-02-02 19:51:30--  https://academic.oup.com/ajlh/article-lookup/doi/10.1093/ajlh/njw001
Connecting to academic.oup.com (academic.oup.com)|173.254.190.144|:443... connected.
HTTP request sent, awaiting response... 200 OK
Length: 70461 (69K) [text/html]
Saving to: ‘njw001’

     0K .......... .......... .......... .......... .......... 72%  209K 0s
    50K .......... ........                                   100% 14.7M=0.2s

2017-02-02 19:51:34 (287 KB/s) - ‘njw001’ saved [70461/70461]

--2017-02-02 19:51:35--  http://doi.org/10.1093/ajlh/njw005
Connecting to doi.org (doi.org)|95.138.171.129|:80... connected.
HTTP request sent, awaiting response... 303 See Other
Location: https://academic.oup.com/ajlh/article-lookup/doi/10.1093/ajlh/njw005 [following]
--2017-02-02 19:51:36--  https://academic.oup.com/ajlh/article-lookup/doi/10.1093/ajlh/njw005
Connecting to academic.oup.com (academic.oup.com)|173.254.190.144|:443... connected.
HTTP request sent, awaiting response... 200 OK
Length: 70663 (69K) [text/html]
Saving to: ‘njw005’

     0K .......... .......... .......... .......... .......... 72%  208K 0s
    50K .......... .........                                  100% 14.5M=0.2s

2017-02-02 19:51:43 (285 KB/s) - ‘njw005’ saved [70663/70663]

--2017-02-02 19:51:44--  http://doi.org/10.1093/ajlh/njv017
Connecting to doi.org (doi.org)|95.138.171.129|:80... connected.
HTTP request sent, awaiting response... 303 See Other
Location: https://academic.oup.com/ajlh/article-lookup/doi/10.1093/ajlh/njv017 [following]
--2017-02-02 19:51:45--  https://academic.oup.com/ajlh/article-lookup/doi/10.1093/ajlh/njv017
Connecting to academic.oup.com (academic.oup.com)|173.254.190.144|:443... connected.
HTTP request sent, awaiting response... 200 OK
Length: 179212 (175K) [text/html]
Saving to: ‘njv017’

     0K .......... .......... .......... .......... .......... 28%  208K 1s
    50K .......... .......... .......... .......... .......... 57%  571K 0s
   100K .......... .......... .......... .......... .......... 85%  608K 0s
   150K .......... .......... .....                           100%  343K=0.5s

2017-02-02 19:51:49 (362 KB/s) - ‘njv017’ saved [179212/179212]

--2017-02-02 19:51:50--  http://doi.org/10.1093/ajlh/njv010
Connecting to doi.org (doi.org)|95.138.171.129|:80... connected.
HTTP request sent, awaiting response... 303 See Other
Location: https://academic.oup.com/ajlh/article-lookup/doi/10.1093/ajlh/njv010 [following]
--2017-02-02 19:51:51--  https://academic.oup.com/ajlh/article-lookup/doi/10.1093/ajlh/njv010
Connecting to academic.oup.com (academic.oup.com)|173.254.190.144|:443... connected.
HTTP request sent, awaiting response... 400 Bad Request
2017-02-02 19:51:52 ERROR 400: Bad Request.

--2017-02-02 19:51:53--  http://doi.org/10.1093/ajlh/njv012
Connecting to doi.org (doi.org)|95.138.171.129|:80... connected.
HTTP request sent, awaiting response... 303 See Other
Location: https://academic.oup.com/ajlh/article-lookup/doi/10.1093/ajlh/njv012 [following]
--2017-02-02 19:51:54--  https://academic.oup.com/ajlh/article-lookup/doi/10.1093/ajlh/njv012
Connecting to academic.oup.com (academic.oup.com)|173.254.190.144|:443... connected.
HTTP request sent, awaiting response... 200 OK
Length: 128230 (125K) [text/html]
Saving to: ‘njv012’

     0K .......... .......... .......... .......... .......... 39%  309K 0s
    50K .......... .......... .......... .......... .......... 79%  309K 0s
   100K .......... .......... .....                           100% 14.8M=0.3s

2017-02-02 19:51:58 (385 KB/s) - ‘njv012’ saved [128230/128230]

--2017-02-02 19:51:59--  http://doi.org/10.1093/ajlh/njv027
Connecting to doi.org (doi.org)|95.138.171.129|:80... connected.
HTTP request sent, awaiting response... 303 See Other
Location: https://academic.oup.com/ajlh/article-lookup/doi/10.1093/ajlh/njv027 [following]
--2017-02-02 19:52:00--  https://academic.oup.com/ajlh/article-lookup/doi/10.1093/ajlh/njv027
Connecting to academic.oup.com (academic.oup.com)|173.254.190.144|:443... connected.
HTTP request sent, awaiting response... 200 OK
Length: 89115 (87K) [text/html]
Saving to: ‘njv027’

     0K .......... .......... .......... .......... .......... 57%  208K 0s
    50K .......... .......... .......... .......              100% 6.46M=0.2s

2017-02-02 19:52:05 (355 KB/s) - ‘njv027’ saved [89115/89115]

--2017-02-02 19:52:06--  http://doi.org/10.1093/ajlh/njv015
Connecting to doi.org (doi.org)|95.138.171.129|:80... connected.
HTTP request sent, awaiting response... 303 See Other
Location: https://academic.oup.com/ajlh/article-lookup/doi/10.1093/ajlh/njv015 [following]
--2017-02-02 19:52:08--  https://academic.oup.com/ajlh/article-lookup/doi/10.1093/ajlh/njv015
Connecting to academic.oup.com (academic.oup.com)|173.254.190.144|:443... connected.
HTTP request sent, awaiting response... 200 OK
Length: 134541 (131K) [text/html]
Saving to: ‘njv015’

     0K .......... .......... .......... .......... .......... 38%  209K 0s
    50K .......... .......... .......... .......... .......... 76%  605K 0s
   100K .......... .......... .......... .                    100%  404K=0.4s

2017-02-02 19:52:11 (329 KB/s) - ‘njv015’ saved [134541/134541]

--2017-02-02 19:52:12--  http://doi.org/10.1093/ajlh/njv011
Connecting to doi.org (doi.org)|95.138.171.129|:80... connected.
HTTP request sent, awaiting response... 303 See Other
Location: https://academic.oup.com/ajlh/article-lookup/doi/10.1093/ajlh/njv011 [following]
--2017-02-02 19:52:14--  https://academic.oup.com/ajlh/article-lookup/doi/10.1093/ajlh/njv011
Connecting to academic.oup.com (academic.oup.com)|173.254.190.144|:443... connected.
HTTP request sent, awaiting response... 200 OK
Length: 104269 (102K) [text/html]
Saving to: ‘njv011’

     0K .......... .......... .......... .......... .......... 49%  207K 0s
    50K .......... .......... .......... .......... .......... 98%  605K 0s
   100K .                                                     100% 3481G=0.3s

2017-02-02 19:52:20 (314 KB/s) - ‘njv011’ saved [104269/104269]

--2017-02-02 19:52:21--  http://doi.org/10.1093/ajlh/njv016
Connecting to doi.org (doi.org)|95.138.171.129|:80... connected.
HTTP request sent, awaiting response... 303 See Other
Location: https://academic.oup.com/ajlh/article-lookup/doi/10.1093/ajlh/njv016 [following]
--2017-02-02 19:52:22--  https://academic.oup.com/ajlh/article-lookup/doi/10.1093/ajlh/njv016
Connecting to academic.oup.com (academic.oup.com)|173.254.190.144|:443... connected.
HTTP request sent, awaiting response... 200 OK
Length: 116585 (114K) [text/html]
Saving to: ‘njv016’

     0K .......... .......... .......... .......... .......... 43%  209K 0s
    50K .......... .......... .......... .......... .......... 87%  596K 0s
   100K .......... ...                                        100% 24.6M=0.3s

2017-02-02 19:52:27 (351 KB/s) - ‘njv016’ saved [116585/116585]

--2017-02-02 19:52:28--  http://doi.org/10.1093/ajlh/njv009
Connecting to doi.org (doi.org)|95.138.171.129|:80... connected.
HTTP request sent, awaiting response... 303 See Other
Location: https://academic.oup.com/ajlh/article-lookup/doi/10.1093/ajlh/njv009 [following]
--2017-02-02 19:52:29--  https://academic.oup.com/ajlh/article-lookup/doi/10.1093/ajlh/njv009
Connecting to academic.oup.com (academic.oup.com)|173.254.190.144|:443... connected.
HTTP request sent, awaiting response... 200 OK
Length: 117731 (115K) [text/html]
Saving to: ‘njv009’

     0K .......... .......... .......... .......... .......... 43%  208K 0s
    50K .......... .......... .......... .......... .......... 86%  591K 0s
   100K .......... ....                                       100% 11.1M=0.3s

2017-02-02 19:52:41 (353 KB/s) - ‘njv009’ saved [117731/117731]

--2017-02-02 19:52:42--  http://doi.org/10.1093/ajlh/njv020
Connecting to doi.org (doi.org)|95.138.171.129|:80... connected.
HTTP request sent, awaiting response... 303 See Other
Location: https://academic.oup.com/ajlh/article-lookup/doi/10.1093/ajlh/njv020 [following]
--2017-02-02 19:52:43--  https://academic.oup.com/ajlh/article-lookup/doi/10.1093/ajlh/njv020
Connecting to academic.oup.com (academic.oup.com)|173.254.190.144|:443... connected.
HTTP request sent, awaiting response... 200 OK
Length: 111222 (109K) [text/html]
Saving to: ‘njv020’

     0K .......... .......... .......... .......... .......... 46%  209K 0s
    50K .......... .......... .......... .......... .......... 92%  609K 0s
   100K ........                                              100% 20.3M=0.3s

2017-02-02 19:52:46 (338 KB/s) - ‘njv020’ saved [111222/111222]

--2017-02-02 19:52:47--  http://doi.org/10.1093/ajlh/njv019
Connecting to doi.org (doi.org)|95.138.171.129|:80... connected.
HTTP request sent, awaiting response... 303 See Other
Location: https://academic.oup.com/ajlh/article-lookup/doi/10.1093/ajlh/njv019 [following]
--2017-02-02 19:52:49--  https://academic.oup.com/ajlh/article-lookup/doi/10.1093/ajlh/njv019
Connecting to academic.oup.com (academic.oup.com)|173.254.190.144|:443... connected.
HTTP request sent, awaiting response... 200 OK
Length: 100068 (98K) [text/html]
Saving to: ‘njv019’

     0K .......... .......... .......... .......... .......... 51%  308K 0s
    50K .......... .......... .......... .......... .......   100%  299K=0.3s

2017-02-02 19:52:53 (303 KB/s) - ‘njv019’ saved [100068/100068]

--2017-02-02 19:52:54--  http://doi.org/10.1093/ajlh/njv024
Connecting to doi.org (doi.org)|95.138.171.129|:80... connected.
HTTP request sent, awaiting response... 303 See Other
Location: https://academic.oup.com/ajlh/article-lookup/doi/10.1093/ajlh/njv024 [following]
--2017-02-02 19:52:55--  https://academic.oup.com/ajlh/article-lookup/doi/10.1093/ajlh/njv024
Connecting to academic.oup.com (academic.oup.com)|173.254.190.144|:443... connected.
HTTP request sent, awaiting response... 200 OK
Length: 138486 (135K) [text/html]
Saving to: ‘njv024’

     0K .......... .......... .......... .......... .......... 36%  209K 0s
    50K .......... .......... .......... .......... .......... 73%  605K 0s
   100K .......... .......... .......... .....                100%  440K=0.4s

2017-02-02 19:52:59 (336 KB/s) - ‘njv024’ saved [138486/138486]

--2017-02-02 19:53:00--  http://doi.org/10.1093/ajlh/njv018
Connecting to doi.org (doi.org)|95.138.171.129|:80... connected.
HTTP request sent, awaiting response... 303 See Other
Location: https://academic.oup.com/ajlh/article-lookup/doi/10.1093/ajlh/njv018 [following]
--2017-02-02 19:53:01--  https://academic.oup.com/ajlh/article-lookup/doi/10.1093/ajlh/njv018
Connecting to academic.oup.com (academic.oup.com)|173.254.190.144|:443... connected.
HTTP request sent, awaiting response... 400 Bad Request
2017-02-02 19:53:02 ERROR 400: Bad Request.

--2017-02-02 19:53:03--  http://doi.org/10.1093/ajlh/njv026
Connecting to doi.org (doi.org)|95.138.171.129|:80... connected.
HTTP request sent, awaiting response... 303 See Other
Location: https://academic.oup.com/ajlh/article-lookup/doi/10.1093/ajlh/njv026 [following]
--2017-02-02 19:53:04--  https://academic.oup.com/ajlh/article-lookup/doi/10.1093/ajlh/njv026
Connecting to academic.oup.com (academic.oup.com)|173.254.190.144|:443... connected.
HTTP request sent, awaiting response... 400 Bad Request
2017-02-02 19:53:06 ERROR 400: Bad Request.

--2017-02-02 19:53:07--  http://doi.org/10.1093/ajlh/njv021
Connecting to doi.org (doi.org)|95.138.171.129|:80... connected.
HTTP request sent, awaiting response... 303 See Other
Location: https://academic.oup.com/ajlh/article-lookup/doi/10.1093/ajlh/njv021 [following]
--2017-02-02 19:53:08--  https://academic.oup.com/ajlh/article-lookup/doi/10.1093/ajlh/njv021
Connecting to academic.oup.com (academic.oup.com)|173.254.190.144|:443... connected.
HTTP request sent, awaiting response... 400 Bad Request
2017-02-02 19:53:09 ERROR 400: Bad Request.

--2017-02-02 19:53:10--  http://doi.org/10.1093/ajlh/njv025
Connecting to doi.org (doi.org)|95.138.171.129|:80... connected.
HTTP request sent, awaiting response... 303 See Other
Location: https://academic.oup.com/ajlh/article-lookup/doi/10.1093/ajlh/njv025 [following]
--2017-02-02 19:53:11--  https://academic.oup.com/ajlh/article-lookup/doi/10.1093/ajlh/njv025
Connecting to academic.oup.com (academic.oup.com)|173.254.190.144|:443... connected.
HTTP request sent, awaiting response... 200 OK
Length: 109544 (107K) [text/html]
Saving to: ‘njv025’

     0K .......... .......... .......... .......... .......... 46%  207K 0s
    50K .......... .......... .......... .......... .......... 93%  605K 0s
   100K ......                                                100% 46.6M=0.3s

2017-02-02 19:53:14 (330 KB/s) - ‘njv025’ saved [109544/109544]

--2017-02-02 19:53:15--  http://doi.org/10.1093/ajlh/njv022
Connecting to doi.org (doi.org)|95.138.171.129|:80... connected.
HTTP request sent, awaiting response... 303 See Other
Location: https://academic.oup.com/ajlh/article-lookup/doi/10.1093/ajlh/njv022 [following]
--2017-02-02 19:53:16--  https://academic.oup.com/ajlh/article-lookup/doi/10.1093/ajlh/njv022
Connecting to academic.oup.com (academic.oup.com)|173.254.190.144|:443... connected.
HTTP request sent, awaiting response... 200 OK
Length: 112110 (109K) [text/html]
Saving to: ‘njv022’

     0K .......... .......... .......... .......... .......... 45%  206K 0s
    50K .......... .......... .......... .......... .......... 91%  600K 0s
   100K .........                                             100% 38.9M=0.3s

2017-02-02 19:53:20 (335 KB/s) - ‘njv022’ saved [112110/112110]

--2017-02-02 19:53:21--  http://doi.org/10.1093/ajlh/njv008
Connecting to doi.org (doi.org)|95.138.171.129|:80... connected.
HTTP request sent, awaiting response... 303 See Other
Location: https://academic.oup.com/ajlh/article-lookup/doi/10.1093/ajlh/njv008 [following]
--2017-02-02 19:53:22--  https://academic.oup.com/ajlh/article-lookup/doi/10.1093/ajlh/njv008
Connecting to academic.oup.com (academic.oup.com)|173.254.190.144|:443... connected.
HTTP request sent, awaiting response... 200 OK
Length: 89246 (87K) [text/html]
Saving to: ‘njv008’

     0K .......... .......... .......... .......... .......... 57%  209K 0s
    50K .......... .......... .......... .......              100%  462K=0.3s

2017-02-02 19:53:26 (272 KB/s) - ‘njv008’ saved [89246/89246]

--2017-02-02 19:53:27--  http://doi.org/10.1093/ajlh/njv014
Connecting to doi.org (doi.org)|95.138.171.129|:80... connected.
HTTP request sent, awaiting response... 303 See Other
Location: https://academic.oup.com/ajlh/article-lookup/doi/10.1093/ajlh/njv014 [following]
--2017-02-02 19:53:28--  https://academic.oup.com/ajlh/article-lookup/doi/10.1093/ajlh/njv014
Connecting to academic.oup.com (academic.oup.com)|173.254.190.144|:443... connected.
HTTP request sent, awaiting response... 200 OK
Length: 127636 (125K) [text/html]
Saving to: ‘njv014’

     0K .......... .......... .......... .......... .......... 40%  209K 0s
    50K .......... .......... .......... .......... .......... 80%  605K 0s
   100K .......... .......... ....                            100% 6.67M=0.3s

2017-02-02 19:53:31 (383 KB/s) - ‘njv014’ saved [127636/127636]

--2017-02-02 19:53:32--  http://doi.org/10.1093/ajlh/njv023
Connecting to doi.org (doi.org)|95.138.171.129|:80... connected.
HTTP request sent, awaiting response... 303 See Other
Location: https://academic.oup.com/ajlh/article-lookup/doi/10.1093/ajlh/njv023 [following]
--2017-02-02 19:53:33--  https://academic.oup.com/ajlh/article-lookup/doi/10.1093/ajlh/njv023
Connecting to academic.oup.com (academic.oup.com)|173.254.190.144|:443... connected.
HTTP request sent, awaiting response... 200 OK
Length: 144913 (142K) [text/html]
Saving to: ‘njv023’

     0K .......... .......... .......... .......... .......... 35%  208K 0s
    50K .......... .......... .......... .......... .......... 70%  608K 0s
   100K .......... .......... .......... .......... .         100%  512K=0.4s

2017-02-02 19:53:38 (351 KB/s) - ‘njv023’ saved [144913/144913]

--2017-02-02 19:53:39--  http://doi.org/10.1093/ajlh/njv028
Connecting to doi.org (doi.org)|95.138.171.129|:80... connected.
HTTP request sent, awaiting response... 303 See Other
Location: https://academic.oup.com/ajlh/article-lookup/doi/10.1093/ajlh/njv028 [following]
--2017-02-02 19:53:40--  https://academic.oup.com/ajlh/article-lookup/doi/10.1093/ajlh/njv028
Connecting to academic.oup.com (academic.oup.com)|173.254.190.144|:443... connected.
HTTP request sent, awaiting response... 200 OK
Length: 148614 (145K) [text/html]
Saving to: ‘njv028’

     0K .......... .......... .......... .......... .......... 34%  209K 0s
    50K .......... .......... .......... .......... .......... 68%  606K 0s
   100K .......... .......... .......... .......... .....     100%  552K=0.4s

2017-02-02 19:53:43 (360 KB/s) - ‘njv028’ saved [148614/148614]

--2017-02-02 19:53:44--  http://doi.org/10.1093/ajlh/njv013
Connecting to doi.org (doi.org)|95.138.171.129|:80... connected.
HTTP request sent, awaiting response... 303 See Other
Location: https://academic.oup.com/ajlh/article-lookup/doi/10.1093/ajlh/njv013 [following]
--2017-02-02 19:53:45--  https://academic.oup.com/ajlh/article-lookup/doi/10.1093/ajlh/njv013
Connecting to academic.oup.com (academic.oup.com)|173.254.190.144|:443... connected.
HTTP request sent, awaiting response... 200 OK
Length: 101608 (99K) [text/html]
Saving to: ‘njv013’

     0K .......... .......... .......... .......... .......... 50%  208K 0s
    50K .......... .......... .......... .......... ......... 100%  601K=0.3s

2017-02-02 19:53:49 (308 KB/s) - ‘njv013’ saved [101608/101608]

--2017-02-02 19:53:50--  http://doi.org/10.1093/ajlh/njw023
Connecting to doi.org (doi.org)|95.138.171.129|:80... connected.
HTTP request sent, awaiting response... 303 See Other
Location: http://fdslive.oup.com/www.oup.com/pdf/production_in_progress.pdf [following]
--2017-02-02 19:53:51--  http://fdslive.oup.com/www.oup.com/pdf/production_in_progress.pdf
Resolving fdslive.oup.com (fdslive.oup.com)... 193.67.160.201
Connecting to fdslive.oup.com (fdslive.oup.com)|193.67.160.201|:80... connected.
HTTP request sent, awaiting response... 200 OK
Length: 52438 (51K) [application/pdf]
Saving to: ‘njw023’

     0K .......... .......... .......... .......... .......... 97% 1.16M 0s
    50K .                                                     100% 2306G=0.04s

2017-02-02 19:53:51 (1.19 MB/s) - ‘njw023’ saved [52438/52438]

--2017-02-02 19:53:52--  http://doi.org/10.1093/ajlh/55.3.313
Connecting to doi.org (doi.org)|95.138.171.129|:80... connected.
HTTP request sent, awaiting response... 303 See Other
Location: https://academic.oup.com/ajlh/article-lookup/doi/10.1093/ajlh/55.3.313 [following]
--2017-02-02 19:53:53--  https://academic.oup.com/ajlh/article-lookup/doi/10.1093/ajlh/55.3.313
Connecting to academic.oup.com (academic.oup.com)|173.254.190.144|:443... connected.
HTTP request sent, awaiting response... 200 OK
Length: 65430 (64K) [text/html]
Saving to: ‘55.3.313’

     0K .......... .......... .......... .......... .......... 78%  209K 0s
    50K .......... ...                                        100% 14.3M=0.2s

2017-02-02 19:53:57 (266 KB/s) - ‘55.3.313’ saved [65430/65430]

--2017-02-02 19:53:58--  http://doi.org/10.1093/ajlh/55.3.347
Connecting to doi.org (doi.org)|95.138.171.129|:80... connected.
HTTP request sent, awaiting response... 303 See Other
Location: https://academic.oup.com/ajlh/article-lookup/doi/10.1093/ajlh/55.3.347 [following]
--2017-02-02 19:53:59--  https://academic.oup.com/ajlh/article-lookup/doi/10.1093/ajlh/55.3.347
Connecting to academic.oup.com (academic.oup.com)|173.254.190.144|:443... connected.
HTTP request sent, awaiting response... 200 OK
Length: 65075 (64K) [text/html]
Saving to: ‘55.3.347’

     0K .......... .......... .......... .......... .......... 78%  209K 0s
    50K .......... ...                                        100% 16.1M=0.2s

2017-02-02 19:54:03 (264 KB/s) - ‘55.3.347’ saved [65075/65075]

--2017-02-02 19:54:04--  http://doi.org/10.1093/ajlh/55.3.287
Connecting to doi.org (doi.org)|95.138.171.129|:80... connected.
HTTP request sent, awaiting response... 303 See Other
Location: https://academic.oup.com/ajlh/article-lookup/doi/10.1093/ajlh/55.3.287 [following]
--2017-02-02 19:54:05--  https://academic.oup.com/ajlh/article-lookup/doi/10.1093/ajlh/55.3.287
Connecting to academic.oup.com (academic.oup.com)|173.254.190.144|:443... connected.
HTTP request sent, awaiting response... 200 OK
Length: 66819 (65K) [text/html]
Saving to: ‘55.3.287’

     0K .......... .......... .......... .......... .......... 76%  208K 0s
    50K .......... .....                                      100% 15.0M=0.2s

2017-02-02 19:54:08 (270 KB/s) - ‘55.3.287’ saved [66819/66819]

--2017-02-02 19:54:09--  http://doi.org/10.1093/ajlh/55.3.229
Connecting to doi.org (doi.org)|95.138.171.129|:80... connected.
HTTP request sent, awaiting response... 303 See Other
Location: https://academic.oup.com/ajlh/article-lookup/doi/10.1093/ajlh/55.3.229 [following]
--2017-02-02 19:54:11--  https://academic.oup.com/ajlh/article-lookup/doi/10.1093/ajlh/55.3.229
Connecting to academic.oup.com (academic.oup.com)|173.254.190.144|:443... connected.
HTTP request sent, awaiting response... 200 OK
Length: 64981 (63K) [text/html]
Saving to: ‘55.3.229’

     0K .......... .......... .......... .......... .......... 78%  209K 0s
    50K .......... ...                                        100% 22.7M=0.2s

2017-02-02 19:54:15 (264 KB/s) - ‘55.3.229’ saved [64981/64981]

--2017-02-02 19:54:16--  http://doi.org/10.1093/ajlh/55.2.149
Connecting to doi.org (doi.org)|95.138.171.129|:80... connected.
HTTP request sent, awaiting response... 303 See Other
Location: https://academic.oup.com/ajlh/article-lookup/doi/10.1093/ajlh/55.2.149 [following]
--2017-02-02 19:54:17--  https://academic.oup.com/ajlh/article-lookup/doi/10.1093/ajlh/55.2.149
Connecting to academic.oup.com (academic.oup.com)|173.254.190.144|:443... connected.
HTTP request sent, awaiting response... 400 Bad Request
2017-02-02 19:54:17 ERROR 400: Bad Request.

--2017-02-02 19:54:18--  http://doi.org/10.1093/ajlh/55.2.208
Connecting to doi.org (doi.org)|95.138.171.129|:80... connected.
HTTP request sent, awaiting response... 303 See Other
Location: https://academic.oup.com/ajlh/article-lookup/doi/10.1093/ajlh/55.2.208 [following]
--2017-02-02 19:54:19--  https://academic.oup.com/ajlh/article-lookup/doi/10.1093/ajlh/55.2.208
Connecting to academic.oup.com (academic.oup.com)|173.254.190.144|:443... connected.
HTTP request sent, awaiting response... 200 OK
Length: 65469 (64K) [text/html]
Saving to: ‘55.2.208’

     0K .......... .......... .......... .......... .......... 78%  209K 0s
    50K .......... ...                                        100% 16.7M=0.2s

2017-02-02 19:54:23 (266 KB/s) - ‘55.2.208’ saved [65469/65469]

--2017-02-02 19:54:24--  http://doi.org/10.1093/ajlh/55.2.227
Connecting to doi.org (doi.org)|95.138.171.129|:80... connected.
HTTP request sent, awaiting response... 303 See Other
Location: https://academic.oup.com/ajlh/article-lookup/doi/10.1093/ajlh/55.2.227 [following]
--2017-02-02 19:54:25--  https://academic.oup.com/ajlh/article-lookup/doi/10.1093/ajlh/55.2.227
Connecting to academic.oup.com (academic.oup.com)|173.254.190.144|:443... connected.
HTTP request sent, awaiting response... 200 OK
Length: 76639 (75K) [text/html]
Saving to: ‘55.2.227’

     0K .......... .......... .......... .......... .......... 66%  209K 0s
    50K .......... .......... ....                            100% 12.5M=0.2s

2017-02-02 19:54:29 (311 KB/s) - ‘55.2.227’ saved [76639/76639]

--2017-02-02 19:54:30--  http://doi.org/10.1093/ajlh/55.2.194
Connecting to doi.org (doi.org)|95.138.171.129|:80... connected.
HTTP request sent, awaiting response... 303 See Other
Location: https://academic.oup.com/ajlh/article-lookup/doi/10.1093/ajlh/55.2.194 [following]
--2017-02-02 19:54:31--  https://academic.oup.com/ajlh/article-lookup/doi/10.1093/ajlh/55.2.194
Connecting to academic.oup.com (academic.oup.com)|173.254.190.144|:443... connected.
HTTP request sent, awaiting response... 200 OK
Length: 67449 (66K) [text/html]
Saving to: ‘55.2.194’

     0K .......... .......... .......... .......... .......... 75%  209K 0s
    50K .......... .....                                      100% 15.0M=0.2s

2017-02-02 19:54:35 (274 KB/s) - ‘55.2.194’ saved [67449/67449]

--2017-02-02 19:54:36--  http://doi.org/10.1093/ajlh/55.1.iii
Connecting to doi.org (doi.org)|95.138.171.129|:80... connected.
HTTP request sent, awaiting response... 303 See Other
Location: https://academic.oup.com/ajlh/article-lookup/doi/10.1093/ajlh/55.1.iii [following]
--2017-02-02 19:54:37--  https://academic.oup.com/ajlh/article-lookup/doi/10.1093/ajlh/55.1.iii
Connecting to academic.oup.com (academic.oup.com)|173.254.190.144|:443... connected.
HTTP request sent, awaiting response... 200 OK
Length: 63579 (62K) [text/html]
Saving to: ‘55.1.iii’

     0K .......... .......... .......... .......... .......... 80%  209K 0s
    50K .......... ..                                         100% 18.4M=0.2s

2017-02-02 19:54:41 (258 KB/s) - ‘55.1.iii’ saved [63579/63579]

--2017-02-02 19:54:42--  http://doi.org/10.1093/ajlh/55.1.34
Connecting to doi.org (doi.org)|95.138.171.129|:80... connected.
HTTP request sent, awaiting response... 303 See Other
Location: https://academic.oup.com/ajlh/article-lookup/doi/10.1093/ajlh/55.1.34 [following]
--2017-02-02 19:54:43--  https://academic.oup.com/ajlh/article-lookup/doi/10.1093/ajlh/55.1.34
Connecting to academic.oup.com (academic.oup.com)|173.254.190.144|:443... connected.
HTTP request sent, awaiting response... 200 OK
Length: 64953 (63K) [text/html]
Saving to: ‘55.1.34’

     0K .......... .......... .......... .......... .......... 78%  207K 0s
    50K .......... ...                                        100% 13.9M=0.2s

2017-02-02 19:54:46 (262 KB/s) - ‘55.1.34’ saved [64953/64953]

--2017-02-02 19:54:47--  http://doi.org/10.1093/ajlh/55.1.64
Connecting to doi.org (doi.org)|95.138.171.129|:80... connected.
HTTP request sent, awaiting response... 303 See Other
Location: https://academic.oup.com/ajlh/article-lookup/doi/10.1093/ajlh/55.1.64 [following]
--2017-02-02 19:54:48--  https://academic.oup.com/ajlh/article-lookup/doi/10.1093/ajlh/55.1.64
Connecting to academic.oup.com (academic.oup.com)|173.254.190.144|:443... connected.
HTTP request sent, awaiting response... 400 Bad Request
2017-02-02 19:54:49 ERROR 400: Bad Request.

--2017-02-02 19:54:50--  http://doi.org/10.1093/ajlh/55.1.119
Connecting to doi.org (doi.org)|95.138.171.129|:80... connected.
HTTP request sent, awaiting response... 303 See Other
Location: https://academic.oup.com/ajlh/article-lookup/doi/10.1093/ajlh/55.1.119 [following]
--2017-02-02 19:54:51--  https://academic.oup.com/ajlh/article-lookup/doi/10.1093/ajlh/55.1.119
Connecting to academic.oup.com (academic.oup.com)|173.254.190.144|:443... connected.
HTTP request sent, awaiting response... 400 Bad Request
2017-02-02 19:54:52 ERROR 400: Bad Request.

--2017-02-02 19:54:53--  http://doi.org/10.1093/ajlh/55.1.1
Connecting to doi.org (doi.org)|95.138.171.129|:80... connected.
HTTP request sent, awaiting response... 303 See Other
Location: https://academic.oup.com/ajlh/article-lookup/doi/10.1093/ajlh/55.1.1 [following]
--2017-02-02 19:54:55--  https://academic.oup.com/ajlh/article-lookup/doi/10.1093/ajlh/55.1.1
Connecting to academic.oup.com (academic.oup.com)|173.254.190.144|:443... connected.
HTTP request sent, awaiting response... 200 OK
Length: 66552 (65K) [text/html]
Saving to: ‘55.1.1.1’

     0K .......... .......... .......... .......... .......... 76%  208K 0s
    50K .......... ....                                       100% 16.7M=0.2s

2017-02-02 19:54:58 (269 KB/s) - ‘55.1.1.1’ saved [66552/66552]

--2017-02-02 19:54:59--  http://doi.org/10.1093/ajlh/55.1.89
Connecting to doi.org (doi.org)|95.138.171.129|:80... connected.
HTTP request sent, awaiting response... 303 See Other
Location: https://academic.oup.com/ajlh/article-lookup/doi/10.1093/ajlh/55.1.89 [following]
--2017-02-02 19:55:00--  https://academic.oup.com/ajlh/article-lookup/doi/10.1093/ajlh/55.1.89
Connecting to academic.oup.com (academic.oup.com)|173.254.190.144|:443... connected.
HTTP request sent, awaiting response... 200 OK
Length: 66729 (65K) [text/html]
Saving to: ‘55.1.89’

     0K .......... .......... .......... .......... .......... 76%  208K 0s
    50K .......... .....                                      100% 3.50M=0.2s

2017-02-02 19:55:03 (266 KB/s) - ‘55.1.89’ saved [66729/66729]

--2017-02-02 19:55:04--  http://doi.org/10.1093/ajlh/55.1.v
Connecting to doi.org (doi.org)|95.138.171.129|:80... connected.
HTTP request sent, awaiting response... 303 See Other
Location: https://academic.oup.com/ajlh/article-lookup/doi/10.1093/ajlh/55.1.v [following]
--2017-02-02 19:55:05--  https://academic.oup.com/ajlh/article-lookup/doi/10.1093/ajlh/55.1.v
Connecting to academic.oup.com (academic.oup.com)|173.254.190.144|:443... connected.
HTTP request sent, awaiting response... 200 OK
Length: 64049 (63K) [text/html]
Saving to: ‘55.1.v’

     0K .......... .......... .......... .......... .......... 79%  208K 0s
    50K .......... ..                                         100% 19.0M=0.2s

2017-02-02 19:55:16 (259 KB/s) - ‘55.1.v’ saved [64049/64049]

--2017-02-02 19:55:17--  http://doi.org/10.1093/ajlh/54.4.429
Connecting to doi.org (doi.org)|95.138.171.129|:80... connected.
HTTP request sent, awaiting response... 303 See Other
Location: https://academic.oup.com/ajlh/article-lookup/doi/10.1093/ajlh/54.4.429 [following]
--2017-02-02 19:55:18--  https://academic.oup.com/ajlh/article-lookup/doi/10.1093/ajlh/54.4.429
Connecting to academic.oup.com (academic.oup.com)|173.254.190.144|:443... connected.
HTTP request sent, awaiting response... 200 OK
Length: 67046 (65K) [text/html]
Saving to: ‘54.4.429’

     0K .......... .......... .......... .......... .......... 76%  209K 0s
    50K .......... .....                                      100% 15.2M=0.2s

2017-02-02 19:55:21 (272 KB/s) - ‘54.4.429’ saved [67046/67046]

--2017-02-02 19:55:22--  http://doi.org/10.1093/ajlh/54.4.469
Connecting to doi.org (doi.org)|95.138.171.129|:80... connected.
HTTP request sent, awaiting response... 303 See Other
Location: https://academic.oup.com/ajlh/article-lookup/doi/10.1093/ajlh/54.4.469 [following]
--2017-02-02 19:55:23--  https://academic.oup.com/ajlh/article-lookup/doi/10.1093/ajlh/54.4.469
Connecting to academic.oup.com (academic.oup.com)|173.254.190.144|:443... connected.
HTTP request sent, awaiting response... 400 Bad Request
2017-02-02 19:55:24 ERROR 400: Bad Request.

--2017-02-02 19:55:25--  http://doi.org/10.1093/ajlh/54.3.351
Connecting to doi.org (doi.org)|95.138.171.129|:80... connected.
HTTP request sent, awaiting response... 303 See Other
Location: https://academic.oup.com/ajlh/article-lookup/doi/10.1093/ajlh/54.3.351 [following]
--2017-02-02 19:55:26--  https://academic.oup.com/ajlh/article-lookup/doi/10.1093/ajlh/54.3.351
Connecting to academic.oup.com (academic.oup.com)|173.254.190.144|:443... connected.
HTTP request sent, awaiting response... 200 OK
Length: 65989 (64K) [text/html]
Saving to: ‘54.3.351’

     0K .......... .......... .......... .......... .......... 77%  209K 0s
    50K .......... ....                                       100% 13.5M=0.2s

2017-02-02 19:55:29 (268 KB/s) - ‘54.3.351’ saved [65989/65989]

--2017-02-02 19:55:30--  http://doi.org/10.1093/ajlh/54.3.378
Connecting to doi.org (doi.org)|95.138.171.129|:80... connected.
HTTP request sent, awaiting response... 303 See Other
Location: https://academic.oup.com/ajlh/article-lookup/doi/10.1093/ajlh/54.3.378 [following]
--2017-02-02 19:55:31--  https://academic.oup.com/ajlh/article-lookup/doi/10.1093/ajlh/54.3.378
Connecting to academic.oup.com (academic.oup.com)|173.254.190.144|:443... connected.
HTTP request sent, awaiting response... 200 OK
Length: 66592 (65K) [text/html]
Saving to: ‘54.3.378’

     0K .......... .......... .......... .......... .......... 76%  209K 0s
    50K .......... .....                                      100% 18.1M=0.2s

2017-02-02 19:55:35 (270 KB/s) - ‘54.3.378’ saved [66592/66592]

--2017-02-02 19:55:36--  http://doi.org/10.1093/ajlh/54.3.303
Connecting to doi.org (doi.org)|95.138.171.129|:80... connected.
HTTP request sent, awaiting response... 303 See Other
Location: https://academic.oup.com/ajlh/article-lookup/doi/10.1093/ajlh/54.3.303 [following]
--2017-02-02 19:55:37--  https://academic.oup.com/ajlh/article-lookup/doi/10.1093/ajlh/54.3.303
Connecting to academic.oup.com (academic.oup.com)|173.254.190.144|:443... connected.
HTTP request sent, awaiting response... 200 OK
Length: 70345 (69K) [text/html]
Saving to: ‘54.3.303’

     0K .......... .......... .......... .......... .......... 72%  208K 0s
    50K .......... ........                                   100% 15.6M=0.2s

2017-02-02 19:55:41 (284 KB/s) - ‘54.3.303’ saved [70345/70345]

--2017-02-02 19:55:42--  http://doi.org/10.1093/ajlh/54.3.265
Connecting to doi.org (doi.org)|95.138.171.129|:80... connected.
HTTP request sent, awaiting response... 303 See Other
Location: https://academic.oup.com/ajlh/article-lookup/doi/10.1093/ajlh/54.3.265 [following]
--2017-02-02 19:55:44--  https://academic.oup.com/ajlh/article-lookup/doi/10.1093/ajlh/54.3.265
Connecting to academic.oup.com (academic.oup.com)|173.254.190.144|:443... connected.
HTTP request sent, awaiting response... 200 OK
Length: 66345 (65K) [text/html]
Saving to: ‘54.3.265’

     0K .......... .......... .......... .......... .......... 77%  209K 0s
    50K .......... ....                                       100% 13.6M=0.2s

2017-02-02 19:55:47 (270 KB/s) - ‘54.3.265’ saved [66345/66345]

--2017-02-02 19:55:48--  http://doi.org/10.1093/ajlh/54.2.121
Connecting to doi.org (doi.org)|95.138.171.129|:80... connected.
HTTP request sent, awaiting response... 303 See Other
Location: https://academic.oup.com/ajlh/article-lookup/doi/10.1093/ajlh/54.2.121 [following]
--2017-02-02 19:55:49--  https://academic.oup.com/ajlh/article-lookup/doi/10.1093/ajlh/54.2.121
Connecting to academic.oup.com (academic.oup.com)|173.254.190.144|:443... connected.
HTTP request sent, awaiting response... 200 OK
Length: 66209 (65K) [text/html]
Saving to: ‘54.2.121’

     0K .......... .......... .......... .......... .......... 77%  209K 0s
    50K .......... ....                                       100% 14.9M=0.2s

2017-02-02 19:55:54 (269 KB/s) - ‘54.2.121’ saved [66209/66209]

--2017-02-02 19:55:55--  http://doi.org/10.1093/ajlh/54.2.iii
Connecting to doi.org (doi.org)|95.138.171.129|:80... connected.
HTTP request sent, awaiting response... 303 See Other
Location: https://academic.oup.com/ajlh/article-lookup/doi/10.1093/ajlh/54.2.iii [following]
--2017-02-02 19:55:56--  https://academic.oup.com/ajlh/article-lookup/doi/10.1093/ajlh/54.2.iii
Connecting to academic.oup.com (academic.oup.com)|173.254.190.144|:443... connected.
HTTP request sent, awaiting response... 200 OK
Length: 64002 (63K) [text/html]
Saving to: ‘54.2.iii’

     0K .......... .......... .......... .......... .......... 79%  208K 0s
    50K .......... ..                                         100% 21.2M=0.2s

2017-02-02 19:56:03 (259 KB/s) - ‘54.2.iii’ saved [64002/64002]

--2017-02-02 19:56:04--  http://doi.org/10.1093/ajlh/54.2.200
Connecting to doi.org (doi.org)|95.138.171.129|:80... connected.
HTTP request sent, awaiting response... 303 See Other
Location: https://academic.oup.com/ajlh/article-lookup/doi/10.1093/ajlh/54.2.200 [following]
--2017-02-02 19:56:05--  https://academic.oup.com/ajlh/article-lookup/doi/10.1093/ajlh/54.2.200
Connecting to academic.oup.com (academic.oup.com)|173.254.190.144|:443... connected.
HTTP request sent, awaiting response... 200 OK
Length: 65924 (64K) [text/html]
Saving to: ‘54.2.200’

     0K .......... .......... .......... .......... .......... 77%  209K 0s
    50K .......... ....                                       100% 16.7M=0.2s

2017-02-02 19:56:09 (268 KB/s) - ‘54.2.200’ saved [65924/65924]

--2017-02-02 19:56:10--  http://doi.org/10.1093/ajlh/54.2.147
Connecting to doi.org (doi.org)|95.138.171.129|:80... connected.
HTTP request sent, awaiting response... 303 See Other
Location: https://academic.oup.com/ajlh/article-lookup/doi/10.1093/ajlh/54.2.147 [following]
--2017-02-02 19:56:11--  https://academic.oup.com/ajlh/article-lookup/doi/10.1093/ajlh/54.2.147
Connecting to academic.oup.com (academic.oup.com)|173.254.190.144|:443... connected.
HTTP request sent, awaiting response... 400 Bad Request
2017-02-02 19:56:11 ERROR 400: Bad Request.

--2017-02-02 19:56:12--  http://doi.org/10.1093/ajlh/54.2.168
Connecting to doi.org (doi.org)|95.138.171.129|:80... connected.
HTTP request sent, awaiting response... 303 See Other
Location: https://academic.oup.com/ajlh/article-lookup/doi/10.1093/ajlh/54.2.168 [following]
--2017-02-02 19:56:13--  https://academic.oup.com/ajlh/article-lookup/doi/10.1093/ajlh/54.2.168
Connecting to academic.oup.com (academic.oup.com)|173.254.190.144|:443... connected.
HTTP request sent, awaiting response... 200 OK
Length: 66170 (65K) [text/html]
Saving to: ‘54.2.168’

     0K .......... .......... .......... .......... .......... 77%  209K 0s
    50K .......... ....                                       100% 13.6M=0.2s

2017-02-02 19:56:16 (268 KB/s) - ‘54.2.168’ saved [66170/66170]

--2017-02-02 19:56:17--  http://doi.org/10.1093/ajlh/54.2.107
Connecting to doi.org (doi.org)|95.138.171.129|:80... connected.
HTTP request sent, awaiting response... 303 See Other
Location: https://academic.oup.com/ajlh/article-lookup/doi/10.1093/ajlh/54.2.107 [following]
--2017-02-02 19:56:19--  https://academic.oup.com/ajlh/article-lookup/doi/10.1093/ajlh/54.2.107
Connecting to academic.oup.com (academic.oup.com)|173.254.190.144|:443... connected.
HTTP request sent, awaiting response... 200 OK
Length: 67017 (65K) [text/html]
Saving to: ‘54.2.107’

     0K .......... .......... .......... .......... .......... 76%  209K 0s
    50K .......... .....                                      100% 14.3M=0.2s

2017-02-02 19:56:22 (272 KB/s) - ‘54.2.107’ saved [67017/67017]

--2017-02-02 19:56:23--  http://doi.org/10.1093/ajlh/54.1.39
Connecting to doi.org (doi.org)|95.138.171.129|:80... connected.
HTTP request sent, awaiting response... 303 See Other
Location: https://academic.oup.com/ajlh/article-lookup/doi/10.1093/ajlh/54.1.39 [following]
--2017-02-02 19:56:24--  https://academic.oup.com/ajlh/article-lookup/doi/10.1093/ajlh/54.1.39
Connecting to academic.oup.com (academic.oup.com)|173.254.190.144|:443... connected.
HTTP request sent, awaiting response... 200 OK
Length: 80751 (79K) [text/html]
Saving to: ‘54.1.39’

     0K .......... .......... .......... .......... .......... 63%  209K 0s
    50K .......... .......... ........                        100% 10.5M=0.2s

2017-02-02 19:56:28 (325 KB/s) - ‘54.1.39’ saved [80751/80751]

--2017-02-02 19:56:29--  http://doi.org/10.1093/ajlh/54.1.73
Connecting to doi.org (doi.org)|95.138.171.129|:80... connected.
HTTP request sent, awaiting response... 303 See Other
Location: https://academic.oup.com/ajlh/article-lookup/doi/10.1093/ajlh/54.1.73 [following]
--2017-02-02 19:56:30--  https://academic.oup.com/ajlh/article-lookup/doi/10.1093/ajlh/54.1.73
Connecting to academic.oup.com (academic.oup.com)|173.254.190.144|:443... connected.
HTTP request sent, awaiting response... 200 OK
Length: 68500 (67K) [text/html]
Saving to: ‘54.1.73’

     0K .......... .......... .......... .......... .......... 74%  209K 0s
    50K .......... ......                                     100% 15.8M=0.2s

2017-02-02 19:56:40 (278 KB/s) - ‘54.1.73’ saved [68500/68500]

--2017-02-02 19:56:41--  http://doi.org/10.1093/ajlh/54.1.1
Connecting to doi.org (doi.org)|95.138.171.129|:80... connected.
HTTP request sent, awaiting response... 303 See Other
Location: https://academic.oup.com/ajlh/article-lookup/doi/10.1093/ajlh/54.1.1 [following]
--2017-02-02 19:56:42--  https://academic.oup.com/ajlh/article-lookup/doi/10.1093/ajlh/54.1.1
Connecting to academic.oup.com (academic.oup.com)|173.254.190.144|:443... connected.
HTTP request sent, awaiting response... 200 OK
Length: 66472 (65K) [text/html]
Saving to: ‘54.1.1.1’

     0K .......... .......... .......... .......... .......... 77%  209K 0s
    50K .......... ....                                       100% 15.3M=0.2s

2017-02-02 19:56:47 (270 KB/s) - ‘54.1.1.1’ saved [66472/66472]

--2017-02-02 19:56:48--  http://doi.org/10.1093/ajlh/53.4.405
Connecting to doi.org (doi.org)|95.138.171.129|:80... connected.
HTTP request sent, awaiting response... 303 See Other
Location: https://academic.oup.com/ajlh/article-lookup/doi/10.1093/ajlh/53.4.405 [following]
--2017-02-02 19:56:49--  https://academic.oup.com/ajlh/article-lookup/doi/10.1093/ajlh/53.4.405
Connecting to academic.oup.com (academic.oup.com)|173.254.190.144|:443... connected.
HTTP request sent, awaiting response... 400 Bad Request
2017-02-02 19:56:50 ERROR 400: Bad Request.

--2017-02-02 19:56:51--  http://doi.org/10.1093/ajlh/53.4.470
Connecting to doi.org (doi.org)|95.138.171.129|:80... connected.
HTTP request sent, awaiting response... 303 See Other
Location: https://academic.oup.com/ajlh/article-lookup/doi/10.1093/ajlh/53.4.470 [following]
--2017-02-02 19:56:52--  https://academic.oup.com/ajlh/article-lookup/doi/10.1093/ajlh/53.4.470
Connecting to academic.oup.com (academic.oup.com)|173.254.190.144|:443... connected.
HTTP request sent, awaiting response... 200 OK
Length: 65830 (64K) [text/html]
Saving to: ‘53.4.470’

     0K .......... .......... .......... .......... .......... 77%  309K 0s
    50K .......... ....                                       100%  181K=0.2s

2017-02-02 19:56:56 (267 KB/s) - ‘53.4.470’ saved [65830/65830]

--2017-02-02 19:56:57--  http://doi.org/10.1093/ajlh/53.4.436
Connecting to doi.org (doi.org)|95.138.171.129|:80... connected.
HTTP request sent, awaiting response... 303 See Other
Location: https://academic.oup.com/ajlh/article-lookup/doi/10.1093/ajlh/53.4.436 [following]
--2017-02-02 19:56:58--  https://academic.oup.com/ajlh/article-lookup/doi/10.1093/ajlh/53.4.436
Connecting to academic.oup.com (academic.oup.com)|173.254.190.144|:443... connected.
HTTP request sent, awaiting response... 200 OK
Length: 80407 (79K) [text/html]
Saving to: ‘53.4.436’

     0K .......... .......... .......... .......... .......... 63%  209K 0s
    50K .......... .......... ........                        100% 10.8M=0.2s

2017-02-02 19:57:02 (325 KB/s) - ‘53.4.436’ saved [80407/80407]

--2017-02-02 19:57:03--  http://doi.org/10.1093/ajlh/53.4.502
Connecting to doi.org (doi.org)|95.138.171.129|:80... connected.
HTTP request sent, awaiting response... 303 See Other
Location: https://academic.oup.com/ajlh/article-lookup/doi/10.1093/ajlh/53.4.502 [following]
--2017-02-02 19:57:04--  https://academic.oup.com/ajlh/article-lookup/doi/10.1093/ajlh/53.4.502
Connecting to academic.oup.com (academic.oup.com)|173.254.190.144|:443... connected.
HTTP request sent, awaiting response... 200 OK
Length: 65401 (64K) [text/html]
Saving to: ‘53.4.502’

     0K .......... .......... .......... .......... .......... 78%  208K 0s
    50K .......... ...                                        100% 15.7M=0.2s

2017-02-02 19:57:07 (265 KB/s) - ‘53.4.502’ saved [65401/65401]

--2017-02-02 19:57:08--  http://doi.org/10.1093/ajlh/53.4.445
Connecting to doi.org (doi.org)|95.138.171.129|:80... connected.
HTTP request sent, awaiting response... 303 See Other
Location: https://academic.oup.com/ajlh/article-lookup/doi/10.1093/ajlh/53.4.445 [following]
--2017-02-02 19:57:09--  https://academic.oup.com/ajlh/article-lookup/doi/10.1093/ajlh/53.4.445
Connecting to academic.oup.com (academic.oup.com)|173.254.190.144|:443... connected.
HTTP request sent, awaiting response... 400 Bad Request
2017-02-02 19:57:10 ERROR 400: Bad Request.

--2017-02-02 19:57:11--  http://doi.org/10.1093/ajlh/53.4.482
Connecting to doi.org (doi.org)|95.138.171.129|:80... connected.
HTTP request sent, awaiting response... 303 See Other
Location: https://academic.oup.com/ajlh/article-lookup/doi/10.1093/ajlh/53.4.482 [following]
--2017-02-02 19:57:12--  https://academic.oup.com/ajlh/article-lookup/doi/10.1093/ajlh/53.4.482
Connecting to academic.oup.com (academic.oup.com)|173.254.190.144|:443... connected.
HTTP request sent, awaiting response... 200 OK
Length: 65580 (64K) [text/html]
Saving to: ‘53.4.482’

     0K .......... .......... .......... .......... .......... 78%  209K 0s
    50K .......... ....                                       100% 14.3M=0.2s

2017-02-02 19:57:15 (267 KB/s) - ‘53.4.482’ saved [65580/65580]

--2017-02-02 19:57:16--  http://doi.org/10.1093/ajlh/53.4.397
Connecting to doi.org (doi.org)|95.138.171.129|:80... connected.
HTTP request sent, awaiting response... 303 See Other
Location: https://academic.oup.com/ajlh/article-lookup/doi/10.1093/ajlh/53.4.397 [following]
--2017-02-02 19:57:18--  https://academic.oup.com/ajlh/article-lookup/doi/10.1093/ajlh/53.4.397
Connecting to academic.oup.com (academic.oup.com)|173.254.190.144|:443... connected.
HTTP request sent, awaiting response... 200 OK
Length: 65572 (64K) [text/html]
Saving to: ‘53.4.397’

     0K .......... .......... .......... .......... .......... 78%  208K 0s
    50K .......... ....                                       100% 14.6M=0.2s

2017-02-02 19:57:21 (266 KB/s) - ‘53.4.397’ saved [65572/65572]

--2017-02-02 19:57:22--  http://doi.org/10.1093/ajlh/53.4.457
Connecting to doi.org (doi.org)|95.138.171.129|:80... connected.
HTTP request sent, awaiting response... 303 See Other
Location: https://academic.oup.com/ajlh/article-lookup/doi/10.1093/ajlh/53.4.457 [following]
--2017-02-02 19:57:23--  https://academic.oup.com/ajlh/article-lookup/doi/10.1093/ajlh/53.4.457
Connecting to academic.oup.com (academic.oup.com)|173.254.190.144|:443... connected.
HTTP request sent, awaiting response... 200 OK
Length: 66177 (65K) [text/html]
Saving to: ‘53.4.457’

     0K .......... .......... .......... .......... .......... 77%  208K 0s
    50K .......... ....                                       100% 14.2M=0.2s

2017-02-02 19:57:28 (268 KB/s) - ‘53.4.457’ saved [66177/66177]

--2017-02-02 19:57:29--  http://doi.org/10.1093/ajlh/53.4.431
Connecting to doi.org (doi.org)|95.138.171.129|:80... connected.
HTTP request sent, awaiting response... 303 See Other
Location: https://academic.oup.com/ajlh/article-lookup/doi/10.1093/ajlh/53.4.431 [following]
--2017-02-02 19:57:30--  https://academic.oup.com/ajlh/article-lookup/doi/10.1093/ajlh/53.4.431
Connecting to academic.oup.com (academic.oup.com)|173.254.190.144|:443... connected.
HTTP request sent, awaiting response... 200 OK
Length: 65475 (64K) [text/html]
Saving to: ‘53.4.431’

     0K .......... .......... .......... .......... .......... 78%  209K 0s
    50K .......... ...                                        100% 17.5M=0.2s

2017-02-02 19:57:34 (266 KB/s) - ‘53.4.431’ saved [65475/65475]

--2017-02-02 19:57:35--  http://doi.org/10.1093/ajlh/53.4.410
Connecting to doi.org (doi.org)|95.138.171.129|:80... connected.
HTTP request sent, awaiting response... 303 See Other
Location: https://academic.oup.com/ajlh/article-lookup/doi/10.1093/ajlh/53.4.410 [following]
--2017-02-02 19:57:37--  https://academic.oup.com/ajlh/article-lookup/doi/10.1093/ajlh/53.4.410
Connecting to academic.oup.com (academic.oup.com)|173.254.190.144|:443... connected.
HTTP request sent, awaiting response... 200 OK
Length: 65466 (64K) [text/html]
Saving to: ‘53.4.410’

     0K .......... .......... .......... .......... .......... 78%  209K 0s
    50K .......... ...                                        100% 14.7M=0.2s

2017-02-02 19:57:41 (266 KB/s) - ‘53.4.410’ saved [65466/65466]

--2017-02-02 19:57:42--  http://doi.org/10.1093/ajlh/53.4.384
Connecting to doi.org (doi.org)|95.138.171.129|:80... connected.
HTTP request sent, awaiting response... 303 See Other
Location: https://academic.oup.com/ajlh/article-lookup/doi/10.1093/ajlh/53.4.384 [following]
--2017-02-02 19:57:43--  https://academic.oup.com/ajlh/article-lookup/doi/10.1093/ajlh/53.4.384
Connecting to academic.oup.com (academic.oup.com)|173.254.190.144|:443... connected.
HTTP request sent, awaiting response... 200 OK
Length: 65442 (64K) [text/html]
Saving to: ‘53.4.384’

     0K .......... .......... .......... .......... .......... 78%  209K 0s
    50K .......... ...                                        100% 15.1M=0.2s

2017-02-02 19:57:46 (266 KB/s) - ‘53.4.384’ saved [65442/65442]

--2017-02-02 19:57:47--  http://doi.org/10.1093/ajlh/53.4.363
Connecting to doi.org (doi.org)|95.138.171.129|:80... connected.
HTTP request sent, awaiting response... 303 See Other
Location: https://academic.oup.com/ajlh/article-lookup/doi/10.1093/ajlh/53.4.363 [following]
--2017-02-02 19:57:49--  https://academic.oup.com/ajlh/article-lookup/doi/10.1093/ajlh/53.4.363
Connecting to academic.oup.com (academic.oup.com)|173.254.190.144|:443... connected.
HTTP request sent, awaiting response... 200 OK
Length: 65410 (64K) [text/html]
Saving to: ‘53.4.363’

     0K .......... .......... .......... .......... .......... 78%  208K 0s
    50K .......... ...                                        100% 10.7M=0.2s

2017-02-02 19:57:52 (265 KB/s) - ‘53.4.363’ saved [65410/65410]

--2017-02-02 19:57:53--  http://doi.org/10.1093/ajlh/53.4.418
Connecting to doi.org (doi.org)|95.138.171.129|:80... connected.
HTTP request sent, awaiting response... 303 See Other
Location: https://academic.oup.com/ajlh/article-lookup/doi/10.1093/ajlh/53.4.418 [following]
--2017-02-02 19:57:54--  https://academic.oup.com/ajlh/article-lookup/doi/10.1093/ajlh/53.4.418
Connecting to academic.oup.com (academic.oup.com)|173.254.190.144|:443... connected.
HTTP request sent, awaiting response... 200 OK
Length: 65445 (64K) [text/html]
Saving to: ‘53.4.418’

     0K .......... .......... .......... .......... .......... 78%  206K 0s
    50K .......... ...                                        100% 16.9M=0.2s

2017-02-02 19:57:59 (263 KB/s) - ‘53.4.418’ saved [65445/65445]

--2017-02-02 19:58:00--  http://doi.org/10.1093/ajlh/53.4.421
Connecting to doi.org (doi.org)|95.138.171.129|:80... connected.
HTTP request sent, awaiting response... 303 See Other
Location: https://academic.oup.com/ajlh/article-lookup/doi/10.1093/ajlh/53.4.421 [following]
--2017-02-02 19:58:01--  https://academic.oup.com/ajlh/article-lookup/doi/10.1093/ajlh/53.4.421
Connecting to academic.oup.com (academic.oup.com)|173.254.190.144|:443... connected.
HTTP request sent, awaiting response... 200 OK
Length: 65502 (64K) [text/html]
Saving to: ‘53.4.421’

     0K .......... .......... .......... .......... .......... 78%  206K 0s
    50K .......... ...                                        100% 16.0M=0.2s

2017-02-02 19:58:04 (262 KB/s) - ‘53.4.421’ saved [65502/65502]

--2017-02-02 19:58:05--  http://doi.org/10.1093/ajlh/53.4.414
Connecting to doi.org (doi.org)|95.138.171.129|:80... connected.
HTTP request sent, awaiting response... 303 See Other
Location: https://academic.oup.com/ajlh/article-lookup/doi/10.1093/ajlh/53.4.414 [following]
--2017-02-02 19:58:06--  https://academic.oup.com/ajlh/article-lookup/doi/10.1093/ajlh/53.4.414
Connecting to academic.oup.com (academic.oup.com)|173.254.190.144|:443... connected.
HTTP request sent, awaiting response... 200 OK
Length: 65458 (64K) [text/html]
Saving to: ‘53.4.414’

     0K .......... .......... .......... .......... .......... 78%  309K 0s
    50K .......... ...                                        100%  179K=0.2s

2017-02-02 19:58:09 (267 KB/s) - ‘53.4.414’ saved [65458/65458]

--2017-02-02 19:58:10--  http://doi.org/10.1093/ajlh/53.4.389
Connecting to doi.org (doi.org)|95.138.171.129|:80... connected.
HTTP request sent, awaiting response... 303 See Other
Location: https://academic.oup.com/ajlh/article-lookup/doi/10.1093/ajlh/53.4.389 [following]
--2017-02-02 19:58:11--  https://academic.oup.com/ajlh/article-lookup/doi/10.1093/ajlh/53.4.389
Connecting to academic.oup.com (academic.oup.com)|173.254.190.144|:443... connected.
HTTP request sent, awaiting response... 200 OK
Length: 65459 (64K) [text/html]
Saving to: ‘53.4.389’

     0K .......... .......... .......... .......... .......... 78%  208K 0s
    50K .......... ...                                        100% 14.2M=0.2s

2017-02-02 19:58:15 (265 KB/s) - ‘53.4.389’ saved [65459/65459]

--2017-02-02 19:58:16--  http://doi.org/10.1093/ajlh/53.4.498
Connecting to doi.org (doi.org)|95.138.171.129|:80... connected.
HTTP request sent, awaiting response... 303 See Other
Location: https://academic.oup.com/ajlh/article-lookup/doi/10.1093/ajlh/53.4.498 [following]
--2017-02-02 19:58:17--  https://academic.oup.com/ajlh/article-lookup/doi/10.1093/ajlh/53.4.498
Connecting to academic.oup.com (academic.oup.com)|173.254.190.144|:443... connected.
HTTP request sent, awaiting response... 200 OK
Length: 66087 (65K) [text/html]
Saving to: ‘53.4.498’

     0K .......... .......... .......... .......... .......... 77%  208K 0s
    50K .......... ....                                       100% 16.8M=0.2s

2017-02-02 19:58:20 (268 KB/s) - ‘53.4.498’ saved [66087/66087]

--2017-02-02 19:58:21--  http://doi.org/10.1093/ajlh/53.4.393
Connecting to doi.org (doi.org)|95.138.171.129|:80... connected.
HTTP request sent, awaiting response... 303 See Other
Location: https://academic.oup.com/ajlh/article-lookup/doi/10.1093/ajlh/53.4.393 [following]
--2017-02-02 19:58:23--  https://academic.oup.com/ajlh/article-lookup/doi/10.1093/ajlh/53.4.393
Connecting to academic.oup.com (academic.oup.com)|173.254.190.144|:443... connected.
HTTP request sent, awaiting response... 200 OK
Length: 65331 (64K) [text/html]
Saving to: ‘53.4.393’

     0K .......... .......... .......... .......... .......... 78%  209K 0s
    50K .......... ...                                        100% 17.7M=0.2s

2017-02-02 19:58:26 (266 KB/s) - ‘53.4.393’ saved [65331/65331]

--2017-02-02 19:58:27--  http://doi.org/10.1093/ajlh/53.4.450
Connecting to doi.org (doi.org)|95.138.171.129|:80... connected.
HTTP request sent, awaiting response... 303 See Other
Location: https://academic.oup.com/ajlh/article-lookup/doi/10.1093/ajlh/53.4.450 [following]
--2017-02-02 19:58:28--  https://academic.oup.com/ajlh/article-lookup/doi/10.1093/ajlh/53.4.450
Connecting to academic.oup.com (academic.oup.com)|173.254.190.144|:443... connected.
HTTP request sent, awaiting response... 200 OK
Length: 65329 (64K) [text/html]
Saving to: ‘53.4.450’

     0K .......... .......... .......... .......... .......... 78%  209K 0s
    50K .......... ...                                        100% 14.0M=0.2s

2017-02-02 19:58:31 (265 KB/s) - ‘53.4.450’ saved [65329/65329]

--2017-02-02 19:58:32--  http://doi.org/10.1093/ajlh/53.4.iv
Connecting to doi.org (doi.org)|95.138.171.129|:80... connected.
HTTP request sent, awaiting response... 303 See Other
Location: https://academic.oup.com/ajlh/article-lookup/doi/10.1093/ajlh/53.4.iv [following]
--2017-02-02 19:58:33--  https://academic.oup.com/ajlh/article-lookup/doi/10.1093/ajlh/53.4.iv
Connecting to academic.oup.com (academic.oup.com)|173.254.190.144|:443... connected.
HTTP request sent, awaiting response... 200 OK
Length: 78918 (77K) [text/html]
Saving to: ‘53.4.iv’

     0K .......... .......... .......... .......... .......... 64%  310K 0s
    50K .......... .......... .......                         100%  339K=0.2s

2017-02-02 19:58:37 (319 KB/s) - ‘53.4.iv’ saved [78918/78918]

--2017-02-02 19:58:38--  http://doi.org/10.1093/ajlh/53.4.493
Connecting to doi.org (doi.org)|95.138.171.129|:80... connected.
HTTP request sent, awaiting response... 303 See Other
Location: https://academic.oup.com/ajlh/article-lookup/doi/10.1093/ajlh/53.4.493 [following]
--2017-02-02 19:58:39--  https://academic.oup.com/ajlh/article-lookup/doi/10.1093/ajlh/53.4.493
Connecting to academic.oup.com (academic.oup.com)|173.254.190.144|:443... connected.
HTTP request sent, awaiting response... 200 OK
Length: 65464 (64K) [text/html]
Saving to: ‘53.4.493’

     0K .......... .......... .......... .......... .......... 78%  209K 0s
    50K .......... ...                                        100% 15.1M=0.2s

2017-02-02 19:58:42 (267 KB/s) - ‘53.4.493’ saved [65464/65464]

--2017-02-02 19:58:43--  http://doi.org/10.1093/ajlh/53.4.466
Connecting to doi.org (doi.org)|95.138.171.129|:80... connected.
HTTP request sent, awaiting response... 303 See Other
Location: https://academic.oup.com/ajlh/article-lookup/doi/10.1093/ajlh/53.4.466 [following]
--2017-02-02 19:58:44--  https://academic.oup.com/ajlh/article-lookup/doi/10.1093/ajlh/53.4.466
Connecting to academic.oup.com (academic.oup.com)|173.254.190.144|:443... connected.
HTTP request sent, awaiting response... 200 OK
Length: 81109 (79K) [text/html]
Saving to: ‘53.4.466’

     0K .......... .......... .......... .......... .......... 63%  208K 0s
    50K .......... .......... .........                       100% 13.6M=0.2s

2017-02-02 19:58:48 (327 KB/s) - ‘53.4.466’ saved [81109/81109]

--2017-02-02 19:58:49--  http://doi.org/10.1093/ajlh/53.4.478
Connecting to doi.org (doi.org)|95.138.171.129|:80... connected.
HTTP request sent, awaiting response... 303 See Other
Location: https://academic.oup.com/ajlh/article-lookup/doi/10.1093/ajlh/53.4.478 [following]
--2017-02-02 19:58:50--  https://academic.oup.com/ajlh/article-lookup/doi/10.1093/ajlh/53.4.478
Connecting to academic.oup.com (academic.oup.com)|173.254.190.144|:443... connected.
HTTP request sent, awaiting response... 200 OK
Length: 65426 (64K) [text/html]
Saving to: ‘53.4.478’

     0K .......... .......... .......... .......... .......... 78%  208K 0s
    50K .......... ...                                        100% 16.3M=0.2s

2017-02-02 19:58:53 (264 KB/s) - ‘53.4.478’ saved [65426/65426]

FINISHED --2017-02-02 19:58:53--
Total wall clock time: 10m 4s
Downloaded: 88 files, 8.4M in 27s (321 KB/s)
