--2017-02-02 20:22:02--  http://doi.org/10.1093/alh/ajw063
Resolving doi.org (doi.org)... 208.254.38.90, 95.138.171.129, 38.100.138.162, ...
Connecting to doi.org (doi.org)|208.254.38.90|:80... connected.
HTTP request sent, awaiting response... 303 See Other
Location: https://academic.oup.com/alh/article-lookup/doi/10.1093/alh/ajw063 [following]
--2017-02-02 20:22:04--  https://academic.oup.com/alh/article-lookup/doi/10.1093/alh/ajw063
Resolving academic.oup.com (academic.oup.com)... 173.254.190.144
Connecting to academic.oup.com (academic.oup.com)|173.254.190.144|:443... connected.
HTTP request sent, awaiting response... 400 Bad Request
2017-02-02 20:22:04 ERROR 400: Bad Request.

--2017-02-02 20:22:05--  http://doi.org/10.1093/alh/ajw065
Connecting to doi.org (doi.org)|208.254.38.90|:80... connected.
HTTP request sent, awaiting response... 303 See Other
Location: https://academic.oup.com/alh/article-lookup/doi/10.1093/alh/ajw065 [following]
--2017-02-02 20:22:07--  https://academic.oup.com/alh/article-lookup/doi/10.1093/alh/ajw065
Connecting to academic.oup.com (academic.oup.com)|173.254.190.144|:443... connected.
HTTP request sent, awaiting response... 200 OK
Length: 194870 (190K) [text/html]
Saving to: ‘ajw065’

     0K .......... .......... .......... .......... .......... 26%  209K 1s
    50K .......... .......... .......... .......... .......... 52%  605K 0s
   100K .......... .......... .......... .......... .......... 78%  603K 0s
   150K .......... .......... .......... ..........           100%  496K=0.5s

2017-02-02 20:22:13 (391 KB/s) - ‘ajw065’ saved [194870/194870]

--2017-02-02 20:22:14--  http://doi.org/10.1093/alh/ajw059
Connecting to doi.org (doi.org)|208.254.38.90|:80... connected.
HTTP request sent, awaiting response... 303 See Other
Location: https://academic.oup.com/alh/article-lookup/doi/10.1093/alh/ajw059 [following]
--2017-02-02 20:22:15--  https://academic.oup.com/alh/article-lookup/doi/10.1093/alh/ajw059
Connecting to academic.oup.com (academic.oup.com)|173.254.190.144|:443... connected.
HTTP request sent, awaiting response... 200 OK
Length: 102357 (100K) [text/html]
Saving to: ‘ajw059’

     0K .......... .......... .......... .......... .......... 50%  209K 0s
    50K .......... .......... .......... .......... ......... 100%  609K=0.3s

2017-02-02 20:22:20 (311 KB/s) - ‘ajw059’ saved [102357/102357]

--2017-02-02 20:22:21--  http://doi.org/10.1093/alh/ajw061
Connecting to doi.org (doi.org)|208.254.38.90|:80... connected.
HTTP request sent, awaiting response... 303 See Other
Location: https://academic.oup.com/alh/article-lookup/doi/10.1093/alh/ajw061 [following]
--2017-02-02 20:22:23--  https://academic.oup.com/alh/article-lookup/doi/10.1093/alh/ajw061
Connecting to academic.oup.com (academic.oup.com)|173.254.190.144|:443... connected.
HTTP request sent, awaiting response... 200 OK
Length: 125066 (122K) [text/html]
Saving to: ‘ajw061’

     0K .......... .......... .......... .......... .......... 40%  309K 0s
    50K .......... .......... .......... .......... .......... 81%  314K 0s
   100K .......... .......... ..                              100% 9.79M=0.3s

2017-02-02 20:22:26 (378 KB/s) - ‘ajw061’ saved [125066/125066]

--2017-02-02 20:22:27--  http://doi.org/10.1093/alh/ajw064
Connecting to doi.org (doi.org)|208.254.38.90|:80... connected.
HTTP request sent, awaiting response... 303 See Other
Location: https://academic.oup.com/alh/article-lookup/doi/10.1093/alh/ajw064 [following]
--2017-02-02 20:22:29--  https://academic.oup.com/alh/article-lookup/doi/10.1093/alh/ajw064
Connecting to academic.oup.com (academic.oup.com)|173.254.190.144|:443... connected.
HTTP request sent, awaiting response... 200 OK
Length: 137875 (135K) [text/html]
Saving to: ‘ajw064’

     0K .......... .......... .......... .......... .......... 37%  209K 0s
    50K .......... .......... .......... .......... .......... 74%  614K 0s
   100K .......... .......... .......... ....                 100%  427K=0.4s

2017-02-02 20:22:31 (335 KB/s) - ‘ajw064’ saved [137875/137875]

--2017-02-02 20:22:32--  http://doi.org/10.1093/alh/ajw062
Connecting to doi.org (doi.org)|208.254.38.90|:80... connected.
HTTP request sent, awaiting response... 303 See Other
Location: https://academic.oup.com/alh/article-lookup/doi/10.1093/alh/ajw062 [following]
--2017-02-02 20:22:33--  https://academic.oup.com/alh/article-lookup/doi/10.1093/alh/ajw062
Connecting to academic.oup.com (academic.oup.com)|173.254.190.144|:443... connected.
HTTP request sent, awaiting response... 200 OK
Length: 182437 (178K) [text/html]
Saving to: ‘ajw062’

     0K .......... .......... .......... .......... .......... 28%  208K 1s
    50K .......... .......... .......... .......... .......... 56%  601K 0s
   100K .......... .......... .......... .......... .......... 84%  610K 0s
   150K .......... .......... ........                        100%  352K=0.5s

2017-02-02 20:22:37 (367 KB/s) - ‘ajw062’ saved [182437/182437]

--2017-02-02 20:22:38--  http://doi.org/10.1093/alh/ajw058
Connecting to doi.org (doi.org)|208.254.38.90|:80... connected.
HTTP request sent, awaiting response... 303 See Other
Location: https://academic.oup.com/alh/article-lookup/doi/10.1093/alh/ajw058 [following]
--2017-02-02 20:22:40--  https://academic.oup.com/alh/article-lookup/doi/10.1093/alh/ajw058
Connecting to academic.oup.com (academic.oup.com)|173.254.190.144|:443... connected.
HTTP request sent, awaiting response... 200 OK
Length: 128585 (126K) [text/html]
Saving to: ‘ajw058’

     0K .......... .......... .......... .......... .......... 39%  207K 0s
    50K .......... .......... .......... .......... .......... 79%  610K 0s
   100K .......... .......... .....                           100% 6.52M=0.3s

2017-02-02 20:22:44 (384 KB/s) - ‘ajw058’ saved [128585/128585]

--2017-02-02 20:22:45--  http://doi.org/10.1093/alh/ajw066
Connecting to doi.org (doi.org)|208.254.38.90|:80... connected.
HTTP request sent, awaiting response... 303 See Other
Location: http://fdslive.oup.com/www.oup.com/pdf/production_in_progress.pdf [following]
--2017-02-02 20:22:47--  http://fdslive.oup.com/www.oup.com/pdf/production_in_progress.pdf
Resolving fdslive.oup.com (fdslive.oup.com)... 193.67.160.201
Connecting to fdslive.oup.com (fdslive.oup.com)|193.67.160.201|:80... connected.
HTTP request sent, awaiting response... 200 OK
Length: 52438 (51K) [application/pdf]
Saving to: ‘ajw066’

     0K .......... .......... .......... .......... .......... 97% 1.28M 0s
    50K .                                                     100% 2306G=0.04s

2017-02-02 20:22:47 (1.31 MB/s) - ‘ajw066’ saved [52438/52438]

--2017-02-02 20:22:48--  http://doi.org/10.1093/alh/ajw057
Connecting to doi.org (doi.org)|208.254.38.90|:80... connected.
HTTP request sent, awaiting response... 303 See Other
Location: https://academic.oup.com/alh/article-lookup/doi/10.1093/alh/ajw057 [following]
--2017-02-02 20:22:49--  https://academic.oup.com/alh/article-lookup/doi/10.1093/alh/ajw057
Connecting to academic.oup.com (academic.oup.com)|173.254.190.144|:443... connected.
HTTP request sent, awaiting response... 200 OK
Length: 114069 (111K) [text/html]
Saving to: ‘ajw057’

     0K .......... .......... .......... .......... .......... 44%  209K 0s
    50K .......... .......... .......... .......... .......... 89%  605K 0s
   100K .......... .                                          100% 31.2M=0.3s

2017-02-02 20:22:55 (346 KB/s) - ‘ajw057’ saved [114069/114069]

--2017-02-02 20:22:56--  http://doi.org/10.1093/alh/ajw060
Connecting to doi.org (doi.org)|208.254.38.90|:80... connected.
HTTP request sent, awaiting response... 303 See Other
Location: https://academic.oup.com/alh/article-lookup/doi/10.1093/alh/ajw060 [following]
--2017-02-02 20:22:57--  https://academic.oup.com/alh/article-lookup/doi/10.1093/alh/ajw060
Connecting to academic.oup.com (academic.oup.com)|173.254.190.144|:443... connected.
HTTP request sent, awaiting response... 200 OK
Length: 102035 (100K) [text/html]
Saving to: ‘ajw060’

     0K .......... .......... .......... .......... .......... 50%  209K 0s
    50K .......... .......... .......... .......... ......... 100%  596K=0.3s

2017-02-02 20:23:02 (308 KB/s) - ‘ajw060’ saved [102035/102035]

--2017-02-02 20:23:03--  http://doi.org/10.1093/alh/ajw056
Connecting to doi.org (doi.org)|208.254.38.90|:80... connected.
HTTP request sent, awaiting response... 303 See Other
Location: https://academic.oup.com/alh/article-lookup/doi/10.1093/alh/ajw056 [following]
--2017-02-02 20:23:04--  https://academic.oup.com/alh/article-lookup/doi/10.1093/alh/ajw056
Connecting to academic.oup.com (academic.oup.com)|173.254.190.144|:443... connected.
HTTP request sent, awaiting response... 200 OK
Length: 178439 (174K) [text/html]
Saving to: ‘ajw056’

     0K .......... .......... .......... .......... .......... 28%  209K 1s
    50K .......... .......... .......... .......... .......... 57%  605K 0s
   100K .......... .......... .......... .......... .......... 86%  610K 0s
   150K .......... .......... ....                            100%  311K=0.5s

2017-02-02 20:23:08 (362 KB/s) - ‘ajw056’ saved [178439/178439]

--2017-02-02 20:23:09--  http://doi.org/10.1093/alh/ajw047
Connecting to doi.org (doi.org)|208.254.38.90|:80... connected.
HTTP request sent, awaiting response... 303 See Other
Location: https://academic.oup.com/alh/article-lookup/doi/10.1093/alh/ajw047 [following]
--2017-02-02 20:23:10--  https://academic.oup.com/alh/article-lookup/doi/10.1093/alh/ajw047
Connecting to academic.oup.com (academic.oup.com)|173.254.190.144|:443... connected.
HTTP request sent, awaiting response... 200 OK
Length: 151747 (148K) [text/html]
Saving to: ‘ajw047’

     0K .......... .......... .......... .......... .......... 33%  209K 0s
    50K .......... .......... .......... .......... .......... 67%  598K 0s
   100K .......... .......... .......... .......... ........  100%  595K=0.4s

2017-02-02 20:23:15 (367 KB/s) - ‘ajw047’ saved [151747/151747]

--2017-02-02 20:23:16--  http://doi.org/10.1093/alh/ajw053
Connecting to doi.org (doi.org)|208.254.38.90|:80... connected.
HTTP request sent, awaiting response... 303 See Other
Location: https://academic.oup.com/alh/article-lookup/doi/10.1093/alh/ajw053 [following]
--2017-02-02 20:23:17--  https://academic.oup.com/alh/article-lookup/doi/10.1093/alh/ajw053
Connecting to academic.oup.com (academic.oup.com)|173.254.190.144|:443... connected.
HTTP request sent, awaiting response... 200 OK
Length: 98777 (96K) [text/html]
Saving to: ‘ajw053’

     0K .......... .......... .......... .......... .......... 51%  208K 0s
    50K .......... .......... .......... .......... ......    100%  564K=0.3s

2017-02-02 20:23:20 (299 KB/s) - ‘ajw053’ saved [98777/98777]

--2017-02-02 20:23:21--  http://doi.org/10.1093/alh/ajw050
Connecting to doi.org (doi.org)|208.254.38.90|:80... connected.
HTTP request sent, awaiting response... 303 See Other
Location: https://academic.oup.com/alh/article-lookup/doi/10.1093/alh/ajw050 [following]
--2017-02-02 20:23:23--  https://academic.oup.com/alh/article-lookup/doi/10.1093/alh/ajw050
Connecting to academic.oup.com (academic.oup.com)|173.254.190.144|:443... connected.
HTTP request sent, awaiting response... 200 OK
Length: 108328 (106K) [text/html]
Saving to: ‘ajw050’

     0K .......... .......... .......... .......... .......... 47%  307K 0s
    50K .......... .......... .......... .......... .......... 94%  315K 0s
   100K .....                                                 100% 13.3M=0.3s

2017-02-02 20:23:25 (329 KB/s) - ‘ajw050’ saved [108328/108328]

--2017-02-02 20:23:26--  http://doi.org/10.1093/alh/ajw049
Connecting to doi.org (doi.org)|208.254.38.90|:80... connected.
HTTP request sent, awaiting response... 303 See Other
Location: https://academic.oup.com/alh/article-lookup/doi/10.1093/alh/ajw049 [following]
--2017-02-02 20:23:28--  https://academic.oup.com/alh/article-lookup/doi/10.1093/alh/ajw049
Connecting to academic.oup.com (academic.oup.com)|173.254.190.144|:443... connected.
HTTP request sent, awaiting response... 200 OK
Length: 186859 (182K) [text/html]
Saving to: ‘ajw049’

     0K .......... .......... .......... .......... .......... 27%  209K 1s
    50K .......... .......... .......... .......... .......... 54%  614K 0s
   100K .......... .......... .......... .......... .......... 82%  599K 0s
   150K .......... .......... .......... ..                   100%  409K=0.5s

2017-02-02 20:23:32 (377 KB/s) - ‘ajw049’ saved [186859/186859]

--2017-02-02 20:23:33--  http://doi.org/10.1093/alh/ajw051
Connecting to doi.org (doi.org)|208.254.38.90|:80... connected.
HTTP request sent, awaiting response... 303 See Other
Location: https://academic.oup.com/alh/article-lookup/doi/10.1093/alh/ajw051 [following]
--2017-02-02 20:23:34--  https://academic.oup.com/alh/article-lookup/doi/10.1093/alh/ajw051
Connecting to academic.oup.com (academic.oup.com)|173.254.190.144|:443... connected.
HTTP request sent, awaiting response... 200 OK
Length: 89187 (87K) [text/html]
Saving to: ‘ajw051’

     0K .......... .......... .......... .......... .......... 57%  209K 0s
    50K .......... .......... .......... .......              100% 10.8M=0.2s

2017-02-02 20:23:37 (358 KB/s) - ‘ajw051’ saved [89187/89187]

--2017-02-02 20:23:38--  http://doi.org/10.1093/alh/ajw052
Connecting to doi.org (doi.org)|208.254.38.90|:80... connected.
HTTP request sent, awaiting response... 303 See Other
Location: https://academic.oup.com/alh/article-lookup/doi/10.1093/alh/ajw052 [following]
--2017-02-02 20:23:40--  https://academic.oup.com/alh/article-lookup/doi/10.1093/alh/ajw052
Connecting to academic.oup.com (academic.oup.com)|173.254.190.144|:443... connected.
HTTP request sent, awaiting response... 200 OK
Length: 88032 (86K) [text/html]
Saving to: ‘ajw052’

     0K .......... .......... .......... .......... .......... 58%  308K 0s
    50K .......... .......... .......... .....                100%  446K=0.2s

2017-02-02 20:23:42 (354 KB/s) - ‘ajw052’ saved [88032/88032]

--2017-02-02 20:23:43--  http://doi.org/10.1093/alh/ajw048
Connecting to doi.org (doi.org)|208.254.38.90|:80... connected.
HTTP request sent, awaiting response... 303 See Other
Location: https://academic.oup.com/alh/article-lookup/doi/10.1093/alh/ajw048 [following]
--2017-02-02 20:23:45--  https://academic.oup.com/alh/article-lookup/doi/10.1093/alh/ajw048
Connecting to academic.oup.com (academic.oup.com)|173.254.190.144|:443... connected.
HTTP request sent, awaiting response... 200 OK
Length: 157931 (154K) [text/html]
Saving to: ‘ajw048’

     0K .......... .......... .......... .......... .......... 32%  208K 1s
    50K .......... .......... .......... .......... .......... 64%  606K 0s
   100K .......... .......... .......... .......... .......... 97%  596K 0s
   150K ....                                                  100% 13.4M=0.4s

2017-02-02 20:23:49 (379 KB/s) - ‘ajw048’ saved [157931/157931]

--2017-02-02 20:23:50--  http://doi.org/10.1093/alh/ajw045
Connecting to doi.org (doi.org)|208.254.38.90|:80... connected.
HTTP request sent, awaiting response... 303 See Other
Location: https://academic.oup.com/alh/article-lookup/doi/10.1093/alh/ajw045 [following]
--2017-02-02 20:23:51--  https://academic.oup.com/alh/article-lookup/doi/10.1093/alh/ajw045
Connecting to academic.oup.com (academic.oup.com)|173.254.190.144|:443... connected.
HTTP request sent, awaiting response... 200 OK
Length: 132020 (129K) [text/html]
Saving to: ‘ajw045’

     0K .......... .......... .......... .......... .......... 38%  209K 0s
    50K .......... .......... .......... .......... .......... 77%  606K 0s
   100K .......... .......... ........                        100% 7.14M=0.3s

2017-02-02 20:23:56 (395 KB/s) - ‘ajw045’ saved [132020/132020]

--2017-02-02 20:23:57--  http://doi.org/10.1093/alh/ajw044
Connecting to doi.org (doi.org)|208.254.38.90|:80... connected.
HTTP request sent, awaiting response... 303 See Other
Location: https://academic.oup.com/alh/article-lookup/doi/10.1093/alh/ajw044 [following]
--2017-02-02 20:23:59--  https://academic.oup.com/alh/article-lookup/doi/10.1093/alh/ajw044
Connecting to academic.oup.com (academic.oup.com)|173.254.190.144|:443... connected.
HTTP request sent, awaiting response... 200 OK
Length: 179978 (176K) [text/html]
Saving to: ‘ajw044’

     0K .......... .......... .......... .......... .......... 28%  207K 1s
    50K .......... .......... .......... .......... .......... 56%  602K 0s
   100K .......... .......... .......... .......... .......... 85%  607K 0s
   150K .......... .......... .....                           100%  322K=0.5s

2017-02-02 20:24:02 (361 KB/s) - ‘ajw044’ saved [179978/179978]

--2017-02-02 20:24:03--  http://doi.org/10.1093/alh/ajw054
Connecting to doi.org (doi.org)|208.254.38.90|:80... connected.
HTTP request sent, awaiting response... 303 See Other
Location: https://academic.oup.com/alh/article-lookup/doi/10.1093/alh/ajw054 [following]
--2017-02-02 20:24:05--  https://academic.oup.com/alh/article-lookup/doi/10.1093/alh/ajw054
Connecting to academic.oup.com (academic.oup.com)|173.254.190.144|:443... connected.
HTTP request sent, awaiting response... 200 OK
Length: 118304 (116K) [text/html]
Saving to: ‘ajw054’

     0K .......... .......... .......... .......... .......... 43%  208K 0s
    50K .......... .......... .......... .......... .......... 86%  615K 0s
   100K .......... .....                                      100% 6.80M=0.3s

2017-02-02 20:24:09 (357 KB/s) - ‘ajw054’ saved [118304/118304]

--2017-02-02 20:24:10--  http://doi.org/10.1093/alh/ajw046
Connecting to doi.org (doi.org)|208.254.38.90|:80... connected.
HTTP request sent, awaiting response... 303 See Other
Location: https://academic.oup.com/alh/article-lookup/doi/10.1093/alh/ajw046 [following]
--2017-02-02 20:24:12--  https://academic.oup.com/alh/article-lookup/doi/10.1093/alh/ajw046
Connecting to academic.oup.com (academic.oup.com)|173.254.190.144|:443... connected.
HTTP request sent, awaiting response... 400 Bad Request
2017-02-02 20:24:12 ERROR 400: Bad Request.

--2017-02-02 20:24:13--  http://doi.org/10.1093/alh/ajw043
Connecting to doi.org (doi.org)|208.254.38.90|:80... connected.
HTTP request sent, awaiting response... 303 See Other
Location: https://academic.oup.com/alh/article-lookup/doi/10.1093/alh/ajw043 [following]
--2017-02-02 20:24:14--  https://academic.oup.com/alh/article-lookup/doi/10.1093/alh/ajw043
Connecting to academic.oup.com (academic.oup.com)|173.254.190.144|:443... connected.
HTTP request sent, awaiting response... 200 OK
Length: 152524 (149K) [text/html]
Saving to: ‘ajw043’

     0K .......... .......... .......... .......... .......... 33%  207K 0s
    50K .......... .......... .......... .......... .......... 67%  605K 0s
   100K .......... .......... .......... .......... ........  100%  595K=0.4s

2017-02-02 20:24:19 (367 KB/s) - ‘ajw043’ saved [152524/152524]

--2017-02-02 20:24:20--  http://doi.org/10.1093/alh/ajw041
Connecting to doi.org (doi.org)|208.254.38.90|:80... connected.
HTTP request sent, awaiting response... 303 See Other
Location: https://academic.oup.com/alh/article-lookup/doi/10.1093/alh/ajw041 [following]
--2017-02-02 20:24:21--  https://academic.oup.com/alh/article-lookup/doi/10.1093/alh/ajw041
Connecting to academic.oup.com (academic.oup.com)|173.254.190.144|:443... connected.
HTTP request sent, awaiting response... 200 OK
Length: 143595 (140K) [text/html]
Saving to: ‘ajw041’

     0K .......... .......... .......... .......... .......... 35%  209K 0s
    50K .......... .......... .......... .......... .......... 71%  598K 0s
   100K .......... .......... .......... ..........           100%  499K=0.4s

2017-02-02 20:24:24 (348 KB/s) - ‘ajw041’ saved [143595/143595]

--2017-02-02 20:24:25--  http://doi.org/10.1093/alh/ajw042
Connecting to doi.org (doi.org)|208.254.38.90|:80... connected.
HTTP request sent, awaiting response... 303 See Other
Location: https://academic.oup.com/alh/article-lookup/doi/10.1093/alh/ajw042 [following]
--2017-02-02 20:24:26--  https://academic.oup.com/alh/article-lookup/doi/10.1093/alh/ajw042
Connecting to academic.oup.com (academic.oup.com)|173.254.190.144|:443... connected.
HTTP request sent, awaiting response... 200 OK
Length: 154400 (151K) [text/html]
Saving to: ‘ajw042’

     0K .......... .......... .......... .......... .......... 33%  209K 0s
    50K .......... .......... .......... .......... .......... 66%  603K 0s
   100K .......... .......... .......... .......... .......... 99%  611K 0s
   150K                                                       100% 1490G=0.4s

2017-02-02 20:24:30 (373 KB/s) - ‘ajw042’ saved [154400/154400]

--2017-02-02 20:24:31--  http://doi.org/10.1093/alh/ajw030
Connecting to doi.org (doi.org)|208.254.38.90|:80... connected.
HTTP request sent, awaiting response... 303 See Other
Location: https://academic.oup.com/alh/article-lookup/doi/10.1093/alh/ajw030 [following]
--2017-02-02 20:24:32--  https://academic.oup.com/alh/article-lookup/doi/10.1093/alh/ajw030
Connecting to academic.oup.com (academic.oup.com)|173.254.190.144|:443... connected.
HTTP request sent, awaiting response... 200 OK
Length: 245622 (240K) [text/html]
Saving to: ‘ajw030’

     0K .......... .......... .......... .......... .......... 20%  208K 1s
    50K .......... .......... .......... .......... .......... 41%  598K 0s
   100K .......... .......... .......... .......... .......... 62%  609K 0s
   150K .......... .......... .......... .......... .......... 83%  414K 0s
   200K .......... .......... .......... .........            100%  811K=0.6s

2017-02-02 20:24:38 (416 KB/s) - ‘ajw030’ saved [245622/245622]

--2017-02-02 20:24:39--  http://doi.org/10.1093/alh/ajw038
Connecting to doi.org (doi.org)|208.254.38.90|:80... connected.
HTTP request sent, awaiting response... 303 See Other
Location: https://academic.oup.com/alh/article-lookup/doi/10.1093/alh/ajw038 [following]
--2017-02-02 20:24:40--  https://academic.oup.com/alh/article-lookup/doi/10.1093/alh/ajw038
Connecting to academic.oup.com (academic.oup.com)|173.254.190.144|:443... connected.
HTTP request sent, awaiting response... 200 OK
Length: 100622 (98K) [text/html]
Saving to: ‘ajw038’

     0K .......... .......... .......... .......... .......... 50%  206K 0s
    50K .......... .......... .......... .......... ........  100%  583K=0.3s

2017-02-02 20:24:44 (302 KB/s) - ‘ajw038’ saved [100622/100622]

--2017-02-02 20:24:45--  http://doi.org/10.1093/alh/ajw029
Connecting to doi.org (doi.org)|208.254.38.90|:80... connected.
HTTP request sent, awaiting response... 303 See Other
Location: https://academic.oup.com/alh/article-lookup/doi/10.1093/alh/ajw029 [following]
--2017-02-02 20:24:46--  https://academic.oup.com/alh/article-lookup/doi/10.1093/alh/ajw029
Connecting to academic.oup.com (academic.oup.com)|173.254.190.144|:443... connected.
HTTP request sent, awaiting response... 200 OK
Length: 221920 (217K) [text/html]
Saving to: ‘ajw029’

     0K .......... .......... .......... .......... .......... 23%  304K 1s
    50K .......... .......... .......... .......... .......... 46%  311K 0s
   100K .......... .......... .......... .......... .......... 69%  608K 0s
   150K .......... .......... .......... .......... .......... 92%  602K 0s
   200K .......... ......                                     100%  210K=0.6s

2017-02-02 20:24:50 (380 KB/s) - ‘ajw029’ saved [221920/221920]

--2017-02-02 20:24:51--  http://doi.org/10.1093/alh/ajw040
Connecting to doi.org (doi.org)|208.254.38.90|:80... connected.
HTTP request sent, awaiting response... 303 See Other
Location: https://academic.oup.com/alh/article-lookup/doi/10.1093/alh/ajw040 [following]
--2017-02-02 20:24:52--  https://academic.oup.com/alh/article-lookup/doi/10.1093/alh/ajw040
Connecting to academic.oup.com (academic.oup.com)|173.254.190.144|:443... connected.
HTTP request sent, awaiting response... 200 OK
Length: 158915 (155K) [text/html]
Saving to: ‘ajw040’

     0K .......... .......... .......... .......... .......... 32%  209K 1s
    50K .......... .......... .......... .......... .......... 64%  588K 0s
   100K .......... .......... .......... .......... .......... 96%  606K 0s
   150K .....                                                 100% 25.5M=0.4s

2017-02-02 20:24:56 (381 KB/s) - ‘ajw040’ saved [158915/158915]

--2017-02-02 20:24:57--  http://doi.org/10.1093/alh/ajw034
Connecting to doi.org (doi.org)|208.254.38.90|:80... connected.
HTTP request sent, awaiting response... 303 See Other
Location: https://academic.oup.com/alh/article-lookup/doi/10.1093/alh/ajw034 [following]
--2017-02-02 20:24:58--  https://academic.oup.com/alh/article-lookup/doi/10.1093/alh/ajw034
Connecting to academic.oup.com (academic.oup.com)|173.254.190.144|:443... connected.
HTTP request sent, awaiting response... 200 OK
Length: 102882 (100K) [text/html]
Saving to: ‘ajw034’

     0K .......... .......... .......... .......... .......... 49%  309K 0s
    50K .......... .......... .......... .......... .......... 99%  314K 0s
   100K                                                       100%  898G=0.3s

2017-02-02 20:25:01 (313 KB/s) - ‘ajw034’ saved [102882/102882]

--2017-02-02 20:25:02--  http://doi.org/10.1093/alh/ajw039
Connecting to doi.org (doi.org)|208.254.38.90|:80... connected.
HTTP request sent, awaiting response... 303 See Other
Location: https://academic.oup.com/alh/article-lookup/doi/10.1093/alh/ajw039 [following]
--2017-02-02 20:25:04--  https://academic.oup.com/alh/article-lookup/doi/10.1093/alh/ajw039
Connecting to academic.oup.com (academic.oup.com)|173.254.190.144|:443... connected.
HTTP request sent, awaiting response... 200 OK
Length: 225623 (220K) [text/html]
Saving to: ‘ajw039’

     0K .......... .......... .......... .......... .......... 22%  209K 1s
    50K .......... .......... .......... .......... .......... 45%  612K 0s
   100K .......... .......... .......... .......... .......... 68%  600K 0s
   150K .......... .......... .......... .......... .......... 90%  319K 0s
   200K .......... ..........                                 100% 4.06M=0.6s

2017-02-02 20:25:07 (389 KB/s) - ‘ajw039’ saved [225623/225623]

--2017-02-02 20:25:08--  http://doi.org/10.1093/alh/ajw037
Connecting to doi.org (doi.org)|208.254.38.90|:80... connected.
HTTP request sent, awaiting response... 303 See Other
Location: https://academic.oup.com/alh/article-lookup/doi/10.1093/alh/ajw037 [following]
--2017-02-02 20:25:09--  https://academic.oup.com/alh/article-lookup/doi/10.1093/alh/ajw037
Connecting to academic.oup.com (academic.oup.com)|173.254.190.144|:443... connected.
HTTP request sent, awaiting response... 200 OK
Length: 107330 (105K) [text/html]
Saving to: ‘ajw037’

     0K .......... .......... .......... .......... .......... 47%  208K 0s
    50K .......... .......... .......... .......... .......... 95%  607K 0s
   100K ....                                                  100% 9183G=0.3s

2017-02-02 20:25:13 (325 KB/s) - ‘ajw037’ saved [107330/107330]

--2017-02-02 20:25:14--  http://doi.org/10.1093/alh/ajw031
Connecting to doi.org (doi.org)|208.254.38.90|:80... connected.
HTTP request sent, awaiting response... 303 See Other
Location: https://academic.oup.com/alh/article-lookup/doi/10.1093/alh/ajw031 [following]
--2017-02-02 20:25:15--  https://academic.oup.com/alh/article-lookup/doi/10.1093/alh/ajw031
Connecting to academic.oup.com (academic.oup.com)|173.254.190.144|:443... connected.
HTTP request sent, awaiting response... 200 OK
Length: 118673 (116K) [text/html]
Saving to: ‘ajw031’

     0K .......... .......... .......... .......... .......... 43%  208K 0s
    50K .......... .......... .......... .......... .......... 86%  606K 0s
   100K .......... .....                                      100% 1.70M=0.3s

2017-02-02 20:25:19 (349 KB/s) - ‘ajw031’ saved [118673/118673]

--2017-02-02 20:25:20--  http://doi.org/10.1093/alh/ajw032
Connecting to doi.org (doi.org)|208.254.38.90|:80... connected.
HTTP request sent, awaiting response... 303 See Other
Location: https://academic.oup.com/alh/article-lookup/doi/10.1093/alh/ajw032 [following]
--2017-02-02 20:25:21--  https://academic.oup.com/alh/article-lookup/doi/10.1093/alh/ajw032
Connecting to academic.oup.com (academic.oup.com)|173.254.190.144|:443... connected.
HTTP request sent, awaiting response... 400 Bad Request
2017-02-02 20:25:22 ERROR 400: Bad Request.

--2017-02-02 20:25:23--  http://doi.org/10.1093/alh/ajw036
Connecting to doi.org (doi.org)|208.254.38.90|:80... connected.
HTTP request sent, awaiting response... 303 See Other
Location: https://academic.oup.com/alh/article-lookup/doi/10.1093/alh/ajw036 [following]
--2017-02-02 20:25:25--  https://academic.oup.com/alh/article-lookup/doi/10.1093/alh/ajw036
Connecting to academic.oup.com (academic.oup.com)|173.254.190.144|:443... connected.
HTTP request sent, awaiting response... 200 OK
Length: 115783 (113K) [text/html]
Saving to: ‘ajw036’

     0K .......... .......... .......... .......... .......... 44%  209K 0s
    50K .......... .......... .......... .......... .......... 88%  606K 0s
   100K .......... ...                                        100% 8.39M=0.3s

2017-02-02 20:25:29 (349 KB/s) - ‘ajw036’ saved [115783/115783]

--2017-02-02 20:25:30--  http://doi.org/10.1093/alh/ajw035
Connecting to doi.org (doi.org)|208.254.38.90|:80... connected.
HTTP request sent, awaiting response... 303 See Other
Location: https://academic.oup.com/alh/article-lookup/doi/10.1093/alh/ajw035 [following]
--2017-02-02 20:25:31--  https://academic.oup.com/alh/article-lookup/doi/10.1093/alh/ajw035
Connecting to academic.oup.com (academic.oup.com)|173.254.190.144|:443... connected.
HTTP request sent, awaiting response... 200 OK
Length: 102899 (100K) [text/html]
Saving to: ‘ajw035’

     0K .......... .......... .......... .......... .......... 49%  208K 0s
    50K .......... .......... .......... .......... .......... 99%  613K 0s
   100K                                                       100%  929G=0.3s

2017-02-02 20:25:34 (313 KB/s) - ‘ajw035’ saved [102899/102899]

--2017-02-02 20:25:35--  http://doi.org/10.1093/alh/ajw033
Connecting to doi.org (doi.org)|208.254.38.90|:80... connected.
HTTP request sent, awaiting response... 303 See Other
Location: https://academic.oup.com/alh/article-lookup/doi/10.1093/alh/ajw033 [following]
--2017-02-02 20:25:36--  https://academic.oup.com/alh/article-lookup/doi/10.1093/alh/ajw033
Connecting to academic.oup.com (academic.oup.com)|173.254.190.144|:443... connected.
HTTP request sent, awaiting response... 200 OK
Length: 191720 (187K) [text/html]
Saving to: ‘ajw033’

     0K .......... .......... .......... .......... .......... 26%  308K 0s
    50K .......... .......... .......... .......... .......... 53%  311K 0s
   100K .......... .......... .......... .......... .......... 80%  606K 0s
   150K .......... .......... .......... .......              100%  461K=0.5s

2017-02-02 20:25:41 (385 KB/s) - ‘ajw033’ saved [191720/191720]

--2017-02-02 20:25:42--  http://doi.org/10.1093/alh/ajw010
Connecting to doi.org (doi.org)|208.254.38.90|:80... connected.
HTTP request sent, awaiting response... 303 See Other
Location: https://academic.oup.com/alh/article-lookup/doi/10.1093/alh/ajw010 [following]
--2017-02-02 20:25:43--  https://academic.oup.com/alh/article-lookup/doi/10.1093/alh/ajw010
Connecting to academic.oup.com (academic.oup.com)|173.254.190.144|:443... connected.
HTTP request sent, awaiting response... 200 OK
Length: 109141 (107K) [text/html]
Saving to: ‘ajw010’

     0K .......... .......... .......... .......... .......... 46%  209K 0s
    50K .......... .......... .......... .......... .......... 93%  609K 0s
   100K ......                                                100% 18.0M=0.3s

2017-02-02 20:25:46 (331 KB/s) - ‘ajw010’ saved [109141/109141]

--2017-02-02 20:25:47--  http://doi.org/10.1093/alh/ajw014
Connecting to doi.org (doi.org)|208.254.38.90|:80... connected.
HTTP request sent, awaiting response... 303 See Other
Location: https://academic.oup.com/alh/article-lookup/doi/10.1093/alh/ajw014 [following]
--2017-02-02 20:25:48--  https://academic.oup.com/alh/article-lookup/doi/10.1093/alh/ajw014
Connecting to academic.oup.com (academic.oup.com)|173.254.190.144|:443... connected.
HTTP request sent, awaiting response... 200 OK
Length: 210008 (205K) [text/html]
Saving to: ‘ajw014’

     0K .......... .......... .......... .......... .......... 24%  209K 1s
    50K .......... .......... .......... .......... .......... 48%  605K 0s
   100K .......... .......... .......... .......... .......... 73%  590K 0s
   150K .......... .......... .......... .......... .......... 97%  594K 0s
   200K .....                                                 100%  155K=0.5s

2017-02-02 20:25:52 (391 KB/s) - ‘ajw014’ saved [210008/210008]

--2017-02-02 20:25:53--  http://doi.org/10.1093/alh/ajw023
Connecting to doi.org (doi.org)|208.254.38.90|:80... connected.
HTTP request sent, awaiting response... 303 See Other
Location: https://academic.oup.com/alh/article-lookup/doi/10.1093/alh/ajw023 [following]
--2017-02-02 20:25:54--  https://academic.oup.com/alh/article-lookup/doi/10.1093/alh/ajw023
Connecting to academic.oup.com (academic.oup.com)|173.254.190.144|:443... connected.
HTTP request sent, awaiting response... 200 OK
Length: 87717 (86K) [text/html]
Saving to: ‘ajw023’

     0K .......... .......... .......... .......... .......... 58%  308K 0s
    50K .......... .......... .......... .....                100%  443K=0.2s

2017-02-02 20:25:57 (352 KB/s) - ‘ajw023’ saved [87717/87717]

--2017-02-02 20:25:58--  http://doi.org/10.1093/alh/ajw020
Connecting to doi.org (doi.org)|208.254.38.90|:80... connected.
HTTP request sent, awaiting response... 303 See Other
Location: https://academic.oup.com/alh/article-lookup/doi/10.1093/alh/ajw020 [following]
--2017-02-02 20:26:00--  https://academic.oup.com/alh/article-lookup/doi/10.1093/alh/ajw020
Connecting to academic.oup.com (academic.oup.com)|173.254.190.144|:443... connected.
HTTP request sent, awaiting response... 200 OK
Length: 93174 (91K) [text/html]
Saving to: ‘ajw020’

     0K .......... .......... .......... .......... .......... 54%  209K 0s
    50K .......... .......... .......... ..........           100% 11.0M=0.2s

2017-02-02 20:26:03 (374 KB/s) - ‘ajw020’ saved [93174/93174]

--2017-02-02 20:26:04--  http://doi.org/10.1093/alh/ajw015
Connecting to doi.org (doi.org)|208.254.38.90|:80... connected.
HTTP request sent, awaiting response... 303 See Other
Location: https://academic.oup.com/alh/article-lookup/doi/10.1093/alh/ajw015 [following]
--2017-02-02 20:26:05--  https://academic.oup.com/alh/article-lookup/doi/10.1093/alh/ajw015
Connecting to academic.oup.com (academic.oup.com)|173.254.190.144|:443... connected.
HTTP request sent, awaiting response... 200 OK
Length: 190249 (186K) [text/html]
Saving to: ‘ajw015’

     0K .......... .......... .......... .......... .......... 26%  208K 1s
    50K .......... .......... .......... .......... .......... 53%  601K 0s
   100K .......... .......... .......... .......... .......... 80%  608K 0s
   150K .......... .......... .......... .....                100%  442K=0.5s

2017-02-02 20:26:09 (382 KB/s) - ‘ajw015’ saved [190249/190249]

--2017-02-02 20:26:10--  http://doi.org/10.1093/alh/ajw011
Connecting to doi.org (doi.org)|208.254.38.90|:80... connected.
HTTP request sent, awaiting response... 303 See Other
Location: https://academic.oup.com/alh/article-lookup/doi/10.1093/alh/ajw011 [following]
--2017-02-02 20:26:11--  https://academic.oup.com/alh/article-lookup/doi/10.1093/alh/ajw011
Connecting to academic.oup.com (academic.oup.com)|173.254.190.144|:443... connected.
HTTP request sent, awaiting response... 200 OK
Length: 112617 (110K) [text/html]
Saving to: ‘ajw011’

     0K .......... .......... .......... .......... .......... 45%  207K 0s
    50K .......... .......... .......... .......... .......... 90%  599K 0s
   100K .........                                             100% 21.7M=0.3s

2017-02-02 20:26:17 (338 KB/s) - ‘ajw011’ saved [112617/112617]

--2017-02-02 20:26:18--  http://doi.org/10.1093/alh/ajw018
Connecting to doi.org (doi.org)|208.254.38.90|:80... connected.
HTTP request sent, awaiting response... 303 See Other
Location: https://academic.oup.com/alh/article-lookup/doi/10.1093/alh/ajw018 [following]
--2017-02-02 20:26:20--  https://academic.oup.com/alh/article-lookup/doi/10.1093/alh/ajw018
Connecting to academic.oup.com (academic.oup.com)|173.254.190.144|:443... connected.
HTTP request sent, awaiting response... 200 OK
Length: 81016 (79K) [text/html]
Saving to: ‘ajw018’

     0K .......... .......... .......... .......... .......... 63%  208K 0s
    50K .......... .......... .........                       100% 9.13M=0.2s

2017-02-02 20:26:23 (325 KB/s) - ‘ajw018’ saved [81016/81016]

--2017-02-02 20:26:24--  http://doi.org/10.1093/alh/ajw019
Connecting to doi.org (doi.org)|208.254.38.90|:80... connected.
HTTP request sent, awaiting response... 303 See Other
Location: https://academic.oup.com/alh/article-lookup/doi/10.1093/alh/ajw019 [following]
--2017-02-02 20:26:25--  https://academic.oup.com/alh/article-lookup/doi/10.1093/alh/ajw019
Connecting to academic.oup.com (academic.oup.com)|173.254.190.144|:443... connected.
HTTP request sent, awaiting response... 200 OK
Length: 80782 (79K) [text/html]
Saving to: ‘ajw019’

     0K .......... .......... .......... .......... .......... 63%  209K 0s
    50K .......... .......... ........                        100% 9.73M=0.2s

2017-02-02 20:26:28 (326 KB/s) - ‘ajw019’ saved [80782/80782]

--2017-02-02 20:26:29--  http://doi.org/10.1093/alh/ajw007
Connecting to doi.org (doi.org)|208.254.38.90|:80... connected.
HTTP request sent, awaiting response... 303 See Other
Location: https://academic.oup.com/alh/article-lookup/doi/10.1093/alh/ajw007 [following]
--2017-02-02 20:26:30--  https://academic.oup.com/alh/article-lookup/doi/10.1093/alh/ajw007
Connecting to academic.oup.com (academic.oup.com)|173.254.190.144|:443... connected.
HTTP request sent, awaiting response... 200 OK
Length: 149623 (146K) [text/html]
Saving to: ‘ajw007’

     0K .......... .......... .......... .......... .......... 34%  207K 0s
    50K .......... .......... .......... .......... .......... 68%  600K 0s
   100K .......... .......... .......... .......... ......    100%  567K=0.4s

2017-02-02 20:26:34 (360 KB/s) - ‘ajw007’ saved [149623/149623]

--2017-02-02 20:26:35--  http://doi.org/10.1093/alh/ajw022
Connecting to doi.org (doi.org)|208.254.38.90|:80... connected.
HTTP request sent, awaiting response... 303 See Other
Location: https://academic.oup.com/alh/article-lookup/doi/10.1093/alh/ajw022 [following]
--2017-02-02 20:26:36--  https://academic.oup.com/alh/article-lookup/doi/10.1093/alh/ajw022
Connecting to academic.oup.com (academic.oup.com)|173.254.190.144|:443... connected.
HTTP request sent, awaiting response... 200 OK
Length: 92528 (90K) [text/html]
Saving to: ‘ajw022’

     0K .......... .......... .......... .......... .......... 55%  209K 0s
    50K .......... .......... .......... ..........           100% 10.0M=0.2s

2017-02-02 20:26:39 (372 KB/s) - ‘ajw022’ saved [92528/92528]

--2017-02-02 20:26:40--  http://doi.org/10.1093/alh/ajw008
Connecting to doi.org (doi.org)|208.254.38.90|:80... connected.
HTTP request sent, awaiting response... 303 See Other
Location: https://academic.oup.com/alh/article-lookup/doi/10.1093/alh/ajw008 [following]
--2017-02-02 20:26:42--  https://academic.oup.com/alh/article-lookup/doi/10.1093/alh/ajw008
Connecting to academic.oup.com (academic.oup.com)|173.254.190.144|:443... connected.
HTTP request sent, awaiting response... 200 OK
Length: 141231 (138K) [text/html]
Saving to: ‘ajw008’

     0K .......... .......... .......... .......... .......... 36%  309K 0s
    50K .......... .......... .......... .......... .......... 72%  313K 0s
   100K .......... .......... .......... .......              100%  471K=0.4s

2017-02-02 20:26:45 (343 KB/s) - ‘ajw008’ saved [141231/141231]

--2017-02-02 20:26:46--  http://doi.org/10.1093/alh/ajw016
Connecting to doi.org (doi.org)|208.254.38.90|:80... connected.
HTTP request sent, awaiting response... 303 See Other
Location: https://academic.oup.com/alh/article-lookup/doi/10.1093/alh/ajw016 [following]
--2017-02-02 20:26:47--  https://academic.oup.com/alh/article-lookup/doi/10.1093/alh/ajw016
Connecting to academic.oup.com (academic.oup.com)|173.254.190.144|:443... connected.
HTTP request sent, awaiting response... 200 OK
Length: 122029 (119K) [text/html]
Saving to: ‘ajw016’

     0K .......... .......... .......... .......... .......... 41%  308K 0s
    50K .......... .......... .......... .......... .......... 83%  311K 0s
   100K .......... .........                                  100% 17.8M=0.3s

2017-02-02 20:26:54 (368 KB/s) - ‘ajw016’ saved [122029/122029]

--2017-02-02 20:26:55--  http://doi.org/10.1093/alh/ajw012
Connecting to doi.org (doi.org)|208.254.38.90|:80... connected.
HTTP request sent, awaiting response... 303 See Other
Location: https://academic.oup.com/alh/article-lookup/doi/10.1093/alh/ajw012 [following]
--2017-02-02 20:26:57--  https://academic.oup.com/alh/article-lookup/doi/10.1093/alh/ajw012
Connecting to academic.oup.com (academic.oup.com)|173.254.190.144|:443... connected.
HTTP request sent, awaiting response... 400 Bad Request
2017-02-02 20:26:57 ERROR 400: Bad Request.

--2017-02-02 20:26:58--  http://doi.org/10.1093/alh/ajw013
Connecting to doi.org (doi.org)|208.254.38.90|:80... connected.
HTTP request sent, awaiting response... 303 See Other
Location: https://academic.oup.com/alh/article-lookup/doi/10.1093/alh/ajw013 [following]
--2017-02-02 20:26:59--  https://academic.oup.com/alh/article-lookup/doi/10.1093/alh/ajw013
Connecting to academic.oup.com (academic.oup.com)|173.254.190.144|:443... connected.
HTTP request sent, awaiting response... 200 OK
Length: 107564 (105K) [text/html]
Saving to: ‘ajw013’

     0K .......... .......... .......... .......... .......... 47%  207K 0s
    50K .......... .......... .......... .......... .......... 95%  611K 0s
   100K .....                                                 100% 9619G=0.3s

2017-02-02 20:27:02 (325 KB/s) - ‘ajw013’ saved [107564/107564]

--2017-02-02 20:27:03--  http://doi.org/10.1093/alh/ajw017
Connecting to doi.org (doi.org)|208.254.38.90|:80... connected.
HTTP request sent, awaiting response... 303 See Other
Location: https://academic.oup.com/alh/article-lookup/doi/10.1093/alh/ajw017 [following]
--2017-02-02 20:27:04--  https://academic.oup.com/alh/article-lookup/doi/10.1093/alh/ajw017
Connecting to academic.oup.com (academic.oup.com)|173.254.190.144|:443... connected.
HTTP request sent, awaiting response... 200 OK
Length: 92511 (90K) [text/html]
Saving to: ‘ajw017’

     0K .......... .......... .......... .......... .......... 55%  306K 0s
    50K .......... .......... .......... ..........           100%  497K=0.2s

2017-02-02 20:27:07 (369 KB/s) - ‘ajw017’ saved [92511/92511]

--2017-02-02 20:27:08--  http://doi.org/10.1093/alh/ajw006
Connecting to doi.org (doi.org)|208.254.38.90|:80... connected.
HTTP request sent, awaiting response... 303 See Other
Location: https://academic.oup.com/alh/article-lookup/doi/10.1093/alh/ajw006 [following]
--2017-02-02 20:27:10--  https://academic.oup.com/alh/article-lookup/doi/10.1093/alh/ajw006
Connecting to academic.oup.com (academic.oup.com)|173.254.190.144|:443... connected.
HTTP request sent, awaiting response... 200 OK
Length: 156594 (153K) [text/html]
Saving to: ‘ajw006’

     0K .......... .......... .......... .......... .......... 32%  209K 0s
    50K .......... .......... .......... .......... .......... 65%  599K 0s
   100K .......... .......... .......... .......... .......... 98%  614K 0s
   150K ..                                                    100% 5577G=0.4s

2017-02-02 20:27:18 (378 KB/s) - ‘ajw006’ saved [156594/156594]

--2017-02-02 20:27:19--  http://doi.org/10.1093/alh/ajw021
Connecting to doi.org (doi.org)|208.254.38.90|:80... connected.
HTTP request sent, awaiting response... 303 See Other
Location: https://academic.oup.com/alh/article-lookup/doi/10.1093/alh/ajw021 [following]
--2017-02-02 20:27:20--  https://academic.oup.com/alh/article-lookup/doi/10.1093/alh/ajw021
Connecting to academic.oup.com (academic.oup.com)|173.254.190.144|:443... connected.
HTTP request sent, awaiting response... 200 OK
Length: 92395 (90K) [text/html]
Saving to: ‘ajw021’

     0K .......... .......... .......... .......... .......... 55%  207K 0s
    50K .......... .......... .......... ..........           100%  504K=0.3s

2017-02-02 20:27:23 (281 KB/s) - ‘ajw021’ saved [92395/92395]

--2017-02-02 20:27:24--  http://doi.org/10.1093/alh/ajw009
Connecting to doi.org (doi.org)|208.254.38.90|:80... connected.
HTTP request sent, awaiting response... 303 See Other
Location: https://academic.oup.com/alh/article-lookup/doi/10.1093/alh/ajw009 [following]
--2017-02-02 20:27:25--  https://academic.oup.com/alh/article-lookup/doi/10.1093/alh/ajw009
Connecting to academic.oup.com (academic.oup.com)|173.254.190.144|:443... connected.
HTTP request sent, awaiting response... 200 OK
Length: 153973 (150K) [text/html]
Saving to: ‘ajw009’

     0K .......... .......... .......... .......... .......... 33%  209K 0s
    50K .......... .......... .......... .......... .......... 66%  613K 0s
   100K .......... .......... .......... .......... .......... 99%  602K 0s
   150K                                                       100%  695G=0.4s

2017-02-02 20:27:29 (372 KB/s) - ‘ajw009’ saved [153973/153973]

--2017-02-02 20:27:30--  http://doi.org/10.1093/alh/ajw005
Connecting to doi.org (doi.org)|208.254.38.90|:80... connected.
HTTP request sent, awaiting response... 303 See Other
Location: https://academic.oup.com/alh/article-lookup/doi/10.1093/alh/ajw005 [following]
--2017-02-02 20:27:31--  https://academic.oup.com/alh/article-lookup/doi/10.1093/alh/ajw005
Connecting to academic.oup.com (academic.oup.com)|173.254.190.144|:443... connected.
HTTP request sent, awaiting response... 200 OK
Length: 64605 (63K) [text/html]
Saving to: ‘ajw005’

     0K .......... .......... .......... .......... .......... 79%  208K 0s
    50K .......... ...                                        100% 14.1M=0.2s

2017-02-02 20:27:35 (262 KB/s) - ‘ajw005’ saved [64605/64605]

--2017-02-02 20:27:36--  http://doi.org/10.1093/alh/ajv064
Connecting to doi.org (doi.org)|208.254.38.90|:80... connected.
HTTP request sent, awaiting response... 303 See Other
Location: https://academic.oup.com/alh/article-lookup/doi/10.1093/alh/ajv064 [following]
--2017-02-02 20:27:37--  https://academic.oup.com/alh/article-lookup/doi/10.1093/alh/ajv064
Connecting to academic.oup.com (academic.oup.com)|173.254.190.144|:443... connected.
HTTP request sent, awaiting response... 200 OK
Length: 102815 (100K) [text/html]
Saving to: ‘ajv064’

     0K .......... .......... .......... .......... .......... 49%  209K 0s
    50K .......... .......... .......... .......... .......... 99%  613K 0s
   100K                                                       100%  773G=0.3s

2017-02-02 20:27:41 (313 KB/s) - ‘ajv064’ saved [102815/102815]

--2017-02-02 20:27:42--  http://doi.org/10.1093/alh/ajw004
Connecting to doi.org (doi.org)|208.254.38.90|:80... connected.
HTTP request sent, awaiting response... 303 See Other
Location: https://academic.oup.com/alh/article-lookup/doi/10.1093/alh/ajw004 [following]
--2017-02-02 20:27:43--  https://academic.oup.com/alh/article-lookup/doi/10.1093/alh/ajw004
Connecting to academic.oup.com (academic.oup.com)|173.254.190.144|:443... connected.
HTTP request sent, awaiting response... 200 OK
Length: 79513 (78K) [text/html]
Saving to: ‘ajw004’

     0K .......... .......... .......... .......... .......... 64%  209K 0s
    50K .......... .......... .......                         100% 10.8M=0.2s

2017-02-02 20:27:46 (321 KB/s) - ‘ajw004’ saved [79513/79513]

--2017-02-02 20:27:47--  http://doi.org/10.1093/alh/ajw001
Connecting to doi.org (doi.org)|208.254.38.90|:80... connected.
HTTP request sent, awaiting response... 303 See Other
Location: https://academic.oup.com/alh/article-lookup/doi/10.1093/alh/ajw001 [following]
--2017-02-02 20:27:48--  https://academic.oup.com/alh/article-lookup/doi/10.1093/alh/ajw001
Connecting to academic.oup.com (academic.oup.com)|173.254.190.144|:443... connected.
HTTP request sent, awaiting response... 200 OK
Length: 64599 (63K) [text/html]
Saving to: ‘ajw001’

     0K .......... .......... .......... .......... .......... 79%  209K 0s
    50K .......... ...                                        100% 12.1M=0.2s

2017-02-02 20:27:51 (262 KB/s) - ‘ajw001’ saved [64599/64599]

--2017-02-02 20:27:52--  http://doi.org/10.1093/alh/ajw003
Connecting to doi.org (doi.org)|208.254.38.90|:80... connected.
HTTP request sent, awaiting response... 303 See Other
Location: https://academic.oup.com/alh/article-lookup/doi/10.1093/alh/ajw003 [following]
--2017-02-02 20:27:54--  https://academic.oup.com/alh/article-lookup/doi/10.1093/alh/ajw003
Connecting to academic.oup.com (academic.oup.com)|173.254.190.144|:443... connected.
HTTP request sent, awaiting response... 200 OK
Length: 64578 (63K) [text/html]
Saving to: ‘ajw003’

     0K .......... .......... .......... .......... .......... 79%  208K 0s
    50K .......... ...                                        100% 15.4M=0.2s

2017-02-02 20:27:58 (262 KB/s) - ‘ajw003’ saved [64578/64578]

--2017-02-02 20:27:59--  http://doi.org/10.1093/alh/ajw002
Connecting to doi.org (doi.org)|208.254.38.90|:80... connected.
HTTP request sent, awaiting response... 303 See Other
Location: https://academic.oup.com/alh/article-lookup/doi/10.1093/alh/ajw002 [following]
--2017-02-02 20:28:00--  https://academic.oup.com/alh/article-lookup/doi/10.1093/alh/ajw002
Connecting to academic.oup.com (academic.oup.com)|173.254.190.144|:443... connected.
HTTP request sent, awaiting response... 200 OK
Length: 64621 (63K) [text/html]
Saving to: ‘ajw002’

     0K .......... .......... .......... .......... .......... 79%  309K 0s
    50K .......... ...                                        100%  168K=0.2s

2017-02-02 20:28:03 (263 KB/s) - ‘ajw002’ saved [64621/64621]

--2017-02-02 20:28:04--  http://doi.org/10.1093/alh/ajv063
Connecting to doi.org (doi.org)|208.254.38.90|:80... connected.
HTTP request sent, awaiting response... 303 See Other
Location: https://academic.oup.com/alh/article-lookup/doi/10.1093/alh/ajv063 [following]
--2017-02-02 20:28:05--  https://academic.oup.com/alh/article-lookup/doi/10.1093/alh/ajv063
Connecting to academic.oup.com (academic.oup.com)|173.254.190.144|:443... connected.
HTTP request sent, awaiting response... 200 OK
Length: 114228 (112K) [text/html]
Saving to: ‘ajv063’

     0K .......... .......... .......... .......... .......... 44%  205K 0s
    50K .......... .......... .......... .......... .......... 89%  607K 0s
   100K .......... .                                          100% 14.9M=0.3s

2017-02-02 20:28:08 (341 KB/s) - ‘ajv063’ saved [114228/114228]

--2017-02-02 20:28:09--  http://doi.org/10.1093/alh/ajw055
Connecting to doi.org (doi.org)|208.254.38.90|:80... connected.
HTTP request sent, awaiting response... 303 See Other
Location: http://fdslive.oup.com/www.oup.com/pdf/production_in_progress.pdf [following]
--2017-02-02 20:28:10--  http://fdslive.oup.com/www.oup.com/pdf/production_in_progress.pdf
Connecting to fdslive.oup.com (fdslive.oup.com)|193.67.160.201|:80... connected.
HTTP request sent, awaiting response... 200 OK
Length: 52438 (51K) [application/pdf]
Saving to: ‘ajw055’

     0K .......... .......... .......... .......... .......... 97% 1.29M 0s
    50K .                                                     100% 2306G=0.04s

2017-02-02 20:28:10 (1.32 MB/s) - ‘ajw055’ saved [52438/52438]

--2017-02-02 20:28:11--  http://doi.org/10.1093/alh/ajv058
Connecting to doi.org (doi.org)|208.254.38.90|:80... connected.
HTTP request sent, awaiting response... 303 See Other
Location: https://academic.oup.com/alh/article-lookup/doi/10.1093/alh/ajv058 [following]
--2017-02-02 20:28:12--  https://academic.oup.com/alh/article-lookup/doi/10.1093/alh/ajv058
Connecting to academic.oup.com (academic.oup.com)|173.254.190.144|:443... connected.
HTTP request sent, awaiting response... 200 OK
Length: 206120 (201K) [text/html]
Saving to: ‘ajv058’

     0K .......... .......... .......... .......... .......... 24%  209K 1s
    50K .......... .......... .......... .......... .......... 49%  605K 0s
   100K .......... .......... .......... .......... .......... 74%  614K 0s
   150K .......... .......... .......... .......... .......... 99%  316K 0s
   200K .                                                     100% 2459G=0.6s

2017-02-02 20:28:16 (358 KB/s) - ‘ajv058’ saved [206120/206120]

--2017-02-02 20:28:17--  http://doi.org/10.1093/alh/ajv056
Connecting to doi.org (doi.org)|208.254.38.90|:80... connected.
HTTP request sent, awaiting response... 303 See Other
Location: https://academic.oup.com/alh/article-lookup/doi/10.1093/alh/ajv056 [following]
--2017-02-02 20:28:18--  https://academic.oup.com/alh/article-lookup/doi/10.1093/alh/ajv056
Connecting to academic.oup.com (academic.oup.com)|173.254.190.144|:443... connected.
HTTP request sent, awaiting response... 400 Bad Request
2017-02-02 20:28:19 ERROR 400: Bad Request.

--2017-02-02 20:28:20--  http://doi.org/10.1093/alh/ajv060
Connecting to doi.org (doi.org)|208.254.38.90|:80... connected.
HTTP request sent, awaiting response... 303 See Other
Location: https://academic.oup.com/alh/article-lookup/doi/10.1093/alh/ajv060 [following]
--2017-02-02 20:28:21--  https://academic.oup.com/alh/article-lookup/doi/10.1093/alh/ajv060
Connecting to academic.oup.com (academic.oup.com)|173.254.190.144|:443... connected.
HTTP request sent, awaiting response... 200 OK
Length: 91922 (90K) [text/html]
Saving to: ‘ajv060’

     0K .......... .......... .......... .......... .......... 55%  209K 0s
    50K .......... .......... .......... .........            100% 11.1M=0.2s

2017-02-02 20:28:24 (370 KB/s) - ‘ajv060’ saved [91922/91922]

--2017-02-02 20:28:25--  http://doi.org/10.1093/alh/ajv059
Connecting to doi.org (doi.org)|208.254.38.90|:80... connected.
HTTP request sent, awaiting response... 303 See Other
Location: https://academic.oup.com/alh/article-lookup/doi/10.1093/alh/ajv059 [following]
--2017-02-02 20:28:26--  https://academic.oup.com/alh/article-lookup/doi/10.1093/alh/ajv059
Connecting to academic.oup.com (academic.oup.com)|173.254.190.144|:443... connected.
HTTP request sent, awaiting response... 200 OK
Length: 207853 (203K) [text/html]
Saving to: ‘ajv059’

     0K .......... .......... .......... .......... .......... 24%  208K 1s
    50K .......... .......... .......... .......... .......... 49%  611K 0s
   100K .......... .......... .......... .......... .......... 73%  608K 0s
   150K .......... .......... .......... .......... .......... 98%  314K 0s
   200K ..                                                    100% 5687G=0.6s

2017-02-02 20:28:30 (360 KB/s) - ‘ajv059’ saved [207853/207853]

--2017-02-02 20:28:31--  http://doi.org/10.1093/alh/ajv061
Connecting to doi.org (doi.org)|208.254.38.90|:80... connected.
HTTP request sent, awaiting response... 303 See Other
Location: https://academic.oup.com/alh/article-lookup/doi/10.1093/alh/ajv061 [following]
--2017-02-02 20:28:33--  https://academic.oup.com/alh/article-lookup/doi/10.1093/alh/ajv061
Connecting to academic.oup.com (academic.oup.com)|173.254.190.144|:443... connected.
HTTP request sent, awaiting response... 200 OK
Length: 123823 (121K) [text/html]
Saving to: ‘ajv061’

     0K .......... .......... .......... .......... .......... 41%  209K 0s
    50K .......... .......... .......... .......... .......... 82%  610K 0s
   100K .......... ..........                                 100% 8.12M=0.3s

2017-02-02 20:28:36 (373 KB/s) - ‘ajv061’ saved [123823/123823]

--2017-02-02 20:28:37--  http://doi.org/10.1093/alh/ajv057
Connecting to doi.org (doi.org)|208.254.38.90|:80... connected.
HTTP request sent, awaiting response... 303 See Other
Location: https://academic.oup.com/alh/article-lookup/doi/10.1093/alh/ajv057 [following]
--2017-02-02 20:28:38--  https://academic.oup.com/alh/article-lookup/doi/10.1093/alh/ajv057
Connecting to academic.oup.com (academic.oup.com)|173.254.190.144|:443... connected.
HTTP request sent, awaiting response... 200 OK
Length: 111234 (109K) [text/html]
Saving to: ‘ajv057’

     0K .......... .......... .......... .......... .......... 46%  209K 0s
    50K .......... .......... .......... .......... .......... 92%  605K 0s
   100K ........                                              100% 36.7M=0.3s

2017-02-02 20:28:41 (337 KB/s) - ‘ajv057’ saved [111234/111234]

--2017-02-02 20:28:42--  http://doi.org/10.1093/alh/ajv062
Connecting to doi.org (doi.org)|208.254.38.90|:80... connected.
HTTP request sent, awaiting response... 303 See Other
Location: https://academic.oup.com/alh/article-lookup/doi/10.1093/alh/ajv062 [following]
--2017-02-02 20:28:43--  https://academic.oup.com/alh/article-lookup/doi/10.1093/alh/ajv062
Connecting to academic.oup.com (academic.oup.com)|173.254.190.144|:443... connected.
HTTP request sent, awaiting response... 200 OK
Length: 156417 (153K) [text/html]
Saving to: ‘ajv062’

     0K .......... .......... .......... .......... .......... 32%  209K 0s
    50K .......... .......... .......... .......... .......... 65%  600K 0s
   100K .......... .......... .......... .......... .......... 98%  607K 0s
   150K ..                                                    100% 15.5M=0.4s

2017-02-02 20:28:47 (377 KB/s) - ‘ajv062’ saved [156417/156417]

--2017-02-02 20:28:48--  http://doi.org/10.1093/alh/ajv052
Connecting to doi.org (doi.org)|208.254.38.90|:80... connected.
HTTP request sent, awaiting response... 303 See Other
Location: https://academic.oup.com/alh/article-lookup/doi/10.1093/alh/ajv052 [following]
--2017-02-02 20:28:49--  https://academic.oup.com/alh/article-lookup/doi/10.1093/alh/ajv052
Connecting to academic.oup.com (academic.oup.com)|173.254.190.144|:443... connected.
HTTP request sent, awaiting response... 200 OK
Length: 196315 (192K) [text/html]
Saving to: ‘ajv052’

     0K .......... .......... .......... .......... .......... 26%  209K 1s
    50K .......... .......... .......... .......... .......... 52%  608K 0s
   100K .......... .......... .......... .......... .......... 78%  612K 0s
   150K .......... .......... .......... .......... .         100%  511K=0.5s

2017-02-02 20:28:53 (396 KB/s) - ‘ajv052’ saved [196315/196315]

--2017-02-02 20:28:54--  http://doi.org/10.1093/alh/ajv055
Connecting to doi.org (doi.org)|208.254.38.90|:80... connected.
HTTP request sent, awaiting response... 303 See Other
Location: https://academic.oup.com/alh/article-lookup/doi/10.1093/alh/ajv055 [following]
--2017-02-02 20:28:55--  https://academic.oup.com/alh/article-lookup/doi/10.1093/alh/ajv055
Connecting to academic.oup.com (academic.oup.com)|173.254.190.144|:443... connected.
HTTP request sent, awaiting response... 200 OK
Length: 108621 (106K) [text/html]
Saving to: ‘ajv055’

     0K .......... .......... .......... .......... .......... 47%  251K 0s
    50K .......... .......... .......... .......... .......... 94%  407K 0s
   100K ......                                                100% 29.9M=0.3s

2017-02-02 20:28:58 (329 KB/s) - ‘ajv055’ saved [108621/108621]

--2017-02-02 20:28:59--  http://doi.org/10.1093/alh/ajv054
Connecting to doi.org (doi.org)|208.254.38.90|:80... connected.
HTTP request sent, awaiting response... 303 See Other
Location: https://academic.oup.com/alh/article-lookup/doi/10.1093/alh/ajv054 [following]
--2017-02-02 20:29:01--  https://academic.oup.com/alh/article-lookup/doi/10.1093/alh/ajv054
Connecting to academic.oup.com (academic.oup.com)|173.254.190.144|:443... connected.
HTTP request sent, awaiting response... 200 OK
Length: 97190 (95K) [text/html]
Saving to: ‘ajv054’

     0K .......... .......... .......... .......... .......... 52%  208K 0s
    50K .......... .......... .......... .......... ....      100%  562K=0.3s

2017-02-02 20:29:04 (297 KB/s) - ‘ajv054’ saved [97190/97190]

--2017-02-02 20:29:05--  http://doi.org/10.1093/alh/ajv053
Connecting to doi.org (doi.org)|208.254.38.90|:80... connected.
HTTP request sent, awaiting response... 303 See Other
Location: https://academic.oup.com/alh/article-lookup/doi/10.1093/alh/ajv053 [following]
--2017-02-02 20:29:06--  https://academic.oup.com/alh/article-lookup/doi/10.1093/alh/ajv053
Connecting to academic.oup.com (academic.oup.com)|173.254.190.144|:443... connected.
HTTP request sent, awaiting response... 200 OK
Length: 101025 (99K) [text/html]
Saving to: ‘ajv053’

     0K .......... .......... .......... .......... .......... 50%  308K 0s
    50K .......... .......... .......... .......... ........  100%  304K=0.3s

2017-02-02 20:29:10 (306 KB/s) - ‘ajv053’ saved [101025/101025]

--2017-02-02 20:29:11--  http://doi.org/10.1093/alh/ajv051
Connecting to doi.org (doi.org)|208.254.38.90|:80... connected.
HTTP request sent, awaiting response... 303 See Other
Location: https://academic.oup.com/alh/article-lookup/doi/10.1093/alh/ajv051 [following]
--2017-02-02 20:29:12--  https://academic.oup.com/alh/article-lookup/doi/10.1093/alh/ajv051
Connecting to academic.oup.com (academic.oup.com)|173.254.190.144|:443... connected.
HTTP request sent, awaiting response... 200 OK
Length: 157963 (154K) [text/html]
Saving to: ‘ajv051’

     0K .......... .......... .......... .......... .......... 32%  208K 1s
    50K .......... .......... .......... .......... .......... 64%  605K 0s
   100K .......... .......... .......... .......... .......... 97%  607K 0s
   150K ....                                                  100% 18.8M=0.4s

2017-02-02 20:29:15 (380 KB/s) - ‘ajv051’ saved [157963/157963]

--2017-02-02 20:29:16--  http://doi.org/10.1093/alh/aju084
Connecting to doi.org (doi.org)|208.254.38.90|:80... connected.
HTTP request sent, awaiting response... 303 See Other
Location: https://academic.oup.com/alh/article-lookup/doi/10.1093/alh/aju084 [following]
--2017-02-02 20:29:17--  https://academic.oup.com/alh/article-lookup/doi/10.1093/alh/aju084
Connecting to academic.oup.com (academic.oup.com)|173.254.190.144|:443... connected.
HTTP request sent, awaiting response... 200 OK
Length: 79502 (78K) [text/html]
Saving to: ‘aju084’

     0K .......... .......... .......... .......... .......... 64%  209K 0s
    50K .......... .......... .......                         100% 9.97M=0.2s

2017-02-02 20:29:21 (320 KB/s) - ‘aju084’ saved [79502/79502]

--2017-02-02 20:29:22--  http://doi.org/10.1093/alh/aju096
Connecting to doi.org (doi.org)|208.254.38.90|:80... connected.
HTTP request sent, awaiting response... 303 See Other
Location: https://academic.oup.com/alh/article-lookup/doi/10.1093/alh/aju096 [following]
--2017-02-02 20:29:24--  https://academic.oup.com/alh/article-lookup/doi/10.1093/alh/aju096
Connecting to academic.oup.com (academic.oup.com)|173.254.190.144|:443... connected.
HTTP request sent, awaiting response... 400 Bad Request
2017-02-02 20:29:24 ERROR 400: Bad Request.

--2017-02-02 20:29:25--  http://doi.org/10.1093/alh/aju092
Connecting to doi.org (doi.org)|208.254.38.90|:80... connected.
HTTP request sent, awaiting response... 303 See Other
Location: https://academic.oup.com/alh/article-lookup/doi/10.1093/alh/aju092 [following]
--2017-02-02 20:29:26--  https://academic.oup.com/alh/article-lookup/doi/10.1093/alh/aju092
Connecting to academic.oup.com (academic.oup.com)|173.254.190.144|:443... connected.
HTTP request sent, awaiting response... 200 OK
Length: 64547 (63K) [text/html]
Saving to: ‘aju092’

     0K .......... .......... .......... .......... .......... 79%  309K 0s
    50K .......... ...                                        100%  165K=0.2s

2017-02-02 20:29:31 (262 KB/s) - ‘aju092’ saved [64547/64547]

--2017-02-02 20:29:32--  http://doi.org/10.1093/alh/aju100
Connecting to doi.org (doi.org)|208.254.38.90|:80... connected.
HTTP request sent, awaiting response... 303 See Other
Location: https://academic.oup.com/alh/article-lookup/doi/10.1093/alh/aju100 [following]
--2017-02-02 20:29:33--  https://academic.oup.com/alh/article-lookup/doi/10.1093/alh/aju100
Connecting to academic.oup.com (academic.oup.com)|173.254.190.144|:443... connected.
HTTP request sent, awaiting response... 200 OK
Length: 64574 (63K) [text/html]
Saving to: ‘aju100’

     0K .......... .......... .......... .......... .......... 79%  207K 0s
    50K .......... ...                                        100% 12.3M=0.2s

2017-02-02 20:29:37 (260 KB/s) - ‘aju100’ saved [64574/64574]

--2017-02-02 20:29:38--  http://doi.org/10.1093/alh/aju088
Connecting to doi.org (doi.org)|208.254.38.90|:80... connected.
HTTP request sent, awaiting response... 303 See Other
Location: https://academic.oup.com/alh/article-lookup/doi/10.1093/alh/aju088 [following]
--2017-02-02 20:29:40--  https://academic.oup.com/alh/article-lookup/doi/10.1093/alh/aju088
Connecting to academic.oup.com (academic.oup.com)|173.254.190.144|:443... connected.
HTTP request sent, awaiting response... 200 OK
Length: 64590 (63K) [text/html]
Saving to: ‘aju088’

     0K .......... .......... .......... .......... .......... 79%  208K 0s
    50K .......... ...                                        100% 16.9M=0.2s

2017-02-02 20:29:42 (262 KB/s) - ‘aju088’ saved [64590/64590]

--2017-02-02 20:29:43--  http://doi.org/10.1093/alh/ajv050
Connecting to doi.org (doi.org)|208.254.38.90|:80... connected.
HTTP request sent, awaiting response... 303 See Other
Location: https://academic.oup.com/alh/article-lookup/doi/10.1093/alh/ajv050 [following]
--2017-02-02 20:29:45--  https://academic.oup.com/alh/article-lookup/doi/10.1093/alh/ajv050
Connecting to academic.oup.com (academic.oup.com)|173.254.190.144|:443... connected.
HTTP request sent, awaiting response... 400 Bad Request
2017-02-02 20:29:45 ERROR 400: Bad Request.

--2017-02-02 20:29:46--  http://doi.org/10.1093/alh/ajv049
Connecting to doi.org (doi.org)|208.254.38.90|:80... connected.
HTTP request sent, awaiting response... 303 See Other
Location: https://academic.oup.com/alh/article-lookup/doi/10.1093/alh/ajv049 [following]
--2017-02-02 20:29:47--  https://academic.oup.com/alh/article-lookup/doi/10.1093/alh/ajv049
Connecting to academic.oup.com (academic.oup.com)|173.254.190.144|:443... connected.
HTTP request sent, awaiting response... 400 Bad Request
2017-02-02 20:29:48 ERROR 400: Bad Request.

--2017-02-02 20:29:49--  http://doi.org/10.1093/alh/ajv048
Connecting to doi.org (doi.org)|208.254.38.90|:80... connected.
HTTP request sent, awaiting response... 303 See Other
Location: https://academic.oup.com/alh/article-lookup/doi/10.1093/alh/ajv048 [following]
--2017-02-02 20:29:50--  https://academic.oup.com/alh/article-lookup/doi/10.1093/alh/ajv048
Connecting to academic.oup.com (academic.oup.com)|173.254.190.144|:443... connected.
HTTP request sent, awaiting response... 200 OK
Length: 109265 (107K) [text/html]
Saving to: ‘ajv048’

     0K .......... .......... .......... .......... .......... 46%  309K 0s
    50K .......... .......... .......... .......... .......... 93%  315K 0s
   100K ......                                                100% 7.34M=0.3s

2017-02-02 20:29:55 (332 KB/s) - ‘ajv048’ saved [109265/109265]

--2017-02-02 20:29:56--  http://doi.org/10.1093/alh/ajv047
Connecting to doi.org (doi.org)|208.254.38.90|:80... connected.
HTTP request sent, awaiting response... 303 See Other
Location: https://academic.oup.com/alh/article-lookup/doi/10.1093/alh/ajv047 [following]
--2017-02-02 20:29:57--  https://academic.oup.com/alh/article-lookup/doi/10.1093/alh/ajv047
Connecting to academic.oup.com (academic.oup.com)|173.254.190.144|:443... connected.
HTTP request sent, awaiting response... 200 OK
Length: 252953 (247K) [text/html]
Saving to: ‘ajv047’

     0K .......... .......... .......... .......... .......... 20%  208K 1s
    50K .......... .......... .......... .......... .......... 40%  597K 0s
   100K .......... .......... .......... .......... .......... 60%  612K 0s
   150K .......... .......... .......... .......... .......... 80%  311K 0s
   200K .......... .......... .......... .......... .......   100%  574K=0.6s

2017-02-02 20:30:01 (381 KB/s) - ‘ajv047’ saved [252953/252953]

--2017-02-02 20:30:02--  http://doi.org/10.1093/alh/ajv042
Connecting to doi.org (doi.org)|208.254.38.90|:80... connected.
HTTP request sent, awaiting response... 303 See Other
Location: https://academic.oup.com/alh/article-lookup/doi/10.1093/alh/ajv042 [following]
--2017-02-02 20:30:04--  https://academic.oup.com/alh/article-lookup/doi/10.1093/alh/ajv042
Connecting to academic.oup.com (academic.oup.com)|173.254.190.144|:443... connected.
HTTP request sent, awaiting response... 200 OK
Length: 184420 (180K) [text/html]
Saving to: ‘ajv042’

     0K .......... .......... .......... .......... .......... 27%  209K 1s
    50K .......... .......... .......... .......... .......... 55%  597K 0s
   100K .......... .......... .......... .......... .......... 83%  592K 0s
   150K .......... .......... ..........                      100%  391K=0.5s

2017-02-02 20:30:09 (372 KB/s) - ‘ajv042’ saved [184420/184420]

--2017-02-02 20:30:10--  http://doi.org/10.1093/alh/ajv040
Connecting to doi.org (doi.org)|208.254.38.90|:80... connected.
HTTP request sent, awaiting response... 303 See Other
Location: https://academic.oup.com/alh/article-lookup/doi/10.1093/alh/ajv040 [following]
--2017-02-02 20:30:11--  https://academic.oup.com/alh/article-lookup/doi/10.1093/alh/ajv040
Connecting to academic.oup.com (academic.oup.com)|173.254.190.144|:443... connected.
HTTP request sent, awaiting response... 200 OK
Length: 143643 (140K) [text/html]
Saving to: ‘ajv040’

     0K .......... .......... .......... .......... .......... 35%  208K 0s
    50K .......... .......... .......... .......... .......... 71%  608K 0s
   100K .......... .......... .......... ..........           100%  500K=0.4s

2017-02-02 20:30:20 (348 KB/s) - ‘ajv040’ saved [143643/143643]

--2017-02-02 20:30:21--  http://doi.org/10.1093/alh/ajv045
Connecting to doi.org (doi.org)|208.254.38.90|:80... connected.
HTTP request sent, awaiting response... 303 See Other
Location: https://academic.oup.com/alh/article-lookup/doi/10.1093/alh/ajv045 [following]
--2017-02-02 20:30:22--  https://academic.oup.com/alh/article-lookup/doi/10.1093/alh/ajv045
Connecting to academic.oup.com (academic.oup.com)|173.254.190.144|:443... connected.
HTTP request sent, awaiting response... 200 OK
Length: 170644 (167K) [text/html]
Saving to: ‘ajv045’

     0K .......... .......... .......... .......... .......... 30%  209K 1s
    50K .......... .......... .......... .......... .......... 60%  603K 0s
   100K .......... .......... .......... .......... .......... 90%  615K 0s
   150K .......... ......                                     100%  211K=0.5s

2017-02-02 20:30:25 (345 KB/s) - ‘ajv045’ saved [170644/170644]

--2017-02-02 20:30:26--  http://doi.org/10.1093/alh/ajv046
Connecting to doi.org (doi.org)|208.254.38.90|:80... connected.
HTTP request sent, awaiting response... 303 See Other
Location: https://academic.oup.com/alh/article-lookup/doi/10.1093/alh/ajv046 [following]
--2017-02-02 20:30:28--  https://academic.oup.com/alh/article-lookup/doi/10.1093/alh/ajv046
Connecting to academic.oup.com (academic.oup.com)|173.254.190.144|:443... connected.
HTTP request sent, awaiting response... 200 OK
Length: 176090 (172K) [text/html]
Saving to: ‘ajv046’

     0K .......... .......... .......... .......... .......... 29%  209K 1s
    50K .......... .......... .......... .......... .......... 58%  581K 0s
   100K .......... .......... .......... .......... .......... 87%  612K 0s
   150K .......... .......... .                               100%  296K=0.5s

2017-02-02 20:30:46 (357 KB/s) - ‘ajv046’ saved [176090/176090]

--2017-02-02 20:30:47--  http://doi.org/10.1093/alh/ajv043
Connecting to doi.org (doi.org)|208.254.38.90|:80... connected.
HTTP request sent, awaiting response... 303 See Other
Location: https://academic.oup.com/alh/article-lookup/doi/10.1093/alh/ajv043 [following]
--2017-02-02 20:30:48--  https://academic.oup.com/alh/article-lookup/doi/10.1093/alh/ajv043
Connecting to academic.oup.com (academic.oup.com)|173.254.190.144|:443... connected.
HTTP request sent, awaiting response... 200 OK
Length: 114231 (112K) [text/html]
Saving to: ‘ajv043’

     0K .......... .......... .......... .......... .......... 44%  208K 0s
    50K .......... .......... .......... .......... .......... 89%  605K 0s
   100K .......... .                                          100% 30.5M=0.3s

2017-02-02 20:30:52 (345 KB/s) - ‘ajv043’ saved [114231/114231]

--2017-02-02 20:30:53--  http://doi.org/10.1093/alh/ajv044
Connecting to doi.org (doi.org)|208.254.38.90|:80... connected.
HTTP request sent, awaiting response... 303 See Other
Location: https://academic.oup.com/alh/article-lookup/doi/10.1093/alh/ajv044 [following]
--2017-02-02 20:30:54--  https://academic.oup.com/alh/article-lookup/doi/10.1093/alh/ajv044
Connecting to academic.oup.com (academic.oup.com)|173.254.190.144|:443... connected.
HTTP request sent, awaiting response... 200 OK
Length: 117694 (115K) [text/html]
Saving to: ‘ajv044’

     0K .......... .......... .......... .......... .......... 43%  209K 0s
    50K .......... .......... .......... .......... .......... 87%  598K 0s
   100K .......... ....                                       100% 23.0M=0.3s

2017-02-02 20:30:57 (355 KB/s) - ‘ajv044’ saved [117694/117694]

--2017-02-02 20:30:58--  http://doi.org/10.1093/alh/ajv041
Connecting to doi.org (doi.org)|208.254.38.90|:80... connected.
HTTP request sent, awaiting response... 303 See Other
Location: https://academic.oup.com/alh/article-lookup/doi/10.1093/alh/ajv041 [following]
--2017-02-02 20:31:00--  https://academic.oup.com/alh/article-lookup/doi/10.1093/alh/ajv041
Connecting to academic.oup.com (academic.oup.com)|173.254.190.144|:443... connected.
HTTP request sent, awaiting response... 200 OK
Length: 165325 (161K) [text/html]
Saving to: ‘ajv041’

     0K .......... .......... .......... .......... .......... 30%  209K 1s
    50K .......... .......... .......... .......... .......... 61%  613K 0s
   100K .......... .......... .......... .......... .......... 92%  584K 0s
   150K .......... .                                          100% 13.6M=0.4s

2017-02-02 20:31:03 (397 KB/s) - ‘ajv041’ saved [165325/165325]

--2017-02-02 20:31:04--  http://doi.org/10.1093/alh/aju095
Connecting to doi.org (doi.org)|208.254.38.90|:80... connected.
HTTP request sent, awaiting response... 303 See Other
Location: https://academic.oup.com/alh/article-lookup/doi/10.1093/alh/aju095 [following]
--2017-02-02 20:31:06--  https://academic.oup.com/alh/article-lookup/doi/10.1093/alh/aju095
Connecting to academic.oup.com (academic.oup.com)|173.254.190.144|:443... connected.
HTTP request sent, awaiting response... 200 OK
Length: 64534 (63K) [text/html]
Saving to: ‘aju095’

     0K .......... .......... .......... .......... .......... 79%  208K 0s
    50K .......... ...                                        100% 13.9M=0.2s

2017-02-02 20:31:10 (261 KB/s) - ‘aju095’ saved [64534/64534]

--2017-02-02 20:31:11--  http://doi.org/10.1093/alh/aju099
Connecting to doi.org (doi.org)|208.254.38.90|:80... connected.
HTTP request sent, awaiting response... 303 See Other
Location: https://academic.oup.com/alh/article-lookup/doi/10.1093/alh/aju099 [following]
--2017-02-02 20:31:12--  https://academic.oup.com/alh/article-lookup/doi/10.1093/alh/aju099
Connecting to academic.oup.com (academic.oup.com)|173.254.190.144|:443... connected.
HTTP request sent, awaiting response... 200 OK
Length: 79522 (78K) [text/html]
Saving to: ‘aju099’

     0K .......... .......... .......... .......... .......... 64%  308K 0s
    50K .......... .......... .......                         100%  346K=0.2s

2017-02-02 20:31:16 (321 KB/s) - ‘aju099’ saved [79522/79522]

--2017-02-02 20:31:17--  http://doi.org/10.1093/alh/aju091
Connecting to doi.org (doi.org)|208.254.38.90|:80... connected.
HTTP request sent, awaiting response... 303 See Other
Location: https://academic.oup.com/alh/article-lookup/doi/10.1093/alh/aju091 [following]
--2017-02-02 20:31:18--  https://academic.oup.com/alh/article-lookup/doi/10.1093/alh/aju091
Connecting to academic.oup.com (academic.oup.com)|173.254.190.144|:443... connected.
HTTP request sent, awaiting response... 400 Bad Request
2017-02-02 20:31:19 ERROR 400: Bad Request.

--2017-02-02 20:31:20--  http://doi.org/10.1093/alh/aju087
Connecting to doi.org (doi.org)|208.254.38.90|:80... connected.
HTTP request sent, awaiting response... 303 See Other
Location: https://academic.oup.com/alh/article-lookup/doi/10.1093/alh/aju087 [following]
--2017-02-02 20:31:21--  https://academic.oup.com/alh/article-lookup/doi/10.1093/alh/aju087
Connecting to academic.oup.com (academic.oup.com)|173.254.190.144|:443... connected.
HTTP request sent, awaiting response... 200 OK
Length: 64589 (63K) [text/html]
Saving to: ‘aju087’

     0K .......... .......... .......... .......... .......... 79%  209K 0s
    50K .......... ...                                        100% 15.8M=0.2s

2017-02-02 20:31:26 (262 KB/s) - ‘aju087’ saved [64589/64589]

--2017-02-02 20:31:27--  http://doi.org/10.1093/alh/aju083
Connecting to doi.org (doi.org)|208.254.38.90|:80... connected.
HTTP request sent, awaiting response... 303 See Other
Location: https://academic.oup.com/alh/article-lookup/doi/10.1093/alh/aju083 [following]
--2017-02-02 20:31:28--  https://academic.oup.com/alh/article-lookup/doi/10.1093/alh/aju083
Connecting to academic.oup.com (academic.oup.com)|173.254.190.144|:443... connected.
HTTP request sent, awaiting response... 200 OK
Length: 64564 (63K) [text/html]
Saving to: ‘aju083’

     0K .......... .......... .......... .......... .......... 79%  209K 0s
    50K .......... ...                                        100% 15.2M=0.2s

2017-02-02 20:31:33 (262 KB/s) - ‘aju083’ saved [64564/64564]

--2017-02-02 20:31:34--  http://doi.org/10.1093/alh/ajv037
Connecting to doi.org (doi.org)|208.254.38.90|:80... connected.
HTTP request sent, awaiting response... 303 See Other
Location: https://academic.oup.com/alh/article-lookup/doi/10.1093/alh/ajv037 [following]
--2017-02-02 20:31:35--  https://academic.oup.com/alh/article-lookup/doi/10.1093/alh/ajv037
Connecting to academic.oup.com (academic.oup.com)|173.254.190.144|:443... connected.
HTTP request sent, awaiting response... 200 OK
Length: 95724 (93K) [text/html]
Saving to: ‘ajv037’

     0K .......... .......... .......... .......... .......... 53%  208K 0s
    50K .......... .......... .......... .......... ...       100%  542K=0.3s

2017-02-02 20:31:40 (292 KB/s) - ‘ajv037’ saved [95724/95724]

--2017-02-02 20:31:41--  http://doi.org/10.1093/alh/ajv036
Connecting to doi.org (doi.org)|208.254.38.90|:80... connected.
HTTP request sent, awaiting response... 303 See Other
Location: https://academic.oup.com/alh/article-lookup/doi/10.1093/alh/ajv036 [following]
--2017-02-02 20:31:42--  https://academic.oup.com/alh/article-lookup/doi/10.1093/alh/ajv036
Connecting to academic.oup.com (academic.oup.com)|173.254.190.144|:443... connected.
HTTP request sent, awaiting response... 200 OK
Length: 80147 (78K) [text/html]
Saving to: ‘ajv036’

     0K .......... .......... .......... .......... .......... 63%  208K 0s
    50K .......... .......... ........                        100% 14.0M=0.2s

2017-02-02 20:31:46 (323 KB/s) - ‘ajv036’ saved [80147/80147]

--2017-02-02 20:31:47--  http://doi.org/10.1093/alh/ajv035
Connecting to doi.org (doi.org)|208.254.38.90|:80... connected.
HTTP request sent, awaiting response... 303 See Other
Location: https://academic.oup.com/alh/article-lookup/doi/10.1093/alh/ajv035 [following]
--2017-02-02 20:31:49--  https://academic.oup.com/alh/article-lookup/doi/10.1093/alh/ajv035
Connecting to academic.oup.com (academic.oup.com)|173.254.190.144|:443... connected.
HTTP request sent, awaiting response... 200 OK
Length: 85650 (84K) [text/html]
Saving to: ‘ajv035’

     0K .......... .......... .......... .......... .......... 59%  310K 0s
    50K .......... .......... .......... ...                  100%  413K=0.2s

2017-02-02 20:32:09 (344 KB/s) - ‘ajv035’ saved [85650/85650]

--2017-02-02 20:32:10--  http://doi.org/10.1093/alh/ajv033
Connecting to doi.org (doi.org)|208.254.38.90|:80... connected.
HTTP request sent, awaiting response... 303 See Other
Location: https://academic.oup.com/alh/article-lookup/doi/10.1093/alh/ajv033 [following]
--2017-02-02 20:32:11--  https://academic.oup.com/alh/article-lookup/doi/10.1093/alh/ajv033
Connecting to academic.oup.com (academic.oup.com)|173.254.190.144|:443... connected.
HTTP request sent, awaiting response... 200 OK
Length: 125172 (122K) [text/html]
Saving to: ‘ajv033’

     0K .......... .......... .......... .......... .......... 40%  208K 0s
    50K .......... .......... .......... .......... .......... 81%  579K 0s
   100K .......... .......... ..                              100% 15.8M=0.3s

2017-02-02 20:32:15 (373 KB/s) - ‘ajv033’ saved [125172/125172]

FINISHED --2017-02-02 20:32:15--
Total wall clock time: 10m 12s
Downloaded: 91 files, 11M in 32s (351 KB/s)
