--2017-02-02 22:24:13--  http://doi.org/10.1093/arbint/aiw037
Resolving doi.org (doi.org)... 95.138.171.129, 63.123.152.248, 208.254.38.90, ...
Connecting to doi.org (doi.org)|95.138.171.129|:80... connected.
HTTP request sent, awaiting response... 303 See Other
Location: http://arbitration.oxfordjournals.org/lookup/doi/10.1093/arbint/aiw037 [following]
--2017-02-02 22:24:14--  http://arbitration.oxfordjournals.org/lookup/doi/10.1093/arbint/aiw037
Resolving arbitration.oxfordjournals.org (arbitration.oxfordjournals.org)... 209.135.222.209
Connecting to arbitration.oxfordjournals.org (arbitration.oxfordjournals.org)|209.135.222.209|:80... connected.
HTTP request sent, awaiting response... 301 Moved Permanently
Cookie coming from arbitration.oxfordjournals.org attempted to set domain to academic.oup.com
Location: https://academic.oup.com/arbitration/article/doi/10.1093/arbint/aiw037/2875814/Separability-and-stage-one-of-the-Sulamerica [following]
--2017-02-02 22:24:15--  https://academic.oup.com/arbitration/article/doi/10.1093/arbint/aiw037/2875814/Separability-and-stage-one-of-the-Sulamerica
Resolving academic.oup.com (academic.oup.com)... 173.254.190.144
Connecting to academic.oup.com (academic.oup.com)|173.254.190.144|:443... connected.
HTTP request sent, awaiting response... 200 OK
Length: 130635 (128K) [text/html]
Saving to: ‘aiw037’

     0K .......... .......... .......... .......... .......... 39%  208K 0s
    50K .......... .......... .......... .......... .......... 78%  608K 0s
   100K .......... .......... .......                         100% 7.61M=0.3s

2017-02-02 22:24:19 (391 KB/s) - ‘aiw037’ saved [130635/130635]

--2017-02-02 22:24:20--  http://doi.org/10.1093/arbint/aiw038
Connecting to doi.org (doi.org)|95.138.171.129|:80... connected.
HTTP request sent, awaiting response... 303 See Other
Location: https://academic.oup.com/arbitration/article-lookup/doi/10.1093/arbint/aiw038 [following]
--2017-02-02 22:24:22--  https://academic.oup.com/arbitration/article-lookup/doi/10.1093/arbint/aiw038
Connecting to academic.oup.com (academic.oup.com)|173.254.190.144|:443... connected.
HTTP request sent, awaiting response... 200 OK
Length: 126283 (123K) [text/html]
Saving to: ‘aiw038’

     0K .......... .......... .......... .......... .......... 40%  208K 0s
    50K .......... .......... .......... .......... .......... 81%  597K 0s
   100K .......... .......... ...                             100% 5.53M=0.3s

2017-02-02 22:24:26 (376 KB/s) - ‘aiw038’ saved [126283/126283]

--2017-02-02 22:24:27--  http://doi.org/10.1093/arbint/aiw036
Connecting to doi.org (doi.org)|95.138.171.129|:80... connected.
HTTP request sent, awaiting response... 303 See Other
Location: https://academic.oup.com/arbitration/article-lookup/doi/10.1093/arbint/aiw036 [following]
--2017-02-02 22:24:28--  https://academic.oup.com/arbitration/article-lookup/doi/10.1093/arbint/aiw036
Connecting to academic.oup.com (academic.oup.com)|173.254.190.144|:443... connected.
HTTP request sent, awaiting response... 200 OK
Length: 144925 (142K) [text/html]
Saving to: ‘aiw036’

     0K .......... .......... .......... .......... .......... 35%  209K 0s
    50K .......... .......... .......... .......... .......... 70%  609K 0s
   100K .......... .......... .......... .......... .         100%  512K=0.4s

2017-02-02 22:24:32 (351 KB/s) - ‘aiw036’ saved [144925/144925]

--2017-02-02 22:24:33--  http://doi.org/10.1093/arbint/aiw035
Connecting to doi.org (doi.org)|95.138.171.129|:80... connected.
HTTP request sent, awaiting response... 303 See Other
Location: https://academic.oup.com/arbitration/article-lookup/doi/10.1093/arbint/aiw035 [following]
--2017-02-02 22:24:34--  https://academic.oup.com/arbitration/article-lookup/doi/10.1093/arbint/aiw035
Connecting to academic.oup.com (academic.oup.com)|173.254.190.144|:443... connected.
HTTP request sent, awaiting response... 200 OK
Length: 77649 (76K) [text/html]
Saving to: ‘aiw035’

     0K .......... .......... .......... .......... .......... 65%  309K 0s
    50K .......... .......... .....                           100%  319K=0.2s

2017-02-02 22:24:37 (312 KB/s) - ‘aiw035’ saved [77649/77649]

--2017-02-02 22:24:38--  http://doi.org/10.1093/arbint/aiw032
Connecting to doi.org (doi.org)|95.138.171.129|:80... connected.
HTTP request sent, awaiting response... 303 See Other
Location: https://academic.oup.com/arbitration/article-lookup/doi/10.1093/arbint/aiw032 [following]
--2017-02-02 22:24:40--  https://academic.oup.com/arbitration/article-lookup/doi/10.1093/arbint/aiw032
Connecting to academic.oup.com (academic.oup.com)|173.254.190.144|:443... connected.
HTTP request sent, awaiting response... 200 OK
Length: 79102 (77K) [text/html]
Saving to: ‘aiw032’

     0K .......... .......... .......... .......... .......... 64%  208K 0s
    50K .......... .......... .......                         100% 12.9M=0.2s

2017-02-02 22:24:47 (319 KB/s) - ‘aiw032’ saved [79102/79102]

--2017-02-02 22:24:48--  http://doi.org/10.1093/arbint/aiw034
Connecting to doi.org (doi.org)|95.138.171.129|:80... connected.
HTTP request sent, awaiting response... 303 See Other
Location: https://academic.oup.com/arbitration/article-lookup/doi/10.1093/arbint/aiw034 [following]
--2017-02-02 22:24:49--  https://academic.oup.com/arbitration/article-lookup/doi/10.1093/arbint/aiw034
Connecting to academic.oup.com (academic.oup.com)|173.254.190.144|:443... connected.
HTTP request sent, awaiting response... 200 OK
Length: 170130 (166K) [text/html]
Saving to: ‘aiw034’

     0K .......... .......... .......... .......... .......... 30%  208K 1s
    50K .......... .......... .......... .......... .......... 60%  607K 0s
   100K .......... .......... .......... .......... .......... 90%  595K 0s
   150K .......... ......                                     100%  404K=0.4s

2017-02-02 22:24:53 (372 KB/s) - ‘aiw034’ saved [170130/170130]

--2017-02-02 22:24:54--  http://doi.org/10.1093/arbint/aiw030
Connecting to doi.org (doi.org)|95.138.171.129|:80... connected.
HTTP request sent, awaiting response... 303 See Other
Location: https://academic.oup.com/arbitration/article-lookup/doi/10.1093/arbint/aiw030 [following]
--2017-02-02 22:24:55--  https://academic.oup.com/arbitration/article-lookup/doi/10.1093/arbint/aiw030
Connecting to academic.oup.com (academic.oup.com)|173.254.190.144|:443... connected.
HTTP request sent, awaiting response... 200 OK
Length: 139177 (136K) [text/html]
Saving to: ‘aiw030’

     0K .......... .......... .......... .......... .......... 36%  208K 0s
    50K .......... .......... .......... .......... .......... 73%  601K 0s
   100K .......... .......... .......... .....                100%  455K=0.4s

2017-02-02 22:24:59 (337 KB/s) - ‘aiw030’ saved [139177/139177]

--2017-02-02 22:25:00--  http://doi.org/10.1093/arbint/aiw033
Connecting to doi.org (doi.org)|95.138.171.129|:80... connected.
HTTP request sent, awaiting response... 303 See Other
Location: https://academic.oup.com/arbitration/article-lookup/doi/10.1093/arbint/aiw033 [following]
--2017-02-02 22:25:01--  https://academic.oup.com/arbitration/article-lookup/doi/10.1093/arbint/aiw033
Connecting to academic.oup.com (academic.oup.com)|173.254.190.144|:443... connected.
HTTP request sent, awaiting response... 200 OK
Length: 130178 (127K) [text/html]
Saving to: ‘aiw033’

     0K .......... .......... .......... .......... .......... 39%  209K 0s
    50K .......... .......... .......... .......... .......... 78%  605K 0s
   100K .......... .......... .......                         100% 8.71M=0.3s

2017-02-02 22:25:15 (391 KB/s) - ‘aiw033’ saved [130178/130178]

--2017-02-02 22:25:16--  http://doi.org/10.1093/arbint/aiw031
Connecting to doi.org (doi.org)|95.138.171.129|:80... connected.
HTTP request sent, awaiting response... 303 See Other
Location: https://academic.oup.com/arbitration/article-lookup/doi/10.1093/arbint/aiw031 [following]
--2017-02-02 22:25:17--  https://academic.oup.com/arbitration/article-lookup/doi/10.1093/arbint/aiw031
Connecting to academic.oup.com (academic.oup.com)|173.254.190.144|:443... connected.
HTTP request sent, awaiting response... 200 OK
Length: 123813 (121K) [text/html]
Saving to: ‘aiw031’

     0K .......... .......... .......... .......... .......... 41%  208K 0s
    50K .......... .......... .......... .......... .......... 82%  596K 0s
   100K .......... ..........                                 100% 18.4M=0.3s

2017-02-02 22:25:20 (371 KB/s) - ‘aiw031’ saved [123813/123813]

--2017-02-02 22:25:21--  http://doi.org/10.1093/arbint/aiw029
Connecting to doi.org (doi.org)|95.138.171.129|:80... connected.
HTTP request sent, awaiting response... 303 See Other
Location: https://academic.oup.com/arbitration/article-lookup/doi/10.1093/arbint/aiw029 [following]
--2017-02-02 22:25:23--  https://academic.oup.com/arbitration/article-lookup/doi/10.1093/arbint/aiw029
Connecting to academic.oup.com (academic.oup.com)|173.254.190.144|:443... connected.
HTTP request sent, awaiting response... 200 OK
Length: 100346 (98K) [text/html]
Saving to: ‘aiw029’

     0K .......... .......... .......... .......... .......... 51%  209K 0s
    50K .......... .......... .......... .......... .......   100%  590K=0.3s

2017-02-02 22:25:31 (306 KB/s) - ‘aiw029’ saved [100346/100346]

--2017-02-02 22:25:32--  http://doi.org/10.1093/arbint/aiw027
Connecting to doi.org (doi.org)|95.138.171.129|:80... connected.
HTTP request sent, awaiting response... 303 See Other
Location: https://academic.oup.com/arbitration/article-lookup/doi/10.1093/arbint/aiw027 [following]
--2017-02-02 22:25:33--  https://academic.oup.com/arbitration/article-lookup/doi/10.1093/arbint/aiw027
Connecting to academic.oup.com (academic.oup.com)|173.254.190.144|:443... connected.
HTTP request sent, awaiting response... 200 OK
Length: 194808 (190K) [text/html]
Saving to: ‘aiw027’

     0K .......... .......... .......... .......... .......... 26%  208K 1s
    50K .......... .......... .......... .......... .......... 52%  607K 0s
   100K .......... .......... .......... .......... .......... 78%  607K 0s
   150K .......... .......... .......... ..........           100%  491K=0.5s

2017-02-02 22:25:36 (391 KB/s) - ‘aiw027’ saved [194808/194808]

--2017-02-02 22:25:37--  http://doi.org/10.1093/arbint/aiw028
Connecting to doi.org (doi.org)|95.138.171.129|:80... connected.
HTTP request sent, awaiting response... 303 See Other
Location: https://academic.oup.com/arbitration/article-lookup/doi/10.1093/arbint/aiw028 [following]
--2017-02-02 22:25:38--  https://academic.oup.com/arbitration/article-lookup/doi/10.1093/arbint/aiw028
Connecting to academic.oup.com (academic.oup.com)|173.254.190.144|:443... connected.
HTTP request sent, awaiting response... 200 OK
Length: 122720 (120K) [text/html]
Saving to: ‘aiw028’

     0K .......... .......... .......... .......... .......... 41%  209K 0s
    50K .......... .......... .......... .......... .......... 83%  613K 0s
   100K .......... .........                                  100% 10.0M=0.3s

2017-02-02 22:25:42 (371 KB/s) - ‘aiw028’ saved [122720/122720]

--2017-02-02 22:25:43--  http://doi.org/10.1093/arbint/aiw026
Connecting to doi.org (doi.org)|95.138.171.129|:80... connected.
HTTP request sent, awaiting response... 303 See Other
Location: https://academic.oup.com/arbitration/article-lookup/doi/10.1093/arbint/aiw026 [following]
--2017-02-02 22:25:44--  https://academic.oup.com/arbitration/article-lookup/doi/10.1093/arbint/aiw026
Connecting to academic.oup.com (academic.oup.com)|173.254.190.144|:443... connected.
HTTP request sent, awaiting response... 200 OK
Length: 168003 (164K) [text/html]
Saving to: ‘aiw026’

     0K .......... .......... .......... .......... .......... 30%  209K 1s
    50K .......... .......... .......... .......... .......... 60%  605K 0s
   100K .......... .......... .......... .......... .......... 91%  599K 0s
   150K .......... ....                                       100%  380K=0.4s

2017-02-02 22:25:47 (371 KB/s) - ‘aiw026’ saved [168003/168003]

--2017-02-02 22:25:48--  http://doi.org/10.1093/arbint/aiw024
Connecting to doi.org (doi.org)|95.138.171.129|:80... connected.
HTTP request sent, awaiting response... 303 See Other
Location: https://academic.oup.com/arbitration/article-lookup/doi/10.1093/arbint/aiw024 [following]
--2017-02-02 22:25:49--  https://academic.oup.com/arbitration/article-lookup/doi/10.1093/arbint/aiw024
Connecting to academic.oup.com (academic.oup.com)|173.254.190.144|:443... connected.
HTTP request sent, awaiting response... 200 OK
Length: 162916 (159K) [text/html]
Saving to: ‘aiw024’

     0K .......... .......... .......... .......... .......... 31%  207K 1s
    50K .......... .......... .......... .......... .......... 62%  598K 0s
   100K .......... .......... .......... .......... .......... 94%  611K 0s
   150K .........                                             100% 9.34M=0.4s

2017-02-02 22:25:54 (390 KB/s) - ‘aiw024’ saved [162916/162916]

--2017-02-02 22:25:55--  http://doi.org/10.1093/arbint/aiw025
Connecting to doi.org (doi.org)|95.138.171.129|:80... connected.
HTTP request sent, awaiting response... 303 See Other
Location: https://academic.oup.com/arbitration/article-lookup/doi/10.1093/arbint/aiw025 [following]
--2017-02-02 22:25:56--  https://academic.oup.com/arbitration/article-lookup/doi/10.1093/arbint/aiw025
Connecting to academic.oup.com (academic.oup.com)|173.254.190.144|:443... connected.
HTTP request sent, awaiting response... 200 OK
Length: 154697 (151K) [text/html]
Saving to: ‘aiw025’

     0K .......... .......... .......... .......... .......... 33%  209K 0s
    50K .......... .......... .......... .......... .......... 66%  610K 0s
   100K .......... .......... .......... .......... .......... 99%  607K 0s
   150K .                                                     100% 2043G=0.4s

2017-02-02 22:25:58 (374 KB/s) - ‘aiw025’ saved [154697/154697]

--2017-02-02 22:25:59--  http://doi.org/10.1093/arbint/aiw020
Connecting to doi.org (doi.org)|95.138.171.129|:80... connected.
HTTP request sent, awaiting response... 303 See Other
Location: https://academic.oup.com/arbitration/article-lookup/doi/10.1093/arbint/aiw020 [following]
--2017-02-02 22:26:00--  https://academic.oup.com/arbitration/article-lookup/doi/10.1093/arbint/aiw020
Connecting to academic.oup.com (academic.oup.com)|173.254.190.144|:443... connected.
HTTP request sent, awaiting response... 200 OK
Length: 172532 (168K) [text/html]
Saving to: ‘aiw020’

     0K .......... .......... .......... .......... .......... 29%  207K 1s
    50K .......... .......... .......... .......... .......... 59%  607K 0s
   100K .......... .......... .......... .......... .......... 89%  597K 0s
   150K .......... ........                                   100%  247K=0.5s

2017-02-02 22:26:04 (349 KB/s) - ‘aiw020’ saved [172532/172532]

--2017-02-02 22:26:05--  http://doi.org/10.1093/arbint/aiw023
Connecting to doi.org (doi.org)|95.138.171.129|:80... connected.
HTTP request sent, awaiting response... 303 See Other
Location: https://academic.oup.com/arbitration/article-lookup/doi/10.1093/arbint/aiw023 [following]
--2017-02-02 22:26:07--  https://academic.oup.com/arbitration/article-lookup/doi/10.1093/arbint/aiw023
Connecting to academic.oup.com (academic.oup.com)|173.254.190.144|:443... connected.
HTTP request sent, awaiting response... 200 OK
Length: 89282 (87K) [text/html]
Saving to: ‘aiw023’

     0K .......... .......... .......... .......... .......... 57%  209K 0s
    50K .......... .......... .......... .......              100% 10.2M=0.2s

2017-02-02 22:26:10 (359 KB/s) - ‘aiw023’ saved [89282/89282]

--2017-02-02 22:26:11--  http://doi.org/10.1093/arbint/aiw021
Connecting to doi.org (doi.org)|95.138.171.129|:80... connected.
HTTP request sent, awaiting response... 303 See Other
Location: https://academic.oup.com/arbitration/article-lookup/doi/10.1093/arbint/aiw021 [following]
--2017-02-02 22:26:12--  https://academic.oup.com/arbitration/article-lookup/doi/10.1093/arbint/aiw021
Connecting to academic.oup.com (academic.oup.com)|173.254.190.144|:443... connected.
HTTP request sent, awaiting response... 200 OK
Length: 74225 (72K) [text/html]
Saving to: ‘aiw021’

     0K .......... .......... .......... .......... .......... 68%  209K 0s
    50K .......... .......... ..                              100% 10.8M=0.2s

2017-02-02 22:26:18 (300 KB/s) - ‘aiw021’ saved [74225/74225]

--2017-02-02 22:26:19--  http://doi.org/10.1093/arbint/aiw022
Connecting to doi.org (doi.org)|95.138.171.129|:80... connected.
HTTP request sent, awaiting response... 303 See Other
Location: https://academic.oup.com/arbitration/article-lookup/doi/10.1093/arbint/aiw022 [following]
--2017-02-02 22:26:20--  https://academic.oup.com/arbitration/article-lookup/doi/10.1093/arbint/aiw022
Connecting to academic.oup.com (academic.oup.com)|173.254.190.144|:443... connected.
HTTP request sent, awaiting response... 200 OK
Length: 86435 (84K) [text/html]
Saving to: ‘aiw022’

     0K .......... .......... .......... .......... .......... 59%  208K 0s
    50K .......... .......... .......... ....                 100% 7.80M=0.2s

2017-02-02 22:26:24 (345 KB/s) - ‘aiw022’ saved [86435/86435]

--2017-02-02 22:26:25--  http://doi.org/10.1093/arbint/aiw010
Connecting to doi.org (doi.org)|95.138.171.129|:80... connected.
HTTP request sent, awaiting response... 303 See Other
Location: https://academic.oup.com/arbitration/article-lookup/doi/10.1093/arbint/aiw010 [following]
--2017-02-02 22:26:26--  https://academic.oup.com/arbitration/article-lookup/doi/10.1093/arbint/aiw010
Connecting to academic.oup.com (academic.oup.com)|173.254.190.144|:443... connected.
HTTP request sent, awaiting response... 200 OK
Length: 91174 (89K) [text/html]
Saving to: ‘aiw010’

     0K .......... .......... .......... .......... .......... 56%  209K 0s
    50K .......... .......... .......... .........            100% 8.27M=0.2s

2017-02-02 22:26:30 (365 KB/s) - ‘aiw010’ saved [91174/91174]

--2017-02-02 22:26:31--  http://doi.org/10.1093/arbint/aiw013
Connecting to doi.org (doi.org)|95.138.171.129|:80... connected.
HTTP request sent, awaiting response... 303 See Other
Location: https://academic.oup.com/arbitration/article-lookup/doi/10.1093/arbint/aiw013 [following]
--2017-02-02 22:26:32--  https://academic.oup.com/arbitration/article-lookup/doi/10.1093/arbint/aiw013
Connecting to academic.oup.com (academic.oup.com)|173.254.190.144|:443... connected.
HTTP request sent, awaiting response... 200 OK
Length: 122269 (119K) [text/html]
Saving to: ‘aiw013’

     0K .......... .......... .......... .......... .......... 41%  209K 0s
    50K .......... .......... .......... .......... .......... 83%  609K 0s
   100K .......... .........                                  100% 5.52M=0.3s

2017-02-02 22:26:36 (368 KB/s) - ‘aiw013’ saved [122269/122269]

--2017-02-02 22:26:37--  http://doi.org/10.1093/arbint/aiw018
Connecting to doi.org (doi.org)|95.138.171.129|:80... connected.
HTTP request sent, awaiting response... 303 See Other
Location: https://academic.oup.com/arbitration/article-lookup/doi/10.1093/arbint/aiw018 [following]
--2017-02-02 22:26:38--  https://academic.oup.com/arbitration/article-lookup/doi/10.1093/arbint/aiw018
Connecting to academic.oup.com (academic.oup.com)|173.254.190.144|:443... connected.
HTTP request sent, awaiting response... 200 OK
Length: 168706 (165K) [text/html]
Saving to: ‘aiw018’

     0K .......... .......... .......... .......... .......... 30%  208K 1s
    50K .......... .......... .......... .......... .......... 60%  595K 0s
   100K .......... .......... .......... .......... .......... 91%  612K 0s
   150K .......... ....                                       100% 10.4M=0.4s

2017-02-02 22:26:41 (405 KB/s) - ‘aiw018’ saved [168706/168706]

--2017-02-02 22:26:42--  http://doi.org/10.1093/arbint/aiw019
Connecting to doi.org (doi.org)|95.138.171.129|:80... connected.
HTTP request sent, awaiting response... 303 See Other
Location: https://academic.oup.com/arbitration/article-lookup/doi/10.1093/arbint/aiw019 [following]
--2017-02-02 22:26:43--  https://academic.oup.com/arbitration/article-lookup/doi/10.1093/arbint/aiw019
Connecting to academic.oup.com (academic.oup.com)|173.254.190.144|:443... connected.
HTTP request sent, awaiting response... 200 OK
Length: 139688 (136K) [text/html]
Saving to: ‘aiw019’

     0K .......... .......... .......... .......... .......... 36%  209K 0s
    50K .......... .......... .......... .......... .......... 73%  601K 0s
   100K .......... .......... .......... ......               100%  471K=0.4s

2017-02-02 22:26:47 (341 KB/s) - ‘aiw019’ saved [139688/139688]

--2017-02-02 22:26:48--  http://doi.org/10.1093/arbint/aiw006
Connecting to doi.org (doi.org)|95.138.171.129|:80... connected.
HTTP request sent, awaiting response... 303 See Other
Location: https://academic.oup.com/arbitration/article-lookup/doi/10.1093/arbint/aiw006 [following]
--2017-02-02 22:26:49--  https://academic.oup.com/arbitration/article-lookup/doi/10.1093/arbint/aiw006
Connecting to academic.oup.com (academic.oup.com)|173.254.190.144|:443... connected.
HTTP request sent, awaiting response... 200 OK
Length: 184703 (180K) [text/html]
Saving to: ‘aiw006’

     0K .......... .......... .......... .......... .......... 27%  208K 1s
    50K .......... .......... .......... .......... .......... 55%  607K 0s
   100K .......... .......... .......... .......... .......... 83%  603K 0s
   150K .......... .......... ..........                      100%  380K=0.5s

2017-02-02 22:26:53 (372 KB/s) - ‘aiw006’ saved [184703/184703]

--2017-02-02 22:26:54--  http://doi.org/10.1093/arbint/aiw017
Connecting to doi.org (doi.org)|95.138.171.129|:80... connected.
HTTP request sent, awaiting response... 303 See Other
Location: https://academic.oup.com/arbitration/article-lookup/doi/10.1093/arbint/aiw017 [following]
--2017-02-02 22:26:55--  https://academic.oup.com/arbitration/article-lookup/doi/10.1093/arbint/aiw017
Connecting to academic.oup.com (academic.oup.com)|173.254.190.144|:443... connected.
HTTP request sent, awaiting response... 200 OK
Length: 74560 (73K) [text/html]
Saving to: ‘aiw017’

     0K .......... .......... .......... .......... .......... 68%  209K 0s
    50K .......... .......... ..                              100% 10.2M=0.2s

2017-02-02 22:27:03 (301 KB/s) - ‘aiw017’ saved [74560/74560]

--2017-02-02 22:27:04--  http://doi.org/10.1093/arbint/aiw004
Connecting to doi.org (doi.org)|95.138.171.129|:80... connected.
HTTP request sent, awaiting response... 303 See Other
Location: https://academic.oup.com/arbitration/article-lookup/doi/10.1093/arbint/aiw004 [following]
--2017-02-02 22:27:05--  https://academic.oup.com/arbitration/article-lookup/doi/10.1093/arbint/aiw004
Connecting to academic.oup.com (academic.oup.com)|173.254.190.144|:443... connected.
HTTP request sent, awaiting response... 200 OK
Length: 183340 (179K) [text/html]
Saving to: ‘aiw004’

     0K .......... .......... .......... .......... .......... 27%  310K 0s
    50K .......... .......... .......... .......... .......... 55%  315K 0s
   100K .......... .......... .......... .......... .......... 83%  562K 0s
   150K .......... .......... .........                       100%  392K=0.5s

2017-02-02 22:27:09 (370 KB/s) - ‘aiw004’ saved [183340/183340]

--2017-02-02 22:27:10--  http://doi.org/10.1093/arbint/aiw016
Connecting to doi.org (doi.org)|95.138.171.129|:80... connected.
HTTP request sent, awaiting response... 303 See Other
Location: https://academic.oup.com/arbitration/article-lookup/doi/10.1093/arbint/aiw016 [following]
--2017-02-02 22:27:11--  https://academic.oup.com/arbitration/article-lookup/doi/10.1093/arbint/aiw016
Connecting to academic.oup.com (academic.oup.com)|173.254.190.144|:443... connected.
HTTP request sent, awaiting response... 200 OK
Length: 137168 (134K) [text/html]
Saving to: ‘aiw016’

     0K .......... .......... .......... .......... .......... 37%  207K 0s
    50K .......... .......... .......... .......... .......... 74%  609K 0s
   100K .......... .......... .......... ...                  100%  424K=0.4s

2017-02-02 22:27:16 (332 KB/s) - ‘aiw016’ saved [137168/137168]

--2017-02-02 22:27:17--  http://doi.org/10.1093/arbint/aiw005
Connecting to doi.org (doi.org)|95.138.171.129|:80... connected.
HTTP request sent, awaiting response... 303 See Other
Location: https://academic.oup.com/arbitration/article-lookup/doi/10.1093/arbint/aiw005 [following]
--2017-02-02 22:27:18--  https://academic.oup.com/arbitration/article-lookup/doi/10.1093/arbint/aiw005
Connecting to academic.oup.com (academic.oup.com)|173.254.190.144|:443... connected.
HTTP request sent, awaiting response... 200 OK
Length: 73621 (72K) [text/html]
Saving to: ‘aiw005’

     0K .......... .......... .......... .......... .......... 69%  209K 0s
    50K .......... .......... .                               100% 10.3M=0.2s

2017-02-02 22:27:23 (298 KB/s) - ‘aiw005’ saved [73621/73621]

--2017-02-02 22:27:24--  http://doi.org/10.1093/arbint/aiw009
Connecting to doi.org (doi.org)|95.138.171.129|:80... connected.
HTTP request sent, awaiting response... 303 See Other
Location: https://academic.oup.com/arbitration/article-lookup/doi/10.1093/arbint/aiw009 [following]
--2017-02-02 22:27:25--  https://academic.oup.com/arbitration/article-lookup/doi/10.1093/arbint/aiw009
Connecting to academic.oup.com (academic.oup.com)|173.254.190.144|:443... connected.
HTTP request sent, awaiting response... 200 OK
Length: 126454 (123K) [text/html]
Saving to: ‘aiw009’

     0K .......... .......... .......... .......... .......... 40%  209K 0s
    50K .......... .......... .......... .......... .......... 80%  610K 0s
   100K .......... .......... ...                             100% 7.80M=0.3s

2017-02-02 22:27:29 (381 KB/s) - ‘aiw009’ saved [126454/126454]

--2017-02-02 22:27:30--  http://doi.org/10.1093/arbint/aiw015
Connecting to doi.org (doi.org)|95.138.171.129|:80... connected.
HTTP request sent, awaiting response... 303 See Other
Location: https://academic.oup.com/arbitration/article-lookup/doi/10.1093/arbint/aiw015 [following]
--2017-02-02 22:27:31--  https://academic.oup.com/arbitration/article-lookup/doi/10.1093/arbint/aiw015
Connecting to academic.oup.com (academic.oup.com)|173.254.190.144|:443... connected.
HTTP request sent, awaiting response... 200 OK
Length: 120013 (117K) [text/html]
Saving to: ‘aiw015’

     0K .......... .......... .......... .......... .......... 42%  208K 0s
    50K .......... .......... .......... .......... .......... 85%  601K 0s
   100K .......... .......                                    100% 18.6M=0.3s

2017-02-02 22:27:35 (361 KB/s) - ‘aiw015’ saved [120013/120013]

--2017-02-02 22:27:36--  http://doi.org/10.1093/arbint/aiw014
Connecting to doi.org (doi.org)|95.138.171.129|:80... connected.
HTTP request sent, awaiting response... 303 See Other
Location: https://academic.oup.com/arbitration/article-lookup/doi/10.1093/arbint/aiw014 [following]
--2017-02-02 22:27:37--  https://academic.oup.com/arbitration/article-lookup/doi/10.1093/arbint/aiw014
Connecting to academic.oup.com (academic.oup.com)|173.254.190.144|:443... connected.
HTTP request sent, awaiting response... 200 OK
Length: 168886 (165K) [text/html]
Saving to: ‘aiw014’

     0K .......... .......... .......... .......... .......... 30%  209K 1s
    50K .......... .......... .......... .......... .......... 60%  602K 0s
   100K .......... .......... .......... .......... .......... 90%  600K 0s
   150K .......... ....                                       100% 19.1M=0.4s

2017-02-02 22:27:47 (406 KB/s) - ‘aiw014’ saved [168886/168886]

--2017-02-02 22:27:48--  http://doi.org/10.1093/arbint/aiw002
Connecting to doi.org (doi.org)|95.138.171.129|:80... connected.
HTTP request sent, awaiting response... 303 See Other
Location: https://academic.oup.com/arbitration/article-lookup/doi/10.1093/arbint/aiw002 [following]
--2017-02-02 22:27:49--  https://academic.oup.com/arbitration/article-lookup/doi/10.1093/arbint/aiw002
Connecting to academic.oup.com (academic.oup.com)|173.254.190.144|:443... connected.
HTTP request sent, awaiting response... 200 OK
Length: 117254 (115K) [text/html]
Saving to: ‘aiw002’

     0K .......... .......... .......... .......... .......... 43%  207K 0s
    50K .......... .......... .......... .......... .......... 87%  606K 0s
   100K .......... ....                                       100% 25.2M=0.3s

2017-02-02 22:27:52 (353 KB/s) - ‘aiw002’ saved [117254/117254]

--2017-02-02 22:27:53--  http://doi.org/10.1093/arbint/aiw007
Connecting to doi.org (doi.org)|95.138.171.129|:80... connected.
HTTP request sent, awaiting response... 303 See Other
Location: https://academic.oup.com/arbitration/article-lookup/doi/10.1093/arbint/aiw007 [following]
--2017-02-02 22:27:55--  https://academic.oup.com/arbitration/article-lookup/doi/10.1093/arbint/aiw007
Connecting to academic.oup.com (academic.oup.com)|173.254.190.144|:443... connected.
HTTP request sent, awaiting response... 200 OK
Length: 128670 (126K) [text/html]
Saving to: ‘aiw007’

     0K .......... .......... .......... .......... .......... 39%  209K 0s
    50K .......... .......... .......... .......... .......... 79%  607K 0s
   100K .......... .......... .....                           100% 15.5M=0.3s

2017-02-02 22:27:58 (389 KB/s) - ‘aiw007’ saved [128670/128670]

--2017-02-02 22:27:59--  http://doi.org/10.1093/arbint/aiw012
Connecting to doi.org (doi.org)|95.138.171.129|:80... connected.
HTTP request sent, awaiting response... 303 See Other
Location: https://academic.oup.com/arbitration/article-lookup/doi/10.1093/arbint/aiw012 [following]
--2017-02-02 22:28:00--  https://academic.oup.com/arbitration/article-lookup/doi/10.1093/arbint/aiw012
Connecting to academic.oup.com (academic.oup.com)|173.254.190.144|:443... connected.
HTTP request sent, awaiting response... 200 OK
Length: 139575 (136K) [text/html]
Saving to: ‘aiw012’

     0K .......... .......... .......... .......... .......... 36%  209K 0s
    50K .......... .......... .......... .......... .......... 73%  603K 0s
   100K .......... .......... .......... ......               100%  458K=0.4s

2017-02-02 22:28:30 (339 KB/s) - ‘aiw012’ saved [139575/139575]

--2017-02-02 22:28:31--  http://doi.org/10.1093/arbint/aiw008
Connecting to doi.org (doi.org)|95.138.171.129|:80... connected.
HTTP request sent, awaiting response... 303 See Other
Location: https://academic.oup.com/arbitration/article-lookup/doi/10.1093/arbint/aiw008 [following]
--2017-02-02 22:28:32--  https://academic.oup.com/arbitration/article-lookup/doi/10.1093/arbint/aiw008
Connecting to academic.oup.com (academic.oup.com)|173.254.190.144|:443... connected.
HTTP request sent, awaiting response... 200 OK
Length: 172697 (169K) [text/html]
Saving to: ‘aiw008’

     0K .......... .......... .......... .......... .......... 29%  209K 1s
    50K .......... .......... .......... .......... .......... 59%  609K 0s
   100K .......... .......... .......... .......... .......... 88%  606K 0s
   150K .......... ........                                   100%  236K=0.5s

2017-02-02 22:28:37 (349 KB/s) - ‘aiw008’ saved [172697/172697]

--2017-02-02 22:28:38--  http://doi.org/10.1093/arbint/aiw011
Connecting to doi.org (doi.org)|95.138.171.129|:80... connected.
HTTP request sent, awaiting response... 303 See Other
Location: https://academic.oup.com/arbitration/article-lookup/doi/10.1093/arbint/aiw011 [following]
--2017-02-02 22:28:39--  https://academic.oup.com/arbitration/article-lookup/doi/10.1093/arbint/aiw011
Connecting to academic.oup.com (academic.oup.com)|173.254.190.144|:443... connected.
HTTP request sent, awaiting response... 200 OK
Length: 158882 (155K) [text/html]
Saving to: ‘aiw011’

     0K .......... .......... .......... .......... .......... 32%  209K 1s
    50K .......... .......... .......... .......... .......... 64%  606K 0s
   100K .......... .......... .......... .......... .......... 96%  601K 0s
   150K .....                                                 100% 29.5M=0.4s

2017-02-02 22:28:46 (383 KB/s) - ‘aiw011’ saved [158882/158882]

--2017-02-02 22:28:47--  http://doi.org/10.1093/arbint/aiw001
Connecting to doi.org (doi.org)|95.138.171.129|:80... connected.
HTTP request sent, awaiting response... 303 See Other
Location: https://academic.oup.com/arbitration/article-lookup/doi/10.1093/arbint/aiw001 [following]
--2017-02-02 22:28:48--  https://academic.oup.com/arbitration/article-lookup/doi/10.1093/arbint/aiw001
Connecting to academic.oup.com (academic.oup.com)|173.254.190.144|:443... connected.
HTTP request sent, awaiting response... 200 OK
Length: 124005 (121K) [text/html]
Saving to: ‘aiw001’

     0K .......... .......... .......... .......... .......... 41%  209K 0s
    50K .......... .......... .......... .......... .......... 82%  606K 0s
   100K .......... .......... .                               100% 15.7M=0.3s

2017-02-02 22:28:52 (375 KB/s) - ‘aiw001’ saved [124005/124005]

--2017-02-02 22:28:53--  http://doi.org/10.1093/arbint/aiv072
Connecting to doi.org (doi.org)|95.138.171.129|:80... connected.
HTTP request sent, awaiting response... 303 See Other
Location: https://academic.oup.com/arbitration/article-lookup/doi/10.1093/arbint/aiv072 [following]
--2017-02-02 22:28:55--  https://academic.oup.com/arbitration/article-lookup/doi/10.1093/arbint/aiv072
Connecting to academic.oup.com (academic.oup.com)|173.254.190.144|:443... connected.
HTTP request sent, awaiting response... 200 OK
Length: 166007 (162K) [text/html]
Saving to: ‘aiv072’

     0K .......... .......... .......... .......... .......... 30%  209K 1s
    50K .......... .......... .......... .......... .......... 61%  594K 0s
   100K .......... .......... .......... .......... .......... 92%  598K 0s
   150K .......... ..                                         100% 29.0M=0.4s

2017-02-02 22:28:59 (398 KB/s) - ‘aiv072’ saved [166007/166007]

--2017-02-02 22:29:00--  http://doi.org/10.1093/arbint/aiv074
Connecting to doi.org (doi.org)|95.138.171.129|:80... connected.
HTTP request sent, awaiting response... 303 See Other
Location: https://academic.oup.com/arbitration/article-lookup/doi/10.1093/arbint/aiv074 [following]
--2017-02-02 22:29:01--  https://academic.oup.com/arbitration/article-lookup/doi/10.1093/arbint/aiv074
Connecting to academic.oup.com (academic.oup.com)|173.254.190.144|:443... connected.
HTTP request sent, awaiting response... 200 OK
Length: 163967 (160K) [text/html]
Saving to: ‘aiv074’

     0K .......... .......... .......... .......... .......... 31%  209K 1s
    50K .......... .......... .......... .......... .......... 62%  604K 0s
   100K .......... .......... .......... .......... .......... 93%  608K 0s
   150K ..........                                            100% 11.1M=0.4s

2017-02-02 22:29:06 (395 KB/s) - ‘aiv074’ saved [163967/163967]

--2017-02-02 22:29:07--  http://doi.org/10.1093/arbint/aiv079
Connecting to doi.org (doi.org)|95.138.171.129|:80... connected.
HTTP request sent, awaiting response... 303 See Other
Location: https://academic.oup.com/arbitration/article-lookup/doi/10.1093/arbint/aiv079 [following]
--2017-02-02 22:29:09--  https://academic.oup.com/arbitration/article-lookup/doi/10.1093/arbint/aiv079
Connecting to academic.oup.com (academic.oup.com)|173.254.190.144|:443... connected.
HTTP request sent, awaiting response... 200 OK
Length: 135026 (132K) [text/html]
Saving to: ‘aiv079’

     0K .......... .......... .......... .......... .......... 37%  208K 0s
    50K .......... .......... .......... .......... .......... 75%  599K 0s
   100K .......... .......... .......... .                    100%  409K=0.4s

2017-02-02 22:29:15 (328 KB/s) - ‘aiv079’ saved [135026/135026]

--2017-02-02 22:29:16--  http://doi.org/10.1093/arbint/aiv075
Connecting to doi.org (doi.org)|95.138.171.129|:80... connected.
HTTP request sent, awaiting response... 303 See Other
Location: https://academic.oup.com/arbitration/article-lookup/doi/10.1093/arbint/aiv075 [following]
--2017-02-02 22:29:17--  https://academic.oup.com/arbitration/article-lookup/doi/10.1093/arbint/aiv075
Connecting to academic.oup.com (academic.oup.com)|173.254.190.144|:443... connected.
HTTP request sent, awaiting response... 200 OK
Length: 145775 (142K) [text/html]
Saving to: ‘aiv075’

     0K .......... .......... .......... .......... .......... 35%  309K 0s
    50K .......... .......... .......... .......... .......... 70%  312K 0s
   100K .......... .......... .......... .......... ..        100%  522K=0.4s

2017-02-02 22:29:21 (353 KB/s) - ‘aiv075’ saved [145775/145775]

--2017-02-02 22:29:22--  http://doi.org/10.1093/arbint/aiv082
Connecting to doi.org (doi.org)|95.138.171.129|:80... connected.
HTTP request sent, awaiting response... 303 See Other
Location: https://academic.oup.com/arbitration/article-lookup/doi/10.1093/arbint/aiv082 [following]
--2017-02-02 22:29:23--  https://academic.oup.com/arbitration/article-lookup/doi/10.1093/arbint/aiv082
Connecting to academic.oup.com (academic.oup.com)|173.254.190.144|:443... connected.
HTTP request sent, awaiting response... 200 OK
Length: 100821 (98K) [text/html]
Saving to: ‘aiv082’

     0K .......... .......... .......... .......... .......... 50%  209K 0s
    50K .......... .......... .......... .......... ........  100%  591K=0.3s

2017-02-02 22:29:28 (306 KB/s) - ‘aiv082’ saved [100821/100821]

--2017-02-02 22:29:29--  http://doi.org/10.1093/arbint/aiv084
Connecting to doi.org (doi.org)|95.138.171.129|:80... connected.
HTTP request sent, awaiting response... 303 See Other
Location: https://academic.oup.com/arbitration/article-lookup/doi/10.1093/arbint/aiv084 [following]
--2017-02-02 22:29:30--  https://academic.oup.com/arbitration/article-lookup/doi/10.1093/arbint/aiv084
Connecting to academic.oup.com (academic.oup.com)|173.254.190.144|:443... connected.
HTTP request sent, awaiting response... 200 OK
Length: 163728 (160K) [text/html]
Saving to: ‘aiv084’

     0K .......... .......... .......... .......... .......... 31%  189K 1s
    50K .......... .......... .......... .......... .......... 62%  613K 0s
   100K .......... .......... .......... .......... .......... 93%  604K 0s
   150K .........                                             100% 18.9M=0.4s

2017-02-02 22:29:36 (373 KB/s) - ‘aiv084’ saved [163728/163728]

--2017-02-02 22:29:37--  http://doi.org/10.1093/arbint/aiv076
Connecting to doi.org (doi.org)|95.138.171.129|:80... connected.
HTTP request sent, awaiting response... 303 See Other
Location: https://academic.oup.com/arbitration/article-lookup/doi/10.1093/arbint/aiv076 [following]
--2017-02-02 22:29:38--  https://academic.oup.com/arbitration/article-lookup/doi/10.1093/arbint/aiv076
Connecting to academic.oup.com (academic.oup.com)|173.254.190.144|:443... connected.
HTTP request sent, awaiting response... 200 OK
Length: 119860 (117K) [text/html]
Saving to: ‘aiv076’

     0K .......... .......... .......... .......... .......... 42%  209K 0s
    50K .......... .......... .......... .......... .......... 85%  608K 0s
   100K .......... .......                                    100% 25.0M=0.3s

2017-02-02 22:29:45 (364 KB/s) - ‘aiv076’ saved [119860/119860]

--2017-02-02 22:29:46--  http://doi.org/10.1093/arbint/aiv080
Connecting to doi.org (doi.org)|95.138.171.129|:80... connected.
HTTP request sent, awaiting response... 303 See Other
Location: https://academic.oup.com/arbitration/article-lookup/doi/10.1093/arbint/aiv080 [following]
--2017-02-02 22:29:47--  https://academic.oup.com/arbitration/article-lookup/doi/10.1093/arbint/aiv080
Connecting to academic.oup.com (academic.oup.com)|173.254.190.144|:443... connected.
HTTP request sent, awaiting response... 400 Bad Request
2017-02-02 22:29:48 ERROR 400: Bad Request.

--2017-02-02 22:29:49--  http://doi.org/10.1093/arbint/aiv078
Connecting to doi.org (doi.org)|95.138.171.129|:80... connected.
HTTP request sent, awaiting response... 303 See Other
Location: https://academic.oup.com/arbitration/article-lookup/doi/10.1093/arbint/aiv078 [following]
--2017-02-02 22:29:50--  https://academic.oup.com/arbitration/article-lookup/doi/10.1093/arbint/aiv078
Connecting to academic.oup.com (academic.oup.com)|173.254.190.144|:443... connected.
HTTP request sent, awaiting response... 200 OK
Length: 154855 (151K) [text/html]
Saving to: ‘aiv078’

     0K .......... .......... .......... .......... .......... 33%  208K 0s
    50K .......... .......... .......... .......... .......... 66%  604K 0s
   100K .......... .......... .......... .......... .......... 99%  608K 0s
   150K .                                                     100% 2338G=0.4s

2017-02-02 22:29:55 (373 KB/s) - ‘aiv078’ saved [154855/154855]

--2017-02-02 22:29:56--  http://doi.org/10.1093/arbint/aiv077
Connecting to doi.org (doi.org)|95.138.171.129|:80... connected.
HTTP request sent, awaiting response... 303 See Other
Location: https://academic.oup.com/arbitration/article-lookup/doi/10.1093/arbint/aiv077 [following]
--2017-02-02 22:29:57--  https://academic.oup.com/arbitration/article-lookup/doi/10.1093/arbint/aiv077
Connecting to academic.oup.com (academic.oup.com)|173.254.190.144|:443... connected.
HTTP request sent, awaiting response... 200 OK
Length: 80320 (78K) [text/html]
Saving to: ‘aiv077’

     0K .......... .......... .......... .......... .......... 63%  309K 0s
    50K .......... .......... ........                        100%  351K=0.2s

2017-02-02 22:30:04 (323 KB/s) - ‘aiv077’ saved [80320/80320]

--2017-02-02 22:30:05--  http://doi.org/10.1093/arbint/aiv073
Connecting to doi.org (doi.org)|95.138.171.129|:80... connected.
HTTP request sent, awaiting response... 303 See Other
Location: https://academic.oup.com/arbitration/article-lookup/doi/10.1093/arbint/aiv073 [following]
--2017-02-02 22:30:07--  https://academic.oup.com/arbitration/article-lookup/doi/10.1093/arbint/aiv073
Connecting to academic.oup.com (academic.oup.com)|173.254.190.144|:443... connected.
HTTP request sent, awaiting response... 200 OK
Length: 144006 (141K) [text/html]
Saving to: ‘aiv073’

     0K .......... .......... .......... .......... .......... 35%  208K 0s
    50K .......... .......... .......... .......... .......... 71%  605K 0s
   100K .......... .......... .......... ..........           100%  507K=0.4s

2017-02-02 22:30:10 (349 KB/s) - ‘aiv073’ saved [144006/144006]

--2017-02-02 22:30:11--  http://doi.org/10.1093/arbint/aiv047
Connecting to doi.org (doi.org)|95.138.171.129|:80... connected.
HTTP request sent, awaiting response... 303 See Other
Location: https://academic.oup.com/arbitration/article-lookup/doi/10.1093/arbint/aiv047 [following]
--2017-02-02 22:30:12--  https://academic.oup.com/arbitration/article-lookup/doi/10.1093/arbint/aiv047
Connecting to academic.oup.com (academic.oup.com)|173.254.190.144|:443... connected.
HTTP request sent, awaiting response... 200 OK
Length: 203463 (199K) [text/html]
Saving to: ‘aiv047’

     0K .......... .......... .......... .......... .......... 25%  206K 1s
    50K .......... .......... .......... .......... .......... 50%  591K 0s
   100K .......... .......... .......... .......... .......... 75%  598K 0s
   150K .......... .......... .......... .......... ........  100%  583K=0.5s

2017-02-02 22:30:18 (402 KB/s) - ‘aiv047’ saved [203463/203463]

--2017-02-02 22:30:19--  http://doi.org/10.1093/arbint/aiv081
Connecting to doi.org (doi.org)|95.138.171.129|:80... connected.
HTTP request sent, awaiting response... 303 See Other
Location: https://academic.oup.com/arbitration/article-lookup/doi/10.1093/arbint/aiv081 [following]
--2017-02-02 22:30:20--  https://academic.oup.com/arbitration/article-lookup/doi/10.1093/arbint/aiv081
Connecting to academic.oup.com (academic.oup.com)|173.254.190.144|:443... connected.
HTTP request sent, awaiting response... 200 OK
Length: 146459 (143K) [text/html]
Saving to: ‘aiv081’

     0K .......... .......... .......... .......... .......... 34%  209K 0s
    50K .......... .......... .......... .......... .......... 69%  610K 0s
   100K .......... .......... .......... .......... ...       100%  531K=0.4s

2017-02-02 22:30:25 (355 KB/s) - ‘aiv081’ saved [146459/146459]

--2017-02-02 22:30:26--  http://doi.org/10.1093/arbint/aiv083
Connecting to doi.org (doi.org)|95.138.171.129|:80... connected.
HTTP request sent, awaiting response... 303 See Other
Location: https://academic.oup.com/arbitration/article-lookup/doi/10.1093/arbint/aiv083 [following]
--2017-02-02 22:30:27--  https://academic.oup.com/arbitration/article-lookup/doi/10.1093/arbint/aiv083
Connecting to academic.oup.com (academic.oup.com)|173.254.190.144|:443... connected.
HTTP request sent, awaiting response... 400 Bad Request
2017-02-02 22:30:29 ERROR 400: Bad Request.

--2017-02-02 22:30:30--  http://doi.org/10.1093/arbint/aiv006
Connecting to doi.org (doi.org)|95.138.171.129|:80... connected.
HTTP request sent, awaiting response... 303 See Other
Location: https://academic.oup.com/arbitration/article-lookup/doi/10.1093/arbint/aiv006 [following]
--2017-02-02 22:30:31--  https://academic.oup.com/arbitration/article-lookup/doi/10.1093/arbint/aiv006
Connecting to academic.oup.com (academic.oup.com)|173.254.190.144|:443... connected.
HTTP request sent, awaiting response... 200 OK
Length: 142044 (139K) [text/html]
Saving to: ‘aiv006’

     0K .......... .......... .......... .......... .......... 36%  209K 0s
    50K .......... .......... .......... .......... .......... 72%  590K 0s
   100K .......... .......... .......... ........             100%  501K=0.4s

2017-02-02 22:30:36 (346 KB/s) - ‘aiv006’ saved [142044/142044]

--2017-02-02 22:30:37--  http://doi.org/10.1093/arbint/aiv071
Connecting to doi.org (doi.org)|95.138.171.129|:80... connected.
HTTP request sent, awaiting response... 303 See Other
Location: https://academic.oup.com/arbitration/article-lookup/doi/10.1093/arbint/aiv071 [following]
--2017-02-02 22:30:38--  https://academic.oup.com/arbitration/article-lookup/doi/10.1093/arbint/aiv071
Connecting to academic.oup.com (academic.oup.com)|173.254.190.144|:443... connected.
HTTP request sent, awaiting response... 200 OK
Length: 123997 (121K) [text/html]
Saving to: ‘aiv071’

     0K .......... .......... .......... .......... .......... 41%  209K 0s
    50K .......... .......... .......... .......... .......... 82%  600K 0s
   100K .......... .......... .                               100% 16.7M=0.3s

2017-02-02 22:30:49 (374 KB/s) - ‘aiv071’ saved [123997/123997]

--2017-02-02 22:30:50--  http://doi.org/10.1093/arbint/aiv070
Connecting to doi.org (doi.org)|95.138.171.129|:80... connected.
HTTP request sent, awaiting response... 303 See Other
Location: https://academic.oup.com/arbitration/article-lookup/doi/10.1093/arbint/aiv070 [following]
--2017-02-02 22:30:51--  https://academic.oup.com/arbitration/article-lookup/doi/10.1093/arbint/aiv070
Connecting to academic.oup.com (academic.oup.com)|173.254.190.144|:443... connected.
HTTP request sent, awaiting response... 200 OK
Length: 182279 (178K) [text/html]
Saving to: ‘aiv070’

     0K .......... .......... .......... .......... .......... 28%  209K 1s
    50K .......... .......... .......... .......... .......... 56%  605K 0s
   100K .......... .......... .......... .......... .......... 84%  610K 0s
   150K .......... .......... ........                        100%  354K=0.5s

2017-02-02 22:30:57 (369 KB/s) - ‘aiv070’ saved [182279/182279]

--2017-02-02 22:30:58--  http://doi.org/10.1093/arbint/aiv055
Connecting to doi.org (doi.org)|95.138.171.129|:80... connected.
HTTP request sent, awaiting response... 303 See Other
Location: https://academic.oup.com/arbitration/article-lookup/doi/10.1093/arbint/aiv055 [following]
--2017-02-02 22:30:59--  https://academic.oup.com/arbitration/article-lookup/doi/10.1093/arbint/aiv055
Connecting to academic.oup.com (academic.oup.com)|173.254.190.144|:443... connected.
HTTP request sent, awaiting response... 200 OK
Length: 85880 (84K) [text/html]
Saving to: ‘aiv055’

     0K .......... .......... .......... .......... .......... 59%  208K 0s
    50K .......... .......... .......... ...                  100% 10.8M=0.2s

2017-02-02 22:31:05 (344 KB/s) - ‘aiv055’ saved [85880/85880]

--2017-02-02 22:31:06--  http://doi.org/10.1093/arbint/aiv056
Connecting to doi.org (doi.org)|95.138.171.129|:80... connected.
HTTP request sent, awaiting response... 303 See Other
Location: https://academic.oup.com/arbitration/article-lookup/doi/10.1093/arbint/aiv056 [following]
--2017-02-02 22:31:07--  https://academic.oup.com/arbitration/article-lookup/doi/10.1093/arbint/aiv056
Connecting to academic.oup.com (academic.oup.com)|173.254.190.144|:443... connected.
HTTP request sent, awaiting response... 200 OK
Length: 104209 (102K) [text/html]
Saving to: ‘aiv056’

     0K .......... .......... .......... .......... .......... 49%  208K 0s
    50K .......... .......... .......... .......... .......... 98%  604K 0s
   100K .                                                     100% 3370G=0.3s

2017-02-02 22:31:13 (315 KB/s) - ‘aiv056’ saved [104209/104209]

--2017-02-02 22:31:14--  http://doi.org/10.1093/arbint/aiv069
Connecting to doi.org (doi.org)|95.138.171.129|:80... connected.
HTTP request sent, awaiting response... 303 See Other
Location: https://academic.oup.com/arbitration/article-lookup/doi/10.1093/arbint/aiv069 [following]
--2017-02-02 22:31:15--  https://academic.oup.com/arbitration/article-lookup/doi/10.1093/arbint/aiv069
Connecting to academic.oup.com (academic.oup.com)|173.254.190.144|:443... connected.
HTTP request sent, awaiting response... 200 OK
Length: 72021 (70K) [text/html]
Saving to: ‘aiv069’

     0K .......... .......... .......... .......... .......... 71%  208K 0s
    50K .......... ..........                                 100% 16.7M=0.2s

2017-02-02 22:31:19 (292 KB/s) - ‘aiv069’ saved [72021/72021]

--2017-02-02 22:31:20--  http://doi.org/10.1093/arbint/aiv059
Connecting to doi.org (doi.org)|95.138.171.129|:80... connected.
HTTP request sent, awaiting response... 303 See Other
Location: https://academic.oup.com/arbitration/article-lookup/doi/10.1093/arbint/aiv059 [following]
--2017-02-02 22:31:22--  https://academic.oup.com/arbitration/article-lookup/doi/10.1093/arbint/aiv059
Connecting to academic.oup.com (academic.oup.com)|173.254.190.144|:443... connected.
HTTP request sent, awaiting response... 200 OK
Length: 85585 (84K) [text/html]
Saving to: ‘aiv059’

     0K .......... .......... .......... .......... .......... 59%  208K 0s
    50K .......... .......... .......... ...                  100% 2.19M=0.3s

2017-02-02 22:31:28 (328 KB/s) - ‘aiv059’ saved [85585/85585]

--2017-02-02 22:31:29--  http://doi.org/10.1093/arbint/aiv063
Connecting to doi.org (doi.org)|95.138.171.129|:80... connected.
HTTP request sent, awaiting response... 303 See Other
Location: https://academic.oup.com/arbitration/article-lookup/doi/10.1093/arbint/aiv063 [following]
--2017-02-02 22:31:30--  https://academic.oup.com/arbitration/article-lookup/doi/10.1093/arbint/aiv063
Connecting to academic.oup.com (academic.oup.com)|173.254.190.144|:443... connected.
HTTP request sent, awaiting response... 200 OK
Length: 93088 (91K) [text/html]
Saving to: ‘aiv063’

     0K .......... .......... .......... .......... .......... 55%  309K 0s
    50K .......... .......... .......... ..........           100%  505K=0.2s

2017-02-02 22:31:35 (374 KB/s) - ‘aiv063’ saved [93088/93088]

--2017-02-02 22:31:36--  http://doi.org/10.1093/arbint/aiv068
Connecting to doi.org (doi.org)|95.138.171.129|:80... connected.
HTTP request sent, awaiting response... 303 See Other
Location: https://academic.oup.com/arbitration/article-lookup/doi/10.1093/arbint/aiv068 [following]
--2017-02-02 22:31:37--  https://academic.oup.com/arbitration/article-lookup/doi/10.1093/arbint/aiv068
Connecting to academic.oup.com (academic.oup.com)|173.254.190.144|:443... connected.
HTTP request sent, awaiting response... 200 OK
Length: 102221 (100K) [text/html]
Saving to: ‘aiv068’

     0K .......... .......... .......... .......... .......... 50%  208K 0s
    50K .......... .......... .......... .......... ......... 100%  614K=0.3s

2017-02-02 22:31:43 (310 KB/s) - ‘aiv068’ saved [102221/102221]

--2017-02-02 22:31:44--  http://doi.org/10.1093/arbint/aiv037
Connecting to doi.org (doi.org)|95.138.171.129|:80... connected.
HTTP request sent, awaiting response... 303 See Other
Location: https://academic.oup.com/arbitration/article-lookup/doi/10.1093/arbint/aiv037 [following]
--2017-02-02 22:31:45--  https://academic.oup.com/arbitration/article-lookup/doi/10.1093/arbint/aiv037
Connecting to academic.oup.com (academic.oup.com)|173.254.190.144|:443... connected.
HTTP request sent, awaiting response... 200 OK
Length: 122803 (120K) [text/html]
Saving to: ‘aiv037’

     0K .......... .......... .......... .......... .......... 41%  209K 0s
    50K .......... .......... .......... .......... .......... 83%  603K 0s
   100K .......... .........                                  100% 17.8M=0.3s

2017-02-02 22:31:51 (371 KB/s) - ‘aiv037’ saved [122803/122803]

--2017-02-02 22:31:52--  http://doi.org/10.1093/arbint/aiv067
Connecting to doi.org (doi.org)|95.138.171.129|:80... connected.
HTTP request sent, awaiting response... 303 See Other
Location: https://academic.oup.com/arbitration/article-lookup/doi/10.1093/arbint/aiv067 [following]
--2017-02-02 22:31:53--  https://academic.oup.com/arbitration/article-lookup/doi/10.1093/arbint/aiv067
Connecting to academic.oup.com (academic.oup.com)|173.254.190.144|:443... connected.
HTTP request sent, awaiting response... 200 OK
Length: 181762 (178K) [text/html]
Saving to: ‘aiv067’

     0K .......... .......... .......... .......... .......... 28%  209K 1s
    50K .......... .......... .......... .......... .......... 56%  612K 0s
   100K .......... .......... .......... .......... .......... 84%  595K 0s
   150K .......... .......... .......                         100%  350K=0.5s

2017-02-02 22:31:58 (367 KB/s) - ‘aiv067’ saved [181762/181762]

--2017-02-02 22:31:59--  http://doi.org/10.1093/arbint/aiv066
Connecting to doi.org (doi.org)|95.138.171.129|:80... connected.
HTTP request sent, awaiting response... 303 See Other
Location: https://academic.oup.com/arbitration/article-lookup/doi/10.1093/arbint/aiv066 [following]
--2017-02-02 22:32:00--  https://academic.oup.com/arbitration/article-lookup/doi/10.1093/arbint/aiv066
Connecting to academic.oup.com (academic.oup.com)|173.254.190.144|:443... connected.
HTTP request sent, awaiting response... 400 Bad Request
2017-02-02 22:32:01 ERROR 400: Bad Request.

--2017-02-02 22:32:02--  http://doi.org/10.1093/arbint/aiv064
Connecting to doi.org (doi.org)|95.138.171.129|:80... connected.
HTTP request sent, awaiting response... 303 See Other
Location: https://academic.oup.com/arbitration/article-lookup/doi/10.1093/arbint/aiv064 [following]
--2017-02-02 22:32:03--  https://academic.oup.com/arbitration/article-lookup/doi/10.1093/arbint/aiv064
Connecting to academic.oup.com (academic.oup.com)|173.254.190.144|:443... connected.
HTTP request sent, awaiting response... 200 OK
Length: 80950 (79K) [text/html]
Saving to: ‘aiv064’

     0K .......... .......... .......... .......... .......... 63%  208K 0s
    50K .......... .......... .........                       100% 11.5M=0.2s

2017-02-02 22:32:07 (325 KB/s) - ‘aiv064’ saved [80950/80950]

--2017-02-02 22:32:08--  http://doi.org/10.1093/arbint/aiv065
Connecting to doi.org (doi.org)|95.138.171.129|:80... connected.
HTTP request sent, awaiting response... 303 See Other
Location: https://academic.oup.com/arbitration/article-lookup/doi/10.1093/arbint/aiv065 [following]
--2017-02-02 22:32:09--  https://academic.oup.com/arbitration/article-lookup/doi/10.1093/arbint/aiv065
Connecting to academic.oup.com (academic.oup.com)|173.254.190.144|:443... connected.
HTTP request sent, awaiting response... 200 OK
Length: 88319 (86K) [text/html]
Saving to: ‘aiv065’

     0K .......... .......... .......... .......... .......... 57%  207K 0s
    50K .......... .......... .......... ......               100% 12.1M=0.2s

2017-02-02 22:32:12 (353 KB/s) - ‘aiv065’ saved [88319/88319]

--2017-02-02 22:32:13--  http://doi.org/10.1093/arbint/aiv052
Connecting to doi.org (doi.org)|95.138.171.129|:80... connected.
HTTP request sent, awaiting response... 303 See Other
Location: https://academic.oup.com/arbitration/article-lookup/doi/10.1093/arbint/aiv052 [following]
--2017-02-02 22:32:15--  https://academic.oup.com/arbitration/article-lookup/doi/10.1093/arbint/aiv052
Connecting to academic.oup.com (academic.oup.com)|173.254.190.144|:443... connected.
HTTP request sent, awaiting response... 200 OK
Length: 106309 (104K) [text/html]
Saving to: ‘aiv052’

     0K .......... .......... .......... .......... .......... 48%  209K 0s
    50K .......... .......... .......... .......... .......... 96%  600K 0s
   100K ...                                                   100% 7281G=0.3s

2017-02-02 22:32:19 (322 KB/s) - ‘aiv052’ saved [106309/106309]

--2017-02-02 22:32:20--  http://doi.org/10.1093/arbint/aiv049
Connecting to doi.org (doi.org)|95.138.171.129|:80... connected.
HTTP request sent, awaiting response... 303 See Other
Location: https://academic.oup.com/arbitration/article-lookup/doi/10.1093/arbint/aiv049 [following]
--2017-02-02 22:32:21--  https://academic.oup.com/arbitration/article-lookup/doi/10.1093/arbint/aiv049
Connecting to academic.oup.com (academic.oup.com)|173.254.190.144|:443... connected.
HTTP request sent, awaiting response... 200 OK
Length: 87994 (86K) [text/html]
Saving to: ‘aiv049’

     0K .......... .......... .......... .......... .......... 58%  310K 0s
    50K .......... .......... .......... .....                100%  445K=0.2s

2017-02-02 22:32:24 (355 KB/s) - ‘aiv049’ saved [87994/87994]

--2017-02-02 22:32:25--  http://doi.org/10.1093/arbint/aiv050
Connecting to doi.org (doi.org)|95.138.171.129|:80... connected.
HTTP request sent, awaiting response... 303 See Other
Location: https://academic.oup.com/arbitration/article-lookup/doi/10.1093/arbint/aiv050 [following]
--2017-02-02 22:32:26--  https://academic.oup.com/arbitration/article-lookup/doi/10.1093/arbint/aiv050
Connecting to academic.oup.com (academic.oup.com)|173.254.190.144|:443... connected.
HTTP request sent, awaiting response... 200 OK
Length: 95143 (93K) [text/html]
Saving to: ‘aiv050’

     0K .......... .......... .......... .......... .......... 53%  307K 0s
    50K .......... .......... .......... .......... ..        100%  530K=0.2s

2017-02-02 22:32:32 (381 KB/s) - ‘aiv050’ saved [95143/95143]

--2017-02-02 22:32:33--  http://doi.org/10.1093/arbint/aiv054
Connecting to doi.org (doi.org)|95.138.171.129|:80... connected.
HTTP request sent, awaiting response... 303 See Other
Location: https://academic.oup.com/arbitration/article-lookup/doi/10.1093/arbint/aiv054 [following]
--2017-02-02 22:32:34--  https://academic.oup.com/arbitration/article-lookup/doi/10.1093/arbint/aiv054
Connecting to academic.oup.com (academic.oup.com)|173.254.190.144|:443... connected.
HTTP request sent, awaiting response... 200 OK
Length: 166142 (162K) [text/html]
Saving to: ‘aiv054’

     0K .......... .......... .......... .......... .......... 30%  208K 1s
    50K .......... .......... .......... .......... .......... 61%  605K 0s
   100K .......... .......... .......... .......... .......... 92%  610K 0s
   150K .......... ..                                         100% 14.3M=0.4s

2017-02-02 22:32:38 (400 KB/s) - ‘aiv054’ saved [166142/166142]

--2017-02-02 22:32:39--  http://doi.org/10.1093/arbint/aiv062
Connecting to doi.org (doi.org)|95.138.171.129|:80... connected.
HTTP request sent, awaiting response... 303 See Other
Location: https://academic.oup.com/arbitration/article-lookup/doi/10.1093/arbint/aiv062 [following]
--2017-02-02 22:32:40--  https://academic.oup.com/arbitration/article-lookup/doi/10.1093/arbint/aiv062
Connecting to academic.oup.com (academic.oup.com)|173.254.190.144|:443... connected.
HTTP request sent, awaiting response... 200 OK
Length: 130869 (128K) [text/html]
Saving to: ‘aiv062’

     0K .......... .......... .......... .......... .......... 39%  209K 0s
    50K .......... .......... .......... .......... .......... 78%  604K 0s
   100K .......... .......... .......                         100%  354K=0.4s

2017-02-02 22:32:44 (319 KB/s) - ‘aiv062’ saved [130869/130869]

--2017-02-02 22:32:45--  http://doi.org/10.1093/arbint/aiv061
Connecting to doi.org (doi.org)|95.138.171.129|:80... connected.
HTTP request sent, awaiting response... 303 See Other
Location: https://academic.oup.com/arbitration/article-lookup/doi/10.1093/arbint/aiv061 [following]
--2017-02-02 22:32:46--  https://academic.oup.com/arbitration/article-lookup/doi/10.1093/arbint/aiv061
Connecting to academic.oup.com (academic.oup.com)|173.254.190.144|:443... connected.
HTTP request sent, awaiting response... 200 OK
Length: 79347 (77K) [text/html]
Saving to: ‘aiv061’

     0K .......... .......... .......... .......... .......... 64%  207K 0s
    50K .......... .......... .......                         100% 11.3M=0.2s

2017-02-02 22:32:51 (317 KB/s) - ‘aiv061’ saved [79347/79347]

--2017-02-02 22:32:52--  http://doi.org/10.1093/arbint/aiv058
Connecting to doi.org (doi.org)|95.138.171.129|:80... connected.
HTTP request sent, awaiting response... 303 See Other
Location: https://academic.oup.com/arbitration/article-lookup/doi/10.1093/arbint/aiv058 [following]
--2017-02-02 22:32:53--  https://academic.oup.com/arbitration/article-lookup/doi/10.1093/arbint/aiv058
Connecting to academic.oup.com (academic.oup.com)|173.254.190.144|:443... connected.
HTTP request sent, awaiting response... 200 OK
Length: 111674 (109K) [text/html]
Saving to: ‘aiv058’

     0K .......... .......... .......... .......... .......... 45%  208K 0s
    50K .......... .......... .......... .......... .......... 91%  612K 0s
   100K .........                                             100% 9.29M=0.3s

2017-02-02 22:33:00 (338 KB/s) - ‘aiv058’ saved [111674/111674]

--2017-02-02 22:33:01--  http://doi.org/10.1093/arbint/aiv057
Connecting to doi.org (doi.org)|95.138.171.129|:80... connected.
HTTP request sent, awaiting response... 303 See Other
Location: https://academic.oup.com/arbitration/article-lookup/doi/10.1093/arbint/aiv057 [following]
--2017-02-02 22:33:02--  https://academic.oup.com/arbitration/article-lookup/doi/10.1093/arbint/aiv057
Connecting to academic.oup.com (academic.oup.com)|173.254.190.144|:443... connected.
HTTP request sent, awaiting response... 200 OK
Length: 176253 (172K) [text/html]
Saving to: ‘aiv057’

     0K .......... .......... .......... .......... .......... 29%  209K 1s
    50K .......... .......... .......... .......... .......... 58%  587K 0s
   100K .......... .......... .......... .......... .......... 87%  597K 0s
   150K .......... .......... ..                              100%  281K=0.5s

2017-02-02 22:33:10 (353 KB/s) - ‘aiv057’ saved [176253/176253]

--2017-02-02 22:33:11--  http://doi.org/10.1093/arbint/aiv060
Connecting to doi.org (doi.org)|95.138.171.129|:80... connected.
HTTP request sent, awaiting response... 303 See Other
Location: https://academic.oup.com/arbitration/article-lookup/doi/10.1093/arbint/aiv060 [following]
--2017-02-02 22:33:12--  https://academic.oup.com/arbitration/article-lookup/doi/10.1093/arbint/aiv060
Connecting to academic.oup.com (academic.oup.com)|173.254.190.144|:443... connected.
HTTP request sent, awaiting response... 200 OK
Length: 109320 (107K) [text/html]
Saving to: ‘aiv060’

     0K .......... .......... .......... .......... .......... 46%  209K 0s
    50K .......... .......... .......... .......... .......... 93%  611K 0s
   100K ......                                                100% 10.7M=0.3s

2017-02-02 22:33:15 (331 KB/s) - ‘aiv060’ saved [109320/109320]

--2017-02-02 22:33:16--  http://doi.org/10.1093/arbint/aiv048
Connecting to doi.org (doi.org)|95.138.171.129|:80... connected.
HTTP request sent, awaiting response... 303 See Other
Location: https://academic.oup.com/arbitration/article-lookup/doi/10.1093/arbint/aiv048 [following]
--2017-02-02 22:33:17--  https://academic.oup.com/arbitration/article-lookup/doi/10.1093/arbint/aiv048
Connecting to academic.oup.com (academic.oup.com)|173.254.190.144|:443... connected.
HTTP request sent, awaiting response... 200 OK
Length: 118257 (115K) [text/html]
Saving to: ‘aiv048’

     0K .......... .......... .......... .......... .......... 43%  208K 0s
    50K .......... .......... .......... .......... .......... 86%  606K 0s
   100K .......... .....                                      100% 10.1M=0.3s

2017-02-02 22:33:22 (356 KB/s) - ‘aiv048’ saved [118257/118257]

--2017-02-02 22:33:23--  http://doi.org/10.1093/arbint/aiv053
Connecting to doi.org (doi.org)|95.138.171.129|:80... connected.
HTTP request sent, awaiting response... 303 See Other
Location: https://academic.oup.com/arbitration/article-lookup/doi/10.1093/arbint/aiv053 [following]
--2017-02-02 22:33:24--  https://academic.oup.com/arbitration/article-lookup/doi/10.1093/arbint/aiv053
Connecting to academic.oup.com (academic.oup.com)|173.254.190.144|:443... connected.
HTTP request sent, awaiting response... 200 OK
Length: 124849 (122K) [text/html]
Saving to: ‘aiv053’

     0K .......... .......... .......... .......... .......... 41%  209K 0s
    50K .......... .......... .......... .......... .......... 82%  603K 0s
   100K .......... .......... .                               100% 17.4M=0.3s

2017-02-02 22:33:28 (377 KB/s) - ‘aiv053’ saved [124849/124849]

--2017-02-02 22:33:29--  http://doi.org/10.1093/arbint/aiv051
Connecting to doi.org (doi.org)|95.138.171.129|:80... connected.
HTTP request sent, awaiting response... 303 See Other
Location: https://academic.oup.com/arbitration/article-lookup/doi/10.1093/arbint/aiv051 [following]
--2017-02-02 22:33:30--  https://academic.oup.com/arbitration/article-lookup/doi/10.1093/arbint/aiv051
Connecting to academic.oup.com (academic.oup.com)|173.254.190.144|:443... connected.
HTTP request sent, awaiting response... 200 OK
Length: 209252 (204K) [text/html]
Saving to: ‘aiv051’

     0K .......... .......... .......... .......... .......... 24%  207K 1s
    50K .......... .......... .......... .......... .......... 48%  608K 0s
   100K .......... .......... .......... .......... .......... 73%  612K 0s
   150K .......... .......... .......... .......... .......... 97%  608K 0s
   200K ....                                                  100% 13.2M=0.5s

2017-02-02 22:33:35 (419 KB/s) - ‘aiv051’ saved [209252/209252]

--2017-02-02 22:33:36--  http://doi.org/10.1093/arbint/aiv045
Connecting to doi.org (doi.org)|95.138.171.129|:80... connected.
HTTP request sent, awaiting response... 303 See Other
Location: https://academic.oup.com/arbitration/article-lookup/doi/10.1093/arbint/aiv045 [following]
--2017-02-02 22:33:37--  https://academic.oup.com/arbitration/article-lookup/doi/10.1093/arbint/aiv045
Connecting to academic.oup.com (academic.oup.com)|173.254.190.144|:443... connected.
HTTP request sent, awaiting response... 200 OK
Length: 75633 (74K) [text/html]
Saving to: ‘aiv045’

     0K .......... .......... .......... .......... .......... 67%  310K 0s
    50K .......... .......... ...                             100%  299K=0.2s

2017-02-02 22:33:41 (306 KB/s) - ‘aiv045’ saved [75633/75633]

--2017-02-02 22:33:42--  http://doi.org/10.1093/arbint/aiv042
Connecting to doi.org (doi.org)|95.138.171.129|:80... connected.
HTTP request sent, awaiting response... 303 See Other
Location: https://academic.oup.com/arbitration/article-lookup/doi/10.1093/arbint/aiv042 [following]
--2017-02-02 22:33:43--  https://academic.oup.com/arbitration/article-lookup/doi/10.1093/arbint/aiv042
Connecting to academic.oup.com (academic.oup.com)|173.254.190.144|:443... connected.
HTTP request sent, awaiting response... 200 OK
Length: 103316 (101K) [text/html]
Saving to: ‘aiv042’

     0K .......... .......... .......... .......... .......... 49%  209K 0s
    50K .......... .......... .......... .......... .......... 99%  604K 0s
   100K                                                       100% 1706G=0.3s

2017-02-02 22:33:50 (313 KB/s) - ‘aiv042’ saved [103316/103316]

--2017-02-02 22:33:51--  http://doi.org/10.1093/arbint/aiv044
Connecting to doi.org (doi.org)|95.138.171.129|:80... connected.
HTTP request sent, awaiting response... 303 See Other
Location: https://academic.oup.com/arbitration/article-lookup/doi/10.1093/arbint/aiv044 [following]
--2017-02-02 22:33:52--  https://academic.oup.com/arbitration/article-lookup/doi/10.1093/arbint/aiv044
Connecting to academic.oup.com (academic.oup.com)|173.254.190.144|:443... connected.
HTTP request sent, awaiting response... 200 OK
Length: 74085 (72K) [text/html]
Saving to: ‘aiv044’

     0K .......... .......... .......... .......... .......... 69%  309K 0s
    50K .......... .......... ..                              100%  282K=0.2s

2017-02-02 22:33:56 (300 KB/s) - ‘aiv044’ saved [74085/74085]

--2017-02-02 22:33:57--  http://doi.org/10.1093/arbint/aiv043
Connecting to doi.org (doi.org)|95.138.171.129|:80... connected.
HTTP request sent, awaiting response... 303 See Other
Location: https://academic.oup.com/arbitration/article-lookup/doi/10.1093/arbint/aiv043 [following]
--2017-02-02 22:33:58--  https://academic.oup.com/arbitration/article-lookup/doi/10.1093/arbint/aiv043
Connecting to academic.oup.com (academic.oup.com)|173.254.190.144|:443... connected.
HTTP request sent, awaiting response... 200 OK
Length: 76869 (75K) [text/html]
Saving to: ‘aiv043’

     0K .......... .......... .......... .......... .......... 66%  209K 0s
    50K .......... .......... .....                           100% 6.80M=0.2s

2017-02-02 22:34:07 (309 KB/s) - ‘aiv043’ saved [76869/76869]

--2017-02-02 22:34:08--  http://doi.org/10.1093/arbint/aiv028
Connecting to doi.org (doi.org)|95.138.171.129|:80... connected.
HTTP request sent, awaiting response... 303 See Other
Location: https://academic.oup.com/arbitration/article-lookup/doi/10.1093/arbint/aiv028 [following]
--2017-02-02 22:34:09--  https://academic.oup.com/arbitration/article-lookup/doi/10.1093/arbint/aiv028
Connecting to academic.oup.com (academic.oup.com)|173.254.190.144|:443... connected.
HTTP request sent, awaiting response... 200 OK
Length: 113745 (111K) [text/html]
Saving to: ‘aiv028’

     0K .......... .......... .......... .......... .......... 45%  208K 0s
    50K .......... .......... .......... .......... .......... 90%  608K 0s
   100K .......... .                                          100% 13.8M=0.3s

2017-02-02 22:34:14 (344 KB/s) - ‘aiv028’ saved [113745/113745]

--2017-02-02 22:34:15--  http://doi.org/10.1093/arbint/aiv038
Connecting to doi.org (doi.org)|95.138.171.129|:80... connected.
HTTP request sent, awaiting response... 303 See Other
Location: https://academic.oup.com/arbitration/article-lookup/doi/10.1093/arbint/aiv038 [following]
--2017-02-02 22:34:16--  https://academic.oup.com/arbitration/article-lookup/doi/10.1093/arbint/aiv038
Connecting to academic.oup.com (academic.oup.com)|173.254.190.144|:443... connected.
HTTP request sent, awaiting response... 200 OK
Length: 138563 (135K) [text/html]
Saving to: ‘aiv038’

     0K .......... .......... .......... .......... .......... 36%  209K 0s
    50K .......... .......... .......... .......... .......... 73%  611K 0s
   100K .......... .......... .......... .....                100%  441K=0.4s

2017-02-02 22:34:21 (337 KB/s) - ‘aiv038’ saved [138563/138563]

--2017-02-02 22:34:22--  http://doi.org/10.1093/arbint/aiv026
Connecting to doi.org (doi.org)|95.138.171.129|:80... connected.
HTTP request sent, awaiting response... 303 See Other
Location: https://academic.oup.com/arbitration/article-lookup/doi/10.1093/arbint/aiv026 [following]
--2017-02-02 22:34:23--  https://academic.oup.com/arbitration/article-lookup/doi/10.1093/arbint/aiv026
Connecting to academic.oup.com (academic.oup.com)|173.254.190.144|:443... connected.
HTTP request sent, awaiting response... 200 OK
Length: 101324 (99K) [text/html]
Saving to: ‘aiv026’

     0K .......... .......... .......... .......... .......... 50%  209K 0s
    50K .......... .......... .......... .......... ........  100%  599K=0.3s

2017-02-02 22:34:28 (308 KB/s) - ‘aiv026’ saved [101324/101324]

--2017-02-02 22:34:29--  http://doi.org/10.1093/arbint/aiv035
Connecting to doi.org (doi.org)|95.138.171.129|:80... connected.
HTTP request sent, awaiting response... 303 See Other
Location: https://academic.oup.com/arbitration/article-lookup/doi/10.1093/arbint/aiv035 [following]
--2017-02-02 22:34:30--  https://academic.oup.com/arbitration/article-lookup/doi/10.1093/arbint/aiv035
Connecting to academic.oup.com (academic.oup.com)|173.254.190.144|:443... connected.
HTTP request sent, awaiting response... 200 OK
Length: 175911 (172K) [text/html]
Saving to: ‘aiv035’

     0K .......... .......... .......... .......... .......... 29%  208K 1s
    50K .......... .......... .......... .......... .......... 58%  605K 0s
   100K .......... .......... .......... .......... .......... 87%  607K 0s
   150K .......... .......... .                               100%  285K=0.5s

2017-02-02 22:34:34 (357 KB/s) - ‘aiv035’ saved [175911/175911]

--2017-02-02 22:34:35--  http://doi.org/10.1093/arbint/aiv017
Connecting to doi.org (doi.org)|95.138.171.129|:80... connected.
HTTP request sent, awaiting response... 303 See Other
Location: https://academic.oup.com/arbitration/article-lookup/doi/10.1093/arbint/aiv017 [following]
--2017-02-02 22:34:36--  https://academic.oup.com/arbitration/article-lookup/doi/10.1093/arbint/aiv017
Connecting to academic.oup.com (academic.oup.com)|173.254.190.144|:443... connected.
HTTP request sent, awaiting response... 200 OK
Length: 110022 (107K) [text/html]
Saving to: ‘aiv017’

     0K .......... .......... .......... .......... .......... 46%  209K 0s
    50K .......... .......... .......... .......... .......... 93%  605K 0s
   100K .......                                               100% 36.9M=0.3s

2017-02-02 22:34:39 (334 KB/s) - ‘aiv017’ saved [110022/110022]

--2017-02-02 22:34:40--  http://doi.org/10.1093/arbint/aiv014
Connecting to doi.org (doi.org)|95.138.171.129|:80... connected.
HTTP request sent, awaiting response... 303 See Other
Location: https://academic.oup.com/arbitration/article-lookup/doi/10.1093/arbint/aiv014 [following]
--2017-02-02 22:34:41--  https://academic.oup.com/arbitration/article-lookup/doi/10.1093/arbint/aiv014
Connecting to academic.oup.com (academic.oup.com)|173.254.190.144|:443... connected.
HTTP request sent, awaiting response... 200 OK
Length: 218069 (213K) [text/html]
Saving to: ‘aiv014’

     0K .......... .......... .......... .......... .......... 23%  209K 1s
    50K .......... .......... .......... .......... .......... 46%  605K 0s
   100K .......... .......... .......... .......... .......... 70%  610K 0s
   150K .......... .......... .......... .......... .......... 93%  603K 0s
   200K .......... ..                                         100%  173K=0.6s

2017-02-02 22:34:48 (379 KB/s) - ‘aiv014’ saved [218069/218069]

--2017-02-02 22:34:49--  http://doi.org/10.1093/arbint/aiv029
Connecting to doi.org (doi.org)|95.138.171.129|:80... connected.
HTTP request sent, awaiting response... 303 See Other
Location: https://academic.oup.com/arbitration/article-lookup/doi/10.1093/arbint/aiv029 [following]
--2017-02-02 22:34:50--  https://academic.oup.com/arbitration/article-lookup/doi/10.1093/arbint/aiv029
Connecting to academic.oup.com (academic.oup.com)|173.254.190.144|:443... connected.
HTTP request sent, awaiting response... 200 OK
Length: 127616 (125K) [text/html]
Saving to: ‘aiv029’

     0K .......... .......... .......... .......... .......... 40%  209K 0s
    50K .......... .......... .......... .......... .......... 80%  601K 0s
   100K .......... .......... ....                            100% 19.6M=0.3s

2017-02-02 22:35:01 (385 KB/s) - ‘aiv029’ saved [127616/127616]

--2017-02-02 22:35:02--  http://doi.org/10.1093/arbint/aiv036
Connecting to doi.org (doi.org)|95.138.171.129|:80... connected.
HTTP request sent, awaiting response... 303 See Other
Location: https://academic.oup.com/arbitration/article-lookup/doi/10.1093/arbint/aiv036 [following]
--2017-02-02 22:35:03--  https://academic.oup.com/arbitration/article-lookup/doi/10.1093/arbint/aiv036
Connecting to academic.oup.com (academic.oup.com)|173.254.190.144|:443... connected.
HTTP request sent, awaiting response... 200 OK
Length: 231776 (226K) [text/html]
Saving to: ‘aiv036’

     0K .......... .......... .......... .......... .......... 22%  308K 1s
    50K .......... .......... .......... .......... .......... 44%  311K 0s
   100K .......... .......... .......... .......... .......... 66%  533K 0s
   150K .......... .......... .......... .......... .......... 88%  602K 0s
   200K .......... .......... ......                          100%  380K=0.6s

2017-02-02 22:35:16 (398 KB/s) - ‘aiv036’ saved [231776/231776]

--2017-02-02 22:35:17--  http://doi.org/10.1093/arbint/aiv040
Connecting to doi.org (doi.org)|95.138.171.129|:80... connected.
HTTP request sent, awaiting response... 303 See Other
Location: https://academic.oup.com/arbitration/article-lookup/doi/10.1093/arbint/aiv040 [following]
--2017-02-02 22:35:18--  https://academic.oup.com/arbitration/article-lookup/doi/10.1093/arbint/aiv040
Connecting to academic.oup.com (academic.oup.com)|173.254.190.144|:443... connected.
HTTP request sent, awaiting response... 200 OK
Length: 199026 (194K) [text/html]
Saving to: ‘aiv040’

     0K .......... .......... .......... .......... .......... 25%  207K 1s
    50K .......... .......... .......... .......... .......... 51%  606K 0s
   100K .......... .......... .......... .......... .......... 77%  610K 0s
   150K .......... .......... .......... .......... ....      100%  497K=0.5s

2017-02-02 22:35:24 (392 KB/s) - ‘aiv040’ saved [199026/199026]

--2017-02-02 22:35:25--  http://doi.org/10.1093/arbint/aiv009
Connecting to doi.org (doi.org)|95.138.171.129|:80... connected.
HTTP request sent, awaiting response... 303 See Other
Location: https://academic.oup.com/arbitration/article-lookup/doi/10.1093/arbint/aiv009 [following]
--2017-02-02 22:35:26--  https://academic.oup.com/arbitration/article-lookup/doi/10.1093/arbint/aiv009
Connecting to academic.oup.com (academic.oup.com)|173.254.190.144|:443... connected.
HTTP request sent, awaiting response... 200 OK
Length: 96482 (94K) [text/html]
Saving to: ‘aiv009’

     0K .......... .......... .......... .......... .......... 53%  207K 0s
    50K .......... .......... .......... .......... ....      100%  530K=0.3s

2017-02-02 22:35:31 (289 KB/s) - ‘aiv009’ saved [96482/96482]

--2017-02-02 22:35:32--  http://doi.org/10.1093/arbint/aiv008
Connecting to doi.org (doi.org)|95.138.171.129|:80... connected.
HTTP request sent, awaiting response... 303 See Other
Location: https://academic.oup.com/arbitration/article-lookup/doi/10.1093/arbint/aiv008 [following]
--2017-02-02 22:35:33--  https://academic.oup.com/arbitration/article-lookup/doi/10.1093/arbint/aiv008
Connecting to academic.oup.com (academic.oup.com)|173.254.190.144|:443... connected.
HTTP request sent, awaiting response... 200 OK
Length: 304957 (298K) [text/html]
Saving to: ‘aiv008’

     0K .......... .......... .......... .......... .......... 16%  208K 1s
    50K .......... .......... .......... .......... .......... 33%  597K 1s
   100K .......... .......... .......... .......... .......... 50%  601K 0s
   150K .......... .......... .......... .......... .......... 67%  592K 0s
   200K .......... .......... .......... .......... .......... 83%  304K 0s
   250K .......... .......... .......... .......... .......   100%  565K=0.7s

2017-02-02 22:35:43 (402 KB/s) - ‘aiv008’ saved [304957/304957]

--2017-02-02 22:35:44--  http://doi.org/10.1093/arbint/aiv010
Connecting to doi.org (doi.org)|95.138.171.129|:80... connected.
HTTP request sent, awaiting response... 303 See Other
Location: https://academic.oup.com/arbitration/article-lookup/doi/10.1093/arbint/aiv010 [following]
--2017-02-02 22:35:45--  https://academic.oup.com/arbitration/article-lookup/doi/10.1093/arbint/aiv010
Connecting to academic.oup.com (academic.oup.com)|173.254.190.144|:443... connected.
HTTP request sent, awaiting response... 200 OK
Length: 239657 (234K) [text/html]
Saving to: ‘aiv010’

     0K .......... .......... .......... .......... .......... 21%  209K 1s
    50K .......... .......... .......... .......... .......... 42%  604K 0s
   100K .......... .......... .......... .......... .......... 64%  607K 0s
   150K .......... .......... .......... .......... .......... 85%  317K 0s
   200K .......... .......... .......... ....                 100% 4.97M=0.6s

2017-02-02 22:35:49 (411 KB/s) - ‘aiv010’ saved [239657/239657]

--2017-02-02 22:35:50--  http://doi.org/10.1093/arbint/aiv023
Connecting to doi.org (doi.org)|95.138.171.129|:80... connected.
HTTP request sent, awaiting response... 303 See Other
Location: https://academic.oup.com/arbitration/article-lookup/doi/10.1093/arbint/aiv023 [following]
--2017-02-02 22:35:51--  https://academic.oup.com/arbitration/article-lookup/doi/10.1093/arbint/aiv023
Connecting to academic.oup.com (academic.oup.com)|173.254.190.144|:443... connected.
HTTP request sent, awaiting response... 200 OK
Length: 173016 (169K) [text/html]
Saving to: ‘aiv023’

     0K .......... .......... .......... .......... .......... 29%  208K 1s
    50K .......... .......... .......... .......... .......... 59%  601K 0s
   100K .......... .......... .......... .......... .......... 88%  599K 0s
   150K .......... ........                                   100% 17.4M=0.4s

2017-02-02 22:36:11 (414 KB/s) - ‘aiv023’ saved [173016/173016]

--2017-02-02 22:36:12--  http://doi.org/10.1093/arbint/aiv016
Connecting to doi.org (doi.org)|95.138.171.129|:80... connected.
HTTP request sent, awaiting response... 303 See Other
Location: https://academic.oup.com/arbitration/article-lookup/doi/10.1093/arbint/aiv016 [following]
--2017-02-02 22:36:13--  https://academic.oup.com/arbitration/article-lookup/doi/10.1093/arbint/aiv016
Connecting to academic.oup.com (academic.oup.com)|173.254.190.144|:443... connected.
HTTP request sent, awaiting response... 200 OK
Length: 126554 (124K) [text/html]
Saving to: ‘aiv016’

     0K .......... .......... .......... .......... .......... 40%  208K 0s
    50K .......... .......... .......... .......... .......... 80%  609K 0s
   100K .......... .......... ...                             100% 5.22M=0.3s

2017-02-02 22:36:18 (378 KB/s) - ‘aiv016’ saved [126554/126554]

--2017-02-02 22:36:19--  http://doi.org/10.1093/arbint/aiv012
Connecting to doi.org (doi.org)|95.138.171.129|:80... connected.
HTTP request sent, awaiting response... 303 See Other
Location: https://academic.oup.com/arbitration/article-lookup/doi/10.1093/arbint/aiv012 [following]
--2017-02-02 22:36:21--  https://academic.oup.com/arbitration/article-lookup/doi/10.1093/arbint/aiv012
Connecting to academic.oup.com (academic.oup.com)|173.254.190.144|:443... connected.
HTTP request sent, awaiting response... 200 OK
Length: 205740 (201K) [text/html]
Saving to: ‘aiv012’

     0K .......... .......... .......... .......... .......... 24%  209K 1s
    50K .......... .......... .......... .......... .......... 49%  609K 0s
   100K .......... .......... .......... .......... .......... 74%  584K 0s
   150K .......... .......... .......... .......... .......... 99%  605K 0s
   200K                                                       100% 1751G=0.5s

2017-02-02 22:36:31 (410 KB/s) - ‘aiv012’ saved [205740/205740]

--2017-02-02 22:36:32--  http://doi.org/10.1093/arbint/aiv007
Connecting to doi.org (doi.org)|95.138.171.129|:80... connected.
HTTP request sent, awaiting response... 303 See Other
Location: https://academic.oup.com/arbitration/article-lookup/doi/10.1093/arbint/aiv007 [following]
--2017-02-02 22:36:33--  https://academic.oup.com/arbitration/article-lookup/doi/10.1093/arbint/aiv007
Connecting to academic.oup.com (academic.oup.com)|173.254.190.144|:443... connected.
HTTP request sent, awaiting response... 200 OK
Length: 159445 (156K) [text/html]
Saving to: ‘aiv007’

     0K .......... .......... .......... .......... .......... 32%  209K 1s
    50K .......... .......... .......... .......... .......... 64%  604K 0s
   100K .......... .......... .......... .......... .......... 96%  608K 0s
   150K .....                                                 100% 10887G=0.4s

2017-02-02 22:36:38 (386 KB/s) - ‘aiv007’ saved [159445/159445]

--2017-02-02 22:36:39--  http://doi.org/10.1093/arbint/aiv030
Connecting to doi.org (doi.org)|95.138.171.129|:80... connected.
HTTP request sent, awaiting response... 303 See Other
Location: https://academic.oup.com/arbitration/article-lookup/doi/10.1093/arbint/aiv030 [following]
--2017-02-02 22:36:41--  https://academic.oup.com/arbitration/article-lookup/doi/10.1093/arbint/aiv030
Connecting to academic.oup.com (academic.oup.com)|173.254.190.144|:443... connected.
HTTP request sent, awaiting response... 200 OK
Length: 318394 (311K) [text/html]
Saving to: ‘aiv030’

     0K .......... .......... .......... .......... .......... 16%  209K 1s
    50K .......... .......... .......... .......... .......... 32%  606K 1s
   100K .......... .......... .......... .......... .......... 48%  607K 0s
   150K .......... .......... .......... .......... .......... 64%  598K 0s
   200K .......... .......... .......... .......... .......... 80%  309K 0s
   250K .......... .......... .......... .......... .......... 96%  615K 0s
   300K ..........                                            100% 13.5M=0.7s

2017-02-02 22:36:52 (425 KB/s) - ‘aiv030’ saved [318394/318394]

--2017-02-02 22:36:53--  http://doi.org/10.1093/arbint/aiv027
Connecting to doi.org (doi.org)|95.138.171.129|:80... connected.
HTTP request sent, awaiting response... 303 See Other
Location: https://academic.oup.com/arbitration/article-lookup/doi/10.1093/arbint/aiv027 [following]
--2017-02-02 22:36:54--  https://academic.oup.com/arbitration/article-lookup/doi/10.1093/arbint/aiv027
Connecting to academic.oup.com (academic.oup.com)|173.254.190.144|:443... connected.
HTTP request sent, awaiting response... 200 OK
Length: 112575 (110K) [text/html]
Saving to: ‘aiv027’

     0K .......... .......... .......... .......... .......... 45%  209K 0s
    50K .......... .......... .......... .......... .......... 90%  602K 0s
   100K .........                                             100% 28.1M=0.3s

2017-02-02 22:36:58 (340 KB/s) - ‘aiv027’ saved [112575/112575]

--2017-02-02 22:36:59--  http://doi.org/10.1093/arbint/aiv022
Connecting to doi.org (doi.org)|95.138.171.129|:80... connected.
HTTP request sent, awaiting response... 303 See Other
Location: https://academic.oup.com/arbitration/article-lookup/doi/10.1093/arbint/aiv022 [following]
--2017-02-02 22:37:00--  https://academic.oup.com/arbitration/article-lookup/doi/10.1093/arbint/aiv022
Connecting to academic.oup.com (academic.oup.com)|173.254.190.144|:443... connected.
HTTP request sent, awaiting response... 200 OK
Length: 77725 (76K) [text/html]
Saving to: ‘aiv022’

     0K .......... .......... .......... .......... .......... 65%  208K 0s
    50K .......... .......... .....                           100% 11.7M=0.2s

2017-02-02 22:37:10 (313 KB/s) - ‘aiv022’ saved [77725/77725]

FINISHED --2017-02-02 22:37:10--
Total wall clock time: 12m 57s
Downloaded: 97 files, 13M in 35s (362 KB/s)
