--2017-02-02 22:48:41--  http://doi.org/10.1093/arisup/akw004
Resolving doi.org (doi.org)... 208.254.38.90, 95.138.171.129, 38.100.138.163, ...
Connecting to doi.org (doi.org)|208.254.38.90|:80... connected.
HTTP request sent, awaiting response... 303 See Other
Location: https://academic.oup.com/aristoteliansupp/article-lookup/doi/10.1093/arisup/akw004 [following]
--2017-02-02 22:48:42--  https://academic.oup.com/aristoteliansupp/article-lookup/doi/10.1093/arisup/akw004
Resolving academic.oup.com (academic.oup.com)... 173.254.190.144
Connecting to academic.oup.com (academic.oup.com)|173.254.190.144|:443... connected.
HTTP request sent, awaiting response... 200 OK
Length: 187606 (183K) [text/html]
Saving to: ‘akw004’

     0K .......... .......... .......... .......... .......... 27%  209K 1s
    50K .......... .......... .......... .......... .......... 54%  608K 0s
   100K .......... .......... .......... .......... .......... 81%  591K 0s
   150K .......... .......... .......... ...                  100%  416K=0.5s

2017-02-02 22:48:57 (377 KB/s) - ‘akw004’ saved [187606/187606]

--2017-02-02 22:48:58--  http://doi.org/10.1093/arisup/akw013
Connecting to doi.org (doi.org)|208.254.38.90|:80... connected.
HTTP request sent, awaiting response... 303 See Other
Location: https://academic.oup.com/aristoteliansupp/article-lookup/doi/10.1093/arisup/akw013 [following]
--2017-02-02 22:48:59--  https://academic.oup.com/aristoteliansupp/article-lookup/doi/10.1093/arisup/akw013
Connecting to academic.oup.com (academic.oup.com)|173.254.190.144|:443... connected.
HTTP request sent, awaiting response... 200 OK
Length: 221838 (217K) [text/html]
Saving to: ‘akw013’

     0K .......... .......... .......... .......... .......... 23%  209K 1s
    50K .......... .......... .......... .......... .......... 46%  609K 0s
   100K .......... .......... .......... .......... .......... 69%  610K 0s
   150K .......... .......... .......... .......... .......... 92%  607K 0s
   200K .......... ......                                     100%  211K=0.6s

2017-02-02 22:49:04 (384 KB/s) - ‘akw013’ saved [221838/221838]

--2017-02-02 22:49:05--  http://doi.org/10.1093/arisup/akw003
Connecting to doi.org (doi.org)|208.254.38.90|:80... connected.
HTTP request sent, awaiting response... 303 See Other
Location: https://academic.oup.com/aristoteliansupp/article-lookup/doi/10.1093/arisup/akw003 [following]
--2017-02-02 22:49:06--  https://academic.oup.com/aristoteliansupp/article-lookup/doi/10.1093/arisup/akw003
Connecting to academic.oup.com (academic.oup.com)|173.254.190.144|:443... connected.
HTTP request sent, awaiting response... 200 OK
Length: 215956 (211K) [text/html]
Saving to: ‘akw003’

     0K .......... .......... .......... .......... .......... 23%  208K 1s
    50K .......... .......... .......... .......... .......... 47%  603K 0s
   100K .......... .......... .......... .......... .......... 71%  609K 0s
   150K .......... .......... .......... .......... .......... 94%  602K 0s
   200K ..........                                            100%  295K=0.5s

2017-02-02 22:49:12 (401 KB/s) - ‘akw003’ saved [215956/215956]

--2017-02-02 22:49:13--  http://doi.org/10.1093/arisup/akw006
Connecting to doi.org (doi.org)|208.254.38.90|:80... connected.
HTTP request sent, awaiting response... 303 See Other
Location: https://academic.oup.com/aristoteliansupp/article-lookup/doi/10.1093/arisup/akw006 [following]
--2017-02-02 22:49:14--  https://academic.oup.com/aristoteliansupp/article-lookup/doi/10.1093/arisup/akw006
Connecting to academic.oup.com (academic.oup.com)|173.254.190.144|:443... connected.
HTTP request sent, awaiting response... 200 OK
Length: 199162 (194K) [text/html]
Saving to: ‘akw006’

     0K .......... .......... .......... .......... .......... 25%  208K 1s
    50K .......... .......... .......... .......... .......... 51%  612K 0s
   100K .......... .......... .......... .......... .......... 77%  603K 0s
   150K .......... .......... .......... .......... ....      100%  546K=0.5s

2017-02-02 22:49:21 (400 KB/s) - ‘akw006’ saved [199162/199162]

--2017-02-02 22:49:22--  http://doi.org/10.1093/arisup/akw011
Connecting to doi.org (doi.org)|208.254.38.90|:80... connected.
HTTP request sent, awaiting response... 303 See Other
Location: https://academic.oup.com/aristoteliansupp/article-lookup/doi/10.1093/arisup/akw011 [following]
--2017-02-02 22:49:24--  https://academic.oup.com/aristoteliansupp/article-lookup/doi/10.1093/arisup/akw011
Connecting to academic.oup.com (academic.oup.com)|173.254.190.144|:443... connected.
HTTP request sent, awaiting response... 200 OK
Length: 187992 (184K) [text/html]
Saving to: ‘akw011’

     0K .......... .......... .......... .......... .......... 27%  209K 1s
    50K .......... .......... .......... .......... .......... 54%  600K 0s
   100K .......... .......... .......... .......... .......... 81%  572K 0s
   150K .......... .......... .......... ...                  100%  415K=0.5s

2017-02-02 22:49:28 (374 KB/s) - ‘akw011’ saved [187992/187992]

--2017-02-02 22:49:29--  http://doi.org/10.1093/arisup/akw002
Connecting to doi.org (doi.org)|208.254.38.90|:80... connected.
HTTP request sent, awaiting response... 303 See Other
Location: https://academic.oup.com/aristoteliansupp/article-lookup/doi/10.1093/arisup/akw002 [following]
--2017-02-02 22:49:30--  https://academic.oup.com/aristoteliansupp/article-lookup/doi/10.1093/arisup/akw002
Connecting to academic.oup.com (academic.oup.com)|173.254.190.144|:443... connected.
HTTP request sent, awaiting response... 200 OK
Length: 215784 (211K) [text/html]
Saving to: ‘akw002’

     0K .......... .......... .......... .......... .......... 23%  207K 1s
    50K .......... .......... .......... .......... .......... 47%  607K 0s
   100K .......... .......... .......... .......... .......... 71%  613K 0s
   150K .......... .......... .......... .......... .......... 94%  314K 0s
   200K ..........                                            100% 11.4M=0.6s

2017-02-02 22:49:41 (373 KB/s) - ‘akw002’ saved [215784/215784]

--2017-02-02 22:49:42--  http://doi.org/10.1093/arisup/akw012
Connecting to doi.org (doi.org)|208.254.38.90|:80... connected.
HTTP request sent, awaiting response... 303 See Other
Location: https://academic.oup.com/aristoteliansupp/article-lookup/doi/10.1093/arisup/akw012 [following]
--2017-02-02 22:49:43--  https://academic.oup.com/aristoteliansupp/article-lookup/doi/10.1093/arisup/akw012
Connecting to academic.oup.com (academic.oup.com)|173.254.190.144|:443... connected.
HTTP request sent, awaiting response... 200 OK
Length: 171038 (167K) [text/html]
Saving to: ‘akw012’

     0K .......... .......... .......... .......... .......... 29%  207K 1s
    50K .......... .......... .......... .......... .......... 59%  605K 0s
   100K .......... .......... .......... .......... .......... 89%  613K 0s
   150K .......... .......                                    100%  218K=0.5s

2017-02-02 22:50:03 (345 KB/s) - ‘akw012’ saved [171038/171038]

--2017-02-02 22:50:04--  http://doi.org/10.1093/arisup/akw005
Connecting to doi.org (doi.org)|208.254.38.90|:80... connected.
HTTP request sent, awaiting response... 303 See Other
Location: https://academic.oup.com/aristoteliansupp/article-lookup/doi/10.1093/arisup/akw005 [following]
--2017-02-02 22:50:06--  https://academic.oup.com/aristoteliansupp/article-lookup/doi/10.1093/arisup/akw005
Connecting to academic.oup.com (academic.oup.com)|173.254.190.144|:443... connected.
HTTP request sent, awaiting response... 400 Bad Request
2017-02-02 22:50:06 ERROR 400: Bad Request.

--2017-02-02 22:50:07--  http://doi.org/10.1093/arisup/akw010
Connecting to doi.org (doi.org)|208.254.38.90|:80... connected.
HTTP request sent, awaiting response... 303 See Other
Location: https://academic.oup.com/aristoteliansupp/article-lookup/doi/10.1093/arisup/akw010 [following]
--2017-02-02 22:50:08--  https://academic.oup.com/aristoteliansupp/article-lookup/doi/10.1093/arisup/akw010
Connecting to academic.oup.com (academic.oup.com)|173.254.190.144|:443... connected.
HTTP request sent, awaiting response... 200 OK
Length: 219487 (214K) [text/html]
Saving to: ‘akw010’

     0K .......... .......... .......... .......... .......... 23%  209K 1s
    50K .......... .......... .......... .......... .......... 46%  601K 0s
   100K .......... .......... .......... .......... .......... 69%  609K 0s
   150K .......... .......... .......... .......... .......... 93%  320K 0s
   200K .......... ....                                       100% 4.59M=0.6s

2017-02-02 22:50:19 (380 KB/s) - ‘akw010’ saved [219487/219487]

--2017-02-02 22:50:20--  http://doi.org/10.1093/arisup/akw001
Connecting to doi.org (doi.org)|208.254.38.90|:80... connected.
HTTP request sent, awaiting response... 303 See Other
Location: https://academic.oup.com/aristoteliansupp/article-lookup/doi/10.1093/arisup/akw001 [following]
--2017-02-02 22:50:21--  https://academic.oup.com/aristoteliansupp/article-lookup/doi/10.1093/arisup/akw001
Connecting to academic.oup.com (academic.oup.com)|173.254.190.144|:443... connected.
HTTP request sent, awaiting response... 200 OK
Length: 214798 (210K) [text/html]
Saving to: ‘akw001’

     0K .......... .......... .......... .......... .......... 23%  208K 1s
    50K .......... .......... .......... .......... .......... 47%  595K 0s
   100K .......... .......... .......... .......... .......... 71%  612K 0s
   150K .......... .......... .......... .......... .......... 95%  604K 0s
   200K .........                                             100%  269K=0.5s

2017-02-02 22:50:29 (400 KB/s) - ‘akw001’ saved [214798/214798]

--2017-02-02 22:50:30--  http://doi.org/10.1093/arisup/akw007
Connecting to doi.org (doi.org)|208.254.38.90|:80... connected.
HTTP request sent, awaiting response... 303 See Other
Location: https://academic.oup.com/aristoteliansupp/article-lookup/doi/10.1093/arisup/akw007 [following]
--2017-02-02 22:50:32--  https://academic.oup.com/aristoteliansupp/article-lookup/doi/10.1093/arisup/akw007
Connecting to academic.oup.com (academic.oup.com)|173.254.190.144|:443... connected.
HTTP request sent, awaiting response... 200 OK
Length: 230395 (225K) [text/html]
Saving to: ‘akw007’

     0K .......... .......... .......... .......... .......... 22%  208K 1s
    50K .......... .......... .......... .......... .......... 44%  604K 0s
   100K .......... .......... .......... .......... .......... 66%  608K 0s
   150K .......... .......... .......... .......... .......... 88%  605K 0s
   200K .......... .......... ....                            100%  316K=0.6s

2017-02-02 22:50:39 (397 KB/s) - ‘akw007’ saved [230395/230395]

--2017-02-02 22:50:40--  http://doi.org/10.1093/arisup/akw008
Connecting to doi.org (doi.org)|208.254.38.90|:80... connected.
HTTP request sent, awaiting response... 303 See Other
Location: https://academic.oup.com/aristoteliansupp/article-lookup/doi/10.1093/arisup/akw008 [following]
--2017-02-02 22:50:42--  https://academic.oup.com/aristoteliansupp/article-lookup/doi/10.1093/arisup/akw008
Connecting to academic.oup.com (academic.oup.com)|173.254.190.144|:443... connected.
HTTP request sent, awaiting response... 200 OK
Length: 159293 (156K) [text/html]
Saving to: ‘akw008’

     0K .......... .......... .......... .......... .......... 32%  209K 1s
    50K .......... .......... .......... .......... .......... 64%  606K 0s
   100K .......... .......... .......... .......... .......... 96%  615K 0s
   150K .....                                                 100% 26.1M=0.4s

2017-02-02 22:50:54 (386 KB/s) - ‘akw008’ saved [159293/159293]

--2017-02-02 22:50:55--  http://doi.org/10.1093/arisup/akw009
Connecting to doi.org (doi.org)|208.254.38.90|:80... connected.
HTTP request sent, awaiting response... 303 See Other
Location: https://academic.oup.com/aristoteliansupp/article-lookup/doi/10.1093/arisup/akw009 [following]
--2017-02-02 22:50:57--  https://academic.oup.com/aristoteliansupp/article-lookup/doi/10.1093/arisup/akw009
Connecting to academic.oup.com (academic.oup.com)|173.254.190.144|:443... connected.
HTTP request sent, awaiting response... 200 OK
Length: 118471 (116K) [text/html]
Saving to: ‘akw009’

     0K .......... .......... .......... .......... .......... 43%  208K 0s
    50K .......... .......... .......... .......... .......... 86%  604K 0s
   100K .......... .....                                      100% 25.9M=0.3s

2017-02-02 22:51:10 (357 KB/s) - ‘akw009’ saved [118471/118471]

--2017-02-02 22:51:11--  http://doi.org/10.1111/supa.2015.89.issue-1
Connecting to doi.org (doi.org)|208.254.38.90|:80... connected.
HTTP request sent, awaiting response... 303 See Other
Location: http://doi.wiley.com/10.1111/supa.2015.89.issue-1 [following]
--2017-02-02 22:51:12--  http://doi.wiley.com/10.1111/supa.2015.89.issue-1
Resolving doi.wiley.com (doi.wiley.com)... 199.171.202.200
Connecting to doi.wiley.com (doi.wiley.com)|199.171.202.200|:80... connected.
HTTP request sent, awaiting response... 302 Moved Temporarily
Location: http://onlinelibrary.wiley.com/resolve/doi?DOI=10.1111/supa.2015.89.issue-1 [following]
--2017-02-02 22:51:14--  http://onlinelibrary.wiley.com/resolve/doi?DOI=10.1111/supa.2015.89.issue-1
Resolving onlinelibrary.wiley.com (onlinelibrary.wiley.com)... 199.171.202.195
Connecting to onlinelibrary.wiley.com (onlinelibrary.wiley.com)|199.171.202.195|:80... connected.
HTTP request sent, awaiting response... 302 Found
Location: http://onlinelibrary.wiley.com/doi/10.1111/supa.2015.89.issue-1/issuetoc;jsessionid=5D8396D6F0C5F8194536CC9B895B55BB.f03t01 [following]
--2017-02-02 22:51:15--  http://onlinelibrary.wiley.com/doi/10.1111/supa.2015.89.issue-1/issuetoc;jsessionid=5D8396D6F0C5F8194536CC9B895B55BB.f03t01
Connecting to onlinelibrary.wiley.com (onlinelibrary.wiley.com)|199.171.202.195|:80... connected.
HTTP request sent, awaiting response... 200 OK
Length: unspecified [text/html]
Saving to: ‘supa.2015.89.issue-1’

     0K .......... .......... .......... .......... ..........  182K
    50K ...                                                    5901G=0.3s

2017-02-02 22:51:16 (193 KB/s) - ‘supa.2015.89.issue-1’ saved [54368]

--2017-02-02 22:51:17--  http://doi.org/10.1111/j.1467-8349.2015.00249.x
Connecting to doi.org (doi.org)|208.254.38.90|:80... connected.
HTTP request sent, awaiting response... 303 See Other
Location: https://academic.oup.com/aristoteliansupp/article-lookup/doi/10.1111/j.1467-8349.2015.00249.x [following]
--2017-02-02 22:51:18--  https://academic.oup.com/aristoteliansupp/article-lookup/doi/10.1111/j.1467-8349.2015.00249.x
Connecting to academic.oup.com (academic.oup.com)|173.254.190.144|:443... connected.
HTTP request sent, awaiting response... 200 OK
Length: 89858 (88K) [text/html]
Saving to: ‘j.1467-8349.2015.00249.x’

     0K .......... .......... .......... .......... .......... 56%  209K 0s
    50K .......... .......... .......... .......              100% 10.8M=0.2s

2017-02-02 22:51:27 (361 KB/s) - ‘j.1467-8349.2015.00249.x’ saved [89858/89858]

--2017-02-02 22:51:28--  http://doi.org/10.1111/j.1467-8349.2015.00246.x
Connecting to doi.org (doi.org)|208.254.38.90|:80... connected.
HTTP request sent, awaiting response... 303 See Other
Location: https://academic.oup.com/aristoteliansupp/article-lookup/doi/10.1111/j.1467-8349.2015.00246.x [following]
--2017-02-02 22:51:29--  https://academic.oup.com/aristoteliansupp/article-lookup/doi/10.1111/j.1467-8349.2015.00246.x
Connecting to academic.oup.com (academic.oup.com)|173.254.190.144|:443... connected.
HTTP request sent, awaiting response... 200 OK
Length: 105198 (103K) [text/html]
Saving to: ‘j.1467-8349.2015.00246.x’

     0K .......... .......... .......... .......... .......... 48%  209K 0s
    50K .......... .......... .......... .......... .......... 97%  611K 0s
   100K ..                                                    100% 5212G=0.3s

2017-02-02 22:51:40 (320 KB/s) - ‘j.1467-8349.2015.00246.x’ saved [105198/105198]

--2017-02-02 22:51:41--  http://doi.org/10.1111/j.1467-8349.2015.00242.x
Connecting to doi.org (doi.org)|208.254.38.90|:80... connected.
HTTP request sent, awaiting response... 303 See Other
Location: https://academic.oup.com/aristoteliansupp/article-lookup/doi/10.1111/j.1467-8349.2015.00242.x [following]
--2017-02-02 22:51:42--  https://academic.oup.com/aristoteliansupp/article-lookup/doi/10.1111/j.1467-8349.2015.00242.x
Connecting to academic.oup.com (academic.oup.com)|173.254.190.144|:443... connected.
HTTP request sent, awaiting response... 200 OK
Length: 95304 (93K) [text/html]
Saving to: ‘j.1467-8349.2015.00242.x’

     0K .......... .......... .......... .......... .......... 53%  209K 0s
    50K .......... .......... .......... .......... ...       100%  533K=0.3s

2017-02-02 22:51:50 (291 KB/s) - ‘j.1467-8349.2015.00242.x’ saved [95304/95304]

--2017-02-02 22:51:51--  http://doi.org/10.1111/j.1467-8349.2015.00250.x
Connecting to doi.org (doi.org)|208.254.38.90|:80... connected.
HTTP request sent, awaiting response... 303 See Other
Location: https://academic.oup.com/aristoteliansupp/article-lookup/doi/10.1111/j.1467-8349.2015.00250.x [following]
--2017-02-02 22:51:53--  https://academic.oup.com/aristoteliansupp/article-lookup/doi/10.1111/j.1467-8349.2015.00250.x
Connecting to academic.oup.com (academic.oup.com)|173.254.190.144|:443... connected.
HTTP request sent, awaiting response... 200 OK
Length: 105342 (103K) [text/html]
Saving to: ‘j.1467-8349.2015.00250.x’

     0K .......... .......... .......... .......... .......... 48%  209K 0s
    50K .......... .......... .......... .......... .......... 97%  612K 0s
   100K ..                                                    100% 5480G=0.3s

2017-02-02 22:51:57 (320 KB/s) - ‘j.1467-8349.2015.00250.x’ saved [105342/105342]

--2017-02-02 22:51:58--  http://doi.org/10.1111/j.1467-8349.2015.00252.x
Connecting to doi.org (doi.org)|208.254.38.90|:80... connected.
HTTP request sent, awaiting response... 303 See Other
Location: https://academic.oup.com/aristoteliansupp/article-lookup/doi/10.1111/j.1467-8349.2015.00252.x [following]
--2017-02-02 22:51:59--  https://academic.oup.com/aristoteliansupp/article-lookup/doi/10.1111/j.1467-8349.2015.00252.x
Connecting to academic.oup.com (academic.oup.com)|173.254.190.144|:443... connected.
HTTP request sent, awaiting response... 200 OK
Length: 84028 (82K) [text/html]
Saving to: ‘j.1467-8349.2015.00252.x’

     0K .......... .......... .......... .......... .......... 60%  209K 0s
    50K .......... .......... .......... ..                   100% 11.5M=0.2s

2017-02-02 22:52:10 (339 KB/s) - ‘j.1467-8349.2015.00252.x’ saved [84028/84028]

--2017-02-02 22:52:11--  http://doi.org/10.1111/j.1467-8349.2015.00244.x
Connecting to doi.org (doi.org)|208.254.38.90|:80... connected.
HTTP request sent, awaiting response... 303 See Other
Location: https://academic.oup.com/aristoteliansupp/article-lookup/doi/10.1111/j.1467-8349.2015.00244.x [following]
--2017-02-02 22:52:13--  https://academic.oup.com/aristoteliansupp/article-lookup/doi/10.1111/j.1467-8349.2015.00244.x
Connecting to academic.oup.com (academic.oup.com)|173.254.190.144|:443... connected.
HTTP request sent, awaiting response... 200 OK
Length: 106032 (104K) [text/html]
Saving to: ‘j.1467-8349.2015.00244.x’

     0K .......... .......... .......... .......... .......... 48%  209K 0s
    50K .......... .......... .......... .......... .......... 96%  613K 0s
   100K ...                                                   100% 6765G=0.3s

2017-02-02 22:52:19 (322 KB/s) - ‘j.1467-8349.2015.00244.x’ saved [106032/106032]

--2017-02-02 22:52:20--  http://doi.org/10.1111/j.1467-8349.2015.00243.x
Connecting to doi.org (doi.org)|208.254.38.90|:80... connected.
HTTP request sent, awaiting response... 303 See Other
Location: https://academic.oup.com/aristoteliansupp/article-lookup/doi/10.1111/j.1467-8349.2015.00243.x [following]
--2017-02-02 22:52:21--  https://academic.oup.com/aristoteliansupp/article-lookup/doi/10.1111/j.1467-8349.2015.00243.x
Connecting to academic.oup.com (academic.oup.com)|173.254.190.144|:443... connected.
HTTP request sent, awaiting response... 200 OK
Length: 98444 (96K) [text/html]
Saving to: ‘j.1467-8349.2015.00243.x’

     0K .......... .......... .......... .......... .......... 52%  209K 0s
    50K .......... .......... .......... .......... ......    100%  569K=0.3s

2017-02-02 22:52:27 (300 KB/s) - ‘j.1467-8349.2015.00243.x’ saved [98444/98444]

--2017-02-02 22:52:28--  http://doi.org/10.1111/j.1467-8349.2015.00253.x
Connecting to doi.org (doi.org)|208.254.38.90|:80... connected.
HTTP request sent, awaiting response... 303 See Other
Location: https://academic.oup.com/aristoteliansupp/article-lookup/doi/10.1111/j.1467-8349.2015.00253.x [following]
--2017-02-02 22:52:29--  https://academic.oup.com/aristoteliansupp/article-lookup/doi/10.1111/j.1467-8349.2015.00253.x
Connecting to academic.oup.com (academic.oup.com)|173.254.190.144|:443... connected.
HTTP request sent, awaiting response... 200 OK
Length: 104018 (102K) [text/html]
Saving to: ‘j.1467-8349.2015.00253.x’

     0K .......... .......... .......... .......... .......... 49%  209K 0s
    50K .......... .......... .......... .......... .......... 98%  609K 0s
   100K .                                                     100% 3014G=0.3s

2017-02-02 22:52:34 (316 KB/s) - ‘j.1467-8349.2015.00253.x’ saved [104018/104018]

--2017-02-02 22:52:35--  http://doi.org/10.1111/j.1467-8349.2015.00245.x
Connecting to doi.org (doi.org)|208.254.38.90|:80... connected.
HTTP request sent, awaiting response... 303 See Other
Location: https://academic.oup.com/aristoteliansupp/article-lookup/doi/10.1111/j.1467-8349.2015.00245.x [following]
--2017-02-02 22:52:36--  https://academic.oup.com/aristoteliansupp/article-lookup/doi/10.1111/j.1467-8349.2015.00245.x
Connecting to academic.oup.com (academic.oup.com)|173.254.190.144|:443... connected.
HTTP request sent, awaiting response... 200 OK
Length: 115164 (112K) [text/html]
Saving to: ‘j.1467-8349.2015.00245.x’

     0K .......... .......... .......... .......... .......... 44%  209K 0s
    50K .......... .......... .......... .......... .......... 88%  605K 0s
   100K .......... ..                                         100% 28.3M=0.3s

2017-02-02 22:52:46 (349 KB/s) - ‘j.1467-8349.2015.00245.x’ saved [115164/115164]

--2017-02-02 22:52:47--  http://doi.org/10.1111/j.1467-8349.2015.00248.x
Connecting to doi.org (doi.org)|208.254.38.90|:80... connected.
HTTP request sent, awaiting response... 303 See Other
Location: https://academic.oup.com/aristoteliansupp/article-lookup/doi/10.1111/j.1467-8349.2015.00248.x [following]
--2017-02-02 22:52:48--  https://academic.oup.com/aristoteliansupp/article-lookup/doi/10.1111/j.1467-8349.2015.00248.x
Connecting to academic.oup.com (academic.oup.com)|173.254.190.144|:443... connected.
HTTP request sent, awaiting response... 200 OK
Length: 125641 (123K) [text/html]
Saving to: ‘j.1467-8349.2015.00248.x’

     0K .......... .......... .......... .......... .......... 40%  209K 0s
    50K .......... .......... .......... .......... .......... 81%  590K 0s
   100K .......... .......... ..                              100% 15.8M=0.3s

2017-02-02 22:52:53 (377 KB/s) - ‘j.1467-8349.2015.00248.x’ saved [125641/125641]

--2017-02-02 22:52:54--  http://doi.org/10.1111/j.1467-8349.2015.00251.x
Connecting to doi.org (doi.org)|208.254.38.90|:80... connected.
HTTP request sent, awaiting response... 303 See Other
Location: https://academic.oup.com/aristoteliansupp/article-lookup/doi/10.1111/j.1467-8349.2015.00251.x [following]
--2017-02-02 22:52:56--  https://academic.oup.com/aristoteliansupp/article-lookup/doi/10.1111/j.1467-8349.2015.00251.x
Connecting to academic.oup.com (academic.oup.com)|173.254.190.144|:443... connected.
HTTP request sent, awaiting response... 200 OK
Length: 98619 (96K) [text/html]
Saving to: ‘j.1467-8349.2015.00251.x’

     0K .......... .......... .......... .......... .......... 51%  205K 0s
    50K .......... .......... .......... .......... ......    100%  552K=0.3s

2017-02-02 22:53:00 (293 KB/s) - ‘j.1467-8349.2015.00251.x’ saved [98619/98619]

--2017-02-02 22:53:01--  http://doi.org/10.1111/j.1467-8349.2015.00241.x
Connecting to doi.org (doi.org)|208.254.38.90|:80... connected.
HTTP request sent, awaiting response... 303 See Other
Location: https://academic.oup.com/aristoteliansupp/article-lookup/doi/10.1111/j.1467-8349.2015.00241.x [following]
--2017-02-02 22:53:02--  https://academic.oup.com/aristoteliansupp/article-lookup/doi/10.1111/j.1467-8349.2015.00241.x
Connecting to academic.oup.com (academic.oup.com)|173.254.190.144|:443... connected.
HTTP request sent, awaiting response... 200 OK
Length: 139468 (136K) [text/html]
Saving to: ‘j.1467-8349.2015.00241.x’

     0K .......... .......... .......... .......... .......... 36%  209K 0s
    50K .......... .......... .......... .......... .......... 73%  603K 0s
   100K .......... .......... .......... ......               100%  452K=0.4s

2017-02-02 22:53:08 (338 KB/s) - ‘j.1467-8349.2015.00241.x’ saved [139468/139468]

--2017-02-02 22:53:09--  http://doi.org/10.1111/j.1467-8349.2015.00247.x
Connecting to doi.org (doi.org)|208.254.38.90|:80... connected.
HTTP request sent, awaiting response... 303 See Other
Location: https://academic.oup.com/aristoteliansupp/article-lookup/doi/10.1111/j.1467-8349.2015.00247.x [following]
--2017-02-02 22:53:10--  https://academic.oup.com/aristoteliansupp/article-lookup/doi/10.1111/j.1467-8349.2015.00247.x
Connecting to academic.oup.com (academic.oup.com)|173.254.190.144|:443... connected.
HTTP request sent, awaiting response... 400 Bad Request
2017-02-02 22:53:11 ERROR 400: Bad Request.

--2017-02-02 22:53:12--  http://doi.org/10.1111/j.1467-8349.2014.00234.x
Connecting to doi.org (doi.org)|208.254.38.90|:80... connected.
HTTP request sent, awaiting response... 303 See Other
Location: https://academic.oup.com/aristoteliansupp/article-lookup/doi/10.1111/j.1467-8349.2014.00234.x [following]
--2017-02-02 22:53:13--  https://academic.oup.com/aristoteliansupp/article-lookup/doi/10.1111/j.1467-8349.2014.00234.x
Connecting to academic.oup.com (academic.oup.com)|173.254.190.144|:443... connected.
HTTP request sent, awaiting response... 200 OK
Length: 69705 (68K) [text/html]
Saving to: ‘j.1467-8349.2014.00234.x’

     0K .......... .......... .......... .......... .......... 73%  208K 0s
    50K .......... ........                                   100% 17.1M=0.2s

2017-02-02 22:53:25 (282 KB/s) - ‘j.1467-8349.2014.00234.x’ saved [69705/69705]

--2017-02-02 22:53:26--  http://doi.org/10.1111/j.1467-8349.2014.00240.x
Connecting to doi.org (doi.org)|208.254.38.90|:80... connected.
HTTP request sent, awaiting response... 303 See Other
Location: https://academic.oup.com/aristoteliansupp/article-lookup/doi/10.1111/j.1467-8349.2014.00240.x [following]
--2017-02-02 22:53:27--  https://academic.oup.com/aristoteliansupp/article-lookup/doi/10.1111/j.1467-8349.2014.00240.x
Connecting to academic.oup.com (academic.oup.com)|173.254.190.144|:443... connected.
HTTP request sent, awaiting response... 200 OK
Length: 68949 (67K) [text/html]
Saving to: ‘j.1467-8349.2014.00240.x’

     0K .......... .......... .......... .......... .......... 74%  208K 0s
    50K .......... .......                                    100% 14.4M=0.2s

2017-02-02 22:53:31 (279 KB/s) - ‘j.1467-8349.2014.00240.x’ saved [68949/68949]

--2017-02-02 22:53:32--  http://doi.org/10.1111/j.1467-8349.2014.00230.x
Connecting to doi.org (doi.org)|208.254.38.90|:80... connected.
HTTP request sent, awaiting response... 303 See Other
Location: https://academic.oup.com/aristoteliansupp/article-lookup/doi/10.1111/j.1467-8349.2014.00230.x [following]
--2017-02-02 22:53:34--  https://academic.oup.com/aristoteliansupp/article-lookup/doi/10.1111/j.1467-8349.2014.00230.x
Connecting to academic.oup.com (academic.oup.com)|173.254.190.144|:443... connected.
HTTP request sent, awaiting response... 400 Bad Request
2017-02-02 22:53:34 ERROR 400: Bad Request.

--2017-02-02 22:53:35--  http://doi.org/10.1111/j.1467-8349.2014.00237.x
Connecting to doi.org (doi.org)|208.254.38.90|:80... connected.
HTTP request sent, awaiting response... 303 See Other
Location: https://academic.oup.com/aristoteliansupp/article-lookup/doi/10.1111/j.1467-8349.2014.00237.x [following]
--2017-02-02 22:53:36--  https://academic.oup.com/aristoteliansupp/article-lookup/doi/10.1111/j.1467-8349.2014.00237.x
Connecting to academic.oup.com (academic.oup.com)|173.254.190.144|:443... connected.
HTTP request sent, awaiting response... 200 OK
Length: 70176 (69K) [text/html]
Saving to: ‘j.1467-8349.2014.00237.x’

     0K .......... .......... .......... .......... .......... 72%  209K 0s
    50K .......... ........                                   100% 15.5M=0.2s

2017-02-02 22:53:41 (285 KB/s) - ‘j.1467-8349.2014.00237.x’ saved [70176/70176]

--2017-02-02 22:53:42--  http://doi.org/10.1111/j.1467-8349.2014.00232.x
Connecting to doi.org (doi.org)|208.254.38.90|:80... connected.
HTTP request sent, awaiting response... 303 See Other
Location: https://academic.oup.com/aristoteliansupp/article-lookup/doi/10.1111/j.1467-8349.2014.00232.x [following]
--2017-02-02 22:53:43--  https://academic.oup.com/aristoteliansupp/article-lookup/doi/10.1111/j.1467-8349.2014.00232.x
Connecting to academic.oup.com (academic.oup.com)|173.254.190.144|:443... connected.
HTTP request sent, awaiting response... 200 OK
Length: 68896 (67K) [text/html]
Saving to: ‘j.1467-8349.2014.00232.x’

     0K .......... .......... .......... .......... .......... 74%  207K 0s
    50K .......... .......                                    100% 15.4M=0.2s

2017-02-02 22:53:47 (277 KB/s) - ‘j.1467-8349.2014.00232.x’ saved [68896/68896]

--2017-02-02 22:53:48--  http://doi.org/10.1111/j.1467-8349.2014.00231.x
Connecting to doi.org (doi.org)|208.254.38.90|:80... connected.
HTTP request sent, awaiting response... 303 See Other
Location: https://academic.oup.com/aristoteliansupp/article-lookup/doi/10.1111/j.1467-8349.2014.00231.x [following]
--2017-02-02 22:53:49--  https://academic.oup.com/aristoteliansupp/article-lookup/doi/10.1111/j.1467-8349.2014.00231.x
Connecting to academic.oup.com (academic.oup.com)|173.254.190.144|:443... connected.
HTTP request sent, awaiting response... 200 OK
Length: 71765 (70K) [text/html]
Saving to: ‘j.1467-8349.2014.00231.x’

     0K .......... .......... .......... .......... .......... 71%  209K 0s
    50K .......... ..........                                 100% 14.6M=0.2s

2017-02-02 22:53:53 (291 KB/s) - ‘j.1467-8349.2014.00231.x’ saved [71765/71765]

--2017-02-02 22:53:54--  http://doi.org/10.1111/j.1467-8349.2014.00235.x
Connecting to doi.org (doi.org)|208.254.38.90|:80... connected.
HTTP request sent, awaiting response... 303 See Other
Location: https://academic.oup.com/aristoteliansupp/article-lookup/doi/10.1111/j.1467-8349.2014.00235.x [following]
--2017-02-02 22:53:55--  https://academic.oup.com/aristoteliansupp/article-lookup/doi/10.1111/j.1467-8349.2014.00235.x
Connecting to academic.oup.com (academic.oup.com)|173.254.190.144|:443... connected.
HTTP request sent, awaiting response... 400 Bad Request
2017-02-02 22:53:56 ERROR 400: Bad Request.

--2017-02-02 22:53:57--  http://doi.org/10.1111/j.1467-8349.2014.00238.x
Connecting to doi.org (doi.org)|208.254.38.90|:80... connected.
HTTP request sent, awaiting response... 303 See Other
Location: https://academic.oup.com/aristoteliansupp/article-lookup/doi/10.1111/j.1467-8349.2014.00238.x [following]
--2017-02-02 22:53:58--  https://academic.oup.com/aristoteliansupp/article-lookup/doi/10.1111/j.1467-8349.2014.00238.x
Connecting to academic.oup.com (academic.oup.com)|173.254.190.144|:443... connected.
HTTP request sent, awaiting response... 200 OK
Length: 86040 (84K) [text/html]
Saving to: ‘j.1467-8349.2014.00238.x’

     0K .......... .......... .......... .......... .......... 59%  209K 0s
    50K .......... .......... .......... ....                 100% 10.8M=0.2s

2017-02-02 22:54:03 (347 KB/s) - ‘j.1467-8349.2014.00238.x’ saved [86040/86040]

--2017-02-02 22:54:04--  http://doi.org/10.1111/j.1467-8349.2014.00239.x
Connecting to doi.org (doi.org)|208.254.38.90|:80... connected.
HTTP request sent, awaiting response... 303 See Other
Location: https://academic.oup.com/aristoteliansupp/article-lookup/doi/10.1111/j.1467-8349.2014.00239.x [following]
--2017-02-02 22:54:05--  https://academic.oup.com/aristoteliansupp/article-lookup/doi/10.1111/j.1467-8349.2014.00239.x
Connecting to academic.oup.com (academic.oup.com)|173.254.190.144|:443... connected.
HTTP request sent, awaiting response... 400 Bad Request
2017-02-02 22:54:05 ERROR 400: Bad Request.

--2017-02-02 22:54:06--  http://doi.org/10.1111/j.1467-8349.2014.00236.x
Connecting to doi.org (doi.org)|208.254.38.90|:80... connected.
HTTP request sent, awaiting response... 303 See Other
Location: https://academic.oup.com/aristoteliansupp/article-lookup/doi/10.1111/j.1467-8349.2014.00236.x [following]
--2017-02-02 22:54:08--  https://academic.oup.com/aristoteliansupp/article-lookup/doi/10.1111/j.1467-8349.2014.00236.x
Connecting to academic.oup.com (academic.oup.com)|173.254.190.144|:443... connected.
HTTP request sent, awaiting response... 200 OK
Length: 70311 (69K) [text/html]
Saving to: ‘j.1467-8349.2014.00236.x’

     0K .......... .......... .......... .......... .......... 72%  209K 0s
    50K .......... ........                                   100% 5.98M=0.2s

2017-02-02 22:54:12 (283 KB/s) - ‘j.1467-8349.2014.00236.x’ saved [70311/70311]

--2017-02-02 22:54:13--  http://doi.org/10.1111/j.1467-8349.2014.00233.x
Connecting to doi.org (doi.org)|208.254.38.90|:80... connected.
HTTP request sent, awaiting response... 303 See Other
Location: https://academic.oup.com/aristoteliansupp/article-lookup/doi/10.1111/j.1467-8349.2014.00233.x [following]
--2017-02-02 22:54:14--  https://academic.oup.com/aristoteliansupp/article-lookup/doi/10.1111/j.1467-8349.2014.00233.x
Connecting to academic.oup.com (academic.oup.com)|173.254.190.144|:443... connected.
HTTP request sent, awaiting response... 200 OK
Length: 69661 (68K) [text/html]
Saving to: ‘j.1467-8349.2014.00233.x’

     0K .......... .......... .......... .......... .......... 73%  206K 0s
    50K .......... ........                                   100% 16.5M=0.2s

2017-02-02 22:54:18 (279 KB/s) - ‘j.1467-8349.2014.00233.x’ saved [69661/69661]

--2017-02-02 22:54:19--  http://doi.org/10.1111/supa.2014.88.issue-1
Connecting to doi.org (doi.org)|208.254.38.90|:80... connected.
HTTP request sent, awaiting response... 303 See Other
Location: http://doi.wiley.com/10.1111/supa.2014.88.issue-1 [following]
--2017-02-02 22:54:20--  http://doi.wiley.com/10.1111/supa.2014.88.issue-1
Connecting to doi.wiley.com (doi.wiley.com)|199.171.202.200|:80... connected.
HTTP request sent, awaiting response... 302 Moved Temporarily
Location: http://onlinelibrary.wiley.com/resolve/doi?DOI=10.1111/supa.2014.88.issue-1 [following]
--2017-02-02 22:54:22--  http://onlinelibrary.wiley.com/resolve/doi?DOI=10.1111/supa.2014.88.issue-1
Connecting to onlinelibrary.wiley.com (onlinelibrary.wiley.com)|199.171.202.195|:80... connected.
HTTP request sent, awaiting response... 302 Found
Location: http://onlinelibrary.wiley.com/doi/10.1111/supa.2014.88.issue-1/issuetoc [following]
--2017-02-02 22:54:23--  http://onlinelibrary.wiley.com/doi/10.1111/supa.2014.88.issue-1/issuetoc
Connecting to onlinelibrary.wiley.com (onlinelibrary.wiley.com)|199.171.202.195|:80... connected.
HTTP request sent, awaiting response... 200 OK
Length: unspecified [text/html]
Saving to: ‘supa.2014.88.issue-1’

     0K .......... .......... .......... .......... ........    187K=0.3s

2017-02-02 22:54:24 (187 KB/s) - ‘supa.2014.88.issue-1’ saved [49804]

--2017-02-02 22:54:25--  http://doi.org/10.1111/j.1467-8349.2013.00217.x
Connecting to doi.org (doi.org)|208.254.38.90|:80... connected.
HTTP request sent, awaiting response... 303 See Other
Location: https://academic.oup.com/aristoteliansupp/article-lookup/doi/10.1111/j.1467-8349.2013.00217.x [following]
--2017-02-02 22:54:26--  https://academic.oup.com/aristoteliansupp/article-lookup/doi/10.1111/j.1467-8349.2013.00217.x
Connecting to academic.oup.com (academic.oup.com)|173.254.190.144|:443... connected.
HTTP request sent, awaiting response... 400 Bad Request
2017-02-02 22:54:26 ERROR 400: Bad Request.

--2017-02-02 22:54:27--  http://doi.org/10.1111/j.1467-8349.2013.00219.x
Connecting to doi.org (doi.org)|208.254.38.90|:80... connected.
HTTP request sent, awaiting response... 303 See Other
Location: https://academic.oup.com/aristoteliansupp/article-lookup/doi/10.1111/j.1467-8349.2013.00219.x [following]
--2017-02-02 22:54:29--  https://academic.oup.com/aristoteliansupp/article-lookup/doi/10.1111/j.1467-8349.2013.00219.x
Connecting to academic.oup.com (academic.oup.com)|173.254.190.144|:443... connected.
HTTP request sent, awaiting response... 400 Bad Request
2017-02-02 22:54:29 ERROR 400: Bad Request.

--2017-02-02 22:54:30--  http://doi.org/10.1111/j.1467-8349.2013.00222.x
Connecting to doi.org (doi.org)|208.254.38.90|:80... connected.
HTTP request sent, awaiting response... 303 See Other
Location: https://academic.oup.com/aristoteliansupp/article-lookup/doi/10.1111/j.1467-8349.2013.00222.x [following]
--2017-02-02 22:54:31--  https://academic.oup.com/aristoteliansupp/article-lookup/doi/10.1111/j.1467-8349.2013.00222.x
Connecting to academic.oup.com (academic.oup.com)|173.254.190.144|:443... connected.
HTTP request sent, awaiting response... 200 OK
Length: 69077 (67K) [text/html]
Saving to: ‘j.1467-8349.2013.00222.x’

     0K .......... .......... .......... .......... .......... 74%  208K 0s
    50K .......... .......                                    100% 14.4M=0.2s

2017-02-02 22:54:37 (279 KB/s) - ‘j.1467-8349.2013.00222.x’ saved [69077/69077]

--2017-02-02 22:54:38--  http://doi.org/10.1111/j.1467-8349.2013.00228.x
Connecting to doi.org (doi.org)|208.254.38.90|:80... connected.
HTTP request sent, awaiting response... 303 See Other
Location: https://academic.oup.com/aristoteliansupp/article-lookup/doi/10.1111/j.1467-8349.2013.00228.x [following]
--2017-02-02 22:54:39--  https://academic.oup.com/aristoteliansupp/article-lookup/doi/10.1111/j.1467-8349.2013.00228.x
Connecting to academic.oup.com (academic.oup.com)|173.254.190.144|:443... connected.
HTTP request sent, awaiting response... 200 OK
Length: 69677 (68K) [text/html]
Saving to: ‘j.1467-8349.2013.00228.x’

     0K .......... .......... .......... .......... .......... 73%  209K 0s
    50K .......... ........                                   100% 16.0M=0.2s

2017-02-02 22:54:43 (282 KB/s) - ‘j.1467-8349.2013.00228.x’ saved [69677/69677]

--2017-02-02 22:54:44--  http://doi.org/10.1111/j.1467-8349.2013.00220.x
Connecting to doi.org (doi.org)|208.254.38.90|:80... connected.
HTTP request sent, awaiting response... 303 See Other
Location: https://academic.oup.com/aristoteliansupp/article-lookup/doi/10.1111/j.1467-8349.2013.00220.x [following]
--2017-02-02 22:54:45--  https://academic.oup.com/aristoteliansupp/article-lookup/doi/10.1111/j.1467-8349.2013.00220.x
Connecting to academic.oup.com (academic.oup.com)|173.254.190.144|:443... connected.
HTTP request sent, awaiting response... 200 OK
Length: 68041 (66K) [text/html]
Saving to: ‘j.1467-8349.2013.00220.x’

     0K .......... .......... .......... .......... .......... 75%  208K 0s
    50K .......... ......                                     100% 15.2M=0.2s

2017-02-02 22:54:51 (276 KB/s) - ‘j.1467-8349.2013.00220.x’ saved [68041/68041]

--2017-02-02 22:54:52--  http://doi.org/10.1111/j.1467-8349.2013.00226.x
Connecting to doi.org (doi.org)|208.254.38.90|:80... connected.
HTTP request sent, awaiting response... 303 See Other
Location: https://academic.oup.com/aristoteliansupp/article-lookup/doi/10.1111/j.1467-8349.2013.00226.x [following]
--2017-02-02 22:54:53--  https://academic.oup.com/aristoteliansupp/article-lookup/doi/10.1111/j.1467-8349.2013.00226.x
Connecting to academic.oup.com (academic.oup.com)|173.254.190.144|:443... connected.
HTTP request sent, awaiting response... 200 OK
Length: 68744 (67K) [text/html]
Saving to: ‘j.1467-8349.2013.00226.x’

     0K .......... .......... .......... .......... .......... 74%  208K 0s
    50K .......... .......                                    100% 18.3M=0.2s

2017-02-02 22:54:57 (278 KB/s) - ‘j.1467-8349.2013.00226.x’ saved [68744/68744]

--2017-02-02 22:54:58--  http://doi.org/10.1111/j.1467-8349.2013.00227.x
Connecting to doi.org (doi.org)|208.254.38.90|:80... connected.
HTTP request sent, awaiting response... 303 See Other
Location: https://academic.oup.com/aristoteliansupp/article-lookup/doi/10.1111/j.1467-8349.2013.00227.x [following]
--2017-02-02 22:54:59--  https://academic.oup.com/aristoteliansupp/article-lookup/doi/10.1111/j.1467-8349.2013.00227.x
Connecting to academic.oup.com (academic.oup.com)|173.254.190.144|:443... connected.
HTTP request sent, awaiting response... 200 OK
Length: 69378 (68K) [text/html]
Saving to: ‘j.1467-8349.2013.00227.x’

     0K .......... .......... .......... .......... .......... 73%  208K 0s
    50K .......... .......                                    100% 14.2M=0.2s

2017-02-02 22:55:10 (281 KB/s) - ‘j.1467-8349.2013.00227.x’ saved [69378/69378]

--2017-02-02 22:55:11--  http://doi.org/10.1111/j.1467-8349.2013.00224.x
Connecting to doi.org (doi.org)|208.254.38.90|:80... connected.
HTTP request sent, awaiting response... 303 See Other
Location: https://academic.oup.com/aristoteliansupp/article-lookup/doi/10.1111/j.1467-8349.2013.00224.x [following]
--2017-02-02 22:55:12--  https://academic.oup.com/aristoteliansupp/article-lookup/doi/10.1111/j.1467-8349.2013.00224.x
Connecting to academic.oup.com (academic.oup.com)|173.254.190.144|:443... connected.
HTTP request sent, awaiting response... 200 OK
Length: 85087 (83K) [text/html]
Saving to: ‘j.1467-8349.2013.00224.x’

     0K .......... .......... .......... .......... .......... 60%  209K 0s
    50K .......... .......... .......... ...                  100% 8.55M=0.2s

2017-02-02 22:55:19 (341 KB/s) - ‘j.1467-8349.2013.00224.x’ saved [85087/85087]

--2017-02-02 22:55:20--  http://doi.org/10.1111/j.1467-8349.2013.00218.x
Connecting to doi.org (doi.org)|208.254.38.90|:80... connected.
HTTP request sent, awaiting response... 303 See Other
Location: https://academic.oup.com/aristoteliansupp/article-lookup/doi/10.1111/j.1467-8349.2013.00218.x [following]
--2017-02-02 22:55:21--  https://academic.oup.com/aristoteliansupp/article-lookup/doi/10.1111/j.1467-8349.2013.00218.x
Connecting to academic.oup.com (academic.oup.com)|173.254.190.144|:443... connected.
HTTP request sent, awaiting response... 200 OK
Length: 68813 (67K) [text/html]
Saving to: ‘j.1467-8349.2013.00218.x’

     0K .......... .......... .......... .......... .......... 74%  208K 0s
    50K .......... .......                                    100% 15.9M=0.2s

2017-02-02 22:55:26 (279 KB/s) - ‘j.1467-8349.2013.00218.x’ saved [68813/68813]

--2017-02-02 22:55:27--  http://doi.org/10.1111/j.1467-8349.2013.00223.x
Connecting to doi.org (doi.org)|208.254.38.90|:80... connected.
HTTP request sent, awaiting response... 303 See Other
Location: https://academic.oup.com/aristoteliansupp/article-lookup/doi/10.1111/j.1467-8349.2013.00223.x [following]
--2017-02-02 22:55:28--  https://academic.oup.com/aristoteliansupp/article-lookup/doi/10.1111/j.1467-8349.2013.00223.x
Connecting to academic.oup.com (academic.oup.com)|173.254.190.144|:443... connected.
HTTP request sent, awaiting response... 200 OK
Length: 83515 (82K) [text/html]
Saving to: ‘j.1467-8349.2013.00223.x’

     0K .......... .......... .......... .......... .......... 61%  208K 0s
    50K .......... .......... .......... .                    100% 11.7M=0.2s

2017-02-02 22:55:34 (335 KB/s) - ‘j.1467-8349.2013.00223.x’ saved [83515/83515]

--2017-02-02 22:55:35--  http://doi.org/10.1111/j.1467-8349.2013.00225.x
Connecting to doi.org (doi.org)|208.254.38.90|:80... connected.
HTTP request sent, awaiting response... 303 See Other
Location: https://academic.oup.com/aristoteliansupp/article-lookup/doi/10.1111/j.1467-8349.2013.00225.x [following]
--2017-02-02 22:55:36--  https://academic.oup.com/aristoteliansupp/article-lookup/doi/10.1111/j.1467-8349.2013.00225.x
Connecting to academic.oup.com (academic.oup.com)|173.254.190.144|:443... connected.
HTTP request sent, awaiting response... 200 OK
Length: 69710 (68K) [text/html]
Saving to: ‘j.1467-8349.2013.00225.x’

     0K .......... .......... .......... .......... .......... 73%  207K 0s
    50K .......... ........                                   100% 11.2M=0.2s

2017-02-02 22:55:45 (280 KB/s) - ‘j.1467-8349.2013.00225.x’ saved [69710/69710]

--2017-02-02 22:55:46--  http://doi.org/10.1111/j.1467-8349.2013.00229.x
Connecting to doi.org (doi.org)|208.254.38.90|:80... connected.
HTTP request sent, awaiting response... 303 See Other
Location: https://academic.oup.com/aristoteliansupp/article-lookup/doi/10.1111/j.1467-8349.2013.00229.x [following]
--2017-02-02 22:55:47--  https://academic.oup.com/aristoteliansupp/article-lookup/doi/10.1111/j.1467-8349.2013.00229.x
Connecting to academic.oup.com (academic.oup.com)|173.254.190.144|:443... connected.
HTTP request sent, awaiting response... 200 OK
Length: 69015 (67K) [text/html]
Saving to: ‘j.1467-8349.2013.00229.x’

     0K .......... .......... .......... .......... .......... 74%  208K 0s
    50K .......... .......                                    100% 16.0M=0.2s

2017-02-02 22:55:52 (280 KB/s) - ‘j.1467-8349.2013.00229.x’ saved [69015/69015]

--2017-02-02 22:55:53--  http://doi.org/10.1111/j.1467-8349.2013.00221.x
Connecting to doi.org (doi.org)|208.254.38.90|:80... connected.
HTTP request sent, awaiting response... 303 See Other
Location: https://academic.oup.com/aristoteliansupp/article-lookup/doi/10.1111/j.1467-8349.2013.00221.x [following]
--2017-02-02 22:55:55--  https://academic.oup.com/aristoteliansupp/article-lookup/doi/10.1111/j.1467-8349.2013.00221.x
Connecting to academic.oup.com (academic.oup.com)|173.254.190.144|:443... connected.
HTTP request sent, awaiting response... 200 OK
Length: 69169 (68K) [text/html]
Saving to: ‘j.1467-8349.2013.00221.x’

     0K .......... .......... .......... .......... .......... 74%  208K 0s
    50K .......... .......                                    100% 14.9M=0.2s

2017-02-02 22:56:03 (280 KB/s) - ‘j.1467-8349.2013.00221.x’ saved [69169/69169]

--2017-02-02 22:56:04--  http://doi.org/10.1111/supa.2013.87.issue-1
Connecting to doi.org (doi.org)|208.254.38.90|:80... connected.
HTTP request sent, awaiting response... 303 See Other
Location: http://doi.wiley.com/10.1111/supa.2013.87.issue-1 [following]
--2017-02-02 22:56:05--  http://doi.wiley.com/10.1111/supa.2013.87.issue-1
Connecting to doi.wiley.com (doi.wiley.com)|199.171.202.200|:80... connected.
HTTP request sent, awaiting response... 302 Moved Temporarily
Location: http://onlinelibrary.wiley.com/resolve/doi?DOI=10.1111/supa.2013.87.issue-1 [following]
--2017-02-02 22:56:06--  http://onlinelibrary.wiley.com/resolve/doi?DOI=10.1111/supa.2013.87.issue-1
Connecting to onlinelibrary.wiley.com (onlinelibrary.wiley.com)|199.171.202.195|:80... connected.
HTTP request sent, awaiting response... 302 Found
Location: http://onlinelibrary.wiley.com/doi/10.1111/supa.2013.87.issue-1/issuetoc [following]
--2017-02-02 22:56:07--  http://onlinelibrary.wiley.com/doi/10.1111/supa.2013.87.issue-1/issuetoc
Connecting to onlinelibrary.wiley.com (onlinelibrary.wiley.com)|199.171.202.195|:80... connected.
HTTP request sent, awaiting response... 200 OK
Length: unspecified [text/html]
Saving to: ‘supa.2013.87.issue-1’

     0K .......... .......... .......... .......... ..........  190K
    50K ...                                                    5975G=0.3s

2017-02-02 22:56:08 (202 KB/s) - ‘supa.2013.87.issue-1’ saved [54408]

--2017-02-02 22:56:09--  http://doi.org/10.1111/j.1467-8349.2012.00209.x
Connecting to doi.org (doi.org)|208.254.38.90|:80... connected.
HTTP request sent, awaiting response... 303 See Other
Location: https://academic.oup.com/aristoteliansupp/article-lookup/doi/10.1111/j.1467-8349.2012.00209.x [following]
--2017-02-02 22:56:11--  https://academic.oup.com/aristoteliansupp/article-lookup/doi/10.1111/j.1467-8349.2012.00209.x
Connecting to academic.oup.com (academic.oup.com)|173.254.190.144|:443... connected.
HTTP request sent, awaiting response... 200 OK
Length: 68535 (67K) [text/html]
Saving to: ‘j.1467-8349.2012.00209.x’

     0K .......... .......... .......... .......... .......... 74%  208K 0s
    50K .......... ......                                     100%  171K=0.3s

2017-02-02 22:56:25 (197 KB/s) - ‘j.1467-8349.2012.00209.x’ saved [68535/68535]

--2017-02-02 22:56:26--  http://doi.org/10.1111/j.1467-8349.2012.00206.x
Connecting to doi.org (doi.org)|208.254.38.90|:80... connected.
HTTP request sent, awaiting response... 303 See Other
Location: https://academic.oup.com/aristoteliansupp/article-lookup/doi/10.1111/j.1467-8349.2012.00206.x [following]
--2017-02-02 22:56:28--  https://academic.oup.com/aristoteliansupp/article-lookup/doi/10.1111/j.1467-8349.2012.00206.x
Connecting to academic.oup.com (academic.oup.com)|173.254.190.144|:443... connected.
HTTP request sent, awaiting response... 200 OK
Length: 70286 (69K) [text/html]
Saving to: ‘j.1467-8349.2012.00206.x’

     0K .......... .......... .......... .......... .......... 72%  307K 0s
    50K .......... ........                                   100%  235K=0.2s

2017-02-02 22:56:41 (284 KB/s) - ‘j.1467-8349.2012.00206.x’ saved [70286/70286]

--2017-02-02 22:56:42--  http://doi.org/10.1111/j.1467-8349.2012.00212.x
Connecting to doi.org (doi.org)|208.254.38.90|:80... connected.
HTTP request sent, awaiting response... 303 See Other
Location: https://academic.oup.com/aristoteliansupp/article-lookup/doi/10.1111/j.1467-8349.2012.00212.x [following]
--2017-02-02 22:56:43--  https://academic.oup.com/aristoteliansupp/article-lookup/doi/10.1111/j.1467-8349.2012.00212.x
Connecting to academic.oup.com (academic.oup.com)|173.254.190.144|:443... connected.
HTTP request sent, awaiting response... 200 OK
Length: 69717 (68K) [text/html]
Saving to: ‘j.1467-8349.2012.00212.x’

     0K .......... .......... .......... .......... .......... 73%  209K 0s
    50K .......... ........                                   100% 15.0M=0.2s

2017-02-02 22:56:48 (283 KB/s) - ‘j.1467-8349.2012.00212.x’ saved [69717/69717]

--2017-02-02 22:56:49--  http://doi.org/10.1111/j.1467-8349.2012.00216.x
Connecting to doi.org (doi.org)|208.254.38.90|:80... connected.
HTTP request sent, awaiting response... 303 See Other
Location: https://academic.oup.com/aristoteliansupp/article-lookup/doi/10.1111/j.1467-8349.2012.00216.x [following]
--2017-02-02 22:56:50--  https://academic.oup.com/aristoteliansupp/article-lookup/doi/10.1111/j.1467-8349.2012.00216.x
Connecting to academic.oup.com (academic.oup.com)|173.254.190.144|:443... connected.
HTTP request sent, awaiting response... 200 OK
Length: 70126 (68K) [text/html]
Saving to: ‘j.1467-8349.2012.00216.x’

     0K .......... .......... .......... .......... .......... 73%  208K 0s
    50K .......... ........                                   100% 15.4M=0.2s

2017-02-02 22:56:55 (284 KB/s) - ‘j.1467-8349.2012.00216.x’ saved [70126/70126]

--2017-02-02 22:56:56--  http://doi.org/10.1111/j.1467-8349.2012.00210.x
Connecting to doi.org (doi.org)|208.254.38.90|:80... connected.
HTTP request sent, awaiting response... 303 See Other
Location: https://academic.oup.com/aristoteliansupp/article-lookup/doi/10.1111/j.1467-8349.2012.00210.x [following]
--2017-02-02 22:56:57--  https://academic.oup.com/aristoteliansupp/article-lookup/doi/10.1111/j.1467-8349.2012.00210.x
Connecting to academic.oup.com (academic.oup.com)|173.254.190.144|:443... connected.
HTTP request sent, awaiting response... 400 Bad Request
2017-02-02 22:56:57 ERROR 400: Bad Request.

--2017-02-02 22:56:58--  http://doi.org/10.1111/j.1467-8349.2012.00207.x
Connecting to doi.org (doi.org)|208.254.38.90|:80... connected.
HTTP request sent, awaiting response... 303 See Other
Location: https://academic.oup.com/aristoteliansupp/article-lookup/doi/10.1111/j.1467-8349.2012.00207.x [following]
--2017-02-02 22:57:00--  https://academic.oup.com/aristoteliansupp/article-lookup/doi/10.1111/j.1467-8349.2012.00207.x
Connecting to academic.oup.com (academic.oup.com)|173.254.190.144|:443... connected.
HTTP request sent, awaiting response... 200 OK
Length: 69374 (68K) [text/html]
Saving to: ‘j.1467-8349.2012.00207.x’

     0K .......... .......... .......... .......... .......... 73%  209K 0s
    50K .......... .......                                    100% 16.5M=0.2s

2017-02-02 22:57:09 (282 KB/s) - ‘j.1467-8349.2012.00207.x’ saved [69374/69374]

--2017-02-02 22:57:10--  http://doi.org/10.1111/j.1467-8349.2012.00214.x
Connecting to doi.org (doi.org)|208.254.38.90|:80... connected.
HTTP request sent, awaiting response... 303 See Other
Location: https://academic.oup.com/aristoteliansupp/article-lookup/doi/10.1111/j.1467-8349.2012.00214.x [following]
--2017-02-02 22:57:11--  https://academic.oup.com/aristoteliansupp/article-lookup/doi/10.1111/j.1467-8349.2012.00214.x
Connecting to academic.oup.com (academic.oup.com)|173.254.190.144|:443... connected.
HTTP request sent, awaiting response... 200 OK
Length: 68976 (67K) [text/html]
Saving to: ‘j.1467-8349.2012.00214.x’

     0K .......... .......... .......... .......... .......... 74%  209K 0s
    50K .......... .......                                    100% 14.8M=0.2s

2017-02-02 22:57:17 (280 KB/s) - ‘j.1467-8349.2012.00214.x’ saved [68976/68976]

--2017-02-02 22:57:18--  http://doi.org/10.1111/j.1467-8349.2012.00208.x
Connecting to doi.org (doi.org)|208.254.38.90|:80... connected.
HTTP request sent, awaiting response... 303 See Other
Location: https://academic.oup.com/aristoteliansupp/article-lookup/doi/10.1111/j.1467-8349.2012.00208.x [following]
--2017-02-02 22:57:19--  https://academic.oup.com/aristoteliansupp/article-lookup/doi/10.1111/j.1467-8349.2012.00208.x
Connecting to academic.oup.com (academic.oup.com)|173.254.190.144|:443... connected.
HTTP request sent, awaiting response... 200 OK
Length: 68803 (67K) [text/html]
Saving to: ‘j.1467-8349.2012.00208.x’

     0K .......... .......... .......... .......... .......... 74%  209K 0s
    50K .......... .......                                    100% 15.7M=0.2s

2017-02-02 22:57:26 (279 KB/s) - ‘j.1467-8349.2012.00208.x’ saved [68803/68803]

--2017-02-02 22:57:27--  http://doi.org/10.1111/j.1467-8349.2012.00205.x
Connecting to doi.org (doi.org)|208.254.38.90|:80... connected.
HTTP request sent, awaiting response... 303 See Other
Location: https://academic.oup.com/aristoteliansupp/article-lookup/doi/10.1111/j.1467-8349.2012.00205.x [following]
--2017-02-02 22:57:28--  https://academic.oup.com/aristoteliansupp/article-lookup/doi/10.1111/j.1467-8349.2012.00205.x
Connecting to academic.oup.com (academic.oup.com)|173.254.190.144|:443... connected.
HTTP request sent, awaiting response... 200 OK
Length: 68865 (67K) [text/html]
Saving to: ‘j.1467-8349.2012.00205.x’

     0K .......... .......... .......... .......... .......... 74%  208K 0s
    50K .......... .......                                    100% 15.1M=0.2s

2017-02-02 22:57:32 (278 KB/s) - ‘j.1467-8349.2012.00205.x’ saved [68865/68865]

--2017-02-02 22:57:33--  http://doi.org/10.1111/j.1467-8349.2012.00215.x
Connecting to doi.org (doi.org)|208.254.38.90|:80... connected.
HTTP request sent, awaiting response... 303 See Other
Location: https://academic.oup.com/aristoteliansupp/article-lookup/doi/10.1111/j.1467-8349.2012.00215.x [following]
--2017-02-02 22:57:34--  https://academic.oup.com/aristoteliansupp/article-lookup/doi/10.1111/j.1467-8349.2012.00215.x
Connecting to academic.oup.com (academic.oup.com)|173.254.190.144|:443... connected.
HTTP request sent, awaiting response... 200 OK
Length: 84006 (82K) [text/html]
Saving to: ‘j.1467-8349.2012.00215.x’

     0K .......... .......... .......... .......... .......... 60%  209K 0s
    50K .......... .......... .......... ..                   100% 14.2M=0.2s

2017-02-02 22:57:40 (340 KB/s) - ‘j.1467-8349.2012.00215.x’ saved [84006/84006]

--2017-02-02 22:57:41--  http://doi.org/10.1111/j.1467-8349.2012.00211.x
Connecting to doi.org (doi.org)|208.254.38.90|:80... connected.
HTTP request sent, awaiting response... 303 See Other
Location: https://academic.oup.com/aristoteliansupp/article-lookup/doi/10.1111/j.1467-8349.2012.00211.x [following]
--2017-02-02 22:57:42--  https://academic.oup.com/aristoteliansupp/article-lookup/doi/10.1111/j.1467-8349.2012.00211.x
Connecting to academic.oup.com (academic.oup.com)|173.254.190.144|:443... connected.
HTTP request sent, awaiting response... 200 OK
Length: 69316 (68K) [text/html]
Saving to: ‘j.1467-8349.2012.00211.x’

     0K .......... .......... .......... .......... .......... 73%  209K 0s
    50K .......... .......                                    100% 15.5M=0.2s

2017-02-02 22:57:46 (281 KB/s) - ‘j.1467-8349.2012.00211.x’ saved [69316/69316]

--2017-02-02 22:57:47--  http://doi.org/10.1111/j.1467-8349.2012.00213.x
Connecting to doi.org (doi.org)|208.254.38.90|:80... connected.
HTTP request sent, awaiting response... 303 See Other
Location: https://academic.oup.com/aristoteliansupp/article-lookup/doi/10.1111/j.1467-8349.2012.00213.x [following]
--2017-02-02 22:57:49--  https://academic.oup.com/aristoteliansupp/article-lookup/doi/10.1111/j.1467-8349.2012.00213.x
Connecting to academic.oup.com (academic.oup.com)|173.254.190.144|:443... connected.
HTTP request sent, awaiting response... 200 OK
Length: 68993 (67K) [text/html]
Saving to: ‘j.1467-8349.2012.00213.x’

     0K .......... .......... .......... .......... .......... 74%  209K 0s
    50K .......... .......                                    100% 16.2M=0.2s

2017-02-02 22:57:53 (280 KB/s) - ‘j.1467-8349.2012.00213.x’ saved [68993/68993]

--2017-02-02 22:57:54--  http://doi.org/10.1111/supa.2012.86.issue-1
Connecting to doi.org (doi.org)|208.254.38.90|:80... connected.
HTTP request sent, awaiting response... 303 See Other
Location: http://doi.wiley.com/10.1111/supa.2012.86.issue-1 [following]
--2017-02-02 22:57:55--  http://doi.wiley.com/10.1111/supa.2012.86.issue-1
Connecting to doi.wiley.com (doi.wiley.com)|199.171.202.200|:80... connected.
HTTP request sent, awaiting response... 302 Moved Temporarily
Location: http://onlinelibrary.wiley.com/resolve/doi?DOI=10.1111/supa.2012.86.issue-1 [following]
--2017-02-02 22:57:56--  http://onlinelibrary.wiley.com/resolve/doi?DOI=10.1111/supa.2012.86.issue-1
Connecting to onlinelibrary.wiley.com (onlinelibrary.wiley.com)|199.171.202.195|:80... connected.
HTTP request sent, awaiting response... 302 Found
Location: http://onlinelibrary.wiley.com/doi/10.1111/supa.2012.86.issue-1/issuetoc [following]
--2017-02-02 22:57:57--  http://onlinelibrary.wiley.com/doi/10.1111/supa.2012.86.issue-1/issuetoc
Connecting to onlinelibrary.wiley.com (onlinelibrary.wiley.com)|199.171.202.195|:80... connected.
HTTP request sent, awaiting response... 200 OK
Length: unspecified [text/html]
Saving to: ‘supa.2012.86.issue-1’

     0K .......... .......... .......... .......... ..........  189K
    50K ...                                                    19.0M=0.3s

2017-02-02 22:57:58 (202 KB/s) - ‘supa.2012.86.issue-1’ saved [54574]

--2017-02-02 22:57:59--  http://doi.org/10.1111/j.1467-8349.2011.00193.x
Connecting to doi.org (doi.org)|208.254.38.90|:80... connected.
HTTP request sent, awaiting response... 303 See Other
Location: https://academic.oup.com/aristoteliansupp/article-lookup/doi/10.1111/j.1467-8349.2011.00193.x [following]
--2017-02-02 22:58:00--  https://academic.oup.com/aristoteliansupp/article-lookup/doi/10.1111/j.1467-8349.2011.00193.x
Connecting to academic.oup.com (academic.oup.com)|173.254.190.144|:443... connected.
HTTP request sent, awaiting response... 200 OK
Length: 70815 (69K) [text/html]
Saving to: ‘j.1467-8349.2011.00193.x’

     0K .......... .......... .......... .......... .......... 72%  209K 0s
    50K .......... .........                                  100% 17.3M=0.2s

2017-02-02 22:58:09 (288 KB/s) - ‘j.1467-8349.2011.00193.x’ saved [70815/70815]

--2017-02-02 22:58:10--  http://doi.org/10.1111/j.1467-8349.2011.00195.x
Connecting to doi.org (doi.org)|208.254.38.90|:80... connected.
HTTP request sent, awaiting response... 303 See Other
Location: https://academic.oup.com/aristoteliansupp/article-lookup/doi/10.1111/j.1467-8349.2011.00195.x [following]
--2017-02-02 22:58:11--  https://academic.oup.com/aristoteliansupp/article-lookup/doi/10.1111/j.1467-8349.2011.00195.x
Connecting to academic.oup.com (academic.oup.com)|173.254.190.144|:443... connected.
HTTP request sent, awaiting response... 200 OK
Length: 69407 (68K) [text/html]
Saving to: ‘j.1467-8349.2011.00195.x’

     0K .......... .......... .......... .......... .......... 73%  209K 0s
    50K .......... .......                                    100% 14.9M=0.2s

2017-02-02 22:58:21 (282 KB/s) - ‘j.1467-8349.2011.00195.x’ saved [69407/69407]

--2017-02-02 22:58:22--  http://doi.org/10.1111/j.1467-8349.2011.00201.x
Connecting to doi.org (doi.org)|208.254.38.90|:80... connected.
HTTP request sent, awaiting response... 303 See Other
Location: https://academic.oup.com/aristoteliansupp/article-lookup/doi/10.1111/j.1467-8349.2011.00201.x [following]
--2017-02-02 22:58:23--  https://academic.oup.com/aristoteliansupp/article-lookup/doi/10.1111/j.1467-8349.2011.00201.x
Connecting to academic.oup.com (academic.oup.com)|173.254.190.144|:443... connected.
HTTP request sent, awaiting response... 200 OK
Length: 69367 (68K) [text/html]
Saving to: ‘j.1467-8349.2011.00201.x’

     0K .......... .......... .......... .......... .......... 73%  207K 0s
    50K .......... .......                                    100% 16.2M=0.2s

2017-02-02 22:58:28 (280 KB/s) - ‘j.1467-8349.2011.00201.x’ saved [69367/69367]

--2017-02-02 22:58:29--  http://doi.org/10.1111/j.1467-8349.2011.00196.x
Connecting to doi.org (doi.org)|208.254.38.90|:80... connected.
HTTP request sent, awaiting response... 303 See Other
Location: https://academic.oup.com/aristoteliansupp/article-lookup/doi/10.1111/j.1467-8349.2011.00196.x [following]
--2017-02-02 22:58:31--  https://academic.oup.com/aristoteliansupp/article-lookup/doi/10.1111/j.1467-8349.2011.00196.x
Connecting to academic.oup.com (academic.oup.com)|173.254.190.144|:443... connected.
HTTP request sent, awaiting response... 400 Bad Request
2017-02-02 22:58:31 ERROR 400: Bad Request.

--2017-02-02 22:58:32--  http://doi.org/10.1111/j.1467-8349.2011.00199.x
Connecting to doi.org (doi.org)|208.254.38.90|:80... connected.
HTTP request sent, awaiting response... 303 See Other
Location: https://academic.oup.com/aristoteliansupp/article-lookup/doi/10.1111/j.1467-8349.2011.00199.x [following]
--2017-02-02 22:58:33--  https://academic.oup.com/aristoteliansupp/article-lookup/doi/10.1111/j.1467-8349.2011.00199.x
Connecting to academic.oup.com (academic.oup.com)|173.254.190.144|:443... connected.
HTTP request sent, awaiting response... 200 OK
Length: 69360 (68K) [text/html]
Saving to: ‘j.1467-8349.2011.00199.x’

     0K .......... .......... .......... .......... .......... 73%  209K 0s
    50K .......... .......                                    100% 15.5M=0.2s

2017-02-02 22:58:38 (281 KB/s) - ‘j.1467-8349.2011.00199.x’ saved [69360/69360]

--2017-02-02 22:58:39--  http://doi.org/10.1111/j.1467-8349.2011.00194.x
Connecting to doi.org (doi.org)|208.254.38.90|:80... connected.
HTTP request sent, awaiting response... 303 See Other
Location: https://academic.oup.com/aristoteliansupp/article-lookup/doi/10.1111/j.1467-8349.2011.00194.x [following]
--2017-02-02 22:58:41--  https://academic.oup.com/aristoteliansupp/article-lookup/doi/10.1111/j.1467-8349.2011.00194.x
Connecting to academic.oup.com (academic.oup.com)|173.254.190.144|:443... connected.
HTTP request sent, awaiting response... 200 OK
Length: 68517 (67K) [text/html]
Saving to: ‘j.1467-8349.2011.00194.x’

     0K .......... .......... .......... .......... .......... 74%  209K 0s
    50K .......... ......                                     100% 16.9M=0.2s

2017-02-02 22:59:13 (279 KB/s) - ‘j.1467-8349.2011.00194.x’ saved [68517/68517]

--2017-02-02 22:59:14--  http://doi.org/10.1111/j.1467-8349.2011.00202.x
Connecting to doi.org (doi.org)|208.254.38.90|:80... connected.
HTTP request sent, awaiting response... 303 See Other
Location: https://academic.oup.com/aristoteliansupp/article-lookup/doi/10.1111/j.1467-8349.2011.00202.x [following]
--2017-02-02 22:59:16--  https://academic.oup.com/aristoteliansupp/article-lookup/doi/10.1111/j.1467-8349.2011.00202.x
Connecting to academic.oup.com (academic.oup.com)|173.254.190.144|:443... connected.
HTTP request sent, awaiting response... 200 OK
Length: 68916 (67K) [text/html]
Saving to: ‘j.1467-8349.2011.00202.x’

     0K .......... .......... .......... .......... .......... 74%  209K 0s
    50K .......... .......                                    100% 13.5M=0.2s

2017-02-02 22:59:25 (280 KB/s) - ‘j.1467-8349.2011.00202.x’ saved [68916/68916]

--2017-02-02 22:59:26--  http://doi.org/10.1111/j.1467-8349.2011.00200.x
Connecting to doi.org (doi.org)|208.254.38.90|:80... connected.
HTTP request sent, awaiting response... 303 See Other
Location: https://academic.oup.com/aristoteliansupp/article-lookup/doi/10.1111/j.1467-8349.2011.00200.x [following]
--2017-02-02 22:59:27--  https://academic.oup.com/aristoteliansupp/article-lookup/doi/10.1111/j.1467-8349.2011.00200.x
Connecting to academic.oup.com (academic.oup.com)|173.254.190.144|:443... connected.
HTTP request sent, awaiting response... 200 OK
Length: 68938 (67K) [text/html]
Saving to: ‘j.1467-8349.2011.00200.x’

     0K .......... .......... .......... .......... .......... 74%  208K 0s
    50K .......... .......                                    100% 18.7M=0.2s

2017-02-02 22:59:32 (279 KB/s) - ‘j.1467-8349.2011.00200.x’ saved [68938/68938]

--2017-02-02 22:59:33--  http://doi.org/10.1111/j.1467-8349.2011.00198.x
Connecting to doi.org (doi.org)|208.254.38.90|:80... connected.
HTTP request sent, awaiting response... 303 See Other
Location: https://academic.oup.com/aristoteliansupp/article-lookup/doi/10.1111/j.1467-8349.2011.00198.x [following]
--2017-02-02 22:59:34--  https://academic.oup.com/aristoteliansupp/article-lookup/doi/10.1111/j.1467-8349.2011.00198.x
Connecting to academic.oup.com (academic.oup.com)|173.254.190.144|:443... connected.
HTTP request sent, awaiting response... 200 OK
Length: 86503 (84K) [text/html]
Saving to: ‘j.1467-8349.2011.00198.x’

     0K .......... .......... .......... .......... .......... 59%  208K 0s
    50K .......... .......... .......... ....                 100% 13.1M=0.2s

2017-02-02 22:59:46 (347 KB/s) - ‘j.1467-8349.2011.00198.x’ saved [86503/86503]

--2017-02-02 22:59:47--  http://doi.org/10.1111/j.1467-8349.2011.00204.x
Connecting to doi.org (doi.org)|208.254.38.90|:80... connected.
HTTP request sent, awaiting response... 303 See Other
Location: https://academic.oup.com/aristoteliansupp/article-lookup/doi/10.1111/j.1467-8349.2011.00204.x [following]
--2017-02-02 22:59:49--  https://academic.oup.com/aristoteliansupp/article-lookup/doi/10.1111/j.1467-8349.2011.00204.x
Connecting to academic.oup.com (academic.oup.com)|173.254.190.144|:443... connected.
HTTP request sent, awaiting response... 200 OK
Length: 69071 (67K) [text/html]
Saving to: ‘j.1467-8349.2011.00204.x’

     0K .......... .......... .......... .......... .......... 74%  209K 0s
    50K .......... .......                                    100% 15.6M=0.2s

2017-02-02 22:59:56 (281 KB/s) - ‘j.1467-8349.2011.00204.x’ saved [69071/69071]

--2017-02-02 22:59:57--  http://doi.org/10.1111/j.1467-8349.2011.00203.x
Connecting to doi.org (doi.org)|208.254.38.90|:80... connected.
HTTP request sent, awaiting response... 303 See Other
Location: https://academic.oup.com/aristoteliansupp/article-lookup/doi/10.1111/j.1467-8349.2011.00203.x [following]
--2017-02-02 22:59:58--  https://academic.oup.com/aristoteliansupp/article-lookup/doi/10.1111/j.1467-8349.2011.00203.x
Connecting to academic.oup.com (academic.oup.com)|173.254.190.144|:443... connected.
HTTP request sent, awaiting response... 200 OK
Length: 68482 (67K) [text/html]
Saving to: ‘j.1467-8349.2011.00203.x’

     0K .......... .......... .......... .......... .......... 74%  208K 0s
    50K .......... ......                                     100% 16.0M=0.2s

2017-02-02 23:00:04 (277 KB/s) - ‘j.1467-8349.2011.00203.x’ saved [68482/68482]

--2017-02-02 23:00:05--  http://doi.org/10.1111/j.1467-8349.2011.00197.x
Connecting to doi.org (doi.org)|208.254.38.90|:80... connected.
HTTP request sent, awaiting response... 303 See Other
Location: https://academic.oup.com/aristoteliansupp/article-lookup/doi/10.1111/j.1467-8349.2011.00197.x [following]
--2017-02-02 23:00:06--  https://academic.oup.com/aristoteliansupp/article-lookup/doi/10.1111/j.1467-8349.2011.00197.x
Connecting to academic.oup.com (academic.oup.com)|173.254.190.144|:443... connected.
HTTP request sent, awaiting response... 200 OK
Length: 68588 (67K) [text/html]
Saving to: ‘j.1467-8349.2011.00197.x’

     0K .......... .......... .......... .......... .......... 74%  208K 0s
    50K .......... ......                                     100% 16.0M=0.2s

2017-02-02 23:00:14 (278 KB/s) - ‘j.1467-8349.2011.00197.x’ saved [68588/68588]

--2017-02-02 23:00:15--  http://doi.org/10.1111/supa.2011.85.issue-1
Connecting to doi.org (doi.org)|208.254.38.90|:80... connected.
HTTP request sent, awaiting response... 303 See Other
Location: http://doi.wiley.com/10.1111/supa.2011.85.issue-1 [following]
--2017-02-02 23:00:16--  http://doi.wiley.com/10.1111/supa.2011.85.issue-1
Connecting to doi.wiley.com (doi.wiley.com)|199.171.202.200|:80... connected.
HTTP request sent, awaiting response... 302 Moved Temporarily
Location: http://onlinelibrary.wiley.com/resolve/doi?DOI=10.1111/supa.2011.85.issue-1 [following]
--2017-02-02 23:00:17--  http://onlinelibrary.wiley.com/resolve/doi?DOI=10.1111/supa.2011.85.issue-1
Connecting to onlinelibrary.wiley.com (onlinelibrary.wiley.com)|199.171.202.195|:80... connected.
HTTP request sent, awaiting response... 302 Found
Location: http://onlinelibrary.wiley.com/doi/10.1111/supa.2011.85.issue-1/issuetoc [following]
--2017-02-02 23:00:19--  http://onlinelibrary.wiley.com/doi/10.1111/supa.2011.85.issue-1/issuetoc
Connecting to onlinelibrary.wiley.com (onlinelibrary.wiley.com)|199.171.202.195|:80... connected.
HTTP request sent, awaiting response... 200 OK
Length: unspecified [text/html]
Saving to: ‘supa.2011.85.issue-1’

     0K .......... .......... .......... .......... ..........  184K
    50K ...                                                    15.1M=0.3s

2017-02-02 23:00:19 (196 KB/s) - ‘supa.2011.85.issue-1’ saved [54740]

--2017-02-02 23:00:20--  http://doi.org/10.1111/j.1467-8349.2010.00190.x
Connecting to doi.org (doi.org)|208.254.38.90|:80... connected.
HTTP request sent, awaiting response... 303 See Other
Location: https://academic.oup.com/aristoteliansupp/article-lookup/doi/10.1111/j.1467-8349.2010.00190.x [following]
--2017-02-02 23:00:22--  https://academic.oup.com/aristoteliansupp/article-lookup/doi/10.1111/j.1467-8349.2010.00190.x
Connecting to academic.oup.com (academic.oup.com)|173.254.190.144|:443... connected.
HTTP request sent, awaiting response... 400 Bad Request
2017-02-02 23:00:22 ERROR 400: Bad Request.

--2017-02-02 23:00:23--  http://doi.org/10.1111/j.1467-8349.2010.00184.x
Connecting to doi.org (doi.org)|208.254.38.90|:80... connected.
HTTP request sent, awaiting response... 303 See Other
Location: https://academic.oup.com/aristoteliansupp/article-lookup/doi/10.1111/j.1467-8349.2010.00184.x [following]
--2017-02-02 23:00:24--  https://academic.oup.com/aristoteliansupp/article-lookup/doi/10.1111/j.1467-8349.2010.00184.x
Connecting to academic.oup.com (academic.oup.com)|173.254.190.144|:443... connected.
HTTP request sent, awaiting response... 200 OK
Length: 68689 (67K) [text/html]
Saving to: ‘j.1467-8349.2010.00184.x’

     0K .......... .......... .......... .......... .......... 74%  208K 0s
    50K .......... .......                                    100% 15.7M=0.2s

2017-02-02 23:00:34 (278 KB/s) - ‘j.1467-8349.2010.00184.x’ saved [68689/68689]

--2017-02-02 23:00:35--  http://doi.org/10.1111/j.1467-8349.2010.00183.x
Connecting to doi.org (doi.org)|208.254.38.90|:80... connected.
HTTP request sent, awaiting response... 303 See Other
Location: https://academic.oup.com/aristoteliansupp/article-lookup/doi/10.1111/j.1467-8349.2010.00183.x [following]
--2017-02-02 23:00:36--  https://academic.oup.com/aristoteliansupp/article-lookup/doi/10.1111/j.1467-8349.2010.00183.x
Connecting to academic.oup.com (academic.oup.com)|173.254.190.144|:443... connected.
HTTP request sent, awaiting response... 200 OK
Length: 83220 (81K) [text/html]
Saving to: ‘j.1467-8349.2010.00183.x’

     0K .......... .......... .......... .......... .......... 61%  209K 0s
    50K .......... .......... .......... .                    100% 6.72M=0.2s

2017-02-02 23:00:45 (333 KB/s) - ‘j.1467-8349.2010.00183.x’ saved [83220/83220]

--2017-02-02 23:00:46--  http://doi.org/10.1111/j.1467-8349.2010.00185.x
Connecting to doi.org (doi.org)|208.254.38.90|:80... connected.
HTTP request sent, awaiting response... 303 See Other
Location: https://academic.oup.com/aristoteliansupp/article-lookup/doi/10.1111/j.1467-8349.2010.00185.x [following]
--2017-02-02 23:00:47--  https://academic.oup.com/aristoteliansupp/article-lookup/doi/10.1111/j.1467-8349.2010.00185.x
Connecting to academic.oup.com (academic.oup.com)|173.254.190.144|:443... connected.
HTTP request sent, awaiting response... 200 OK
Length: 68985 (67K) [text/html]
Saving to: ‘j.1467-8349.2010.00185.x’

     0K .......... .......... .......... .......... .......... 74%  209K 0s
    50K .......... .......                                    100% 15.0M=0.2s

2017-02-02 23:00:53 (280 KB/s) - ‘j.1467-8349.2010.00185.x’ saved [68985/68985]

--2017-02-02 23:00:54--  http://doi.org/10.1111/j.1467-8349.2010.00188.x
Connecting to doi.org (doi.org)|208.254.38.90|:80... connected.
HTTP request sent, awaiting response... 303 See Other
Location: https://academic.oup.com/aristoteliansupp/article-lookup/doi/10.1111/j.1467-8349.2010.00188.x [following]
--2017-02-02 23:00:55--  https://academic.oup.com/aristoteliansupp/article-lookup/doi/10.1111/j.1467-8349.2010.00188.x
Connecting to academic.oup.com (academic.oup.com)|173.254.190.144|:443... connected.
HTTP request sent, awaiting response... 200 OK
Length: 83647 (82K) [text/html]
Saving to: ‘j.1467-8349.2010.00188.x’

     0K .......... .......... .......... .......... .......... 61%  209K 0s
    50K .......... .......... .......... .                    100% 11.7M=0.2s

2017-02-02 23:01:00 (337 KB/s) - ‘j.1467-8349.2010.00188.x’ saved [83647/83647]

--2017-02-02 23:01:01--  http://doi.org/10.1111/j.1467-8349.2010.00187.x
Connecting to doi.org (doi.org)|208.254.38.90|:80... connected.
HTTP request sent, awaiting response... 303 See Other
Location: https://academic.oup.com/aristoteliansupp/article-lookup/doi/10.1111/j.1467-8349.2010.00187.x [following]
--2017-02-02 23:01:02--  https://academic.oup.com/aristoteliansupp/article-lookup/doi/10.1111/j.1467-8349.2010.00187.x
Connecting to academic.oup.com (academic.oup.com)|173.254.190.144|:443... connected.
HTTP request sent, awaiting response... 400 Bad Request
2017-02-02 23:01:02 ERROR 400: Bad Request.

--2017-02-02 23:01:03--  http://doi.org/10.1111/j.1467-8349.2010.00192.x
Connecting to doi.org (doi.org)|208.254.38.90|:80... connected.
HTTP request sent, awaiting response... 303 See Other
Location: https://academic.oup.com/aristoteliansupp/article-lookup/doi/10.1111/j.1467-8349.2010.00192.x [following]
--2017-02-02 23:01:05--  https://academic.oup.com/aristoteliansupp/article-lookup/doi/10.1111/j.1467-8349.2010.00192.x
Connecting to academic.oup.com (academic.oup.com)|173.254.190.144|:443... connected.
HTTP request sent, awaiting response... 200 OK
Length: 68616 (67K) [text/html]
Saving to: ‘j.1467-8349.2010.00192.x’

     0K .......... .......... .......... .......... .......... 74%  209K 0s
    50K .......... .......                                    100% 14.3M=0.2s

2017-02-02 23:01:09 (279 KB/s) - ‘j.1467-8349.2010.00192.x’ saved [68616/68616]

--2017-02-02 23:01:10--  http://doi.org/10.1111/j.1467-8349.2010.00186.x
Connecting to doi.org (doi.org)|208.254.38.90|:80... connected.
HTTP request sent, awaiting response... 303 See Other
Location: https://academic.oup.com/aristoteliansupp/article-lookup/doi/10.1111/j.1467-8349.2010.00186.x [following]
--2017-02-02 23:01:11--  https://academic.oup.com/aristoteliansupp/article-lookup/doi/10.1111/j.1467-8349.2010.00186.x
Connecting to academic.oup.com (academic.oup.com)|173.254.190.144|:443... connected.
HTTP request sent, awaiting response... 200 OK
Length: 69091 (67K) [text/html]
Saving to: ‘j.1467-8349.2010.00186.x’

     0K .......... .......... .......... .......... .......... 74%  209K 0s
    50K .......... .......                                    100% 14.1M=0.2s

2017-02-02 23:01:16 (280 KB/s) - ‘j.1467-8349.2010.00186.x’ saved [69091/69091]

--2017-02-02 23:01:17--  http://doi.org/10.1111/j.1467-8349.2010.00189.x
Connecting to doi.org (doi.org)|208.254.38.90|:80... connected.
HTTP request sent, awaiting response... 303 See Other
Location: https://academic.oup.com/aristoteliansupp/article-lookup/doi/10.1111/j.1467-8349.2010.00189.x [following]
--2017-02-02 23:01:18--  https://academic.oup.com/aristoteliansupp/article-lookup/doi/10.1111/j.1467-8349.2010.00189.x
Connecting to academic.oup.com (academic.oup.com)|173.254.190.144|:443... connected.
HTTP request sent, awaiting response... 400 Bad Request
2017-02-02 23:01:18 ERROR 400: Bad Request.

--2017-02-02 23:01:19--  http://doi.org/10.1111/j.1467-8349.2010.00191.x
Connecting to doi.org (doi.org)|208.254.38.90|:80... connected.
HTTP request sent, awaiting response... 303 See Other
Location: https://academic.oup.com/aristoteliansupp/article-lookup/doi/10.1111/j.1467-8349.2010.00191.x [following]
--2017-02-02 23:01:20--  https://academic.oup.com/aristoteliansupp/article-lookup/doi/10.1111/j.1467-8349.2010.00191.x
Connecting to academic.oup.com (academic.oup.com)|173.254.190.144|:443... connected.
HTTP request sent, awaiting response... 200 OK
Length: 69386 (68K) [text/html]
Saving to: ‘j.1467-8349.2010.00191.x’

     0K .......... .......... .......... .......... .......... 73%  209K 0s
    50K .......... .......                                    100% 16.8M=0.2s

2017-02-02 23:01:26 (282 KB/s) - ‘j.1467-8349.2010.00191.x’ saved [69386/69386]

--2017-02-02 23:01:27--  http://doi.org/10.1111/supa.2010.84.issue-1
Connecting to doi.org (doi.org)|208.254.38.90|:80... connected.
HTTP request sent, awaiting response... 303 See Other
Location: http://doi.wiley.com/10.1111/supa.2010.84.issue-1 [following]
--2017-02-02 23:01:28--  http://doi.wiley.com/10.1111/supa.2010.84.issue-1
Connecting to doi.wiley.com (doi.wiley.com)|199.171.202.200|:80... connected.
HTTP request sent, awaiting response... 302 Moved Temporarily
Location: http://onlinelibrary.wiley.com/resolve/doi?DOI=10.1111/supa.2010.84.issue-1 [following]
--2017-02-02 23:01:29--  http://onlinelibrary.wiley.com/resolve/doi?DOI=10.1111/supa.2010.84.issue-1
Connecting to onlinelibrary.wiley.com (onlinelibrary.wiley.com)|199.171.202.195|:80... connected.
HTTP request sent, awaiting response... 302 Found
Location: http://onlinelibrary.wiley.com/doi/10.1111/supa.2010.84.issue-1/issuetoc [following]
--2017-02-02 23:01:30--  http://onlinelibrary.wiley.com/doi/10.1111/supa.2010.84.issue-1/issuetoc
Connecting to onlinelibrary.wiley.com (onlinelibrary.wiley.com)|199.171.202.195|:80... connected.
HTTP request sent, awaiting response... 200 OK
Length: unspecified [text/html]
Saving to: ‘supa.2010.84.issue-1’

     0K .......... .......... .......... .......... .........   189K=0.3s

2017-02-02 23:01:31 (189 KB/s) - ‘supa.2010.84.issue-1’ saved [50867]

--2017-02-02 23:01:32--  http://doi.org/10.1111/j.1467-8349.2009.00175.x
Connecting to doi.org (doi.org)|208.254.38.90|:80... connected.
HTTP request sent, awaiting response... 303 See Other
Location: https://academic.oup.com/aristoteliansupp/article-lookup/doi/10.1111/j.1467-8349.2009.00175.x [following]
--2017-02-02 23:01:33--  https://academic.oup.com/aristoteliansupp/article-lookup/doi/10.1111/j.1467-8349.2009.00175.x
Connecting to academic.oup.com (academic.oup.com)|173.254.190.144|:443... connected.
HTTP request sent, awaiting response... 200 OK
Length: 68844 (67K) [text/html]
Saving to: ‘j.1467-8349.2009.00175.x’

     0K .......... .......... .......... .......... .......... 74%  209K 0s
    50K .......... .......                                    100% 15.3M=0.2s

2017-02-02 23:01:39 (280 KB/s) - ‘j.1467-8349.2009.00175.x’ saved [68844/68844]

--2017-02-02 23:01:40--  http://doi.org/10.1111/j.1467-8349.2009.00179.x
Connecting to doi.org (doi.org)|208.254.38.90|:80... connected.
HTTP request sent, awaiting response... 303 See Other
Location: https://academic.oup.com/aristoteliansupp/article-lookup/doi/10.1111/j.1467-8349.2009.00179.x [following]
--2017-02-02 23:01:41--  https://academic.oup.com/aristoteliansupp/article-lookup/doi/10.1111/j.1467-8349.2009.00179.x
Connecting to academic.oup.com (academic.oup.com)|173.254.190.144|:443... connected.
HTTP request sent, awaiting response... 200 OK
Length: 70798 (69K) [text/html]
Saving to: ‘j.1467-8349.2009.00179.x’

     0K .......... .......... .......... .......... .......... 72%  309K 0s
    50K .......... .........                                  100%  243K=0.2s

2017-02-02 23:01:48 (288 KB/s) - ‘j.1467-8349.2009.00179.x’ saved [70798/70798]

--2017-02-02 23:01:49--  http://doi.org/10.1111/j.1467-8349.2009.00178.x
Connecting to doi.org (doi.org)|208.254.38.90|:80... connected.
HTTP request sent, awaiting response... 303 See Other
Location: https://academic.oup.com/aristoteliansupp/article-lookup/doi/10.1111/j.1467-8349.2009.00178.x [following]
--2017-02-02 23:01:50--  https://academic.oup.com/aristoteliansupp/article-lookup/doi/10.1111/j.1467-8349.2009.00178.x
Connecting to academic.oup.com (academic.oup.com)|173.254.190.144|:443... connected.
HTTP request sent, awaiting response... 400 Bad Request
2017-02-02 23:01:50 ERROR 400: Bad Request.

--2017-02-02 23:01:51--  http://doi.org/10.1111/j.1467-8349.2009.00177.x
Connecting to doi.org (doi.org)|208.254.38.90|:80... connected.
HTTP request sent, awaiting response... 303 See Other
Location: https://academic.oup.com/aristoteliansupp/article-lookup/doi/10.1111/j.1467-8349.2009.00177.x [following]
--2017-02-02 23:01:52--  https://academic.oup.com/aristoteliansupp/article-lookup/doi/10.1111/j.1467-8349.2009.00177.x
Connecting to academic.oup.com (academic.oup.com)|173.254.190.144|:443... connected.
HTTP request sent, awaiting response... 200 OK
Length: 69627 (68K) [text/html]
Saving to: ‘j.1467-8349.2009.00177.x’

     0K .......... .......... .......... .......... .......... 73%  208K 0s
    50K .......... .......                                    100% 16.5M=0.2s

2017-02-02 23:02:03 (282 KB/s) - ‘j.1467-8349.2009.00177.x’ saved [69627/69627]

--2017-02-02 23:02:04--  http://doi.org/10.1111/j.1467-8349.2009.00181.x
Connecting to doi.org (doi.org)|208.254.38.90|:80... connected.
HTTP request sent, awaiting response... 303 See Other
Location: https://academic.oup.com/aristoteliansupp/article-lookup/doi/10.1111/j.1467-8349.2009.00181.x [following]
--2017-02-02 23:02:05--  https://academic.oup.com/aristoteliansupp/article-lookup/doi/10.1111/j.1467-8349.2009.00181.x
Connecting to academic.oup.com (academic.oup.com)|173.254.190.144|:443... connected.
HTTP request sent, awaiting response... 200 OK
Length: 83870 (82K) [text/html]
Saving to: ‘j.1467-8349.2009.00181.x’

     0K .......... .......... .......... .......... .......... 61%  209K 0s
    50K .......... .......... .......... .                    100% 11.6M=0.2s

2017-02-02 23:02:11 (338 KB/s) - ‘j.1467-8349.2009.00181.x’ saved [83870/83870]

--2017-02-02 23:02:12--  http://doi.org/10.1111/j.1467-8349.2009.00174.x
Connecting to doi.org (doi.org)|208.254.38.90|:80... connected.
HTTP request sent, awaiting response... 303 See Other
Location: https://academic.oup.com/aristoteliansupp/article-lookup/doi/10.1111/j.1467-8349.2009.00174.x [following]
--2017-02-02 23:02:13--  https://academic.oup.com/aristoteliansupp/article-lookup/doi/10.1111/j.1467-8349.2009.00174.x
Connecting to academic.oup.com (academic.oup.com)|173.254.190.144|:443... connected.
HTTP request sent, awaiting response... 200 OK
Length: 69334 (68K) [text/html]
Saving to: ‘j.1467-8349.2009.00174.x’

     0K .......... .......... .......... .......... .......... 73%  209K 0s
    50K .......... .......                                    100% 19.1M=0.2s

2017-02-02 23:02:20 (281 KB/s) - ‘j.1467-8349.2009.00174.x’ saved [69334/69334]

--2017-02-02 23:02:21--  http://doi.org/10.1111/j.1467-8349.2009.00180.x
Connecting to doi.org (doi.org)|208.254.38.90|:80... connected.
HTTP request sent, awaiting response... 303 See Other
Location: https://academic.oup.com/aristoteliansupp/article-lookup/doi/10.1111/j.1467-8349.2009.00180.x [following]
--2017-02-02 23:02:22--  https://academic.oup.com/aristoteliansupp/article-lookup/doi/10.1111/j.1467-8349.2009.00180.x
Connecting to academic.oup.com (academic.oup.com)|173.254.190.144|:443... connected.
HTTP request sent, awaiting response... 200 OK
Length: 68943 (67K) [text/html]
Saving to: ‘j.1467-8349.2009.00180.x’

     0K .......... .......... .......... .......... .......... 74%  207K 0s
    50K .......... .......                                    100% 14.1M=0.2s

2017-02-02 23:02:26 (277 KB/s) - ‘j.1467-8349.2009.00180.x’ saved [68943/68943]

--2017-02-02 23:02:27--  http://doi.org/10.1111/j.1467-8349.2009.00172.x
Connecting to doi.org (doi.org)|208.254.38.90|:80... connected.
HTTP request sent, awaiting response... 303 See Other
Location: https://academic.oup.com/aristoteliansupp/article-lookup/doi/10.1111/j.1467-8349.2009.00172.x [following]
--2017-02-02 23:02:28--  https://academic.oup.com/aristoteliansupp/article-lookup/doi/10.1111/j.1467-8349.2009.00172.x
Connecting to academic.oup.com (academic.oup.com)|173.254.190.144|:443... connected.
HTTP request sent, awaiting response... 200 OK
Length: 68906 (67K) [text/html]
Saving to: ‘j.1467-8349.2009.00172.x’

     0K .......... .......... .......... .......... .......... 74%  209K 0s
    50K .......... .......                                    100% 15.6M=0.2s

2017-02-02 23:02:33 (280 KB/s) - ‘j.1467-8349.2009.00172.x’ saved [68906/68906]

--2017-02-02 23:02:34--  http://doi.org/10.1111/j.1467-8349.2009.00170.x
Connecting to doi.org (doi.org)|208.254.38.90|:80... connected.
HTTP request sent, awaiting response... 303 See Other
Location: https://academic.oup.com/aristoteliansupp/article-lookup/doi/10.1111/j.1467-8349.2009.00170.x [following]
--2017-02-02 23:02:35--  https://academic.oup.com/aristoteliansupp/article-lookup/doi/10.1111/j.1467-8349.2009.00170.x
Connecting to academic.oup.com (academic.oup.com)|173.254.190.144|:443... connected.
HTTP request sent, awaiting response... 200 OK
Length: 68399 (67K) [text/html]
Saving to: ‘j.1467-8349.2009.00170.x’

     0K .......... .......... .......... .......... .......... 74%  209K 0s
    50K .......... ......                                     100% 14.2M=0.2s

2017-02-02 23:02:41 (278 KB/s) - ‘j.1467-8349.2009.00170.x’ saved [68399/68399]

--2017-02-02 23:02:42--  http://doi.org/10.1111/j.1467-8349.2009.00176.x
Connecting to doi.org (doi.org)|208.254.38.90|:80... connected.
HTTP request sent, awaiting response... 303 See Other
Location: https://academic.oup.com/aristoteliansupp/article-lookup/doi/10.1111/j.1467-8349.2009.00176.x [following]
--2017-02-02 23:02:43--  https://academic.oup.com/aristoteliansupp/article-lookup/doi/10.1111/j.1467-8349.2009.00176.x
Connecting to academic.oup.com (academic.oup.com)|173.254.190.144|:443... connected.
HTTP request sent, awaiting response... 200 OK
Length: 70331 (69K) [text/html]
Saving to: ‘j.1467-8349.2009.00176.x’

     0K .......... .......... .......... .......... .......... 72%  209K 0s
    50K .......... ........                                   100% 14.8M=0.2s

2017-02-02 23:02:50 (286 KB/s) - ‘j.1467-8349.2009.00176.x’ saved [70331/70331]

FINISHED --2017-02-02 23:02:50--
Total wall clock time: 14m 10s
Downloaded: 87 files, 7.6M in 25s (310 KB/s)
