--2017-02-03 06:14:49--  http://doi.org/10.1093/cdj/bsw041
Resolving doi.org (doi.org)... 38.100.138.163, 95.138.171.129, 63.123.152.248, ...
Connecting to doi.org (doi.org)|38.100.138.163|:80... connected.
HTTP request sent, awaiting response... 303 See Other
Location: https://academic.oup.com/cdj/article-lookup/doi/10.1093/cdj/bsw041 [following]
--2017-02-03 06:14:50--  https://academic.oup.com/cdj/article-lookup/doi/10.1093/cdj/bsw041
Resolving academic.oup.com (academic.oup.com)... 173.254.190.144
Connecting to academic.oup.com (academic.oup.com)|173.254.190.144|:443... connected.
HTTP request sent, awaiting response... 200 OK
Length: 188429 (184K) [text/html]
Saving to: ‘bsw041’

     0K .......... .......... .......... .......... .......... 27%  208K 1s
    50K .......... .......... .......... .......... .......... 54%  602K 0s
   100K .......... .......... .......... .......... .......... 81%  589K 0s
   150K .......... .......... .......... ....                 100%  423K=0.5s

2017-02-03 06:15:10 (376 KB/s) - ‘bsw041’ saved [188429/188429]

--2017-02-03 06:15:11--  http://doi.org/10.1093/cdj/bsw040
Connecting to doi.org (doi.org)|38.100.138.163|:80... connected.
HTTP request sent, awaiting response... 303 See Other
Location: https://academic.oup.com/cdj/article-lookup/doi/10.1093/cdj/bsw040 [following]
--2017-02-03 06:15:13--  https://academic.oup.com/cdj/article-lookup/doi/10.1093/cdj/bsw040
Connecting to academic.oup.com (academic.oup.com)|173.254.190.144|:443... connected.
HTTP request sent, awaiting response... 200 OK
Length: 189458 (185K) [text/html]
Saving to: ‘bsw040’

     0K .......... .......... .......... .......... .......... 27%  209K 1s
    50K .......... .......... .......... .......... .......... 54%  597K 0s
   100K .......... .......... .......... .......... .......... 81%  611K 0s
   150K .......... .......... .......... .....                100%  434K=0.5s

2017-02-03 06:15:24 (381 KB/s) - ‘bsw040’ saved [189458/189458]

--2017-02-03 06:15:25--  http://doi.org/10.1093/cdj/bsw039
Connecting to doi.org (doi.org)|38.100.138.163|:80... connected.
HTTP request sent, awaiting response... 303 See Other
Location: https://academic.oup.com/cdj/article-lookup/doi/10.1093/cdj/bsw039 [following]
--2017-02-03 06:15:27--  https://academic.oup.com/cdj/article-lookup/doi/10.1093/cdj/bsw039
Connecting to academic.oup.com (academic.oup.com)|173.254.190.144|:443... connected.
HTTP request sent, awaiting response... 200 OK
Length: 211906 (207K) [text/html]
Saving to: ‘bsw039’

     0K .......... .......... .......... .......... .......... 24%  207K 1s
    50K .......... .......... .......... .......... .......... 48%  612K 0s
   100K .......... .......... .......... .......... .......... 72%  570K 0s
   150K .......... .......... .......... .......... .......... 96%  588K 0s
   200K ......                                                100% 24.0M=0.5s

2017-02-03 06:15:34 (417 KB/s) - ‘bsw039’ saved [211906/211906]

--2017-02-03 06:15:35--  http://doi.org/10.1093/cdj/bsw038
Connecting to doi.org (doi.org)|38.100.138.163|:80... connected.
HTTP request sent, awaiting response... 303 See Other
Location: https://academic.oup.com/cdj/article-lookup/doi/10.1093/cdj/bsw038 [following]
--2017-02-03 06:15:36--  https://academic.oup.com/cdj/article-lookup/doi/10.1093/cdj/bsw038
Connecting to academic.oup.com (academic.oup.com)|173.254.190.144|:443... connected.
HTTP request sent, awaiting response... 200 OK
Length: 208498 (204K) [text/html]
Saving to: ‘bsw038’

     0K .......... .......... .......... .......... .......... 24%  208K 1s
    50K .......... .......... .......... .......... .......... 49%  605K 0s
   100K .......... .......... .......... .......... .......... 73%  611K 0s
   150K .......... .......... .......... .......... .......... 98%  604K 0s
   200K ...                                                   100% 6888G=0.5s

2017-02-03 06:15:42 (418 KB/s) - ‘bsw038’ saved [208498/208498]

--2017-02-03 06:15:43--  http://doi.org/10.1093/cdj/bsw035
Connecting to doi.org (doi.org)|38.100.138.163|:80... connected.
HTTP request sent, awaiting response... 303 See Other
Location: https://academic.oup.com/cdj/article-lookup/doi/10.1093/cdj/bsw035 [following]
--2017-02-03 06:15:44--  https://academic.oup.com/cdj/article-lookup/doi/10.1093/cdj/bsw035
Connecting to academic.oup.com (academic.oup.com)|173.254.190.144|:443... connected.
HTTP request sent, awaiting response... 200 OK
Length: 113693 (111K) [text/html]
Saving to: ‘bsw035’

     0K .......... .......... .......... .......... .......... 45%  308K 0s
    50K .......... .......... .......... .......... .......... 90%  313K 0s
   100K .......... .                                          100% 26.2M=0.3s

2017-02-03 06:15:48 (344 KB/s) - ‘bsw035’ saved [113693/113693]

--2017-02-03 06:15:49--  http://doi.org/10.1093/cdj/bsw036
Connecting to doi.org (doi.org)|38.100.138.163|:80... connected.
HTTP request sent, awaiting response... 303 See Other
Location: https://academic.oup.com/cdj/article-lookup/doi/10.1093/cdj/bsw036 [following]
--2017-02-03 06:15:51--  https://academic.oup.com/cdj/article-lookup/doi/10.1093/cdj/bsw036
Connecting to academic.oup.com (academic.oup.com)|173.254.190.144|:443... connected.
HTTP request sent, awaiting response... 200 OK
Length: 124937 (122K) [text/html]
Saving to: ‘bsw036’

     0K .......... .......... .......... .......... .......... 40%  209K 0s
    50K .......... .......... .......... .......... .......... 81%  594K 0s
   100K .......... .......... ..                              100% 14.1M=0.3s

2017-02-03 06:15:55 (376 KB/s) - ‘bsw036’ saved [124937/124937]

--2017-02-03 06:15:56--  http://doi.org/10.1093/cdj/bsw034
Connecting to doi.org (doi.org)|38.100.138.163|:80... connected.
HTTP request sent, awaiting response... 303 See Other
Location: https://academic.oup.com/cdj/article-lookup/doi/10.1093/cdj/bsw034 [following]
--2017-02-03 06:15:57--  https://academic.oup.com/cdj/article-lookup/doi/10.1093/cdj/bsw034
Connecting to academic.oup.com (academic.oup.com)|173.254.190.144|:443... connected.
HTTP request sent, awaiting response... 400 Bad Request
2017-02-03 06:15:58 ERROR 400: Bad Request.

--2017-02-03 06:15:59--  http://doi.org/10.1093/cdj/bsw037
Connecting to doi.org (doi.org)|38.100.138.163|:80... connected.
HTTP request sent, awaiting response... 303 See Other
Location: http://cdj.oxfordjournals.org/lookup/doi/10.1093/cdj/bsw037 [following]
--2017-02-03 06:16:00--  http://cdj.oxfordjournals.org/lookup/doi/10.1093/cdj/bsw037
Resolving cdj.oxfordjournals.org (cdj.oxfordjournals.org)... 209.135.222.209
Connecting to cdj.oxfordjournals.org (cdj.oxfordjournals.org)|209.135.222.209|:80... connected.
HTTP request sent, awaiting response... 301 Moved Permanently
Cookie coming from cdj.oxfordjournals.org attempted to set domain to academic.oup.com
Cookie coming from cdj.oxfordjournals.org attempted to set domain to academic.oup.com
Location: https://academic.oup.com/cdj/redirect-unavailable?url=cdj.oxfordjournals.org/lookup/doi/10.1093/cdj/bsw037 [following]
--2017-02-03 06:16:01--  https://academic.oup.com/cdj/redirect-unavailable?url=cdj.oxfordjournals.org/lookup/doi/10.1093/cdj/bsw037
Connecting to academic.oup.com (academic.oup.com)|173.254.190.144|:443... connected.
HTTP request sent, awaiting response... 404 Not Found
2017-02-03 06:16:03 ERROR 404: Not Found.

--2017-02-03 06:16:04--  http://doi.org/10.1093/cdj/bsw033
Connecting to doi.org (doi.org)|38.100.138.163|:80... connected.
HTTP request sent, awaiting response... 303 See Other
Location: https://academic.oup.com/cdj/article-lookup/doi/10.1093/cdj/bsw033 [following]
--2017-02-03 06:16:05--  https://academic.oup.com/cdj/article-lookup/doi/10.1093/cdj/bsw033
Connecting to academic.oup.com (academic.oup.com)|173.254.190.144|:443... connected.
HTTP request sent, awaiting response... 200 OK
Length: 176537 (172K) [text/html]
Saving to: ‘bsw033’

     0K .......... .......... .......... .......... .......... 29%  309K 0s
    50K .......... .......... .......... .......... .......... 58%  315K 0s
   100K .......... .......... .......... .......... .......... 87%  602K 0s
   150K .......... .......... ..                              100%  291K=0.5s

2017-02-03 06:16:13 (359 KB/s) - ‘bsw033’ saved [176537/176537]

--2017-02-03 06:16:14--  http://doi.org/10.1093/cdj/bsw031
Connecting to doi.org (doi.org)|38.100.138.163|:80... connected.
HTTP request sent, awaiting response... 303 See Other
Location: https://academic.oup.com/cdj/article-lookup/doi/10.1093/cdj/bsw031 [following]
--2017-02-03 06:16:15--  https://academic.oup.com/cdj/article-lookup/doi/10.1093/cdj/bsw031
Connecting to academic.oup.com (academic.oup.com)|173.254.190.144|:443... connected.
HTTP request sent, awaiting response... 200 OK
Length: 71783 (70K) [text/html]
Saving to: ‘bsw031’

     0K .......... .......... .......... .......... .......... 71%  209K 0s
    50K .......... ..........                                 100% 11.5M=0.2s

2017-02-03 06:16:22 (290 KB/s) - ‘bsw031’ saved [71783/71783]

--2017-02-03 06:16:23--  http://doi.org/10.1093/cdj/bsw029
Connecting to doi.org (doi.org)|38.100.138.163|:80... connected.
HTTP request sent, awaiting response... 303 See Other
Location: https://academic.oup.com/cdj/article-lookup/doi/10.1093/cdj/bsw029 [following]
--2017-02-03 06:16:24--  https://academic.oup.com/cdj/article-lookup/doi/10.1093/cdj/bsw029
Connecting to academic.oup.com (academic.oup.com)|173.254.190.144|:443... connected.
HTTP request sent, awaiting response... 200 OK
Length: 92243 (90K) [text/html]
Saving to: ‘bsw029’

     0K .......... .......... .......... .......... .......... 55%  208K 0s
    50K .......... .......... .......... ..........           100% 11.7M=0.2s

2017-02-03 06:16:34 (369 KB/s) - ‘bsw029’ saved [92243/92243]

--2017-02-03 06:16:35--  http://doi.org/10.1093/cdj/bsw028
Connecting to doi.org (doi.org)|38.100.138.163|:80... connected.
HTTP request sent, awaiting response... 303 See Other
Location: https://academic.oup.com/cdj/article-lookup/doi/10.1093/cdj/bsw028 [following]
--2017-02-03 06:16:36--  https://academic.oup.com/cdj/article-lookup/doi/10.1093/cdj/bsw028
Connecting to academic.oup.com (academic.oup.com)|173.254.190.144|:443... connected.
HTTP request sent, awaiting response... 400 Bad Request
2017-02-03 06:16:37 ERROR 400: Bad Request.

--2017-02-03 06:16:38--  http://doi.org/10.1093/cdj/bsw025
Connecting to doi.org (doi.org)|38.100.138.163|:80... connected.
HTTP request sent, awaiting response... 303 See Other
Location: https://academic.oup.com/cdj/article-lookup/doi/10.1093/cdj/bsw025 [following]
--2017-02-03 06:16:39--  https://academic.oup.com/cdj/article-lookup/doi/10.1093/cdj/bsw025
Connecting to academic.oup.com (academic.oup.com)|173.254.190.144|:443... connected.
HTTP request sent, awaiting response... 200 OK
Length: 174139 (170K) [text/html]
Saving to: ‘bsw025’

     0K .......... .......... .......... .......... .......... 29%  207K 1s
    50K .......... .......... .......... .......... .......... 58%  603K 0s
   100K .......... .......... .......... .......... .......... 88%  596K 0s
   150K .......... ..........                                 100%  268K=0.5s

2017-02-03 06:16:46 (352 KB/s) - ‘bsw025’ saved [174139/174139]

--2017-02-03 06:16:47--  http://doi.org/10.1093/cdj/bsw030
Connecting to doi.org (doi.org)|38.100.138.163|:80... connected.
HTTP request sent, awaiting response... 303 See Other
Location: https://academic.oup.com/cdj/article-lookup/doi/10.1093/cdj/bsw030 [following]
--2017-02-03 06:16:49--  https://academic.oup.com/cdj/article-lookup/doi/10.1093/cdj/bsw030
Connecting to academic.oup.com (academic.oup.com)|173.254.190.144|:443... connected.
HTTP request sent, awaiting response... 400 Bad Request
2017-02-03 06:16:50 ERROR 400: Bad Request.

--2017-02-03 06:16:51--  http://doi.org/10.1093/cdj/bsw032
Connecting to doi.org (doi.org)|38.100.138.163|:80... connected.
HTTP request sent, awaiting response... 303 See Other
Location: https://academic.oup.com/cdj/article-lookup/doi/10.1093/cdj/bsw032 [following]
--2017-02-03 06:16:52--  https://academic.oup.com/cdj/article-lookup/doi/10.1093/cdj/bsw032
Connecting to academic.oup.com (academic.oup.com)|173.254.190.144|:443... connected.
HTTP request sent, awaiting response... 200 OK
Length: 74836 (73K) [text/html]
Saving to: ‘bsw032’

     0K .......... .......... .......... .......... .......... 68%  209K 0s
    50K .......... .......... ...                             100% 10.6M=0.2s

2017-02-03 06:16:59 (303 KB/s) - ‘bsw032’ saved [74836/74836]

--2017-02-03 06:17:00--  http://doi.org/10.1093/cdj/bsw027
Connecting to doi.org (doi.org)|38.100.138.163|:80... connected.
HTTP request sent, awaiting response... 303 See Other
Location: https://academic.oup.com/cdj/article-lookup/doi/10.1093/cdj/bsw027 [following]
--2017-02-03 06:17:01--  https://academic.oup.com/cdj/article-lookup/doi/10.1093/cdj/bsw027
Connecting to academic.oup.com (academic.oup.com)|173.254.190.144|:443... connected.
HTTP request sent, awaiting response... 200 OK
Length: 156473 (153K) [text/html]
Saving to: ‘bsw027’

     0K .......... .......... .......... .......... .......... 32%  209K 0s
    50K .......... .......... .......... .......... .......... 65%  611K 0s
   100K .......... .......... .......... .......... .......... 98%  603K 0s
   150K ..                                                    100% 5.73M=0.4s

2017-02-03 06:17:06 (378 KB/s) - ‘bsw027’ saved [156473/156473]

--2017-02-03 06:17:07--  http://doi.org/10.1093/cdj/bsw021
Connecting to doi.org (doi.org)|38.100.138.163|:80... connected.
HTTP request sent, awaiting response... 303 See Other
Location: https://academic.oup.com/cdj/article-lookup/doi/10.1093/cdj/bsw021 [following]
--2017-02-03 06:17:08--  https://academic.oup.com/cdj/article-lookup/doi/10.1093/cdj/bsw021
Connecting to academic.oup.com (academic.oup.com)|173.254.190.144|:443... connected.
HTTP request sent, awaiting response... 200 OK
Length: 159754 (156K) [text/html]
Saving to: ‘bsw021’

     0K .......... .......... .......... .......... .......... 32%  209K 1s
    50K .......... .......... .......... .......... .......... 64%  605K 0s
   100K .......... .......... .......... .......... .......... 96%  610K 0s
   150K ......                                                100% 19.8M=0.4s

2017-02-03 06:17:19 (386 KB/s) - ‘bsw021’ saved [159754/159754]

--2017-02-03 06:17:20--  http://doi.org/10.1093/cdj/bsw024
Connecting to doi.org (doi.org)|38.100.138.163|:80... connected.
HTTP request sent, awaiting response... 303 See Other
Location: https://academic.oup.com/cdj/article-lookup/doi/10.1093/cdj/bsw024 [following]
--2017-02-03 06:17:22--  https://academic.oup.com/cdj/article-lookup/doi/10.1093/cdj/bsw024
Connecting to academic.oup.com (academic.oup.com)|173.254.190.144|:443... connected.
HTTP request sent, awaiting response... 400 Bad Request
2017-02-03 06:17:22 ERROR 400: Bad Request.

--2017-02-03 06:17:23--  http://doi.org/10.1093/cdj/bsw026
Connecting to doi.org (doi.org)|38.100.138.163|:80... connected.
HTTP request sent, awaiting response... 303 See Other
Location: https://academic.oup.com/cdj/article-lookup/doi/10.1093/cdj/bsw026 [following]
--2017-02-03 06:17:24--  https://academic.oup.com/cdj/article-lookup/doi/10.1093/cdj/bsw026
Connecting to academic.oup.com (academic.oup.com)|173.254.190.144|:443... connected.
HTTP request sent, awaiting response... 200 OK
Length: 166832 (163K) [text/html]
Saving to: ‘bsw026’

     0K .......... .......... .......... .......... .......... 30%  209K 1s
    50K .......... .......... .......... .......... .......... 61%  603K 0s
   100K .......... .......... .......... .......... .......... 92%  615K 0s
   150K .......... ..                                         100% 7.40M=0.4s

2017-02-03 06:17:32 (402 KB/s) - ‘bsw026’ saved [166832/166832]

--2017-02-03 06:17:33--  http://doi.org/10.1093/cdj/bsw023
Connecting to doi.org (doi.org)|38.100.138.163|:80... connected.
HTTP request sent, awaiting response... 303 See Other
Location: https://academic.oup.com/cdj/article-lookup/doi/10.1093/cdj/bsw023 [following]
--2017-02-03 06:17:34--  https://academic.oup.com/cdj/article-lookup/doi/10.1093/cdj/bsw023
Connecting to academic.oup.com (academic.oup.com)|173.254.190.144|:443... connected.
HTTP request sent, awaiting response... 200 OK
Length: 171612 (168K) [text/html]
Saving to: ‘bsw023’

     0K .......... .......... .......... .......... .......... 29%  209K 1s
    50K .......... .......... .......... .......... .......... 59%  605K 0s
   100K .......... .......... .......... .......... .......... 89%  611K 0s
   150K .......... .......                                    100%  224K=0.5s

2017-02-03 06:17:40 (347 KB/s) - ‘bsw023’ saved [171612/171612]

--2017-02-03 06:17:41--  http://doi.org/10.1093/cdj/bsw022
Connecting to doi.org (doi.org)|38.100.138.163|:80... connected.
HTTP request sent, awaiting response... 303 See Other
Location: https://academic.oup.com/cdj/article-lookup/doi/10.1093/cdj/bsw022 [following]
--2017-02-03 06:17:42--  https://academic.oup.com/cdj/article-lookup/doi/10.1093/cdj/bsw022
Connecting to academic.oup.com (academic.oup.com)|173.254.190.144|:443... connected.
HTTP request sent, awaiting response... 200 OK
Length: 210621 (206K) [text/html]
Saving to: ‘bsw022’

     0K .......... .......... .......... .......... .......... 24%  194K 1s
    50K .......... .......... .......... .......... .......... 48%  583K 0s
   100K .......... .......... .......... .......... .......... 72%  610K 0s
   150K .......... .......... .......... .......... .......... 97%  603K 0s
   200K .....                                                 100% 80.7K=0.6s

2017-02-03 06:17:50 (356 KB/s) - ‘bsw022’ saved [210621/210621]

--2017-02-03 06:17:51--  http://doi.org/10.1093/cdj/bsw020
Connecting to doi.org (doi.org)|38.100.138.163|:80... connected.
HTTP request sent, awaiting response... 303 See Other
Location: https://academic.oup.com/cdj/article-lookup/doi/10.1093/cdj/bsw020 [following]
--2017-02-03 06:17:52--  https://academic.oup.com/cdj/article-lookup/doi/10.1093/cdj/bsw020
Connecting to academic.oup.com (academic.oup.com)|173.254.190.144|:443... connected.
HTTP request sent, awaiting response... 400 Bad Request
2017-02-03 06:17:53 ERROR 400: Bad Request.

--2017-02-03 06:17:54--  http://doi.org/10.1093/cdj/bsw019
Connecting to doi.org (doi.org)|38.100.138.163|:80... connected.
HTTP request sent, awaiting response... 303 See Other
Location: https://academic.oup.com/cdj/article-lookup/doi/10.1093/cdj/bsw019 [following]
--2017-02-03 06:17:55--  https://academic.oup.com/cdj/article-lookup/doi/10.1093/cdj/bsw019
Connecting to academic.oup.com (academic.oup.com)|173.254.190.144|:443... connected.
HTTP request sent, awaiting response... 200 OK
Length: 180024 (176K) [text/html]
Saving to: ‘bsw019’

     0K .......... .......... .......... .......... .......... 28%  209K 1s
    50K .......... .......... .......... .......... .......... 56%  609K 0s
   100K .......... .......... .......... .......... .......... 85%  607K 0s
   150K .......... .......... .....                           100%  325K=0.5s

2017-02-03 06:18:00 (364 KB/s) - ‘bsw019’ saved [180024/180024]

--2017-02-03 06:18:01--  http://doi.org/10.1093/cdj/bsw011
Connecting to doi.org (doi.org)|38.100.138.163|:80... connected.
HTTP request sent, awaiting response... 303 See Other
Location: https://academic.oup.com/cdj/article-lookup/doi/10.1093/cdj/bsw011 [following]
--2017-02-03 06:18:02--  https://academic.oup.com/cdj/article-lookup/doi/10.1093/cdj/bsw011
Connecting to academic.oup.com (academic.oup.com)|173.254.190.144|:443... connected.
HTTP request sent, awaiting response... 200 OK
Length: 74524 (73K) [text/html]
Saving to: ‘bsw011’

     0K .......... .......... .......... .......... .......... 68%  207K 0s
    50K .......... .......... ..                              100% 12.9M=0.2s

2017-02-03 06:18:12 (298 KB/s) - ‘bsw011’ saved [74524/74524]

--2017-02-03 06:18:13--  http://doi.org/10.1093/cdj/bsw007
Connecting to doi.org (doi.org)|38.100.138.163|:80... connected.
HTTP request sent, awaiting response... 303 See Other
Location: https://academic.oup.com/cdj/article-lookup/doi/10.1093/cdj/bsw007 [following]
--2017-02-03 06:18:15--  https://academic.oup.com/cdj/article-lookup/doi/10.1093/cdj/bsw007
Connecting to academic.oup.com (academic.oup.com)|173.254.190.144|:443... connected.
HTTP request sent, awaiting response... 200 OK
Length: 190296 (186K) [text/html]
Saving to: ‘bsw007’

     0K .......... .......... .......... .......... .......... 26%  209K 1s
    50K .......... .......... .......... .......... .......... 53%  607K 0s
   100K .......... .......... .......... .......... .......... 80%  601K 0s
   150K .......... .......... .......... .....                100%  445K=0.5s

2017-02-03 06:18:20 (383 KB/s) - ‘bsw007’ saved [190296/190296]

--2017-02-03 06:18:21--  http://doi.org/10.1093/cdj/bsw018
Connecting to doi.org (doi.org)|38.100.138.163|:80... connected.
HTTP request sent, awaiting response... 303 See Other
Location: https://academic.oup.com/cdj/article-lookup/doi/10.1093/cdj/bsw018 [following]
--2017-02-03 06:18:23--  https://academic.oup.com/cdj/article-lookup/doi/10.1093/cdj/bsw018
Connecting to academic.oup.com (academic.oup.com)|173.254.190.144|:443... connected.
HTTP request sent, awaiting response... 200 OK
Length: 190429 (186K) [text/html]
Saving to: ‘bsw018’

     0K .......... .......... .......... .......... .......... 26%  208K 1s
    50K .......... .......... .......... .......... .......... 53%  602K 0s
   100K .......... .......... .......... .......... .......... 80%  613K 0s
   150K .......... .......... .......... .....                100%  448K=0.5s

2017-02-03 06:18:29 (383 KB/s) - ‘bsw018’ saved [190429/190429]

--2017-02-03 06:18:30--  http://doi.org/10.1093/cdj/bsw015
Connecting to doi.org (doi.org)|38.100.138.163|:80... connected.
HTTP request sent, awaiting response... 303 See Other
Location: https://academic.oup.com/cdj/article-lookup/doi/10.1093/cdj/bsw015 [following]
--2017-02-03 06:18:31--  https://academic.oup.com/cdj/article-lookup/doi/10.1093/cdj/bsw015
Connecting to academic.oup.com (academic.oup.com)|173.254.190.144|:443... connected.
HTTP request sent, awaiting response... 200 OK
Length: 76008 (74K) [text/html]
Saving to: ‘bsw015’

     0K .......... .......... .......... .......... .......... 67%  209K 0s
    50K .......... .......... ....                            100% 13.3M=0.2s

2017-02-03 06:18:39 (308 KB/s) - ‘bsw015’ saved [76008/76008]

--2017-02-03 06:18:40--  http://doi.org/10.1093/cdj/bsw017
Connecting to doi.org (doi.org)|38.100.138.163|:80... connected.
HTTP request sent, awaiting response... 303 See Other
Location: https://academic.oup.com/cdj/article-lookup/doi/10.1093/cdj/bsw017 [following]
--2017-02-03 06:18:41--  https://academic.oup.com/cdj/article-lookup/doi/10.1093/cdj/bsw017
Connecting to academic.oup.com (academic.oup.com)|173.254.190.144|:443... connected.
HTTP request sent, awaiting response... 200 OK
Length: 226654 (221K) [text/html]
Saving to: ‘bsw017’

     0K .......... .......... .......... .......... .......... 22%  204K 1s
    50K .......... .......... .......... .......... .......... 45%  563K 0s
   100K .......... .......... .......... .......... .......... 67%  612K 0s
   150K .......... .......... .......... .......... .......... 90%  606K 0s
   200K .......... .......... .                               100%  268K=0.6s

2017-02-03 06:18:48 (383 KB/s) - ‘bsw017’ saved [226654/226654]

--2017-02-03 06:18:49--  http://doi.org/10.1093/cdj/bsw012
Connecting to doi.org (doi.org)|38.100.138.163|:80... connected.
HTTP request sent, awaiting response... 303 See Other
Location: https://academic.oup.com/cdj/article-lookup/doi/10.1093/cdj/bsw012 [following]
--2017-02-03 06:18:50--  https://academic.oup.com/cdj/article-lookup/doi/10.1093/cdj/bsw012
Connecting to academic.oup.com (academic.oup.com)|173.254.190.144|:443... connected.
HTTP request sent, awaiting response... 200 OK
Length: 74296 (73K) [text/html]
Saving to: ‘bsw012’

     0K .......... .......... .......... .......... .......... 68%  206K 0s
    50K .......... .......... ..                              100% 13.5M=0.2s

2017-02-03 06:19:02 (297 KB/s) - ‘bsw012’ saved [74296/74296]

--2017-02-03 06:19:03--  http://doi.org/10.1093/cdj/bsw009
Connecting to doi.org (doi.org)|38.100.138.163|:80... connected.
HTTP request sent, awaiting response... 303 See Other
Location: https://academic.oup.com/cdj/article-lookup/doi/10.1093/cdj/bsw009 [following]
--2017-02-03 06:19:05--  https://academic.oup.com/cdj/article-lookup/doi/10.1093/cdj/bsw009
Connecting to academic.oup.com (academic.oup.com)|173.254.190.144|:443... connected.
HTTP request sent, awaiting response... 400 Bad Request
2017-02-03 06:19:06 ERROR 400: Bad Request.

--2017-02-03 06:19:07--  http://doi.org/10.1093/cdj/bsw013
Connecting to doi.org (doi.org)|38.100.138.163|:80... connected.
HTTP request sent, awaiting response... 303 See Other
Location: https://academic.oup.com/cdj/article-lookup/doi/10.1093/cdj/bsw013 [following]
--2017-02-03 06:19:08--  https://academic.oup.com/cdj/article-lookup/doi/10.1093/cdj/bsw013
Connecting to academic.oup.com (academic.oup.com)|173.254.190.144|:443... connected.
HTTP request sent, awaiting response... 400 Bad Request
2017-02-03 06:19:09 ERROR 400: Bad Request.

--2017-02-03 06:19:10--  http://doi.org/10.1093/cdj/bsw016
Connecting to doi.org (doi.org)|38.100.138.163|:80... connected.
HTTP request sent, awaiting response... 303 See Other
Location: https://academic.oup.com/cdj/article-lookup/doi/10.1093/cdj/bsw016 [following]
--2017-02-03 06:19:11--  https://academic.oup.com/cdj/article-lookup/doi/10.1093/cdj/bsw016
Connecting to academic.oup.com (academic.oup.com)|173.254.190.144|:443... connected.
HTTP request sent, awaiting response... 200 OK
Length: 186501 (182K) [text/html]
Saving to: ‘bsw016’

     0K .......... .......... .......... .......... .......... 27%  209K 1s
    50K .......... .......... .......... .......... .......... 54%  609K 0s
   100K .......... .......... .......... .......... .......... 82%  597K 0s
   150K .......... .......... .......... ..                   100%  397K=0.5s

2017-02-03 06:19:18 (374 KB/s) - ‘bsw016’ saved [186501/186501]

--2017-02-03 06:19:19--  http://doi.org/10.1093/cdj/bsw014
Connecting to doi.org (doi.org)|38.100.138.163|:80... connected.
HTTP request sent, awaiting response... 303 See Other
Location: https://academic.oup.com/cdj/article-lookup/doi/10.1093/cdj/bsw014 [following]
--2017-02-03 06:19:20--  https://academic.oup.com/cdj/article-lookup/doi/10.1093/cdj/bsw014
Connecting to academic.oup.com (academic.oup.com)|173.254.190.144|:443... connected.
HTTP request sent, awaiting response... 200 OK
Length: 178401 (174K) [text/html]
Saving to: ‘bsw014’

     0K .......... .......... .......... .......... .......... 28%  308K 0s
    50K .......... .......... .......... .......... .......... 57%  314K 0s
   100K .......... .......... .......... .......... .......... 86%  601K 0s
   150K .......... .......... ....                            100%  303K=0.5s

2017-02-03 06:19:30 (360 KB/s) - ‘bsw014’ saved [178401/178401]

--2017-02-03 06:19:31--  http://doi.org/10.1093/cdj/bsw010
Connecting to doi.org (doi.org)|38.100.138.163|:80... connected.
HTTP request sent, awaiting response... 303 See Other
Location: https://academic.oup.com/cdj/article-lookup/doi/10.1093/cdj/bsw010 [following]
--2017-02-03 06:19:32--  https://academic.oup.com/cdj/article-lookup/doi/10.1093/cdj/bsw010
Connecting to academic.oup.com (academic.oup.com)|173.254.190.144|:443... connected.
HTTP request sent, awaiting response... 400 Bad Request
2017-02-03 06:19:33 ERROR 400: Bad Request.

--2017-02-03 06:19:34--  http://doi.org/10.1093/cdj/bsw008
Connecting to doi.org (doi.org)|38.100.138.163|:80... connected.
HTTP request sent, awaiting response... 303 See Other
Location: https://academic.oup.com/cdj/article-lookup/doi/10.1093/cdj/bsw008 [following]
--2017-02-03 06:19:35--  https://academic.oup.com/cdj/article-lookup/doi/10.1093/cdj/bsw008
Connecting to academic.oup.com (academic.oup.com)|173.254.190.144|:443... connected.
HTTP request sent, awaiting response... 400 Bad Request
2017-02-03 06:19:36 ERROR 400: Bad Request.

--2017-02-03 06:19:37--  http://doi.org/10.1093/cdj/bsw005
Connecting to doi.org (doi.org)|38.100.138.163|:80... connected.
HTTP request sent, awaiting response... 303 See Other
Location: https://academic.oup.com/cdj/article-lookup/doi/10.1093/cdj/bsw005 [following]
--2017-02-03 06:19:38--  https://academic.oup.com/cdj/article-lookup/doi/10.1093/cdj/bsw005
Connecting to academic.oup.com (academic.oup.com)|173.254.190.144|:443... connected.
HTTP request sent, awaiting response... 200 OK
Length: 91267 (89K) [text/html]
Saving to: ‘bsw005’

     0K .......... .......... .......... .......... .......... 56%  209K 0s
    50K .......... .......... .......... .........            100%  972K=0.3s

2017-02-03 06:19:46 (319 KB/s) - ‘bsw005’ saved [91267/91267]

--2017-02-03 06:19:47--  http://doi.org/10.1093/cdj/bsw006
Connecting to doi.org (doi.org)|38.100.138.163|:80... connected.
HTTP request sent, awaiting response... 303 See Other
Location: http://cdj.oxfordjournals.org/lookup/doi/10.1093/cdj/bsw006 [following]
--2017-02-03 06:19:48--  http://cdj.oxfordjournals.org/lookup/doi/10.1093/cdj/bsw006
Connecting to cdj.oxfordjournals.org (cdj.oxfordjournals.org)|209.135.222.209|:80... connected.
HTTP request sent, awaiting response... 301 Moved Permanently
Cookie coming from cdj.oxfordjournals.org attempted to set domain to academic.oup.com
Cookie coming from cdj.oxfordjournals.org attempted to set domain to academic.oup.com
Location: https://academic.oup.com/cdj/redirect-unavailable?url=cdj.oxfordjournals.org/lookup/doi/10.1093/cdj/bsw006 [following]
--2017-02-03 06:19:49--  https://academic.oup.com/cdj/redirect-unavailable?url=cdj.oxfordjournals.org/lookup/doi/10.1093/cdj/bsw006
Connecting to academic.oup.com (academic.oup.com)|173.254.190.144|:443... connected.
HTTP request sent, awaiting response... 404 Not Found
2017-02-03 06:19:51 ERROR 404: Not Found.

--2017-02-03 06:19:52--  http://doi.org/10.1093/cdj/bsw003
Connecting to doi.org (doi.org)|38.100.138.163|:80... connected.
HTTP request sent, awaiting response... 303 See Other
Location: https://academic.oup.com/cdj/article-lookup/doi/10.1093/cdj/bsw003 [following]
--2017-02-03 06:19:53--  https://academic.oup.com/cdj/article-lookup/doi/10.1093/cdj/bsw003
Connecting to academic.oup.com (academic.oup.com)|173.254.190.144|:443... connected.
HTTP request sent, awaiting response... 200 OK
Length: 78427 (77K) [text/html]
Saving to: ‘bsw003’

     0K .......... .......... .......... .......... .......... 65%  307K 0s
    50K .......... .......... ......                          100%  329K=0.2s

2017-02-03 06:20:07 (315 KB/s) - ‘bsw003’ saved [78427/78427]

--2017-02-03 06:20:08--  http://doi.org/10.1093/cdj/bsw002
Connecting to doi.org (doi.org)|38.100.138.163|:80... connected.
HTTP request sent, awaiting response... 303 See Other
Location: https://academic.oup.com/cdj/article-lookup/doi/10.1093/cdj/bsw002 [following]
--2017-02-03 06:20:09--  https://academic.oup.com/cdj/article-lookup/doi/10.1093/cdj/bsw002
Connecting to academic.oup.com (academic.oup.com)|173.254.190.144|:443... connected.
HTTP request sent, awaiting response... 200 OK
Length: 76288 (74K) [text/html]
Saving to: ‘bsw002’

     0K .......... .......... .......... .......... .......... 67%  206K 0s
    50K .......... .......... ....                            100% 10.3M=0.2s

2017-02-03 06:20:21 (304 KB/s) - ‘bsw002’ saved [76288/76288]

--2017-02-03 06:20:22--  http://doi.org/10.1093/cdj/bsw004
Connecting to doi.org (doi.org)|38.100.138.163|:80... connected.
HTTP request sent, awaiting response... 303 See Other
Location: https://academic.oup.com/cdj/article-lookup/doi/10.1093/cdj/bsw004 [following]
--2017-02-03 06:20:23--  https://academic.oup.com/cdj/article-lookup/doi/10.1093/cdj/bsw004
Connecting to academic.oup.com (academic.oup.com)|173.254.190.144|:443... connected.
HTTP request sent, awaiting response... 200 OK
Length: 76824 (75K) [text/html]
Saving to: ‘bsw004’

     0K .......... .......... .......... .......... .......... 66%  209K 0s
    50K .......... .......... .....                           100% 10.9M=0.2s

2017-02-03 06:20:35 (311 KB/s) - ‘bsw004’ saved [76824/76824]

--2017-02-03 06:20:36--  http://doi.org/10.1093/cdj/bsv069
Connecting to doi.org (doi.org)|38.100.138.163|:80... connected.
HTTP request sent, awaiting response... 303 See Other
Location: http://cdj.oxfordjournals.org/lookup/doi/10.1093/cdj/bsv069 [following]
--2017-02-03 06:20:37--  http://cdj.oxfordjournals.org/lookup/doi/10.1093/cdj/bsv069
Connecting to cdj.oxfordjournals.org (cdj.oxfordjournals.org)|209.135.222.209|:80... connected.
HTTP request sent, awaiting response... 301 Moved Permanently
Cookie coming from cdj.oxfordjournals.org attempted to set domain to academic.oup.com
Cookie coming from cdj.oxfordjournals.org attempted to set domain to academic.oup.com
Location: https://academic.oup.com/cdj/redirect-unavailable?url=cdj.oxfordjournals.org/lookup/doi/10.1093/cdj/bsv069 [following]
--2017-02-03 06:20:39--  https://academic.oup.com/cdj/redirect-unavailable?url=cdj.oxfordjournals.org/lookup/doi/10.1093/cdj/bsv069
Connecting to academic.oup.com (academic.oup.com)|173.254.190.144|:443... connected.
HTTP request sent, awaiting response... 404 Not Found
2017-02-03 06:20:40 ERROR 404: Not Found.

--2017-02-03 06:20:41--  http://doi.org/10.1093/cdj/bsv068
Connecting to doi.org (doi.org)|38.100.138.163|:80... connected.
HTTP request sent, awaiting response... 303 See Other
Location: http://cdj.oxfordjournals.org/lookup/doi/10.1093/cdj/bsv068 [following]
--2017-02-03 06:20:42--  http://cdj.oxfordjournals.org/lookup/doi/10.1093/cdj/bsv068
Connecting to cdj.oxfordjournals.org (cdj.oxfordjournals.org)|209.135.222.209|:80... connected.
HTTP request sent, awaiting response... 301 Moved Permanently
Cookie coming from cdj.oxfordjournals.org attempted to set domain to academic.oup.com
Cookie coming from cdj.oxfordjournals.org attempted to set domain to academic.oup.com
Location: https://academic.oup.com/cdj/redirect-unavailable?url=cdj.oxfordjournals.org/lookup/doi/10.1093/cdj/bsv068 [following]
--2017-02-03 06:20:43--  https://academic.oup.com/cdj/redirect-unavailable?url=cdj.oxfordjournals.org/lookup/doi/10.1093/cdj/bsv068
Connecting to academic.oup.com (academic.oup.com)|173.254.190.144|:443... connected.
HTTP request sent, awaiting response... 404 Not Found
2017-02-03 06:20:44 ERROR 404: Not Found.

--2017-02-03 06:20:45--  http://doi.org/10.1093/cdj/bsv067
Connecting to doi.org (doi.org)|38.100.138.163|:80... connected.
HTTP request sent, awaiting response... 303 See Other
Location: http://cdj.oxfordjournals.org/lookup/doi/10.1093/cdj/bsv067 [following]
--2017-02-03 06:20:46--  http://cdj.oxfordjournals.org/lookup/doi/10.1093/cdj/bsv067
Connecting to cdj.oxfordjournals.org (cdj.oxfordjournals.org)|209.135.222.209|:80... connected.
HTTP request sent, awaiting response... 301 Moved Permanently
Cookie coming from cdj.oxfordjournals.org attempted to set domain to academic.oup.com
Cookie coming from cdj.oxfordjournals.org attempted to set domain to academic.oup.com
Location: https://academic.oup.com/cdj/redirect-unavailable?url=cdj.oxfordjournals.org/lookup/doi/10.1093/cdj/bsv067 [following]
--2017-02-03 06:20:48--  https://academic.oup.com/cdj/redirect-unavailable?url=cdj.oxfordjournals.org/lookup/doi/10.1093/cdj/bsv067
Connecting to academic.oup.com (academic.oup.com)|173.254.190.144|:443... connected.
HTTP request sent, awaiting response... 404 Not Found
2017-02-03 06:20:49 ERROR 404: Not Found.

--2017-02-03 06:20:50--  http://doi.org/10.1093/cdj/bsv058
Connecting to doi.org (doi.org)|38.100.138.163|:80... connected.
HTTP request sent, awaiting response... 303 See Other
Location: https://academic.oup.com/cdj/article-lookup/doi/10.1093/cdj/bsv058 [following]
--2017-02-03 06:20:51--  https://academic.oup.com/cdj/article-lookup/doi/10.1093/cdj/bsv058
Connecting to academic.oup.com (academic.oup.com)|173.254.190.144|:443... connected.
HTTP request sent, awaiting response... 200 OK
Length: 209999 (205K) [text/html]
Saving to: ‘bsv058’

     0K .......... .......... .......... .......... .......... 24%  209K 1s
    50K .......... .......... .......... .......... .......... 48%  611K 0s
   100K .......... .......... .......... .......... .......... 73%  608K 0s
   150K .......... .......... .......... .......... .......... 97%  607K 0s
   200K .....                                                 100% 13.5M=0.5s

2017-02-03 06:20:57 (422 KB/s) - ‘bsv058’ saved [209999/209999]

--2017-02-03 06:20:58--  http://doi.org/10.1093/cdj/bsv063
Connecting to doi.org (doi.org)|38.100.138.163|:80... connected.
HTTP request sent, awaiting response... 303 See Other
Location: https://academic.oup.com/cdj/article-lookup/doi/10.1093/cdj/bsv063 [following]
--2017-02-03 06:20:59--  https://academic.oup.com/cdj/article-lookup/doi/10.1093/cdj/bsv063
Connecting to academic.oup.com (academic.oup.com)|173.254.190.144|:443... connected.
HTTP request sent, awaiting response... 400 Bad Request
2017-02-03 06:21:01 ERROR 400: Bad Request.

--2017-02-03 06:21:02--  http://doi.org/10.1093/cdj/bsv062
Connecting to doi.org (doi.org)|38.100.138.163|:80... connected.
HTTP request sent, awaiting response... 303 See Other
Location: https://academic.oup.com/cdj/article-lookup/doi/10.1093/cdj/bsv062 [following]
--2017-02-03 06:21:03--  https://academic.oup.com/cdj/article-lookup/doi/10.1093/cdj/bsv062
Connecting to academic.oup.com (academic.oup.com)|173.254.190.144|:443... connected.
HTTP request sent, awaiting response... 200 OK
Length: 84013 (82K) [text/html]
Saving to: ‘bsv062’

     0K .......... .......... .......... .......... .......... 60%  207K 0s
    50K .......... .......... .......... ..                   100% 11.4M=0.2s

2017-02-03 06:21:11 (336 KB/s) - ‘bsv062’ saved [84013/84013]

--2017-02-03 06:21:12--  http://doi.org/10.1093/cdj/bsv066
Connecting to doi.org (doi.org)|38.100.138.163|:80... connected.
HTTP request sent, awaiting response... 303 See Other
Location: https://academic.oup.com/cdj/article-lookup/doi/10.1093/cdj/bsv066 [following]
--2017-02-03 06:21:13--  https://academic.oup.com/cdj/article-lookup/doi/10.1093/cdj/bsv066
Connecting to academic.oup.com (academic.oup.com)|173.254.190.144|:443... connected.
HTTP request sent, awaiting response... 400 Bad Request
2017-02-03 06:21:13 ERROR 400: Bad Request.

--2017-02-03 06:21:14--  http://doi.org/10.1093/cdj/bsv056
Connecting to doi.org (doi.org)|38.100.138.163|:80... connected.
HTTP request sent, awaiting response... 303 See Other
Location: https://academic.oup.com/cdj/article-lookup/doi/10.1093/cdj/bsv056 [following]
--2017-02-03 06:21:16--  https://academic.oup.com/cdj/article-lookup/doi/10.1093/cdj/bsv056
Connecting to academic.oup.com (academic.oup.com)|173.254.190.144|:443... connected.
HTTP request sent, awaiting response... 200 OK
Length: 247088 (241K) [text/html]
Saving to: ‘bsv056’

     0K .......... .......... .......... .......... .......... 20%  200K 1s
    50K .......... .......... .......... .......... .......... 41%  609K 0s
   100K .......... .......... .......... .......... .......... 62%  609K 0s
   150K .......... .......... .......... .......... .......... 82%  409K 0s
   200K .......... .......... .......... .......... .         100%  508K=0.6s

2017-02-03 06:21:24 (391 KB/s) - ‘bsv056’ saved [247088/247088]

--2017-02-03 06:21:25--  http://doi.org/10.1093/cdj/bsv061
Connecting to doi.org (doi.org)|38.100.138.163|:80... connected.
HTTP request sent, awaiting response... 303 See Other
Location: https://academic.oup.com/cdj/article-lookup/doi/10.1093/cdj/bsv061 [following]
--2017-02-03 06:21:26--  https://academic.oup.com/cdj/article-lookup/doi/10.1093/cdj/bsv061
Connecting to academic.oup.com (academic.oup.com)|173.254.190.144|:443... connected.
HTTP request sent, awaiting response... 400 Bad Request
2017-02-03 06:21:27 ERROR 400: Bad Request.

--2017-02-03 06:21:28--  http://doi.org/10.1093/cdj/bsv055
Connecting to doi.org (doi.org)|38.100.138.163|:80... connected.
HTTP request sent, awaiting response... 303 See Other
Location: https://academic.oup.com/cdj/article-lookup/doi/10.1093/cdj/bsv055 [following]
--2017-02-03 06:21:29--  https://academic.oup.com/cdj/article-lookup/doi/10.1093/cdj/bsv055
Connecting to academic.oup.com (academic.oup.com)|173.254.190.144|:443... connected.
HTTP request sent, awaiting response... 400 Bad Request
2017-02-03 06:21:30 ERROR 400: Bad Request.

--2017-02-03 06:21:31--  http://doi.org/10.1093/cdj/bsv054
Connecting to doi.org (doi.org)|38.100.138.163|:80... connected.
HTTP request sent, awaiting response... 303 See Other
Location: https://academic.oup.com/cdj/article-lookup/doi/10.1093/cdj/bsv054 [following]
--2017-02-03 06:21:32--  https://academic.oup.com/cdj/article-lookup/doi/10.1093/cdj/bsv054
Connecting to academic.oup.com (academic.oup.com)|173.254.190.144|:443... connected.
HTTP request sent, awaiting response... 200 OK
Length: 110535 (108K) [text/html]
Saving to: ‘bsv054’

     0K .......... .......... .......... .......... .......... 46%  209K 0s
    50K .......... .......... .......... .......... .......... 92%  604K 0s
   100K .......                                               100% 44.0M=0.3s

2017-02-03 06:21:44 (335 KB/s) - ‘bsv054’ saved [110535/110535]

--2017-02-03 06:21:45--  http://doi.org/10.1093/cdj/bsv057
Connecting to doi.org (doi.org)|38.100.138.163|:80... connected.
HTTP request sent, awaiting response... 303 See Other
Location: https://academic.oup.com/cdj/article-lookup/doi/10.1093/cdj/bsv057 [following]
--2017-02-03 06:21:46--  https://academic.oup.com/cdj/article-lookup/doi/10.1093/cdj/bsv057
Connecting to academic.oup.com (academic.oup.com)|173.254.190.144|:443... connected.
HTTP request sent, awaiting response... 200 OK
Length: 90895 (89K) [text/html]
Saving to: ‘bsv057’

     0K .......... .......... .......... .......... .......... 56%  209K 0s
    50K .......... .......... .......... ........             100% 6.92M=0.2s

2017-02-03 06:21:58 (363 KB/s) - ‘bsv057’ saved [90895/90895]

--2017-02-03 06:21:59--  http://doi.org/10.1093/cdj/bsv059
Connecting to doi.org (doi.org)|38.100.138.163|:80... connected.
HTTP request sent, awaiting response... 303 See Other
Location: https://academic.oup.com/cdj/article-lookup/doi/10.1093/cdj/bsv059 [following]
--2017-02-03 06:22:00--  https://academic.oup.com/cdj/article-lookup/doi/10.1093/cdj/bsv059
Connecting to academic.oup.com (academic.oup.com)|173.254.190.144|:443... connected.
HTTP request sent, awaiting response... 200 OK
Length: 177994 (174K) [text/html]
Saving to: ‘bsv059’

     0K .......... .......... .......... .......... .......... 28%  207K 1s
    50K .......... .......... .......... .......... .......... 57%  598K 0s
   100K .......... .......... .......... .......... .......... 86%  612K 0s
   150K .......... .......... ...                             100%  301K=0.5s

2017-02-03 06:22:09 (358 KB/s) - ‘bsv059’ saved [177994/177994]

--2017-02-03 06:22:10--  http://doi.org/10.1093/cdj/bsv064
Connecting to doi.org (doi.org)|38.100.138.163|:80... connected.
HTTP request sent, awaiting response... 303 See Other
Location: https://academic.oup.com/cdj/article-lookup/doi/10.1093/cdj/bsv064 [following]
--2017-02-03 06:22:11--  https://academic.oup.com/cdj/article-lookup/doi/10.1093/cdj/bsv064
Connecting to academic.oup.com (academic.oup.com)|173.254.190.144|:443... connected.
HTTP request sent, awaiting response... 200 OK
Length: 196797 (192K) [text/html]
Saving to: ‘bsv064’

     0K .......... .......... .......... .......... .......... 26%  207K 1s
    50K .......... .......... .......... .......... .......... 52%  609K 0s
   100K .......... .......... .......... .......... .......... 78%  598K 0s
   150K .......... .......... .......... .......... ..        100%  503K=0.5s

2017-02-03 06:22:21 (391 KB/s) - ‘bsv064’ saved [196797/196797]

--2017-02-03 06:22:22--  http://doi.org/10.1093/cdj/bsv060
Connecting to doi.org (doi.org)|38.100.138.163|:80... connected.
HTTP request sent, awaiting response... 303 See Other
Location: https://academic.oup.com/cdj/article-lookup/doi/10.1093/cdj/bsv060 [following]
--2017-02-03 06:22:24--  https://academic.oup.com/cdj/article-lookup/doi/10.1093/cdj/bsv060
Connecting to academic.oup.com (academic.oup.com)|173.254.190.144|:443... connected.
HTTP request sent, awaiting response... 200 OK
Length: 139438 (136K) [text/html]
Saving to: ‘bsv060’

     0K .......... .......... .......... .......... .......... 36%  209K 0s
    50K .......... .......... .......... .......... .......... 73%  613K 0s
   100K .......... .......... .......... ......               100%  450K=0.4s

2017-02-03 06:22:30 (339 KB/s) - ‘bsv060’ saved [139438/139438]

--2017-02-03 06:22:31--  http://doi.org/10.1093/cdj/bsw060
Connecting to doi.org (doi.org)|38.100.138.163|:80... connected.
HTTP request sent, awaiting response... 303 See Other
Location: http://fdslive.oup.com/www.oup.com/pdf/production_in_progress.pdf [following]
--2017-02-03 06:22:32--  http://fdslive.oup.com/www.oup.com/pdf/production_in_progress.pdf
Resolving fdslive.oup.com (fdslive.oup.com)... 193.67.160.201
Connecting to fdslive.oup.com (fdslive.oup.com)|193.67.160.201|:80... connected.
HTTP request sent, awaiting response... 200 OK
Length: 52438 (51K) [application/pdf]
Saving to: ‘bsw060’

     0K .......... .......... .......... .......... .......... 97% 1.28M 0s
    50K .                                                     100% 2306G=0.04s

2017-02-03 06:22:32 (1.31 MB/s) - ‘bsw060’ saved [52438/52438]

--2017-02-03 06:22:33--  http://doi.org/10.1093/cdj/bsw044
Connecting to doi.org (doi.org)|38.100.138.163|:80... connected.
HTTP request sent, awaiting response... 303 See Other
Location: http://fdslive.oup.com/www.oup.com/pdf/production_in_progress.pdf [following]
--2017-02-03 06:22:34--  http://fdslive.oup.com/www.oup.com/pdf/production_in_progress.pdf
Connecting to fdslive.oup.com (fdslive.oup.com)|193.67.160.201|:80... connected.
HTTP request sent, awaiting response... 200 OK
Length: 52438 (51K) [application/pdf]
Saving to: ‘bsw044’

     0K .......... .......... .......... .......... .......... 97% 1.30M 0s
    50K .                                                     100% 2306G=0.04s

2017-02-03 06:22:34 (1.33 MB/s) - ‘bsw044’ saved [52438/52438]

--2017-02-03 06:22:35--  http://doi.org/10.1093/cdj/bsw049
Connecting to doi.org (doi.org)|38.100.138.163|:80... connected.
HTTP request sent, awaiting response... 303 See Other
Location: http://fdslive.oup.com/www.oup.com/pdf/production_in_progress.pdf [following]
--2017-02-03 06:22:36--  http://fdslive.oup.com/www.oup.com/pdf/production_in_progress.pdf
Connecting to fdslive.oup.com (fdslive.oup.com)|193.67.160.201|:80... connected.
HTTP request sent, awaiting response... 200 OK
Length: 52438 (51K) [application/pdf]
Saving to: ‘bsw049’

     0K .......... .......... .......... .......... .......... 97% 1.29M 0s
    50K .                                                     100% 2306G=0.04s

2017-02-03 06:22:37 (1.32 MB/s) - ‘bsw049’ saved [52438/52438]

--2017-02-03 06:22:38--  http://doi.org/10.1093/cdj/bsw047
Connecting to doi.org (doi.org)|38.100.138.163|:80... connected.
HTTP request sent, awaiting response... 303 See Other
Location: http://fdslive.oup.com/www.oup.com/pdf/production_in_progress.pdf [following]
--2017-02-03 06:22:39--  http://fdslive.oup.com/www.oup.com/pdf/production_in_progress.pdf
Connecting to fdslive.oup.com (fdslive.oup.com)|193.67.160.201|:80... connected.
HTTP request sent, awaiting response... 200 OK
Length: 52438 (51K) [application/pdf]
Saving to: ‘bsw047’

     0K .......... .......... .......... .......... .......... 97% 1.17M 0s
    50K .                                                     100% 2306G=0.04s

2017-02-03 06:22:39 (1.20 MB/s) - ‘bsw047’ saved [52438/52438]

--2017-02-03 06:22:40--  http://doi.org/10.1093/cdj/bsw046
Connecting to doi.org (doi.org)|38.100.138.163|:80... connected.
HTTP request sent, awaiting response... 303 See Other
Location: http://fdslive.oup.com/www.oup.com/pdf/production_in_progress.pdf [following]
--2017-02-03 06:22:41--  http://fdslive.oup.com/www.oup.com/pdf/production_in_progress.pdf
Connecting to fdslive.oup.com (fdslive.oup.com)|193.67.160.201|:80... connected.
HTTP request sent, awaiting response... 200 OK
Length: 52438 (51K) [application/pdf]
Saving to: ‘bsw046’

     0K .......... .......... .......... .......... .......... 97% 1.17M 0s
    50K .                                                     100% 2306G=0.04s

2017-02-03 06:22:41 (1.20 MB/s) - ‘bsw046’ saved [52438/52438]

--2017-02-03 06:22:42--  http://doi.org/10.1093/cdj/bsw058
Connecting to doi.org (doi.org)|38.100.138.163|:80... connected.
HTTP request sent, awaiting response... 303 See Other
Location: http://fdslive.oup.com/www.oup.com/pdf/production_in_progress.pdf [following]
--2017-02-03 06:22:43--  http://fdslive.oup.com/www.oup.com/pdf/production_in_progress.pdf
Connecting to fdslive.oup.com (fdslive.oup.com)|193.67.160.201|:80... connected.
HTTP request sent, awaiting response... 200 OK
Length: 52438 (51K) [application/pdf]
Saving to: ‘bsw058’

     0K .......... .......... .......... .......... .......... 97% 1.16M 0s
    50K .                                                     100% 2306G=0.04s

2017-02-03 06:22:43 (1.19 MB/s) - ‘bsw058’ saved [52438/52438]

--2017-02-03 06:22:44--  http://doi.org/10.1093/cdj/bsw048
Connecting to doi.org (doi.org)|38.100.138.163|:80... connected.
HTTP request sent, awaiting response... 303 See Other
Location: http://fdslive.oup.com/www.oup.com/pdf/production_in_progress.pdf [following]
--2017-02-03 06:22:45--  http://fdslive.oup.com/www.oup.com/pdf/production_in_progress.pdf
Connecting to fdslive.oup.com (fdslive.oup.com)|193.67.160.201|:80... connected.
HTTP request sent, awaiting response... 200 OK
Length: 52438 (51K) [application/pdf]
Saving to: ‘bsw048’

     0K .......... .......... .......... .......... .......... 97% 1.16M 0s
    50K .                                                     100% 2306G=0.04s

2017-02-03 06:22:45 (1.19 MB/s) - ‘bsw048’ saved [52438/52438]

--2017-02-03 06:22:46--  http://doi.org/10.1093/cdj/bsw052
Connecting to doi.org (doi.org)|38.100.138.163|:80... connected.
HTTP request sent, awaiting response... 303 See Other
Location: http://fdslive.oup.com/www.oup.com/pdf/production_in_progress.pdf [following]
--2017-02-03 06:22:48--  http://fdslive.oup.com/www.oup.com/pdf/production_in_progress.pdf
Connecting to fdslive.oup.com (fdslive.oup.com)|193.67.160.201|:80... connected.
HTTP request sent, awaiting response... 200 OK
Length: 52438 (51K) [application/pdf]
Saving to: ‘bsw052’

     0K .......... .......... .......... .......... .......... 97% 1.30M 0s
    50K .                                                     100% 2306G=0.04s

2017-02-03 06:22:48 (1.33 MB/s) - ‘bsw052’ saved [52438/52438]

--2017-02-03 06:22:49--  http://doi.org/10.1093/cdj/bsw054
Connecting to doi.org (doi.org)|38.100.138.163|:80... connected.
HTTP request sent, awaiting response... 303 See Other
Location: http://fdslive.oup.com/www.oup.com/pdf/production_in_progress.pdf [following]
--2017-02-03 06:22:50--  http://fdslive.oup.com/www.oup.com/pdf/production_in_progress.pdf
Connecting to fdslive.oup.com (fdslive.oup.com)|193.67.160.201|:80... connected.
HTTP request sent, awaiting response... 200 OK
Length: 52438 (51K) [application/pdf]
Saving to: ‘bsw054’

     0K .......... .......... .......... .......... .......... 97% 1.28M 0s
    50K .                                                     100% 2306G=0.04s

2017-02-03 06:22:50 (1.31 MB/s) - ‘bsw054’ saved [52438/52438]

--2017-02-03 06:22:51--  http://doi.org/10.1093/cdj/bsw055
Connecting to doi.org (doi.org)|38.100.138.163|:80... connected.
HTTP request sent, awaiting response... 303 See Other
Location: http://fdslive.oup.com/www.oup.com/pdf/production_in_progress.pdf [following]
--2017-02-03 06:22:52--  http://fdslive.oup.com/www.oup.com/pdf/production_in_progress.pdf
Connecting to fdslive.oup.com (fdslive.oup.com)|193.67.160.201|:80... connected.
HTTP request sent, awaiting response... 200 OK
Length: 52438 (51K) [application/pdf]
Saving to: ‘bsw055’

     0K .......... .......... .......... .......... .......... 97% 1.29M 0s
    50K .                                                     100% 2306G=0.04s

2017-02-03 06:22:52 (1.32 MB/s) - ‘bsw055’ saved [52438/52438]

--2017-02-03 06:22:53--  http://doi.org/10.1093/cdj/bsw042
Connecting to doi.org (doi.org)|38.100.138.163|:80... connected.
HTTP request sent, awaiting response... 303 See Other
Location: http://fdslive.oup.com/www.oup.com/pdf/production_in_progress.pdf [following]
--2017-02-03 06:22:54--  http://fdslive.oup.com/www.oup.com/pdf/production_in_progress.pdf
Connecting to fdslive.oup.com (fdslive.oup.com)|193.67.160.201|:80... connected.
HTTP request sent, awaiting response... 200 OK
Length: 52438 (51K) [application/pdf]
Saving to: ‘bsw042’

     0K .......... .......... .......... .......... .......... 97% 1.29M 0s
    50K .                                                     100% 2306G=0.04s

2017-02-03 06:22:54 (1.32 MB/s) - ‘bsw042’ saved [52438/52438]

--2017-02-03 06:22:55--  http://doi.org/10.1093/cdj/bsw053
Connecting to doi.org (doi.org)|38.100.138.163|:80... connected.
HTTP request sent, awaiting response... 303 See Other
Location: http://fdslive.oup.com/www.oup.com/pdf/production_in_progress.pdf [following]
--2017-02-03 06:22:57--  http://fdslive.oup.com/www.oup.com/pdf/production_in_progress.pdf
Connecting to fdslive.oup.com (fdslive.oup.com)|193.67.160.201|:80... connected.
HTTP request sent, awaiting response... 200 OK
Length: 52438 (51K) [application/pdf]
Saving to: ‘bsw053’

     0K .......... .......... .......... .......... .......... 97% 1.17M 0s
    50K .                                                     100% 2306G=0.04s

2017-02-03 06:22:57 (1.20 MB/s) - ‘bsw053’ saved [52438/52438]

--2017-02-03 06:22:58--  http://doi.org/10.1093/cdj/bsw056
Connecting to doi.org (doi.org)|38.100.138.163|:80... connected.
HTTP request sent, awaiting response... 303 See Other
Location: http://fdslive.oup.com/www.oup.com/pdf/production_in_progress.pdf [following]
--2017-02-03 06:22:59--  http://fdslive.oup.com/www.oup.com/pdf/production_in_progress.pdf
Connecting to fdslive.oup.com (fdslive.oup.com)|193.67.160.201|:80... connected.
HTTP request sent, awaiting response... 200 OK
Length: 52438 (51K) [application/pdf]
Saving to: ‘bsw056’

     0K .......... .......... .......... .......... .......... 97% 1.30M 0s
    50K .                                                     100% 2306G=0.04s

2017-02-03 06:22:59 (1.33 MB/s) - ‘bsw056’ saved [52438/52438]

--2017-02-03 06:23:00--  http://doi.org/10.1093/cdj/bsw059
Connecting to doi.org (doi.org)|38.100.138.163|:80... connected.
HTTP request sent, awaiting response... 303 See Other
Location: http://fdslive.oup.com/www.oup.com/pdf/production_in_progress.pdf [following]
--2017-02-03 06:23:01--  http://fdslive.oup.com/www.oup.com/pdf/production_in_progress.pdf
Connecting to fdslive.oup.com (fdslive.oup.com)|193.67.160.201|:80... connected.
HTTP request sent, awaiting response... 200 OK
Length: 52438 (51K) [application/pdf]
Saving to: ‘bsw059’

     0K .......... .......... .......... .......... .......... 97% 1.29M 0s
    50K .                                                     100% 2306G=0.04s

2017-02-03 06:23:01 (1.32 MB/s) - ‘bsw059’ saved [52438/52438]

--2017-02-03 06:23:02--  http://doi.org/10.1093/cdj/bsv049
Connecting to doi.org (doi.org)|38.100.138.163|:80... connected.
HTTP request sent, awaiting response... 303 See Other
Location: http://cdj.oxfordjournals.org/lookup/doi/10.1093/cdj/bsv049 [following]
--2017-02-03 06:23:03--  http://cdj.oxfordjournals.org/lookup/doi/10.1093/cdj/bsv049
Connecting to cdj.oxfordjournals.org (cdj.oxfordjournals.org)|209.135.222.209|:80... connected.
HTTP request sent, awaiting response... 301 Moved Permanently
Cookie coming from cdj.oxfordjournals.org attempted to set domain to academic.oup.com
Cookie coming from cdj.oxfordjournals.org attempted to set domain to academic.oup.com
Location: https://academic.oup.com/cdj/redirect-unavailable?url=cdj.oxfordjournals.org/lookup/doi/10.1093/cdj/bsv049 [following]
--2017-02-03 06:23:05--  https://academic.oup.com/cdj/redirect-unavailable?url=cdj.oxfordjournals.org/lookup/doi/10.1093/cdj/bsv049
Connecting to academic.oup.com (academic.oup.com)|173.254.190.144|:443... connected.
HTTP request sent, awaiting response... 404 Not Found
2017-02-03 06:23:06 ERROR 404: Not Found.

--2017-02-03 06:23:07--  http://doi.org/10.1093/cdj/bsv053
Connecting to doi.org (doi.org)|38.100.138.163|:80... connected.
HTTP request sent, awaiting response... 303 See Other
Location: http://cdj.oxfordjournals.org/lookup/doi/10.1093/cdj/bsv053 [following]
--2017-02-03 06:23:08--  http://cdj.oxfordjournals.org/lookup/doi/10.1093/cdj/bsv053
Connecting to cdj.oxfordjournals.org (cdj.oxfordjournals.org)|209.135.222.209|:80... connected.
HTTP request sent, awaiting response... 301 Moved Permanently
Cookie coming from cdj.oxfordjournals.org attempted to set domain to academic.oup.com
Cookie coming from cdj.oxfordjournals.org attempted to set domain to academic.oup.com
Location: https://academic.oup.com/cdj/redirect-unavailable?url=cdj.oxfordjournals.org/lookup/doi/10.1093/cdj/bsv053 [following]
--2017-02-03 06:23:09--  https://academic.oup.com/cdj/redirect-unavailable?url=cdj.oxfordjournals.org/lookup/doi/10.1093/cdj/bsv053
Connecting to academic.oup.com (academic.oup.com)|173.254.190.144|:443... connected.
HTTP request sent, awaiting response... 404 Not Found
2017-02-03 06:23:10 ERROR 404: Not Found.

--2017-02-03 06:23:11--  http://doi.org/10.1093/cdj/bsv051
Connecting to doi.org (doi.org)|38.100.138.163|:80... connected.
HTTP request sent, awaiting response... 303 See Other
Location: https://academic.oup.com/cdj/article-lookup/doi/10.1093/cdj/bsv051 [following]
--2017-02-03 06:23:12--  https://academic.oup.com/cdj/article-lookup/doi/10.1093/cdj/bsv051
Connecting to academic.oup.com (academic.oup.com)|173.254.190.144|:443... connected.
HTTP request sent, awaiting response... 200 OK
Length: 210319 (205K) [text/html]
Saving to: ‘bsv051’

     0K .......... .......... .......... .......... .......... 24%  209K 1s
    50K .......... .......... .......... .......... .......... 48%  564K 0s
   100K .......... .......... .......... .......... .......... 73%  614K 0s
   150K .......... .......... .......... .......... .......... 97%  605K 0s
   200K .....                                                 100% 25.9M=0.5s

2017-02-03 06:23:20 (417 KB/s) - ‘bsv051’ saved [210319/210319]

--2017-02-03 06:23:21--  http://doi.org/10.1093/cdj/bsv047
Connecting to doi.org (doi.org)|38.100.138.163|:80... connected.
HTTP request sent, awaiting response... 303 See Other
Location: https://academic.oup.com/cdj/article-lookup/doi/10.1093/cdj/bsv047 [following]
--2017-02-03 06:23:22--  https://academic.oup.com/cdj/article-lookup/doi/10.1093/cdj/bsv047
Connecting to academic.oup.com (academic.oup.com)|173.254.190.144|:443... connected.
HTTP request sent, awaiting response... 200 OK
Length: 172085 (168K) [text/html]
Saving to: ‘bsv047’

     0K .......... .......... .......... .......... .......... 29%  307K 0s
    50K .......... .......... .......... .......... .......... 59%  310K 0s
   100K .......... .......... .......... .......... .......... 89%  601K 0s
   150K .......... ........                                   100%  229K=0.5s

2017-02-03 06:23:27 (346 KB/s) - ‘bsv047’ saved [172085/172085]

--2017-02-03 06:23:28--  http://doi.org/10.1093/cdj/bsv050
Connecting to doi.org (doi.org)|38.100.138.163|:80... connected.
HTTP request sent, awaiting response... 303 See Other
Location: https://academic.oup.com/cdj/article-lookup/doi/10.1093/cdj/bsv050 [following]
--2017-02-03 06:23:29--  https://academic.oup.com/cdj/article-lookup/doi/10.1093/cdj/bsv050
Connecting to academic.oup.com (academic.oup.com)|173.254.190.144|:443... connected.
HTTP request sent, awaiting response... 200 OK
Length: 217513 (212K) [text/html]
Saving to: ‘bsv050’

     0K .......... .......... .......... .......... .......... 23%  208K 1s
    50K .......... .......... .......... .......... .......... 47%  609K 0s
   100K .......... .......... .......... .......... .......... 70%  595K 0s
   150K .......... .......... .......... .......... .......... 94%  590K 0s
   200K .......... ..                                         100%  158K=0.6s

2017-02-03 06:23:35 (372 KB/s) - ‘bsv050’ saved [217513/217513]

--2017-02-03 06:23:36--  http://doi.org/10.1093/cdj/bsv046
Connecting to doi.org (doi.org)|38.100.138.163|:80... connected.
HTTP request sent, awaiting response... 303 See Other
Location: https://academic.oup.com/cdj/article-lookup/doi/10.1093/cdj/bsv046 [following]
--2017-02-03 06:23:37--  https://academic.oup.com/cdj/article-lookup/doi/10.1093/cdj/bsv046
Connecting to academic.oup.com (academic.oup.com)|173.254.190.144|:443... connected.
HTTP request sent, awaiting response... 200 OK
Length: 217326 (212K) [text/html]
Saving to: ‘bsv046’

     0K .......... .......... .......... .......... .......... 23%  209K 1s
    50K .......... .......... .......... .......... .......... 47%  604K 0s
   100K .......... .......... .......... .......... .......... 70%  605K 0s
   150K .......... .......... .......... .......... .......... 94%  318K 0s
   200K .......... ..                                         100% 3.81M=0.6s

2017-02-03 06:23:42 (376 KB/s) - ‘bsv046’ saved [217326/217326]

--2017-02-03 06:23:43--  http://doi.org/10.1093/cdj/bsv048
Connecting to doi.org (doi.org)|38.100.138.163|:80... connected.
HTTP request sent, awaiting response... 303 See Other
Location: https://academic.oup.com/cdj/article-lookup/doi/10.1093/cdj/bsv048 [following]
--2017-02-03 06:23:44--  https://academic.oup.com/cdj/article-lookup/doi/10.1093/cdj/bsv048
Connecting to academic.oup.com (academic.oup.com)|173.254.190.144|:443... connected.
HTTP request sent, awaiting response... 200 OK
Length: 158682 (155K) [text/html]
Saving to: ‘bsv048’

     0K .......... .......... .......... .......... .......... 32%  207K 1s
    50K .......... .......... .......... .......... .......... 64%  609K 0s
   100K .......... .......... .......... .......... .......... 96%  609K 0s
   150K ....                                                  100% 20.0M=0.4s

2017-02-03 06:23:49 (381 KB/s) - ‘bsv048’ saved [158682/158682]

--2017-02-03 06:23:50--  http://doi.org/10.1093/cdj/bsv045
Connecting to doi.org (doi.org)|38.100.138.163|:80... connected.
HTTP request sent, awaiting response... 303 See Other
Location: https://academic.oup.com/cdj/article-lookup/doi/10.1093/cdj/bsv045 [following]
--2017-02-03 06:23:51--  https://academic.oup.com/cdj/article-lookup/doi/10.1093/cdj/bsv045
Connecting to academic.oup.com (academic.oup.com)|173.254.190.144|:443... connected.
HTTP request sent, awaiting response... 200 OK
Length: 175233 (171K) [text/html]
Saving to: ‘bsv045’

     0K .......... .......... .......... .......... .......... 29%  209K 1s
    50K .......... .......... .......... .......... .......... 58%  607K 0s
   100K .......... .......... .......... .......... .......... 87%  609K 0s
   150K .......... .......... .                               100%  272K=0.5s

2017-02-03 06:23:56 (356 KB/s) - ‘bsv045’ saved [175233/175233]

--2017-02-03 06:23:57--  http://doi.org/10.1093/cdj/bsv044
Connecting to doi.org (doi.org)|38.100.138.163|:80... connected.
HTTP request sent, awaiting response... 303 See Other
Location: https://academic.oup.com/cdj/article-lookup/doi/10.1093/cdj/bsv044 [following]
--2017-02-03 06:23:58--  https://academic.oup.com/cdj/article-lookup/doi/10.1093/cdj/bsv044
Connecting to academic.oup.com (academic.oup.com)|173.254.190.144|:443... connected.
HTTP request sent, awaiting response... 200 OK
Length: 159464 (156K) [text/html]
Saving to: ‘bsv044’

     0K .......... .......... .......... .......... .......... 32%  208K 1s
    50K .......... .......... .......... .......... .......... 64%  612K 0s
   100K .......... .......... .......... .......... .......... 96%  585K 0s
   150K .....                                                 100% 29.4M=0.4s

2017-02-03 06:24:05 (382 KB/s) - ‘bsv044’ saved [159464/159464]

--2017-02-03 06:24:06--  http://doi.org/10.1093/cdj/bsv042
Connecting to doi.org (doi.org)|38.100.138.163|:80... connected.
HTTP request sent, awaiting response... 303 See Other
Location: https://academic.oup.com/cdj/article-lookup/doi/10.1093/cdj/bsv042 [following]
--2017-02-03 06:24:07--  https://academic.oup.com/cdj/article-lookup/doi/10.1093/cdj/bsv042
Connecting to academic.oup.com (academic.oup.com)|173.254.190.144|:443... connected.
HTTP request sent, awaiting response... 400 Bad Request
2017-02-03 06:24:09 ERROR 400: Bad Request.

--2017-02-03 06:24:10--  http://doi.org/10.1093/cdj/bsv043
Connecting to doi.org (doi.org)|38.100.138.163|:80... connected.
HTTP request sent, awaiting response... 303 See Other
Location: https://academic.oup.com/cdj/article-lookup/doi/10.1093/cdj/bsv043 [following]
--2017-02-03 06:24:11--  https://academic.oup.com/cdj/article-lookup/doi/10.1093/cdj/bsv043
Connecting to academic.oup.com (academic.oup.com)|173.254.190.144|:443... connected.
HTTP request sent, awaiting response... 200 OK
Length: 184569 (180K) [text/html]
Saving to: ‘bsv043’

     0K .......... .......... .......... .......... .......... 27%  209K 1s
    50K .......... .......... .......... .......... .......... 55%  610K 0s
   100K .......... .......... .......... .......... .......... 83%  605K 0s
   150K .......... .......... ..........                      100%  378K=0.5s

2017-02-03 06:24:17 (372 KB/s) - ‘bsv043’ saved [184569/184569]

--2017-02-03 06:24:18--  http://doi.org/10.1093/cdj/bsv040
Connecting to doi.org (doi.org)|38.100.138.163|:80... connected.
HTTP request sent, awaiting response... 303 See Other
Location: https://academic.oup.com/cdj/article-lookup/doi/10.1093/cdj/bsv040 [following]
--2017-02-03 06:24:19--  https://academic.oup.com/cdj/article-lookup/doi/10.1093/cdj/bsv040
Connecting to academic.oup.com (academic.oup.com)|173.254.190.144|:443... connected.
HTTP request sent, awaiting response... 200 OK
Length: 209121 (204K) [text/html]
Saving to: ‘bsv040’

     0K .......... .......... .......... .......... .......... 24%  209K 1s
    50K .......... .......... .......... .......... .......... 48%  591K 0s
   100K .......... .......... .......... .......... .......... 73%  593K 0s
   150K .......... .......... .......... .......... .......... 97%  602K 0s
   200K ....                                                  100% 8048G=0.5s

2017-02-03 06:24:24 (415 KB/s) - ‘bsv040’ saved [209121/209121]

--2017-02-03 06:24:25--  http://doi.org/10.1093/cdj/bsv041
Connecting to doi.org (doi.org)|38.100.138.163|:80... connected.
HTTP request sent, awaiting response... 303 See Other
Location: https://academic.oup.com/cdj/article-lookup/doi/10.1093/cdj/bsv041 [following]
--2017-02-03 06:24:27--  https://academic.oup.com/cdj/article-lookup/doi/10.1093/cdj/bsv041
Connecting to academic.oup.com (academic.oup.com)|173.254.190.144|:443... connected.
HTTP request sent, awaiting response... 400 Bad Request
2017-02-03 06:24:27 ERROR 400: Bad Request.

--2017-02-03 06:24:28--  http://doi.org/10.1093/cdj/bsv032
Connecting to doi.org (doi.org)|38.100.138.163|:80... connected.
HTTP request sent, awaiting response... 303 See Other
Location: https://academic.oup.com/cdj/article-lookup/doi/10.1093/cdj/bsv032 [following]
--2017-02-03 06:24:29--  https://academic.oup.com/cdj/article-lookup/doi/10.1093/cdj/bsv032
Connecting to academic.oup.com (academic.oup.com)|173.254.190.144|:443... connected.
HTTP request sent, awaiting response... 200 OK
Length: 82249 (80K) [text/html]
Saving to: ‘bsv032’

     0K .......... .......... .......... .......... .......... 62%  209K 0s
    50K .......... .......... ..........                      100% 11.9M=0.2s

2017-02-03 06:24:33 (332 KB/s) - ‘bsv032’ saved [82249/82249]

--2017-02-03 06:24:34--  http://doi.org/10.1093/cdj/bsv037
Connecting to doi.org (doi.org)|38.100.138.163|:80... connected.
HTTP request sent, awaiting response... 303 See Other
Location: https://academic.oup.com/cdj/article-lookup/doi/10.1093/cdj/bsv037 [following]
--2017-02-03 06:24:35--  https://academic.oup.com/cdj/article-lookup/doi/10.1093/cdj/bsv037
Connecting to academic.oup.com (academic.oup.com)|173.254.190.144|:443... connected.
HTTP request sent, awaiting response... 200 OK
Length: 129793 (127K) [text/html]
Saving to: ‘bsv037’

     0K .......... .......... .......... .......... .......... 39%  209K 0s
    50K .......... .......... .......... .......... .......... 78%  605K 0s
   100K .......... .......... ......                          100% 15.1M=0.3s

2017-02-03 06:24:39 (392 KB/s) - ‘bsv037’ saved [129793/129793]

--2017-02-03 06:24:40--  http://doi.org/10.1093/cdj/bsv035
Connecting to doi.org (doi.org)|38.100.138.163|:80... connected.
HTTP request sent, awaiting response... 303 See Other
Location: https://academic.oup.com/cdj/article-lookup/doi/10.1093/cdj/bsv035 [following]
--2017-02-03 06:24:41--  https://academic.oup.com/cdj/article-lookup/doi/10.1093/cdj/bsv035
Connecting to academic.oup.com (academic.oup.com)|173.254.190.144|:443... connected.
HTTP request sent, awaiting response... 200 OK
Length: 170050 (166K) [text/html]
Saving to: ‘bsv035’

     0K .......... .......... .......... .......... .......... 30%  207K 1s
    50K .......... .......... .......... .......... .......... 60%  605K 0s
   100K .......... .......... .......... .......... .......... 90%  601K 0s
   150K .......... ......                                     100%  210K=0.5s

2017-02-03 06:24:46 (343 KB/s) - ‘bsv035’ saved [170050/170050]

--2017-02-03 06:24:47--  http://doi.org/10.1093/cdj/bsv033
Connecting to doi.org (doi.org)|38.100.138.163|:80... connected.
HTTP request sent, awaiting response... 303 See Other
Location: https://academic.oup.com/cdj/article-lookup/doi/10.1093/cdj/bsv033 [following]
--2017-02-03 06:24:48--  https://academic.oup.com/cdj/article-lookup/doi/10.1093/cdj/bsv033
Connecting to academic.oup.com (academic.oup.com)|173.254.190.144|:443... connected.
HTTP request sent, awaiting response... 200 OK
Length: 214619 (210K) [text/html]
Saving to: ‘bsv033’

     0K .......... .......... .......... .......... .......... 23%  206K 1s
    50K .......... .......... .......... .......... .......... 47%  607K 0s
   100K .......... .......... .......... .......... .......... 71%  605K 0s
   150K .......... .......... .......... .......... .......... 95%  610K 0s
   200K .........                                             100%  268K=0.5s

2017-02-03 06:24:55 (399 KB/s) - ‘bsv033’ saved [214619/214619]

--2017-02-03 06:24:56--  http://doi.org/10.1093/cdj/bsv039
Connecting to doi.org (doi.org)|38.100.138.163|:80... connected.
HTTP request sent, awaiting response... 303 See Other
Location: https://academic.oup.com/cdj/article-lookup/doi/10.1093/cdj/bsv039 [following]
--2017-02-03 06:24:57--  https://academic.oup.com/cdj/article-lookup/doi/10.1093/cdj/bsv039
Connecting to academic.oup.com (academic.oup.com)|173.254.190.144|:443... connected.
HTTP request sent, awaiting response... 200 OK
Length: 132007 (129K) [text/html]
Saving to: ‘bsv039’

     0K .......... .......... .......... .......... .......... 38%  208K 0s
    50K .......... .......... .......... .......... .......... 77%  598K 0s
   100K .......... .......... ........                        100%  370K=0.4s

2017-02-03 06:25:02 (320 KB/s) - ‘bsv039’ saved [132007/132007]

--2017-02-03 06:25:03--  http://doi.org/10.1093/cdj/bsv034
Connecting to doi.org (doi.org)|38.100.138.163|:80... connected.
HTTP request sent, awaiting response... 303 See Other
Location: https://academic.oup.com/cdj/article-lookup/doi/10.1093/cdj/bsv034 [following]
--2017-02-03 06:25:05--  https://academic.oup.com/cdj/article-lookup/doi/10.1093/cdj/bsv034
Connecting to academic.oup.com (academic.oup.com)|173.254.190.144|:443... connected.
HTTP request sent, awaiting response... 200 OK
Length: 181426 (177K) [text/html]
Saving to: ‘bsv034’

     0K .......... .......... .......... .......... .......... 28%  208K 1s
    50K .......... .......... .......... .......... .......... 56%  578K 0s
   100K .......... .......... .......... .......... .......... 84%  596K 0s
   150K .......... .......... .......                         100%  358K=0.5s

2017-02-03 06:25:08 (364 KB/s) - ‘bsv034’ saved [181426/181426]

--2017-02-03 06:25:09--  http://doi.org/10.1093/cdj/bsv038
Connecting to doi.org (doi.org)|38.100.138.163|:80... connected.
HTTP request sent, awaiting response... 303 See Other
Location: https://academic.oup.com/cdj/article-lookup/doi/10.1093/cdj/bsv038 [following]
--2017-02-03 06:25:10--  https://academic.oup.com/cdj/article-lookup/doi/10.1093/cdj/bsv038
Connecting to academic.oup.com (academic.oup.com)|173.254.190.144|:443... connected.
HTTP request sent, awaiting response... 200 OK
Length: 142762 (139K) [text/html]
Saving to: ‘bsv038’

     0K .......... .......... .......... .......... .......... 35%  209K 0s
    50K .......... .......... .......... .......... .......... 71%  599K 0s
   100K .......... .......... .......... .........            100%  489K=0.4s

2017-02-03 06:25:14 (346 KB/s) - ‘bsv038’ saved [142762/142762]

--2017-02-03 06:25:15--  http://doi.org/10.1093/cdj/bsv031
Connecting to doi.org (doi.org)|38.100.138.163|:80... connected.
HTTP request sent, awaiting response... 303 See Other
Location: https://academic.oup.com/cdj/article-lookup/doi/10.1093/cdj/bsv031 [following]
--2017-02-03 06:25:16--  https://academic.oup.com/cdj/article-lookup/doi/10.1093/cdj/bsv031
Connecting to academic.oup.com (academic.oup.com)|173.254.190.144|:443... connected.
HTTP request sent, awaiting response... 200 OK
Length: 213613 (209K) [text/html]
Saving to: ‘bsv031’

     0K .......... .......... .......... .......... .......... 23%  209K 1s
    50K .......... .......... .......... .......... .......... 47%  600K 0s
   100K .......... .......... .......... .......... .......... 71%  606K 0s
   150K .......... .......... .......... .......... .......... 95%  418K 0s
   200K ........                                              100% 11.2M=0.5s

2017-02-03 06:25:21 (397 KB/s) - ‘bsv031’ saved [213613/213613]

--2017-02-03 06:25:22--  http://doi.org/10.1093/cdj/bsv030
Connecting to doi.org (doi.org)|38.100.138.163|:80... connected.
HTTP request sent, awaiting response... 303 See Other
Location: https://academic.oup.com/cdj/article-lookup/doi/10.1093/cdj/bsv030 [following]
--2017-02-03 06:25:23--  https://academic.oup.com/cdj/article-lookup/doi/10.1093/cdj/bsv030
Connecting to academic.oup.com (academic.oup.com)|173.254.190.144|:443... connected.
HTTP request sent, awaiting response... 200 OK
Length: 71826 (70K) [text/html]
Saving to: ‘bsv030’

     0K .......... .......... .......... .......... .......... 71%  209K 0s
    50K .......... ..........                                 100% 17.1M=0.2s

2017-02-03 06:25:26 (292 KB/s) - ‘bsv030’ saved [71826/71826]

--2017-02-03 06:25:27--  http://doi.org/10.1093/cdj/bsv036
Connecting to doi.org (doi.org)|38.100.138.163|:80... connected.
HTTP request sent, awaiting response... 303 See Other
Location: https://academic.oup.com/cdj/article-lookup/doi/10.1093/cdj/bsv036 [following]
--2017-02-03 06:25:28--  https://academic.oup.com/cdj/article-lookup/doi/10.1093/cdj/bsv036
Connecting to academic.oup.com (academic.oup.com)|173.254.190.144|:443... connected.
HTTP request sent, awaiting response... 200 OK
Length: 209009 (204K) [text/html]
Saving to: ‘bsv036’

     0K .......... .......... .......... .......... .......... 24%  209K 1s
    50K .......... .......... .......... .......... .......... 48%  605K 0s
   100K .......... .......... .......... .......... .......... 73%  610K 0s
   150K .......... .......... .......... .......... .......... 97%  559K 0s
   200K ....                                                  100% 18.4M=0.5s

2017-02-03 06:25:31 (413 KB/s) - ‘bsv036’ saved [209009/209009]

--2017-02-03 06:25:32--  http://doi.org/10.1093/cdj/bsv029
Connecting to doi.org (doi.org)|38.100.138.163|:80... connected.
HTTP request sent, awaiting response... 303 See Other
Location: https://academic.oup.com/cdj/article-lookup/doi/10.1093/cdj/bsv029 [following]
--2017-02-03 06:25:34--  https://academic.oup.com/cdj/article-lookup/doi/10.1093/cdj/bsv029
Connecting to academic.oup.com (academic.oup.com)|173.254.190.144|:443... connected.
HTTP request sent, awaiting response... 200 OK
Length: 78091 (76K) [text/html]
Saving to: ‘bsv029’

     0K .......... .......... .......... .......... .......... 65%  208K 0s
    50K .......... .......... ......                          100% 14.1M=0.2s

2017-02-03 06:25:36 (315 KB/s) - ‘bsv029’ saved [78091/78091]

--2017-02-03 06:25:37--  http://doi.org/10.1093/cdj/bsv028
Connecting to doi.org (doi.org)|38.100.138.163|:80... connected.
HTTP request sent, awaiting response... 303 See Other
Location: https://academic.oup.com/cdj/article-lookup/doi/10.1093/cdj/bsv028 [following]
--2017-02-03 06:25:38--  https://academic.oup.com/cdj/article-lookup/doi/10.1093/cdj/bsv028
Connecting to academic.oup.com (academic.oup.com)|173.254.190.144|:443... connected.
HTTP request sent, awaiting response... 200 OK
Length: 82008 (80K) [text/html]
Saving to: ‘bsv028’

     0K .......... .......... .......... .......... .......... 62%  309K 0s
    50K .......... .......... ..........                      100%  376K=0.2s

2017-02-03 06:25:41 (331 KB/s) - ‘bsv028’ saved [82008/82008]

--2017-02-03 06:25:42--  http://doi.org/10.1093/cdj/bsv027
Connecting to doi.org (doi.org)|38.100.138.163|:80... connected.
HTTP request sent, awaiting response... 303 See Other
Location: https://academic.oup.com/cdj/article-lookup/doi/10.1093/cdj/bsv027 [following]
--2017-02-03 06:25:43--  https://academic.oup.com/cdj/article-lookup/doi/10.1093/cdj/bsv027
Connecting to academic.oup.com (academic.oup.com)|173.254.190.144|:443... connected.
HTTP request sent, awaiting response... 400 Bad Request
2017-02-03 06:25:44 ERROR 400: Bad Request.

--2017-02-03 06:25:45--  http://doi.org/10.1093/cdj/bsv025
Connecting to doi.org (doi.org)|38.100.138.163|:80... connected.
HTTP request sent, awaiting response... 303 See Other
Location: https://academic.oup.com/cdj/article-lookup/doi/10.1093/cdj/bsv025 [following]
--2017-02-03 06:25:46--  https://academic.oup.com/cdj/article-lookup/doi/10.1093/cdj/bsv025
Connecting to academic.oup.com (academic.oup.com)|173.254.190.144|:443... connected.
HTTP request sent, awaiting response... 200 OK
Length: 156357 (153K) [text/html]
Saving to: ‘bsv025’

     0K .......... .......... .......... .......... .......... 32%  209K 0s
    50K .......... .......... .......... .......... .......... 65%  610K 0s
   100K .......... .......... .......... .......... .......... 98%  611K 0s
   150K ..                                                    100% 5135G=0.4s

2017-02-03 06:25:49 (379 KB/s) - ‘bsv025’ saved [156357/156357]

--2017-02-03 06:25:50--  http://doi.org/10.1093/cdj/bsv023
Connecting to doi.org (doi.org)|38.100.138.163|:80... connected.
HTTP request sent, awaiting response... 303 See Other
Location: https://academic.oup.com/cdj/article-lookup/doi/10.1093/cdj/bsv023 [following]
--2017-02-03 06:25:51--  https://academic.oup.com/cdj/article-lookup/doi/10.1093/cdj/bsv023
Connecting to academic.oup.com (academic.oup.com)|173.254.190.144|:443... connected.
HTTP request sent, awaiting response... 200 OK
Length: 185109 (181K) [text/html]
Saving to: ‘bsv023’

     0K .......... .......... .......... .......... .......... 27%  209K 1s
    50K .......... .......... .......... .......... .......... 55%  607K 0s
   100K .......... .......... .......... .......... .......... 82%  612K 0s
   150K .......... .......... ..........                      100%  370K=0.5s

2017-02-03 06:25:55 (371 KB/s) - ‘bsv023’ saved [185109/185109]

--2017-02-03 06:25:56--  http://doi.org/10.1093/cdj/bsv026
Connecting to doi.org (doi.org)|38.100.138.163|:80... connected.
HTTP request sent, awaiting response... 303 See Other
Location: https://academic.oup.com/cdj/article-lookup/doi/10.1093/cdj/bsv026 [following]
--2017-02-03 06:25:57--  https://academic.oup.com/cdj/article-lookup/doi/10.1093/cdj/bsv026
Connecting to academic.oup.com (academic.oup.com)|173.254.190.144|:443... connected.
HTTP request sent, awaiting response... 200 OK
Length: 237808 (232K) [text/html]
Saving to: ‘bsv026’

     0K .......... .......... .......... .......... .......... 21%  206K 1s
    50K .......... .......... .......... .......... .......... 43%  603K 0s
   100K .......... .......... .......... .......... .......... 64%  611K 0s
   150K .......... .......... .......... .......... .......... 86%  608K 0s
   200K .......... .......... .......... ..                   100%  399K=0.6s

2017-02-03 06:26:01 (407 KB/s) - ‘bsv026’ saved [237808/237808]

--2017-02-03 06:26:02--  http://doi.org/10.1093/cdj/bsv024
Connecting to doi.org (doi.org)|38.100.138.163|:80... connected.
HTTP request sent, awaiting response... 303 See Other
Location: https://academic.oup.com/cdj/article-lookup/doi/10.1093/cdj/bsv024 [following]
--2017-02-03 06:26:03--  https://academic.oup.com/cdj/article-lookup/doi/10.1093/cdj/bsv024
Connecting to academic.oup.com (academic.oup.com)|173.254.190.144|:443... connected.
HTTP request sent, awaiting response... 200 OK
Length: 182508 (178K) [text/html]
Saving to: ‘bsv024’

     0K .......... .......... .......... .......... .......... 28%  309K 0s
    50K .......... .......... .......... .......... .......... 56%  310K 0s
   100K .......... .......... .......... .......... .......... 84%  593K 0s
   150K .......... .......... ........                        100%  362K=0.5s

2017-02-03 06:26:09 (367 KB/s) - ‘bsv024’ saved [182508/182508]

--2017-02-03 06:26:10--  http://doi.org/10.1093/cdj/bsv022
Connecting to doi.org (doi.org)|38.100.138.163|:80... connected.
HTTP request sent, awaiting response... 303 See Other
Location: https://academic.oup.com/cdj/article-lookup/doi/10.1093/cdj/bsv022 [following]
--2017-02-03 06:26:11--  https://academic.oup.com/cdj/article-lookup/doi/10.1093/cdj/bsv022
Connecting to academic.oup.com (academic.oup.com)|173.254.190.144|:443... connected.
HTTP request sent, awaiting response... 200 OK
Length: 196430 (192K) [text/html]
Saving to: ‘bsv022’

     0K .......... .......... .......... .......... .......... 26%  209K 1s
    50K .......... .......... .......... .......... .......... 52%  612K 0s
   100K .......... .......... .......... .......... .......... 78%  602K 0s
   150K .......... .......... .......... .......... .         100%  509K=0.5s

2017-02-03 06:26:18 (394 KB/s) - ‘bsv022’ saved [196430/196430]

FINISHED --2017-02-03 06:26:18--
Total wall clock time: 11m 29s
Downloaded: 77 files, 10M in 27s (388 KB/s)
