--2017-02-03 06:56:48--  http://doi.org/10.1093/chinesejil/jmx001
Resolving doi.org (doi.org)... 38.100.138.163, 54.191.229.235, 38.100.138.162, ...
Connecting to doi.org (doi.org)|38.100.138.163|:80... connected.
HTTP request sent, awaiting response... 303 See Other
Location: http://fdslive.oup.com/www.oup.com/pdf/production_in_progress.pdf [following]
--2017-02-03 06:56:54--  http://fdslive.oup.com/www.oup.com/pdf/production_in_progress.pdf
Resolving fdslive.oup.com (fdslive.oup.com)... 193.67.160.201
Connecting to fdslive.oup.com (fdslive.oup.com)|193.67.160.201|:80... connected.
HTTP request sent, awaiting response... 200 OK
Length: 52438 (51K) [application/pdf]
Saving to: ‘jmx001’

     0K .......... .......... .......... .......... .......... 97% 1.30M 0s
    50K .                                                     100% 2306G=0.04s

2017-02-03 06:56:54 (1.33 MB/s) - ‘jmx001’ saved [52438/52438]

--2017-02-03 06:56:55--  http://doi.org/10.1093/chinesejil/jmx002
Connecting to doi.org (doi.org)|38.100.138.163|:80... connected.
HTTP request sent, awaiting response... 303 See Other
Location: http://fdslive.oup.com/www.oup.com/pdf/production_in_progress.pdf [following]
--2017-02-03 06:56:56--  http://fdslive.oup.com/www.oup.com/pdf/production_in_progress.pdf
Connecting to fdslive.oup.com (fdslive.oup.com)|193.67.160.201|:80... connected.
HTTP request sent, awaiting response... 200 OK
Length: 52438 (51K) [application/pdf]
Saving to: ‘jmx002’

     0K .......... .......... .......... .......... .......... 97% 1.17M 0s
    50K .                                                     100% 2306G=0.04s

2017-02-03 06:56:56 (1.20 MB/s) - ‘jmx002’ saved [52438/52438]

--2017-02-03 06:56:57--  http://doi.org/10.1093/chinesejil/jmw036
Connecting to doi.org (doi.org)|38.100.138.163|:80... connected.
HTTP request sent, awaiting response... 303 See Other
Location: https://academic.oup.com/chinesejil/article-lookup/doi/10.1093/chinesejil/jmw036 [following]
--2017-02-03 06:56:58--  https://academic.oup.com/chinesejil/article-lookup/doi/10.1093/chinesejil/jmw036
Resolving academic.oup.com (academic.oup.com)... 173.254.190.144
Connecting to academic.oup.com (academic.oup.com)|173.254.190.144|:443... connected.
HTTP request sent, awaiting response... 200 OK
Length: 195332 (191K) [text/html]
Saving to: ‘jmw036’

     0K .......... .......... .......... .......... .......... 26%  208K 1s
    50K .......... .......... .......... .......... .......... 52%  587K 0s
   100K .......... .......... .......... .......... .......... 78%  614K 0s
   150K .......... .......... .......... ..........           100%  502K=0.5s

2017-02-03 06:57:06 (391 KB/s) - ‘jmw036’ saved [195332/195332]

--2017-02-03 06:57:07--  http://doi.org/10.1093/chinesejil/jmw038
Connecting to doi.org (doi.org)|38.100.138.163|:80... connected.
HTTP request sent, awaiting response... 303 See Other
Location: https://academic.oup.com/chinesejil/article-lookup/doi/10.1093/chinesejil/jmw038 [following]
--2017-02-03 06:57:08--  https://academic.oup.com/chinesejil/article-lookup/doi/10.1093/chinesejil/jmw038
Connecting to academic.oup.com (academic.oup.com)|173.254.190.144|:443... connected.
HTTP request sent, awaiting response... 200 OK
Length: 147032 (144K) [text/html]
Saving to: ‘jmw038’

     0K .......... .......... .......... .......... .......... 34%  209K 0s
    50K .......... .......... .......... .......... .......... 69%  602K 0s
   100K .......... .......... .......... .......... ...       100%  542K=0.4s

2017-02-03 06:57:11 (356 KB/s) - ‘jmw038’ saved [147032/147032]

--2017-02-03 06:57:12--  http://doi.org/10.1093/chinesejil/jmw048
Connecting to doi.org (doi.org)|38.100.138.163|:80... connected.
HTTP request sent, awaiting response... 303 See Other
Location: https://academic.oup.com/chinesejil/article-lookup/doi/10.1093/chinesejil/jmw048 [following]
--2017-02-03 06:57:14--  https://academic.oup.com/chinesejil/article-lookup/doi/10.1093/chinesejil/jmw048
Connecting to academic.oup.com (academic.oup.com)|173.254.190.144|:443... connected.
HTTP request sent, awaiting response... 200 OK
Length: 119393 (117K) [text/html]
Saving to: ‘jmw048’

     0K .......... .......... .......... .......... .......... 42%  209K 0s
    50K .......... .......... .......... .......... .......... 85%  610K 0s
   100K .......... ......                                     100% 8.54M=0.3s

2017-02-03 06:57:18 (361 KB/s) - ‘jmw048’ saved [119393/119393]

--2017-02-03 06:57:19--  http://doi.org/10.1093/chinesejil/jmw039
Connecting to doi.org (doi.org)|38.100.138.163|:80... connected.
HTTP request sent, awaiting response... 303 See Other
Location: https://academic.oup.com/chinesejil/article-lookup/doi/10.1093/chinesejil/jmw039 [following]
--2017-02-03 06:57:20--  https://academic.oup.com/chinesejil/article-lookup/doi/10.1093/chinesejil/jmw039
Connecting to academic.oup.com (academic.oup.com)|173.254.190.144|:443... connected.
HTTP request sent, awaiting response... 200 OK
Length: 106153 (104K) [text/html]
Saving to: ‘jmw039’

     0K .......... .......... .......... .......... .......... 48%  209K 0s
    50K .......... .......... .......... .......... .......... 96%  608K 0s
   100K ...                                                   100% 6991G=0.3s

2017-02-03 06:57:24 (322 KB/s) - ‘jmw039’ saved [106153/106153]

--2017-02-03 06:57:25--  http://doi.org/10.1093/chinesejil/jmw047
Connecting to doi.org (doi.org)|38.100.138.163|:80... connected.
HTTP request sent, awaiting response... 303 See Other
Location: https://academic.oup.com/chinesejil/article-lookup/doi/10.1093/chinesejil/jmw047 [following]
--2017-02-03 06:57:27--  https://academic.oup.com/chinesejil/article-lookup/doi/10.1093/chinesejil/jmw047
Connecting to academic.oup.com (academic.oup.com)|173.254.190.144|:443... connected.
HTTP request sent, awaiting response... 200 OK
Length: 164423 (161K) [text/html]
Saving to: ‘jmw047’

     0K .......... .......... .......... .......... .......... 31%  309K 0s
    50K .......... .......... .......... .......... .......... 62%  311K 0s
   100K .......... .......... .......... .......... .......... 93%  612K 0s
   150K ..........                                            100% 5.14M=0.4s

2017-02-03 06:57:29 (395 KB/s) - ‘jmw047’ saved [164423/164423]

--2017-02-03 06:57:30--  http://doi.org/10.1093/chinesejil/jmw041
Connecting to doi.org (doi.org)|38.100.138.163|:80... connected.
HTTP request sent, awaiting response... 303 See Other
Location: https://academic.oup.com/chinesejil/article-lookup/doi/10.1093/chinesejil/jmw041 [following]
--2017-02-03 06:57:32--  https://academic.oup.com/chinesejil/article-lookup/doi/10.1093/chinesejil/jmw041
Connecting to academic.oup.com (academic.oup.com)|173.254.190.144|:443... connected.
HTTP request sent, awaiting response... 400 Bad Request
2017-02-03 06:57:32 ERROR 400: Bad Request.

--2017-02-03 06:57:33--  http://doi.org/10.1093/chinesejil/jmw042
Connecting to doi.org (doi.org)|38.100.138.163|:80... connected.
HTTP request sent, awaiting response... 303 See Other
Location: https://academic.oup.com/chinesejil/article-lookup/doi/10.1093/chinesejil/jmw042 [following]
--2017-02-03 06:57:35--  https://academic.oup.com/chinesejil/article-lookup/doi/10.1093/chinesejil/jmw042
Connecting to academic.oup.com (academic.oup.com)|173.254.190.144|:443... connected.
HTTP request sent, awaiting response... 200 OK
Length: 219491 (214K) [text/html]
Saving to: ‘jmw042’

     0K .......... .......... .......... .......... .......... 23%  207K 1s
    50K .......... .......... .......... .......... .......... 46%  606K 0s
   100K .......... .......... .......... .......... .......... 69%  612K 0s
   150K .......... .......... .......... .......... .......... 93%  604K 0s
   200K .......... ....                                       100%  182K=0.6s

2017-02-03 06:57:38 (378 KB/s) - ‘jmw042’ saved [219491/219491]

--2017-02-03 06:57:39--  http://doi.org/10.1093/chinesejil/jmw043
Connecting to doi.org (doi.org)|38.100.138.163|:80... connected.
HTTP request sent, awaiting response... 303 See Other
Location: https://academic.oup.com/chinesejil/article-lookup/doi/10.1093/chinesejil/jmw043 [following]
--2017-02-03 06:57:40--  https://academic.oup.com/chinesejil/article-lookup/doi/10.1093/chinesejil/jmw043
Connecting to academic.oup.com (academic.oup.com)|173.254.190.144|:443... connected.
HTTP request sent, awaiting response... 200 OK
Length: 146907 (143K) [text/html]
Saving to: ‘jmw043’

     0K .......... .......... .......... .......... .......... 34%  310K 0s
    50K .......... .......... .......... .......... .......... 69%  313K 0s
   100K .......... .......... .......... .......... ...       100%  524K=0.4s

2017-02-03 06:57:43 (355 KB/s) - ‘jmw043’ saved [146907/146907]

--2017-02-03 06:57:44--  http://doi.org/10.1093/chinesejil/jmw044
Connecting to doi.org (doi.org)|38.100.138.163|:80... connected.
HTTP request sent, awaiting response... 303 See Other
Location: https://academic.oup.com/chinesejil/article-lookup/doi/10.1093/chinesejil/jmw044 [following]
--2017-02-03 06:57:46--  https://academic.oup.com/chinesejil/article-lookup/doi/10.1093/chinesejil/jmw044
Connecting to academic.oup.com (academic.oup.com)|173.254.190.144|:443... connected.
HTTP request sent, awaiting response... 200 OK
Length: 74396 (73K) [text/html]
Saving to: ‘jmw044’

     0K .......... .......... .......... .......... .......... 68%  209K 0s
    50K .......... .......... ..                              100% 10.8M=0.2s

2017-02-03 06:57:51 (301 KB/s) - ‘jmw044’ saved [74396/74396]

--2017-02-03 06:57:52--  http://doi.org/10.1093/chinesejil/jmw040
Connecting to doi.org (doi.org)|38.100.138.163|:80... connected.
HTTP request sent, awaiting response... 303 See Other
Location: https://academic.oup.com/chinesejil/article-lookup/doi/10.1093/chinesejil/jmw040 [following]
--2017-02-03 06:57:54--  https://academic.oup.com/chinesejil/article-lookup/doi/10.1093/chinesejil/jmw040
Connecting to academic.oup.com (academic.oup.com)|173.254.190.144|:443... connected.
HTTP request sent, awaiting response... 200 OK
Length: 89948 (88K) [text/html]
Saving to: ‘jmw040’

     0K .......... .......... .......... .......... .......... 56%  309K 0s
    50K .......... .......... .......... .......              100%  469K=0.2s

2017-02-03 06:57:56 (362 KB/s) - ‘jmw040’ saved [89948/89948]

--2017-02-03 06:57:57--  http://doi.org/10.1093/chinesejil/jmw045
Connecting to doi.org (doi.org)|38.100.138.163|:80... connected.
HTTP request sent, awaiting response... 303 See Other
Location: https://academic.oup.com/chinesejil/article-lookup/doi/10.1093/chinesejil/jmw045 [following]
--2017-02-03 06:57:58--  https://academic.oup.com/chinesejil/article-lookup/doi/10.1093/chinesejil/jmw045
Connecting to academic.oup.com (academic.oup.com)|173.254.190.144|:443... connected.
HTTP request sent, awaiting response... 200 OK
Length: 72339 (71K) [text/html]
Saving to: ‘jmw045’

     0K .......... .......... .......... .......... .......... 70%  209K 0s
    50K .......... ..........                                 100% 16.7M=0.2s

2017-02-03 06:58:01 (294 KB/s) - ‘jmw045’ saved [72339/72339]

--2017-02-03 06:58:02--  http://doi.org/10.1093/chinesejil/jmw046
Connecting to doi.org (doi.org)|38.100.138.163|:80... connected.
HTTP request sent, awaiting response... 303 See Other
Location: https://academic.oup.com/chinesejil/article-lookup/doi/10.1093/chinesejil/jmw046 [following]
--2017-02-03 06:58:03--  https://academic.oup.com/chinesejil/article-lookup/doi/10.1093/chinesejil/jmw046
Connecting to academic.oup.com (academic.oup.com)|173.254.190.144|:443... connected.
HTTP request sent, awaiting response... 200 OK
Length: 163783 (160K) [text/html]
Saving to: ‘jmw046’

     0K .......... .......... .......... .......... .......... 31%  209K 1s
    50K .......... .......... .......... .......... .......... 62%  606K 0s
   100K .......... .......... .......... .......... .......... 93%  614K 0s
   150K .........                                             100% 11.8M=0.4s

2017-02-03 06:58:06 (396 KB/s) - ‘jmw046’ saved [163783/163783]

--2017-02-03 06:58:07--  http://doi.org/10.1093/chinesejil/jmw030
Connecting to doi.org (doi.org)|38.100.138.163|:80... connected.
HTTP request sent, awaiting response... 303 See Other
Location: https://academic.oup.com/chinesejil/article-lookup/doi/10.1093/chinesejil/jmw030 [following]
--2017-02-03 06:58:08--  https://academic.oup.com/chinesejil/article-lookup/doi/10.1093/chinesejil/jmw030
Connecting to academic.oup.com (academic.oup.com)|173.254.190.144|:443... connected.
HTTP request sent, awaiting response... 200 OK
Length: 212842 (208K) [text/html]
Saving to: ‘jmw030’

     0K .......... .......... .......... .......... .......... 24%  209K 1s
    50K .......... .......... .......... .......... .......... 48%  601K 0s
   100K .......... .......... .......... .......... .......... 72%  610K 0s
   150K .......... .......... .......... .......... .......... 96%  315K 0s
   200K .......                                               100% 38.7M=0.6s

2017-02-03 06:58:12 (369 KB/s) - ‘jmw030’ saved [212842/212842]

--2017-02-03 06:58:13--  http://doi.org/10.1093/chinesejil/jmw032
Connecting to doi.org (doi.org)|38.100.138.163|:80... connected.
HTTP request sent, awaiting response... 303 See Other
Location: https://academic.oup.com/chinesejil/article-lookup/doi/10.1093/chinesejil/jmw032 [following]
--2017-02-03 06:58:14--  https://academic.oup.com/chinesejil/article-lookup/doi/10.1093/chinesejil/jmw032
Connecting to academic.oup.com (academic.oup.com)|173.254.190.144|:443... connected.
HTTP request sent, awaiting response... 200 OK
Length: 171569 (168K) [text/html]
Saving to: ‘jmw032’

     0K .......... .......... .......... .......... .......... 29%  207K 1s
    50K .......... .......... .......... .......... .......... 59%  606K 0s
   100K .......... .......... .......... .......... .......... 89%  606K 0s
   150K .......... .......                                    100% 11.0M=0.4s

2017-02-03 06:58:17 (411 KB/s) - ‘jmw032’ saved [171569/171569]

--2017-02-03 06:58:18--  http://doi.org/10.1093/chinesejil/jmw027
Connecting to doi.org (doi.org)|38.100.138.163|:80... connected.
HTTP request sent, awaiting response... 303 See Other
Location: https://academic.oup.com/chinesejil/article-lookup/doi/10.1093/chinesejil/jmw027 [following]
--2017-02-03 06:58:19--  https://academic.oup.com/chinesejil/article-lookup/doi/10.1093/chinesejil/jmw027
Connecting to academic.oup.com (academic.oup.com)|173.254.190.144|:443... connected.
HTTP request sent, awaiting response... 200 OK
Length: 167869 (164K) [text/html]
Saving to: ‘jmw027’

     0K .......... .......... .......... .......... .......... 30%  209K 1s
    50K .......... .......... .......... .......... .......... 60%  606K 0s
   100K .......... .......... .......... .......... .......... 91%  611K 0s
   150K .......... ...                                        100% 10.8M=0.4s

2017-02-03 06:58:23 (405 KB/s) - ‘jmw027’ saved [167869/167869]

--2017-02-03 06:58:24--  http://doi.org/10.1093/chinesejil/jmw028
Connecting to doi.org (doi.org)|38.100.138.163|:80... connected.
HTTP request sent, awaiting response... 303 See Other
Location: https://academic.oup.com/chinesejil/article-lookup/doi/10.1093/chinesejil/jmw028 [following]
--2017-02-03 06:58:25--  https://academic.oup.com/chinesejil/article-lookup/doi/10.1093/chinesejil/jmw028
Connecting to academic.oup.com (academic.oup.com)|173.254.190.144|:443... connected.
HTTP request sent, awaiting response... 200 OK
Length: 135558 (132K) [text/html]
Saving to: ‘jmw028’

     0K .......... .......... .......... .......... .......... 37%  209K 0s
    50K .......... .......... .......... .......... .......... 75%  592K 0s
   100K .......... .......... .......... ..                   100%  421K=0.4s

2017-02-03 06:58:28 (330 KB/s) - ‘jmw028’ saved [135558/135558]

--2017-02-03 06:58:29--  http://doi.org/10.1093/chinesejil/jmw033
Connecting to doi.org (doi.org)|38.100.138.163|:80... connected.
HTTP request sent, awaiting response... 303 See Other
Location: https://academic.oup.com/chinesejil/article-lookup/doi/10.1093/chinesejil/jmw033 [following]
--2017-02-03 06:58:30--  https://academic.oup.com/chinesejil/article-lookup/doi/10.1093/chinesejil/jmw033
Connecting to academic.oup.com (academic.oup.com)|173.254.190.144|:443... connected.
HTTP request sent, awaiting response... 200 OK
Length: 80481 (79K) [text/html]
Saving to: ‘jmw033’

     0K .......... .......... .......... .......... .......... 63%  209K 0s
    50K .......... .......... ........                        100% 11.6M=0.2s

2017-02-03 06:58:34 (325 KB/s) - ‘jmw033’ saved [80481/80481]

--2017-02-03 06:58:35--  http://doi.org/10.1093/chinesejil/jmw029
Connecting to doi.org (doi.org)|38.100.138.163|:80... connected.
HTTP request sent, awaiting response... 303 See Other
Location: https://academic.oup.com/chinesejil/article-lookup/doi/10.1093/chinesejil/jmw029 [following]
--2017-02-03 06:58:36--  https://academic.oup.com/chinesejil/article-lookup/doi/10.1093/chinesejil/jmw029
Connecting to academic.oup.com (academic.oup.com)|173.254.190.144|:443... connected.
HTTP request sent, awaiting response... 200 OK
Length: 84727 (83K) [text/html]
Saving to: ‘jmw029’

     0K .......... .......... .......... .......... .......... 60%  209K 0s
    50K .......... .......... .......... ..                   100% 14.1M=0.2s

2017-02-03 06:58:41 (343 KB/s) - ‘jmw029’ saved [84727/84727]

--2017-02-03 06:58:42--  http://doi.org/10.1093/chinesejil/jmw025
Connecting to doi.org (doi.org)|38.100.138.163|:80... connected.
HTTP request sent, awaiting response... 303 See Other
Location: https://academic.oup.com/chinesejil/article-lookup/doi/10.1093/chinesejil/jmw025 [following]
--2017-02-03 06:58:43--  https://academic.oup.com/chinesejil/article-lookup/doi/10.1093/chinesejil/jmw025
Connecting to academic.oup.com (academic.oup.com)|173.254.190.144|:443... connected.
HTTP request sent, awaiting response... 200 OK
Length: 453920 (443K) [text/html]
Saving to: ‘jmw025’

     0K .......... .......... .......... .......... .......... 11%  209K 2s
    50K .......... .......... .......... .......... .......... 22%  613K 1s
   100K .......... .......... .......... .......... .......... 33%  598K 1s
   150K .......... .......... .......... .......... .......... 45%  315K 1s
   200K .......... .......... .......... .......... .......... 56%  588K 1s
   250K .......... .......... .......... .......... .......... 67%  602K 0s
   300K .......... .......... .......... .......... .......... 78%  611K 0s
   350K .......... .......... .......... .......... .......... 90%  315K 0s
   400K .......... .......... .......... .......... ...       100%  541K=1.1s

2017-02-03 06:58:48 (421 KB/s) - ‘jmw025’ saved [453920/453920]

--2017-02-03 06:58:49--  http://doi.org/10.1093/chinesejil/jmw026
Connecting to doi.org (doi.org)|38.100.138.163|:80... connected.
HTTP request sent, awaiting response... 303 See Other
Location: https://academic.oup.com/chinesejil/article-lookup/doi/10.1093/chinesejil/jmw026 [following]
--2017-02-03 06:58:50--  https://academic.oup.com/chinesejil/article-lookup/doi/10.1093/chinesejil/jmw026
Connecting to academic.oup.com (academic.oup.com)|173.254.190.144|:443... connected.
HTTP request sent, awaiting response... 200 OK
Length: 115536 (113K) [text/html]
Saving to: ‘jmw026’

     0K .......... .......... .......... .......... .......... 44%  209K 0s
    50K .......... .......... .......... .......... .......... 88%  591K 0s
   100K .......... ..                                         100% 33.3M=0.3s

2017-02-03 06:58:53 (348 KB/s) - ‘jmw026’ saved [115536/115536]

--2017-02-03 06:58:54--  http://doi.org/10.1093/chinesejil/jmw023
Connecting to doi.org (doi.org)|38.100.138.163|:80... connected.
HTTP request sent, awaiting response... 303 See Other
Location: https://academic.oup.com/chinesejil/article-lookup/doi/10.1093/chinesejil/jmw023 [following]
--2017-02-03 06:58:55--  https://academic.oup.com/chinesejil/article-lookup/doi/10.1093/chinesejil/jmw023
Connecting to academic.oup.com (academic.oup.com)|173.254.190.144|:443... connected.
HTTP request sent, awaiting response... 200 OK
Length: 124209 (121K) [text/html]
Saving to: ‘jmw023’

     0K .......... .......... .......... .......... .......... 41%  209K 0s
    50K .......... .......... .......... .......... .......... 82%  609K 0s
   100K .......... .......... .                               100% 13.7M=0.3s

2017-02-03 06:58:59 (376 KB/s) - ‘jmw023’ saved [124209/124209]

--2017-02-03 06:59:00--  http://doi.org/10.1093/chinesejil/jmw021
Connecting to doi.org (doi.org)|38.100.138.163|:80... connected.
HTTP request sent, awaiting response... 303 See Other
Location: https://academic.oup.com/chinesejil/article-lookup/doi/10.1093/chinesejil/jmw021 [following]
--2017-02-03 06:59:01--  https://academic.oup.com/chinesejil/article-lookup/doi/10.1093/chinesejil/jmw021
Connecting to academic.oup.com (academic.oup.com)|173.254.190.144|:443... connected.
HTTP request sent, awaiting response... 200 OK
Length: 172743 (169K) [text/html]
Saving to: ‘jmw021’

     0K .......... .......... .......... .......... .......... 29%  209K 1s
    50K .......... .......... .......... .......... .......... 59%  598K 0s
   100K .......... .......... .......... .......... .......... 88%  613K 0s
   150K .......... ........                                   100%  509K=0.4s

2017-02-03 06:59:05 (382 KB/s) - ‘jmw021’ saved [172743/172743]

--2017-02-03 06:59:06--  http://doi.org/10.1093/chinesejil/jmw024
Connecting to doi.org (doi.org)|38.100.138.163|:80... connected.
HTTP request sent, awaiting response... 303 See Other
Location: https://academic.oup.com/chinesejil/article-lookup/doi/10.1093/chinesejil/jmw024 [following]
--2017-02-03 06:59:07--  https://academic.oup.com/chinesejil/article-lookup/doi/10.1093/chinesejil/jmw024
Connecting to academic.oup.com (academic.oup.com)|173.254.190.144|:443... connected.
HTTP request sent, awaiting response... 200 OK
Length: 149609 (146K) [text/html]
Saving to: ‘jmw024’

     0K .......... .......... .......... .......... .......... 34%  212K 0s
    50K .......... .......... .......... .......... .......... 68%  613K 0s
   100K .......... .......... .......... .......... ......    100%  575K=0.4s

2017-02-03 06:59:12 (367 KB/s) - ‘jmw024’ saved [149609/149609]

--2017-02-03 06:59:13--  http://doi.org/10.1093/chinesejil/jmw022
Connecting to doi.org (doi.org)|38.100.138.163|:80... connected.
HTTP request sent, awaiting response... 303 See Other
Location: https://academic.oup.com/chinesejil/article-lookup/doi/10.1093/chinesejil/jmw022 [following]
--2017-02-03 06:59:14--  https://academic.oup.com/chinesejil/article-lookup/doi/10.1093/chinesejil/jmw022
Connecting to academic.oup.com (academic.oup.com)|173.254.190.144|:443... connected.
HTTP request sent, awaiting response... 200 OK
Length: 97523 (95K) [text/html]
Saving to: ‘jmw022’

     0K .......... .......... .......... .......... .......... 52%  210K 0s
    50K .......... .......... .......... .......... .....     100%  568K=0.3s

2017-02-03 06:59:17 (300 KB/s) - ‘jmw022’ saved [97523/97523]

--2017-02-03 06:59:18--  http://doi.org/10.1093/chinesejil/jmw020
Connecting to doi.org (doi.org)|38.100.138.163|:80... connected.
HTTP request sent, awaiting response... 303 See Other
Location: https://academic.oup.com/chinesejil/article-lookup/doi/10.1093/chinesejil/jmw020 [following]
--2017-02-03 06:59:19--  https://academic.oup.com/chinesejil/article-lookup/doi/10.1093/chinesejil/jmw020
Connecting to academic.oup.com (academic.oup.com)|173.254.190.144|:443... connected.
HTTP request sent, awaiting response... 200 OK
Length: 78603 (77K) [text/html]
Saving to: ‘jmw020’

     0K .......... .......... .......... .......... .......... 65%  210K 0s
    50K .......... .......... ......                          100% 13.9M=0.2s

2017-02-03 06:59:22 (320 KB/s) - ‘jmw020’ saved [78603/78603]

--2017-02-03 06:59:23--  http://doi.org/10.1093/chinesejil/jmw019
Connecting to doi.org (doi.org)|38.100.138.163|:80... connected.
HTTP request sent, awaiting response... 303 See Other
Location: https://academic.oup.com/chinesejil/article-lookup/doi/10.1093/chinesejil/jmw019 [following]
--2017-02-03 06:59:24--  https://academic.oup.com/chinesejil/article-lookup/doi/10.1093/chinesejil/jmw019
Connecting to academic.oup.com (academic.oup.com)|173.254.190.144|:443... connected.
HTTP request sent, awaiting response... 200 OK
Length: 238151 (233K) [text/html]
Saving to: ‘jmw019’

     0K .......... .......... .......... .......... .......... 21%  210K 1s
    50K .......... .......... .......... .......... .......... 42%  615K 0s
   100K .......... .......... .......... .......... .......... 64%  610K 0s
   150K .......... .......... .......... .......... .......... 85%  315K 0s
   200K .......... .......... .......... ..                   100% 12.1M=0.6s

2017-02-03 06:59:28 (414 KB/s) - ‘jmw019’ saved [238151/238151]

--2017-02-03 06:59:29--  http://doi.org/10.1093/chinesejil/jmw011
Connecting to doi.org (doi.org)|38.100.138.163|:80... connected.
HTTP request sent, awaiting response... 303 See Other
Location: https://academic.oup.com/chinesejil/article-lookup/doi/10.1093/chinesejil/jmw011 [following]
--2017-02-03 06:59:30--  https://academic.oup.com/chinesejil/article-lookup/doi/10.1093/chinesejil/jmw011
Connecting to academic.oup.com (academic.oup.com)|173.254.190.144|:443... connected.
HTTP request sent, awaiting response... 200 OK
Length: 176424 (172K) [text/html]
Saving to: ‘jmw011’

     0K .......... .......... .......... .......... .......... 29%  212K 1s
    50K .......... .......... .......... .......... .......... 58%  619K 0s
   100K .......... .......... .......... .......... .......... 87%  588K 0s
   150K .......... .......... ..                              100%  301K=0.5s

2017-02-03 06:59:33 (362 KB/s) - ‘jmw011’ saved [176424/176424]

--2017-02-03 06:59:34--  http://doi.org/10.1093/chinesejil/jmw004
Connecting to doi.org (doi.org)|38.100.138.163|:80... connected.
HTTP request sent, awaiting response... 303 See Other
Location: https://academic.oup.com/chinesejil/article-lookup/doi/10.1093/chinesejil/jmw004 [following]
--2017-02-03 06:59:35--  https://academic.oup.com/chinesejil/article-lookup/doi/10.1093/chinesejil/jmw004
Connecting to academic.oup.com (academic.oup.com)|173.254.190.144|:443... connected.
HTTP request sent, awaiting response... 200 OK
Length: 92570 (90K) [text/html]
Saving to: ‘jmw004’

     0K .......... .......... .......... .......... .......... 55%  211K 0s
    50K .......... .......... .......... ..........           100% 10.3M=0.2s

2017-02-03 06:59:38 (375 KB/s) - ‘jmw004’ saved [92570/92570]

--2017-02-03 06:59:39--  http://doi.org/10.1093/chinesejil/jmw006
Connecting to doi.org (doi.org)|38.100.138.163|:80... connected.
HTTP request sent, awaiting response... 303 See Other
Location: https://academic.oup.com/chinesejil/article-lookup/doi/10.1093/chinesejil/jmw006 [following]
--2017-02-03 06:59:40--  https://academic.oup.com/chinesejil/article-lookup/doi/10.1093/chinesejil/jmw006
Connecting to academic.oup.com (academic.oup.com)|173.254.190.144|:443... connected.
HTTP request sent, awaiting response... 200 OK
Length: 178777 (175K) [text/html]
Saving to: ‘jmw006’

     0K .......... .......... .......... .......... .......... 28%  313K 0s
    50K .......... .......... .......... .......... .......... 57%  314K 0s
   100K .......... .......... .......... .......... .......... 85%  587K 0s
   150K .......... .......... ....                            100%  311K=0.5s

2017-02-03 06:59:47 (361 KB/s) - ‘jmw006’ saved [178777/178777]

--2017-02-03 06:59:48--  http://doi.org/10.1093/chinesejil/jmw005
Connecting to doi.org (doi.org)|38.100.138.163|:80... connected.
HTTP request sent, awaiting response... 303 See Other
Location: https://academic.oup.com/chinesejil/article-lookup/doi/10.1093/chinesejil/jmw005 [following]
--2017-02-03 06:59:49--  https://academic.oup.com/chinesejil/article-lookup/doi/10.1093/chinesejil/jmw005
Connecting to academic.oup.com (academic.oup.com)|173.254.190.144|:443... connected.
HTTP request sent, awaiting response... 200 OK
Length: 170608 (167K) [text/html]
Saving to: ‘jmw005’

     0K .......... .......... .......... .......... .......... 30%  211K 1s
    50K .......... .......... .......... .......... .......... 60%  617K 0s
   100K .......... .......... .......... .......... .......... 90%  606K 0s
   150K .......... ......                                     100%  222K=0.5s

2017-02-03 06:59:53 (350 KB/s) - ‘jmw005’ saved [170608/170608]

--2017-02-03 06:59:54--  http://doi.org/10.1093/chinesejil/jmw010
Connecting to doi.org (doi.org)|38.100.138.163|:80... connected.
HTTP request sent, awaiting response... 303 See Other
Location: https://academic.oup.com/chinesejil/article-lookup/doi/10.1093/chinesejil/jmw010 [following]
--2017-02-03 06:59:55--  https://academic.oup.com/chinesejil/article-lookup/doi/10.1093/chinesejil/jmw010
Connecting to academic.oup.com (academic.oup.com)|173.254.190.144|:443... connected.
HTTP request sent, awaiting response... 200 OK
Length: 95383 (93K) [text/html]
Saving to: ‘jmw010’

     0K .......... .......... .......... .......... .......... 53%  210K 0s
    50K .......... .......... .......... .......... ...       100%  534K=0.3s

2017-02-03 06:59:58 (292 KB/s) - ‘jmw010’ saved [95383/95383]

--2017-02-03 06:59:59--  http://doi.org/10.1093/chinesejil/jmw003
Connecting to doi.org (doi.org)|38.100.138.163|:80... connected.
HTTP request sent, awaiting response... 303 See Other
Location: https://academic.oup.com/chinesejil/article-lookup/doi/10.1093/chinesejil/jmw003 [following]
--2017-02-03 07:00:00--  https://academic.oup.com/chinesejil/article-lookup/doi/10.1093/chinesejil/jmw003
Connecting to academic.oup.com (academic.oup.com)|173.254.190.144|:443... connected.
HTTP request sent, awaiting response... 200 OK
Length: 175710 (172K) [text/html]
Saving to: ‘jmw003’

     0K .......... .......... .......... .......... .......... 29%  203K 1s
    50K .......... .......... .......... .......... .......... 58%  621K 0s
   100K .......... .......... .......... .......... .......... 87%  611K 0s
   150K .......... .......... .                               100%  279K=0.5s

2017-02-03 07:00:04 (353 KB/s) - ‘jmw003’ saved [175710/175710]

--2017-02-03 07:00:05--  http://doi.org/10.1093/chinesejil/jmw008
Connecting to doi.org (doi.org)|38.100.138.163|:80... connected.
HTTP request sent, awaiting response... 303 See Other
Location: https://academic.oup.com/chinesejil/article-lookup/doi/10.1093/chinesejil/jmw008 [following]
--2017-02-03 07:00:06--  https://academic.oup.com/chinesejil/article-lookup/doi/10.1093/chinesejil/jmw008
Connecting to academic.oup.com (academic.oup.com)|173.254.190.144|:443... connected.
HTTP request sent, awaiting response... 400 Bad Request
2017-02-03 07:00:07 ERROR 400: Bad Request.

--2017-02-03 07:00:08--  http://doi.org/10.1093/chinesejil/jmv056
Connecting to doi.org (doi.org)|38.100.138.163|:80... connected.
HTTP request sent, awaiting response... 303 See Other
Location: https://academic.oup.com/chinesejil/article-lookup/doi/10.1093/chinesejil/jmv056 [following]
--2017-02-03 07:00:09--  https://academic.oup.com/chinesejil/article-lookup/doi/10.1093/chinesejil/jmv056
Connecting to academic.oup.com (academic.oup.com)|173.254.190.144|:443... connected.
HTTP request sent, awaiting response... 200 OK
Length: 109957 (107K) [text/html]
Saving to: ‘jmv056’

     0K .......... .......... .......... .......... .......... 46%  210K 0s
    50K .......... .......... .......... .......... .......... 93%  601K 0s
   100K .......                                               100% 29.2M=0.3s

2017-02-03 07:00:13 (334 KB/s) - ‘jmv056’ saved [109957/109957]

--2017-02-03 07:00:14--  http://doi.org/10.1093/chinesejil/jmw007
Connecting to doi.org (doi.org)|38.100.138.163|:80... connected.
HTTP request sent, awaiting response... 303 See Other
Location: https://academic.oup.com/chinesejil/article-lookup/doi/10.1093/chinesejil/jmw007 [following]
--2017-02-03 07:00:15--  https://academic.oup.com/chinesejil/article-lookup/doi/10.1093/chinesejil/jmw007
Connecting to academic.oup.com (academic.oup.com)|173.254.190.144|:443... connected.
HTTP request sent, awaiting response... 200 OK
Length: 73524 (72K) [text/html]
Saving to: ‘jmw007’

     0K .......... .......... .......... .......... .......... 69%  211K 0s
    50K .......... .......... .                               100% 14.1M=0.2s

2017-02-03 07:00:19 (301 KB/s) - ‘jmw007’ saved [73524/73524]

--2017-02-03 07:00:20--  http://doi.org/10.1093/chinesejil/jmw009
Connecting to doi.org (doi.org)|38.100.138.163|:80... connected.
HTTP request sent, awaiting response... 303 See Other
Location: https://academic.oup.com/chinesejil/article-lookup/doi/10.1093/chinesejil/jmw009 [following]
--2017-02-03 07:00:21--  https://academic.oup.com/chinesejil/article-lookup/doi/10.1093/chinesejil/jmw009
Connecting to academic.oup.com (academic.oup.com)|173.254.190.144|:443... connected.
HTTP request sent, awaiting response... 200 OK
Length: 103442 (101K) [text/html]
Saving to: ‘jmw009’

     0K .......... .......... .......... .......... .......... 49%  212K 0s
    50K .......... .......... .......... .......... .......... 98%  618K 0s
   100K .                                                     100% 1941G=0.3s

2017-02-03 07:00:24 (319 KB/s) - ‘jmw009’ saved [103442/103442]

--2017-02-03 07:00:25--  http://doi.org/10.1093/chinesejil/jmw002
Connecting to doi.org (doi.org)|38.100.138.163|:80... connected.
HTTP request sent, awaiting response... 303 See Other
Location: https://academic.oup.com/chinesejil/article-lookup/doi/10.1093/chinesejil/jmw002 [following]
--2017-02-03 07:00:26--  https://academic.oup.com/chinesejil/article-lookup/doi/10.1093/chinesejil/jmw002
Connecting to academic.oup.com (academic.oup.com)|173.254.190.144|:443... connected.
HTTP request sent, awaiting response... 200 OK
Length: 167746 (164K) [text/html]
Saving to: ‘jmw002’

     0K .......... .......... .......... .......... .......... 30%  211K 1s
    50K .......... .......... .......... .......... .......... 61%  613K 0s
   100K .......... .......... .......... .......... .......... 91%  618K 0s
   150K .......... ...                                        100%  362K=0.4s

2017-02-03 07:00:30 (375 KB/s) - ‘jmw002’ saved [167746/167746]

--2017-02-03 07:00:31--  http://doi.org/10.1093/chinesejil/jmw001
Connecting to doi.org (doi.org)|38.100.138.163|:80... connected.
HTTP request sent, awaiting response... 303 See Other
Location: https://academic.oup.com/chinesejil/article-lookup/doi/10.1093/chinesejil/jmw001 [following]
--2017-02-03 07:00:32--  https://academic.oup.com/chinesejil/article-lookup/doi/10.1093/chinesejil/jmw001
Connecting to academic.oup.com (academic.oup.com)|173.254.190.144|:443... connected.
HTTP request sent, awaiting response... 400 Bad Request
2017-02-03 07:00:33 ERROR 400: Bad Request.

--2017-02-03 07:00:34--  http://doi.org/10.1093/chinesejil/jmv062
Connecting to doi.org (doi.org)|38.100.138.163|:80... connected.
HTTP request sent, awaiting response... 303 See Other
Location: https://academic.oup.com/chinesejil/article-lookup/doi/10.1093/chinesejil/jmv062 [following]
--2017-02-03 07:00:35--  https://academic.oup.com/chinesejil/article-lookup/doi/10.1093/chinesejil/jmv062
Connecting to academic.oup.com (academic.oup.com)|173.254.190.144|:443... connected.
HTTP request sent, awaiting response... 200 OK
Length: 72173 (70K) [text/html]
Saving to: ‘jmv062’

     0K .......... .......... .......... .......... .......... 70%  211K 0s
    50K .......... ..........                                 100% 14.9M=0.2s

2017-02-03 07:00:38 (296 KB/s) - ‘jmv062’ saved [72173/72173]

--2017-02-03 07:00:39--  http://doi.org/10.1093/chinesejil/jmw049
Connecting to doi.org (doi.org)|38.100.138.163|:80... connected.
HTTP request sent, awaiting response... 303 See Other
Location: http://fdslive.oup.com/www.oup.com/pdf/production_in_progress.pdf [following]
--2017-02-03 07:00:40--  http://fdslive.oup.com/www.oup.com/pdf/production_in_progress.pdf
Connecting to fdslive.oup.com (fdslive.oup.com)|193.67.160.201|:80... connected.
HTTP request sent, awaiting response... 200 OK
Length: 52438 (51K) [application/pdf]
Saving to: ‘jmw049’

     0K .......... .......... .......... .......... .......... 97% 1.25M 0s
    50K .                                                     100% 2306G=0.04s

2017-02-03 07:00:40 (1.28 MB/s) - ‘jmw049’ saved [52438/52438]

--2017-02-03 07:00:41--  http://doi.org/10.1093/chinesejil/jmw034
Connecting to doi.org (doi.org)|38.100.138.163|:80... connected.
HTTP request sent, awaiting response... 303 See Other
Location: https://academic.oup.com/chinesejil/article-lookup/doi/10.1093/chinesejil/jmw034 [following]
--2017-02-03 07:00:42--  https://academic.oup.com/chinesejil/article-lookup/doi/10.1093/chinesejil/jmw034
Connecting to academic.oup.com (academic.oup.com)|173.254.190.144|:443... connected.
HTTP request sent, awaiting response... 200 OK
Length: 133578 (130K) [text/html]
Saving to: ‘jmw034’

     0K .......... .......... .......... .......... .......... 38%  211K 0s
    50K .......... .......... .......... .......... .......... 76%  613K 0s
   100K .......... .......... ..........                      100%  386K=0.4s

2017-02-03 07:00:46 (328 KB/s) - ‘jmw034’ saved [133578/133578]

--2017-02-03 07:00:47--  http://doi.org/10.1093/chinesejil/jmw035
Connecting to doi.org (doi.org)|38.100.138.163|:80... connected.
HTTP request sent, awaiting response... 303 See Other
Location: https://academic.oup.com/chinesejil/article-lookup/doi/10.1093/chinesejil/jmw035 [following]
--2017-02-03 07:00:48--  https://academic.oup.com/chinesejil/article-lookup/doi/10.1093/chinesejil/jmw035
Connecting to academic.oup.com (academic.oup.com)|173.254.190.144|:443... connected.
HTTP request sent, awaiting response... 200 OK
Length: 235237 (230K) [text/html]
Saving to: ‘jmw035’

     0K .......... .......... .......... .......... .......... 21%  211K 1s
    50K .......... .......... .......... .......... .......... 43%  618K 0s
   100K .......... .......... .......... .......... .......... 65%  612K 0s
   150K .......... .......... .......... .......... .......... 87%  616K 0s
   200K .......... .......... .........                       100%  379K=0.6s

2017-02-03 07:00:51 (411 KB/s) - ‘jmw035’ saved [235237/235237]

--2017-02-03 07:00:52--  http://doi.org/10.1093/chinesejil/jmw037
Connecting to doi.org (doi.org)|38.100.138.163|:80... connected.
HTTP request sent, awaiting response... 303 See Other
Location: https://academic.oup.com/chinesejil/article-lookup/doi/10.1093/chinesejil/jmw037 [following]
--2017-02-03 07:00:53--  https://academic.oup.com/chinesejil/article-lookup/doi/10.1093/chinesejil/jmw037
Connecting to academic.oup.com (academic.oup.com)|173.254.190.144|:443... connected.
HTTP request sent, awaiting response... 400 Bad Request
2017-02-03 07:00:54 ERROR 400: Bad Request.

--2017-02-03 07:00:55--  http://doi.org/10.1093/chinesejil/jmv059
Connecting to doi.org (doi.org)|38.100.138.163|:80... connected.
HTTP request sent, awaiting response... 303 See Other
Location: https://academic.oup.com/chinesejil/article-lookup/doi/10.1093/chinesejil/jmv059 [following]
--2017-02-03 07:00:56--  https://academic.oup.com/chinesejil/article-lookup/doi/10.1093/chinesejil/jmv059
Connecting to academic.oup.com (academic.oup.com)|173.254.190.144|:443... connected.
HTTP request sent, awaiting response... 200 OK
Length: 80828 (79K) [text/html]
Saving to: ‘jmv059’

     0K .......... .......... .......... .......... .......... 63%  209K 0s
    50K .......... .......... ........                        100% 10.9M=0.2s

2017-02-03 07:00:59 (327 KB/s) - ‘jmv059’ saved [80828/80828]

--2017-02-03 07:01:00--  http://doi.org/10.1093/chinesejil/jmv061
Connecting to doi.org (doi.org)|38.100.138.163|:80... connected.
HTTP request sent, awaiting response... 303 See Other
Location: https://academic.oup.com/chinesejil/article-lookup/doi/10.1093/chinesejil/jmv061 [following]
--2017-02-03 07:01:01--  https://academic.oup.com/chinesejil/article-lookup/doi/10.1093/chinesejil/jmv061
Connecting to academic.oup.com (academic.oup.com)|173.254.190.144|:443... connected.
HTTP request sent, awaiting response... 400 Bad Request
2017-02-03 07:01:02 ERROR 400: Bad Request.

--2017-02-03 07:01:03--  http://doi.org/10.1093/chinesejil/jmv066
Connecting to doi.org (doi.org)|38.100.138.163|:80... connected.
HTTP request sent, awaiting response... 303 See Other
Location: https://academic.oup.com/chinesejil/article-lookup/doi/10.1093/chinesejil/jmv066 [following]
--2017-02-03 07:01:04--  https://academic.oup.com/chinesejil/article-lookup/doi/10.1093/chinesejil/jmv066
Connecting to academic.oup.com (academic.oup.com)|173.254.190.144|:443... connected.
HTTP request sent, awaiting response... 200 OK
Length: 64478 (63K) [text/html]
Saving to: ‘jmv066’

     0K .......... .......... .......... .......... .......... 79%  209K 0s
    50K .......... ..                                         100% 14.4M=0.2s

2017-02-03 07:01:07 (262 KB/s) - ‘jmv066’ saved [64478/64478]

--2017-02-03 07:01:08--  http://doi.org/10.1093/chinesejil/jmv064
Connecting to doi.org (doi.org)|38.100.138.163|:80... connected.
HTTP request sent, awaiting response... 303 See Other
Location: https://academic.oup.com/chinesejil/article-lookup/doi/10.1093/chinesejil/jmv064 [following]
--2017-02-03 07:01:09--  https://academic.oup.com/chinesejil/article-lookup/doi/10.1093/chinesejil/jmv064
Connecting to academic.oup.com (academic.oup.com)|173.254.190.144|:443... connected.
HTTP request sent, awaiting response... 200 OK
Length: 79671 (78K) [text/html]
Saving to: ‘jmv064’

     0K .......... .......... .......... .......... .......... 64%  209K 0s
    50K .......... .......... .......                         100% 13.8M=0.2s

2017-02-03 07:01:14 (323 KB/s) - ‘jmv064’ saved [79671/79671]

--2017-02-03 07:01:15--  http://doi.org/10.1093/chinesejil/jmv067
Connecting to doi.org (doi.org)|38.100.138.163|:80... connected.
HTTP request sent, awaiting response... 303 See Other
Location: https://academic.oup.com/chinesejil/article-lookup/doi/10.1093/chinesejil/jmv067 [following]
--2017-02-03 07:01:16--  https://academic.oup.com/chinesejil/article-lookup/doi/10.1093/chinesejil/jmv067
Connecting to academic.oup.com (academic.oup.com)|173.254.190.144|:443... connected.
HTTP request sent, awaiting response... 200 OK
Length: 64602 (63K) [text/html]
Saving to: ‘jmv067’

     0K .......... .......... .......... .......... .......... 79%  309K 0s
    50K .......... ...                                        100%  167K=0.2s

2017-02-03 07:01:20 (263 KB/s) - ‘jmv067’ saved [64602/64602]

--2017-02-03 07:01:21--  http://doi.org/10.1093/chinesejil/jmv065
Connecting to doi.org (doi.org)|38.100.138.163|:80... connected.
HTTP request sent, awaiting response... 303 See Other
Location: https://academic.oup.com/chinesejil/article-lookup/doi/10.1093/chinesejil/jmv065 [following]
--2017-02-03 07:01:22--  https://academic.oup.com/chinesejil/article-lookup/doi/10.1093/chinesejil/jmv065
Connecting to academic.oup.com (academic.oup.com)|173.254.190.144|:443... connected.
HTTP request sent, awaiting response... 200 OK
Length: 64516 (63K) [text/html]
Saving to: ‘jmv065’

     0K .......... .......... .......... .......... .......... 79%  209K 0s
    50K .......... ...                                        100% 15.8M=0.2s

2017-02-03 07:01:24 (262 KB/s) - ‘jmv065’ saved [64516/64516]

--2017-02-03 07:01:25--  http://doi.org/10.1093/chinesejil/jmv063
Connecting to doi.org (doi.org)|38.100.138.163|:80... connected.
HTTP request sent, awaiting response... 303 See Other
Location: https://academic.oup.com/chinesejil/article-lookup/doi/10.1093/chinesejil/jmv063 [following]
--2017-02-03 07:01:27--  https://academic.oup.com/chinesejil/article-lookup/doi/10.1093/chinesejil/jmv063
Connecting to academic.oup.com (academic.oup.com)|173.254.190.144|:443... connected.
HTTP request sent, awaiting response... 200 OK
Length: 64489 (63K) [text/html]
Saving to: ‘jmv063’

     0K .......... .......... .......... .......... .......... 79%  208K 0s
    50K .......... ..                                         100% 18.9M=0.2s

2017-02-03 07:01:29 (261 KB/s) - ‘jmv063’ saved [64489/64489]

--2017-02-03 07:01:31--  http://doi.org/10.1093/chinesejil/jmv069
Connecting to doi.org (doi.org)|38.100.138.163|:80... connected.
HTTP request sent, awaiting response... 303 See Other
Location: https://academic.oup.com/chinesejil/article-lookup/doi/10.1093/chinesejil/jmv069 [following]
--2017-02-03 07:01:32--  https://academic.oup.com/chinesejil/article-lookup/doi/10.1093/chinesejil/jmv069
Connecting to academic.oup.com (academic.oup.com)|173.254.190.144|:443... connected.
HTTP request sent, awaiting response... 200 OK
Length: 64739 (63K) [text/html]
Saving to: ‘jmv069’

     0K .......... .......... .......... .......... .......... 79%  209K 0s
    50K .......... ...                                        100% 13.9M=0.2s

2017-02-03 07:01:34 (263 KB/s) - ‘jmv069’ saved [64739/64739]

--2017-02-03 07:01:35--  http://doi.org/10.1093/chinesejil/jmv068
Connecting to doi.org (doi.org)|38.100.138.163|:80... connected.
HTTP request sent, awaiting response... 303 See Other
Location: https://academic.oup.com/chinesejil/article-lookup/doi/10.1093/chinesejil/jmv068 [following]
--2017-02-03 07:01:36--  https://academic.oup.com/chinesejil/article-lookup/doi/10.1093/chinesejil/jmv068
Connecting to academic.oup.com (academic.oup.com)|173.254.190.144|:443... connected.
HTTP request sent, awaiting response... 200 OK
Length: 64426 (63K) [text/html]
Saving to: ‘jmv068’

     0K .......... .......... .......... .......... .......... 79%  209K 0s
    50K .......... ..                                         100% 18.0M=0.2s

2017-02-03 07:01:40 (262 KB/s) - ‘jmv068’ saved [64426/64426]

--2017-02-03 07:01:41--  http://doi.org/10.1093/chinesejil/jmv054
Connecting to doi.org (doi.org)|38.100.138.163|:80... connected.
HTTP request sent, awaiting response... 303 See Other
Location: https://academic.oup.com/chinesejil/article-lookup/doi/10.1093/chinesejil/jmv054 [following]
--2017-02-03 07:01:42--  https://academic.oup.com/chinesejil/article-lookup/doi/10.1093/chinesejil/jmv054
Connecting to academic.oup.com (academic.oup.com)|173.254.190.144|:443... connected.
HTTP request sent, awaiting response... 200 OK
Length: 133264 (130K) [text/html]
Saving to: ‘jmv054’

     0K .......... .......... .......... .......... .......... 38%  209K 0s
    50K .......... .......... .......... .......... .......... 76%  604K 0s
   100K .......... .......... ..........                      100%  379K=0.4s

2017-02-03 07:01:45 (324 KB/s) - ‘jmv054’ saved [133264/133264]

--2017-02-03 07:01:46--  http://doi.org/10.1093/chinesejil/jmv060
Connecting to doi.org (doi.org)|38.100.138.163|:80... connected.
HTTP request sent, awaiting response... 303 See Other
Location: https://academic.oup.com/chinesejil/article-lookup/doi/10.1093/chinesejil/jmv060 [following]
--2017-02-03 07:01:47--  https://academic.oup.com/chinesejil/article-lookup/doi/10.1093/chinesejil/jmv060
Connecting to academic.oup.com (academic.oup.com)|173.254.190.144|:443... connected.
HTTP request sent, awaiting response... 200 OK
Length: 240765 (235K) [text/html]
Saving to: ‘jmv060’

     0K .......... .......... .......... .......... .......... 21%  209K 1s
    50K .......... .......... .......... .......... .......... 42%  598K 0s
   100K .......... .......... .......... .......... .......... 63%  610K 0s
   150K .......... .......... .......... .......... .......... 85%  607K 0s
   200K .......... .......... .......... .....                100%  425K=0.6s

2017-02-03 07:01:51 (413 KB/s) - ‘jmv060’ saved [240765/240765]

--2017-02-03 07:01:52--  http://doi.org/10.1093/chinesejil/jmv057
Connecting to doi.org (doi.org)|38.100.138.163|:80... connected.
HTTP request sent, awaiting response... 303 See Other
Location: https://academic.oup.com/chinesejil/article-lookup/doi/10.1093/chinesejil/jmv057 [following]
--2017-02-03 07:01:53--  https://academic.oup.com/chinesejil/article-lookup/doi/10.1093/chinesejil/jmv057
Connecting to academic.oup.com (academic.oup.com)|173.254.190.144|:443... connected.
HTTP request sent, awaiting response... 400 Bad Request
2017-02-03 07:01:53 ERROR 400: Bad Request.

--2017-02-03 07:01:54--  http://doi.org/10.1093/chinesejil/jmv055
Connecting to doi.org (doi.org)|38.100.138.163|:80... connected.
HTTP request sent, awaiting response... 303 See Other
Location: https://academic.oup.com/chinesejil/article-lookup/doi/10.1093/chinesejil/jmv055 [following]
--2017-02-03 07:01:56--  https://academic.oup.com/chinesejil/article-lookup/doi/10.1093/chinesejil/jmv055
Connecting to academic.oup.com (academic.oup.com)|173.254.190.144|:443... connected.
HTTP request sent, awaiting response... 200 OK
Length: 183797 (179K) [text/html]
Saving to: ‘jmv055’

     0K .......... .......... .......... .......... .......... 27%  209K 1s
    50K .......... .......... .......... .......... .......... 55%  608K 0s
   100K .......... .......... .......... .......... .......... 83%  614K 0s
   150K .......... .......... .........                       100%  367K=0.5s

2017-02-03 07:01:59 (371 KB/s) - ‘jmv055’ saved [183797/183797]

--2017-02-03 07:02:00--  http://doi.org/10.1093/chinesejil/jmv045
Connecting to doi.org (doi.org)|38.100.138.163|:80... connected.
HTTP request sent, awaiting response... 303 See Other
Location: https://academic.oup.com/chinesejil/article-lookup/doi/10.1093/chinesejil/jmv045 [following]
--2017-02-03 07:02:01--  https://academic.oup.com/chinesejil/article-lookup/doi/10.1093/chinesejil/jmv045
Connecting to academic.oup.com (academic.oup.com)|173.254.190.144|:443... connected.
HTTP request sent, awaiting response... 200 OK
Length: 151254 (148K) [text/html]
Saving to: ‘jmv045’

     0K .......... .......... .......... .......... .......... 33%  209K 0s
    50K .......... .......... .......... .......... .......... 67%  609K 0s
   100K .......... .......... .......... .......... .......   100%  586K=0.4s

2017-02-03 07:02:05 (367 KB/s) - ‘jmv045’ saved [151254/151254]

--2017-02-03 07:02:06--  http://doi.org/10.1093/chinesejil/jmv046
Connecting to doi.org (doi.org)|38.100.138.163|:80... connected.
HTTP request sent, awaiting response... 303 See Other
Location: https://academic.oup.com/chinesejil/article-lookup/doi/10.1093/chinesejil/jmv046 [following]
--2017-02-03 07:02:07--  https://academic.oup.com/chinesejil/article-lookup/doi/10.1093/chinesejil/jmv046
Connecting to academic.oup.com (academic.oup.com)|173.254.190.144|:443... connected.
HTTP request sent, awaiting response... 200 OK
Length: 156492 (153K) [text/html]
Saving to: ‘jmv046’

     0K .......... .......... .......... .......... .......... 32%  208K 0s
    50K .......... .......... .......... .......... .......... 65%  608K 0s
   100K .......... .......... .......... .......... .......... 98%  605K 0s
   150K ..                                                    100% 10.8M=0.4s

2017-02-03 07:02:10 (377 KB/s) - ‘jmv046’ saved [156492/156492]

--2017-02-03 07:02:11--  http://doi.org/10.1093/chinesejil/jmv058
Connecting to doi.org (doi.org)|38.100.138.163|:80... connected.
HTTP request sent, awaiting response... 303 See Other
Location: https://academic.oup.com/chinesejil/article-lookup/doi/10.1093/chinesejil/jmv058 [following]
--2017-02-03 07:02:13--  https://academic.oup.com/chinesejil/article-lookup/doi/10.1093/chinesejil/jmv058
Connecting to academic.oup.com (academic.oup.com)|173.254.190.144|:443... connected.
HTTP request sent, awaiting response... 200 OK
Length: 73534 (72K) [text/html]
Saving to: ‘jmv058’

     0K .......... .......... .......... .......... .......... 69%  209K 0s
    50K .......... .......... .                               100% 9.15M=0.2s

2017-02-03 07:02:15 (298 KB/s) - ‘jmv058’ saved [73534/73534]

--2017-02-03 07:02:16--  http://doi.org/10.1093/chinesejil/jmv042
Connecting to doi.org (doi.org)|38.100.138.163|:80... connected.
HTTP request sent, awaiting response... 303 See Other
Location: https://academic.oup.com/chinesejil/article-lookup/doi/10.1093/chinesejil/jmv042 [following]
--2017-02-03 07:02:17--  https://academic.oup.com/chinesejil/article-lookup/doi/10.1093/chinesejil/jmv042
Connecting to academic.oup.com (academic.oup.com)|173.254.190.144|:443... connected.
HTTP request sent, awaiting response... 200 OK
Length: 154701 (151K) [text/html]
Saving to: ‘jmv042’

     0K .......... .......... .......... .......... .......... 33%  209K 0s
    50K .......... .......... .......... .......... .......... 66%  602K 0s
   100K .......... .......... .......... .......... .......... 99%  612K 0s
   150K .                                                     100% 9.68M=0.4s

2017-02-03 07:02:20 (374 KB/s) - ‘jmv042’ saved [154701/154701]

--2017-02-03 07:02:21--  http://doi.org/10.1093/chinesejil/jmv040
Connecting to doi.org (doi.org)|38.100.138.163|:80... connected.
HTTP request sent, awaiting response... 303 See Other
Location: https://academic.oup.com/chinesejil/article-lookup/doi/10.1093/chinesejil/jmv040 [following]
--2017-02-03 07:02:23--  https://academic.oup.com/chinesejil/article-lookup/doi/10.1093/chinesejil/jmv040
Connecting to academic.oup.com (academic.oup.com)|173.254.190.144|:443... connected.
HTTP request sent, awaiting response... 200 OK
Length: 100233 (98K) [text/html]
Saving to: ‘jmv040’

     0K .......... .......... .......... .......... .......... 51%  209K 0s
    50K .......... .......... .......... .......... .......   100%  590K=0.3s

2017-02-03 07:02:26 (305 KB/s) - ‘jmv040’ saved [100233/100233]

--2017-02-03 07:02:27--  http://doi.org/10.1093/chinesejil/jmv053
Connecting to doi.org (doi.org)|38.100.138.163|:80... connected.
HTTP request sent, awaiting response... 303 See Other
Location: https://academic.oup.com/chinesejil/article-lookup/doi/10.1093/chinesejil/jmv053 [following]
--2017-02-03 07:02:28--  https://academic.oup.com/chinesejil/article-lookup/doi/10.1093/chinesejil/jmv053
Connecting to academic.oup.com (academic.oup.com)|173.254.190.144|:443... connected.
HTTP request sent, awaiting response... 400 Bad Request
2017-02-03 07:02:29 ERROR 400: Bad Request.

--2017-02-03 07:02:30--  http://doi.org/10.1093/chinesejil/jmv051
Connecting to doi.org (doi.org)|38.100.138.163|:80... connected.
HTTP request sent, awaiting response... 303 See Other
Location: https://academic.oup.com/chinesejil/article-lookup/doi/10.1093/chinesejil/jmv051 [following]
--2017-02-03 07:02:31--  https://academic.oup.com/chinesejil/article-lookup/doi/10.1093/chinesejil/jmv051
Connecting to academic.oup.com (academic.oup.com)|173.254.190.144|:443... connected.
HTTP request sent, awaiting response... 200 OK
Length: 64604 (63K) [text/html]
Saving to: ‘jmv051’

     0K .......... .......... .......... .......... .......... 79%  209K 0s
    50K .......... ...                                        100% 14.3M=0.2s

2017-02-03 07:02:33 (263 KB/s) - ‘jmv051’ saved [64604/64604]

--2017-02-03 07:02:34--  http://doi.org/10.1093/chinesejil/jmv043
Connecting to doi.org (doi.org)|38.100.138.163|:80... connected.
HTTP request sent, awaiting response... 303 See Other
Location: https://academic.oup.com/chinesejil/article-lookup/doi/10.1093/chinesejil/jmv043 [following]
--2017-02-03 07:02:35--  https://academic.oup.com/chinesejil/article-lookup/doi/10.1093/chinesejil/jmv043
Connecting to academic.oup.com (academic.oup.com)|173.254.190.144|:443... connected.
HTTP request sent, awaiting response... 200 OK
Length: 78278 (76K) [text/html]
Saving to: ‘jmv043’

     0K .......... .......... .......... .......... .......... 65%  209K 0s
    50K .......... .......... ......                          100% 10.7M=0.2s

2017-02-03 07:02:40 (316 KB/s) - ‘jmv043’ saved [78278/78278]

--2017-02-03 07:02:41--  http://doi.org/10.1093/chinesejil/jmv044
Connecting to doi.org (doi.org)|38.100.138.163|:80... connected.
HTTP request sent, awaiting response... 303 See Other
Location: https://academic.oup.com/chinesejil/article-lookup/doi/10.1093/chinesejil/jmv044 [following]
--2017-02-03 07:02:42--  https://academic.oup.com/chinesejil/article-lookup/doi/10.1093/chinesejil/jmv044
Connecting to academic.oup.com (academic.oup.com)|173.254.190.144|:443... connected.
HTTP request sent, awaiting response... 200 OK
Length: 114583 (112K) [text/html]
Saving to: ‘jmv044’

     0K .......... .......... .......... .......... .......... 44%  208K 0s
    50K .......... .......... .......... .......... .......... 89%  607K 0s
   100K .......... .                                          100% 27.2M=0.3s

2017-02-03 07:02:45 (347 KB/s) - ‘jmv044’ saved [114583/114583]

--2017-02-03 07:02:46--  http://doi.org/10.1093/chinesejil/jmv038
Connecting to doi.org (doi.org)|38.100.138.163|:80... connected.
HTTP request sent, awaiting response... 303 See Other
Location: https://academic.oup.com/chinesejil/article-lookup/doi/10.1093/chinesejil/jmv038 [following]
--2017-02-03 07:02:47--  https://academic.oup.com/chinesejil/article-lookup/doi/10.1093/chinesejil/jmv038
Connecting to academic.oup.com (academic.oup.com)|173.254.190.144|:443... connected.
HTTP request sent, awaiting response... 200 OK
Length: 149212 (146K) [text/html]
Saving to: ‘jmv038’

     0K .......... .......... .......... .......... .......... 34%  208K 0s
    50K .......... .......... .......... .......... .......... 68%  598K 0s
   100K .......... .......... .......... .......... .....     100%  567K=0.4s

2017-02-03 07:02:49 (361 KB/s) - ‘jmv038’ saved [149212/149212]

--2017-02-03 07:02:50--  http://doi.org/10.1093/chinesejil/jmv048
Connecting to doi.org (doi.org)|38.100.138.163|:80... connected.
HTTP request sent, awaiting response... 303 See Other
Location: https://academic.oup.com/chinesejil/article-lookup/doi/10.1093/chinesejil/jmv048 [following]
--2017-02-03 07:02:52--  https://academic.oup.com/chinesejil/article-lookup/doi/10.1093/chinesejil/jmv048
Connecting to academic.oup.com (academic.oup.com)|173.254.190.144|:443... connected.
HTTP request sent, awaiting response... 200 OK
Length: 64724 (63K) [text/html]
Saving to: ‘jmv048’

     0K .......... .......... .......... .......... .......... 79%  208K 0s
    50K .......... ...                                        100% 13.0M=0.2s

2017-02-03 07:02:54 (262 KB/s) - ‘jmv048’ saved [64724/64724]

--2017-02-03 07:02:55--  http://doi.org/10.1093/chinesejil/jmv041
Connecting to doi.org (doi.org)|38.100.138.163|:80... connected.
HTTP request sent, awaiting response... 303 See Other
Location: https://academic.oup.com/chinesejil/article-lookup/doi/10.1093/chinesejil/jmv041 [following]
--2017-02-03 07:02:57--  https://academic.oup.com/chinesejil/article-lookup/doi/10.1093/chinesejil/jmv041
Connecting to academic.oup.com (academic.oup.com)|173.254.190.144|:443... connected.
HTTP request sent, awaiting response... 200 OK
Length: 71108 (69K) [text/html]
Saving to: ‘jmv041’

     0K .......... .......... .......... .......... .......... 72%  209K 0s
    50K .......... .........                                  100% 17.0M=0.2s

2017-02-03 07:03:00 (288 KB/s) - ‘jmv041’ saved [71108/71108]

--2017-02-03 07:03:01--  http://doi.org/10.1093/chinesejil/jmv050
Connecting to doi.org (doi.org)|38.100.138.163|:80... connected.
HTTP request sent, awaiting response... 303 See Other
Location: https://academic.oup.com/chinesejil/article-lookup/doi/10.1093/chinesejil/jmv050 [following]
--2017-02-03 07:03:02--  https://academic.oup.com/chinesejil/article-lookup/doi/10.1093/chinesejil/jmv050
Connecting to academic.oup.com (academic.oup.com)|173.254.190.144|:443... connected.
HTTP request sent, awaiting response... 200 OK
Length: 64480 (63K) [text/html]
Saving to: ‘jmv050’

     0K .......... .......... .......... .......... .......... 79%  207K 0s
    50K .......... ..                                         100% 18.2M=0.2s

2017-02-03 07:03:05 (260 KB/s) - ‘jmv050’ saved [64480/64480]

--2017-02-03 07:03:06--  http://doi.org/10.1093/chinesejil/jmv047
Connecting to doi.org (doi.org)|38.100.138.163|:80... connected.
HTTP request sent, awaiting response... 303 See Other
Location: https://academic.oup.com/chinesejil/article-lookup/doi/10.1093/chinesejil/jmv047 [following]
--2017-02-03 07:03:07--  https://academic.oup.com/chinesejil/article-lookup/doi/10.1093/chinesejil/jmv047
Connecting to academic.oup.com (academic.oup.com)|173.254.190.144|:443... connected.
HTTP request sent, awaiting response... 200 OK
Length: 79421 (78K) [text/html]
Saving to: ‘jmv047’

     0K .......... .......... .......... .......... .......... 64%  209K 0s
    50K .......... .......... .......                         100% 10.8M=0.2s

2017-02-03 07:03:12 (321 KB/s) - ‘jmv047’ saved [79421/79421]

--2017-02-03 07:03:13--  http://doi.org/10.1093/chinesejil/jmv039
Connecting to doi.org (doi.org)|38.100.138.163|:80... connected.
HTTP request sent, awaiting response... 303 See Other
Location: https://academic.oup.com/chinesejil/article-lookup/doi/10.1093/chinesejil/jmv039 [following]
--2017-02-03 07:03:14--  https://academic.oup.com/chinesejil/article-lookup/doi/10.1093/chinesejil/jmv039
Connecting to academic.oup.com (academic.oup.com)|173.254.190.144|:443... connected.
HTTP request sent, awaiting response... 200 OK
Length: 210542 (206K) [text/html]
Saving to: ‘jmv039’

     0K .......... .......... .......... .......... .......... 24%  209K 1s
    50K .......... .......... .......... .......... .......... 48%  606K 0s
   100K .......... .......... .......... .......... .......... 72%  613K 0s
   150K .......... .......... .......... .......... .......... 97%  316K 0s
   200K .....                                                 100% 5.80M=0.6s

2017-02-03 07:03:18 (365 KB/s) - ‘jmv039’ saved [210542/210542]

--2017-02-03 07:03:19--  http://doi.org/10.1093/chinesejil/jmv049
Connecting to doi.org (doi.org)|38.100.138.163|:80... connected.
HTTP request sent, awaiting response... 303 See Other
Location: https://academic.oup.com/chinesejil/article-lookup/doi/10.1093/chinesejil/jmv049 [following]
--2017-02-03 07:03:20--  https://academic.oup.com/chinesejil/article-lookup/doi/10.1093/chinesejil/jmv049
Connecting to academic.oup.com (academic.oup.com)|173.254.190.144|:443... connected.
HTTP request sent, awaiting response... 200 OK
Length: 64518 (63K) [text/html]
Saving to: ‘jmv049’

     0K .......... .......... .......... .......... .......... 79%  209K 0s
    50K .......... ...                                        100% 11.9M=0.2s

2017-02-03 07:03:23 (262 KB/s) - ‘jmv049’ saved [64518/64518]

--2017-02-03 07:03:24--  http://doi.org/10.1093/chinesejil/jmv052
Connecting to doi.org (doi.org)|38.100.138.163|:80... connected.
HTTP request sent, awaiting response... 303 See Other
Location: https://academic.oup.com/chinesejil/article-lookup/doi/10.1093/chinesejil/jmv052 [following]
--2017-02-03 07:03:25--  https://academic.oup.com/chinesejil/article-lookup/doi/10.1093/chinesejil/jmv052
Connecting to academic.oup.com (academic.oup.com)|173.254.190.144|:443... connected.
HTTP request sent, awaiting response... 200 OK
Length: 79377 (78K) [text/html]
Saving to: ‘jmv052’

     0K .......... .......... .......... .......... .......... 64%  209K 0s
    50K .......... .......... .......                         100% 12.2M=0.2s

2017-02-03 07:03:28 (320 KB/s) - ‘jmv052’ saved [79377/79377]

--2017-02-03 07:03:29--  http://doi.org/10.1093/chinesejil/jmv028
Connecting to doi.org (doi.org)|38.100.138.163|:80... connected.
HTTP request sent, awaiting response... 303 See Other
Location: https://academic.oup.com/chinesejil/article-lookup/doi/10.1093/chinesejil/jmv028 [following]
--2017-02-03 07:03:30--  https://academic.oup.com/chinesejil/article-lookup/doi/10.1093/chinesejil/jmv028
Connecting to academic.oup.com (academic.oup.com)|173.254.190.144|:443... connected.
HTTP request sent, awaiting response... 200 OK
Length: 308145 (301K) [text/html]
Saving to: ‘jmv028’

     0K .......... .......... .......... .......... .......... 16%  209K 1s
    50K .......... .......... .......... .......... .......... 33%  603K 1s
   100K .......... .......... .......... .......... .......... 49%  612K 0s
   150K .......... .......... .......... .......... .......... 66%  603K 0s
   200K .......... .......... .......... .......... .......... 83%  313K 0s
   250K .......... .......... .......... .......... .......... 99%  607K 0s
   300K                                                       100% 1760G=0.7s

2017-02-03 07:03:35 (412 KB/s) - ‘jmv028’ saved [308145/308145]

--2017-02-03 07:03:36--  http://doi.org/10.1093/chinesejil/jmv025
Connecting to doi.org (doi.org)|38.100.138.163|:80... connected.
HTTP request sent, awaiting response... 303 See Other
Location: https://academic.oup.com/chinesejil/article-lookup/doi/10.1093/chinesejil/jmv025 [following]
--2017-02-03 07:03:37--  https://academic.oup.com/chinesejil/article-lookup/doi/10.1093/chinesejil/jmv025
Connecting to academic.oup.com (academic.oup.com)|173.254.190.144|:443... connected.
HTTP request sent, awaiting response... 200 OK
Length: 145580 (142K) [text/html]
Saving to: ‘jmv025’

     0K .......... .......... .......... .......... .......... 35%  209K 0s
    50K .......... .......... .......... .......... .......... 70%  609K 0s
   100K .......... .......... .......... .......... ..        100%  520K=0.4s

2017-02-03 07:03:41 (353 KB/s) - ‘jmv025’ saved [145580/145580]

--2017-02-03 07:03:42--  http://doi.org/10.1093/chinesejil/jmv029
Connecting to doi.org (doi.org)|38.100.138.163|:80... connected.
HTTP request sent, awaiting response... 303 See Other
Location: https://academic.oup.com/chinesejil/article-lookup/doi/10.1093/chinesejil/jmv029 [following]
--2017-02-03 07:03:43--  https://academic.oup.com/chinesejil/article-lookup/doi/10.1093/chinesejil/jmv029
Connecting to academic.oup.com (academic.oup.com)|173.254.190.144|:443... connected.
HTTP request sent, awaiting response... 200 OK
Length: 252845 (247K) [text/html]
Saving to: ‘jmv029’

     0K .......... .......... .......... .......... .......... 20%  209K 1s
    50K .......... .......... .......... .......... .......... 40%  611K 0s
   100K .......... .......... .......... .......... .......... 60%  599K 0s
   150K .......... .......... .......... .......... .......... 80%  610K 0s
   200K .......... .......... .......... .......... ......    100%  568K=0.6s

2017-02-03 07:03:46 (434 KB/s) - ‘jmv029’ saved [252845/252845]

--2017-02-03 07:03:47--  http://doi.org/10.1093/chinesejil/jmv037
Connecting to doi.org (doi.org)|38.100.138.163|:80... connected.
HTTP request sent, awaiting response... 303 See Other
Location: https://academic.oup.com/chinesejil/article-lookup/doi/10.1093/chinesejil/jmv037 [following]
--2017-02-03 07:03:48--  https://academic.oup.com/chinesejil/article-lookup/doi/10.1093/chinesejil/jmv037
Connecting to academic.oup.com (academic.oup.com)|173.254.190.144|:443... connected.
HTTP request sent, awaiting response... 200 OK
Length: 173613 (170K) [text/html]
Saving to: ‘jmv037’

     0K .......... .......... .......... .......... .......... 29%  208K 1s
    50K .......... .......... .......... .......... .......... 58%  591K 0s
   100K .......... .......... .......... .......... .......... 88%  614K 0s
   150K .......... .........                                  100%  255K=0.5s

2017-02-03 07:03:51 (351 KB/s) - ‘jmv037’ saved [173613/173613]

--2017-02-03 07:03:52--  http://doi.org/10.1093/chinesejil/jmv036
Connecting to doi.org (doi.org)|38.100.138.163|:80... connected.
HTTP request sent, awaiting response... 303 See Other
Location: https://academic.oup.com/chinesejil/article-lookup/doi/10.1093/chinesejil/jmv036 [following]
--2017-02-03 07:03:54--  https://academic.oup.com/chinesejil/article-lookup/doi/10.1093/chinesejil/jmv036
Connecting to academic.oup.com (academic.oup.com)|173.254.190.144|:443... connected.
HTTP request sent, awaiting response... 200 OK
Length: 64733 (63K) [text/html]
Saving to: ‘jmv036’

     0K .......... .......... .......... .......... .......... 79%  209K 0s
    50K .......... ...                                        100% 19.9M=0.2s

2017-02-03 07:03:56 (263 KB/s) - ‘jmv036’ saved [64733/64733]

--2017-02-03 07:03:57--  http://doi.org/10.1093/chinesejil/jmv033
Connecting to doi.org (doi.org)|38.100.138.163|:80... connected.
HTTP request sent, awaiting response... 303 See Other
Location: https://academic.oup.com/chinesejil/article-lookup/doi/10.1093/chinesejil/jmv033 [following]
--2017-02-03 07:03:59--  https://academic.oup.com/chinesejil/article-lookup/doi/10.1093/chinesejil/jmv033
Connecting to academic.oup.com (academic.oup.com)|173.254.190.144|:443... connected.
HTTP request sent, awaiting response... 200 OK
Length: 64472 (63K) [text/html]
Saving to: ‘jmv033’

     0K .......... .......... .......... .......... .......... 79%  309K 0s
    50K .......... ..                                         100%  165K=0.2s

2017-02-03 07:04:03 (262 KB/s) - ‘jmv033’ saved [64472/64472]

--2017-02-03 07:04:04--  http://doi.org/10.1093/chinesejil/jmv023
Connecting to doi.org (doi.org)|38.100.138.163|:80... connected.
HTTP request sent, awaiting response... 303 See Other
Location: https://academic.oup.com/chinesejil/article-lookup/doi/10.1093/chinesejil/jmv023 [following]
--2017-02-03 07:04:05--  https://academic.oup.com/chinesejil/article-lookup/doi/10.1093/chinesejil/jmv023
Connecting to academic.oup.com (academic.oup.com)|173.254.190.144|:443... connected.
HTTP request sent, awaiting response... 200 OK
Length: 203736 (199K) [text/html]
Saving to: ‘jmv023’

     0K .......... .......... .......... .......... .......... 25%  309K 0s
    50K .......... .......... .......... .......... .......... 50%  312K 0s
   100K .......... .......... .......... .......... .......... 75%  610K 0s
   150K .......... .......... .......... .......... ........  100%  598K=0.5s

2017-02-03 07:04:11 (410 KB/s) - ‘jmv023’ saved [203736/203736]

--2017-02-03 07:04:12--  http://doi.org/10.1093/chinesejil/jmv032
Connecting to doi.org (doi.org)|38.100.138.163|:80... connected.
HTTP request sent, awaiting response... 303 See Other
Location: https://academic.oup.com/chinesejil/article-lookup/doi/10.1093/chinesejil/jmv032 [following]
--2017-02-03 07:04:13--  https://academic.oup.com/chinesejil/article-lookup/doi/10.1093/chinesejil/jmv032
Connecting to academic.oup.com (academic.oup.com)|173.254.190.144|:443... connected.
HTTP request sent, awaiting response... 200 OK
Length: 79459 (78K) [text/html]
Saving to: ‘jmv032’

     0K .......... .......... .......... .......... .......... 64%  209K 0s
    50K .......... .......... .......                         100% 11.0M=0.2s

2017-02-03 07:04:16 (321 KB/s) - ‘jmv032’ saved [79459/79459]

--2017-02-03 07:04:17--  http://doi.org/10.1093/chinesejil/jmv034
Connecting to doi.org (doi.org)|38.100.138.163|:80... connected.
HTTP request sent, awaiting response... 303 See Other
Location: https://academic.oup.com/chinesejil/article-lookup/doi/10.1093/chinesejil/jmv034 [following]
--2017-02-03 07:04:18--  https://academic.oup.com/chinesejil/article-lookup/doi/10.1093/chinesejil/jmv034
Connecting to academic.oup.com (academic.oup.com)|173.254.190.144|:443... connected.
HTTP request sent, awaiting response... 200 OK
Length: 64596 (63K) [text/html]
Saving to: ‘jmv034’

     0K .......... .......... .......... .......... .......... 79%  209K 0s
    50K .......... ...                                        100% 14.0M=0.2s

2017-02-03 07:04:22 (263 KB/s) - ‘jmv034’ saved [64596/64596]

--2017-02-03 07:04:23--  http://doi.org/10.1093/chinesejil/jmv024
Connecting to doi.org (doi.org)|38.100.138.163|:80... connected.
HTTP request sent, awaiting response... 303 See Other
Location: https://academic.oup.com/chinesejil/article-lookup/doi/10.1093/chinesejil/jmv024 [following]
--2017-02-03 07:04:24--  https://academic.oup.com/chinesejil/article-lookup/doi/10.1093/chinesejil/jmv024
Connecting to academic.oup.com (academic.oup.com)|173.254.190.144|:443... connected.
HTTP request sent, awaiting response... 200 OK
Length: 207033 (202K) [text/html]
Saving to: ‘jmv024’

     0K .......... .......... .......... .......... .......... 24%  209K 1s
    50K .......... .......... .......... .......... .......... 49%  599K 0s
   100K .......... .......... .......... .......... .......... 74%  606K 0s
   150K .......... .......... .......... .......... .......... 98%  603K 0s
   200K ..                                                    100% 4159G=0.5s

2017-02-03 07:04:27 (414 KB/s) - ‘jmv024’ saved [207033/207033]

--2017-02-03 07:04:28--  http://doi.org/10.1093/chinesejil/jmv027
Connecting to doi.org (doi.org)|38.100.138.163|:80... connected.
HTTP request sent, awaiting response... 303 See Other
Location: https://academic.oup.com/chinesejil/article-lookup/doi/10.1093/chinesejil/jmv027 [following]
--2017-02-03 07:04:29--  https://academic.oup.com/chinesejil/article-lookup/doi/10.1093/chinesejil/jmv027
Connecting to academic.oup.com (academic.oup.com)|173.254.190.144|:443... connected.
HTTP request sent, awaiting response... 200 OK
Length: 212855 (208K) [text/html]
Saving to: ‘jmv027’

     0K .......... .......... .......... .......... .......... 24%  208K 1s
    50K .......... .......... .......... .......... .......... 48%  613K 0s
   100K .......... .......... .......... .......... .......... 72%  599K 0s
   150K .......... .......... .......... .......... .......... 96%  595K 0s
   200K .......                                               100% 16.7M=0.5s

2017-02-03 07:04:32 (425 KB/s) - ‘jmv027’ saved [212855/212855]

--2017-02-03 07:04:33--  http://doi.org/10.1093/chinesejil/jmv031
Connecting to doi.org (doi.org)|38.100.138.163|:80... connected.
HTTP request sent, awaiting response... 303 See Other
Location: https://academic.oup.com/chinesejil/article-lookup/doi/10.1093/chinesejil/jmv031 [following]
--2017-02-03 07:04:34--  https://academic.oup.com/chinesejil/article-lookup/doi/10.1093/chinesejil/jmv031
Connecting to academic.oup.com (academic.oup.com)|173.254.190.144|:443... connected.
HTTP request sent, awaiting response... 400 Bad Request
2017-02-03 07:04:36 ERROR 400: Bad Request.

--2017-02-03 07:04:37--  http://doi.org/10.1093/chinesejil/jmv030
Connecting to doi.org (doi.org)|38.100.138.163|:80... connected.
HTTP request sent, awaiting response... 303 See Other
Location: https://academic.oup.com/chinesejil/article-lookup/doi/10.1093/chinesejil/jmv030 [following]
--2017-02-03 07:04:38--  https://academic.oup.com/chinesejil/article-lookup/doi/10.1093/chinesejil/jmv030
Connecting to academic.oup.com (academic.oup.com)|173.254.190.144|:443... connected.
HTTP request sent, awaiting response... 200 OK
Length: 64465 (63K) [text/html]
Saving to: ‘jmv030’

     0K .......... .......... .......... .......... .......... 79%  209K 0s
    50K .......... ..                                         100% 11.3M=0.2s

2017-02-03 07:04:40 (262 KB/s) - ‘jmv030’ saved [64465/64465]

--2017-02-03 07:04:41--  http://doi.org/10.1093/chinesejil/jmv021
Connecting to doi.org (doi.org)|38.100.138.163|:80... connected.
HTTP request sent, awaiting response... 303 See Other
Location: https://academic.oup.com/chinesejil/article-lookup/doi/10.1093/chinesejil/jmv021 [following]
--2017-02-03 07:04:43--  https://academic.oup.com/chinesejil/article-lookup/doi/10.1093/chinesejil/jmv021
Connecting to academic.oup.com (academic.oup.com)|173.254.190.144|:443... connected.
HTTP request sent, awaiting response... 200 OK
Length: 82620 (81K) [text/html]
Saving to: ‘jmv021’

     0K .......... .......... .......... .......... .......... 61%  209K 0s
    50K .......... .......... ..........                      100% 11.4M=0.2s

2017-02-03 07:04:46 (333 KB/s) - ‘jmv021’ saved [82620/82620]

--2017-02-03 07:04:47--  http://doi.org/10.1093/chinesejil/jmv013
Connecting to doi.org (doi.org)|38.100.138.163|:80... connected.
HTTP request sent, awaiting response... 303 See Other
Location: https://academic.oup.com/chinesejil/article-lookup/doi/10.1093/chinesejil/jmv013 [following]
--2017-02-03 07:04:48--  https://academic.oup.com/chinesejil/article-lookup/doi/10.1093/chinesejil/jmv013
Connecting to academic.oup.com (academic.oup.com)|173.254.190.144|:443... connected.
HTTP request sent, awaiting response... 200 OK
Length: 79794 (78K) [text/html]
Saving to: ‘jmv013’

     0K .......... .......... .......... .......... .......... 64%  209K 0s
    50K .......... .......... .......                         100% 8.93M=0.2s

2017-02-03 07:04:50 (322 KB/s) - ‘jmv013’ saved [79794/79794]

--2017-02-03 07:04:51--  http://doi.org/10.1093/chinesejil/jmv026
Connecting to doi.org (doi.org)|38.100.138.163|:80... connected.
HTTP request sent, awaiting response... 303 See Other
Location: https://academic.oup.com/chinesejil/article-lookup/doi/10.1093/chinesejil/jmv026 [following]
--2017-02-03 07:04:53--  https://academic.oup.com/chinesejil/article-lookup/doi/10.1093/chinesejil/jmv026
Connecting to academic.oup.com (academic.oup.com)|173.254.190.144|:443... connected.
HTTP request sent, awaiting response... 200 OK
Length: 88859 (87K) [text/html]
Saving to: ‘jmv026’

     0K .......... .......... .......... .......... .......... 57%  208K 0s
    50K .......... .......... .......... ......               100% 8.57M=0.2s

2017-02-03 07:04:55 (355 KB/s) - ‘jmv026’ saved [88859/88859]

--2017-02-03 07:04:56--  http://doi.org/10.1093/chinesejil/jmv035
Connecting to doi.org (doi.org)|38.100.138.163|:80... connected.
HTTP request sent, awaiting response... 303 See Other
Location: https://academic.oup.com/chinesejil/article-lookup/doi/10.1093/chinesejil/jmv035 [following]
--2017-02-03 07:04:58--  https://academic.oup.com/chinesejil/article-lookup/doi/10.1093/chinesejil/jmv035
Connecting to academic.oup.com (academic.oup.com)|173.254.190.144|:443... connected.
HTTP request sent, awaiting response... 200 OK
Length: 64420 (63K) [text/html]
Saving to: ‘jmv035’

     0K .......... .......... .......... .......... .......... 79%  209K 0s
    50K .......... ..                                         100% 14.4M=0.2s

2017-02-03 07:05:00 (261 KB/s) - ‘jmv035’ saved [64420/64420]

--2017-02-03 07:05:01--  http://doi.org/10.1093/chinesejil/jmv011
Connecting to doi.org (doi.org)|38.100.138.163|:80... connected.
HTTP request sent, awaiting response... 303 See Other
Location: https://academic.oup.com/chinesejil/article-lookup/doi/10.1093/chinesejil/jmv011 [following]
--2017-02-03 07:05:02--  https://academic.oup.com/chinesejil/article-lookup/doi/10.1093/chinesejil/jmv011
Connecting to academic.oup.com (academic.oup.com)|173.254.190.144|:443... connected.
HTTP request sent, awaiting response... 200 OK
Length: 225584 (220K) [text/html]
Saving to: ‘jmv011’

     0K .......... .......... .......... .......... .......... 22%  209K 1s
    50K .......... .......... .......... .......... .......... 45%  601K 0s
   100K .......... .......... .......... .......... .......... 68%  596K 0s
   150K .......... .......... .......... .......... .......... 90%  602K 0s
   200K .......... ..........                                 100%  256K=0.6s

2017-02-03 07:05:06 (387 KB/s) - ‘jmv011’ saved [225584/225584]

--2017-02-03 07:05:07--  http://doi.org/10.1093/chinesejil/jmv022
Connecting to doi.org (doi.org)|38.100.138.163|:80... connected.
HTTP request sent, awaiting response... 303 See Other
Location: https://academic.oup.com/chinesejil/article-lookup/doi/10.1093/chinesejil/jmv022 [following]
--2017-02-03 07:05:08--  https://academic.oup.com/chinesejil/article-lookup/doi/10.1093/chinesejil/jmv022
Connecting to academic.oup.com (academic.oup.com)|173.254.190.144|:443... connected.
HTTP request sent, awaiting response... 200 OK
Length: 150773 (147K) [text/html]
Saving to: ‘jmv022’

     0K .......... .......... .......... .......... .......... 33%  209K 0s
    50K .......... .......... .......... .......... .......... 67%  606K 0s
   100K .......... .......... .......... .......... .......   100%  581K=0.4s

2017-02-03 07:05:11 (365 KB/s) - ‘jmv022’ saved [150773/150773]

--2017-02-03 07:05:12--  http://doi.org/10.1093/chinesejil/jmv012
Connecting to doi.org (doi.org)|38.100.138.163|:80... connected.
HTTP request sent, awaiting response... 303 See Other
Location: https://academic.oup.com/chinesejil/article-lookup/doi/10.1093/chinesejil/jmv012 [following]
--2017-02-03 07:05:13--  https://academic.oup.com/chinesejil/article-lookup/doi/10.1093/chinesejil/jmv012
Connecting to academic.oup.com (academic.oup.com)|173.254.190.144|:443... connected.
HTTP request sent, awaiting response... 200 OK
Length: 87698 (86K) [text/html]
Saving to: ‘jmv012’

     0K .......... .......... .......... .......... .......... 58%  241K 0s
    50K .......... .......... .......... .....                100%  446K=0.3s

2017-02-03 07:05:16 (298 KB/s) - ‘jmv012’ saved [87698/87698]

--2017-02-03 07:05:17--  http://doi.org/10.1093/chinesejil/jmv014
Connecting to doi.org (doi.org)|38.100.138.163|:80... connected.
HTTP request sent, awaiting response... 303 See Other
Location: https://academic.oup.com/chinesejil/article-lookup/doi/10.1093/chinesejil/jmv014 [following]
--2017-02-03 07:05:18--  https://academic.oup.com/chinesejil/article-lookup/doi/10.1093/chinesejil/jmv014
Connecting to academic.oup.com (academic.oup.com)|173.254.190.144|:443... connected.
HTTP request sent, awaiting response... 200 OK
Length: 64470 (63K) [text/html]
Saving to: ‘jmv014’

     0K .......... .......... .......... .......... .......... 79%  209K 0s
    50K .......... ..                                         100% 13.8M=0.2s

2017-02-03 07:05:21 (262 KB/s) - ‘jmv014’ saved [64470/64470]

--2017-02-03 07:05:22--  http://doi.org/10.1093/chinesejil/jmv005
Connecting to doi.org (doi.org)|38.100.138.163|:80... connected.
HTTP request sent, awaiting response... 303 See Other
Location: https://academic.oup.com/chinesejil/article-lookup/doi/10.1093/chinesejil/jmv005 [following]
--2017-02-03 07:05:23--  https://academic.oup.com/chinesejil/article-lookup/doi/10.1093/chinesejil/jmv005
Connecting to academic.oup.com (academic.oup.com)|173.254.190.144|:443... connected.
HTTP request sent, awaiting response... 200 OK
Length: 218578 (213K) [text/html]
Saving to: ‘jmv005’

     0K .......... .......... .......... .......... .......... 23%  209K 1s
    50K .......... .......... .......... .......... .......... 46%  612K 0s
   100K .......... .......... .......... .......... .......... 70%  606K 0s
   150K .......... .......... .......... .......... .......... 93%  318K 0s
   200K .......... ...                                        100% 5.51M=0.6s

2017-02-03 07:05:27 (379 KB/s) - ‘jmv005’ saved [218578/218578]

--2017-02-03 07:05:28--  http://doi.org/10.1093/chinesejil/jmv019
Connecting to doi.org (doi.org)|38.100.138.163|:80... connected.
HTTP request sent, awaiting response... 303 See Other
Location: https://academic.oup.com/chinesejil/article-lookup/doi/10.1093/chinesejil/jmv019 [following]
--2017-02-03 07:05:29--  https://academic.oup.com/chinesejil/article-lookup/doi/10.1093/chinesejil/jmv019
Connecting to academic.oup.com (academic.oup.com)|173.254.190.144|:443... connected.
HTTP request sent, awaiting response... 200 OK
Length: 64422 (63K) [text/html]
Saving to: ‘jmv019’

     0K .......... .......... .......... .......... .......... 79%  209K 0s
    50K .......... ..                                         100% 14.4M=0.2s

2017-02-03 07:05:31 (262 KB/s) - ‘jmv019’ saved [64422/64422]

--2017-02-03 07:05:32--  http://doi.org/10.1093/chinesejil/jmv020
Connecting to doi.org (doi.org)|38.100.138.163|:80... connected.
HTTP request sent, awaiting response... 303 See Other
Location: https://academic.oup.com/chinesejil/article-lookup/doi/10.1093/chinesejil/jmv020 [following]
--2017-02-03 07:05:34--  https://academic.oup.com/chinesejil/article-lookup/doi/10.1093/chinesejil/jmv020
Connecting to academic.oup.com (academic.oup.com)|173.254.190.144|:443... connected.
HTTP request sent, awaiting response... 200 OK
Length: 64735 (63K) [text/html]
Saving to: ‘jmv020’

     0K .......... .......... .......... .......... .......... 79%  309K 0s
    50K .......... ...                                        100%  169K=0.2s

2017-02-03 07:05:37 (263 KB/s) - ‘jmv020’ saved [64735/64735]

--2017-02-03 07:05:38--  http://doi.org/10.1093/chinesejil/jmv010
Connecting to doi.org (doi.org)|38.100.138.163|:80... connected.
HTTP request sent, awaiting response... 303 See Other
Location: https://academic.oup.com/chinesejil/article-lookup/doi/10.1093/chinesejil/jmv010 [following]
--2017-02-03 07:05:39--  https://academic.oup.com/chinesejil/article-lookup/doi/10.1093/chinesejil/jmv010
Connecting to academic.oup.com (academic.oup.com)|173.254.190.144|:443... connected.
HTTP request sent, awaiting response... 200 OK
Length: 156686 (153K) [text/html]
Saving to: ‘jmv010’

     0K .......... .......... .......... .......... .......... 32%  208K 0s
    50K .......... .......... .......... .......... .......... 65%  606K 0s
   100K .......... .......... .......... .......... .......... 98%  609K 0s
   150K ...                                                   100% 14.6M=0.4s

2017-02-03 07:05:45 (378 KB/s) - ‘jmv010’ saved [156686/156686]

FINISHED --2017-02-03 07:05:45--
Total wall clock time: 8m 58s
Downloaded: 92 files, 11M in 32s (355 KB/s)
