--2017-02-03 08:20:33--  http://doi.org/10.1093/cmlj/kmw033
Resolving doi.org (doi.org)... 38.100.138.162, 38.100.138.163, 54.191.229.235, ...
Connecting to doi.org (doi.org)|38.100.138.162|:80... connected.
HTTP request sent, awaiting response... 303 See Other
Location: http://cmlj.oxfordjournals.org/lookup/doi/10.1093/cmlj/kmw033 [following]
--2017-02-03 08:20:34--  http://cmlj.oxfordjournals.org/lookup/doi/10.1093/cmlj/kmw033
Resolving cmlj.oxfordjournals.org (cmlj.oxfordjournals.org)... 209.135.222.209
Connecting to cmlj.oxfordjournals.org (cmlj.oxfordjournals.org)|209.135.222.209|:80... connected.
HTTP request sent, awaiting response... 301 Moved Permanently
Cookie coming from cmlj.oxfordjournals.org attempted to set domain to academic.oup.com
Location: https://academic.oup.com/cmlj/article/doi/10.1093/cmlj/kmw033/2907772/Certificated-fraud-in-an-uncertificated-world [following]
--2017-02-03 08:20:35--  https://academic.oup.com/cmlj/article/doi/10.1093/cmlj/kmw033/2907772/Certificated-fraud-in-an-uncertificated-world
Resolving academic.oup.com (academic.oup.com)... 173.254.190.144
Connecting to academic.oup.com (academic.oup.com)|173.254.190.144|:443... connected.
HTTP request sent, awaiting response... 200 OK
Length: 86817 (85K) [text/html]
Saving to: ‘kmw033’

     0K .......... .......... .......... .......... .......... 58%  251K 0s
    50K .......... .......... .......... ....                 100%  438K=0.3s

2017-02-03 08:20:38 (304 KB/s) - ‘kmw033’ saved [86817/86817]

--2017-02-03 08:20:39--  http://doi.org/10.1093/cmlj/kmw028
Connecting to doi.org (doi.org)|38.100.138.162|:80... connected.
HTTP request sent, awaiting response... 303 See Other
Location: https://academic.oup.com/cmlj/article-lookup/doi/10.1093/cmlj/kmw028 [following]
--2017-02-03 08:20:40--  https://academic.oup.com/cmlj/article-lookup/doi/10.1093/cmlj/kmw028
Connecting to academic.oup.com (academic.oup.com)|173.254.190.144|:443... connected.
HTTP request sent, awaiting response... 200 OK
Length: 206158 (201K) [text/html]
Saving to: ‘kmw028’

     0K .......... .......... .......... .......... .......... 24%  209K 1s
    50K .......... .......... .......... .......... .......... 49%  609K 0s
   100K .......... .......... .......... .......... .......... 74%  609K 0s
   150K .......... .......... .......... .......... .......... 99%  316K 0s
   200K .                                                     100% 2529G=0.6s

2017-02-03 08:20:44 (358 KB/s) - ‘kmw028’ saved [206158/206158]

--2017-02-03 08:20:45--  http://doi.org/10.1093/cmlj/kmw027
Connecting to doi.org (doi.org)|38.100.138.162|:80... connected.
HTTP request sent, awaiting response... 303 See Other
Location: https://academic.oup.com/cmlj/article-lookup/doi/10.1093/cmlj/kmw027 [following]
--2017-02-03 08:20:46--  https://academic.oup.com/cmlj/article-lookup/doi/10.1093/cmlj/kmw027
Connecting to academic.oup.com (academic.oup.com)|173.254.190.144|:443... connected.
HTTP request sent, awaiting response... 200 OK
Length: 128253 (125K) [text/html]
Saving to: ‘kmw027’

     0K .......... .......... .......... .......... .......... 39%  209K 0s
    50K .......... .......... .......... .......... .......... 79%  580K 0s
   100K .......... .......... .....                           100% 9.74M=0.3s

2017-02-03 08:20:50 (381 KB/s) - ‘kmw027’ saved [128253/128253]

--2017-02-03 08:20:51--  http://doi.org/10.1093/cmlj/kmw025
Connecting to doi.org (doi.org)|38.100.138.162|:80... connected.
HTTP request sent, awaiting response... 303 See Other
Location: https://academic.oup.com/cmlj/article-lookup/doi/10.1093/cmlj/kmw025 [following]
--2017-02-03 08:20:52--  https://academic.oup.com/cmlj/article-lookup/doi/10.1093/cmlj/kmw025
Connecting to academic.oup.com (academic.oup.com)|173.254.190.144|:443... connected.
HTTP request sent, awaiting response... 200 OK
Length: 150083 (147K) [text/html]
Saving to: ‘kmw025’

     0K .......... .......... .......... .......... .......... 34%  209K 0s
    50K .......... .......... .......... .......... .......... 68%  610K 0s
   100K .......... .......... .......... .......... ......    100%  568K=0.4s

2017-02-03 08:20:57 (363 KB/s) - ‘kmw025’ saved [150083/150083]

--2017-02-03 08:20:58--  http://doi.org/10.1093/cmlj/kmw031
Connecting to doi.org (doi.org)|38.100.138.162|:80... connected.
HTTP request sent, awaiting response... 303 See Other
Location: http://fdslive.oup.com/www.oup.com/pdf/production_in_progress.pdf [following]
--2017-02-03 08:20:59--  http://fdslive.oup.com/www.oup.com/pdf/production_in_progress.pdf
Resolving fdslive.oup.com (fdslive.oup.com)... 193.67.160.201
Connecting to fdslive.oup.com (fdslive.oup.com)|193.67.160.201|:80... connected.
HTTP request sent, awaiting response... 200 OK
Length: 52438 (51K) [application/pdf]
Saving to: ‘kmw031’

     0K .......... .......... .......... .......... .......... 97% 1.29M 0s
    50K .                                                     100% 2306G=0.04s

2017-02-03 08:20:59 (1.32 MB/s) - ‘kmw031’ saved [52438/52438]

--2017-02-03 08:21:00--  http://doi.org/10.1093/cmlj/kmw029
Connecting to doi.org (doi.org)|38.100.138.162|:80... connected.
HTTP request sent, awaiting response... 303 See Other
Location: https://academic.oup.com/cmlj/article-lookup/doi/10.1093/cmlj/kmw029 [following]
--2017-02-03 08:21:01--  https://academic.oup.com/cmlj/article-lookup/doi/10.1093/cmlj/kmw029
Connecting to academic.oup.com (academic.oup.com)|173.254.190.144|:443... connected.
HTTP request sent, awaiting response... 400 Bad Request
2017-02-03 08:21:02 ERROR 400: Bad Request.

--2017-02-03 08:21:03--  http://doi.org/10.1093/cmlj/kmw024
Connecting to doi.org (doi.org)|38.100.138.162|:80... connected.
HTTP request sent, awaiting response... 303 See Other
Location: https://academic.oup.com/cmlj/article-lookup/doi/10.1093/cmlj/kmw024 [following]
--2017-02-03 08:21:04--  https://academic.oup.com/cmlj/article-lookup/doi/10.1093/cmlj/kmw024
Connecting to academic.oup.com (academic.oup.com)|173.254.190.144|:443... connected.
HTTP request sent, awaiting response... 200 OK
Length: 87794 (86K) [text/html]
Saving to: ‘kmw024’

     0K .......... .......... .......... .......... .......... 58%  206K 0s
    50K .......... .......... .......... .....                100% 11.5M=0.2s

2017-02-03 08:21:12 (349 KB/s) - ‘kmw024’ saved [87794/87794]

--2017-02-03 08:21:13--  http://doi.org/10.1093/cmlj/kmv057
Connecting to doi.org (doi.org)|38.100.138.162|:80... connected.
HTTP request sent, awaiting response... 303 See Other
Location: https://academic.oup.com/cmlj/article-lookup/doi/10.1093/cmlj/kmv057 [following]
--2017-02-03 08:21:14--  https://academic.oup.com/cmlj/article-lookup/doi/10.1093/cmlj/kmv057
Connecting to academic.oup.com (academic.oup.com)|173.254.190.144|:443... connected.
HTTP request sent, awaiting response... 200 OK
Length: 72655 (71K) [text/html]
Saving to: ‘kmv057’

     0K .......... .......... .......... .......... .......... 70%  208K 0s
    50K .......... ..........                                 100% 9.05M=0.2s

2017-02-03 08:21:17 (293 KB/s) - ‘kmv057’ saved [72655/72655]

--2017-02-03 08:21:18--  http://doi.org/10.1093/cmlj/kmv056
Connecting to doi.org (doi.org)|38.100.138.162|:80... connected.
HTTP request sent, awaiting response... 303 See Other
Location: https://academic.oup.com/cmlj/article-lookup/doi/10.1093/cmlj/kmv056 [following]
--2017-02-03 08:21:19--  https://academic.oup.com/cmlj/article-lookup/doi/10.1093/cmlj/kmv056
Connecting to academic.oup.com (academic.oup.com)|173.254.190.144|:443... connected.
HTTP request sent, awaiting response... 200 OK
Length: 62953 (61K) [text/html]
Saving to: ‘kmv056’

     0K .......... .......... .......... .......... .......... 81%  207K 0s
    50K .......... .                                          100% 22.5M=0.2s

2017-02-03 08:21:24 (254 KB/s) - ‘kmv056’ saved [62953/62953]

--2017-02-03 08:21:25--  http://doi.org/10.1093/cmlj/kmv055
Connecting to doi.org (doi.org)|38.100.138.162|:80... connected.
HTTP request sent, awaiting response... 303 See Other
Location: https://academic.oup.com/cmlj/article-lookup/doi/10.1093/cmlj/kmv055 [following]
--2017-02-03 08:21:26--  https://academic.oup.com/cmlj/article-lookup/doi/10.1093/cmlj/kmv055
Connecting to academic.oup.com (academic.oup.com)|173.254.190.144|:443... connected.
HTTP request sent, awaiting response... 200 OK
Length: 73363 (72K) [text/html]
Saving to: ‘kmv055’

     0K .......... .......... .......... .......... .......... 69%  309K 0s
    50K .......... .......... .                               100%  274K=0.2s

2017-02-03 08:21:29 (297 KB/s) - ‘kmv055’ saved [73363/73363]

--2017-02-03 08:21:30--  http://doi.org/10.1093/cmlj/kmv058
Connecting to doi.org (doi.org)|38.100.138.162|:80... connected.
HTTP request sent, awaiting response... 303 See Other
Location: https://academic.oup.com/cmlj/article-lookup/doi/10.1093/cmlj/kmv058 [following]
--2017-02-03 08:21:31--  https://academic.oup.com/cmlj/article-lookup/doi/10.1093/cmlj/kmv058
Connecting to academic.oup.com (academic.oup.com)|173.254.190.144|:443... connected.
HTTP request sent, awaiting response... 200 OK
Length: 65805 (64K) [text/html]
Saving to: ‘kmv058’

     0K .......... .......... .......... .......... .......... 77%  205K 0s
    50K .......... ....                                       100% 3.54M=0.2s

2017-02-03 08:21:35 (259 KB/s) - ‘kmv058’ saved [65805/65805]

--2017-02-03 08:21:36--  http://doi.org/10.1093/cmlj/kmw022
Connecting to doi.org (doi.org)|38.100.138.162|:80... connected.
HTTP request sent, awaiting response... 303 See Other
Location: https://academic.oup.com/cmlj/article-lookup/doi/10.1093/cmlj/kmw022 [following]
--2017-02-03 08:21:37--  https://academic.oup.com/cmlj/article-lookup/doi/10.1093/cmlj/kmw022
Connecting to academic.oup.com (academic.oup.com)|173.254.190.144|:443... connected.
HTTP request sent, awaiting response... 200 OK
Length: 175791 (172K) [text/html]
Saving to: ‘kmw022’

     0K .......... .......... .......... .......... .......... 29%  208K 1s
    50K .......... .......... .......... .......... .......... 58%  606K 0s
   100K .......... .......... .......... .......... .......... 87%  611K 0s
   150K .......... .......... .                               100%  276K=0.5s

2017-02-03 08:21:45 (355 KB/s) - ‘kmw022’ saved [175791/175791]

--2017-02-03 08:21:46--  http://doi.org/10.1093/cmlj/kmw023
Connecting to doi.org (doi.org)|38.100.138.162|:80... connected.
HTTP request sent, awaiting response... 303 See Other
Location: https://academic.oup.com/cmlj/article-lookup/doi/10.1093/cmlj/kmw023 [following]
--2017-02-03 08:21:47--  https://academic.oup.com/cmlj/article-lookup/doi/10.1093/cmlj/kmw023
Connecting to academic.oup.com (academic.oup.com)|173.254.190.144|:443... connected.
HTTP request sent, awaiting response... 200 OK
Length: 199743 (195K) [text/html]
Saving to: ‘kmw023’

     0K .......... .......... .......... .......... .......... 25%  204K 1s
    50K .......... .......... .......... .......... .......... 51%  600K 0s
   100K .......... .......... .......... .......... .......... 76%  605K 0s
   150K .......... .......... .......... .......... .....     100%  537K=0.5s

2017-02-03 08:21:51 (394 KB/s) - ‘kmw023’ saved [199743/199743]

--2017-02-03 08:21:52--  http://doi.org/10.1093/cmlj/kmw019
Connecting to doi.org (doi.org)|38.100.138.162|:80... connected.
HTTP request sent, awaiting response... 303 See Other
Location: https://academic.oup.com/cmlj/article-lookup/doi/10.1093/cmlj/kmw019 [following]
--2017-02-03 08:21:53--  https://academic.oup.com/cmlj/article-lookup/doi/10.1093/cmlj/kmw019
Connecting to academic.oup.com (academic.oup.com)|173.254.190.144|:443... connected.
HTTP request sent, awaiting response... 200 OK
Length: 177096 (173K) [text/html]
Saving to: ‘kmw019’

     0K .......... .......... .......... .......... .......... 28%  209K 1s
    50K .......... .......... .......... .......... .......... 57%  601K 0s
   100K .......... .......... .......... .......... .......... 86%  603K 0s
   150K .......... .......... ..                              100%  302K=0.5s

2017-02-03 08:21:59 (359 KB/s) - ‘kmw019’ saved [177096/177096]

--2017-02-03 08:22:00--  http://doi.org/10.1093/cmlj/kmw021
Connecting to doi.org (doi.org)|38.100.138.162|:80... connected.
HTTP request sent, awaiting response... 303 See Other
Location: https://academic.oup.com/cmlj/article-lookup/doi/10.1093/cmlj/kmw021 [following]
--2017-02-03 08:22:02--  https://academic.oup.com/cmlj/article-lookup/doi/10.1093/cmlj/kmw021
Connecting to academic.oup.com (academic.oup.com)|173.254.190.144|:443... connected.
HTTP request sent, awaiting response... 200 OK
Length: 135037 (132K) [text/html]
Saving to: ‘kmw021’

     0K .......... .......... .......... .......... .......... 37%  308K 0s
    50K .......... .......... .......... .......... .......... 75%  313K 0s
   100K .......... .......... .......... .                    100%  388K=0.4s

2017-02-03 08:22:06 (326 KB/s) - ‘kmw021’ saved [135037/135037]

--2017-02-03 08:22:07--  http://doi.org/10.1093/cmlj/kmw020
Connecting to doi.org (doi.org)|38.100.138.162|:80... connected.
HTTP request sent, awaiting response... 303 See Other
Location: https://academic.oup.com/cmlj/article-lookup/doi/10.1093/cmlj/kmw020 [following]
--2017-02-03 08:22:08--  https://academic.oup.com/cmlj/article-lookup/doi/10.1093/cmlj/kmw020
Connecting to academic.oup.com (academic.oup.com)|173.254.190.144|:443... connected.
HTTP request sent, awaiting response... 200 OK
Length: 148747 (145K) [text/html]
Saving to: ‘kmw020’

     0K .......... .......... .......... .......... .......... 34%  209K 0s
    50K .......... .......... .......... .......... .......... 68%  600K 0s
   100K .......... .......... .......... .......... .....     100%  547K=0.4s

2017-02-03 08:22:11 (358 KB/s) - ‘kmw020’ saved [148747/148747]

--2017-02-03 08:22:12--  http://doi.org/10.1093/cmlj/kmw012
Connecting to doi.org (doi.org)|38.100.138.162|:80... connected.
HTTP request sent, awaiting response... 303 See Other
Location: https://academic.oup.com/cmlj/article-lookup/doi/10.1093/cmlj/kmw012 [following]
--2017-02-03 08:22:13--  https://academic.oup.com/cmlj/article-lookup/doi/10.1093/cmlj/kmw012
Connecting to academic.oup.com (academic.oup.com)|173.254.190.144|:443... connected.
HTTP request sent, awaiting response... 200 OK
Length: 144235 (141K) [text/html]
Saving to: ‘kmw012’

     0K .......... .......... .......... .......... .......... 35%  207K 0s
    50K .......... .......... .......... .......... .......... 70%  613K 0s
   100K .......... .......... .......... ..........           100%  482K=0.4s

2017-02-03 08:22:17 (345 KB/s) - ‘kmw012’ saved [144235/144235]

--2017-02-03 08:22:18--  http://doi.org/10.1093/cmlj/kmw015
Connecting to doi.org (doi.org)|38.100.138.162|:80... connected.
HTTP request sent, awaiting response... 303 See Other
Location: https://academic.oup.com/cmlj/article-lookup/doi/10.1093/cmlj/kmw015 [following]
--2017-02-03 08:22:19--  https://academic.oup.com/cmlj/article-lookup/doi/10.1093/cmlj/kmw015
Connecting to academic.oup.com (academic.oup.com)|173.254.190.144|:443... connected.
HTTP request sent, awaiting response... 200 OK
Length: 131921 (129K) [text/html]
Saving to: ‘kmw015’

     0K .......... .......... .......... .......... .......... 38%  208K 0s
    50K .......... .......... .......... .......... .......... 77%  599K 0s
   100K .......... .......... ........                        100%  367K=0.4s

2017-02-03 08:22:22 (320 KB/s) - ‘kmw015’ saved [131921/131921]

--2017-02-03 08:22:23--  http://doi.org/10.1093/cmlj/kmw014
Connecting to doi.org (doi.org)|38.100.138.162|:80... connected.
HTTP request sent, awaiting response... 303 See Other
Location: https://academic.oup.com/cmlj/article-lookup/doi/10.1093/cmlj/kmw014 [following]
--2017-02-03 08:22:24--  https://academic.oup.com/cmlj/article-lookup/doi/10.1093/cmlj/kmw014
Connecting to academic.oup.com (academic.oup.com)|173.254.190.144|:443... connected.
HTTP request sent, awaiting response... 200 OK
Length: 112788 (110K) [text/html]
Saving to: ‘kmw014’

     0K .......... .......... .......... .......... .......... 45%  201K 0s
    50K .......... .......... .......... .......... .......... 90%  596K 0s
   100K ..........                                            100% 27.6M=0.3s

2017-02-03 08:22:28 (331 KB/s) - ‘kmw014’ saved [112788/112788]

--2017-02-03 08:22:29--  http://doi.org/10.1093/cmlj/kmw011
Connecting to doi.org (doi.org)|38.100.138.162|:80... connected.
HTTP request sent, awaiting response... 303 See Other
Location: https://academic.oup.com/cmlj/article-lookup/doi/10.1093/cmlj/kmw011 [following]
--2017-02-03 08:22:30--  https://academic.oup.com/cmlj/article-lookup/doi/10.1093/cmlj/kmw011
Connecting to academic.oup.com (academic.oup.com)|173.254.190.144|:443... connected.
HTTP request sent, awaiting response... 200 OK
Length: 208183 (203K) [text/html]
Saving to: ‘kmw011’

     0K .......... .......... .......... .......... .......... 24%  208K 1s
    50K .......... .......... .......... .......... .......... 49%  602K 0s
   100K .......... .......... .......... .......... .......... 73%  604K 0s
   150K .......... .......... .......... .......... .......... 98%  609K 0s
   200K ...                                                   100% 12.4M=0.5s

2017-02-03 08:22:34 (416 KB/s) - ‘kmw011’ saved [208183/208183]

--2017-02-03 08:22:35--  http://doi.org/10.1093/cmlj/kmw017
Connecting to doi.org (doi.org)|38.100.138.162|:80... connected.
HTTP request sent, awaiting response... 303 See Other
Location: https://academic.oup.com/cmlj/article-lookup/doi/10.1093/cmlj/kmw017 [following]
--2017-02-03 08:22:36--  https://academic.oup.com/cmlj/article-lookup/doi/10.1093/cmlj/kmw017
Connecting to academic.oup.com (academic.oup.com)|173.254.190.144|:443... connected.
HTTP request sent, awaiting response... 400 Bad Request
2017-02-03 08:22:37 ERROR 400: Bad Request.

--2017-02-03 08:22:38--  http://doi.org/10.1093/cmlj/kmw016
Connecting to doi.org (doi.org)|38.100.138.162|:80... connected.
HTTP request sent, awaiting response... 303 See Other
Location: https://academic.oup.com/cmlj/article-lookup/doi/10.1093/cmlj/kmw016 [following]
--2017-02-03 08:22:39--  https://academic.oup.com/cmlj/article-lookup/doi/10.1093/cmlj/kmw016
Connecting to academic.oup.com (academic.oup.com)|173.254.190.144|:443... connected.
HTTP request sent, awaiting response... 200 OK
Length: 112221 (110K) [text/html]
Saving to: ‘kmw016’

     0K .......... .......... .......... .......... .......... 45%  208K 0s
    50K .......... .......... .......... .......... .......... 91%  606K 0s
   100K .........                                             100% 39.9M=0.3s

2017-02-03 08:22:42 (340 KB/s) - ‘kmw016’ saved [112221/112221]

--2017-02-03 08:22:43--  http://doi.org/10.1093/cmlj/kmv054
Connecting to doi.org (doi.org)|38.100.138.162|:80... connected.
HTTP request sent, awaiting response... 303 See Other
Location: https://academic.oup.com/cmlj/article-lookup/doi/10.1093/cmlj/kmv054 [following]
--2017-02-03 08:22:44--  https://academic.oup.com/cmlj/article-lookup/doi/10.1093/cmlj/kmv054
Connecting to academic.oup.com (academic.oup.com)|173.254.190.144|:443... connected.
HTTP request sent, awaiting response... 200 OK
Length: 65780 (64K) [text/html]
Saving to: ‘kmv054’

     0K .......... .......... .......... .......... .......... 77%  206K 0s
    50K .......... ....                                       100% 15.2M=0.2s

2017-02-03 08:22:48 (264 KB/s) - ‘kmv054’ saved [65780/65780]

--2017-02-03 08:22:49--  http://doi.org/10.1093/cmlj/kmv053
Connecting to doi.org (doi.org)|38.100.138.162|:80... connected.
HTTP request sent, awaiting response... 303 See Other
Location: https://academic.oup.com/cmlj/article-lookup/doi/10.1093/cmlj/kmv053 [following]
--2017-02-03 08:22:51--  https://academic.oup.com/cmlj/article-lookup/doi/10.1093/cmlj/kmv053
Connecting to academic.oup.com (academic.oup.com)|173.254.190.144|:443... connected.
HTTP request sent, awaiting response... 200 OK
Length: 72651 (71K) [text/html]
Saving to: ‘kmv053’

     0K .......... .......... .......... .......... .......... 70%  208K 0s
    50K .......... ..........                                 100% 8.14M=0.2s

2017-02-03 08:22:53 (292 KB/s) - ‘kmv053’ saved [72651/72651]

--2017-02-03 08:22:54--  http://doi.org/10.1093/cmlj/kmv052
Connecting to doi.org (doi.org)|38.100.138.162|:80... connected.
HTTP request sent, awaiting response... 303 See Other
Location: https://academic.oup.com/cmlj/article-lookup/doi/10.1093/cmlj/kmv052 [following]
--2017-02-03 08:22:55--  https://academic.oup.com/cmlj/article-lookup/doi/10.1093/cmlj/kmv052
Connecting to academic.oup.com (academic.oup.com)|173.254.190.144|:443... connected.
HTTP request sent, awaiting response... 200 OK
Length: 62951 (61K) [text/html]
Saving to: ‘kmv052’

     0K .......... .......... .......... .......... .......... 81%  209K 0s
    50K .......... .                                          100% 21.6M=0.2s

2017-02-03 08:22:59 (256 KB/s) - ‘kmv052’ saved [62951/62951]

--2017-02-03 08:23:00--  http://doi.org/10.1093/cmlj/kmw013
Connecting to doi.org (doi.org)|38.100.138.162|:80... connected.
HTTP request sent, awaiting response... 303 See Other
Location: https://academic.oup.com/cmlj/article-lookup/doi/10.1093/cmlj/kmw013 [following]
--2017-02-03 08:23:01--  https://academic.oup.com/cmlj/article-lookup/doi/10.1093/cmlj/kmw013
Connecting to academic.oup.com (academic.oup.com)|173.254.190.144|:443... connected.
HTTP request sent, awaiting response... 200 OK
Length: 154989 (151K) [text/html]
Saving to: ‘kmw013’

     0K .......... .......... .......... .......... .......... 33%  209K 0s
    50K .......... .......... .......... .......... .......... 66%  613K 0s
   100K .......... .......... .......... .......... .......... 99%  602K 0s
   150K .                                                     100% 2587G=0.4s

2017-02-03 08:23:04 (374 KB/s) - ‘kmw013’ saved [154989/154989]

--2017-02-03 08:23:05--  http://doi.org/10.1093/cmlj/kmv051
Connecting to doi.org (doi.org)|38.100.138.162|:80... connected.
HTTP request sent, awaiting response... 303 See Other
Location: https://academic.oup.com/cmlj/article-lookup/doi/10.1093/cmlj/kmv051 [following]
--2017-02-03 08:23:06--  https://academic.oup.com/cmlj/article-lookup/doi/10.1093/cmlj/kmv051
Connecting to academic.oup.com (academic.oup.com)|173.254.190.144|:443... connected.
HTTP request sent, awaiting response... 200 OK
Length: 73359 (72K) [text/html]
Saving to: ‘kmv051’

     0K .......... .......... .......... .......... .......... 69%  209K 0s
    50K .......... .......... .                               100% 13.6M=0.2s

2017-02-03 08:23:10 (298 KB/s) - ‘kmv051’ saved [73359/73359]

--2017-02-03 08:23:11--  http://doi.org/10.1093/cmlj/kmw018
Connecting to doi.org (doi.org)|38.100.138.162|:80... connected.
HTTP request sent, awaiting response... 303 See Other
Location: https://academic.oup.com/cmlj/article-lookup/doi/10.1093/cmlj/kmw018 [following]
--2017-02-03 08:23:13--  https://academic.oup.com/cmlj/article-lookup/doi/10.1093/cmlj/kmw018
Connecting to academic.oup.com (academic.oup.com)|173.254.190.144|:443... connected.
HTTP request sent, awaiting response... 200 OK
Length: 76361 (75K) [text/html]
Saving to: ‘kmw018’

     0K .......... .......... .......... .......... .......... 67%  204K 0s
    50K .......... .......... ....                            100% 8.78M=0.2s

2017-02-03 08:23:16 (301 KB/s) - ‘kmw018’ saved [76361/76361]

--2017-02-03 08:23:17--  http://doi.org/10.1093/cmlj/kmv050
Connecting to doi.org (doi.org)|38.100.138.162|:80... connected.
HTTP request sent, awaiting response... 303 See Other
Location: https://academic.oup.com/cmlj/article-lookup/doi/10.1093/cmlj/kmv050 [following]
--2017-02-03 08:23:18--  https://academic.oup.com/cmlj/article-lookup/doi/10.1093/cmlj/kmv050
Connecting to academic.oup.com (academic.oup.com)|173.254.190.144|:443... connected.
HTTP request sent, awaiting response... 200 OK
Length: 65795 (64K) [text/html]
Saving to: ‘kmv050’

     0K .......... .......... .......... .......... .......... 77%  208K 0s
    50K .......... ....                                       100% 15.8M=0.2s

2017-02-03 08:23:22 (266 KB/s) - ‘kmv050’ saved [65795/65795]

--2017-02-03 08:23:23--  http://doi.org/10.1093/cmlj/kmv047
Connecting to doi.org (doi.org)|38.100.138.162|:80... connected.
HTTP request sent, awaiting response... 303 See Other
Location: https://academic.oup.com/cmlj/article-lookup/doi/10.1093/cmlj/kmv047 [following]
--2017-02-03 08:23:24--  https://academic.oup.com/cmlj/article-lookup/doi/10.1093/cmlj/kmv047
Connecting to academic.oup.com (academic.oup.com)|173.254.190.144|:443... connected.
HTTP request sent, awaiting response... 200 OK
Length: 73357 (72K) [text/html]
Saving to: ‘kmv047’

     0K .......... .......... .......... .......... .......... 69%  209K 0s
    50K .......... .......... .                               100% 15.6M=0.2s

2017-02-03 08:23:27 (298 KB/s) - ‘kmv047’ saved [73357/73357]

--2017-02-03 08:23:28--  http://doi.org/10.1093/cmlj/kmw008
Connecting to doi.org (doi.org)|38.100.138.162|:80... connected.
HTTP request sent, awaiting response... 303 See Other
Location: https://academic.oup.com/cmlj/article-lookup/doi/10.1093/cmlj/kmw008 [following]
--2017-02-03 08:23:29--  https://academic.oup.com/cmlj/article-lookup/doi/10.1093/cmlj/kmw008
Connecting to academic.oup.com (academic.oup.com)|173.254.190.144|:443... connected.
HTTP request sent, awaiting response... 200 OK
Length: 201216 (196K) [text/html]
Saving to: ‘kmw008’

     0K .......... .......... .......... .......... .......... 25%  209K 1s
    50K .......... .......... .......... .......... .......... 50%  598K 0s
   100K .......... .......... .......... .......... .......... 76%  607K 0s
   150K .......... .......... .......... .......... ......    100%  568K=0.5s

2017-02-03 08:23:32 (403 KB/s) - ‘kmw008’ saved [201216/201216]

--2017-02-03 08:23:33--  http://doi.org/10.1093/cmlj/kmw010
Connecting to doi.org (doi.org)|38.100.138.162|:80... connected.
HTTP request sent, awaiting response... 303 See Other
Location: https://academic.oup.com/cmlj/article-lookup/doi/10.1093/cmlj/kmw010 [following]
--2017-02-03 08:23:34--  https://academic.oup.com/cmlj/article-lookup/doi/10.1093/cmlj/kmw010
Connecting to academic.oup.com (academic.oup.com)|173.254.190.144|:443... connected.
HTTP request sent, awaiting response... 200 OK
Length: 74014 (72K) [text/html]
Saving to: ‘kmw010’

     0K .......... .......... .......... .......... .......... 69%  209K 0s
    50K .......... .......... ..                              100% 15.2M=0.2s

2017-02-03 08:23:37 (300 KB/s) - ‘kmw010’ saved [74014/74014]

--2017-02-03 08:23:38--  http://doi.org/10.1093/cmlj/kmw009
Connecting to doi.org (doi.org)|38.100.138.162|:80... connected.
HTTP request sent, awaiting response... 303 See Other
Location: https://academic.oup.com/cmlj/article-lookup/doi/10.1093/cmlj/kmw009 [following]
--2017-02-03 08:23:40--  https://academic.oup.com/cmlj/article-lookup/doi/10.1093/cmlj/kmw009
Connecting to academic.oup.com (academic.oup.com)|173.254.190.144|:443... connected.
HTTP request sent, awaiting response... 200 OK
Length: 239517 (234K) [text/html]
Saving to: ‘kmw009’

     0K .......... .......... .......... .......... .......... 21%  209K 1s
    50K .......... .......... .......... .......... .......... 42%  607K 0s
   100K .......... .......... .......... .......... .......... 64%  602K 0s
   150K .......... .......... .......... .......... .......... 85%  607K 0s
   200K .......... .......... .......... ...                  100%  427K=0.6s

2017-02-03 08:23:42 (413 KB/s) - ‘kmw009’ saved [239517/239517]

--2017-02-03 08:23:43--  http://doi.org/10.1093/cmlj/kmv048
Connecting to doi.org (doi.org)|38.100.138.162|:80... connected.
HTTP request sent, awaiting response... 303 See Other
Location: https://academic.oup.com/cmlj/article-lookup/doi/10.1093/cmlj/kmv048 [following]
--2017-02-03 08:23:44--  https://academic.oup.com/cmlj/article-lookup/doi/10.1093/cmlj/kmv048
Connecting to academic.oup.com (academic.oup.com)|173.254.190.144|:443... connected.
HTTP request sent, awaiting response... 200 OK
Length: 62952 (61K) [text/html]
Saving to: ‘kmv048’

     0K .......... .......... .......... .......... .......... 81%  307K 0s
    50K .......... .                                          100%  143K=0.2s

2017-02-03 08:23:47 (253 KB/s) - ‘kmv048’ saved [62952/62952]

--2017-02-03 08:23:48--  http://doi.org/10.1093/cmlj/kmv049
Connecting to doi.org (doi.org)|38.100.138.162|:80... connected.
HTTP request sent, awaiting response... 303 See Other
Location: https://academic.oup.com/cmlj/article-lookup/doi/10.1093/cmlj/kmv049 [following]
--2017-02-03 08:23:49--  https://academic.oup.com/cmlj/article-lookup/doi/10.1093/cmlj/kmv049
Connecting to academic.oup.com (academic.oup.com)|173.254.190.144|:443... connected.
HTTP request sent, awaiting response... 200 OK
Length: 72651 (71K) [text/html]
Saving to: ‘kmv049’

     0K .......... .......... .......... .......... .......... 70%  208K 0s
    50K .......... ..........                                 100% 8.66M=0.2s

2017-02-03 08:23:52 (292 KB/s) - ‘kmv049’ saved [72651/72651]

--2017-02-03 08:23:53--  http://doi.org/10.1093/cmlj/kmw003
Connecting to doi.org (doi.org)|38.100.138.162|:80... connected.
HTTP request sent, awaiting response... 303 See Other
Location: https://academic.oup.com/cmlj/article-lookup/doi/10.1093/cmlj/kmw003 [following]
--2017-02-03 08:23:54--  https://academic.oup.com/cmlj/article-lookup/doi/10.1093/cmlj/kmw003
Connecting to academic.oup.com (academic.oup.com)|173.254.190.144|:443... connected.
HTTP request sent, awaiting response... 200 OK
Length: 214261 (209K) [text/html]
Saving to: ‘kmw003’

     0K .......... .......... .......... .......... .......... 23%  206K 1s
    50K .......... .......... .......... .......... .......... 47%  606K 0s
   100K .......... .......... .......... .......... .......... 71%  613K 0s
   150K .......... .......... .......... .......... .......... 95%  602K 0s
   200K .........                                             100%  121K=0.6s

2017-02-03 08:24:01 (370 KB/s) - ‘kmw003’ saved [214261/214261]

--2017-02-03 08:24:02--  http://doi.org/10.1093/cmlj/kmw004
Connecting to doi.org (doi.org)|38.100.138.162|:80... connected.
HTTP request sent, awaiting response... 303 See Other
Location: https://academic.oup.com/cmlj/article-lookup/doi/10.1093/cmlj/kmw004 [following]
--2017-02-03 08:24:03--  https://academic.oup.com/cmlj/article-lookup/doi/10.1093/cmlj/kmw004
Connecting to academic.oup.com (academic.oup.com)|173.254.190.144|:443... connected.
HTTP request sent, awaiting response... 200 OK
Length: 281223 (275K) [text/html]
Saving to: ‘kmw004’

     0K .......... .......... .......... .......... .......... 18%  204K 1s
    50K .......... .......... .......... .......... .......... 36%  602K 1s
   100K .......... .......... .......... .......... .......... 54%  605K 0s
   150K .......... .......... .......... .......... .......... 72%  318K 0s
   200K .......... .......... .......... .......... .......... 91%  596K 0s
   250K .......... .......... ....                            100%  634K=0.7s

2017-02-03 08:24:07 (397 KB/s) - ‘kmw004’ saved [281223/281223]

--2017-02-03 08:24:08--  http://doi.org/10.1093/cmlj/kmw002
Connecting to doi.org (doi.org)|38.100.138.162|:80... connected.
HTTP request sent, awaiting response... 303 See Other
Location: https://academic.oup.com/cmlj/article-lookup/doi/10.1093/cmlj/kmw002 [following]
--2017-02-03 08:24:10--  https://academic.oup.com/cmlj/article-lookup/doi/10.1093/cmlj/kmw002
Connecting to academic.oup.com (academic.oup.com)|173.254.190.144|:443... connected.
HTTP request sent, awaiting response... 200 OK
Length: 180536 (176K) [text/html]
Saving to: ‘kmw002’

     0K .......... .......... .......... .......... .......... 28%  208K 1s
    50K .......... .......... .......... .......... .......... 56%  605K 0s
   100K .......... .......... .......... .......... .......... 85%  607K 0s
   150K .......... .......... ......                          100%  331K=0.5s

2017-02-03 08:24:13 (364 KB/s) - ‘kmw002’ saved [180536/180536]

--2017-02-03 08:24:14--  http://doi.org/10.1093/cmlj/kmw007
Connecting to doi.org (doi.org)|38.100.138.162|:80... connected.
HTTP request sent, awaiting response... 303 See Other
Location: https://academic.oup.com/cmlj/article-lookup/doi/10.1093/cmlj/kmw007 [following]
--2017-02-03 08:24:15--  https://academic.oup.com/cmlj/article-lookup/doi/10.1093/cmlj/kmw007
Connecting to academic.oup.com (academic.oup.com)|173.254.190.144|:443... connected.
HTTP request sent, awaiting response... 200 OK
Length: 96990 (95K) [text/html]
Saving to: ‘kmw007’

     0K .......... .......... .......... .......... .......... 52%  209K 0s
    50K .......... .......... .......... .......... ....      100%  558K=0.3s

2017-02-03 08:24:18 (296 KB/s) - ‘kmw007’ saved [96990/96990]

--2017-02-03 08:24:19--  http://doi.org/10.1093/cmlj/kmw005
Connecting to doi.org (doi.org)|38.100.138.162|:80... connected.
HTTP request sent, awaiting response... 303 See Other
Location: https://academic.oup.com/cmlj/article-lookup/doi/10.1093/cmlj/kmw005 [following]
--2017-02-03 08:24:20--  https://academic.oup.com/cmlj/article-lookup/doi/10.1093/cmlj/kmw005
Connecting to academic.oup.com (academic.oup.com)|173.254.190.144|:443... connected.
HTTP request sent, awaiting response... 200 OK
Length: 133439 (130K) [text/html]
Saving to: ‘kmw005’

     0K .......... .......... .......... .......... .......... 38%  209K 0s
    50K .......... .......... .......... .......... .......... 76%  606K 0s
   100K .......... .......... ..........                      100%  385K=0.4s

2017-02-03 08:24:24 (325 KB/s) - ‘kmw005’ saved [133439/133439]

--2017-02-03 08:24:25--  http://doi.org/10.1093/cmlj/kmw006
Connecting to doi.org (doi.org)|38.100.138.162|:80... connected.
HTTP request sent, awaiting response... 303 See Other
Location: https://academic.oup.com/cmlj/article-lookup/doi/10.1093/cmlj/kmw006 [following]
--2017-02-03 08:24:26--  https://academic.oup.com/cmlj/article-lookup/doi/10.1093/cmlj/kmw006
Connecting to academic.oup.com (academic.oup.com)|173.254.190.144|:443... connected.
HTTP request sent, awaiting response... 200 OK
Length: 156654 (153K) [text/html]
Saving to: ‘kmw006’

     0K .......... .......... .......... .......... .......... 32%  208K 0s
    50K .......... .......... .......... .......... .......... 65%  599K 0s
   100K .......... .......... .......... .......... .......... 98%  610K 0s
   150K ..                                                    100% 17.6M=0.4s

2017-02-03 08:24:29 (377 KB/s) - ‘kmw006’ saved [156654/156654]

--2017-02-03 08:24:30--  http://doi.org/10.1093/cmlj/kmw001
Connecting to doi.org (doi.org)|38.100.138.162|:80... connected.
HTTP request sent, awaiting response... 303 See Other
Location: https://academic.oup.com/cmlj/article-lookup/doi/10.1093/cmlj/kmw001 [following]
--2017-02-03 08:24:31--  https://academic.oup.com/cmlj/article-lookup/doi/10.1093/cmlj/kmw001
Connecting to academic.oup.com (academic.oup.com)|173.254.190.144|:443... connected.
HTTP request sent, awaiting response... 200 OK
Length: 140957 (138K) [text/html]
Saving to: ‘kmw001’

     0K .......... .......... .......... .......... .......... 36%  209K 0s
    50K .......... .......... .......... .......... .......... 72%  603K 0s
   100K .......... .......... .......... .......              100%  469K=0.4s

2017-02-03 08:24:34 (342 KB/s) - ‘kmw001’ saved [140957/140957]

--2017-02-03 08:24:35--  http://doi.org/10.1093/cmlj/kmv059
Connecting to doi.org (doi.org)|38.100.138.162|:80... connected.
HTTP request sent, awaiting response... 303 See Other
Location: https://academic.oup.com/cmlj/article-lookup/doi/10.1093/cmlj/kmv059 [following]
--2017-02-03 08:24:36--  https://academic.oup.com/cmlj/article-lookup/doi/10.1093/cmlj/kmv059
Connecting to academic.oup.com (academic.oup.com)|173.254.190.144|:443... connected.
HTTP request sent, awaiting response... 200 OK
Length: 124803 (122K) [text/html]
Saving to: ‘kmv059’

     0K .......... .......... .......... .......... .......... 41%  209K 0s
    50K .......... .......... .......... .......... .......... 82%  612K 0s
   100K .......... .......... .                               100% 10.2M=0.3s

2017-02-03 08:24:39 (377 KB/s) - ‘kmv059’ saved [124803/124803]

--2017-02-03 08:24:40--  http://doi.org/10.1093/cmlj/kmv063
Connecting to doi.org (doi.org)|38.100.138.162|:80... connected.
HTTP request sent, awaiting response... 303 See Other
Location: https://academic.oup.com/cmlj/article-lookup/doi/10.1093/cmlj/kmv063 [following]
--2017-02-03 08:24:42--  https://academic.oup.com/cmlj/article-lookup/doi/10.1093/cmlj/kmv063
Connecting to academic.oup.com (academic.oup.com)|173.254.190.144|:443... connected.
HTTP request sent, awaiting response... 200 OK
Length: 181592 (177K) [text/html]
Saving to: ‘kmv063’

     0K .......... .......... .......... .......... .......... 28%  309K 0s
    50K .......... .......... .......... .......... .......... 56%  311K 0s
   100K .......... .......... .......... .......... .......... 84%  581K 0s
   150K .......... .......... .......                         100%  344K=0.5s

2017-02-03 08:24:47 (363 KB/s) - ‘kmv063’ saved [181592/181592]

--2017-02-03 08:24:48--  http://doi.org/10.1093/cmlj/kmv061
Connecting to doi.org (doi.org)|38.100.138.162|:80... connected.
HTTP request sent, awaiting response... 303 See Other
Location: https://academic.oup.com/cmlj/article-lookup/doi/10.1093/cmlj/kmv061 [following]
--2017-02-03 08:24:49--  https://academic.oup.com/cmlj/article-lookup/doi/10.1093/cmlj/kmv061
Connecting to academic.oup.com (academic.oup.com)|173.254.190.144|:443... connected.
HTTP request sent, awaiting response... 200 OK
Length: 137630 (134K) [text/html]
Saving to: ‘kmv061’

     0K .......... .......... .......... .......... .......... 37% 67.9K 1s
    50K .......... .......... .......... .......... .......... 74%  612K 0s
   100K .......... .......... .......... ....                 100%  430K=0.9s

2017-02-03 08:24:53 (150 KB/s) - ‘kmv061’ saved [137630/137630]

--2017-02-03 08:24:54--  http://doi.org/10.1093/cmlj/kmv062
Connecting to doi.org (doi.org)|38.100.138.162|:80... connected.
HTTP request sent, awaiting response... 303 See Other
Location: https://academic.oup.com/cmlj/article-lookup/doi/10.1093/cmlj/kmv062 [following]
--2017-02-03 08:24:55--  https://academic.oup.com/cmlj/article-lookup/doi/10.1093/cmlj/kmv062
Connecting to academic.oup.com (academic.oup.com)|173.254.190.144|:443... connected.
HTTP request sent, awaiting response... 200 OK
Length: 168246 (164K) [text/html]
Saving to: ‘kmv062’

     0K .......... .......... .......... .......... .......... 30%  209K 1s
    50K .......... .......... .......... .......... .......... 60%  602K 0s
   100K .......... .......... .......... .......... .......... 91%  557K 0s
   150K .......... ....                                       100% 10.6M=0.4s

2017-02-03 08:24:58 (397 KB/s) - ‘kmv062’ saved [168246/168246]

--2017-02-03 08:24:59--  http://doi.org/10.1093/cmlj/kmv060
Connecting to doi.org (doi.org)|38.100.138.162|:80... connected.
HTTP request sent, awaiting response... 303 See Other
Location: https://academic.oup.com/cmlj/article-lookup/doi/10.1093/cmlj/kmv060 [following]
--2017-02-03 08:25:00--  https://academic.oup.com/cmlj/article-lookup/doi/10.1093/cmlj/kmv060
Connecting to academic.oup.com (academic.oup.com)|173.254.190.144|:443... connected.
HTTP request sent, awaiting response... 200 OK
Length: 104399 (102K) [text/html]
Saving to: ‘kmv060’

     0K .......... .......... .......... .......... .......... 49%  209K 0s
    50K .......... .......... .......... .......... .......... 98%  613K 0s
   100K .                                                     100% 3723G=0.3s

2017-02-03 08:25:04 (318 KB/s) - ‘kmv060’ saved [104399/104399]

--2017-02-03 08:25:05--  http://doi.org/10.1093/cmlj/kmv065
Connecting to doi.org (doi.org)|38.100.138.162|:80... connected.
HTTP request sent, awaiting response... 303 See Other
Location: https://academic.oup.com/cmlj/article-lookup/doi/10.1093/cmlj/kmv065 [following]
--2017-02-03 08:25:06--  https://academic.oup.com/cmlj/article-lookup/doi/10.1093/cmlj/kmv065
Connecting to academic.oup.com (academic.oup.com)|173.254.190.144|:443... connected.
HTTP request sent, awaiting response... 200 OK
Length: 70896 (69K) [text/html]
Saving to: ‘kmv065’

     0K .......... .......... .......... .......... .......... 72%  208K 0s
    50K .......... .........                                  100% 9.98M=0.2s

2017-02-03 08:25:09 (286 KB/s) - ‘kmv065’ saved [70896/70896]

--2017-02-03 08:25:10--  http://doi.org/10.1093/cmlj/kmv044
Connecting to doi.org (doi.org)|38.100.138.162|:80... connected.
HTTP request sent, awaiting response... 303 See Other
Location: https://academic.oup.com/cmlj/article-lookup/doi/10.1093/cmlj/kmv044 [following]
--2017-02-03 08:25:11--  https://academic.oup.com/cmlj/article-lookup/doi/10.1093/cmlj/kmv044
Connecting to academic.oup.com (academic.oup.com)|173.254.190.144|:443... connected.
HTTP request sent, awaiting response... 200 OK
Length: 62955 (61K) [text/html]
Saving to: ‘kmv044’

     0K .......... .......... .......... .......... .......... 81%  209K 0s
    50K .......... .                                          100% 24.5M=0.2s

2017-02-03 08:25:15 (256 KB/s) - ‘kmv044’ saved [62955/62955]

--2017-02-03 08:25:16--  http://doi.org/10.1093/cmlj/kmv043
Connecting to doi.org (doi.org)|38.100.138.162|:80... connected.
HTTP request sent, awaiting response... 303 See Other
Location: https://academic.oup.com/cmlj/article-lookup/doi/10.1093/cmlj/kmv043 [following]
--2017-02-03 08:25:17--  https://academic.oup.com/cmlj/article-lookup/doi/10.1093/cmlj/kmv043
Connecting to academic.oup.com (academic.oup.com)|173.254.190.144|:443... connected.
HTTP request sent, awaiting response... 200 OK
Length: 73363 (72K) [text/html]
Saving to: ‘kmv043’

     0K .......... .......... .......... .......... .......... 69%  208K 0s
    50K .......... .......... .                               100% 15.3M=0.2s

2017-02-03 08:25:20 (297 KB/s) - ‘kmv043’ saved [73363/73363]

--2017-02-03 08:25:21--  http://doi.org/10.1093/cmlj/kmv045
Connecting to doi.org (doi.org)|38.100.138.162|:80... connected.
HTTP request sent, awaiting response... 303 See Other
Location: https://academic.oup.com/cmlj/article-lookup/doi/10.1093/cmlj/kmv045 [following]
--2017-02-03 08:25:22--  https://academic.oup.com/cmlj/article-lookup/doi/10.1093/cmlj/kmv045
Connecting to academic.oup.com (academic.oup.com)|173.254.190.144|:443... connected.
HTTP request sent, awaiting response... 200 OK
Length: 87604 (86K) [text/html]
Saving to: ‘kmv045’

     0K .......... .......... .......... .......... .......... 58%  209K 0s
    50K .......... .......... .......... .....                100% 10.1M=0.2s

2017-02-03 08:25:26 (353 KB/s) - ‘kmv045’ saved [87604/87604]

--2017-02-03 08:25:27--  http://doi.org/10.1093/cmlj/kmv042
Connecting to doi.org (doi.org)|38.100.138.162|:80... connected.
HTTP request sent, awaiting response... 303 See Other
Location: https://academic.oup.com/cmlj/article-lookup/doi/10.1093/cmlj/kmv042 [following]
--2017-02-03 08:25:28--  https://academic.oup.com/cmlj/article-lookup/doi/10.1093/cmlj/kmv042
Connecting to academic.oup.com (academic.oup.com)|173.254.190.144|:443... connected.
HTTP request sent, awaiting response... 200 OK
Length: 177060 (173K) [text/html]
Saving to: ‘kmv042’

     0K .......... .......... .......... .......... .......... 28%  208K 1s
    50K .......... .......... .......... .......... .......... 57%  605K 0s
   100K .......... .......... .......... .......... .......... 86%  607K 0s
   150K .......... .......... ..                              100%  295K=0.5s

2017-02-03 08:25:31 (357 KB/s) - ‘kmv042’ saved [177060/177060]

--2017-02-03 08:25:32--  http://doi.org/10.1093/cmlj/kmv046
Connecting to doi.org (doi.org)|38.100.138.162|:80... connected.
HTTP request sent, awaiting response... 303 See Other
Location: https://academic.oup.com/cmlj/article-lookup/doi/10.1093/cmlj/kmv046 [following]
--2017-02-03 08:25:33--  https://academic.oup.com/cmlj/article-lookup/doi/10.1093/cmlj/kmv046
Connecting to academic.oup.com (academic.oup.com)|173.254.190.144|:443... connected.
HTTP request sent, awaiting response... 200 OK
Length: 65805 (64K) [text/html]
Saving to: ‘kmv046’

     0K .......... .......... .......... .......... .......... 77%  207K 0s
    50K .......... ....                                       100% 15.1M=0.2s

2017-02-03 08:25:41 (264 KB/s) - ‘kmv046’ saved [65805/65805]

--2017-02-03 08:25:42--  http://doi.org/10.1093/cmlj/kmv064
Connecting to doi.org (doi.org)|38.100.138.162|:80... connected.
HTTP request sent, awaiting response... 303 See Other
Location: https://academic.oup.com/cmlj/article-lookup/doi/10.1093/cmlj/kmv064 [following]
--2017-02-03 08:25:44--  https://academic.oup.com/cmlj/article-lookup/doi/10.1093/cmlj/kmv064
Connecting to academic.oup.com (academic.oup.com)|173.254.190.144|:443... connected.
HTTP request sent, awaiting response... 200 OK
Length: 187013 (183K) [text/html]
Saving to: ‘kmv064’

     0K .......... .......... .......... .......... .......... 27%  207K 1s
    50K .......... .......... .......... .......... .......... 54%  597K 0s
   100K .......... .......... .......... .......... .......... 82%  594K 0s
   150K .......... .......... .......... ..                   100%  420K=0.5s

2017-02-03 08:25:48 (375 KB/s) - ‘kmv064’ saved [187013/187013]

--2017-02-03 08:25:49--  http://doi.org/10.1093/cmlj/kmw030
Connecting to doi.org (doi.org)|38.100.138.162|:80... connected.
HTTP request sent, awaiting response... 303 See Other
Location: http://fdslive.oup.com/www.oup.com/pdf/production_in_progress.pdf [following]
--2017-02-03 08:25:50--  http://fdslive.oup.com/www.oup.com/pdf/production_in_progress.pdf
Connecting to fdslive.oup.com (fdslive.oup.com)|193.67.160.201|:80... connected.
HTTP request sent, awaiting response... 200 OK
Length: 52438 (51K) [application/pdf]
Saving to: ‘kmw030’

     0K .......... .......... .......... .......... .......... 97%  933K 0s
    50K .                                                     100% 2306G=0.05s

2017-02-03 08:25:50 (956 KB/s) - ‘kmw030’ saved [52438/52438]

--2017-02-03 08:25:51--  http://doi.org/10.1093/cmlj/kmv040
Connecting to doi.org (doi.org)|38.100.138.162|:80... connected.
HTTP request sent, awaiting response... 303 See Other
Location: https://academic.oup.com/cmlj/article-lookup/doi/10.1093/cmlj/kmv040 [following]
--2017-02-03 08:25:52--  https://academic.oup.com/cmlj/article-lookup/doi/10.1093/cmlj/kmv040
Connecting to academic.oup.com (academic.oup.com)|173.254.190.144|:443... connected.
HTTP request sent, awaiting response... 200 OK
Length: 175921 (172K) [text/html]
Saving to: ‘kmv040’

     0K .......... .......... .......... .......... .......... 29%  209K 1s
    50K .......... .......... .......... .......... .......... 58%  588K 0s
   100K .......... .......... .......... .......... .......... 87%  610K 0s
   150K .......... .......... .                               100%  282K=0.5s

2017-02-03 08:25:58 (355 KB/s) - ‘kmv040’ saved [175921/175921]

--2017-02-03 08:25:59--  http://doi.org/10.1093/cmlj/kmv039
Connecting to doi.org (doi.org)|38.100.138.162|:80... connected.
HTTP request sent, awaiting response... 303 See Other
Location: https://academic.oup.com/cmlj/article-lookup/doi/10.1093/cmlj/kmv039 [following]
--2017-02-03 08:26:00--  https://academic.oup.com/cmlj/article-lookup/doi/10.1093/cmlj/kmv039
Connecting to academic.oup.com (academic.oup.com)|173.254.190.144|:443... connected.
HTTP request sent, awaiting response... 200 OK
Length: 140400 (137K) [text/html]
Saving to: ‘kmv039’

     0K .......... .......... .......... .......... .......... 36%  309K 0s
    50K .......... .......... .......... .......... .......... 72%  313K 0s
   100K .......... .......... .......... .......              100%  452K=0.4s

2017-02-03 08:26:04 (340 KB/s) - ‘kmv039’ saved [140400/140400]

--2017-02-03 08:26:05--  http://doi.org/10.1093/cmlj/kmv008
Connecting to doi.org (doi.org)|38.100.138.162|:80... connected.
HTTP request sent, awaiting response... 303 See Other
Location: https://academic.oup.com/cmlj/article-lookup/doi/10.1093/cmlj/kmv008 [following]
--2017-02-03 08:26:06--  https://academic.oup.com/cmlj/article-lookup/doi/10.1093/cmlj/kmv008
Connecting to academic.oup.com (academic.oup.com)|173.254.190.144|:443... connected.
HTTP request sent, awaiting response... 200 OK
Length: 62942 (61K) [text/html]
Saving to: ‘kmv008’

     0K .......... .......... .......... .......... .......... 81%  209K 0s
    50K .......... .                                          100% 16.8M=0.2s

2017-02-03 08:26:09 (256 KB/s) - ‘kmv008’ saved [62942/62942]

--2017-02-03 08:26:10--  http://doi.org/10.1093/cmlj/kmv004
Connecting to doi.org (doi.org)|38.100.138.162|:80... connected.
HTTP request sent, awaiting response... 303 See Other
Location: https://academic.oup.com/cmlj/article-lookup/doi/10.1093/cmlj/kmv004 [following]
--2017-02-03 08:26:11--  https://academic.oup.com/cmlj/article-lookup/doi/10.1093/cmlj/kmv004
Connecting to academic.oup.com (academic.oup.com)|173.254.190.144|:443... connected.
HTTP request sent, awaiting response... 400 Bad Request
2017-02-03 08:26:11 ERROR 400: Bad Request.

--2017-02-03 08:26:12--  http://doi.org/10.1093/cmlj/kmv012
Connecting to doi.org (doi.org)|38.100.138.162|:80... connected.
HTTP request sent, awaiting response... 303 See Other
Location: https://academic.oup.com/cmlj/article-lookup/doi/10.1093/cmlj/kmv012 [following]
--2017-02-03 08:26:14--  https://academic.oup.com/cmlj/article-lookup/doi/10.1093/cmlj/kmv012
Connecting to academic.oup.com (academic.oup.com)|173.254.190.144|:443... connected.
HTTP request sent, awaiting response... 200 OK
Length: 72613 (71K) [text/html]
Saving to: ‘kmv012’

     0K .......... .......... .......... .......... .......... 70%  208K 0s
    50K .......... ..........                                 100% 13.8M=0.2s

2017-02-03 08:26:17 (293 KB/s) - ‘kmv012’ saved [72613/72613]

--2017-02-03 08:26:18--  http://doi.org/10.1093/cmlj/kmv016
Connecting to doi.org (doi.org)|38.100.138.162|:80... connected.
HTTP request sent, awaiting response... 303 See Other
Location: https://academic.oup.com/cmlj/article-lookup/doi/10.1093/cmlj/kmv016 [following]
--2017-02-03 08:26:19--  https://academic.oup.com/cmlj/article-lookup/doi/10.1093/cmlj/kmv016
Connecting to academic.oup.com (academic.oup.com)|173.254.190.144|:443... connected.
HTTP request sent, awaiting response... 200 OK
Length: 65790 (64K) [text/html]
Saving to: ‘kmv016’

     0K .......... .......... .......... .......... .......... 77%  209K 0s
    50K .......... ....                                       100% 16.5M=0.2s

2017-02-03 08:26:23 (267 KB/s) - ‘kmv016’ saved [65790/65790]

--2017-02-03 08:26:24--  http://doi.org/10.1093/cmlj/kmv041
Connecting to doi.org (doi.org)|38.100.138.162|:80... connected.
HTTP request sent, awaiting response... 303 See Other
Location: https://academic.oup.com/cmlj/article-lookup/doi/10.1093/cmlj/kmv041 [following]
--2017-02-03 08:26:25--  https://academic.oup.com/cmlj/article-lookup/doi/10.1093/cmlj/kmv041
Connecting to academic.oup.com (academic.oup.com)|173.254.190.144|:443... connected.
HTTP request sent, awaiting response... 200 OK
Length: 71187 (70K) [text/html]
Saving to: ‘kmv041’

     0K .......... .......... .......... .......... .......... 71%  209K 0s
    50K .......... .........                                  100% 10.9M=0.2s

2017-02-03 08:26:29 (288 KB/s) - ‘kmv041’ saved [71187/71187]

--2017-02-03 08:26:30--  http://doi.org/10.1093/cmlj/kmv037
Connecting to doi.org (doi.org)|38.100.138.162|:80... connected.
HTTP request sent, awaiting response... 303 See Other
Location: https://academic.oup.com/cmlj/article-lookup/doi/10.1093/cmlj/kmv037 [following]
--2017-02-03 08:26:31--  https://academic.oup.com/cmlj/article-lookup/doi/10.1093/cmlj/kmv037
Connecting to academic.oup.com (academic.oup.com)|173.254.190.144|:443... connected.
HTTP request sent, awaiting response... 200 OK
Length: 159064 (155K) [text/html]
Saving to: ‘kmv037’

     0K .......... .......... .......... .......... .......... 32%  208K 1s
    50K .......... .......... .......... .......... .......... 64%  604K 0s
   100K .......... .......... .......... .......... .......... 96%  591K 0s
   150K .....                                                 100% 10177G=0.4s

2017-02-03 08:26:35 (381 KB/s) - ‘kmv037’ saved [159064/159064]

--2017-02-03 08:26:36--  http://doi.org/10.1093/cmlj/kmv035
Connecting to doi.org (doi.org)|38.100.138.162|:80... connected.
HTTP request sent, awaiting response... 303 See Other
Location: https://academic.oup.com/cmlj/article-lookup/doi/10.1093/cmlj/kmv035 [following]
--2017-02-03 08:26:37--  https://academic.oup.com/cmlj/article-lookup/doi/10.1093/cmlj/kmv035
Connecting to academic.oup.com (academic.oup.com)|173.254.190.144|:443... connected.
HTTP request sent, awaiting response... 400 Bad Request
2017-02-03 08:26:37 ERROR 400: Bad Request.

--2017-02-03 08:26:38--  http://doi.org/10.1093/cmlj/kmv036
Connecting to doi.org (doi.org)|38.100.138.162|:80... connected.
HTTP request sent, awaiting response... 303 See Other
Location: https://academic.oup.com/cmlj/article-lookup/doi/10.1093/cmlj/kmv036 [following]
--2017-02-03 08:26:40--  https://academic.oup.com/cmlj/article-lookup/doi/10.1093/cmlj/kmv036
Connecting to academic.oup.com (academic.oup.com)|173.254.190.144|:443... connected.
HTTP request sent, awaiting response... 200 OK
Length: 166229 (162K) [text/html]
Saving to: ‘kmv036’

     0K .......... .......... .......... .......... .......... 30%  209K 1s
    50K .......... .......... .......... .......... .......... 61%  600K 0s
   100K .......... .......... .......... .......... .......... 92%  576K 0s
   150K .......... ..                                         100%  338K=0.4s

2017-02-03 08:26:43 (364 KB/s) - ‘kmv036’ saved [166229/166229]

--2017-02-03 08:26:44--  http://doi.org/10.1093/cmlj/kmv038
Connecting to doi.org (doi.org)|38.100.138.162|:80... connected.
HTTP request sent, awaiting response... 303 See Other
Location: https://academic.oup.com/cmlj/article-lookup/doi/10.1093/cmlj/kmv038 [following]
--2017-02-03 08:26:45--  https://academic.oup.com/cmlj/article-lookup/doi/10.1093/cmlj/kmv038
Connecting to academic.oup.com (academic.oup.com)|173.254.190.144|:443... connected.
HTTP request sent, awaiting response... 200 OK
Length: 146505 (143K) [text/html]
Saving to: ‘kmv038’

     0K .......... .......... .......... .......... .......... 34%  208K 0s
    50K .......... .......... .......... .......... .......... 69%  598K 0s
   100K .......... .......... .......... .......... ...       100%  534K=0.4s

2017-02-03 08:26:48 (354 KB/s) - ‘kmv038’ saved [146505/146505]

--2017-02-03 08:26:49--  http://doi.org/10.1093/cmlj/kmv034
Connecting to doi.org (doi.org)|38.100.138.162|:80... connected.
HTTP request sent, awaiting response... 303 See Other
Location: https://academic.oup.com/cmlj/article-lookup/doi/10.1093/cmlj/kmv034 [following]
--2017-02-03 08:26:50--  https://academic.oup.com/cmlj/article-lookup/doi/10.1093/cmlj/kmv034
Connecting to academic.oup.com (academic.oup.com)|173.254.190.144|:443... connected.
HTTP request sent, awaiting response... 200 OK
Length: 160141 (156K) [text/html]
Saving to: ‘kmv034’

     0K .......... .......... .......... .......... .......... 31%  209K 1s
    50K .......... .......... .......... .......... .......... 63%  602K 0s
   100K .......... .......... .......... .......... .......... 95%  587K 0s
   150K ......                                                100% 12184G=0.4s

2017-02-03 08:26:54 (384 KB/s) - ‘kmv034’ saved [160141/160141]

--2017-02-03 08:26:55--  http://doi.org/10.1093/cmlj/kmv015
Connecting to doi.org (doi.org)|38.100.138.162|:80... connected.
HTTP request sent, awaiting response... 303 See Other
Location: https://academic.oup.com/cmlj/article-lookup/doi/10.1093/cmlj/kmv015 [following]
--2017-02-03 08:26:56--  https://academic.oup.com/cmlj/article-lookup/doi/10.1093/cmlj/kmv015
Connecting to academic.oup.com (academic.oup.com)|173.254.190.144|:443... connected.
HTTP request sent, awaiting response... 200 OK
Length: 65750 (64K) [text/html]
Saving to: ‘kmv015’

     0K .......... .......... .......... .......... .......... 77%  207K 0s
    50K .......... ....                                       100% 14.0M=0.2s

2017-02-03 08:26:59 (265 KB/s) - ‘kmv015’ saved [65750/65750]

--2017-02-03 08:27:00--  http://doi.org/10.1093/cmlj/kmv029
Connecting to doi.org (doi.org)|38.100.138.162|:80... connected.
HTTP request sent, awaiting response... 303 See Other
Location: https://academic.oup.com/cmlj/article-lookup/doi/10.1093/cmlj/kmv029 [following]
--2017-02-03 08:27:01--  https://academic.oup.com/cmlj/article-lookup/doi/10.1093/cmlj/kmv029
Connecting to academic.oup.com (academic.oup.com)|173.254.190.144|:443... connected.
HTTP request sent, awaiting response... 200 OK
Length: 180100 (176K) [text/html]
Saving to: ‘kmv029’

     0K .......... .......... .......... .......... .......... 28%  209K 1s
    50K .......... .......... .......... .......... .......... 56%  606K 0s
   100K .......... .......... .......... .......... .......... 85%  609K 0s
   150K .......... .......... .....                           100%  324K=0.5s

2017-02-03 08:27:05 (363 KB/s) - ‘kmv029’ saved [180100/180100]

--2017-02-03 08:27:06--  http://doi.org/10.1093/cmlj/kmv028
Connecting to doi.org (doi.org)|38.100.138.162|:80... connected.
HTTP request sent, awaiting response... 303 See Other
Location: https://academic.oup.com/cmlj/article-lookup/doi/10.1093/cmlj/kmv028 [following]
--2017-02-03 08:27:07--  https://academic.oup.com/cmlj/article-lookup/doi/10.1093/cmlj/kmv028
Connecting to academic.oup.com (academic.oup.com)|173.254.190.144|:443... connected.
HTTP request sent, awaiting response... 200 OK
Length: 191237 (187K) [text/html]
Saving to: ‘kmv028’

     0K .......... .......... .......... .......... .......... 26%  307K 0s
    50K .......... .......... .......... .......... .......... 53%  309K 0s
   100K .......... .......... .......... .......... .......... 80%  600K 0s
   150K .......... .......... .......... ......               100%  454K=0.5s

2017-02-03 08:27:10 (382 KB/s) - ‘kmv028’ saved [191237/191237]

--2017-02-03 08:27:11--  http://doi.org/10.1093/cmlj/kmv027
Connecting to doi.org (doi.org)|38.100.138.162|:80... connected.
HTTP request sent, awaiting response... 303 See Other
Location: https://academic.oup.com/cmlj/article-lookup/doi/10.1093/cmlj/kmv027 [following]
--2017-02-03 08:27:12--  https://academic.oup.com/cmlj/article-lookup/doi/10.1093/cmlj/kmv027
Connecting to academic.oup.com (academic.oup.com)|173.254.190.144|:443... connected.
HTTP request sent, awaiting response... 200 OK
Length: 169886 (166K) [text/html]
Saving to: ‘kmv027’

     0K .......... .......... .......... .......... .......... 30%  208K 1s
    50K .......... .......... .......... .......... .......... 60%  601K 0s
   100K .......... .......... .......... .......... .......... 90%  591K 0s
   150K .......... .....                                      100% 5.65M=0.4s

2017-02-03 08:27:16 (403 KB/s) - ‘kmv027’ saved [169886/169886]

--2017-02-03 08:27:17--  http://doi.org/10.1093/cmlj/kmv011
Connecting to doi.org (doi.org)|38.100.138.162|:80... connected.
HTTP request sent, awaiting response... 303 See Other
Location: https://academic.oup.com/cmlj/article-lookup/doi/10.1093/cmlj/kmv011 [following]
--2017-02-03 08:27:18--  https://academic.oup.com/cmlj/article-lookup/doi/10.1093/cmlj/kmv011
Connecting to academic.oup.com (academic.oup.com)|173.254.190.144|:443... connected.
HTTP request sent, awaiting response... 200 OK
Length: 72604 (71K) [text/html]
Saving to: ‘kmv011’

     0K .......... .......... .......... .......... .......... 70%  208K 0s
    50K .......... ..........                                 100% 11.9M=0.2s

2017-02-03 08:27:21 (294 KB/s) - ‘kmv011’ saved [72604/72604]

--2017-02-03 08:27:22--  http://doi.org/10.1093/cmlj/kmv003
Connecting to doi.org (doi.org)|38.100.138.162|:80... connected.
HTTP request sent, awaiting response... 303 See Other
Location: https://academic.oup.com/cmlj/article-lookup/doi/10.1093/cmlj/kmv003 [following]
--2017-02-03 08:27:23--  https://academic.oup.com/cmlj/article-lookup/doi/10.1093/cmlj/kmv003
Connecting to academic.oup.com (academic.oup.com)|173.254.190.144|:443... connected.
HTTP request sent, awaiting response... 200 OK
Length: 73330 (72K) [text/html]
Saving to: ‘kmv003’

     0K .......... .......... .......... .......... .......... 69%  207K 0s
    50K .......... .......... .                               100% 11.9M=0.2s

2017-02-03 08:27:26 (294 KB/s) - ‘kmv003’ saved [73330/73330]

--2017-02-03 08:27:27--  http://doi.org/10.1093/cmlj/kmv033
Connecting to doi.org (doi.org)|38.100.138.162|:80... connected.
HTTP request sent, awaiting response... 303 See Other
Location: https://academic.oup.com/cmlj/article-lookup/doi/10.1093/cmlj/kmv033 [following]
--2017-02-03 08:27:29--  https://academic.oup.com/cmlj/article-lookup/doi/10.1093/cmlj/kmv033
Connecting to academic.oup.com (academic.oup.com)|173.254.190.144|:443... connected.
HTTP request sent, awaiting response... 200 OK
Length: 70027 (68K) [text/html]
Saving to: ‘kmv033’

     0K .......... .......... .......... .......... .......... 73%  208K 0s
    50K .......... ........                                   100% 14.9M=0.2s

2017-02-03 08:27:31 (283 KB/s) - ‘kmv033’ saved [70027/70027]

--2017-02-03 08:27:32--  http://doi.org/10.1093/cmlj/kmv025
Connecting to doi.org (doi.org)|38.100.138.162|:80... connected.
HTTP request sent, awaiting response... 303 See Other
Location: https://academic.oup.com/cmlj/article-lookup/doi/10.1093/cmlj/kmv025 [following]
--2017-02-03 08:27:34--  https://academic.oup.com/cmlj/article-lookup/doi/10.1093/cmlj/kmv025
Connecting to academic.oup.com (academic.oup.com)|173.254.190.144|:443... connected.
HTTP request sent, awaiting response... 200 OK
Length: 161591 (158K) [text/html]
Saving to: ‘kmv025’

     0K .......... .......... .......... .......... .......... 31%  209K 1s
    50K .......... .......... .......... .......... .......... 63%  601K 0s
   100K .......... .......... .......... .......... .......... 95%  608K 0s
   150K .......                                               100% 28.3M=0.4s

2017-02-03 08:27:37 (389 KB/s) - ‘kmv025’ saved [161591/161591]

--2017-02-03 08:27:38--  http://doi.org/10.1093/cmlj/kmv032
Connecting to doi.org (doi.org)|38.100.138.162|:80... connected.
HTTP request sent, awaiting response... 303 See Other
Location: https://academic.oup.com/cmlj/article-lookup/doi/10.1093/cmlj/kmv032 [following]
--2017-02-03 08:27:39--  https://academic.oup.com/cmlj/article-lookup/doi/10.1093/cmlj/kmv032
Connecting to academic.oup.com (academic.oup.com)|173.254.190.144|:443... connected.
HTTP request sent, awaiting response... 400 Bad Request
2017-02-03 08:27:40 ERROR 400: Bad Request.

--2017-02-03 08:27:41--  http://doi.org/10.1093/cmlj/kmv007
Connecting to doi.org (doi.org)|38.100.138.162|:80... connected.
HTTP request sent, awaiting response... 303 See Other
Location: https://academic.oup.com/cmlj/article-lookup/doi/10.1093/cmlj/kmv007 [following]
--2017-02-03 08:27:42--  https://academic.oup.com/cmlj/article-lookup/doi/10.1093/cmlj/kmv007
Connecting to academic.oup.com (academic.oup.com)|173.254.190.144|:443... connected.
HTTP request sent, awaiting response... 200 OK
Length: 62942 (61K) [text/html]
Saving to: ‘kmv007’

     0K .......... .......... .......... .......... .......... 81%  209K 0s
    50K .......... .                                          100% 22.4M=0.2s

2017-02-03 08:27:45 (256 KB/s) - ‘kmv007’ saved [62942/62942]

--2017-02-03 08:27:46--  http://doi.org/10.1093/cmlj/kmv030
Connecting to doi.org (doi.org)|38.100.138.162|:80... connected.
HTTP request sent, awaiting response... 303 See Other
Location: https://academic.oup.com/cmlj/article-lookup/doi/10.1093/cmlj/kmv030 [following]
--2017-02-03 08:27:47--  https://academic.oup.com/cmlj/article-lookup/doi/10.1093/cmlj/kmv030
Connecting to academic.oup.com (academic.oup.com)|173.254.190.144|:443... connected.
HTTP request sent, awaiting response... 200 OK
Length: 146214 (143K) [text/html]
Saving to: ‘kmv030’

     0K .......... .......... .......... .......... .......... 35%  209K 0s
    50K .......... .......... .......... .......... .......... 70%  605K 0s
   100K .......... .......... .......... .......... ..        100%  528K=0.4s

2017-02-03 08:27:51 (354 KB/s) - ‘kmv030’ saved [146214/146214]

--2017-02-03 08:27:52--  http://doi.org/10.1093/cmlj/kmv031
Connecting to doi.org (doi.org)|38.100.138.162|:80... connected.
HTTP request sent, awaiting response... 303 See Other
Location: https://academic.oup.com/cmlj/article-lookup/doi/10.1093/cmlj/kmv031 [following]
--2017-02-03 08:27:53--  https://academic.oup.com/cmlj/article-lookup/doi/10.1093/cmlj/kmv031
Connecting to academic.oup.com (academic.oup.com)|173.254.190.144|:443... connected.
HTTP request sent, awaiting response... 200 OK
Length: 211640 (207K) [text/html]
Saving to: ‘kmv031’

     0K .......... .......... .......... .......... .......... 24%  307K 1s
    50K .......... .......... .......... .......... .......... 48%  312K 0s
   100K .......... .......... .......... .......... .......... 72%  610K 0s
   150K .......... .......... .......... .......... .......... 96%  599K 0s
   200K ......                                                100% 27.5M=0.5s

2017-02-03 08:27:57 (423 KB/s) - ‘kmv031’ saved [211640/211640]

--2017-02-03 08:27:58--  http://doi.org/10.1093/cmlj/kmv026
Connecting to doi.org (doi.org)|38.100.138.162|:80... connected.
HTTP request sent, awaiting response... 303 See Other
Location: https://academic.oup.com/cmlj/article-lookup/doi/10.1093/cmlj/kmv026 [following]
--2017-02-03 08:27:59--  https://academic.oup.com/cmlj/article-lookup/doi/10.1093/cmlj/kmv026
Connecting to academic.oup.com (academic.oup.com)|173.254.190.144|:443... connected.
HTTP request sent, awaiting response... 200 OK
Length: 139856 (137K) [text/html]
Saving to: ‘kmv026’

     0K .......... .......... .......... .......... .......... 36%  208K 0s
    50K .......... .......... .......... .......... .......... 73%  607K 0s
   100K .......... .......... .......... ......               100%  466K=0.4s

2017-02-03 08:28:02 (341 KB/s) - ‘kmv026’ saved [139856/139856]

--2017-02-03 08:28:03--  http://doi.org/10.1093/cmlj/kmv014
Connecting to doi.org (doi.org)|38.100.138.162|:80... connected.
HTTP request sent, awaiting response... 303 See Other
Location: https://academic.oup.com/cmlj/article-lookup/doi/10.1093/cmlj/kmv014 [following]
--2017-02-03 08:28:04--  https://academic.oup.com/cmlj/article-lookup/doi/10.1093/cmlj/kmv014
Connecting to academic.oup.com (academic.oup.com)|173.254.190.144|:443... connected.
HTTP request sent, awaiting response... 200 OK
Length: 65766 (64K) [text/html]
Saving to: ‘kmv014’

     0K .......... .......... .......... .......... .......... 77%  204K 0s
    50K .......... ....                                       100% 16.4M=0.2s

2017-02-03 08:28:07 (261 KB/s) - ‘kmv014’ saved [65766/65766]

--2017-02-03 08:28:08--  http://doi.org/10.1093/cmlj/kmv010
Connecting to doi.org (doi.org)|38.100.138.162|:80... connected.
HTTP request sent, awaiting response... 303 See Other
Location: https://academic.oup.com/cmlj/article-lookup/doi/10.1093/cmlj/kmv010 [following]
--2017-02-03 08:28:09--  https://academic.oup.com/cmlj/article-lookup/doi/10.1093/cmlj/kmv010
Connecting to academic.oup.com (academic.oup.com)|173.254.190.144|:443... connected.
HTTP request sent, awaiting response... 200 OK
Length: 72607 (71K) [text/html]
Saving to: ‘kmv010’

     0K .......... .......... .......... .......... .......... 70%  208K 0s
    50K .......... ..........                                 100% 13.7M=0.2s

2017-02-03 08:28:12 (293 KB/s) - ‘kmv010’ saved [72607/72607]

--2017-02-03 08:28:13--  http://doi.org/10.1093/cmlj/kmv002
Connecting to doi.org (doi.org)|38.100.138.162|:80... connected.
HTTP request sent, awaiting response... 303 See Other
Location: https://academic.oup.com/cmlj/article-lookup/doi/10.1093/cmlj/kmv002 [following]
--2017-02-03 08:28:15--  https://academic.oup.com/cmlj/article-lookup/doi/10.1093/cmlj/kmv002
Connecting to academic.oup.com (academic.oup.com)|173.254.190.144|:443... connected.
HTTP request sent, awaiting response... 200 OK
Length: 88281 (86K) [text/html]
Saving to: ‘kmv002’

     0K .......... .......... .......... .......... .......... 57%  209K 0s
    50K .......... .......... .......... ......               100% 8.05M=0.2s

2017-02-03 08:28:18 (354 KB/s) - ‘kmv002’ saved [88281/88281]

--2017-02-03 08:28:19--  http://doi.org/10.1093/cmlj/kmv023
Connecting to doi.org (doi.org)|38.100.138.162|:80... connected.
HTTP request sent, awaiting response... 303 See Other
Location: https://academic.oup.com/cmlj/article-lookup/doi/10.1093/cmlj/kmv023 [following]
--2017-02-03 08:28:21--  https://academic.oup.com/cmlj/article-lookup/doi/10.1093/cmlj/kmv023
Connecting to academic.oup.com (academic.oup.com)|173.254.190.144|:443... connected.
HTTP request sent, awaiting response... 200 OK
Length: 90217 (88K) [text/html]
Saving to: ‘kmv023’

     0K .......... .......... .......... .......... .......... 56%  307K 0s
    50K .......... .......... .......... ........             100%  469K=0.2s

2017-02-03 08:28:24 (361 KB/s) - ‘kmv023’ saved [90217/90217]

--2017-02-03 08:28:25--  http://doi.org/10.1093/cmlj/kmv006
Connecting to doi.org (doi.org)|38.100.138.162|:80... connected.
HTTP request sent, awaiting response... 303 See Other
Location: https://academic.oup.com/cmlj/article-lookup/doi/10.1093/cmlj/kmv006 [following]
--2017-02-03 08:28:26--  https://academic.oup.com/cmlj/article-lookup/doi/10.1093/cmlj/kmv006
Connecting to academic.oup.com (academic.oup.com)|173.254.190.144|:443... connected.
HTTP request sent, awaiting response... 200 OK
Length: 62945 (61K) [text/html]
Saving to: ‘kmv006’

     0K .......... .......... .......... .......... .......... 81%  203K 0s
    50K .......... .                                          100% 22.8M=0.2s

2017-02-03 08:28:29 (250 KB/s) - ‘kmv006’ saved [62945/62945]

--2017-02-03 08:28:30--  http://doi.org/10.1093/cmlj/kmv024
Connecting to doi.org (doi.org)|38.100.138.162|:80... connected.
HTTP request sent, awaiting response... 303 See Other
Location: https://academic.oup.com/cmlj/article-lookup/doi/10.1093/cmlj/kmv024 [following]
--2017-02-03 08:28:31--  https://academic.oup.com/cmlj/article-lookup/doi/10.1093/cmlj/kmv024
Connecting to academic.oup.com (academic.oup.com)|173.254.190.144|:443... connected.
HTTP request sent, awaiting response... 200 OK
Length: 73776 (72K) [text/html]
Saving to: ‘kmv024’

     0K .......... .......... .......... .......... .......... 69% 89.2K 0s
    50K .......... .......... ..                              100%  138K=0.7s

2017-02-03 08:28:37 (100 KB/s) - ‘kmv024’ saved [73776/73776]

--2017-02-03 08:28:38--  http://doi.org/10.1093/cmlj/kmv020
Connecting to doi.org (doi.org)|38.100.138.162|:80... connected.
HTTP request sent, awaiting response... 303 See Other
Location: https://academic.oup.com/cmlj/article-lookup/doi/10.1093/cmlj/kmv020 [following]
--2017-02-03 08:28:39--  https://academic.oup.com/cmlj/article-lookup/doi/10.1093/cmlj/kmv020
Connecting to academic.oup.com (academic.oup.com)|173.254.190.144|:443... connected.
HTTP request sent, awaiting response... 200 OK
Length: 257379 (251K) [text/html]
Saving to: ‘kmv020’

     0K .......... .......... .......... .......... .......... 19%  209K 1s
    50K .......... .......... .......... .......... .......... 39%  597K 0s
   100K .......... .......... .......... .......... .......... 59%  611K 0s
   150K .......... .......... .......... .......... .......... 79%  611K 0s
   200K .......... .......... .......... .......... .......... 99%  406K 0s
   250K .                                                     100% 2569G=0.6s

2017-02-03 08:28:44 (412 KB/s) - ‘kmv020’ saved [257379/257379]

--2017-02-03 08:28:45--  http://doi.org/10.1093/cmlj/kmv022
Connecting to doi.org (doi.org)|38.100.138.162|:80... connected.
HTTP request sent, awaiting response... 303 See Other
Location: https://academic.oup.com/cmlj/article-lookup/doi/10.1093/cmlj/kmv022 [following]
--2017-02-03 08:28:46--  https://academic.oup.com/cmlj/article-lookup/doi/10.1093/cmlj/kmv022
Connecting to academic.oup.com (academic.oup.com)|173.254.190.144|:443... connected.
HTTP request sent, awaiting response... 200 OK
Length: 173353 (169K) [text/html]
Saving to: ‘kmv022’

     0K .......... .......... .......... .......... .......... 29%  209K 1s
    50K .......... .......... .......... .......... .......... 59%  608K 0s
   100K .......... .......... .......... .......... .......... 88%  600K 0s
   150K .......... .........                                  100%  247K=0.5s

2017-02-03 08:28:49 (350 KB/s) - ‘kmv022’ saved [173353/173353]

--2017-02-03 08:28:50--  http://doi.org/10.1093/cmlj/kmv021
Connecting to doi.org (doi.org)|38.100.138.162|:80... connected.
HTTP request sent, awaiting response... 303 See Other
Location: https://academic.oup.com/cmlj/article-lookup/doi/10.1093/cmlj/kmv021 [following]
--2017-02-03 08:28:52--  https://academic.oup.com/cmlj/article-lookup/doi/10.1093/cmlj/kmv021
Connecting to academic.oup.com (academic.oup.com)|173.254.190.144|:443... connected.
HTTP request sent, awaiting response... 200 OK
Length: 128208 (125K) [text/html]
Saving to: ‘kmv021’

     0K .......... .......... .......... .......... .......... 39%  209K 0s
    50K .......... .......... .......... .......... .......... 79%  614K 0s
   100K .......... .......... .....                           100%  649K=0.4s

2017-02-03 08:28:55 (348 KB/s) - ‘kmv021’ saved [128208/128208]

--2017-02-03 08:28:56--  http://doi.org/10.1093/cmlj/kmv017
Connecting to doi.org (doi.org)|38.100.138.162|:80... connected.
HTTP request sent, awaiting response... 303 See Other
Location: https://academic.oup.com/cmlj/article-lookup/doi/10.1093/cmlj/kmv017 [following]
--2017-02-03 08:28:57--  https://academic.oup.com/cmlj/article-lookup/doi/10.1093/cmlj/kmv017
Connecting to academic.oup.com (academic.oup.com)|173.254.190.144|:443... connected.
HTTP request sent, awaiting response... 200 OK
Length: 166005 (162K) [text/html]
Saving to: ‘kmv017’

     0K .......... .......... .......... .......... .......... 30%  208K 1s
    50K .......... .......... .......... .......... .......... 61%  613K 0s
   100K .......... .......... .......... .......... .......... 92%  607K 0s
   150K .......... ..                                         100% 11.0M=0.4s

2017-02-03 08:29:00 (400 KB/s) - ‘kmv017’ saved [166005/166005]

--2017-02-03 08:29:01--  http://doi.org/10.1093/cmlj/kmv019
Connecting to doi.org (doi.org)|38.100.138.162|:80... connected.
HTTP request sent, awaiting response... 303 See Other
Location: https://academic.oup.com/cmlj/article-lookup/doi/10.1093/cmlj/kmv019 [following]
--2017-02-03 08:29:02--  https://academic.oup.com/cmlj/article-lookup/doi/10.1093/cmlj/kmv019
Connecting to academic.oup.com (academic.oup.com)|173.254.190.144|:443... connected.
HTTP request sent, awaiting response... 200 OK
Length: 168357 (164K) [text/html]
Saving to: ‘kmv019’

     0K .......... .......... .......... .......... .......... 30%  209K 1s
    50K .......... .......... .......... .......... .......... 60%  576K 0s
   100K .......... .......... .......... .......... .......... 91%  613K 0s
   150K .......... ....                                       100% 7.35M=0.4s

2017-02-03 08:29:06 (401 KB/s) - ‘kmv019’ saved [168357/168357]

--2017-02-03 08:29:07--  http://doi.org/10.1093/cmlj/kmv018
Connecting to doi.org (doi.org)|38.100.138.162|:80... connected.
HTTP request sent, awaiting response... 303 See Other
Location: https://academic.oup.com/cmlj/article-lookup/doi/10.1093/cmlj/kmv018 [following]
--2017-02-03 08:29:08--  https://academic.oup.com/cmlj/article-lookup/doi/10.1093/cmlj/kmv018
Connecting to academic.oup.com (academic.oup.com)|173.254.190.144|:443... connected.
HTTP request sent, awaiting response... 200 OK
Length: 196131 (192K) [text/html]
Saving to: ‘kmv018’

     0K .......... .......... .......... .......... .......... 26%  209K 1s
    50K .......... .......... .......... .......... .......... 52%  606K 0s
   100K .......... .......... .......... .......... .......... 78%  606K 0s
   150K .......... .......... .......... .......... .         100%  505K=0.5s

2017-02-03 08:29:12 (394 KB/s) - ‘kmv018’ saved [196131/196131]

--2017-02-03 08:29:13--  http://doi.org/10.1093/cmlj/kmv009
Connecting to doi.org (doi.org)|38.100.138.162|:80... connected.
HTTP request sent, awaiting response... 303 See Other
Location: https://academic.oup.com/cmlj/article-lookup/doi/10.1093/cmlj/kmv009 [following]
--2017-02-03 08:29:14--  https://academic.oup.com/cmlj/article-lookup/doi/10.1093/cmlj/kmv009
Connecting to academic.oup.com (academic.oup.com)|173.254.190.144|:443... connected.
HTTP request sent, awaiting response... 200 OK
Length: 87544 (85K) [text/html]
Saving to: ‘kmv009’

     0K .......... .......... .......... .......... .......... 58%  206K 0s
    50K .......... .......... .......... .....                100% 8.90M=0.2s

2017-02-03 08:29:17 (346 KB/s) - ‘kmv009’ saved [87544/87544]

--2017-02-03 08:29:18--  http://doi.org/10.1093/cmlj/kmv013
Connecting to doi.org (doi.org)|38.100.138.162|:80... connected.
HTTP request sent, awaiting response... 303 See Other
Location: https://academic.oup.com/cmlj/article-lookup/doi/10.1093/cmlj/kmv013 [following]
--2017-02-03 08:29:19--  https://academic.oup.com/cmlj/article-lookup/doi/10.1093/cmlj/kmv013
Connecting to academic.oup.com (academic.oup.com)|173.254.190.144|:443... connected.
HTTP request sent, awaiting response... 400 Bad Request
2017-02-03 08:29:20 ERROR 400: Bad Request.

--2017-02-03 08:29:21--  http://doi.org/10.1093/cmlj/kmu036
Connecting to doi.org (doi.org)|38.100.138.162|:80... connected.
HTTP request sent, awaiting response... 303 See Other
Location: https://academic.oup.com/cmlj/article-lookup/doi/10.1093/cmlj/kmu036 [following]
--2017-02-03 08:29:22--  https://academic.oup.com/cmlj/article-lookup/doi/10.1093/cmlj/kmu036
Connecting to academic.oup.com (academic.oup.com)|173.254.190.144|:443... connected.
HTTP request sent, awaiting response... 200 OK
Length: 82930 (81K) [text/html]
Saving to: ‘kmu036’

     0K .......... .......... .......... .......... .......... 61%  209K 0s
    50K .......... .......... ..........                      100% 12.9M=0.2s

2017-02-03 08:29:25 (335 KB/s) - ‘kmu036’ saved [82930/82930]

--2017-02-03 08:29:26--  http://doi.org/10.1093/cmlj/kmv001
Connecting to doi.org (doi.org)|38.100.138.162|:80... connected.
HTTP request sent, awaiting response... 303 See Other
Location: https://academic.oup.com/cmlj/article-lookup/doi/10.1093/cmlj/kmv001 [following]
--2017-02-03 08:29:27--  https://academic.oup.com/cmlj/article-lookup/doi/10.1093/cmlj/kmv001
Connecting to academic.oup.com (academic.oup.com)|173.254.190.144|:443... connected.
HTTP request sent, awaiting response... 200 OK
Length: 88142 (86K) [text/html]
Saving to: ‘kmv001’

     0K .......... .......... .......... .......... .......... 58%  207K 0s
    50K .......... .......... .......... ......               100% 6.80M=0.2s

2017-02-03 08:29:31 (349 KB/s) - ‘kmv001’ saved [88142/88142]

--2017-02-03 08:29:32--  http://doi.org/10.1093/cmlj/kmv005
Connecting to doi.org (doi.org)|38.100.138.162|:80... connected.
HTTP request sent, awaiting response... 303 See Other
Location: https://academic.oup.com/cmlj/article-lookup/doi/10.1093/cmlj/kmv005 [following]
--2017-02-03 08:29:33--  https://academic.oup.com/cmlj/article-lookup/doi/10.1093/cmlj/kmv005
Connecting to academic.oup.com (academic.oup.com)|173.254.190.144|:443... connected.
HTTP request sent, awaiting response... 200 OK
Length: 62945 (61K) [text/html]
Saving to: ‘kmv005’

     0K .......... .......... .......... .......... .......... 81%  209K 0s
    50K .......... .                                          100% 17.5M=0.2s

2017-02-03 08:29:36 (256 KB/s) - ‘kmv005’ saved [62945/62945]

--2017-02-03 08:29:37--  http://doi.org/10.1093/cmlj/kmu031
Connecting to doi.org (doi.org)|38.100.138.162|:80... connected.
HTTP request sent, awaiting response... 303 See Other
Location: https://academic.oup.com/cmlj/article-lookup/doi/10.1093/cmlj/kmu031 [following]
--2017-02-03 08:29:38--  https://academic.oup.com/cmlj/article-lookup/doi/10.1093/cmlj/kmu031
Connecting to academic.oup.com (academic.oup.com)|173.254.190.144|:443... connected.
HTTP request sent, awaiting response... 200 OK
Length: 263469 (257K) [text/html]
Saving to: ‘kmu031’

     0K .......... .......... .......... .......... .......... 19%  205K 1s
    50K .......... .......... .......... .......... .......... 38%  601K 1s
   100K .......... .......... .......... .......... .......... 58%  600K 0s
   150K .......... .......... .......... .......... .......... 77%  317K 0s
   200K .......... .......... .......... .......... .......... 97%  578K 0s
   250K .......                                               100% 30.1M=0.7s

2017-02-03 08:29:43 (393 KB/s) - ‘kmu031’ saved [263469/263469]

--2017-02-03 08:29:44--  http://doi.org/10.1093/cmlj/kmu030
Connecting to doi.org (doi.org)|38.100.138.162|:80... connected.
HTTP request sent, awaiting response... 303 See Other
Location: https://academic.oup.com/cmlj/article-lookup/doi/10.1093/cmlj/kmu030 [following]
--2017-02-03 08:29:45--  https://academic.oup.com/cmlj/article-lookup/doi/10.1093/cmlj/kmu030
Connecting to academic.oup.com (academic.oup.com)|173.254.190.144|:443... connected.
HTTP request sent, awaiting response... 200 OK
Length: 216752 (212K) [text/html]
Saving to: ‘kmu030’

     0K .......... .......... .......... .......... .......... 23%  208K 1s
    50K .......... .......... .......... .......... .......... 47%  608K 0s
   100K .......... .......... .......... .......... .......... 70%  586K 0s
   150K .......... .......... .......... .......... .......... 94% 27.5K 0s
   200K .......... .                                          100% 48.7K=2.5s

2017-02-03 08:29:51 (86.0 KB/s) - ‘kmu030’ saved [216752/216752]

--2017-02-03 08:29:52--  http://doi.org/10.1093/cmlj/kmu035
Connecting to doi.org (doi.org)|38.100.138.162|:80... connected.
HTTP request sent, awaiting response... 303 See Other
Location: https://academic.oup.com/cmlj/article-lookup/doi/10.1093/cmlj/kmu035 [following]
--2017-02-03 08:29:53--  https://academic.oup.com/cmlj/article-lookup/doi/10.1093/cmlj/kmu035
Connecting to academic.oup.com (academic.oup.com)|173.254.190.144|:443... connected.
HTTP request sent, awaiting response... 200 OK
Length: 139338 (136K) [text/html]
Saving to: ‘kmu035’

     0K .......... .......... .......... .......... .......... 36%  207K 0s
    50K .......... .......... .......... .......... .......... 73%  575K 0s
   100K .......... .......... .......... ......               100%  481K=0.4s

2017-02-03 08:29:56 (337 KB/s) - ‘kmu035’ saved [139338/139338]

FINISHED --2017-02-03 08:29:56--
Total wall clock time: 9m 24s
Downloaded: 94 files, 11M in 36s (320 KB/s)
