--2017-02-03 09:50:09--  http://doi.org/10.1093/cybsec/tyw012
Resolving doi.org (doi.org)... 63.123.152.248, 54.191.229.235, 38.100.138.163, ...
Connecting to doi.org (doi.org)|63.123.152.248|:80... connected.
HTTP request sent, awaiting response... 303 See Other
Location: https://academic.oup.com/cybersecurity/article-lookup/doi/10.1093/cybsec/tyw012 [following]
--2017-02-03 09:50:10--  https://academic.oup.com/cybersecurity/article-lookup/doi/10.1093/cybsec/tyw012
Resolving academic.oup.com (academic.oup.com)... 173.254.190.144
Connecting to academic.oup.com (academic.oup.com)|173.254.190.144|:443... connected.
HTTP request sent, awaiting response... 400 Bad Request
2017-02-03 09:50:16 ERROR 400: Bad Request.

--2017-02-03 09:50:17--  http://doi.org/10.1093/cybsec/tyw002
Connecting to doi.org (doi.org)|63.123.152.248|:80... connected.
HTTP request sent, awaiting response... 303 See Other
Location: https://academic.oup.com/cybersecurity/article-lookup/doi/10.1093/cybsec/tyw002 [following]
--2017-02-03 09:50:18--  https://academic.oup.com/cybersecurity/article-lookup/doi/10.1093/cybsec/tyw002
Connecting to academic.oup.com (academic.oup.com)|173.254.190.144|:443... connected.
HTTP request sent, awaiting response... 200 OK
Length: 323200 (316K) [text/html]
Saving to: ‘tyw002’

     0K .......... .......... .......... .......... .......... 15%  209K 1s
    50K .......... .......... .......... .......... .......... 31%  605K 1s
   100K .......... .......... .......... .......... .......... 47%  612K 0s
   150K .......... .......... .......... .......... .......... 63%  317K 0s
   200K .......... .......... .......... .......... .......... 79%  591K 0s
   250K .......... .......... .......... .......... .......... 95%  603K 0s
   300K .......... .....                                      100%  202K=0.8s

2017-02-03 09:50:23 (391 KB/s) - ‘tyw002’ saved [323200/323200]

--2017-02-03 09:50:24--  http://doi.org/10.1093/cybsec/tyw004
Connecting to doi.org (doi.org)|63.123.152.248|:80... connected.
HTTP request sent, awaiting response... 303 See Other
Location: https://academic.oup.com/cybersecurity/article-lookup/doi/10.1093/cybsec/tyw004 [following]
--2017-02-03 09:50:25--  https://academic.oup.com/cybersecurity/article-lookup/doi/10.1093/cybsec/tyw004
Connecting to academic.oup.com (academic.oup.com)|173.254.190.144|:443... connected.
HTTP request sent, awaiting response... 200 OK
Length: 235704 (230K) [text/html]
Saving to: ‘tyw004’

     0K .......... .......... .......... .......... .......... 21%  209K 1s
    50K .......... .......... .......... .......... .......... 43%  615K 0s
   100K .......... .......... .......... .......... .......... 65%  601K 0s
   150K .......... .......... .......... .......... .......... 86%  608K 0s
   200K .......... .......... ..........                      100%  378K=0.6s

2017-02-03 09:50:28 (407 KB/s) - ‘tyw004’ saved [235704/235704]

--2017-02-03 09:50:29--  http://doi.org/10.1093/cybsec/tyw011
Connecting to doi.org (doi.org)|63.123.152.248|:80... connected.
HTTP request sent, awaiting response... 303 See Other
Location: https://academic.oup.com/cybersecurity/article-lookup/doi/10.1093/cybsec/tyw011 [following]
--2017-02-03 09:50:31--  https://academic.oup.com/cybersecurity/article-lookup/doi/10.1093/cybsec/tyw011
Connecting to academic.oup.com (academic.oup.com)|173.254.190.144|:443... connected.
HTTP request sent, awaiting response... 200 OK
Length: 365642 (357K) [text/html]
Saving to: ‘tyw011’

     0K .......... .......... .......... .......... .......... 14%  209K 1s
    50K .......... .......... .......... .......... .......... 28%  611K 1s
   100K .......... .......... .......... .......... .......... 42%  576K 1s
   150K .......... .......... .......... .......... .......... 56%  321K 0s
   200K .......... .......... .......... .......... .......... 70%  573K 0s
   250K .......... .......... .......... .......... .......... 84%  596K 0s
   300K .......... .......... .......... .......... .......... 98%  611K 0s
   350K .......                                               100% 19.8M=0.8s

2017-02-03 09:50:35 (437 KB/s) - ‘tyw011’ saved [365642/365642]

--2017-02-03 09:50:36--  http://doi.org/10.1093/cybsec/tyw005
Connecting to doi.org (doi.org)|63.123.152.248|:80... connected.
HTTP request sent, awaiting response... 303 See Other
Location: https://academic.oup.com/cybersecurity/article-lookup/doi/10.1093/cybsec/tyw005 [following]
--2017-02-03 09:50:37--  https://academic.oup.com/cybersecurity/article-lookup/doi/10.1093/cybsec/tyw005
Connecting to academic.oup.com (academic.oup.com)|173.254.190.144|:443... connected.
HTTP request sent, awaiting response... 200 OK
Length: 260753 (255K) [text/html]
Saving to: ‘tyw005’

     0K .......... .......... .......... .......... .......... 19%  209K 1s
    50K .......... .......... .......... .......... .......... 39%  594K 1s
   100K .......... .......... .......... .......... .......... 58%  606K 0s
   150K .......... .......... .......... .......... .......... 78%  432K 0s
   200K .......... .......... .......... .......... .......... 98%  394K 0s
   250K ....                                                  100% 31.7M=0.6s

2017-02-03 09:50:42 (392 KB/s) - ‘tyw005’ saved [260753/260753]

--2017-02-03 09:50:43--  http://doi.org/10.1093/cybsec/tyw003
Connecting to doi.org (doi.org)|63.123.152.248|:80... connected.
HTTP request sent, awaiting response... 303 See Other
Location: https://academic.oup.com/cybersecurity/article-lookup/doi/10.1093/cybsec/tyw003 [following]
--2017-02-03 09:50:44--  https://academic.oup.com/cybersecurity/article-lookup/doi/10.1093/cybsec/tyw003
Connecting to academic.oup.com (academic.oup.com)|173.254.190.144|:443... connected.
HTTP request sent, awaiting response... 200 OK
Length: 288739 (282K) [text/html]
Saving to: ‘tyw003’

     0K .......... .......... .......... .......... .......... 17%  209K 1s
    50K .......... .......... .......... .......... .......... 35%  602K 1s
   100K .......... .......... .......... .......... .......... 53%  602K 0s
   150K .......... .......... .......... .......... .......... 70%  611K 0s
   200K .......... .......... .......... .......... .......... 88%  315K 0s
   250K .......... .......... .......... .                    100%  403K=0.7s

2017-02-03 09:50:49 (389 KB/s) - ‘tyw003’ saved [288739/288739]

--2017-02-03 09:50:50--  http://doi.org/10.1093/cybsec/tyw013
Connecting to doi.org (doi.org)|63.123.152.248|:80... connected.
HTTP request sent, awaiting response... 303 See Other
Location: https://academic.oup.com/cybersecurity/article-lookup/doi/10.1093/cybsec/tyw013 [following]
--2017-02-03 09:50:52--  https://academic.oup.com/cybersecurity/article-lookup/doi/10.1093/cybsec/tyw013
Connecting to academic.oup.com (academic.oup.com)|173.254.190.144|:443... connected.
HTTP request sent, awaiting response... 200 OK
Length: 76034 (74K) [text/html]
Saving to: ‘tyw013’

     0K .......... .......... .......... .......... .......... 67%  207K 0s
    50K .......... .......... ....                            100% 12.5M=0.2s

2017-02-03 09:50:55 (306 KB/s) - ‘tyw013’ saved [76034/76034]

--2017-02-03 09:50:56--  http://doi.org/10.1093/cybsec/tyw006
Connecting to doi.org (doi.org)|63.123.152.248|:80... connected.
HTTP request sent, awaiting response... 303 See Other
Location: https://academic.oup.com/cybersecurity/article-lookup/doi/10.1093/cybsec/tyw006 [following]
--2017-02-03 09:50:57--  https://academic.oup.com/cybersecurity/article-lookup/doi/10.1093/cybsec/tyw006
Connecting to academic.oup.com (academic.oup.com)|173.254.190.144|:443... connected.
HTTP request sent, awaiting response... 200 OK
Length: 191455 (187K) [text/html]
Saving to: ‘tyw006’

     0K .......... .......... .......... .......... .......... 26%  209K 1s
    50K .......... .......... .......... .......... .......... 53%  609K 0s
   100K .......... .......... .......... .......... .......... 80%  611K 0s
   150K .......... .......... .......... ......               100%  454K=0.5s

2017-02-03 09:51:00 (386 KB/s) - ‘tyw006’ saved [191455/191455]

--2017-02-03 09:51:01--  http://doi.org/10.1093/cybsec/tyw009
Connecting to doi.org (doi.org)|63.123.152.248|:80... connected.
HTTP request sent, awaiting response... 303 See Other
Location: https://academic.oup.com/cybersecurity/article-lookup/doi/10.1093/cybsec/tyw009 [following]
--2017-02-03 09:51:03--  https://academic.oup.com/cybersecurity/article-lookup/doi/10.1093/cybsec/tyw009
Connecting to academic.oup.com (academic.oup.com)|173.254.190.144|:443... connected.
HTTP request sent, awaiting response... 200 OK
Length: 336314 (328K) [text/html]
Saving to: ‘tyw009’

     0K .......... .......... .......... .......... .......... 15%  209K 1s
    50K .......... .......... .......... .......... .......... 30%  602K 1s
   100K .......... .......... .......... .......... .......... 45%  610K 0s
   150K .......... .......... .......... .......... .......... 60%  430K 0s
   200K .......... .......... .......... .......... .......... 76%  397K 0s
   250K .......... .......... .......... .......... .......... 91%  606K 0s
   300K .......... .......... ........                        100%  756K=0.8s

2017-02-03 09:51:14 (429 KB/s) - ‘tyw009’ saved [336314/336314]

--2017-02-03 09:51:15--  http://doi.org/10.1093/cybsec/tyw008
Connecting to doi.org (doi.org)|63.123.152.248|:80... connected.
HTTP request sent, awaiting response... 303 See Other
Location: https://academic.oup.com/cybersecurity/article-lookup/doi/10.1093/cybsec/tyw008 [following]
--2017-02-03 09:51:16--  https://academic.oup.com/cybersecurity/article-lookup/doi/10.1093/cybsec/tyw008
Connecting to academic.oup.com (academic.oup.com)|173.254.190.144|:443... connected.
HTTP request sent, awaiting response... 200 OK
Length: 247373 (242K) [text/html]
Saving to: ‘tyw008’

     0K .......... .......... .......... .......... .......... 20%  209K 1s
    50K .......... .......... .......... .......... .......... 41%  599K 0s
   100K .......... .......... .......... .......... .......... 62% 28.9K 1s
   150K .......... .......... .......... .......... .......... 82% 89.1K 1s
   200K .......... .......... .......... .......... .         100%  172K=2.9s

2017-02-03 09:51:23 (84.6 KB/s) - ‘tyw008’ saved [247373/247373]

--2017-02-03 09:51:24--  http://doi.org/10.1093/cybsec/tyw010
Connecting to doi.org (doi.org)|63.123.152.248|:80... connected.
HTTP request sent, awaiting response... 303 See Other
Location: https://academic.oup.com/cybersecurity/article-lookup/doi/10.1093/cybsec/tyw010 [following]
--2017-02-03 09:51:26--  https://academic.oup.com/cybersecurity/article-lookup/doi/10.1093/cybsec/tyw010
Connecting to academic.oup.com (academic.oup.com)|173.254.190.144|:443... connected.
HTTP request sent, awaiting response... 400 Bad Request
2017-02-03 09:51:26 ERROR 400: Bad Request.

--2017-02-03 09:51:27--  http://doi.org/10.1093/cybsec/tyw007
Connecting to doi.org (doi.org)|63.123.152.248|:80... connected.
HTTP request sent, awaiting response... 303 See Other
Location: https://academic.oup.com/cybersecurity/article-lookup/doi/10.1093/cybsec/tyw007 [following]
--2017-02-03 09:51:29--  https://academic.oup.com/cybersecurity/article-lookup/doi/10.1093/cybsec/tyw007
Connecting to academic.oup.com (academic.oup.com)|173.254.190.144|:443... connected.
HTTP request sent, awaiting response... 200 OK
Length: 260992 (255K) [text/html]
Saving to: ‘tyw007’

     0K .......... .......... .......... .......... .......... 19%  208K 1s
    50K .......... .......... .......... .......... .......... 39%  613K 0s
   100K .......... .......... .......... .......... .......... 58%  592K 0s
   150K .......... .......... .......... .......... .......... 78%  609K 0s
   200K .......... .......... .......... .......... .......... 98%  313K 0s
   250K ....                                                  100% 9298G=0.6s

2017-02-03 09:51:33 (394 KB/s) - ‘tyw007’ saved [260992/260992]

--2017-02-03 09:51:34--  http://doi.org/10.1093/cybsec/tyw001
Connecting to doi.org (doi.org)|63.123.152.248|:80... connected.
HTTP request sent, awaiting response... 303 See Other
Location: https://academic.oup.com/cybersecurity/article-lookup/doi/10.1093/cybsec/tyw001 [following]
--2017-02-03 09:51:36--  https://academic.oup.com/cybersecurity/article-lookup/doi/10.1093/cybsec/tyw001
Connecting to academic.oup.com (academic.oup.com)|173.254.190.144|:443... connected.
HTTP request sent, awaiting response... 200 OK
Length: 294842 (288K) [text/html]
Saving to: ‘tyw001’

     0K .......... .......... .......... .......... .......... 17%  209K 1s
    50K .......... .......... .......... .......... .......... 34%  602K 1s
   100K .......... .......... .......... .......... .......... 52%  587K 0s
   150K .......... .......... .......... .......... .......... 69%  609K 0s
   200K .......... .......... .......... .......... .......... 86%  317K 0s
   250K .......... .......... .......... .......              100%  852K=0.7s

2017-02-03 09:51:44 (416 KB/s) - ‘tyw001’ saved [294842/294842]

--2017-02-03 09:51:45--  http://doi.org/10.1093/cybsec/tyv008
Connecting to doi.org (doi.org)|63.123.152.248|:80... connected.
HTTP request sent, awaiting response... 303 See Other
Location: https://academic.oup.com/cybersecurity/article-lookup/doi/10.1093/cybsec/tyv008 [following]
--2017-02-03 09:51:46--  https://academic.oup.com/cybersecurity/article-lookup/doi/10.1093/cybsec/tyv008
Connecting to academic.oup.com (academic.oup.com)|173.254.190.144|:443... connected.
HTTP request sent, awaiting response... 200 OK
Length: 430870 (421K) [text/html]
Saving to: ‘tyv008’

     0K .......... .......... .......... .......... .......... 11%  209K 2s
    50K .......... .......... .......... .......... .......... 23%  612K 1s
   100K .......... .......... .......... .......... .......... 35%  575K 1s
   150K .......... .......... .......... .......... .......... 47%  610K 1s
   200K .......... .......... .......... .......... .......... 59%  323K 0s
   250K .......... .......... .......... .......... .......... 71%  572K 0s
   300K .......... .......... .......... .......... .......... 83%  282K 0s
   350K .......... .......... .......... .......... .......... 95%  316K 0s
   400K .......... ..........                                 100% 7.56M=1.1s

2017-02-03 09:51:51 (393 KB/s) - ‘tyv008’ saved [430870/430870]

--2017-02-03 09:51:52--  http://doi.org/10.1093/cybsec/tyv004
Connecting to doi.org (doi.org)|63.123.152.248|:80... connected.
HTTP request sent, awaiting response... 303 See Other
Location: https://academic.oup.com/cybersecurity/article-lookup/doi/10.1093/cybsec/tyv004 [following]
--2017-02-03 09:51:53--  https://academic.oup.com/cybersecurity/article-lookup/doi/10.1093/cybsec/tyv004
Connecting to academic.oup.com (academic.oup.com)|173.254.190.144|:443... connected.
HTTP request sent, awaiting response... 400 Bad Request
2017-02-03 09:51:54 ERROR 400: Bad Request.

--2017-02-03 09:51:55--  http://doi.org/10.1093/cybsec/tyv010
Connecting to doi.org (doi.org)|63.123.152.248|:80... connected.
HTTP request sent, awaiting response... 303 See Other
Location: https://academic.oup.com/cybersecurity/article-lookup/doi/10.1093/cybsec/tyv010 [following]
--2017-02-03 09:51:56--  https://academic.oup.com/cybersecurity/article-lookup/doi/10.1093/cybsec/tyv010
Connecting to academic.oup.com (academic.oup.com)|173.254.190.144|:443... connected.
HTTP request sent, awaiting response... 200 OK
Length: 75869 (74K) [text/html]
Saving to: ‘tyv010’

     0K .......... .......... .......... .......... .......... 67%  209K 0s
    50K .......... .......... ....                            100% 11.0M=0.2s

2017-02-03 09:52:00 (307 KB/s) - ‘tyv010’ saved [75869/75869]

--2017-02-03 09:52:01--  http://doi.org/10.1093/cybsec/tyv003
Connecting to doi.org (doi.org)|63.123.152.248|:80... connected.
HTTP request sent, awaiting response... 303 See Other
Location: https://academic.oup.com/cybersecurity/article-lookup/doi/10.1093/cybsec/tyv003 [following]
--2017-02-03 09:52:03--  https://academic.oup.com/cybersecurity/article-lookup/doi/10.1093/cybsec/tyv003
Connecting to academic.oup.com (academic.oup.com)|173.254.190.144|:443... connected.
HTTP request sent, awaiting response... 200 OK
Length: 386966 (378K) [text/html]
Saving to: ‘tyv003’

     0K .......... .......... .......... .......... .......... 13%  209K 2s
    50K .......... .......... .......... .......... .......... 26%  609K 1s
   100K .......... .......... .......... .......... .......... 39%  607K 1s
   150K .......... .......... .......... .......... .......... 52%  591K 0s
   200K .......... .......... .......... .......... .......... 66%  307K 0s
   250K .......... .......... .......... .......... .......... 79%  603K 0s
   300K .......... .......... .......... .......... .......... 92%  602K 0s
   350K .......... .......... .......                         100%  348K=0.9s

2017-02-03 09:52:09 (421 KB/s) - ‘tyv003’ saved [386966/386966]

--2017-02-03 09:52:10--  http://doi.org/10.1093/cybsec/tyv011
Connecting to doi.org (doi.org)|63.123.152.248|:80... connected.
HTTP request sent, awaiting response... 303 See Other
Location: https://academic.oup.com/cybersecurity/article-lookup/doi/10.1093/cybsec/tyv011 [following]
--2017-02-03 09:52:11--  https://academic.oup.com/cybersecurity/article-lookup/doi/10.1093/cybsec/tyv011
Connecting to academic.oup.com (academic.oup.com)|173.254.190.144|:443... connected.
HTTP request sent, awaiting response... 200 OK
Length: 394635 (385K) [text/html]
Saving to: ‘tyv011’

     0K .......... .......... .......... .......... .......... 12%  209K 2s
    50K .......... .......... .......... .......... .......... 25%  608K 1s
   100K .......... .......... .......... .......... .......... 38%  597K 1s
   150K .......... .......... .......... .......... .......... 51%  606K 0s
   200K .......... .......... .......... .......... .......... 64%  606K 0s
   250K .......... .......... .......... .......... .......... 77%  313K 0s
   300K .......... .......... .......... .......... .......... 90%  601K 0s
   350K .......... .......... .......... .....                100%  442K=0.9s

2017-02-03 09:52:16 (432 KB/s) - ‘tyv011’ saved [394635/394635]

--2017-02-03 09:52:17--  http://doi.org/10.1093/cybsec/tyv009
Connecting to doi.org (doi.org)|63.123.152.248|:80... connected.
HTTP request sent, awaiting response... 303 See Other
Location: https://academic.oup.com/cybersecurity/article-lookup/doi/10.1093/cybsec/tyv009 [following]
--2017-02-03 09:52:18--  https://academic.oup.com/cybersecurity/article-lookup/doi/10.1093/cybsec/tyv009
Connecting to academic.oup.com (academic.oup.com)|173.254.190.144|:443... connected.
HTTP request sent, awaiting response... 200 OK
Length: 236241 (231K) [text/html]
Saving to: ‘tyv009’

     0K .......... .......... .......... .......... .......... 21%  208K 1s
    50K .......... .......... .......... .......... .......... 43%  605K 0s
   100K .......... .......... .......... .......... .......... 65%  609K 0s
   150K .......... .......... .......... .......... .......... 86%  413K 0s
   200K .......... .......... ..........                      100%  747K=0.6s

2017-02-03 09:52:23 (407 KB/s) - ‘tyv009’ saved [236241/236241]

--2017-02-03 09:52:24--  http://doi.org/10.1093/cybsec/tyv007
Connecting to doi.org (doi.org)|63.123.152.248|:80... connected.
HTTP request sent, awaiting response... 303 See Other
Location: https://academic.oup.com/cybersecurity/article-lookup/doi/10.1093/cybsec/tyv007 [following]
--2017-02-03 09:52:25--  https://academic.oup.com/cybersecurity/article-lookup/doi/10.1093/cybsec/tyv007
Connecting to academic.oup.com (academic.oup.com)|173.254.190.144|:443... connected.
HTTP request sent, awaiting response... 200 OK
Length: 354562 (346K) [text/html]
Saving to: ‘tyv007’

     0K .......... .......... .......... .......... .......... 14%  208K 1s
    50K .......... .......... .......... .......... .......... 28%  601K 1s
   100K .......... .......... .......... .......... .......... 43%  608K 1s
   150K .......... .......... .......... .......... .......... 57%  608K 0s
   200K .......... .......... .......... .......... .......... 72%  312K 0s
   250K .......... .......... .......... .......... .......... 86%  608K 0s
   300K .......... .......... .......... .......... ......    100%  569K=0.8s

2017-02-03 09:52:33 (427 KB/s) - ‘tyv007’ saved [354562/354562]

--2017-02-03 09:52:34--  http://doi.org/10.1093/cybsec/tyv006
Connecting to doi.org (doi.org)|63.123.152.248|:80... connected.
HTTP request sent, awaiting response... 303 See Other
Location: https://academic.oup.com/cybersecurity/article-lookup/doi/10.1093/cybsec/tyv006 [following]
--2017-02-03 09:52:36--  https://academic.oup.com/cybersecurity/article-lookup/doi/10.1093/cybsec/tyv006
Connecting to academic.oup.com (academic.oup.com)|173.254.190.144|:443... connected.
HTTP request sent, awaiting response... 200 OK
Length: 313226 (306K) [text/html]
Saving to: ‘tyv006’

     0K .......... .......... .......... .......... .......... 16%  209K 1s
    50K .......... .......... .......... .......... .......... 32%  581K 1s
   100K .......... .......... .......... .......... .......... 49%  610K 0s
   150K .......... .......... .......... .......... .......... 65%  607K 0s
   200K .......... .......... .......... .......... .......... 81%  320K 0s
   250K .......... .......... .......... .......... .......... 98%  612K 0s
   300K .....                                                 100% 1.32M=0.7s

2017-02-03 09:52:40 (418 KB/s) - ‘tyv006’ saved [313226/313226]

--2017-02-03 09:52:41--  http://doi.org/10.1093/cybsec/tyv005
Connecting to doi.org (doi.org)|63.123.152.248|:80... connected.
HTTP request sent, awaiting response... 303 See Other
Location: https://academic.oup.com/cybersecurity/article-lookup/doi/10.1093/cybsec/tyv005 [following]
--2017-02-03 09:52:43--  https://academic.oup.com/cybersecurity/article-lookup/doi/10.1093/cybsec/tyv005
Connecting to academic.oup.com (academic.oup.com)|173.254.190.144|:443... connected.
HTTP request sent, awaiting response... 400 Bad Request
2017-02-03 09:52:43 ERROR 400: Bad Request.

--2017-02-03 09:52:44--  http://doi.org/10.1093/cybsec/tyv002
Connecting to doi.org (doi.org)|63.123.152.248|:80... connected.
HTTP request sent, awaiting response... 303 See Other
Location: https://academic.oup.com/cybersecurity/article-lookup/doi/10.1093/cybsec/tyv002 [following]
--2017-02-03 09:52:46--  https://academic.oup.com/cybersecurity/article-lookup/doi/10.1093/cybsec/tyv002
Connecting to academic.oup.com (academic.oup.com)|173.254.190.144|:443... connected.
HTTP request sent, awaiting response... 200 OK
Length: 340389 (332K) [text/html]
Saving to: ‘tyv002’

     0K .......... .......... .......... .......... .......... 15%  209K 1s
    50K .......... .......... .......... .......... .......... 30%  604K 1s
   100K .......... .......... .......... .......... .......... 45%  608K 0s
   150K .......... .......... .......... .......... .......... 60%  605K 0s
   200K .......... .......... .......... .......... .......... 75%  313K 0s
   250K .......... .......... .......... .......... .......... 90%  611K 0s
   300K .......... .......... .......... ..                   100%  403K=0.8s

2017-02-03 09:52:50 (411 KB/s) - ‘tyv002’ saved [340389/340389]

--2017-02-03 09:52:51--  http://doi.org/10.1093/cybsec/tyv001
Connecting to doi.org (doi.org)|63.123.152.248|:80... connected.
HTTP request sent, awaiting response... 303 See Other
Location: https://academic.oup.com/cybersecurity/article-lookup/doi/10.1093/cybsec/tyv001 [following]
--2017-02-03 09:52:53--  https://academic.oup.com/cybersecurity/article-lookup/doi/10.1093/cybsec/tyv001
Connecting to academic.oup.com (academic.oup.com)|173.254.190.144|:443... connected.
HTTP request sent, awaiting response... 200 OK
Length: 78861 (77K) [text/html]
Saving to: ‘tyv001’

     0K .......... .......... .......... .......... .......... 64%  208K 0s
    50K .......... .......... .......                         100% 13.0M=0.2s

2017-02-03 09:52:56 (317 KB/s) - ‘tyv001’ saved [78861/78861]

FINISHED --2017-02-03 09:52:56--
Total wall clock time: 2m 48s
Downloaded: 20 files, 5.2M in 16s (346 KB/s)
