--2017-02-03 16:23:27--  http://doi.org/10.1093/ejcts/ezw418
Resolving doi.org (doi.org)... 95.138.171.129, 208.254.38.90, 38.100.138.162, ...
Connecting to doi.org (doi.org)|95.138.171.129|:80... connected.
HTTP request sent, awaiting response... 303 See Other
Location: http://ejcts.oxfordjournals.org/lookup/doi/10.1093/ejcts/ezw418 [following]
--2017-02-03 16:23:28--  http://ejcts.oxfordjournals.org/lookup/doi/10.1093/ejcts/ezw418
Resolving ejcts.oxfordjournals.org (ejcts.oxfordjournals.org)... 209.135.222.209
Connecting to ejcts.oxfordjournals.org (ejcts.oxfordjournals.org)|209.135.222.209|:80... connected.
HTTP request sent, awaiting response... 301 Moved Permanently
Cookie coming from ejcts.oxfordjournals.org attempted to set domain to academic.oup.com
Location: https://academic.oup.com/ejcts/article/doi/10.1093/ejcts/ezw418/2962996/Recommendations-from-the-European-Society-of [following]
--2017-02-03 16:23:30--  https://academic.oup.com/ejcts/article/doi/10.1093/ejcts/ezw418/2962996/Recommendations-from-the-European-Society-of
Resolving academic.oup.com (academic.oup.com)... 173.254.190.144
Connecting to academic.oup.com (academic.oup.com)|173.254.190.144|:443... connected.
HTTP request sent, awaiting response... 200 OK
Length: 440868 (431K) [text/html]
Saving to: ‘ezw418’

     0K .......... .......... .......... .......... .......... 11%  208K 2s
    50K .......... .......... .......... .......... .......... 23%  601K 1s
   100K .......... .......... .......... .......... .......... 34%  592K 1s
   150K .......... .......... .......... .......... .......... 46%  601K 1s
   200K .......... .......... .......... .......... .......... 58%  299K 0s
   250K .......... .......... .......... .......... .......... 69%  596K 0s
   300K .......... .......... .......... .......... .......... 81%  605K 0s
   350K .......... .......... .......... .......... .......... 92%  314K 0s
   400K .......... .......... ..........                      100% 7.56M=1.0s

2017-02-03 16:23:41 (435 KB/s) - ‘ezw418’ saved [440868/440868]

--2017-02-03 16:23:42--  http://doi.org/10.1093/ejcts/ezw432
Connecting to doi.org (doi.org)|95.138.171.129|:80... connected.
HTTP request sent, awaiting response... 303 See Other
Location: http://ejcts.oxfordjournals.org/lookup/doi/10.1093/ejcts/ezw432 [following]
--2017-02-03 16:23:43--  http://ejcts.oxfordjournals.org/lookup/doi/10.1093/ejcts/ezw432
Connecting to ejcts.oxfordjournals.org (ejcts.oxfordjournals.org)|209.135.222.209|:80... connected.
HTTP request sent, awaiting response... 301 Moved Permanently
Cookie coming from ejcts.oxfordjournals.org attempted to set domain to academic.oup.com
Location: https://academic.oup.com/ejcts/article/doi/10.1093/ejcts/ezw432/2962998/Magnetically-powered-microrobots-a-medical [following]
--2017-02-03 16:23:44--  https://academic.oup.com/ejcts/article/doi/10.1093/ejcts/ezw432/2962998/Magnetically-powered-microrobots-a-medical
Connecting to academic.oup.com (academic.oup.com)|173.254.190.144|:443... connected.
HTTP request sent, awaiting response... 200 OK
Length: 157482 (154K) [text/html]
Saving to: ‘ezw432’

     0K .......... .......... .......... .......... .......... 32%  208K 0s
    50K .......... .......... .......... .......... .......... 65%  594K 0s
   100K .......... .......... .......... .......... .......... 97%  608K 0s
   150K ...                                                   100% 22.6M=0.4s

2017-02-03 16:23:52 (378 KB/s) - ‘ezw432’ saved [157482/157482]

--2017-02-03 16:23:53--  http://doi.org/10.1093/ejcts/ezw425
Connecting to doi.org (doi.org)|95.138.171.129|:80... connected.
HTTP request sent, awaiting response... 303 See Other
Location: http://ejcts.oxfordjournals.org/lookup/doi/10.1093/ejcts/ezw425 [following]
--2017-02-03 16:23:54--  http://ejcts.oxfordjournals.org/lookup/doi/10.1093/ejcts/ezw425
Connecting to ejcts.oxfordjournals.org (ejcts.oxfordjournals.org)|209.135.222.209|:80... connected.
HTTP request sent, awaiting response... 301 Moved Permanently
Cookie coming from ejcts.oxfordjournals.org attempted to set domain to academic.oup.com
Location: https://academic.oup.com/ejcts/article/doi/10.1093/ejcts/ezw425/2962997/Lead-extraction-with-high-frequency-laser-sheaths [following]
--2017-02-03 16:23:56--  https://academic.oup.com/ejcts/article/doi/10.1093/ejcts/ezw425/2962997/Lead-extraction-with-high-frequency-laser-sheaths
Connecting to academic.oup.com (academic.oup.com)|173.254.190.144|:443... connected.
HTTP request sent, awaiting response... 200 OK
Length: 190077 (186K) [text/html]
Saving to: ‘ezw425’

     0K .......... .......... .......... .......... .......... 26%  209K 1s
    50K .......... .......... .......... .......... .......... 53%  601K 0s
   100K .......... .......... .......... .......... .......... 80%  612K 0s
   150K .......... .......... .......... .....                100%  424K=0.5s

2017-02-03 16:24:03 (380 KB/s) - ‘ezw425’ saved [190077/190077]

--2017-02-03 16:24:04--  http://doi.org/10.1093/ejcts/ezw435
Connecting to doi.org (doi.org)|95.138.171.129|:80... connected.
HTTP request sent, awaiting response... 303 See Other
Location: https://academic.oup.com/ejcts/article-lookup/doi/10.1093/ejcts/ezw435 [following]
--2017-02-03 16:24:05--  https://academic.oup.com/ejcts/article-lookup/doi/10.1093/ejcts/ezw435
Connecting to academic.oup.com (academic.oup.com)|173.254.190.144|:443... connected.
HTTP request sent, awaiting response... 200 OK
Length: 233806 (228K) [text/html]
Saving to: ‘ezw435’

     0K .......... .......... .......... .......... .......... 21%  208K 1s
    50K .......... .......... .......... .......... .......... 43%  606K 0s
   100K .......... .......... .......... .......... .......... 65%  592K 0s
   150K .......... .......... .......... .......... .......... 87%  421K 0s
   200K .......... .......... ........                        100%  625K=0.6s

2017-02-03 16:24:18 (399 KB/s) - ‘ezw435’ saved [233806/233806]

--2017-02-03 16:24:19--  http://doi.org/10.1093/ejcts/ezw416
Connecting to doi.org (doi.org)|95.138.171.129|:80... connected.
HTTP request sent, awaiting response... 303 See Other
Location: http://ejcts.oxfordjournals.org/lookup/doi/10.1093/ejcts/ezw416 [following]
--2017-02-03 16:24:20--  http://ejcts.oxfordjournals.org/lookup/doi/10.1093/ejcts/ezw416
Connecting to ejcts.oxfordjournals.org (ejcts.oxfordjournals.org)|209.135.222.209|:80... connected.
HTTP request sent, awaiting response... 301 Moved Permanently
Cookie coming from ejcts.oxfordjournals.org attempted to set domain to academic.oup.com
Cookie coming from ejcts.oxfordjournals.org attempted to set domain to academic.oup.com
Location: https://academic.oup.com/ejcts/redirect-unavailable?url=ejcts.oxfordjournals.org/lookup/doi/10.1093/ejcts/ezw416 [following]
--2017-02-03 16:24:21--  https://academic.oup.com/ejcts/redirect-unavailable?url=ejcts.oxfordjournals.org/lookup/doi/10.1093/ejcts/ezw416
Connecting to academic.oup.com (academic.oup.com)|173.254.190.144|:443... connected.
HTTP request sent, awaiting response... 404 Not Found
2017-02-03 16:24:23 ERROR 404: Not Found.

--2017-02-03 16:24:24--  http://doi.org/10.1093/ejcts/ezw344
Connecting to doi.org (doi.org)|95.138.171.129|:80... connected.
HTTP request sent, awaiting response... 303 See Other
Location: https://academic.oup.com/ejcts/article-lookup/doi/10.1093/ejcts/ezw344 [following]
--2017-02-03 16:24:25--  https://academic.oup.com/ejcts/article-lookup/doi/10.1093/ejcts/ezw344
Connecting to academic.oup.com (academic.oup.com)|173.254.190.144|:443... connected.
HTTP request sent, awaiting response... 400 Bad Request
2017-02-03 16:24:25 ERROR 400: Bad Request.

--2017-02-03 16:24:26--  http://doi.org/10.1093/ejcts/ezw431
Connecting to doi.org (doi.org)|95.138.171.129|:80... connected.
HTTP request sent, awaiting response... 303 See Other
Location: https://academic.oup.com/ejcts/article-lookup/doi/10.1093/ejcts/ezw431 [following]
--2017-02-03 16:24:27--  https://academic.oup.com/ejcts/article-lookup/doi/10.1093/ejcts/ezw431
Connecting to academic.oup.com (academic.oup.com)|173.254.190.144|:443... connected.
HTTP request sent, awaiting response... 200 OK
Length: 106221 (104K) [text/html]
Saving to: ‘ezw431’

     0K .......... .......... .......... .......... .......... 48%  209K 0s
    50K .......... .......... .......... .......... .......... 96%  612K 0s
   100K ...                                                   100% 27.5M=0.3s

2017-02-03 16:24:34 (323 KB/s) - ‘ezw431’ saved [106221/106221]

--2017-02-03 16:24:35--  http://doi.org/10.1093/ejcts/ezw429
Connecting to doi.org (doi.org)|95.138.171.129|:80... connected.
HTTP request sent, awaiting response... 303 See Other
Location: https://academic.oup.com/ejcts/article-lookup/doi/10.1093/ejcts/ezw429 [following]
--2017-02-03 16:24:37--  https://academic.oup.com/ejcts/article-lookup/doi/10.1093/ejcts/ezw429
Connecting to academic.oup.com (academic.oup.com)|173.254.190.144|:443... connected.
HTTP request sent, awaiting response... 200 OK
Length: 92371 (90K) [text/html]
Saving to: ‘ezw429’

     0K .......... .......... .......... .......... .......... 55%  302K 0s
    50K .......... .......... .......... ..........           100%  491K=0.2s

2017-02-03 16:24:42 (364 KB/s) - ‘ezw429’ saved [92371/92371]

--2017-02-03 16:24:43--  http://doi.org/10.1093/ejcts/ezw408
Connecting to doi.org (doi.org)|95.138.171.129|:80... connected.
HTTP request sent, awaiting response... 303 See Other
Location: https://academic.oup.com/ejcts/article-lookup/doi/10.1093/ejcts/ezw408 [following]
--2017-02-03 16:24:44--  https://academic.oup.com/ejcts/article-lookup/doi/10.1093/ejcts/ezw408
Connecting to academic.oup.com (academic.oup.com)|173.254.190.144|:443... connected.
HTTP request sent, awaiting response... 200 OK
Length: 274759 (268K) [text/html]
Saving to: ‘ezw408’

     0K .......... .......... .......... .......... .......... 18%  207K 1s
    50K .......... .......... .......... .......... .......... 37%  603K 1s
   100K .......... .......... .......... .......... .......... 55%  576K 0s
   150K .......... .......... .......... .......... .......... 74%  592K 0s
   200K .......... .......... .......... .......... .......... 93%  326K 0s
   250K .......... ........                                   100% 2.01M=0.7s

2017-02-03 16:24:52 (407 KB/s) - ‘ezw408’ saved [274759/274759]

--2017-02-03 16:24:53--  http://doi.org/10.1093/ejcts/ezw354
Connecting to doi.org (doi.org)|95.138.171.129|:80... connected.
HTTP request sent, awaiting response... 303 See Other
Location: https://academic.oup.com/ejcts/article-lookup/doi/10.1093/ejcts/ezw354 [following]
--2017-02-03 16:24:54--  https://academic.oup.com/ejcts/article-lookup/doi/10.1093/ejcts/ezw354
Connecting to academic.oup.com (academic.oup.com)|173.254.190.144|:443... connected.
HTTP request sent, awaiting response... 200 OK
Length: 99994 (98K) [text/html]
Saving to: ‘ezw354’

     0K .......... .......... .......... .......... .......... 51%  206K 0s
    50K .......... .......... .......... .......... .......   100%  586K=0.3s

2017-02-03 16:24:59 (301 KB/s) - ‘ezw354’ saved [99994/99994]

--2017-02-03 16:25:00--  http://doi.org/10.1093/ejcts/ezw407
Connecting to doi.org (doi.org)|95.138.171.129|:80... connected.
HTTP request sent, awaiting response... 303 See Other
Location: http://ejcts.oxfordjournals.org/lookup/doi/10.1093/ejcts/ezw407 [following]
--2017-02-03 16:25:01--  http://ejcts.oxfordjournals.org/lookup/doi/10.1093/ejcts/ezw407
Connecting to ejcts.oxfordjournals.org (ejcts.oxfordjournals.org)|209.135.222.209|:80... connected.
HTTP request sent, awaiting response... 301 Moved Permanently
Cookie coming from ejcts.oxfordjournals.org attempted to set domain to academic.oup.com
Cookie coming from ejcts.oxfordjournals.org attempted to set domain to academic.oup.com
Location: https://academic.oup.com/ejcts/redirect-unavailable?url=ejcts.oxfordjournals.org/lookup/doi/10.1093/ejcts/ezw407 [following]
--2017-02-03 16:25:03--  https://academic.oup.com/ejcts/redirect-unavailable?url=ejcts.oxfordjournals.org/lookup/doi/10.1093/ejcts/ezw407
Connecting to academic.oup.com (academic.oup.com)|173.254.190.144|:443... connected.
HTTP request sent, awaiting response... 404 Not Found
2017-02-03 16:25:04 ERROR 404: Not Found.

--2017-02-03 16:25:05--  http://doi.org/10.1093/ejcts/ezw359
Connecting to doi.org (doi.org)|95.138.171.129|:80... connected.
HTTP request sent, awaiting response... 303 See Other
Location: https://academic.oup.com/ejcts/article-lookup/doi/10.1093/ejcts/ezw359 [following]
--2017-02-03 16:25:06--  https://academic.oup.com/ejcts/article-lookup/doi/10.1093/ejcts/ezw359
Connecting to academic.oup.com (academic.oup.com)|173.254.190.144|:443... connected.
HTTP request sent, awaiting response... 400 Bad Request
2017-02-03 16:25:07 ERROR 400: Bad Request.

--2017-02-03 16:25:08--  http://doi.org/10.1093/ejcts/ezw366
Connecting to doi.org (doi.org)|95.138.171.129|:80... connected.
HTTP request sent, awaiting response... 303 See Other
Location: https://academic.oup.com/ejcts/article-lookup/doi/10.1093/ejcts/ezw366 [following]
--2017-02-03 16:25:09--  https://academic.oup.com/ejcts/article-lookup/doi/10.1093/ejcts/ezw366
Connecting to academic.oup.com (academic.oup.com)|173.254.190.144|:443... connected.
HTTP request sent, awaiting response... 200 OK
Length: 90614 (88K) [text/html]
Saving to: ‘ezw366’

     0K .......... .......... .......... .......... .......... 56%  209K 0s
    50K .......... .......... .......... ........             100% 9.27M=0.2s

2017-02-03 16:25:14 (364 KB/s) - ‘ezw366’ saved [90614/90614]

--2017-02-03 16:25:15--  http://doi.org/10.1093/ejcts/ezw340
Connecting to doi.org (doi.org)|95.138.171.129|:80... connected.
HTTP request sent, awaiting response... 303 See Other
Location: https://academic.oup.com/ejcts/article-lookup/doi/10.1093/ejcts/ezw340 [following]
--2017-02-03 16:25:16--  https://academic.oup.com/ejcts/article-lookup/doi/10.1093/ejcts/ezw340
Connecting to academic.oup.com (academic.oup.com)|173.254.190.144|:443... connected.
HTTP request sent, awaiting response... 400 Bad Request
2017-02-03 16:25:17 ERROR 400: Bad Request.

--2017-02-03 16:25:18--  http://doi.org/10.1093/ejcts/ezw348
Connecting to doi.org (doi.org)|95.138.171.129|:80... connected.
HTTP request sent, awaiting response... 303 See Other
Location: https://academic.oup.com/ejcts/article-lookup/doi/10.1093/ejcts/ezw348 [following]
--2017-02-03 16:25:19--  https://academic.oup.com/ejcts/article-lookup/doi/10.1093/ejcts/ezw348
Connecting to academic.oup.com (academic.oup.com)|173.254.190.144|:443... connected.
HTTP request sent, awaiting response... 200 OK
Length: 188738 (184K) [text/html]
Saving to: ‘ezw348’

     0K .......... .......... .......... .......... .......... 27%  206K 1s
    50K .......... .......... .......... .......... .......... 54%  615K 0s
   100K .......... .......... .......... .......... .......... 81%  600K 0s
   150K .......... .......... .......... ....                 100%  420K=0.5s

2017-02-03 16:25:26 (377 KB/s) - ‘ezw348’ saved [188738/188738]

--2017-02-03 16:25:27--  http://doi.org/10.1093/ejcts/ezw376
Connecting to doi.org (doi.org)|95.138.171.129|:80... connected.
HTTP request sent, awaiting response... 303 See Other
Location: https://academic.oup.com/ejcts/article-lookup/doi/10.1093/ejcts/ezw376 [following]
--2017-02-03 16:25:28--  https://academic.oup.com/ejcts/article-lookup/doi/10.1093/ejcts/ezw376
Connecting to academic.oup.com (academic.oup.com)|173.254.190.144|:443... connected.
HTTP request sent, awaiting response... 200 OK
Length: 114336 (112K) [text/html]
Saving to: ‘ezw376’

     0K .......... .......... .......... .......... .......... 44%  209K 0s
    50K .......... .......... .......... .......... .......... 89%  606K 0s
   100K .......... .                                          100% 28.0M=0.3s

2017-02-03 16:25:37 (347 KB/s) - ‘ezw376’ saved [114336/114336]

--2017-02-03 16:25:38--  http://doi.org/10.1093/ejcts/ezw336
Connecting to doi.org (doi.org)|95.138.171.129|:80... connected.
HTTP request sent, awaiting response... 303 See Other
Location: https://academic.oup.com/ejcts/article-lookup/doi/10.1093/ejcts/ezw336 [following]
--2017-02-03 16:25:39--  https://academic.oup.com/ejcts/article-lookup/doi/10.1093/ejcts/ezw336
Connecting to academic.oup.com (academic.oup.com)|173.254.190.144|:443... connected.
HTTP request sent, awaiting response... 200 OK
Length: 250512 (245K) [text/html]
Saving to: ‘ezw336’

     0K .......... .......... .......... .......... .......... 20%  209K 1s
    50K .......... .......... .......... .......... .......... 40%  609K 0s
   100K .......... .......... .......... .......... .......... 61%  606K 0s
   150K .......... .......... .......... .......... .......... 81%  428K 0s
   200K .......... .......... .......... .......... ....      100%  361K=0.6s

2017-02-03 16:25:46 (379 KB/s) - ‘ezw336’ saved [250512/250512]

--2017-02-03 16:25:47--  http://doi.org/10.1093/ejcts/ezw361
Connecting to doi.org (doi.org)|95.138.171.129|:80... connected.
HTTP request sent, awaiting response... 303 See Other
Location: https://academic.oup.com/ejcts/article-lookup/doi/10.1093/ejcts/ezw361 [following]
--2017-02-03 16:25:49--  https://academic.oup.com/ejcts/article-lookup/doi/10.1093/ejcts/ezw361
Connecting to academic.oup.com (academic.oup.com)|173.254.190.144|:443... connected.
HTTP request sent, awaiting response... 200 OK
Length: 289988 (283K) [text/html]
Saving to: ‘ezw361’

     0K .......... .......... .......... .......... .......... 17%  209K 1s
    50K .......... .......... .......... .......... .......... 35%  605K 1s
   100K .......... .......... .......... .......... .......... 52%  592K 0s
   150K .......... .......... .......... .......... .......... 70%  601K 0s
   200K .......... .......... .......... .......... .......... 88%  315K 0s
   250K .......... .......... .......... ...                  100% 9.05M=0.7s

2017-02-03 16:25:56 (434 KB/s) - ‘ezw361’ saved [289988/289988]

--2017-02-03 16:25:57--  http://doi.org/10.1093/ejcts/ezw377
Connecting to doi.org (doi.org)|95.138.171.129|:80... connected.
HTTP request sent, awaiting response... 303 See Other
Location: https://academic.oup.com/ejcts/article-lookup/doi/10.1093/ejcts/ezw377 [following]
--2017-02-03 16:25:58--  https://academic.oup.com/ejcts/article-lookup/doi/10.1093/ejcts/ezw377
Connecting to academic.oup.com (academic.oup.com)|173.254.190.144|:443... connected.
HTTP request sent, awaiting response... 400 Bad Request
2017-02-03 16:25:59 ERROR 400: Bad Request.

--2017-02-03 16:26:00--  http://doi.org/10.1093/ejcts/ezw287
Connecting to doi.org (doi.org)|95.138.171.129|:80... connected.
HTTP request sent, awaiting response... 303 See Other
Location: https://academic.oup.com/ejcts/article-lookup/doi/10.1093/ejcts/ezw287 [following]
--2017-02-03 16:26:02--  https://academic.oup.com/ejcts/article-lookup/doi/10.1093/ejcts/ezw287
Connecting to academic.oup.com (academic.oup.com)|173.254.190.144|:443... connected.
HTTP request sent, awaiting response... 200 OK
Length: 90083 (88K) [text/html]
Saving to: ‘ezw287’

     0K .......... .......... .......... .......... .......... 56%  209K 0s
    50K .......... .......... .......... .......              100% 8.79M=0.2s

2017-02-03 16:26:07 (362 KB/s) - ‘ezw287’ saved [90083/90083]

--2017-02-03 16:26:08--  http://doi.org/10.1093/ejcts/ezw363
Connecting to doi.org (doi.org)|95.138.171.129|:80... connected.
HTTP request sent, awaiting response... 303 See Other
Location: https://academic.oup.com/ejcts/article-lookup/doi/10.1093/ejcts/ezw363 [following]
--2017-02-03 16:26:09--  https://academic.oup.com/ejcts/article-lookup/doi/10.1093/ejcts/ezw363
Connecting to academic.oup.com (academic.oup.com)|173.254.190.144|:443... connected.
HTTP request sent, awaiting response... 200 OK
Length: 233174 (228K) [text/html]
Saving to: ‘ezw363’

     0K .......... .......... .......... .......... .......... 21%  207K 1s
    50K .......... .......... .......... .......... .......... 43%  606K 0s
   100K .......... .......... .......... .......... .......... 65%  576K 0s
   150K .......... .......... .......... .......... .......... 87%  315K 0s
   200K .......... .......... .......                         100% 7.47M=0.6s

2017-02-03 16:26:15 (397 KB/s) - ‘ezw363’ saved [233174/233174]

--2017-02-03 16:26:16--  http://doi.org/10.1093/ejcts/ezw358
Connecting to doi.org (doi.org)|95.138.171.129|:80... connected.
HTTP request sent, awaiting response... 303 See Other
Location: https://academic.oup.com/ejcts/article-lookup/doi/10.1093/ejcts/ezw358 [following]
--2017-02-03 16:26:17--  https://academic.oup.com/ejcts/article-lookup/doi/10.1093/ejcts/ezw358
Connecting to academic.oup.com (academic.oup.com)|173.254.190.144|:443... connected.
HTTP request sent, awaiting response... 200 OK
Length: 293305 (286K) [text/html]
Saving to: ‘ezw358’

     0K .......... .......... .......... .......... .......... 17%  204K 1s
    50K .......... .......... .......... .......... .......... 34%  609K 1s
   100K .......... .......... .......... .......... .......... 52%  598K 0s
   150K .......... .......... .......... .......... .......... 69%  561K 0s
   200K .......... .......... .......... .......... .......... 87%  311K 0s
   250K .......... .......... .......... ......               100%  481K=0.7s

2017-02-03 16:26:24 (389 KB/s) - ‘ezw358’ saved [293305/293305]

--2017-02-03 16:26:25--  http://doi.org/10.1093/ejcts/ezw352
Connecting to doi.org (doi.org)|95.138.171.129|:80... connected.
HTTP request sent, awaiting response... 303 See Other
Location: https://academic.oup.com/ejcts/article-lookup/doi/10.1093/ejcts/ezw352 [following]
--2017-02-03 16:26:27--  https://academic.oup.com/ejcts/article-lookup/doi/10.1093/ejcts/ezw352
Connecting to academic.oup.com (academic.oup.com)|173.254.190.144|:443... connected.
HTTP request sent, awaiting response... 200 OK
Length: 214595 (210K) [text/html]
Saving to: ‘ezw352’

     0K .......... .......... .......... .......... .......... 23%  209K 1s
    50K .......... .......... .......... .......... .......... 47%  607K 0s
   100K .......... .......... .......... .......... .......... 71%  610K 0s
   150K .......... .......... .......... .......... .......... 95%  318K 0s
   200K .........                                             100% 4.31M=0.6s

2017-02-03 16:26:36 (372 KB/s) - ‘ezw352’ saved [214595/214595]

--2017-02-03 16:26:37--  http://doi.org/10.1093/ejcts/ezw392
Connecting to doi.org (doi.org)|95.138.171.129|:80... connected.
HTTP request sent, awaiting response... 303 See Other
Location: https://academic.oup.com/ejcts/article-lookup/doi/10.1093/ejcts/ezw392 [following]
--2017-02-03 16:26:38--  https://academic.oup.com/ejcts/article-lookup/doi/10.1093/ejcts/ezw392
Connecting to academic.oup.com (academic.oup.com)|173.254.190.144|:443... connected.
HTTP request sent, awaiting response... 200 OK
Length: 92938 (91K) [text/html]
Saving to: ‘ezw392’

     0K .......... .......... .......... .......... .......... 55%  209K 0s
    50K .......... .......... .......... ..........           100% 5.29M=0.2s

2017-02-03 16:26:47 (367 KB/s) - ‘ezw392’ saved [92938/92938]

--2017-02-03 16:26:48--  http://doi.org/10.1093/ejcts/ezw413
Connecting to doi.org (doi.org)|95.138.171.129|:80... connected.
HTTP request sent, awaiting response... 303 See Other
Location: https://academic.oup.com/ejcts/article-lookup/doi/10.1093/ejcts/ezw413 [following]
--2017-02-03 16:26:49--  https://academic.oup.com/ejcts/article-lookup/doi/10.1093/ejcts/ezw413
Connecting to academic.oup.com (academic.oup.com)|173.254.190.144|:443... connected.
HTTP request sent, awaiting response... 200 OK
Length: 131311 (128K) [text/html]
Saving to: ‘ezw413’

     0K .......... .......... .......... .......... .......... 38%  208K 0s
    50K .......... .......... .......... .......... .......... 77%  599K 0s
   100K .......... .......... ........                        100%  757K=0.4s

2017-02-03 16:26:59 (356 KB/s) - ‘ezw413’ saved [131311/131311]

--2017-02-03 16:27:00--  http://doi.org/10.1093/ejcts/ezw397
Connecting to doi.org (doi.org)|95.138.171.129|:80... connected.
HTTP request sent, awaiting response... 303 See Other
Location: https://academic.oup.com/ejcts/article-lookup/doi/10.1093/ejcts/ezw397 [following]
--2017-02-03 16:27:01--  https://academic.oup.com/ejcts/article-lookup/doi/10.1093/ejcts/ezw397
Connecting to academic.oup.com (academic.oup.com)|173.254.190.144|:443... connected.
HTTP request sent, awaiting response... 200 OK
Length: 261635 (256K) [text/html]
Saving to: ‘ezw397’

     0K .......... .......... .......... .......... .......... 19%  209K 1s
    50K .......... .......... .......... .......... .......... 39%  606K 1s
   100K .......... .......... .......... .......... .......... 58%  593K 0s
   150K .......... .......... .......... .......... .......... 78%  230K 0s
   200K .......... .......... .......... .......... .......... 97%  566K 0s
   250K .....                                                 100% 49.1M=0.7s

2017-02-03 16:27:11 (359 KB/s) - ‘ezw397’ saved [261635/261635]

--2017-02-03 16:27:12--  http://doi.org/10.1093/ejcts/ezw412
Connecting to doi.org (doi.org)|95.138.171.129|:80... connected.
HTTP request sent, awaiting response... 303 See Other
Location: https://academic.oup.com/ejcts/article-lookup/doi/10.1093/ejcts/ezw412 [following]
--2017-02-03 16:27:13--  https://academic.oup.com/ejcts/article-lookup/doi/10.1093/ejcts/ezw412
Connecting to academic.oup.com (academic.oup.com)|173.254.190.144|:443... connected.
HTTP request sent, awaiting response... 200 OK
Length: 244565 (239K) [text/html]
Saving to: ‘ezw412’

     0K .......... .......... .......... .......... .......... 20%  209K 1s
    50K .......... .......... .......... .......... .......... 41%  604K 0s
   100K .......... .......... .......... .......... .......... 62%  615K 0s
   150K .......... .......... .......... .......... .......... 83%  581K 0s
   200K .......... .......... .......... ........             100%  483K=0.6s

2017-02-03 16:27:18 (419 KB/s) - ‘ezw412’ saved [244565/244565]

--2017-02-03 16:27:19--  http://doi.org/10.1093/ejcts/ezw404
Connecting to doi.org (doi.org)|95.138.171.129|:80... connected.
HTTP request sent, awaiting response... 303 See Other
Location: https://academic.oup.com/ejcts/article-lookup/doi/10.1093/ejcts/ezw404 [following]
--2017-02-03 16:27:21--  https://academic.oup.com/ejcts/article-lookup/doi/10.1093/ejcts/ezw404
Connecting to academic.oup.com (academic.oup.com)|173.254.190.144|:443... connected.
HTTP request sent, awaiting response... 200 OK
Length: 138151 (135K) [text/html]
Saving to: ‘ezw404’

     0K .......... .......... .......... .......... .......... 37%  209K 0s
    50K .......... .......... .......... .......... .......... 74%  606K 0s
   100K .......... .......... .......... ....                 100%  436K=0.4s

2017-02-03 16:27:30 (336 KB/s) - ‘ezw404’ saved [138151/138151]

--2017-02-03 16:27:31--  http://doi.org/10.1093/ejcts/ezw395
Connecting to doi.org (doi.org)|95.138.171.129|:80... connected.
HTTP request sent, awaiting response... 303 See Other
Location: https://academic.oup.com/ejcts/article-lookup/doi/10.1093/ejcts/ezw395 [following]
--2017-02-03 16:27:32--  https://academic.oup.com/ejcts/article-lookup/doi/10.1093/ejcts/ezw395
Connecting to academic.oup.com (academic.oup.com)|173.254.190.144|:443... connected.
HTTP request sent, awaiting response... 200 OK
Length: 254571 (249K) [text/html]
Saving to: ‘ezw395’

     0K .......... .......... .......... .......... .......... 20%  208K 1s
    50K .......... .......... .......... .......... .......... 40%  612K 0s
   100K .......... .......... .......... .......... .......... 60%  551K 0s
   150K .......... .......... .......... .......... .......... 80%  573K 0s
   200K .......... .......... .......... .......... ........  100%  592K=0.6s

2017-02-03 16:27:40 (427 KB/s) - ‘ezw395’ saved [254571/254571]

--2017-02-03 16:27:41--  http://doi.org/10.1093/ejcts/ezw411
Connecting to doi.org (doi.org)|95.138.171.129|:80... connected.
HTTP request sent, awaiting response... 303 See Other
Location: https://academic.oup.com/ejcts/article-lookup/doi/10.1093/ejcts/ezw411 [following]
--2017-02-03 16:27:42--  https://academic.oup.com/ejcts/article-lookup/doi/10.1093/ejcts/ezw411
Connecting to academic.oup.com (academic.oup.com)|173.254.190.144|:443... connected.
HTTP request sent, awaiting response... 200 OK
Length: 108130 (106K) [text/html]
Saving to: ‘ezw411’

     0K .......... .......... .......... .......... .......... 47%  209K 0s
    50K .......... .......... .......... .......... .......... 94%  595K 0s
   100K .....                                                 100% 10673G=0.3s

2017-02-03 16:27:49 (327 KB/s) - ‘ezw411’ saved [108130/108130]

--2017-02-03 16:27:50--  http://doi.org/10.1093/ejcts/ezw390
Connecting to doi.org (doi.org)|95.138.171.129|:80... connected.
HTTP request sent, awaiting response... 303 See Other
Location: https://academic.oup.com/ejcts/article-lookup/doi/10.1093/ejcts/ezw390 [following]
--2017-02-03 16:27:51--  https://academic.oup.com/ejcts/article-lookup/doi/10.1093/ejcts/ezw390
Connecting to academic.oup.com (academic.oup.com)|173.254.190.144|:443... connected.
HTTP request sent, awaiting response... 200 OK
Length: 114858 (112K) [text/html]
Saving to: ‘ezw390’

     0K .......... .......... .......... .......... .......... 44%  309K 0s
    50K .......... .......... .......... .......... .......... 89%  315K 0s
   100K .......... ..                                         100% 7.32M=0.3s

2017-02-03 16:28:00 (348 KB/s) - ‘ezw390’ saved [114858/114858]

--2017-02-03 16:28:01--  http://doi.org/10.1093/ejcts/ezw393
Connecting to doi.org (doi.org)|95.138.171.129|:80... connected.
HTTP request sent, awaiting response... 303 See Other
Location: https://academic.oup.com/ejcts/article-lookup/doi/10.1093/ejcts/ezw393 [following]
--2017-02-03 16:28:02--  https://academic.oup.com/ejcts/article-lookup/doi/10.1093/ejcts/ezw393
Connecting to academic.oup.com (academic.oup.com)|173.254.190.144|:443... connected.
HTTP request sent, awaiting response... 200 OK
Length: 255683 (250K) [text/html]
Saving to: ‘ezw393’

     0K .......... .......... .......... .......... .......... 20%  209K 1s
    50K .......... .......... .......... .......... .......... 40%  602K 0s
   100K .......... .......... .......... .......... .......... 60%  611K 0s
   150K .......... .......... .......... .......... .......... 80%  610K 0s
   200K .......... .......... .......... .......... ......... 100%  310K=0.6s

2017-02-03 16:28:11 (386 KB/s) - ‘ezw393’ saved [255683/255683]

--2017-02-03 16:28:12--  http://doi.org/10.1093/ejcts/ezw394
Connecting to doi.org (doi.org)|95.138.171.129|:80... connected.
HTTP request sent, awaiting response... 303 See Other
Location: https://academic.oup.com/ejcts/article-lookup/doi/10.1093/ejcts/ezw394 [following]
--2017-02-03 16:28:13--  https://academic.oup.com/ejcts/article-lookup/doi/10.1093/ejcts/ezw394
Connecting to academic.oup.com (academic.oup.com)|173.254.190.144|:443... connected.
HTTP request sent, awaiting response... 200 OK
Length: 256240 (250K) [text/html]
Saving to: ‘ezw394’

     0K .......... .......... .......... .......... .......... 19%  310K 1s
    50K .......... .......... .......... .......... .......... 39%  311K 0s
   100K .......... .......... .......... .......... .......... 59%  603K 0s
   150K .......... .......... .......... .......... .......... 79%  316K 0s
   200K .......... .......... .......... .......... .......... 99%  604K 0s
   250K                                                       100%  447G=0.6s

2017-02-03 16:28:23 (387 KB/s) - ‘ezw394’ saved [256240/256240]

--2017-02-03 16:28:24--  http://doi.org/10.1093/ejcts/ezw368
Connecting to doi.org (doi.org)|95.138.171.129|:80... connected.
HTTP request sent, awaiting response... 303 See Other
Location: https://academic.oup.com/ejcts/article-lookup/doi/10.1093/ejcts/ezw368 [following]
--2017-02-03 16:28:25--  https://academic.oup.com/ejcts/article-lookup/doi/10.1093/ejcts/ezw368
Connecting to academic.oup.com (academic.oup.com)|173.254.190.144|:443... connected.
HTTP request sent, awaiting response... 200 OK
Length: 248007 (242K) [text/html]
Saving to: ‘ezw368’

     0K .......... .......... .......... .......... .......... 20%  308K 1s
    50K .......... .......... .......... .......... .......... 41%  313K 0s
   100K .......... .......... .......... .......... .......... 61%  582K 0s
   150K .......... .......... .......... .......... .......... 82%  607K 0s
   200K .......... .......... .......... .......... ..        100%  520K=0.6s

2017-02-03 16:28:34 (424 KB/s) - ‘ezw368’ saved [248007/248007]

--2017-02-03 16:28:35--  http://doi.org/10.1093/ejcts/ezw369
Connecting to doi.org (doi.org)|95.138.171.129|:80... connected.
HTTP request sent, awaiting response... 303 See Other
Location: https://academic.oup.com/ejcts/article-lookup/doi/10.1093/ejcts/ezw369 [following]
--2017-02-03 16:28:36--  https://academic.oup.com/ejcts/article-lookup/doi/10.1093/ejcts/ezw369
Connecting to academic.oup.com (academic.oup.com)|173.254.190.144|:443... connected.
HTTP request sent, awaiting response... 200 OK
Length: 221477 (216K) [text/html]
Saving to: ‘ezw369’

     0K .......... .......... .......... .......... .......... 23%  209K 1s
    50K .......... .......... .......... .......... .......... 46%  608K 0s
   100K .......... .......... .......... .......... .......... 69%  598K 0s
   150K .......... .......... .......... .......... .......... 92%  312K 0s
   200K .......... ......                                     100% 15.6M=0.6s

2017-02-03 16:28:44 (381 KB/s) - ‘ezw369’ saved [221477/221477]

--2017-02-03 16:28:45--  http://doi.org/10.1093/ejcts/ezw335
Connecting to doi.org (doi.org)|95.138.171.129|:80... connected.
HTTP request sent, awaiting response... 303 See Other
Location: https://academic.oup.com/ejcts/article-lookup/doi/10.1093/ejcts/ezw335 [following]
--2017-02-03 16:28:46--  https://academic.oup.com/ejcts/article-lookup/doi/10.1093/ejcts/ezw335
Connecting to academic.oup.com (academic.oup.com)|173.254.190.144|:443... connected.
HTTP request sent, awaiting response... 200 OK
Length: 342124 (334K) [text/html]
Saving to: ‘ezw335’

     0K .......... .......... .......... .......... .......... 14%  209K 1s
    50K .......... .......... .......... .......... .......... 29%  603K 1s
   100K .......... .......... .......... .......... .......... 44%  607K 0s
   150K .......... .......... .......... .......... .......... 59%  609K 0s
   200K .......... .......... .......... .......... .......... 74%  315K 0s
   250K .......... .......... .......... .......... .......... 89%  602K 0s
   300K .......... .......... .......... ....                 100%  421K=0.8s

2017-02-03 16:28:49 (413 KB/s) - ‘ezw335’ saved [342124/342124]

--2017-02-03 16:28:50--  http://doi.org/10.1093/ejcts/ezw338
Connecting to doi.org (doi.org)|95.138.171.129|:80... connected.
HTTP request sent, awaiting response... 303 See Other
Location: https://academic.oup.com/ejcts/article-lookup/doi/10.1093/ejcts/ezw338 [following]
--2017-02-03 16:28:51--  https://academic.oup.com/ejcts/article-lookup/doi/10.1093/ejcts/ezw338
Connecting to academic.oup.com (academic.oup.com)|173.254.190.144|:443... connected.
HTTP request sent, awaiting response... 200 OK
Length: 222927 (218K) [text/html]
Saving to: ‘ezw338’

     0K .......... .......... .......... .......... .......... 22%  209K 1s
    50K .......... .......... .......... .......... .......... 45%  600K 0s
   100K .......... .......... .......... .......... .......... 68%  617K 0s
   150K .......... .......... .......... .......... .......... 91%  602K 0s
   200K .......... .......                                    100%  230K=0.6s

2017-02-03 16:29:01 (386 KB/s) - ‘ezw338’ saved [222927/222927]

--2017-02-03 16:29:02--  http://doi.org/10.1093/ejcts/ezw341
Connecting to doi.org (doi.org)|95.138.171.129|:80... connected.
HTTP request sent, awaiting response... 303 See Other
Location: https://academic.oup.com/ejcts/article-lookup/doi/10.1093/ejcts/ezw341 [following]
--2017-02-03 16:29:03--  https://academic.oup.com/ejcts/article-lookup/doi/10.1093/ejcts/ezw341
Connecting to academic.oup.com (academic.oup.com)|173.254.190.144|:443... connected.
HTTP request sent, awaiting response... 200 OK
Length: 199895 (195K) [text/html]
Saving to: ‘ezw341’

     0K .......... .......... .......... .......... .......... 25%  209K 1s
    50K .......... .......... .......... .......... .......... 51%  600K 0s
   100K .......... .......... .......... .......... .......... 76%  610K 0s
   150K .......... .......... .......... .......... .....     100%  554K=0.5s

2017-02-03 16:29:11 (402 KB/s) - ‘ezw341’ saved [199895/199895]

--2017-02-03 16:29:12--  http://doi.org/10.1093/ejcts/ezw389
Connecting to doi.org (doi.org)|95.138.171.129|:80... connected.
HTTP request sent, awaiting response... 303 See Other
Location: https://academic.oup.com/ejcts/article-lookup/doi/10.1093/ejcts/ezw389 [following]
--2017-02-03 16:29:13--  https://academic.oup.com/ejcts/article-lookup/doi/10.1093/ejcts/ezw389
Connecting to academic.oup.com (academic.oup.com)|173.254.190.144|:443... connected.
HTTP request sent, awaiting response... 200 OK
Length: 83666 (82K) [text/html]
Saving to: ‘ezw389’

     0K .......... .......... .......... .......... .......... 61%  209K 0s
    50K .......... .......... .......... .                    100% 11.6M=0.2s

2017-02-03 16:29:21 (337 KB/s) - ‘ezw389’ saved [83666/83666]

--2017-02-03 16:29:22--  http://doi.org/10.1093/ejcts/ezw402
Connecting to doi.org (doi.org)|95.138.171.129|:80... connected.
HTTP request sent, awaiting response... 303 See Other
Location: https://academic.oup.com/ejcts/article-lookup/doi/10.1093/ejcts/ezw402 [following]
--2017-02-03 16:29:23--  https://academic.oup.com/ejcts/article-lookup/doi/10.1093/ejcts/ezw402
Connecting to academic.oup.com (academic.oup.com)|173.254.190.144|:443... connected.
HTTP request sent, awaiting response... 200 OK
Length: 94947 (93K) [text/html]
Saving to: ‘ezw402’

     0K .......... .......... .......... .......... .......... 53%  209K 0s
    50K .......... .......... .......... .......... ..        100%  535K=0.3s

2017-02-03 16:29:30 (290 KB/s) - ‘ezw402’ saved [94947/94947]

--2017-02-03 16:29:31--  http://doi.org/10.1093/ejcts/ezw326
Connecting to doi.org (doi.org)|95.138.171.129|:80... connected.
HTTP request sent, awaiting response... 303 See Other
Location: https://academic.oup.com/ejcts/article-lookup/doi/10.1093/ejcts/ezw326 [following]
--2017-02-03 16:29:32--  https://academic.oup.com/ejcts/article-lookup/doi/10.1093/ejcts/ezw326
Connecting to academic.oup.com (academic.oup.com)|173.254.190.144|:443... connected.
HTTP request sent, awaiting response... 200 OK
Length: 915613 (894K) [text/html]
Saving to: ‘ezw326’

     0K .......... .......... .......... .......... ..........  5%  209K 4s
    50K .......... .......... .......... .......... .......... 11%  607K 3s
   100K .......... .......... .......... .......... .......... 16%  610K 2s
   150K .......... .......... .......... .......... .......... 22%  602K 2s
   200K .......... .......... .......... .......... .......... 27%  314K 2s
   250K .......... .......... .......... .......... .......... 33%  614K 1s
   300K .......... .......... .......... .......... .......... 39%  587K 1s
   350K .......... .......... .......... .......... .......... 44%  606K 1s
   400K .......... .......... .......... .......... .......... 50%  317K 1s
   450K .......... .......... .......... .......... .......... 55%  599K 1s
   500K .......... .......... .......... .......... .......... 61%  598K 1s
   550K .......... .......... .......... .......... .......... 67%  608K 1s
   600K .......... .......... .......... .......... .......... 72%  613K 1s
   650K .......... .......... .......... .......... .......... 78%  313K 0s
   700K .......... .......... .......... .......... .......... 83%  582K 0s
   750K .......... .......... .......... .......... .......... 89%  585K 0s
   800K .......... .......... .......... .......... .......... 95%  271K 0s
   850K .......... .......... .......... .......... ....      100%  538K=2.0s

2017-02-03 16:29:40 (451 KB/s) - ‘ezw326’ saved [915613/915613]

--2017-02-03 16:29:41--  http://doi.org/10.1093/ejcts/ezw337
Connecting to doi.org (doi.org)|95.138.171.129|:80... connected.
HTTP request sent, awaiting response... 303 See Other
Location: https://academic.oup.com/ejcts/article-lookup/doi/10.1093/ejcts/ezw337 [following]
--2017-02-03 16:29:43--  https://academic.oup.com/ejcts/article-lookup/doi/10.1093/ejcts/ezw337
Connecting to academic.oup.com (academic.oup.com)|173.254.190.144|:443... connected.
HTTP request sent, awaiting response... 400 Bad Request
2017-02-03 16:29:43 ERROR 400: Bad Request.

--2017-02-03 16:29:44--  http://doi.org/10.1093/ejcts/ezw321
Connecting to doi.org (doi.org)|95.138.171.129|:80... connected.
HTTP request sent, awaiting response... 303 See Other
Location: https://academic.oup.com/ejcts/article-lookup/doi/10.1093/ejcts/ezw321 [following]
--2017-02-03 16:29:45--  https://academic.oup.com/ejcts/article-lookup/doi/10.1093/ejcts/ezw321
Connecting to academic.oup.com (academic.oup.com)|173.254.190.144|:443... connected.
HTTP request sent, awaiting response... 200 OK
Length: 114672 (112K) [text/html]
Saving to: ‘ezw321’

     0K .......... .......... .......... .......... .......... 44%  209K 0s
    50K .......... .......... .......... .......... .......... 89%  603K 0s
   100K .......... .                                          100% 5.67M=0.3s

2017-02-03 16:29:53 (345 KB/s) - ‘ezw321’ saved [114672/114672]

--2017-02-03 16:29:54--  http://doi.org/10.1093/ejcts/ezw325
Connecting to doi.org (doi.org)|95.138.171.129|:80... connected.
HTTP request sent, awaiting response... 303 See Other
Location: https://academic.oup.com/ejcts/article-lookup/doi/10.1093/ejcts/ezw325 [following]
--2017-02-03 16:29:56--  https://academic.oup.com/ejcts/article-lookup/doi/10.1093/ejcts/ezw325
Connecting to academic.oup.com (academic.oup.com)|173.254.190.144|:443... connected.
HTTP request sent, awaiting response... 400 Bad Request
2017-02-03 16:29:56 ERROR 400: Bad Request.

--2017-02-03 16:29:57--  http://doi.org/10.1093/ejcts/ezw303
Connecting to doi.org (doi.org)|95.138.171.129|:80... connected.
HTTP request sent, awaiting response... 303 See Other
Location: https://academic.oup.com/ejcts/article-lookup/doi/10.1093/ejcts/ezw303 [following]
--2017-02-03 16:29:58--  https://academic.oup.com/ejcts/article-lookup/doi/10.1093/ejcts/ezw303
Connecting to academic.oup.com (academic.oup.com)|173.254.190.144|:443... connected.
HTTP request sent, awaiting response... 200 OK
Length: 169234 (165K) [text/html]
Saving to: ‘ezw303’

     0K .......... .......... .......... .......... .......... 30%  209K 1s
    50K .......... .......... .......... .......... .......... 60%  607K 0s
   100K .......... .......... .......... .......... .......... 90%  568K 0s
   150K .......... .....                                      100% 19.4M=0.4s

2017-02-03 16:30:40 (402 KB/s) - ‘ezw303’ saved [169234/169234]

--2017-02-03 16:30:41--  http://doi.org/10.1093/ejcts/ezw360
Connecting to doi.org (doi.org)|95.138.171.129|:80... connected.
HTTP request sent, awaiting response... 303 See Other
Location: https://academic.oup.com/ejcts/article-lookup/doi/10.1093/ejcts/ezw360 [following]
--2017-02-03 16:30:43--  https://academic.oup.com/ejcts/article-lookup/doi/10.1093/ejcts/ezw360
Connecting to academic.oup.com (academic.oup.com)|173.254.190.144|:443... connected.
HTTP request sent, awaiting response... 400 Bad Request
2017-02-03 16:30:44 ERROR 400: Bad Request.

--2017-02-03 16:30:45--  http://doi.org/10.1093/ejcts/ezw255
Connecting to doi.org (doi.org)|95.138.171.129|:80... connected.
HTTP request sent, awaiting response... 303 See Other
Location: https://academic.oup.com/ejcts/article-lookup/doi/10.1093/ejcts/ezw255 [following]
--2017-02-03 16:30:46--  https://academic.oup.com/ejcts/article-lookup/doi/10.1093/ejcts/ezw255
Connecting to academic.oup.com (academic.oup.com)|173.254.190.144|:443... connected.
HTTP request sent, awaiting response... 200 OK
Length: 238041 (232K) [text/html]
Saving to: ‘ezw255’

     0K .......... .......... .......... .......... .......... 21%  208K 1s
    50K .......... .......... .......... .......... .......... 43%  613K 0s
   100K .......... .......... .......... .......... .......... 64%  582K 0s
   150K .......... .......... .......... .......... .......... 86%  613K 0s
   200K .......... .......... .......... ..                   100%  404K=0.6s

2017-02-03 16:31:01 (408 KB/s) - ‘ezw255’ saved [238041/238041]

--2017-02-03 16:31:02--  http://doi.org/10.1093/ejcts/ezx013
Connecting to doi.org (doi.org)|95.138.171.129|:80... connected.
HTTP request sent, awaiting response... 303 See Other
Location: http://fdslive.oup.com/www.oup.com/pdf/production_in_progress.pdf [following]
--2017-02-03 16:31:03--  http://fdslive.oup.com/www.oup.com/pdf/production_in_progress.pdf
Resolving fdslive.oup.com (fdslive.oup.com)... 193.67.160.201
Connecting to fdslive.oup.com (fdslive.oup.com)|193.67.160.201|:80... connected.
HTTP request sent, awaiting response... 200 OK
Length: 52438 (51K) [application/pdf]
Saving to: ‘ezx013’

     0K .......... .......... .......... .......... .......... 97% 1.17M 0s
    50K .                                                     100% 2306G=0.04s

2017-02-03 16:31:03 (1.20 MB/s) - ‘ezx013’ saved [52438/52438]

--2017-02-03 16:31:04--  http://doi.org/10.1093/ejcts/ezx022
Connecting to doi.org (doi.org)|95.138.171.129|:80... connected.
HTTP request sent, awaiting response... 303 See Other
Location: http://fdslive.oup.com/www.oup.com/pdf/production_in_progress.pdf [following]
--2017-02-03 16:31:05--  http://fdslive.oup.com/www.oup.com/pdf/production_in_progress.pdf
Connecting to fdslive.oup.com (fdslive.oup.com)|193.67.160.201|:80... connected.
HTTP request sent, awaiting response... 200 OK
Length: 52438 (51K) [application/pdf]
Saving to: ‘ezx022’

     0K .......... .......... .......... .......... .......... 97% 1.28M 0s
    50K .                                                     100% 2306G=0.04s

2017-02-03 16:31:05 (1.31 MB/s) - ‘ezx022’ saved [52438/52438]

--2017-02-03 16:31:06--  http://doi.org/10.1093/ejcts/ezw436
Connecting to doi.org (doi.org)|95.138.171.129|:80... connected.
HTTP request sent, awaiting response... 303 See Other
Location: http://fdslive.oup.com/www.oup.com/pdf/production_in_progress.pdf [following]
--2017-02-03 16:31:08--  http://fdslive.oup.com/www.oup.com/pdf/production_in_progress.pdf
Connecting to fdslive.oup.com (fdslive.oup.com)|193.67.160.201|:80... connected.
HTTP request sent, awaiting response... 200 OK
Length: 52438 (51K) [application/pdf]
Saving to: ‘ezw436’

     0K .......... .......... .......... .......... .......... 97% 1.17M 0s
    50K .                                                     100% 2306G=0.04s

2017-02-03 16:31:08 (1.20 MB/s) - ‘ezw436’ saved [52438/52438]

--2017-02-03 16:31:09--  http://doi.org/10.1093/ejcts/ezx023
Connecting to doi.org (doi.org)|95.138.171.129|:80... connected.
HTTP request sent, awaiting response... 303 See Other
Location: http://fdslive.oup.com/www.oup.com/pdf/production_in_progress.pdf [following]
--2017-02-03 16:31:10--  http://fdslive.oup.com/www.oup.com/pdf/production_in_progress.pdf
Connecting to fdslive.oup.com (fdslive.oup.com)|193.67.160.201|:80... connected.
HTTP request sent, awaiting response... 200 OK
Length: 52438 (51K) [application/pdf]
Saving to: ‘ezx023’

     0K .......... .......... .......... .......... .......... 97% 1.17M 0s
    50K .                                                     100% 2306G=0.04s

2017-02-03 16:31:10 (1.20 MB/s) - ‘ezx023’ saved [52438/52438]

--2017-02-03 16:31:11--  http://doi.org/10.1093/ejcts/ezx004
Connecting to doi.org (doi.org)|95.138.171.129|:80... connected.
HTTP request sent, awaiting response... 303 See Other
Location: http://fdslive.oup.com/www.oup.com/pdf/production_in_progress.pdf [following]
--2017-02-03 16:31:12--  http://fdslive.oup.com/www.oup.com/pdf/production_in_progress.pdf
Connecting to fdslive.oup.com (fdslive.oup.com)|193.67.160.201|:80... connected.
HTTP request sent, awaiting response... 200 OK
Length: 52438 (51K) [application/pdf]
Saving to: ‘ezx004’

     0K .......... .......... .......... .......... .......... 97% 1.29M 0s
    50K .                                                     100% 2306G=0.04s

2017-02-03 16:31:12 (1.32 MB/s) - ‘ezx004’ saved [52438/52438]

--2017-02-03 16:31:13--  http://doi.org/10.1093/ejcts/ezx044
Connecting to doi.org (doi.org)|95.138.171.129|:80... connected.
HTTP request sent, awaiting response... 303 See Other
Location: http://fdslive.oup.com/www.oup.com/pdf/production_in_progress.pdf [following]
--2017-02-03 16:31:14--  http://fdslive.oup.com/www.oup.com/pdf/production_in_progress.pdf
Connecting to fdslive.oup.com (fdslive.oup.com)|193.67.160.201|:80... connected.
HTTP request sent, awaiting response... 200 OK
Length: 52438 (51K) [application/pdf]
Saving to: ‘ezx044’

     0K .......... .......... .......... .......... .......... 97% 1.16M 0s
    50K .                                                     100% 2306G=0.04s

2017-02-03 16:31:14 (1.19 MB/s) - ‘ezx044’ saved [52438/52438]

--2017-02-03 16:31:15--  http://doi.org/10.1093/ejcts/ezx002
Connecting to doi.org (doi.org)|95.138.171.129|:80... connected.
HTTP request sent, awaiting response... 303 See Other
Location: http://fdslive.oup.com/www.oup.com/pdf/production_in_progress.pdf [following]
--2017-02-03 16:31:16--  http://fdslive.oup.com/www.oup.com/pdf/production_in_progress.pdf
Connecting to fdslive.oup.com (fdslive.oup.com)|193.67.160.201|:80... connected.
HTTP request sent, awaiting response... 200 OK
Length: 52438 (51K) [application/pdf]
Saving to: ‘ezx002’

     0K .......... .......... .......... .......... .......... 97% 1.15M 0s
    50K .                                                     100% 2306G=0.04s

2017-02-03 16:31:16 (1.18 MB/s) - ‘ezx002’ saved [52438/52438]

--2017-02-03 16:31:17--  http://doi.org/10.1093/ejcts/ezx038
Connecting to doi.org (doi.org)|95.138.171.129|:80... connected.
HTTP request sent, awaiting response... 303 See Other
Location: http://fdslive.oup.com/www.oup.com/pdf/production_in_progress.pdf [following]
--2017-02-03 16:31:18--  http://fdslive.oup.com/www.oup.com/pdf/production_in_progress.pdf
Connecting to fdslive.oup.com (fdslive.oup.com)|193.67.160.201|:80... connected.
HTTP request sent, awaiting response... 200 OK
Length: 52438 (51K) [application/pdf]
Saving to: ‘ezx038’

     0K .......... .......... .......... .......... .......... 97% 1.28M 0s
    50K .                                                     100% 2306G=0.04s

2017-02-03 16:31:18 (1.31 MB/s) - ‘ezx038’ saved [52438/52438]

--2017-02-03 16:31:19--  http://doi.org/10.1093/ejcts/ezx017
Connecting to doi.org (doi.org)|95.138.171.129|:80... connected.
HTTP request sent, awaiting response... 303 See Other
Location: http://fdslive.oup.com/www.oup.com/pdf/production_in_progress.pdf [following]
--2017-02-03 16:31:21--  http://fdslive.oup.com/www.oup.com/pdf/production_in_progress.pdf
Connecting to fdslive.oup.com (fdslive.oup.com)|193.67.160.201|:80... connected.
HTTP request sent, awaiting response... 200 OK
Length: 52438 (51K) [application/pdf]
Saving to: ‘ezx017’

     0K .......... .......... .......... .......... .......... 97% 1.14M 0s
    50K .                                                     100% 2306G=0.04s

2017-02-03 16:31:21 (1.17 MB/s) - ‘ezx017’ saved [52438/52438]

--2017-02-03 16:31:22--  http://doi.org/10.1093/ejcts/ezw441
Connecting to doi.org (doi.org)|95.138.171.129|:80... connected.
HTTP request sent, awaiting response... 303 See Other
Location: http://fdslive.oup.com/www.oup.com/pdf/production_in_progress.pdf [following]
--2017-02-03 16:31:23--  http://fdslive.oup.com/www.oup.com/pdf/production_in_progress.pdf
Connecting to fdslive.oup.com (fdslive.oup.com)|193.67.160.201|:80... connected.
HTTP request sent, awaiting response... 200 OK
Length: 52438 (51K) [application/pdf]
Saving to: ‘ezw441’

     0K .......... .......... .......... .......... .......... 97% 1.14M 0s
    50K .                                                     100% 2306G=0.04s

2017-02-03 16:31:23 (1.17 MB/s) - ‘ezw441’ saved [52438/52438]

--2017-02-03 16:31:24--  http://doi.org/10.1093/ejcts/ezw444
Connecting to doi.org (doi.org)|95.138.171.129|:80... connected.
HTTP request sent, awaiting response... 303 See Other
Location: http://fdslive.oup.com/www.oup.com/pdf/production_in_progress.pdf [following]
--2017-02-03 16:31:25--  http://fdslive.oup.com/www.oup.com/pdf/production_in_progress.pdf
Connecting to fdslive.oup.com (fdslive.oup.com)|193.67.160.201|:80... connected.
HTTP request sent, awaiting response... 200 OK
Length: 52438 (51K) [application/pdf]
Saving to: ‘ezw444’

     0K .......... .......... .......... .......... .......... 97% 1.01M 0s
    50K .                                                     100% 2306G=0.05s

2017-02-03 16:31:25 (1.04 MB/s) - ‘ezw444’ saved [52438/52438]

--2017-02-03 16:31:26--  http://doi.org/10.1093/ejcts/ezx037
Connecting to doi.org (doi.org)|95.138.171.129|:80... connected.
HTTP request sent, awaiting response... 303 See Other
Location: http://fdslive.oup.com/www.oup.com/pdf/production_in_progress.pdf [following]
--2017-02-03 16:31:27--  http://fdslive.oup.com/www.oup.com/pdf/production_in_progress.pdf
Connecting to fdslive.oup.com (fdslive.oup.com)|193.67.160.201|:80... connected.
HTTP request sent, awaiting response... 200 OK
Length: 52438 (51K) [application/pdf]
Saving to: ‘ezx037’

     0K .......... .......... .......... .......... .......... 97% 1.17M 0s
    50K .                                                     100% 2306G=0.04s

2017-02-03 16:31:27 (1.19 MB/s) - ‘ezx037’ saved [52438/52438]

--2017-02-03 16:31:28--  http://doi.org/10.1093/ejcts/ezx042
Connecting to doi.org (doi.org)|95.138.171.129|:80... connected.
HTTP request sent, awaiting response... 303 See Other
Location: http://fdslive.oup.com/www.oup.com/pdf/production_in_progress.pdf [following]
--2017-02-03 16:31:29--  http://fdslive.oup.com/www.oup.com/pdf/production_in_progress.pdf
Connecting to fdslive.oup.com (fdslive.oup.com)|193.67.160.201|:80... connected.
HTTP request sent, awaiting response... 200 OK
Length: 52438 (51K) [application/pdf]
Saving to: ‘ezx042’

     0K .......... .......... .......... .......... .......... 97% 1.14M 0s
    50K .                                                     100% 2306G=0.04s

2017-02-03 16:31:29 (1.17 MB/s) - ‘ezx042’ saved [52438/52438]

--2017-02-03 16:31:30--  http://doi.org/10.1093/ejcts/ezx001
Connecting to doi.org (doi.org)|95.138.171.129|:80... connected.
HTTP request sent, awaiting response... 303 See Other
Location: http://fdslive.oup.com/www.oup.com/pdf/production_in_progress.pdf [following]
--2017-02-03 16:31:31--  http://fdslive.oup.com/www.oup.com/pdf/production_in_progress.pdf
Connecting to fdslive.oup.com (fdslive.oup.com)|193.67.160.201|:80... connected.
HTTP request sent, awaiting response... 200 OK
Length: 52438 (51K) [application/pdf]
Saving to: ‘ezx001’

     0K .......... .......... .......... .......... .......... 97% 1.27M 0s
    50K .                                                     100% 2306G=0.04s

2017-02-03 16:31:32 (1.31 MB/s) - ‘ezx001’ saved [52438/52438]

--2017-02-03 16:31:33--  http://doi.org/10.1093/ejcts/ezx040
Connecting to doi.org (doi.org)|95.138.171.129|:80... connected.
HTTP request sent, awaiting response... 303 See Other
Location: http://fdslive.oup.com/www.oup.com/pdf/production_in_progress.pdf [following]
--2017-02-03 16:31:34--  http://fdslive.oup.com/www.oup.com/pdf/production_in_progress.pdf
Connecting to fdslive.oup.com (fdslive.oup.com)|193.67.160.201|:80... connected.
HTTP request sent, awaiting response... 200 OK
Length: 52438 (51K) [application/pdf]
Saving to: ‘ezx040’

     0K .......... .......... .......... .......... .......... 97% 1.15M 0s
    50K .                                                     100% 2306G=0.04s

2017-02-03 16:31:34 (1.18 MB/s) - ‘ezx040’ saved [52438/52438]

--2017-02-03 16:31:35--  http://doi.org/10.1093/ejcts/ezx018
Connecting to doi.org (doi.org)|95.138.171.129|:80... connected.
HTTP request sent, awaiting response... 303 See Other
Location: http://fdslive.oup.com/www.oup.com/pdf/production_in_progress.pdf [following]
--2017-02-03 16:31:36--  http://fdslive.oup.com/www.oup.com/pdf/production_in_progress.pdf
Connecting to fdslive.oup.com (fdslive.oup.com)|193.67.160.201|:80... connected.
HTTP request sent, awaiting response... 200 OK
Length: 52438 (51K) [application/pdf]
Saving to: ‘ezx018’

     0K .......... .......... .......... .......... .......... 97% 1.29M 0s
    50K .                                                     100% 2306G=0.04s

2017-02-03 16:31:36 (1.33 MB/s) - ‘ezx018’ saved [52438/52438]

--2017-02-03 16:31:37--  http://doi.org/10.1093/ejcts/ezx006
Connecting to doi.org (doi.org)|95.138.171.129|:80... connected.
HTTP request sent, awaiting response... 303 See Other
Location: http://fdslive.oup.com/www.oup.com/pdf/production_in_progress.pdf [following]
--2017-02-03 16:31:38--  http://fdslive.oup.com/www.oup.com/pdf/production_in_progress.pdf
Connecting to fdslive.oup.com (fdslive.oup.com)|193.67.160.201|:80... connected.
HTTP request sent, awaiting response... 200 OK
Length: 52438 (51K) [application/pdf]
Saving to: ‘ezx006’

     0K .......... .......... .......... .......... .......... 97% 1.28M 0s
    50K .                                                     100% 2306G=0.04s

2017-02-03 16:31:38 (1.32 MB/s) - ‘ezx006’ saved [52438/52438]

--2017-02-03 16:31:39--  http://doi.org/10.1093/ejcts/ezw426
Connecting to doi.org (doi.org)|95.138.171.129|:80... connected.
HTTP request sent, awaiting response... 303 See Other
Location: http://fdslive.oup.com/www.oup.com/pdf/production_in_progress.pdf [following]
--2017-02-03 16:31:40--  http://fdslive.oup.com/www.oup.com/pdf/production_in_progress.pdf
Connecting to fdslive.oup.com (fdslive.oup.com)|193.67.160.201|:80... connected.
HTTP request sent, awaiting response... 200 OK
Length: 52438 (51K) [application/pdf]
Saving to: ‘ezw426’

     0K .......... .......... .......... .......... .......... 97% 1.17M 0s
    50K .                                                     100% 2306G=0.04s

2017-02-03 16:31:40 (1.20 MB/s) - ‘ezw426’ saved [52438/52438]

--2017-02-03 16:31:41--  http://doi.org/10.1093/ejcts/ezw443
Connecting to doi.org (doi.org)|95.138.171.129|:80... connected.
HTTP request sent, awaiting response... 303 See Other
Location: http://fdslive.oup.com/www.oup.com/pdf/production_in_progress.pdf [following]
--2017-02-03 16:31:42--  http://fdslive.oup.com/www.oup.com/pdf/production_in_progress.pdf
Connecting to fdslive.oup.com (fdslive.oup.com)|193.67.160.201|:80... connected.
HTTP request sent, awaiting response... 200 OK
Length: 52438 (51K) [application/pdf]
Saving to: ‘ezw443’

     0K .......... .......... .......... .......... .......... 97% 1.17M 0s
    50K .                                                     100% 2306G=0.04s

2017-02-03 16:31:42 (1.19 MB/s) - ‘ezw443’ saved [52438/52438]

--2017-02-03 16:31:43--  http://doi.org/10.1093/ejcts/ezw427
Connecting to doi.org (doi.org)|95.138.171.129|:80... connected.
HTTP request sent, awaiting response... 303 See Other
Location: http://fdslive.oup.com/www.oup.com/pdf/production_in_progress.pdf [following]
--2017-02-03 16:31:45--  http://fdslive.oup.com/www.oup.com/pdf/production_in_progress.pdf
Connecting to fdslive.oup.com (fdslive.oup.com)|193.67.160.201|:80... connected.
HTTP request sent, awaiting response... 200 OK
Length: 52438 (51K) [application/pdf]
Saving to: ‘ezw427’

     0K .......... .......... .......... .......... .......... 97% 1.16M 0s
    50K .                                                     100% 2306G=0.04s

2017-02-03 16:31:45 (1.19 MB/s) - ‘ezw427’ saved [52438/52438]

--2017-02-03 16:31:46--  http://doi.org/10.1093/ejcts/ezx008
Connecting to doi.org (doi.org)|95.138.171.129|:80... connected.
HTTP request sent, awaiting response... 303 See Other
Location: http://fdslive.oup.com/www.oup.com/pdf/production_in_progress.pdf [following]
--2017-02-03 16:31:47--  http://fdslive.oup.com/www.oup.com/pdf/production_in_progress.pdf
Connecting to fdslive.oup.com (fdslive.oup.com)|193.67.160.201|:80... connected.
HTTP request sent, awaiting response... 200 OK
Length: 52438 (51K) [application/pdf]
Saving to: ‘ezx008’

     0K .......... .......... .......... .......... .......... 97% 1.17M 0s
    50K .                                                     100% 2306G=0.04s

2017-02-03 16:31:47 (1.20 MB/s) - ‘ezx008’ saved [52438/52438]

--2017-02-03 16:31:48--  http://doi.org/10.1093/ejcts/ezx028
Connecting to doi.org (doi.org)|95.138.171.129|:80... connected.
HTTP request sent, awaiting response... 303 See Other
Location: http://fdslive.oup.com/www.oup.com/pdf/production_in_progress.pdf [following]
--2017-02-03 16:31:49--  http://fdslive.oup.com/www.oup.com/pdf/production_in_progress.pdf
Connecting to fdslive.oup.com (fdslive.oup.com)|193.67.160.201|:80... connected.
HTTP request sent, awaiting response... 200 OK
Length: 52438 (51K) [application/pdf]
Saving to: ‘ezx028’

     0K .......... .......... .......... .......... .......... 97% 1.29M 0s
    50K .                                                     100% 2306G=0.04s

2017-02-03 16:31:49 (1.32 MB/s) - ‘ezx028’ saved [52438/52438]

--2017-02-03 16:31:50--  http://doi.org/10.1093/ejcts/ezx020
Connecting to doi.org (doi.org)|95.138.171.129|:80... connected.
HTTP request sent, awaiting response... 303 See Other
Location: http://fdslive.oup.com/www.oup.com/pdf/production_in_progress.pdf [following]
--2017-02-03 16:31:51--  http://fdslive.oup.com/www.oup.com/pdf/production_in_progress.pdf
Connecting to fdslive.oup.com (fdslive.oup.com)|193.67.160.201|:80... connected.
HTTP request sent, awaiting response... 200 OK
Length: 52438 (51K) [application/pdf]
Saving to: ‘ezx020’

     0K .......... .......... .......... .......... .......... 97% 1.15M 0s
    50K .                                                     100% 2306G=0.04s

2017-02-03 16:31:51 (1.18 MB/s) - ‘ezx020’ saved [52438/52438]

--2017-02-03 16:31:52--  http://doi.org/10.1093/ejcts/ezx009
Connecting to doi.org (doi.org)|95.138.171.129|:80... connected.
HTTP request sent, awaiting response... 303 See Other
Location: http://fdslive.oup.com/www.oup.com/pdf/production_in_progress.pdf [following]
--2017-02-03 16:31:53--  http://fdslive.oup.com/www.oup.com/pdf/production_in_progress.pdf
Connecting to fdslive.oup.com (fdslive.oup.com)|193.67.160.201|:80... connected.
HTTP request sent, awaiting response... 200 OK
Length: 52438 (51K) [application/pdf]
Saving to: ‘ezx009’

     0K .......... .......... .......... .......... .......... 97% 1.11M 0s
    50K .                                                     100% 2306G=0.04s

2017-02-03 16:31:53 (1.14 MB/s) - ‘ezx009’ saved [52438/52438]

--2017-02-03 16:31:54--  http://doi.org/10.1093/ejcts/ezx041
Connecting to doi.org (doi.org)|95.138.171.129|:80... connected.
HTTP request sent, awaiting response... 303 See Other
Location: http://fdslive.oup.com/www.oup.com/pdf/production_in_progress.pdf [following]
--2017-02-03 16:31:55--  http://fdslive.oup.com/www.oup.com/pdf/production_in_progress.pdf
Connecting to fdslive.oup.com (fdslive.oup.com)|193.67.160.201|:80... connected.
HTTP request sent, awaiting response... 200 OK
Length: 52438 (51K) [application/pdf]
Saving to: ‘ezx041’

     0K .......... .......... .......... .......... .......... 97% 1.28M 0s
    50K .                                                     100% 2306G=0.04s

2017-02-03 16:31:56 (1.31 MB/s) - ‘ezx041’ saved [52438/52438]

--2017-02-03 16:31:57--  http://doi.org/10.1093/ejcts/ezx015
Connecting to doi.org (doi.org)|95.138.171.129|:80... connected.
HTTP request sent, awaiting response... 303 See Other
Location: http://fdslive.oup.com/www.oup.com/pdf/production_in_progress.pdf [following]
--2017-02-03 16:31:58--  http://fdslive.oup.com/www.oup.com/pdf/production_in_progress.pdf
Connecting to fdslive.oup.com (fdslive.oup.com)|193.67.160.201|:80... connected.
HTTP request sent, awaiting response... 200 OK
Length: 52438 (51K) [application/pdf]
Saving to: ‘ezx015’

     0K .......... .......... .......... .......... .......... 97% 1.17M 0s
    50K .                                                     100% 2306G=0.04s

2017-02-03 16:31:58 (1.20 MB/s) - ‘ezx015’ saved [52438/52438]

--2017-02-03 16:31:59--  http://doi.org/10.1093/ejcts/ezx007
Connecting to doi.org (doi.org)|95.138.171.129|:80... connected.
HTTP request sent, awaiting response... 303 See Other
Location: http://fdslive.oup.com/www.oup.com/pdf/production_in_progress.pdf [following]
--2017-02-03 16:32:00--  http://fdslive.oup.com/www.oup.com/pdf/production_in_progress.pdf
Connecting to fdslive.oup.com (fdslive.oup.com)|193.67.160.201|:80... connected.
HTTP request sent, awaiting response... 200 OK
Length: 52438 (51K) [application/pdf]
Saving to: ‘ezx007’

     0K .......... .......... .......... .......... .......... 97% 1.29M 0s
    50K .                                                     100% 2306G=0.04s

2017-02-03 16:32:00 (1.33 MB/s) - ‘ezx007’ saved [52438/52438]

--2017-02-03 16:32:01--  http://doi.org/10.1093/ejcts/ezx027
Connecting to doi.org (doi.org)|95.138.171.129|:80... connected.
HTTP request sent, awaiting response... 303 See Other
Location: http://fdslive.oup.com/www.oup.com/pdf/production_in_progress.pdf [following]
--2017-02-03 16:32:03--  http://fdslive.oup.com/www.oup.com/pdf/production_in_progress.pdf
Connecting to fdslive.oup.com (fdslive.oup.com)|193.67.160.201|:80... connected.
HTTP request sent, awaiting response... 200 OK
Length: 52438 (51K) [application/pdf]
Saving to: ‘ezx027’

     0K .......... .......... .......... .......... .......... 97% 1.16M 0s
    50K .                                                     100% 2306G=0.04s

2017-02-03 16:32:03 (1.18 MB/s) - ‘ezx027’ saved [52438/52438]

--2017-02-03 16:32:04--  http://doi.org/10.1093/ejcts/ezx019
Connecting to doi.org (doi.org)|95.138.171.129|:80... connected.
HTTP request sent, awaiting response... 303 See Other
Location: http://fdslive.oup.com/www.oup.com/pdf/production_in_progress.pdf [following]
--2017-02-03 16:32:05--  http://fdslive.oup.com/www.oup.com/pdf/production_in_progress.pdf
Connecting to fdslive.oup.com (fdslive.oup.com)|193.67.160.201|:80... connected.
HTTP request sent, awaiting response... 200 OK
Length: 52438 (51K) [application/pdf]
Saving to: ‘ezx019’

     0K .......... .......... .......... .......... .......... 97% 1.28M 0s
    50K .                                                     100% 2306G=0.04s

2017-02-03 16:32:05 (1.32 MB/s) - ‘ezx019’ saved [52438/52438]

--2017-02-03 16:32:06--  http://doi.org/10.1093/ejcts/ezx029
Connecting to doi.org (doi.org)|95.138.171.129|:80... connected.
HTTP request sent, awaiting response... 303 See Other
Location: http://fdslive.oup.com/www.oup.com/pdf/production_in_progress.pdf [following]
--2017-02-03 16:32:07--  http://fdslive.oup.com/www.oup.com/pdf/production_in_progress.pdf
Connecting to fdslive.oup.com (fdslive.oup.com)|193.67.160.201|:80... connected.
HTTP request sent, awaiting response... 200 OK
Length: 52438 (51K) [application/pdf]
Saving to: ‘ezx029’

     0K .......... .......... .......... .......... .......... 97% 1.16M 0s
    50K .                                                     100% 2306G=0.04s

2017-02-03 16:32:07 (1.19 MB/s) - ‘ezx029’ saved [52438/52438]

--2017-02-03 16:32:08--  http://doi.org/10.1093/ejcts/ezw445
Connecting to doi.org (doi.org)|95.138.171.129|:80... connected.
HTTP request sent, awaiting response... 303 See Other
Location: http://fdslive.oup.com/www.oup.com/pdf/production_in_progress.pdf [following]
--2017-02-03 16:32:09--  http://fdslive.oup.com/www.oup.com/pdf/production_in_progress.pdf
Connecting to fdslive.oup.com (fdslive.oup.com)|193.67.160.201|:80... connected.
HTTP request sent, awaiting response... 200 OK
Length: 52438 (51K) [application/pdf]
Saving to: ‘ezw445’

     0K .......... .......... .......... .......... .......... 97% 1.16M 0s
    50K .                                                     100% 2306G=0.04s

2017-02-03 16:32:09 (1.19 MB/s) - ‘ezw445’ saved [52438/52438]

--2017-02-03 16:32:10--  http://doi.org/10.1093/ejcts/ezx039
Connecting to doi.org (doi.org)|95.138.171.129|:80... connected.
HTTP request sent, awaiting response... 303 See Other
Location: http://fdslive.oup.com/www.oup.com/pdf/production_in_progress.pdf [following]
--2017-02-03 16:32:11--  http://fdslive.oup.com/www.oup.com/pdf/production_in_progress.pdf
Connecting to fdslive.oup.com (fdslive.oup.com)|193.67.160.201|:80... connected.
HTTP request sent, awaiting response... 200 OK
Length: 52438 (51K) [application/pdf]
Saving to: ‘ezx039’

     0K .......... .......... .......... .......... .......... 97% 1.18M 0s
    50K .                                                     100% 2306G=0.04s

2017-02-03 16:32:11 (1.20 MB/s) - ‘ezx039’ saved [52438/52438]

--2017-02-03 16:32:12--  http://doi.org/10.1093/ejcts/ezw428
Connecting to doi.org (doi.org)|95.138.171.129|:80... connected.
HTTP request sent, awaiting response... 303 See Other
Location: http://fdslive.oup.com/www.oup.com/pdf/production_in_progress.pdf [following]
--2017-02-03 16:32:13--  http://fdslive.oup.com/www.oup.com/pdf/production_in_progress.pdf
Connecting to fdslive.oup.com (fdslive.oup.com)|193.67.160.201|:80... connected.
HTTP request sent, awaiting response... 200 OK
Length: 52438 (51K) [application/pdf]
Saving to: ‘ezw428’

     0K .......... .......... .......... .......... .......... 97% 1.17M 0s
    50K .                                                     100% 2306G=0.04s

2017-02-03 16:32:13 (1.20 MB/s) - ‘ezw428’ saved [52438/52438]

--2017-02-03 16:32:14--  http://doi.org/10.1093/ejcts/ezx005
Connecting to doi.org (doi.org)|95.138.171.129|:80... connected.
HTTP request sent, awaiting response... 303 See Other
Location: http://fdslive.oup.com/www.oup.com/pdf/production_in_progress.pdf [following]
--2017-02-03 16:32:16--  http://fdslive.oup.com/www.oup.com/pdf/production_in_progress.pdf
Connecting to fdslive.oup.com (fdslive.oup.com)|193.67.160.201|:80... connected.
HTTP request sent, awaiting response... 200 OK
Length: 52438 (51K) [application/pdf]
Saving to: ‘ezx005’

     0K .......... .......... .......... .......... .......... 97% 1.16M 0s
    50K .                                                     100% 2306G=0.04s

2017-02-03 16:32:16 (1.19 MB/s) - ‘ezx005’ saved [52438/52438]

--2017-02-03 16:32:17--  http://doi.org/10.1093/ejcts/ezw417
Connecting to doi.org (doi.org)|95.138.171.129|:80... connected.
HTTP request sent, awaiting response... 303 See Other
Location: http://fdslive.oup.com/www.oup.com/pdf/production_in_progress.pdf [following]
--2017-02-03 16:32:18--  http://fdslive.oup.com/www.oup.com/pdf/production_in_progress.pdf
Connecting to fdslive.oup.com (fdslive.oup.com)|193.67.160.201|:80... connected.
HTTP request sent, awaiting response... 200 OK
Length: 52438 (51K) [application/pdf]
Saving to: ‘ezw417’

     0K .......... .......... .......... .......... .......... 97% 1.17M 0s
    50K .                                                     100% 2306G=0.04s

2017-02-03 16:32:18 (1.20 MB/s) - ‘ezw417’ saved [52438/52438]

--2017-02-03 16:32:19--  http://doi.org/10.1093/ejcts/ezx016
Connecting to doi.org (doi.org)|95.138.171.129|:80... connected.
HTTP request sent, awaiting response... 303 See Other
Location: http://fdslive.oup.com/www.oup.com/pdf/production_in_progress.pdf [following]
--2017-02-03 16:32:20--  http://fdslive.oup.com/www.oup.com/pdf/production_in_progress.pdf
Connecting to fdslive.oup.com (fdslive.oup.com)|193.67.160.201|:80... connected.
HTTP request sent, awaiting response... 200 OK
Length: 52438 (51K) [application/pdf]
Saving to: ‘ezx016’

     0K .......... .......... .......... .......... .......... 97% 1.29M 0s
    50K .                                                     100% 2306G=0.04s

2017-02-03 16:32:20 (1.32 MB/s) - ‘ezx016’ saved [52438/52438]

--2017-02-03 16:32:21--  http://doi.org/10.1093/ejcts/ezw396
Connecting to doi.org (doi.org)|95.138.171.129|:80... connected.
HTTP request sent, awaiting response... 303 See Other
Location: https://academic.oup.com/ejcts/article-lookup/doi/10.1093/ejcts/ezw396 [following]
--2017-02-03 16:32:22--  https://academic.oup.com/ejcts/article-lookup/doi/10.1093/ejcts/ezw396
Connecting to academic.oup.com (academic.oup.com)|173.254.190.144|:443... connected.
HTTP request sent, awaiting response... 200 OK
Length: 90118 (88K) [text/html]
Saving to: ‘ezw396’

     0K .......... .......... .......... .......... .......... 56%  209K 0s
    50K .......... .......... .......... ........             100% 10.7M=0.2s

2017-02-03 16:32:30 (362 KB/s) - ‘ezw396’ saved [90118/90118]

--2017-02-03 16:32:31--  http://doi.org/10.1093/ejcts/ezw414
Connecting to doi.org (doi.org)|95.138.171.129|:80... connected.
HTTP request sent, awaiting response... 303 See Other
Location: https://academic.oup.com/ejcts/article-lookup/doi/10.1093/ejcts/ezw414 [following]
--2017-02-03 16:32:32--  https://academic.oup.com/ejcts/article-lookup/doi/10.1093/ejcts/ezw414
Connecting to academic.oup.com (academic.oup.com)|173.254.190.144|:443... connected.
HTTP request sent, awaiting response... 200 OK
Length: 105511 (103K) [text/html]
Saving to: ‘ezw414’

     0K .......... .......... .......... .......... .......... 48%  204K 0s
    50K .......... .......... .......... .......... .......... 97%  605K 0s
   100K ...                                                   100% 10.6M=0.3s

2017-02-03 16:32:41 (315 KB/s) - ‘ezw414’ saved [105511/105511]

--2017-02-03 16:32:42--  http://doi.org/10.1093/ejcts/ezw379
Connecting to doi.org (doi.org)|95.138.171.129|:80... connected.
HTTP request sent, awaiting response... 303 See Other
Location: https://academic.oup.com/ejcts/article-lookup/doi/10.1093/ejcts/ezw379 [following]
--2017-02-03 16:32:43--  https://academic.oup.com/ejcts/article-lookup/doi/10.1093/ejcts/ezw379
Connecting to academic.oup.com (academic.oup.com)|173.254.190.144|:443... connected.
HTTP request sent, awaiting response... 200 OK
Length: 117066 (114K) [text/html]
Saving to: ‘ezw379’

     0K .......... .......... .......... .......... .......... 43%  209K 0s
    50K .......... .......... .......... .......... .......... 87%  579K 0s
   100K .......... ....                                       100% 23.2M=0.3s

2017-02-03 16:32:51 (351 KB/s) - ‘ezw379’ saved [117066/117066]

--2017-02-03 16:32:52--  http://doi.org/10.1093/ejcts/ezw384
Connecting to doi.org (doi.org)|95.138.171.129|:80... connected.
HTTP request sent, awaiting response... 303 See Other
Location: https://academic.oup.com/ejcts/article-lookup/doi/10.1093/ejcts/ezw384 [following]
--2017-02-03 16:32:53--  https://academic.oup.com/ejcts/article-lookup/doi/10.1093/ejcts/ezw384
Connecting to academic.oup.com (academic.oup.com)|173.254.190.144|:443... connected.
HTTP request sent, awaiting response... 200 OK
Length: 276947 (270K) [text/html]
Saving to: ‘ezw384’

     0K .......... .......... .......... .......... .......... 18%  209K 1s
    50K .......... .......... .......... .......... .......... 36%  577K 1s
   100K .......... .......... .......... .......... .......... 55%  601K 0s
   150K .......... .......... .......... .......... .......... 73%  614K 0s
   200K .......... .......... .......... .......... .......... 92%  320K 0s
   250K .......... ..........                                 100% 3.25M=0.7s

2017-02-03 16:33:03 (414 KB/s) - ‘ezw384’ saved [276947/276947]

--2017-02-03 16:33:04--  http://doi.org/10.1093/ejcts/ezw386
Connecting to doi.org (doi.org)|95.138.171.129|:80... connected.
HTTP request sent, awaiting response... 303 See Other
Location: https://academic.oup.com/ejcts/article-lookup/doi/10.1093/ejcts/ezw386 [following]
--2017-02-03 16:33:05--  https://academic.oup.com/ejcts/article-lookup/doi/10.1093/ejcts/ezw386
Connecting to academic.oup.com (academic.oup.com)|173.254.190.144|:443... connected.
HTTP request sent, awaiting response... 200 OK
Length: 367832 (359K) [text/html]
Saving to: ‘ezw386’

     0K .......... .......... .......... .......... .......... 13%  209K 1s
    50K .......... .......... .......... .......... .......... 27%  613K 1s
   100K .......... .......... .......... .......... .......... 41%  536K 1s
   150K .......... .......... .......... .......... .......... 55%  316K 0s
   200K .......... .......... .......... .......               66%  462K=0.7s

2017-02-03 16:33:24 (363 KB/s) - Read error at byte 242778/367832 (Success). Retrying.

--2017-02-03 16:33:25--  (try: 2)  https://academic.oup.com/ejcts/article-lookup/doi/10.1093/ejcts/ezw386
Connecting to academic.oup.com (academic.oup.com)|173.254.190.144|:443... connected.
HTTP request sent, awaiting response... 200 OK
Length: 352883 (345K) [text/html]
Saving to: ‘ezw386’

     0K .......... .......... .......... .......... .......... 14%  208K 1s
    50K .......... .......... .......... .......... .......... 29%  307K 1s
   100K .......... .......... .......... .......... .......... 43%  607K 1s
   150K .......... .......... .......... .......... .......... 58%  590K 0s
   200K .......... .......... .......... .......... .......... 72%  602K 0s
   250K .......... .......... .......... .......... .......... 87%  560K 0s
   300K .......... .......... .......... .......... ....      100%  280K=0.9s

2017-02-03 16:33:30 (382 KB/s) - ‘ezw386’ saved [352883/352883]

--2017-02-03 16:33:31--  http://doi.org/10.1093/ejcts/ezw347
Connecting to doi.org (doi.org)|95.138.171.129|:80... connected.
HTTP request sent, awaiting response... 303 See Other
Location: https://academic.oup.com/ejcts/article-lookup/doi/10.1093/ejcts/ezw347 [following]
--2017-02-03 16:33:32--  https://academic.oup.com/ejcts/article-lookup/doi/10.1093/ejcts/ezw347
Connecting to academic.oup.com (academic.oup.com)|173.254.190.144|:443... connected.
HTTP request sent, awaiting response... 200 OK
Length: 245645 (240K) [text/html]
Saving to: ‘ezw347’

     0K .......... .......... .......... .......... .......... 20%  209K 1s
    50K .......... .......... .......... .......... .......... 41%  613K 0s
   100K .......... .......... .......... .......... .......... 62%  604K 0s
   150K .......... .......... .......... .......... .......... 83%  314K 0s
   200K .......... .......... .......... .........            100%  494K=0.6s

2017-02-03 16:33:38 (373 KB/s) - ‘ezw347’ saved [245645/245645]

--2017-02-03 16:33:39--  http://doi.org/10.1093/ejcts/ezw399
Connecting to doi.org (doi.org)|95.138.171.129|:80... connected.
HTTP request sent, awaiting response... 303 See Other
Location: https://academic.oup.com/ejcts/article-lookup/doi/10.1093/ejcts/ezw399 [following]
--2017-02-03 16:33:40--  https://academic.oup.com/ejcts/article-lookup/doi/10.1093/ejcts/ezw399
Connecting to academic.oup.com (academic.oup.com)|173.254.190.144|:443... connected.
HTTP request sent, awaiting response... 200 OK
Length: 233452 (228K) [text/html]
Saving to: ‘ezw399’

     0K .......... .......... .......... .......... .......... 21%  207K 1s
    50K .......... .......... .......... .......... .......... 43%  604K 0s
   100K .......... .......... .......... .......... .......... 65%  607K 0s
   150K .......... .......... .......... .......... .......... 87%  610K 0s
   200K .......... .......... .......                         100%  345K=0.6s

2017-02-03 16:33:47 (400 KB/s) - ‘ezw399’ saved [233452/233452]

--2017-02-03 16:33:48--  http://doi.org/10.1093/ejcts/ezw378
Connecting to doi.org (doi.org)|95.138.171.129|:80... connected.
HTTP request sent, awaiting response... 303 See Other
Location: https://academic.oup.com/ejcts/article-lookup/doi/10.1093/ejcts/ezw378 [following]
--2017-02-03 16:33:50--  https://academic.oup.com/ejcts/article-lookup/doi/10.1093/ejcts/ezw378
Connecting to academic.oup.com (academic.oup.com)|173.254.190.144|:443... connected.
HTTP request sent, awaiting response... 200 OK
Length: 204665 (200K) [text/html]
Saving to: ‘ezw378’

     0K .......... .......... .......... .......... .......... 25%  209K 1s
    50K .......... .......... .......... .......... .......... 50%  612K 0s
   100K .......... .......... .......... .......... .......... 75%  596K 0s
   150K .......... .......... .......... .......... ......... 100%  609K=0.5s

2017-02-03 16:33:54 (410 KB/s) - ‘ezw378’ saved [204665/204665]

--2017-02-03 16:33:55--  http://doi.org/10.1093/ejcts/ezw385
Connecting to doi.org (doi.org)|95.138.171.129|:80... connected.
HTTP request sent, awaiting response... 303 See Other
Location: https://academic.oup.com/ejcts/article-lookup/doi/10.1093/ejcts/ezw385 [following]
--2017-02-03 16:33:56--  https://academic.oup.com/ejcts/article-lookup/doi/10.1093/ejcts/ezw385
Connecting to academic.oup.com (academic.oup.com)|173.254.190.144|:443... connected.
HTTP request sent, awaiting response... 200 OK
Length: 240685 (235K) [text/html]
Saving to: ‘ezw385’

     0K .......... .......... .......... .......... .......... 21%  206K 1s
    50K .......... .......... .......... .......... .......... 42%  612K 0s
   100K .......... .......... .......... .......... .......... 63%  604K 0s
   150K .......... .......... .......... .......... .......... 85%  318K 0s
   200K .......... .......... .......... .....                100% 5.36M=0.6s

2017-02-03 16:34:01 (412 KB/s) - ‘ezw385’ saved [240685/240685]

--2017-02-03 16:34:02--  http://doi.org/10.1093/ejcts/ezw374
Connecting to doi.org (doi.org)|95.138.171.129|:80... connected.
HTTP request sent, awaiting response... 303 See Other
Location: https://academic.oup.com/ejcts/article-lookup/doi/10.1093/ejcts/ezw374 [following]
--2017-02-03 16:34:03--  https://academic.oup.com/ejcts/article-lookup/doi/10.1093/ejcts/ezw374
Connecting to academic.oup.com (academic.oup.com)|173.254.190.144|:443... connected.
HTTP request sent, awaiting response... 200 OK
Length: 250005 (244K) [text/html]
Saving to: ‘ezw374’

     0K .......... .......... .......... .......... .......... 20%  208K 1s
    50K .......... .......... .......... .......... .......... 40%  609K 0s
   100K .......... .......... .......... .......... .......... 61%  601K 0s
   150K .......... .......... .......... .......... .......... 81%  612K 0s
   200K .......... .......... .......... .......... ....      100%  542K=0.6s

2017-02-03 16:34:08 (430 KB/s) - ‘ezw374’ saved [250005/250005]

--2017-02-03 16:34:09--  http://doi.org/10.1093/ejcts/ezw356
Connecting to doi.org (doi.org)|95.138.171.129|:80... connected.
HTTP request sent, awaiting response... 303 See Other
Location: https://academic.oup.com/ejcts/article-lookup/doi/10.1093/ejcts/ezw356 [following]
--2017-02-03 16:34:10--  https://academic.oup.com/ejcts/article-lookup/doi/10.1093/ejcts/ezw356
Connecting to academic.oup.com (academic.oup.com)|173.254.190.144|:443... connected.
HTTP request sent, awaiting response... 200 OK
Length: 256498 (250K) [text/html]
Saving to: ‘ezw356’

     0K .......... .......... .......... .......... .......... 19%  208K 1s
    50K .......... .......... .......... .......... .......... 39%  591K 0s
   100K .......... .......... .......... .......... .......... 59%  607K 0s
   150K .......... .......... .......... .......... .......... 79%  321K 0s
   200K .......... .......... .......... .......... .......... 99%  593K 0s
   250K                                                       100%  928G=0.6s

2017-02-03 16:34:15 (387 KB/s) - ‘ezw356’ saved [256498/256498]

--2017-02-03 16:34:16--  http://doi.org/10.1093/ejcts/ezw320
Connecting to doi.org (doi.org)|95.138.171.129|:80... connected.
HTTP request sent, awaiting response... 303 See Other
Location: https://academic.oup.com/ejcts/article-lookup/doi/10.1093/ejcts/ezw320 [following]
--2017-02-03 16:34:17--  https://academic.oup.com/ejcts/article-lookup/doi/10.1093/ejcts/ezw320
Connecting to academic.oup.com (academic.oup.com)|173.254.190.144|:443... connected.
HTTP request sent, awaiting response... 200 OK
Length: 95756 (94K) [text/html]
Saving to: ‘ezw320’

     0K .......... .......... .......... .......... .......... 53%  208K 0s
    50K .......... .......... .......... .......... ...       100%  541K=0.3s

2017-02-03 16:34:22 (291 KB/s) - ‘ezw320’ saved [95756/95756]

--2017-02-03 16:34:23--  http://doi.org/10.1093/ejcts/ezw380
Connecting to doi.org (doi.org)|95.138.171.129|:80... connected.
HTTP request sent, awaiting response... 303 See Other
Location: https://academic.oup.com/ejcts/article-lookup/doi/10.1093/ejcts/ezw380 [following]
--2017-02-03 16:34:24--  https://academic.oup.com/ejcts/article-lookup/doi/10.1093/ejcts/ezw380
Connecting to academic.oup.com (academic.oup.com)|173.254.190.144|:443... connected.
HTTP request sent, awaiting response... 200 OK
Length: 120133 (117K) [text/html]
Saving to: ‘ezw380’

     0K .......... .......... .......... .......... .......... 42%  207K 0s
    50K .......... .......... .......... .......... .......... 85%  601K 0s
   100K .......... .......                                    100% 24.8M=0.3s

2017-02-03 16:34:29 (361 KB/s) - ‘ezw380’ saved [120133/120133]

--2017-02-03 16:34:30--  http://doi.org/10.1093/ejcts/ezw365
Connecting to doi.org (doi.org)|95.138.171.129|:80... connected.
HTTP request sent, awaiting response... 303 See Other
Location: https://academic.oup.com/ejcts/article-lookup/doi/10.1093/ejcts/ezw365 [following]
--2017-02-03 16:34:31--  https://academic.oup.com/ejcts/article-lookup/doi/10.1093/ejcts/ezw365
Connecting to academic.oup.com (academic.oup.com)|173.254.190.144|:443... connected.
HTTP request sent, awaiting response... 400 Bad Request
2017-02-03 16:34:32 ERROR 400: Bad Request.

--2017-02-03 16:34:33--  http://doi.org/10.1093/ejcts/ezw381
Connecting to doi.org (doi.org)|95.138.171.129|:80... connected.
HTTP request sent, awaiting response... 303 See Other
Location: https://academic.oup.com/ejcts/article-lookup/doi/10.1093/ejcts/ezw381 [following]
--2017-02-03 16:34:34--  https://academic.oup.com/ejcts/article-lookup/doi/10.1093/ejcts/ezw381
Connecting to academic.oup.com (academic.oup.com)|173.254.190.144|:443... connected.
HTTP request sent, awaiting response... 200 OK
Length: 106944 (104K) [text/html]
Saving to: ‘ezw381’

     0K .......... .......... .......... .......... .......... 47%  209K 0s
    50K .......... .......... .......... .......... .......... 95%  588K 0s
   100K ....                                                  100% 8464G=0.3s

2017-02-03 16:34:42 (322 KB/s) - ‘ezw381’ saved [106944/106944]

--2017-02-03 16:34:43--  http://doi.org/10.1093/ejcts/ezw343
Connecting to doi.org (doi.org)|95.138.171.129|:80... connected.
HTTP request sent, awaiting response... 303 See Other
Location: https://academic.oup.com/ejcts/article-lookup/doi/10.1093/ejcts/ezw343 [following]
--2017-02-03 16:34:44--  https://academic.oup.com/ejcts/article-lookup/doi/10.1093/ejcts/ezw343
Connecting to academic.oup.com (academic.oup.com)|173.254.190.144|:443... connected.
HTTP request sent, awaiting response... 400 Bad Request
2017-02-03 16:34:46 ERROR 400: Bad Request.

--2017-02-03 16:34:47--  http://doi.org/10.1093/ejcts/ezw373
Connecting to doi.org (doi.org)|95.138.171.129|:80... connected.
HTTP request sent, awaiting response... 303 See Other
Location: https://academic.oup.com/ejcts/article-lookup/doi/10.1093/ejcts/ezw373 [following]
--2017-02-03 16:34:48--  https://academic.oup.com/ejcts/article-lookup/doi/10.1093/ejcts/ezw373
Connecting to academic.oup.com (academic.oup.com)|173.254.190.144|:443... connected.
HTTP request sent, awaiting response... 200 OK
Length: 216140 (211K) [text/html]
Saving to: ‘ezw373’

     0K .......... .......... .......... .......... .......... 23% 35.4K 5s
    50K .......... .......... .......... .......... .......... 47% 21.8K 4s
   100K .......... .......... .......... .......... .......... 71%  207K 2s
   150K .......... .......... .......... .......... .......... 94%  309K 0s
   200K .......... .                                          100%  141K=4.2s

2017-02-03 16:34:57 (50.3 KB/s) - ‘ezw373’ saved [216140/216140]

FINISHED --2017-02-03 16:34:57--
Total wall clock time: 11m 30s
Downloaded: 89 files, 12M in 33s (377 KB/s)
