--2017-02-02 18:05:32--  http://doi.org/10.1093/gastro/gow048
Resolving doi.org (doi.org)... 95.138.171.129, 63.123.152.248, 208.254.38.90, ...
Connecting to doi.org (doi.org)|95.138.171.129|:80... connected.
HTTP request sent, awaiting response... 303 See Other
Location: http://gastro.oxfordjournals.org/lookup/doi/10.1093/gastro/gow048 [following]
--2017-02-02 18:05:33--  http://gastro.oxfordjournals.org/lookup/doi/10.1093/gastro/gow048
Resolving gastro.oxfordjournals.org (gastro.oxfordjournals.org)... 209.135.222.209
Connecting to gastro.oxfordjournals.org (gastro.oxfordjournals.org)|209.135.222.209|:80... connected.
HTTP request sent, awaiting response... 301 Moved Permanently
Cookie coming from gastro.oxfordjournals.org attempted to set domain to academic.oup.com
Location: https://academic.oup.com/gastro/article/doi/10.1093/gastro/gow048/2959969/Selection-of-a-cut-off-for-high-and-low-methane [following]
--2017-02-02 18:05:35--  https://academic.oup.com/gastro/article/doi/10.1093/gastro/gow048/2959969/Selection-of-a-cut-off-for-high-and-low-methane
Resolving academic.oup.com (academic.oup.com)... 173.254.190.144
Connecting to academic.oup.com (academic.oup.com)|173.254.190.144|:443... connected.
HTTP request sent, awaiting response... 400 Bad Request
2017-02-02 18:05:36 ERROR 400: Bad Request.

--2017-02-02 18:05:37--  http://doi.org/10.1093/gastro/gow045
Connecting to doi.org (doi.org)|95.138.171.129|:80... connected.
HTTP request sent, awaiting response... 303 See Other
Location: http://gastro.oxfordjournals.org/lookup/doi/10.1093/gastro/gow045 [following]
--2017-02-02 18:05:38--  http://gastro.oxfordjournals.org/lookup/doi/10.1093/gastro/gow045
Connecting to gastro.oxfordjournals.org (gastro.oxfordjournals.org)|209.135.222.209|:80... connected.
HTTP request sent, awaiting response... 301 Moved Permanently
Cookie coming from gastro.oxfordjournals.org attempted to set domain to academic.oup.com
Location: https://academic.oup.com/gastro/article/doi/10.1093/gastro/gow045/2958617/Current-status-of-intestinal-and-multivisceral [following]
--2017-02-02 18:05:40--  https://academic.oup.com/gastro/article/doi/10.1093/gastro/gow045/2958617/Current-status-of-intestinal-and-multivisceral
Connecting to academic.oup.com (academic.oup.com)|173.254.190.144|:443... connected.
HTTP request sent, awaiting response... 200 OK
Length: 363357 (355K) [text/html]
Saving to: ‘gow045’

     0K .......... .......... .......... .......... .......... 14%  209K 1s
    50K .......... .......... .......... .......... .......... 28%  609K 1s
   100K .......... .......... .......... .......... .......... 42%  603K 1s
   150K .......... .......... .......... .......... .......... 56%  599K 0s
   200K .......... .......... .......... .......... .......... 70%  306K 0s
   250K .......... .......... .......... .......... .......... 84%  606K 0s
   300K .......... .......... .......... .......... .......... 98%  611K 0s
   350K ....                                                  100% 20.8M=0.8s

2017-02-02 18:05:47 (435 KB/s) - ‘gow045’ saved [363357/363357]

--2017-02-02 18:05:48--  http://doi.org/10.1093/gastro/gow044
Connecting to doi.org (doi.org)|95.138.171.129|:80... connected.
HTTP request sent, awaiting response... 303 See Other
Location: https://academic.oup.com/gastro/article-lookup/doi/10.1093/gastro/gow044 [following]
--2017-02-02 18:05:49--  https://academic.oup.com/gastro/article-lookup/doi/10.1093/gastro/gow044
Connecting to academic.oup.com (academic.oup.com)|173.254.190.144|:443... connected.
HTTP request sent, awaiting response... 400 Bad Request
2017-02-02 18:05:49 ERROR 400: Bad Request.

--2017-02-02 18:05:50--  http://doi.org/10.1093/gastro/gow040
Connecting to doi.org (doi.org)|95.138.171.129|:80... connected.
HTTP request sent, awaiting response... 303 See Other
Location: https://academic.oup.com/gastro/article-lookup/doi/10.1093/gastro/gow040 [following]
--2017-02-02 18:05:51--  https://academic.oup.com/gastro/article-lookup/doi/10.1093/gastro/gow040
Connecting to academic.oup.com (academic.oup.com)|173.254.190.144|:443... connected.
HTTP request sent, awaiting response... 200 OK
Length: 183596 (179K) [text/html]
Saving to: ‘gow040’

     0K .......... .......... .......... .......... .......... 27%  208K 1s
    50K .......... .......... .......... .......... .......... 55%  605K 0s
   100K .......... .......... .......... .......... .......... 83%  611K 0s
   150K .......... .......... .........                       100%  367K=0.5s

2017-02-02 18:05:58 (370 KB/s) - ‘gow040’ saved [183596/183596]

--2017-02-02 18:05:59--  http://doi.org/10.1093/gastro/gow047
Connecting to doi.org (doi.org)|95.138.171.129|:80... connected.
HTTP request sent, awaiting response... 303 See Other
Location: http://fdslive.oup.com/www.oup.com/pdf/production_in_progress.pdf [following]
--2017-02-02 18:06:00--  http://fdslive.oup.com/www.oup.com/pdf/production_in_progress.pdf
Resolving fdslive.oup.com (fdslive.oup.com)... 193.67.160.201
Connecting to fdslive.oup.com (fdslive.oup.com)|193.67.160.201|:80... connected.
HTTP request sent, awaiting response... 200 OK
Length: 52438 (51K) [application/pdf]
Saving to: ‘gow047’

     0K .......... .......... .......... .......... .......... 97% 1.29M 0s
    50K .                                                     100% 2306G=0.04s

2017-02-02 18:06:00 (1.32 MB/s) - ‘gow047’ saved [52438/52438]

--2017-02-02 18:06:01--  http://doi.org/10.1093/gastro/gox004
Connecting to doi.org (doi.org)|95.138.171.129|:80... connected.
HTTP request sent, awaiting response... 303 See Other
Location: http://fdslive.oup.com/www.oup.com/pdf/production_in_progress.pdf [following]
--2017-02-02 18:06:02--  http://fdslive.oup.com/www.oup.com/pdf/production_in_progress.pdf
Connecting to fdslive.oup.com (fdslive.oup.com)|193.67.160.201|:80... connected.
HTTP request sent, awaiting response... 200 OK
Length: 52438 (51K) [application/pdf]
Saving to: ‘gox004’

     0K .......... .......... .......... .......... .......... 97% 1.27M 0s
    50K .                                                     100% 2306G=0.04s

2017-02-02 18:06:02 (1.30 MB/s) - ‘gox004’ saved [52438/52438]

--2017-02-02 18:06:03--  http://doi.org/10.1093/gastro/gox001
Connecting to doi.org (doi.org)|95.138.171.129|:80... connected.
HTTP request sent, awaiting response... 303 See Other
Location: http://fdslive.oup.com/www.oup.com/pdf/production_in_progress.pdf [following]
--2017-02-02 18:06:05--  http://fdslive.oup.com/www.oup.com/pdf/production_in_progress.pdf
Connecting to fdslive.oup.com (fdslive.oup.com)|193.67.160.201|:80... connected.
HTTP request sent, awaiting response... 200 OK
Length: 52438 (51K) [application/pdf]
Saving to: ‘gox001’

     0K .......... .......... .......... .......... .......... 97% 1.26M 0s
    50K .                                                     100% 2306G=0.04s

2017-02-02 18:06:05 (1.29 MB/s) - ‘gox001’ saved [52438/52438]

--2017-02-02 18:06:06--  http://doi.org/10.1093/gastro/gow046
Connecting to doi.org (doi.org)|95.138.171.129|:80... connected.
HTTP request sent, awaiting response... 303 See Other
Location: http://fdslive.oup.com/www.oup.com/pdf/production_in_progress.pdf [following]
--2017-02-02 18:06:07--  http://fdslive.oup.com/www.oup.com/pdf/production_in_progress.pdf
Connecting to fdslive.oup.com (fdslive.oup.com)|193.67.160.201|:80... connected.
HTTP request sent, awaiting response... 200 OK
Length: 52438 (51K) [application/pdf]
Saving to: ‘gow046’

     0K .......... .......... .......... .......... .......... 97% 1.16M 0s
    50K .                                                     100% 2306G=0.04s

2017-02-02 18:06:07 (1.19 MB/s) - ‘gow046’ saved [52438/52438]

--2017-02-02 18:06:08--  http://doi.org/10.1093/gastro/gox005
Connecting to doi.org (doi.org)|95.138.171.129|:80... connected.
HTTP request sent, awaiting response... 303 See Other
Location: http://fdslive.oup.com/www.oup.com/pdf/production_in_progress.pdf [following]
--2017-02-02 18:06:09--  http://fdslive.oup.com/www.oup.com/pdf/production_in_progress.pdf
Connecting to fdslive.oup.com (fdslive.oup.com)|193.67.160.201|:80... connected.
HTTP request sent, awaiting response... 200 OK
Length: 52438 (51K) [application/pdf]
Saving to: ‘gox005’

     0K .......... .......... .......... .......... .......... 97%  933K 0s
    50K .                                                     100% 2306G=0.05s

2017-02-02 18:06:09 (955 KB/s) - ‘gox005’ saved [52438/52438]

--2017-02-02 18:06:10--  http://doi.org/10.1093/gastro/gow039
Connecting to doi.org (doi.org)|95.138.171.129|:80... connected.
HTTP request sent, awaiting response... 303 See Other
Location: https://academic.oup.com/gastro/article-lookup/doi/10.1093/gastro/gow039 [following]
--2017-02-02 18:06:11--  https://academic.oup.com/gastro/article-lookup/doi/10.1093/gastro/gow039
Connecting to academic.oup.com (academic.oup.com)|173.254.190.144|:443... connected.
HTTP request sent, awaiting response... 200 OK
Length: 218726 (214K) [text/html]
Saving to: ‘gow039’

     0K .......... .......... .......... .......... .......... 23%  209K 1s
    50K .......... .......... .......... .......... .......... 46%  610K 0s
   100K .......... .......... .......... .......... .......... 70%  595K 0s
   150K .......... .......... .......... .......... .......... 93%  590K 0s
   200K .......... ...                                        100%  184K=0.6s

2017-02-02 18:06:26 (379 KB/s) - ‘gow039’ saved [218726/218726]

--2017-02-02 18:06:27--  http://doi.org/10.1093/gastro/gow033
Connecting to doi.org (doi.org)|95.138.171.129|:80... connected.
HTTP request sent, awaiting response... 303 See Other
Location: https://academic.oup.com/gastro/article-lookup/doi/10.1093/gastro/gow033 [following]
--2017-02-02 18:06:28--  https://academic.oup.com/gastro/article-lookup/doi/10.1093/gastro/gow033
Connecting to academic.oup.com (academic.oup.com)|173.254.190.144|:443... connected.
HTTP request sent, awaiting response... 200 OK
Length: 228873 (224K) [text/html]
Saving to: ‘gow033’

     0K .......... .......... .......... .......... .......... 22%  209K 1s
    50K .......... .......... .......... .......... .......... 44%  613K 0s
   100K .......... .......... .......... .......... .......... 67%  603K 0s
   150K .......... .......... .......... .......... .......... 89%  318K 0s
   200K .......... .......... ...                             100% 4.37M=0.6s

2017-02-02 18:06:33 (395 KB/s) - ‘gow033’ saved [228873/228873]

--2017-02-02 18:06:34--  http://doi.org/10.1093/gastro/gow032
Connecting to doi.org (doi.org)|95.138.171.129|:80... connected.
HTTP request sent, awaiting response... 303 See Other
Location: https://academic.oup.com/gastro/article-lookup/doi/10.1093/gastro/gow032 [following]
--2017-02-02 18:06:35--  https://academic.oup.com/gastro/article-lookup/doi/10.1093/gastro/gow032
Connecting to academic.oup.com (academic.oup.com)|173.254.190.144|:443... connected.
HTTP request sent, awaiting response... 200 OK
Length: 480530 (469K) [text/html]
Saving to: ‘gow032’

     0K .......... .......... .......... .......... .......... 10%  209K 2s
    50K .......... .......... .......... .......... .......... 21%  604K 1s
   100K .......... .......... .......... .......... .......... 31%  606K 1s
   150K .......... .......... .......... .......... .......... 42%  605K 1s
   200K .......... .......... .......... .......... .......... 53%  309K 1s
   250K .......... .......... .......... .......... .......... 63%  610K 0s
   300K .......... .......... .......... .......... .......... 74%  590K 0s
   350K .......... .......... .......... .......... .......... 85%  428K 0s
   400K .......... .......... .......... .......... .......... 95%  615K 0s
   450K .......... .........                                  100%  245K=1.1s

2017-02-02 18:06:42 (429 KB/s) - ‘gow032’ saved [480530/480530]

--2017-02-02 18:06:43--  http://doi.org/10.1093/gastro/gow031
Connecting to doi.org (doi.org)|95.138.171.129|:80... connected.
HTTP request sent, awaiting response... 303 See Other
Location: https://academic.oup.com/gastro/article-lookup/doi/10.1093/gastro/gow031 [following]
--2017-02-02 18:06:44--  https://academic.oup.com/gastro/article-lookup/doi/10.1093/gastro/gow031
Connecting to academic.oup.com (academic.oup.com)|173.254.190.144|:443... connected.
HTTP request sent, awaiting response... 200 OK
Length: 150044 (147K) [text/html]
Saving to: ‘gow031’

     0K .......... .......... .......... .......... .......... 34%  209K 0s
    50K .......... .......... .......... .......... .......... 68%  600K 0s
   100K .......... .......... .......... .......... ......    100%  553K=0.4s

2017-02-02 18:06:56 (360 KB/s) - ‘gow031’ saved [150044/150044]

--2017-02-02 18:06:57--  http://doi.org/10.1093/gastro/gow028
Connecting to doi.org (doi.org)|95.138.171.129|:80... connected.
HTTP request sent, awaiting response... 303 See Other
Location: https://academic.oup.com/gastro/article-lookup/doi/10.1093/gastro/gow028 [following]
--2017-02-02 18:06:58--  https://academic.oup.com/gastro/article-lookup/doi/10.1093/gastro/gow028
Connecting to academic.oup.com (academic.oup.com)|173.254.190.144|:443... connected.
HTTP request sent, awaiting response... 200 OK
Length: 259028 (253K) [text/html]
Saving to: ‘gow028’

     0K .......... .......... .......... .......... .......... 19%  208K 1s
    50K .......... .......... .......... .......... .......... 39%  604K 0s
   100K .......... .......... .......... .......... .......... 59%  611K 0s
   150K .......... .......... .......... .......... .......... 79%  597K 0s
   200K .......... .......... .......... .......... .......... 98%  315K 0s
   250K ..                                                    100% 5640G=0.6s

2017-02-02 18:07:06 (391 KB/s) - ‘gow028’ saved [259028/259028]

--2017-02-02 18:07:07--  http://doi.org/10.1093/gastro/gow029
Connecting to doi.org (doi.org)|95.138.171.129|:80... connected.
HTTP request sent, awaiting response... 303 See Other
Location: https://academic.oup.com/gastro/article-lookup/doi/10.1093/gastro/gow029 [following]
--2017-02-02 18:07:08--  https://academic.oup.com/gastro/article-lookup/doi/10.1093/gastro/gow029
Connecting to academic.oup.com (academic.oup.com)|173.254.190.144|:443... connected.
HTTP request sent, awaiting response... 200 OK
Length: 176776 (173K) [text/html]
Saving to: ‘gow029’

     0K .......... .......... .......... .......... .......... 28%  208K 1s
    50K .......... .......... .......... .......... .......... 57%  594K 0s
   100K .......... .......... .......... .......... .......... 86%  612K 0s
   150K .......... .......... ..                              100%  294K=0.5s

2017-02-02 18:07:15 (358 KB/s) - ‘gow029’ saved [176776/176776]

--2017-02-02 18:07:16--  http://doi.org/10.1093/gastro/gow030
Connecting to doi.org (doi.org)|95.138.171.129|:80... connected.
HTTP request sent, awaiting response... 303 See Other
Location: https://academic.oup.com/gastro/article-lookup/doi/10.1093/gastro/gow030 [following]
--2017-02-02 18:07:17--  https://academic.oup.com/gastro/article-lookup/doi/10.1093/gastro/gow030
Connecting to academic.oup.com (academic.oup.com)|173.254.190.144|:443... connected.
HTTP request sent, awaiting response... 200 OK
Length: 217014 (212K) [text/html]
Saving to: ‘gow030’

     0K .......... .......... .......... .......... .......... 23%  309K 1s
    50K .......... .......... .......... .......... .......... 47%  310K 0s
   100K .......... .......... .......... .......... .......... 70%  594K 0s
   150K .......... .......... .......... .......... .......... 94%  317K 0s
   200K .......... .                                          100% 1.13M=0.6s

2017-02-02 18:07:22 (369 KB/s) - ‘gow030’ saved [217014/217014]

--2017-02-02 18:07:23--  http://doi.org/10.1093/gastro/gow025
Connecting to doi.org (doi.org)|95.138.171.129|:80... connected.
HTTP request sent, awaiting response... 303 See Other
Location: https://academic.oup.com/gastro/article-lookup/doi/10.1093/gastro/gow025 [following]
--2017-02-02 18:07:24--  https://academic.oup.com/gastro/article-lookup/doi/10.1093/gastro/gow025
Connecting to academic.oup.com (academic.oup.com)|173.254.190.144|:443... connected.
HTTP request sent, awaiting response... 400 Bad Request
2017-02-02 18:07:25 ERROR 400: Bad Request.

--2017-02-02 18:07:26--  http://doi.org/10.1093/gastro/gow024
Connecting to doi.org (doi.org)|95.138.171.129|:80... connected.
HTTP request sent, awaiting response... 303 See Other
Location: https://academic.oup.com/gastro/article-lookup/doi/10.1093/gastro/gow024 [following]
--2017-02-02 18:07:27--  https://academic.oup.com/gastro/article-lookup/doi/10.1093/gastro/gow024
Connecting to academic.oup.com (academic.oup.com)|173.254.190.144|:443... connected.
HTTP request sent, awaiting response... 200 OK
Length: 149542 (146K) [text/html]
Saving to: ‘gow024’

     0K .......... .......... .......... .......... .......... 34%  208K 0s
    50K .......... .......... .......... .......... .......... 68%  609K 0s
   100K .......... .......... .......... .......... ......    100%  551K=0.4s

2017-02-02 18:07:31 (360 KB/s) - ‘gow024’ saved [149542/149542]

--2017-02-02 18:07:32--  http://doi.org/10.1093/gastro/gow026
Connecting to doi.org (doi.org)|95.138.171.129|:80... connected.
HTTP request sent, awaiting response... 303 See Other
Location: https://academic.oup.com/gastro/article-lookup/doi/10.1093/gastro/gow026 [following]
--2017-02-02 18:07:33--  https://academic.oup.com/gastro/article-lookup/doi/10.1093/gastro/gow026
Connecting to academic.oup.com (academic.oup.com)|173.254.190.144|:443... connected.
HTTP request sent, awaiting response... 200 OK
Length: 202277 (198K) [text/html]
Saving to: ‘gow026’

     0K .......... .......... .......... .......... .......... 25%  209K 1s
    50K .......... .......... .......... .......... .......... 50%  605K 0s
   100K .......... .......... .......... .......... .......... 75%  614K 0s
   150K .......... .......... .......... .......... .......   100%  582K=0.5s

2017-02-02 18:07:38 (407 KB/s) - ‘gow026’ saved [202277/202277]

--2017-02-02 18:07:39--  http://doi.org/10.1093/gastro/gow027
Connecting to doi.org (doi.org)|95.138.171.129|:80... connected.
HTTP request sent, awaiting response... 303 See Other
Location: https://academic.oup.com/gastro/article-lookup/doi/10.1093/gastro/gow027 [following]
--2017-02-02 18:07:40--  https://academic.oup.com/gastro/article-lookup/doi/10.1093/gastro/gow027
Connecting to academic.oup.com (academic.oup.com)|173.254.190.144|:443... connected.
HTTP request sent, awaiting response... 200 OK
Length: 64553 (63K) [text/html]
Saving to: ‘gow027’

     0K .......... .......... .......... .......... .......... 79%  209K 0s
    50K .......... ...                                        100% 13.4M=0.2s

2017-02-02 18:07:44 (262 KB/s) - ‘gow027’ saved [64553/64553]

--2017-02-02 18:07:45--  http://doi.org/10.1093/gastro/gow023
Connecting to doi.org (doi.org)|95.138.171.129|:80... connected.
HTTP request sent, awaiting response... 303 See Other
Location: https://academic.oup.com/gastro/article-lookup/doi/10.1093/gastro/gow023 [following]
--2017-02-02 18:07:46--  https://academic.oup.com/gastro/article-lookup/doi/10.1093/gastro/gow023
Connecting to academic.oup.com (academic.oup.com)|173.254.190.144|:443... connected.
HTTP request sent, awaiting response... 200 OK
Length: 393097 (384K) [text/html]
Saving to: ‘gow023’

     0K .......... .......... .......... .......... .......... 13%  309K 1s
    50K .......... .......... .......... .......... .......... 26%  311K 1s
   100K .......... .......... .......... .......... .......... 39%  607K 1s
   150K .......... .......... .......... .......... .......... 52%  315K 1s
   200K .......... .......... .......... .......... .......... 65%  583K 0s
   250K .......... .......... .......... .......... .......... 78%  604K 0s
   300K .......... .......... .......... .......... .......... 91%  607K 0s
   350K .......... .......... .......... ...                  100%  419K=0.9s

2017-02-02 18:07:52 (429 KB/s) - ‘gow023’ saved [393097/393097]

--2017-02-02 18:07:53--  http://doi.org/10.1093/gastro/gow020
Connecting to doi.org (doi.org)|95.138.171.129|:80... connected.
HTTP request sent, awaiting response... 303 See Other
Location: https://academic.oup.com/gastro/article-lookup/doi/10.1093/gastro/gow020 [following]
--2017-02-02 18:07:54--  https://academic.oup.com/gastro/article-lookup/doi/10.1093/gastro/gow020
Connecting to academic.oup.com (academic.oup.com)|173.254.190.144|:443... connected.
HTTP request sent, awaiting response... 400 Bad Request
2017-02-02 18:07:54 ERROR 400: Bad Request.

--2017-02-02 18:07:55--  http://doi.org/10.1093/gastro/gow017
Connecting to doi.org (doi.org)|95.138.171.129|:80... connected.
HTTP request sent, awaiting response... 303 See Other
Location: https://academic.oup.com/gastro/article-lookup/doi/10.1093/gastro/gow017 [following]
--2017-02-02 18:07:56--  https://academic.oup.com/gastro/article-lookup/doi/10.1093/gastro/gow017
Connecting to academic.oup.com (academic.oup.com)|173.254.190.144|:443... connected.
HTTP request sent, awaiting response... 200 OK
Length: 192118 (188K) [text/html]
Saving to: ‘gow017’

     0K .......... .......... .......... .......... .......... 26%  209K 1s
    50K .......... .......... .......... .......... .......... 53%  601K 0s
   100K .......... .......... .......... .......... .......... 79%  610K 0s
   150K .......... .......... .......... .......              100%  462K=0.5s

2017-02-02 18:08:02 (386 KB/s) - ‘gow017’ saved [192118/192118]

--2017-02-02 18:08:03--  http://doi.org/10.1093/gastro/gow021
Connecting to doi.org (doi.org)|95.138.171.129|:80... connected.
HTTP request sent, awaiting response... 303 See Other
Location: https://academic.oup.com/gastro/article-lookup/doi/10.1093/gastro/gow021 [following]
--2017-02-02 18:08:04--  https://academic.oup.com/gastro/article-lookup/doi/10.1093/gastro/gow021
Connecting to academic.oup.com (academic.oup.com)|173.254.190.144|:443... connected.
HTTP request sent, awaiting response... 200 OK
Length: 234699 (229K) [text/html]
Saving to: ‘gow021’

     0K .......... .......... .......... .......... .......... 21%  208K 1s
    50K .......... .......... .......... .......... .......... 43%  605K 0s
   100K .......... .......... .......... .......... .......... 65%  610K 0s
   150K .......... .......... .......... .......... .......... 87%  581K 0s
   200K .......... .......... .........                       100%  377K=0.6s

2017-02-02 18:08:08 (403 KB/s) - ‘gow021’ saved [234699/234699]

--2017-02-02 18:08:09--  http://doi.org/10.1093/gastro/gow018
Connecting to doi.org (doi.org)|95.138.171.129|:80... connected.
HTTP request sent, awaiting response... 303 See Other
Location: https://academic.oup.com/gastro/article-lookup/doi/10.1093/gastro/gow018 [following]
--2017-02-02 18:08:11--  https://academic.oup.com/gastro/article-lookup/doi/10.1093/gastro/gow018
Connecting to academic.oup.com (academic.oup.com)|173.254.190.144|:443... connected.
HTTP request sent, awaiting response... 200 OK
Length: 308713 (301K) [text/html]
Saving to: ‘gow018’

     0K .......... .......... .......... .......... .......... 16%  208K 1s
    50K .......... .......... .......... .......... .......... 33%  614K 1s
   100K .......... .......... .......... .......... .......... 49%  598K 0s
   150K .......... .......... .......... .......... .......... 66%  316K 0s
   200K .......... .......... .......... .......... .......... 82%  597K 0s
   250K .......... .......... .......... .......... .......... 99%  594K 0s
   300K .                                                     100% 2818G=0.7s

2017-02-02 18:08:16 (412 KB/s) - ‘gow018’ saved [308713/308713]

--2017-02-02 18:08:17--  http://doi.org/10.1093/gastro/gow019
Connecting to doi.org (doi.org)|95.138.171.129|:80... connected.
HTTP request sent, awaiting response... 303 See Other
Location: https://academic.oup.com/gastro/article-lookup/doi/10.1093/gastro/gow019 [following]
--2017-02-02 18:08:18--  https://academic.oup.com/gastro/article-lookup/doi/10.1093/gastro/gow019
Connecting to academic.oup.com (academic.oup.com)|173.254.190.144|:443... connected.
HTTP request sent, awaiting response... 200 OK
Length: 174774 (171K) [text/html]
Saving to: ‘gow019’

     0K .......... .......... .......... .......... .......... 29%  209K 1s
    50K .......... .......... .......... .......... .......... 58%  608K 0s
   100K .......... .......... .......... .......... .......... 87%  599K 0s
   150K .......... ..........                                 100%  270K=0.5s

2017-02-02 18:08:22 (354 KB/s) - ‘gow019’ saved [174774/174774]

--2017-02-02 18:08:23--  http://doi.org/10.1093/gastro/gow016
Connecting to doi.org (doi.org)|95.138.171.129|:80... connected.
HTTP request sent, awaiting response... 303 See Other
Location: https://academic.oup.com/gastro/article-lookup/doi/10.1093/gastro/gow016 [following]
--2017-02-02 18:08:24--  https://academic.oup.com/gastro/article-lookup/doi/10.1093/gastro/gow016
Connecting to academic.oup.com (academic.oup.com)|173.254.190.144|:443... connected.
HTTP request sent, awaiting response... 200 OK
Length: 200781 (196K) [text/html]
Saving to: ‘gow016’

     0K .......... .......... .......... .......... .......... 25%  209K 1s
    50K .......... .......... .......... .......... .......... 51%  611K 0s
   100K .......... .......... .......... .......... .......... 76%  602K 0s
   150K .......... .......... .......... .......... ......    100%  561K=0.5s

2017-02-02 18:08:27 (403 KB/s) - ‘gow016’ saved [200781/200781]

--2017-02-02 18:08:28--  http://doi.org/10.1093/gastro/gow009
Connecting to doi.org (doi.org)|95.138.171.129|:80... connected.
HTTP request sent, awaiting response... 303 See Other
Location: https://academic.oup.com/gastro/article-lookup/doi/10.1093/gastro/gow009 [following]
--2017-02-02 18:08:30--  https://academic.oup.com/gastro/article-lookup/doi/10.1093/gastro/gow009
Connecting to academic.oup.com (academic.oup.com)|173.254.190.144|:443... connected.
HTTP request sent, awaiting response... 200 OK
Length: 185164 (181K) [text/html]
Saving to: ‘gow009’

     0K .......... .......... .......... .......... .......... 27%  209K 1s
    50K .......... .......... .......... .......... .......... 55%  589K 0s
   100K .......... .......... .......... .......... .......... 82%  609K 0s
   150K .......... .......... ..........                      100%  394K=0.5s

2017-02-02 18:08:34 (373 KB/s) - ‘gow009’ saved [185164/185164]

--2017-02-02 18:08:35--  http://doi.org/10.1093/gastro/gow013
Connecting to doi.org (doi.org)|95.138.171.129|:80... connected.
HTTP request sent, awaiting response... 303 See Other
Location: https://academic.oup.com/gastro/article-lookup/doi/10.1093/gastro/gow013 [following]
--2017-02-02 18:08:37--  https://academic.oup.com/gastro/article-lookup/doi/10.1093/gastro/gow013
Connecting to academic.oup.com (academic.oup.com)|173.254.190.144|:443... connected.
HTTP request sent, awaiting response... 200 OK
Length: 349332 (341K) [text/html]
Saving to: ‘gow013’

     0K .......... .......... .......... .......... .......... 14%  209K 1s
    50K .......... .......... .......... .......... .......... 29%  609K 1s
   100K .......... .......... .......... .......... .......... 43%  600K 1s
   150K .......... .......... .......... .......... .......... 58%  320K 0s
   200K .......... .......... .......... .......... .......... 73%  581K 0s
   250K .......... .......... .......... .......... .......... 87%  602K 0s
   300K .......... .......... .......... .......... .         100%  514K=0.8s

2017-02-02 18:08:42 (421 KB/s) - ‘gow013’ saved [349332/349332]

--2017-02-02 18:08:43--  http://doi.org/10.1093/gastro/gow012
Connecting to doi.org (doi.org)|95.138.171.129|:80... connected.
HTTP request sent, awaiting response... 303 See Other
Location: https://academic.oup.com/gastro/article-lookup/doi/10.1093/gastro/gow012 [following]
--2017-02-02 18:08:44--  https://academic.oup.com/gastro/article-lookup/doi/10.1093/gastro/gow012
Connecting to academic.oup.com (academic.oup.com)|173.254.190.144|:443... connected.
HTTP request sent, awaiting response... 400 Bad Request
2017-02-02 18:08:45 ERROR 400: Bad Request.

--2017-02-02 18:08:46--  http://doi.org/10.1093/gastro/gow010
Connecting to doi.org (doi.org)|95.138.171.129|:80... connected.
HTTP request sent, awaiting response... 303 See Other
Location: https://academic.oup.com/gastro/article-lookup/doi/10.1093/gastro/gow010 [following]
--2017-02-02 18:08:47--  https://academic.oup.com/gastro/article-lookup/doi/10.1093/gastro/gow010
Connecting to academic.oup.com (academic.oup.com)|173.254.190.144|:443... connected.
HTTP request sent, awaiting response... 200 OK
Length: 162640 (159K) [text/html]
Saving to: ‘gow010’

     0K .......... .......... .......... .......... .......... 31%  208K 1s
    50K .......... .......... .......... .......... .......... 62%  574K 0s
   100K .......... .......... .......... .......... .......... 94%  610K 0s
   150K ........                                              100% 9.69M=0.4s

2017-02-02 18:08:50 (387 KB/s) - ‘gow010’ saved [162640/162640]

--2017-02-02 18:08:51--  http://doi.org/10.1093/gastro/gow014
Connecting to doi.org (doi.org)|95.138.171.129|:80... connected.
HTTP request sent, awaiting response... 303 See Other
Location: https://academic.oup.com/gastro/article-lookup/doi/10.1093/gastro/gow014 [following]
--2017-02-02 18:08:53--  https://academic.oup.com/gastro/article-lookup/doi/10.1093/gastro/gow014
Connecting to academic.oup.com (academic.oup.com)|173.254.190.144|:443... connected.
HTTP request sent, awaiting response... 200 OK
Length: 64551 (63K) [text/html]
Saving to: ‘gow014’

     0K .......... .......... .......... .......... .......... 79%  208K 0s
    50K .......... ...                                        100% 14.2M=0.2s

2017-02-02 18:08:56 (261 KB/s) - ‘gow014’ saved [64551/64551]

--2017-02-02 18:08:57--  http://doi.org/10.1093/gastro/gow011
Connecting to doi.org (doi.org)|95.138.171.129|:80... connected.
HTTP request sent, awaiting response... 303 See Other
Location: https://academic.oup.com/gastro/article-lookup/doi/10.1093/gastro/gow011 [following]
--2017-02-02 18:08:58--  https://academic.oup.com/gastro/article-lookup/doi/10.1093/gastro/gow011
Connecting to academic.oup.com (academic.oup.com)|173.254.190.144|:443... connected.
HTTP request sent, awaiting response... 200 OK
Length: 127882 (125K) [text/html]
Saving to: ‘gow011’

     0K .......... .......... .......... .......... .......... 40%  208K 0s
    50K .......... .......... .......... .......... .......... 80%  602K 0s
   100K .......... .......... ....                            100%  315K=0.4s

2017-02-02 18:09:03 (310 KB/s) - ‘gow011’ saved [127882/127882]

--2017-02-02 18:09:04--  http://doi.org/10.1093/gastro/gow006
Connecting to doi.org (doi.org)|95.138.171.129|:80... connected.
HTTP request sent, awaiting response... 303 See Other
Location: https://academic.oup.com/gastro/article-lookup/doi/10.1093/gastro/gow006 [following]
--2017-02-02 18:09:05--  https://academic.oup.com/gastro/article-lookup/doi/10.1093/gastro/gow006
Connecting to academic.oup.com (academic.oup.com)|173.254.190.144|:443... connected.
HTTP request sent, awaiting response... 200 OK
Length: 472986 (462K) [text/html]
Saving to: ‘gow006’

     0K .......... .......... .......... .......... .......... 10%  208K 2s
    50K .......... .......... .......... .......... .......... 21%  606K 1s
   100K .......... .......... .......... .......... .......... 32%  614K 1s
   150K .......... .......... .......... .......... .......... 43%  313K 1s
   200K .......... .......... .......... .......... .......... 54%  604K 1s
   250K .......... .......... .......... .......... .......... 64%  603K 0s
   300K .......... .......... .......... .......... .......... 75%  605K 0s
   350K .......... .......... .......... .......... .......... 86%  314K 0s
   400K .......... .......... .......... .......... .......... 97%  594K 0s
   450K .......... .                                          100% 27.3M=1.1s

2017-02-02 18:09:10 (437 KB/s) - ‘gow006’ saved [472986/472986]

--2017-02-02 18:09:11--  http://doi.org/10.1093/gastro/gow008
Connecting to doi.org (doi.org)|95.138.171.129|:80... connected.
HTTP request sent, awaiting response... 303 See Other
Location: https://academic.oup.com/gastro/article-lookup/doi/10.1093/gastro/gow008 [following]
--2017-02-02 18:09:12--  https://academic.oup.com/gastro/article-lookup/doi/10.1093/gastro/gow008
Connecting to academic.oup.com (academic.oup.com)|173.254.190.144|:443... connected.
HTTP request sent, awaiting response... 400 Bad Request
2017-02-02 18:09:12 ERROR 400: Bad Request.

--2017-02-02 18:09:13--  http://doi.org/10.1093/gastro/gow007
Connecting to doi.org (doi.org)|95.138.171.129|:80... connected.
HTTP request sent, awaiting response... 303 See Other
Location: https://academic.oup.com/gastro/article-lookup/doi/10.1093/gastro/gow007 [following]
--2017-02-02 18:09:14--  https://academic.oup.com/gastro/article-lookup/doi/10.1093/gastro/gow007
Connecting to academic.oup.com (academic.oup.com)|173.254.190.144|:443... connected.
HTTP request sent, awaiting response... 200 OK
Length: 211872 (207K) [text/html]
Saving to: ‘gow007’

     0K .......... .......... .......... .......... .......... 24%  208K 1s
    50K .......... .......... .......... .......... .......... 48%  613K 0s
   100K .......... .......... .......... .......... .......... 72%  600K 0s
   150K .......... .......... .......... .......... .......... 96%  608K 0s
   200K ......                                                100% 92.0K=0.6s

2017-02-02 18:09:18 (368 KB/s) - ‘gow007’ saved [211872/211872]

--2017-02-02 18:09:19--  http://doi.org/10.1093/gastro/gow005
Connecting to doi.org (doi.org)|95.138.171.129|:80... connected.
HTTP request sent, awaiting response... 303 See Other
Location: https://academic.oup.com/gastro/article-lookup/doi/10.1093/gastro/gow005 [following]
--2017-02-02 18:09:21--  https://academic.oup.com/gastro/article-lookup/doi/10.1093/gastro/gow005
Connecting to academic.oup.com (academic.oup.com)|173.254.190.144|:443... connected.
HTTP request sent, awaiting response... 200 OK
Length: 238295 (233K) [text/html]
Saving to: ‘gow005’

     0K .......... .......... .......... .......... .......... 21%  209K 1s
    50K .......... .......... .......... .......... .......... 42%  567K 0s
   100K .......... .......... .......... .......... .......... 64%  601K 0s
   150K .......... .......... .......... .......... .......... 85%  607K 0s
   200K .......... .......... .......... ..                   100%  383K=0.6s

2017-02-02 18:09:24 (402 KB/s) - ‘gow005’ saved [238295/238295]

--2017-02-02 18:09:25--  http://doi.org/10.1093/gastro/gow004
Connecting to doi.org (doi.org)|95.138.171.129|:80... connected.
HTTP request sent, awaiting response... 303 See Other
Location: https://academic.oup.com/gastro/article-lookup/doi/10.1093/gastro/gow004 [following]
--2017-02-02 18:09:26--  https://academic.oup.com/gastro/article-lookup/doi/10.1093/gastro/gow004
Connecting to academic.oup.com (academic.oup.com)|173.254.190.144|:443... connected.
HTTP request sent, awaiting response... 200 OK
Length: 191652 (187K) [text/html]
Saving to: ‘gow004’

     0K .......... .......... .......... .......... .......... 26%  209K 1s
    50K .......... .......... .......... .......... .......... 53%  597K 0s
   100K .......... .......... .......... .......... .......... 80%  610K 0s
   150K .......... .......... .......... .......              100%  430K=0.5s

2017-02-02 18:09:31 (381 KB/s) - ‘gow004’ saved [191652/191652]

--2017-02-02 18:09:32--  http://doi.org/10.1093/gastro/gow003
Connecting to doi.org (doi.org)|95.138.171.129|:80... connected.
HTTP request sent, awaiting response... 303 See Other
Location: https://academic.oup.com/gastro/article-lookup/doi/10.1093/gastro/gow003 [following]
--2017-02-02 18:09:33--  https://academic.oup.com/gastro/article-lookup/doi/10.1093/gastro/gow003
Connecting to academic.oup.com (academic.oup.com)|173.254.190.144|:443... connected.
HTTP request sent, awaiting response... 200 OK
Length: 162799 (159K) [text/html]
Saving to: ‘gow003’

     0K .......... .......... .......... .......... .......... 31%  209K 1s
    50K .......... .......... .......... .......... .......... 62%  602K 0s
   100K .......... .......... .......... .......... .......... 94%  610K 0s
   150K ........                                              100% 32.4M=0.4s

2017-02-02 18:09:37 (393 KB/s) - ‘gow003’ saved [162799/162799]

--2017-02-02 18:09:38--  http://doi.org/10.1093/gastro/gov064
Connecting to doi.org (doi.org)|95.138.171.129|:80... connected.
HTTP request sent, awaiting response... 303 See Other
Location: https://academic.oup.com/gastro/article-lookup/doi/10.1093/gastro/gov064 [following]
--2017-02-02 18:09:39--  https://academic.oup.com/gastro/article-lookup/doi/10.1093/gastro/gov064
Connecting to academic.oup.com (academic.oup.com)|173.254.190.144|:443... connected.
HTTP request sent, awaiting response... 200 OK
Length: 184493 (180K) [text/html]
Saving to: ‘gov064’

     0K .......... .......... .......... .......... .......... 27%  208K 1s
    50K .......... .......... .......... .......... .......... 55%  599K 0s
   100K .......... .......... .......... .......... .......... 83%  601K 0s
   150K .......... .......... ..........                      100%  391K=0.5s

2017-02-02 18:09:44 (372 KB/s) - ‘gov064’ saved [184493/184493]

--2017-02-02 18:09:45--  http://doi.org/10.1093/gastro/gov065
Connecting to doi.org (doi.org)|95.138.171.129|:80... connected.
HTTP request sent, awaiting response... 303 See Other
Location: https://academic.oup.com/gastro/article-lookup/doi/10.1093/gastro/gov065 [following]
--2017-02-02 18:09:46--  https://academic.oup.com/gastro/article-lookup/doi/10.1093/gastro/gov065
Connecting to academic.oup.com (academic.oup.com)|173.254.190.144|:443... connected.
HTTP request sent, awaiting response... 200 OK
Length: 162611 (159K) [text/html]
Saving to: ‘gov065’

     0K .......... .......... .......... .......... .......... 31%  205K 1s
    50K .......... .......... .......... .......... .......... 62%  596K 0s
   100K .......... .......... .......... .......... .......... 94%  592K 0s
   150K ........                                              100% 34.4M=0.4s

2017-02-02 18:09:50 (385 KB/s) - ‘gov065’ saved [162611/162611]

--2017-02-02 18:09:51--  http://doi.org/10.1093/gastro/gow001
Connecting to doi.org (doi.org)|95.138.171.129|:80... connected.
HTTP request sent, awaiting response... 303 See Other
Location: https://academic.oup.com/gastro/article-lookup/doi/10.1093/gastro/gow001 [following]
--2017-02-02 18:09:52--  https://academic.oup.com/gastro/article-lookup/doi/10.1093/gastro/gow001
Connecting to academic.oup.com (academic.oup.com)|173.254.190.144|:443... connected.
HTTP request sent, awaiting response... 400 Bad Request
2017-02-02 18:09:52 ERROR 400: Bad Request.

--2017-02-02 18:09:53--  http://doi.org/10.1093/gastro/gov066
Connecting to doi.org (doi.org)|95.138.171.129|:80... connected.
HTTP request sent, awaiting response... 303 See Other
Location: https://academic.oup.com/gastro/article-lookup/doi/10.1093/gastro/gov066 [following]
--2017-02-02 18:09:54--  https://academic.oup.com/gastro/article-lookup/doi/10.1093/gastro/gov066
Connecting to academic.oup.com (academic.oup.com)|173.254.190.144|:443... connected.
HTTP request sent, awaiting response... 200 OK
Length: 222713 (217K) [text/html]
Saving to: ‘gov066’

     0K .......... .......... .......... .......... .......... 22%  208K 1s
    50K .......... .......... .......... .......... .......... 45%  601K 0s
   100K .......... .......... .......... .......... .......... 68%  607K 0s
   150K .......... .......... .......... .......... .......... 91%  596K 0s
   200K .......... .......                                    100%  220K=0.6s

2017-02-02 18:09:58 (382 KB/s) - ‘gov066’ saved [222713/222713]

--2017-02-02 18:09:59--  http://doi.org/10.1093/gastro/gow036
Connecting to doi.org (doi.org)|95.138.171.129|:80... connected.
HTTP request sent, awaiting response... 303 See Other
Location: https://academic.oup.com/gastro/article-lookup/doi/10.1093/gastro/gow036 [following]
--2017-02-02 18:10:00--  https://academic.oup.com/gastro/article-lookup/doi/10.1093/gastro/gow036
Connecting to academic.oup.com (academic.oup.com)|173.254.190.144|:443... connected.
HTTP request sent, awaiting response... 200 OK
Length: 172060 (168K) [text/html]
Saving to: ‘gow036’

     0K .......... .......... .......... .......... .......... 29%  209K 1s
    50K .......... .......... .......... .......... .......... 59%  611K 0s
   100K .......... .......... .......... .......... .......... 89%  605K 0s
   150K .......... ........                                   100%  229K=0.5s

2017-02-02 18:10:05 (348 KB/s) - ‘gow036’ saved [172060/172060]

--2017-02-02 18:10:06--  http://doi.org/10.1093/gastro/gow035
Connecting to doi.org (doi.org)|95.138.171.129|:80... connected.
HTTP request sent, awaiting response... 303 See Other
Location: https://academic.oup.com/gastro/article-lookup/doi/10.1093/gastro/gow035 [following]
--2017-02-02 18:10:07--  https://academic.oup.com/gastro/article-lookup/doi/10.1093/gastro/gow035
Connecting to academic.oup.com (academic.oup.com)|173.254.190.144|:443... connected.
HTTP request sent, awaiting response... 200 OK
Length: 150675 (147K) [text/html]
Saving to: ‘gow035’

     0K .......... .......... .......... .......... .......... 33%  208K 0s
    50K .......... .......... .......... .......... .......... 67%  602K 0s
   100K .......... .......... .......... .......... .......   100%  574K=0.4s

2017-02-02 18:10:12 (363 KB/s) - ‘gow035’ saved [150675/150675]

--2017-02-02 18:10:13--  http://doi.org/10.1093/gastro/gow041
Connecting to doi.org (doi.org)|95.138.171.129|:80... connected.
HTTP request sent, awaiting response... 303 See Other
Location: https://academic.oup.com/gastro/article-lookup/doi/10.1093/gastro/gow041 [following]
--2017-02-02 18:10:14--  https://academic.oup.com/gastro/article-lookup/doi/10.1093/gastro/gow041
Connecting to academic.oup.com (academic.oup.com)|173.254.190.144|:443... connected.
HTTP request sent, awaiting response... 200 OK
Length: 146412 (143K) [text/html]
Saving to: ‘gow041’

     0K .......... .......... .......... .......... .......... 34%  208K 0s
    50K .......... .......... .......... .......... .......... 69%  600K 0s
   100K .......... .......... .......... .......... ..        100%  538K=0.4s

2017-02-02 18:10:18 (355 KB/s) - ‘gow041’ saved [146412/146412]

--2017-02-02 18:10:19--  http://doi.org/10.1093/gastro/gow043
Connecting to doi.org (doi.org)|95.138.171.129|:80... connected.
HTTP request sent, awaiting response... 303 See Other
Location: https://academic.oup.com/gastro/article-lookup/doi/10.1093/gastro/gow043 [following]
--2017-02-02 18:10:20--  https://academic.oup.com/gastro/article-lookup/doi/10.1093/gastro/gow043
Connecting to academic.oup.com (academic.oup.com)|173.254.190.144|:443... connected.
HTTP request sent, awaiting response... 200 OK
Length: 210688 (206K) [text/html]
Saving to: ‘gow043’

     0K .......... .......... .......... .......... .......... 24%  209K 1s
    50K .......... .......... .......... .......... .......... 48%  605K 0s
   100K .......... .......... .......... .......... .......... 72%  609K 0s
   150K .......... .......... .......... .......... .......... 97%  425K 0s
   200K .....                                                 100%  145K=0.6s

2017-02-02 18:10:25 (366 KB/s) - ‘gow043’ saved [210688/210688]

--2017-02-02 18:10:26--  http://doi.org/10.1093/gastro/gow037
Connecting to doi.org (doi.org)|95.138.171.129|:80... connected.
HTTP request sent, awaiting response... 303 See Other
Location: https://academic.oup.com/gastro/article-lookup/doi/10.1093/gastro/gow037 [following]
--2017-02-02 18:10:27--  https://academic.oup.com/gastro/article-lookup/doi/10.1093/gastro/gow037
Connecting to academic.oup.com (academic.oup.com)|173.254.190.144|:443... connected.
HTTP request sent, awaiting response... 200 OK
Length: 218589 (213K) [text/html]
Saving to: ‘gow037’

     0K .......... .......... .......... .......... .......... 23%  209K 1s
    50K .......... .......... .......... .......... .......... 46%  603K 0s
   100K .......... .......... .......... .......... .......... 70%  596K 0s
   150K .......... .......... .......... .......... .......... 93%  610K 0s
   200K .......... ...                                        100%  180K=0.6s

2017-02-02 18:13:00 (379 KB/s) - ‘gow037’ saved [218589/218589]

--2017-02-02 18:13:01--  http://doi.org/10.1093/gastro/gow042
Connecting to doi.org (doi.org)|95.138.171.129|:80... connected.
HTTP request sent, awaiting response... 303 See Other
Location: https://academic.oup.com/gastro/article-lookup/doi/10.1093/gastro/gow042 [following]
--2017-02-02 18:13:02--  https://academic.oup.com/gastro/article-lookup/doi/10.1093/gastro/gow042
Connecting to academic.oup.com (academic.oup.com)|173.254.190.144|:443... connected.
HTTP request sent, awaiting response... 200 OK
Length: 121101 (118K) [text/html]
Saving to: ‘gow042’

     0K .......... .......... .......... .......... .......... 42%  309K 0s
    50K .......... .......... .......... .......... .......... 84%  313K 0s
   100K .......... ........                                   100% 6.17M=0.3s

2017-02-02 18:13:06 (365 KB/s) - ‘gow042’ saved [121101/121101]

--2017-02-02 18:13:07--  http://doi.org/10.1093/gastro/gov059
Connecting to doi.org (doi.org)|95.138.171.129|:80... connected.
HTTP request sent, awaiting response... 303 See Other
Location: https://academic.oup.com/gastro/article-lookup/doi/10.1093/gastro/gov059 [following]
--2017-02-02 18:13:08--  https://academic.oup.com/gastro/article-lookup/doi/10.1093/gastro/gov059
Connecting to academic.oup.com (academic.oup.com)|173.254.190.144|:443... connected.
HTTP request sent, awaiting response... 200 OK
Length: 187123 (183K) [text/html]
Saving to: ‘gov059’

     0K .......... .......... .......... .......... .......... 27%  209K 1s
    50K .......... .......... .......... .......... .......... 54%  601K 0s
   100K .......... .......... .......... .......... .......... 82%  592K 0s
   150K .......... .......... .......... ..                   100%  422K=0.5s

2017-02-02 18:13:13 (377 KB/s) - ‘gov059’ saved [187123/187123]

--2017-02-02 18:13:14--  http://doi.org/10.1093/gastro/gov063
Connecting to doi.org (doi.org)|95.138.171.129|:80... connected.
HTTP request sent, awaiting response... 303 See Other
Location: https://academic.oup.com/gastro/article-lookup/doi/10.1093/gastro/gov063 [following]
--2017-02-02 18:13:15--  https://academic.oup.com/gastro/article-lookup/doi/10.1093/gastro/gov063
Connecting to academic.oup.com (academic.oup.com)|173.254.190.144|:443... connected.
HTTP request sent, awaiting response... 200 OK
Length: 191971 (187K) [text/html]
Saving to: ‘gov063’

     0K .......... .......... .......... .......... .......... 26%  209K 1s
    50K .......... .......... .......... .......... .......... 53%  614K 0s
   100K .......... .......... .......... .......... .......... 80%  551K 0s
   150K .......... .......... .......... .......              100%  463K=0.5s

2017-02-02 18:13:21 (381 KB/s) - ‘gov063’ saved [191971/191971]

--2017-02-02 18:13:22--  http://doi.org/10.1093/gastro/gov061
Connecting to doi.org (doi.org)|95.138.171.129|:80... connected.
HTTP request sent, awaiting response... 303 See Other
Location: https://academic.oup.com/gastro/article-lookup/doi/10.1093/gastro/gov061 [following]
--2017-02-02 18:13:23--  https://academic.oup.com/gastro/article-lookup/doi/10.1093/gastro/gov061
Connecting to academic.oup.com (academic.oup.com)|173.254.190.144|:443... connected.
HTTP request sent, awaiting response... 200 OK
Length: 148459 (145K) [text/html]
Saving to: ‘gov061’

     0K .......... .......... .......... .......... .......... 34%  209K 0s
    50K .......... .......... .......... .......... .......... 68%  573K 0s
   100K .......... .......... .......... .......... ....      100%  556K=0.4s

2017-02-02 18:13:30 (356 KB/s) - ‘gov061’ saved [148459/148459]

--2017-02-02 18:13:31--  http://doi.org/10.1093/gastro/gov062
Connecting to doi.org (doi.org)|95.138.171.129|:80... connected.
HTTP request sent, awaiting response... 303 See Other
Location: https://academic.oup.com/gastro/article-lookup/doi/10.1093/gastro/gov062 [following]
--2017-02-02 18:13:32--  https://academic.oup.com/gastro/article-lookup/doi/10.1093/gastro/gov062
Connecting to academic.oup.com (academic.oup.com)|173.254.190.144|:443... connected.
HTTP request sent, awaiting response... 200 OK
Length: 211628 (207K) [text/html]
Saving to: ‘gov062’

     0K .......... .......... .......... .......... .......... 24%  209K 1s
    50K .......... .......... .......... .......... .......... 48%  609K 0s
   100K .......... .......... .......... .......... .......... 72%  612K 0s
   150K .......... .......... .......... .......... .......... 96%  318K 0s
   200K ......                                                100% 4.16M=0.6s

2017-02-02 18:13:37 (368 KB/s) - ‘gov062’ saved [211628/211628]

--2017-02-02 18:13:38--  http://doi.org/10.1093/gastro/gov058
Connecting to doi.org (doi.org)|95.138.171.129|:80... connected.
HTTP request sent, awaiting response... 303 See Other
Location: https://academic.oup.com/gastro/article-lookup/doi/10.1093/gastro/gov058 [following]
--2017-02-02 18:13:39--  https://academic.oup.com/gastro/article-lookup/doi/10.1093/gastro/gov058
Connecting to academic.oup.com (academic.oup.com)|173.254.190.144|:443... connected.
HTTP request sent, awaiting response... 200 OK
Length: 138174 (135K) [text/html]
Saving to: ‘gov058’

     0K .......... .......... .......... .......... .......... 37%  208K 0s
    50K .......... .......... .......... .......... .......... 74%  605K 0s
   100K .......... .......... .......... ....                 100%  440K=0.4s

2017-02-02 18:13:44 (336 KB/s) - ‘gov058’ saved [138174/138174]

--2017-02-02 18:13:45--  http://doi.org/10.1093/gastro/gov056
Connecting to doi.org (doi.org)|95.138.171.129|:80... connected.
HTTP request sent, awaiting response... 303 See Other
Location: https://academic.oup.com/gastro/article-lookup/doi/10.1093/gastro/gov056 [following]
--2017-02-02 18:13:46--  https://academic.oup.com/gastro/article-lookup/doi/10.1093/gastro/gov056
Connecting to academic.oup.com (academic.oup.com)|173.254.190.144|:443... connected.
HTTP request sent, awaiting response... 200 OK
Length: 137497 (134K) [text/html]
Saving to: ‘gov056’

     0K .......... .......... .......... .......... .......... 37%  208K 0s
    50K .......... .......... .......... .......... .......... 74%  602K 0s
   100K .......... .......... .......... ....                 100%  426K=0.4s

2017-02-02 18:13:52 (333 KB/s) - ‘gov056’ saved [137497/137497]

--2017-02-02 18:13:53--  http://doi.org/10.1093/gastro/gov057
Connecting to doi.org (doi.org)|95.138.171.129|:80... connected.
HTTP request sent, awaiting response... 303 See Other
Location: https://academic.oup.com/gastro/article-lookup/doi/10.1093/gastro/gov057 [following]
--2017-02-02 18:13:54--  https://academic.oup.com/gastro/article-lookup/doi/10.1093/gastro/gov057
Connecting to academic.oup.com (academic.oup.com)|173.254.190.144|:443... connected.
HTTP request sent, awaiting response... 200 OK
Length: 352124 (344K) [text/html]
Saving to: ‘gov057’

     0K .......... .......... .......... .......... .......... 14%  209K 1s
    50K .......... .......... .......... .......... .......... 29%  608K 1s
   100K .......... .......... .......... .......... .......... 43%  593K 1s
   150K .......... .......... .......... .......... .......... 58%  421K 0s
   200K .......... .......... .......... .......... .......... 72%  417K 0s
   250K .......... .......... .......... .......... .......... 87%  606K 0s
   300K .......... .......... .......... .......... ...       100%  536K=0.8s

2017-02-02 18:14:00 (425 KB/s) - ‘gov057’ saved [352124/352124]

--2017-02-02 18:14:01--  http://doi.org/10.1093/gastro/gov060
Connecting to doi.org (doi.org)|95.138.171.129|:80... connected.
HTTP request sent, awaiting response... 303 See Other
Location: https://academic.oup.com/gastro/article-lookup/doi/10.1093/gastro/gov060 [following]
--2017-02-02 18:14:02--  https://academic.oup.com/gastro/article-lookup/doi/10.1093/gastro/gov060
Connecting to academic.oup.com (academic.oup.com)|173.254.190.144|:443... connected.
HTTP request sent, awaiting response... 200 OK
Length: 64107 (63K) [text/html]
Saving to: ‘gov060’

     0K .......... .......... .......... .......... .......... 79%  253K 0s
    50K .......... ..                                         100%  298K=0.2s

2017-02-02 18:14:09 (261 KB/s) - ‘gov060’ saved [64107/64107]

--2017-02-02 18:14:10--  http://doi.org/10.1093/gastro/gov050
Connecting to doi.org (doi.org)|95.138.171.129|:80... connected.
HTTP request sent, awaiting response... 303 See Other
Location: https://academic.oup.com/gastro/article-lookup/doi/10.1093/gastro/gov050 [following]
--2017-02-02 18:14:11--  https://academic.oup.com/gastro/article-lookup/doi/10.1093/gastro/gov050
Connecting to academic.oup.com (academic.oup.com)|173.254.190.144|:443... connected.
HTTP request sent, awaiting response... 200 OK
Length: 410821 (401K) [text/html]
Saving to: ‘gov050’

     0K .......... .......... .......... .......... .......... 12%  209K 2s
    50K .......... .......... .......... .......... .......... 24%  606K 1s
   100K .......... .......... .......... .......... .......... 37%  550K 1s
   150K .......... .......... .......... .......... .......... 49%  605K 0s
   200K .......... .......... .......... .......... .......... 62%  328K 0s
   250K .......... .......... .......... .......... .......... 74%  590K 0s
   300K .......... .......... .......... .......... .......... 87%  569K 0s
   350K .......... .......... .......... .......... .......... 99%  327K 0s
   400K .                                                     100% 2274G=1.0s

2017-02-02 18:14:18 (412 KB/s) - ‘gov050’ saved [410821/410821]

--2017-02-02 18:14:19--  http://doi.org/10.1093/gastro/gov053
Connecting to doi.org (doi.org)|95.138.171.129|:80... connected.
HTTP request sent, awaiting response... 303 See Other
Location: https://academic.oup.com/gastro/article-lookup/doi/10.1093/gastro/gov053 [following]
--2017-02-02 18:14:21--  https://academic.oup.com/gastro/article-lookup/doi/10.1093/gastro/gov053
Connecting to academic.oup.com (academic.oup.com)|173.254.190.144|:443... connected.
HTTP request sent, awaiting response... 200 OK
Length: 368533 (360K) [text/html]
Saving to: ‘gov053’

     0K .......... .......... .......... .......... .......... 13%  208K 1s
    50K .......... .......... .......... .......... .......... 27%  605K 1s
   100K .......... .......... .......... .......... .......... 41%  613K 1s
   150K .......... .......... .......... .......... .......... 55%  598K 0s
   200K .......... .......... .......... .......... .......... 69%  312K 0s
   250K .......... .......... .......... .......... .......... 83%  600K 0s
   300K .......... .......... .......... .......... .......... 97%  605K 0s
   350K .........                                             100% 25.5M=0.8s

2017-02-02 18:14:26 (442 KB/s) - ‘gov053’ saved [368533/368533]

--2017-02-02 18:14:27--  http://doi.org/10.1093/gastro/gov052
Connecting to doi.org (doi.org)|95.138.171.129|:80... connected.
HTTP request sent, awaiting response... 303 See Other
Location: https://academic.oup.com/gastro/article-lookup/doi/10.1093/gastro/gov052 [following]
--2017-02-02 18:14:28--  https://academic.oup.com/gastro/article-lookup/doi/10.1093/gastro/gov052
Connecting to academic.oup.com (academic.oup.com)|173.254.190.144|:443... connected.
HTTP request sent, awaiting response... 400 Bad Request
2017-02-02 18:14:29 ERROR 400: Bad Request.

--2017-02-02 18:14:30--  http://doi.org/10.1093/gastro/gov054
Connecting to doi.org (doi.org)|95.138.171.129|:80... connected.
HTTP request sent, awaiting response... 303 See Other
Location: https://academic.oup.com/gastro/article-lookup/doi/10.1093/gastro/gov054 [following]
--2017-02-02 18:14:31--  https://academic.oup.com/gastro/article-lookup/doi/10.1093/gastro/gov054
Connecting to academic.oup.com (academic.oup.com)|173.254.190.144|:443... connected.
HTTP request sent, awaiting response... 200 OK
Length: 194021 (189K) [text/html]
Saving to: ‘gov054’

     0K .......... .......... .......... .......... .......... 26%  208K 1s
    50K .......... .......... .......... .......... .......... 52%  604K 0s
   100K .......... .......... .......... .......... .......... 79%  612K 0s
   150K .......... .......... .......... .........            100%  483K=0.5s

2017-02-02 18:14:36 (389 KB/s) - ‘gov054’ saved [194021/194021]

--2017-02-02 18:14:37--  http://doi.org/10.1093/gastro/gov048
Connecting to doi.org (doi.org)|95.138.171.129|:80... connected.
HTTP request sent, awaiting response... 303 See Other
Location: https://academic.oup.com/gastro/article-lookup/doi/10.1093/gastro/gov048 [following]
--2017-02-02 18:14:38--  https://academic.oup.com/gastro/article-lookup/doi/10.1093/gastro/gov048
Connecting to academic.oup.com (academic.oup.com)|173.254.190.144|:443... connected.
HTTP request sent, awaiting response... 200 OK
Length: 573221 (560K) [text/html]
Saving to: ‘gov048’

     0K .......... .......... .......... .......... ..........  8%  209K 2s
    50K .......... .......... .......... .......... .......... 17%  609K 1s
   100K .......... .......... .......... .......... .......... 26%  588K 1s
   150K .......... .......... .......... .......... .......... 35%  600K 1s
   200K .......... .......... .......... .......... .......... 44%  314K 1s
   250K .......... .......... .......... .......... .......... 53%  607K 1s
   300K .......... .......... .......... .......... .......... 62%  601K 0s
   350K .......... .......... .......... .......... .......... 71%  601K 0s
   400K .......... .......... .......... .......... .......... 80%  311K 0s
   450K .......... .......... .......... .......... .......... 89%  614K 0s
   500K .......... .......... .......... .......... .......... 98%  600K 0s
   550K .........                                             100%  126K=1.3s

2017-02-02 18:14:45 (430 KB/s) - ‘gov048’ saved [573221/573221]

--2017-02-02 18:14:46--  http://doi.org/10.1093/gastro/gov045
Connecting to doi.org (doi.org)|95.138.171.129|:80... connected.
HTTP request sent, awaiting response... 303 See Other
Location: https://academic.oup.com/gastro/article/4/4/304/2568572/Expression-of-p53-predicts-risk-of-prevalent-and [following]
--2017-02-02 18:14:47--  https://academic.oup.com/gastro/article/4/4/304/2568572/Expression-of-p53-predicts-risk-of-prevalent-and
Connecting to academic.oup.com (academic.oup.com)|173.254.190.144|:443... connected.
HTTP request sent, awaiting response... 200 OK
Length: 208304 (203K) [text/html]
Saving to: ‘gov045’

     0K .......... .......... .......... .......... .......... 24%  308K 0s
    50K .......... .......... .......... .......... .......... 49%  313K 0s
   100K .......... .......... .......... .......... .......... 73%  607K 0s
   150K .......... .......... .......... .......... .......... 98%  317K 0s
   200K ...                                                   100% 6527G=0.6s

2017-02-02 18:14:53 (362 KB/s) - ‘gov045’ saved [208304/208304]

--2017-02-02 18:14:54--  http://doi.org/10.1093/gastro/gov055
Connecting to doi.org (doi.org)|95.138.171.129|:80... connected.
HTTP request sent, awaiting response... 303 See Other
Location: https://academic.oup.com/gastro/article-lookup/doi/10.1093/gastro/gov055 [following]
--2017-02-02 18:14:55--  https://academic.oup.com/gastro/article-lookup/doi/10.1093/gastro/gov055
Connecting to academic.oup.com (academic.oup.com)|173.254.190.144|:443... connected.
HTTP request sent, awaiting response... 200 OK
Length: 166515 (163K) [text/html]
Saving to: ‘gov055’

     0K .......... .......... .......... .......... .......... 30%  208K 1s
    50K .......... .......... .......... .......... .......... 61%  606K 0s
   100K .......... .......... .......... .......... .......... 92%  612K 0s
   150K .......... ..                                         100%  317K=0.4s

2017-02-02 18:15:04 (366 KB/s) - ‘gov055’ saved [166515/166515]

--2017-02-02 18:15:05--  http://doi.org/10.1093/gastro/gov049
Connecting to doi.org (doi.org)|95.138.171.129|:80... connected.
HTTP request sent, awaiting response... 303 See Other
Location: https://academic.oup.com/gastro/article-lookup/doi/10.1093/gastro/gov049 [following]
--2017-02-02 18:15:06--  https://academic.oup.com/gastro/article-lookup/doi/10.1093/gastro/gov049
Connecting to academic.oup.com (academic.oup.com)|173.254.190.144|:443... connected.
HTTP request sent, awaiting response... 200 OK
Length: 201577 (197K) [text/html]
Saving to: ‘gov049’

     0K .......... .......... .......... .......... .......... 25%  209K 1s
    50K .......... .......... .......... .......... .......... 50%  600K 0s
   100K .......... .......... .......... .......... .......... 76%  609K 0s
   150K .......... .......... .......... .......... ......    100%  574K=0.5s

2017-02-02 18:15:14 (405 KB/s) - ‘gov049’ saved [201577/201577]

--2017-02-02 18:15:15--  http://doi.org/10.1093/gastro/gov051
Connecting to doi.org (doi.org)|95.138.171.129|:80... connected.
HTTP request sent, awaiting response... 303 See Other
Location: https://academic.oup.com/gastro/article-lookup/doi/10.1093/gastro/gov051 [following]
--2017-02-02 18:15:16--  https://academic.oup.com/gastro/article-lookup/doi/10.1093/gastro/gov051
Connecting to academic.oup.com (academic.oup.com)|173.254.190.144|:443... connected.
HTTP request sent, awaiting response... 200 OK
Length: 159461 (156K) [text/html]
Saving to: ‘gov051’

     0K .......... .......... .......... .......... .......... 32%  208K 1s
    50K .......... .......... .......... .......... .......... 64%  575K 0s
   100K .......... .......... .......... .......... .......... 96%  245K 0s
   150K .....                                                 100% 10917G=0.5s

2017-02-02 18:15:22 (293 KB/s) - ‘gov051’ saved [159461/159461]

--2017-02-02 18:15:23--  http://doi.org/10.1093/gastro/gov047
Connecting to doi.org (doi.org)|95.138.171.129|:80... connected.
HTTP request sent, awaiting response... 303 See Other
Location: https://academic.oup.com/gastro/article-lookup/doi/10.1093/gastro/gov047 [following]
--2017-02-02 18:15:24--  https://academic.oup.com/gastro/article-lookup/doi/10.1093/gastro/gov047
Connecting to academic.oup.com (academic.oup.com)|173.254.190.144|:443... connected.
HTTP request sent, awaiting response... 200 OK
Length: 214811 (210K) [text/html]
Saving to: ‘gov047’

     0K .......... .......... .......... .......... .......... 23%  208K 1s
    50K .......... .......... .......... .......... .......... 47%  603K 0s
   100K .......... .......... .......... .......... .......... 71%  602K 0s
   150K .......... .......... .......... .......... .......... 95%  607K 0s
   200K .........                                             100%  124K=0.6s

2017-02-02 18:15:32 (370 KB/s) - ‘gov047’ saved [214811/214811]

--2017-02-02 18:15:33--  http://doi.org/10.1093/gastro/gov044
Connecting to doi.org (doi.org)|95.138.171.129|:80... connected.
HTTP request sent, awaiting response... 303 See Other
Location: https://academic.oup.com/gastro/article-lookup/doi/10.1093/gastro/gov044 [following]
--2017-02-02 18:15:34--  https://academic.oup.com/gastro/article-lookup/doi/10.1093/gastro/gov044
Connecting to academic.oup.com (academic.oup.com)|173.254.190.144|:443... connected.
HTTP request sent, awaiting response... 200 OK
Length: 229646 (224K) [text/html]
Saving to: ‘gov044’

     0K .......... .......... .......... .......... .......... 22%  209K 1s
    50K .......... .......... .......... .......... .......... 44%  602K 0s
   100K .......... .......... .......... .......... .......... 66%  607K 0s
   150K .......... .......... .......... .......... .......... 89%  313K 0s
   200K .......... .......... ....                            100% 12.6M=0.6s

2017-02-02 18:15:41 (396 KB/s) - ‘gov044’ saved [229646/229646]

--2017-02-02 18:15:42--  http://doi.org/10.1093/gastro/gov041
Connecting to doi.org (doi.org)|95.138.171.129|:80... connected.
HTTP request sent, awaiting response... 303 See Other
Location: https://academic.oup.com/gastro/article-lookup/doi/10.1093/gastro/gov041 [following]
--2017-02-02 18:15:43--  https://academic.oup.com/gastro/article-lookup/doi/10.1093/gastro/gov041
Connecting to academic.oup.com (academic.oup.com)|173.254.190.144|:443... connected.
HTTP request sent, awaiting response... 200 OK
Length: 178062 (174K) [text/html]
Saving to: ‘gov041’

     0K .......... .......... .......... .......... .......... 28%  209K 1s
    50K .......... .......... .......... .......... .......... 57%  602K 0s
   100K .......... .......... .......... .......... .......... 86%  608K 0s
   150K .......... .......... ...                             100%  296K=0.5s

2017-02-02 18:15:48 (359 KB/s) - ‘gov041’ saved [178062/178062]

--2017-02-02 18:15:49--  http://doi.org/10.1093/gastro/gov024
Connecting to doi.org (doi.org)|95.138.171.129|:80... connected.
HTTP request sent, awaiting response... 303 See Other
Location: https://academic.oup.com/gastro/article-lookup/doi/10.1093/gastro/gov024 [following]
--2017-02-02 18:15:50--  https://academic.oup.com/gastro/article-lookup/doi/10.1093/gastro/gov024
Connecting to academic.oup.com (academic.oup.com)|173.254.190.144|:443... connected.
HTTP request sent, awaiting response... 200 OK
Length: 159263 (156K) [text/html]
Saving to: ‘gov024’

     0K .......... .......... .......... .......... .......... 32%  310K 0s
    50K .......... .......... .......... .......... .......... 64%  308K 0s
   100K .......... .......... .......... .......... .......... 96%  610K 0s
   150K .....                                                 100% 13.3M=0.4s

2017-02-02 18:15:59 (383 KB/s) - ‘gov024’ saved [159263/159263]

--2017-02-02 18:16:00--  http://doi.org/10.1093/gastro/gov042
Connecting to doi.org (doi.org)|95.138.171.129|:80... connected.
HTTP request sent, awaiting response... 303 See Other
Location: https://academic.oup.com/gastro/article-lookup/doi/10.1093/gastro/gov042 [following]
--2017-02-02 18:16:01--  https://academic.oup.com/gastro/article-lookup/doi/10.1093/gastro/gov042
Connecting to academic.oup.com (academic.oup.com)|173.254.190.144|:443... connected.
HTTP request sent, awaiting response... 200 OK
Length: 622340 (608K) [text/html]
Saving to: ‘gov042’

     0K .......... .......... .......... .......... ..........  8%  207K 3s
    50K .......... .......... .......... .......... .......... 16%  606K 2s
   100K .......... .......... .......... .......... .......... 24%  609K 1s
   150K .......... .......... .......... .......... .......... 32%  316K 1s
   200K .......... .......... .......... .......... .......... 41%  593K 1s
   250K .......... .......... .......... .......... .......... 49%  605K 1s
   300K .......... .......... .......... .......... .......... 57%  415K 1s
   350K .......... .......... .......... .......... .......... 65%  407K 1s
   400K .......... .......... .......... .......... .......... 74%  611K 0s
   450K .......... .......... .......... .......... .......... 82%  606K 0s
   500K .......... .......... .......... .......... .......... 90%  416K 0s
   550K .......... .......... .......... .......... .......... 98%  408K 0s
   600K .......                                               100% 32.3M=1.4s

2017-02-02 18:16:09 (440 KB/s) - ‘gov042’ saved [622340/622340]

--2017-02-02 18:16:10--  http://doi.org/10.1093/gastro/gov046
Connecting to doi.org (doi.org)|95.138.171.129|:80... connected.
HTTP request sent, awaiting response... 303 See Other
Location: https://academic.oup.com/gastro/article-lookup/doi/10.1093/gastro/gov046 [following]
--2017-02-02 18:16:11--  https://academic.oup.com/gastro/article-lookup/doi/10.1093/gastro/gov046
Connecting to academic.oup.com (academic.oup.com)|173.254.190.144|:443... connected.
HTTP request sent, awaiting response... 200 OK
Length: 508534 (497K) [text/html]
Saving to: ‘gov046’

     0K .......... .......... .......... .......... .......... 10%  209K 2s
    50K .......... .......... .......... .......... .......... 20%  596K 1s
   100K .......... .......... .......... .......... .......... 30%  606K 1s
   150K .......... .......... .......... .......... .......... 40%  594K 1s
   200K .......... .......... .......... .......... .......... 50%  318K 1s
   250K .......... .......... .......... .......... .......... 60%  601K 0s
   300K .......... .......... .......... .......... .......... 70%  599K 0s
   350K .......... .......... .......... .......... .......... 80%  606K 0s
   400K .......... .......... .......... .......... .......... 90%  318K 0s
   450K .......... .......... .......... .......... ......    100%  564K=1.1s

2017-02-02 18:16:21 (437 KB/s) - ‘gov046’ saved [508534/508534]

--2017-02-02 18:16:22--  http://doi.org/10.1093/gastro/gov038
Connecting to doi.org (doi.org)|95.138.171.129|:80... connected.
HTTP request sent, awaiting response... 303 See Other
Location: https://academic.oup.com/gastro/article-lookup/doi/10.1093/gastro/gov038 [following]
--2017-02-02 18:16:23--  https://academic.oup.com/gastro/article-lookup/doi/10.1093/gastro/gov038
Connecting to academic.oup.com (academic.oup.com)|173.254.190.144|:443... connected.
HTTP request sent, awaiting response... 200 OK
Length: 111655 (109K) [text/html]
Saving to: ‘gov038’

     0K .......... .......... .......... .......... .......... 45%  209K 0s
    50K .......... .......... .......... .......... .......... 91%  605K 0s
   100K .........                                             100% 18.2M=0.3s

2017-02-02 18:16:31 (338 KB/s) - ‘gov038’ saved [111655/111655]

--2017-02-02 18:16:32--  http://doi.org/10.1093/gastro/gov043
Connecting to doi.org (doi.org)|95.138.171.129|:80... connected.
HTTP request sent, awaiting response... 303 See Other
Location: https://academic.oup.com/gastro/article-lookup/doi/10.1093/gastro/gov043 [following]
--2017-02-02 18:16:33--  https://academic.oup.com/gastro/article-lookup/doi/10.1093/gastro/gov043
Connecting to academic.oup.com (academic.oup.com)|173.254.190.144|:443... connected.
HTTP request sent, awaiting response... 400 Bad Request
2017-02-02 18:16:34 ERROR 400: Bad Request.

--2017-02-02 18:16:35--  http://doi.org/10.1093/gastro/gov039
Connecting to doi.org (doi.org)|95.138.171.129|:80... connected.
HTTP request sent, awaiting response... 303 See Other
Location: https://academic.oup.com/gastro/article-lookup/doi/10.1093/gastro/gov039 [following]
--2017-02-02 18:16:36--  https://academic.oup.com/gastro/article-lookup/doi/10.1093/gastro/gov039
Connecting to academic.oup.com (academic.oup.com)|173.254.190.144|:443... connected.
HTTP request sent, awaiting response... 200 OK
Length: 419419 (410K) [text/html]
Saving to: ‘gov039’

     0K .......... .......... .......... .......... .......... 12%  209K 2s
    50K .......... .......... .......... .......... .......... 24%  602K 1s
   100K .......... .......... .......... .......... .......... 36%  607K 1s
   150K .......... .......... .......... .......... .......... 48%  608K 1s
   200K .......... .......... .......... .......... .......... 61%  420K 0s
   250K .......... .......... .......... .......... .......... 73%  398K 0s
   300K .......... .......... .......... .......... .......... 85%  604K 0s
   350K .......... .......... .......... .......... .......... 97%  425K 0s
   400K .........                                             100% 16.7M=0.9s

2017-02-02 18:16:46 (439 KB/s) - ‘gov039’ saved [419419/419419]

--2017-02-02 18:16:47--  http://doi.org/10.1093/gastro/gov040
Connecting to doi.org (doi.org)|95.138.171.129|:80... connected.
HTTP request sent, awaiting response... 303 See Other
Location: https://academic.oup.com/gastro/article-lookup/doi/10.1093/gastro/gov040 [following]
--2017-02-02 18:16:48--  https://academic.oup.com/gastro/article-lookup/doi/10.1093/gastro/gov040
Connecting to academic.oup.com (academic.oup.com)|173.254.190.144|:443... connected.
HTTP request sent, awaiting response... 400 Bad Request
2017-02-02 18:16:49 ERROR 400: Bad Request.

--2017-02-02 18:16:50--  http://doi.org/10.1093/gastro/gov034
Connecting to doi.org (doi.org)|95.138.171.129|:80... connected.
HTTP request sent, awaiting response... 303 See Other
Location: https://academic.oup.com/gastro/article-lookup/doi/10.1093/gastro/gov034 [following]
--2017-02-02 18:16:51--  https://academic.oup.com/gastro/article-lookup/doi/10.1093/gastro/gov034
Connecting to academic.oup.com (academic.oup.com)|173.254.190.144|:443... connected.
HTTP request sent, awaiting response... 200 OK
Length: 135167 (132K) [text/html]
Saving to: ‘gov034’

     0K .......... .......... .......... .......... .......... 37%  208K 0s
    50K .......... .......... .......... .......... .......... 75%  607K 0s
   100K .......... .......... .......... .                    100%  402K=0.4s

2017-02-02 18:17:02 (328 KB/s) - ‘gov034’ saved [135167/135167]

--2017-02-02 18:17:03--  http://doi.org/10.1093/gastro/gov037
Connecting to doi.org (doi.org)|95.138.171.129|:80... connected.
HTTP request sent, awaiting response... 303 See Other
Location: https://academic.oup.com/gastro/article-lookup/doi/10.1093/gastro/gov037 [following]
--2017-02-02 18:17:04--  https://academic.oup.com/gastro/article-lookup/doi/10.1093/gastro/gov037
Connecting to academic.oup.com (academic.oup.com)|173.254.190.144|:443... connected.
HTTP request sent, awaiting response... 200 OK
Length: 138831 (136K) [text/html]
Saving to: ‘gov037’

     0K .......... .......... .......... .......... .......... 36%  208K 0s
    50K .......... .......... .......... .......... .......... 73%  601K 0s
   100K .......... .......... .......... .....                100%  440K=0.4s

2017-02-02 18:18:33 (336 KB/s) - ‘gov037’ saved [138831/138831]

--2017-02-02 18:18:34--  http://doi.org/10.1093/gastro/gov036
Connecting to doi.org (doi.org)|95.138.171.129|:80... connected.
HTTP request sent, awaiting response... 303 See Other
Location: https://academic.oup.com/gastro/article-lookup/doi/10.1093/gastro/gov036 [following]
--2017-02-02 18:18:35--  https://academic.oup.com/gastro/article-lookup/doi/10.1093/gastro/gov036
Connecting to academic.oup.com (academic.oup.com)|173.254.190.144|:443... connected.
HTTP request sent, awaiting response... 200 OK
Length: 249700 (244K) [text/html]
Saving to: ‘gov036’

     0K .......... .......... .......... .......... .......... 20%  206K 1s
    50K .......... .......... .......... .......... .......... 41%  592K 0s
   100K .......... .......... .......... .......... .......... 61%  148K 0s
   150K .......... .......... .......... .......... .......... 82%  600K 0s
   200K .......... .......... .......... .......... ...       100%  522K=0.8s

2017-02-02 18:18:48 (293 KB/s) - ‘gov036’ saved [249700/249700]

--2017-02-02 18:18:49--  http://doi.org/10.1093/gastro/gov033
Connecting to doi.org (doi.org)|95.138.171.129|:80... connected.
HTTP request sent, awaiting response... 303 See Other
Location: https://academic.oup.com/gastro/article-lookup/doi/10.1093/gastro/gov033 [following]
--2017-02-02 18:18:50--  https://academic.oup.com/gastro/article-lookup/doi/10.1093/gastro/gov033
Connecting to academic.oup.com (academic.oup.com)|173.254.190.144|:443... connected.
HTTP request sent, awaiting response... 200 OK
Length: 173910 (170K) [text/html]
Saving to: ‘gov033’

     0K .......... .......... .......... .......... .......... 29%  209K 1s
    50K .......... .......... .......... .......... .......... 58%  604K 0s
   100K .......... .......... .......... .......... .......... 88%  598K 0s
   150K .......... .........                                  100%  508K=0.4s

2017-02-02 18:18:58 (382 KB/s) - ‘gov033’ saved [173910/173910]

--2017-02-02 18:18:59--  http://doi.org/10.1093/gastro/gov032
Connecting to doi.org (doi.org)|95.138.171.129|:80... connected.
HTTP request sent, awaiting response... 303 See Other
Location: https://academic.oup.com/gastro/article-lookup/doi/10.1093/gastro/gov032 [following]
--2017-02-02 18:19:00--  https://academic.oup.com/gastro/article-lookup/doi/10.1093/gastro/gov032
Connecting to academic.oup.com (academic.oup.com)|173.254.190.144|:443... connected.
HTTP request sent, awaiting response... 200 OK
Length: 213702 (209K) [text/html]
Saving to: ‘gov032’

     0K .......... .......... .......... .......... .......... 23%  207K 1s
    50K .......... .......... .......... .......... .......... 47%  588K 0s
   100K .......... .......... .......... .......... .......... 71%  564K 0s
   150K .......... .......... .......... .......... .......... 95%  602K 0s
   200K ........                                              100%  318K=0.5s

2017-02-02 18:19:20 (397 KB/s) - ‘gov032’ saved [213702/213702]

--2017-02-02 18:19:21--  http://doi.org/10.1093/gastro/gov026
Connecting to doi.org (doi.org)|95.138.171.129|:80... connected.
HTTP request sent, awaiting response... 303 See Other
Location: https://academic.oup.com/gastro/article-lookup/doi/10.1093/gastro/gov026 [following]
--2017-02-02 18:19:22--  https://academic.oup.com/gastro/article-lookup/doi/10.1093/gastro/gov026
Connecting to academic.oup.com (academic.oup.com)|173.254.190.144|:443... connected.
HTTP request sent, awaiting response... 200 OK
Length: 130207 (127K) [text/html]
Saving to: ‘gov026’

     0K .......... .......... .......... .......... .......... 39%  206K 0s
    50K .......... .......... .......... .......... .......... 78%  595K 0s
   100K .......... .......... .......                         100% 5.16M=0.3s

2017-02-02 18:19:46 (384 KB/s) - ‘gov026’ saved [130207/130207]

--2017-02-02 18:19:47--  http://doi.org/10.1093/gastro/gov031
Connecting to doi.org (doi.org)|95.138.171.129|:80... connected.
HTTP request sent, awaiting response... 303 See Other
Location: https://academic.oup.com/gastro/article-lookup/doi/10.1093/gastro/gov031 [following]
--2017-02-02 18:19:49--  https://academic.oup.com/gastro/article-lookup/doi/10.1093/gastro/gov031
Connecting to academic.oup.com (academic.oup.com)|173.254.190.144|:443... connected.
HTTP request sent, awaiting response... 400 Bad Request
2017-02-02 18:19:49 ERROR 400: Bad Request.

--2017-02-02 18:19:50--  http://doi.org/10.1093/gastro/gov029
Connecting to doi.org (doi.org)|95.138.171.129|:80... connected.
HTTP request sent, awaiting response... 303 See Other
Location: https://academic.oup.com/gastro/article-lookup/doi/10.1093/gastro/gov029 [following]
--2017-02-02 18:19:51--  https://academic.oup.com/gastro/article-lookup/doi/10.1093/gastro/gov029
Connecting to academic.oup.com (academic.oup.com)|173.254.190.144|:443... connected.
HTTP request sent, awaiting response... 200 OK
Length: 204528 (200K) [text/html]
Saving to: ‘gov029’

     0K .......... .......... .......... .......... .......... 25%  207K 1s
    50K .......... .......... .......... .......... .......... 50%  576K 0s
   100K .......... .......... .......... .......... .......... 75%  603K 0s
   150K .......... .......... .......... .......... ......... 100%  558K=0.5s

2017-02-02 18:20:10 (400 KB/s) - ‘gov029’ saved [204528/204528]

--2017-02-02 18:20:11--  http://doi.org/10.1093/gastro/gov027
Connecting to doi.org (doi.org)|95.138.171.129|:80... connected.
HTTP request sent, awaiting response... 303 See Other
Location: https://academic.oup.com/gastro/article-lookup/doi/10.1093/gastro/gov027 [following]
--2017-02-02 18:20:12--  https://academic.oup.com/gastro/article-lookup/doi/10.1093/gastro/gov027
Connecting to academic.oup.com (academic.oup.com)|173.254.190.144|:443... connected.
HTTP request sent, awaiting response... 200 OK
Length: 282915 (276K) [text/html]
Saving to: ‘gov027’

     0K .......... .......... .......... .......... .......... 18%  209K 1s
    50K .......... .......... .......... .......... .......... 36%  605K 1s
   100K .......... .......... .......... .......... .......... 54%  609K 0s
   150K .......... .......... .......... .......... .......... 72%  601K 0s
   200K .......... .......... .......... .......... .......... 90%  590K 0s
   250K .......... .......... ......                          100%  337K=0.6s

2017-02-02 18:20:20 (425 KB/s) - ‘gov027’ saved [282915/282915]

--2017-02-02 18:20:21--  http://doi.org/10.1093/gastro/gov025
Connecting to doi.org (doi.org)|95.138.171.129|:80... connected.
HTTP request sent, awaiting response... 303 See Other
Location: https://academic.oup.com/gastro/article-lookup/doi/10.1093/gastro/gov025 [following]
--2017-02-02 18:20:23--  https://academic.oup.com/gastro/article-lookup/doi/10.1093/gastro/gov025
Connecting to academic.oup.com (academic.oup.com)|173.254.190.144|:443... connected.
HTTP request sent, awaiting response... 200 OK
Length: 158833 (155K) [text/html]
Saving to: ‘gov025’

     0K .......... .......... .......... .......... .......... 32%  209K 1s
    50K .......... .......... .......... .......... .......... 64%  574K 0s
   100K .......... .......... .......... .......... .......... 96%  566K 0s
   150K .....                                                 100% 9747G=0.4s

2017-02-02 18:20:38 (374 KB/s) - ‘gov025’ saved [158833/158833]

--2017-02-02 18:20:39--  http://doi.org/10.1093/gastro/gov028
Connecting to doi.org (doi.org)|95.138.171.129|:80... connected.
HTTP request sent, awaiting response... 303 See Other
Location: https://academic.oup.com/gastro/article-lookup/doi/10.1093/gastro/gov028 [following]
--2017-02-02 18:20:40--  https://academic.oup.com/gastro/article-lookup/doi/10.1093/gastro/gov028
Connecting to academic.oup.com (academic.oup.com)|173.254.190.144|:443... connected.
HTTP request sent, awaiting response... 200 OK
Length: 146985 (144K) [text/html]
Saving to: ‘gov028’

     0K .......... .......... .......... .......... .......... 34%  209K 0s
    50K .......... .......... .......... .......... .......... 69%  584K 0s
   100K .......... .......... .......... .......... ...       100%  522K=0.4s

2017-02-02 18:20:55 (351 KB/s) - ‘gov028’ saved [146985/146985]

--2017-02-02 18:20:56--  http://doi.org/10.1093/gastro/gov021
Connecting to doi.org (doi.org)|95.138.171.129|:80... connected.
HTTP request sent, awaiting response... 303 See Other
Location: https://academic.oup.com/gastro/article-lookup/doi/10.1093/gastro/gov021 [following]
--2017-02-02 18:20:57--  https://academic.oup.com/gastro/article-lookup/doi/10.1093/gastro/gov021
Connecting to academic.oup.com (academic.oup.com)|173.254.190.144|:443... connected.
HTTP request sent, awaiting response... 400 Bad Request
2017-02-02 18:20:57 ERROR 400: Bad Request.

--2017-02-02 18:20:58--  http://doi.org/10.1093/gastro/gov023
Connecting to doi.org (doi.org)|95.138.171.129|:80... connected.
HTTP request sent, awaiting response... 303 See Other
Location: https://academic.oup.com/gastro/article-lookup/doi/10.1093/gastro/gov023 [following]
--2017-02-02 18:20:59--  https://academic.oup.com/gastro/article-lookup/doi/10.1093/gastro/gov023
Connecting to academic.oup.com (academic.oup.com)|173.254.190.144|:443... connected.
HTTP request sent, awaiting response... 400 Bad Request
2017-02-02 18:21:00 ERROR 400: Bad Request.

--2017-02-02 18:21:01--  http://doi.org/10.1093/gastro/gov022
Connecting to doi.org (doi.org)|95.138.171.129|:80... connected.
HTTP request sent, awaiting response... 303 See Other
Location: https://academic.oup.com/gastro/article-lookup/doi/10.1093/gastro/gov022 [following]
--2017-02-02 18:21:02--  https://academic.oup.com/gastro/article-lookup/doi/10.1093/gastro/gov022
Connecting to academic.oup.com (academic.oup.com)|173.254.190.144|:443... connected.
HTTP request sent, awaiting response... 200 OK
Length: 207142 (202K) [text/html]
Saving to: ‘gov022’

     0K .......... .......... .......... .......... .......... 24%  209K 1s
    50K .......... .......... .......... .......... .......... 49%  595K 0s
   100K .......... .......... .......... .......... .......... 74%  609K 0s
   150K .......... .......... .......... .......... .......... 98%  577K 0s
   200K ..                                                    100% 4362G=0.5s

2017-02-02 18:21:09 (411 KB/s) - ‘gov022’ saved [207142/207142]

--2017-02-02 18:21:10--  http://doi.org/10.1093/gastro/gov020
Connecting to doi.org (doi.org)|95.138.171.129|:80... connected.
HTTP request sent, awaiting response... 303 See Other
Location: https://academic.oup.com/gastro/article-lookup/doi/10.1093/gastro/gov020 [following]
--2017-02-02 18:21:12--  https://academic.oup.com/gastro/article-lookup/doi/10.1093/gastro/gov020
Connecting to academic.oup.com (academic.oup.com)|173.254.190.144|:443... connected.
HTTP request sent, awaiting response... 200 OK
Length: 167867 (164K) [text/html]
Saving to: ‘gov020’

     0K .......... .......... .......... .......... .......... 30%  209K 1s
    50K .......... .......... .......... .......... .......... 61%  582K 0s
   100K .......... .......... .......... .......... .......... 91%  603K 0s
   150K .......... ...                                        100%  431K=0.4s

2017-02-02 18:21:20 (372 KB/s) - ‘gov020’ saved [167867/167867]

--2017-02-02 18:21:21--  http://doi.org/10.1093/gastro/gov016
Connecting to doi.org (doi.org)|95.138.171.129|:80... connected.
HTTP request sent, awaiting response... 303 See Other
Location: https://academic.oup.com/gastro/article-lookup/doi/10.1093/gastro/gov016 [following]
--2017-02-02 18:21:22--  https://academic.oup.com/gastro/article-lookup/doi/10.1093/gastro/gov016
Connecting to academic.oup.com (academic.oup.com)|173.254.190.144|:443... connected.
HTTP request sent, awaiting response... 200 OK
Length: 145061 (142K) [text/html]
Saving to: ‘gov016’

     0K .......... .......... .......... .......... .......... 35%  209K 0s
    50K .......... .......... .......... .......... .......... 70%  601K 0s
   100K .......... .......... .......... .......... .         100%  500K=0.4s

2017-02-02 18:21:34 (349 KB/s) - ‘gov016’ saved [145061/145061]

--2017-02-02 18:21:35--  http://doi.org/10.1093/gastro/gov019
Connecting to doi.org (doi.org)|95.138.171.129|:80... connected.
HTTP request sent, awaiting response... 303 See Other
Location: https://academic.oup.com/gastro/article-lookup/doi/10.1093/gastro/gov019 [following]
--2017-02-02 18:21:36--  https://academic.oup.com/gastro/article-lookup/doi/10.1093/gastro/gov019
Connecting to academic.oup.com (academic.oup.com)|173.254.190.144|:443... connected.
HTTP request sent, awaiting response... 400 Bad Request
2017-02-02 18:21:37 ERROR 400: Bad Request.

--2017-02-02 18:21:38--  http://doi.org/10.1093/gastro/gov018
Connecting to doi.org (doi.org)|95.138.171.129|:80... connected.
HTTP request sent, awaiting response... 303 See Other
Location: https://academic.oup.com/gastro/article-lookup/doi/10.1093/gastro/gov018 [following]
--2017-02-02 18:21:39--  https://academic.oup.com/gastro/article-lookup/doi/10.1093/gastro/gov018
Connecting to academic.oup.com (academic.oup.com)|173.254.190.144|:443... connected.
HTTP request sent, awaiting response... 200 OK
Length: 144196 (141K) [text/html]
Saving to: ‘gov018’

     0K .......... .......... .......... .......... .......... 35%  209K 0s
    50K .......... .......... .......... .......... .......... 71%  588K 0s
   100K .......... .......... .......... ..........           100%  506K=0.4s

2017-02-02 18:21:50 (348 KB/s) - ‘gov018’ saved [144196/144196]

--2017-02-02 18:21:51--  http://doi.org/10.1093/gastro/gov015
Connecting to doi.org (doi.org)|95.138.171.129|:80... connected.
HTTP request sent, awaiting response... 303 See Other
Location: https://academic.oup.com/gastro/article-lookup/doi/10.1093/gastro/gov015 [following]
--2017-02-02 18:21:52--  https://academic.oup.com/gastro/article-lookup/doi/10.1093/gastro/gov015
Connecting to academic.oup.com (academic.oup.com)|173.254.190.144|:443... connected.
HTTP request sent, awaiting response... 200 OK
Length: 270649 (264K) [text/html]
Saving to: ‘gov015’

     0K .......... .......... .......... .......... .......... 18%  207K 1s
    50K .......... .......... .......... .......... .......... 37%  597K 1s
   100K .......... .......... .......... .......... .......... 56%  605K 0s
   150K .......... .......... .......... .......... .......... 75%  605K 0s
   200K .......... .......... .......... .......... .......... 94%  307K 0s
   250K .......... ....                                       100% 13.8M=0.7s

2017-02-02 18:22:05 (404 KB/s) - ‘gov015’ saved [270649/270649]

--2017-02-02 18:22:06--  http://doi.org/10.1093/gastro/gov017
Connecting to doi.org (doi.org)|95.138.171.129|:80... connected.
HTTP request sent, awaiting response... 303 See Other
Location: https://academic.oup.com/gastro/article-lookup/doi/10.1093/gastro/gov017 [following]
--2017-02-02 18:22:07--  https://academic.oup.com/gastro/article-lookup/doi/10.1093/gastro/gov017
Connecting to academic.oup.com (academic.oup.com)|173.254.190.144|:443... connected.
HTTP request sent, awaiting response... 400 Bad Request
2017-02-02 18:22:08 ERROR 400: Bad Request.

--2017-02-02 18:22:09--  http://doi.org/10.1093/gastro/gov014
Connecting to doi.org (doi.org)|95.138.171.129|:80... connected.
HTTP request sent, awaiting response... 303 See Other
Location: https://academic.oup.com/gastro/article-lookup/doi/10.1093/gastro/gov014 [following]
--2017-02-02 18:22:10--  https://academic.oup.com/gastro/article-lookup/doi/10.1093/gastro/gov014
Connecting to academic.oup.com (academic.oup.com)|173.254.190.144|:443... connected.
HTTP request sent, awaiting response... 200 OK
Length: 123507 (121K) [text/html]
Saving to: ‘gov014’

     0K .......... .......... .......... .......... .......... 41%  209K 0s
    50K .......... .......... .......... .......... .......... 82%  597K 0s
   100K .......... ..........                                 100% 18.4M=0.3s

2017-02-02 18:22:30 (372 KB/s) - ‘gov014’ saved [123507/123507]

--2017-02-02 18:22:31--  http://doi.org/10.1093/gastro/gov012
Connecting to doi.org (doi.org)|95.138.171.129|:80... connected.
HTTP request sent, awaiting response... 303 See Other
Location: https://academic.oup.com/gastro/article-lookup/doi/10.1093/gastro/gov012 [following]
--2017-02-02 18:22:33--  https://academic.oup.com/gastro/article-lookup/doi/10.1093/gastro/gov012
Connecting to academic.oup.com (academic.oup.com)|173.254.190.144|:443... connected.
HTTP request sent, awaiting response... 400 Bad Request
2017-02-02 18:22:34 ERROR 400: Bad Request.

--2017-02-02 18:22:35--  http://doi.org/10.1093/gastro/gov013
Connecting to doi.org (doi.org)|95.138.171.129|:80... connected.
HTTP request sent, awaiting response... 303 See Other
Location: https://academic.oup.com/gastro/article-lookup/doi/10.1093/gastro/gov013 [following]
--2017-02-02 18:22:36--  https://academic.oup.com/gastro/article-lookup/doi/10.1093/gastro/gov013
Connecting to academic.oup.com (academic.oup.com)|173.254.190.144|:443... connected.
HTTP request sent, awaiting response... 200 OK
Length: 126028 (123K) [text/html]
Saving to: ‘gov013’

     0K .......... .......... .......... .......... .......... 40%  208K 0s
    50K .......... .......... .......... .......... .......... 81%  601K 0s
   100K .......... .......... ...                             100% 4.66M=0.3s

2017-02-02 18:22:54 (375 KB/s) - ‘gov013’ saved [126028/126028]

--2017-02-02 18:22:55--  http://doi.org/10.1093/gastro/gov011
Connecting to doi.org (doi.org)|95.138.171.129|:80... connected.
HTTP request sent, awaiting response... 303 See Other
Location: https://academic.oup.com/gastro/article-lookup/doi/10.1093/gastro/gov011 [following]
--2017-02-02 18:22:56--  https://academic.oup.com/gastro/article-lookup/doi/10.1093/gastro/gov011
Connecting to academic.oup.com (academic.oup.com)|173.254.190.144|:443... connected.
HTTP request sent, awaiting response... 200 OK
Length: 258755 (253K) [text/html]
Saving to: ‘gov011’

     0K .......... .......... .......... .......... .......... 19%  208K 1s
    50K .......... .......... .......... .......... .......... 39%  598K 0s
   100K .......... .......... .......... .......... .......... 59%  595K 0s
   150K .......... .......... .......... .......... .......... 79%  315K 0s
   200K .......... .......... .......... .......... .......... 98%  589K 0s
   250K ..                                                    100% 5132G=0.7s

2017-02-02 18:23:05 (388 KB/s) - ‘gov011’ saved [258755/258755]

FINISHED --2017-02-02 18:23:05--
Total wall clock time: 17m 34s
Downloaded: 84 files, 17M in 44s (391 KB/s)
