--2017-02-02 21:27:36--  http://doi.org/10.1111/j.1468-2346.2010.00918.x
Resolving doi.org (doi.org)... 208.254.38.90, 63.123.152.248, 38.100.138.162, ...
Connecting to doi.org (doi.org)|208.254.38.90|:80... connected.
HTTP request sent, awaiting response... 303 See Other
Location: https://academic.oup.com/ia/article-lookup/doi/10.1111/j.1468-2346.2010.00918.x [following]
--2017-02-02 21:27:37--  https://academic.oup.com/ia/article-lookup/doi/10.1111/j.1468-2346.2010.00918.x
Resolving academic.oup.com (academic.oup.com)... 173.254.190.144
Connecting to academic.oup.com (academic.oup.com)|173.254.190.144|:443... connected.
HTTP request sent, awaiting response... 200 OK
Length: 88540 (86K) [text/html]
Saving to: ‘j.1468-2346.2010.00918.x’

     0K .......... .......... .......... .......... .......... 57%  209K 0s
    50K .......... .......... .......... ......               100% 10.4M=0.2s

2017-02-02 21:27:42 (356 KB/s) - ‘j.1468-2346.2010.00918.x’ saved [88540/88540]

--2017-02-02 21:27:43--  http://doi.org/10.1111/j.1468-2346.2010.00917.x
Connecting to doi.org (doi.org)|208.254.38.90|:80... connected.
HTTP request sent, awaiting response... 303 See Other
Location: https://academic.oup.com/ia/article-lookup/doi/10.1111/j.1468-2346.2010.00917.x [following]
--2017-02-02 21:27:44--  https://academic.oup.com/ia/article-lookup/doi/10.1111/j.1468-2346.2010.00917.x
Connecting to academic.oup.com (academic.oup.com)|173.254.190.144|:443... connected.
HTTP request sent, awaiting response... 200 OK
Length: 102534 (100K) [text/html]
Saving to: ‘j.1468-2346.2010.00917.x’

     0K .......... .......... .......... .......... .......... 49%  208K 0s
    50K .......... .......... .......... .......... .......... 99%  610K 0s
   100K                                                       100%  250G=0.3s

2017-02-02 21:27:50 (311 KB/s) - ‘j.1468-2346.2010.00917.x’ saved [102534/102534]

--2017-02-02 21:27:51--  http://doi.org/10.1111/j.1468-2346.2010.00923.x
Connecting to doi.org (doi.org)|208.254.38.90|:80... connected.
HTTP request sent, awaiting response... 303 See Other
Location: https://academic.oup.com/ia/article-lookup/doi/10.1111/j.1468-2346.2010.00923.x [following]
--2017-02-02 21:27:52--  https://academic.oup.com/ia/article-lookup/doi/10.1111/j.1468-2346.2010.00923.x
Connecting to academic.oup.com (academic.oup.com)|173.254.190.144|:443... connected.
HTTP request sent, awaiting response... 200 OK
Length: 89847 (88K) [text/html]
Saving to: ‘j.1468-2346.2010.00923.x’

     0K .......... .......... .......... .......... .......... 56%  209K 0s
    50K .......... .......... .......... .......              100% 10.2M=0.2s

2017-02-02 21:27:56 (361 KB/s) - ‘j.1468-2346.2010.00923.x’ saved [89847/89847]

--2017-02-02 21:27:57--  http://doi.org/10.1111/j.1468-2346.2010.00916.x
Connecting to doi.org (doi.org)|208.254.38.90|:80... connected.
HTTP request sent, awaiting response... 303 See Other
Location: https://academic.oup.com/ia/article-lookup/doi/10.1111/j.1468-2346.2010.00916.x [following]
--2017-02-02 21:27:58--  https://academic.oup.com/ia/article-lookup/doi/10.1111/j.1468-2346.2010.00916.x
Connecting to academic.oup.com (academic.oup.com)|173.254.190.144|:443... connected.
HTTP request sent, awaiting response... 200 OK
Length: 90525 (88K) [text/html]
Saving to: ‘j.1468-2346.2010.00916.x’

     0K .......... .......... .......... .......... .......... 56%  209K 0s
    50K .......... .......... .......... ........             100% 9.83M=0.2s

2017-02-02 21:28:06 (364 KB/s) - ‘j.1468-2346.2010.00916.x’ saved [90525/90525]

--2017-02-02 21:28:07--  http://doi.org/10.1111/j.1468-2346.2010.00924.x
Connecting to doi.org (doi.org)|208.254.38.90|:80... connected.
HTTP request sent, awaiting response... 303 See Other
Location: https://academic.oup.com/ia/article-lookup/doi/10.1111/j.1468-2346.2010.00924.x [following]
--2017-02-02 21:28:08--  https://academic.oup.com/ia/article-lookup/doi/10.1111/j.1468-2346.2010.00924.x
Connecting to academic.oup.com (academic.oup.com)|173.254.190.144|:443... connected.
HTTP request sent, awaiting response... 200 OK
Length: 106301 (104K) [text/html]
Saving to: ‘j.1468-2346.2010.00924.x’

     0K .......... .......... .......... .......... .......... 48%  208K 0s
    50K .......... .......... .......... .......... .......... 96%  618K 0s
   100K ...                                                   100% 7266G=0.3s

2017-02-02 21:28:14 (323 KB/s) - ‘j.1468-2346.2010.00924.x’ saved [106301/106301]

--2017-02-02 21:28:15--  http://doi.org/10.1111/j.1468-2346.2010.00912.x
Connecting to doi.org (doi.org)|208.254.38.90|:80... connected.
HTTP request sent, awaiting response... 303 See Other
Location: https://academic.oup.com/ia/article-lookup/doi/10.1111/j.1468-2346.2010.00912.x [following]
--2017-02-02 21:28:16--  https://academic.oup.com/ia/article-lookup/doi/10.1111/j.1468-2346.2010.00912.x
Connecting to academic.oup.com (academic.oup.com)|173.254.190.144|:443... connected.
HTTP request sent, awaiting response... 200 OK
Length: 85196 (83K) [text/html]
Saving to: ‘j.1468-2346.2010.00912.x’

     0K .......... .......... .......... .......... .......... 60%  209K 0s
    50K .......... .......... .......... ...                  100% 11.6M=0.2s

2017-02-02 21:28:22 (344 KB/s) - ‘j.1468-2346.2010.00912.x’ saved [85196/85196]

--2017-02-02 21:28:23--  http://doi.org/10.1111/j.1468-2346.2010.00925.x
Connecting to doi.org (doi.org)|208.254.38.90|:80... connected.
HTTP request sent, awaiting response... 303 See Other
Location: https://academic.oup.com/ia/article-lookup/doi/10.1111/j.1468-2346.2010.00925.x [following]
--2017-02-02 21:28:24--  https://academic.oup.com/ia/article-lookup/doi/10.1111/j.1468-2346.2010.00925.x
Connecting to academic.oup.com (academic.oup.com)|173.254.190.144|:443... connected.
HTTP request sent, awaiting response... 200 OK
Length: 85421 (83K) [text/html]
Saving to: ‘j.1468-2346.2010.00925.x’

     0K .......... .......... .......... .......... .......... 59%  207K 0s
    50K .......... .......... .......... ...                  100% 12.4M=0.2s

2017-02-02 21:28:29 (342 KB/s) - ‘j.1468-2346.2010.00925.x’ saved [85421/85421]

--2017-02-02 21:28:30--  http://doi.org/10.1111/j.1468-2346.2010.00922.x
Connecting to doi.org (doi.org)|208.254.38.90|:80... connected.
HTTP request sent, awaiting response... 303 See Other
Location: https://academic.oup.com/ia/article-lookup/doi/10.1111/j.1468-2346.2010.00922.x [following]
--2017-02-02 21:28:31--  https://academic.oup.com/ia/article-lookup/doi/10.1111/j.1468-2346.2010.00922.x
Connecting to academic.oup.com (academic.oup.com)|173.254.190.144|:443... connected.
HTTP request sent, awaiting response... 200 OK
Length: 88047 (86K) [text/html]
Saving to: ‘j.1468-2346.2010.00922.x’

     0K .......... .......... .......... .......... .......... 58%  208K 0s
    50K .......... .......... .......... .....                100% 6.75M=0.2s

2017-02-02 21:28:35 (350 KB/s) - ‘j.1468-2346.2010.00922.x’ saved [88047/88047]

--2017-02-02 21:28:36--  http://doi.org/10.1111/j.1468-2346.2010.00915.x
Connecting to doi.org (doi.org)|208.254.38.90|:80... connected.
HTTP request sent, awaiting response... 303 See Other
Location: https://academic.oup.com/ia/article-lookup/doi/10.1111/j.1468-2346.2010.00915.x [following]
--2017-02-02 21:28:37--  https://academic.oup.com/ia/article-lookup/doi/10.1111/j.1468-2346.2010.00915.x
Connecting to academic.oup.com (academic.oup.com)|173.254.190.144|:443... connected.
HTTP request sent, awaiting response... 200 OK
Length: 111476 (109K) [text/html]
Saving to: ‘j.1468-2346.2010.00915.x’

     0K .......... .......... .......... .......... .......... 45%  209K 0s
    50K .......... .......... .......... .......... .......... 91%  610K 0s
   100K ........                                              100% 38.4M=0.3s

2017-02-02 21:28:41 (339 KB/s) - ‘j.1468-2346.2010.00915.x’ saved [111476/111476]

--2017-02-02 21:28:42--  http://doi.org/10.1111/j.1468-2346.2010.00921.x
Connecting to doi.org (doi.org)|208.254.38.90|:80... connected.
HTTP request sent, awaiting response... 303 See Other
Location: https://academic.oup.com/ia/article-lookup/doi/10.1111/j.1468-2346.2010.00921.x [following]
--2017-02-02 21:28:44--  https://academic.oup.com/ia/article-lookup/doi/10.1111/j.1468-2346.2010.00921.x
Connecting to academic.oup.com (academic.oup.com)|173.254.190.144|:443... connected.
HTTP request sent, awaiting response... 200 OK
Length: 101061 (99K) [text/html]
Saving to: ‘j.1468-2346.2010.00921.x’

     0K .......... .......... .......... .......... .......... 50%  209K 0s
    50K .......... .......... .......... .......... ........  100%  598K=0.3s

2017-02-02 21:28:49 (308 KB/s) - ‘j.1468-2346.2010.00921.x’ saved [101061/101061]

--2017-02-02 21:28:50--  http://doi.org/10.1111/j.1468-2346.2010.00919.x
Connecting to doi.org (doi.org)|208.254.38.90|:80... connected.
HTTP request sent, awaiting response... 303 See Other
Location: https://academic.oup.com/ia/article-lookup/doi/10.1111/j.1468-2346.2010.00919.x [following]
--2017-02-02 21:28:51--  https://academic.oup.com/ia/article-lookup/doi/10.1111/j.1468-2346.2010.00919.x
Connecting to academic.oup.com (academic.oup.com)|173.254.190.144|:443... connected.
HTTP request sent, awaiting response... 400 Bad Request
2017-02-02 21:28:52 ERROR 400: Bad Request.

--2017-02-02 21:28:53--  http://doi.org/10.1111/j.1468-2346.2010.00914.x
Connecting to doi.org (doi.org)|208.254.38.90|:80... connected.
HTTP request sent, awaiting response... 303 See Other
Location: https://academic.oup.com/ia/article-lookup/doi/10.1111/j.1468-2346.2010.00914.x [following]
--2017-02-02 21:28:54--  https://academic.oup.com/ia/article-lookup/doi/10.1111/j.1468-2346.2010.00914.x
Connecting to academic.oup.com (academic.oup.com)|173.254.190.144|:443... connected.
HTTP request sent, awaiting response... 200 OK
Length: 99647 (97K) [text/html]
Saving to: ‘j.1468-2346.2010.00914.x’

     0K .......... .......... .......... .......... .......... 51%  209K 0s
    50K .......... .......... .......... .......... .......   100%  581K=0.3s

2017-02-02 21:28:58 (303 KB/s) - ‘j.1468-2346.2010.00914.x’ saved [99647/99647]

--2017-02-02 21:28:59--  http://doi.org/10.1111/j.1468-2346.2010.00913.x
Connecting to doi.org (doi.org)|208.254.38.90|:80... connected.
HTTP request sent, awaiting response... 303 See Other
Location: https://academic.oup.com/ia/article-lookup/doi/10.1111/j.1468-2346.2010.00913.x [following]
--2017-02-02 21:29:00--  https://academic.oup.com/ia/article-lookup/doi/10.1111/j.1468-2346.2010.00913.x
Connecting to academic.oup.com (academic.oup.com)|173.254.190.144|:443... connected.
HTTP request sent, awaiting response... 200 OK
Length: 85299 (83K) [text/html]
Saving to: ‘j.1468-2346.2010.00913.x’

     0K .......... .......... .......... .......... .......... 60%  209K 0s
    50K .......... .......... .......... ...                  100% 10.9M=0.2s

2017-02-02 21:29:05 (344 KB/s) - ‘j.1468-2346.2010.00913.x’ saved [85299/85299]

--2017-02-02 21:29:06--  http://doi.org/10.1111/j.1468-2346.2010.00920.x
Connecting to doi.org (doi.org)|208.254.38.90|:80... connected.
HTTP request sent, awaiting response... 303 See Other
Location: https://academic.oup.com/ia/article-lookup/doi/10.1111/j.1468-2346.2010.00920.x [following]
--2017-02-02 21:29:07--  https://academic.oup.com/ia/article-lookup/doi/10.1111/j.1468-2346.2010.00920.x
Connecting to academic.oup.com (academic.oup.com)|173.254.190.144|:443... connected.
HTTP request sent, awaiting response... 200 OK
Length: 93819 (92K) [text/html]
Saving to: ‘j.1468-2346.2010.00920.x’

     0K .......... .......... .......... .......... .......... 54%  209K 0s
    50K .......... .......... .......... .......... .         100%  520K=0.3s

2017-02-02 21:29:12 (287 KB/s) - ‘j.1468-2346.2010.00920.x’ saved [93819/93819]

--2017-02-02 21:29:13--  http://doi.org/10.1111/inta.2010.86.issue-4
Connecting to doi.org (doi.org)|208.254.38.90|:80... connected.
HTTP request sent, awaiting response... 303 See Other
Location: http://doi.wiley.com/10.1111/inta.2010.86.issue-4 [following]
--2017-02-02 21:29:14--  http://doi.wiley.com/10.1111/inta.2010.86.issue-4
Resolving doi.wiley.com (doi.wiley.com)... 199.171.202.200
Connecting to doi.wiley.com (doi.wiley.com)|199.171.202.200|:80... connected.
HTTP request sent, awaiting response... 302 Moved Temporarily
Location: http://onlinelibrary.wiley.com/resolve/doi?DOI=10.1111/inta.2010.86.issue-4 [following]
--2017-02-02 21:29:15--  http://onlinelibrary.wiley.com/resolve/doi?DOI=10.1111/inta.2010.86.issue-4
Resolving onlinelibrary.wiley.com (onlinelibrary.wiley.com)... 199.171.202.195
Connecting to onlinelibrary.wiley.com (onlinelibrary.wiley.com)|199.171.202.195|:80... connected.
HTTP request sent, awaiting response... 302 Found
Location: http://onlinelibrary.wiley.com/doi/10.1111/inta.2010.86.issue-4/issuetoc;jsessionid=0B08F34DDA9598569CE5B1DDAEB17844.f02t03 [following]
--2017-02-02 21:29:17--  http://onlinelibrary.wiley.com/doi/10.1111/inta.2010.86.issue-4/issuetoc;jsessionid=0B08F34DDA9598569CE5B1DDAEB17844.f02t03
Connecting to onlinelibrary.wiley.com (onlinelibrary.wiley.com)|199.171.202.195|:80... connected.
HTTP request sent, awaiting response... 200 OK
Length: unspecified [text/html]
Saving to: ‘inta.2010.86.issue-4’

     0K .......... .......... .......... .......... ..........  182K
    50K ..........                                              114K=0.4s

2017-02-02 21:29:18 (165 KB/s) - ‘inta.2010.86.issue-4’ saved [61482]

--2017-02-02 21:29:19--  http://doi.org/10.1111/inta.2010.86.issue-3
Connecting to doi.org (doi.org)|208.254.38.90|:80... connected.
HTTP request sent, awaiting response... 303 See Other
Location: http://doi.wiley.com/10.1111/inta.2010.86.issue-3 [following]
--2017-02-02 21:29:20--  http://doi.wiley.com/10.1111/inta.2010.86.issue-3
Connecting to doi.wiley.com (doi.wiley.com)|199.171.202.200|:80... connected.
HTTP request sent, awaiting response... 302 Moved Temporarily
Location: http://onlinelibrary.wiley.com/resolve/doi?DOI=10.1111/inta.2010.86.issue-3 [following]
--2017-02-02 21:29:21--  http://onlinelibrary.wiley.com/resolve/doi?DOI=10.1111/inta.2010.86.issue-3
Connecting to onlinelibrary.wiley.com (onlinelibrary.wiley.com)|199.171.202.195|:80... connected.
HTTP request sent, awaiting response... 302 Found
Location: http://onlinelibrary.wiley.com/doi/10.1111/inta.2010.86.issue-3/issuetoc [following]
--2017-02-02 21:29:22--  http://onlinelibrary.wiley.com/doi/10.1111/inta.2010.86.issue-3/issuetoc
Connecting to onlinelibrary.wiley.com (onlinelibrary.wiley.com)|199.171.202.195|:80... connected.
HTTP request sent, awaiting response... 200 OK
Length: unspecified [text/html]
Saving to: ‘inta.2010.86.issue-3’

     0K .......... .......... .......... .......... ..........  193K
    50K .........                                              13.1M=0.3s

2017-02-02 21:29:23 (230 KB/s) - ‘inta.2010.86.issue-3’ saved [61187]

--2017-02-02 21:29:24--  http://doi.org/10.1111/j.1468-2346.2010.00907.x
Connecting to doi.org (doi.org)|208.254.38.90|:80... connected.
HTTP request sent, awaiting response... 303 See Other
Location: https://academic.oup.com/ia/article-lookup/doi/10.1111/j.1468-2346.2010.00907.x [following]
--2017-02-02 21:29:25--  https://academic.oup.com/ia/article-lookup/doi/10.1111/j.1468-2346.2010.00907.x
Connecting to academic.oup.com (academic.oup.com)|173.254.190.144|:443... connected.
HTTP request sent, awaiting response... 400 Bad Request
2017-02-02 21:29:26 ERROR 400: Bad Request.

--2017-02-02 21:29:27--  http://doi.org/10.1111/j.1468-2346.2010.00900.x
Connecting to doi.org (doi.org)|208.254.38.90|:80... connected.
HTTP request sent, awaiting response... 303 See Other
Location: https://academic.oup.com/ia/article-lookup/doi/10.1111/j.1468-2346.2010.00900.x [following]
--2017-02-02 21:29:28--  https://academic.oup.com/ia/article-lookup/doi/10.1111/j.1468-2346.2010.00900.x
Connecting to academic.oup.com (academic.oup.com)|173.254.190.144|:443... connected.
HTTP request sent, awaiting response... 200 OK
Length: 77428 (76K) [text/html]
Saving to: ‘j.1468-2346.2010.00900.x’

     0K .......... .......... .......... .......... .......... 66%  209K 0s
    50K .......... .......... .....                           100% 13.5M=0.2s

2017-02-02 21:29:32 (314 KB/s) - ‘j.1468-2346.2010.00900.x’ saved [77428/77428]

--2017-02-02 21:29:33--  http://doi.org/10.1111/j.1468-2346.2010.00903.x
Connecting to doi.org (doi.org)|208.254.38.90|:80... connected.
HTTP request sent, awaiting response... 303 See Other
Location: https://academic.oup.com/ia/article-lookup/doi/10.1111/j.1468-2346.2010.00903.x [following]
--2017-02-02 21:29:34--  https://academic.oup.com/ia/article-lookup/doi/10.1111/j.1468-2346.2010.00903.x
Connecting to academic.oup.com (academic.oup.com)|173.254.190.144|:443... connected.
HTTP request sent, awaiting response... 200 OK
Length: 108825 (106K) [text/html]
Saving to: ‘j.1468-2346.2010.00903.x’

     0K .......... .......... .......... .......... .......... 47%  209K 0s
    50K .......... .......... .......... .......... .......... 94%  589K 0s
   100K ......                                                100% 26.2M=0.3s

2017-02-02 21:29:38 (328 KB/s) - ‘j.1468-2346.2010.00903.x’ saved [108825/108825]

--2017-02-02 21:29:39--  http://doi.org/10.1111/j.1468-2346.2010.00905.x
Connecting to doi.org (doi.org)|208.254.38.90|:80... connected.
HTTP request sent, awaiting response... 303 See Other
Location: https://academic.oup.com/ia/article-lookup/doi/10.1111/j.1468-2346.2010.00905.x [following]
--2017-02-02 21:29:40--  https://academic.oup.com/ia/article-lookup/doi/10.1111/j.1468-2346.2010.00905.x
Connecting to academic.oup.com (academic.oup.com)|173.254.190.144|:443... connected.
HTTP request sent, awaiting response... 200 OK
Length: 88518 (86K) [text/html]
Saving to: ‘j.1468-2346.2010.00905.x’

     0K .......... .......... .......... .......... .......... 57%  209K 0s
    50K .......... .......... .......... ......               100% 5.53M=0.2s

2017-02-02 21:29:45 (352 KB/s) - ‘j.1468-2346.2010.00905.x’ saved [88518/88518]

--2017-02-02 21:29:46--  http://doi.org/10.1111/j.1468-2346.2010.00901.x
Connecting to doi.org (doi.org)|208.254.38.90|:80... connected.
HTTP request sent, awaiting response... 303 See Other
Location: https://academic.oup.com/ia/article-lookup/doi/10.1111/j.1468-2346.2010.00901.x [following]
--2017-02-02 21:29:47--  https://academic.oup.com/ia/article-lookup/doi/10.1111/j.1468-2346.2010.00901.x
Connecting to academic.oup.com (academic.oup.com)|173.254.190.144|:443... connected.
HTTP request sent, awaiting response... 200 OK
Length: 92246 (90K) [text/html]
Saving to: ‘j.1468-2346.2010.00901.x’

     0K .......... .......... .......... .......... .......... 55%  308K 0s
    50K .......... .......... .......... ..........           100%  254K=0.3s

2017-02-02 21:29:56 (282 KB/s) - ‘j.1468-2346.2010.00901.x’ saved [92246/92246]

--2017-02-02 21:29:57--  http://doi.org/10.1111/j.1468-2346.2010.00906.x
Connecting to doi.org (doi.org)|208.254.38.90|:80... connected.
HTTP request sent, awaiting response... 303 See Other
Location: https://academic.oup.com/ia/article-lookup/doi/10.1111/j.1468-2346.2010.00906.x [following]
--2017-02-02 21:29:58--  https://academic.oup.com/ia/article-lookup/doi/10.1111/j.1468-2346.2010.00906.x
Connecting to academic.oup.com (academic.oup.com)|173.254.190.144|:443... connected.
HTTP request sent, awaiting response... 200 OK
Length: 110009 (107K) [text/html]
Saving to: ‘j.1468-2346.2010.00906.x’

     0K .......... .......... .......... .......... .......... 46%  208K 0s
    50K .......... .......... .......... .......... .......... 93%  610K 0s
   100K .......                                               100% 16.5M=0.3s

2017-02-02 21:30:10 (333 KB/s) - ‘j.1468-2346.2010.00906.x’ saved [110009/110009]

--2017-02-02 21:30:11--  http://doi.org/10.1111/j.1468-2346.2010.00909.x
Connecting to doi.org (doi.org)|208.254.38.90|:80... connected.
HTTP request sent, awaiting response... 303 See Other
Location: https://academic.oup.com/ia/article-lookup/doi/10.1111/j.1468-2346.2010.00909.x [following]
--2017-02-02 21:30:12--  https://academic.oup.com/ia/article-lookup/doi/10.1111/j.1468-2346.2010.00909.x
Connecting to academic.oup.com (academic.oup.com)|173.254.190.144|:443... connected.
HTTP request sent, awaiting response... 200 OK
Length: 93885 (92K) [text/html]
Saving to: ‘j.1468-2346.2010.00909.x’

     0K .......... .......... .......... .......... .......... 54%  207K 0s
    50K .......... .......... .......... .......... .         100%  522K=0.3s

2017-02-02 21:30:15 (285 KB/s) - ‘j.1468-2346.2010.00909.x’ saved [93885/93885]

--2017-02-02 21:30:16--  http://doi.org/10.1111/j.1468-2346.2010.00904.x
Connecting to doi.org (doi.org)|208.254.38.90|:80... connected.
HTTP request sent, awaiting response... 303 See Other
Location: https://academic.oup.com/ia/article-lookup/doi/10.1111/j.1468-2346.2010.00904.x [following]
--2017-02-02 21:30:18--  https://academic.oup.com/ia/article-lookup/doi/10.1111/j.1468-2346.2010.00904.x
Connecting to academic.oup.com (academic.oup.com)|173.254.190.144|:443... connected.
HTTP request sent, awaiting response... 200 OK
Length: 114359 (112K) [text/html]
Saving to: ‘j.1468-2346.2010.00904.x’

     0K .......... .......... .......... .......... .......... 44%  209K 0s
    50K .......... .......... .......... .......... .......... 89%  608K 0s
   100K .......... .                                          100% 29.4M=0.3s

2017-02-02 21:30:22 (346 KB/s) - ‘j.1468-2346.2010.00904.x’ saved [114359/114359]

--2017-02-02 21:30:23--  http://doi.org/10.1111/j.1468-2346.2010.00902.x
Connecting to doi.org (doi.org)|208.254.38.90|:80... connected.
HTTP request sent, awaiting response... 303 See Other
Location: https://academic.oup.com/ia/article-lookup/doi/10.1111/j.1468-2346.2010.00902.x [following]
--2017-02-02 21:30:24--  https://academic.oup.com/ia/article-lookup/doi/10.1111/j.1468-2346.2010.00902.x
Connecting to academic.oup.com (academic.oup.com)|173.254.190.144|:443... connected.
HTTP request sent, awaiting response... 200 OK
Length: 83862 (82K) [text/html]
Saving to: ‘j.1468-2346.2010.00902.x’

     0K .......... .......... .......... .......... .......... 61%  208K 0s
    50K .......... .......... .......... .                    100% 11.5M=0.2s

2017-02-02 21:30:27 (336 KB/s) - ‘j.1468-2346.2010.00902.x’ saved [83862/83862]

--2017-02-02 21:30:28--  http://doi.org/10.1111/j.1468-2346.2010.00899.x
Connecting to doi.org (doi.org)|208.254.38.90|:80... connected.
HTTP request sent, awaiting response... 303 See Other
Location: https://academic.oup.com/ia/article-lookup/doi/10.1111/j.1468-2346.2010.00899.x [following]
--2017-02-02 21:30:29--  https://academic.oup.com/ia/article-lookup/doi/10.1111/j.1468-2346.2010.00899.x
Connecting to academic.oup.com (academic.oup.com)|173.254.190.144|:443... connected.
HTTP request sent, awaiting response... 200 OK
Length: 69645 (68K) [text/html]
Saving to: ‘j.1468-2346.2010.00899.x’

     0K .......... .......... .......... .......... .......... 73%  207K 0s
    50K .......... ........                                   100% 16.2M=0.2s

2017-02-02 21:30:33 (280 KB/s) - ‘j.1468-2346.2010.00899.x’ saved [69645/69645]

--2017-02-02 21:30:34--  http://doi.org/10.1111/j.1468-2346.2010.00910.x
Connecting to doi.org (doi.org)|208.254.38.90|:80... connected.
HTTP request sent, awaiting response... 303 See Other
Location: https://academic.oup.com/ia/article-lookup/doi/10.1111/j.1468-2346.2010.00910.x [following]
--2017-02-02 21:30:35--  https://academic.oup.com/ia/article-lookup/doi/10.1111/j.1468-2346.2010.00910.x
Connecting to academic.oup.com (academic.oup.com)|173.254.190.144|:443... connected.
HTTP request sent, awaiting response... 400 Bad Request
2017-02-02 21:30:37 ERROR 400: Bad Request.

--2017-02-02 21:30:38--  http://doi.org/10.1111/j.1468-2346.2010.00898.x
Connecting to doi.org (doi.org)|208.254.38.90|:80... connected.
HTTP request sent, awaiting response... 303 See Other
Location: https://academic.oup.com/ia/article-lookup/doi/10.1111/j.1468-2346.2010.00898.x [following]
--2017-02-02 21:30:39--  https://academic.oup.com/ia/article-lookup/doi/10.1111/j.1468-2346.2010.00898.x
Connecting to academic.oup.com (academic.oup.com)|173.254.190.144|:443... connected.
HTTP request sent, awaiting response... 400 Bad Request
2017-02-02 21:30:39 ERROR 400: Bad Request.

--2017-02-02 21:30:40--  http://doi.org/10.1111/j.1468-2346.2010.00911.x
Connecting to doi.org (doi.org)|208.254.38.90|:80... connected.
HTTP request sent, awaiting response... 303 See Other
Location: https://academic.oup.com/ia/article-lookup/doi/10.1111/j.1468-2346.2010.00911.x [following]
--2017-02-02 21:30:42--  https://academic.oup.com/ia/article-lookup/doi/10.1111/j.1468-2346.2010.00911.x
Connecting to academic.oup.com (academic.oup.com)|173.254.190.144|:443... connected.
HTTP request sent, awaiting response... 200 OK
Length: 69903 (68K) [text/html]
Saving to: ‘j.1468-2346.2010.00911.x’

     0K .......... .......... .......... .......... .......... 73%  209K 0s
    50K .......... ........                                   100% 14.0M=0.2s

2017-02-02 21:30:45 (284 KB/s) - ‘j.1468-2346.2010.00911.x’ saved [69903/69903]

--2017-02-02 21:30:46--  http://doi.org/10.1111/j.1468-2346.2010.00908.x
Connecting to doi.org (doi.org)|208.254.38.90|:80... connected.
HTTP request sent, awaiting response... 303 See Other
Location: https://academic.oup.com/ia/article-lookup/doi/10.1111/j.1468-2346.2010.00908.x [following]
--2017-02-02 21:30:47--  https://academic.oup.com/ia/article-lookup/doi/10.1111/j.1468-2346.2010.00908.x
Connecting to academic.oup.com (academic.oup.com)|173.254.190.144|:443... connected.
HTTP request sent, awaiting response... 200 OK
Length: 97543 (95K) [text/html]
Saving to: ‘j.1468-2346.2010.00908.x’

     0K .......... .......... .......... .......... .......... 52%  209K 0s
    50K .......... .......... .......... .......... .....     100%  560K=0.3s

2017-02-02 21:30:56 (297 KB/s) - ‘j.1468-2346.2010.00908.x’ saved [97543/97543]

--2017-02-02 21:30:57--  http://doi.org/10.1111/inta.2010.86.issue-2
Connecting to doi.org (doi.org)|208.254.38.90|:80... connected.
HTTP request sent, awaiting response... 303 See Other
Location: http://doi.wiley.com/10.1111/inta.2010.86.issue-2 [following]
--2017-02-02 21:30:58--  http://doi.wiley.com/10.1111/inta.2010.86.issue-2
Connecting to doi.wiley.com (doi.wiley.com)|199.171.202.200|:80... connected.
HTTP request sent, awaiting response... 302 Moved Temporarily
Location: http://onlinelibrary.wiley.com/resolve/doi?DOI=10.1111/inta.2010.86.issue-2 [following]
--2017-02-02 21:30:59--  http://onlinelibrary.wiley.com/resolve/doi?DOI=10.1111/inta.2010.86.issue-2
Connecting to onlinelibrary.wiley.com (onlinelibrary.wiley.com)|199.171.202.195|:80... connected.
HTTP request sent, awaiting response... 302 Found
Location: http://onlinelibrary.wiley.com/doi/10.1111/inta.2010.86.issue-2/issuetoc [following]
--2017-02-02 21:31:01--  http://onlinelibrary.wiley.com/doi/10.1111/inta.2010.86.issue-2/issuetoc
Connecting to onlinelibrary.wiley.com (onlinelibrary.wiley.com)|199.171.202.195|:80... connected.
HTTP request sent, awaiting response... 200 OK
Length: unspecified [text/html]
Saving to: ‘inta.2010.86.issue-2’

     0K .......... .......... .......... .......... ..........  194K
    50K .......... ...                                          161K=0.3s

2017-02-02 21:31:02 (186 KB/s) - ‘inta.2010.86.issue-2’ saved [65214]

--2017-02-02 21:31:03--  http://doi.org/10.1111/j.1468-2346.2010.00889.x
Connecting to doi.org (doi.org)|208.254.38.90|:80... connected.
HTTP request sent, awaiting response... 303 See Other
Location: https://academic.oup.com/ia/article-lookup/doi/10.1111/j.1468-2346.2010.00889.x [following]
--2017-02-02 21:31:04--  https://academic.oup.com/ia/article-lookup/doi/10.1111/j.1468-2346.2010.00889.x
Connecting to academic.oup.com (academic.oup.com)|173.254.190.144|:443... connected.
HTTP request sent, awaiting response... 200 OK
Length: 108002 (105K) [text/html]
Saving to: ‘j.1468-2346.2010.00889.x’

     0K .......... .......... .......... .......... .......... 47%  309K 0s
    50K .......... .......... .......... .......... .......... 94%  315K 0s
   100K .....                                                 100% 13.9M=0.3s

2017-02-02 21:31:08 (329 KB/s) - ‘j.1468-2346.2010.00889.x’ saved [108002/108002]

--2017-02-02 21:31:09--  http://doi.org/10.1111/j.1468-2346.2010.00890.x
Connecting to doi.org (doi.org)|208.254.38.90|:80... connected.
HTTP request sent, awaiting response... 303 See Other
Location: https://academic.oup.com/ia/article-lookup/doi/10.1111/j.1468-2346.2010.00890.x [following]
--2017-02-02 21:31:10--  https://academic.oup.com/ia/article-lookup/doi/10.1111/j.1468-2346.2010.00890.x
Connecting to academic.oup.com (academic.oup.com)|173.254.190.144|:443... connected.
HTTP request sent, awaiting response... 200 OK
Length: 91595 (89K) [text/html]
Saving to: ‘j.1468-2346.2010.00890.x’

     0K .......... .......... .......... .......... .......... 55%  209K 0s
    50K .......... .......... .......... .........            100% 10.0M=0.2s

2017-02-02 21:31:13 (368 KB/s) - ‘j.1468-2346.2010.00890.x’ saved [91595/91595]

--2017-02-02 21:31:14--  http://doi.org/10.1111/j.1468-2346.2010.00894.x
Connecting to doi.org (doi.org)|208.254.38.90|:80... connected.
HTTP request sent, awaiting response... 303 See Other
Location: https://academic.oup.com/ia/article-lookup/doi/10.1111/j.1468-2346.2010.00894.x [following]
--2017-02-02 21:31:15--  https://academic.oup.com/ia/article-lookup/doi/10.1111/j.1468-2346.2010.00894.x
Connecting to academic.oup.com (academic.oup.com)|173.254.190.144|:443... connected.
HTTP request sent, awaiting response... 200 OK
Length: 106760 (104K) [text/html]
Saving to: ‘j.1468-2346.2010.00894.x’

     0K .......... .......... .......... .......... .......... 47%  209K 0s
    50K .......... .......... .......... .......... .......... 95%  614K 0s
   100K ....                                                  100% 8121G=0.3s

2017-02-02 21:31:19 (325 KB/s) - ‘j.1468-2346.2010.00894.x’ saved [106760/106760]

--2017-02-02 21:31:20--  http://doi.org/10.1111/j.1468-2346.2010.00888.x
Connecting to doi.org (doi.org)|208.254.38.90|:80... connected.
HTTP request sent, awaiting response... 303 See Other
Location: https://academic.oup.com/ia/article-lookup/doi/10.1111/j.1468-2346.2010.00888.x [following]
--2017-02-02 21:31:22--  https://academic.oup.com/ia/article-lookup/doi/10.1111/j.1468-2346.2010.00888.x
Connecting to academic.oup.com (academic.oup.com)|173.254.190.144|:443... connected.
HTTP request sent, awaiting response... 200 OK
Length: 113864 (111K) [text/html]
Saving to: ‘j.1468-2346.2010.00888.x’

     0K .......... .......... .......... .......... .......... 44%  209K 0s
    50K .......... .......... .......... .......... .......... 89%  602K 0s
   100K .......... .                                          100% 8.77M=0.3s

2017-02-02 21:31:31 (344 KB/s) - ‘j.1468-2346.2010.00888.x’ saved [113864/113864]

--2017-02-02 21:31:32--  http://doi.org/10.1111/j.1468-2346.2010.00897.x
Connecting to doi.org (doi.org)|208.254.38.90|:80... connected.
HTTP request sent, awaiting response... 303 See Other
Location: https://academic.oup.com/ia/article-lookup/doi/10.1111/j.1468-2346.2010.00897.x [following]
--2017-02-02 21:31:33--  https://academic.oup.com/ia/article-lookup/doi/10.1111/j.1468-2346.2010.00897.x
Connecting to academic.oup.com (academic.oup.com)|173.254.190.144|:443... connected.
HTTP request sent, awaiting response... 200 OK
Length: 70725 (69K) [text/html]
Saving to: ‘j.1468-2346.2010.00897.x’

     0K .......... .......... .......... .......... .......... 72%  209K 0s
    50K .......... .........                                  100% 17.2M=0.2s

2017-02-02 21:31:37 (287 KB/s) - ‘j.1468-2346.2010.00897.x’ saved [70725/70725]

--2017-02-02 21:31:38--  http://doi.org/10.1111/j.1468-2346.2010.00883.x
Connecting to doi.org (doi.org)|208.254.38.90|:80... connected.
HTTP request sent, awaiting response... 303 See Other
Location: https://academic.oup.com/ia/article-lookup/doi/10.1111/j.1468-2346.2010.00883.x [following]
--2017-02-02 21:31:39--  https://academic.oup.com/ia/article-lookup/doi/10.1111/j.1468-2346.2010.00883.x
Connecting to academic.oup.com (academic.oup.com)|173.254.190.144|:443... connected.
HTTP request sent, awaiting response... 200 OK
Length: 70201 (69K) [text/html]
Saving to: ‘j.1468-2346.2010.00883.x’

     0K .......... .......... .......... .......... .......... 72%  209K 0s
    50K .......... ........                                   100% 14.9M=0.2s

2017-02-02 21:31:43 (285 KB/s) - ‘j.1468-2346.2010.00883.x’ saved [70201/70201]

--2017-02-02 21:31:44--  http://doi.org/10.1111/j.1468-2346.2010.00892.x
Connecting to doi.org (doi.org)|208.254.38.90|:80... connected.
HTTP request sent, awaiting response... 303 See Other
Location: https://academic.oup.com/ia/article-lookup/doi/10.1111/j.1468-2346.2010.00892.x [following]
--2017-02-02 21:31:45--  https://academic.oup.com/ia/article-lookup/doi/10.1111/j.1468-2346.2010.00892.x
Connecting to academic.oup.com (academic.oup.com)|173.254.190.144|:443... connected.
HTTP request sent, awaiting response... 200 OK
Length: 116272 (114K) [text/html]
Saving to: ‘j.1468-2346.2010.00892.x’

     0K .......... .......... .......... .......... .......... 44%  209K 0s
    50K .......... .......... .......... .......... .......... 88%  604K 0s
   100K .......... ...                                        100% 27.6M=0.3s

2017-02-02 21:31:53 (351 KB/s) - ‘j.1468-2346.2010.00892.x’ saved [116272/116272]

--2017-02-02 21:31:54--  http://doi.org/10.1111/j.1468-2346.2010.00887.x
Connecting to doi.org (doi.org)|208.254.38.90|:80... connected.
HTTP request sent, awaiting response... 303 See Other
Location: https://academic.oup.com/ia/article-lookup/doi/10.1111/j.1468-2346.2010.00887.x [following]
--2017-02-02 21:31:55--  https://academic.oup.com/ia/article-lookup/doi/10.1111/j.1468-2346.2010.00887.x
Connecting to academic.oup.com (academic.oup.com)|173.254.190.144|:443... connected.
HTTP request sent, awaiting response... 200 OK
Length: 99782 (97K) [text/html]
Saving to: ‘j.1468-2346.2010.00887.x’

     0K .......... .......... .......... .......... .......... 51%  209K 0s
    50K .......... .......... .......... .......... .......   100%  583K=0.3s

2017-02-02 21:32:00 (304 KB/s) - ‘j.1468-2346.2010.00887.x’ saved [99782/99782]

--2017-02-02 21:32:01--  http://doi.org/10.1111/j.1468-2346.2010.00895.x
Connecting to doi.org (doi.org)|208.254.38.90|:80... connected.
HTTP request sent, awaiting response... 303 See Other
Location: https://academic.oup.com/ia/article-lookup/doi/10.1111/j.1468-2346.2010.00895.x [following]
--2017-02-02 21:32:02--  https://academic.oup.com/ia/article-lookup/doi/10.1111/j.1468-2346.2010.00895.x
Connecting to academic.oup.com (academic.oup.com)|173.254.190.144|:443... connected.
HTTP request sent, awaiting response... 200 OK
Length: 104157 (102K) [text/html]
Saving to: ‘j.1468-2346.2010.00895.x’

     0K .......... .......... .......... .......... .......... 49%  205K 0s
    50K .......... .......... .......... .......... .......... 98%  604K 0s
   100K .                                                     100% 3273G=0.3s

2017-02-02 21:32:11 (311 KB/s) - ‘j.1468-2346.2010.00895.x’ saved [104157/104157]

--2017-02-02 21:32:12--  http://doi.org/10.1111/j.1468-2346.2010.00885.x
Connecting to doi.org (doi.org)|208.254.38.90|:80... connected.
HTTP request sent, awaiting response... 303 See Other
Location: https://academic.oup.com/ia/article-lookup/doi/10.1111/j.1468-2346.2010.00885.x [following]
--2017-02-02 21:32:13--  https://academic.oup.com/ia/article-lookup/doi/10.1111/j.1468-2346.2010.00885.x
Connecting to academic.oup.com (academic.oup.com)|173.254.190.144|:443... connected.
HTTP request sent, awaiting response... 200 OK
Length: 102348 (100K) [text/html]
Saving to: ‘j.1468-2346.2010.00885.x’

     0K .......... .......... .......... .......... .......... 50%  209K 0s
    50K .......... .......... .......... .......... ......... 100%  610K=0.3s

2017-02-02 21:32:17 (311 KB/s) - ‘j.1468-2346.2010.00885.x’ saved [102348/102348]

--2017-02-02 21:32:18--  http://doi.org/10.1111/j.1468-2346.2010.00884.x
Connecting to doi.org (doi.org)|208.254.38.90|:80... connected.
HTTP request sent, awaiting response... 303 See Other
Location: https://academic.oup.com/ia/article-lookup/doi/10.1111/j.1468-2346.2010.00884.x [following]
--2017-02-02 21:32:19--  https://academic.oup.com/ia/article-lookup/doi/10.1111/j.1468-2346.2010.00884.x
Connecting to academic.oup.com (academic.oup.com)|173.254.190.144|:443... connected.
HTTP request sent, awaiting response... 400 Bad Request
2017-02-02 21:32:20 ERROR 400: Bad Request.

--2017-02-02 21:32:21--  http://doi.org/10.1111/j.1468-2346.2010.00891.x
Connecting to doi.org (doi.org)|208.254.38.90|:80... connected.
HTTP request sent, awaiting response... 303 See Other
Location: https://academic.oup.com/ia/article-lookup/doi/10.1111/j.1468-2346.2010.00891.x [following]
--2017-02-02 21:32:22--  https://academic.oup.com/ia/article-lookup/doi/10.1111/j.1468-2346.2010.00891.x
Connecting to academic.oup.com (academic.oup.com)|173.254.190.144|:443... connected.
HTTP request sent, awaiting response... 200 OK
Length: 107668 (105K) [text/html]
Saving to: ‘j.1468-2346.2010.00891.x’

     0K .......... .......... .......... .......... .......... 47%  209K 0s
    50K .......... .......... .......... .......... .......... 95%  611K 0s
   100K .....                                                 100% 9812G=0.3s

2017-02-02 21:32:31 (327 KB/s) - ‘j.1468-2346.2010.00891.x’ saved [107668/107668]

--2017-02-02 21:32:32--  http://doi.org/10.1111/j.1468-2346.2010.00886.x
Connecting to doi.org (doi.org)|208.254.38.90|:80... connected.
HTTP request sent, awaiting response... 303 See Other
Location: https://academic.oup.com/ia/article-lookup/doi/10.1111/j.1468-2346.2010.00886.x [following]
--2017-02-02 21:32:33--  https://academic.oup.com/ia/article-lookup/doi/10.1111/j.1468-2346.2010.00886.x
Connecting to academic.oup.com (academic.oup.com)|173.254.190.144|:443... connected.
HTTP request sent, awaiting response... 200 OK
Length: 111190 (109K) [text/html]
Saving to: ‘j.1468-2346.2010.00886.x’

     0K .......... .......... .......... .......... .......... 46%  208K 0s
    50K .......... .......... .......... .......... .......... 92%  608K 0s
   100K ........                                              100% 11.4M=0.3s

2017-02-02 21:32:37 (336 KB/s) - ‘j.1468-2346.2010.00886.x’ saved [111190/111190]

--2017-02-02 21:32:38--  http://doi.org/10.1111/j.1468-2346.2010.00893.x
Connecting to doi.org (doi.org)|208.254.38.90|:80... connected.
HTTP request sent, awaiting response... 303 See Other
Location: https://academic.oup.com/ia/article-lookup/doi/10.1111/j.1468-2346.2010.00893.x [following]
--2017-02-02 21:32:39--  https://academic.oup.com/ia/article-lookup/doi/10.1111/j.1468-2346.2010.00893.x
Connecting to academic.oup.com (academic.oup.com)|173.254.190.144|:443... connected.
HTTP request sent, awaiting response... 200 OK
Length: 130471 (127K) [text/html]
Saving to: ‘j.1468-2346.2010.00893.x’

     0K .......... .......... .......... .......... .......... 39%  208K 0s
    50K .......... .......... .......... .......... .......... 78%  605K 0s
   100K .......... .......... .......                         100% 15.9M=0.3s

2017-02-02 21:32:46 (392 KB/s) - ‘j.1468-2346.2010.00893.x’ saved [130471/130471]

--2017-02-02 21:32:47--  http://doi.org/10.1111/j.1468-2346.2010.00896.x
Connecting to doi.org (doi.org)|208.254.38.90|:80... connected.
HTTP request sent, awaiting response... 303 See Other
Location: https://academic.oup.com/ia/article-lookup/doi/10.1111/j.1468-2346.2010.00896.x [following]
--2017-02-02 21:32:48--  https://academic.oup.com/ia/article-lookup/doi/10.1111/j.1468-2346.2010.00896.x
Connecting to academic.oup.com (academic.oup.com)|173.254.190.144|:443... connected.
HTTP request sent, awaiting response... 400 Bad Request
2017-02-02 21:32:49 ERROR 400: Bad Request.

--2017-02-02 21:32:50--  http://doi.org/10.1111/j.1468-2346.2010.00882.x
Connecting to doi.org (doi.org)|208.254.38.90|:80... connected.
HTTP request sent, awaiting response... 303 See Other
Location: https://academic.oup.com/ia/article-lookup/doi/10.1111/j.1468-2346.2010.00882.x [following]
--2017-02-02 21:32:51--  https://academic.oup.com/ia/article-lookup/doi/10.1111/j.1468-2346.2010.00882.x
Connecting to academic.oup.com (academic.oup.com)|173.254.190.144|:443... connected.
HTTP request sent, awaiting response... 400 Bad Request
2017-02-02 21:32:52 ERROR 400: Bad Request.

--2017-02-02 21:32:53--  http://doi.org/10.1111/inta.2010.86.issue-1
Connecting to doi.org (doi.org)|208.254.38.90|:80... connected.
HTTP request sent, awaiting response... 303 See Other
Location: http://doi.wiley.com/10.1111/inta.2010.86.issue-1 [following]
--2017-02-02 21:32:54--  http://doi.wiley.com/10.1111/inta.2010.86.issue-1
Connecting to doi.wiley.com (doi.wiley.com)|199.171.202.200|:80... connected.
HTTP request sent, awaiting response... 302 Moved Temporarily
Location: http://onlinelibrary.wiley.com/resolve/doi?DOI=10.1111/inta.2010.86.issue-1 [following]
--2017-02-02 21:32:55--  http://onlinelibrary.wiley.com/resolve/doi?DOI=10.1111/inta.2010.86.issue-1
Connecting to onlinelibrary.wiley.com (onlinelibrary.wiley.com)|199.171.202.195|:80... connected.
HTTP request sent, awaiting response... 302 Found
Location: http://onlinelibrary.wiley.com/doi/10.1111/inta.2010.86.issue-1/issuetoc [following]
--2017-02-02 21:32:56--  http://onlinelibrary.wiley.com/doi/10.1111/inta.2010.86.issue-1/issuetoc
Connecting to onlinelibrary.wiley.com (onlinelibrary.wiley.com)|199.171.202.195|:80... connected.
HTTP request sent, awaiting response... 200 OK
Length: unspecified [text/html]
Saving to: ‘inta.2010.86.issue-1’

     0K .......... .......... .......... .......... ..........  182K
    50K .......... ........                                     211K=0.4s

2017-02-02 21:32:57 (189 KB/s) - ‘inta.2010.86.issue-1’ saved [70492]

--2017-02-02 21:32:58--  http://doi.org/10.1111/j.1468-2346.2010.00866.x
Connecting to doi.org (doi.org)|208.254.38.90|:80... connected.
HTTP request sent, awaiting response... 303 See Other
Location: https://academic.oup.com/ia/article-lookup/doi/10.1111/j.1468-2346.2010.00866.x [following]
--2017-02-02 21:32:59--  https://academic.oup.com/ia/article-lookup/doi/10.1111/j.1468-2346.2010.00866.x
Connecting to academic.oup.com (academic.oup.com)|173.254.190.144|:443... connected.
HTTP request sent, awaiting response... 400 Bad Request
2017-02-02 21:33:00 ERROR 400: Bad Request.

--2017-02-02 21:33:01--  http://doi.org/10.1111/j.1468-2346.2010.00878.x
Connecting to doi.org (doi.org)|208.254.38.90|:80... connected.
HTTP request sent, awaiting response... 303 See Other
Location: https://academic.oup.com/ia/article-lookup/doi/10.1111/j.1468-2346.2010.00878.x [following]
--2017-02-02 21:33:02--  https://academic.oup.com/ia/article-lookup/doi/10.1111/j.1468-2346.2010.00878.x
Connecting to academic.oup.com (academic.oup.com)|173.254.190.144|:443... connected.
HTTP request sent, awaiting response... 200 OK
Length: 90440 (88K) [text/html]
Saving to: ‘j.1468-2346.2010.00878.x’

     0K .......... .......... .......... .......... .......... 56%  208K 0s
    50K .......... .......... .......... ........             100% 9.69M=0.2s

2017-02-02 21:33:06 (362 KB/s) - ‘j.1468-2346.2010.00878.x’ saved [90440/90440]

--2017-02-02 21:33:07--  http://doi.org/10.1111/j.1468-2346.2010.00876.x
Connecting to doi.org (doi.org)|208.254.38.90|:80... connected.
HTTP request sent, awaiting response... 303 See Other
Location: https://academic.oup.com/ia/article-lookup/doi/10.1111/j.1468-2346.2010.00876.x [following]
--2017-02-02 21:33:09--  https://academic.oup.com/ia/article-lookup/doi/10.1111/j.1468-2346.2010.00876.x
Connecting to academic.oup.com (academic.oup.com)|173.254.190.144|:443... connected.
HTTP request sent, awaiting response... 200 OK
Length: 92910 (91K) [text/html]
Saving to: ‘j.1468-2346.2010.00876.x’

     0K .......... .......... .......... .......... .......... 55%  208K 0s
    50K .......... .......... .......... ..........           100%  506K=0.3s

2017-02-02 21:33:14 (282 KB/s) - ‘j.1468-2346.2010.00876.x’ saved [92910/92910]

--2017-02-02 21:33:15--  http://doi.org/10.1111/j.1468-2346.2010.00864.x
Connecting to doi.org (doi.org)|208.254.38.90|:80... connected.
HTTP request sent, awaiting response... 303 See Other
Location: https://academic.oup.com/ia/article-lookup/doi/10.1111/j.1468-2346.2010.00864.x [following]
--2017-02-02 21:33:16--  https://academic.oup.com/ia/article-lookup/doi/10.1111/j.1468-2346.2010.00864.x
Connecting to academic.oup.com (academic.oup.com)|173.254.190.144|:443... connected.
HTTP request sent, awaiting response... 200 OK
Length: 85269 (83K) [text/html]
Saving to: ‘j.1468-2346.2010.00864.x’

     0K .......... .......... .......... .......... .......... 60%  209K 0s
    50K .......... .......... .......... ...                  100% 10.5M=0.2s

2017-02-02 21:33:19 (343 KB/s) - ‘j.1468-2346.2010.00864.x’ saved [85269/85269]

--2017-02-02 21:33:20--  http://doi.org/10.1111/j.1468-2346.2010.00867.x
Connecting to doi.org (doi.org)|208.254.38.90|:80... connected.
HTTP request sent, awaiting response... 303 See Other
Location: https://academic.oup.com/ia/article-lookup/doi/10.1111/j.1468-2346.2010.00867.x [following]
--2017-02-02 21:33:22--  https://academic.oup.com/ia/article-lookup/doi/10.1111/j.1468-2346.2010.00867.x
Connecting to academic.oup.com (academic.oup.com)|173.254.190.144|:443... connected.
HTTP request sent, awaiting response... 200 OK
Length: 122179 (119K) [text/html]
Saving to: ‘j.1468-2346.2010.00867.x’

     0K .......... .......... .......... .......... .......... 41%  208K 0s
    50K .......... .......... .......... .......... .......... 83%  599K 0s
   100K .......... .........                                  100% 13.0M=0.3s

2017-02-02 21:33:31 (367 KB/s) - ‘j.1468-2346.2010.00867.x’ saved [122179/122179]

--2017-02-02 21:33:32--  http://doi.org/10.1111/j.1468-2346.2010.00873.x
Connecting to doi.org (doi.org)|208.254.38.90|:80... connected.
HTTP request sent, awaiting response... 303 See Other
Location: https://academic.oup.com/ia/article-lookup/doi/10.1111/j.1468-2346.2010.00873.x [following]
--2017-02-02 21:33:33--  https://academic.oup.com/ia/article-lookup/doi/10.1111/j.1468-2346.2010.00873.x
Connecting to academic.oup.com (academic.oup.com)|173.254.190.144|:443... connected.
HTTP request sent, awaiting response... 200 OK
Length: 95824 (94K) [text/html]
Saving to: ‘j.1468-2346.2010.00873.x’

     0K .......... .......... .......... .......... .......... 53%  209K 0s
    50K .......... .......... .......... .......... ...       100%  545K=0.3s

2017-02-02 21:33:39 (293 KB/s) - ‘j.1468-2346.2010.00873.x’ saved [95824/95824]

--2017-02-02 21:33:40--  http://doi.org/10.1111/j.1468-2346.2010.00874.x
Connecting to doi.org (doi.org)|208.254.38.90|:80... connected.
HTTP request sent, awaiting response... 303 See Other
Location: https://academic.oup.com/ia/article-lookup/doi/10.1111/j.1468-2346.2010.00874.x [following]
--2017-02-02 21:33:41--  https://academic.oup.com/ia/article-lookup/doi/10.1111/j.1468-2346.2010.00874.x
Connecting to academic.oup.com (academic.oup.com)|173.254.190.144|:443... connected.
HTTP request sent, awaiting response... 200 OK
Length: 97026 (95K) [text/html]
Saving to: ‘j.1468-2346.2010.00874.x’

     0K .......... .......... .......... .......... .......... 52%  209K 0s
    50K .......... .......... .......... .......... ....      100%  536K=0.3s

2017-02-02 21:33:45 (294 KB/s) - ‘j.1468-2346.2010.00874.x’ saved [97026/97026]

--2017-02-02 21:33:46--  http://doi.org/10.1111/j.1468-2346.2010.00879.x
Connecting to doi.org (doi.org)|208.254.38.90|:80... connected.
HTTP request sent, awaiting response... 303 See Other
Location: https://academic.oup.com/ia/article-lookup/doi/10.1111/j.1468-2346.2010.00879.x [following]
--2017-02-02 21:33:47--  https://academic.oup.com/ia/article-lookup/doi/10.1111/j.1468-2346.2010.00879.x
Connecting to academic.oup.com (academic.oup.com)|173.254.190.144|:443... connected.
HTTP request sent, awaiting response... 200 OK
Length: 79693 (78K) [text/html]
Saving to: ‘j.1468-2346.2010.00879.x’

     0K .......... .......... .......... .......... .......... 64%  208K 0s
    50K .......... .......... .......                         100% 10.4M=0.2s

2017-02-02 21:33:51 (320 KB/s) - ‘j.1468-2346.2010.00879.x’ saved [79693/79693]

--2017-02-02 21:33:52--  http://doi.org/10.1111/j.1468-2346.2010.00868.x
Connecting to doi.org (doi.org)|208.254.38.90|:80... connected.
HTTP request sent, awaiting response... 303 See Other
Location: https://academic.oup.com/ia/article-lookup/doi/10.1111/j.1468-2346.2010.00868.x [following]
--2017-02-02 21:33:53--  https://academic.oup.com/ia/article-lookup/doi/10.1111/j.1468-2346.2010.00868.x
Connecting to academic.oup.com (academic.oup.com)|173.254.190.144|:443... connected.
HTTP request sent, awaiting response... 200 OK
Length: 99468 (97K) [text/html]
Saving to: ‘j.1468-2346.2010.00868.x’

     0K .......... .......... .......... .......... .......... 51%  206K 0s
    50K .......... .......... .......... .......... .......   100%  580K=0.3s

2017-02-02 21:33:57 (300 KB/s) - ‘j.1468-2346.2010.00868.x’ saved [99468/99468]

--2017-02-02 21:33:58--  http://doi.org/10.1111/j.1468-2346.2010.00877.x
Connecting to doi.org (doi.org)|208.254.38.90|:80... connected.
HTTP request sent, awaiting response... 303 See Other
Location: https://academic.oup.com/ia/article-lookup/doi/10.1111/j.1468-2346.2010.00877.x [following]
--2017-02-02 21:34:00--  https://academic.oup.com/ia/article-lookup/doi/10.1111/j.1468-2346.2010.00877.x
Connecting to academic.oup.com (academic.oup.com)|173.254.190.144|:443... connected.
HTTP request sent, awaiting response... 200 OK
Length: 108145 (106K) [text/html]
Saving to: ‘j.1468-2346.2010.00877.x’

     0K .......... .......... .......... .......... .......... 47%  308K 0s
    50K .......... .......... .......... .......... .......... 94%  312K 0s
   100K .....                                                 100% 13.8M=0.3s

2017-02-02 21:34:06 (327 KB/s) - ‘j.1468-2346.2010.00877.x’ saved [108145/108145]

--2017-02-02 21:34:07--  http://doi.org/10.1111/j.1468-2346.2010.00871.x
Connecting to doi.org (doi.org)|208.254.38.90|:80... connected.
HTTP request sent, awaiting response... 303 See Other
Location: https://academic.oup.com/ia/article-lookup/doi/10.1111/j.1468-2346.2010.00871.x [following]
--2017-02-02 21:34:08--  https://academic.oup.com/ia/article-lookup/doi/10.1111/j.1468-2346.2010.00871.x
Connecting to academic.oup.com (academic.oup.com)|173.254.190.144|:443... connected.
HTTP request sent, awaiting response... 200 OK
Length: 108395 (106K) [text/html]
Saving to: ‘j.1468-2346.2010.00871.x’

     0K .......... .......... .......... .......... .......... 47%  209K 0s
    50K .......... .......... .......... .......... .......... 94%  605K 0s
   100K .....                                                 100% 11167G=0.3s

2017-02-02 21:34:29 (329 KB/s) - ‘j.1468-2346.2010.00871.x’ saved [108395/108395]

--2017-02-02 21:34:30--  http://doi.org/10.1111/j.1468-2346.2010.00881.x
Connecting to doi.org (doi.org)|208.254.38.90|:80... connected.
HTTP request sent, awaiting response... 303 See Other
Location: https://academic.oup.com/ia/article-lookup/doi/10.1111/j.1468-2346.2010.00881.x [following]
--2017-02-02 21:34:31--  https://academic.oup.com/ia/article-lookup/doi/10.1111/j.1468-2346.2010.00881.x
Connecting to academic.oup.com (academic.oup.com)|173.254.190.144|:443... connected.
HTTP request sent, awaiting response... 400 Bad Request
2017-02-02 21:34:31 ERROR 400: Bad Request.

--2017-02-02 21:34:32--  http://doi.org/10.1111/j.1468-2346.2010.00872.x
Connecting to doi.org (doi.org)|208.254.38.90|:80... connected.
HTTP request sent, awaiting response... 303 See Other
Location: https://academic.oup.com/ia/article-lookup/doi/10.1111/j.1468-2346.2010.00872.x [following]
--2017-02-02 21:34:34--  https://academic.oup.com/ia/article-lookup/doi/10.1111/j.1468-2346.2010.00872.x
Connecting to academic.oup.com (academic.oup.com)|173.254.190.144|:443... connected.
HTTP request sent, awaiting response... 200 OK
Length: 105963 (103K) [text/html]
Saving to: ‘j.1468-2346.2010.00872.x’

     0K .......... .......... .......... .......... .......... 48%  209K 0s
    50K .......... .......... .......... .......... .......... 96%  612K 0s
   100K ...                                                   100% 6637G=0.3s

2017-02-02 21:34:42 (322 KB/s) - ‘j.1468-2346.2010.00872.x’ saved [105963/105963]

--2017-02-02 21:34:43--  http://doi.org/10.1111/j.1468-2346.2010.00880.x
Connecting to doi.org (doi.org)|208.254.38.90|:80... connected.
HTTP request sent, awaiting response... 303 See Other
Location: https://academic.oup.com/ia/article-lookup/doi/10.1111/j.1468-2346.2010.00880.x [following]
--2017-02-02 21:34:44--  https://academic.oup.com/ia/article-lookup/doi/10.1111/j.1468-2346.2010.00880.x
Connecting to academic.oup.com (academic.oup.com)|173.254.190.144|:443... connected.
HTTP request sent, awaiting response... 200 OK
Length: 70515 (69K) [text/html]
Saving to: ‘j.1468-2346.2010.00880.x’

     0K .......... .......... .......... .......... .......... 72%  208K 0s
    50K .......... ........                                   100% 16.0M=0.2s

2017-02-02 21:34:48 (286 KB/s) - ‘j.1468-2346.2010.00880.x’ saved [70515/70515]

--2017-02-02 21:34:49--  http://doi.org/10.1111/j.1468-2346.2010.00875.x
Connecting to doi.org (doi.org)|208.254.38.90|:80... connected.
HTTP request sent, awaiting response... 303 See Other
Location: https://academic.oup.com/ia/article-lookup/doi/10.1111/j.1468-2346.2010.00875.x [following]
--2017-02-02 21:34:50--  https://academic.oup.com/ia/article-lookup/doi/10.1111/j.1468-2346.2010.00875.x
Connecting to academic.oup.com (academic.oup.com)|173.254.190.144|:443... connected.
HTTP request sent, awaiting response... 200 OK
Length: 88901 (87K) [text/html]
Saving to: ‘j.1468-2346.2010.00875.x’

     0K .......... .......... .......... .......... .......... 57%  209K 0s
    50K .......... .......... .......... ......               100% 8.81M=0.2s

2017-02-02 21:34:59 (357 KB/s) - ‘j.1468-2346.2010.00875.x’ saved [88901/88901]

--2017-02-02 21:35:00--  http://doi.org/10.1111/j.1468-2346.2010.00869.x
Connecting to doi.org (doi.org)|208.254.38.90|:80... connected.
HTTP request sent, awaiting response... 303 See Other
Location: https://academic.oup.com/ia/article-lookup/doi/10.1111/j.1468-2346.2010.00869.x [following]
--2017-02-02 21:35:01--  https://academic.oup.com/ia/article-lookup/doi/10.1111/j.1468-2346.2010.00869.x
Connecting to academic.oup.com (academic.oup.com)|173.254.190.144|:443... connected.
HTTP request sent, awaiting response... 200 OK
Length: 110505 (108K) [text/html]
Saving to: ‘j.1468-2346.2010.00869.x’

     0K .......... .......... .......... .......... .......... 46%  207K 0s
    50K .......... .......... .......... .......... .......... 92%  608K 0s
   100K .......                                               100% 24.0M=0.3s

2017-02-02 21:35:09 (332 KB/s) - ‘j.1468-2346.2010.00869.x’ saved [110505/110505]

--2017-02-02 21:35:10--  http://doi.org/10.1111/j.1468-2346.2010.00870.x
Connecting to doi.org (doi.org)|208.254.38.90|:80... connected.
HTTP request sent, awaiting response... 303 See Other
Location: https://academic.oup.com/ia/article-lookup/doi/10.1111/j.1468-2346.2010.00870.x [following]
--2017-02-02 21:35:11--  https://academic.oup.com/ia/article-lookup/doi/10.1111/j.1468-2346.2010.00870.x
Connecting to academic.oup.com (academic.oup.com)|173.254.190.144|:443... connected.
HTTP request sent, awaiting response... 400 Bad Request
2017-02-02 21:35:11 ERROR 400: Bad Request.

--2017-02-02 21:35:12--  http://doi.org/10.1111/j.1468-2346.2010.00865.x
Connecting to doi.org (doi.org)|208.254.38.90|:80... connected.
HTTP request sent, awaiting response... 303 See Other
Location: https://academic.oup.com/ia/article-lookup/doi/10.1111/j.1468-2346.2010.00865.x [following]
--2017-02-02 21:35:14--  https://academic.oup.com/ia/article-lookup/doi/10.1111/j.1468-2346.2010.00865.x
Connecting to academic.oup.com (academic.oup.com)|173.254.190.144|:443... connected.
HTTP request sent, awaiting response... 200 OK
Length: 70219 (69K) [text/html]
Saving to: ‘j.1468-2346.2010.00865.x’

     0K .......... .......... .......... .......... .......... 72%  208K 0s
    50K .......... ........                                   100% 1.66M=0.3s

2017-02-02 21:35:17 (273 KB/s) - ‘j.1468-2346.2010.00865.x’ saved [70219/70219]

--2017-02-02 21:35:18--  http://doi.org/10.1111/inta.2009.85.issue-6
Connecting to doi.org (doi.org)|208.254.38.90|:80... connected.
HTTP request sent, awaiting response... 303 See Other
Location: http://doi.wiley.com/10.1111/inta.2009.85.issue-6 [following]
--2017-02-02 21:35:20--  http://doi.wiley.com/10.1111/inta.2009.85.issue-6
Connecting to doi.wiley.com (doi.wiley.com)|199.171.202.200|:80... connected.
HTTP request sent, awaiting response... 302 Moved Temporarily
Location: http://onlinelibrary.wiley.com/resolve/doi?DOI=10.1111/inta.2009.85.issue-6 [following]
--2017-02-02 21:35:21--  http://onlinelibrary.wiley.com/resolve/doi?DOI=10.1111/inta.2009.85.issue-6
Connecting to onlinelibrary.wiley.com (onlinelibrary.wiley.com)|199.171.202.195|:80... connected.
HTTP request sent, awaiting response... 302 Found
Location: http://onlinelibrary.wiley.com/doi/10.1111/inta.2009.85.issue-6/issuetoc [following]
--2017-02-02 21:35:22--  http://onlinelibrary.wiley.com/doi/10.1111/inta.2009.85.issue-6/issuetoc
Connecting to onlinelibrary.wiley.com (onlinelibrary.wiley.com)|199.171.202.195|:80... connected.
HTTP request sent, awaiting response... 200 OK
Length: unspecified [text/html]
Saving to: ‘inta.2009.85.issue-6’

     0K .......... .......... .......... .......... ..........  184K
    50K .......... ..                                           144K=0.4s

2017-02-02 21:35:23 (174 KB/s) - ‘inta.2009.85.issue-6’ saved [64280]

--2017-02-02 21:35:24--  http://doi.org/10.1111/j.1468-2346.2009.00860.x
Connecting to doi.org (doi.org)|208.254.38.90|:80... connected.
HTTP request sent, awaiting response... 303 See Other
Location: https://academic.oup.com/ia/article-lookup/doi/10.1111/j.1468-2346.2009.00860.x [following]
--2017-02-02 21:35:25--  https://academic.oup.com/ia/article-lookup/doi/10.1111/j.1468-2346.2009.00860.x
Connecting to academic.oup.com (academic.oup.com)|173.254.190.144|:443... connected.
HTTP request sent, awaiting response... 200 OK
Length: 178127 (174K) [text/html]
Saving to: ‘j.1468-2346.2009.00860.x’

     0K .......... .......... .......... .......... .......... 28%  209K 1s
    50K .......... .......... .......... .......... .......... 57%  602K 0s
   100K .......... .......... .......... .......... .......... 86%  601K 0s
   150K .......... .......... ...                             100% 92.7K=0.7s

2017-02-02 21:35:30 (262 KB/s) - ‘j.1468-2346.2009.00860.x’ saved [178127/178127]

--2017-02-02 21:35:31--  http://doi.org/10.1111/j.1468-2346.2009.00852.x
Connecting to doi.org (doi.org)|208.254.38.90|:80... connected.
HTTP request sent, awaiting response... 303 See Other
Location: https://academic.oup.com/ia/article-lookup/doi/10.1111/j.1468-2346.2009.00852.x [following]
--2017-02-02 21:35:32--  https://academic.oup.com/ia/article-lookup/doi/10.1111/j.1468-2346.2009.00852.x
Connecting to academic.oup.com (academic.oup.com)|173.254.190.144|:443... connected.
HTTP request sent, awaiting response... 200 OK
Length: 92439 (90K) [text/html]
Saving to: ‘j.1468-2346.2009.00852.x’

     0K .......... .......... .......... .......... .......... 55%  209K 0s
    50K .......... .......... .......... ..........           100%  956K=0.3s

2017-02-02 21:35:41 (320 KB/s) - ‘j.1468-2346.2009.00852.x’ saved [92439/92439]

--2017-02-02 21:35:42--  http://doi.org/10.1111/j.1468-2346.2009.00861.x
Connecting to doi.org (doi.org)|208.254.38.90|:80... connected.
HTTP request sent, awaiting response... 303 See Other
Location: https://academic.oup.com/ia/article-lookup/doi/10.1111/j.1468-2346.2009.00861.x [following]
--2017-02-02 21:35:44--  https://academic.oup.com/ia/article-lookup/doi/10.1111/j.1468-2346.2009.00861.x
Connecting to academic.oup.com (academic.oup.com)|173.254.190.144|:443... connected.
HTTP request sent, awaiting response... 200 OK
Length: 69960 (68K) [text/html]
Saving to: ‘j.1468-2346.2009.00861.x’

     0K .......... .......... .......... .......... .......... 73%  306K 0s
    50K .......... ........                                   100%  223K=0.2s

2017-02-02 21:35:48 (278 KB/s) - ‘j.1468-2346.2009.00861.x’ saved [69960/69960]

--2017-02-02 21:35:49--  http://doi.org/10.1111/j.1468-2346.2009.00849.x
Connecting to doi.org (doi.org)|208.254.38.90|:80... connected.
HTTP request sent, awaiting response... 303 See Other
Location: https://academic.oup.com/ia/article-lookup/doi/10.1111/j.1468-2346.2009.00849.x [following]
--2017-02-02 21:35:50--  https://academic.oup.com/ia/article-lookup/doi/10.1111/j.1468-2346.2009.00849.x
Connecting to academic.oup.com (academic.oup.com)|173.254.190.144|:443... connected.
HTTP request sent, awaiting response... 200 OK
Length: 69811 (68K) [text/html]
Saving to: ‘j.1468-2346.2009.00849.x’

     0K .......... .......... .......... .......... .......... 73%  307K 0s
    50K .......... ........                                   100%  231K=0.2s

2017-02-02 21:36:00 (282 KB/s) - ‘j.1468-2346.2009.00849.x’ saved [69811/69811]

--2017-02-02 21:36:01--  http://doi.org/10.1111/j.1468-2346.2009.00854.x
Connecting to doi.org (doi.org)|208.254.38.90|:80... connected.
HTTP request sent, awaiting response... 303 See Other
Location: https://academic.oup.com/ia/article-lookup/doi/10.1111/j.1468-2346.2009.00854.x [following]
--2017-02-02 21:36:03--  https://academic.oup.com/ia/article-lookup/doi/10.1111/j.1468-2346.2009.00854.x
Connecting to academic.oup.com (academic.oup.com)|173.254.190.144|:443... connected.
HTTP request sent, awaiting response... 200 OK
Length: 84787 (83K) [text/html]
Saving to: ‘j.1468-2346.2009.00854.x’

     0K .......... .......... .......... .......... .......... 60%  207K 0s
    50K .......... .......... .......... ..                   100% 10.6M=0.2s

2017-02-02 21:36:09 (338 KB/s) - ‘j.1468-2346.2009.00854.x’ saved [84787/84787]

--2017-02-02 21:36:10--  http://doi.org/10.1111/j.1468-2346.2009.00858.x
Connecting to doi.org (doi.org)|208.254.38.90|:80... connected.
HTTP request sent, awaiting response... 303 See Other
Location: https://academic.oup.com/ia/article-lookup/doi/10.1111/j.1468-2346.2009.00858.x [following]
--2017-02-02 21:36:11--  https://academic.oup.com/ia/article-lookup/doi/10.1111/j.1468-2346.2009.00858.x
Connecting to academic.oup.com (academic.oup.com)|173.254.190.144|:443... connected.
HTTP request sent, awaiting response... 200 OK
Length: 94317 (92K) [text/html]
Saving to: ‘j.1468-2346.2009.00858.x’

     0K .......... .......... .......... .......... .......... 54%  209K 0s
    50K .......... .......... .......... .......... ..        100%  527K=0.3s

2017-02-02 21:36:15 (289 KB/s) - ‘j.1468-2346.2009.00858.x’ saved [94317/94317]

--2017-02-02 21:36:16--  http://doi.org/10.1111/j.1468-2346.2009.00851.x
Connecting to doi.org (doi.org)|208.254.38.90|:80... connected.
HTTP request sent, awaiting response... 303 See Other
Location: https://academic.oup.com/ia/article-lookup/doi/10.1111/j.1468-2346.2009.00851.x [following]
--2017-02-02 21:36:18--  https://academic.oup.com/ia/article-lookup/doi/10.1111/j.1468-2346.2009.00851.x
Connecting to academic.oup.com (academic.oup.com)|173.254.190.144|:443... connected.
HTTP request sent, awaiting response... 400 Bad Request
2017-02-02 21:36:18 ERROR 400: Bad Request.

--2017-02-02 21:36:19--  http://doi.org/10.1111/j.1468-2346.2009.00857.x
Connecting to doi.org (doi.org)|208.254.38.90|:80... connected.
HTTP request sent, awaiting response... 303 See Other
Location: https://academic.oup.com/ia/article-lookup/doi/10.1111/j.1468-2346.2009.00857.x [following]
--2017-02-02 21:36:21--  https://academic.oup.com/ia/article-lookup/doi/10.1111/j.1468-2346.2009.00857.x
Connecting to academic.oup.com (academic.oup.com)|173.254.190.144|:443... connected.
HTTP request sent, awaiting response... 200 OK
Length: 102033 (100K) [text/html]
Saving to: ‘j.1468-2346.2009.00857.x’

     0K .......... .......... .......... .......... .......... 50%  209K 0s
    50K .......... .......... .......... .......... ......... 100%  606K=0.3s

2017-02-02 21:36:30 (310 KB/s) - ‘j.1468-2346.2009.00857.x’ saved [102033/102033]

--2017-02-02 21:36:31--  http://doi.org/10.1111/j.1468-2346.2009.00859.x
Connecting to doi.org (doi.org)|208.254.38.90|:80... connected.
HTTP request sent, awaiting response... 303 See Other
Location: https://academic.oup.com/ia/article-lookup/doi/10.1111/j.1468-2346.2009.00859.x [following]
--2017-02-02 21:36:32--  https://academic.oup.com/ia/article-lookup/doi/10.1111/j.1468-2346.2009.00859.x
Connecting to academic.oup.com (academic.oup.com)|173.254.190.144|:443... connected.
HTTP request sent, awaiting response... 200 OK
Length: 90960 (89K) [text/html]
Saving to: ‘j.1468-2346.2009.00859.x’

     0K .......... .......... .......... .......... .......... 56%  209K 0s
    50K .......... .......... .......... ........             100% 9.68M=0.2s

2017-02-02 21:36:43 (365 KB/s) - ‘j.1468-2346.2009.00859.x’ saved [90960/90960]

--2017-02-02 21:36:44--  http://doi.org/10.1111/j.1468-2346.2009.00853.x
Connecting to doi.org (doi.org)|208.254.38.90|:80... connected.
HTTP request sent, awaiting response... 303 See Other
Location: https://academic.oup.com/ia/article-lookup/doi/10.1111/j.1468-2346.2009.00853.x [following]
--2017-02-02 21:36:45--  https://academic.oup.com/ia/article-lookup/doi/10.1111/j.1468-2346.2009.00853.x
Connecting to academic.oup.com (academic.oup.com)|173.254.190.144|:443... connected.
HTTP request sent, awaiting response... 200 OK
Length: 91917 (90K) [text/html]
Saving to: ‘j.1468-2346.2009.00853.x’

     0K .......... .......... .......... .......... .......... 55%  209K 0s
    50K .......... .......... .......... .........            100% 4.96M=0.2s

2017-02-02 21:36:53 (363 KB/s) - ‘j.1468-2346.2009.00853.x’ saved [91917/91917]

--2017-02-02 21:36:54--  http://doi.org/10.1111/j.1468-2346.2009.00856.x
Connecting to doi.org (doi.org)|208.254.38.90|:80... connected.
HTTP request sent, awaiting response... 303 See Other
Location: https://academic.oup.com/ia/article-lookup/doi/10.1111/j.1468-2346.2009.00856.x [following]
--2017-02-02 21:36:55--  https://academic.oup.com/ia/article-lookup/doi/10.1111/j.1468-2346.2009.00856.x
Connecting to academic.oup.com (academic.oup.com)|173.254.190.144|:443... connected.
HTTP request sent, awaiting response... 200 OK
Length: 120631 (118K) [text/html]
Saving to: ‘j.1468-2346.2009.00856.x’

     0K .......... .......... .......... .......... .......... 42%  209K 0s
    50K .......... .......... .......... .......... .......... 84%  603K 0s
   100K .......... .......                                    100% 23.8M=0.3s

2017-02-02 21:37:00 (365 KB/s) - ‘j.1468-2346.2009.00856.x’ saved [120631/120631]

--2017-02-02 21:37:01--  http://doi.org/10.1111/j.1468-2346.2009.00863.x
Connecting to doi.org (doi.org)|208.254.38.90|:80... connected.
HTTP request sent, awaiting response... 303 See Other
Location: https://academic.oup.com/ia/article-lookup/doi/10.1111/j.1468-2346.2009.00863.x [following]
--2017-02-02 21:37:02--  https://academic.oup.com/ia/article-lookup/doi/10.1111/j.1468-2346.2009.00863.x
Connecting to academic.oup.com (academic.oup.com)|173.254.190.144|:443... connected.
HTTP request sent, awaiting response... 200 OK
Length: 85050 (83K) [text/html]
Saving to: ‘j.1468-2346.2009.00863.x’

     0K .......... .......... .......... .......... .......... 60%  209K 0s
    50K .......... .......... .......... ...                  100% 13.4M=0.2s

2017-02-02 21:37:07 (344 KB/s) - ‘j.1468-2346.2009.00863.x’ saved [85050/85050]

--2017-02-02 21:37:08--  http://doi.org/10.1111/j.1468-2346.2009.00855.x
Connecting to doi.org (doi.org)|208.254.38.90|:80... connected.
HTTP request sent, awaiting response... 303 See Other
Location: https://academic.oup.com/ia/article-lookup/doi/10.1111/j.1468-2346.2009.00855.x [following]
--2017-02-02 21:37:10--  https://academic.oup.com/ia/article-lookup/doi/10.1111/j.1468-2346.2009.00855.x
Connecting to academic.oup.com (academic.oup.com)|173.254.190.144|:443... connected.
HTTP request sent, awaiting response... 200 OK
Length: 98404 (96K) [text/html]
Saving to: ‘j.1468-2346.2009.00855.x’

     0K .......... .......... .......... .......... .......... 52%  209K 0s
    50K .......... .......... .......... .......... ......    100%  567K=0.3s

2017-02-02 21:37:14 (300 KB/s) - ‘j.1468-2346.2009.00855.x’ saved [98404/98404]

--2017-02-02 21:37:15--  http://doi.org/10.1111/j.1468-2346.2009.00862.x
Connecting to doi.org (doi.org)|208.254.38.90|:80... connected.
HTTP request sent, awaiting response... 303 See Other
Location: https://academic.oup.com/ia/article-lookup/doi/10.1111/j.1468-2346.2009.00862.x [following]
--2017-02-02 21:37:16--  https://academic.oup.com/ia/article-lookup/doi/10.1111/j.1468-2346.2009.00862.x
Connecting to academic.oup.com (academic.oup.com)|173.254.190.144|:443... connected.
HTTP request sent, awaiting response... 200 OK
Length: 70062 (68K) [text/html]
Saving to: ‘j.1468-2346.2009.00862.x’

     0K .......... .......... .......... .......... .......... 73%  208K 0s
    50K .......... ........                                   100% 14.0M=0.2s

2017-02-02 21:37:21 (283 KB/s) - ‘j.1468-2346.2009.00862.x’ saved [70062/70062]

--2017-02-02 21:37:22--  http://doi.org/10.1111/j.1468-2346.2009.00850.x
Connecting to doi.org (doi.org)|208.254.38.90|:80... connected.
HTTP request sent, awaiting response... 303 See Other
Location: https://academic.oup.com/ia/article-lookup/doi/10.1111/j.1468-2346.2009.00850.x [following]
--2017-02-02 21:37:24--  https://academic.oup.com/ia/article-lookup/doi/10.1111/j.1468-2346.2009.00850.x
Connecting to academic.oup.com (academic.oup.com)|173.254.190.144|:443... connected.
HTTP request sent, awaiting response... 200 OK
Length: 84628 (83K) [text/html]
Saving to: ‘j.1468-2346.2009.00850.x’

     0K .......... .......... .......... .......... .......... 60%  209K 0s
    50K .......... .......... .......... ..                   100% 10.6M=0.2s

2017-02-02 21:37:28 (341 KB/s) - ‘j.1468-2346.2009.00850.x’ saved [84628/84628]

--2017-02-02 21:37:29--  http://doi.org/10.1111/inta.2009.85.issue-5
Connecting to doi.org (doi.org)|208.254.38.90|:80... connected.
HTTP request sent, awaiting response... 303 See Other
Location: http://doi.wiley.com/10.1111/inta.2009.85.issue-5 [following]
--2017-02-02 21:37:30--  http://doi.wiley.com/10.1111/inta.2009.85.issue-5
Connecting to doi.wiley.com (doi.wiley.com)|199.171.202.200|:80... connected.
HTTP request sent, awaiting response... 302 Moved Temporarily
Location: http://onlinelibrary.wiley.com/resolve/doi?DOI=10.1111/inta.2009.85.issue-5 [following]
--2017-02-02 21:37:31--  http://onlinelibrary.wiley.com/resolve/doi?DOI=10.1111/inta.2009.85.issue-5
Connecting to onlinelibrary.wiley.com (onlinelibrary.wiley.com)|199.171.202.195|:80... connected.
HTTP request sent, awaiting response... 302 Found
Location: http://onlinelibrary.wiley.com/doi/10.1111/inta.2009.85.issue-5/issuetoc [following]
--2017-02-02 21:37:32--  http://onlinelibrary.wiley.com/doi/10.1111/inta.2009.85.issue-5/issuetoc
Connecting to onlinelibrary.wiley.com (onlinelibrary.wiley.com)|199.171.202.195|:80... connected.
HTTP request sent, awaiting response... 200 OK
Length: unspecified [text/html]
Saving to: ‘inta.2009.85.issue-5’

     0K .......... .......... .......... .......... ..........  193K
    50K ........                                               12.6M=0.3s

2017-02-02 21:37:33 (225 KB/s) - ‘inta.2009.85.issue-5’ saved [59836]

--2017-02-02 21:37:34--  http://doi.org/10.1111/j.1468-2346.2009.00839.x
Connecting to doi.org (doi.org)|208.254.38.90|:80... connected.
HTTP request sent, awaiting response... 303 See Other
Location: https://academic.oup.com/ia/article-lookup/doi/10.1111/j.1468-2346.2009.00839.x [following]
--2017-02-02 21:37:35--  https://academic.oup.com/ia/article-lookup/doi/10.1111/j.1468-2346.2009.00839.x
Connecting to academic.oup.com (academic.oup.com)|173.254.190.144|:443... connected.
HTTP request sent, awaiting response... 400 Bad Request
2017-02-02 21:37:36 ERROR 400: Bad Request.

--2017-02-02 21:37:37--  http://doi.org/10.1111/j.1468-2346.2009.00844.x
Connecting to doi.org (doi.org)|208.254.38.90|:80... connected.
HTTP request sent, awaiting response... 303 See Other
Location: https://academic.oup.com/ia/article-lookup/doi/10.1111/j.1468-2346.2009.00844.x [following]
--2017-02-02 21:37:38--  https://academic.oup.com/ia/article-lookup/doi/10.1111/j.1468-2346.2009.00844.x
Connecting to academic.oup.com (academic.oup.com)|173.254.190.144|:443... connected.
HTTP request sent, awaiting response... 200 OK
Length: 91778 (90K) [text/html]
Saving to: ‘j.1468-2346.2009.00844.x’

     0K .......... .......... .......... .......... .......... 55%  209K 0s
    50K .......... .......... .......... .........            100%  499K=0.3s

2017-02-02 21:37:48 (281 KB/s) - ‘j.1468-2346.2009.00844.x’ saved [91778/91778]

--2017-02-02 21:37:49--  http://doi.org/10.1111/j.1468-2346.2009.00847.x
Connecting to doi.org (doi.org)|208.254.38.90|:80... connected.
HTTP request sent, awaiting response... 303 See Other
Location: https://academic.oup.com/ia/article-lookup/doi/10.1111/j.1468-2346.2009.00847.x [following]
--2017-02-02 21:37:50--  https://academic.oup.com/ia/article-lookup/doi/10.1111/j.1468-2346.2009.00847.x
Connecting to academic.oup.com (academic.oup.com)|173.254.190.144|:443... connected.
HTTP request sent, awaiting response... 200 OK
Length: 70543 (69K) [text/html]
Saving to: ‘j.1468-2346.2009.00847.x’

     0K .......... .......... .......... .......... .......... 72%  207K 0s
    50K .......... ........                                   100% 14.6M=0.2s

2017-02-02 21:37:54 (284 KB/s) - ‘j.1468-2346.2009.00847.x’ saved [70543/70543]

--2017-02-02 21:37:55--  http://doi.org/10.1111/j.1468-2346.2009.00842.x
Connecting to doi.org (doi.org)|208.254.38.90|:80... connected.
HTTP request sent, awaiting response... 303 See Other
Location: https://academic.oup.com/ia/article-lookup/doi/10.1111/j.1468-2346.2009.00842.x [following]
--2017-02-02 21:37:56--  https://academic.oup.com/ia/article-lookup/doi/10.1111/j.1468-2346.2009.00842.x
Connecting to academic.oup.com (academic.oup.com)|173.254.190.144|:443... connected.
HTTP request sent, awaiting response... 200 OK
Length: 106154 (104K) [text/html]
Saving to: ‘j.1468-2346.2009.00842.x’

     0K .......... .......... .......... .......... .......... 48%  209K 0s
    50K .......... .......... .......... .......... .......... 96%  614K 0s
   100K ...                                                   100% 12.5M=0.3s

2017-02-02 21:38:00 (323 KB/s) - ‘j.1468-2346.2009.00842.x’ saved [106154/106154]

--2017-02-02 21:38:01--  http://doi.org/10.1111/j.1468-2346.2009.00845.x
Connecting to doi.org (doi.org)|208.254.38.90|:80... connected.
HTTP request sent, awaiting response... 303 See Other
Location: https://academic.oup.com/ia/article-lookup/doi/10.1111/j.1468-2346.2009.00845.x [following]
--2017-02-02 21:38:02--  https://academic.oup.com/ia/article-lookup/doi/10.1111/j.1468-2346.2009.00845.x
Connecting to academic.oup.com (academic.oup.com)|173.254.190.144|:443... connected.
HTTP request sent, awaiting response... 200 OK
Length: 103738 (101K) [text/html]
Saving to: ‘j.1468-2346.2009.00845.x’

     0K .......... .......... .......... .......... .......... 49%  208K 0s
    50K .......... .......... .......... .......... .......... 98%  601K 0s
   100K .                                                     100% 2492G=0.3s

2017-02-02 21:38:13 (313 KB/s) - ‘j.1468-2346.2009.00845.x’ saved [103738/103738]

--2017-02-02 21:38:14--  http://doi.org/10.1111/j.1468-2346.2009.00841.x
Connecting to doi.org (doi.org)|208.254.38.90|:80... connected.
HTTP request sent, awaiting response... 303 See Other
Location: https://academic.oup.com/ia/article-lookup/doi/10.1111/j.1468-2346.2009.00841.x [following]
--2017-02-02 21:38:15--  https://academic.oup.com/ia/article-lookup/doi/10.1111/j.1468-2346.2009.00841.x
Connecting to academic.oup.com (academic.oup.com)|173.254.190.144|:443... connected.
HTTP request sent, awaiting response... 400 Bad Request
2017-02-02 21:38:16 ERROR 400: Bad Request.

--2017-02-02 21:38:17--  http://doi.org/10.1111/j.1468-2346.2009.00843.x
Connecting to doi.org (doi.org)|208.254.38.90|:80... connected.
HTTP request sent, awaiting response... 303 See Other
Location: https://academic.oup.com/ia/article-lookup/doi/10.1111/j.1468-2346.2009.00843.x [following]
--2017-02-02 21:38:18--  https://academic.oup.com/ia/article-lookup/doi/10.1111/j.1468-2346.2009.00843.x
Connecting to academic.oup.com (academic.oup.com)|173.254.190.144|:443... connected.
HTTP request sent, awaiting response... 200 OK
Length: 101444 (99K) [text/html]
Saving to: ‘j.1468-2346.2009.00843.x’

     0K .......... .......... .......... .......... .......... 50%  208K 0s
    50K .......... .......... .......... .......... ......... 100%  602K=0.3s

2017-02-02 21:38:26 (308 KB/s) - ‘j.1468-2346.2009.00843.x’ saved [101444/101444]

--2017-02-02 21:38:27--  http://doi.org/10.1111/j.1468-2346.2009.00836.x
Connecting to doi.org (doi.org)|208.254.38.90|:80... connected.
HTTP request sent, awaiting response... 303 See Other
Location: https://academic.oup.com/ia/article-lookup/doi/10.1111/j.1468-2346.2009.00836.x [following]
--2017-02-02 21:38:28--  https://academic.oup.com/ia/article-lookup/doi/10.1111/j.1468-2346.2009.00836.x
Connecting to academic.oup.com (academic.oup.com)|173.254.190.144|:443... connected.
HTTP request sent, awaiting response... 200 OK
Length: 70380 (69K) [text/html]
Saving to: ‘j.1468-2346.2009.00836.x’

     0K .......... .......... .......... .......... .......... 72%  209K 0s
    50K .......... ........                                   100% 12.1M=0.2s

2017-02-02 21:38:33 (285 KB/s) - ‘j.1468-2346.2009.00836.x’ saved [70380/70380]

--2017-02-02 21:38:34--  http://doi.org/10.1111/j.1468-2346.2009.00837.x
Connecting to doi.org (doi.org)|208.254.38.90|:80... connected.
HTTP request sent, awaiting response... 303 See Other
Location: https://academic.oup.com/ia/article-lookup/doi/10.1111/j.1468-2346.2009.00837.x [following]
--2017-02-02 21:38:35--  https://academic.oup.com/ia/article-lookup/doi/10.1111/j.1468-2346.2009.00837.x
Connecting to academic.oup.com (academic.oup.com)|173.254.190.144|:443... connected.
HTTP request sent, awaiting response... 200 OK
Length: 70249 (69K) [text/html]
Saving to: ‘j.1468-2346.2009.00837.x’

     0K .......... .......... .......... .......... .......... 72%  207K 0s
    50K .......... ........                                   100% 13.8M=0.2s

2017-02-02 21:38:45 (283 KB/s) - ‘j.1468-2346.2009.00837.x’ saved [70249/70249]

--2017-02-02 21:38:46--  http://doi.org/10.1111/j.1468-2346.2009.00848.x
Connecting to doi.org (doi.org)|208.254.38.90|:80... connected.
HTTP request sent, awaiting response... 303 See Other
Location: https://academic.oup.com/ia/article-lookup/doi/10.1111/j.1468-2346.2009.00848.x [following]
--2017-02-02 21:38:47--  https://academic.oup.com/ia/article-lookup/doi/10.1111/j.1468-2346.2009.00848.x
Connecting to academic.oup.com (academic.oup.com)|173.254.190.144|:443... connected.
HTTP request sent, awaiting response... 200 OK
Length: 70629 (69K) [text/html]
Saving to: ‘j.1468-2346.2009.00848.x’

     0K .......... .......... .......... .......... .......... 72%  209K 0s
    50K .......... ........                                   100% 10.9M=0.2s

2017-02-02 21:38:51 (286 KB/s) - ‘j.1468-2346.2009.00848.x’ saved [70629/70629]

--2017-02-02 21:38:52--  http://doi.org/10.1111/j.1468-2346.2009.00838.x
Connecting to doi.org (doi.org)|208.254.38.90|:80... connected.
HTTP request sent, awaiting response... 303 See Other
Location: https://academic.oup.com/ia/article-lookup/doi/10.1111/j.1468-2346.2009.00838.x [following]
--2017-02-02 21:38:53--  https://academic.oup.com/ia/article-lookup/doi/10.1111/j.1468-2346.2009.00838.x
Connecting to academic.oup.com (academic.oup.com)|173.254.190.144|:443... connected.
HTTP request sent, awaiting response... 200 OK
Length: 94062 (92K) [text/html]
Saving to: ‘j.1468-2346.2009.00838.x’

     0K .......... .......... .......... .......... .......... 54%  209K 0s
    50K .......... .......... .......... .......... .         100%  524K=0.3s

2017-02-02 21:39:05 (288 KB/s) - ‘j.1468-2346.2009.00838.x’ saved [94062/94062]

--2017-02-02 21:39:06--  http://doi.org/10.1111/j.1468-2346.2009.00840.x
Connecting to doi.org (doi.org)|208.254.38.90|:80... connected.
HTTP request sent, awaiting response... 303 See Other
Location: https://academic.oup.com/ia/article-lookup/doi/10.1111/j.1468-2346.2009.00840.x [following]
--2017-02-02 21:39:07--  https://academic.oup.com/ia/article-lookup/doi/10.1111/j.1468-2346.2009.00840.x
Connecting to academic.oup.com (academic.oup.com)|173.254.190.144|:443... connected.
HTTP request sent, awaiting response... 200 OK
Length: 99864 (98K) [text/html]
Saving to: ‘j.1468-2346.2009.00840.x’

     0K .......... .......... .......... .......... .......... 51%  209K 0s
    50K .......... .......... .......... .......... .......   100%  584K=0.3s

2017-02-02 21:39:14 (304 KB/s) - ‘j.1468-2346.2009.00840.x’ saved [99864/99864]

--2017-02-02 21:39:15--  http://doi.org/10.1111/j.1468-2346.2009.00846.x
Connecting to doi.org (doi.org)|208.254.38.90|:80... connected.
HTTP request sent, awaiting response... 303 See Other
Location: https://academic.oup.com/ia/article-lookup/doi/10.1111/j.1468-2346.2009.00846.x [following]
--2017-02-02 21:39:16--  https://academic.oup.com/ia/article-lookup/doi/10.1111/j.1468-2346.2009.00846.x
Connecting to academic.oup.com (academic.oup.com)|173.254.190.144|:443... connected.
HTTP request sent, awaiting response... 200 OK
Length: 175909 (172K) [text/html]
Saving to: ‘j.1468-2346.2009.00846.x’

     0K .......... .......... .......... .......... .......... 29%  207K 1s
    50K .......... .......... .......... .......... .......... 58%  611K 0s
   100K .......... .......... .......... .......... .......... 87%  574K 0s
   150K .......... .......... .                               100%  294K=0.5s

2017-02-02 21:39:22 (354 KB/s) - ‘j.1468-2346.2009.00846.x’ saved [175909/175909]

--2017-02-02 21:39:23--  http://doi.org/10.1111/inta.2009.85.issue-4
Connecting to doi.org (doi.org)|208.254.38.90|:80... connected.
HTTP request sent, awaiting response... 303 See Other
Location: http://doi.wiley.com/10.1111/inta.2009.85.issue-4 [following]
--2017-02-02 21:39:24--  http://doi.wiley.com/10.1111/inta.2009.85.issue-4
Connecting to doi.wiley.com (doi.wiley.com)|199.171.202.200|:80... connected.
HTTP request sent, awaiting response... 302 Moved Temporarily
Location: http://onlinelibrary.wiley.com/resolve/doi?DOI=10.1111/inta.2009.85.issue-4 [following]
--2017-02-02 21:39:26--  http://onlinelibrary.wiley.com/resolve/doi?DOI=10.1111/inta.2009.85.issue-4
Connecting to onlinelibrary.wiley.com (onlinelibrary.wiley.com)|199.171.202.195|:80... connected.
HTTP request sent, awaiting response... 302 Found
Location: http://onlinelibrary.wiley.com/doi/10.1111/inta.2009.85.issue-4/issuetoc [following]
--2017-02-02 21:39:27--  http://onlinelibrary.wiley.com/doi/10.1111/inta.2009.85.issue-4/issuetoc
Connecting to onlinelibrary.wiley.com (onlinelibrary.wiley.com)|199.171.202.195|:80... connected.
HTTP request sent, awaiting response... 200 OK
Length: unspecified [text/html]
Saving to: ‘inta.2009.85.issue-4’

     0K .......... .......... .......... .......... ..........  182K
    50K .......... ....                                         172K=0.4s

2017-02-02 21:39:28 (179 KB/s) - ‘inta.2009.85.issue-4’ saved [66108]

--2017-02-02 21:39:29--  http://doi.org/10.1111/j.1468-2346.2009.00834.x
Connecting to doi.org (doi.org)|208.254.38.90|:80... connected.
HTTP request sent, awaiting response... 303 See Other
Location: https://academic.oup.com/ia/article-lookup/doi/10.1111/j.1468-2346.2009.00834.x [following]
--2017-02-02 21:39:30--  https://academic.oup.com/ia/article-lookup/doi/10.1111/j.1468-2346.2009.00834.x
Connecting to academic.oup.com (academic.oup.com)|173.254.190.144|:443... connected.
HTTP request sent, awaiting response... 400 Bad Request
2017-02-02 21:39:31 ERROR 400: Bad Request.

--2017-02-02 21:39:32--  http://doi.org/10.1111/j.1468-2346.2009.00823.x
Connecting to doi.org (doi.org)|208.254.38.90|:80... connected.
HTTP request sent, awaiting response... 303 See Other
Location: https://academic.oup.com/ia/article-lookup/doi/10.1111/j.1468-2346.2009.00823.x [following]
--2017-02-02 21:39:33--  https://academic.oup.com/ia/article-lookup/doi/10.1111/j.1468-2346.2009.00823.x
Connecting to academic.oup.com (academic.oup.com)|173.254.190.144|:443... connected.
HTTP request sent, awaiting response... 400 Bad Request
2017-02-02 21:39:33 ERROR 400: Bad Request.

--2017-02-02 21:39:34--  http://doi.org/10.1111/j.1468-2346.2009.00820.x
Connecting to doi.org (doi.org)|208.254.38.90|:80... connected.
HTTP request sent, awaiting response... 303 See Other
Location: https://academic.oup.com/ia/article-lookup/doi/10.1111/j.1468-2346.2009.00820.x [following]
--2017-02-02 21:39:36--  https://academic.oup.com/ia/article-lookup/doi/10.1111/j.1468-2346.2009.00820.x
Connecting to academic.oup.com (academic.oup.com)|173.254.190.144|:443... connected.
HTTP request sent, awaiting response... 400 Bad Request
2017-02-02 21:39:36 ERROR 400: Bad Request.

FINISHED --2017-02-02 21:39:36--
Total wall clock time: 12m 1s
Downloaded: 84 files, 7.5M in 25s (306 KB/s)
