--2017-02-02 23:08:10--  http://doi.org/10.1093/ije/dyw352
Resolving doi.org (doi.org)... 95.138.171.129, 38.100.138.162, 54.191.229.235, ...
Connecting to doi.org (doi.org)|95.138.171.129|:80... connected.
HTTP request sent, awaiting response... 303 See Other
Location: http://ije.oxfordjournals.org/lookup/doi/10.1093/ije/dyw352 [following]
--2017-02-02 23:08:11--  http://ije.oxfordjournals.org/lookup/doi/10.1093/ije/dyw352
Resolving ije.oxfordjournals.org (ije.oxfordjournals.org)... 209.135.222.209
Connecting to ije.oxfordjournals.org (ije.oxfordjournals.org)|209.135.222.209|:80... connected.
HTTP request sent, awaiting response... 301 Moved Permanently
Cookie coming from ije.oxfordjournals.org attempted to set domain to academic.oup.com
Location: https://academic.oup.com/ije/article/doi/10.1093/ije/dyw352/2960077/Commentary-on-Protect-our-children-The-elephant-in [following]
--2017-02-02 23:08:12--  https://academic.oup.com/ije/article/doi/10.1093/ije/dyw352/2960077/Commentary-on-Protect-our-children-The-elephant-in
Resolving academic.oup.com (academic.oup.com)... 173.254.190.144
Connecting to academic.oup.com (academic.oup.com)|173.254.190.144|:443... connected.
HTTP request sent, awaiting response... 200 OK
Length: 107913 (105K) [text/html]
Saving to: ‘dyw352’

     0K .......... .......... .......... .......... .......... 47%  208K 0s
    50K .......... .......... .......... .......... .......... 94%  611K 0s
   100K .....                                                 100% 10269G=0.3s

2017-02-02 23:08:16 (327 KB/s) - ‘dyw352’ saved [107913/107913]

--2017-02-02 23:08:17--  http://doi.org/10.1093/ije/dyw229
Connecting to doi.org (doi.org)|95.138.171.129|:80... connected.
HTTP request sent, awaiting response... 303 See Other
Location: http://ije.oxfordjournals.org/lookup/doi/10.1093/ije/dyw229 [following]
--2017-02-02 23:08:18--  http://ije.oxfordjournals.org/lookup/doi/10.1093/ije/dyw229
Connecting to ije.oxfordjournals.org (ije.oxfordjournals.org)|209.135.222.209|:80... connected.
HTTP request sent, awaiting response... 301 Moved Permanently
Cookie coming from ije.oxfordjournals.org attempted to set domain to academic.oup.com
Location: https://academic.oup.com/ije/article/doi/10.1093/ije/dyw229/2960068/Causal-inference-in-epidemiology-potential [following]
--2017-02-02 23:08:19--  https://academic.oup.com/ije/article/doi/10.1093/ije/dyw229/2960068/Causal-inference-in-epidemiology-potential
Connecting to academic.oup.com (academic.oup.com)|173.254.190.144|:443... connected.
HTTP request sent, awaiting response... 400 Bad Request
2017-02-02 23:08:19 ERROR 400: Bad Request.

--2017-02-02 23:08:20--  http://doi.org/10.1093/ije/dyw227
Connecting to doi.org (doi.org)|95.138.171.129|:80... connected.
HTTP request sent, awaiting response... 303 See Other
Location: http://ije.oxfordjournals.org/lookup/doi/10.1093/ije/dyw227 [following]
--2017-02-02 23:08:21--  http://ije.oxfordjournals.org/lookup/doi/10.1093/ije/dyw227
Connecting to ije.oxfordjournals.org (ije.oxfordjournals.org)|209.135.222.209|:80... connected.
HTTP request sent, awaiting response... 301 Moved Permanently
Cookie coming from ije.oxfordjournals.org attempted to set domain to academic.oup.com
Location: https://academic.oup.com/ije/article/doi/10.1093/ije/dyw227/2960059/The-formal-approach-to-quantitative-causal [following]
--2017-02-02 23:08:23--  https://academic.oup.com/ije/article/doi/10.1093/ije/dyw227/2960059/The-formal-approach-to-quantitative-causal
Connecting to academic.oup.com (academic.oup.com)|173.254.190.144|:443... connected.
HTTP request sent, awaiting response... 200 OK
Length: 382846 (374K) [text/html]
Saving to: ‘dyw227’

     0K .......... .......... .......... .......... .......... 13%  208K 2s
    50K .......... .......... .......... .......... .......... 26%  573K 1s
   100K .......... .......... .......... .......... .......... 40%  598K 1s
   150K .......... .......... .......... .......... .......... 53%  611K 0s
   200K .......... .......... .......... .......... .......... 66%  316K 0s
   250K .......... .......... .......... .......... .......... 80%  604K 0s
   300K .......... .......... .......... .......... .......... 93%  582K 0s
   350K .......... .......... ...                             100%  323K=0.9s

2017-02-02 23:08:32 (418 KB/s) - ‘dyw227’ saved [382846/382846]

--2017-02-02 23:08:33--  http://doi.org/10.1093/ije/dyw228
Connecting to doi.org (doi.org)|95.138.171.129|:80... connected.
HTTP request sent, awaiting response... 303 See Other
Location: http://ije.oxfordjournals.org/lookup/doi/10.1093/ije/dyw228 [following]
--2017-02-02 23:08:34--  http://ije.oxfordjournals.org/lookup/doi/10.1093/ije/dyw228
Connecting to ije.oxfordjournals.org (ije.oxfordjournals.org)|209.135.222.209|:80... connected.
HTTP request sent, awaiting response... 301 Moved Permanently
Cookie coming from ije.oxfordjournals.org attempted to set domain to academic.oup.com
Location: https://academic.oup.com/ije/article/doi/10.1093/ije/dyw228/2960065/DAGs-and-the-restricted-potential-outcomes [following]
--2017-02-02 23:08:35--  https://academic.oup.com/ije/article/doi/10.1093/ije/dyw228/2960065/DAGs-and-the-restricted-potential-outcomes
Connecting to academic.oup.com (academic.oup.com)|173.254.190.144|:443... connected.
HTTP request sent, awaiting response... 400 Bad Request
2017-02-02 23:08:36 ERROR 400: Bad Request.

--2017-02-02 23:08:37--  http://doi.org/10.1093/ije/dyw231
Connecting to doi.org (doi.org)|95.138.171.129|:80... connected.
HTTP request sent, awaiting response... 303 See Other
Location: http://ije.oxfordjournals.org/lookup/doi/10.1093/ije/dyw231 [following]
--2017-02-02 23:08:38--  http://ije.oxfordjournals.org/lookup/doi/10.1093/ije/dyw231
Connecting to ije.oxfordjournals.org (ije.oxfordjournals.org)|209.135.222.209|:80... connected.
HTTP request sent, awaiting response... 301 Moved Permanently
Cookie coming from ije.oxfordjournals.org attempted to set domain to academic.oup.com
Location: https://academic.oup.com/ije/article/doi/10.1093/ije/dyw231/2960071/Counterfactual-causation-and-streetlamps-what-is [following]
--2017-02-02 23:08:39--  https://academic.oup.com/ije/article/doi/10.1093/ije/dyw231/2960071/Counterfactual-causation-and-streetlamps-what-is
Connecting to academic.oup.com (academic.oup.com)|173.254.190.144|:443... connected.
HTTP request sent, awaiting response... 400 Bad Request
2017-02-02 23:08:41 ERROR 400: Bad Request.

--2017-02-02 23:08:42--  http://doi.org/10.1093/ije/dyw298
Connecting to doi.org (doi.org)|95.138.171.129|:80... connected.
HTTP request sent, awaiting response... 303 See Other
Location: http://ije.oxfordjournals.org/lookup/doi/10.1093/ije/dyw298 [following]
--2017-02-02 23:08:43--  http://ije.oxfordjournals.org/lookup/doi/10.1093/ije/dyw298
Connecting to ije.oxfordjournals.org (ije.oxfordjournals.org)|209.135.222.209|:80... connected.
HTTP request sent, awaiting response... 301 Moved Permanently
Cookie coming from ije.oxfordjournals.org attempted to set domain to academic.oup.com
Location: https://academic.oup.com/ije/article/doi/10.1093/ije/dyw298/2960072/Formalism-or-pluralism-A-reply-to-commentaries-on [following]
--2017-02-02 23:08:44--  https://academic.oup.com/ije/article/doi/10.1093/ije/dyw298/2960072/Formalism-or-pluralism-A-reply-to-commentaries-on
Connecting to academic.oup.com (academic.oup.com)|173.254.190.144|:443... connected.
HTTP request sent, awaiting response... 200 OK
Length: 196645 (192K) [text/html]
Saving to: ‘dyw298’

     0K .......... .......... .......... .......... .......... 26%  209K 1s
    50K .......... .......... .......... .......... .......... 52%  603K 0s
   100K .......... .......... .......... .......... .......... 78%  590K 0s
   150K .......... .......... .......... .......... ..        100%  519K=0.5s

2017-02-02 23:08:48 (393 KB/s) - ‘dyw298’ saved [196645/196645]

--2017-02-02 23:08:49--  http://doi.org/10.1093/ije/dyw330
Connecting to doi.org (doi.org)|95.138.171.129|:80... connected.
HTTP request sent, awaiting response... 303 See Other
Location: http://ije.oxfordjournals.org/lookup/doi/10.1093/ije/dyw330 [following]
--2017-02-02 23:08:50--  http://ije.oxfordjournals.org/lookup/doi/10.1093/ije/dyw330
Connecting to ije.oxfordjournals.org (ije.oxfordjournals.org)|209.135.222.209|:80... connected.
HTTP request sent, awaiting response... 301 Moved Permanently
Cookie coming from ije.oxfordjournals.org attempted to set domain to academic.oup.com
Location: https://academic.oup.com/ije/article/doi/10.1093/ije/dyw330/2960075/FACEing-reality-productive-tensions-between-our [following]
--2017-02-02 23:08:51--  https://academic.oup.com/ije/article/doi/10.1093/ije/dyw330/2960075/FACEing-reality-productive-tensions-between-our
Connecting to academic.oup.com (academic.oup.com)|173.254.190.144|:443... connected.
HTTP request sent, awaiting response... 200 OK
Length: 363527 (355K) [text/html]
Saving to: ‘dyw330’

     0K .......... .......... .......... .......... .......... 14%  208K 1s
    50K .......... .......... .......... .......... .......... 28%  588K 1s
   100K .......... .......... .......... .......... .......... 42%  610K 1s
   150K .......... .......... .......... .......... .......... 56%  600K 0s
   200K .......... .......... .......... .......... .......... 70%  318K 0s
   250K .......... .......... .......... .......... .......... 84%  572K 0s
   300K .......... .......... .......... .......... .......... 98%  610K 0s
   350K .....                                                 100% 24.0M=0.8s

2017-02-02 23:08:55 (434 KB/s) - ‘dyw330’ saved [363527/363527]

--2017-02-02 23:08:56--  http://doi.org/10.1093/ije/dyw230
Connecting to doi.org (doi.org)|95.138.171.129|:80... connected.
HTTP request sent, awaiting response... 303 See Other
Location: http://ije.oxfordjournals.org/lookup/doi/10.1093/ije/dyw230 [following]
--2017-02-02 23:08:57--  http://ije.oxfordjournals.org/lookup/doi/10.1093/ije/dyw230
Connecting to ije.oxfordjournals.org (ije.oxfordjournals.org)|209.135.222.209|:80... connected.
HTTP request sent, awaiting response... 301 Moved Permanently
Cookie coming from ije.oxfordjournals.org attempted to set domain to academic.oup.com
Location: https://academic.oup.com/ije/article/doi/10.1093/ije/dyw230/2960069/On-Causes-Causal-Inference-and-Potential-Outcomes [following]
--2017-02-02 23:08:59--  https://academic.oup.com/ije/article/doi/10.1093/ije/dyw230/2960069/On-Causes-Causal-Inference-and-Potential-Outcomes
Connecting to academic.oup.com (academic.oup.com)|173.254.190.144|:443... connected.
HTTP request sent, awaiting response... 200 OK
Length: 194459 (190K) [text/html]
Saving to: ‘dyw230’

     0K .......... .......... .......... .......... .......... 26%  207K 1s
    50K .......... .......... .......... .......... .......... 52%  608K 0s
   100K .......... .......... .......... .......... .......... 78%  608K 0s
   150K .......... .......... .......... .........            100%  490K=0.5s

2017-02-02 23:09:03 (389 KB/s) - ‘dyw230’ saved [194459/194459]

--2017-02-02 23:09:04--  http://doi.org/10.1093/ije/dyw351
Connecting to doi.org (doi.org)|95.138.171.129|:80... connected.
HTTP request sent, awaiting response... 303 See Other
Location: http://ije.oxfordjournals.org/lookup/doi/10.1093/ije/dyw351 [following]
--2017-02-02 23:09:05--  http://ije.oxfordjournals.org/lookup/doi/10.1093/ije/dyw351
Connecting to ije.oxfordjournals.org (ije.oxfordjournals.org)|209.135.222.209|:80... connected.
HTTP request sent, awaiting response... 301 Moved Permanently
Cookie coming from ije.oxfordjournals.org attempted to set domain to academic.oup.com
Location: https://academic.oup.com/ije/article/doi/10.1093/ije/dyw351/2960076/Protect-our-Children [following]
--2017-02-02 23:09:06--  https://academic.oup.com/ije/article/doi/10.1093/ije/dyw351/2960076/Protect-our-Children
Connecting to academic.oup.com (academic.oup.com)|173.254.190.144|:443... connected.
HTTP request sent, awaiting response... 400 Bad Request
2017-02-02 23:09:07 ERROR 400: Bad Request.

--2017-02-02 23:09:08--  http://doi.org/10.1093/ije/dyw314
Connecting to doi.org (doi.org)|95.138.171.129|:80... connected.
HTTP request sent, awaiting response... 303 See Other
Location: https://academic.oup.com/ije/article-lookup/doi/10.1093/ije/dyw314 [following]
--2017-02-02 23:09:09--  https://academic.oup.com/ije/article-lookup/doi/10.1093/ije/dyw314
Connecting to academic.oup.com (academic.oup.com)|173.254.190.144|:443... connected.
HTTP request sent, awaiting response... 200 OK
Length: 430089 (420K) [text/html]
Saving to: ‘dyw314’

     0K .......... .......... .......... .......... .......... 11%  208K 2s
    50K .......... .......... .......... .......... .......... 23%  605K 1s
   100K .......... .......... .......... .......... .......... 35%  605K 1s
   150K .......... .......... .......... .......... .......... 47%  604K 1s
   200K .......... .......... .......... .......... .......... 59%  316K 0s
   250K .......... .......... .......... .......... .......... 71%  608K 0s
   300K .......... .......... .......... .......... .......... 83%  587K 0s
   350K .......... .......... .......... .......... .......... 95%  319K 0s
   400K .......... ..........                                 100% 15.1M=1.0s

2017-02-02 23:09:13 (432 KB/s) - ‘dyw314’ saved [430089/430089]

--2017-02-02 23:09:14--  http://doi.org/10.1093/ije/dyw342
Connecting to doi.org (doi.org)|95.138.171.129|:80... connected.
HTTP request sent, awaiting response... 303 See Other
Location: https://academic.oup.com/ije/article-lookup/doi/10.1093/ije/dyw342 [following]
--2017-02-02 23:09:15--  https://academic.oup.com/ije/article-lookup/doi/10.1093/ije/dyw342
Connecting to academic.oup.com (academic.oup.com)|173.254.190.144|:443... connected.
HTTP request sent, awaiting response... 200 OK
Length: 64541 (63K) [text/html]
Saving to: ‘dyw342’

     0K .......... .......... .......... .......... .......... 79%  208K 0s
    50K .......... ...                                        100% 13.3M=0.2s

2017-02-02 23:09:17 (261 KB/s) - ‘dyw342’ saved [64541/64541]

--2017-02-02 23:09:18--  http://doi.org/10.1093/ije/dyw360
Connecting to doi.org (doi.org)|95.138.171.129|:80... connected.
HTTP request sent, awaiting response... 303 See Other
Location: https://academic.oup.com/ije/article-lookup/doi/10.1093/ije/dyw360 [following]
--2017-02-02 23:09:19--  https://academic.oup.com/ije/article-lookup/doi/10.1093/ije/dyw360
Connecting to academic.oup.com (academic.oup.com)|173.254.190.144|:443... connected.
HTTP request sent, awaiting response... 400 Bad Request
2017-02-02 23:09:20 ERROR 400: Bad Request.

--2017-02-02 23:09:21--  http://doi.org/10.1093/ije/dyw204
Connecting to doi.org (doi.org)|95.138.171.129|:80... connected.
HTTP request sent, awaiting response... 303 See Other
Location: https://academic.oup.com/ije/article-lookup/doi/10.1093/ije/dyw204 [following]
--2017-02-02 23:09:22--  https://academic.oup.com/ije/article-lookup/doi/10.1093/ije/dyw204
Connecting to academic.oup.com (academic.oup.com)|173.254.190.144|:443... connected.
HTTP request sent, awaiting response... 200 OK
Length: 232543 (227K) [text/html]
Saving to: ‘dyw204’

     0K .......... .......... .......... .......... .......... 22%  208K 1s
    50K .......... .......... .......... .......... .......... 44%  612K 0s
   100K .......... .......... .......... .......... .......... 66%  597K 0s
   150K .......... .......... .......... .......... .......... 88%  609K 0s
   200K .......... .......... .......                         100%  340K=0.6s

2017-02-02 23:09:29 (400 KB/s) - ‘dyw204’ saved [232543/232543]

--2017-02-02 23:09:30--  http://doi.org/10.1093/ije/dyw341
Connecting to doi.org (doi.org)|95.138.171.129|:80... connected.
HTTP request sent, awaiting response... 303 See Other
Location: https://academic.oup.com/ije/article-lookup/doi/10.1093/ije/dyw341 [following]
--2017-02-02 23:09:31--  https://academic.oup.com/ije/article-lookup/doi/10.1093/ije/dyw341
Connecting to academic.oup.com (academic.oup.com)|173.254.190.144|:443... connected.
HTTP request sent, awaiting response... 200 OK
Length: 171602 (168K) [text/html]
Saving to: ‘dyw341’

     0K .......... .......... .......... .......... .......... 29%  205K 1s
    50K .......... .......... .......... .......... .......... 59%  594K 0s
   100K .......... .......... .......... .......... .......... 89%  609K 0s
   150K .......... .......                                    100%  478K=0.4s

2017-02-02 23:09:35 (375 KB/s) - ‘dyw341’ saved [171602/171602]

--2017-02-02 23:09:36--  http://doi.org/10.1093/ije/dyw264
Connecting to doi.org (doi.org)|95.138.171.129|:80... connected.
HTTP request sent, awaiting response... 303 See Other
Location: https://academic.oup.com/ije/article-lookup/doi/10.1093/ije/dyw264 [following]
--2017-02-02 23:09:38--  https://academic.oup.com/ije/article-lookup/doi/10.1093/ije/dyw264
Connecting to academic.oup.com (academic.oup.com)|173.254.190.144|:443... connected.
HTTP request sent, awaiting response... 200 OK
Length: 323317 (316K) [text/html]
Saving to: ‘dyw264’

     0K .......... .......... .......... .......... .......... 15%  207K 1s
    50K .......... .......... .......... .......... .......... 31%  582K 1s
   100K .......... .......... .......... .......... .......... 47%  608K 0s
   150K .......... .......... .......... .......... .......... 63%  313K 0s
   200K .......... .......... .......... .......... .......... 79%  569K 0s
   250K .......... .......... .......... .......... .......... 95%  603K 0s
   300K .......... .....                                      100%  204K=0.8s

2017-02-02 23:09:41 (386 KB/s) - ‘dyw264’ saved [323317/323317]

--2017-02-02 23:09:42--  http://doi.org/10.1093/ije/dyw322
Connecting to doi.org (doi.org)|95.138.171.129|:80... connected.
HTTP request sent, awaiting response... 303 See Other
Location: https://academic.oup.com/ije/article-lookup/doi/10.1093/ije/dyw322 [following]
--2017-02-02 23:09:43--  https://academic.oup.com/ije/article-lookup/doi/10.1093/ije/dyw322
Connecting to academic.oup.com (academic.oup.com)|173.254.190.144|:443... connected.
HTTP request sent, awaiting response... 200 OK
Length: 138988 (136K) [text/html]
Saving to: ‘dyw322’

     0K .......... .......... .......... .......... .......... 36%  306K 0s
    50K .......... .......... .......... .......... .......... 73%  309K 0s
   100K .......... .......... .......... .....                100%  450K=0.4s

2017-02-02 23:09:47 (336 KB/s) - ‘dyw322’ saved [138988/138988]

--2017-02-02 23:09:48--  http://doi.org/10.1093/ije/dyw307
Connecting to doi.org (doi.org)|95.138.171.129|:80... connected.
HTTP request sent, awaiting response... 303 See Other
Location: https://academic.oup.com/ije/article-lookup/doi/10.1093/ije/dyw307 [following]
--2017-02-02 23:09:49--  https://academic.oup.com/ije/article-lookup/doi/10.1093/ije/dyw307
Connecting to academic.oup.com (academic.oup.com)|173.254.190.144|:443... connected.
HTTP request sent, awaiting response... 400 Bad Request
2017-02-02 23:09:49 ERROR 400: Bad Request.

--2017-02-02 23:09:50--  http://doi.org/10.1093/ije/dyw321
Connecting to doi.org (doi.org)|95.138.171.129|:80... connected.
HTTP request sent, awaiting response... 303 See Other
Location: https://academic.oup.com/ije/article-lookup/doi/10.1093/ije/dyw321 [following]
--2017-02-02 23:09:51--  https://academic.oup.com/ije/article-lookup/doi/10.1093/ije/dyw321
Connecting to academic.oup.com (academic.oup.com)|173.254.190.144|:443... connected.
HTTP request sent, awaiting response... 200 OK
Length: 176739 (173K) [text/html]
Saving to: ‘dyw321’

     0K .......... .......... .......... .......... .......... 28%  209K 1s
    50K .......... .......... .......... .......... .......... 57%  612K 0s
   100K .......... .......... .......... .......... .......... 86%  589K 0s
   150K .......... .......... ..                              100%  294K=0.5s

2017-02-02 23:09:56 (358 KB/s) - ‘dyw321’ saved [176739/176739]

--2017-02-02 23:09:57--  http://doi.org/10.1093/ije/dyw269
Connecting to doi.org (doi.org)|95.138.171.129|:80... connected.
HTTP request sent, awaiting response... 303 See Other
Location: https://academic.oup.com/ije/article-lookup/doi/10.1093/ije/dyw269 [following]
--2017-02-02 23:09:59--  https://academic.oup.com/ije/article-lookup/doi/10.1093/ije/dyw269
Connecting to academic.oup.com (academic.oup.com)|173.254.190.144|:443... connected.
HTTP request sent, awaiting response... 200 OK
Length: 398890 (390K) [text/html]
Saving to: ‘dyw269’

     0K .......... .......... .......... .......... .......... 12%  209K 2s
    50K .......... .......... .......... .......... .......... 25%  593K 1s
   100K .......... .......... .......... .......... .......... 38%  610K 1s
   150K .......... .......... .......... .......... .......... 51%  614K 0s
   200K .......... .......... .......... .......... .......... 64%  306K 0s
   250K .......... .......... .......... .......... .......... 77%  596K 0s
   300K .......... .......... .......... .......... .......... 89%  604K 0s
   350K .......... .......... .......... .........            100%  480K=0.9s

2017-02-02 23:10:04 (433 KB/s) - ‘dyw269’ saved [398890/398890]

--2017-02-02 23:10:05--  http://doi.org/10.1093/ije/dyw318
Connecting to doi.org (doi.org)|95.138.171.129|:80... connected.
HTTP request sent, awaiting response... 303 See Other
Location: https://academic.oup.com/ije/article-lookup/doi/10.1093/ije/dyw318 [following]
--2017-02-02 23:10:06--  https://academic.oup.com/ije/article-lookup/doi/10.1093/ije/dyw318
Connecting to academic.oup.com (academic.oup.com)|173.254.190.144|:443... connected.
HTTP request sent, awaiting response... 200 OK
Length: 385512 (376K) [text/html]
Saving to: ‘dyw318’

     0K .......... .......... .......... .......... .......... 13%  209K 2s
    50K .......... .......... .......... .......... .......... 26%  582K 1s
   100K .......... .......... .......... .......... .......... 39%  599K 1s
   150K .......... .......... .......... .......... .......... 53%  306K 1s
   200K .......... .......... .......... .......... .......... 66%  308K 0s
   250K .......... .......... .......... .......... .......... 79%  599K 0s
   300K .......... .......... .......... .......... .......... 92%  594K 0s
   350K .......... .......... ......                          100%  330K=1.0s

2017-02-02 23:10:11 (383 KB/s) - ‘dyw318’ saved [385512/385512]

--2017-02-02 23:10:12--  http://doi.org/10.1093/ije/dyw302
Connecting to doi.org (doi.org)|95.138.171.129|:80... connected.
HTTP request sent, awaiting response... 303 See Other
Location: https://academic.oup.com/ije/article-lookup/doi/10.1093/ije/dyw302 [following]
--2017-02-02 23:10:13--  https://academic.oup.com/ije/article-lookup/doi/10.1093/ije/dyw302
Connecting to academic.oup.com (academic.oup.com)|173.254.190.144|:443... connected.
HTTP request sent, awaiting response... 200 OK
Length: 216227 (211K) [text/html]
Saving to: ‘dyw302’

     0K .......... .......... .......... .......... .......... 23%  309K 1s
    50K .......... .......... .......... .......... .......... 47%  314K 0s
   100K .......... .......... .......... .......... .......... 71%  600K 0s
   150K .......... .......... .......... .......... .......... 94%  603K 0s
   200K .......... .                                          100%  143K=0.6s

2017-02-02 23:10:17 (373 KB/s) - ‘dyw302’ saved [216227/216227]

--2017-02-02 23:10:18--  http://doi.org/10.1093/ije/dyw268
Connecting to doi.org (doi.org)|95.138.171.129|:80... connected.
HTTP request sent, awaiting response... 303 See Other
Location: http://ije.oxfordjournals.org/lookup/doi/10.1093/ije/dyw268 [following]
--2017-02-02 23:10:19--  http://ije.oxfordjournals.org/lookup/doi/10.1093/ije/dyw268
Connecting to ije.oxfordjournals.org (ije.oxfordjournals.org)|209.135.222.209|:80... connected.
HTTP request sent, awaiting response... 301 Moved Permanently
Cookie coming from ije.oxfordjournals.org attempted to set domain to academic.oup.com
Location: https://academic.oup.com/ije/article/doi/10.1093/ije/dyw268/2726862/Cohort-Profile-The-Nijmegen-Biomedical-Study-NBS [following]
--2017-02-02 23:10:20--  https://academic.oup.com/ije/article/doi/10.1093/ije/dyw268/2726862/Cohort-Profile-The-Nijmegen-Biomedical-Study-NBS
Connecting to academic.oup.com (academic.oup.com)|173.254.190.144|:443... connected.
HTTP request sent, awaiting response... 400 Bad Request
2017-02-02 23:10:21 ERROR 400: Bad Request.

--2017-02-02 23:10:22--  http://doi.org/10.1093/ije/dyw337
Connecting to doi.org (doi.org)|95.138.171.129|:80... connected.
HTTP request sent, awaiting response... 303 See Other
Location: https://academic.oup.com/ije/article-lookup/doi/10.1093/ije/dyw337 [following]
--2017-02-02 23:10:23--  https://academic.oup.com/ije/article-lookup/doi/10.1093/ije/dyw337
Connecting to academic.oup.com (academic.oup.com)|173.254.190.144|:443... connected.
HTTP request sent, awaiting response... 200 OK
Length: 389256 (380K) [text/html]
Saving to: ‘dyw337’

     0K .......... .......... .......... .......... .......... 13%  207K 2s
    50K .......... .......... .......... .......... .......... 26%  604K 1s
   100K .......... .......... .......... .......... .......... 39%  600K 1s
   150K .......... .......... .......... .......... .......... 52%  319K 1s
   200K .......... .......... .......... .......... .......... 65%  588K 0s
   250K .......... .......... .......... .......... .......... 78%  609K 0s
   300K .......... .......... .......... .......... .......... 92%  605K 0s
   350K .......... .......... ..........                      100%  380K=0.9s

2017-02-02 23:10:28 (426 KB/s) - ‘dyw337’ saved [389256/389256]

--2017-02-02 23:10:29--  http://doi.org/10.1093/ije/dyw355
Connecting to doi.org (doi.org)|95.138.171.129|:80... connected.
HTTP request sent, awaiting response... 303 See Other
Location: https://academic.oup.com/ije/article-lookup/doi/10.1093/ije/dyw355 [following]
--2017-02-02 23:10:30--  https://academic.oup.com/ije/article-lookup/doi/10.1093/ije/dyw355
Connecting to academic.oup.com (academic.oup.com)|173.254.190.144|:443... connected.
HTTP request sent, awaiting response... 200 OK
Length: 111023 (108K) [text/html]
Saving to: ‘dyw355’

     0K .......... .......... .......... .......... .......... 46%  209K 0s
    50K .......... .......... .......... .......... .......... 92%  602K 0s
   100K ........                                              100% 37.4M=0.3s

2017-02-02 23:10:34 (336 KB/s) - ‘dyw355’ saved [111023/111023]

--2017-02-02 23:10:35--  http://doi.org/10.1093/ije/dyw237
Connecting to doi.org (doi.org)|95.138.171.129|:80... connected.
HTTP request sent, awaiting response... 303 See Other
Location: https://academic.oup.com/ije/article-lookup/doi/10.1093/ije/dyw237 [following]
--2017-02-02 23:10:36--  https://academic.oup.com/ije/article-lookup/doi/10.1093/ije/dyw237
Connecting to academic.oup.com (academic.oup.com)|173.254.190.144|:443... connected.
HTTP request sent, awaiting response... 200 OK
Length: 323547 (316K) [text/html]
Saving to: ‘dyw237’

     0K .......... .......... .......... .......... .......... 15%  205K 1s
    50K .......... .......... .......... .......... .......... 31%  601K 1s
   100K .......... .......... .......... .......... .......... 47%  599K 0s
   150K .......... .......... .......... .......... .......... 63%  417K 0s
   200K .......... .......... .......... .......... .......... 79%  405K 0s
   250K .......... .......... .......... .......... .......... 94%  607K 0s
   300K .......... .....                                      100% 24.6M=0.7s

2017-02-02 23:10:42 (429 KB/s) - ‘dyw237’ saved [323547/323547]

--2017-02-02 23:10:43--  http://doi.org/10.1093/ije/dyw201
Connecting to doi.org (doi.org)|95.138.171.129|:80... connected.
HTTP request sent, awaiting response... 303 See Other
Location: https://academic.oup.com/ije/article-lookup/doi/10.1093/ije/dyw201 [following]
--2017-02-02 23:10:44--  https://academic.oup.com/ije/article-lookup/doi/10.1093/ije/dyw201
Connecting to academic.oup.com (academic.oup.com)|173.254.190.144|:443... connected.
HTTP request sent, awaiting response... 200 OK
Length: 111154 (109K) [text/html]
Saving to: ‘dyw201’

     0K .......... .......... .......... .......... .......... 46%  209K 0s
    50K .......... .......... .......... .......... .......... 92%  614K 0s
   100K ........                                              100% 17.3M=0.3s

2017-02-02 23:10:49 (338 KB/s) - ‘dyw201’ saved [111154/111154]

--2017-02-02 23:10:50--  http://doi.org/10.1093/ije/dyw293
Connecting to doi.org (doi.org)|95.138.171.129|:80... connected.
HTTP request sent, awaiting response... 303 See Other
Location: https://academic.oup.com/ije/article-lookup/doi/10.1093/ije/dyw293 [following]
--2017-02-02 23:10:51--  https://academic.oup.com/ije/article-lookup/doi/10.1093/ije/dyw293
Connecting to academic.oup.com (academic.oup.com)|173.254.190.144|:443... connected.
HTTP request sent, awaiting response... 200 OK
Length: 218438 (213K) [text/html]
Saving to: ‘dyw293’

     0K .......... .......... .......... .......... .......... 23%  205K 1s
    50K .......... .......... .......... .......... .......... 46%  611K 0s
   100K .......... .......... .......... .......... .......... 70%  551K 0s
   150K .......... .......... .......... .......... .......... 93%  602K 0s
   200K .......... ...                                        100%  188K=0.6s

2017-02-02 23:10:56 (374 KB/s) - ‘dyw293’ saved [218438/218438]

--2017-02-02 23:10:57--  http://doi.org/10.1093/ije/dyw308
Connecting to doi.org (doi.org)|95.138.171.129|:80... connected.
HTTP request sent, awaiting response... 303 See Other
Location: https://academic.oup.com/ije/article-lookup/doi/10.1093/ije/dyw308 [following]
--2017-02-02 23:10:58--  https://academic.oup.com/ije/article-lookup/doi/10.1093/ije/dyw308
Connecting to academic.oup.com (academic.oup.com)|173.254.190.144|:443... connected.
HTTP request sent, awaiting response... 200 OK
Length: 320771 (313K) [text/html]
Saving to: ‘dyw308’

     0K .......... .......... .......... .......... .......... 15%  208K 1s
    50K .......... .......... .......... .......... .......... 31%  602K 1s
   100K .......... .......... .......... .......... .......... 47%  610K 0s
   150K .......... .......... .......... .......... .......... 63%  408K 0s
   200K .......... .......... .......... .......... .......... 79%  413K 0s
   250K .......... .......... .......... .......... .......... 95%  604K 0s
   300K .......... ...                                        100% 28.8M=0.7s

2017-02-02 23:11:03 (428 KB/s) - ‘dyw308’ saved [320771/320771]

--2017-02-02 23:11:04--  http://doi.org/10.1093/ije/dyw291
Connecting to doi.org (doi.org)|95.138.171.129|:80... connected.
HTTP request sent, awaiting response... 303 See Other
Location: https://academic.oup.com/ije/article-lookup/doi/10.1093/ije/dyw291 [following]
--2017-02-02 23:11:05--  https://academic.oup.com/ije/article-lookup/doi/10.1093/ije/dyw291
Connecting to academic.oup.com (academic.oup.com)|173.254.190.144|:443... connected.
HTTP request sent, awaiting response... 400 Bad Request
2017-02-02 23:11:06 ERROR 400: Bad Request.

--2017-02-02 23:11:07--  http://doi.org/10.1093/ije/dyw285
Connecting to doi.org (doi.org)|95.138.171.129|:80... connected.
HTTP request sent, awaiting response... 303 See Other
Location: https://academic.oup.com/ije/article-lookup/doi/10.1093/ije/dyw285 [following]
--2017-02-02 23:11:08--  https://academic.oup.com/ije/article-lookup/doi/10.1093/ije/dyw285
Connecting to academic.oup.com (academic.oup.com)|173.254.190.144|:443... connected.
HTTP request sent, awaiting response... 200 OK
Length: 154846 (151K) [text/html]
Saving to: ‘dyw285’

     0K .......... .......... .......... .......... .......... 33%  206K 0s
    50K .......... .......... .......... .......... .......... 66%  608K 0s
   100K .......... .......... .......... .......... .......... 99%  599K 0s
   150K .                                                     100% 2321G=0.4s

2017-02-02 23:11:16 (371 KB/s) - ‘dyw285’ saved [154846/154846]

--2017-02-02 23:11:17--  http://doi.org/10.1093/ije/dyw335
Connecting to doi.org (doi.org)|95.138.171.129|:80... connected.
HTTP request sent, awaiting response... 303 See Other
Location: https://academic.oup.com/ije/article-lookup/doi/10.1093/ije/dyw335 [following]
--2017-02-02 23:11:18--  https://academic.oup.com/ije/article-lookup/doi/10.1093/ije/dyw335
Connecting to academic.oup.com (academic.oup.com)|173.254.190.144|:443... connected.
HTTP request sent, awaiting response... 200 OK
Length: 273455 (267K) [text/html]
Saving to: ‘dyw335’

     0K .......... .......... .......... .......... .......... 18%  306K 1s
    50K .......... .......... .......... .......... .......... 37%  313K 1s
   100K .......... .......... .......... .......... .......... 56%  602K 0s
   150K .......... .......... .......... .......... .......... 74%  608K 0s
   200K .......... .......... .......... .......... .......... 93%  315K 0s
   250K .......... .......                                    100% 3.80M=0.7s

2017-02-02 23:11:28 (410 KB/s) - ‘dyw335’ saved [273455/273455]

--2017-02-02 23:11:29--  http://doi.org/10.1093/ije/dyw367
Connecting to doi.org (doi.org)|95.138.171.129|:80... connected.
HTTP request sent, awaiting response... 303 See Other
Location: http://fdslive.oup.com/www.oup.com/pdf/production_in_progress.pdf [following]
--2017-02-02 23:11:30--  http://fdslive.oup.com/www.oup.com/pdf/production_in_progress.pdf
Resolving fdslive.oup.com (fdslive.oup.com)... 193.67.160.201
Connecting to fdslive.oup.com (fdslive.oup.com)|193.67.160.201|:80... connected.
HTTP request sent, awaiting response... 200 OK
Length: 52438 (51K) [application/pdf]
Saving to: ‘dyw367’

     0K .......... .......... .......... .......... .......... 97% 1.15M 0s
    50K .                                                     100% 2306G=0.04s

2017-02-02 23:11:30 (1.18 MB/s) - ‘dyw367’ saved [52438/52438]

--2017-02-02 23:11:31--  http://doi.org/10.1093/ije/dyx022
Connecting to doi.org (doi.org)|95.138.171.129|:80... connected.
HTTP request sent, awaiting response... 303 See Other
Location: http://fdslive.oup.com/www.oup.com/pdf/production_in_progress.pdf [following]
--2017-02-02 23:11:32--  http://fdslive.oup.com/www.oup.com/pdf/production_in_progress.pdf
Connecting to fdslive.oup.com (fdslive.oup.com)|193.67.160.201|:80... connected.
HTTP request sent, awaiting response... 200 OK
Length: 52438 (51K) [application/pdf]
Saving to: ‘dyx022’

     0K .......... .......... .......... .......... .......... 97% 1.29M 0s
    50K .                                                     100% 2306G=0.04s

2017-02-02 23:11:33 (1.32 MB/s) - ‘dyx022’ saved [52438/52438]

--2017-02-02 23:11:34--  http://doi.org/10.1093/ije/dyw319
Connecting to doi.org (doi.org)|95.138.171.129|:80... connected.
HTTP request sent, awaiting response... 303 See Other
Location: http://fdslive.oup.com/www.oup.com/pdf/production_in_progress.pdf [following]
--2017-02-02 23:11:35--  http://fdslive.oup.com/www.oup.com/pdf/production_in_progress.pdf
Connecting to fdslive.oup.com (fdslive.oup.com)|193.67.160.201|:80... connected.
HTTP request sent, awaiting response... 200 OK
Length: 52438 (51K) [application/pdf]
Saving to: ‘dyw319’

     0K .......... .......... .......... .......... .......... 97% 1.17M 0s
    50K .                                                     100% 2306G=0.04s

2017-02-02 23:11:35 (1.19 MB/s) - ‘dyw319’ saved [52438/52438]

--2017-02-02 23:11:36--  http://doi.org/10.1093/ije/dyw365
Connecting to doi.org (doi.org)|95.138.171.129|:80... connected.
HTTP request sent, awaiting response... 303 See Other
Location: http://fdslive.oup.com/www.oup.com/pdf/production_in_progress.pdf [following]
--2017-02-02 23:11:37--  http://fdslive.oup.com/www.oup.com/pdf/production_in_progress.pdf
Connecting to fdslive.oup.com (fdslive.oup.com)|193.67.160.201|:80... connected.
HTTP request sent, awaiting response... 200 OK
Length: 52438 (51K) [application/pdf]
Saving to: ‘dyw365’

     0K .......... .......... .......... .......... .......... 97% 1.28M 0s
    50K .                                                     100% 2306G=0.04s

2017-02-02 23:11:37 (1.31 MB/s) - ‘dyw365’ saved [52438/52438]

--2017-02-02 23:11:38--  http://doi.org/10.1093/ije/dyx008
Connecting to doi.org (doi.org)|95.138.171.129|:80... connected.
HTTP request sent, awaiting response... 303 See Other
Location: http://fdslive.oup.com/www.oup.com/pdf/production_in_progress.pdf [following]
--2017-02-02 23:11:39--  http://fdslive.oup.com/www.oup.com/pdf/production_in_progress.pdf
Connecting to fdslive.oup.com (fdslive.oup.com)|193.67.160.201|:80... connected.
HTTP request sent, awaiting response... 200 OK
Length: 52438 (51K) [application/pdf]
Saving to: ‘dyx008’

     0K .......... .......... .......... .......... .......... 97% 1.29M 0s
    50K .                                                     100% 2306G=0.04s

2017-02-02 23:11:39 (1.32 MB/s) - ‘dyx008’ saved [52438/52438]

--2017-02-02 23:11:40--  http://doi.org/10.1093/ije/dyw366
Connecting to doi.org (doi.org)|95.138.171.129|:80... connected.
HTTP request sent, awaiting response... 303 See Other
Location: http://fdslive.oup.com/www.oup.com/pdf/production_in_progress.pdf [following]
--2017-02-02 23:11:41--  http://fdslive.oup.com/www.oup.com/pdf/production_in_progress.pdf
Connecting to fdslive.oup.com (fdslive.oup.com)|193.67.160.201|:80... connected.
HTTP request sent, awaiting response... 200 OK
Length: 52438 (51K) [application/pdf]
Saving to: ‘dyw366’

     0K .......... .......... .......... .......... .......... 97% 1.16M 0s
    50K .                                                     100% 2306G=0.04s

2017-02-02 23:11:41 (1.18 MB/s) - ‘dyw366’ saved [52438/52438]

--2017-02-02 23:11:42--  http://doi.org/10.1093/ije/dyw338
Connecting to doi.org (doi.org)|95.138.171.129|:80... connected.
HTTP request sent, awaiting response... 303 See Other
Location: http://fdslive.oup.com/www.oup.com/pdf/production_in_progress.pdf [following]
--2017-02-02 23:11:43--  http://fdslive.oup.com/www.oup.com/pdf/production_in_progress.pdf
Connecting to fdslive.oup.com (fdslive.oup.com)|193.67.160.201|:80... connected.
HTTP request sent, awaiting response... 200 OK
Length: 52438 (51K) [application/pdf]
Saving to: ‘dyw338’

     0K .......... .......... .......... .......... .......... 97% 1.17M 0s
    50K .                                                     100% 2306G=0.04s

2017-02-02 23:11:43 (1.20 MB/s) - ‘dyw338’ saved [52438/52438]

--2017-02-02 23:11:44--  http://doi.org/10.1093/ije/dyw324
Connecting to doi.org (doi.org)|95.138.171.129|:80... connected.
HTTP request sent, awaiting response... 303 See Other
Location: http://fdslive.oup.com/www.oup.com/pdf/production_in_progress.pdf [following]
--2017-02-02 23:11:46--  http://fdslive.oup.com/www.oup.com/pdf/production_in_progress.pdf
Connecting to fdslive.oup.com (fdslive.oup.com)|193.67.160.201|:80... connected.
HTTP request sent, awaiting response... 200 OK
Length: 52438 (51K) [application/pdf]
Saving to: ‘dyw324’

     0K .......... .......... .......... .......... .......... 97% 1.17M 0s
    50K .                                                     100% 2306G=0.04s

2017-02-02 23:11:46 (1.19 MB/s) - ‘dyw324’ saved [52438/52438]

--2017-02-02 23:11:47--  http://doi.org/10.1093/ije/dyw369
Connecting to doi.org (doi.org)|95.138.171.129|:80... connected.
HTTP request sent, awaiting response... 303 See Other
Location: http://fdslive.oup.com/www.oup.com/pdf/production_in_progress.pdf [following]
--2017-02-02 23:11:48--  http://fdslive.oup.com/www.oup.com/pdf/production_in_progress.pdf
Connecting to fdslive.oup.com (fdslive.oup.com)|193.67.160.201|:80... connected.
HTTP request sent, awaiting response... 200 OK
Length: 52438 (51K) [application/pdf]
Saving to: ‘dyw369’

     0K .......... .......... .......... .......... .......... 97% 1.29M 0s
    50K .                                                     100% 2306G=0.04s

2017-02-02 23:11:48 (1.32 MB/s) - ‘dyw369’ saved [52438/52438]

--2017-02-02 23:11:49--  http://doi.org/10.1093/ije/dyx020
Connecting to doi.org (doi.org)|95.138.171.129|:80... connected.
HTTP request sent, awaiting response... 303 See Other
Location: http://fdslive.oup.com/www.oup.com/pdf/production_in_progress.pdf [following]
--2017-02-02 23:11:50--  http://fdslive.oup.com/www.oup.com/pdf/production_in_progress.pdf
Connecting to fdslive.oup.com (fdslive.oup.com)|193.67.160.201|:80... connected.
HTTP request sent, awaiting response... 200 OK
Length: 52438 (51K) [application/pdf]
Saving to: ‘dyx020’

     0K .......... .......... .......... .......... .......... 97% 1.29M 0s
    50K .                                                     100% 2306G=0.04s

2017-02-02 23:11:50 (1.32 MB/s) - ‘dyx020’ saved [52438/52438]

--2017-02-02 23:11:51--  http://doi.org/10.1093/ije/dyw361
Connecting to doi.org (doi.org)|95.138.171.129|:80... connected.
HTTP request sent, awaiting response... 303 See Other
Location: http://fdslive.oup.com/www.oup.com/pdf/production_in_progress.pdf [following]
--2017-02-02 23:11:52--  http://fdslive.oup.com/www.oup.com/pdf/production_in_progress.pdf
Connecting to fdslive.oup.com (fdslive.oup.com)|193.67.160.201|:80... connected.
HTTP request sent, awaiting response... 200 OK
Length: 52438 (51K) [application/pdf]
Saving to: ‘dyw361’

     0K .......... .......... .......... .......... .......... 97% 1.17M 0s
    50K .                                                     100% 2306G=0.04s

2017-02-02 23:11:52 (1.19 MB/s) - ‘dyw361’ saved [52438/52438]

--2017-02-02 23:11:53--  http://doi.org/10.1093/ije/dyx002
Connecting to doi.org (doi.org)|95.138.171.129|:80... connected.
HTTP request sent, awaiting response... 303 See Other
Location: http://fdslive.oup.com/www.oup.com/pdf/production_in_progress.pdf [following]
--2017-02-02 23:11:54--  http://fdslive.oup.com/www.oup.com/pdf/production_in_progress.pdf
Connecting to fdslive.oup.com (fdslive.oup.com)|193.67.160.201|:80... connected.
HTTP request sent, awaiting response... 200 OK
Length: 52438 (51K) [application/pdf]
Saving to: ‘dyx002’

     0K .......... .......... .......... .......... .......... 97% 1.17M 0s
    50K .                                                     100% 2306G=0.04s

2017-02-02 23:11:54 (1.19 MB/s) - ‘dyx002’ saved [52438/52438]

--2017-02-02 23:11:55--  http://doi.org/10.1093/ije/dyx013
Connecting to doi.org (doi.org)|95.138.171.129|:80... connected.
HTTP request sent, awaiting response... 303 See Other
Location: http://fdslive.oup.com/www.oup.com/pdf/production_in_progress.pdf [following]
--2017-02-02 23:11:56--  http://fdslive.oup.com/www.oup.com/pdf/production_in_progress.pdf
Connecting to fdslive.oup.com (fdslive.oup.com)|193.67.160.201|:80... connected.
HTTP request sent, awaiting response... 200 OK
Length: 52438 (51K) [application/pdf]
Saving to: ‘dyx013’

     0K .......... .......... .......... .......... .......... 97% 1.16M 0s
    50K .                                                     100% 2306G=0.04s

2017-02-02 23:11:56 (1.19 MB/s) - ‘dyx013’ saved [52438/52438]

--2017-02-02 23:11:57--  http://doi.org/10.1093/ije/dyw362
Connecting to doi.org (doi.org)|95.138.171.129|:80... connected.
HTTP request sent, awaiting response... 303 See Other
Location: http://fdslive.oup.com/www.oup.com/pdf/production_in_progress.pdf [following]
--2017-02-02 23:11:59--  http://fdslive.oup.com/www.oup.com/pdf/production_in_progress.pdf
Connecting to fdslive.oup.com (fdslive.oup.com)|193.67.160.201|:80... connected.
HTTP request sent, awaiting response... 200 OK
Length: 52438 (51K) [application/pdf]
Saving to: ‘dyw362’

     0K .......... .......... .......... .......... .......... 97% 1.29M 0s
    50K .                                                     100% 2306G=0.04s

2017-02-02 23:11:59 (1.32 MB/s) - ‘dyw362’ saved [52438/52438]

--2017-02-02 23:12:00--  http://doi.org/10.1093/ije/dyx009
Connecting to doi.org (doi.org)|95.138.171.129|:80... connected.
HTTP request sent, awaiting response... 303 See Other
Location: http://fdslive.oup.com/www.oup.com/pdf/production_in_progress.pdf [following]
--2017-02-02 23:12:01--  http://fdslive.oup.com/www.oup.com/pdf/production_in_progress.pdf
Connecting to fdslive.oup.com (fdslive.oup.com)|193.67.160.201|:80... connected.
HTTP request sent, awaiting response... 200 OK
Length: 52438 (51K) [application/pdf]
Saving to: ‘dyx009’

     0K .......... .......... .......... .......... .......... 97% 1.17M 0s
    50K .                                                     100% 2306G=0.04s

2017-02-02 23:12:01 (1.20 MB/s) - ‘dyx009’ saved [52438/52438]

--2017-02-02 23:12:02--  http://doi.org/10.1093/ije/dyx015
Connecting to doi.org (doi.org)|95.138.171.129|:80... connected.
HTTP request sent, awaiting response... 303 See Other
Location: http://fdslive.oup.com/www.oup.com/pdf/production_in_progress.pdf [following]
--2017-02-02 23:12:03--  http://fdslive.oup.com/www.oup.com/pdf/production_in_progress.pdf
Connecting to fdslive.oup.com (fdslive.oup.com)|193.67.160.201|:80... connected.
HTTP request sent, awaiting response... 200 OK
Length: 52438 (51K) [application/pdf]
Saving to: ‘dyx015’

     0K .......... .......... .......... .......... .......... 97% 1.28M 0s
    50K .                                                     100% 2306G=0.04s

2017-02-02 23:12:03 (1.31 MB/s) - ‘dyx015’ saved [52438/52438]

--2017-02-02 23:12:04--  http://doi.org/10.1093/ije/dyx011
Connecting to doi.org (doi.org)|95.138.171.129|:80... connected.
HTTP request sent, awaiting response... 303 See Other
Location: http://fdslive.oup.com/www.oup.com/pdf/production_in_progress.pdf [following]
--2017-02-02 23:12:05--  http://fdslive.oup.com/www.oup.com/pdf/production_in_progress.pdf
Connecting to fdslive.oup.com (fdslive.oup.com)|193.67.160.201|:80... connected.
HTTP request sent, awaiting response... 200 OK
Length: 52438 (51K) [application/pdf]
Saving to: ‘dyx011’

     0K .......... .......... .......... .......... .......... 97% 1.28M 0s
    50K .                                                     100% 2306G=0.04s

2017-02-02 23:12:05 (1.32 MB/s) - ‘dyx011’ saved [52438/52438]

--2017-02-02 23:12:06--  http://doi.org/10.1093/ije/dyx004
Connecting to doi.org (doi.org)|95.138.171.129|:80... connected.
HTTP request sent, awaiting response... 303 See Other
Location: http://fdslive.oup.com/www.oup.com/pdf/production_in_progress.pdf [following]
--2017-02-02 23:12:07--  http://fdslive.oup.com/www.oup.com/pdf/production_in_progress.pdf
Connecting to fdslive.oup.com (fdslive.oup.com)|193.67.160.201|:80... connected.
HTTP request sent, awaiting response... 200 OK
Length: 52438 (51K) [application/pdf]
Saving to: ‘dyx004’

     0K .......... .......... .......... .......... .......... 97% 1.16M 0s
    50K .                                                     100% 2306G=0.04s

2017-02-02 23:12:07 (1.19 MB/s) - ‘dyx004’ saved [52438/52438]

--2017-02-02 23:12:08--  http://doi.org/10.1093/ije/dyx012
Connecting to doi.org (doi.org)|95.138.171.129|:80... connected.
HTTP request sent, awaiting response... 303 See Other
Location: http://fdslive.oup.com/www.oup.com/pdf/production_in_progress.pdf [following]
--2017-02-02 23:12:09--  http://fdslive.oup.com/www.oup.com/pdf/production_in_progress.pdf
Connecting to fdslive.oup.com (fdslive.oup.com)|193.67.160.201|:80... connected.
HTTP request sent, awaiting response... 200 OK
Length: 52438 (51K) [application/pdf]
Saving to: ‘dyx012’

     0K .......... .......... .......... .......... .......... 97% 1.29M 0s
    50K .                                                     100% 2306G=0.04s

2017-02-02 23:12:09 (1.32 MB/s) - ‘dyx012’ saved [52438/52438]

--2017-02-02 23:12:10--  http://doi.org/10.1093/ije/dyw282
Connecting to doi.org (doi.org)|95.138.171.129|:80... connected.
HTTP request sent, awaiting response... 303 See Other
Location: http://fdslive.oup.com/www.oup.com/pdf/production_in_progress.pdf [following]
--2017-02-02 23:12:12--  http://fdslive.oup.com/www.oup.com/pdf/production_in_progress.pdf
Connecting to fdslive.oup.com (fdslive.oup.com)|193.67.160.201|:80... connected.
HTTP request sent, awaiting response... 200 OK
Length: 52438 (51K) [application/pdf]
Saving to: ‘dyw282’

     0K .......... .......... .......... .......... .......... 97% 1.17M 0s
    50K .                                                     100% 2306G=0.04s

2017-02-02 23:12:12 (1.19 MB/s) - ‘dyw282’ saved [52438/52438]

--2017-02-02 23:12:13--  http://doi.org/10.1093/ije/dyx007
Connecting to doi.org (doi.org)|95.138.171.129|:80... connected.
HTTP request sent, awaiting response... 303 See Other
Location: http://fdslive.oup.com/www.oup.com/pdf/production_in_progress.pdf [following]
--2017-02-02 23:12:14--  http://fdslive.oup.com/www.oup.com/pdf/production_in_progress.pdf
Connecting to fdslive.oup.com (fdslive.oup.com)|193.67.160.201|:80... connected.
HTTP request sent, awaiting response... 200 OK
Length: 52438 (51K) [application/pdf]
Saving to: ‘dyx007’

     0K .......... .......... .......... .......... .......... 97% 1.28M 0s
    50K .                                                     100% 2306G=0.04s

2017-02-02 23:12:14 (1.31 MB/s) - ‘dyx007’ saved [52438/52438]

--2017-02-02 23:12:15--  http://doi.org/10.1093/ije/dyx001
Connecting to doi.org (doi.org)|95.138.171.129|:80... connected.
HTTP request sent, awaiting response... 303 See Other
Location: http://fdslive.oup.com/www.oup.com/pdf/production_in_progress.pdf [following]
--2017-02-02 23:12:16--  http://fdslive.oup.com/www.oup.com/pdf/production_in_progress.pdf
Connecting to fdslive.oup.com (fdslive.oup.com)|193.67.160.201|:80... connected.
HTTP request sent, awaiting response... 200 OK
Length: 52438 (51K) [application/pdf]
Saving to: ‘dyx001’

     0K .......... .......... .......... .......... .......... 97% 1.16M 0s
    50K .                                                     100% 2306G=0.04s

2017-02-02 23:12:16 (1.19 MB/s) - ‘dyx001’ saved [52438/52438]

--2017-02-02 23:12:17--  http://doi.org/10.1093/ije/dyx006
Connecting to doi.org (doi.org)|95.138.171.129|:80... connected.
HTTP request sent, awaiting response... 303 See Other
Location: http://fdslive.oup.com/www.oup.com/pdf/production_in_progress.pdf [following]
--2017-02-02 23:12:18--  http://fdslive.oup.com/www.oup.com/pdf/production_in_progress.pdf
Connecting to fdslive.oup.com (fdslive.oup.com)|193.67.160.201|:80... connected.
HTTP request sent, awaiting response... 200 OK
Length: 52438 (51K) [application/pdf]
Saving to: ‘dyx006’

     0K .......... .......... .......... .......... .......... 97% 1.17M 0s
    50K .                                                     100% 2306G=0.04s

2017-02-02 23:12:18 (1.20 MB/s) - ‘dyx006’ saved [52438/52438]

--2017-02-02 23:12:19--  http://doi.org/10.1093/ije/dyx016
Connecting to doi.org (doi.org)|95.138.171.129|:80... connected.
HTTP request sent, awaiting response... 303 See Other
Location: http://fdslive.oup.com/www.oup.com/pdf/production_in_progress.pdf [following]
--2017-02-02 23:12:20--  http://fdslive.oup.com/www.oup.com/pdf/production_in_progress.pdf
Connecting to fdslive.oup.com (fdslive.oup.com)|193.67.160.201|:80... connected.
HTTP request sent, awaiting response... 200 OK
Length: 52438 (51K) [application/pdf]
Saving to: ‘dyx016’

     0K .......... .......... .......... .......... .......... 97% 1.26M 0s
    50K .                                                     100% 2306G=0.04s

2017-02-02 23:12:20 (1.29 MB/s) - ‘dyx016’ saved [52438/52438]

--2017-02-02 23:12:21--  http://doi.org/10.1093/ije/dyx014
Connecting to doi.org (doi.org)|95.138.171.129|:80... connected.
HTTP request sent, awaiting response... 303 See Other
Location: http://fdslive.oup.com/www.oup.com/pdf/production_in_progress.pdf [following]
--2017-02-02 23:12:22--  http://fdslive.oup.com/www.oup.com/pdf/production_in_progress.pdf
Connecting to fdslive.oup.com (fdslive.oup.com)|193.67.160.201|:80... connected.
HTTP request sent, awaiting response... 200 OK
Length: 52438 (51K) [application/pdf]
Saving to: ‘dyx014’

     0K .......... .......... .......... .......... .......... 97% 1.26M 0s
    50K .                                                     100% 2306G=0.04s

2017-02-02 23:12:22 (1.29 MB/s) - ‘dyx014’ saved [52438/52438]

--2017-02-02 23:12:23--  http://doi.org/10.1093/ije/dyw368
Connecting to doi.org (doi.org)|95.138.171.129|:80... connected.
HTTP request sent, awaiting response... 303 See Other
Location: http://fdslive.oup.com/www.oup.com/pdf/production_in_progress.pdf [following]
--2017-02-02 23:12:25--  http://fdslive.oup.com/www.oup.com/pdf/production_in_progress.pdf
Connecting to fdslive.oup.com (fdslive.oup.com)|193.67.160.201|:80... connected.
HTTP request sent, awaiting response... 200 OK
Length: 52438 (51K) [application/pdf]
Saving to: ‘dyw368’

     0K .......... .......... .......... .......... .......... 97% 1.16M 0s
    50K .                                                     100% 2306G=0.04s

2017-02-02 23:12:25 (1.19 MB/s) - ‘dyw368’ saved [52438/52438]

--2017-02-02 23:12:26--  http://doi.org/10.1093/ije/dyw310
Connecting to doi.org (doi.org)|95.138.171.129|:80... connected.
HTTP request sent, awaiting response... 303 See Other
Location: http://ije.oxfordjournals.org/lookup/doi/10.1093/ije/dyw310 [following]
--2017-02-02 23:12:27--  http://ije.oxfordjournals.org/lookup/doi/10.1093/ije/dyw310
Connecting to ije.oxfordjournals.org (ije.oxfordjournals.org)|209.135.222.209|:80... connected.
HTTP request sent, awaiting response... 301 Moved Permanently
Cookie coming from ije.oxfordjournals.org attempted to set domain to academic.oup.com
Cookie coming from ije.oxfordjournals.org attempted to set domain to academic.oup.com
Location: https://academic.oup.com/ije/redirect-unavailable?url=ije.oxfordjournals.org/lookup/doi/10.1093/ije/dyw310 [following]
--2017-02-02 23:12:28--  https://academic.oup.com/ije/redirect-unavailable?url=ije.oxfordjournals.org/lookup/doi/10.1093/ije/dyw310
Connecting to academic.oup.com (academic.oup.com)|173.254.190.144|:443... connected.
HTTP request sent, awaiting response... 404 Not Found
2017-02-02 23:12:29 ERROR 404: Not Found.

--2017-02-02 23:12:30--  http://doi.org/10.1093/ije/dyw317
Connecting to doi.org (doi.org)|95.138.171.129|:80... connected.
HTTP request sent, awaiting response... 303 See Other
Location: https://academic.oup.com/ije/article-lookup/doi/10.1093/ije/dyw317 [following]
--2017-02-02 23:12:31--  https://academic.oup.com/ije/article-lookup/doi/10.1093/ije/dyw317
Connecting to academic.oup.com (academic.oup.com)|173.254.190.144|:443... connected.
HTTP request sent, awaiting response... 200 OK
Length: 357002 (349K) [text/html]
Saving to: ‘dyw317’

     0K .......... .......... .......... .......... .......... 14%  209K 1s
    50K .......... .......... .......... .......... .......... 28%  606K 1s
   100K .......... .......... .......... .......... .......... 43%  609K 1s
   150K .......... .......... .......... .......... .......... 57%  606K 0s
   200K .......... .......... .......... .......... .......... 71%  313K 0s
   250K .......... .......... .......... .......... .......... 86%  611K 0s
   300K .......... .......... .......... .......... ........  100%  591K=0.8s

2017-02-02 23:12:36 (430 KB/s) - ‘dyw317’ saved [357002/357002]

--2017-02-02 23:12:37--  http://doi.org/10.1093/ije/dyw287
Connecting to doi.org (doi.org)|95.138.171.129|:80... connected.
HTTP request sent, awaiting response... 303 See Other
Location: https://academic.oup.com/ije/article-lookup/doi/10.1093/ije/dyw287 [following]
--2017-02-02 23:12:38--  https://academic.oup.com/ije/article-lookup/doi/10.1093/ije/dyw287
Connecting to academic.oup.com (academic.oup.com)|173.254.190.144|:443... connected.
HTTP request sent, awaiting response... 200 OK
Length: 281416 (275K) [text/html]
Saving to: ‘dyw287’

     0K .......... .......... .......... .......... .......... 18%  209K 1s
    50K .......... .......... .......... .......... .......... 36%  591K 1s
   100K .......... .......... .......... .......... .......... 54%  607K 0s
   150K .......... .......... .......... .......... .......... 72%  611K 0s
   200K .......... .......... .......... .......... .......... 90%  312K 0s
   250K .......... .......... ....                            100% 13.9M=0.7s

2017-02-02 23:12:44 (423 KB/s) - ‘dyw287’ saved [281416/281416]

--2017-02-02 23:12:45--  http://doi.org/10.1093/ije/dyw292
Connecting to doi.org (doi.org)|95.138.171.129|:80... connected.
HTTP request sent, awaiting response... 303 See Other
Location: https://academic.oup.com/ije/article-lookup/doi/10.1093/ije/dyw292 [following]
--2017-02-02 23:12:46--  https://academic.oup.com/ije/article-lookup/doi/10.1093/ije/dyw292
Connecting to academic.oup.com (academic.oup.com)|173.254.190.144|:443... connected.
HTTP request sent, awaiting response... 200 OK
Length: 222975 (218K) [text/html]
Saving to: ‘dyw292’

     0K .......... .......... .......... .......... .......... 22%  209K 1s
    50K .......... .......... .......... .......... .......... 45%  605K 0s
   100K .......... .......... .......... .......... .......... 68%  610K 0s
   150K .......... .......... .......... .......... .......... 91%  594K 0s
   200K .......... .......                                    100%  225K=0.6s

2017-02-02 23:12:50 (384 KB/s) - ‘dyw292’ saved [222975/222975]

--2017-02-02 23:12:51--  http://doi.org/10.1093/ije/dyw297
Connecting to doi.org (doi.org)|95.138.171.129|:80... connected.
HTTP request sent, awaiting response... 303 See Other
Location: https://academic.oup.com/ije/article-lookup/doi/10.1093/ije/dyw297 [following]
--2017-02-02 23:12:52--  https://academic.oup.com/ije/article-lookup/doi/10.1093/ije/dyw297
Connecting to academic.oup.com (academic.oup.com)|173.254.190.144|:443... connected.
HTTP request sent, awaiting response... 400 Bad Request
2017-02-02 23:12:52 ERROR 400: Bad Request.

--2017-02-02 23:12:53--  http://doi.org/10.1093/ije/dyw323
Connecting to doi.org (doi.org)|95.138.171.129|:80... connected.
HTTP request sent, awaiting response... 303 See Other
Location: https://academic.oup.com/ije/article-lookup/doi/10.1093/ije/dyw323 [following]
--2017-02-02 23:12:55--  https://academic.oup.com/ije/article-lookup/doi/10.1093/ije/dyw323
Connecting to academic.oup.com (academic.oup.com)|173.254.190.144|:443... connected.
HTTP request sent, awaiting response... 200 OK
Length: 216058 (211K) [text/html]
Saving to: ‘dyw323’

     0K .......... .......... .......... .......... .......... 23%  309K 1s
    50K .......... .......... .......... .......... .......... 47%  315K 0s
   100K .......... .......... .......... .......... .......... 71%  567K 0s
   150K .......... .......... .......... .......... .......... 94%  598K 0s
   200K ..........                                            100%  158K=0.6s

2017-02-02 23:12:58 (375 KB/s) - ‘dyw323’ saved [216058/216058]

--2017-02-02 23:12:59--  http://doi.org/10.1093/ije/dyw288
Connecting to doi.org (doi.org)|95.138.171.129|:80... connected.
HTTP request sent, awaiting response... 303 See Other
Location: https://academic.oup.com/ije/article-lookup/doi/10.1093/ije/dyw288 [following]
--2017-02-02 23:13:00--  https://academic.oup.com/ije/article-lookup/doi/10.1093/ije/dyw288
Connecting to academic.oup.com (academic.oup.com)|173.254.190.144|:443... connected.
HTTP request sent, awaiting response... 200 OK
Length: 352335 (344K) [text/html]
Saving to: ‘dyw288’

     0K .......... .......... .......... .......... .......... 14%  207K 1s
    50K .......... .......... .......... .......... .......... 29%  602K 1s
   100K .......... .......... .......... .......... .......... 43%  606K 1s
   150K .......... .......... .......... .......... .......... 58%  424K 0s
   200K .......... .......... .......... .......... .......... 72%  405K 0s
   250K .......... .......... .......... .......... .......... 87%  610K 0s
   300K .......... .......... .......... .......... ....      100%  541K=0.8s

2017-02-02 23:13:06 (424 KB/s) - ‘dyw288’ saved [352335/352335]

--2017-02-02 23:13:07--  http://doi.org/10.1093/ije/dyw275
Connecting to doi.org (doi.org)|95.138.171.129|:80... connected.
HTTP request sent, awaiting response... 303 See Other
Location: https://academic.oup.com/ije/article-lookup/doi/10.1093/ije/dyw275 [following]
--2017-02-02 23:13:08--  https://academic.oup.com/ije/article-lookup/doi/10.1093/ije/dyw275
Connecting to academic.oup.com (academic.oup.com)|173.254.190.144|:443... connected.
HTTP request sent, awaiting response... 200 OK
Length: 391040 (382K) [text/html]
Saving to: ‘dyw275’

     0K .......... .......... .......... .......... .......... 13%  209K 2s
    50K .......... .......... .......... .......... .......... 26%  606K 1s
   100K .......... .......... .......... .......... .......... 39%  604K 1s
   150K .......... .......... .......... .......... .......... 52%  610K 0s
   200K .......... .......... .......... .......... .......... 65%  314K 0s
   250K .......... .......... .......... .......... .......... 78%  610K 0s
   300K .......... .......... .......... .......... .......... 91%  606K 0s
   350K .......... .......... .......... .                    100%  395K=0.9s

2017-02-02 23:13:13 (429 KB/s) - ‘dyw275’ saved [391040/391040]

--2017-02-02 23:13:14--  http://doi.org/10.1093/ije/dyw325
Connecting to doi.org (doi.org)|95.138.171.129|:80... connected.
HTTP request sent, awaiting response... 303 See Other
Location: https://academic.oup.com/ije/article-lookup/doi/10.1093/ije/dyw325 [following]
--2017-02-02 23:13:15--  https://academic.oup.com/ije/article-lookup/doi/10.1093/ije/dyw325
Connecting to academic.oup.com (academic.oup.com)|173.254.190.144|:443... connected.
HTTP request sent, awaiting response... 200 OK
Length: 330752 (323K) [text/html]
Saving to: ‘dyw325’

     0K .......... .......... .......... .......... .......... 15%  209K 1s
    50K .......... .......... .......... .......... .......... 30%  602K 1s
   100K .......... .......... .......... .......... .......... 46%  606K 0s
   150K .......... .......... .......... .......... .......... 61%  320K 0s
   200K .......... .......... .......... .......... .......... 77%  583K 0s
   250K .......... .......... .......... .......... .......... 92%  606K 0s
   300K .......... .......... ...                             100%  305K=0.8s

2017-02-02 23:13:19 (401 KB/s) - ‘dyw325’ saved [330752/330752]

--2017-02-02 23:13:20--  http://doi.org/10.1093/ije/dyw296
Connecting to doi.org (doi.org)|95.138.171.129|:80... connected.
HTTP request sent, awaiting response... 303 See Other
Location: https://academic.oup.com/ije/article-lookup/doi/10.1093/ije/dyw296 [following]
--2017-02-02 23:13:22--  https://academic.oup.com/ije/article-lookup/doi/10.1093/ije/dyw296
Connecting to academic.oup.com (academic.oup.com)|173.254.190.144|:443... connected.
HTTP request sent, awaiting response... 200 OK
Length: 238211 (233K) [text/html]
Saving to: ‘dyw296’

     0K .......... .......... .......... .......... .......... 21%  209K 1s
    50K .......... .......... .......... .......... .......... 42%  610K 0s
   100K .......... .......... .......... .......... .......... 64%  606K 0s
   150K .......... .......... .......... .......... .......... 85%  599K 0s
   200K .......... .......... .......... ..                   100%  400K=0.6s

2017-02-02 23:13:32 (409 KB/s) - ‘dyw296’ saved [238211/238211]

--2017-02-02 23:13:33--  http://doi.org/10.1093/ije/dyw295
Connecting to doi.org (doi.org)|95.138.171.129|:80... connected.
HTTP request sent, awaiting response... 303 See Other
Location: https://academic.oup.com/ije/article-lookup/doi/10.1093/ije/dyw295 [following]
--2017-02-02 23:13:34--  https://academic.oup.com/ije/article-lookup/doi/10.1093/ije/dyw295
Connecting to academic.oup.com (academic.oup.com)|173.254.190.144|:443... connected.
HTTP request sent, awaiting response... 200 OK
Length: 211040 (206K) [text/html]
Saving to: ‘dyw295’

     0K .......... .......... .......... .......... .......... 24%  209K 1s
    50K .......... .......... .......... .......... .......... 48%  614K 0s
   100K .......... .......... .......... .......... .......... 72%  595K 0s
   150K .......... .......... .......... .......... .......... 97%  603K 0s
   200K ......                                                100% 83.5K=0.6s

2017-02-02 23:13:37 (368 KB/s) - ‘dyw295’ saved [211040/211040]

--2017-02-02 23:13:38--  http://doi.org/10.1093/ije/dyw290
Connecting to doi.org (doi.org)|95.138.171.129|:80... connected.
HTTP request sent, awaiting response... 303 See Other
Location: https://academic.oup.com/ije/article-lookup/doi/10.1093/ije/dyw290 [following]
--2017-02-02 23:13:39--  https://academic.oup.com/ije/article-lookup/doi/10.1093/ije/dyw290
Connecting to academic.oup.com (academic.oup.com)|173.254.190.144|:443... connected.
HTTP request sent, awaiting response... 200 OK
Length: 212039 (207K) [text/html]
Saving to: ‘dyw290’

     0K .......... .......... .......... .......... .......... 24%  209K 1s
    50K .......... .......... .......... .......... .......... 48%  606K 0s
   100K .......... .......... .......... .......... .......... 72%  613K 0s
   150K .......... .......... .......... .......... .......... 96%  577K 0s
   200K .......                                               100% 16.0M=0.5s

2017-02-02 23:13:43 (422 KB/s) - ‘dyw290’ saved [212039/212039]

--2017-02-02 23:13:44--  http://doi.org/10.1093/ije/dyw306
Connecting to doi.org (doi.org)|95.138.171.129|:80... connected.
HTTP request sent, awaiting response... 303 See Other
Location: https://academic.oup.com/ije/article-lookup/doi/10.1093/ije/dyw306 [following]
--2017-02-02 23:13:45--  https://academic.oup.com/ije/article-lookup/doi/10.1093/ije/dyw306
Connecting to academic.oup.com (academic.oup.com)|173.254.190.144|:443... connected.
HTTP request sent, awaiting response... 200 OK
Length: 210127 (205K) [text/html]
Saving to: ‘dyw306’

     0K .......... .......... .......... .......... .......... 24%  208K 1s
    50K .......... .......... .......... .......... .......... 48%  588K 0s
   100K .......... .......... .......... .......... .......... 73%  606K 0s
   150K .......... .......... .......... .......... .......... 97%  322K 0s
   200K .....                                                 100% 19.0M=0.6s

2017-02-02 23:13:49 (364 KB/s) - ‘dyw306’ saved [210127/210127]

--2017-02-02 23:13:50--  http://doi.org/10.1093/ije/dyw270
Connecting to doi.org (doi.org)|95.138.171.129|:80... connected.
HTTP request sent, awaiting response... 303 See Other
Location: https://academic.oup.com/ije/article-lookup/doi/10.1093/ije/dyw270 [following]
--2017-02-02 23:13:51--  https://academic.oup.com/ije/article-lookup/doi/10.1093/ije/dyw270
Connecting to academic.oup.com (academic.oup.com)|173.254.190.144|:443... connected.
HTTP request sent, awaiting response... 200 OK
Length: 244266 (239K) [text/html]
Saving to: ‘dyw270’

     0K .......... .......... .......... .......... .......... 20%  209K 1s
    50K .......... .......... .......... .......... .......... 41%  613K 0s
   100K .......... .......... .......... .......... .......... 62%  603K 0s
   150K .......... .......... .......... .......... .......... 83%  318K 0s
   200K .......... .......... .......... ........             100% 5.28M=0.6s

2017-02-02 23:14:00 (420 KB/s) - ‘dyw270’ saved [244266/244266]

--2017-02-02 23:14:01--  http://doi.org/10.1093/ije/dyw329
Connecting to doi.org (doi.org)|95.138.171.129|:80... connected.
HTTP request sent, awaiting response... 303 See Other
Location: https://academic.oup.com/ije/article-lookup/doi/10.1093/ije/dyw329 [following]
--2017-02-02 23:14:02--  https://academic.oup.com/ije/article-lookup/doi/10.1093/ije/dyw329
Connecting to academic.oup.com (academic.oup.com)|173.254.190.144|:443... connected.
HTTP request sent, awaiting response... 200 OK
Length: 213412 (208K) [text/html]
Saving to: ‘dyw329’

     0K .......... .......... .......... .......... .......... 23%  209K 1s
    50K .......... .......... .......... .......... .......... 47%  614K 0s
   100K .......... .......... .......... .......... .......... 71%  602K 0s
   150K .......... .......... .......... .......... .......... 95%  573K 0s
   200K ........                                              100%  115K=0.6s

2017-02-02 23:14:13 (369 KB/s) - ‘dyw329’ saved [213412/213412]

--2017-02-02 23:14:14--  http://doi.org/10.1093/ije/dyw301
Connecting to doi.org (doi.org)|95.138.171.129|:80... connected.
HTTP request sent, awaiting response... 303 See Other
Location: https://academic.oup.com/ije/article-lookup/doi/10.1093/ije/dyw301 [following]
--2017-02-02 23:14:15--  https://academic.oup.com/ije/article-lookup/doi/10.1093/ije/dyw301
Connecting to academic.oup.com (academic.oup.com)|173.254.190.144|:443... connected.
HTTP request sent, awaiting response... 200 OK
Length: 279174 (273K) [text/html]
Saving to: ‘dyw301’

     0K .......... .......... .......... .......... .......... 18%  209K 1s
    50K .......... .......... .......... .......... .......... 36%  591K 1s
   100K .......... .......... .......... .......... .......... 55%  589K 0s
   150K .......... .......... .......... .......... .......... 73%  605K 0s
   200K .......... .......... .......... .......... .......... 91%  320K 0s
   250K .......... .......... ..                              100% 4.01M=0.7s

2017-02-02 23:14:19 (418 KB/s) - ‘dyw301’ saved [279174/279174]

--2017-02-02 23:14:20--  http://doi.org/10.1093/ije/dyw311
Connecting to doi.org (doi.org)|95.138.171.129|:80... connected.
HTTP request sent, awaiting response... 303 See Other
Location: https://academic.oup.com/ije/article-lookup/doi/10.1093/ije/dyw311 [following]
--2017-02-02 23:14:21--  https://academic.oup.com/ije/article-lookup/doi/10.1093/ije/dyw311
Connecting to academic.oup.com (academic.oup.com)|173.254.190.144|:443... connected.
HTTP request sent, awaiting response... 200 OK
Length: 223475 (218K) [text/html]
Saving to: ‘dyw311’

     0K .......... .......... .......... .......... .......... 22%  209K 1s
    50K .......... .......... .......... .......... .......... 45%  597K 0s
   100K .......... .......... .......... .......... .......... 68%  588K 0s
   150K .......... .......... .......... .......... .......... 91%  604K 0s
   200K .......... ........                                   100%  232K=0.6s

2017-02-02 23:14:26 (383 KB/s) - ‘dyw311’ saved [223475/223475]

--2017-02-02 23:14:27--  http://doi.org/10.1093/ije/dyw327
Connecting to doi.org (doi.org)|95.138.171.129|:80... connected.
HTTP request sent, awaiting response... 303 See Other
Location: https://academic.oup.com/ije/article-lookup/doi/10.1093/ije/dyw327 [following]
--2017-02-02 23:14:28--  https://academic.oup.com/ije/article-lookup/doi/10.1093/ije/dyw327
Connecting to academic.oup.com (academic.oup.com)|173.254.190.144|:443... connected.
HTTP request sent, awaiting response... 400 Bad Request
2017-02-02 23:14:29 ERROR 400: Bad Request.

--2017-02-02 23:14:30--  http://doi.org/10.1093/ije/dyw315
Connecting to doi.org (doi.org)|95.138.171.129|:80... connected.
HTTP request sent, awaiting response... 303 See Other
Location: https://academic.oup.com/ije/article-lookup/doi/10.1093/ije/dyw315 [following]
--2017-02-02 23:14:31--  https://academic.oup.com/ije/article-lookup/doi/10.1093/ije/dyw315
Connecting to academic.oup.com (academic.oup.com)|173.254.190.144|:443... connected.
HTTP request sent, awaiting response... 200 OK
Length: 93035 (91K) [text/html]
Saving to: ‘dyw315’

     0K .......... .......... .......... .......... .......... 55%  209K 0s
    50K .......... .......... .......... ..........           100% 1.03M=0.3s

2017-02-02 23:14:35 (327 KB/s) - ‘dyw315’ saved [93035/93035]

--2017-02-02 23:14:36--  http://doi.org/10.1093/ije/dyw320
Connecting to doi.org (doi.org)|95.138.171.129|:80... connected.
HTTP request sent, awaiting response... 303 See Other
Location: https://academic.oup.com/ije/article-lookup/doi/10.1093/ije/dyw320 [following]
--2017-02-02 23:14:37--  https://academic.oup.com/ije/article-lookup/doi/10.1093/ije/dyw320
Connecting to academic.oup.com (academic.oup.com)|173.254.190.144|:443... connected.
HTTP request sent, awaiting response... 200 OK
Length: 305612 (298K) [text/html]
Saving to: ‘dyw320’

     0K .......... .......... .......... .......... .......... 16%  209K 1s
    50K .......... .......... .......... .......... .......... 33%  602K 1s
   100K .......... .......... .......... .......... .......... 50%  597K 0s
   150K .......... .......... .......... .......... .......... 67%  600K 0s
   200K .......... .......... .......... .......... .......... 83%  312K 0s
   250K .......... .......... .......... .......... ........  100%  583K=0.7s

2017-02-02 23:14:41 (407 KB/s) - ‘dyw320’ saved [305612/305612]

--2017-02-02 23:14:42--  http://doi.org/10.1093/ije/dyw303
Connecting to doi.org (doi.org)|95.138.171.129|:80... connected.
HTTP request sent, awaiting response... 303 See Other
Location: https://academic.oup.com/ije/article-lookup/doi/10.1093/ije/dyw303 [following]
--2017-02-02 23:14:43--  https://academic.oup.com/ije/article-lookup/doi/10.1093/ije/dyw303
Connecting to academic.oup.com (academic.oup.com)|173.254.190.144|:443... connected.
HTTP request sent, awaiting response... 200 OK
Length: 102893 (100K) [text/html]
Saving to: ‘dyw303’

     0K .......... .......... .......... .......... .......... 49%  209K 0s
    50K .......... .......... .......... .......... .......... 99%  608K 0s
   100K                                                       100%  918G=0.3s

2017-02-02 23:14:46 (312 KB/s) - ‘dyw303’ saved [102893/102893]

--2017-02-02 23:14:47--  http://doi.org/10.1093/ije/dyw309
Connecting to doi.org (doi.org)|95.138.171.129|:80... connected.
HTTP request sent, awaiting response... 303 See Other
Location: https://academic.oup.com/ije/article-lookup/doi/10.1093/ije/dyw309 [following]
--2017-02-02 23:14:48--  https://academic.oup.com/ije/article-lookup/doi/10.1093/ije/dyw309
Connecting to academic.oup.com (academic.oup.com)|173.254.190.144|:443... connected.
HTTP request sent, awaiting response... 200 OK
Length: 104006 (102K) [text/html]
Saving to: ‘dyw309’

     0K .......... .......... .......... .......... .......... 49%  209K 0s
    50K .......... .......... .......... .......... .......... 98%  614K 0s
   100K .                                                     100% 2991G=0.3s

2017-02-02 23:14:52 (316 KB/s) - ‘dyw309’ saved [104006/104006]

--2017-02-02 23:14:53--  http://doi.org/10.1093/ije/dyw336
Connecting to doi.org (doi.org)|95.138.171.129|:80... connected.
HTTP request sent, awaiting response... 303 See Other
Location: https://academic.oup.com/ije/article-lookup/doi/10.1093/ije/dyw336 [following]
--2017-02-02 23:14:54--  https://academic.oup.com/ije/article-lookup/doi/10.1093/ije/dyw336
Connecting to academic.oup.com (academic.oup.com)|173.254.190.144|:443... connected.
HTTP request sent, awaiting response... 200 OK
Length: 308636 (301K) [text/html]
Saving to: ‘dyw336’

     0K .......... .......... .......... .......... .......... 16%  208K 1s
    50K .......... .......... .......... .......... .......... 33%  599K 1s
   100K .......... .......... .......... .......... .......... 49%  608K 0s
   150K .......... .......... .......... .......... .......... 66%  428K 0s
   200K .......... .......... .......... .......... .......... 82%  391K 0s
   250K .......... .......... .......... .......... .......... 99%  601K 0s
   300K .                                                     100% 2675G=0.7s

2017-02-02 23:14:58 (410 KB/s) - ‘dyw336’ saved [308636/308636]

--2017-02-02 23:14:59--  http://doi.org/10.1093/ije/dyw122
Connecting to doi.org (doi.org)|95.138.171.129|:80... connected.
HTTP request sent, awaiting response... 303 See Other
Location: https://academic.oup.com/ije/article-lookup/doi/10.1093/ije/dyw122 [following]
--2017-02-02 23:15:00--  https://academic.oup.com/ije/article-lookup/doi/10.1093/ije/dyw122
Connecting to academic.oup.com (academic.oup.com)|173.254.190.144|:443... connected.
HTTP request sent, awaiting response... 200 OK
Length: 278531 (272K) [text/html]
Saving to: ‘dyw122’

     0K .......... .......... .......... .......... .......... 18%  209K 1s
    50K .......... .......... .......... .......... .......... 36%  600K 1s
   100K .......... .......... .......... .......... .......... 55%  606K 0s
   150K .......... .......... .......... .......... .......... 73%  525K 0s
   200K .......... .......... .......... .......... .......... 91%  608K 0s
   250K .......... .......... ..                              100%  319K=0.7s

2017-02-02 23:15:04 (417 KB/s) - ‘dyw122’ saved [278531/278531]

--2017-02-02 23:15:05--  http://doi.org/10.1093/ije/dyw203
Connecting to doi.org (doi.org)|95.138.171.129|:80... connected.
HTTP request sent, awaiting response... 303 See Other
Location: https://academic.oup.com/ije/article-lookup/doi/10.1093/ije/dyw203 [following]
--2017-02-02 23:15:06--  https://academic.oup.com/ije/article-lookup/doi/10.1093/ije/dyw203
Connecting to academic.oup.com (academic.oup.com)|173.254.190.144|:443... connected.
HTTP request sent, awaiting response... 200 OK
Length: 216297 (211K) [text/html]
Saving to: ‘dyw203’

     0K .......... .......... .......... .......... .......... 23%  206K 1s
    50K .......... .......... .......... .......... .......... 47%  607K 0s
   100K .......... .......... .......... .......... .......... 71%  583K 0s
   150K .......... .......... .......... .......... .......... 94%  593K 0s
   200K .......... .                                          100%  151K=0.6s

2017-02-02 23:15:10 (371 KB/s) - ‘dyw203’ saved [216297/216297]

--2017-02-02 23:15:11--  http://doi.org/10.1093/ije/dyw294
Connecting to doi.org (doi.org)|95.138.171.129|:80... connected.
HTTP request sent, awaiting response... 303 See Other
Location: https://academic.oup.com/ije/article-lookup/doi/10.1093/ije/dyw294 [following]
--2017-02-02 23:15:13--  https://academic.oup.com/ije/article-lookup/doi/10.1093/ije/dyw294
Connecting to academic.oup.com (academic.oup.com)|173.254.190.144|:443... connected.
HTTP request sent, awaiting response... 200 OK
Length: 288531 (282K) [text/html]
Saving to: ‘dyw294’

     0K .......... .......... .......... .......... .......... 17%  209K 1s
    50K .......... .......... .......... .......... .......... 35%  581K 1s
   100K .......... .......... .......... .......... .......... 53%  608K 0s
   150K .......... .......... .......... .......... .......... 70%  590K 0s
   200K .......... .......... .......... .......... .......... 88%  312K 0s
   250K .......... .......... .......... .                    100%  410K=0.7s

2017-02-02 23:15:17 (386 KB/s) - ‘dyw294’ saved [288531/288531]

--2017-02-02 23:15:18--  http://doi.org/10.1093/ije/dyw263
Connecting to doi.org (doi.org)|95.138.171.129|:80... connected.
HTTP request sent, awaiting response... 303 See Other
Location: https://academic.oup.com/ije/article-lookup/doi/10.1093/ije/dyw263 [following]
--2017-02-02 23:15:19--  https://academic.oup.com/ije/article-lookup/doi/10.1093/ije/dyw263
Connecting to academic.oup.com (academic.oup.com)|173.254.190.144|:443... connected.
HTTP request sent, awaiting response... 200 OK
Length: 167940 (164K) [text/html]
Saving to: ‘dyw263’

     0K .......... .......... .......... .......... .......... 30%  209K 1s
    50K .......... .......... .......... .......... .......... 60%  610K 0s
   100K .......... .......... .......... .......... .......... 91%  606K 0s
   150K .......... ....                                       100%  183K=0.5s

2017-02-02 23:15:24 (341 KB/s) - ‘dyw263’ saved [167940/167940]

--2017-02-02 23:15:25--  http://doi.org/10.1093/ije/dyw280
Connecting to doi.org (doi.org)|95.138.171.129|:80... connected.
HTTP request sent, awaiting response... 303 See Other
Location: https://academic.oup.com/ije/article-lookup/doi/10.1093/ije/dyw280 [following]
--2017-02-02 23:15:26--  https://academic.oup.com/ije/article-lookup/doi/10.1093/ije/dyw280
Connecting to academic.oup.com (academic.oup.com)|173.254.190.144|:443... connected.
HTTP request sent, awaiting response... 400 Bad Request
2017-02-02 23:15:27 ERROR 400: Bad Request.

--2017-02-02 23:15:28--  http://doi.org/10.1093/ije/dyw312
Connecting to doi.org (doi.org)|95.138.171.129|:80... connected.
HTTP request sent, awaiting response... 303 See Other
Location: https://academic.oup.com/ije/article-lookup/doi/10.1093/ije/dyw312 [following]
--2017-02-02 23:15:29--  https://academic.oup.com/ije/article-lookup/doi/10.1093/ije/dyw312
Connecting to academic.oup.com (academic.oup.com)|173.254.190.144|:443... connected.
HTTP request sent, awaiting response... 200 OK
Length: 72022 (70K) [text/html]
Saving to: ‘dyw312’

     0K .......... .......... .......... .......... .......... 71%  208K 0s
    50K .......... ..........                                 100% 15.7M=0.2s

2017-02-02 23:15:33 (291 KB/s) - ‘dyw312’ saved [72022/72022]

--2017-02-02 23:15:34--  http://doi.org/10.1093/ije/dyw245
Connecting to doi.org (doi.org)|95.138.171.129|:80... connected.
HTTP request sent, awaiting response... 303 See Other
Location: https://academic.oup.com/ije/article-lookup/doi/10.1093/ije/dyw245 [following]
--2017-02-02 23:15:35--  https://academic.oup.com/ije/article-lookup/doi/10.1093/ije/dyw245
Connecting to academic.oup.com (academic.oup.com)|173.254.190.144|:443... connected.
HTTP request sent, awaiting response... 400 Bad Request
2017-02-02 23:15:36 ERROR 400: Bad Request.

--2017-02-02 23:15:37--  http://doi.org/10.1093/ije/dyw137
Connecting to doi.org (doi.org)|95.138.171.129|:80... connected.
HTTP request sent, awaiting response... 303 See Other
Location: https://academic.oup.com/ije/article-lookup/doi/10.1093/ije/dyw137 [following]
--2017-02-02 23:15:38--  https://academic.oup.com/ije/article-lookup/doi/10.1093/ije/dyw137
Connecting to academic.oup.com (academic.oup.com)|173.254.190.144|:443... connected.
HTTP request sent, awaiting response... 200 OK
Length: 122786 (120K) [text/html]
Saving to: ‘dyw137’

     0K .......... .......... .......... .......... .......... 41%  309K 0s
    50K .......... .......... .......... .......... .......... 83%  311K 0s
   100K .......... .........                                  100% 7.45M=0.3s

2017-02-02 23:15:41 (368 KB/s) - ‘dyw137’ saved [122786/122786]

--2017-02-02 23:15:42--  http://doi.org/10.1093/ije/dyw299
Connecting to doi.org (doi.org)|95.138.171.129|:80... connected.
HTTP request sent, awaiting response... 303 See Other
Location: https://academic.oup.com/ije/article-lookup/doi/10.1093/ije/dyw299 [following]
--2017-02-02 23:15:43--  https://academic.oup.com/ije/article-lookup/doi/10.1093/ije/dyw299
Connecting to academic.oup.com (academic.oup.com)|173.254.190.144|:443... connected.
HTTP request sent, awaiting response... 200 OK
Length: 113618 (111K) [text/html]
Saving to: ‘dyw299’

     0K .......... .......... .......... .......... .......... 45%  209K 0s
    50K .......... .......... .......... .......... .......... 90%  612K 0s
   100K ..........                                            100% 14.1M=0.3s

2017-02-02 23:15:52 (345 KB/s) - ‘dyw299’ saved [113618/113618]

--2017-02-02 23:15:53--  http://doi.org/10.1093/ije/dyw289
Connecting to doi.org (doi.org)|95.138.171.129|:80... connected.
HTTP request sent, awaiting response... 303 See Other
Location: https://academic.oup.com/ije/article-lookup/doi/10.1093/ije/dyw289 [following]
--2017-02-02 23:15:54--  https://academic.oup.com/ije/article-lookup/doi/10.1093/ije/dyw289
Connecting to academic.oup.com (academic.oup.com)|173.254.190.144|:443... connected.
HTTP request sent, awaiting response... 200 OK
Length: 83816 (82K) [text/html]
Saving to: ‘dyw289’

     0K .......... .......... .......... .......... .......... 61%  209K 0s
    50K .......... .......... .......... .                    100% 11.7M=0.2s

2017-02-02 23:15:57 (338 KB/s) - ‘dyw289’ saved [83816/83816]

--2017-02-02 23:15:58--  http://doi.org/10.1093/ije/dyw259
Connecting to doi.org (doi.org)|95.138.171.129|:80... connected.
HTTP request sent, awaiting response... 303 See Other
Location: https://academic.oup.com/ije/article-lookup/doi/10.1093/ije/dyw259 [following]
--2017-02-02 23:15:59--  https://academic.oup.com/ije/article-lookup/doi/10.1093/ije/dyw259
Connecting to academic.oup.com (academic.oup.com)|173.254.190.144|:443... connected.
HTTP request sent, awaiting response... 200 OK
Length: 325853 (318K) [text/html]
Saving to: ‘dyw259’

     0K .......... .......... .......... .......... .......... 15%  209K 1s
    50K .......... .......... .......... .......... .......... 31%  601K 1s
   100K .......... .......... .......... .......... .......... 47%  594K 0s
   150K .......... .......... .......... .......... .......... 62%  600K 0s
   200K .......... .......... .......... .......... .......... 78%  318K 0s
   250K .......... .......... .......... .......... .......... 94%  592K 0s
   300K .......... ........                                   100% 7.64M=0.7s

2017-02-02 23:16:09 (433 KB/s) - ‘dyw259’ saved [325853/325853]

--2017-02-02 23:16:10--  http://doi.org/10.1093/ije/dyw278
Connecting to doi.org (doi.org)|95.138.171.129|:80... connected.
HTTP request sent, awaiting response... 303 See Other
Location: https://academic.oup.com/ije/article-lookup/doi/10.1093/ije/dyw278 [following]
--2017-02-02 23:16:11--  https://academic.oup.com/ije/article-lookup/doi/10.1093/ije/dyw278
Connecting to academic.oup.com (academic.oup.com)|173.254.190.144|:443... connected.
HTTP request sent, awaiting response... 200 OK
Length: 105310 (103K) [text/html]
Saving to: ‘dyw278’

     0K .......... .......... .......... .......... .......... 48%  209K 0s
    50K .......... .......... .......... .......... .......... 97%  603K 0s
   100K ..                                                    100% 5420G=0.3s

2017-02-02 23:16:14 (319 KB/s) - ‘dyw278’ saved [105310/105310]

--2017-02-02 23:16:15--  http://doi.org/10.1093/ije/dyw273
Connecting to doi.org (doi.org)|95.138.171.129|:80... connected.
HTTP request sent, awaiting response... 303 See Other
Location: https://academic.oup.com/ije/article-lookup/doi/10.1093/ije/dyw273 [following]
--2017-02-02 23:16:16--  https://academic.oup.com/ije/article-lookup/doi/10.1093/ije/dyw273
Connecting to academic.oup.com (academic.oup.com)|173.254.190.144|:443... connected.
HTTP request sent, awaiting response... 200 OK
Length: 361581 (353K) [text/html]
Saving to: ‘dyw273’

     0K .......... .......... .......... .......... .......... 14%  310K 1s
    50K .......... .......... .......... .......... .......... 28%  309K 1s
   100K .......... .......... .......... .......... .......... 42%  608K 1s
   150K .......... .......... .......... .......... .......... 56%  317K 0s
   200K .......... .......... .......... .......... .......... 70%  593K 0s
   250K .......... .......... .......... .......... .......... 84%  592K 0s
   300K .......... .......... .......... .......... .......... 99%  313K 0s
   350K ...                                                   100% 5925G=0.9s

2017-02-02 23:16:21 (396 KB/s) - ‘dyw273’ saved [361581/361581]

--2017-02-02 23:16:22--  http://doi.org/10.1093/ije/dyw281
Connecting to doi.org (doi.org)|95.138.171.129|:80... connected.
HTTP request sent, awaiting response... 303 See Other
Location: https://academic.oup.com/ije/article-lookup/doi/10.1093/ije/dyw281 [following]
--2017-02-02 23:16:23--  https://academic.oup.com/ije/article-lookup/doi/10.1093/ije/dyw281
Connecting to academic.oup.com (academic.oup.com)|173.254.190.144|:443... connected.
HTTP request sent, awaiting response... 200 OK
Length: 200192 (196K) [text/html]
Saving to: ‘dyw281’

     0K .......... .......... .......... .......... .......... 25%  208K 1s
    50K .......... .......... .......... .......... .......... 51%  584K 0s
   100K .......... .......... .......... .......... .......... 76%  609K 0s
   150K .......... .......... .......... .......... .....     100%  551K=0.5s

2017-02-02 23:16:31 (398 KB/s) - ‘dyw281’ saved [200192/200192]

--2017-02-02 23:16:32--  http://doi.org/10.1093/ije/dyw219
Connecting to doi.org (doi.org)|95.138.171.129|:80... connected.
HTTP request sent, awaiting response... 303 See Other
Location: https://academic.oup.com/ije/article-lookup/doi/10.1093/ije/dyw219 [following]
--2017-02-02 23:16:33--  https://academic.oup.com/ije/article-lookup/doi/10.1093/ije/dyw219
Connecting to academic.oup.com (academic.oup.com)|173.254.190.144|:443... connected.
HTTP request sent, awaiting response... 200 OK
Length: 429212 (419K) [text/html]
Saving to: ‘dyw219’

     0K .......... .......... .......... .......... .......... 11%  209K 2s
    50K .......... .......... .......... .......... .......... 23%  608K 1s
   100K .......... .......... .......... .......... .......... 35%  603K 1s
   150K .......... .......... .......... .......... .......... 47%  586K 1s
   200K .......... .......... .......... .......... .......... 59%  314K 0s
   250K .......... .......... .......... .......... .......... 71%  611K 0s
   300K .......... .......... .......... .......... .......... 83%  606K 0s
   350K .......... .......... .......... .......... .......... 95%  587K 0s
   400K .......... .........                                  100%  253K=1.0s

2017-02-02 23:16:37 (430 KB/s) - ‘dyw219’ saved [429212/429212]

--2017-02-02 23:16:38--  http://doi.org/10.1093/ije/dyw277
Connecting to doi.org (doi.org)|95.138.171.129|:80... connected.
HTTP request sent, awaiting response... 303 See Other
Location: https://academic.oup.com/ije/article-lookup/doi/10.1093/ije/dyw277 [following]
--2017-02-02 23:16:40--  https://academic.oup.com/ije/article-lookup/doi/10.1093/ije/dyw277
Connecting to academic.oup.com (academic.oup.com)|173.254.190.144|:443... connected.
HTTP request sent, awaiting response... 200 OK
Length: 119580 (117K) [text/html]
Saving to: ‘dyw277’

     0K .......... .......... .......... .......... .......... 42%  209K 0s
    50K .......... .......... .......... .......... .......... 85%  612K 0s
   100K .......... ......                                     100% 7.48M=0.3s

2017-02-02 23:16:43 (362 KB/s) - ‘dyw277’ saved [119580/119580]

--2017-02-02 23:16:44--  http://doi.org/10.1093/ije/dyw246
Connecting to doi.org (doi.org)|95.138.171.129|:80... connected.
HTTP request sent, awaiting response... 303 See Other
Location: https://academic.oup.com/ije/article-lookup/doi/10.1093/ije/dyw246 [following]
--2017-02-02 23:16:45--  https://academic.oup.com/ije/article-lookup/doi/10.1093/ije/dyw246
Connecting to academic.oup.com (academic.oup.com)|173.254.190.144|:443... connected.
HTTP request sent, awaiting response... 200 OK
Length: 388087 (379K) [text/html]
Saving to: ‘dyw246’

     0K .......... .......... .......... .......... .......... 13%  208K 2s
    50K .......... .......... .......... .......... .......... 26%  594K 1s
   100K .......... .......... .......... .......... .......... 39%  607K 1s
   150K .......... .......... .......... .......... .......... 52%  603K 0s
   200K .......... .......... .......... .......... .......... 65%  311K 0s
   250K .......... .......... .......... .......... .......... 79%  602K 0s
   300K .......... .......... .......... .......... .......... 92%  604K 0s
   350K .......... .......... ........                        100%  362K=0.9s

2017-02-02 23:16:50 (423 KB/s) - ‘dyw246’ saved [388087/388087]

--2017-02-02 23:16:51--  http://doi.org/10.1093/ije/dyw300
Connecting to doi.org (doi.org)|95.138.171.129|:80... connected.
HTTP request sent, awaiting response... 303 See Other
Location: https://academic.oup.com/ije/article-lookup/doi/10.1093/ije/dyw300 [following]
--2017-02-02 23:16:52--  https://academic.oup.com/ije/article-lookup/doi/10.1093/ije/dyw300
Connecting to academic.oup.com (academic.oup.com)|173.254.190.144|:443... connected.
HTTP request sent, awaiting response... 400 Bad Request
2017-02-02 23:16:53 ERROR 400: Bad Request.

--2017-02-02 23:16:54--  http://doi.org/10.1093/ije/dyw211
Connecting to doi.org (doi.org)|95.138.171.129|:80... connected.
HTTP request sent, awaiting response... 303 See Other
Location: https://academic.oup.com/ije/article-lookup/doi/10.1093/ije/dyw211 [following]
--2017-02-02 23:16:55--  https://academic.oup.com/ije/article-lookup/doi/10.1093/ije/dyw211
Connecting to academic.oup.com (academic.oup.com)|173.254.190.144|:443... connected.
HTTP request sent, awaiting response... 200 OK
Length: 301013 (294K) [text/html]
Saving to: ‘dyw211’

     0K .......... .......... .......... .......... .......... 17%  207K 1s
    50K .......... .......... .......... .......... .......... 34%  564K 1s
   100K .......... .......... .......... .......... .......... 51%  597K 0s
   150K .......... .......... .......... .......... .......... 68%  608K 0s
   200K .......... .......... .......... .......... .......... 85%  333K 0s
   250K .......... .......... .......... .......... ...       100%  497K=0.7s

2017-02-02 23:16:59 (401 KB/s) - ‘dyw211’ saved [301013/301013]

--2017-02-02 23:17:00--  http://doi.org/10.1093/ije/dyw262
Connecting to doi.org (doi.org)|95.138.171.129|:80... connected.
HTTP request sent, awaiting response... 303 See Other
Location: https://academic.oup.com/ije/article-lookup/doi/10.1093/ije/dyw262 [following]
--2017-02-02 23:17:01--  https://academic.oup.com/ije/article-lookup/doi/10.1093/ije/dyw262
Connecting to academic.oup.com (academic.oup.com)|173.254.190.144|:443... connected.
HTTP request sent, awaiting response... 200 OK
Length: 173563 (169K) [text/html]
Saving to: ‘dyw262’

     0K .......... .......... .......... .......... .......... 29%  310K 0s
    50K .......... .......... .......... .......... .......... 58%  314K 0s
   100K .......... .......... .......... .......... .......... 88%  605K 0s
   150K .......... .........                                  100% 13.8M=0.4s

2017-02-02 23:17:15 (419 KB/s) - ‘dyw262’ saved [173563/173563]

FINISHED --2017-02-02 23:17:15--
Total wall clock time: 9m 5s
Downloaded: 86 files, 15M in 36s (421 KB/s)
