--2017-02-03 03:04:00--  http://doi.org/10.1155/imrp/2006/35090
Resolving doi.org (doi.org)... 63.123.152.248, 38.100.138.162, 38.100.138.163, ...
Connecting to doi.org (doi.org)|63.123.152.248|:80... connected.
HTTP request sent, awaiting response... 303 See Other
Location: https://academic.oup.com/imrp/article-lookup/doi/10.1155/IMRP/2006/35090 [following]
--2017-02-03 03:04:02--  https://academic.oup.com/imrp/article-lookup/doi/10.1155/IMRP/2006/35090
Resolving academic.oup.com (academic.oup.com)... 173.254.190.144
Connecting to academic.oup.com (academic.oup.com)|173.254.190.144|:443... connected.
HTTP request sent, awaiting response... 200 OK
Length: 134507 (131K) [text/html]
Saving to: ‘35090’

     0K .......... .......... .......... .......... .......... 38%  209K 0s
    50K .......... .......... .......... .......... .......... 76%  612K 0s
   100K .......... .......... .......... .                    100%  391K=0.4s

2017-02-03 03:04:25 (327 KB/s) - ‘35090’ saved [134507/134507]

--2017-02-03 03:04:26--  http://doi.org/10.1155/imrp/2006/54701
Connecting to doi.org (doi.org)|63.123.152.248|:80... connected.
HTTP request sent, awaiting response... 303 See Other
Location: https://academic.oup.com/imrp/article-lookup/doi/10.1155/IMRP/2006/54701 [following]
--2017-02-03 03:04:27--  https://academic.oup.com/imrp/article-lookup/doi/10.1155/IMRP/2006/54701
Connecting to academic.oup.com (academic.oup.com)|173.254.190.144|:443... connected.
HTTP request sent, awaiting response... 200 OK
Length: 139437 (136K) [text/html]
Saving to: ‘54701’

     0K .......... .......... .......... .......... .......... 36%  208K 0s
    50K .......... .......... .......... .......... .......... 73%  603K 0s
   100K .......... .......... .......... ......               100%  461K=0.4s

2017-02-03 03:04:53 (339 KB/s) - ‘54701’ saved [139437/139437]

--2017-02-03 03:04:54--  http://doi.org/10.1155/imrp/2006/48673
Connecting to doi.org (doi.org)|63.123.152.248|:80... connected.
HTTP request sent, awaiting response... 303 See Other
Location: https://academic.oup.com/imrp/article-lookup/doi/10.1155/IMRP/2006/48673 [following]
--2017-02-03 03:04:55--  https://academic.oup.com/imrp/article-lookup/doi/10.1155/IMRP/2006/48673
Connecting to academic.oup.com (academic.oup.com)|173.254.190.144|:443... connected.
HTTP request sent, awaiting response... 200 OK
Length: 130858 (128K) [text/html]
Saving to: ‘48673’

     0K .......... .......... .......... .......... .......... 39%  208K 0s
    50K .......... .......... .......... .......... .......... 78%  608K 0s
   100K .......... .......... .......                         100%  351K=0.4s

2017-02-03 03:05:08 (318 KB/s) - ‘48673’ saved [130858/130858]

--2017-02-03 03:05:09--  http://doi.org/10.1155/imrp/2006/69590
Connecting to doi.org (doi.org)|63.123.152.248|:80... connected.
HTTP request sent, awaiting response... 303 See Other
Location: https://academic.oup.com/imrp/article-lookup/doi/10.1155/IMRP/2006/69590 [following]
--2017-02-03 03:05:11--  https://academic.oup.com/imrp/article-lookup/doi/10.1155/IMRP/2006/69590
Connecting to academic.oup.com (academic.oup.com)|173.254.190.144|:443... connected.
HTTP request sent, awaiting response... 200 OK
Length: 101554 (99K) [text/html]
Saving to: ‘69590’

     0K .......... .......... .......... .......... .......... 50%  308K 0s
    50K .......... .......... .......... .......... ......... 100%  307K=0.3s

2017-02-03 03:05:28 (308 KB/s) - ‘69590’ saved [101554/101554]

--2017-02-03 03:05:29--  http://doi.org/10.1155/imrp/2006/72826
Connecting to doi.org (doi.org)|63.123.152.248|:80... connected.
HTTP request sent, awaiting response... 303 See Other
Location: https://academic.oup.com/imrp/article-lookup/doi/10.1155/IMRP/2006/72826 [following]
--2017-02-03 03:05:30--  https://academic.oup.com/imrp/article-lookup/doi/10.1155/IMRP/2006/72826
Connecting to academic.oup.com (academic.oup.com)|173.254.190.144|:443... connected.
HTTP request sent, awaiting response... 400 Bad Request
2017-02-03 03:05:31 ERROR 400: Bad Request.

--2017-02-03 03:05:32--  http://doi.org/10.1155/imrp/2006/72069
Connecting to doi.org (doi.org)|63.123.152.248|:80... connected.
HTTP request sent, awaiting response... 303 See Other
Location: https://academic.oup.com/imrp/article-lookup/doi/10.1155/IMRP/2006/72069 [following]
--2017-02-03 03:05:33--  https://academic.oup.com/imrp/article-lookup/doi/10.1155/IMRP/2006/72069
Connecting to academic.oup.com (academic.oup.com)|173.254.190.144|:443... connected.
HTTP request sent, awaiting response... 200 OK
Length: 128725 (126K) [text/html]
Saving to: ‘72069’

     0K .......... .......... .......... .......... .......... 39%  209K 0s
    50K .......... .......... .......... .......... .......... 79%  604K 0s
   100K .......... .......... .....                           100% 9.35M=0.3s

2017-02-03 03:05:41 (387 KB/s) - ‘72069’ saved [128725/128725]

--2017-02-03 03:05:42--  http://doi.org/10.1155/imrp/2006/46293
Connecting to doi.org (doi.org)|63.123.152.248|:80... connected.
HTTP request sent, awaiting response... 303 See Other
Location: https://academic.oup.com/imrp/article-lookup/doi/10.1155/IMRP/2006/46293 [following]
--2017-02-03 03:05:43--  https://academic.oup.com/imrp/article-lookup/doi/10.1155/IMRP/2006/46293
Connecting to academic.oup.com (academic.oup.com)|173.254.190.144|:443... connected.
HTTP request sent, awaiting response... 200 OK
Length: 136435 (133K) [text/html]
Saving to: ‘46293’

     0K .......... .......... .......... .......... .......... 37%  209K 0s
    50K .......... .......... .......... .......... .......... 75%  613K 0s
   100K .......... .......... .......... ...                  100%  415K=0.4s

2017-02-03 03:05:47 (332 KB/s) - ‘46293’ saved [136435/136435]

--2017-02-03 03:05:48--  http://doi.org/10.1155/imrp/2006/70630
Connecting to doi.org (doi.org)|63.123.152.248|:80... connected.
HTTP request sent, awaiting response... 303 See Other
Location: https://academic.oup.com/imrp/article-lookup/doi/10.1155/IMRP/2006/70630 [following]
--2017-02-03 03:05:49--  https://academic.oup.com/imrp/article-lookup/doi/10.1155/IMRP/2006/70630
Connecting to academic.oup.com (academic.oup.com)|173.254.190.144|:443... connected.
HTTP request sent, awaiting response... 200 OK
Length: 86939 (85K) [text/html]
Saving to: ‘70630’

     0K .......... .......... .......... .......... .......... 58%  209K 0s
    50K .......... .......... .......... ....                 100% 8.60M=0.2s

2017-02-03 03:05:53 (348 KB/s) - ‘70630’ saved [86939/86939]

--2017-02-03 03:05:54--  http://doi.org/10.1155/imrp/2006/17683
Connecting to doi.org (doi.org)|63.123.152.248|:80... connected.
HTTP request sent, awaiting response... 303 See Other
Location: https://academic.oup.com/imrp/article-lookup/doi/10.1155/IMRP/2006/17683 [following]
--2017-02-03 03:05:55--  https://academic.oup.com/imrp/article-lookup/doi/10.1155/IMRP/2006/17683
Connecting to academic.oup.com (academic.oup.com)|173.254.190.144|:443... connected.
HTTP request sent, awaiting response... 400 Bad Request
2017-02-03 03:05:56 ERROR 400: Bad Request.

--2017-02-03 03:05:57--  http://doi.org/10.1155/imrp/2006/93234
Connecting to doi.org (doi.org)|63.123.152.248|:80... connected.
HTTP request sent, awaiting response... 303 See Other
Location: https://academic.oup.com/imrp/article-lookup/doi/10.1155/IMRP/2006/93234 [following]
--2017-02-03 03:05:58--  https://academic.oup.com/imrp/article-lookup/doi/10.1155/IMRP/2006/93234
Connecting to academic.oup.com (academic.oup.com)|173.254.190.144|:443... connected.
HTTP request sent, awaiting response... 200 OK
Length: 65838 (64K) [text/html]
Saving to: ‘93234’

     0K .......... .......... .......... .......... .......... 77%  308K 0s
    50K .......... ....                                       100%  180K=0.2s

2017-02-03 03:06:07 (266 KB/s) - ‘93234’ saved [65838/65838]

--2017-02-03 03:06:08--  http://doi.org/10.1155/imrp/2006/69163
Connecting to doi.org (doi.org)|63.123.152.248|:80... connected.
HTTP request sent, awaiting response... 303 See Other
Location: https://academic.oup.com/imrp/article-lookup/doi/10.1155/IMRP/2006/69163 [following]
--2017-02-03 03:06:10--  https://academic.oup.com/imrp/article-lookup/doi/10.1155/IMRP/2006/69163
Connecting to academic.oup.com (academic.oup.com)|173.254.190.144|:443... connected.
HTTP request sent, awaiting response... 200 OK
Length: 120512 (118K) [text/html]
Saving to: ‘69163’

     0K .......... .......... .......... .......... .......... 42%  209K 0s
    50K .......... .......... .......... .......... .......... 84%  615K 0s
   100K .......... .......                                    100% 8.95M=0.3s

2017-02-03 03:06:31 (365 KB/s) - ‘69163’ saved [120512/120512]

--2017-02-03 03:06:32--  http://doi.org/10.1155/imrp/2006/26439
Connecting to doi.org (doi.org)|63.123.152.248|:80... connected.
HTTP request sent, awaiting response... 303 See Other
Location: https://academic.oup.com/imrp/article-lookup/doi/10.1155/IMRP/2006/26439 [following]
--2017-02-03 03:06:33--  https://academic.oup.com/imrp/article-lookup/doi/10.1155/IMRP/2006/26439
Connecting to academic.oup.com (academic.oup.com)|173.254.190.144|:443... connected.
HTTP request sent, awaiting response... 200 OK
Length: 134238 (131K) [text/html]
Saving to: ‘26439’

     0K .......... .......... .......... .......... .......... 38%  207K 0s
    50K .......... .......... .......... .......... .......... 76%  610K 0s
   100K .......... .......... .......... .                    100%  376K=0.4s

2017-02-03 03:06:40 (323 KB/s) - ‘26439’ saved [134238/134238]

--2017-02-03 03:06:41--  http://doi.org/10.1155/imrp/2006/68213
Connecting to doi.org (doi.org)|63.123.152.248|:80... connected.
HTTP request sent, awaiting response... 303 See Other
Location: https://academic.oup.com/imrp/article-lookup/doi/10.1155/IMRP/2006/68213 [following]
--2017-02-03 03:06:42--  https://academic.oup.com/imrp/article-lookup/doi/10.1155/IMRP/2006/68213
Connecting to academic.oup.com (academic.oup.com)|173.254.190.144|:443... connected.
HTTP request sent, awaiting response... 200 OK
Length: 108029 (105K) [text/html]
Saving to: ‘68213’

     0K .......... .......... .......... .......... .......... 47%  206K 0s
    50K .......... .......... .......... .......... .......... 94%  606K 0s
   100K .....                                                 100% 33.8M=0.3s

2017-02-03 03:06:50 (324 KB/s) - ‘68213’ saved [108029/108029]

--2017-02-03 03:06:51--  http://doi.org/10.1155/imrp/2006/76978
Connecting to doi.org (doi.org)|63.123.152.248|:80... connected.
HTTP request sent, awaiting response... 303 See Other
Location: https://academic.oup.com/imrp/article-lookup/doi/10.1155/IMRP/2006/76978 [following]
--2017-02-03 03:06:52--  https://academic.oup.com/imrp/article-lookup/doi/10.1155/IMRP/2006/76978
Connecting to academic.oup.com (academic.oup.com)|173.254.190.144|:443... connected.
HTTP request sent, awaiting response... 200 OK
Length: 154363 (151K) [text/html]
Saving to: ‘76978’

     0K .......... .......... .......... .......... .......... 33%  206K 0s
    50K .......... .......... .......... .......... .......... 66%  610K 0s
   100K .......... .......... .......... .......... .......... 99%  601K 0s
   150K                                                       100% 1421G=0.4s

2017-02-03 03:06:57 (370 KB/s) - ‘76978’ saved [154363/154363]

--2017-02-03 03:06:58--  http://doi.org/10.1155/imrp/2006/96895
Connecting to doi.org (doi.org)|63.123.152.248|:80... connected.
HTTP request sent, awaiting response... 303 See Other
Location: https://academic.oup.com/imrp/article-lookup/doi/10.1155/IMRP/2006/96895 [following]
--2017-02-03 03:07:00--  https://academic.oup.com/imrp/article-lookup/doi/10.1155/IMRP/2006/96895
Connecting to academic.oup.com (academic.oup.com)|173.254.190.144|:443... connected.
HTTP request sent, awaiting response... 200 OK
Length: 104763 (102K) [text/html]
Saving to: ‘96895’

     0K .......... .......... .......... .......... .......... 48%  184K 0s
    50K .......... .......... .......... .......... .......... 97%  606K 0s
   100K ..                                                    100% 4401G=0.4s

2017-02-03 03:07:05 (289 KB/s) - ‘96895’ saved [104763/104763]

--2017-02-03 03:07:06--  http://doi.org/10.1155/imrp/2006/62815
Connecting to doi.org (doi.org)|63.123.152.248|:80... connected.
HTTP request sent, awaiting response... 303 See Other
Location: https://academic.oup.com/imrp/article-lookup/doi/10.1155/IMRP/2006/62815 [following]
--2017-02-03 03:07:08--  https://academic.oup.com/imrp/article-lookup/doi/10.1155/IMRP/2006/62815
Connecting to academic.oup.com (academic.oup.com)|173.254.190.144|:443... connected.
HTTP request sent, awaiting response... 200 OK
Length: 305405 (298K) [text/html]
Saving to: ‘62815’

     0K .......... .......... .......... .......... .......... 16%  209K 1s
    50K .......... .......... .......... .......... .......... 33%  609K 1s
   100K .......... .......... .......... .......... .......... 50%  611K 0s
   150K .......... .......... .......... .......... .......... 67%  583K 0s
   200K .......... .......... .......... .......... .......... 83%  430K 0s
   250K .......... .......... .......... .......... ........  100%  396K=0.7s

2017-02-03 03:07:14 (410 KB/s) - ‘62815’ saved [305405/305405]

--2017-02-03 03:07:15--  http://doi.org/10.1155/imrp/2006/21867
Connecting to doi.org (doi.org)|63.123.152.248|:80... connected.
HTTP request sent, awaiting response... 303 See Other
Location: https://academic.oup.com/imrp/article-lookup/doi/10.1155/IMRP/2006/21867 [following]
--2017-02-03 03:07:16--  https://academic.oup.com/imrp/article-lookup/doi/10.1155/IMRP/2006/21867
Connecting to academic.oup.com (academic.oup.com)|173.254.190.144|:443... connected.
HTTP request sent, awaiting response... 200 OK
Length: 169365 (165K) [text/html]
Saving to: ‘21867’

     0K .......... .......... .......... .......... .......... 30%  207K 1s
    50K .......... .......... .......... .......... .......... 60%  606K 0s
   100K .......... .......... .......... .......... .......... 90%  602K 0s
   150K .......... .....                                      100%  197K=0.5s

2017-02-03 03:07:24 (341 KB/s) - ‘21867’ saved [169365/169365]

--2017-02-03 03:07:25--  http://doi.org/10.1155/imrp/2006/73597
Connecting to doi.org (doi.org)|63.123.152.248|:80... connected.
HTTP request sent, awaiting response... 303 See Other
Location: https://academic.oup.com/imrp/article-lookup/doi/10.1155/IMRP/2006/73597 [following]
--2017-02-03 03:07:26--  https://academic.oup.com/imrp/article-lookup/doi/10.1155/IMRP/2006/73597
Connecting to academic.oup.com (academic.oup.com)|173.254.190.144|:443... connected.
HTTP request sent, awaiting response... 200 OK
Length: 125285 (122K) [text/html]
Saving to: ‘73597’

     0K .......... .......... .......... .......... .......... 40%  209K 0s
    50K .......... .......... .......... .......... .......... 81%  603K 0s
   100K .......... .......... ..                              100% 15.6M=0.3s

2017-02-03 03:07:31 (378 KB/s) - ‘73597’ saved [125285/125285]

--2017-02-03 03:07:32--  http://doi.org/10.1155/imrp/2006/62058
Connecting to doi.org (doi.org)|63.123.152.248|:80... connected.
HTTP request sent, awaiting response... 303 See Other
Location: https://academic.oup.com/imrp/article-lookup/doi/10.1155/IMRP/2006/62058 [following]
--2017-02-03 03:07:33--  https://academic.oup.com/imrp/article-lookup/doi/10.1155/IMRP/2006/62058
Connecting to academic.oup.com (academic.oup.com)|173.254.190.144|:443... connected.
HTTP request sent, awaiting response... 200 OK
Length: 143133 (140K) [text/html]
Saving to: ‘62058’

     0K .......... .......... .......... .......... .......... 35%  209K 0s
    50K .......... .......... .......... .......... .......... 71%  609K 0s
   100K .......... .......... .......... .........            100%  493K=0.4s

2017-02-03 03:07:49 (348 KB/s) - ‘62058’ saved [143133/143133]

--2017-02-03 03:07:50--  http://doi.org/10.1155/imrp/2006/72017
Connecting to doi.org (doi.org)|63.123.152.248|:80... connected.
HTTP request sent, awaiting response... 303 See Other
Location: https://academic.oup.com/imrp/article-lookup/doi/10.1155/IMRP/2006/72017 [following]
--2017-02-03 03:07:52--  https://academic.oup.com/imrp/article-lookup/doi/10.1155/IMRP/2006/72017
Connecting to academic.oup.com (academic.oup.com)|173.254.190.144|:443... connected.
HTTP request sent, awaiting response... 200 OK
Length: 132737 (130K) [text/html]
Saving to: ‘72017’

     0K .......... .......... .......... .......... .......... 38%  209K 0s
    50K .......... .......... .......... .......... .......... 77%  602K 0s
   100K .......... .......... .........                       100%  764K=0.4s

2017-02-03 03:07:58 (359 KB/s) - ‘72017’ saved [132737/132737]

--2017-02-03 03:07:59--  http://doi.org/10.1155/imrp/2006/52976
Connecting to doi.org (doi.org)|63.123.152.248|:80... connected.
HTTP request sent, awaiting response... 303 See Other
Location: https://academic.oup.com/imrp/article-lookup/doi/10.1155/IMRP/2006/52976 [following]
--2017-02-03 03:08:00--  https://academic.oup.com/imrp/article-lookup/doi/10.1155/IMRP/2006/52976
Connecting to academic.oup.com (academic.oup.com)|173.254.190.144|:443... connected.
HTTP request sent, awaiting response... 200 OK
Length: 105305 (103K) [text/html]
Saving to: ‘52976’

     0K .......... .......... .......... .......... .......... 48%  209K 0s
    50K .......... .......... .......... .......... .......... 97%  606K 0s
   100K ..                                                    100% 5411G=0.3s

2017-02-03 03:08:12 (320 KB/s) - ‘52976’ saved [105305/105305]

--2017-02-03 03:08:13--  http://doi.org/10.1093/imrp/rpm003
Connecting to doi.org (doi.org)|63.123.152.248|:80... connected.
HTTP request sent, awaiting response... 303 See Other
Location: https://academic.oup.com/imrp/article-lookup/doi/10.1093/imrp/rpm003 [following]
--2017-02-03 03:08:15--  https://academic.oup.com/imrp/article-lookup/doi/10.1093/imrp/rpm003
Connecting to academic.oup.com (academic.oup.com)|173.254.190.144|:443... connected.
HTTP request sent, awaiting response... 200 OK
Length: 122513 (120K) [text/html]
Saving to: ‘rpm003’

     0K .......... .......... .......... .......... .......... 41%  309K 0s
    50K .......... .......... .......... .......... .......... 83%  313K 0s
   100K .......... .........                                  100% 11.9M=0.3s

2017-02-03 03:08:22 (370 KB/s) - ‘rpm003’ saved [122513/122513]

--2017-02-03 03:08:23--  http://doi.org/10.1093/imrp/rpm008
Connecting to doi.org (doi.org)|63.123.152.248|:80... connected.
HTTP request sent, awaiting response... 303 See Other
Location: https://academic.oup.com/imrp/article-lookup/doi/10.1093/imrp/rpm008 [following]
--2017-02-03 03:08:25--  https://academic.oup.com/imrp/article-lookup/doi/10.1093/imrp/rpm008
Connecting to academic.oup.com (academic.oup.com)|173.254.190.144|:443... connected.
HTTP request sent, awaiting response... 400 Bad Request
2017-02-03 03:08:25 ERROR 400: Bad Request.

--2017-02-03 03:08:26--  http://doi.org/10.1093/imrp/rpm001
Connecting to doi.org (doi.org)|63.123.152.248|:80... connected.
HTTP request sent, awaiting response... 303 See Other
Location: https://academic.oup.com/imrp/article-lookup/doi/10.1093/imrp/rpm001 [following]
--2017-02-03 03:08:28--  https://academic.oup.com/imrp/article-lookup/doi/10.1093/imrp/rpm001
Connecting to academic.oup.com (academic.oup.com)|173.254.190.144|:443... connected.
HTTP request sent, awaiting response... 400 Bad Request
2017-02-03 03:08:28 ERROR 400: Bad Request.

--2017-02-03 03:08:29--  http://doi.org/10.1093/imrp/rpn006
Connecting to doi.org (doi.org)|63.123.152.248|:80... connected.
HTTP request sent, awaiting response... 303 See Other
Location: https://academic.oup.com/imrp/article-lookup/doi/10.1093/imrp/rpn006 [following]
--2017-02-03 03:08:30--  https://academic.oup.com/imrp/article-lookup/doi/10.1093/imrp/rpn006
Connecting to academic.oup.com (academic.oup.com)|173.254.190.144|:443... connected.
HTTP request sent, awaiting response... 200 OK
Length: 158722 (155K) [text/html]
Saving to: ‘rpn006’

     0K .......... .......... .......... .......... .......... 32%  208K 1s
    50K .......... .......... .......... .......... .......... 64%  586K 0s
   100K .......... .......... .......... .......... .......... 96%  588K 0s
   150K .....                                                 100% 9540G=0.4s

2017-02-03 03:08:35 (378 KB/s) - ‘rpn006’ saved [158722/158722]

--2017-02-03 03:08:36--  http://doi.org/10.1093/imrp/rpn001
Connecting to doi.org (doi.org)|63.123.152.248|:80... connected.
HTTP request sent, awaiting response... 303 See Other
Location: https://academic.oup.com/imrp/article-lookup/doi/10.1093/imrp/rpn001 [following]
--2017-02-03 03:08:38--  https://academic.oup.com/imrp/article-lookup/doi/10.1093/imrp/rpn001
Connecting to academic.oup.com (academic.oup.com)|173.254.190.144|:443... connected.
HTTP request sent, awaiting response... 200 OK
Length: 128258 (125K) [text/html]
Saving to: ‘rpn001’

     0K .......... .......... .......... .......... .......... 39%  209K 0s
    50K .......... .......... .......... .......... .......... 79%  606K 0s
   100K .......... .......... .....                           100% 13.7M=0.3s

2017-02-03 03:08:55 (387 KB/s) - ‘rpn001’ saved [128258/128258]

--2017-02-03 03:08:56--  http://doi.org/10.1093/imrp/rpn002
Connecting to doi.org (doi.org)|63.123.152.248|:80... connected.
HTTP request sent, awaiting response... 303 See Other
Location: https://academic.oup.com/imrp/article-lookup/doi/10.1093/imrp/rpn002 [following]
--2017-02-03 03:08:57--  https://academic.oup.com/imrp/article-lookup/doi/10.1093/imrp/rpn002
Connecting to academic.oup.com (academic.oup.com)|173.254.190.144|:443... connected.
HTTP request sent, awaiting response... 200 OK
Length: 108212 (106K) [text/html]
Saving to: ‘rpn002’

     0K .......... .......... .......... .......... .......... 47%  209K 0s
    50K .......... .......... .......... .......... .......... 94%  608K 0s
   100K .....                                                 100% 10826G=0.3s

2017-02-03 03:09:11 (329 KB/s) - ‘rpn002’ saved [108212/108212]

--2017-02-03 03:09:12--  http://doi.org/10.1093/imrp/rpn003
Connecting to doi.org (doi.org)|63.123.152.248|:80... connected.
HTTP request sent, awaiting response... 303 See Other
Location: https://academic.oup.com/imrp/article-lookup/doi/10.1093/imrp/rpn003 [following]
--2017-02-03 03:09:14--  https://academic.oup.com/imrp/article-lookup/doi/10.1093/imrp/rpn003
Connecting to academic.oup.com (academic.oup.com)|173.254.190.144|:443... connected.
HTTP request sent, awaiting response... 200 OK
Length: 149854 (146K) [text/html]
Saving to: ‘rpn003’

     0K .......... .......... .......... .......... .......... 34%  209K 0s
    50K .......... .......... .......... .......... .......... 68%  609K 0s
   100K .......... .......... .......... .......... ......    100%  551K=0.4s

2017-02-03 03:09:30 (361 KB/s) - ‘rpn003’ saved [149854/149854]

--2017-02-03 03:09:31--  http://doi.org/10.1093/imrp/rpm002
Connecting to doi.org (doi.org)|63.123.152.248|:80... connected.
HTTP request sent, awaiting response... 303 See Other
Location: https://academic.oup.com/imrp/article-lookup/doi/10.1093/imrp/rpm002 [following]
--2017-02-03 03:09:33--  https://academic.oup.com/imrp/article-lookup/doi/10.1093/imrp/rpm002
Connecting to academic.oup.com (academic.oup.com)|173.254.190.144|:443... connected.
HTTP request sent, awaiting response... 200 OK
Length: 104667 (102K) [text/html]
Saving to: ‘rpm002’

     0K .......... .......... .......... .......... .......... 48%  209K 0s
    50K .......... .......... .......... .......... .......... 97%  609K 0s
   100K ..                                                    100% 4223G=0.3s

2017-02-03 03:09:44 (318 KB/s) - ‘rpm002’ saved [104667/104667]

--2017-02-03 03:09:45--  http://doi.org/10.1093/imrp/rpm005
Connecting to doi.org (doi.org)|63.123.152.248|:80... connected.
HTTP request sent, awaiting response... 303 See Other
Location: https://academic.oup.com/imrp/article-lookup/doi/10.1093/imrp/rpm005 [following]
--2017-02-03 03:09:46--  https://academic.oup.com/imrp/article-lookup/doi/10.1093/imrp/rpm005
Connecting to academic.oup.com (academic.oup.com)|173.254.190.144|:443... connected.
HTTP request sent, awaiting response... 200 OK
Length: 144205 (141K) [text/html]
Saving to: ‘rpm005’

     0K .......... .......... .......... .......... .......... 35%  206K 0s
    50K .......... .......... .......... .......... .......... 71%  605K 0s
   100K .......... .......... .......... ..........           100%  501K=0.4s

2017-02-03 03:09:57 (346 KB/s) - ‘rpm005’ saved [144205/144205]

--2017-02-03 03:09:58--  http://doi.org/10.1093/imrp/rpm006
Connecting to doi.org (doi.org)|63.123.152.248|:80... connected.
HTTP request sent, awaiting response... 303 See Other
Location: https://academic.oup.com/imrp/article-lookup/doi/10.1093/imrp/rpm006 [following]
--2017-02-03 03:10:00--  https://academic.oup.com/imrp/article-lookup/doi/10.1093/imrp/rpm006
Connecting to academic.oup.com (academic.oup.com)|173.254.190.144|:443... connected.
HTTP request sent, awaiting response... 200 OK
Length: 125879 (123K) [text/html]
Saving to: ‘rpm006’

     0K .......... .......... .......... .......... .......... 40%  209K 0s
    50K .......... .......... .......... .......... .......... 81%  598K 0s
   100K .......... .......... ..                              100% 15.7M=0.3s

2017-02-03 03:10:06 (379 KB/s) - ‘rpm006’ saved [125879/125879]

--2017-02-03 03:10:07--  http://doi.org/10.1093/imrp/rpn005
Connecting to doi.org (doi.org)|63.123.152.248|:80... connected.
HTTP request sent, awaiting response... 303 See Other
Location: https://academic.oup.com/imrp/article-lookup/doi/10.1093/imrp/rpn005 [following]
--2017-02-03 03:10:09--  https://academic.oup.com/imrp/article-lookup/doi/10.1093/imrp/rpn005
Connecting to academic.oup.com (academic.oup.com)|173.254.190.144|:443... connected.
HTTP request sent, awaiting response... 200 OK
Length: 158014 (154K) [text/html]
Saving to: ‘rpn005’

     0K .......... .......... .......... .......... .......... 32%  207K 1s
    50K .......... .......... .......... .......... .......... 64%  586K 0s
   100K .......... .......... .......... .......... .......... 97%  597K 0s
   150K ....                                                  100% 1.52M=0.4s

2017-02-03 03:10:17 (374 KB/s) - ‘rpn005’ saved [158014/158014]

--2017-02-03 03:10:18--  http://doi.org/10.1093/imrp/rpn008
Connecting to doi.org (doi.org)|63.123.152.248|:80... connected.
HTTP request sent, awaiting response... 303 See Other
Location: https://academic.oup.com/imrp/article-lookup/doi/10.1093/imrp/rpn008 [following]
--2017-02-03 03:10:20--  https://academic.oup.com/imrp/article-lookup/doi/10.1093/imrp/rpn008
Connecting to academic.oup.com (academic.oup.com)|173.254.190.144|:443... connected.
HTTP request sent, awaiting response... 400 Bad Request
2017-02-03 03:10:20 ERROR 400: Bad Request.

--2017-02-03 03:10:21--  http://doi.org/10.1093/imrp/rpn009
Connecting to doi.org (doi.org)|63.123.152.248|:80... connected.
HTTP request sent, awaiting response... 303 See Other
Location: https://academic.oup.com/imrp/article-lookup/doi/10.1093/imrp/rpn009 [following]
--2017-02-03 03:10:23--  https://academic.oup.com/imrp/article-lookup/doi/10.1093/imrp/rpn009
Connecting to academic.oup.com (academic.oup.com)|173.254.190.144|:443... connected.
HTTP request sent, awaiting response... 200 OK
Length: 152933 (149K) [text/html]
Saving to: ‘rpn009’

     0K .......... .......... .......... .......... .......... 33%  209K 0s
    50K .......... .......... .......... .......... .......... 66%  602K 0s
   100K .......... .......... .......... .......... ......... 100%  604K=0.4s

2017-02-03 03:10:37 (369 KB/s) - ‘rpn009’ saved [152933/152933]

--2017-02-03 03:10:38--  http://doi.org/10.1093/imrp/rpn004
Connecting to doi.org (doi.org)|63.123.152.248|:80... connected.
HTTP request sent, awaiting response... 303 See Other
Location: https://academic.oup.com/imrp/article-lookup/doi/10.1093/imrp/rpn004 [following]
--2017-02-03 03:10:39--  https://academic.oup.com/imrp/article-lookup/doi/10.1093/imrp/rpn004
Connecting to academic.oup.com (academic.oup.com)|173.254.190.144|:443... connected.
HTTP request sent, awaiting response... 200 OK
Length: 130789 (128K) [text/html]
Saving to: ‘rpn004’

     0K .......... .......... .......... .......... .......... 39%  209K 0s
    50K .......... .......... .......... .......... .......... 78%  602K 0s
   100K .......... .......... .......                         100% 11.9M=0.3s

2017-02-03 03:10:54 (394 KB/s) - ‘rpn004’ saved [130789/130789]

--2017-02-03 03:10:55--  http://doi.org/10.1093/imrp/rpm004
Connecting to doi.org (doi.org)|63.123.152.248|:80... connected.
HTTP request sent, awaiting response... 303 See Other
Location: https://academic.oup.com/imrp/article-lookup/doi/10.1093/imrp/rpm004 [following]
--2017-02-03 03:10:57--  https://academic.oup.com/imrp/article-lookup/doi/10.1093/imrp/rpm004
Connecting to academic.oup.com (academic.oup.com)|173.254.190.144|:443... connected.
HTTP request sent, awaiting response... 200 OK
Length: 152025 (148K) [text/html]
Saving to: ‘rpm004’

     0K .......... .......... .......... .......... .......... 33%  208K 0s
    50K .......... .......... .......... .......... .......... 67%  602K 0s
   100K .......... .......... .......... .......... ........  100%  594K=0.4s

2017-02-03 03:11:12 (367 KB/s) - ‘rpm004’ saved [152025/152025]

--2017-02-03 03:11:13--  http://doi.org/10.1093/imrp/rpn007
Connecting to doi.org (doi.org)|63.123.152.248|:80... connected.
HTTP request sent, awaiting response... 303 See Other
Location: https://academic.oup.com/imrp/article-lookup/doi/10.1093/imrp/rpn007 [following]
--2017-02-03 03:11:14--  https://academic.oup.com/imrp/article-lookup/doi/10.1093/imrp/rpn007
Connecting to academic.oup.com (academic.oup.com)|173.254.190.144|:443... connected.
HTTP request sent, awaiting response... 200 OK
Length: 185714 (181K) [text/html]
Saving to: ‘rpn007’

     0K .......... .......... .......... .......... .......... 27%  209K 1s
    50K .......... .......... .......... .......... .......... 55%  607K 0s
   100K .......... .......... .......... .......... .......... 82%  608K 0s
   150K .......... .......... .......... .                    100%  391K=0.5s

2017-02-03 03:11:24 (375 KB/s) - ‘rpn007’ saved [185714/185714]

--2017-02-03 03:11:25--  http://doi.org/10.1093/imrp/rpm007
Connecting to doi.org (doi.org)|63.123.152.248|:80... connected.
HTTP request sent, awaiting response... 303 See Other
Location: https://academic.oup.com/imrp/article-lookup/doi/10.1093/imrp/rpm007 [following]
--2017-02-03 03:11:27--  https://academic.oup.com/imrp/article-lookup/doi/10.1093/imrp/rpm007
Connecting to academic.oup.com (academic.oup.com)|173.254.190.144|:443... connected.
HTTP request sent, awaiting response... 200 OK
Length: 225158 (220K) [text/html]
Saving to: ‘rpm007’

     0K .......... .......... .......... .......... .......... 22%  208K 1s
    50K .......... .......... .......... .......... .......... 45%  603K 0s
   100K .......... .......... .......... .......... .......... 68%  607K 0s
   150K .......... .......... .......... .......... .......... 90%  605K 0s
   200K .......... .........                                  100%  250K=0.6s

2017-02-03 03:11:41 (387 KB/s) - ‘rpm007’ saved [225158/225158]

--2017-02-03 03:11:42--  http://doi.org/10.1155/imrp.2005.1
Connecting to doi.org (doi.org)|63.123.152.248|:80... connected.
HTTP request sent, awaiting response... 303 See Other
Location: https://academic.oup.com/imrp/article-lookup/doi/10.1155/IMRP.2005.1 [following]
--2017-02-03 03:11:44--  https://academic.oup.com/imrp/article-lookup/doi/10.1155/IMRP.2005.1
Connecting to academic.oup.com (academic.oup.com)|173.254.190.144|:443... connected.
HTTP request sent, awaiting response... 200 OK
Length: 66138 (65K) [text/html]
Saving to: ‘imrp.2005.1’

     0K .......... .......... .......... .......... .......... 77%  209K 0s
    50K .......... ....                                       100% 16.3M=0.2s

2017-02-03 03:11:54 (269 KB/s) - ‘imrp.2005.1’ saved [66138/66138]

--2017-02-03 03:11:55--  http://doi.org/10.1155/imrp.2005.117
Connecting to doi.org (doi.org)|63.123.152.248|:80... connected.
HTTP request sent, awaiting response... 303 See Other
Location: https://academic.oup.com/imrp/article-lookup/doi/10.1155/IMRP.2005.117 [following]
--2017-02-03 03:11:56--  https://academic.oup.com/imrp/article-lookup/doi/10.1155/IMRP.2005.117
Connecting to academic.oup.com (academic.oup.com)|173.254.190.144|:443... connected.
HTTP request sent, awaiting response... 200 OK
Length: 68313 (67K) [text/html]
Saving to: ‘imrp.2005.117’

     0K .......... .......... .......... .......... .......... 74%  209K 0s
    50K .......... ......                                     100% 15.4M=0.2s

2017-02-03 03:12:03 (277 KB/s) - ‘imrp.2005.117’ saved [68313/68313]

--2017-02-03 03:12:04--  http://doi.org/10.1155/imrp.2005.183
Connecting to doi.org (doi.org)|63.123.152.248|:80... connected.
HTTP request sent, awaiting response... 303 See Other
Location: https://academic.oup.com/imrp/article-lookup/doi/10.1155/IMRP.2005.183 [following]
--2017-02-03 03:12:05--  https://academic.oup.com/imrp/article-lookup/doi/10.1155/IMRP.2005.183
Connecting to academic.oup.com (academic.oup.com)|173.254.190.144|:443... connected.
HTTP request sent, awaiting response... 200 OK
Length: 65403 (64K) [text/html]
Saving to: ‘imrp.2005.183’

     0K .......... .......... .......... .......... .......... 78%  209K 0s
    50K .......... ...                                        100% 17.4M=0.2s

2017-02-03 03:12:18 (266 KB/s) - ‘imrp.2005.183’ saved [65403/65403]

--2017-02-03 03:12:19--  http://doi.org/10.1155/imrp.2005.53
Connecting to doi.org (doi.org)|63.123.152.248|:80... connected.
HTTP request sent, awaiting response... 303 See Other
Location: https://academic.oup.com/imrp/article-lookup/doi/10.1155/IMRP.2005.53 [following]
--2017-02-03 03:12:21--  https://academic.oup.com/imrp/article-lookup/doi/10.1155/IMRP.2005.53
Connecting to academic.oup.com (academic.oup.com)|173.254.190.144|:443... connected.
HTTP request sent, awaiting response... 200 OK
Length: 81824 (80K) [text/html]
Saving to: ‘imrp.2005.53’

     0K .......... .......... .......... .......... .......... 62%  209K 0s
    50K .......... .......... .........                       100% 12.4M=0.2s

2017-02-03 03:12:26 (330 KB/s) - ‘imrp.2005.53’ saved [81824/81824]

--2017-02-03 03:12:27--  http://doi.org/10.1155/imrp.2005.237
Connecting to doi.org (doi.org)|63.123.152.248|:80... connected.
HTTP request sent, awaiting response... 303 See Other
Location: https://academic.oup.com/imrp/article-lookup/doi/10.1155/IMRP.2005.237 [following]
--2017-02-03 03:12:28--  https://academic.oup.com/imrp/article-lookup/doi/10.1155/IMRP.2005.237
Connecting to academic.oup.com (academic.oup.com)|173.254.190.144|:443... connected.
HTTP request sent, awaiting response... 200 OK
Length: 66157 (65K) [text/html]
Saving to: ‘imrp.2005.237’

     0K .......... .......... .......... .......... .......... 77%  208K 0s
    50K .......... ....                                       100% 16.7M=0.2s

2017-02-03 03:12:44 (268 KB/s) - ‘imrp.2005.237’ saved [66157/66157]

--2017-02-03 03:12:45--  http://doi.org/10.1155/imrp.2005.511
Connecting to doi.org (doi.org)|63.123.152.248|:80... connected.
HTTP request sent, awaiting response... 303 See Other
Location: https://academic.oup.com/imrp/article-lookup/doi/10.1155/IMRP.2005.511 [following]
--2017-02-03 03:12:46--  https://academic.oup.com/imrp/article-lookup/doi/10.1155/IMRP.2005.511
Connecting to academic.oup.com (academic.oup.com)|173.254.190.144|:443... connected.
HTTP request sent, awaiting response... 200 OK
Length: 65927 (64K) [text/html]
Saving to: ‘imrp.2005.511’

     0K .......... .......... .......... .......... .......... 77%  209K 0s
    50K .......... ....                                       100% 17.9M=0.2s

2017-02-03 03:13:12 (268 KB/s) - ‘imrp.2005.511’ saved [65927/65927]

--2017-02-03 03:13:13--  http://doi.org/10.1155/imrp.2005.287
Connecting to doi.org (doi.org)|63.123.152.248|:80... connected.
HTTP request sent, awaiting response... 303 See Other
Location: https://academic.oup.com/imrp/article-lookup/doi/10.1155/IMRP.2005.287 [following]
--2017-02-03 03:13:14--  https://academic.oup.com/imrp/article-lookup/doi/10.1155/IMRP.2005.287
Connecting to academic.oup.com (academic.oup.com)|173.254.190.144|:443... connected.
HTTP request sent, awaiting response... 200 OK
Length: 80663 (79K) [text/html]
Saving to: ‘imrp.2005.287’

     0K .......... .......... .......... .......... .......... 63%  209K 0s
    50K .......... .......... ........                        100% 12.4M=0.2s

2017-02-03 03:13:30 (325 KB/s) - ‘imrp.2005.287’ saved [80663/80663]

--2017-02-03 03:13:31--  http://doi.org/10.1155/imrp.2005.565
Connecting to doi.org (doi.org)|63.123.152.248|:80... connected.
HTTP request sent, awaiting response... 303 See Other
Location: https://academic.oup.com/imrp/article-lookup/doi/10.1155/IMRP.2005.565 [following]
--2017-02-03 03:13:32--  https://academic.oup.com/imrp/article-lookup/doi/10.1155/IMRP.2005.565
Connecting to academic.oup.com (academic.oup.com)|173.254.190.144|:443... connected.
HTTP request sent, awaiting response... 200 OK
Length: 65679 (64K) [text/html]
Saving to: ‘imrp.2005.565’

     0K .......... .......... .......... .......... .......... 77%  209K 0s
    50K .......... ....                                       100% 13.5M=0.2s

2017-02-03 03:13:44 (267 KB/s) - ‘imrp.2005.565’ saved [65679/65679]

--2017-02-03 03:13:45--  http://doi.org/10.1155/imrp.2005.403
Connecting to doi.org (doi.org)|63.123.152.248|:80... connected.
HTTP request sent, awaiting response... 303 See Other
Location: https://academic.oup.com/imrp/article-lookup/doi/10.1155/IMRP.2005.403 [following]
--2017-02-03 03:13:47--  https://academic.oup.com/imrp/article-lookup/doi/10.1155/IMRP.2005.403
Connecting to academic.oup.com (academic.oup.com)|173.254.190.144|:443... connected.
HTTP request sent, awaiting response... 200 OK
Length: 67081 (66K) [text/html]
Saving to: ‘imrp.2005.403’

     0K .......... .......... .......... .......... .......... 76%  310K 0s
    50K .......... .....                                      100%  197K=0.2s

2017-02-03 03:13:53 (273 KB/s) - ‘imrp.2005.403’ saved [67081/67081]

--2017-02-03 03:13:54--  http://doi.org/10.1155/imrp.2005.351
Connecting to doi.org (doi.org)|63.123.152.248|:80... connected.
HTTP request sent, awaiting response... 303 See Other
Location: https://academic.oup.com/imrp/article-lookup/doi/10.1155/IMRP.2005.351 [following]
--2017-02-03 03:13:55--  https://academic.oup.com/imrp/article-lookup/doi/10.1155/IMRP.2005.351
Connecting to academic.oup.com (academic.oup.com)|173.254.190.144|:443... connected.
HTTP request sent, awaiting response... 200 OK
Length: 63861 (62K) [text/html]
Saving to: ‘imrp.2005.351’

     0K .......... .......... .......... .......... .......... 80%  209K 0s
    50K .......... ..                                         100% 24.1M=0.2s

2017-02-03 03:14:08 (260 KB/s) - ‘imrp.2005.351’ saved [63861/63861]

--2017-02-03 03:14:09--  http://doi.org/10.1155/imrp.2005.461
Connecting to doi.org (doi.org)|63.123.152.248|:80... connected.
HTTP request sent, awaiting response... 303 See Other
Location: https://academic.oup.com/imrp/article-lookup/doi/10.1155/IMRP.2005.461 [following]
--2017-02-03 03:14:10--  https://academic.oup.com/imrp/article-lookup/doi/10.1155/IMRP.2005.461
Connecting to academic.oup.com (academic.oup.com)|173.254.190.144|:443... connected.
HTTP request sent, awaiting response... 200 OK
Length: 65926 (64K) [text/html]
Saving to: ‘imrp.2005.461’

     0K .......... .......... .......... .......... .......... 77%  209K 0s
    50K .......... ....                                       100% 14.0M=0.2s

2017-02-03 03:14:20 (268 KB/s) - ‘imrp.2005.461’ saved [65926/65926]

FINISHED --2017-02-03 03:14:20--
Total wall clock time: 10m 20s
Downloaded: 44 files, 5.1M in 15s (341 KB/s)
