--2017-02-03 06:35:18--  http://doi.org/10.1093/jaarel/lfw088
Resolving doi.org (doi.org)... 38.100.138.163, 63.123.152.248, 54.191.229.235, ...
Connecting to doi.org (doi.org)|38.100.138.163|:80... connected.
HTTP request sent, awaiting response... 303 See Other
Location: https://academic.oup.com/jaar/article-lookup/doi/10.1093/jaarel/lfw088 [following]
--2017-02-03 06:35:19--  https://academic.oup.com/jaar/article-lookup/doi/10.1093/jaarel/lfw088
Resolving academic.oup.com (academic.oup.com)... 173.254.190.144
Connecting to academic.oup.com (academic.oup.com)|173.254.190.144|:443... connected.
HTTP request sent, awaiting response... 200 OK
Length: 91222 (89K) [text/html]
Saving to: ‘lfw088’

     0K .......... .......... .......... .......... .......... 56%  209K 0s
    50K .......... .......... .......... .........            100%  486K=0.3s

2017-02-03 06:35:23 (278 KB/s) - ‘lfw088’ saved [91222/91222]

--2017-02-03 06:35:24--  http://doi.org/10.1093/jaarel/lfw093
Connecting to doi.org (doi.org)|38.100.138.163|:80... connected.
HTTP request sent, awaiting response... 303 See Other
Location: https://academic.oup.com/jaar/article-lookup/doi/10.1093/jaarel/lfw093 [following]
--2017-02-03 06:35:25--  https://academic.oup.com/jaar/article-lookup/doi/10.1093/jaarel/lfw093
Connecting to academic.oup.com (academic.oup.com)|173.254.190.144|:443... connected.
HTTP request sent, awaiting response... 200 OK
Length: 78092 (76K) [text/html]
Saving to: ‘lfw093’

     0K .......... .......... .......... .......... .......... 65%  208K 0s
    50K .......... .......... ......                          100% 10.4M=0.2s

2017-02-03 06:35:29 (315 KB/s) - ‘lfw093’ saved [78092/78092]

--2017-02-03 06:35:30--  http://doi.org/10.1093/jaarel/lfw096
Connecting to doi.org (doi.org)|38.100.138.163|:80... connected.
HTTP request sent, awaiting response... 303 See Other
Location: https://academic.oup.com/jaar/article-lookup/doi/10.1093/jaarel/lfw096 [following]
--2017-02-03 06:35:31--  https://academic.oup.com/jaar/article-lookup/doi/10.1093/jaarel/lfw096
Connecting to academic.oup.com (academic.oup.com)|173.254.190.144|:443... connected.
HTTP request sent, awaiting response... 200 OK
Length: 75404 (74K) [text/html]
Saving to: ‘lfw096’

     0K .......... .......... .......... .......... .......... 67%  207K 0s
    50K .......... .......... ...                             100% 10.2M=0.2s

2017-02-03 06:35:34 (303 KB/s) - ‘lfw096’ saved [75404/75404]

--2017-02-03 06:35:35--  http://doi.org/10.1093/jaarel/lfw075
Connecting to doi.org (doi.org)|38.100.138.163|:80... connected.
HTTP request sent, awaiting response... 303 See Other
Location: https://academic.oup.com/jaar/article-lookup/doi/10.1093/jaarel/lfw075 [following]
--2017-02-03 06:35:36--  https://academic.oup.com/jaar/article-lookup/doi/10.1093/jaarel/lfw075
Connecting to academic.oup.com (academic.oup.com)|173.254.190.144|:443... connected.
HTTP request sent, awaiting response... 200 OK
Length: 273967 (268K) [text/html]
Saving to: ‘lfw075’

     0K .......... .......... .......... .......... .......... 18%  207K 1s
    50K .......... .......... .......... .......... .......... 37%  604K 1s
   100K .......... .......... .......... .......... .......... 56%  607K 0s
   150K .......... .......... .......... .......... .......... 74%  605K 0s
   200K .......... .......... .......... .......... .......... 93%  312K 0s
   250K .......... .......                                    100% 9.63M=0.7s

2017-02-03 06:35:40 (411 KB/s) - ‘lfw075’ saved [273967/273967]

--2017-02-03 06:35:41--  http://doi.org/10.1093/jaarel/lfw083
Connecting to doi.org (doi.org)|38.100.138.163|:80... connected.
HTTP request sent, awaiting response... 303 See Other
Location: https://academic.oup.com/jaar/article-lookup/doi/10.1093/jaarel/lfw083 [following]
--2017-02-03 06:35:42--  https://academic.oup.com/jaar/article-lookup/doi/10.1093/jaarel/lfw083
Connecting to academic.oup.com (academic.oup.com)|173.254.190.144|:443... connected.
HTTP request sent, awaiting response... 200 OK
Length: 73856 (72K) [text/html]
Saving to: ‘lfw083’

     0K .......... .......... .......... .......... .......... 69%  205K 0s
    50K .......... .......... ..                              100% 8.82M=0.2s

2017-02-03 06:35:45 (293 KB/s) - ‘lfw083’ saved [73856/73856]

--2017-02-03 06:35:46--  http://doi.org/10.1093/jaarel/lfw086
Connecting to doi.org (doi.org)|38.100.138.163|:80... connected.
HTTP request sent, awaiting response... 303 See Other
Location: https://academic.oup.com/jaar/article-lookup/doi/10.1093/jaarel/lfw086 [following]
--2017-02-03 06:35:47--  https://academic.oup.com/jaar/article-lookup/doi/10.1093/jaarel/lfw086
Connecting to academic.oup.com (academic.oup.com)|173.254.190.144|:443... connected.
HTTP request sent, awaiting response... 200 OK
Length: 167589 (164K) [text/html]
Saving to: ‘lfw086’

     0K .......... .......... .......... .......... .......... 30%  209K 1s
    50K .......... .......... .......... .......... .......... 61%  605K 0s
   100K .......... .......... .......... .......... .......... 91%  613K 0s
   150K .......... ...                                        100%  178K=0.5s

2017-02-03 06:35:51 (341 KB/s) - ‘lfw086’ saved [167589/167589]

--2017-02-03 06:35:52--  http://doi.org/10.1093/jaarel/lfw084
Connecting to doi.org (doi.org)|38.100.138.163|:80... connected.
HTTP request sent, awaiting response... 303 See Other
Location: https://academic.oup.com/jaar/article-lookup/doi/10.1093/jaarel/lfw084 [following]
--2017-02-03 06:35:53--  https://academic.oup.com/jaar/article-lookup/doi/10.1093/jaarel/lfw084
Connecting to academic.oup.com (academic.oup.com)|173.254.190.144|:443... connected.
HTTP request sent, awaiting response... 200 OK
Length: 212909 (208K) [text/html]
Saving to: ‘lfw084’

     0K .......... .......... .......... .......... .......... 24%  208K 1s
    50K .......... .......... .......... .......... .......... 48%  604K 0s
   100K .......... .......... .......... .......... .......... 72%  613K 0s
   150K .......... .......... .......... .......... .......... 96%  590K 0s
   200K .......                                               100%  107K=0.6s

2017-02-03 06:36:01 (369 KB/s) - ‘lfw084’ saved [212909/212909]

--2017-02-03 06:36:02--  http://doi.org/10.1093/jaarel/lfw087
Connecting to doi.org (doi.org)|38.100.138.163|:80... connected.
HTTP request sent, awaiting response... 303 See Other
Location: https://academic.oup.com/jaar/article-lookup/doi/10.1093/jaarel/lfw087 [following]
--2017-02-03 06:36:03--  https://academic.oup.com/jaar/article-lookup/doi/10.1093/jaarel/lfw087
Connecting to academic.oup.com (academic.oup.com)|173.254.190.144|:443... connected.
HTTP request sent, awaiting response... 200 OK
Length: 75257 (73K) [text/html]
Saving to: ‘lfw087’

     0K .......... .......... .......... .......... .......... 68%  208K 0s
    50K .......... .......... ...                             100% 10.5M=0.2s

2017-02-03 06:36:06 (304 KB/s) - ‘lfw087’ saved [75257/75257]

--2017-02-03 06:36:07--  http://doi.org/10.1093/jaarel/lfw079
Connecting to doi.org (doi.org)|38.100.138.163|:80... connected.
HTTP request sent, awaiting response... 303 See Other
Location: https://academic.oup.com/jaar/article-lookup/doi/10.1093/jaarel/lfw079 [following]
--2017-02-03 06:36:08--  https://academic.oup.com/jaar/article-lookup/doi/10.1093/jaarel/lfw079
Connecting to academic.oup.com (academic.oup.com)|173.254.190.144|:443... connected.
HTTP request sent, awaiting response... 200 OK
Length: 75838 (74K) [text/html]
Saving to: ‘lfw079’

     0K .......... .......... .......... .......... .......... 67%  207K 0s
    50K .......... .......... ....                            100% 12.4M=0.2s

2017-02-03 06:36:12 (304 KB/s) - ‘lfw079’ saved [75838/75838]

--2017-02-03 06:36:13--  http://doi.org/10.1093/jaarel/lfw076
Connecting to doi.org (doi.org)|38.100.138.163|:80... connected.
HTTP request sent, awaiting response... 303 See Other
Location: https://academic.oup.com/jaar/article-lookup/doi/10.1093/jaarel/lfw076 [following]
--2017-02-03 06:36:14--  https://academic.oup.com/jaar/article-lookup/doi/10.1093/jaarel/lfw076
Connecting to academic.oup.com (academic.oup.com)|173.254.190.144|:443... connected.
HTTP request sent, awaiting response... 200 OK
Length: 227456 (222K) [text/html]
Saving to: ‘lfw076’

     0K .......... .......... .......... .......... .......... 22%  209K 1s
    50K .......... .......... .......... .......... .......... 45%  602K 0s
   100K .......... .......... .......... .......... .......... 67%  606K 0s
   150K .......... .......... .......... .......... .......... 90%  315K 0s
   200K .......... .......... ..                              100% 9.20M=0.6s

2017-02-03 06:36:17 (392 KB/s) - ‘lfw076’ saved [227456/227456]

--2017-02-03 06:36:18--  http://doi.org/10.1093/jaarel/lfw080
Connecting to doi.org (doi.org)|38.100.138.163|:80... connected.
HTTP request sent, awaiting response... 303 See Other
Location: https://academic.oup.com/jaar/article-lookup/doi/10.1093/jaarel/lfw080 [following]
--2017-02-03 06:36:20--  https://academic.oup.com/jaar/article-lookup/doi/10.1093/jaarel/lfw080
Connecting to academic.oup.com (academic.oup.com)|173.254.190.144|:443... connected.
HTTP request sent, awaiting response... 200 OK
Length: 74445 (73K) [text/html]
Saving to: ‘lfw080’

     0K .......... .......... .......... .......... .......... 68%  209K 0s
    50K .......... .......... ..                              100% 10.9M=0.2s

2017-02-03 06:36:23 (302 KB/s) - ‘lfw080’ saved [74445/74445]

--2017-02-03 06:36:24--  http://doi.org/10.1093/jaarel/lfw082
Connecting to doi.org (doi.org)|38.100.138.163|:80... connected.
HTTP request sent, awaiting response... 303 See Other
Location: https://academic.oup.com/jaar/article-lookup/doi/10.1093/jaarel/lfw082 [following]
--2017-02-03 06:36:25--  https://academic.oup.com/jaar/article-lookup/doi/10.1093/jaarel/lfw082
Connecting to academic.oup.com (academic.oup.com)|173.254.190.144|:443... connected.
HTTP request sent, awaiting response... 200 OK
Length: 248697 (243K) [text/html]
Saving to: ‘lfw082’

     0K .......... .......... .......... .......... .......... 20%  207K 1s
    50K .......... .......... .......... .......... .......... 41%  614K 0s
   100K .......... .......... .......... .......... .......... 61%  603K 0s
   150K .......... .......... .......... .......... .......... 82%  316K 0s
   200K .......... .......... .......... .......... ..        100%  530K=0.6s

2017-02-03 06:36:28 (377 KB/s) - ‘lfw082’ saved [248697/248697]

--2017-02-03 06:36:29--  http://doi.org/10.1093/jaarel/lfw085
Connecting to doi.org (doi.org)|38.100.138.163|:80... connected.
HTTP request sent, awaiting response... 303 See Other
Location: http://fdslive.oup.com/www.oup.com/pdf/production_in_progress.pdf [following]
--2017-02-03 06:36:31--  http://fdslive.oup.com/www.oup.com/pdf/production_in_progress.pdf
Resolving fdslive.oup.com (fdslive.oup.com)... 193.67.160.201
Connecting to fdslive.oup.com (fdslive.oup.com)|193.67.160.201|:80... connected.
HTTP request sent, awaiting response... 200 OK
Length: 52438 (51K) [application/pdf]
Saving to: ‘lfw085’

     0K .......... .......... .......... .......... .......... 97% 1.30M 0s
    50K .                                                     100% 2306G=0.04s

2017-02-03 06:36:31 (1.33 MB/s) - ‘lfw085’ saved [52438/52438]

--2017-02-03 06:36:32--  http://doi.org/10.1093/jaarel/lfx003
Connecting to doi.org (doi.org)|38.100.138.163|:80... connected.
HTTP request sent, awaiting response... 303 See Other
Location: http://fdslive.oup.com/www.oup.com/pdf/production_in_progress.pdf [following]
--2017-02-03 06:36:33--  http://fdslive.oup.com/www.oup.com/pdf/production_in_progress.pdf
Connecting to fdslive.oup.com (fdslive.oup.com)|193.67.160.201|:80... connected.
HTTP request sent, awaiting response... 200 OK
Length: 52438 (51K) [application/pdf]
Saving to: ‘lfx003’

     0K .......... .......... .......... .......... .......... 97% 1.29M 0s
    50K .                                                     100% 2306G=0.04s

2017-02-03 06:36:33 (1.32 MB/s) - ‘lfx003’ saved [52438/52438]

--2017-02-03 06:36:34--  http://doi.org/10.1093/jaarel/lfx004
Connecting to doi.org (doi.org)|38.100.138.163|:80... connected.
HTTP request sent, awaiting response... 303 See Other
Location: http://fdslive.oup.com/www.oup.com/pdf/production_in_progress.pdf [following]
--2017-02-03 06:36:35--  http://fdslive.oup.com/www.oup.com/pdf/production_in_progress.pdf
Connecting to fdslive.oup.com (fdslive.oup.com)|193.67.160.201|:80... connected.
HTTP request sent, awaiting response... 200 OK
Length: 52438 (51K) [application/pdf]
Saving to: ‘lfx004’

     0K .......... .......... .......... .......... .......... 97% 1.16M 0s
    50K .                                                     100% 2306G=0.04s

2017-02-03 06:36:35 (1.19 MB/s) - ‘lfx004’ saved [52438/52438]

--2017-02-03 06:36:36--  http://doi.org/10.1093/jaarel/lfx002
Connecting to doi.org (doi.org)|38.100.138.163|:80... connected.
HTTP request sent, awaiting response... 303 See Other
Location: http://fdslive.oup.com/www.oup.com/pdf/production_in_progress.pdf [following]
--2017-02-03 06:36:37--  http://fdslive.oup.com/www.oup.com/pdf/production_in_progress.pdf
Connecting to fdslive.oup.com (fdslive.oup.com)|193.67.160.201|:80... connected.
HTTP request sent, awaiting response... 200 OK
Length: 52438 (51K) [application/pdf]
Saving to: ‘lfx002’

     0K .......... .......... .......... .......... .......... 97% 1.29M 0s
    50K .                                                     100% 2306G=0.04s

2017-02-03 06:36:37 (1.33 MB/s) - ‘lfx002’ saved [52438/52438]

--2017-02-03 06:36:38--  http://doi.org/10.1093/jaarel/lfx001
Connecting to doi.org (doi.org)|38.100.138.163|:80... connected.
HTTP request sent, awaiting response... 303 See Other
Location: http://fdslive.oup.com/www.oup.com/pdf/production_in_progress.pdf [following]
--2017-02-03 06:36:40--  http://fdslive.oup.com/www.oup.com/pdf/production_in_progress.pdf
Connecting to fdslive.oup.com (fdslive.oup.com)|193.67.160.201|:80... connected.
HTTP request sent, awaiting response... 200 OK
Length: 52438 (51K) [application/pdf]
Saving to: ‘lfx001’

     0K .......... .......... .......... .......... .......... 97% 1.17M 0s
    50K .                                                     100% 2306G=0.04s

2017-02-03 06:36:40 (1.20 MB/s) - ‘lfx001’ saved [52438/52438]

--2017-02-03 06:36:41--  http://doi.org/10.1093/jaarel/lfw078
Connecting to doi.org (doi.org)|38.100.138.163|:80... connected.
HTTP request sent, awaiting response... 303 See Other
Location: https://academic.oup.com/jaar/article-lookup/doi/10.1093/jaarel/lfw078 [following]
--2017-02-03 06:36:42--  https://academic.oup.com/jaar/article-lookup/doi/10.1093/jaarel/lfw078
Connecting to academic.oup.com (academic.oup.com)|173.254.190.144|:443... connected.
HTTP request sent, awaiting response... 200 OK
Length: 196264 (192K) [text/html]
Saving to: ‘lfw078’

     0K .......... .......... .......... .......... .......... 26%  208K 1s
    50K .......... .......... .......... .......... .......... 52%  596K 0s
   100K .......... .......... .......... .......... .......... 78%  611K 0s
   150K .......... .......... .......... .......... .         100%  511K=0.5s

2017-02-03 06:36:45 (394 KB/s) - ‘lfw078’ saved [196264/196264]

--2017-02-03 06:36:46--  http://doi.org/10.1093/jaarel/lfw077
Connecting to doi.org (doi.org)|38.100.138.163|:80... connected.
HTTP request sent, awaiting response... 303 See Other
Location: https://academic.oup.com/jaar/article-lookup/doi/10.1093/jaarel/lfw077 [following]
--2017-02-03 06:36:47--  https://academic.oup.com/jaar/article-lookup/doi/10.1093/jaarel/lfw077
Connecting to academic.oup.com (academic.oup.com)|173.254.190.144|:443... connected.
HTTP request sent, awaiting response... 200 OK
Length: 226739 (221K) [text/html]
Saving to: ‘lfw077’

     0K .......... .......... .......... .......... .......... 22%  209K 1s
    50K .......... .......... .......... .......... .......... 45%  596K 0s
   100K .......... .......... .......... .......... .......... 67%  608K 0s
   150K .......... .......... .......... .......... .......... 90%  590K 0s
   200K .......... .......... .                               100%  267K=0.6s

2017-02-03 06:36:51 (388 KB/s) - ‘lfw077’ saved [226739/226739]

--2017-02-03 06:36:52--  http://doi.org/10.1093/jaarel/lfw074
Connecting to doi.org (doi.org)|38.100.138.163|:80... connected.
HTTP request sent, awaiting response... 303 See Other
Location: https://academic.oup.com/jaar/article-lookup/doi/10.1093/jaarel/lfw074 [following]
--2017-02-03 06:36:53--  https://academic.oup.com/jaar/article-lookup/doi/10.1093/jaarel/lfw074
Connecting to academic.oup.com (academic.oup.com)|173.254.190.144|:443... connected.
HTTP request sent, awaiting response... 200 OK
Length: 77000 (75K) [text/html]
Saving to: ‘lfw074’

     0K .......... .......... .......... .......... .......... 66%  208K 0s
    50K .......... .......... .....                           100% 13.7M=0.2s

2017-02-03 06:36:55 (311 KB/s) - ‘lfw074’ saved [77000/77000]

--2017-02-03 06:36:56--  http://doi.org/10.1093/jaarel/lfv120
Connecting to doi.org (doi.org)|38.100.138.163|:80... connected.
HTTP request sent, awaiting response... 303 See Other
Location: https://academic.oup.com/jaar/article-lookup/doi/10.1093/jaarel/lfv120 [following]
--2017-02-03 06:36:58--  https://academic.oup.com/jaar/article-lookup/doi/10.1093/jaarel/lfv120
Connecting to academic.oup.com (academic.oup.com)|173.254.190.144|:443... connected.
HTTP request sent, awaiting response... 400 Bad Request
2017-02-03 06:36:58 ERROR 400: Bad Request.

--2017-02-03 06:36:59--  http://doi.org/10.1093/jaarel/lfv116
Connecting to doi.org (doi.org)|38.100.138.163|:80... connected.
HTTP request sent, awaiting response... 303 See Other
Location: https://academic.oup.com/jaar/article-lookup/doi/10.1093/jaarel/lfv116 [following]
--2017-02-03 06:37:00--  https://academic.oup.com/jaar/article-lookup/doi/10.1093/jaarel/lfv116
Connecting to academic.oup.com (academic.oup.com)|173.254.190.144|:443... connected.
HTTP request sent, awaiting response... 400 Bad Request
2017-02-03 06:37:01 ERROR 400: Bad Request.

--2017-02-03 06:37:02--  http://doi.org/10.1093/jaarel/lfv108
Connecting to doi.org (doi.org)|38.100.138.163|:80... connected.
HTTP request sent, awaiting response... 303 See Other
Location: https://academic.oup.com/jaar/article-lookup/doi/10.1093/jaarel/lfv108 [following]
--2017-02-03 06:37:03--  https://academic.oup.com/jaar/article-lookup/doi/10.1093/jaarel/lfv108
Connecting to academic.oup.com (academic.oup.com)|173.254.190.144|:443... connected.
HTTP request sent, awaiting response... 200 OK
Length: 79804 (78K) [text/html]
Saving to: ‘lfv108’

     0K .......... .......... .......... .......... .......... 64%  308K 0s
    50K .......... .......... .......                         100%  348K=0.2s

2017-02-03 06:37:07 (321 KB/s) - ‘lfv108’ saved [79804/79804]

--2017-02-03 06:37:08--  http://doi.org/10.1093/jaarel/lfv112
Connecting to doi.org (doi.org)|38.100.138.163|:80... connected.
HTTP request sent, awaiting response... 303 See Other
Location: https://academic.oup.com/jaar/article-lookup/doi/10.1093/jaarel/lfv112 [following]
--2017-02-03 06:37:09--  https://academic.oup.com/jaar/article-lookup/doi/10.1093/jaarel/lfv112
Connecting to academic.oup.com (academic.oup.com)|173.254.190.144|:443... connected.
HTTP request sent, awaiting response... 200 OK
Length: 64868 (63K) [text/html]
Saving to: ‘lfv112’

     0K .......... .......... .......... .......... .......... 78%  202K 0s
    50K .......... ...                                        100% 17.5M=0.2s

2017-02-03 06:37:13 (255 KB/s) - ‘lfv112’ saved [64868/64868]

--2017-02-03 06:37:14--  http://doi.org/10.1093/jaarel/lfw065
Connecting to doi.org (doi.org)|38.100.138.163|:80... connected.
HTTP request sent, awaiting response... 303 See Other
Location: http://jaar.oxfordjournals.org/lookup/doi/10.1093/jaarel/lfw065 [following]
--2017-02-03 06:37:15--  http://jaar.oxfordjournals.org/lookup/doi/10.1093/jaarel/lfw065
Resolving jaar.oxfordjournals.org (jaar.oxfordjournals.org)... 209.135.222.209
Connecting to jaar.oxfordjournals.org (jaar.oxfordjournals.org)|209.135.222.209|:80... connected.
HTTP request sent, awaiting response... 301 Moved Permanently
Cookie coming from jaar.oxfordjournals.org attempted to set domain to academic.oup.com
Cookie coming from jaar.oxfordjournals.org attempted to set domain to academic.oup.com
Location: https://academic.oup.com/jaar/redirect-unavailable?url=jaar.oxfordjournals.org/lookup/doi/10.1093/jaarel/lfw065 [following]
--2017-02-03 06:37:16--  https://academic.oup.com/jaar/redirect-unavailable?url=jaar.oxfordjournals.org/lookup/doi/10.1093/jaarel/lfw065
Connecting to academic.oup.com (academic.oup.com)|173.254.190.144|:443... connected.
HTTP request sent, awaiting response... 404 Not Found
2017-02-03 06:37:17 ERROR 404: Not Found.

--2017-02-03 06:37:18--  http://doi.org/10.1093/jaarel/lfw081
Connecting to doi.org (doi.org)|38.100.138.163|:80... connected.
HTTP request sent, awaiting response... 303 See Other
Location: https://academic.oup.com/jaar/article-lookup/doi/10.1093/jaarel/lfw081 [following]
--2017-02-03 06:37:19--  https://academic.oup.com/jaar/article-lookup/doi/10.1093/jaarel/lfw081
Connecting to academic.oup.com (academic.oup.com)|173.254.190.144|:443... connected.
HTTP request sent, awaiting response... 200 OK
Length: 75519 (74K) [text/html]
Saving to: ‘lfw081’

     0K .......... .......... .......... .......... .......... 67%  209K 0s
    50K .......... .......... ...                             100% 10.3M=0.2s

2017-02-03 06:37:23 (305 KB/s) - ‘lfw081’ saved [75519/75519]

--2017-02-03 06:37:24--  http://doi.org/10.1093/jaarel/lfw067
Connecting to doi.org (doi.org)|38.100.138.163|:80... connected.
HTTP request sent, awaiting response... 303 See Other
Location: http://jaar.oxfordjournals.org/lookup/doi/10.1093/jaarel/lfw067 [following]
--2017-02-03 06:37:25--  http://jaar.oxfordjournals.org/lookup/doi/10.1093/jaarel/lfw067
Connecting to jaar.oxfordjournals.org (jaar.oxfordjournals.org)|209.135.222.209|:80... connected.
HTTP request sent, awaiting response... 301 Moved Permanently
Cookie coming from jaar.oxfordjournals.org attempted to set domain to academic.oup.com
Cookie coming from jaar.oxfordjournals.org attempted to set domain to academic.oup.com
Location: https://academic.oup.com/jaar/redirect-unavailable?url=jaar.oxfordjournals.org/lookup/doi/10.1093/jaarel/lfw067 [following]
--2017-02-03 06:37:26--  https://academic.oup.com/jaar/redirect-unavailable?url=jaar.oxfordjournals.org/lookup/doi/10.1093/jaarel/lfw067
Connecting to academic.oup.com (academic.oup.com)|173.254.190.144|:443... connected.
HTTP request sent, awaiting response... 404 Not Found
2017-02-03 06:37:27 ERROR 404: Not Found.

--2017-02-03 06:37:28--  http://doi.org/10.1093/jaarel/lfw040
Connecting to doi.org (doi.org)|38.100.138.163|:80... connected.
HTTP request sent, awaiting response... 303 See Other
Location: http://jaar.oxfordjournals.org/lookup/doi/10.1093/jaarel/lfw040 [following]
--2017-02-03 06:37:29--  http://jaar.oxfordjournals.org/lookup/doi/10.1093/jaarel/lfw040
Connecting to jaar.oxfordjournals.org (jaar.oxfordjournals.org)|209.135.222.209|:80... connected.
HTTP request sent, awaiting response... 301 Moved Permanently
Cookie coming from jaar.oxfordjournals.org attempted to set domain to academic.oup.com
Cookie coming from jaar.oxfordjournals.org attempted to set domain to academic.oup.com
Location: https://academic.oup.com/jaar/redirect-unavailable?url=jaar.oxfordjournals.org/lookup/doi/10.1093/jaarel/lfw040 [following]
--2017-02-03 06:37:30--  https://academic.oup.com/jaar/redirect-unavailable?url=jaar.oxfordjournals.org/lookup/doi/10.1093/jaarel/lfw040
Connecting to academic.oup.com (academic.oup.com)|173.254.190.144|:443... connected.
HTTP request sent, awaiting response... 404 Not Found
2017-02-03 06:37:31 ERROR 404: Not Found.

--2017-02-03 06:37:32--  http://doi.org/10.1093/jaarel/lfw064
Connecting to doi.org (doi.org)|38.100.138.163|:80... connected.
HTTP request sent, awaiting response... 303 See Other
Location: http://jaar.oxfordjournals.org/lookup/doi/10.1093/jaarel/lfw064 [following]
--2017-02-03 06:37:33--  http://jaar.oxfordjournals.org/lookup/doi/10.1093/jaarel/lfw064
Connecting to jaar.oxfordjournals.org (jaar.oxfordjournals.org)|209.135.222.209|:80... connected.
HTTP request sent, awaiting response... 301 Moved Permanently
Cookie coming from jaar.oxfordjournals.org attempted to set domain to academic.oup.com
Cookie coming from jaar.oxfordjournals.org attempted to set domain to academic.oup.com
Location: https://academic.oup.com/jaar/redirect-unavailable?url=jaar.oxfordjournals.org/lookup/doi/10.1093/jaarel/lfw064 [following]
--2017-02-03 06:37:35--  https://academic.oup.com/jaar/redirect-unavailable?url=jaar.oxfordjournals.org/lookup/doi/10.1093/jaarel/lfw064
Connecting to academic.oup.com (academic.oup.com)|173.254.190.144|:443... connected.
HTTP request sent, awaiting response... 404 Not Found
2017-02-03 06:37:36 ERROR 404: Not Found.

--2017-02-03 06:37:37--  http://doi.org/10.1093/jaarel/lfw062
Connecting to doi.org (doi.org)|38.100.138.163|:80... connected.
HTTP request sent, awaiting response... 303 See Other
Location: https://academic.oup.com/jaar/article-lookup/doi/10.1093/jaarel/lfw062 [following]
--2017-02-03 06:37:38--  https://academic.oup.com/jaar/article-lookup/doi/10.1093/jaarel/lfw062
Connecting to academic.oup.com (academic.oup.com)|173.254.190.144|:443... connected.
HTTP request sent, awaiting response... 200 OK
Length: 78607 (77K) [text/html]
Saving to: ‘lfw062’

     0K .......... .......... .......... .......... .......... 65%  235K 0s
    50K .......... .......... ......                          100%  337K=0.3s

2017-02-03 06:37:41 (263 KB/s) - ‘lfw062’ saved [78607/78607]

--2017-02-03 06:37:42--  http://doi.org/10.1093/jaarel/lfw063
Connecting to doi.org (doi.org)|38.100.138.163|:80... connected.
HTTP request sent, awaiting response... 303 See Other
Location: https://academic.oup.com/jaar/article-lookup/doi/10.1093/jaarel/lfw063 [following]
--2017-02-03 06:37:43--  https://academic.oup.com/jaar/article-lookup/doi/10.1093/jaarel/lfw063
Connecting to academic.oup.com (academic.oup.com)|173.254.190.144|:443... connected.
HTTP request sent, awaiting response... 400 Bad Request
2017-02-03 06:37:43 ERROR 400: Bad Request.

--2017-02-03 06:37:44--  http://doi.org/10.1093/jaarel/lfw066
Connecting to doi.org (doi.org)|38.100.138.163|:80... connected.
HTTP request sent, awaiting response... 303 See Other
Location: https://academic.oup.com/jaar/article-lookup/doi/10.1093/jaarel/lfw066 [following]
--2017-02-03 06:37:46--  https://academic.oup.com/jaar/article-lookup/doi/10.1093/jaarel/lfw066
Connecting to academic.oup.com (academic.oup.com)|173.254.190.144|:443... connected.
HTTP request sent, awaiting response... 200 OK
Length: 104419 (102K) [text/html]
Saving to: ‘lfw066’

     0K .......... .......... .......... .......... .......... 49%  208K 0s
    50K .......... .......... .......... .......... .......... 98%  611K 0s
   100K .                                                     100% 3761G=0.3s

2017-02-03 06:37:49 (317 KB/s) - ‘lfw066’ saved [104419/104419]

--2017-02-03 06:37:50--  http://doi.org/10.1093/jaarel/lfw068
Connecting to doi.org (doi.org)|38.100.138.163|:80... connected.
HTTP request sent, awaiting response... 303 See Other
Location: https://academic.oup.com/jaar/article-lookup/doi/10.1093/jaarel/lfw068 [following]
--2017-02-03 06:37:51--  https://academic.oup.com/jaar/article-lookup/doi/10.1093/jaarel/lfw068
Connecting to academic.oup.com (academic.oup.com)|173.254.190.144|:443... connected.
HTTP request sent, awaiting response... 200 OK
Length: 78475 (77K) [text/html]
Saving to: ‘lfw068’

     0K .......... .......... .......... .......... .......... 65%  208K 0s
    50K .......... .......... ......                          100% 10.5M=0.2s

2017-02-03 06:37:55 (315 KB/s) - ‘lfw068’ saved [78475/78475]

--2017-02-03 06:37:56--  http://doi.org/10.1093/jaarel/lfw070
Connecting to doi.org (doi.org)|38.100.138.163|:80... connected.
HTTP request sent, awaiting response... 303 See Other
Location: https://academic.oup.com/jaar/article-lookup/doi/10.1093/jaarel/lfw070 [following]
--2017-02-03 06:37:57--  https://academic.oup.com/jaar/article-lookup/doi/10.1093/jaarel/lfw070
Connecting to academic.oup.com (academic.oup.com)|173.254.190.144|:443... connected.
HTTP request sent, awaiting response... 200 OK
Length: 79600 (78K) [text/html]
Saving to: ‘lfw070’

     0K .......... .......... .......... .......... .......... 64%  309K 0s
    50K .......... .......... .......                         100%  347K=0.2s

2017-02-03 06:38:01 (322 KB/s) - ‘lfw070’ saved [79600/79600]

--2017-02-03 06:38:02--  http://doi.org/10.1093/jaarel/lfw072
Connecting to doi.org (doi.org)|38.100.138.163|:80... connected.
HTTP request sent, awaiting response... 303 See Other
Location: https://academic.oup.com/jaar/article-lookup/doi/10.1093/jaarel/lfw072 [following]
--2017-02-03 06:38:03--  https://academic.oup.com/jaar/article-lookup/doi/10.1093/jaarel/lfw072
Connecting to academic.oup.com (academic.oup.com)|173.254.190.144|:443... connected.
HTTP request sent, awaiting response... 200 OK
Length: 78768 (77K) [text/html]
Saving to: ‘lfw072’

     0K .......... .......... .......... .......... .......... 65%  207K 0s
    50K .......... .......... ......                          100% 12.1M=0.2s

2017-02-03 06:38:26 (316 KB/s) - ‘lfw072’ saved [78768/78768]

--2017-02-03 06:38:27--  http://doi.org/10.1093/jaarel/lfw071
Connecting to doi.org (doi.org)|38.100.138.163|:80... connected.
HTTP request sent, awaiting response... 303 See Other
Location: https://academic.oup.com/jaar/article-lookup/doi/10.1093/jaarel/lfw071 [following]
--2017-02-03 06:38:28--  https://academic.oup.com/jaar/article-lookup/doi/10.1093/jaarel/lfw071
Connecting to academic.oup.com (academic.oup.com)|173.254.190.144|:443... connected.
HTTP request sent, awaiting response... 200 OK
Length: 77283 (75K) [text/html]
Saving to: ‘lfw071’

     0K .......... .......... .......... .......... .......... 66%  209K 0s
    50K .......... .......... .....                           100% 6.91M=0.2s

2017-02-03 06:38:31 (311 KB/s) - ‘lfw071’ saved [77283/77283]

--2017-02-03 06:38:32--  http://doi.org/10.1093/jaarel/lfv119
Connecting to doi.org (doi.org)|38.100.138.163|:80... connected.
HTTP request sent, awaiting response... 303 See Other
Location: https://academic.oup.com/jaar/article-lookup/doi/10.1093/jaarel/lfv119 [following]
--2017-02-03 06:38:33--  https://academic.oup.com/jaar/article-lookup/doi/10.1093/jaarel/lfv119
Connecting to academic.oup.com (academic.oup.com)|173.254.190.144|:443... connected.
HTTP request sent, awaiting response... 200 OK
Length: 64797 (63K) [text/html]
Saving to: ‘lfv119’

     0K .......... .......... .......... .......... .......... 79%  209K 0s
    50K .......... ...                                        100% 12.6M=0.2s

2017-02-03 06:38:36 (263 KB/s) - ‘lfv119’ saved [64797/64797]

--2017-02-03 06:38:37--  http://doi.org/10.1093/jaarel/lfv111
Connecting to doi.org (doi.org)|38.100.138.163|:80... connected.
HTTP request sent, awaiting response... 303 See Other
Location: https://academic.oup.com/jaar/article-lookup/doi/10.1093/jaarel/lfv111 [following]
--2017-02-03 06:38:38--  https://academic.oup.com/jaar/article-lookup/doi/10.1093/jaarel/lfv111
Connecting to academic.oup.com (academic.oup.com)|173.254.190.144|:443... connected.
HTTP request sent, awaiting response... 200 OK
Length: 64859 (63K) [text/html]
Saving to: ‘lfv111’

     0K .......... .......... .......... .......... .......... 78%  208K 0s
    50K .......... ...                                        100% 17.7M=0.2s

2017-02-03 06:38:45 (262 KB/s) - ‘lfv111’ saved [64859/64859]

--2017-02-03 06:38:46--  http://doi.org/10.1093/jaarel/lfv115
Connecting to doi.org (doi.org)|38.100.138.163|:80... connected.
HTTP request sent, awaiting response... 303 See Other
Location: https://academic.oup.com/jaar/article-lookup/doi/10.1093/jaarel/lfv115 [following]
--2017-02-03 06:38:47--  https://academic.oup.com/jaar/article-lookup/doi/10.1093/jaarel/lfv115
Connecting to academic.oup.com (academic.oup.com)|173.254.190.144|:443... connected.
HTTP request sent, awaiting response... 200 OK
Length: 64896 (63K) [text/html]
Saving to: ‘lfv115’

     0K .......... .......... .......... .......... .......... 78%  208K 0s
    50K .......... ...                                        100% 15.6M=0.2s

2017-02-03 06:38:50 (262 KB/s) - ‘lfv115’ saved [64896/64896]

--2017-02-03 06:38:51--  http://doi.org/10.1093/jaarel/lfw053
Connecting to doi.org (doi.org)|38.100.138.163|:80... connected.
HTTP request sent, awaiting response... 303 See Other
Location: https://academic.oup.com/jaar/article-lookup/doi/10.1093/jaarel/lfw053 [following]
--2017-02-03 06:38:52--  https://academic.oup.com/jaar/article-lookup/doi/10.1093/jaarel/lfw053
Connecting to academic.oup.com (academic.oup.com)|173.254.190.144|:443... connected.
HTTP request sent, awaiting response... 200 OK
Length: 76822 (75K) [text/html]
Saving to: ‘lfw053’

     0K .......... .......... .......... .......... .......... 66%  208K 0s
    50K .......... .......... .....                           100% 8.09M=0.2s

2017-02-03 06:38:55 (308 KB/s) - ‘lfw053’ saved [76822/76822]

--2017-02-03 06:38:56--  http://doi.org/10.1093/jaarel/lfv102
Connecting to doi.org (doi.org)|38.100.138.163|:80... connected.
HTTP request sent, awaiting response... 303 See Other
Location: https://academic.oup.com/jaar/article-lookup/doi/10.1093/jaarel/lfv102 [following]
--2017-02-03 06:38:58--  https://academic.oup.com/jaar/article-lookup/doi/10.1093/jaarel/lfv102
Connecting to academic.oup.com (academic.oup.com)|173.254.190.144|:443... connected.
HTTP request sent, awaiting response... 200 OK
Length: 85814 (84K) [text/html]
Saving to: ‘lfv102’

     0K .......... .......... .......... .......... .......... 59%  209K 0s
    50K .......... .......... .......... ...                  100% 10.8M=0.2s

2017-02-03 06:39:00 (346 KB/s) - ‘lfv102’ saved [85814/85814]

--2017-02-03 06:39:01--  http://doi.org/10.1093/jaarel/lfv107
Connecting to doi.org (doi.org)|38.100.138.163|:80... connected.
HTTP request sent, awaiting response... 303 See Other
Location: https://academic.oup.com/jaar/article-lookup/doi/10.1093/jaarel/lfv107 [following]
--2017-02-03 06:39:03--  https://academic.oup.com/jaar/article-lookup/doi/10.1093/jaarel/lfv107
Connecting to academic.oup.com (academic.oup.com)|173.254.190.144|:443... connected.
HTTP request sent, awaiting response... 200 OK
Length: 64846 (63K) [text/html]
Saving to: ‘lfv107’

     0K .......... .......... .......... .......... .......... 78%  209K 0s
    50K .......... ...                                        100% 14.9M=0.2s

2017-02-03 06:39:05 (264 KB/s) - ‘lfv107’ saved [64846/64846]

--2017-02-03 06:39:06--  http://doi.org/10.1093/jaarel/lfw061
Connecting to doi.org (doi.org)|38.100.138.163|:80... connected.
HTTP request sent, awaiting response... 303 See Other
Location: http://jaar.oxfordjournals.org/lookup/doi/10.1093/jaarel/lfw061 [following]
--2017-02-03 06:39:07--  http://jaar.oxfordjournals.org/lookup/doi/10.1093/jaarel/lfw061
Connecting to jaar.oxfordjournals.org (jaar.oxfordjournals.org)|209.135.222.209|:80... connected.
HTTP request sent, awaiting response... 301 Moved Permanently
Cookie coming from jaar.oxfordjournals.org attempted to set domain to academic.oup.com
Cookie coming from jaar.oxfordjournals.org attempted to set domain to academic.oup.com
Location: https://academic.oup.com/jaar/redirect-unavailable?url=jaar.oxfordjournals.org/lookup/doi/10.1093/jaarel/lfw061 [following]
--2017-02-03 06:39:09--  https://academic.oup.com/jaar/redirect-unavailable?url=jaar.oxfordjournals.org/lookup/doi/10.1093/jaarel/lfw061
Connecting to academic.oup.com (academic.oup.com)|173.254.190.144|:443... connected.
HTTP request sent, awaiting response... 400 Bad Request
2017-02-03 06:39:09 ERROR 400: Bad Request.

--2017-02-03 06:39:10--  http://doi.org/10.1093/jaarel/lfw050
Connecting to doi.org (doi.org)|38.100.138.163|:80... connected.
HTTP request sent, awaiting response... 303 See Other
Location: https://academic.oup.com/jaar/article-lookup/doi/10.1093/jaarel/lfw050 [following]
--2017-02-03 06:39:11--  https://academic.oup.com/jaar/article-lookup/doi/10.1093/jaarel/lfw050
Connecting to academic.oup.com (academic.oup.com)|173.254.190.144|:443... connected.
HTTP request sent, awaiting response... 200 OK
Length: 77795 (76K) [text/html]
Saving to: ‘lfw050’

     0K .......... .......... .......... .......... .......... 65%  310K 0s
    50K .......... .......... .....                           100%  327K=0.2s

2017-02-03 06:39:16 (315 KB/s) - ‘lfw050’ saved [77795/77795]

--2017-02-03 06:39:17--  http://doi.org/10.1093/jaarel/lfw069
Connecting to doi.org (doi.org)|38.100.138.163|:80... connected.
HTTP request sent, awaiting response... 303 See Other
Location: http://jaar.oxfordjournals.org/lookup/doi/10.1093/jaarel/lfw069 [following]
--2017-02-03 06:39:18--  http://jaar.oxfordjournals.org/lookup/doi/10.1093/jaarel/lfw069
Connecting to jaar.oxfordjournals.org (jaar.oxfordjournals.org)|209.135.222.209|:80... connected.
HTTP request sent, awaiting response... 301 Moved Permanently
Cookie coming from jaar.oxfordjournals.org attempted to set domain to academic.oup.com
Cookie coming from jaar.oxfordjournals.org attempted to set domain to academic.oup.com
Location: https://academic.oup.com/jaar/redirect-unavailable?url=jaar.oxfordjournals.org/lookup/doi/10.1093/jaarel/lfw069 [following]
--2017-02-03 06:39:19--  https://academic.oup.com/jaar/redirect-unavailable?url=jaar.oxfordjournals.org/lookup/doi/10.1093/jaarel/lfw069
Connecting to academic.oup.com (academic.oup.com)|173.254.190.144|:443... connected.
HTTP request sent, awaiting response... 400 Bad Request
2017-02-03 06:39:20 ERROR 400: Bad Request.

--2017-02-03 06:39:21--  http://doi.org/10.1093/jaarel/lfw057
Connecting to doi.org (doi.org)|38.100.138.163|:80... connected.
HTTP request sent, awaiting response... 303 See Other
Location: http://jaar.oxfordjournals.org/lookup/doi/10.1093/jaarel/lfw057 [following]
--2017-02-03 06:39:22--  http://jaar.oxfordjournals.org/lookup/doi/10.1093/jaarel/lfw057
Connecting to jaar.oxfordjournals.org (jaar.oxfordjournals.org)|209.135.222.209|:80... connected.
HTTP request sent, awaiting response... 301 Moved Permanently
Cookie coming from jaar.oxfordjournals.org attempted to set domain to academic.oup.com
Cookie coming from jaar.oxfordjournals.org attempted to set domain to academic.oup.com
Location: https://academic.oup.com/jaar/redirect-unavailable?url=jaar.oxfordjournals.org/lookup/doi/10.1093/jaarel/lfw057 [following]
--2017-02-03 06:39:23--  https://academic.oup.com/jaar/redirect-unavailable?url=jaar.oxfordjournals.org/lookup/doi/10.1093/jaarel/lfw057
Connecting to academic.oup.com (academic.oup.com)|173.254.190.144|:443... connected.
HTTP request sent, awaiting response... 404 Not Found
2017-02-03 06:39:26 ERROR 404: Not Found.

--2017-02-03 06:39:27--  http://doi.org/10.1093/jaarel/lfw045
Connecting to doi.org (doi.org)|38.100.138.163|:80... connected.
HTTP request sent, awaiting response... 303 See Other
Location: https://academic.oup.com/jaar/article-lookup/doi/10.1093/jaarel/lfw045 [following]
--2017-02-03 06:39:28--  https://academic.oup.com/jaar/article-lookup/doi/10.1093/jaarel/lfw045
Connecting to academic.oup.com (academic.oup.com)|173.254.190.144|:443... connected.
HTTP request sent, awaiting response... 200 OK
Length: 76639 (75K) [text/html]
Saving to: ‘lfw045’

     0K .......... .......... .......... .......... .......... 66%  209K 0s
    50K .......... .......... ....                            100% 10.5M=0.2s

2017-02-03 06:39:31 (310 KB/s) - ‘lfw045’ saved [76639/76639]

--2017-02-03 06:39:32--  http://doi.org/10.1093/jaarel/lfw052
Connecting to doi.org (doi.org)|38.100.138.163|:80... connected.
HTTP request sent, awaiting response... 303 See Other
Location: https://academic.oup.com/jaar/article-lookup/doi/10.1093/jaarel/lfw052 [following]
--2017-02-03 06:39:33--  https://academic.oup.com/jaar/article-lookup/doi/10.1093/jaarel/lfw052
Connecting to academic.oup.com (academic.oup.com)|173.254.190.144|:443... connected.
HTTP request sent, awaiting response... 200 OK
Length: 77755 (76K) [text/html]
Saving to: ‘lfw052’

     0K .......... .......... .......... .......... .......... 65%  209K 0s
    50K .......... .......... .....                           100% 5.30M=0.2s

2017-02-03 06:39:38 (311 KB/s) - ‘lfw052’ saved [77755/77755]

--2017-02-03 06:39:39--  http://doi.org/10.1093/jaarel/lfw055
Connecting to doi.org (doi.org)|38.100.138.163|:80... connected.
HTTP request sent, awaiting response... 303 See Other
Location: https://academic.oup.com/jaar/article-lookup/doi/10.1093/jaarel/lfw055 [following]
--2017-02-03 06:39:40--  https://academic.oup.com/jaar/article-lookup/doi/10.1093/jaarel/lfw055
Connecting to academic.oup.com (academic.oup.com)|173.254.190.144|:443... connected.
HTTP request sent, awaiting response... 200 OK
Length: 85758 (84K) [text/html]
Saving to: ‘lfw055’

     0K .......... .......... .......... .......... .......... 59%  209K 0s
    50K .......... .......... .......... ...                  100% 7.41M=0.2s

2017-02-03 06:39:45 (343 KB/s) - ‘lfw055’ saved [85758/85758]

--2017-02-03 06:39:46--  http://doi.org/10.1093/jaarel/lfw044
Connecting to doi.org (doi.org)|38.100.138.163|:80... connected.
HTTP request sent, awaiting response... 303 See Other
Location: http://jaar.oxfordjournals.org/lookup/doi/10.1093/jaarel/lfw044 [following]
--2017-02-03 06:39:47--  http://jaar.oxfordjournals.org/lookup/doi/10.1093/jaarel/lfw044
Connecting to jaar.oxfordjournals.org (jaar.oxfordjournals.org)|209.135.222.209|:80... connected.
HTTP request sent, awaiting response... 301 Moved Permanently
Cookie coming from jaar.oxfordjournals.org attempted to set domain to academic.oup.com
Cookie coming from jaar.oxfordjournals.org attempted to set domain to academic.oup.com
Location: https://academic.oup.com/jaar/redirect-unavailable?url=jaar.oxfordjournals.org/lookup/doi/10.1093/jaarel/lfw044 [following]
--2017-02-03 06:39:48--  https://academic.oup.com/jaar/redirect-unavailable?url=jaar.oxfordjournals.org/lookup/doi/10.1093/jaarel/lfw044
Connecting to academic.oup.com (academic.oup.com)|173.254.190.144|:443... connected.
HTTP request sent, awaiting response... 404 Not Found
2017-02-03 06:39:49 ERROR 404: Not Found.

--2017-02-03 06:39:50--  http://doi.org/10.1093/jaarel/lfw049
Connecting to doi.org (doi.org)|38.100.138.163|:80... connected.
HTTP request sent, awaiting response... 303 See Other
Location: http://jaar.oxfordjournals.org/lookup/doi/10.1093/jaarel/lfw049 [following]
--2017-02-03 06:39:51--  http://jaar.oxfordjournals.org/lookup/doi/10.1093/jaarel/lfw049
Connecting to jaar.oxfordjournals.org (jaar.oxfordjournals.org)|209.135.222.209|:80... connected.
HTTP request sent, awaiting response... 301 Moved Permanently
Cookie coming from jaar.oxfordjournals.org attempted to set domain to academic.oup.com
Cookie coming from jaar.oxfordjournals.org attempted to set domain to academic.oup.com
Location: https://academic.oup.com/jaar/redirect-unavailable?url=jaar.oxfordjournals.org/lookup/doi/10.1093/jaarel/lfw049 [following]
--2017-02-03 06:39:53--  https://academic.oup.com/jaar/redirect-unavailable?url=jaar.oxfordjournals.org/lookup/doi/10.1093/jaarel/lfw049
Connecting to academic.oup.com (academic.oup.com)|173.254.190.144|:443... connected.
HTTP request sent, awaiting response... 404 Not Found
2017-02-03 06:39:53 ERROR 404: Not Found.

--2017-02-03 06:39:54--  http://doi.org/10.1093/jaarel/lfw041
Connecting to doi.org (doi.org)|38.100.138.163|:80... connected.
HTTP request sent, awaiting response... 303 See Other
Location: http://jaar.oxfordjournals.org/lookup/doi/10.1093/jaarel/lfw041 [following]
--2017-02-03 06:39:56--  http://jaar.oxfordjournals.org/lookup/doi/10.1093/jaarel/lfw041
Connecting to jaar.oxfordjournals.org (jaar.oxfordjournals.org)|209.135.222.209|:80... connected.
HTTP request sent, awaiting response... 301 Moved Permanently
Cookie coming from jaar.oxfordjournals.org attempted to set domain to academic.oup.com
Cookie coming from jaar.oxfordjournals.org attempted to set domain to academic.oup.com
Location: https://academic.oup.com/jaar/redirect-unavailable?url=jaar.oxfordjournals.org/lookup/doi/10.1093/jaarel/lfw041 [following]
--2017-02-03 06:39:57--  https://academic.oup.com/jaar/redirect-unavailable?url=jaar.oxfordjournals.org/lookup/doi/10.1093/jaarel/lfw041
Connecting to academic.oup.com (academic.oup.com)|173.254.190.144|:443... connected.
HTTP request sent, awaiting response... 404 Not Found
2017-02-03 06:39:58 ERROR 404: Not Found.

--2017-02-03 06:39:59--  http://doi.org/10.1093/jaarel/lfw047
Connecting to doi.org (doi.org)|38.100.138.163|:80... connected.
HTTP request sent, awaiting response... 303 See Other
Location: https://academic.oup.com/jaar/article-lookup/doi/10.1093/jaarel/lfw047 [following]
--2017-02-03 06:40:00--  https://academic.oup.com/jaar/article-lookup/doi/10.1093/jaarel/lfw047
Connecting to academic.oup.com (academic.oup.com)|173.254.190.144|:443... connected.
HTTP request sent, awaiting response... 200 OK
Length: 93253 (91K) [text/html]
Saving to: ‘lfw047’

     0K .......... .......... .......... .......... .......... 54%  208K 0s
    50K .......... .......... .......... .......... .         100%  513K=0.3s

2017-02-03 06:40:05 (284 KB/s) - ‘lfw047’ saved [93253/93253]

--2017-02-03 06:40:06--  http://doi.org/10.1093/jaarel/lfw054
Connecting to doi.org (doi.org)|38.100.138.163|:80... connected.
HTTP request sent, awaiting response... 303 See Other
Location: https://academic.oup.com/jaar/article-lookup/doi/10.1093/jaarel/lfw054 [following]
--2017-02-03 06:40:07--  https://academic.oup.com/jaar/article-lookup/doi/10.1093/jaarel/lfw054
Connecting to academic.oup.com (academic.oup.com)|173.254.190.144|:443... connected.
HTTP request sent, awaiting response... 200 OK
Length: 76556 (75K) [text/html]
Saving to: ‘lfw054’

     0K .......... .......... .......... .......... .......... 66%  209K 0s
    50K .......... .......... ....                            100% 10.6M=0.2s

2017-02-03 06:40:11 (310 KB/s) - ‘lfw054’ saved [76556/76556]

--2017-02-03 06:40:12--  http://doi.org/10.1093/jaarel/lfw051
Connecting to doi.org (doi.org)|38.100.138.163|:80... connected.
HTTP request sent, awaiting response... 303 See Other
Location: https://academic.oup.com/jaar/article-lookup/doi/10.1093/jaarel/lfw051 [following]
--2017-02-03 06:40:13--  https://academic.oup.com/jaar/article-lookup/doi/10.1093/jaarel/lfw051
Connecting to academic.oup.com (academic.oup.com)|173.254.190.144|:443... connected.
HTTP request sent, awaiting response... 200 OK
Length: 78758 (77K) [text/html]
Saving to: ‘lfw051’

     0K .......... .......... .......... .......... .......... 65%  209K 0s
    50K .......... .......... ......                          100% 9.93M=0.2s

2017-02-03 06:40:16 (317 KB/s) - ‘lfw051’ saved [78758/78758]

--2017-02-03 06:40:17--  http://doi.org/10.1093/jaarel/lfw043
Connecting to doi.org (doi.org)|38.100.138.163|:80... connected.
HTTP request sent, awaiting response... 303 See Other
Location: https://academic.oup.com/jaar/article-lookup/doi/10.1093/jaarel/lfw043 [following]
--2017-02-03 06:40:18--  https://academic.oup.com/jaar/article-lookup/doi/10.1093/jaarel/lfw043
Connecting to academic.oup.com (academic.oup.com)|173.254.190.144|:443... connected.
HTTP request sent, awaiting response... 400 Bad Request
2017-02-03 06:40:19 ERROR 400: Bad Request.

--2017-02-03 06:40:20--  http://doi.org/10.1093/jaarel/lfw058
Connecting to doi.org (doi.org)|38.100.138.163|:80... connected.
HTTP request sent, awaiting response... 303 See Other
Location: https://academic.oup.com/jaar/article-lookup/doi/10.1093/jaarel/lfw058 [following]
--2017-02-03 06:40:21--  https://academic.oup.com/jaar/article-lookup/doi/10.1093/jaarel/lfw058
Connecting to academic.oup.com (academic.oup.com)|173.254.190.144|:443... connected.
HTTP request sent, awaiting response... 200 OK
Length: 78200 (76K) [text/html]
Saving to: ‘lfw058’

     0K .......... .......... .......... .......... .......... 65%  209K 0s
    50K .......... .......... ......                          100% 10.8M=0.2s

2017-02-03 06:40:25 (316 KB/s) - ‘lfw058’ saved [78200/78200]

--2017-02-03 06:40:26--  http://doi.org/10.1093/jaarel/lfw060
Connecting to doi.org (doi.org)|38.100.138.163|:80... connected.
HTTP request sent, awaiting response... 303 See Other
Location: https://academic.oup.com/jaar/article-lookup/doi/10.1093/jaarel/lfw060 [following]
--2017-02-03 06:40:27--  https://academic.oup.com/jaar/article-lookup/doi/10.1093/jaarel/lfw060
Connecting to academic.oup.com (academic.oup.com)|173.254.190.144|:443... connected.
HTTP request sent, awaiting response... 200 OK
Length: 93293 (91K) [text/html]
Saving to: ‘lfw060’

     0K .......... .......... .......... .......... .......... 54%  309K 0s
    50K .......... .......... .......... .......... .         100%  261K=0.3s

2017-02-03 06:40:31 (286 KB/s) - ‘lfw060’ saved [93293/93293]

--2017-02-03 06:40:32--  http://doi.org/10.1093/jaarel/lfw042
Connecting to doi.org (doi.org)|38.100.138.163|:80... connected.
HTTP request sent, awaiting response... 303 See Other
Location: https://academic.oup.com/jaar/article-lookup/doi/10.1093/jaarel/lfw042 [following]
--2017-02-03 06:40:33--  https://academic.oup.com/jaar/article-lookup/doi/10.1093/jaarel/lfw042
Connecting to academic.oup.com (academic.oup.com)|173.254.190.144|:443... connected.
HTTP request sent, awaiting response... 200 OK
Length: 342492 (334K) [text/html]
Saving to: ‘lfw042’

     0K .......... .......... .......... .......... .......... 14%  209K 1s
    50K .......... .......... .......... .......... .......... 29%  600K 1s
   100K .......... .......... .......... .......... .......... 44%  607K 0s
   150K .......... .......... .......... .......... .......... 59%  318K 0s
   200K .......... .......... .......... .......... .......... 74%  591K 0s
   250K .......... .......... .......... .......... .......... 89%  564K 0s
   300K .......... .......... .......... ....                 100%  427K=0.8s

2017-02-03 06:40:37 (410 KB/s) - ‘lfw042’ saved [342492/342492]

--2017-02-03 06:40:38--  http://doi.org/10.1093/jaarel/lfw046
Connecting to doi.org (doi.org)|38.100.138.163|:80... connected.
HTTP request sent, awaiting response... 303 See Other
Location: https://academic.oup.com/jaar/article-lookup/doi/10.1093/jaarel/lfw046 [following]
--2017-02-03 06:40:40--  https://academic.oup.com/jaar/article-lookup/doi/10.1093/jaarel/lfw046
Connecting to academic.oup.com (academic.oup.com)|173.254.190.144|:443... connected.
HTTP request sent, awaiting response... 200 OK
Length: 79458 (78K) [text/html]
Saving to: ‘lfw046’

     0K .......... .......... .......... .......... .......... 64%  209K 0s
    50K .......... .......... .......                         100% 13.2M=0.2s

2017-02-03 06:40:43 (322 KB/s) - ‘lfw046’ saved [79458/79458]

--2017-02-03 06:40:44--  http://doi.org/10.1093/jaarel/lfw059
Connecting to doi.org (doi.org)|38.100.138.163|:80... connected.
HTTP request sent, awaiting response... 303 See Other
Location: https://academic.oup.com/jaar/article-lookup/doi/10.1093/jaarel/lfw059 [following]
--2017-02-03 06:40:45--  https://academic.oup.com/jaar/article-lookup/doi/10.1093/jaarel/lfw059
Connecting to academic.oup.com (academic.oup.com)|173.254.190.144|:443... connected.
HTTP request sent, awaiting response... 200 OK
Length: 77838 (76K) [text/html]
Saving to: ‘lfw059’

     0K .......... .......... .......... .......... .......... 65%  209K 0s
    50K .......... .......... ......                          100% 13.6M=0.2s

2017-02-03 06:41:13 (315 KB/s) - ‘lfw059’ saved [77838/77838]

--2017-02-03 06:41:14--  http://doi.org/10.1093/jaarel/lfw037
Connecting to doi.org (doi.org)|38.100.138.163|:80... connected.
HTTP request sent, awaiting response... 303 See Other
Location: http://jaar.oxfordjournals.org/lookup/doi/10.1093/jaarel/lfw037 [following]
--2017-02-03 06:41:15--  http://jaar.oxfordjournals.org/lookup/doi/10.1093/jaarel/lfw037
Connecting to jaar.oxfordjournals.org (jaar.oxfordjournals.org)|209.135.222.209|:80... connected.
HTTP request sent, awaiting response... 301 Moved Permanently
Cookie coming from jaar.oxfordjournals.org attempted to set domain to academic.oup.com
Cookie coming from jaar.oxfordjournals.org attempted to set domain to academic.oup.com
Location: https://academic.oup.com/jaar/redirect-unavailable?url=jaar.oxfordjournals.org/lookup/doi/10.1093/jaarel/lfw037 [following]
--2017-02-03 06:41:16--  https://academic.oup.com/jaar/redirect-unavailable?url=jaar.oxfordjournals.org/lookup/doi/10.1093/jaarel/lfw037
Connecting to academic.oup.com (academic.oup.com)|173.254.190.144|:443... connected.
HTTP request sent, awaiting response... 400 Bad Request
2017-02-03 06:41:17 ERROR 400: Bad Request.

--2017-02-03 06:41:18--  http://doi.org/10.1093/jaarel/lfw038
Connecting to doi.org (doi.org)|38.100.138.163|:80... connected.
HTTP request sent, awaiting response... 303 See Other
Location: http://jaar.oxfordjournals.org/lookup/doi/10.1093/jaarel/lfw038 [following]
--2017-02-03 06:41:19--  http://jaar.oxfordjournals.org/lookup/doi/10.1093/jaarel/lfw038
Connecting to jaar.oxfordjournals.org (jaar.oxfordjournals.org)|209.135.222.209|:80... connected.
HTTP request sent, awaiting response... 301 Moved Permanently
Cookie coming from jaar.oxfordjournals.org attempted to set domain to academic.oup.com
Cookie coming from jaar.oxfordjournals.org attempted to set domain to academic.oup.com
Location: https://academic.oup.com/jaar/redirect-unavailable?url=jaar.oxfordjournals.org/lookup/doi/10.1093/jaarel/lfw038 [following]
--2017-02-03 06:41:20--  https://academic.oup.com/jaar/redirect-unavailable?url=jaar.oxfordjournals.org/lookup/doi/10.1093/jaarel/lfw038
Connecting to academic.oup.com (academic.oup.com)|173.254.190.144|:443... connected.
HTTP request sent, awaiting response... 404 Not Found
2017-02-03 06:41:21 ERROR 404: Not Found.

--2017-02-03 06:41:22--  http://doi.org/10.1093/jaarel/lfw048
Connecting to doi.org (doi.org)|38.100.138.163|:80... connected.
HTTP request sent, awaiting response... 303 See Other
Location: https://academic.oup.com/jaar/article-lookup/doi/10.1093/jaarel/lfw048 [following]
--2017-02-03 06:41:23--  https://academic.oup.com/jaar/article-lookup/doi/10.1093/jaarel/lfw048
Connecting to academic.oup.com (academic.oup.com)|173.254.190.144|:443... connected.
HTTP request sent, awaiting response... 200 OK
Length: 95727 (93K) [text/html]
Saving to: ‘lfw048’

     0K .......... .......... .......... .......... .......... 53%  309K 0s
    50K .......... .......... .......... .......... ...       100%  274K=0.3s

2017-02-03 06:41:27 (292 KB/s) - ‘lfw048’ saved [95727/95727]

--2017-02-03 06:41:28--  http://doi.org/10.1093/jaarel/lfw056
Connecting to doi.org (doi.org)|38.100.138.163|:80... connected.
HTTP request sent, awaiting response... 303 See Other
Location: https://academic.oup.com/jaar/article-lookup/doi/10.1093/jaarel/lfw056 [following]
--2017-02-03 06:41:30--  https://academic.oup.com/jaar/article-lookup/doi/10.1093/jaarel/lfw056
Connecting to academic.oup.com (academic.oup.com)|173.254.190.144|:443... connected.
HTTP request sent, awaiting response... 400 Bad Request
2017-02-03 06:41:30 ERROR 400: Bad Request.

--2017-02-03 06:41:31--  http://doi.org/10.1093/jaarel/lfw039
Connecting to doi.org (doi.org)|38.100.138.163|:80... connected.
HTTP request sent, awaiting response... 303 See Other
Location: https://academic.oup.com/jaar/article-lookup/doi/10.1093/jaarel/lfw039 [following]
--2017-02-03 06:41:32--  https://academic.oup.com/jaar/article-lookup/doi/10.1093/jaarel/lfw039
Connecting to academic.oup.com (academic.oup.com)|173.254.190.144|:443... connected.
HTTP request sent, awaiting response... 200 OK
Length: 77367 (76K) [text/html]
Saving to: ‘lfw039’

     0K .......... .......... .......... .......... .......... 66%  209K 0s
    50K .......... .......... .....                           100% 8.72M=0.2s

2017-02-03 06:41:36 (312 KB/s) - ‘lfw039’ saved [77367/77367]

--2017-02-03 06:41:37--  http://doi.org/10.1093/jaarel/lfv118
Connecting to doi.org (doi.org)|38.100.138.163|:80... connected.
HTTP request sent, awaiting response... 303 See Other
Location: https://academic.oup.com/jaar/article-lookup/doi/10.1093/jaarel/lfv118 [following]
--2017-02-03 06:41:38--  https://academic.oup.com/jaar/article-lookup/doi/10.1093/jaarel/lfv118
Connecting to academic.oup.com (academic.oup.com)|173.254.190.144|:443... connected.
HTTP request sent, awaiting response... 200 OK
Length: 64787 (63K) [text/html]
Saving to: ‘lfv118’

     0K .......... .......... .......... .......... .......... 79%  209K 0s
    50K .......... ...                                        100% 14.6M=0.2s

2017-02-03 06:41:42 (263 KB/s) - ‘lfv118’ saved [64787/64787]

--2017-02-03 06:41:43--  http://doi.org/10.1093/jaarel/lfv110
Connecting to doi.org (doi.org)|38.100.138.163|:80... connected.
HTTP request sent, awaiting response... 303 See Other
Location: https://academic.oup.com/jaar/article-lookup/doi/10.1093/jaarel/lfv110 [following]
--2017-02-03 06:41:44--  https://academic.oup.com/jaar/article-lookup/doi/10.1093/jaarel/lfv110
Connecting to academic.oup.com (academic.oup.com)|173.254.190.144|:443... connected.
HTTP request sent, awaiting response... 200 OK
Length: 64849 (63K) [text/html]
Saving to: ‘lfv110’

     0K .......... .......... .......... .......... .......... 78%  209K 0s
    50K .......... ...                                        100% 16.6M=0.2s

2017-02-03 06:41:49 (264 KB/s) - ‘lfv110’ saved [64849/64849]

--2017-02-03 06:41:50--  http://doi.org/10.1093/jaarel/lfv106
Connecting to doi.org (doi.org)|38.100.138.163|:80... connected.
HTTP request sent, awaiting response... 303 See Other
Location: https://academic.oup.com/jaar/article-lookup/doi/10.1093/jaarel/lfv106 [following]
--2017-02-03 06:41:51--  https://academic.oup.com/jaar/article-lookup/doi/10.1093/jaarel/lfv106
Connecting to academic.oup.com (academic.oup.com)|173.254.190.144|:443... connected.
HTTP request sent, awaiting response... 200 OK
Length: 79778 (78K) [text/html]
Saving to: ‘lfv106’

     0K .......... .......... .......... .......... .......... 64%  209K 0s
    50K .......... .......... .......                         100% 10.3M=0.2s

2017-02-03 06:41:54 (322 KB/s) - ‘lfv106’ saved [79778/79778]

--2017-02-03 06:41:55--  http://doi.org/10.1093/jaarel/lfv114
Connecting to doi.org (doi.org)|38.100.138.163|:80... connected.
HTTP request sent, awaiting response... 303 See Other
Location: https://academic.oup.com/jaar/article-lookup/doi/10.1093/jaarel/lfv114 [following]
--2017-02-03 06:41:56--  https://academic.oup.com/jaar/article-lookup/doi/10.1093/jaarel/lfv114
Connecting to academic.oup.com (academic.oup.com)|173.254.190.144|:443... connected.
HTTP request sent, awaiting response... 200 OK
Length: 64886 (63K) [text/html]
Saving to: ‘lfv114’

     0K .......... .......... .......... .......... .......... 78%  209K 0s
    50K .......... ...                                        100% 12.9M=0.2s

2017-02-03 06:42:00 (263 KB/s) - ‘lfv114’ saved [64886/64886]

--2017-02-03 06:42:01--  http://doi.org/10.1093/jaarel/lfw036
Connecting to doi.org (doi.org)|38.100.138.163|:80... connected.
HTTP request sent, awaiting response... 303 See Other
Location: https://academic.oup.com/jaar/article-lookup/doi/10.1093/jaarel/lfw036 [following]
--2017-02-03 06:42:02--  https://academic.oup.com/jaar/article-lookup/doi/10.1093/jaarel/lfw036
Connecting to academic.oup.com (academic.oup.com)|173.254.190.144|:443... connected.
HTTP request sent, awaiting response... 200 OK
Length: 78380 (77K) [text/html]
Saving to: ‘lfw036’

     0K .......... .......... .......... .......... .......... 65%  209K 0s
    50K .......... .......... ......                          100% 12.2M=0.2s

2017-02-03 06:42:06 (317 KB/s) - ‘lfw036’ saved [78380/78380]

--2017-02-03 06:42:07--  http://doi.org/10.1093/jaarel/lfw033
Connecting to doi.org (doi.org)|38.100.138.163|:80... connected.
HTTP request sent, awaiting response... 303 See Other
Location: https://academic.oup.com/jaar/article-lookup/doi/10.1093/jaarel/lfw033 [following]
--2017-02-03 06:42:08--  https://academic.oup.com/jaar/article-lookup/doi/10.1093/jaarel/lfw033
Connecting to academic.oup.com (academic.oup.com)|173.254.190.144|:443... connected.
HTTP request sent, awaiting response... 200 OK
Length: 212736 (208K) [text/html]
Saving to: ‘lfw033’

     0K .......... .......... .......... .......... .......... 24%  310K 1s
    50K .......... .......... .......... .......... .......... 48%  312K 0s
   100K .......... .......... .......... .......... .......... 72%  610K 0s
   150K .......... .......... .......... .......... .......... 96%  315K 0s
   200K .......                                               100% 22.8M=0.6s

2017-02-03 06:42:15 (369 KB/s) - ‘lfw033’ saved [212736/212736]

--2017-02-03 06:42:16--  http://doi.org/10.1093/jaarel/lfw035
Connecting to doi.org (doi.org)|38.100.138.163|:80... connected.
HTTP request sent, awaiting response... 303 See Other
Location: https://academic.oup.com/jaar/article-lookup/doi/10.1093/jaarel/lfw035 [following]
--2017-02-03 06:42:17--  https://academic.oup.com/jaar/article-lookup/doi/10.1093/jaarel/lfw035
Connecting to academic.oup.com (academic.oup.com)|173.254.190.144|:443... connected.
HTTP request sent, awaiting response... 200 OK
Length: 237621 (232K) [text/html]
Saving to: ‘lfw035’

     0K .......... .......... .......... .......... .......... 21%  209K 1s
    50K .......... .......... .......... .......... .......... 43%  607K 0s
   100K .......... .......... .......... .......... .......... 64%  610K 0s
   150K .......... .......... .......... .......... .......... 86%  316K 0s
   200K .......... .......... .......... ..                   100% 3.79M=0.6s

2017-02-03 06:42:21 (407 KB/s) - ‘lfw035’ saved [237621/237621]

--2017-02-03 06:42:22--  http://doi.org/10.1093/jaarel/lfw021
Connecting to doi.org (doi.org)|38.100.138.163|:80... connected.
HTTP request sent, awaiting response... 303 See Other
Location: https://academic.oup.com/jaar/article-lookup/doi/10.1093/jaarel/lfw021 [following]
--2017-02-03 06:42:23--  https://academic.oup.com/jaar/article-lookup/doi/10.1093/jaarel/lfw021
Connecting to academic.oup.com (academic.oup.com)|173.254.190.144|:443... connected.
HTTP request sent, awaiting response... 200 OK
Length: 242495 (237K) [text/html]
Saving to: ‘lfw021’

     0K .......... .......... .......... .......... .......... 21%  209K 1s
    50K .......... .......... .......... .......... .......... 42%  605K 0s
   100K .......... .......... .......... .......... .......... 63%  612K 0s
   150K .......... .......... .......... .......... .......... 84%  604K 0s
   200K .......... .......... .......... ......               100%  453K=0.6s

2017-02-03 06:42:27 (417 KB/s) - ‘lfw021’ saved [242495/242495]

--2017-02-03 06:42:28--  http://doi.org/10.1093/jaarel/lfw032
Connecting to doi.org (doi.org)|38.100.138.163|:80... connected.
HTTP request sent, awaiting response... 303 See Other
Location: http://jaar.oxfordjournals.org/lookup/doi/10.1093/jaarel/lfw032 [following]
--2017-02-03 06:42:29--  http://jaar.oxfordjournals.org/lookup/doi/10.1093/jaarel/lfw032
Connecting to jaar.oxfordjournals.org (jaar.oxfordjournals.org)|209.135.222.209|:80... connected.
HTTP request sent, awaiting response... 301 Moved Permanently
Cookie coming from jaar.oxfordjournals.org attempted to set domain to academic.oup.com
Cookie coming from jaar.oxfordjournals.org attempted to set domain to academic.oup.com
Location: https://academic.oup.com/jaar/redirect-unavailable?url=jaar.oxfordjournals.org/lookup/doi/10.1093/jaarel/lfw032 [following]
--2017-02-03 06:42:31--  https://academic.oup.com/jaar/redirect-unavailable?url=jaar.oxfordjournals.org/lookup/doi/10.1093/jaarel/lfw032
Connecting to academic.oup.com (academic.oup.com)|173.254.190.144|:443... connected.
HTTP request sent, awaiting response... 404 Not Found
2017-02-03 06:42:32 ERROR 404: Not Found.

--2017-02-03 06:42:33--  http://doi.org/10.1093/jaarel/lfw031
Connecting to doi.org (doi.org)|38.100.138.163|:80... connected.
HTTP request sent, awaiting response... 303 See Other
Location: https://academic.oup.com/jaar/article-lookup/doi/10.1093/jaarel/lfw031 [following]
--2017-02-03 06:42:34--  https://academic.oup.com/jaar/article-lookup/doi/10.1093/jaarel/lfw031
Connecting to academic.oup.com (academic.oup.com)|173.254.190.144|:443... connected.
HTTP request sent, awaiting response... 400 Bad Request
2017-02-03 06:42:34 ERROR 400: Bad Request.

--2017-02-03 06:42:35--  http://doi.org/10.1093/jaarel/lfw034
Connecting to doi.org (doi.org)|38.100.138.163|:80... connected.
HTTP request sent, awaiting response... 303 See Other
Location: https://academic.oup.com/jaar/article-lookup/doi/10.1093/jaarel/lfw034 [following]
--2017-02-03 06:42:37--  https://academic.oup.com/jaar/article-lookup/doi/10.1093/jaarel/lfw034
Connecting to academic.oup.com (academic.oup.com)|173.254.190.144|:443... connected.
HTTP request sent, awaiting response... 200 OK
Length: 79423 (78K) [text/html]
Saving to: ‘lfw034’

     0K .......... .......... .......... .......... .......... 64%  209K 0s
    50K .......... .......... .......                         100% 13.9M=0.2s

2017-02-03 06:42:41 (322 KB/s) - ‘lfw034’ saved [79423/79423]

--2017-02-03 06:42:42--  http://doi.org/10.1093/jaarel/lfw029
Connecting to doi.org (doi.org)|38.100.138.163|:80... connected.
HTTP request sent, awaiting response... 303 See Other
Location: https://academic.oup.com/jaar/article-lookup/doi/10.1093/jaarel/lfw029 [following]
--2017-02-03 06:42:43--  https://academic.oup.com/jaar/article-lookup/doi/10.1093/jaarel/lfw029
Connecting to academic.oup.com (academic.oup.com)|173.254.190.144|:443... connected.
HTTP request sent, awaiting response... 200 OK
Length: 150460 (147K) [text/html]
Saving to: ‘lfw029’

     0K .......... .......... .......... .......... .......... 34%  209K 0s
    50K .......... .......... .......... .......... .......... 68%  604K 0s
   100K .......... .......... .......... .......... ......    100%  578K=0.4s

2017-02-03 06:42:47 (365 KB/s) - ‘lfw029’ saved [150460/150460]

--2017-02-03 06:42:48--  http://doi.org/10.1093/jaarel/lfw018
Connecting to doi.org (doi.org)|38.100.138.163|:80... connected.
HTTP request sent, awaiting response... 303 See Other
Location: https://academic.oup.com/jaar/article-lookup/doi/10.1093/jaarel/lfw018 [following]
--2017-02-03 06:42:49--  https://academic.oup.com/jaar/article-lookup/doi/10.1093/jaarel/lfw018
Connecting to academic.oup.com (academic.oup.com)|173.254.190.144|:443... connected.
HTTP request sent, awaiting response... 200 OK
Length: 190934 (186K) [text/html]
Saving to: ‘lfw018’

     0K .......... .......... .......... .......... .......... 26%  209K 1s
    50K .......... .......... .......... .......... .......... 53%  598K 0s
   100K .......... .......... .......... .......... .......... 80%  596K 0s
   150K .......... .......... .......... ......               100%  456K=0.5s

2017-02-03 06:42:54 (383 KB/s) - ‘lfw018’ saved [190934/190934]

--2017-02-03 06:42:55--  http://doi.org/10.1093/jaarel/lfw030
Connecting to doi.org (doi.org)|38.100.138.163|:80... connected.
HTTP request sent, awaiting response... 303 See Other
Location: https://academic.oup.com/jaar/article-lookup/doi/10.1093/jaarel/lfw030 [following]
--2017-02-03 06:42:56--  https://academic.oup.com/jaar/article-lookup/doi/10.1093/jaarel/lfw030
Connecting to academic.oup.com (academic.oup.com)|173.254.190.144|:443... connected.
HTTP request sent, awaiting response... 200 OK
Length: 83446 (81K) [text/html]
Saving to: ‘lfw030’

     0K .......... .......... .......... .......... .......... 61%  209K 0s
    50K .......... .......... .......... .                    100% 11.5M=0.2s

2017-02-03 06:42:59 (337 KB/s) - ‘lfw030’ saved [83446/83446]

--2017-02-03 06:43:00--  http://doi.org/10.1093/jaarel/lfw009
Connecting to doi.org (doi.org)|38.100.138.163|:80... connected.
HTTP request sent, awaiting response... 303 See Other
Location: https://academic.oup.com/jaar/article-lookup/doi/10.1093/jaarel/lfw009 [following]
--2017-02-03 06:43:01--  https://academic.oup.com/jaar/article-lookup/doi/10.1093/jaarel/lfw009
Connecting to academic.oup.com (academic.oup.com)|173.254.190.144|:443... connected.
HTTP request sent, awaiting response... 200 OK
Length: 266886 (261K) [text/html]
Saving to: ‘lfw009’

     0K .......... .......... .......... .......... .......... 19%  209K 1s
    50K .......... .......... .......... .......... .......... 38%  614K 1s
   100K .......... .......... .......... .......... .......... 57%  587K 0s
   150K .......... .......... .......... .......... .......... 76%  610K 0s
   200K .......... .......... .......... .......... .......... 95%  307K 0s
   250K ..........                                            100% 21.6M=0.7s

2017-02-03 06:43:06 (400 KB/s) - ‘lfw009’ saved [266886/266886]

--2017-02-03 06:43:07--  http://doi.org/10.1093/jaarel/lfw027
Connecting to doi.org (doi.org)|38.100.138.163|:80... connected.
HTTP request sent, awaiting response... 303 See Other
Location: https://academic.oup.com/jaar/article-lookup/doi/10.1093/jaarel/lfw027 [following]
--2017-02-03 06:43:08--  https://academic.oup.com/jaar/article-lookup/doi/10.1093/jaarel/lfw027
Connecting to academic.oup.com (academic.oup.com)|173.254.190.144|:443... connected.
HTTP request sent, awaiting response... 200 OK
Length: 171261 (167K) [text/html]
Saving to: ‘lfw027’

     0K .......... .......... .......... .......... .......... 29%  208K 1s
    50K .......... .......... .......... .......... .......... 59%  607K 0s
   100K .......... .......... .......... .......... .......... 89%  612K 0s
   150K .......... .......                                    100%  220K=0.5s

2017-02-03 06:43:12 (347 KB/s) - ‘lfw027’ saved [171261/171261]

--2017-02-03 06:43:13--  http://doi.org/10.1093/jaarel/lfw019
Connecting to doi.org (doi.org)|38.100.138.163|:80... connected.
HTTP request sent, awaiting response... 303 See Other
Location: https://academic.oup.com/jaar/article-lookup/doi/10.1093/jaarel/lfw019 [following]
--2017-02-03 06:43:14--  https://academic.oup.com/jaar/article-lookup/doi/10.1093/jaarel/lfw019
Connecting to academic.oup.com (academic.oup.com)|173.254.190.144|:443... connected.
HTTP request sent, awaiting response... 200 OK
Length: 441982 (432K) [text/html]
Saving to: ‘lfw019’

     0K .......... .......... .......... .......... .......... 11%  209K 2s
    50K .......... .......... .......... .......... .......... 23%  598K 1s
   100K .......... .......... .......... .......... .......... 34%  611K 1s
   150K .......... .......... .......... .......... .......... 46%  589K 1s
   200K .......... .......... .......... .......... .......... 57%  316K 0s
   250K .......... .......... .......... .......... .......... 69%  606K 0s
   300K .......... .......... .......... .......... .......... 81%  319K 0s
   350K .......... .......... .......... .......... .......... 92%  595K 0s
   400K .......... .......... .......... .                    100% 7.61M=1.0s

2017-02-03 06:43:18 (442 KB/s) - ‘lfw019’ saved [441982/441982]

--2017-02-03 06:43:19--  http://doi.org/10.1093/jaarel/lfw026
Connecting to doi.org (doi.org)|38.100.138.163|:80... connected.
HTTP request sent, awaiting response... 303 See Other
Location: https://academic.oup.com/jaar/article-lookup/doi/10.1093/jaarel/lfw026 [following]
--2017-02-03 06:43:21--  https://academic.oup.com/jaar/article-lookup/doi/10.1093/jaarel/lfw026
Connecting to academic.oup.com (academic.oup.com)|173.254.190.144|:443... connected.
HTTP request sent, awaiting response... 200 OK
Length: 276597 (270K) [text/html]
Saving to: ‘lfw026’

     0K .......... .......... .......... .......... .......... 18%  307K 1s
    50K .......... .......... .......... .......... .......... 37%  314K 1s
   100K .......... .......... .......... .......... .......... 55%  611K 0s
   150K .......... .......... .......... .......... .......... 74%  603K 0s
   200K .......... .......... .......... .......... .......... 92%  312K 0s
   250K .......... ..........                                 100% 13.4M=0.6s

2017-02-03 06:43:25 (416 KB/s) - ‘lfw026’ saved [276597/276597]

--2017-02-03 06:43:26--  http://doi.org/10.1093/jaarel/lfw015
Connecting to doi.org (doi.org)|38.100.138.163|:80... connected.
HTTP request sent, awaiting response... 303 See Other
Location: https://academic.oup.com/jaar/article-lookup/doi/10.1093/jaarel/lfw015 [following]
--2017-02-03 06:43:28--  https://academic.oup.com/jaar/article-lookup/doi/10.1093/jaarel/lfw015
Connecting to academic.oup.com (academic.oup.com)|173.254.190.144|:443... connected.
HTTP request sent, awaiting response... 200 OK
Length: 78133 (76K) [text/html]
Saving to: ‘lfw015’

     0K .......... .......... .......... .......... .......... 65%  209K 0s
    50K .......... .......... ......                          100% 13.7M=0.2s

2017-02-03 06:43:31 (317 KB/s) - ‘lfw015’ saved [78133/78133]

--2017-02-03 06:43:32--  http://doi.org/10.1093/jaarel/lfw023
Connecting to doi.org (doi.org)|38.100.138.163|:80... connected.
HTTP request sent, awaiting response... 303 See Other
Location: https://academic.oup.com/jaar/article-lookup/doi/10.1093/jaarel/lfw023 [following]
--2017-02-03 06:43:33--  https://academic.oup.com/jaar/article-lookup/doi/10.1093/jaarel/lfw023
Connecting to academic.oup.com (academic.oup.com)|173.254.190.144|:443... connected.
HTTP request sent, awaiting response... 200 OK
Length: 78693 (77K) [text/html]
Saving to: ‘lfw023’

     0K .......... .......... .......... .......... .......... 65%  209K 0s
    50K .......... .......... ......                          100% 13.3M=0.2s

2017-02-03 06:43:36 (319 KB/s) - ‘lfw023’ saved [78693/78693]

--2017-02-03 06:43:37--  http://doi.org/10.1093/jaarel/lfw028
Connecting to doi.org (doi.org)|38.100.138.163|:80... connected.
HTTP request sent, awaiting response... 303 See Other
Location: https://academic.oup.com/jaar/article-lookup/doi/10.1093/jaarel/lfw028 [following]
--2017-02-03 06:43:38--  https://academic.oup.com/jaar/article-lookup/doi/10.1093/jaarel/lfw028
Connecting to academic.oup.com (academic.oup.com)|173.254.190.144|:443... connected.
HTTP request sent, awaiting response... 200 OK
Length: 74521 (73K) [text/html]
Saving to: ‘lfw028’

     0K .......... .......... .......... .......... .......... 68%  208K 0s
    50K .......... .......... ..                              100% 14.0M=0.2s

2017-02-03 06:43:42 (301 KB/s) - ‘lfw028’ saved [74521/74521]

--2017-02-03 06:43:43--  http://doi.org/10.1093/jaarel/lfw025
Connecting to doi.org (doi.org)|38.100.138.163|:80... connected.
HTTP request sent, awaiting response... 303 See Other
Location: https://academic.oup.com/jaar/article-lookup/doi/10.1093/jaarel/lfw025 [following]
--2017-02-03 06:43:44--  https://academic.oup.com/jaar/article-lookup/doi/10.1093/jaarel/lfw025
Connecting to academic.oup.com (academic.oup.com)|173.254.190.144|:443... connected.
HTTP request sent, awaiting response... 200 OK
Length: 79454 (78K) [text/html]
Saving to: ‘lfw025’

     0K .......... .......... .......... .......... .......... 64%  236K 0s
    50K .......... .......... .......                         100% 11.7M=0.2s

2017-02-03 06:43:48 (363 KB/s) - ‘lfw025’ saved [79454/79454]

--2017-02-03 06:43:49--  http://doi.org/10.1093/jaarel/lfw016
Connecting to doi.org (doi.org)|38.100.138.163|:80... connected.
HTTP request sent, awaiting response... 303 See Other
Location: https://academic.oup.com/jaar/article-lookup/doi/10.1093/jaarel/lfw016 [following]
--2017-02-03 06:43:50--  https://academic.oup.com/jaar/article-lookup/doi/10.1093/jaarel/lfw016
Connecting to academic.oup.com (academic.oup.com)|173.254.190.144|:443... connected.
HTTP request sent, awaiting response... 200 OK
Length: 202283 (198K) [text/html]
Saving to: ‘lfw016’

     0K .......... .......... .......... .......... .......... 25%  209K 1s
    50K .......... .......... .......... .......... .......... 50%  602K 0s
   100K .......... .......... .......... .......... .......... 75%  613K 0s
   150K .......... .......... .......... .......... .......   100%  575K=0.5s

2017-02-03 06:43:54 (406 KB/s) - ‘lfw016’ saved [202283/202283]

--2017-02-03 06:43:55--  http://doi.org/10.1093/jaarel/lfw020
Connecting to doi.org (doi.org)|38.100.138.163|:80... connected.
HTTP request sent, awaiting response... 303 See Other
Location: https://academic.oup.com/jaar/article-lookup/doi/10.1093/jaarel/lfw020 [following]
--2017-02-03 06:43:56--  https://academic.oup.com/jaar/article-lookup/doi/10.1093/jaarel/lfw020
Connecting to academic.oup.com (academic.oup.com)|173.254.190.144|:443... connected.
HTTP request sent, awaiting response... 200 OK
Length: 82110 (80K) [text/html]
Saving to: ‘lfw020’

     0K .......... .......... .......... .......... .......... 62%  209K 0s
    50K .......... .......... ..........                      100% 9.56M=0.2s

2017-02-03 06:44:00 (331 KB/s) - ‘lfw020’ saved [82110/82110]

--2017-02-03 06:44:01--  http://doi.org/10.1093/jaarel/lfw011
Connecting to doi.org (doi.org)|38.100.138.163|:80... connected.
HTTP request sent, awaiting response... 303 See Other
Location: https://academic.oup.com/jaar/article-lookup/doi/10.1093/jaarel/lfw011 [following]
--2017-02-03 06:44:02--  https://academic.oup.com/jaar/article-lookup/doi/10.1093/jaarel/lfw011
Connecting to academic.oup.com (academic.oup.com)|173.254.190.144|:443... connected.
HTTP request sent, awaiting response... 200 OK
Length: 224996 (220K) [text/html]
Saving to: ‘lfw011’

     0K .......... .......... .......... .......... .......... 22%  209K 1s
    50K .......... .......... .......... .......... .......... 45%  610K 0s
   100K .......... .......... .......... .......... .......... 68%  609K 0s
   150K .......... .......... .......... .......... .......... 91%  608K 0s
   200K .......... .........                                  100%  252K=0.6s

2017-02-03 06:44:06 (390 KB/s) - ‘lfw011’ saved [224996/224996]

--2017-02-03 06:44:07--  http://doi.org/10.1093/jaarel/lfw024
Connecting to doi.org (doi.org)|38.100.138.163|:80... connected.
HTTP request sent, awaiting response... 303 See Other
Location: https://academic.oup.com/jaar/article-lookup/doi/10.1093/jaarel/lfw024 [following]
--2017-02-03 06:44:08--  https://academic.oup.com/jaar/article-lookup/doi/10.1093/jaarel/lfw024
Connecting to academic.oup.com (academic.oup.com)|173.254.190.144|:443... connected.
HTTP request sent, awaiting response... 200 OK
Length: 96654 (94K) [text/html]
Saving to: ‘lfw024’

     0K .......... .......... .......... .......... .......... 52%  209K 0s
    50K .......... .......... .......... .......... ....      100%  554K=0.3s

2017-02-03 06:44:12 (296 KB/s) - ‘lfw024’ saved [96654/96654]

--2017-02-03 06:44:13--  http://doi.org/10.1093/jaarel/lfw022
Connecting to doi.org (doi.org)|38.100.138.163|:80... connected.
HTTP request sent, awaiting response... 303 See Other
Location: https://academic.oup.com/jaar/article-lookup/doi/10.1093/jaarel/lfw022 [following]
--2017-02-03 06:44:14--  https://academic.oup.com/jaar/article-lookup/doi/10.1093/jaarel/lfw022
Connecting to academic.oup.com (academic.oup.com)|173.254.190.144|:443... connected.
HTTP request sent, awaiting response... 200 OK
Length: 93487 (91K) [text/html]
Saving to: ‘lfw022’

     0K .......... .......... .......... .......... .......... 54%  209K 0s
    50K .......... .......... .......... .......... .         100% 11.4M=0.2s

2017-02-03 06:44:18 (376 KB/s) - ‘lfw022’ saved [93487/93487]

--2017-02-03 06:44:19--  http://doi.org/10.1093/jaarel/lfw010
Connecting to doi.org (doi.org)|38.100.138.163|:80... connected.
HTTP request sent, awaiting response... 303 See Other
Location: https://academic.oup.com/jaar/article-lookup/doi/10.1093/jaarel/lfw010 [following]
--2017-02-03 06:44:20--  https://academic.oup.com/jaar/article-lookup/doi/10.1093/jaarel/lfw010
Connecting to academic.oup.com (academic.oup.com)|173.254.190.144|:443... connected.
HTTP request sent, awaiting response... 400 Bad Request
2017-02-03 06:44:21 ERROR 400: Bad Request.

--2017-02-03 06:44:22--  http://doi.org/10.1093/jaarel/lfw013
Connecting to doi.org (doi.org)|38.100.138.163|:80... connected.
HTTP request sent, awaiting response... 303 See Other
Location: https://academic.oup.com/jaar/article-lookup/doi/10.1093/jaarel/lfw013 [following]
--2017-02-03 06:44:23--  https://academic.oup.com/jaar/article-lookup/doi/10.1093/jaarel/lfw013
Connecting to academic.oup.com (academic.oup.com)|173.254.190.144|:443... connected.
HTTP request sent, awaiting response... 200 OK
Length: 82167 (80K) [text/html]
Saving to: ‘lfw013’

     0K .......... .......... .......... .......... .......... 62%  209K 0s
    50K .......... .......... ..........                      100% 11.0M=0.2s

2017-02-03 06:44:27 (332 KB/s) - ‘lfw013’ saved [82167/82167]

--2017-02-03 06:44:28--  http://doi.org/10.1093/jaarel/lfw014
Connecting to doi.org (doi.org)|38.100.138.163|:80... connected.
HTTP request sent, awaiting response... 303 See Other
Location: https://academic.oup.com/jaar/article-lookup/doi/10.1093/jaarel/lfw014 [following]
--2017-02-03 06:44:29--  https://academic.oup.com/jaar/article-lookup/doi/10.1093/jaarel/lfw014
Connecting to academic.oup.com (academic.oup.com)|173.254.190.144|:443... connected.
HTTP request sent, awaiting response... 200 OK
Length: 79314 (77K) [text/html]
Saving to: ‘lfw014’

     0K .......... .......... .......... .......... .......... 64%  209K 0s
    50K .......... .......... .......                         100% 9.83M=0.2s

2017-02-03 06:44:32 (321 KB/s) - ‘lfw014’ saved [79314/79314]

--2017-02-03 06:44:33--  http://doi.org/10.1093/jaarel/lfw017
Connecting to doi.org (doi.org)|38.100.138.163|:80... connected.
HTTP request sent, awaiting response... 303 See Other
Location: https://academic.oup.com/jaar/article-lookup/doi/10.1093/jaarel/lfw017 [following]
--2017-02-03 06:44:34--  https://academic.oup.com/jaar/article-lookup/doi/10.1093/jaarel/lfw017
Connecting to academic.oup.com (academic.oup.com)|173.254.190.144|:443... connected.
HTTP request sent, awaiting response... 200 OK
Length: 80001 (78K) [text/html]
Saving to: ‘lfw017’

     0K .......... .......... .......... .......... .......... 63%  209K 0s
    50K .......... .......... ........                        100% 8.57M=0.2s

2017-02-03 06:44:38 (322 KB/s) - ‘lfw017’ saved [80001/80001]

--2017-02-03 06:44:39--  http://doi.org/10.1093/jaarel/lfw008
Connecting to doi.org (doi.org)|38.100.138.163|:80... connected.
HTTP request sent, awaiting response... 303 See Other
Location: https://academic.oup.com/jaar/article-lookup/doi/10.1093/jaarel/lfw008 [following]
--2017-02-03 06:44:40--  https://academic.oup.com/jaar/article-lookup/doi/10.1093/jaarel/lfw008
Connecting to academic.oup.com (academic.oup.com)|173.254.190.144|:443... connected.
HTTP request sent, awaiting response... 200 OK
Length: 79150 (77K) [text/html]
Saving to: ‘lfw008’

     0K .......... .......... .......... .......... .......... 64%  209K 0s
    50K .......... .......... .......                         100% 14.0M=0.2s

2017-02-03 06:44:44 (320 KB/s) - ‘lfw008’ saved [79150/79150]

--2017-02-03 06:44:45--  http://doi.org/10.1093/jaarel/lfw005
Connecting to doi.org (doi.org)|38.100.138.163|:80... connected.
HTTP request sent, awaiting response... 303 See Other
Location: https://academic.oup.com/jaar/article-lookup/doi/10.1093/jaarel/lfw005 [following]
--2017-02-03 06:44:46--  https://academic.oup.com/jaar/article-lookup/doi/10.1093/jaarel/lfw005
Connecting to academic.oup.com (academic.oup.com)|173.254.190.144|:443... connected.
HTTP request sent, awaiting response... 200 OK
Length: 76692 (75K) [text/html]
Saving to: ‘lfw005’

     0K .......... .......... .......... .......... .......... 66%  209K 0s
    50K .......... .......... ....                            100% 7.29M=0.2s

2017-02-03 06:44:50 (309 KB/s) - ‘lfw005’ saved [76692/76692]

--2017-02-03 06:44:51--  http://doi.org/10.1093/jaarel/lfw006
Connecting to doi.org (doi.org)|38.100.138.163|:80... connected.
HTTP request sent, awaiting response... 303 See Other
Location: https://academic.oup.com/jaar/article-lookup/doi/10.1093/jaarel/lfw006 [following]
--2017-02-03 06:44:52--  https://academic.oup.com/jaar/article-lookup/doi/10.1093/jaarel/lfw006
Connecting to academic.oup.com (academic.oup.com)|173.254.190.144|:443... connected.
HTTP request sent, awaiting response... 200 OK
Length: 296539 (290K) [text/html]
Saving to: ‘lfw006’

     0K .......... .......... .......... .......... .......... 17%  209K 1s
    50K .......... .......... .......... .......... .......... 34%  613K 1s
   100K .......... .......... .......... .......... .......... 51%  602K 0s
   150K .......... .......... .......... .......... .......... 69%  314K 0s
   200K .......... .......... .......... .......... .......... 86%  603K 0s
   250K .......... .......... .......... .........            100%  494K=0.7s

2017-02-03 06:44:59 (399 KB/s) - ‘lfw006’ saved [296539/296539]

FINISHED --2017-02-03 06:44:59--
Total wall clock time: 9m 41s
Downloaded: 80 files, 9.0M in 26s (354 KB/s)
