--2017-02-03 09:06:28--  http://doi.org/10.1093/jeclap/lpw104
Resolving doi.org (doi.org)... 208.254.38.90, 54.191.229.235, 38.100.138.162, ...
Connecting to doi.org (doi.org)|208.254.38.90|:80... connected.
HTTP request sent, awaiting response... 303 See Other
Location: http://jeclap.oxfordjournals.org/lookup/doi/10.1093/jeclap/lpw104 [following]
--2017-02-03 09:06:29--  http://jeclap.oxfordjournals.org/lookup/doi/10.1093/jeclap/lpw104
Resolving jeclap.oxfordjournals.org (jeclap.oxfordjournals.org)... 209.135.222.209
Connecting to jeclap.oxfordjournals.org (jeclap.oxfordjournals.org)|209.135.222.209|:80... connected.
HTTP request sent, awaiting response... 301 Moved Permanently
Cookie coming from jeclap.oxfordjournals.org attempted to set domain to academic.oup.com
Location: https://academic.oup.com/jeclap/article/doi/10.1093/jeclap/lpw104/2953040/C-449-14-P-DTS-v-Commission-When-is-a-Tax-Measure [following]
--2017-02-03 09:06:30--  https://academic.oup.com/jeclap/article/doi/10.1093/jeclap/lpw104/2953040/C-449-14-P-DTS-v-Commission-When-is-a-Tax-Measure
Resolving academic.oup.com (academic.oup.com)... 173.254.190.144
Connecting to academic.oup.com (academic.oup.com)|173.254.190.144|:443... connected.
HTTP request sent, awaiting response... 400 Bad Request
2017-02-03 09:06:31 ERROR 400: Bad Request.

--2017-02-03 09:06:32--  http://doi.org/10.1093/jeclap/lpx001
Connecting to doi.org (doi.org)|208.254.38.90|:80... connected.
HTTP request sent, awaiting response... 303 See Other
Location: http://jeclap.oxfordjournals.org/lookup/doi/10.1093/jeclap/lpx001 [following]
--2017-02-03 09:06:33--  http://jeclap.oxfordjournals.org/lookup/doi/10.1093/jeclap/lpx001
Connecting to jeclap.oxfordjournals.org (jeclap.oxfordjournals.org)|209.135.222.209|:80... connected.
HTTP request sent, awaiting response... 301 Moved Permanently
Cookie coming from jeclap.oxfordjournals.org attempted to set domain to academic.oup.com
Location: https://academic.oup.com/jeclap/article/doi/10.1093/jeclap/lpx001/2953042/Key-Developments-in-State-Aid-Law-in-2016 [following]
--2017-02-03 09:06:34--  https://academic.oup.com/jeclap/article/doi/10.1093/jeclap/lpx001/2953042/Key-Developments-in-State-Aid-Law-in-2016
Connecting to academic.oup.com (academic.oup.com)|173.254.190.144|:443... connected.
HTTP request sent, awaiting response... 200 OK
Length: 177409 (173K) [text/html]
Saving to: ‘lpx001’

     0K .......... .......... .......... .......... .......... 28%  308K 0s
    50K .......... .......... .......... .......... .......... 57%  308K 0s
   100K .......... .......... .......... .......... .......... 86%  602K 0s
   150K .......... .......... ...                             100%  311K=0.5s

2017-02-03 09:06:38 (359 KB/s) - ‘lpx001’ saved [177409/177409]

--2017-02-03 09:06:39--  http://doi.org/10.1093/jeclap/lpw105
Connecting to doi.org (doi.org)|208.254.38.90|:80... connected.
HTTP request sent, awaiting response... 303 See Other
Location: http://jeclap.oxfordjournals.org/lookup/doi/10.1093/jeclap/lpw105 [following]
--2017-02-03 09:06:41--  http://jeclap.oxfordjournals.org/lookup/doi/10.1093/jeclap/lpw105
Connecting to jeclap.oxfordjournals.org (jeclap.oxfordjournals.org)|209.135.222.209|:80... connected.
HTTP request sent, awaiting response... 301 Moved Permanently
Cookie coming from jeclap.oxfordjournals.org attempted to set domain to academic.oup.com
Location: https://academic.oup.com/jeclap/article/doi/10.1093/jeclap/lpw105/2953041/Hutchison-3G-Italy-WIND-JV-The-Return-of [following]
--2017-02-03 09:06:42--  https://academic.oup.com/jeclap/article/doi/10.1093/jeclap/lpw105/2953041/Hutchison-3G-Italy-WIND-JV-The-Return-of
Connecting to academic.oup.com (academic.oup.com)|173.254.190.144|:443... connected.
HTTP request sent, awaiting response... 200 OK
Length: 83047 (81K) [text/html]
Saving to: ‘lpw105’

     0K .......... .......... .......... .......... .......... 61%  207K 0s
    50K .......... .......... .......... .                    100% 10.9M=0.2s

2017-02-03 09:06:46 (332 KB/s) - ‘lpw105’ saved [83047/83047]

--2017-02-03 09:06:47--  http://doi.org/10.1093/jeclap/lpw100
Connecting to doi.org (doi.org)|208.254.38.90|:80... connected.
HTTP request sent, awaiting response... 303 See Other
Location: http://jeclap.oxfordjournals.org/lookup/doi/10.1093/jeclap/lpw100 [following]
--2017-02-03 09:06:48--  http://jeclap.oxfordjournals.org/lookup/doi/10.1093/jeclap/lpw100
Connecting to jeclap.oxfordjournals.org (jeclap.oxfordjournals.org)|209.135.222.209|:80... connected.
HTTP request sent, awaiting response... 301 Moved Permanently
Cookie coming from jeclap.oxfordjournals.org attempted to set domain to academic.oup.com
Location: https://academic.oup.com/jeclap/article/doi/10.1093/jeclap/lpw100/2911955/Great-Expectations-The-First-Year-of-Hong-Kong-s [following]
--2017-02-03 09:06:49--  https://academic.oup.com/jeclap/article/doi/10.1093/jeclap/lpw100/2911955/Great-Expectations-The-First-Year-of-Hong-Kong-s
Connecting to academic.oup.com (academic.oup.com)|173.254.190.144|:443... connected.
HTTP request sent, awaiting response... 200 OK
Length: 104407 (102K) [text/html]
Saving to: ‘lpw100’

     0K .......... .......... .......... .......... .......... 49%  258K 0s
    50K .......... .......... .......... .......... .......... 98%  314K 0s
   100K .                                                     100% 3738G=0.4s

2017-02-03 09:06:52 (289 KB/s) - ‘lpw100’ saved [104407/104407]

--2017-02-03 09:06:53--  http://doi.org/10.1093/jeclap/lpw101
Connecting to doi.org (doi.org)|208.254.38.90|:80... connected.
HTTP request sent, awaiting response... 303 See Other
Location: http://jeclap.oxfordjournals.org/lookup/doi/10.1093/jeclap/lpw101 [following]
--2017-02-03 09:06:55--  http://jeclap.oxfordjournals.org/lookup/doi/10.1093/jeclap/lpw101
Connecting to jeclap.oxfordjournals.org (jeclap.oxfordjournals.org)|209.135.222.209|:80... connected.
HTTP request sent, awaiting response... 301 Moved Permanently
Cookie coming from jeclap.oxfordjournals.org attempted to set domain to academic.oup.com
Location: https://academic.oup.com/jeclap/article/doi/10.1093/jeclap/lpw101/2918452/Postal-Services-Survey-of-Competition-Law [following]
--2017-02-03 09:06:56--  https://academic.oup.com/jeclap/article/doi/10.1093/jeclap/lpw101/2918452/Postal-Services-Survey-of-Competition-Law
Connecting to academic.oup.com (academic.oup.com)|173.254.190.144|:443... connected.
HTTP request sent, awaiting response... 200 OK
Length: 110929 (108K) [text/html]
Saving to: ‘lpw101’

     0K .......... .......... .......... .......... .......... 46%  208K 0s
    50K .......... .......... .......... .......... .......... 92%  607K 0s
   100K ........                                              100% 4.64M=0.3s

2017-02-03 09:07:00 (334 KB/s) - ‘lpw101’ saved [110929/110929]

--2017-02-03 09:07:01--  http://doi.org/10.1093/jeclap/lpw099
Connecting to doi.org (doi.org)|208.254.38.90|:80... connected.
HTTP request sent, awaiting response... 303 See Other
Location: http://jeclap.oxfordjournals.org/lookup/doi/10.1093/jeclap/lpw099 [following]
--2017-02-03 09:07:02--  http://jeclap.oxfordjournals.org/lookup/doi/10.1093/jeclap/lpw099
Connecting to jeclap.oxfordjournals.org (jeclap.oxfordjournals.org)|209.135.222.209|:80... connected.
HTTP request sent, awaiting response... 301 Moved Permanently
Cookie coming from jeclap.oxfordjournals.org attempted to set domain to academic.oup.com
Location: https://academic.oup.com/jeclap/article/doi/10.1093/jeclap/lpw099/2770506/Morningstar-v-Commission-Raising-the-Threshold-for [following]
--2017-02-03 09:07:03--  https://academic.oup.com/jeclap/article/doi/10.1093/jeclap/lpw099/2770506/Morningstar-v-Commission-Raising-the-Threshold-for
Connecting to academic.oup.com (academic.oup.com)|173.254.190.144|:443... connected.
HTTP request sent, awaiting response... 200 OK
Length: 95919 (94K) [text/html]
Saving to: ‘lpw099’

     0K .......... .......... .......... .......... .......... 53%  208K 0s
    50K .......... .......... .......... .......... ...       100%  539K=0.3s

2017-02-03 09:07:08 (292 KB/s) - ‘lpw099’ saved [95919/95919]

--2017-02-03 09:07:09--  http://doi.org/10.1093/jeclap/lpw098
Connecting to doi.org (doi.org)|208.254.38.90|:80... connected.
HTTP request sent, awaiting response... 303 See Other
Location: http://jeclap.oxfordjournals.org/lookup/doi/10.1093/jeclap/lpw098 [following]
--2017-02-03 09:07:11--  http://jeclap.oxfordjournals.org/lookup/doi/10.1093/jeclap/lpw098
Connecting to jeclap.oxfordjournals.org (jeclap.oxfordjournals.org)|209.135.222.209|:80... connected.
HTTP request sent, awaiting response... 301 Moved Permanently
Cookie coming from jeclap.oxfordjournals.org attempted to set domain to academic.oup.com
Location: https://academic.oup.com/jeclap/article/8/1/66/2939006/Genentech-Lundbeck-Paramount-and-Others-A-Survey [following]
--2017-02-03 09:07:12--  https://academic.oup.com/jeclap/article/8/1/66/2939006/Genentech-Lundbeck-Paramount-and-Others-A-Survey
Connecting to academic.oup.com (academic.oup.com)|173.254.190.144|:443... connected.
HTTP request sent, awaiting response... 200 OK
Length: 166972 (163K) [text/html]
Saving to: ‘lpw098’

     0K .......... .......... .......... .......... .......... 30%  209K 1s
    50K .......... .......... .......... .......... .......... 61%  605K 0s
   100K .......... .......... .......... .......... .......... 91%  601K 0s
   150K .......... ...                                        100%  171K=0.5s

2017-02-03 09:07:17 (339 KB/s) - ‘lpw098’ saved [166972/166972]

--2017-02-03 09:07:18--  http://doi.org/10.1093/jeclap/lpw102
Connecting to doi.org (doi.org)|208.254.38.90|:80... connected.
HTTP request sent, awaiting response... 303 See Other
Location: http://jeclap.oxfordjournals.org/lookup/doi/10.1093/jeclap/lpw102 [following]
--2017-02-03 09:07:20--  http://jeclap.oxfordjournals.org/lookup/doi/10.1093/jeclap/lpw102
Connecting to jeclap.oxfordjournals.org (jeclap.oxfordjournals.org)|209.135.222.209|:80... connected.
HTTP request sent, awaiting response... 301 Moved Permanently
Cookie coming from jeclap.oxfordjournals.org attempted to set domain to academic.oup.com
Location: https://academic.oup.com/jeclap/article/8/1/1/2939007/Two-Vintage-Years-in-a-Row [following]
--2017-02-03 09:07:21--  https://academic.oup.com/jeclap/article/8/1/1/2939007/Two-Vintage-Years-in-a-Row
Connecting to academic.oup.com (academic.oup.com)|173.254.190.144|:443... connected.
HTTP request sent, awaiting response... 200 OK
Length: 89369 (87K) [text/html]
Saving to: ‘lpw102’

     0K .......... .......... .......... .......... .......... 57%  208K 0s
    50K .......... .......... .......... .......              100% 11.0M=0.2s

2017-02-03 09:07:25 (358 KB/s) - ‘lpw102’ saved [89369/89369]

--2017-02-03 09:07:26--  http://doi.org/10.1093/jeclap/lpx002
Connecting to doi.org (doi.org)|208.254.38.90|:80... connected.
HTTP request sent, awaiting response... 303 See Other
Location: http://fdslive.oup.com/www.oup.com/pdf/production_in_progress.pdf [following]
--2017-02-03 09:07:27--  http://fdslive.oup.com/www.oup.com/pdf/production_in_progress.pdf
Resolving fdslive.oup.com (fdslive.oup.com)... 193.67.160.201
Connecting to fdslive.oup.com (fdslive.oup.com)|193.67.160.201|:80... connected.
HTTP request sent, awaiting response... 200 OK
Length: 52438 (51K) [application/pdf]
Saving to: ‘lpx002’

     0K .......... .......... .......... .......... .......... 97% 1.30M 0s
    50K .                                                     100% 2306G=0.04s

2017-02-03 09:07:27 (1.33 MB/s) - ‘lpx002’ saved [52438/52438]

--2017-02-03 09:07:28--  http://doi.org/10.1093/jeclap/lpx003
Connecting to doi.org (doi.org)|208.254.38.90|:80... connected.
HTTP request sent, awaiting response... 303 See Other
Location: http://fdslive.oup.com/www.oup.com/pdf/production_in_progress.pdf [following]
--2017-02-03 09:07:30--  http://fdslive.oup.com/www.oup.com/pdf/production_in_progress.pdf
Connecting to fdslive.oup.com (fdslive.oup.com)|193.67.160.201|:80... connected.
HTTP request sent, awaiting response... 200 OK
Length: 52438 (51K) [application/pdf]
Saving to: ‘lpx003’

     0K .......... .......... .......... .......... .......... 97% 1.17M 0s
    50K .                                                     100% 2306G=0.04s

2017-02-03 09:07:30 (1.20 MB/s) - ‘lpx003’ saved [52438/52438]

--2017-02-03 09:07:31--  http://doi.org/10.1093/jeclap/lpx005
Connecting to doi.org (doi.org)|208.254.38.90|:80... connected.
HTTP request sent, awaiting response... 303 See Other
Location: http://fdslive.oup.com/www.oup.com/pdf/production_in_progress.pdf [following]
--2017-02-03 09:07:32--  http://fdslive.oup.com/www.oup.com/pdf/production_in_progress.pdf
Connecting to fdslive.oup.com (fdslive.oup.com)|193.67.160.201|:80... connected.
HTTP request sent, awaiting response... 200 OK
Length: 52438 (51K) [application/pdf]
Saving to: ‘lpx005’

     0K .......... .......... .......... .......... .......... 97% 1.29M 0s
    50K .                                                     100% 2306G=0.04s

2017-02-03 09:07:32 (1.32 MB/s) - ‘lpx005’ saved [52438/52438]

--2017-02-03 09:07:33--  http://doi.org/10.1093/jeclap/lpx004
Connecting to doi.org (doi.org)|208.254.38.90|:80... connected.
HTTP request sent, awaiting response... 303 See Other
Location: http://fdslive.oup.com/www.oup.com/pdf/production_in_progress.pdf [following]
--2017-02-03 09:07:34--  http://fdslive.oup.com/www.oup.com/pdf/production_in_progress.pdf
Connecting to fdslive.oup.com (fdslive.oup.com)|193.67.160.201|:80... connected.
HTTP request sent, awaiting response... 200 OK
Length: 52438 (51K) [application/pdf]
Saving to: ‘lpx004’

     0K .......... .......... .......... .......... .......... 97% 1.29M 0s
    50K .                                                     100% 2306G=0.04s

2017-02-03 09:07:34 (1.32 MB/s) - ‘lpx004’ saved [52438/52438]

--2017-02-03 09:07:35--  http://doi.org/10.1093/jeclap/lpw097
Connecting to doi.org (doi.org)|208.254.38.90|:80... connected.
HTTP request sent, awaiting response... 303 See Other
Location: https://academic.oup.com/jeclap/article-lookup/doi/10.1093/jeclap/lpw097 [following]
--2017-02-03 09:07:36--  https://academic.oup.com/jeclap/article-lookup/doi/10.1093/jeclap/lpw097
Connecting to academic.oup.com (academic.oup.com)|173.254.190.144|:443... connected.
HTTP request sent, awaiting response... 200 OK
Length: 86101 (84K) [text/html]
Saving to: ‘lpw097’

     0K .......... .......... .......... .......... .......... 59%  209K 0s
    50K .......... .......... .......... ....                 100% 5.41M=0.2s

2017-02-03 09:07:40 (343 KB/s) - ‘lpw097’ saved [86101/86101]

--2017-02-03 09:07:41--  http://doi.org/10.1093/jeclap/lpw096
Connecting to doi.org (doi.org)|208.254.38.90|:80... connected.
HTTP request sent, awaiting response... 303 See Other
Location: https://academic.oup.com/jeclap/article-lookup/doi/10.1093/jeclap/lpw096 [following]
--2017-02-03 09:07:42--  https://academic.oup.com/jeclap/article-lookup/doi/10.1093/jeclap/lpw096
Connecting to academic.oup.com (academic.oup.com)|173.254.190.144|:443... connected.
HTTP request sent, awaiting response... 200 OK
Length: 137366 (134K) [text/html]
Saving to: ‘lpw096’

     0K .......... .......... .......... .......... .......... 37%  208K 0s
    50K .......... .......... .......... .......... .......... 74%  606K 0s
   100K .......... .......... .......... ....                 100%  427K=0.4s

2017-02-03 09:07:46 (333 KB/s) - ‘lpw096’ saved [137366/137366]

--2017-02-03 09:07:47--  http://doi.org/10.1093/jeclap/lpw094
Connecting to doi.org (doi.org)|208.254.38.90|:80... connected.
HTTP request sent, awaiting response... 303 See Other
Location: http://jeclap.oxfordjournals.org/lookup/doi/10.1093/jeclap/lpw094 [following]
--2017-02-03 09:07:48--  http://jeclap.oxfordjournals.org/lookup/doi/10.1093/jeclap/lpw094
Connecting to jeclap.oxfordjournals.org (jeclap.oxfordjournals.org)|209.135.222.209|:80... connected.
HTTP request sent, awaiting response... 301 Moved Permanently
Cookie coming from jeclap.oxfordjournals.org attempted to set domain to academic.oup.com
Location: https://academic.oup.com/jeclap/article/8/1/47/2712541/Actions-for-Damages-in-the-Netherlands-the-United [following]
--2017-02-03 09:07:50--  https://academic.oup.com/jeclap/article/8/1/47/2712541/Actions-for-Damages-in-the-Netherlands-the-United
Connecting to academic.oup.com (academic.oup.com)|173.254.190.144|:443... connected.
HTTP request sent, awaiting response... 200 OK
Length: 213956 (209K) [text/html]
Saving to: ‘lpw094’

     0K .......... .......... .......... .......... .......... 23%  207K 1s
    50K .......... .......... .......... .......... .......... 47%  605K 0s
   100K .......... .......... .......... .......... .......... 71%  612K 0s
   150K .......... .......... .......... .......... .......... 95%  317K 0s
   200K ........                                              100% 4.53M=0.6s

2017-02-03 09:07:54 (370 KB/s) - ‘lpw094’ saved [213956/213956]

--2017-02-03 09:07:55--  http://doi.org/10.1093/jeclap/lpw095
Connecting to doi.org (doi.org)|208.254.38.90|:80... connected.
HTTP request sent, awaiting response... 303 See Other
Location: https://academic.oup.com/jeclap/article-lookup/doi/10.1093/jeclap/lpw095 [following]
--2017-02-03 09:07:56--  https://academic.oup.com/jeclap/article-lookup/doi/10.1093/jeclap/lpw095
Connecting to academic.oup.com (academic.oup.com)|173.254.190.144|:443... connected.
HTTP request sent, awaiting response... 200 OK
Length: 99654 (97K) [text/html]
Saving to: ‘lpw095’

     0K .......... .......... .......... .......... .......... 51%  209K 0s
    50K .......... .......... .......... .......... .......   100%  578K=0.3s

2017-02-03 09:07:59 (303 KB/s) - ‘lpw095’ saved [99654/99654]

--2017-02-03 09:08:00--  http://doi.org/10.1093/jeclap/lpw092
Connecting to doi.org (doi.org)|208.254.38.90|:80... connected.
HTTP request sent, awaiting response... 303 See Other
Location: http://jeclap.oxfordjournals.org/lookup/doi/10.1093/jeclap/lpw092 [following]
--2017-02-03 09:08:02--  http://jeclap.oxfordjournals.org/lookup/doi/10.1093/jeclap/lpw092
Connecting to jeclap.oxfordjournals.org (jeclap.oxfordjournals.org)|209.135.222.209|:80... connected.
HTTP request sent, awaiting response... 301 Moved Permanently
Cookie coming from jeclap.oxfordjournals.org attempted to set domain to academic.oup.com
Location: https://academic.oup.com/jeclap/article/8/1/25/2624337/The-Belgian-Excess-Profit-Exemption-Tax-Incentives [following]
--2017-02-03 09:08:03--  https://academic.oup.com/jeclap/article/8/1/25/2624337/The-Belgian-Excess-Profit-Exemption-Tax-Incentives
Connecting to academic.oup.com (academic.oup.com)|173.254.190.144|:443... connected.
HTTP request sent, awaiting response... 200 OK
Length: 80941 (79K) [text/html]
Saving to: ‘lpw092’

     0K .......... .......... .......... .......... .......... 63%  209K 0s
    50K .......... .......... .........                       100% 11.6M=0.2s

2017-02-03 09:08:05 (327 KB/s) - ‘lpw092’ saved [80941/80941]

--2017-02-03 09:08:06--  http://doi.org/10.1093/jeclap/lpw093
Connecting to doi.org (doi.org)|208.254.38.90|:80... connected.
HTTP request sent, awaiting response... 303 See Other
Location: http://jeclap.oxfordjournals.org/lookup/doi/10.1093/jeclap/lpw093 [following]
--2017-02-03 09:08:08--  http://jeclap.oxfordjournals.org/lookup/doi/10.1093/jeclap/lpw093
Connecting to jeclap.oxfordjournals.org (jeclap.oxfordjournals.org)|209.135.222.209|:80... connected.
HTTP request sent, awaiting response... 301 Moved Permanently
Cookie coming from jeclap.oxfordjournals.org attempted to set domain to academic.oup.com
Location: https://academic.oup.com/jeclap/article/8/1/27/2624338/Lundbeck-v-Commission-Reverse-Payment-Patent [following]
--2017-02-03 09:08:09--  https://academic.oup.com/jeclap/article/8/1/27/2624338/Lundbeck-v-Commission-Reverse-Payment-Patent
Connecting to academic.oup.com (academic.oup.com)|173.254.190.144|:443... connected.
HTTP request sent, awaiting response... 200 OK
Length: 81839 (80K) [text/html]
Saving to: ‘lpw093’

     0K .......... .......... .......... .......... .......... 62%  206K 0s
    50K .......... .......... .........                       100% 12.1M=0.2s

2017-02-03 09:08:12 (327 KB/s) - ‘lpw093’ saved [81839/81839]

--2017-02-03 09:08:13--  http://doi.org/10.1093/jeclap/lpw091
Connecting to doi.org (doi.org)|208.254.38.90|:80... connected.
HTTP request sent, awaiting response... 303 See Other
Location: http://jeclap.oxfordjournals.org/lookup/doi/10.1093/jeclap/lpw091 [following]
--2017-02-03 09:08:14--  http://jeclap.oxfordjournals.org/lookup/doi/10.1093/jeclap/lpw091
Connecting to jeclap.oxfordjournals.org (jeclap.oxfordjournals.org)|209.135.222.209|:80... connected.
HTTP request sent, awaiting response... 301 Moved Permanently
Cookie coming from jeclap.oxfordjournals.org attempted to set domain to academic.oup.com
Location: https://academic.oup.com/jeclap/article/8/1/30/2624336/Going-Digital-How-Online-Competition-Changed [following]
--2017-02-03 09:08:15--  https://academic.oup.com/jeclap/article/8/1/30/2624336/Going-Digital-How-Online-Competition-Changed
Connecting to academic.oup.com (academic.oup.com)|173.254.190.144|:443... connected.
HTTP request sent, awaiting response... 200 OK
Length: 121902 (119K) [text/html]
Saving to: ‘lpw091’

     0K .......... .......... .......... .......... .......... 42%  206K 0s
    50K .......... .......... .......... .......... .......... 84%  614K 0s
   100K .......... .........                                  100% 6.84M=0.3s

2017-02-03 09:08:20 (365 KB/s) - ‘lpw091’ saved [121902/121902]

--2017-02-03 09:08:21--  http://doi.org/10.1093/jeclap/lpw084
Connecting to doi.org (doi.org)|208.254.38.90|:80... connected.
HTTP request sent, awaiting response... 303 See Other
Location: https://academic.oup.com/jeclap/article-lookup/doi/10.1093/jeclap/lpw084 [following]
--2017-02-03 09:08:22--  https://academic.oup.com/jeclap/article-lookup/doi/10.1093/jeclap/lpw084
Connecting to academic.oup.com (academic.oup.com)|173.254.190.144|:443... connected.
HTTP request sent, awaiting response... 200 OK
Length: 146194 (143K) [text/html]
Saving to: ‘lpw084’

     0K .......... .......... .......... .......... .......... 35%  209K 0s
    50K .......... .......... .......... .......... .......... 70%  605K 0s
   100K .......... .......... .......... .......... ..        100%  533K=0.4s

2017-02-03 09:08:26 (355 KB/s) - ‘lpw084’ saved [146194/146194]

--2017-02-03 09:08:27--  http://doi.org/10.1093/jeclap/lpw079
Connecting to doi.org (doi.org)|208.254.38.90|:80... connected.
HTTP request sent, awaiting response... 303 See Other
Location: https://academic.oup.com/jeclap/article-lookup/doi/10.1093/jeclap/lpw079 [following]
--2017-02-03 09:08:28--  https://academic.oup.com/jeclap/article-lookup/doi/10.1093/jeclap/lpw079
Connecting to academic.oup.com (academic.oup.com)|173.254.190.144|:443... connected.
HTTP request sent, awaiting response... 200 OK
Length: 173539 (169K) [text/html]
Saving to: ‘lpw079’

     0K .......... .......... .......... .......... .......... 29%  209K 1s
    50K .......... .......... .......... .......... .......... 59%  602K 0s
   100K .......... .......... .......... .......... .......... 88%  612K 0s
   150K .......... .........                                  100%  465K=0.4s

2017-02-03 09:08:31 (380 KB/s) - ‘lpw079’ saved [173539/173539]

--2017-02-03 09:08:32--  http://doi.org/10.1093/jeclap/lpw082
Connecting to doi.org (doi.org)|208.254.38.90|:80... connected.
HTTP request sent, awaiting response... 303 See Other
Location: https://academic.oup.com/jeclap/article-lookup/doi/10.1093/jeclap/lpw082 [following]
--2017-02-03 09:08:33--  https://academic.oup.com/jeclap/article-lookup/doi/10.1093/jeclap/lpw082
Connecting to academic.oup.com (academic.oup.com)|173.254.190.144|:443... connected.
HTTP request sent, awaiting response... 200 OK
Length: 128833 (126K) [text/html]
Saving to: ‘lpw082’

     0K .......... .......... .......... .......... .......... 39%  209K 0s
    50K .......... .......... .......... .......... .......... 79%  598K 0s
   100K .......... .......... .....                           100% 15.0M=0.3s

2017-02-03 09:08:36 (387 KB/s) - ‘lpw082’ saved [128833/128833]

--2017-02-03 09:08:37--  http://doi.org/10.1093/jeclap/lpw081
Connecting to doi.org (doi.org)|208.254.38.90|:80... connected.
HTTP request sent, awaiting response... 303 See Other
Location: https://academic.oup.com/jeclap/article-lookup/doi/10.1093/jeclap/lpw081 [following]
--2017-02-03 09:08:39--  https://academic.oup.com/jeclap/article-lookup/doi/10.1093/jeclap/lpw081
Connecting to academic.oup.com (academic.oup.com)|173.254.190.144|:443... connected.
HTTP request sent, awaiting response... 200 OK
Length: 108840 (106K) [text/html]
Saving to: ‘lpw081’

     0K .......... .......... .......... .......... .......... 47%  208K 0s
    50K .......... .......... .......... .......... .......... 94%  606K 0s
   100K ......                                                100% 11995G=0.3s

2017-02-03 09:08:42 (329 KB/s) - ‘lpw081’ saved [108840/108840]

--2017-02-03 09:08:43--  http://doi.org/10.1093/jeclap/lpw078
Connecting to doi.org (doi.org)|208.254.38.90|:80... connected.
HTTP request sent, awaiting response... 303 See Other
Location: https://academic.oup.com/jeclap/article-lookup/doi/10.1093/jeclap/lpw078 [following]
--2017-02-03 09:08:44--  https://academic.oup.com/jeclap/article-lookup/doi/10.1093/jeclap/lpw078
Connecting to academic.oup.com (academic.oup.com)|173.254.190.144|:443... connected.
HTTP request sent, awaiting response... 200 OK
Length: 79568 (78K) [text/html]
Saving to: ‘lpw078’

     0K .......... .......... .......... .......... .......... 64%  209K 0s
    50K .......... .......... .......                         100% 5.08M=0.2s

2017-02-03 09:08:47 (317 KB/s) - ‘lpw078’ saved [79568/79568]

--2017-02-03 09:08:48--  http://doi.org/10.1093/jeclap/lpw075
Connecting to doi.org (doi.org)|208.254.38.90|:80... connected.
HTTP request sent, awaiting response... 303 See Other
Location: https://academic.oup.com/jeclap/article-lookup/doi/10.1093/jeclap/lpw075 [following]
--2017-02-03 09:08:50--  https://academic.oup.com/jeclap/article-lookup/doi/10.1093/jeclap/lpw075
Connecting to academic.oup.com (academic.oup.com)|173.254.190.144|:443... connected.
HTTP request sent, awaiting response... 200 OK
Length: 81838 (80K) [text/html]
Saving to: ‘lpw075’

     0K .......... .......... .......... .......... .......... 62%  209K 0s
    50K .......... .......... .........                       100% 11.7M=0.2s

2017-02-03 09:08:53 (331 KB/s) - ‘lpw075’ saved [81838/81838]

--2017-02-03 09:08:54--  http://doi.org/10.1093/jeclap/lpw074
Connecting to doi.org (doi.org)|208.254.38.90|:80... connected.
HTTP request sent, awaiting response... 303 See Other
Location: https://academic.oup.com/jeclap/article-lookup/doi/10.1093/jeclap/lpw074 [following]
--2017-02-03 09:08:56--  https://academic.oup.com/jeclap/article-lookup/doi/10.1093/jeclap/lpw074
Connecting to academic.oup.com (academic.oup.com)|173.254.190.144|:443... connected.
HTTP request sent, awaiting response... 200 OK
Length: 82562 (81K) [text/html]
Saving to: ‘lpw074’

     0K .......... .......... .......... .......... .......... 62%  208K 0s
    50K .......... .......... ..........                      100% 13.1M=0.2s

2017-02-03 09:09:00 (333 KB/s) - ‘lpw074’ saved [82562/82562]

--2017-02-03 09:09:01--  http://doi.org/10.1093/jeclap/lpw056
Connecting to doi.org (doi.org)|208.254.38.90|:80... connected.
HTTP request sent, awaiting response... 303 See Other
Location: http://jeclap.oxfordjournals.org/lookup/doi/10.1093/jeclap/lpw056 [following]
--2017-02-03 09:09:02--  http://jeclap.oxfordjournals.org/lookup/doi/10.1093/jeclap/lpw056
Connecting to jeclap.oxfordjournals.org (jeclap.oxfordjournals.org)|209.135.222.209|:80... connected.
HTTP request sent, awaiting response... 301 Moved Permanently
Cookie coming from jeclap.oxfordjournals.org attempted to set domain to academic.oup.com
Location: https://academic.oup.com/jeclap/article/8/1/36/2890733/South-Africa-The-Criminalisation-of-Cartel-Conduct [following]
--2017-02-03 09:09:03--  https://academic.oup.com/jeclap/article/8/1/36/2890733/South-Africa-The-Criminalisation-of-Cartel-Conduct
Connecting to academic.oup.com (academic.oup.com)|173.254.190.144|:443... connected.
HTTP request sent, awaiting response... 200 OK
Length: 101075 (99K) [text/html]
Saving to: ‘lpw056’

     0K .......... .......... .......... .......... .......... 50%  208K 0s
    50K .......... .......... .......... .......... ........  100%  596K=0.3s

2017-02-03 09:09:07 (307 KB/s) - ‘lpw056’ saved [101075/101075]

--2017-02-03 09:09:08--  http://doi.org/10.1093/jeclap/lpw065
Connecting to doi.org (doi.org)|208.254.38.90|:80... connected.
HTTP request sent, awaiting response... 303 See Other
Location: https://academic.oup.com/jeclap/article-lookup/doi/10.1093/jeclap/lpw065 [following]
--2017-02-03 09:09:09--  https://academic.oup.com/jeclap/article-lookup/doi/10.1093/jeclap/lpw065
Connecting to academic.oup.com (academic.oup.com)|173.254.190.144|:443... connected.
HTTP request sent, awaiting response... 200 OK
Length: 102545 (100K) [text/html]
Saving to: ‘lpw065’

     0K .......... .......... .......... .......... .......... 49%  208K 0s
    50K .......... .......... .......... .......... .......... 99%  613K 0s
   100K                                                       100%  270G=0.3s

2017-02-03 09:09:13 (311 KB/s) - ‘lpw065’ saved [102545/102545]

--2017-02-03 09:09:14--  http://doi.org/10.1093/jeclap/lpw072
Connecting to doi.org (doi.org)|208.254.38.90|:80... connected.
HTTP request sent, awaiting response... 303 See Other
Location: https://academic.oup.com/jeclap/article-lookup/doi/10.1093/jeclap/lpw072 [following]
--2017-02-03 09:09:15--  https://academic.oup.com/jeclap/article-lookup/doi/10.1093/jeclap/lpw072
Connecting to academic.oup.com (academic.oup.com)|173.254.190.144|:443... connected.
HTTP request sent, awaiting response... 200 OK
Length: 136904 (134K) [text/html]
Saving to: ‘lpw072’

     0K .......... .......... .......... .......... .......... 37%  209K 0s
    50K .......... .......... .......... .......... .......... 74%  606K 0s
   100K .......... .......... .......... ...                  100%  422K=0.4s

2017-02-03 09:09:19 (333 KB/s) - ‘lpw072’ saved [136904/136904]

--2017-02-03 09:09:20--  http://doi.org/10.1093/jeclap/lpw062
Connecting to doi.org (doi.org)|208.254.38.90|:80... connected.
HTTP request sent, awaiting response... 303 See Other
Location: https://academic.oup.com/jeclap/article-lookup/doi/10.1093/jeclap/lpw062 [following]
--2017-02-03 09:09:21--  https://academic.oup.com/jeclap/article-lookup/doi/10.1093/jeclap/lpw062
Connecting to academic.oup.com (academic.oup.com)|173.254.190.144|:443... connected.
HTTP request sent, awaiting response... 200 OK
Length: 119766 (117K) [text/html]
Saving to: ‘lpw062’

     0K .......... .......... .......... .......... .......... 42%  209K 0s
    50K .......... .......... .......... .......... .......... 85%  606K 0s
   100K .......... ......                                     100% 25.1M=0.3s

2017-02-03 09:09:24 (363 KB/s) - ‘lpw062’ saved [119766/119766]

--2017-02-03 09:09:25--  http://doi.org/10.1093/jeclap/lpw071
Connecting to doi.org (doi.org)|208.254.38.90|:80... connected.
HTTP request sent, awaiting response... 303 See Other
Location: https://academic.oup.com/jeclap/article-lookup/doi/10.1093/jeclap/lpw071 [following]
--2017-02-03 09:09:26--  https://academic.oup.com/jeclap/article-lookup/doi/10.1093/jeclap/lpw071
Connecting to academic.oup.com (academic.oup.com)|173.254.190.144|:443... connected.
HTTP request sent, awaiting response... 200 OK
Length: 151327 (148K) [text/html]
Saving to: ‘lpw071’

     0K .......... .......... .......... .......... .......... 33%  209K 0s
    50K .......... .......... .......... .......... .......... 67%  605K 0s
   100K .......... .......... .......... .......... .......   100%  585K=0.4s

2017-02-03 09:09:30 (366 KB/s) - ‘lpw071’ saved [151327/151327]

--2017-02-03 09:09:31--  http://doi.org/10.1093/jeclap/lpw067
Connecting to doi.org (doi.org)|208.254.38.90|:80... connected.
HTTP request sent, awaiting response... 303 See Other
Location: https://academic.oup.com/jeclap/article-lookup/doi/10.1093/jeclap/lpw067 [following]
--2017-02-03 09:09:32--  https://academic.oup.com/jeclap/article-lookup/doi/10.1093/jeclap/lpw067
Connecting to academic.oup.com (academic.oup.com)|173.254.190.144|:443... connected.
HTTP request sent, awaiting response... 200 OK
Length: 179443 (175K) [text/html]
Saving to: ‘lpw067’

     0K .......... .......... .......... .......... .......... 28%  310K 0s
    50K .......... .......... .......... .......... .......... 57%  314K 0s
   100K .......... .......... .......... .......... .......... 85%  178K 0s
   150K .......... .......... .....                           100% 17.9M=0.6s

2017-02-03 09:09:36 (291 KB/s) - ‘lpw067’ saved [179443/179443]

--2017-02-03 09:09:37--  http://doi.org/10.1093/jeclap/lpw070
Connecting to doi.org (doi.org)|208.254.38.90|:80... connected.
HTTP request sent, awaiting response... 303 See Other
Location: https://academic.oup.com/jeclap/article-lookup/doi/10.1093/jeclap/lpw070 [following]
--2017-02-03 09:09:38--  https://academic.oup.com/jeclap/article-lookup/doi/10.1093/jeclap/lpw070
Connecting to academic.oup.com (academic.oup.com)|173.254.190.144|:443... connected.
HTTP request sent, awaiting response... 200 OK
Length: 181511 (177K) [text/html]
Saving to: ‘lpw070’

     0K .......... .......... .......... .......... .......... 28%  209K 1s
    50K .......... .......... .......... .......... .......... 56%  598K 0s
   100K .......... .......... .......... .......... .......... 84%  606K 0s
   150K .......... .......... .......                         100%  342K=0.5s

2017-02-03 09:09:42 (365 KB/s) - ‘lpw070’ saved [181511/181511]

--2017-02-03 09:09:43--  http://doi.org/10.1093/jeclap/lpw058
Connecting to doi.org (doi.org)|208.254.38.90|:80... connected.
HTTP request sent, awaiting response... 303 See Other
Location: http://jeclap.oxfordjournals.org/lookup/doi/10.1093/jeclap/lpw058 [following]
--2017-02-03 09:09:44--  http://jeclap.oxfordjournals.org/lookup/doi/10.1093/jeclap/lpw058
Connecting to jeclap.oxfordjournals.org (jeclap.oxfordjournals.org)|209.135.222.209|:80... connected.
HTTP request sent, awaiting response... 301 Moved Permanently
Cookie coming from jeclap.oxfordjournals.org attempted to set domain to academic.oup.com
Location: https://academic.oup.com/jeclap/article/8/1/15/2890734/Passive-Participation-in-Anticompetitive [following]
--2017-02-03 09:09:45--  https://academic.oup.com/jeclap/article/8/1/15/2890734/Passive-Participation-in-Anticompetitive
Connecting to academic.oup.com (academic.oup.com)|173.254.190.144|:443... connected.
HTTP request sent, awaiting response... 200 OK
Length: 148467 (145K) [text/html]
Saving to: ‘lpw058’

     0K .......... .......... .......... .......... .......... 34%  209K 0s
    50K .......... .......... .......... .......... .......... 68%  605K 0s
   100K .......... .......... .......... .......... ....      100%  554K=0.4s

2017-02-03 09:09:49 (359 KB/s) - ‘lpw058’ saved [148467/148467]

--2017-02-03 09:09:50--  http://doi.org/10.1093/jeclap/lpw055
Connecting to doi.org (doi.org)|208.254.38.90|:80... connected.
HTTP request sent, awaiting response... 303 See Other
Location: http://jeclap.oxfordjournals.org/lookup/doi/10.1093/jeclap/lpw055 [following]
--2017-02-03 09:09:51--  http://jeclap.oxfordjournals.org/lookup/doi/10.1093/jeclap/lpw055
Connecting to jeclap.oxfordjournals.org (jeclap.oxfordjournals.org)|209.135.222.209|:80... connected.
HTTP request sent, awaiting response... 301 Moved Permanently
Cookie coming from jeclap.oxfordjournals.org attempted to set domain to academic.oup.com
Location: https://academic.oup.com/jeclap/article/8/1/41/2890732/Ex-Post-Merger-Evaluation-How-Does-it-Help-Ex-Ante [following]
--2017-02-03 09:09:53--  https://academic.oup.com/jeclap/article/8/1/41/2890732/Ex-Post-Merger-Evaluation-How-Does-it-Help-Ex-Ante
Connecting to academic.oup.com (academic.oup.com)|173.254.190.144|:443... connected.
HTTP request sent, awaiting response... 200 OK
Length: 112303 (110K) [text/html]
Saving to: ‘lpw055’

     0K .......... .......... .......... .......... .......... 45%  209K 0s
    50K .......... .......... .......... .......... .......... 91%  610K 0s
   100K .........                                             100% 9.82M=0.3s

2017-02-03 09:09:56 (340 KB/s) - ‘lpw055’ saved [112303/112303]

--2017-02-03 09:09:57--  http://doi.org/10.1093/jeclap/lpw064
Connecting to doi.org (doi.org)|208.254.38.90|:80... connected.
HTTP request sent, awaiting response... 303 See Other
Location: https://academic.oup.com/jeclap/article-lookup/doi/10.1093/jeclap/lpw064 [following]
--2017-02-03 09:09:58--  https://academic.oup.com/jeclap/article-lookup/doi/10.1093/jeclap/lpw064
Connecting to academic.oup.com (academic.oup.com)|173.254.190.144|:443... connected.
HTTP request sent, awaiting response... 200 OK
Length: 85924 (84K) [text/html]
Saving to: ‘lpw064’

     0K .......... .......... .......... .......... .......... 59%  208K 0s
    50K .......... .......... .......... ...                  100% 11.0M=0.2s

2017-02-03 09:10:01 (345 KB/s) - ‘lpw064’ saved [85924/85924]

--2017-02-03 09:10:02--  http://doi.org/10.1093/jeclap/lpw052
Connecting to doi.org (doi.org)|208.254.38.90|:80... connected.
HTTP request sent, awaiting response... 303 See Other
Location: https://academic.oup.com/jeclap/article-lookup/doi/10.1093/jeclap/lpw052 [following]
--2017-02-03 09:10:03--  https://academic.oup.com/jeclap/article-lookup/doi/10.1093/jeclap/lpw052
Connecting to academic.oup.com (academic.oup.com)|173.254.190.144|:443... connected.
HTTP request sent, awaiting response... 400 Bad Request
2017-02-03 09:10:04 ERROR 400: Bad Request.

--2017-02-03 09:10:05--  http://doi.org/10.1093/jeclap/lpw063
Connecting to doi.org (doi.org)|208.254.38.90|:80... connected.
HTTP request sent, awaiting response... 303 See Other
Location: https://academic.oup.com/jeclap/article-lookup/doi/10.1093/jeclap/lpw063 [following]
--2017-02-03 09:10:06--  https://academic.oup.com/jeclap/article-lookup/doi/10.1093/jeclap/lpw063
Connecting to academic.oup.com (academic.oup.com)|173.254.190.144|:443... connected.
HTTP request sent, awaiting response... 200 OK
Length: 90555 (88K) [text/html]
Saving to: ‘lpw063’

     0K .......... .......... .......... .......... .......... 56%  209K 0s
    50K .......... .......... .......... ........             100% 11.4M=0.2s

2017-02-03 09:10:09 (365 KB/s) - ‘lpw063’ saved [90555/90555]

--2017-02-03 09:10:10--  http://doi.org/10.1093/jeclap/lpw061
Connecting to doi.org (doi.org)|208.254.38.90|:80... connected.
HTTP request sent, awaiting response... 303 See Other
Location: https://academic.oup.com/jeclap/article-lookup/doi/10.1093/jeclap/lpw061 [following]
--2017-02-03 09:10:11--  https://academic.oup.com/jeclap/article-lookup/doi/10.1093/jeclap/lpw061
Connecting to academic.oup.com (academic.oup.com)|173.254.190.144|:443... connected.
HTTP request sent, awaiting response... 200 OK
Length: 124346 (121K) [text/html]
Saving to: ‘lpw061’

     0K .......... .......... .......... .......... .......... 41%  207K 0s
    50K .......... .......... .......... .......... .......... 82%  607K 0s
   100K .......... .......... .                               100% 17.2M=0.3s

2017-02-03 09:10:17 (374 KB/s) - ‘lpw061’ saved [124346/124346]

--2017-02-03 09:10:18--  http://doi.org/10.1093/jeclap/lpw054
Connecting to doi.org (doi.org)|208.254.38.90|:80... connected.
HTTP request sent, awaiting response... 303 See Other
Location: https://academic.oup.com/jeclap/article-lookup/doi/10.1093/jeclap/lpw054 [following]
--2017-02-03 09:10:19--  https://academic.oup.com/jeclap/article-lookup/doi/10.1093/jeclap/lpw054
Connecting to academic.oup.com (academic.oup.com)|173.254.190.144|:443... connected.
HTTP request sent, awaiting response... 200 OK
Length: 107567 (105K) [text/html]
Saving to: ‘lpw054’

     0K .......... .......... .......... .......... .......... 47%  209K 0s
    50K .......... .......... .......... .......... .......... 95%  600K 0s
   100K .....                                                 100% 9624G=0.3s

2017-02-03 09:10:22 (326 KB/s) - ‘lpw054’ saved [107567/107567]

--2017-02-03 09:10:23--  http://doi.org/10.1093/jeclap/lpw031
Connecting to doi.org (doi.org)|208.254.38.90|:80... connected.
HTTP request sent, awaiting response... 303 See Other
Location: https://academic.oup.com/jeclap/article-lookup/doi/10.1093/jeclap/lpw031 [following]
--2017-02-03 09:10:24--  https://academic.oup.com/jeclap/article-lookup/doi/10.1093/jeclap/lpw031
Connecting to academic.oup.com (academic.oup.com)|173.254.190.144|:443... connected.
HTTP request sent, awaiting response... 200 OK
Length: 119754 (117K) [text/html]
Saving to: ‘lpw031’

     0K .......... .......... .......... .......... .......... 42%  209K 0s
    50K .......... .......... .......... .......... .......... 85%  602K 0s
   100K .......... ......                                     100% 22.9M=0.3s

2017-02-03 09:10:28 (362 KB/s) - ‘lpw031’ saved [119754/119754]

--2017-02-03 09:10:29--  http://doi.org/10.1093/jeclap/lpw051
Connecting to doi.org (doi.org)|208.254.38.90|:80... connected.
HTTP request sent, awaiting response... 303 See Other
Location: https://academic.oup.com/jeclap/article-lookup/doi/10.1093/jeclap/lpw051 [following]
--2017-02-03 09:10:30--  https://academic.oup.com/jeclap/article-lookup/doi/10.1093/jeclap/lpw051
Connecting to academic.oup.com (academic.oup.com)|173.254.190.144|:443... connected.
HTTP request sent, awaiting response... 200 OK
Length: 77295 (75K) [text/html]
Saving to: ‘lpw051’

     0K .......... .......... .......... .......... .......... 66%  209K 0s
    50K .......... .......... .....                           100% 9.33M=0.2s

2017-02-03 09:10:33 (312 KB/s) - ‘lpw051’ saved [77295/77295]

--2017-02-03 09:10:34--  http://doi.org/10.1093/jeclap/lpw049
Connecting to doi.org (doi.org)|208.254.38.90|:80... connected.
HTTP request sent, awaiting response... 303 See Other
Location: https://academic.oup.com/jeclap/article-lookup/doi/10.1093/jeclap/lpw049 [following]
--2017-02-03 09:10:36--  https://academic.oup.com/jeclap/article-lookup/doi/10.1093/jeclap/lpw049
Connecting to academic.oup.com (academic.oup.com)|173.254.190.144|:443... connected.
HTTP request sent, awaiting response... 200 OK
Length: 113603 (111K) [text/html]
Saving to: ‘lpw049’

     0K .......... .......... .......... .......... .......... 45%  209K 0s
    50K .......... .......... .......... .......... .......... 90%  602K 0s
   100K ..........                                            100% 28.6M=0.3s

2017-02-03 09:10:38 (344 KB/s) - ‘lpw049’ saved [113603/113603]

--2017-02-03 09:10:39--  http://doi.org/10.1093/jeclap/lpw077
Connecting to doi.org (doi.org)|208.254.38.90|:80... connected.
HTTP request sent, awaiting response... 303 See Other
Location: https://academic.oup.com/jeclap/article-lookup/doi/10.1093/jeclap/lpw077 [following]
--2017-02-03 09:10:41--  https://academic.oup.com/jeclap/article-lookup/doi/10.1093/jeclap/lpw077
Connecting to academic.oup.com (academic.oup.com)|173.254.190.144|:443... connected.
HTTP request sent, awaiting response... 200 OK
Length: 82309 (80K) [text/html]
Saving to: ‘lpw077’

     0K .......... .......... .......... .......... .......... 62%  208K 0s
    50K .......... .......... ..........                      100% 12.0M=0.2s

2017-02-03 09:10:44 (331 KB/s) - ‘lpw077’ saved [82309/82309]

--2017-02-03 09:10:45--  http://doi.org/10.1093/jeclap/lpw069
Connecting to doi.org (doi.org)|208.254.38.90|:80... connected.
HTTP request sent, awaiting response... 303 See Other
Location: https://academic.oup.com/jeclap/article-lookup/doi/10.1093/jeclap/lpw069 [following]
--2017-02-03 09:10:46--  https://academic.oup.com/jeclap/article-lookup/doi/10.1093/jeclap/lpw069
Connecting to academic.oup.com (academic.oup.com)|173.254.190.144|:443... connected.
HTTP request sent, awaiting response... 200 OK
Length: 75267 (74K) [text/html]
Saving to: ‘lpw069’

     0K .......... .......... .......... .......... .......... 68%  208K 0s
    50K .......... .......... ...                             100% 12.6M=0.2s

2017-02-03 09:10:49 (303 KB/s) - ‘lpw069’ saved [75267/75267]

--2017-02-03 09:10:50--  http://doi.org/10.1093/jeclap/lpw073
Connecting to doi.org (doi.org)|208.254.38.90|:80... connected.
HTTP request sent, awaiting response... 303 See Other
Location: https://academic.oup.com/jeclap/article-lookup/doi/10.1093/jeclap/lpw073 [following]
--2017-02-03 09:10:52--  https://academic.oup.com/jeclap/article-lookup/doi/10.1093/jeclap/lpw073
Connecting to academic.oup.com (academic.oup.com)|173.254.190.144|:443... connected.
HTTP request sent, awaiting response... 200 OK
Length: 180809 (177K) [text/html]
Saving to: ‘lpw073’

     0K .......... .......... .......... .......... .......... 28%  209K 1s
    50K .......... .......... .......... .......... .......... 56%  606K 0s
   100K .......... .......... .......... .......... .......... 84%  614K 0s
   150K .......... .......... ......                          100%  332K=0.5s

2017-02-03 09:10:58 (365 KB/s) - ‘lpw073’ saved [180809/180809]

--2017-02-03 09:10:59--  http://doi.org/10.1093/jeclap/lpw059
Connecting to doi.org (doi.org)|208.254.38.90|:80... connected.
HTTP request sent, awaiting response... 303 See Other
Location: https://academic.oup.com/jeclap/article-lookup/doi/10.1093/jeclap/lpw059 [following]
--2017-02-03 09:11:00--  https://academic.oup.com/jeclap/article-lookup/doi/10.1093/jeclap/lpw059
Connecting to academic.oup.com (academic.oup.com)|173.254.190.144|:443... connected.
HTTP request sent, awaiting response... 200 OK
Length: 118690 (116K) [text/html]
Saving to: ‘lpw059’

     0K .......... .......... .......... .......... .......... 43%  209K 0s
    50K .......... .......... .......... .......... .......... 86%  607K 0s
   100K .......... .....                                      100% 12.9M=0.3s

2017-02-03 09:11:07 (359 KB/s) - ‘lpw059’ saved [118690/118690]

--2017-02-03 09:11:08--  http://doi.org/10.1093/jeclap/lpw076
Connecting to doi.org (doi.org)|208.254.38.90|:80... connected.
HTTP request sent, awaiting response... 303 See Other
Location: https://academic.oup.com/jeclap/article-lookup/doi/10.1093/jeclap/lpw076 [following]
--2017-02-03 09:11:09--  https://academic.oup.com/jeclap/article-lookup/doi/10.1093/jeclap/lpw076
Connecting to academic.oup.com (academic.oup.com)|173.254.190.144|:443... connected.
HTTP request sent, awaiting response... 200 OK
Length: 213058 (208K) [text/html]
Saving to: ‘lpw076’

     0K .......... .......... .......... .......... .......... 24%  208K 1s
    50K .......... .......... .......... .......... .......... 48%  609K 0s
   100K .......... .......... .......... .......... .......... 72%  604K 0s
   150K .......... .......... .......... .......... .......... 96%  313K 0s
   200K ........                                              100% 13.6M=0.6s

2017-02-03 09:11:13 (368 KB/s) - ‘lpw076’ saved [213058/213058]

--2017-02-03 09:11:14--  http://doi.org/10.1093/jeclap/lpw050
Connecting to doi.org (doi.org)|208.254.38.90|:80... connected.
HTTP request sent, awaiting response... 303 See Other
Location: https://academic.oup.com/jeclap/article-lookup/doi/10.1093/jeclap/lpw050 [following]
--2017-02-03 09:11:15--  https://academic.oup.com/jeclap/article-lookup/doi/10.1093/jeclap/lpw050
Connecting to academic.oup.com (academic.oup.com)|173.254.190.144|:443... connected.
HTTP request sent, awaiting response... 200 OK
Length: 117825 (115K) [text/html]
Saving to: ‘lpw050’

     0K .......... .......... .......... .......... .......... 43% 96.2K 1s
    50K .......... .......... .......... .......... .......... 86%  139K 0s
   100K .......... .....                                      100%  191K=1.0s

2017-02-03 09:11:21 (120 KB/s) - ‘lpw050’ saved [117825/117825]

--2017-02-03 09:11:22--  http://doi.org/10.1093/jeclap/lpw046
Connecting to doi.org (doi.org)|208.254.38.90|:80... connected.
HTTP request sent, awaiting response... 303 See Other
Location: http://jeclap.oxfordjournals.org/lookup/doi/10.1093/jeclap/lpw046 [following]
--2017-02-03 09:11:23--  http://jeclap.oxfordjournals.org/lookup/doi/10.1093/jeclap/lpw046
Connecting to jeclap.oxfordjournals.org (jeclap.oxfordjournals.org)|209.135.222.209|:80... connected.
HTTP request sent, awaiting response... 301 Moved Permanently
Cookie coming from jeclap.oxfordjournals.org attempted to set domain to academic.oup.com
Location: https://academic.oup.com/jeclap/article/8/1/3/2890729/Parity-Clauses-and-Competition-Law-in-Digital [following]
--2017-02-03 09:11:24--  https://academic.oup.com/jeclap/article/8/1/3/2890729/Parity-Clauses-and-Competition-Law-in-Digital
Connecting to academic.oup.com (academic.oup.com)|173.254.190.144|:443... connected.
HTTP request sent, awaiting response... 200 OK
Length: 166281 (162K) [text/html]
Saving to: ‘lpw046’

     0K .......... .......... .......... .......... .......... 30%  209K 1s
    50K .......... .......... .......... .......... .......... 61%  609K 0s
   100K .......... .......... .......... .......... .......... 92%  610K 0s
   150K .......... ..                                         100% 16.0M=0.4s

2017-02-03 09:11:27 (402 KB/s) - ‘lpw046’ saved [166281/166281]

--2017-02-03 09:11:28--  http://doi.org/10.1093/jeclap/lpw047
Connecting to doi.org (doi.org)|208.254.38.90|:80... connected.
HTTP request sent, awaiting response... 303 See Other
Location: https://academic.oup.com/jeclap/article-lookup/doi/10.1093/jeclap/lpw047 [following]
--2017-02-03 09:11:29--  https://academic.oup.com/jeclap/article-lookup/doi/10.1093/jeclap/lpw047
Connecting to academic.oup.com (academic.oup.com)|173.254.190.144|:443... connected.
HTTP request sent, awaiting response... 200 OK
Length: 120238 (117K) [text/html]
Saving to: ‘lpw047’

     0K .......... .......... .......... .......... .......... 42%  209K 0s
    50K .......... .......... .......... .......... .......... 85%  602K 0s
   100K .......... .......                                    100% 21.0M=0.3s

2017-02-03 09:11:44 (363 KB/s) - ‘lpw047’ saved [120238/120238]

--2017-02-03 09:11:45--  http://doi.org/10.1093/jeclap/lpw048
Connecting to doi.org (doi.org)|208.254.38.90|:80... connected.
HTTP request sent, awaiting response... 303 See Other
Location: https://academic.oup.com/jeclap/article-lookup/doi/10.1093/jeclap/lpw048 [following]
--2017-02-03 09:11:46--  https://academic.oup.com/jeclap/article-lookup/doi/10.1093/jeclap/lpw048
Connecting to academic.oup.com (academic.oup.com)|173.254.190.144|:443... connected.
HTTP request sent, awaiting response... 200 OK
Length: 128970 (126K) [text/html]
Saving to: ‘lpw048’

     0K .......... .......... .......... .......... .......... 39%  209K 0s
    50K .......... .......... .......... .......... .......... 79%  610K 0s
   100K .......... .......... .....                           100% 11.3M=0.3s

2017-02-03 09:11:56 (389 KB/s) - ‘lpw048’ saved [128970/128970]

--2017-02-03 09:11:57--  http://doi.org/10.1093/jeclap/lpw042
Connecting to doi.org (doi.org)|208.254.38.90|:80... connected.
HTTP request sent, awaiting response... 303 See Other
Location: https://academic.oup.com/jeclap/article-lookup/doi/10.1093/jeclap/lpw042 [following]
--2017-02-03 09:11:58--  https://academic.oup.com/jeclap/article-lookup/doi/10.1093/jeclap/lpw042
Connecting to academic.oup.com (academic.oup.com)|173.254.190.144|:443... connected.
HTTP request sent, awaiting response... 400 Bad Request
2017-02-03 09:11:59 ERROR 400: Bad Request.

--2017-02-03 09:12:00--  http://doi.org/10.1093/jeclap/lpw041
Connecting to doi.org (doi.org)|208.254.38.90|:80... connected.
HTTP request sent, awaiting response... 303 See Other
Location: https://academic.oup.com/jeclap/article-lookup/doi/10.1093/jeclap/lpw041 [following]
--2017-02-03 09:12:01--  https://academic.oup.com/jeclap/article-lookup/doi/10.1093/jeclap/lpw041
Connecting to academic.oup.com (academic.oup.com)|173.254.190.144|:443... connected.
HTTP request sent, awaiting response... 200 OK
Length: 128569 (126K) [text/html]
Saving to: ‘lpw041’

     0K .......... .......... .......... .......... .......... 39%  208K 0s
    50K .......... .......... .......... .......... .......... 79%  610K 0s
   100K .......... .......... .....                           100% 9.16M=0.3s

2017-02-03 09:12:04 (387 KB/s) - ‘lpw041’ saved [128569/128569]

--2017-02-03 09:12:05--  http://doi.org/10.1093/jeclap/lpw044
Connecting to doi.org (doi.org)|208.254.38.90|:80... connected.
HTTP request sent, awaiting response... 303 See Other
Location: https://academic.oup.com/jeclap/article-lookup/doi/10.1093/jeclap/lpw044 [following]
--2017-02-03 09:12:07--  https://academic.oup.com/jeclap/article-lookup/doi/10.1093/jeclap/lpw044
Connecting to academic.oup.com (academic.oup.com)|173.254.190.144|:443... connected.
HTTP request sent, awaiting response... 200 OK
Length: 117698 (115K) [text/html]
Saving to: ‘lpw044’

     0K .......... .......... .......... .......... .......... 43%  208K 0s
    50K .......... .......... .......... .......... .......... 87%  609K 0s
   100K .......... ....                                       100% 7.46M=0.3s

2017-02-03 09:12:10 (355 KB/s) - ‘lpw044’ saved [117698/117698]

--2017-02-03 09:12:11--  http://doi.org/10.1093/jeclap/lpw045
Connecting to doi.org (doi.org)|208.254.38.90|:80... connected.
HTTP request sent, awaiting response... 303 See Other
Location: https://academic.oup.com/jeclap/article-lookup/doi/10.1093/jeclap/lpw045 [following]
--2017-02-03 09:12:12--  https://academic.oup.com/jeclap/article-lookup/doi/10.1093/jeclap/lpw045
Connecting to academic.oup.com (academic.oup.com)|173.254.190.144|:443... connected.
HTTP request sent, awaiting response... 200 OK
Length: 108328 (106K) [text/html]
Saving to: ‘lpw045’

     0K .......... .......... .......... .......... .......... 47%  207K 0s
    50K .......... .......... .......... .......... .......... 94%  607K 0s
   100K .....                                                 100% 35.6M=0.3s

2017-02-03 09:12:19 (327 KB/s) - ‘lpw045’ saved [108328/108328]

--2017-02-03 09:12:20--  http://doi.org/10.1093/jeclap/lpw037
Connecting to doi.org (doi.org)|208.254.38.90|:80... connected.
HTTP request sent, awaiting response... 303 See Other
Location: https://academic.oup.com/jeclap/article-lookup/doi/10.1093/jeclap/lpw037 [following]
--2017-02-03 09:12:21--  https://academic.oup.com/jeclap/article-lookup/doi/10.1093/jeclap/lpw037
Connecting to academic.oup.com (academic.oup.com)|173.254.190.144|:443... connected.
HTTP request sent, awaiting response... 400 Bad Request
2017-02-03 09:12:22 ERROR 400: Bad Request.

--2017-02-03 09:12:23--  http://doi.org/10.1093/jeclap/lpw066
Connecting to doi.org (doi.org)|208.254.38.90|:80... connected.
HTTP request sent, awaiting response... 303 See Other
Location: https://academic.oup.com/jeclap/article-lookup/doi/10.1093/jeclap/lpw066 [following]
--2017-02-03 09:12:24--  https://academic.oup.com/jeclap/article-lookup/doi/10.1093/jeclap/lpw066
Connecting to academic.oup.com (academic.oup.com)|173.254.190.144|:443... connected.
HTTP request sent, awaiting response... 200 OK
Length: 201827 (197K) [text/html]
Saving to: ‘lpw066’

     0K .......... .......... .......... .......... .......... 25%  209K 1s
    50K .......... .......... .......... .......... .......... 50%  606K 0s
   100K .......... .......... .......... .......... .......... 76%  609K 0s
   150K .......... .......... .......... .......... .......   100%  579K=0.5s

2017-02-03 09:12:28 (406 KB/s) - ‘lpw066’ saved [201827/201827]

--2017-02-03 09:12:29--  http://doi.org/10.1093/jeclap/lpw060
Connecting to doi.org (doi.org)|208.254.38.90|:80... connected.
HTTP request sent, awaiting response... 303 See Other
Location: https://academic.oup.com/jeclap/article-lookup/doi/10.1093/jeclap/lpw060 [following]
--2017-02-03 09:12:30--  https://academic.oup.com/jeclap/article-lookup/doi/10.1093/jeclap/lpw060
Connecting to academic.oup.com (academic.oup.com)|173.254.190.144|:443... connected.
HTTP request sent, awaiting response... 200 OK
Length: 75361 (74K) [text/html]
Saving to: ‘lpw060’

     0K .......... .......... .......... .......... .......... 67%  209K 0s
    50K .......... .......... ...                             100% 13.3M=0.2s

2017-02-03 09:12:34 (306 KB/s) - ‘lpw060’ saved [75361/75361]

--2017-02-03 09:12:35--  http://doi.org/10.1093/jeclap/lpw053
Connecting to doi.org (doi.org)|208.254.38.90|:80... connected.
HTTP request sent, awaiting response... 303 See Other
Location: https://academic.oup.com/jeclap/article-lookup/doi/10.1093/jeclap/lpw053 [following]
--2017-02-03 09:12:36--  https://academic.oup.com/jeclap/article-lookup/doi/10.1093/jeclap/lpw053
Connecting to academic.oup.com (academic.oup.com)|173.254.190.144|:443... connected.
HTTP request sent, awaiting response... 200 OK
Length: 118979 (116K) [text/html]
Saving to: ‘lpw053’

     0K .......... .......... .......... .......... .......... 43%  208K 0s
    50K .......... .......... .......... .......... .......... 86%  586K 0s
   100K .......... ......                                     100% 27.9M=0.3s

2017-02-03 09:12:40 (356 KB/s) - ‘lpw053’ saved [118979/118979]

--2017-02-03 09:12:41--  http://doi.org/10.1093/jeclap/lpw068
Connecting to doi.org (doi.org)|208.254.38.90|:80... connected.
HTTP request sent, awaiting response... 303 See Other
Location: https://academic.oup.com/jeclap/article-lookup/doi/10.1093/jeclap/lpw068 [following]
--2017-02-03 09:12:42--  https://academic.oup.com/jeclap/article-lookup/doi/10.1093/jeclap/lpw068
Connecting to academic.oup.com (academic.oup.com)|173.254.190.144|:443... connected.
HTTP request sent, awaiting response... 200 OK
Length: 120078 (117K) [text/html]
Saving to: ‘lpw068’

     0K .......... .......... .......... .......... .......... 42%  208K 0s
    50K .......... .......... .......... .......... .......... 85%  605K 0s
   100K .......... .......                                    100% 20.6M=0.3s

2017-02-03 09:12:46 (362 KB/s) - ‘lpw068’ saved [120078/120078]

--2017-02-03 09:12:47--  http://doi.org/10.1093/jeclap/lpw035
Connecting to doi.org (doi.org)|208.254.38.90|:80... connected.
HTTP request sent, awaiting response... 303 See Other
Location: https://academic.oup.com/jeclap/article-lookup/doi/10.1093/jeclap/lpw035 [following]
--2017-02-03 09:12:48--  https://academic.oup.com/jeclap/article-lookup/doi/10.1093/jeclap/lpw035
Connecting to academic.oup.com (academic.oup.com)|173.254.190.144|:443... connected.
HTTP request sent, awaiting response... 200 OK
Length: 166359 (162K) [text/html]
Saving to: ‘lpw035’

     0K .......... .......... .......... .......... .......... 30%  207K 1s
    50K .......... .......... .......... .......... .......... 61%  609K 0s
   100K .......... .......... .......... .......... .......... 92%  602K 0s
   150K .......... ..                                         100% 12.8M=0.4s

2017-02-03 09:12:52 (399 KB/s) - ‘lpw035’ saved [166359/166359]

--2017-02-03 09:12:53--  http://doi.org/10.1093/jeclap/lpw038
Connecting to doi.org (doi.org)|208.254.38.90|:80... connected.
HTTP request sent, awaiting response... 303 See Other
Location: https://academic.oup.com/jeclap/article-lookup/doi/10.1093/jeclap/lpw038 [following]
--2017-02-03 09:12:55--  https://academic.oup.com/jeclap/article-lookup/doi/10.1093/jeclap/lpw038
Connecting to academic.oup.com (academic.oup.com)|173.254.190.144|:443... connected.
HTTP request sent, awaiting response... 200 OK
Length: 127756 (125K) [text/html]
Saving to: ‘lpw038’

     0K .......... .......... .......... .......... .......... 40%  209K 0s
    50K .......... .......... .......... .......... .......... 80%  608K 0s
   100K .......... .......... ....                            100% 8.02M=0.3s

2017-02-03 09:12:58 (385 KB/s) - ‘lpw038’ saved [127756/127756]

--2017-02-03 09:12:59--  http://doi.org/10.1093/jeclap/lpw036
Connecting to doi.org (doi.org)|208.254.38.90|:80... connected.
HTTP request sent, awaiting response... 303 See Other
Location: https://academic.oup.com/jeclap/article-lookup/doi/10.1093/jeclap/lpw036 [following]
--2017-02-03 09:13:00--  https://academic.oup.com/jeclap/article-lookup/doi/10.1093/jeclap/lpw036
Connecting to academic.oup.com (academic.oup.com)|173.254.190.144|:443... connected.
HTTP request sent, awaiting response... 400 Bad Request
2017-02-03 09:13:01 ERROR 400: Bad Request.

--2017-02-03 09:13:02--  http://doi.org/10.1093/jeclap/lpw039
Connecting to doi.org (doi.org)|208.254.38.90|:80... connected.
HTTP request sent, awaiting response... 303 See Other
Location: https://academic.oup.com/jeclap/article-lookup/doi/10.1093/jeclap/lpw039 [following]
--2017-02-03 09:13:03--  https://academic.oup.com/jeclap/article-lookup/doi/10.1093/jeclap/lpw039
Connecting to academic.oup.com (academic.oup.com)|173.254.190.144|:443... connected.
HTTP request sent, awaiting response... 200 OK
Length: 73695 (72K) [text/html]
Saving to: ‘lpw039’

     0K .......... .......... .......... .......... .......... 69%  209K 0s
    50K .......... .......... .                               100% 14.1M=0.2s

2017-02-03 09:13:08 (299 KB/s) - ‘lpw039’ saved [73695/73695]

--2017-02-03 09:13:09--  http://doi.org/10.1093/jeclap/lpw040
Connecting to doi.org (doi.org)|208.254.38.90|:80... connected.
HTTP request sent, awaiting response... 303 See Other
Location: https://academic.oup.com/jeclap/article-lookup/doi/10.1093/jeclap/lpw040 [following]
--2017-02-03 09:13:10--  https://academic.oup.com/jeclap/article-lookup/doi/10.1093/jeclap/lpw040
Connecting to academic.oup.com (academic.oup.com)|173.254.190.144|:443... connected.
HTTP request sent, awaiting response... 200 OK
Length: 178371 (174K) [text/html]
Saving to: ‘lpw040’

     0K .......... .......... .......... .......... .......... 28%  207K 1s
    50K .......... .......... .......... .......... .......... 57%  603K 0s
   100K .......... .......... .......... .......... .......... 86%  605K 0s
   150K .......... .......... ....                            100%  305K=0.5s

2017-02-03 09:13:13 (358 KB/s) - ‘lpw040’ saved [178371/178371]

--2017-02-03 09:13:14--  http://doi.org/10.1093/jeclap/lpw057
Connecting to doi.org (doi.org)|208.254.38.90|:80... connected.
HTTP request sent, awaiting response... 303 See Other
Location: https://academic.oup.com/jeclap/article-lookup/doi/10.1093/jeclap/lpw057 [following]
--2017-02-03 09:13:15--  https://academic.oup.com/jeclap/article-lookup/doi/10.1093/jeclap/lpw057
Connecting to academic.oup.com (academic.oup.com)|173.254.190.144|:443... connected.
HTTP request sent, awaiting response... 200 OK
Length: 124325 (121K) [text/html]
Saving to: ‘lpw057’

     0K .......... .......... .......... .......... .......... 41%  209K 0s
    50K .......... .......... .......... .......... .......... 82%  605K 0s
   100K .......... .......... .                               100% 16.2M=0.3s

2017-02-03 09:13:18 (376 KB/s) - ‘lpw057’ saved [124325/124325]

--2017-02-03 09:13:19--  http://doi.org/10.1093/jeclap/lpw016
Connecting to doi.org (doi.org)|208.254.38.90|:80... connected.
HTTP request sent, awaiting response... 303 See Other
Location: https://academic.oup.com/jeclap/article-lookup/doi/10.1093/jeclap/lpw016 [following]
--2017-02-03 09:13:21--  https://academic.oup.com/jeclap/article-lookup/doi/10.1093/jeclap/lpw016
Connecting to academic.oup.com (academic.oup.com)|173.254.190.144|:443... connected.
HTTP request sent, awaiting response... 400 Bad Request
2017-02-03 09:13:21 ERROR 400: Bad Request.

--2017-02-03 09:13:22--  http://doi.org/10.1093/jeclap/lpw030
Connecting to doi.org (doi.org)|208.254.38.90|:80... connected.
HTTP request sent, awaiting response... 303 See Other
Location: https://academic.oup.com/jeclap/article-lookup/doi/10.1093/jeclap/lpw030 [following]
--2017-02-03 09:13:23--  https://academic.oup.com/jeclap/article-lookup/doi/10.1093/jeclap/lpw030
Connecting to academic.oup.com (academic.oup.com)|173.254.190.144|:443... connected.
HTTP request sent, awaiting response... 400 Bad Request
2017-02-03 09:13:24 ERROR 400: Bad Request.

--2017-02-03 09:13:25--  http://doi.org/10.1093/jeclap/lpw034
Connecting to doi.org (doi.org)|208.254.38.90|:80... connected.
HTTP request sent, awaiting response... 303 See Other
Location: https://academic.oup.com/jeclap/article-lookup/doi/10.1093/jeclap/lpw034 [following]
--2017-02-03 09:13:26--  https://academic.oup.com/jeclap/article-lookup/doi/10.1093/jeclap/lpw034
Connecting to academic.oup.com (academic.oup.com)|173.254.190.144|:443... connected.
HTTP request sent, awaiting response... 200 OK
Length: 75703 (74K) [text/html]
Saving to: ‘lpw034’

     0K .......... .......... .......... .......... .......... 67%  208K 0s
    50K .......... .......... ...                             100% 10.0M=0.2s

2017-02-03 09:13:29 (305 KB/s) - ‘lpw034’ saved [75703/75703]

--2017-02-03 09:13:30--  http://doi.org/10.1093/jeclap/lpw033
Connecting to doi.org (doi.org)|208.254.38.90|:80... connected.
HTTP request sent, awaiting response... 303 See Other
Location: https://academic.oup.com/jeclap/article-lookup/doi/10.1093/jeclap/lpw033 [following]
--2017-02-03 09:13:32--  https://academic.oup.com/jeclap/article-lookup/doi/10.1093/jeclap/lpw033
Connecting to academic.oup.com (academic.oup.com)|173.254.190.144|:443... connected.
HTTP request sent, awaiting response... 200 OK
Length: 108212 (106K) [text/html]
Saving to: ‘lpw033’

     0K .......... .......... .......... .......... .......... 47%  209K 0s
    50K .......... .......... .......... .......... .......... 94%  614K 0s
   100K .....                                                 100% 22.8M=0.3s

2017-02-03 09:13:35 (329 KB/s) - ‘lpw033’ saved [108212/108212]

--2017-02-03 09:13:36--  http://doi.org/10.1093/jeclap/lpw029
Connecting to doi.org (doi.org)|208.254.38.90|:80... connected.
HTTP request sent, awaiting response... 303 See Other
Location: https://academic.oup.com/jeclap/article-lookup/doi/10.1093/jeclap/lpw029 [following]
--2017-02-03 09:13:38--  https://academic.oup.com/jeclap/article-lookup/doi/10.1093/jeclap/lpw029
Connecting to academic.oup.com (academic.oup.com)|173.254.190.144|:443... connected.
HTTP request sent, awaiting response... 200 OK
Length: 73555 (72K) [text/html]
Saving to: ‘lpw029’

     0K .......... .......... .......... .......... .......... 69%  208K 0s
    50K .......... .......... .                               100% 14.3M=0.2s

2017-02-03 09:13:40 (298 KB/s) - ‘lpw029’ saved [73555/73555]

--2017-02-03 09:13:41--  http://doi.org/10.1093/jeclap/lpw027
Connecting to doi.org (doi.org)|208.254.38.90|:80... connected.
HTTP request sent, awaiting response... 303 See Other
Location: https://academic.oup.com/jeclap/article-lookup/doi/10.1093/jeclap/lpw027 [following]
--2017-02-03 09:13:43--  https://academic.oup.com/jeclap/article-lookup/doi/10.1093/jeclap/lpw027
Connecting to academic.oup.com (academic.oup.com)|173.254.190.144|:443... connected.
HTTP request sent, awaiting response... 200 OK
Length: 93132 (91K) [text/html]
Saving to: ‘lpw027’

     0K .......... .......... .......... .......... .......... 54%  208K 0s
    50K .......... .......... .......... ..........           100% 10.6M=0.2s

2017-02-03 09:13:47 (373 KB/s) - ‘lpw027’ saved [93132/93132]

--2017-02-03 09:13:48--  http://doi.org/10.1093/jeclap/lpw032
Connecting to doi.org (doi.org)|208.254.38.90|:80... connected.
HTTP request sent, awaiting response... 303 See Other
Location: https://academic.oup.com/jeclap/article-lookup/doi/10.1093/jeclap/lpw032 [following]
--2017-02-03 09:13:49--  https://academic.oup.com/jeclap/article-lookup/doi/10.1093/jeclap/lpw032
Connecting to academic.oup.com (academic.oup.com)|173.254.190.144|:443... connected.
HTTP request sent, awaiting response... 200 OK
Length: 97890 (96K) [text/html]
Saving to: ‘lpw032’

     0K .......... .......... .......... .......... .......... 52%  209K 0s
    50K .......... .......... .......... .......... .....     100%  558K=0.3s

2017-02-03 09:13:53 (297 KB/s) - ‘lpw032’ saved [97890/97890]

--2017-02-03 09:13:54--  http://doi.org/10.1093/jeclap/lpw026
Connecting to doi.org (doi.org)|208.254.38.90|:80... connected.
HTTP request sent, awaiting response... 303 See Other
Location: https://academic.oup.com/jeclap/article-lookup/doi/10.1093/jeclap/lpw026 [following]
--2017-02-03 09:13:55--  https://academic.oup.com/jeclap/article-lookup/doi/10.1093/jeclap/lpw026
Connecting to academic.oup.com (academic.oup.com)|173.254.190.144|:443... connected.
HTTP request sent, awaiting response... 200 OK
Length: 181268 (177K) [text/html]
Saving to: ‘lpw026’

     0K .......... .......... .......... .......... .......... 28% 96.2K 1s
    50K .......... .......... .......... .......... .......... 56%  156K 1s
   100K .......... .......... .......... .......... .......... 84%  176K 0s
   150K .......... .......... .......                         100%  329K=1.2s

2017-02-03 09:14:00 (147 KB/s) - ‘lpw026’ saved [181268/181268]

--2017-02-03 09:14:01--  http://doi.org/10.1093/jeclap/lpw024
Connecting to doi.org (doi.org)|208.254.38.90|:80... connected.
HTTP request sent, awaiting response... 303 See Other
Location: https://academic.oup.com/jeclap/article-lookup/doi/10.1093/jeclap/lpw024 [following]
--2017-02-03 09:14:02--  https://academic.oup.com/jeclap/article-lookup/doi/10.1093/jeclap/lpw024
Connecting to academic.oup.com (academic.oup.com)|173.254.190.144|:443... connected.
HTTP request sent, awaiting response... 400 Bad Request
2017-02-03 09:14:03 ERROR 400: Bad Request.

--2017-02-03 09:14:04--  http://doi.org/10.1093/jeclap/lpw028
Connecting to doi.org (doi.org)|208.254.38.90|:80... connected.
HTTP request sent, awaiting response... 303 See Other
Location: https://academic.oup.com/jeclap/article-lookup/doi/10.1093/jeclap/lpw028 [following]
--2017-02-03 09:14:05--  https://academic.oup.com/jeclap/article-lookup/doi/10.1093/jeclap/lpw028
Connecting to academic.oup.com (academic.oup.com)|173.254.190.144|:443... connected.
HTTP request sent, awaiting response... 400 Bad Request
2017-02-03 09:14:06 ERROR 400: Bad Request.

--2017-02-03 09:14:07--  http://doi.org/10.1093/jeclap/lpv097
Connecting to doi.org (doi.org)|208.254.38.90|:80... connected.
HTTP request sent, awaiting response... 303 See Other
Location: https://academic.oup.com/jeclap/article-lookup/doi/10.1093/jeclap/lpv097 [following]
--2017-02-03 09:14:08--  https://academic.oup.com/jeclap/article-lookup/doi/10.1093/jeclap/lpv097
Connecting to academic.oup.com (academic.oup.com)|173.254.190.144|:443... connected.
HTTP request sent, awaiting response... 200 OK
Length: 76894 (75K) [text/html]
Saving to: ‘lpv097’

     0K .......... .......... .......... .......... .......... 66%  309K 0s
    50K .......... .......... .....                           100%  313K=0.2s

2017-02-03 09:14:11 (310 KB/s) - ‘lpv097’ saved [76894/76894]

--2017-02-03 09:14:12--  http://doi.org/10.1093/jeclap/lpw023
Connecting to doi.org (doi.org)|208.254.38.90|:80... connected.
HTTP request sent, awaiting response... 303 See Other
Location: https://academic.oup.com/jeclap/article-lookup/doi/10.1093/jeclap/lpw023 [following]
--2017-02-03 09:14:13--  https://academic.oup.com/jeclap/article-lookup/doi/10.1093/jeclap/lpw023
Connecting to academic.oup.com (academic.oup.com)|173.254.190.144|:443... connected.
HTTP request sent, awaiting response... 200 OK
Length: 80232 (78K) [text/html]
Saving to: ‘lpw023’

     0K .......... .......... .......... .......... .......... 63%  209K 0s
    50K .......... .......... ........                        100% 11.7M=0.2s

2017-02-03 09:14:16 (324 KB/s) - ‘lpw023’ saved [80232/80232]

--2017-02-03 09:14:17--  http://doi.org/10.1093/jeclap/lpw021
Connecting to doi.org (doi.org)|208.254.38.90|:80... connected.
HTTP request sent, awaiting response... 303 See Other
Location: https://academic.oup.com/jeclap/article-lookup/doi/10.1093/jeclap/lpw021 [following]
--2017-02-03 09:14:18--  https://academic.oup.com/jeclap/article-lookup/doi/10.1093/jeclap/lpw021
Connecting to academic.oup.com (academic.oup.com)|173.254.190.144|:443... connected.
HTTP request sent, awaiting response... 200 OK
Length: 117016 (114K) [text/html]
Saving to: ‘lpw021’

     0K .......... .......... .......... .......... .......... 43%  209K 0s
    50K .......... .......... .......... .......... .......... 87%  604K 0s
   100K .......... ....                                       100% 13.7M=0.3s

2017-02-03 09:14:22 (353 KB/s) - ‘lpw021’ saved [117016/117016]

--2017-02-03 09:14:23--  http://doi.org/10.1093/jeclap/lpw020
Connecting to doi.org (doi.org)|208.254.38.90|:80... connected.
HTTP request sent, awaiting response... 303 See Other
Location: https://academic.oup.com/jeclap/article-lookup/doi/10.1093/jeclap/lpw020 [following]
--2017-02-03 09:14:24--  https://academic.oup.com/jeclap/article-lookup/doi/10.1093/jeclap/lpw020
Connecting to academic.oup.com (academic.oup.com)|173.254.190.144|:443... connected.
HTTP request sent, awaiting response... 200 OK
Length: 188191 (184K) [text/html]
Saving to: ‘lpw020’

     0K .......... .......... .......... .......... .......... 27%  208K 1s
    50K .......... .......... .......... .......... .......... 54%  610K 0s
   100K .......... .......... .......... .......... .......... 81%  596K 0s
   150K .......... .......... .......... ...                  100%  415K=0.5s

2017-02-03 09:14:27 (377 KB/s) - ‘lpw020’ saved [188191/188191]

--2017-02-03 09:14:28--  http://doi.org/10.1093/jeclap/lpw022
Connecting to doi.org (doi.org)|208.254.38.90|:80... connected.
HTTP request sent, awaiting response... 303 See Other
Location: https://academic.oup.com/jeclap/article-lookup/doi/10.1093/jeclap/lpw022 [following]
--2017-02-03 09:14:29--  https://academic.oup.com/jeclap/article-lookup/doi/10.1093/jeclap/lpw022
Connecting to academic.oup.com (academic.oup.com)|173.254.190.144|:443... connected.
HTTP request sent, awaiting response... 200 OK
Length: 96025 (94K) [text/html]
Saving to: ‘lpw022’

     0K .......... .......... .......... .......... .......... 53%  208K 0s
    50K .......... .......... .......... .......... ...       100%  547K=0.3s

2017-02-03 09:14:32 (293 KB/s) - ‘lpw022’ saved [96025/96025]

--2017-02-03 09:14:33--  http://doi.org/10.1093/jeclap/lpw025
Connecting to doi.org (doi.org)|208.254.38.90|:80... connected.
HTTP request sent, awaiting response... 303 See Other
Location: https://academic.oup.com/jeclap/article-lookup/doi/10.1093/jeclap/lpw025 [following]
--2017-02-03 09:14:34--  https://academic.oup.com/jeclap/article-lookup/doi/10.1093/jeclap/lpw025
Connecting to academic.oup.com (academic.oup.com)|173.254.190.144|:443... connected.
HTTP request sent, awaiting response... 200 OK
Length: 90699 (89K) [text/html]
Saving to: ‘lpw025’

     0K .......... .......... .......... .......... .......... 56%  209K 0s
    50K .......... .......... .......... ........             100% 9.03M=0.2s

2017-02-03 09:14:37 (364 KB/s) - ‘lpw025’ saved [90699/90699]

--2017-02-03 09:14:38--  http://doi.org/10.1093/jeclap/lpw004
Connecting to doi.org (doi.org)|208.254.38.90|:80... connected.
HTTP request sent, awaiting response... 303 See Other
Location: https://academic.oup.com/jeclap/article-lookup/doi/10.1093/jeclap/lpw004 [following]
--2017-02-03 09:14:40--  https://academic.oup.com/jeclap/article-lookup/doi/10.1093/jeclap/lpw004
Connecting to academic.oup.com (academic.oup.com)|173.254.190.144|:443... connected.
HTTP request sent, awaiting response... 200 OK
Length: 127128 (124K) [text/html]
Saving to: ‘lpw004’

     0K .......... .......... .......... .......... .......... 40%  208K 0s
    50K .......... .......... .......... .......... .......... 80%  603K 0s
   100K .......... .......... ....                            100% 13.9M=0.3s

2017-02-03 09:14:43 (381 KB/s) - ‘lpw004’ saved [127128/127128]

--2017-02-03 09:14:44--  http://doi.org/10.1093/jeclap/lpw017
Connecting to doi.org (doi.org)|208.254.38.90|:80... connected.
HTTP request sent, awaiting response... 303 See Other
Location: https://academic.oup.com/jeclap/article-lookup/doi/10.1093/jeclap/lpw017 [following]
--2017-02-03 09:14:45--  https://academic.oup.com/jeclap/article-lookup/doi/10.1093/jeclap/lpw017
Connecting to academic.oup.com (academic.oup.com)|173.254.190.144|:443... connected.
HTTP request sent, awaiting response... 200 OK
Length: 137646 (134K) [text/html]
Saving to: ‘lpw017’

     0K .......... .......... .......... .......... .......... 37%  209K 0s
    50K .......... .......... .......... .......... .......... 74%  612K 0s
   100K .......... .......... .......... ....                 100%  429K=0.4s

2017-02-03 09:14:49 (335 KB/s) - ‘lpw017’ saved [137646/137646]

--2017-02-03 09:14:50--  http://doi.org/10.1093/jeclap/lpw015
Connecting to doi.org (doi.org)|208.254.38.90|:80... connected.
HTTP request sent, awaiting response... 303 See Other
Location: https://academic.oup.com/jeclap/article-lookup/doi/10.1093/jeclap/lpw015 [following]
--2017-02-03 09:14:52--  https://academic.oup.com/jeclap/article-lookup/doi/10.1093/jeclap/lpw015
Connecting to academic.oup.com (academic.oup.com)|173.254.190.144|:443... connected.
HTTP request sent, awaiting response... 200 OK
Length: 104647 (102K) [text/html]
Saving to: ‘lpw015’

     0K .......... .......... .......... .......... .......... 48%  209K 0s
    50K .......... .......... .......... .......... .......... 97%  617K 0s
   100K ..                                                    100% 4185G=0.3s

2017-02-03 09:14:55 (319 KB/s) - ‘lpw015’ saved [104647/104647]

--2017-02-03 09:14:56--  http://doi.org/10.1093/jeclap/lpw019
Connecting to doi.org (doi.org)|208.254.38.90|:80... connected.
HTTP request sent, awaiting response... 303 See Other
Location: https://academic.oup.com/jeclap/article-lookup/doi/10.1093/jeclap/lpw019 [following]
--2017-02-03 09:14:58--  https://academic.oup.com/jeclap/article-lookup/doi/10.1093/jeclap/lpw019
Connecting to academic.oup.com (academic.oup.com)|173.254.190.144|:443... connected.
HTTP request sent, awaiting response... 200 OK
Length: 78093 (76K) [text/html]
Saving to: ‘lpw019’

     0K .......... .......... .......... .......... .......... 65%  209K 0s
    50K .......... .......... ......                          100% 8.73M=0.2s

2017-02-03 09:15:02 (314 KB/s) - ‘lpw019’ saved [78093/78093]

--2017-02-03 09:15:03--  http://doi.org/10.1093/jeclap/lpw018
Connecting to doi.org (doi.org)|208.254.38.90|:80... connected.
HTTP request sent, awaiting response... 303 See Other
Location: https://academic.oup.com/jeclap/article-lookup/doi/10.1093/jeclap/lpw018 [following]
--2017-02-03 09:15:04--  https://academic.oup.com/jeclap/article-lookup/doi/10.1093/jeclap/lpw018
Connecting to academic.oup.com (academic.oup.com)|173.254.190.144|:443... connected.
HTTP request sent, awaiting response... 200 OK
Length: 93728 (92K) [text/html]
Saving to: ‘lpw018’

     0K .......... .......... .......... .......... .......... 54%  208K 0s
    50K .......... .......... .......... .......... .         100%  519K=0.3s

2017-02-03 09:15:08 (286 KB/s) - ‘lpw018’ saved [93728/93728]

--2017-02-03 09:15:09--  http://doi.org/10.1093/jeclap/lpw011
Connecting to doi.org (doi.org)|208.254.38.90|:80... connected.
HTTP request sent, awaiting response... 303 See Other
Location: https://academic.oup.com/jeclap/article-lookup/doi/10.1093/jeclap/lpw011 [following]
--2017-02-03 09:15:10--  https://academic.oup.com/jeclap/article-lookup/doi/10.1093/jeclap/lpw011
Connecting to academic.oup.com (academic.oup.com)|173.254.190.144|:443... connected.
HTTP request sent, awaiting response... 200 OK
Length: 112789 (110K) [text/html]
Saving to: ‘lpw011’

     0K .......... .......... .......... .......... .......... 45%  209K 0s
    50K .......... .......... .......... .......... .......... 90%  601K 0s
   100K ..........                                            100% 28.0M=0.3s

2017-02-03 09:15:13 (341 KB/s) - ‘lpw011’ saved [112789/112789]

--2017-02-03 09:15:14--  http://doi.org/10.1093/jeclap/lpw014
Connecting to doi.org (doi.org)|208.254.38.90|:80... connected.
HTTP request sent, awaiting response... 303 See Other
Location: https://academic.oup.com/jeclap/article-lookup/doi/10.1093/jeclap/lpw014 [following]
--2017-02-03 09:15:15--  https://academic.oup.com/jeclap/article-lookup/doi/10.1093/jeclap/lpw014
Connecting to academic.oup.com (academic.oup.com)|173.254.190.144|:443... connected.
HTTP request sent, awaiting response... 200 OK
Length: 119133 (116K) [text/html]
Saving to: ‘lpw014’

     0K .......... .......... .......... .......... .......... 42%  310K 0s
    50K .......... .......... .......... .......... .......... 85%  308K 0s
   100K .......... ......                                     100% 12.5M=0.3s

2017-02-03 09:15:19 (358 KB/s) - ‘lpw014’ saved [119133/119133]

--2017-02-03 09:15:20--  http://doi.org/10.1093/jeclap/lpw013
Connecting to doi.org (doi.org)|208.254.38.90|:80... connected.
HTTP request sent, awaiting response... 303 See Other
Location: https://academic.oup.com/jeclap/article-lookup/doi/10.1093/jeclap/lpw013 [following]
--2017-02-03 09:15:21--  https://academic.oup.com/jeclap/article-lookup/doi/10.1093/jeclap/lpw013
Connecting to academic.oup.com (academic.oup.com)|173.254.190.144|:443... connected.
HTTP request sent, awaiting response... 200 OK
Length: 98668 (96K) [text/html]
Saving to: ‘lpw013’

     0K .......... .......... .......... .......... .......... 51%  309K 0s
    50K .......... .......... .......... .......... ......    100%  292K=0.3s

2017-02-03 09:15:25 (301 KB/s) - ‘lpw013’ saved [98668/98668]

--2017-02-03 09:15:26--  http://doi.org/10.1093/jeclap/lpw012
Connecting to doi.org (doi.org)|208.254.38.90|:80... connected.
HTTP request sent, awaiting response... 303 See Other
Location: https://academic.oup.com/jeclap/article-lookup/doi/10.1093/jeclap/lpw012 [following]
--2017-02-03 09:15:27--  https://academic.oup.com/jeclap/article-lookup/doi/10.1093/jeclap/lpw012
Connecting to academic.oup.com (academic.oup.com)|173.254.190.144|:443... connected.
HTTP request sent, awaiting response... 200 OK
Length: 106728 (104K) [text/html]
Saving to: ‘lpw012’

     0K .......... .......... .......... .......... .......... 47%  207K 0s
    50K .......... .......... .......... .......... .......... 95%  607K 0s
   100K ....                                                  100% 8062G=0.3s

2017-02-03 09:15:30 (322 KB/s) - ‘lpw012’ saved [106728/106728]

--2017-02-03 09:15:31--  http://doi.org/10.1093/jeclap/lpw010
Connecting to doi.org (doi.org)|208.254.38.90|:80... connected.
HTTP request sent, awaiting response... 303 See Other
Location: https://academic.oup.com/jeclap/article-lookup/doi/10.1093/jeclap/lpw010 [following]
--2017-02-03 09:15:33--  https://academic.oup.com/jeclap/article-lookup/doi/10.1093/jeclap/lpw010
Connecting to academic.oup.com (academic.oup.com)|173.254.190.144|:443... connected.
HTTP request sent, awaiting response... 200 OK
Length: 79920 (78K) [text/html]
Saving to: ‘lpw010’

     0K .......... .......... .......... .......... .......... 64%  209K 0s
    50K .......... .......... ........                        100% 10.5M=0.2s

2017-02-03 09:15:36 (322 KB/s) - ‘lpw010’ saved [79920/79920]

--2017-02-03 09:15:37--  http://doi.org/10.1093/jeclap/lpw008
Connecting to doi.org (doi.org)|208.254.38.90|:80... connected.
HTTP request sent, awaiting response... 303 See Other
Location: https://academic.oup.com/jeclap/article-lookup/doi/10.1093/jeclap/lpw008 [following]
--2017-02-03 09:15:39--  https://academic.oup.com/jeclap/article-lookup/doi/10.1093/jeclap/lpw008
Connecting to academic.oup.com (academic.oup.com)|173.254.190.144|:443... connected.
HTTP request sent, awaiting response... 200 OK
Length: 75696 (74K) [text/html]
Saving to: ‘lpw008’

     0K .......... .......... .......... .......... .......... 67%  209K 0s
    50K .......... .......... ...                             100% 13.8M=0.2s

2017-02-03 09:15:41 (307 KB/s) - ‘lpw008’ saved [75696/75696]

--2017-02-03 09:15:42--  http://doi.org/10.1093/jeclap/lpw009
Connecting to doi.org (doi.org)|208.254.38.90|:80... connected.
HTTP request sent, awaiting response... 303 See Other
Location: https://academic.oup.com/jeclap/article-lookup/doi/10.1093/jeclap/lpw009 [following]
--2017-02-03 09:15:44--  https://academic.oup.com/jeclap/article-lookup/doi/10.1093/jeclap/lpw009
Connecting to academic.oup.com (academic.oup.com)|173.254.190.144|:443... connected.
HTTP request sent, awaiting response... 200 OK
Length: 84583 (83K) [text/html]
Saving to: ‘lpw009’

     0K .......... .......... .......... .......... .......... 60%  209K 0s
    50K .......... .......... .......... ..                   100% 9.66M=0.2s

2017-02-03 09:15:47 (341 KB/s) - ‘lpw009’ saved [84583/84583]

--2017-02-03 09:15:48--  http://doi.org/10.1093/jeclap/lpv101
Connecting to doi.org (doi.org)|208.254.38.90|:80... connected.
HTTP request sent, awaiting response... 303 See Other
Location: https://academic.oup.com/jeclap/article-lookup/doi/10.1093/jeclap/lpv101 [following]
--2017-02-03 09:15:49--  https://academic.oup.com/jeclap/article-lookup/doi/10.1093/jeclap/lpv101
Connecting to academic.oup.com (academic.oup.com)|173.254.190.144|:443... connected.
HTTP request sent, awaiting response... 200 OK
Length: 80061 (78K) [text/html]
Saving to: ‘lpv101’

     0K .......... .......... .......... .......... .......... 63%  208K 0s
    50K .......... .......... ........                        100% 11.6M=0.2s

2017-02-03 09:15:53 (322 KB/s) - ‘lpv101’ saved [80061/80061]

--2017-02-03 09:15:54--  http://doi.org/10.1093/jeclap/lpw005
Connecting to doi.org (doi.org)|208.254.38.90|:80... connected.
HTTP request sent, awaiting response... 303 See Other
Location: https://academic.oup.com/jeclap/article-lookup/doi/10.1093/jeclap/lpw005 [following]
--2017-02-03 09:15:55--  https://academic.oup.com/jeclap/article-lookup/doi/10.1093/jeclap/lpw005
Connecting to academic.oup.com (academic.oup.com)|173.254.190.144|:443... connected.
HTTP request sent, awaiting response... 200 OK
Length: 161609 (158K) [text/html]
Saving to: ‘lpw005’

     0K .......... .......... .......... .......... .......... 31%  209K 1s
    50K .......... .......... .......... .......... .......... 63%  603K 0s
   100K .......... .......... .......... .......... .......... 95%  608K 0s
   150K .......                                               100% 18.1M=0.4s

2017-02-03 09:16:00 (389 KB/s) - ‘lpw005’ saved [161609/161609]

--2017-02-03 09:16:01--  http://doi.org/10.1093/jeclap/lpw007
Connecting to doi.org (doi.org)|208.254.38.90|:80... connected.
HTTP request sent, awaiting response... 303 See Other
Location: https://academic.oup.com/jeclap/article-lookup/doi/10.1093/jeclap/lpw007 [following]
--2017-02-03 09:16:02--  https://academic.oup.com/jeclap/article-lookup/doi/10.1093/jeclap/lpw007
Connecting to academic.oup.com (academic.oup.com)|173.254.190.144|:443... connected.
HTTP request sent, awaiting response... 200 OK
Length: 114152 (111K) [text/html]
Saving to: ‘lpw007’

     0K .......... .......... .......... .......... .......... 44%  208K 0s
    50K .......... .......... .......... .......... .......... 89%  604K 0s
   100K .......... .                                          100% 31.6M=0.3s

2017-02-03 09:16:08 (345 KB/s) - ‘lpw007’ saved [114152/114152]

--2017-02-03 09:16:09--  http://doi.org/10.1093/jeclap/lpw001
Connecting to doi.org (doi.org)|208.254.38.90|:80... connected.
HTTP request sent, awaiting response... 303 See Other
Location: https://academic.oup.com/jeclap/article-lookup/doi/10.1093/jeclap/lpw001 [following]
--2017-02-03 09:16:10--  https://academic.oup.com/jeclap/article-lookup/doi/10.1093/jeclap/lpw001
Connecting to academic.oup.com (academic.oup.com)|173.254.190.144|:443... connected.
HTTP request sent, awaiting response... 200 OK
Length: 187177 (183K) [text/html]
Saving to: ‘lpw001’

     0K .......... .......... .......... .......... .......... 27%  207K 1s
    50K .......... .......... .......... .......... .......... 54%  600K 0s
   100K .......... .......... .......... .......... .......... 82%  591K 0s
   150K .......... .......... .......... ..                   100%  422K=0.5s

2017-02-03 09:16:14 (375 KB/s) - ‘lpw001’ saved [187177/187177]

--2017-02-03 09:16:15--  http://doi.org/10.1093/jeclap/lpv100
Connecting to doi.org (doi.org)|208.254.38.90|:80... connected.
HTTP request sent, awaiting response... 303 See Other
Location: https://academic.oup.com/jeclap/article-lookup/doi/10.1093/jeclap/lpv100 [following]
--2017-02-03 09:16:16--  https://academic.oup.com/jeclap/article-lookup/doi/10.1093/jeclap/lpv100
Connecting to academic.oup.com (academic.oup.com)|173.254.190.144|:443... connected.
HTTP request sent, awaiting response... 200 OK
Length: 74283 (73K) [text/html]
Saving to: ‘lpv100’

     0K .......... .......... .......... .......... .......... 68%  209K 0s
    50K .......... .......... ..                              100% 14.1M=0.2s

2017-02-03 09:16:23 (301 KB/s) - ‘lpv100’ saved [74283/74283]

FINISHED --2017-02-03 09:16:23--
Total wall clock time: 9m 56s
Downloaded: 91 files, 10.0M in 31s (335 KB/s)
