--2017-02-03 04:09:02--  http://doi.org/10.1093/ojls/gqw029
Resolving doi.org (doi.org)... 54.191.229.235, 38.100.138.162, 95.138.171.129, ...
Connecting to doi.org (doi.org)|54.191.229.235|:80... connected.
HTTP request sent, awaiting response... 303 See Other
Location: http://ojls.oxfordjournals.org/lookup/doi/10.1093/ojls/gqw029 [following]
--2017-02-03 04:09:03--  http://ojls.oxfordjournals.org/lookup/doi/10.1093/ojls/gqw029
Resolving ojls.oxfordjournals.org (ojls.oxfordjournals.org)... 209.135.222.209
Connecting to ojls.oxfordjournals.org (ojls.oxfordjournals.org)|209.135.222.209|:80... connected.
HTTP request sent, awaiting response... 301 Moved Permanently
Cookie coming from ojls.oxfordjournals.org attempted to set domain to academic.oup.com
Location: https://academic.oup.com/ojls/article/doi/10.1093/ojls/gqw029/2880109/Interests-Powers-and-Mere-Equities-in-Modern-Land [following]
--2017-02-03 04:09:05--  https://academic.oup.com/ojls/article/doi/10.1093/ojls/gqw029/2880109/Interests-Powers-and-Mere-Equities-in-Modern-Land
Resolving academic.oup.com (academic.oup.com)... 173.254.190.144
Connecting to academic.oup.com (academic.oup.com)|173.254.190.144|:443... connected.
HTTP request sent, awaiting response... 200 OK
Length: 196254 (192K) [text/html]
Saving to: ‘gqw029’

     0K .......... .......... .......... .......... .......... 26%  209K 1s
    50K .......... .......... .......... .......... .......... 52%  600K 0s
   100K .......... .......... .......... .......... .......... 78%  609K 0s
   150K .......... .......... .......... .......... .         100%  510K=0.5s

2017-02-03 04:09:13 (394 KB/s) - ‘gqw029’ saved [196254/196254]

--2017-02-03 04:09:14--  http://doi.org/10.1093/ojls/gqx002
Connecting to doi.org (doi.org)|54.191.229.235|:80... connected.
HTTP request sent, awaiting response... 303 See Other
Location: http://fdslive.oup.com/www.oup.com/pdf/production_in_progress.pdf [following]
--2017-02-03 04:09:16--  http://fdslive.oup.com/www.oup.com/pdf/production_in_progress.pdf
Resolving fdslive.oup.com (fdslive.oup.com)... 193.67.160.201
Connecting to fdslive.oup.com (fdslive.oup.com)|193.67.160.201|:80... connected.
HTTP request sent, awaiting response... 200 OK
Length: 52438 (51K) [application/pdf]
Saving to: ‘gqx002’

     0K .......... .......... .......... .......... .......... 97% 1.17M 0s
    50K .                                                     100% 2306G=0.04s

2017-02-03 04:09:16 (1.20 MB/s) - ‘gqx002’ saved [52438/52438]

--2017-02-03 04:09:17--  http://doi.org/10.1093/ojls/gqx003
Connecting to doi.org (doi.org)|54.191.229.235|:80... connected.
HTTP request sent, awaiting response... 303 See Other
Location: http://fdslive.oup.com/www.oup.com/pdf/production_in_progress.pdf [following]
--2017-02-03 04:09:18--  http://fdslive.oup.com/www.oup.com/pdf/production_in_progress.pdf
Connecting to fdslive.oup.com (fdslive.oup.com)|193.67.160.201|:80... connected.
HTTP request sent, awaiting response... 200 OK
Length: 52438 (51K) [application/pdf]
Saving to: ‘gqx003’

     0K .......... .......... .......... .......... .......... 97% 1.30M 0s
    50K .                                                     100% 2306G=0.04s

2017-02-03 04:09:18 (1.33 MB/s) - ‘gqx003’ saved [52438/52438]

--2017-02-03 04:09:19--  http://doi.org/10.1093/ojls/gqw028
Connecting to doi.org (doi.org)|54.191.229.235|:80... connected.
HTTP request sent, awaiting response... 303 See Other
Location: https://academic.oup.com/ojls/article-lookup/doi/10.1093/ojls/gqw028 [following]
--2017-02-03 04:09:21--  https://academic.oup.com/ojls/article-lookup/doi/10.1093/ojls/gqw028
Connecting to academic.oup.com (academic.oup.com)|173.254.190.144|:443... connected.
HTTP request sent, awaiting response... 200 OK
Length: 193987 (189K) [text/html]
Saving to: ‘gqw028’

     0K .......... .......... .......... .......... .......... 26%  307K 0s
    50K .......... .......... .......... .......... .......... 52%  312K 0s
   100K .......... .......... .......... .......... .......... 79%  604K 0s
   150K .......... .......... .......... .........            100%  489K=0.5s

2017-02-03 04:09:31 (389 KB/s) - ‘gqw028’ saved [193987/193987]

--2017-02-03 04:09:32--  http://doi.org/10.1093/ojls/gqw030
Connecting to doi.org (doi.org)|54.191.229.235|:80... connected.
HTTP request sent, awaiting response... 303 See Other
Location: https://academic.oup.com/ojls/article-lookup/doi/10.1093/ojls/gqw030 [following]
--2017-02-03 04:09:33--  https://academic.oup.com/ojls/article-lookup/doi/10.1093/ojls/gqw030
Connecting to academic.oup.com (academic.oup.com)|173.254.190.144|:443... connected.
HTTP request sent, awaiting response... 200 OK
Length: 152774 (149K) [text/html]
Saving to: ‘gqw030’

     0K .......... .......... .......... .......... .......... 33%  208K 0s
    50K .......... .......... .......... .......... .......... 67%  604K 0s
   100K .......... .......... .......... .......... ......... 100%  598K=0.4s

2017-02-03 04:09:40 (368 KB/s) - ‘gqw030’ saved [152774/152774]

--2017-02-03 04:09:41--  http://doi.org/10.1093/ojls/gqw025
Connecting to doi.org (doi.org)|54.191.229.235|:80... connected.
HTTP request sent, awaiting response... 303 See Other
Location: https://academic.oup.com/ojls/article-lookup/doi/10.1093/ojls/gqw025 [following]
--2017-02-03 04:09:43--  https://academic.oup.com/ojls/article-lookup/doi/10.1093/ojls/gqw025
Connecting to academic.oup.com (academic.oup.com)|173.254.190.144|:443... connected.
HTTP request sent, awaiting response... 200 OK
Length: 163358 (160K) [text/html]
Saving to: ‘gqw025’

     0K .......... .......... .......... .......... .......... 31%  204K 1s
    50K .......... .......... .......... .......... .......... 62%  589K 0s
   100K .......... .......... .......... .......... .......... 94%  606K 0s
   150K .........                                             100% 14.1M=0.4s

2017-02-03 04:09:48 (386 KB/s) - ‘gqw025’ saved [163358/163358]

--2017-02-03 04:09:49--  http://doi.org/10.1093/ojls/gqw027
Connecting to doi.org (doi.org)|54.191.229.235|:80... connected.
HTTP request sent, awaiting response... 303 See Other
Location: https://academic.oup.com/ojls/article-lookup/doi/10.1093/ojls/gqw027 [following]
--2017-02-03 04:09:50--  https://academic.oup.com/ojls/article-lookup/doi/10.1093/ojls/gqw027
Connecting to academic.oup.com (academic.oup.com)|173.254.190.144|:443... connected.
HTTP request sent, awaiting response... 200 OK
Length: 143132 (140K) [text/html]
Saving to: ‘gqw027’

     0K .......... .......... .......... .......... .......... 35%  209K 0s
    50K .......... .......... .......... .......... .......... 71%  599K 0s
   100K .......... .......... .......... .........            100%  492K=0.4s

2017-02-03 04:09:57 (346 KB/s) - ‘gqw027’ saved [143132/143132]

--2017-02-03 04:09:58--  http://doi.org/10.1093/ojls/gqw026
Connecting to doi.org (doi.org)|54.191.229.235|:80... connected.
HTTP request sent, awaiting response... 303 See Other
Location: https://academic.oup.com/ojls/article-lookup/doi/10.1093/ojls/gqw026 [following]
--2017-02-03 04:09:59--  https://academic.oup.com/ojls/article-lookup/doi/10.1093/ojls/gqw026
Connecting to academic.oup.com (academic.oup.com)|173.254.190.144|:443... connected.
HTTP request sent, awaiting response... 200 OK
Length: 82933 (81K) [text/html]
Saving to: ‘gqw026’

     0K .......... .......... .......... .......... .......... 61%  208K 0s
    50K .......... .......... ..........                      100% 11.4M=0.2s

2017-02-03 04:10:12 (334 KB/s) - ‘gqw026’ saved [82933/82933]

--2017-02-03 04:10:13--  http://doi.org/10.1093/ojls/gqw024
Connecting to doi.org (doi.org)|54.191.229.235|:80... connected.
HTTP request sent, awaiting response... 303 See Other
Location: https://academic.oup.com/ojls/article-lookup/doi/10.1093/ojls/gqw024 [following]
--2017-02-03 04:10:14--  https://academic.oup.com/ojls/article-lookup/doi/10.1093/ojls/gqw024
Connecting to academic.oup.com (academic.oup.com)|173.254.190.144|:443... connected.
HTTP request sent, awaiting response... 400 Bad Request
2017-02-03 04:10:14 ERROR 400: Bad Request.

--2017-02-03 04:10:15--  http://doi.org/10.1093/ojls/gqw021
Connecting to doi.org (doi.org)|54.191.229.235|:80... connected.
HTTP request sent, awaiting response... 303 See Other
Location: https://academic.oup.com/ojls/article-lookup/doi/10.1093/ojls/gqw021 [following]
--2017-02-03 04:10:17--  https://academic.oup.com/ojls/article-lookup/doi/10.1093/ojls/gqw021
Connecting to academic.oup.com (academic.oup.com)|173.254.190.144|:443... connected.
HTTP request sent, awaiting response... 200 OK
Length: 134308 (131K) [text/html]
Saving to: ‘gqw021’

     0K .......... .......... .......... .......... .......... 38%  209K 0s
    50K .......... .......... .......... .......... .......... 76%  609K 0s
   100K .......... .......... .......... .                    100% 10.6M=0.3s

2017-02-03 04:10:34 (405 KB/s) - ‘gqw021’ saved [134308/134308]

--2017-02-03 04:10:35--  http://doi.org/10.1093/ojls/gqw020
Connecting to doi.org (doi.org)|54.191.229.235|:80... connected.
HTTP request sent, awaiting response... 303 See Other
Location: https://academic.oup.com/ojls/article-lookup/doi/10.1093/ojls/gqw020 [following]
--2017-02-03 04:10:37--  https://academic.oup.com/ojls/article-lookup/doi/10.1093/ojls/gqw020
Connecting to academic.oup.com (academic.oup.com)|173.254.190.144|:443... connected.
HTTP request sent, awaiting response... 200 OK
Length: 108878 (106K) [text/html]
Saving to: ‘gqw020’

     0K .......... .......... .......... .......... .......... 47%  208K 0s
    50K .......... .......... .......... .......... .......... 94%  604K 0s
   100K ......                                                100% 12066G=0.3s

2017-02-03 04:10:50 (329 KB/s) - ‘gqw020’ saved [108878/108878]

--2017-02-03 04:10:51--  http://doi.org/10.1093/ojls/gqw022
Connecting to doi.org (doi.org)|54.191.229.235|:80... connected.
HTTP request sent, awaiting response... 303 See Other
Location: https://academic.oup.com/ojls/article-lookup/doi/10.1093/ojls/gqw022 [following]
--2017-02-03 04:10:52--  https://academic.oup.com/ojls/article-lookup/doi/10.1093/ojls/gqw022
Connecting to academic.oup.com (academic.oup.com)|173.254.190.144|:443... connected.
HTTP request sent, awaiting response... 400 Bad Request
2017-02-03 04:10:53 ERROR 400: Bad Request.

--2017-02-03 04:10:54--  http://doi.org/10.1093/ojls/gqw023
Connecting to doi.org (doi.org)|54.191.229.235|:80... connected.
HTTP request sent, awaiting response... 303 See Other
Location: https://academic.oup.com/ojls/article-lookup/doi/10.1093/ojls/gqw023 [following]
--2017-02-03 04:10:55--  https://academic.oup.com/ojls/article-lookup/doi/10.1093/ojls/gqw023
Connecting to academic.oup.com (academic.oup.com)|173.254.190.144|:443... connected.
HTTP request sent, awaiting response... 200 OK
Length: 178667 (174K) [text/html]
Saving to: ‘gqw023’

     0K .......... .......... .......... .......... .......... 28%  209K 1s
    50K .......... .......... .......... .......... .......... 57%  598K 0s
   100K .......... .......... .......... .......... .......... 85%  605K 0s
   150K .......... .......... ....                            100%  310K=0.5s

2017-02-03 04:11:00 (360 KB/s) - ‘gqw023’ saved [178667/178667]

--2017-02-03 04:11:01--  http://doi.org/10.1093/ojls/gqw019
Connecting to doi.org (doi.org)|54.191.229.235|:80... connected.
HTTP request sent, awaiting response... 303 See Other
Location: https://academic.oup.com/ojls/article-lookup/doi/10.1093/ojls/gqw019 [following]
--2017-02-03 04:11:02--  https://academic.oup.com/ojls/article-lookup/doi/10.1093/ojls/gqw019
Connecting to academic.oup.com (academic.oup.com)|173.254.190.144|:443... connected.
HTTP request sent, awaiting response... 400 Bad Request
2017-02-03 04:11:03 ERROR 400: Bad Request.

--2017-02-03 04:11:04--  http://doi.org/10.1093/ojls/gqw015
Connecting to doi.org (doi.org)|54.191.229.235|:80... connected.
HTTP request sent, awaiting response... 303 See Other
Location: https://academic.oup.com/ojls/article-lookup/doi/10.1093/ojls/gqw015 [following]
--2017-02-03 04:11:05--  https://academic.oup.com/ojls/article-lookup/doi/10.1093/ojls/gqw015
Connecting to academic.oup.com (academic.oup.com)|173.254.190.144|:443... connected.
HTTP request sent, awaiting response... 200 OK
Length: 173661 (170K) [text/html]
Saving to: ‘gqw015’

     0K .......... .......... .......... .......... .......... 29%  209K 1s
    50K .......... .......... .......... .......... .......... 58%  612K 0s
   100K .......... .......... .......... .......... .......... 88%  548K 0s
   150K .......... .........                                  100%  275K=0.5s

2017-02-03 04:11:14 (350 KB/s) - ‘gqw015’ saved [173661/173661]

--2017-02-03 04:11:15--  http://doi.org/10.1093/ojls/gqw018
Connecting to doi.org (doi.org)|54.191.229.235|:80... connected.
HTTP request sent, awaiting response... 303 See Other
Location: https://academic.oup.com/ojls/article-lookup/doi/10.1093/ojls/gqw018 [following]
--2017-02-03 04:11:16--  https://academic.oup.com/ojls/article-lookup/doi/10.1093/ojls/gqw018
Connecting to academic.oup.com (academic.oup.com)|173.254.190.144|:443... connected.
HTTP request sent, awaiting response... 200 OK
Length: 160207 (156K) [text/html]
Saving to: ‘gqw018’

     0K .......... .......... .......... .......... .......... 31%  208K 1s
    50K .......... .......... .......... .......... .......... 63%  607K 0s
   100K .......... .......... .......... .......... .......... 95%  605K 0s
   150K ......                                                100% 15.0M=0.4s

2017-02-03 04:11:23 (385 KB/s) - ‘gqw018’ saved [160207/160207]

--2017-02-03 04:11:24--  http://doi.org/10.1093/ojls/gqw017
Connecting to doi.org (doi.org)|54.191.229.235|:80... connected.
HTTP request sent, awaiting response... 303 See Other
Location: https://academic.oup.com/ojls/article-lookup/doi/10.1093/ojls/gqw017 [following]
--2017-02-03 04:11:25--  https://academic.oup.com/ojls/article-lookup/doi/10.1093/ojls/gqw017
Connecting to academic.oup.com (academic.oup.com)|173.254.190.144|:443... connected.
HTTP request sent, awaiting response... 400 Bad Request
2017-02-03 04:11:26 ERROR 400: Bad Request.

--2017-02-03 04:11:27--  http://doi.org/10.1093/ojls/gqw016
Connecting to doi.org (doi.org)|54.191.229.235|:80... connected.
HTTP request sent, awaiting response... 303 See Other
Location: https://academic.oup.com/ojls/article-lookup/doi/10.1093/ojls/gqw016 [following]
--2017-02-03 04:11:28--  https://academic.oup.com/ojls/article-lookup/doi/10.1093/ojls/gqw016
Connecting to academic.oup.com (academic.oup.com)|173.254.190.144|:443... connected.
HTTP request sent, awaiting response... 400 Bad Request
2017-02-03 04:11:29 ERROR 400: Bad Request.

--2017-02-03 04:11:30--  http://doi.org/10.1093/ojls/gqw014
Connecting to doi.org (doi.org)|54.191.229.235|:80... connected.
HTTP request sent, awaiting response... 303 See Other
Location: https://academic.oup.com/ojls/article-lookup/doi/10.1093/ojls/gqw014 [following]
--2017-02-03 04:11:31--  https://academic.oup.com/ojls/article-lookup/doi/10.1093/ojls/gqw014
Connecting to academic.oup.com (academic.oup.com)|173.254.190.144|:443... connected.
HTTP request sent, awaiting response... 200 OK
Length: 177375 (173K) [text/html]
Saving to: ‘gqw014’

     0K .......... .......... .......... .......... .......... 28%  209K 1s
    50K .......... .......... .......... .......... .......... 57%  609K 0s
   100K .......... .......... .......... .......... .......... 86%  606K 0s
   150K .......... .......... ...                             100%  299K=0.5s

2017-02-03 04:11:45 (360 KB/s) - ‘gqw014’ saved [177375/177375]

--2017-02-03 04:11:46--  http://doi.org/10.1093/ojls/gqw012
Connecting to doi.org (doi.org)|54.191.229.235|:80... connected.
HTTP request sent, awaiting response... 303 See Other
Location: https://academic.oup.com/ojls/article-lookup/doi/10.1093/ojls/gqw012 [following]
--2017-02-03 04:11:48--  https://academic.oup.com/ojls/article-lookup/doi/10.1093/ojls/gqw012
Connecting to academic.oup.com (academic.oup.com)|173.254.190.144|:443... connected.
HTTP request sent, awaiting response... 400 Bad Request
2017-02-03 04:11:48 ERROR 400: Bad Request.

--2017-02-03 04:11:49--  http://doi.org/10.1093/ojls/gqw013
Connecting to doi.org (doi.org)|54.191.229.235|:80... connected.
HTTP request sent, awaiting response... 303 See Other
Location: https://academic.oup.com/ojls/article-lookup/doi/10.1093/ojls/gqw013 [following]
--2017-02-03 04:11:51--  https://academic.oup.com/ojls/article-lookup/doi/10.1093/ojls/gqw013
Connecting to academic.oup.com (academic.oup.com)|173.254.190.144|:443... connected.
HTTP request sent, awaiting response... 400 Bad Request
2017-02-03 04:11:51 ERROR 400: Bad Request.

--2017-02-03 04:11:52--  http://doi.org/10.1093/ojls/gqw011
Connecting to doi.org (doi.org)|54.191.229.235|:80... connected.
HTTP request sent, awaiting response... 303 See Other
Location: https://academic.oup.com/ojls/article-lookup/doi/10.1093/ojls/gqw011 [following]
--2017-02-03 04:11:53--  https://academic.oup.com/ojls/article-lookup/doi/10.1093/ojls/gqw011
Connecting to academic.oup.com (academic.oup.com)|173.254.190.144|:443... connected.
HTTP request sent, awaiting response... 400 Bad Request
2017-02-03 04:11:54 ERROR 400: Bad Request.

--2017-02-03 04:11:55--  http://doi.org/10.1093/ojls/gqw008
Connecting to doi.org (doi.org)|54.191.229.235|:80... connected.
HTTP request sent, awaiting response... 303 See Other
Location: https://academic.oup.com/ojls/article-lookup/doi/10.1093/ojls/gqw008 [following]
--2017-02-03 04:11:56--  https://academic.oup.com/ojls/article-lookup/doi/10.1093/ojls/gqw008
Connecting to academic.oup.com (academic.oup.com)|173.254.190.144|:443... connected.
HTTP request sent, awaiting response... 400 Bad Request
2017-02-03 04:11:57 ERROR 400: Bad Request.

--2017-02-03 04:11:58--  http://doi.org/10.1093/ojls/gqw009
Connecting to doi.org (doi.org)|54.191.229.235|:80... connected.
HTTP request sent, awaiting response... 303 See Other
Location: https://academic.oup.com/ojls/article-lookup/doi/10.1093/ojls/gqw009 [following]
--2017-02-03 04:11:59--  https://academic.oup.com/ojls/article-lookup/doi/10.1093/ojls/gqw009
Connecting to academic.oup.com (academic.oup.com)|173.254.190.144|:443... connected.
HTTP request sent, awaiting response... 200 OK
Length: 200086 (195K) [text/html]
Saving to: ‘gqw009’

     0K .......... .......... .......... .......... .......... 25%  208K 1s
    50K .......... .......... .......... .......... .......... 51%  587K 0s
   100K .......... .......... .......... .......... .......... 76%  608K 0s
   150K .......... .......... .......... .......... .....     100%  554K=0.5s

2017-02-03 04:12:07 (399 KB/s) - ‘gqw009’ saved [200086/200086]

--2017-02-03 04:12:08--  http://doi.org/10.1093/ojls/gqw007
Connecting to doi.org (doi.org)|54.191.229.235|:80... connected.
HTTP request sent, awaiting response... 303 See Other
Location: https://academic.oup.com/ojls/article-lookup/doi/10.1093/ojls/gqw007 [following]
--2017-02-03 04:12:09--  https://academic.oup.com/ojls/article-lookup/doi/10.1093/ojls/gqw007
Connecting to academic.oup.com (academic.oup.com)|173.254.190.144|:443... connected.
HTTP request sent, awaiting response... 200 OK
Length: 189830 (185K) [text/html]
Saving to: ‘gqw007’

     0K .......... .......... .......... .......... .......... 26%  207K 1s
    50K .......... .......... .......... .......... .......... 53%  602K 0s
   100K .......... .......... .......... .......... .......... 80%  608K 0s
   150K .......... .......... .......... .....                100%  436K=0.5s

2017-02-03 04:12:17 (380 KB/s) - ‘gqw007’ saved [189830/189830]

--2017-02-03 04:12:18--  http://doi.org/10.1093/ojls/gqw002
Connecting to doi.org (doi.org)|54.191.229.235|:80... connected.
HTTP request sent, awaiting response... 303 See Other
Location: https://academic.oup.com/ojls/article-lookup/doi/10.1093/ojls/gqw002 [following]
--2017-02-03 04:12:20--  https://academic.oup.com/ojls/article-lookup/doi/10.1093/ojls/gqw002
Connecting to academic.oup.com (academic.oup.com)|173.254.190.144|:443... connected.
HTTP request sent, awaiting response... 200 OK
Length: 184724 (180K) [text/html]
Saving to: ‘gqw002’

     0K .......... .......... .......... .......... .......... 27%  209K 1s
    50K .......... .......... .......... .......... .......... 55%  612K 0s
   100K .......... .......... .......... .......... .......... 83%  602K 0s
   150K .......... .......... ..........                      100%  384K=0.5s

2017-02-03 04:12:28 (373 KB/s) - ‘gqw002’ saved [184724/184724]

--2017-02-03 04:12:29--  http://doi.org/10.1093/ojls/gqw006
Connecting to doi.org (doi.org)|54.191.229.235|:80... connected.
HTTP request sent, awaiting response... 303 See Other
Location: https://academic.oup.com/ojls/article-lookup/doi/10.1093/ojls/gqw006 [following]
--2017-02-03 04:12:31--  https://academic.oup.com/ojls/article-lookup/doi/10.1093/ojls/gqw006
Connecting to academic.oup.com (academic.oup.com)|173.254.190.144|:443... connected.
HTTP request sent, awaiting response... 200 OK
Length: 208590 (204K) [text/html]
Saving to: ‘gqw006’

     0K .......... .......... .......... .......... .......... 24%  208K 1s
    50K .......... .......... .......... .......... .......... 49%  593K 0s
   100K .......... .......... .......... .......... .......... 73%  613K 0s
   150K .......... .......... .......... .......... .......... 98%  434K 0s
   200K ...                                                   100% 12.9M=0.5s

2017-02-03 04:12:44 (391 KB/s) - ‘gqw006’ saved [208590/208590]

--2017-02-03 04:12:45--  http://doi.org/10.1093/ojls/gqw005
Connecting to doi.org (doi.org)|54.191.229.235|:80... connected.
HTTP request sent, awaiting response... 303 See Other
Location: https://academic.oup.com/ojls/article-lookup/doi/10.1093/ojls/gqw005 [following]
--2017-02-03 04:12:46--  https://academic.oup.com/ojls/article-lookup/doi/10.1093/ojls/gqw005
Connecting to academic.oup.com (academic.oup.com)|173.254.190.144|:443... connected.
HTTP request sent, awaiting response... 200 OK
Length: 167425 (164K) [text/html]
Saving to: ‘gqw005’

     0K .......... .......... .......... .......... .......... 30%  207K 1s
    50K .......... .......... .......... .......... .......... 61%  605K 0s
   100K .......... .......... .......... .......... .......... 91%  605K 0s
   150K .......... ...                                        100% 18.8M=0.4s

2017-02-03 04:13:06 (402 KB/s) - ‘gqw005’ saved [167425/167425]

--2017-02-03 04:13:07--  http://doi.org/10.1093/ojls/gqw003
Connecting to doi.org (doi.org)|54.191.229.235|:80... connected.
HTTP request sent, awaiting response... 303 See Other
Location: https://academic.oup.com/ojls/article-lookup/doi/10.1093/ojls/gqw003 [following]
--2017-02-03 04:13:08--  https://academic.oup.com/ojls/article-lookup/doi/10.1093/ojls/gqw003
Connecting to academic.oup.com (academic.oup.com)|173.254.190.144|:443... connected.
HTTP request sent, awaiting response... 200 OK
Length: 146140 (143K) [text/html]
Saving to: ‘gqw003’

     0K .......... .......... .......... .......... .......... 35%  208K 0s
    50K .......... .......... .......... .......... .......... 70%  603K 0s
   100K .......... .......... .......... .......... ..        100%  525K=0.4s

2017-02-03 04:13:19 (353 KB/s) - ‘gqw003’ saved [146140/146140]

--2017-02-03 04:13:20--  http://doi.org/10.1093/ojls/gqw004
Connecting to doi.org (doi.org)|54.191.229.235|:80... connected.
HTTP request sent, awaiting response... 303 See Other
Location: https://academic.oup.com/ojls/article-lookup/doi/10.1093/ojls/gqw004 [following]
--2017-02-03 04:13:21--  https://academic.oup.com/ojls/article-lookup/doi/10.1093/ojls/gqw004
Connecting to academic.oup.com (academic.oup.com)|173.254.190.144|:443... connected.
HTTP request sent, awaiting response... 200 OK
Length: 231820 (226K) [text/html]
Saving to: ‘gqw004’

     0K .......... .......... .......... .......... .......... 22%  209K 1s
    50K .......... .......... .......... .......... .......... 44%  613K 0s
   100K .......... .......... .......... .......... .......... 66%  603K 0s
   150K .......... .......... .......... .......... .......... 88%  319K 0s
   200K .......... .......... ......                          100% 5.79M=0.6s

2017-02-03 04:13:32 (400 KB/s) - ‘gqw004’ saved [231820/231820]

--2017-02-03 04:13:33--  http://doi.org/10.1093/ojls/gqw001
Connecting to doi.org (doi.org)|54.191.229.235|:80... connected.
HTTP request sent, awaiting response... 303 See Other
Location: https://academic.oup.com/ojls/article-lookup/doi/10.1093/ojls/gqw001 [following]
--2017-02-03 04:13:34--  https://academic.oup.com/ojls/article-lookup/doi/10.1093/ojls/gqw001
Connecting to academic.oup.com (academic.oup.com)|173.254.190.144|:443... connected.
HTTP request sent, awaiting response... 200 OK
Length: 68027 (66K) [text/html]
Saving to: ‘gqw001’

     0K .......... .......... .......... .......... .......... 75%  209K 0s
    50K .......... ......                                     100% 13.9M=0.2s

2017-02-03 04:13:44 (276 KB/s) - ‘gqw001’ saved [68027/68027]

--2017-02-03 04:13:45--  http://doi.org/10.1093/ojls/gqv039
Connecting to doi.org (doi.org)|54.191.229.235|:80... connected.
HTTP request sent, awaiting response... 303 See Other
Location: https://academic.oup.com/ojls/article-lookup/doi/10.1093/ojls/gqv039 [following]
--2017-02-03 04:13:46--  https://academic.oup.com/ojls/article-lookup/doi/10.1093/ojls/gqv039
Connecting to academic.oup.com (academic.oup.com)|173.254.190.144|:443... connected.
HTTP request sent, awaiting response... 200 OK
Length: 169922 (166K) [text/html]
Saving to: ‘gqv039’

     0K .......... .......... .......... .......... .......... 30%  209K 1s
    50K .......... .......... .......... .......... .......... 60%  602K 0s
   100K .......... .......... .......... .......... .......... 90%  604K 0s
   150K .......... .....                                      100% 13.4M=0.4s

2017-02-03 04:13:54 (409 KB/s) - ‘gqv039’ saved [169922/169922]

--2017-02-03 04:13:55--  http://doi.org/10.1093/ojls/gqv042
Connecting to doi.org (doi.org)|54.191.229.235|:80... connected.
HTTP request sent, awaiting response... 303 See Other
Location: https://academic.oup.com/ojls/article-lookup/doi/10.1093/ojls/gqv042 [following]
--2017-02-03 04:13:56--  https://academic.oup.com/ojls/article-lookup/doi/10.1093/ojls/gqv042
Connecting to academic.oup.com (academic.oup.com)|173.254.190.144|:443... connected.
HTTP request sent, awaiting response... 400 Bad Request
2017-02-03 04:13:56 ERROR 400: Bad Request.

--2017-02-03 04:13:57--  http://doi.org/10.1093/ojls/gqv040
Connecting to doi.org (doi.org)|54.191.229.235|:80... connected.
HTTP request sent, awaiting response... 303 See Other
Location: https://academic.oup.com/ojls/article-lookup/doi/10.1093/ojls/gqv040 [following]
--2017-02-03 04:13:59--  https://academic.oup.com/ojls/article-lookup/doi/10.1093/ojls/gqv040
Connecting to academic.oup.com (academic.oup.com)|173.254.190.144|:443... connected.
HTTP request sent, awaiting response... 200 OK
Length: 223019 (218K) [text/html]
Saving to: ‘gqv040’

     0K .......... .......... .......... .......... .......... 22%  209K 1s
    50K .......... .......... .......... .......... .......... 45%  604K 0s
   100K .......... .......... .......... .......... .......... 68%  614K 0s
   150K .......... .......... .......... .......... .......... 91%  602K 0s
   200K .......... .......                                    100%  229K=0.6s

2017-02-03 04:14:07 (386 KB/s) - ‘gqv040’ saved [223019/223019]

--2017-02-03 04:14:08--  http://doi.org/10.1093/ojls/gqv041
Connecting to doi.org (doi.org)|54.191.229.235|:80... connected.
HTTP request sent, awaiting response... 303 See Other
Location: https://academic.oup.com/ojls/article-lookup/doi/10.1093/ojls/gqv041 [following]
--2017-02-03 04:14:09--  https://academic.oup.com/ojls/article-lookup/doi/10.1093/ojls/gqv041
Connecting to academic.oup.com (academic.oup.com)|173.254.190.144|:443... connected.
HTTP request sent, awaiting response... 200 OK
Length: 209523 (205K) [text/html]
Saving to: ‘gqv041’

     0K .......... .......... .......... .......... .......... 24%  208K 1s
    50K .......... .......... .......... .......... .......... 48%  603K 0s
   100K .......... .......... .......... .......... .......... 73%  610K 0s
   150K .......... .......... .......... .......... .......... 97%  312K 0s
   200K ....                                                  100% 15.2M=0.6s

2017-02-03 04:14:16 (362 KB/s) - ‘gqv041’ saved [209523/209523]

--2017-02-03 04:14:17--  http://doi.org/10.1093/ojls/gqw032
Connecting to doi.org (doi.org)|54.191.229.235|:80... connected.
HTTP request sent, awaiting response... 303 See Other
Location: http://fdslive.oup.com/www.oup.com/pdf/production_in_progress.pdf [following]
--2017-02-03 04:14:18--  http://fdslive.oup.com/www.oup.com/pdf/production_in_progress.pdf
Connecting to fdslive.oup.com (fdslive.oup.com)|193.67.160.201|:80... connected.
HTTP request sent, awaiting response... 200 OK
Length: 52438 (51K) [application/pdf]
Saving to: ‘gqw032’

     0K .......... .......... .......... .......... .......... 97% 1.29M 0s
    50K .                                                     100% 2306G=0.04s

2017-02-03 04:14:18 (1.32 MB/s) - ‘gqw032’ saved [52438/52438]

--2017-02-03 04:14:19--  http://doi.org/10.1093/ojls/gqw033
Connecting to doi.org (doi.org)|54.191.229.235|:80... connected.
HTTP request sent, awaiting response... 303 See Other
Location: http://fdslive.oup.com/www.oup.com/pdf/production_in_progress.pdf [following]
--2017-02-03 04:14:20--  http://fdslive.oup.com/www.oup.com/pdf/production_in_progress.pdf
Connecting to fdslive.oup.com (fdslive.oup.com)|193.67.160.201|:80... connected.
HTTP request sent, awaiting response... 200 OK
Length: 52438 (51K) [application/pdf]
Saving to: ‘gqw033’

     0K .......... .......... .......... .......... .......... 97% 1.16M 0s
    50K .                                                     100% 2306G=0.04s

2017-02-03 04:14:21 (1.19 MB/s) - ‘gqw033’ saved [52438/52438]

--2017-02-03 04:14:22--  http://doi.org/10.1093/ojls/gqw031
Connecting to doi.org (doi.org)|54.191.229.235|:80... connected.
HTTP request sent, awaiting response... 303 See Other
Location: http://fdslive.oup.com/www.oup.com/pdf/production_in_progress.pdf [following]
--2017-02-03 04:14:23--  http://fdslive.oup.com/www.oup.com/pdf/production_in_progress.pdf
Connecting to fdslive.oup.com (fdslive.oup.com)|193.67.160.201|:80... connected.
HTTP request sent, awaiting response... 200 OK
Length: 52438 (51K) [application/pdf]
Saving to: ‘gqw031’

     0K .......... .......... .......... .......... .......... 97% 1.28M 0s
    50K .                                                     100% 2306G=0.04s

2017-02-03 04:14:23 (1.31 MB/s) - ‘gqw031’ saved [52438/52438]

--2017-02-03 04:14:24--  http://doi.org/10.1093/ojls/gqv034
Connecting to doi.org (doi.org)|54.191.229.235|:80... connected.
HTTP request sent, awaiting response... 303 See Other
Location: https://academic.oup.com/ojls/article-lookup/doi/10.1093/ojls/gqv034 [following]
--2017-02-03 04:14:25--  https://academic.oup.com/ojls/article-lookup/doi/10.1093/ojls/gqv034
Connecting to academic.oup.com (academic.oup.com)|173.254.190.144|:443... connected.
HTTP request sent, awaiting response... 200 OK
Length: 174110 (170K) [text/html]
Saving to: ‘gqv034’

     0K .......... .......... .......... .......... .......... 29%  248K 0s
    50K .......... .......... .......... .......... .......... 58%  411K 0s
   100K .......... .......... .......... .......... .......... 88%  606K 0s
   150K .......... ..........                                 100%  263K=0.5s

2017-02-03 04:14:33 (353 KB/s) - ‘gqv034’ saved [174110/174110]

--2017-02-03 04:14:34--  http://doi.org/10.1093/ojls/gqv035
Connecting to doi.org (doi.org)|54.191.229.235|:80... connected.
HTTP request sent, awaiting response... 303 See Other
Location: https://academic.oup.com/ojls/article-lookup/doi/10.1093/ojls/gqv035 [following]
--2017-02-03 04:14:36--  https://academic.oup.com/ojls/article-lookup/doi/10.1093/ojls/gqv035
Connecting to academic.oup.com (academic.oup.com)|173.254.190.144|:443... connected.
HTTP request sent, awaiting response... 200 OK
Length: 207780 (203K) [text/html]
Saving to: ‘gqv035’

     0K .......... .......... .......... .......... .......... 24%  209K 1s
    50K .......... .......... .......... .......... .......... 49%  602K 0s
   100K .......... .......... .......... .......... .......... 73%  579K 0s
   150K .......... .......... .......... .......... .......... 98%  316K 0s
   200K ..                                                    100% 5551G=0.6s

2017-02-03 04:14:41 (358 KB/s) - ‘gqv035’ saved [207780/207780]

--2017-02-03 04:14:42--  http://doi.org/10.1093/ojls/gqv038
Connecting to doi.org (doi.org)|54.191.229.235|:80... connected.
HTTP request sent, awaiting response... 303 See Other
Location: https://academic.oup.com/ojls/article-lookup/doi/10.1093/ojls/gqv038 [following]
--2017-02-03 04:14:44--  https://academic.oup.com/ojls/article-lookup/doi/10.1093/ojls/gqv038
Connecting to academic.oup.com (academic.oup.com)|173.254.190.144|:443... connected.
HTTP request sent, awaiting response... 200 OK
Length: 196961 (192K) [text/html]
Saving to: ‘gqv038’

     0K .......... .......... .......... .......... .......... 25%  208K 1s
    50K .......... .......... .......... .......... .......... 51%  606K 0s
   100K .......... .......... .......... .......... .......... 77%  607K 0s
   150K .......... .......... .......... .......... ..        100%  520K=0.5s

2017-02-03 04:14:52 (396 KB/s) - ‘gqv038’ saved [196961/196961]

--2017-02-03 04:14:53--  http://doi.org/10.1093/ojls/gqv036
Connecting to doi.org (doi.org)|54.191.229.235|:80... connected.
HTTP request sent, awaiting response... 303 See Other
Location: https://academic.oup.com/ojls/article-lookup/doi/10.1093/ojls/gqv036 [following]
--2017-02-03 04:14:55--  https://academic.oup.com/ojls/article-lookup/doi/10.1093/ojls/gqv036
Connecting to academic.oup.com (academic.oup.com)|173.254.190.144|:443... connected.
HTTP request sent, awaiting response... 200 OK
Length: 212102 (207K) [text/html]
Saving to: ‘gqv036’

     0K .......... .......... .......... .......... .......... 24%  208K 1s
    50K .......... .......... .......... .......... .......... 48%  599K 0s
   100K .......... .......... .......... .......... .......... 72%  611K 0s
   150K .......... .......... .......... .......... .......... 96%  595K 0s
   200K .......                                               100%  199K=0.5s

2017-02-03 04:15:04 (394 KB/s) - ‘gqv036’ saved [212102/212102]

--2017-02-03 04:15:05--  http://doi.org/10.1093/ojls/gqv037
Connecting to doi.org (doi.org)|54.191.229.235|:80... connected.
HTTP request sent, awaiting response... 303 See Other
Location: https://academic.oup.com/ojls/article-lookup/doi/10.1093/ojls/gqv037 [following]
--2017-02-03 04:15:06--  https://academic.oup.com/ojls/article-lookup/doi/10.1093/ojls/gqv037
Connecting to academic.oup.com (academic.oup.com)|173.254.190.144|:443... connected.
HTTP request sent, awaiting response... 200 OK
Length: 209244 (204K) [text/html]
Saving to: ‘gqv037’

     0K .......... .......... .......... .......... .......... 24%  208K 1s
    50K .......... .......... .......... .......... .......... 48%  591K 0s
   100K .......... .......... .......... .......... .......... 73%  609K 0s
   150K .......... .......... .......... .......... .......... 97%  610K 0s
   200K ....                                                  100% 57.4K=0.6s

2017-02-03 04:15:15 (362 KB/s) - ‘gqv037’ saved [209244/209244]

--2017-02-03 04:15:16--  http://doi.org/10.1093/ojls/gqv032
Connecting to doi.org (doi.org)|54.191.229.235|:80... connected.
HTTP request sent, awaiting response... 303 See Other
Location: https://academic.oup.com/ojls/article-lookup/doi/10.1093/ojls/gqv032 [following]
--2017-02-03 04:15:18--  https://academic.oup.com/ojls/article-lookup/doi/10.1093/ojls/gqv032
Connecting to academic.oup.com (academic.oup.com)|173.254.190.144|:443... connected.
HTTP request sent, awaiting response... 200 OK
Length: 182289 (178K) [text/html]
Saving to: ‘gqv032’

     0K .......... .......... .......... .......... .......... 28%  208K 1s
    50K .......... .......... .......... .......... .......... 56%  608K 0s
   100K .......... .......... .......... .......... .......... 84%  610K 0s
   150K .......... .......... ........                        100%  350K=0.5s

2017-02-03 04:15:31 (368 KB/s) - ‘gqv032’ saved [182289/182289]

--2017-02-03 04:15:32--  http://doi.org/10.1093/ojls/gqv031
Connecting to doi.org (doi.org)|54.191.229.235|:80... connected.
HTTP request sent, awaiting response... 303 See Other
Location: https://academic.oup.com/ojls/article-lookup/doi/10.1093/ojls/gqv031 [following]
--2017-02-03 04:15:33--  https://academic.oup.com/ojls/article-lookup/doi/10.1093/ojls/gqv031
Connecting to academic.oup.com (academic.oup.com)|173.254.190.144|:443... connected.
HTTP request sent, awaiting response... 200 OK
Length: 190441 (186K) [text/html]
Saving to: ‘gqv031’

     0K .......... .......... .......... .......... .......... 26%  208K 1s
    50K .......... .......... .......... .......... .......... 53%  606K 0s
   100K .......... .......... .......... .......... .......... 80%  566K 0s
   150K .......... .......... .......... .....                100%  443K=0.5s

2017-02-03 04:15:48 (377 KB/s) - ‘gqv031’ saved [190441/190441]

--2017-02-03 04:15:49--  http://doi.org/10.1093/ojls/gqv029
Connecting to doi.org (doi.org)|54.191.229.235|:80... connected.
HTTP request sent, awaiting response... 303 See Other
Location: https://academic.oup.com/ojls/article-lookup/doi/10.1093/ojls/gqv029 [following]
--2017-02-03 04:15:50--  https://academic.oup.com/ojls/article-lookup/doi/10.1093/ojls/gqv029
Connecting to academic.oup.com (academic.oup.com)|173.254.190.144|:443... connected.
HTTP request sent, awaiting response... 200 OK
Length: 183039 (179K) [text/html]
Saving to: ‘gqv029’

     0K .......... .......... .......... .......... .......... 27%  209K 1s
    50K .......... .......... .......... .......... .......... 55%  602K 0s
   100K .......... .......... .......... .......... .......... 83%  610K 0s
   150K .......... .......... ........                        100%  362K=0.5s

2017-02-03 04:16:04 (370 KB/s) - ‘gqv029’ saved [183039/183039]

--2017-02-03 04:16:05--  http://doi.org/10.1093/ojls/gqv030
Connecting to doi.org (doi.org)|54.191.229.235|:80... connected.
HTTP request sent, awaiting response... 303 See Other
Location: https://academic.oup.com/ojls/article-lookup/doi/10.1093/ojls/gqv030 [following]
--2017-02-03 04:16:06--  https://academic.oup.com/ojls/article-lookup/doi/10.1093/ojls/gqv030
Connecting to academic.oup.com (academic.oup.com)|173.254.190.144|:443... connected.
HTTP request sent, awaiting response... 200 OK
Length: 217594 (212K) [text/html]
Saving to: ‘gqv030’

     0K .......... .......... .......... .......... .......... 23%  209K 1s
    50K .......... .......... .......... .......... .......... 47%  609K 0s
   100K .......... .......... .......... .......... .......... 70%  611K 0s
   150K .......... .......... .......... .......... .......... 94%  587K 0s
   200K .......... ..                                         100%  168K=0.6s

2017-02-03 04:16:21 (378 KB/s) - ‘gqv030’ saved [217594/217594]

--2017-02-03 04:16:22--  http://doi.org/10.1093/ojls/gqv028
Connecting to doi.org (doi.org)|54.191.229.235|:80... connected.
HTTP request sent, awaiting response... 303 See Other
Location: https://academic.oup.com/ojls/article-lookup/doi/10.1093/ojls/gqv028 [following]
--2017-02-03 04:16:23--  https://academic.oup.com/ojls/article-lookup/doi/10.1093/ojls/gqv028
Connecting to academic.oup.com (academic.oup.com)|173.254.190.144|:443... connected.
HTTP request sent, awaiting response... 200 OK
Length: 170713 (167K) [text/html]
Saving to: ‘gqv028’

     0K .......... .......... .......... .......... .......... 29%  209K 1s
    50K .......... .......... .......... .......... .......... 59%  608K 0s
   100K .......... .......... .......... .......... .......... 89%  610K 0s
   150K .......... ......                                     100%  213K=0.5s

2017-02-03 04:16:36 (346 KB/s) - ‘gqv028’ saved [170713/170713]

--2017-02-03 04:16:37--  http://doi.org/10.1093/ojls/gqv027
Connecting to doi.org (doi.org)|54.191.229.235|:80... connected.
HTTP request sent, awaiting response... 303 See Other
Location: https://academic.oup.com/ojls/article-lookup/doi/10.1093/ojls/gqv027 [following]
--2017-02-03 04:16:38--  https://academic.oup.com/ojls/article-lookup/doi/10.1093/ojls/gqv027
Connecting to academic.oup.com (academic.oup.com)|173.254.190.144|:443... connected.
HTTP request sent, awaiting response... 200 OK
Length: 233874 (228K) [text/html]
Saving to: ‘gqv027’

     0K .......... .......... .......... .......... .......... 21%  309K 1s
    50K .......... .......... .......... .......... .......... 43%  315K 0s
   100K .......... .......... .......... .......... .......... 65%  593K 0s
   150K .......... .......... .......... .......... .......... 87%  603K 0s
   200K .......... .......... ........                        100%  355K=0.6s

2017-02-03 04:16:47 (402 KB/s) - ‘gqv027’ saved [233874/233874]

--2017-02-03 04:16:48--  http://doi.org/10.1093/ojls/gqv026
Connecting to doi.org (doi.org)|54.191.229.235|:80... connected.
HTTP request sent, awaiting response... 303 See Other
Location: https://academic.oup.com/ojls/article-lookup/doi/10.1093/ojls/gqv026 [following]
--2017-02-03 04:16:49--  https://academic.oup.com/ojls/article-lookup/doi/10.1093/ojls/gqv026
Connecting to academic.oup.com (academic.oup.com)|173.254.190.144|:443... connected.
HTTP request sent, awaiting response... 200 OK
Length: 225939 (221K) [text/html]
Saving to: ‘gqv026’

     0K .......... .......... .......... .......... .......... 22%  208K 1s
    50K .......... .......... .......... .......... .......... 45%  611K 0s
   100K .......... .......... .......... .......... .......... 67%  605K 0s
   150K .......... .......... .......... .......... .......... 90%  314K 0s
   200K .......... ..........                                 100% 8.14M=0.6s

2017-02-03 04:16:58 (390 KB/s) - ‘gqv026’ saved [225939/225939]

--2017-02-03 04:16:59--  http://doi.org/10.1093/ojls/gqv025
Connecting to doi.org (doi.org)|54.191.229.235|:80... connected.
HTTP request sent, awaiting response... 303 See Other
Location: https://academic.oup.com/ojls/article-lookup/doi/10.1093/ojls/gqv025 [following]
--2017-02-03 04:17:01--  https://academic.oup.com/ojls/article-lookup/doi/10.1093/ojls/gqv025
Connecting to academic.oup.com (academic.oup.com)|173.254.190.144|:443... connected.
HTTP request sent, awaiting response... 200 OK
Length: 194968 (190K) [text/html]
Saving to: ‘gqv025’

     0K .......... .......... .......... .......... .......... 26%  209K 1s
    50K .......... .......... .......... .......... .......... 52%  612K 0s
   100K .......... .......... .......... .......... .......... 78%  597K 0s
   150K .......... .......... .......... ..........           100%  496K=0.5s

2017-02-03 04:17:10 (392 KB/s) - ‘gqv025’ saved [194968/194968]

--2017-02-03 04:17:11--  http://doi.org/10.1093/ojls/gqv024
Connecting to doi.org (doi.org)|54.191.229.235|:80... connected.
HTTP request sent, awaiting response... 303 See Other
Location: https://academic.oup.com/ojls/article-lookup/doi/10.1093/ojls/gqv024 [following]
--2017-02-03 04:17:12--  https://academic.oup.com/ojls/article-lookup/doi/10.1093/ojls/gqv024
Connecting to academic.oup.com (academic.oup.com)|173.254.190.144|:443... connected.
HTTP request sent, awaiting response... 200 OK
Length: 215708 (211K) [text/html]
Saving to: ‘gqv024’

     0K .......... .......... .......... .......... .......... 23%  209K 1s
    50K .......... .......... .......... .......... .......... 47%  609K 0s
   100K .......... .......... .......... .......... .......... 71%  607K 0s
   150K .......... .......... .......... .......... .......... 94%  608K 0s
   200K ..........                                            100%  137K=0.6s

2017-02-03 04:17:25 (374 KB/s) - ‘gqv024’ saved [215708/215708]

--2017-02-03 04:17:26--  http://doi.org/10.1093/ojls/gqv023
Connecting to doi.org (doi.org)|54.191.229.235|:80... connected.
HTTP request sent, awaiting response... 303 See Other
Location: https://academic.oup.com/ojls/article-lookup/doi/10.1093/ojls/gqv023 [following]
--2017-02-03 04:17:27--  https://academic.oup.com/ojls/article-lookup/doi/10.1093/ojls/gqv023
Connecting to academic.oup.com (academic.oup.com)|173.254.190.144|:443... connected.
HTTP request sent, awaiting response... 200 OK
Length: 206229 (201K) [text/html]
Saving to: ‘gqv023’

     0K .......... .......... .......... .......... .......... 24%  209K 1s
    50K .......... .......... .......... .......... .......... 49%  603K 0s
   100K .......... .......... .......... .......... .......... 74%  609K 0s
   150K .......... .......... .......... .......... .......... 99%  604K 0s
   200K .                                                     100% 2662G=0.5s

2017-02-03 04:17:32 (413 KB/s) - ‘gqv023’ saved [206229/206229]

--2017-02-03 04:17:33--  http://doi.org/10.1093/ojls/gqv022
Connecting to doi.org (doi.org)|54.191.229.235|:80... connected.
HTTP request sent, awaiting response... 303 See Other
Location: https://academic.oup.com/ojls/article-lookup/doi/10.1093/ojls/gqv022 [following]
--2017-02-03 04:17:35--  https://academic.oup.com/ojls/article-lookup/doi/10.1093/ojls/gqv022
Connecting to academic.oup.com (academic.oup.com)|173.254.190.144|:443... connected.
HTTP request sent, awaiting response... 200 OK
Length: 203517 (199K) [text/html]
Saving to: ‘gqv022’

     0K .......... .......... .......... .......... .......... 25%  208K 1s
    50K .......... .......... .......... .......... .......... 50%  605K 0s
   100K .......... .......... .......... .......... .......... 75%  604K 0s
   150K .......... .......... .......... .......... ........  100%  594K=0.5s

2017-02-03 04:17:41 (408 KB/s) - ‘gqv022’ saved [203517/203517]

--2017-02-03 04:17:42--  http://doi.org/10.1093/ojls/gqv021
Connecting to doi.org (doi.org)|54.191.229.235|:80... connected.
HTTP request sent, awaiting response... 303 See Other
Location: https://academic.oup.com/ojls/article-lookup/doi/10.1093/ojls/gqv021 [following]
--2017-02-03 04:17:44--  https://academic.oup.com/ojls/article-lookup/doi/10.1093/ojls/gqv021
Connecting to academic.oup.com (academic.oup.com)|173.254.190.144|:443... connected.
HTTP request sent, awaiting response... 400 Bad Request
2017-02-03 04:17:44 ERROR 400: Bad Request.

--2017-02-03 04:17:45--  http://doi.org/10.1093/ojls/gqv020
Connecting to doi.org (doi.org)|54.191.229.235|:80... connected.
HTTP request sent, awaiting response... 303 See Other
Location: https://academic.oup.com/ojls/article-lookup/doi/10.1093/ojls/gqv020 [following]
--2017-02-03 04:17:47--  https://academic.oup.com/ojls/article-lookup/doi/10.1093/ojls/gqv020
Connecting to academic.oup.com (academic.oup.com)|173.254.190.144|:443... connected.
HTTP request sent, awaiting response... 200 OK
Length: 183376 (179K) [text/html]
Saving to: ‘gqv020’

     0K .......... .......... .......... .......... .......... 27%  209K 1s
    50K .......... .......... .......... .......... .......... 55%  613K 0s
   100K .......... .......... .......... .......... .......... 83%  597K 0s
   150K .......... .......... .........                       100%  367K=0.5s

2017-02-03 04:17:59 (370 KB/s) - ‘gqv020’ saved [183376/183376]

--2017-02-03 04:18:00--  http://doi.org/10.1093/ojls/gqv019
Connecting to doi.org (doi.org)|54.191.229.235|:80... connected.
HTTP request sent, awaiting response... 303 See Other
Location: https://academic.oup.com/ojls/article-lookup/doi/10.1093/ojls/gqv019 [following]
--2017-02-03 04:18:01--  https://academic.oup.com/ojls/article-lookup/doi/10.1093/ojls/gqv019
Connecting to academic.oup.com (academic.oup.com)|173.254.190.144|:443... connected.
HTTP request sent, awaiting response... 200 OK
Length: 206349 (202K) [text/html]
Saving to: ‘gqv019’

     0K .......... .......... .......... .......... .......... 24%  208K 1s
    50K .......... .......... .......... .......... .......... 49%  607K 0s
   100K .......... .......... .......... .......... .......... 74%  608K 0s
   150K .......... .......... .......... .......... .......... 99%  603K 0s
   200K .                                                     100% 2885G=0.5s

2017-02-03 04:18:12 (413 KB/s) - ‘gqv019’ saved [206349/206349]

--2017-02-03 04:18:13--  http://doi.org/10.1093/ojls/gqv018
Connecting to doi.org (doi.org)|54.191.229.235|:80... connected.
HTTP request sent, awaiting response... 303 See Other
Location: https://academic.oup.com/ojls/article-lookup/doi/10.1093/ojls/gqv018 [following]
--2017-02-03 04:18:14--  https://academic.oup.com/ojls/article-lookup/doi/10.1093/ojls/gqv018
Connecting to academic.oup.com (academic.oup.com)|173.254.190.144|:443... connected.
HTTP request sent, awaiting response... 200 OK
Length: 185842 (181K) [text/html]
Saving to: ‘gqv018’

     0K .......... .......... .......... .......... .......... 27%  208K 1s
    50K .......... .......... .......... .......... .......... 55%  608K 0s
   100K .......... .......... .......... .......... .......... 82%  615K 0s
   150K .......... .......... .......... .                    100%  392K=0.5s

2017-02-03 04:18:19 (375 KB/s) - ‘gqv018’ saved [185842/185842]

--2017-02-03 04:18:20--  http://doi.org/10.1093/ojls/gqv017
Connecting to doi.org (doi.org)|54.191.229.235|:80... connected.
HTTP request sent, awaiting response... 303 See Other
Location: https://academic.oup.com/ojls/article-lookup/doi/10.1093/ojls/gqv017 [following]
--2017-02-03 04:18:22--  https://academic.oup.com/ojls/article-lookup/doi/10.1093/ojls/gqv017
Connecting to academic.oup.com (academic.oup.com)|173.254.190.144|:443... connected.
HTTP request sent, awaiting response... 400 Bad Request
2017-02-03 04:18:22 ERROR 400: Bad Request.

--2017-02-03 04:18:23--  http://doi.org/10.1093/ojls/gqv015
Connecting to doi.org (doi.org)|54.191.229.235|:80... connected.
HTTP request sent, awaiting response... 303 See Other
Location: https://academic.oup.com/ojls/article-lookup/doi/10.1093/ojls/gqv015 [following]
--2017-02-03 04:18:25--  https://academic.oup.com/ojls/article-lookup/doi/10.1093/ojls/gqv015
Connecting to academic.oup.com (academic.oup.com)|173.254.190.144|:443... connected.
HTTP request sent, awaiting response... 200 OK
Length: 186876 (182K) [text/html]
Saving to: ‘gqv015’

     0K .......... .......... .......... .......... .......... 27%  207K 1s
    50K .......... .......... .......... .......... .......... 54%  611K 0s
   100K .......... .......... .......... .......... .......... 82%  614K 0s
   150K .......... .......... .......... ..                   100%  404K=0.5s

2017-02-03 04:18:43 (376 KB/s) - ‘gqv015’ saved [186876/186876]

--2017-02-03 04:18:44--  http://doi.org/10.1093/ojls/gqv016
Connecting to doi.org (doi.org)|54.191.229.235|:80... connected.
HTTP request sent, awaiting response... 303 See Other
Location: https://academic.oup.com/ojls/article-lookup/doi/10.1093/ojls/gqv016 [following]
--2017-02-03 04:18:46--  https://academic.oup.com/ojls/article-lookup/doi/10.1093/ojls/gqv016
Connecting to academic.oup.com (academic.oup.com)|173.254.190.144|:443... connected.
HTTP request sent, awaiting response... 200 OK
Length: 182110 (178K) [text/html]
Saving to: ‘gqv016’

     0K .......... .......... .......... .......... .......... 28%  309K 0s
    50K .......... .......... .......... .......... .......... 56%  309K 0s
   100K .......... .......... .......... .......... .......... 84%  606K 0s
   150K .......... .......... .......                         100%  353K=0.5s

2017-02-03 04:18:50 (367 KB/s) - ‘gqv016’ saved [182110/182110]

--2017-02-03 04:18:51--  http://doi.org/10.1093/ojls/gqv011
Connecting to doi.org (doi.org)|54.191.229.235|:80... connected.
HTTP request sent, awaiting response... 303 See Other
Location: https://academic.oup.com/ojls/article-lookup/doi/10.1093/ojls/gqv011 [following]
--2017-02-03 04:18:53--  https://academic.oup.com/ojls/article-lookup/doi/10.1093/ojls/gqv011
Connecting to academic.oup.com (academic.oup.com)|173.254.190.144|:443... connected.
HTTP request sent, awaiting response... 200 OK
Length: 192513 (188K) [text/html]
Saving to: ‘gqv011’

     0K .......... .......... .......... .......... .......... 26%  208K 1s
    50K .......... .......... .......... .......... .......... 53%  598K 0s
   100K .......... .......... .......... .......... .......... 79%  605K 0s
   150K .......... .......... .......... ........             100%  471K=0.5s

2017-02-03 04:18:59 (386 KB/s) - ‘gqv011’ saved [192513/192513]

--2017-02-03 04:19:00--  http://doi.org/10.1093/ojls/gqv012
Connecting to doi.org (doi.org)|54.191.229.235|:80... connected.
HTTP request sent, awaiting response... 303 See Other
Location: https://academic.oup.com/ojls/article-lookup/doi/10.1093/ojls/gqv012 [following]
--2017-02-03 04:19:02--  https://academic.oup.com/ojls/article-lookup/doi/10.1093/ojls/gqv012
Connecting to academic.oup.com (academic.oup.com)|173.254.190.144|:443... connected.
HTTP request sent, awaiting response... 200 OK
Length: 203940 (199K) [text/html]
Saving to: ‘gqv012’

     0K .......... .......... .......... .......... .......... 25%  208K 1s
    50K .......... .......... .......... .......... .......... 50%  605K 0s
   100K .......... .......... .......... .......... .......... 75%  614K 0s
   150K .......... .......... .......... .......... ......... 100%  595K=0.5s

2017-02-03 04:19:08 (409 KB/s) - ‘gqv012’ saved [203940/203940]

--2017-02-03 04:19:09--  http://doi.org/10.1093/ojls/gqv013
Connecting to doi.org (doi.org)|54.191.229.235|:80... connected.
HTTP request sent, awaiting response... 303 See Other
Location: https://academic.oup.com/ojls/article-lookup/doi/10.1093/ojls/gqv013 [following]
--2017-02-03 04:19:11--  https://academic.oup.com/ojls/article-lookup/doi/10.1093/ojls/gqv013
Connecting to academic.oup.com (academic.oup.com)|173.254.190.144|:443... connected.
HTTP request sent, awaiting response... 200 OK
Length: 199097 (194K) [text/html]
Saving to: ‘gqv013’

     0K .......... .......... .......... .......... .......... 25%  209K 1s
    50K .......... .......... .......... .......... .......... 51%  595K 0s
   100K .......... .......... .......... .......... .......... 77%  613K 0s
   150K .......... .......... .......... .......... ....      100%  544K=0.5s

2017-02-03 04:19:21 (400 KB/s) - ‘gqv013’ saved [199097/199097]

--2017-02-03 04:19:22--  http://doi.org/10.1093/ojls/gqv014
Connecting to doi.org (doi.org)|54.191.229.235|:80... connected.
HTTP request sent, awaiting response... 303 See Other
Location: https://academic.oup.com/ojls/article-lookup/doi/10.1093/ojls/gqv014 [following]
--2017-02-03 04:19:23--  https://academic.oup.com/ojls/article-lookup/doi/10.1093/ojls/gqv014
Connecting to academic.oup.com (academic.oup.com)|173.254.190.144|:443... connected.
HTTP request sent, awaiting response... 200 OK
Length: 177186 (173K) [text/html]
Saving to: ‘gqv014’

     0K .......... .......... .......... .......... .......... 28%  209K 1s
    50K .......... .......... .......... .......... .......... 57%  606K 0s
   100K .......... .......... .......... .......... .......... 86%  615K 0s
   150K .......... .......... ...                             100%  290K=0.5s

2017-02-03 04:19:29 (359 KB/s) - ‘gqv014’ saved [177186/177186]

--2017-02-03 04:19:30--  http://doi.org/10.1093/ojls/gqv010
Connecting to doi.org (doi.org)|54.191.229.235|:80... connected.
HTTP request sent, awaiting response... 303 See Other
Location: https://academic.oup.com/ojls/article-lookup/doi/10.1093/ojls/gqv010 [following]
--2017-02-03 04:19:31--  https://academic.oup.com/ojls/article-lookup/doi/10.1093/ojls/gqv010
Connecting to academic.oup.com (academic.oup.com)|173.254.190.144|:443... connected.
HTTP request sent, awaiting response... 200 OK
Length: 219051 (214K) [text/html]
Saving to: ‘gqv010’

     0K .......... .......... .......... .......... .......... 23%  205K 1s
    50K .......... .......... .......... .......... .......... 46%  608K 0s
   100K .......... .......... .......... .......... .......... 70%  609K 0s
   150K .......... .......... .......... .......... .......... 93%  314K 0s
   200K .......... ...                                        100% 10.9M=0.6s

2017-02-03 04:19:58 (376 KB/s) - ‘gqv010’ saved [219051/219051]

--2017-02-03 04:19:59--  http://doi.org/10.1093/ojls/gqv009
Connecting to doi.org (doi.org)|54.191.229.235|:80... connected.
HTTP request sent, awaiting response... 303 See Other
Location: https://academic.oup.com/ojls/article-lookup/doi/10.1093/ojls/gqv009 [following]
--2017-02-03 04:20:01--  https://academic.oup.com/ojls/article-lookup/doi/10.1093/ojls/gqv009
Connecting to academic.oup.com (academic.oup.com)|173.254.190.144|:443... connected.
HTTP request sent, awaiting response... 200 OK
Length: 166364 (162K) [text/html]
Saving to: ‘gqv009’

     0K .......... .......... .......... .......... .......... 30%  209K 1s
    50K .......... .......... .......... .......... .......... 61%  600K 0s
   100K .......... .......... .......... .......... .......... 92%  612K 0s
   150K .......... ..                                         100% 7.17M=0.4s

2017-02-03 04:20:06 (400 KB/s) - ‘gqv009’ saved [166364/166364]

--2017-02-03 04:20:07--  http://doi.org/10.1093/ojls/gqv004
Connecting to doi.org (doi.org)|54.191.229.235|:80... connected.
HTTP request sent, awaiting response... 303 See Other
Location: https://academic.oup.com/ojls/article-lookup/doi/10.1093/ojls/gqv004 [following]
--2017-02-03 04:20:09--  https://academic.oup.com/ojls/article-lookup/doi/10.1093/ojls/gqv004
Connecting to academic.oup.com (academic.oup.com)|173.254.190.144|:443... connected.
HTTP request sent, awaiting response... 200 OK
Length: 238253 (233K) [text/html]
Saving to: ‘gqv004’

     0K .......... .......... .......... .......... .......... 21%  208K 1s
    50K .......... .......... .......... .......... .......... 42%  608K 0s
   100K .......... .......... .......... .......... .......... 64%  604K 0s
   150K .......... .......... .......... .......... .......... 85%  317K 0s
   200K .......... .......... .......... ..                   100% 6.61M=0.6s

2017-02-03 04:20:19 (410 KB/s) - ‘gqv004’ saved [238253/238253]

--2017-02-03 04:20:20--  http://doi.org/10.1093/ojls/gqv006
Connecting to doi.org (doi.org)|54.191.229.235|:80... connected.
HTTP request sent, awaiting response... 303 See Other
Location: https://academic.oup.com/ojls/article-lookup/doi/10.1093/ojls/gqv006 [following]
--2017-02-03 04:20:21--  https://academic.oup.com/ojls/article-lookup/doi/10.1093/ojls/gqv006
Connecting to academic.oup.com (academic.oup.com)|173.254.190.144|:443... connected.
HTTP request sent, awaiting response... 200 OK
Length: 188632 (184K) [text/html]
Saving to: ‘gqv006’

     0K .......... .......... .......... .......... .......... 27%  208K 1s
    50K .......... .......... .......... .......... .......... 54%  605K 0s
   100K .......... .......... .......... .......... .......... 81%  611K 0s
   150K .......... .......... .......... ....                 100%  426K=0.5s

2017-02-03 04:20:27 (380 KB/s) - ‘gqv006’ saved [188632/188632]

--2017-02-03 04:20:28--  http://doi.org/10.1093/ojls/gqv007
Connecting to doi.org (doi.org)|54.191.229.235|:80... connected.
HTTP request sent, awaiting response... 303 See Other
Location: https://academic.oup.com/ojls/article-lookup/doi/10.1093/ojls/gqv007 [following]
--2017-02-03 04:20:29--  https://academic.oup.com/ojls/article-lookup/doi/10.1093/ojls/gqv007
Connecting to academic.oup.com (academic.oup.com)|173.254.190.144|:443... connected.
HTTP request sent, awaiting response... 200 OK
Length: 199581 (195K) [text/html]
Saving to: ‘gqv007’

     0K .......... .......... .......... .......... .......... 25%  209K 1s
    50K .......... .......... .......... .......... .......... 51%  607K 0s
   100K .......... .......... .......... .......... .......... 76%  601K 0s
   150K .......... .......... .......... .......... ....      100%  552K=0.5s

2017-02-03 04:20:40 (401 KB/s) - ‘gqv007’ saved [199581/199581]

--2017-02-03 04:20:41--  http://doi.org/10.1093/ojls/gqv008
Connecting to doi.org (doi.org)|54.191.229.235|:80... connected.
HTTP request sent, awaiting response... 303 See Other
Location: https://academic.oup.com/ojls/article-lookup/doi/10.1093/ojls/gqv008 [following]
--2017-02-03 04:20:42--  https://academic.oup.com/ojls/article-lookup/doi/10.1093/ojls/gqv008
Connecting to academic.oup.com (academic.oup.com)|173.254.190.144|:443... connected.
HTTP request sent, awaiting response... 200 OK
Length: 160370 (157K) [text/html]
Saving to: ‘gqv008’

     0K .......... .......... .......... .......... .......... 31%  209K 1s
    50K .......... .......... .......... .......... .......... 63%  604K 0s
   100K .......... .......... .......... .......... .......... 95%  615K 0s
   150K ......                                                100% 3.84M=0.4s

2017-02-03 04:21:00 (387 KB/s) - ‘gqv008’ saved [160370/160370]

--2017-02-03 04:21:01--  http://doi.org/10.1093/ojls/gqv003
Connecting to doi.org (doi.org)|54.191.229.235|:80... connected.
HTTP request sent, awaiting response... 303 See Other
Location: https://academic.oup.com/ojls/article-lookup/doi/10.1093/ojls/gqv003 [following]
--2017-02-03 04:21:03--  https://academic.oup.com/ojls/article-lookup/doi/10.1093/ojls/gqv003
Connecting to academic.oup.com (academic.oup.com)|173.254.190.144|:443... connected.
HTTP request sent, awaiting response... 400 Bad Request
2017-02-03 04:21:03 ERROR 400: Bad Request.

--2017-02-03 04:21:04--  http://doi.org/10.1093/ojls/gqv005
Connecting to doi.org (doi.org)|54.191.229.235|:80... connected.
HTTP request sent, awaiting response... 303 See Other
Location: https://academic.oup.com/ojls/article-lookup/doi/10.1093/ojls/gqv005 [following]
--2017-02-03 04:21:06--  https://academic.oup.com/ojls/article-lookup/doi/10.1093/ojls/gqv005
Connecting to academic.oup.com (academic.oup.com)|173.254.190.144|:443... connected.
HTTP request sent, awaiting response... 400 Bad Request
2017-02-03 04:21:06 ERROR 400: Bad Request.

--2017-02-03 04:21:07--  http://doi.org/10.1093/ojls/gqv002
Connecting to doi.org (doi.org)|54.191.229.235|:80... connected.
HTTP request sent, awaiting response... 303 See Other
Location: https://academic.oup.com/ojls/article-lookup/doi/10.1093/ojls/gqv002 [following]
--2017-02-03 04:21:09--  https://academic.oup.com/ojls/article-lookup/doi/10.1093/ojls/gqv002
Connecting to academic.oup.com (academic.oup.com)|173.254.190.144|:443... connected.
HTTP request sent, awaiting response... 200 OK
Length: 204520 (200K) [text/html]
Saving to: ‘gqv002’

     0K .......... .......... .......... .......... .......... 25%  209K 1s
    50K .......... .......... .......... .......... .......... 50%  608K 0s
   100K .......... .......... .......... .......... .......... 75%  596K 0s
   150K .......... .......... .......... .......... ......... 100%  605K=0.5s

2017-02-03 04:21:25 (410 KB/s) - ‘gqv002’ saved [204520/204520]

--2017-02-03 04:21:26--  http://doi.org/10.1093/ojls/gqv001
Connecting to doi.org (doi.org)|54.191.229.235|:80... connected.
HTTP request sent, awaiting response... 303 See Other
Location: https://academic.oup.com/ojls/article-lookup/doi/10.1093/ojls/gqv001 [following]
--2017-02-03 04:21:28--  https://academic.oup.com/ojls/article-lookup/doi/10.1093/ojls/gqv001
Connecting to academic.oup.com (academic.oup.com)|173.254.190.144|:443... connected.
HTTP request sent, awaiting response... 200 OK
Length: 171279 (167K) [text/html]
Saving to: ‘gqv001’

     0K .......... .......... .......... .......... .......... 29%  209K 1s
    50K .......... .......... .......... .......... .......... 59%  612K 0s
   100K .......... .......... .......... .......... .......... 89%  603K 0s
   150K .......... .......                                    100%  224K=0.5s

2017-02-03 04:21:33 (348 KB/s) - ‘gqv001’ saved [171279/171279]

--2017-02-03 04:21:34--  http://doi.org/10.1093/ojls/gqu030
Connecting to doi.org (doi.org)|54.191.229.235|:80... connected.
HTTP request sent, awaiting response... 303 See Other
Location: https://academic.oup.com/ojls/article-lookup/doi/10.1093/ojls/gqu030 [following]
--2017-02-03 04:21:35--  https://academic.oup.com/ojls/article-lookup/doi/10.1093/ojls/gqu030
Connecting to academic.oup.com (academic.oup.com)|173.254.190.144|:443... connected.
HTTP request sent, awaiting response... 200 OK
Length: 158181 (154K) [text/html]
Saving to: ‘gqu030’

     0K .......... .......... .......... .......... .......... 32%  209K 1s
    50K .......... .......... .......... .......... .......... 64%  608K 0s
   100K .......... .......... .......... .......... .......... 97%  607K 0s
   150K ....                                                  100% 23.9M=0.4s

2017-02-03 04:21:48 (382 KB/s) - ‘gqu030’ saved [158181/158181]

--2017-02-03 04:21:49--  http://doi.org/10.1093/ojls/gqu029
Connecting to doi.org (doi.org)|54.191.229.235|:80... connected.
HTTP request sent, awaiting response... 303 See Other
Location: https://academic.oup.com/ojls/article-lookup/doi/10.1093/ojls/gqu029 [following]
--2017-02-03 04:21:50--  https://academic.oup.com/ojls/article-lookup/doi/10.1093/ojls/gqu029
Connecting to academic.oup.com (academic.oup.com)|173.254.190.144|:443... connected.
HTTP request sent, awaiting response... 200 OK
Length: 244055 (238K) [text/html]
Saving to: ‘gqu029’

     0K .......... .......... .......... .......... .......... 20%  209K 1s
    50K .......... .......... .......... .......... .......... 41%  609K 0s
   100K .......... .......... .......... .......... .......... 62%  560K 0s
   150K .......... .......... .......... .......... .......... 83%  315K 0s
   200K .......... .......... .......... ........             100% 1.10M=0.6s

2017-02-03 04:22:01 (395 KB/s) - ‘gqu029’ saved [244055/244055]

--2017-02-03 04:22:02--  http://doi.org/10.1093/ojls/gqu028
Connecting to doi.org (doi.org)|54.191.229.235|:80... connected.
HTTP request sent, awaiting response... 303 See Other
Location: https://academic.oup.com/ojls/article-lookup/doi/10.1093/ojls/gqu028 [following]
--2017-02-03 04:22:04--  https://academic.oup.com/ojls/article-lookup/doi/10.1093/ojls/gqu028
Connecting to academic.oup.com (academic.oup.com)|173.254.190.144|:443... connected.
HTTP request sent, awaiting response... 200 OK
Length: 203177 (198K) [text/html]
Saving to: ‘gqu028’

     0K .......... .......... .......... .......... .......... 25%  209K 1s
    50K .......... .......... .......... .......... .......... 50%  611K 0s
   100K .......... .......... .......... .......... .......... 75%  568K 0s
   150K .......... .......... .......... .......... ........  100%  585K=0.5s

2017-02-03 04:22:09 (403 KB/s) - ‘gqu028’ saved [203177/203177]

--2017-02-03 04:22:10--  http://doi.org/10.1093/ojls/gqu027
Connecting to doi.org (doi.org)|54.191.229.235|:80... connected.
HTTP request sent, awaiting response... 303 See Other
Location: https://academic.oup.com/ojls/article-lookup/doi/10.1093/ojls/gqu027 [following]
--2017-02-03 04:22:11--  https://academic.oup.com/ojls/article-lookup/doi/10.1093/ojls/gqu027
Connecting to academic.oup.com (academic.oup.com)|173.254.190.144|:443... connected.
HTTP request sent, awaiting response... 200 OK
Length: 180207 (176K) [text/html]
Saving to: ‘gqu027’

     0K .......... .......... .......... .......... .......... 28%  209K 1s
    50K .......... .......... .......... .......... .......... 56%  601K 0s
   100K .......... .......... .......... .......... .......... 85%  605K 0s
   150K .......... .......... .....                           100%  317K=0.5s

2017-02-03 04:22:22 (361 KB/s) - ‘gqu027’ saved [180207/180207]

--2017-02-03 04:22:23--  http://doi.org/10.1093/ojls/gqu025
Connecting to doi.org (doi.org)|54.191.229.235|:80... connected.
HTTP request sent, awaiting response... 303 See Other
Location: https://academic.oup.com/ojls/article-lookup/doi/10.1093/ojls/gqu025 [following]
--2017-02-03 04:22:25--  https://academic.oup.com/ojls/article-lookup/doi/10.1093/ojls/gqu025
Connecting to academic.oup.com (academic.oup.com)|173.254.190.144|:443... connected.
HTTP request sent, awaiting response... 200 OK
Length: 214972 (210K) [text/html]
Saving to: ‘gqu025’

     0K .......... .......... .......... .......... .......... 23%  209K 1s
    50K .......... .......... .......... .......... .......... 47%  603K 0s
   100K .......... .......... .......... .......... .......... 71%  593K 0s
   150K .......... .......... .......... .......... .......... 95%  612K 0s
   200K .........                                             100%  131K=0.6s

2017-02-03 04:22:34 (372 KB/s) - ‘gqu025’ saved [214972/214972]

--2017-02-03 04:22:35--  http://doi.org/10.1093/ojls/gqu026
Connecting to doi.org (doi.org)|54.191.229.235|:80... connected.
HTTP request sent, awaiting response... 303 See Other
Location: https://academic.oup.com/ojls/article-lookup/doi/10.1093/ojls/gqu026 [following]
--2017-02-03 04:22:37--  https://academic.oup.com/ojls/article-lookup/doi/10.1093/ojls/gqu026
Connecting to academic.oup.com (academic.oup.com)|173.254.190.144|:443... connected.
HTTP request sent, awaiting response... 200 OK
Length: 150784 (147K) [text/html]
Saving to: ‘gqu026’

     0K .......... .......... .......... .......... .......... 33%  208K 0s
    50K .......... .......... .......... .......... .......... 67%  603K 0s
   100K .......... .......... .......... .......... .......   100%  584K=0.4s

2017-02-03 04:22:43 (365 KB/s) - ‘gqu026’ saved [150784/150784]

--2017-02-03 04:22:44--  http://doi.org/10.1093/ojls/gqu024
Connecting to doi.org (doi.org)|54.191.229.235|:80... connected.
HTTP request sent, awaiting response... 303 See Other
Location: https://academic.oup.com/ojls/article-lookup/doi/10.1093/ojls/gqu024 [following]
--2017-02-03 04:22:46--  https://academic.oup.com/ojls/article-lookup/doi/10.1093/ojls/gqu024
Connecting to academic.oup.com (academic.oup.com)|173.254.190.144|:443... connected.
HTTP request sent, awaiting response... 200 OK
Length: 187145 (183K) [text/html]
Saving to: ‘gqu024’

     0K .......... .......... .......... .......... .......... 27%  207K 1s
    50K .......... .......... .......... .......... .......... 54%  606K 0s
   100K .......... .......... .......... .......... .......... 82%  608K 0s
   150K .......... .......... .......... ..                   100%  398K=0.5s

2017-02-03 04:22:53 (374 KB/s) - ‘gqu024’ saved [187145/187145]

--2017-02-03 04:22:54--  http://doi.org/10.1093/ojls/gqu022
Connecting to doi.org (doi.org)|54.191.229.235|:80... connected.
HTTP request sent, awaiting response... 303 See Other
Location: https://academic.oup.com/ojls/article-lookup/doi/10.1093/ojls/gqu022 [following]
--2017-02-03 04:22:55--  https://academic.oup.com/ojls/article-lookup/doi/10.1093/ojls/gqu022
Connecting to academic.oup.com (academic.oup.com)|173.254.190.144|:443... connected.
HTTP request sent, awaiting response... 400 Bad Request
2017-02-03 04:22:56 ERROR 400: Bad Request.

--2017-02-03 04:22:57--  http://doi.org/10.1093/ojls/gqu023
Connecting to doi.org (doi.org)|54.191.229.235|:80... connected.
HTTP request sent, awaiting response... 303 See Other
Location: https://academic.oup.com/ojls/article-lookup/doi/10.1093/ojls/gqu023 [following]
--2017-02-03 04:22:58--  https://academic.oup.com/ojls/article-lookup/doi/10.1093/ojls/gqu023
Connecting to academic.oup.com (academic.oup.com)|173.254.190.144|:443... connected.
HTTP request sent, awaiting response... 200 OK
Length: 182027 (178K) [text/html]
Saving to: ‘gqu023’

     0K .......... .......... .......... .......... .......... 28%  208K 1s
    50K .......... .......... .......... .......... .......... 56%  587K 0s
   100K .......... .......... .......... .......... .......... 84%  584K 0s
   150K .......... .......... .......                         100%  351K=0.5s

2017-02-03 04:23:16 (363 KB/s) - ‘gqu023’ saved [182027/182027]

--2017-02-03 04:23:17--  http://doi.org/10.1093/ojls/gqu020
Connecting to doi.org (doi.org)|54.191.229.235|:80... connected.
HTTP request sent, awaiting response... 303 See Other
Location: https://academic.oup.com/ojls/article-lookup/doi/10.1093/ojls/gqu020 [following]
--2017-02-03 04:23:19--  https://academic.oup.com/ojls/article-lookup/doi/10.1093/ojls/gqu020
Connecting to academic.oup.com (academic.oup.com)|173.254.190.144|:443... connected.
HTTP request sent, awaiting response... 200 OK
Length: 231665 (226K) [text/html]
Saving to: ‘gqu020’

     0K .......... .......... .......... .......... .......... 22%  209K 1s
    50K .......... .......... .......... .......... .......... 44%  600K 0s
   100K .......... .......... .......... .......... .......... 66%  606K 0s
   150K .......... .......... .......... .......... .......... 88%  318K 0s
   200K .......... .......... ......                          100% 7.00M=0.6s

2017-02-03 04:23:39 (399 KB/s) - ‘gqu020’ saved [231665/231665]

--2017-02-03 04:23:40--  http://doi.org/10.1093/ojls/gqu021
Connecting to doi.org (doi.org)|54.191.229.235|:80... connected.
HTTP request sent, awaiting response... 303 See Other
Location: https://academic.oup.com/ojls/article-lookup/doi/10.1093/ojls/gqu021 [following]
--2017-02-03 04:23:41--  https://academic.oup.com/ojls/article-lookup/doi/10.1093/ojls/gqu021
Connecting to academic.oup.com (academic.oup.com)|173.254.190.144|:443... connected.
HTTP request sent, awaiting response... 200 OK
Length: 216970 (212K) [text/html]
Saving to: ‘gqu021’

     0K .......... .......... .......... .......... .......... 23%  209K 1s
    50K .......... .......... .......... .......... .......... 47%  605K 0s
   100K .......... .......... .......... .......... .......... 70%  588K 0s
   150K .......... .......... .......... .......... .......... 94%  429K 0s
   200K .......... .                                          100%  283K=0.6s

2017-02-03 04:23:56 (375 KB/s) - ‘gqu021’ saved [216970/216970]

--2017-02-03 04:23:57--  http://doi.org/10.1093/ojls/gqu019
Connecting to doi.org (doi.org)|54.191.229.235|:80... connected.
HTTP request sent, awaiting response... 303 See Other
Location: https://academic.oup.com/ojls/article-lookup/doi/10.1093/ojls/gqu019 [following]
--2017-02-03 04:23:59--  https://academic.oup.com/ojls/article-lookup/doi/10.1093/ojls/gqu019
Connecting to academic.oup.com (academic.oup.com)|173.254.190.144|:443... connected.
HTTP request sent, awaiting response... 200 OK
Length: 226333 (221K) [text/html]
Saving to: ‘gqu019’

     0K .......... .......... .......... .......... .......... 22%  207K 1s
    50K .......... .......... .......... .......... .......... 45%  603K 0s
   100K .......... .......... .......... .......... .......... 67%  609K 0s
   150K .......... .......... .......... .......... .......... 90%  608K 0s
   200K .......... .......... .                               100%  266K=0.6s

2017-02-03 04:24:07 (389 KB/s) - ‘gqu019’ saved [226333/226333]

--2017-02-03 04:24:08--  http://doi.org/10.1093/ojls/gqu018
Connecting to doi.org (doi.org)|54.191.229.235|:80... connected.
HTTP request sent, awaiting response... 303 See Other
Location: https://academic.oup.com/ojls/article-lookup/doi/10.1093/ojls/gqu018 [following]
--2017-02-03 04:24:09--  https://academic.oup.com/ojls/article-lookup/doi/10.1093/ojls/gqu018
Connecting to academic.oup.com (academic.oup.com)|173.254.190.144|:443... connected.
HTTP request sent, awaiting response... 200 OK
Length: 132936 (130K) [text/html]
Saving to: ‘gqu018’

     0K .......... .......... .......... .......... .......... 38%  208K 0s
    50K .......... .......... .......... .......... .......... 77%  590K 0s
   100K .......... .......... .........                       100%  391K=0.4s

2017-02-03 04:24:20 (324 KB/s) - ‘gqu018’ saved [132936/132936]

--2017-02-03 04:24:21--  http://doi.org/10.1093/ojls/gqu017
Connecting to doi.org (doi.org)|54.191.229.235|:80... connected.
HTTP request sent, awaiting response... 303 See Other
Location: https://academic.oup.com/ojls/article-lookup/doi/10.1093/ojls/gqu017 [following]
--2017-02-03 04:24:23--  https://academic.oup.com/ojls/article-lookup/doi/10.1093/ojls/gqu017
Connecting to academic.oup.com (academic.oup.com)|173.254.190.144|:443... connected.
HTTP request sent, awaiting response... 200 OK
Length: 154632 (151K) [text/html]
Saving to: ‘gqu017’

     0K .......... .......... .......... .......... .......... 33%  209K 0s
    50K .......... .......... .......... .......... .......... 66%  591K 0s
   100K .......... .......... .......... .......... .......... 99%  611K 0s
   150K .                                                     100% 1922G=0.4s

2017-02-03 04:24:31 (372 KB/s) - ‘gqu017’ saved [154632/154632]

--2017-02-03 04:24:32--  http://doi.org/10.1093/ojls/gqu016
Connecting to doi.org (doi.org)|54.191.229.235|:80... connected.
HTTP request sent, awaiting response... 303 See Other
Location: https://academic.oup.com/ojls/article-lookup/doi/10.1093/ojls/gqu016 [following]
--2017-02-03 04:24:33--  https://academic.oup.com/ojls/article-lookup/doi/10.1093/ojls/gqu016
Connecting to academic.oup.com (academic.oup.com)|173.254.190.144|:443... connected.
HTTP request sent, awaiting response... 200 OK
Length: 191897 (187K) [text/html]
Saving to: ‘gqu016’

     0K .......... .......... .......... .......... .......... 26%  208K 1s
    50K .......... .......... .......... .......... .......... 53%  608K 0s
   100K .......... .......... .......... .......... .......... 80%  614K 0s
   150K .......... .......... .......... .......              100%  465K=0.5s

2017-02-03 04:24:41 (386 KB/s) - ‘gqu016’ saved [191897/191897]

--2017-02-03 04:24:42--  http://doi.org/10.1093/ojls/gqu015
Connecting to doi.org (doi.org)|54.191.229.235|:80... connected.
HTTP request sent, awaiting response... 303 See Other
Location: https://academic.oup.com/ojls/article-lookup/doi/10.1093/ojls/gqu015 [following]
--2017-02-03 04:24:44--  https://academic.oup.com/ojls/article-lookup/doi/10.1093/ojls/gqu015
Connecting to academic.oup.com (academic.oup.com)|173.254.190.144|:443... connected.
HTTP request sent, awaiting response... 200 OK
Length: 221488 (216K) [text/html]
Saving to: ‘gqu015’

     0K .......... .......... .......... .......... .......... 23%  206K 1s
    50K .......... .......... .......... .......... .......... 46%  597K 0s
   100K .......... .......... .......... .......... .......... 69%  609K 0s
   150K .......... .......... .......... .......... .......... 92%  318K 0s
   200K .......... ......                                     100% 3.99M=0.6s

2017-02-03 04:24:59 (380 KB/s) - ‘gqu015’ saved [221488/221488]

--2017-02-03 04:25:00--  http://doi.org/10.1093/ojls/gqu014
Connecting to doi.org (doi.org)|54.191.229.235|:80... connected.
HTTP request sent, awaiting response... 303 See Other
Location: https://academic.oup.com/ojls/article-lookup/doi/10.1093/ojls/gqu014 [following]
--2017-02-03 04:25:01--  https://academic.oup.com/ojls/article-lookup/doi/10.1093/ojls/gqu014
Connecting to academic.oup.com (academic.oup.com)|173.254.190.144|:443... connected.
HTTP request sent, awaiting response... 200 OK
Length: 155104 (151K) [text/html]
Saving to: ‘gqu014’

     0K .......... .......... .......... .......... .......... 33%  209K 0s
    50K .......... .......... .......... .......... .......... 66%  606K 0s
   100K .......... .......... .......... .......... .......... 99%  608K 0s
   150K .                                                     100% 6.51M=0.4s

2017-02-03 04:25:21 (375 KB/s) - ‘gqu014’ saved [155104/155104]

--2017-02-03 04:25:22--  http://doi.org/10.1093/ojls/gqu013
Connecting to doi.org (doi.org)|54.191.229.235|:80... connected.
HTTP request sent, awaiting response... 303 See Other
Location: https://academic.oup.com/ojls/article-lookup/doi/10.1093/ojls/gqu013 [following]
--2017-02-03 04:25:23--  https://academic.oup.com/ojls/article-lookup/doi/10.1093/ojls/gqu013
Connecting to academic.oup.com (academic.oup.com)|173.254.190.144|:443... connected.
HTTP request sent, awaiting response... 200 OK
Length: 248589 (243K) [text/html]
Saving to: ‘gqu013’

     0K .......... .......... .......... .......... .......... 20%  208K 1s
    50K .......... .......... .......... .......... .......... 41%  600K 0s
   100K .......... .......... .......... .......... .......... 61%  615K 0s
   150K .......... .......... .......... .......... .......... 82%  414K 0s
   200K .......... .......... .......... .......... ..        100%  999K=0.6s

2017-02-03 04:25:30 (427 KB/s) - ‘gqu013’ saved [248589/248589]

--2017-02-03 04:25:31--  http://doi.org/10.1093/ojls/gqu012
Connecting to doi.org (doi.org)|54.191.229.235|:80... connected.
HTTP request sent, awaiting response... 303 See Other
Location: https://academic.oup.com/ojls/article-lookup/doi/10.1093/ojls/gqu012 [following]
--2017-02-03 04:25:32--  https://academic.oup.com/ojls/article-lookup/doi/10.1093/ojls/gqu012
Connecting to academic.oup.com (academic.oup.com)|173.254.190.144|:443... connected.
HTTP request sent, awaiting response... 200 OK
Length: 194251 (190K) [text/html]
Saving to: ‘gqu012’

     0K .......... .......... .......... .......... .......... 26%  209K 1s
    50K .......... .......... .......... .......... .......... 52%  611K 0s
   100K .......... .......... .......... .......... .......... 79%  609K 0s
   150K .......... .......... .......... .........            100%  486K=0.5s

2017-02-03 04:25:43 (391 KB/s) - ‘gqu012’ saved [194251/194251]

--2017-02-03 04:25:44--  http://doi.org/10.1093/ojls/gqu011
Connecting to doi.org (doi.org)|54.191.229.235|:80... connected.
HTTP request sent, awaiting response... 303 See Other
Location: https://academic.oup.com/ojls/article-lookup/doi/10.1093/ojls/gqu011 [following]
--2017-02-03 04:25:46--  https://academic.oup.com/ojls/article-lookup/doi/10.1093/ojls/gqu011
Connecting to academic.oup.com (academic.oup.com)|173.254.190.144|:443... connected.
HTTP request sent, awaiting response... 200 OK
Length: 204891 (200K) [text/html]
Saving to: ‘gqu011’

     0K .......... .......... .......... .......... .......... 24%  209K 1s
    50K .......... .......... .......... .......... .......... 49%  612K 0s
   100K .......... .......... .......... .......... .......... 74%  604K 0s
   150K .......... .......... .......... .......... .......... 99%  607K 0s
   200K                                                       100%  170G=0.5s

2017-02-03 04:25:54 (411 KB/s) - ‘gqu011’ saved [204891/204891]

--2017-02-03 04:25:55--  http://doi.org/10.1093/ojls/gqu010
Connecting to doi.org (doi.org)|54.191.229.235|:80... connected.
HTTP request sent, awaiting response... 303 See Other
Location: https://academic.oup.com/ojls/article-lookup/doi/10.1093/ojls/gqu010 [following]
--2017-02-03 04:25:56--  https://academic.oup.com/ojls/article-lookup/doi/10.1093/ojls/gqu010
Connecting to academic.oup.com (academic.oup.com)|173.254.190.144|:443... connected.
HTTP request sent, awaiting response... 200 OK
Length: 212397 (207K) [text/html]
Saving to: ‘gqu010’

     0K .......... .......... .......... .......... .......... 24%  209K 1s
    50K .......... .......... .......... .......... .......... 48%  605K 0s
   100K .......... .......... .......... .......... .......... 72%  612K 0s
   150K .......... .......... .......... .......... .......... 96%  604K 0s
   200K .......                                               100%  195K=0.5s

2017-02-03 04:26:06 (395 KB/s) - ‘gqu010’ saved [212397/212397]

--2017-02-03 04:26:07--  http://doi.org/10.1093/ojls/gqu009
Connecting to doi.org (doi.org)|54.191.229.235|:80... connected.
HTTP request sent, awaiting response... 303 See Other
Location: https://academic.oup.com/ojls/article-lookup/doi/10.1093/ojls/gqu009 [following]
--2017-02-03 04:26:09--  https://academic.oup.com/ojls/article-lookup/doi/10.1093/ojls/gqu009
Connecting to academic.oup.com (academic.oup.com)|173.254.190.144|:443... connected.
HTTP request sent, awaiting response... 200 OK
Length: 212906 (208K) [text/html]
Saving to: ‘gqu009’

     0K .......... .......... .......... .......... .......... 24%  209K 1s
    50K .......... .......... .......... .......... .......... 48%  605K 0s
   100K .......... .......... .......... .......... .......... 72%  605K 0s
   150K .......... .......... .......... .......... .......... 96%  609K 0s
   200K .......                                               100%  216K=0.5s

2017-02-03 04:26:34 (397 KB/s) - ‘gqu009’ saved [212906/212906]

--2017-02-03 04:26:35--  http://doi.org/10.1093/ojls/gqu008
Connecting to doi.org (doi.org)|54.191.229.235|:80... connected.
HTTP request sent, awaiting response... 303 See Other
Location: https://academic.oup.com/ojls/article-lookup/doi/10.1093/ojls/gqu008 [following]
--2017-02-03 04:26:36--  https://academic.oup.com/ojls/article-lookup/doi/10.1093/ojls/gqu008
Connecting to academic.oup.com (academic.oup.com)|173.254.190.144|:443... connected.
HTTP request sent, awaiting response... 200 OK
Length: 213998 (209K) [text/html]
Saving to: ‘gqu008’

     0K .......... .......... .......... .......... .......... 23%  209K 1s
    50K .......... .......... .......... .......... .......... 47%  602K 0s
   100K .......... .......... .......... .......... .......... 71%  594K 0s
   150K .......... .......... .......... .......... .......... 95%  610K 0s
   200K ........                                              100%  121K=0.6s

2017-02-03 04:26:43 (371 KB/s) - ‘gqu008’ saved [213998/213998]

--2017-02-03 04:26:44--  http://doi.org/10.1093/ojls/gqu007
Connecting to doi.org (doi.org)|54.191.229.235|:80... connected.
HTTP request sent, awaiting response... 303 See Other
Location: https://academic.oup.com/ojls/article-lookup/doi/10.1093/ojls/gqu007 [following]
--2017-02-03 04:26:46--  https://academic.oup.com/ojls/article-lookup/doi/10.1093/ojls/gqu007
Connecting to academic.oup.com (academic.oup.com)|173.254.190.144|:443... connected.
HTTP request sent, awaiting response... 200 OK
Length: 145143 (142K) [text/html]
Saving to: ‘gqu007’

     0K .......... .......... .......... .......... .......... 35%  208K 0s
    50K .......... .......... .......... .......... .......... 70%  609K 0s
   100K .......... .......... .......... .......... .         100%  513K=0.4s

2017-02-03 04:27:01 (351 KB/s) - ‘gqu007’ saved [145143/145143]

--2017-02-03 04:27:02--  http://doi.org/10.1093/ojls/gqu006
Connecting to doi.org (doi.org)|54.191.229.235|:80... connected.
HTTP request sent, awaiting response... 303 See Other
Location: https://academic.oup.com/ojls/article-lookup/doi/10.1093/ojls/gqu006 [following]
--2017-02-03 04:27:04--  https://academic.oup.com/ojls/article-lookup/doi/10.1093/ojls/gqu006
Connecting to academic.oup.com (academic.oup.com)|173.254.190.144|:443... connected.
HTTP request sent, awaiting response... 200 OK
Length: 219436 (214K) [text/html]
Saving to: ‘gqu006’

     0K .......... .......... .......... .......... .......... 23%  209K 1s
    50K .......... .......... .......... .......... .......... 46%  602K 0s
   100K .......... .......... .......... .......... .......... 69%  606K 0s
   150K .......... .......... .......... .......... .......... 93%  319K 0s
   200K .......... ....                                       100% 5.20M=0.6s

2017-02-03 04:27:12 (380 KB/s) - ‘gqu006’ saved [219436/219436]

FINISHED --2017-02-03 04:27:12--
Total wall clock time: 18m 10s
Downloaded: 85 files, 15M in 39s (385 KB/s)
