--2017-02-03 05:19:06--  http://doi.org/10.1093/oxrep/grx012
Resolving doi.org (doi.org)... 63.123.152.248, 38.100.138.163, 38.100.138.162, ...
Connecting to doi.org (doi.org)|63.123.152.248|:80... connected.
HTTP request sent, awaiting response... 303 See Other
Location: http://fdslive.oup.com/www.oup.com/pdf/production_in_progress.pdf [following]
--2017-02-03 05:19:07--  http://fdslive.oup.com/www.oup.com/pdf/production_in_progress.pdf
Resolving fdslive.oup.com (fdslive.oup.com)... 193.67.160.201
Connecting to fdslive.oup.com (fdslive.oup.com)|193.67.160.201|:80... connected.
HTTP request sent, awaiting response... 200 OK
Length: 52438 (51K) [application/pdf]
Saving to: ‘grx012’

     0K .......... .......... .......... .......... .......... 97% 1.17M 0s
    50K .                                                     100% 2306G=0.04s

2017-02-03 05:19:07 (1.20 MB/s) - ‘grx012’ saved [52438/52438]

--2017-02-03 05:19:08--  http://doi.org/10.1093/oxrep/grw039
Connecting to doi.org (doi.org)|63.123.152.248|:80... connected.
HTTP request sent, awaiting response... 303 See Other
Location: http://fdslive.oup.com/www.oup.com/pdf/production_in_progress.pdf [following]
--2017-02-03 05:19:10--  http://fdslive.oup.com/www.oup.com/pdf/production_in_progress.pdf
Connecting to fdslive.oup.com (fdslive.oup.com)|193.67.160.201|:80... connected.
HTTP request sent, awaiting response... 200 OK
Length: 52438 (51K) [application/pdf]
Saving to: ‘grw039’

     0K .......... .......... .......... .......... .......... 97% 1.05M 0s
    50K .                                                     100% 2306G=0.05s

2017-02-03 05:19:10 (1.07 MB/s) - ‘grw039’ saved [52438/52438]

--2017-02-03 05:19:11--  http://doi.org/10.1093/oxrep/grw036
Connecting to doi.org (doi.org)|63.123.152.248|:80... connected.
HTTP request sent, awaiting response... 303 See Other
Location: http://fdslive.oup.com/www.oup.com/pdf/production_in_progress.pdf [following]
--2017-02-03 05:19:12--  http://fdslive.oup.com/www.oup.com/pdf/production_in_progress.pdf
Connecting to fdslive.oup.com (fdslive.oup.com)|193.67.160.201|:80... connected.
HTTP request sent, awaiting response... 200 OK
Length: 52438 (51K) [application/pdf]
Saving to: ‘grw036’

     0K .......... .......... .......... .......... .......... 97% 1.17M 0s
    50K .                                                     100% 2306G=0.04s

2017-02-03 05:19:12 (1.20 MB/s) - ‘grw036’ saved [52438/52438]

--2017-02-03 05:19:13--  http://doi.org/10.1093/oxrep/grx008
Connecting to doi.org (doi.org)|63.123.152.248|:80... connected.
HTTP request sent, awaiting response... 303 See Other
Location: http://fdslive.oup.com/www.oup.com/pdf/production_in_progress.pdf [following]
--2017-02-03 05:19:15--  http://fdslive.oup.com/www.oup.com/pdf/production_in_progress.pdf
Connecting to fdslive.oup.com (fdslive.oup.com)|193.67.160.201|:80... connected.
HTTP request sent, awaiting response... 200 OK
Length: 52438 (51K) [application/pdf]
Saving to: ‘grx008’

     0K .......... .......... .......... .......... .......... 97% 1.17M 0s
    50K .                                                     100% 2306G=0.04s

2017-02-03 05:19:15 (1.20 MB/s) - ‘grx008’ saved [52438/52438]

--2017-02-03 05:19:16--  http://doi.org/10.1093/oxrep/grx002
Connecting to doi.org (doi.org)|63.123.152.248|:80... connected.
HTTP request sent, awaiting response... 303 See Other
Location: http://fdslive.oup.com/www.oup.com/pdf/production_in_progress.pdf [following]
--2017-02-03 05:19:17--  http://fdslive.oup.com/www.oup.com/pdf/production_in_progress.pdf
Connecting to fdslive.oup.com (fdslive.oup.com)|193.67.160.201|:80... connected.
HTTP request sent, awaiting response... 200 OK
Length: 52438 (51K) [application/pdf]
Saving to: ‘grx002’

     0K .......... .......... .......... .......... .......... 97% 1.16M 0s
    50K .                                                     100% 2306G=0.04s

2017-02-03 05:19:17 (1.19 MB/s) - ‘grx002’ saved [52438/52438]

--2017-02-03 05:19:18--  http://doi.org/10.1093/oxrep/grx010
Connecting to doi.org (doi.org)|63.123.152.248|:80... connected.
HTTP request sent, awaiting response... 303 See Other
Location: http://fdslive.oup.com/www.oup.com/pdf/production_in_progress.pdf [following]
--2017-02-03 05:19:20--  http://fdslive.oup.com/www.oup.com/pdf/production_in_progress.pdf
Connecting to fdslive.oup.com (fdslive.oup.com)|193.67.160.201|:80... connected.
HTTP request sent, awaiting response... 200 OK
Length: 52438 (51K) [application/pdf]
Saving to: ‘grx010’

     0K .......... .......... .......... .......... .......... 97% 1.29M 0s
    50K .                                                     100% 2306G=0.04s

2017-02-03 05:19:20 (1.32 MB/s) - ‘grx010’ saved [52438/52438]

--2017-02-03 05:19:21--  http://doi.org/10.1093/oxrep/grx005
Connecting to doi.org (doi.org)|63.123.152.248|:80... connected.
HTTP request sent, awaiting response... 303 See Other
Location: http://fdslive.oup.com/www.oup.com/pdf/production_in_progress.pdf [following]
--2017-02-03 05:19:22--  http://fdslive.oup.com/www.oup.com/pdf/production_in_progress.pdf
Connecting to fdslive.oup.com (fdslive.oup.com)|193.67.160.201|:80... connected.
HTTP request sent, awaiting response... 200 OK
Length: 52438 (51K) [application/pdf]
Saving to: ‘grx005’

     0K .......... .......... .......... .......... .......... 97% 1.17M 0s
    50K .                                                     100% 2306G=0.04s

2017-02-03 05:19:22 (1.20 MB/s) - ‘grx005’ saved [52438/52438]

--2017-02-03 05:19:23--  http://doi.org/10.1093/oxrep/grx001
Connecting to doi.org (doi.org)|63.123.152.248|:80... connected.
HTTP request sent, awaiting response... 303 See Other
Location: http://fdslive.oup.com/www.oup.com/pdf/production_in_progress.pdf [following]
--2017-02-03 05:19:25--  http://fdslive.oup.com/www.oup.com/pdf/production_in_progress.pdf
Connecting to fdslive.oup.com (fdslive.oup.com)|193.67.160.201|:80... connected.
HTTP request sent, awaiting response... 200 OK
Length: 52438 (51K) [application/pdf]
Saving to: ‘grx001’

     0K .......... .......... .......... .......... .......... 97% 1.17M 0s
    50K .                                                     100% 2306G=0.04s

2017-02-03 05:19:25 (1.19 MB/s) - ‘grx001’ saved [52438/52438]

--2017-02-03 05:19:26--  http://doi.org/10.1093/oxrep/grx003
Connecting to doi.org (doi.org)|63.123.152.248|:80... connected.
HTTP request sent, awaiting response... 303 See Other
Location: http://fdslive.oup.com/www.oup.com/pdf/production_in_progress.pdf [following]
--2017-02-03 05:19:27--  http://fdslive.oup.com/www.oup.com/pdf/production_in_progress.pdf
Connecting to fdslive.oup.com (fdslive.oup.com)|193.67.160.201|:80... connected.
HTTP request sent, awaiting response... 200 OK
Length: 52438 (51K) [application/pdf]
Saving to: ‘grx003’

     0K .......... .......... .......... .......... .......... 97% 1.17M 0s
    50K .                                                     100% 2306G=0.04s

2017-02-03 05:19:27 (1.20 MB/s) - ‘grx003’ saved [52438/52438]

--2017-02-03 05:19:28--  http://doi.org/10.1093/oxrep/grx007
Connecting to doi.org (doi.org)|63.123.152.248|:80... connected.
HTTP request sent, awaiting response... 303 See Other
Location: http://fdslive.oup.com/www.oup.com/pdf/production_in_progress.pdf [following]
--2017-02-03 05:19:29--  http://fdslive.oup.com/www.oup.com/pdf/production_in_progress.pdf
Connecting to fdslive.oup.com (fdslive.oup.com)|193.67.160.201|:80... connected.
HTTP request sent, awaiting response... 200 OK
Length: 52438 (51K) [application/pdf]
Saving to: ‘grx007’

     0K .......... .......... .......... .......... .......... 97% 1.29M 0s
    50K .                                                     100% 2306G=0.04s

2017-02-03 05:19:30 (1.32 MB/s) - ‘grx007’ saved [52438/52438]

--2017-02-03 05:19:31--  http://doi.org/10.1093/oxrep/grw038
Connecting to doi.org (doi.org)|63.123.152.248|:80... connected.
HTTP request sent, awaiting response... 303 See Other
Location: http://fdslive.oup.com/www.oup.com/pdf/production_in_progress.pdf [following]
--2017-02-03 05:19:32--  http://fdslive.oup.com/www.oup.com/pdf/production_in_progress.pdf
Connecting to fdslive.oup.com (fdslive.oup.com)|193.67.160.201|:80... connected.
HTTP request sent, awaiting response... 200 OK
Length: 52438 (51K) [application/pdf]
Saving to: ‘grw038’

     0K .......... .......... .......... .......... .......... 97% 1.29M 0s
    50K .                                                     100% 2306G=0.04s

2017-02-03 05:19:32 (1.32 MB/s) - ‘grw038’ saved [52438/52438]

--2017-02-03 05:19:33--  http://doi.org/10.1093/oxrep/grw035
Connecting to doi.org (doi.org)|63.123.152.248|:80... connected.
HTTP request sent, awaiting response... 303 See Other
Location: http://fdslive.oup.com/www.oup.com/pdf/production_in_progress.pdf [following]
--2017-02-03 05:19:34--  http://fdslive.oup.com/www.oup.com/pdf/production_in_progress.pdf
Connecting to fdslive.oup.com (fdslive.oup.com)|193.67.160.201|:80... connected.
HTTP request sent, awaiting response... 200 OK
Length: 52438 (51K) [application/pdf]
Saving to: ‘grw035’

     0K .......... .......... .......... .......... .......... 97% 1.17M 0s
    50K .                                                     100% 2306G=0.04s

2017-02-03 05:19:34 (1.20 MB/s) - ‘grw035’ saved [52438/52438]

--2017-02-03 05:19:35--  http://doi.org/10.1093/oxrep/grw034
Connecting to doi.org (doi.org)|63.123.152.248|:80... connected.
HTTP request sent, awaiting response... 303 See Other
Location: http://fdslive.oup.com/www.oup.com/pdf/production_in_progress.pdf [following]
--2017-02-03 05:19:37--  http://fdslive.oup.com/www.oup.com/pdf/production_in_progress.pdf
Connecting to fdslive.oup.com (fdslive.oup.com)|193.67.160.201|:80... connected.
HTTP request sent, awaiting response... 200 OK
Length: 52438 (51K) [application/pdf]
Saving to: ‘grw034’

     0K .......... .......... .......... .......... .......... 97% 1.29M 0s
    50K .                                                     100% 2306G=0.04s

2017-02-03 05:19:37 (1.32 MB/s) - ‘grw034’ saved [52438/52438]

--2017-02-03 05:19:38--  http://doi.org/10.1093/oxrep/grw037
Connecting to doi.org (doi.org)|63.123.152.248|:80... connected.
HTTP request sent, awaiting response... 303 See Other
Location: http://fdslive.oup.com/www.oup.com/pdf/production_in_progress.pdf [following]
--2017-02-03 05:19:39--  http://fdslive.oup.com/www.oup.com/pdf/production_in_progress.pdf
Connecting to fdslive.oup.com (fdslive.oup.com)|193.67.160.201|:80... connected.
HTTP request sent, awaiting response... 200 OK
Length: 52438 (51K) [application/pdf]
Saving to: ‘grw037’

     0K .......... .......... .......... .......... .......... 97% 1.29M 0s
    50K .                                                     100% 2306G=0.04s

2017-02-03 05:19:39 (1.32 MB/s) - ‘grw037’ saved [52438/52438]

--2017-02-03 05:19:40--  http://doi.org/10.1093/oxrep/grv030
Connecting to doi.org (doi.org)|63.123.152.248|:80... connected.
HTTP request sent, awaiting response... 303 See Other
Location: https://academic.oup.com/oxrep/article-lookup/doi/10.1093/oxrep/grv030 [following]
--2017-02-03 05:19:42--  https://academic.oup.com/oxrep/article-lookup/doi/10.1093/oxrep/grv030
Resolving academic.oup.com (academic.oup.com)... 173.254.190.144
Connecting to academic.oup.com (academic.oup.com)|173.254.190.144|:443... connected.
HTTP request sent, awaiting response... 200 OK
Length: 299456 (292K) [text/html]
Saving to: ‘grv030’

     0K .......... .......... .......... .......... .......... 17%  206K 1s
    50K .......... .......... .......... .......... .......... 34%  609K 1s
   100K .......... .......... .......... .......... .......... 51%  602K 0s
   150K .......... .......... .......... .......... .......... 68%  412K 0s
   200K .......... .......... .......... .......... .......... 85%  415K 0s
   250K .......... .......... .......... .......... ..        100%  529K=0.7s

2017-02-03 05:19:59 (401 KB/s) - ‘grv030’ saved [299456/299456]

--2017-02-03 05:20:00--  http://doi.org/10.1093/oxrep/grw027
Connecting to doi.org (doi.org)|63.123.152.248|:80... connected.
HTTP request sent, awaiting response... 303 See Other
Location: https://academic.oup.com/oxrep/article-lookup/doi/10.1093/oxrep/grw027 [following]
--2017-02-03 05:20:01--  https://academic.oup.com/oxrep/article-lookup/doi/10.1093/oxrep/grw027
Connecting to academic.oup.com (academic.oup.com)|173.254.190.144|:443... connected.
HTTP request sent, awaiting response... 200 OK
Length: 271131 (265K) [text/html]
Saving to: ‘grw027’

     0K .......... .......... .......... .......... .......... 18%  209K 1s
    50K .......... .......... .......... .......... .......... 37%  606K 1s
   100K .......... .......... .......... .......... .......... 56%  612K 0s
   150K .......... .......... .......... .......... .......... 75%  421K 0s
   200K .......... .......... .......... .......... .......... 94%  405K 0s
   250K .......... ....                                       100% 11.8M=0.6s

2017-02-03 05:20:11 (409 KB/s) - ‘grw027’ saved [271131/271131]

--2017-02-03 05:20:12--  http://doi.org/10.1093/oxrep/grw021
Connecting to doi.org (doi.org)|63.123.152.248|:80... connected.
HTTP request sent, awaiting response... 303 See Other
Location: https://academic.oup.com/oxrep/article-lookup/doi/10.1093/oxrep/grw021 [following]
--2017-02-03 05:20:13--  https://academic.oup.com/oxrep/article-lookup/doi/10.1093/oxrep/grw021
Connecting to academic.oup.com (academic.oup.com)|173.254.190.144|:443... connected.
HTTP request sent, awaiting response... 200 OK
Length: 99271 (97K) [text/html]
Saving to: ‘grw021’

     0K .......... .......... .......... .......... .......... 51%  209K 0s
    50K .......... .......... .......... .......... ......    100%  573K=0.3s

2017-02-03 05:20:21 (302 KB/s) - ‘grw021’ saved [99271/99271]

--2017-02-03 05:20:22--  http://doi.org/10.1093/oxrep/grw030
Connecting to doi.org (doi.org)|63.123.152.248|:80... connected.
HTTP request sent, awaiting response... 303 See Other
Location: https://academic.oup.com/oxrep/article-lookup/doi/10.1093/oxrep/grw030 [following]
--2017-02-03 05:20:24--  https://academic.oup.com/oxrep/article-lookup/doi/10.1093/oxrep/grw030
Connecting to academic.oup.com (academic.oup.com)|173.254.190.144|:443... connected.
HTTP request sent, awaiting response... 200 OK
Length: 338486 (331K) [text/html]
Saving to: ‘grw030’

     0K .......... .......... .......... .......... .......... 15%  209K 1s
    50K .......... .......... .......... .......... .......... 30%  606K 1s
   100K .......... .......... .......... .......... .......... 45%  602K 0s
   150K .......... .......... .......... .......... .......... 60%  608K 0s
   200K .......... .......... .......... .......... .......... 75%  312K 0s
   250K .......... .......... .......... .......... .......... 90%  606K 0s
   300K .......... .......... ..........                      100%  381K=0.8s

2017-02-03 05:20:36 (408 KB/s) - ‘grw030’ saved [338486/338486]

--2017-02-03 05:20:37--  http://doi.org/10.1093/oxrep/grv038
Connecting to doi.org (doi.org)|63.123.152.248|:80... connected.
HTTP request sent, awaiting response... 303 See Other
Location: https://academic.oup.com/oxrep/article-lookup/doi/10.1093/oxrep/grv038 [following]
--2017-02-03 05:20:38--  https://academic.oup.com/oxrep/article-lookup/doi/10.1093/oxrep/grv038
Connecting to academic.oup.com (academic.oup.com)|173.254.190.144|:443... connected.
HTTP request sent, awaiting response... 200 OK
Length: 114226 (112K) [text/html]
Saving to: ‘grv038’

     0K .......... .......... .......... .......... .......... 44%  209K 0s
    50K .......... .......... .......... .......... .......... 89%  606K 0s
   100K .......... .                                          100% 27.6M=0.3s

2017-02-03 05:20:50 (346 KB/s) - ‘grv038’ saved [114226/114226]

--2017-02-03 05:20:51--  http://doi.org/10.1093/oxrep/grv039
Connecting to doi.org (doi.org)|63.123.152.248|:80... connected.
HTTP request sent, awaiting response... 303 See Other
Location: https://academic.oup.com/oxrep/article-lookup/doi/10.1093/oxrep/grv039 [following]
--2017-02-03 05:20:53--  https://academic.oup.com/oxrep/article-lookup/doi/10.1093/oxrep/grv039
Connecting to academic.oup.com (academic.oup.com)|173.254.190.144|:443... connected.
HTTP request sent, awaiting response... 200 OK
Length: 351180 (343K) [text/html]
Saving to: ‘grv039’

     0K .......... .......... .......... .......... .......... 14%  209K 1s
    50K .......... .......... .......... .......... .......... 29%  611K 1s
   100K .......... .......... .......... .......... .......... 43%  583K 1s
   150K .......... .......... .......... .......... .......... 58%  417K 0s
   200K .......... .......... .......... .......... .......... 72%  420K 0s
   250K .......... .......... .......... .......... .......... 87%  613K 0s
   300K .......... .......... .......... .......... ..        100%  512K=0.8s

2017-02-03 05:21:01 (423 KB/s) - ‘grv039’ saved [351180/351180]

--2017-02-03 05:21:02--  http://doi.org/10.1093/oxrep/grv018
Connecting to doi.org (doi.org)|63.123.152.248|:80... connected.
HTTP request sent, awaiting response... 303 See Other
Location: https://academic.oup.com/oxrep/article-lookup/doi/10.1093/oxrep/grv018 [following]
--2017-02-03 05:21:03--  https://academic.oup.com/oxrep/article-lookup/doi/10.1093/oxrep/grv018
Connecting to academic.oup.com (academic.oup.com)|173.254.190.144|:443... connected.
HTTP request sent, awaiting response... 200 OK
Length: 301972 (295K) [text/html]
Saving to: ‘grv018’

     0K .......... .......... .......... .......... .......... 16%  209K 1s
    50K .......... .......... .......... .......... .......... 33%  601K 1s
   100K .......... .......... .......... .......... .......... 50%  616K 0s
   150K .......... .......... .......... .......... .......... 67%  585K 0s
   200K .......... .......... .......... .......... .......... 84%  320K 0s
   250K .......... .......... .......... .......... ....      100%  548K=0.7s

2017-02-03 05:21:16 (406 KB/s) - ‘grv018’ saved [301972/301972]

--2017-02-03 05:21:17--  http://doi.org/10.1093/oxrep/grv020
Connecting to doi.org (doi.org)|63.123.152.248|:80... connected.
HTTP request sent, awaiting response... 303 See Other
Location: https://academic.oup.com/oxrep/article-lookup/doi/10.1093/oxrep/grv020 [following]
--2017-02-03 05:21:18--  https://academic.oup.com/oxrep/article-lookup/doi/10.1093/oxrep/grv020
Connecting to academic.oup.com (academic.oup.com)|173.254.190.144|:443... connected.
HTTP request sent, awaiting response... 200 OK
Length: 371473 (363K) [text/html]
Saving to: ‘grv020’

     0K .......... .......... .......... .......... .......... 13%  209K 1s
    50K .......... .......... .......... .......... .......... 27%  609K 1s
   100K .......... .......... .......... .......... .......... 41%  602K 1s
   150K .......... .......... .......... .......... .......... 55%  319K 0s
   200K .......... .......... .......... .......... .......... 68%  600K 0s
   250K .......... .......... .......... .......... .......... 82%  599K 0s
   300K .......... .......... .......... .......... .......... 96%  599K 0s
   350K .......... ..                                         100%  172K=0.9s

2017-02-03 05:21:32 (410 KB/s) - ‘grv020’ saved [371473/371473]

--2017-02-03 05:21:33--  http://doi.org/10.1093/oxrep/grw013
Connecting to doi.org (doi.org)|63.123.152.248|:80... connected.
HTTP request sent, awaiting response... 303 See Other
Location: https://academic.oup.com/oxrep/article-lookup/doi/10.1093/oxrep/grw013 [following]
--2017-02-03 05:21:34--  https://academic.oup.com/oxrep/article-lookup/doi/10.1093/oxrep/grw013
Connecting to academic.oup.com (academic.oup.com)|173.254.190.144|:443... connected.
HTTP request sent, awaiting response... 200 OK
Length: 237664 (232K) [text/html]
Saving to: ‘grw013’

     0K .......... .......... .......... .......... .......... 21%  209K 1s
    50K .......... .......... .......... .......... .......... 43%  610K 0s
   100K .......... .......... .......... .......... .......... 64%  557K 0s
   150K .......... .......... .......... .......... .......... 86%  606K 0s
   200K .......... .......... .......... ..                   100%  396K=0.6s

2017-02-03 05:21:46 (404 KB/s) - ‘grw013’ saved [237664/237664]

--2017-02-03 05:21:47--  http://doi.org/10.1093/oxrep/grw003
Connecting to doi.org (doi.org)|63.123.152.248|:80... connected.
HTTP request sent, awaiting response... 303 See Other
Location: https://academic.oup.com/oxrep/article-lookup/doi/10.1093/oxrep/grw003 [following]
--2017-02-03 05:21:48--  https://academic.oup.com/oxrep/article-lookup/doi/10.1093/oxrep/grw003
Connecting to academic.oup.com (academic.oup.com)|173.254.190.144|:443... connected.
HTTP request sent, awaiting response... 200 OK
Length: 270775 (264K) [text/html]
Saving to: ‘grw003’

     0K .......... .......... .......... .......... .......... 18%  209K 1s
    50K .......... .......... .......... .......... .......... 37%  608K 1s
   100K .......... .......... .......... .......... .......... 56%  598K 0s
   150K .......... .......... .......... .......... .......... 75%  320K 0s
   200K .......... .......... .......... .......... .......... 94%  594K 0s
   250K .......... ....                                       100% 9.86M=0.6s

2017-02-03 05:21:55 (409 KB/s) - ‘grw003’ saved [270775/270775]

--2017-02-03 05:21:56--  http://doi.org/10.1093/oxrep/grw010
Connecting to doi.org (doi.org)|63.123.152.248|:80... connected.
HTTP request sent, awaiting response... 303 See Other
Location: https://academic.oup.com/oxrep/article-lookup/doi/10.1093/oxrep/grw010 [following]
--2017-02-03 05:21:57--  https://academic.oup.com/oxrep/article-lookup/doi/10.1093/oxrep/grw010
Connecting to academic.oup.com (academic.oup.com)|173.254.190.144|:443... connected.
HTTP request sent, awaiting response... 200 OK
Length: 228740 (223K) [text/html]
Saving to: ‘grw010’

     0K .......... .......... .......... .......... .......... 22%  309K 1s
    50K .......... .......... .......... .......... .......... 44%  313K 0s
   100K .......... .......... .......... .......... .......... 67%  594K 0s
   150K .......... .......... .......... .......... .......... 89%  317K 0s
   200K .......... .......... ...                             100% 2.46M=0.6s

2017-02-03 05:22:09 (390 KB/s) - ‘grw010’ saved [228740/228740]

--2017-02-03 05:22:10--  http://doi.org/10.1093/oxrep/grw012
Connecting to doi.org (doi.org)|63.123.152.248|:80... connected.
HTTP request sent, awaiting response... 303 See Other
Location: https://academic.oup.com/oxrep/article-lookup/doi/10.1093/oxrep/grw012 [following]
--2017-02-03 05:22:12--  https://academic.oup.com/oxrep/article-lookup/doi/10.1093/oxrep/grw012
Connecting to academic.oup.com (academic.oup.com)|173.254.190.144|:443... connected.
HTTP request sent, awaiting response... 200 OK
Length: 243638 (238K) [text/html]
Saving to: ‘grw012’

     0K .......... .......... .......... .......... .......... 21%  209K 1s
    50K .......... .......... .......... .......... .......... 42%  593K 0s
   100K .......... .......... .......... .......... .......... 63%  614K 0s
   150K .......... .......... .......... .......... .......... 84%  418K 0s
   200K .......... .......... .......... .......              100%  872K=0.6s

2017-02-03 05:22:28 (419 KB/s) - ‘grw012’ saved [243638/243638]

--2017-02-03 05:22:29--  http://doi.org/10.1093/oxrep/grw024
Connecting to doi.org (doi.org)|63.123.152.248|:80... connected.
HTTP request sent, awaiting response... 303 See Other
Location: https://academic.oup.com/oxrep/article-lookup/doi/10.1093/oxrep/grw024 [following]
--2017-02-03 05:22:31--  https://academic.oup.com/oxrep/article-lookup/doi/10.1093/oxrep/grw024
Connecting to academic.oup.com (academic.oup.com)|173.254.190.144|:443... connected.
HTTP request sent, awaiting response... 200 OK
Length: 340766 (333K) [text/html]
Saving to: ‘grw024’

     0K .......... .......... .......... .......... .......... 15%  209K 1s
    50K .......... .......... .......... .......... .......... 30%  613K 1s
   100K .......... .......... .......... .......... .......... 45%  604K 0s
   150K .......... .......... .......... .......... .......... 60%  595K 0s
   200K .......... .......... .......... .......... .......... 75%  313K 0s
   250K .......... .......... .......... .......... .......... 90%  611K 0s
   300K .......... .......... .......... ..                   100%  407K=0.8s

2017-02-03 05:22:43 (411 KB/s) - ‘grw024’ saved [340766/340766]

--2017-02-03 05:22:44--  http://doi.org/10.1093/oxrep/grw029
Connecting to doi.org (doi.org)|63.123.152.248|:80... connected.
HTTP request sent, awaiting response... 303 See Other
Location: https://academic.oup.com/oxrep/article-lookup/doi/10.1093/oxrep/grw029 [following]
--2017-02-03 05:22:45--  https://academic.oup.com/oxrep/article-lookup/doi/10.1093/oxrep/grw029
Connecting to academic.oup.com (academic.oup.com)|173.254.190.144|:443... connected.
HTTP request sent, awaiting response... 200 OK
Length: 301984 (295K) [text/html]
Saving to: ‘grw029’

     0K .......... .......... .......... .......... .......... 16%  210K 1s
    50K .......... .......... .......... .......... .......... 33%  606K 1s
   100K .......... .......... .......... .......... .......... 50%  614K 0s
   150K .......... .......... .......... .......... .......... 67%  313K 0s
   200K .......... .......... .......... .......... .......... 84%  604K 0s
   250K .......... .......... .......... .......... ....      100%  553K=0.7s

2017-02-03 05:22:51 (406 KB/s) - ‘grw029’ saved [301984/301984]

--2017-02-03 05:22:52--  http://doi.org/10.1093/oxrep/grw028
Connecting to doi.org (doi.org)|63.123.152.248|:80... connected.
HTTP request sent, awaiting response... 303 See Other
Location: https://academic.oup.com/oxrep/article-lookup/doi/10.1093/oxrep/grw028 [following]
--2017-02-03 05:22:53--  https://academic.oup.com/oxrep/article-lookup/doi/10.1093/oxrep/grw028
Connecting to academic.oup.com (academic.oup.com)|173.254.190.144|:443... connected.
HTTP request sent, awaiting response... 200 OK
Length: 295911 (289K) [text/html]
Saving to: ‘grw028’

     0K .......... .......... .......... .......... .......... 17%  208K 1s
    50K .......... .......... .......... .......... .......... 34%  596K 1s
   100K .......... .......... .......... .......... .......... 51%  613K 0s
   150K .......... .......... .......... .......... .......... 69%  608K 0s
   200K .......... .......... .......... .......... .......... 86%  313K 0s
   250K .......... .......... .......... ........             100% 1.01M=0.7s

2017-02-03 05:23:06 (422 KB/s) - ‘grw028’ saved [295911/295911]

--2017-02-03 05:23:07--  http://doi.org/10.1093/oxrep/grw016
Connecting to doi.org (doi.org)|63.123.152.248|:80... connected.
HTTP request sent, awaiting response... 303 See Other
Location: https://academic.oup.com/oxrep/article-lookup/doi/10.1093/oxrep/grw016 [following]
--2017-02-03 05:23:08--  https://academic.oup.com/oxrep/article-lookup/doi/10.1093/oxrep/grw016
Connecting to academic.oup.com (academic.oup.com)|173.254.190.144|:443... connected.
HTTP request sent, awaiting response... 200 OK
Length: 224362 (219K) [text/html]
Saving to: ‘grw016’

     0K .......... .......... .......... .......... .......... 22%  209K 1s
    50K .......... .......... .......... .......... .......... 45%  605K 0s
   100K .......... .......... .......... .......... .......... 68%  560K 0s
   150K .......... .......... .......... .......... .......... 91%  606K 0s
   200K .......... .........                                  100%  243K=0.6s

2017-02-03 05:23:16 (383 KB/s) - ‘grw016’ saved [224362/224362]

--2017-02-03 05:23:17--  http://doi.org/10.1093/oxrep/grv024
Connecting to doi.org (doi.org)|63.123.152.248|:80... connected.
HTTP request sent, awaiting response... 303 See Other
Location: https://academic.oup.com/oxrep/article-lookup/doi/10.1093/oxrep/grv024 [following]
--2017-02-03 05:23:18--  https://academic.oup.com/oxrep/article-lookup/doi/10.1093/oxrep/grv024
Connecting to academic.oup.com (academic.oup.com)|173.254.190.144|:443... connected.
HTTP request sent, awaiting response... 200 OK
Length: 318381 (311K) [text/html]
Saving to: ‘grv024’

     0K .......... .......... .......... .......... .......... 16%  209K 1s
    50K .......... .......... .......... .......... .......... 32%  582K 1s
   100K .......... .......... .......... .......... .......... 48%  614K 0s
   150K .......... .......... .......... .......... .......... 64%  584K 0s
   200K .......... .......... .......... .......... .......... 80%  315K 0s
   250K .......... .......... .......... .......... .......... 96%  609K 0s
   300K ..........                                            100% 6.93M=0.7s

2017-02-03 05:23:25 (423 KB/s) - ‘grv024’ saved [318381/318381]

--2017-02-03 05:23:26--  http://doi.org/10.1093/oxrep/grw014
Connecting to doi.org (doi.org)|63.123.152.248|:80... connected.
HTTP request sent, awaiting response... 303 See Other
Location: https://academic.oup.com/oxrep/article-lookup/doi/10.1093/oxrep/grw014 [following]
--2017-02-03 05:23:28--  https://academic.oup.com/oxrep/article-lookup/doi/10.1093/oxrep/grw014
Connecting to academic.oup.com (academic.oup.com)|173.254.190.144|:443... connected.
HTTP request sent, awaiting response... 200 OK
Length: 99279 (97K) [text/html]
Saving to: ‘grw014’

     0K .......... .......... .......... .......... .......... 51%  208K 0s
    50K .......... .......... .......... .......... ......    100%  573K=0.3s

2017-02-03 05:23:37 (300 KB/s) - ‘grw014’ saved [99279/99279]

--2017-02-03 05:23:38--  http://doi.org/10.1093/oxrep/grw009
Connecting to doi.org (doi.org)|63.123.152.248|:80... connected.
HTTP request sent, awaiting response... 303 See Other
Location: https://academic.oup.com/oxrep/article-lookup/doi/10.1093/oxrep/grw009 [following]
--2017-02-03 05:23:40--  https://academic.oup.com/oxrep/article-lookup/doi/10.1093/oxrep/grw009
Connecting to academic.oup.com (academic.oup.com)|173.254.190.144|:443... connected.
HTTP request sent, awaiting response... 200 OK
Length: 321119 (314K) [text/html]
Saving to: ‘grw009’

     0K .......... .......... .......... .......... .......... 15%  206K 1s
    50K .......... .......... .......... .......... .......... 31%  603K 1s
   100K .......... .......... .......... .......... .......... 47%  608K 0s
   150K .......... .......... .......... .......... .......... 63%  319K 0s
   200K .......... .......... .......... .......... .......... 79%  571K 0s
   250K .......... .......... .......... .......... .......... 95%  575K 0s
   300K .......... ...                                        100% 31.1M=0.7s

2017-02-03 05:23:46 (424 KB/s) - ‘grw009’ saved [321119/321119]

--2017-02-03 05:23:47--  http://doi.org/10.1093/oxrep/grw001
Connecting to doi.org (doi.org)|63.123.152.248|:80... connected.
HTTP request sent, awaiting response... 303 See Other
Location: https://academic.oup.com/oxrep/article-lookup/doi/10.1093/oxrep/grw001 [following]
--2017-02-03 05:23:49--  https://academic.oup.com/oxrep/article-lookup/doi/10.1093/oxrep/grw001
Connecting to academic.oup.com (academic.oup.com)|173.254.190.144|:443... connected.
HTTP request sent, awaiting response... 400 Bad Request
2017-02-03 05:23:49 ERROR 400: Bad Request.

--2017-02-03 05:23:50--  http://doi.org/10.1093/oxrep/grw004
Connecting to doi.org (doi.org)|63.123.152.248|:80... connected.
HTTP request sent, awaiting response... 303 See Other
Location: https://academic.oup.com/oxrep/article-lookup/doi/10.1093/oxrep/grw004 [following]
--2017-02-03 05:23:52--  https://academic.oup.com/oxrep/article-lookup/doi/10.1093/oxrep/grw004
Connecting to academic.oup.com (academic.oup.com)|173.254.190.144|:443... connected.
HTTP request sent, awaiting response... 200 OK
Length: 246629 (241K) [text/html]
Saving to: ‘grw004’

     0K .......... .......... .......... .......... .......... 20%  209K 1s
    50K .......... .......... .......... .......... .......... 41%  609K 0s
   100K .......... .......... .......... .......... .......... 62%  607K 0s
   150K .......... .......... .......... .......... .......... 83%  605K 0s
   200K .......... .......... .......... ..........           100%  506K=0.6s

2017-02-03 05:24:04 (425 KB/s) - ‘grw004’ saved [246629/246629]

--2017-02-03 05:24:05--  http://doi.org/10.1093/oxrep/grv019
Connecting to doi.org (doi.org)|63.123.152.248|:80... connected.
HTTP request sent, awaiting response... 303 See Other
Location: https://academic.oup.com/oxrep/article-lookup/doi/10.1093/oxrep/grv019 [following]
--2017-02-03 05:24:06--  https://academic.oup.com/oxrep/article-lookup/doi/10.1093/oxrep/grv019
Connecting to academic.oup.com (academic.oup.com)|173.254.190.144|:443... connected.
HTTP request sent, awaiting response... 200 OK
Length: 565338 (552K) [text/html]
Saving to: ‘grv019’

     0K .......... .......... .......... .......... ..........  9%  209K 2s
    50K .......... .......... .......... .......... .......... 18%  609K 1s
   100K .......... .......... .......... .......... .......... 27%  603K 1s
   150K .......... .......... .......... .......... .......... 36%  611K 1s
   200K .......... .......... .......... .......... .......... 45%  312K 1s
   250K .......... .......... .......... .......... .......... 54%  605K 1s
   300K .......... .......... .......... .......... .......... 63%  606K 0s
   350K .......... .......... .......... .......... .......... 72%  600K 0s
   400K .......... .......... .......... .......... .......... 81%  310K 0s
   450K .......... .......... .......... .......... .......... 90%  610K 0s
   500K .......... .......... .......... .......... .......... 99%  588K 0s
   550K ..                                                    100% 3982G=1.2s

2017-02-03 05:24:15 (451 KB/s) - ‘grv019’ saved [565338/565338]

--2017-02-03 05:24:16--  http://doi.org/10.1093/oxrep/grw032
Connecting to doi.org (doi.org)|63.123.152.248|:80... connected.
HTTP request sent, awaiting response... 303 See Other
Location: https://academic.oup.com/oxrep/article-lookup/doi/10.1093/oxrep/grw032 [following]
--2017-02-03 05:24:17--  https://academic.oup.com/oxrep/article-lookup/doi/10.1093/oxrep/grw032
Connecting to academic.oup.com (academic.oup.com)|173.254.190.144|:443... connected.
HTTP request sent, awaiting response... 200 OK
Length: 99281 (97K) [text/html]
Saving to: ‘grw032’

     0K .......... .......... .......... .......... .......... 51%  209K 0s
    50K .......... .......... .......... .......... ......    100%  573K=0.3s

2017-02-03 05:24:32 (302 KB/s) - ‘grw032’ saved [99281/99281]

--2017-02-03 05:24:33--  http://doi.org/10.1093/oxrep/grw031
Connecting to doi.org (doi.org)|63.123.152.248|:80... connected.
HTTP request sent, awaiting response... 303 See Other
Location: https://academic.oup.com/oxrep/article-lookup/doi/10.1093/oxrep/grw031 [following]
--2017-02-03 05:24:34--  https://academic.oup.com/oxrep/article-lookup/doi/10.1093/oxrep/grw031
Connecting to academic.oup.com (academic.oup.com)|173.254.190.144|:443... connected.
HTTP request sent, awaiting response... 200 OK
Length: 323126 (316K) [text/html]
Saving to: ‘grw031’

     0K .......... .......... .......... .......... .......... 15%  309K 1s
    50K .......... .......... .......... .......... .......... 31%  314K 1s
   100K .......... .......... .......... .......... .......... 47%  607K 0s
   150K .......... .......... .......... .......... .......... 63%  596K 0s
   200K .......... .......... .......... .......... .......... 79%  313K 0s
   250K .......... .......... .......... .......... .......... 95%  590K 0s
   300K .......... .....                                      100% 23.2M=0.7s

2017-02-03 05:24:43 (431 KB/s) - ‘grw031’ saved [323126/323126]

--2017-02-03 05:24:44--  http://doi.org/10.1093/oxrep/grw018
Connecting to doi.org (doi.org)|63.123.152.248|:80... connected.
HTTP request sent, awaiting response... 303 See Other
Location: https://academic.oup.com/oxrep/article-lookup/doi/10.1093/oxrep/grw018 [following]
--2017-02-03 05:24:45--  https://academic.oup.com/oxrep/article-lookup/doi/10.1093/oxrep/grw018
Connecting to academic.oup.com (academic.oup.com)|173.254.190.144|:443... connected.
HTTP request sent, awaiting response... 200 OK
Length: 213823 (209K) [text/html]
Saving to: ‘grw018’

     0K .......... .......... .......... .......... .......... 23%  209K 1s
    50K .......... .......... .......... .......... .......... 47%  614K 0s
   100K .......... .......... .......... .......... .......... 71%  566K 0s
   150K .......... .......... .......... .......... .......... 95%  606K 0s
   200K ........                                              100% 22.6M=0.5s

2017-02-03 05:25:00 (424 KB/s) - ‘grw018’ saved [213823/213823]

--2017-02-03 05:25:01--  http://doi.org/10.1093/oxrep/grw026
Connecting to doi.org (doi.org)|63.123.152.248|:80... connected.
HTTP request sent, awaiting response... 303 See Other
Location: https://academic.oup.com/oxrep/article-lookup/doi/10.1093/oxrep/grw026 [following]
--2017-02-03 05:25:02--  https://academic.oup.com/oxrep/article-lookup/doi/10.1093/oxrep/grw026
Connecting to academic.oup.com (academic.oup.com)|173.254.190.144|:443... connected.
HTTP request sent, awaiting response... 400 Bad Request
2017-02-03 05:25:02 ERROR 400: Bad Request.

--2017-02-03 05:25:03--  http://doi.org/10.1093/oxrep/grw025
Connecting to doi.org (doi.org)|63.123.152.248|:80... connected.
HTTP request sent, awaiting response... 303 See Other
Location: https://academic.oup.com/oxrep/article-lookup/doi/10.1093/oxrep/grw025 [following]
--2017-02-03 05:25:05--  https://academic.oup.com/oxrep/article-lookup/doi/10.1093/oxrep/grw025
Connecting to academic.oup.com (academic.oup.com)|173.254.190.144|:443... connected.
HTTP request sent, awaiting response... 200 OK
Length: 248603 (243K) [text/html]
Saving to: ‘grw025’

     0K .......... .......... .......... .......... .......... 20%  209K 1s
    50K .......... .......... .......... .......... .......... 41%  608K 0s
   100K .......... .......... .......... .......... .......... 61%  601K 0s
   150K .......... .......... .......... .......... .......... 82%  419K 0s
   200K .......... .......... .......... .......... ..        100%  534K=0.6s

2017-02-03 05:25:13 (402 KB/s) - ‘grw025’ saved [248603/248603]

--2017-02-03 05:25:14--  http://doi.org/10.1093/oxrep/grw019
Connecting to doi.org (doi.org)|63.123.152.248|:80... connected.
HTTP request sent, awaiting response... 303 See Other
Location: https://academic.oup.com/oxrep/article-lookup/doi/10.1093/oxrep/grw019 [following]
--2017-02-03 05:25:16--  https://academic.oup.com/oxrep/article-lookup/doi/10.1093/oxrep/grw019
Connecting to academic.oup.com (academic.oup.com)|173.254.190.144|:443... connected.
HTTP request sent, awaiting response... 200 OK
Length: 291424 (285K) [text/html]
Saving to: ‘grw019’

     0K .......... .......... .......... .......... .......... 17%  209K 1s
    50K .......... .......... .......... .......... .......... 35%  603K 1s
   100K .......... .......... .......... .......... .......... 52%  591K 0s
   150K .......... .......... .......... .......... .......... 70%  609K 0s
   200K .......... .......... .......... .......... .......... 87%  311K 0s
   250K .......... .......... .......... ....                 100%  943K=0.7s

2017-02-03 05:25:24 (415 KB/s) - ‘grw019’ saved [291424/291424]

--2017-02-03 05:25:25--  http://doi.org/10.1093/oxrep/grw020
Connecting to doi.org (doi.org)|63.123.152.248|:80... connected.
HTTP request sent, awaiting response... 303 See Other
Location: https://academic.oup.com/oxrep/article-lookup/doi/10.1093/oxrep/grw020 [following]
--2017-02-03 05:25:26--  https://academic.oup.com/oxrep/article-lookup/doi/10.1093/oxrep/grw020
Connecting to academic.oup.com (academic.oup.com)|173.254.190.144|:443... connected.
HTTP request sent, awaiting response... 200 OK
Length: 194957 (190K) [text/html]
Saving to: ‘grw020’

     0K .......... .......... .......... .......... .......... 26%  208K 1s
    50K .......... .......... .......... .......... .......... 52%  606K 0s
   100K .......... .......... .......... .......... .......... 78%  592K 0s
   150K .......... .......... .......... ..........           100%  495K=0.5s

2017-02-03 05:25:32 (390 KB/s) - ‘grw020’ saved [194957/194957]

--2017-02-03 05:25:33--  http://doi.org/10.1093/oxrep/grw002
Connecting to doi.org (doi.org)|63.123.152.248|:80... connected.
HTTP request sent, awaiting response... 303 See Other
Location: https://academic.oup.com/oxrep/article-lookup/doi/10.1093/oxrep/grw002 [following]
--2017-02-03 05:25:34--  https://academic.oup.com/oxrep/article-lookup/doi/10.1093/oxrep/grw002
Connecting to academic.oup.com (academic.oup.com)|173.254.190.144|:443... connected.
HTTP request sent, awaiting response... 200 OK
Length: 211122 (206K) [text/html]
Saving to: ‘grw002’

     0K .......... .......... .......... .......... .......... 24%  209K 1s
    50K .......... .......... .......... .......... .......... 48%  604K 0s
   100K .......... .......... .......... .......... .......... 72%  607K 0s
   150K .......... .......... .......... .......... .......... 97%  317K 0s
   200K ......                                                100% 13.7M=0.6s

2017-02-03 05:25:56 (366 KB/s) - ‘grw002’ saved [211122/211122]

--2017-02-03 05:25:57--  http://doi.org/10.1093/oxrep/grw011
Connecting to doi.org (doi.org)|63.123.152.248|:80... connected.
HTTP request sent, awaiting response... 303 See Other
Location: https://academic.oup.com/oxrep/article-lookup/doi/10.1093/oxrep/grw011 [following]
--2017-02-03 05:25:59--  https://academic.oup.com/oxrep/article-lookup/doi/10.1093/oxrep/grw011
Connecting to academic.oup.com (academic.oup.com)|173.254.190.144|:443... connected.
HTTP request sent, awaiting response... 200 OK
Length: 293178 (286K) [text/html]
Saving to: ‘grw011’

     0K .......... .......... .......... .......... .......... 17%  209K 1s
    50K .......... .......... .......... .......... .......... 34%  601K 1s
   100K .......... .......... .......... .......... .......... 52%  613K 0s
   150K .......... .......... .......... .......... .......... 69%  599K 0s
   200K .......... .......... .......... .......... .......... 87%  314K 0s
   250K .......... .......... .......... ......               100% 10.0M=0.7s

2017-02-03 05:26:11 (440 KB/s) - ‘grw011’ saved [293178/293178]

--2017-02-03 05:26:12--  http://doi.org/10.1093/oxrep/grw023
Connecting to doi.org (doi.org)|63.123.152.248|:80... connected.
HTTP request sent, awaiting response... 303 See Other
Location: https://academic.oup.com/oxrep/article-lookup/doi/10.1093/oxrep/grw023 [following]
--2017-02-03 05:26:13--  https://academic.oup.com/oxrep/article-lookup/doi/10.1093/oxrep/grw023
Connecting to academic.oup.com (academic.oup.com)|173.254.190.144|:443... connected.
HTTP request sent, awaiting response... 200 OK
Length: 298280 (291K) [text/html]
Saving to: ‘grw023’

     0K .......... .......... .......... .......... .......... 17%  209K 1s
    50K .......... .......... .......... .......... .......... 34%  609K 1s
   100K .......... .......... .......... .......... .......... 51%  598K 0s
   150K .......... .......... .......... .......... .......... 68%  430K 0s
   200K .......... .......... .......... .......... .......... 85%  404K 0s
   250K .......... .......... .......... .......... .         100%  503K=0.7s

2017-02-03 05:26:20 (400 KB/s) - ‘grw023’ saved [298280/298280]

--2017-02-03 05:26:21--  http://doi.org/10.1093/oxrep/grw015
Connecting to doi.org (doi.org)|63.123.152.248|:80... connected.
HTTP request sent, awaiting response... 303 See Other
Location: https://academic.oup.com/oxrep/article-lookup/doi/10.1093/oxrep/grw015 [following]
--2017-02-03 05:26:22--  https://academic.oup.com/oxrep/article-lookup/doi/10.1093/oxrep/grw015
Connecting to academic.oup.com (academic.oup.com)|173.254.190.144|:443... connected.
HTTP request sent, awaiting response... 200 OK
Length: 161251 (157K) [text/html]
Saving to: ‘grw015’

     0K .......... .......... .......... .......... .......... 31%  209K 1s
    50K .......... .......... .......... .......... .......... 63%  599K 0s
   100K .......... .......... .......... .......... .......... 95%  610K 0s
   150K .......                                               100% 8.53M=0.4s

2017-02-03 05:26:28 (388 KB/s) - ‘grw015’ saved [161251/161251]

--2017-02-03 05:26:29--  http://doi.org/10.1093/oxrep/grw022
Connecting to doi.org (doi.org)|63.123.152.248|:80... connected.
HTTP request sent, awaiting response... 303 See Other
Location: https://academic.oup.com/oxrep/article-lookup/doi/10.1093/oxrep/grw022 [following]
--2017-02-03 05:26:30--  https://academic.oup.com/oxrep/article-lookup/doi/10.1093/oxrep/grw022
Connecting to academic.oup.com (academic.oup.com)|173.254.190.144|:443... connected.
HTTP request sent, awaiting response... 200 OK
Length: 543847 (531K) [text/html]
Saving to: ‘grw022’

     0K .......... .......... .......... .......... ..........  9%  208K 2s
    50K .......... .......... .......... .......... .......... 18%  594K 1s
   100K .......... .......... .......... .......... .......... 28%  612K 1s
   150K .......... .......... .......... .......... .......... 37%  607K 1s
   200K .......... .......... .......... .......... .......... 47%  311K 1s
   250K .......... .......... .......... .......... .......... 56%  600K 1s
   300K .......... .......... .......... .......... .......... 65%  612K 0s
   350K .......... .......... .......... .......... .......... 75%  598K 0s
   400K .......... .......... .......... .......... .......... 84%  317K 0s
   450K .......... .......... .......... .......... .......... 94%  581K 0s
   500K .......... .......... .......... .                    100%  404K=1.2s

2017-02-03 05:26:37 (436 KB/s) - ‘grw022’ saved [543847/543847]

--2017-02-03 05:26:38--  http://doi.org/10.1093/oxrep/grw017
Connecting to doi.org (doi.org)|63.123.152.248|:80... connected.
HTTP request sent, awaiting response... 303 See Other
Location: https://academic.oup.com/oxrep/article-lookup/doi/10.1093/oxrep/grw017 [following]
--2017-02-03 05:26:40--  https://academic.oup.com/oxrep/article-lookup/doi/10.1093/oxrep/grw017
Connecting to academic.oup.com (academic.oup.com)|173.254.190.144|:443... connected.
HTTP request sent, awaiting response... 200 OK
Length: 233395 (228K) [text/html]
Saving to: ‘grw017’

     0K .......... .......... .......... .......... .......... 21%  209K 1s
    50K .......... .......... .......... .......... .......... 43%  604K 0s
   100K .......... .......... .......... .......... .......... 65%  607K 0s
   150K .......... .......... .......... .......... .......... 87%  599K 0s
   200K .......... .......... .......                         100%  346K=0.6s

2017-02-03 05:27:00 (401 KB/s) - ‘grw017’ saved [233395/233395]

--2017-02-03 05:27:01--  http://doi.org/10.1093/oxrep/grv012
Connecting to doi.org (doi.org)|63.123.152.248|:80... connected.
HTTP request sent, awaiting response... 303 See Other
Location: https://academic.oup.com/oxrep/article-lookup/doi/10.1093/oxrep/grv012 [following]
--2017-02-03 05:27:02--  https://academic.oup.com/oxrep/article-lookup/doi/10.1093/oxrep/grv012
Connecting to academic.oup.com (academic.oup.com)|173.254.190.144|:443... connected.
HTTP request sent, awaiting response... 200 OK
Length: 186119 (182K) [text/html]
Saving to: ‘grv012’

     0K .......... .......... .......... .......... .......... 27%  209K 1s
    50K .......... .......... .......... .......... .......... 55%  612K 0s
   100K .......... .......... .......... .......... .......... 82%  605K 0s
   150K .......... .......... .......... .                    100%  400K=0.5s

2017-02-03 05:27:09 (376 KB/s) - ‘grv012’ saved [186119/186119]

--2017-02-03 05:27:10--  http://doi.org/10.1093/oxrep/gru038
Connecting to doi.org (doi.org)|63.123.152.248|:80... connected.
HTTP request sent, awaiting response... 303 See Other
Location: https://academic.oup.com/oxrep/article-lookup/doi/10.1093/oxrep/gru038 [following]
--2017-02-03 05:27:11--  https://academic.oup.com/oxrep/article-lookup/doi/10.1093/oxrep/gru038
Connecting to academic.oup.com (academic.oup.com)|173.254.190.144|:443... connected.
HTTP request sent, awaiting response... 200 OK
Length: 114217 (112K) [text/html]
Saving to: ‘gru038’

     0K .......... .......... .......... .......... .......... 44%  207K 0s
    50K .......... .......... .......... .......... .......... 89%  607K 0s
   100K .......... .                                          100% 28.0M=0.3s

2017-02-03 05:27:20 (344 KB/s) - ‘gru038’ saved [114217/114217]

--2017-02-03 05:27:21--  http://doi.org/10.1093/oxrep/grv007
Connecting to doi.org (doi.org)|63.123.152.248|:80... connected.
HTTP request sent, awaiting response... 303 See Other
Location: https://academic.oup.com/oxrep/article-lookup/doi/10.1093/oxrep/grv007 [following]
--2017-02-03 05:27:22--  https://academic.oup.com/oxrep/article-lookup/doi/10.1093/oxrep/grv007
Connecting to academic.oup.com (academic.oup.com)|173.254.190.144|:443... connected.
HTTP request sent, awaiting response... 200 OK
Length: 248665 (243K) [text/html]
Saving to: ‘grv007’

     0K .......... .......... .......... .......... .......... 20%  209K 1s
    50K .......... .......... .......... .......... .......... 41%  595K 0s
   100K .......... .......... .......... .......... .......... 61%  607K 0s
   150K .......... .......... .......... .......... .......... 82%  603K 0s
   200K .......... .......... .......... .......... ..        100%  526K=0.6s

2017-02-03 05:27:38 (426 KB/s) - ‘grv007’ saved [248665/248665]

--2017-02-03 05:27:39--  http://doi.org/10.1093/oxrep/grv004
Connecting to doi.org (doi.org)|63.123.152.248|:80... connected.
HTTP request sent, awaiting response... 303 See Other
Location: https://academic.oup.com/oxrep/article-lookup/doi/10.1093/oxrep/grv004 [following]
--2017-02-03 05:27:40--  https://academic.oup.com/oxrep/article-lookup/doi/10.1093/oxrep/grv004
Connecting to academic.oup.com (academic.oup.com)|173.254.190.144|:443... connected.
HTTP request sent, awaiting response... 200 OK
Length: 192672 (188K) [text/html]
Saving to: ‘grv004’

     0K .......... .......... .......... .......... .......... 26%  209K 1s
    50K .......... .......... .......... .......... .......... 53%  603K 0s
   100K .......... .......... .......... .......... .......... 79%  611K 0s
   150K .......... .......... .......... ........             100%  471K=0.5s

2017-02-03 05:27:48 (388 KB/s) - ‘grv004’ saved [192672/192672]

--2017-02-03 05:27:49--  http://doi.org/10.1093/oxrep/grv011
Connecting to doi.org (doi.org)|63.123.152.248|:80... connected.
HTTP request sent, awaiting response... 303 See Other
Location: https://academic.oup.com/oxrep/article-lookup/doi/10.1093/oxrep/grv011 [following]
--2017-02-03 05:27:51--  https://academic.oup.com/oxrep/article-lookup/doi/10.1093/oxrep/grv011
Connecting to academic.oup.com (academic.oup.com)|173.254.190.144|:443... connected.
HTTP request sent, awaiting response... 200 OK
Length: 259054 (253K) [text/html]
Saving to: ‘grv011’

     0K .......... .......... .......... .......... .......... 19%  209K 1s
    50K .......... .......... .......... .......... .......... 39%  587K 0s
   100K .......... .......... .......... .......... .......... 59%  612K 0s
   150K .......... .......... .......... .......... .......... 79%  609K 0s
   200K .......... .......... .......... .......... .......... 98%  314K 0s
   250K ..                                                    100% 5689G=0.6s

2017-02-03 05:28:02 (391 KB/s) - ‘grv011’ saved [259054/259054]

--2017-02-03 05:28:03--  http://doi.org/10.1093/oxrep/grv010
Connecting to doi.org (doi.org)|63.123.152.248|:80... connected.
HTTP request sent, awaiting response... 303 See Other
Location: https://academic.oup.com/oxrep/article-lookup/doi/10.1093/oxrep/grv010 [following]
--2017-02-03 05:28:05--  https://academic.oup.com/oxrep/article-lookup/doi/10.1093/oxrep/grv010
Connecting to academic.oup.com (academic.oup.com)|173.254.190.144|:443... connected.
HTTP request sent, awaiting response... 200 OK
Length: 121295 (118K) [text/html]
Saving to: ‘grv010’

     0K .......... .......... .......... .......... .......... 42%  208K 0s
    50K .......... .......... .......... .......... .......... 84%  605K 0s
   100K .......... ........                                   100% 23.0M=0.3s

2017-02-03 05:28:20 (366 KB/s) - ‘grv010’ saved [121295/121295]

--2017-02-03 05:28:21--  http://doi.org/10.1093/oxrep/grv008
Connecting to doi.org (doi.org)|63.123.152.248|:80... connected.
HTTP request sent, awaiting response... 303 See Other
Location: https://academic.oup.com/oxrep/article-lookup/doi/10.1093/oxrep/grv008 [following]
--2017-02-03 05:28:22--  https://academic.oup.com/oxrep/article-lookup/doi/10.1093/oxrep/grv008
Connecting to academic.oup.com (academic.oup.com)|173.254.190.144|:443... connected.
HTTP request sent, awaiting response... 200 OK
Length: 275386 (269K) [text/html]
Saving to: ‘grv008’

     0K .......... .......... .......... .......... .......... 18%  209K 1s
    50K .......... .......... .......... .......... .......... 37%  605K 1s
   100K .......... .......... .......... .......... .......... 55%  608K 0s
   150K .......... .......... .......... .......... .......... 74%  319K 0s
   200K .......... .......... .......... .......... .......... 92%  587K 0s
   250K .......... ........                                   100% 9.99M=0.6s

2017-02-03 05:28:43 (415 KB/s) - ‘grv008’ saved [275386/275386]

--2017-02-03 05:28:44--  http://doi.org/10.1093/oxrep/grv006
Connecting to doi.org (doi.org)|63.123.152.248|:80... connected.
HTTP request sent, awaiting response... 303 See Other
Location: https://academic.oup.com/oxrep/article-lookup/doi/10.1093/oxrep/grv006 [following]
--2017-02-03 05:28:45--  https://academic.oup.com/oxrep/article-lookup/doi/10.1093/oxrep/grv006
Connecting to academic.oup.com (academic.oup.com)|173.254.190.144|:443... connected.
HTTP request sent, awaiting response... 200 OK
Length: 269177 (263K) [text/html]
Saving to: ‘grv006’

     0K .......... .......... .......... .......... .......... 19%  209K 1s
    50K .......... .......... .......... .......... .......... 38%  613K 1s
   100K .......... .......... .......... .......... .......... 57%  593K 0s
   150K .......... .......... .......... .......... .......... 76%  608K 0s
   200K .......... .......... .......... .......... .......... 95%  315K 0s
   250K .......... ..                                         100% 19.6M=0.6s

2017-02-03 05:29:05 (407 KB/s) - ‘grv006’ saved [269177/269177]

--2017-02-03 05:29:06--  http://doi.org/10.1093/oxrep/grv025
Connecting to doi.org (doi.org)|63.123.152.248|:80... connected.
HTTP request sent, awaiting response... 303 See Other
Location: https://academic.oup.com/oxrep/article-lookup/doi/10.1093/oxrep/grv025 [following]
--2017-02-03 05:29:07--  https://academic.oup.com/oxrep/article-lookup/doi/10.1093/oxrep/grv025
Connecting to academic.oup.com (academic.oup.com)|173.254.190.144|:443... connected.
HTTP request sent, awaiting response... 200 OK
Length: 163625 (160K) [text/html]
Saving to: ‘grv025’

     0K .......... .......... .......... .......... .......... 31%  209K 1s
    50K .......... .......... .......... .......... .......... 62%  591K 0s
   100K .......... .......... .......... .......... .......... 93%  615K 0s
   150K .........                                             100% 8.67M=0.4s

2017-02-03 05:29:16 (393 KB/s) - ‘grv025’ saved [163625/163625]

--2017-02-03 05:29:17--  http://doi.org/10.1093/oxrep/grv015
Connecting to doi.org (doi.org)|63.123.152.248|:80... connected.
HTTP request sent, awaiting response... 303 See Other
Location: https://academic.oup.com/oxrep/article-lookup/doi/10.1093/oxrep/grv015 [following]
--2017-02-03 05:29:18--  https://academic.oup.com/oxrep/article-lookup/doi/10.1093/oxrep/grv015
Connecting to academic.oup.com (academic.oup.com)|173.254.190.144|:443... connected.
HTTP request sent, awaiting response... 200 OK
Length: 214118 (209K) [text/html]
Saving to: ‘grv015’

     0K .......... .......... .......... .......... .......... 23%  209K 1s
    50K .......... .......... .......... .......... .......... 47%  604K 0s
   100K .......... .......... .......... .......... .......... 71%  613K 0s
   150K .......... .......... .......... .......... .......... 95%  611K 0s
   200K .........                                             100%  216K=0.5s

2017-02-03 05:29:27 (396 KB/s) - ‘grv015’ saved [214118/214118]

--2017-02-03 05:29:28--  http://doi.org/10.1093/oxrep/grv034
Connecting to doi.org (doi.org)|63.123.152.248|:80... connected.
HTTP request sent, awaiting response... 303 See Other
Location: https://academic.oup.com/oxrep/article-lookup/doi/10.1093/oxrep/grv034 [following]
--2017-02-03 05:29:30--  https://academic.oup.com/oxrep/article-lookup/doi/10.1093/oxrep/grv034
Connecting to academic.oup.com (academic.oup.com)|173.254.190.144|:443... connected.
HTTP request sent, awaiting response... 200 OK
Length: 151315 (148K) [text/html]
Saving to: ‘grv034’

     0K .......... .......... .......... .......... .......... 33%  209K 0s
    50K .......... .......... .......... .......... .......... 67%  592K 0s
   100K .......... .......... .......... .......... .......   100%  583K=0.4s

2017-02-03 05:29:42 (364 KB/s) - ‘grv034’ saved [151315/151315]

--2017-02-03 05:29:43--  http://doi.org/10.1093/oxrep/grv021
Connecting to doi.org (doi.org)|63.123.152.248|:80... connected.
HTTP request sent, awaiting response... 303 See Other
Location: https://academic.oup.com/oxrep/article-lookup/doi/10.1093/oxrep/grv021 [following]
--2017-02-03 05:29:44--  https://academic.oup.com/oxrep/article-lookup/doi/10.1093/oxrep/grv021
Connecting to academic.oup.com (academic.oup.com)|173.254.190.144|:443... connected.
HTTP request sent, awaiting response... 200 OK
Length: 98830 (97K) [text/html]
Saving to: ‘grv021’

     0K .......... .......... .......... .......... .......... 51%  209K 0s
    50K .......... .......... .......... .......... ......    100%  572K=0.3s

2017-02-03 05:29:59 (301 KB/s) - ‘grv021’ saved [98830/98830]

--2017-02-03 05:30:00--  http://doi.org/10.1093/oxrep/grv014
Connecting to doi.org (doi.org)|63.123.152.248|:80... connected.
HTTP request sent, awaiting response... 303 See Other
Location: https://academic.oup.com/oxrep/article-lookup/doi/10.1093/oxrep/grv014 [following]
--2017-02-03 05:30:01--  https://academic.oup.com/oxrep/article-lookup/doi/10.1093/oxrep/grv014
Connecting to academic.oup.com (academic.oup.com)|173.254.190.144|:443... connected.
HTTP request sent, awaiting response... 200 OK
Length: 436335 (426K) [text/html]
Saving to: ‘grv014’

     0K .......... .......... .......... .......... .......... 11%  209K 2s
    50K .......... .......... .......... .......... .......... 23%  613K 1s
   100K .......... .......... .......... .......... .......... 35%  605K 1s
   150K .......... .......... .......... .......... .......... 46%  314K 1s
   200K .......... .......... .......... .......... .......... 58%  606K 0s
   250K .......... .......... .......... .......... .......... 70%  606K 0s
   300K .......... .......... .......... .......... .......... 82%  314K 0s
   350K .......... .......... .......... .......... .......... 93%  606K 0s
   400K .......... .......... ......                          100%  331K=1.0s

2017-02-03 05:30:12 (407 KB/s) - ‘grv014’ saved [436335/436335]

--2017-02-03 05:30:13--  http://doi.org/10.1093/oxrep/grv017
Connecting to doi.org (doi.org)|63.123.152.248|:80... connected.
HTTP request sent, awaiting response... 303 See Other
Location: https://academic.oup.com/oxrep/article-lookup/doi/10.1093/oxrep/grv017 [following]
--2017-02-03 05:30:14--  https://academic.oup.com/oxrep/article-lookup/doi/10.1093/oxrep/grv017
Connecting to academic.oup.com (academic.oup.com)|173.254.190.144|:443... connected.
HTTP request sent, awaiting response... 400 Bad Request
2017-02-03 05:30:15 ERROR 400: Bad Request.

--2017-02-03 05:30:16--  http://doi.org/10.1093/oxrep/grv029
Connecting to doi.org (doi.org)|63.123.152.248|:80... connected.
HTTP request sent, awaiting response... 303 See Other
Location: https://academic.oup.com/oxrep/article-lookup/doi/10.1093/oxrep/grv029 [following]
--2017-02-03 05:30:17--  https://academic.oup.com/oxrep/article-lookup/doi/10.1093/oxrep/grv029
Connecting to academic.oup.com (academic.oup.com)|173.254.190.144|:443... connected.
HTTP request sent, awaiting response... 200 OK
Length: 195185 (191K) [text/html]
Saving to: ‘grv029’

     0K .......... .......... .......... .......... .......... 26%  209K 1s
    50K .......... .......... .......... .......... .......... 52%  610K 0s
   100K .......... .......... .......... .......... .......... 78%  613K 0s
   150K .......... .......... .......... ..........           100%  503K=0.5s

2017-02-03 05:30:24 (394 KB/s) - ‘grv029’ saved [195185/195185]

--2017-02-03 05:30:25--  http://doi.org/10.1093/oxrep/grv036
Connecting to doi.org (doi.org)|63.123.152.248|:80... connected.
HTTP request sent, awaiting response... 303 See Other
Location: https://academic.oup.com/oxrep/article-lookup/doi/10.1093/oxrep/grv036 [following]
--2017-02-03 05:30:26--  https://academic.oup.com/oxrep/article-lookup/doi/10.1093/oxrep/grv036
Connecting to academic.oup.com (academic.oup.com)|173.254.190.144|:443... connected.
HTTP request sent, awaiting response... 200 OK
Length: 205260 (200K) [text/html]
Saving to: ‘grv036’

     0K .......... .......... .......... .......... .......... 24%  209K 1s
    50K .......... .......... .......... .......... .......... 49%  609K 0s
   100K .......... .......... .......... .......... .......... 74%  607K 0s
   150K .......... .......... .......... .......... .......... 99%  610K 0s
   200K                                                       100%  857G=0.5s

2017-02-03 05:30:32 (413 KB/s) - ‘grv036’ saved [205260/205260]

--2017-02-03 05:30:33--  http://doi.org/10.1093/oxrep/grv031
Connecting to doi.org (doi.org)|63.123.152.248|:80... connected.
HTTP request sent, awaiting response... 303 See Other
Location: https://academic.oup.com/oxrep/article-lookup/doi/10.1093/oxrep/grv031 [following]
--2017-02-03 05:30:34--  https://academic.oup.com/oxrep/article-lookup/doi/10.1093/oxrep/grv031
Connecting to academic.oup.com (academic.oup.com)|173.254.190.144|:443... connected.
HTTP request sent, awaiting response... 400 Bad Request
2017-02-03 05:30:35 ERROR 400: Bad Request.

--2017-02-03 05:30:36--  http://doi.org/10.1093/oxrep/grv028
Connecting to doi.org (doi.org)|63.123.152.248|:80... connected.
HTTP request sent, awaiting response... 303 See Other
Location: https://academic.oup.com/oxrep/article-lookup/doi/10.1093/oxrep/grv028 [following]
--2017-02-03 05:30:37--  https://academic.oup.com/oxrep/article-lookup/doi/10.1093/oxrep/grv028
Connecting to academic.oup.com (academic.oup.com)|173.254.190.144|:443... connected.
HTTP request sent, awaiting response... 400 Bad Request
2017-02-03 05:30:38 ERROR 400: Bad Request.

--2017-02-03 05:30:39--  http://doi.org/10.1093/oxrep/grv016
Connecting to doi.org (doi.org)|63.123.152.248|:80... connected.
HTTP request sent, awaiting response... 303 See Other
Location: https://academic.oup.com/oxrep/article-lookup/doi/10.1093/oxrep/grv016 [following]
--2017-02-03 05:30:40--  https://academic.oup.com/oxrep/article-lookup/doi/10.1093/oxrep/grv016
Connecting to academic.oup.com (academic.oup.com)|173.254.190.144|:443... connected.
HTTP request sent, awaiting response... 200 OK
Length: 155511 (152K) [text/html]
Saving to: ‘grv016’

     0K .......... .......... .......... .......... .......... 32%  208K 0s
    50K .......... .......... .......... .......... .......... 65%  609K 0s
   100K .......... .......... .......... .......... .......... 98%  612K 0s
   150K .                                                     100% 13.5M=0.4s

2017-02-03 05:30:52 (375 KB/s) - ‘grv016’ saved [155511/155511]

--2017-02-03 05:30:53--  http://doi.org/10.1093/oxrep/grv037
Connecting to doi.org (doi.org)|63.123.152.248|:80... connected.
HTTP request sent, awaiting response... 303 See Other
Location: https://academic.oup.com/oxrep/article-lookup/doi/10.1093/oxrep/grv037 [following]
--2017-02-03 05:30:54--  https://academic.oup.com/oxrep/article-lookup/doi/10.1093/oxrep/grv037
Connecting to academic.oup.com (academic.oup.com)|173.254.190.144|:443... connected.
HTTP request sent, awaiting response... 200 OK
Length: 273521 (267K) [text/html]
Saving to: ‘grv037’

     0K .......... .......... .......... .......... .......... 18%  209K 1s
    50K .......... .......... .......... .......... .......... 37%  608K 1s
   100K .......... .......... .......... .......... .......... 56%  590K 0s
   150K .......... .......... .......... .......... .......... 74%  604K 0s
   200K .......... .......... .......... .......... .......... 93%  314K 0s
   250K .......... .......                                    100% 16.2M=0.6s

2017-02-03 05:31:11 (411 KB/s) - ‘grv037’ saved [273521/273521]

--2017-02-03 05:31:12--  http://doi.org/10.1093/oxrep/grv027
Connecting to doi.org (doi.org)|63.123.152.248|:80... connected.
HTTP request sent, awaiting response... 303 See Other
Location: https://academic.oup.com/oxrep/article-lookup/doi/10.1093/oxrep/grv027 [following]
--2017-02-03 05:31:13--  https://academic.oup.com/oxrep/article-lookup/doi/10.1093/oxrep/grv027
Connecting to academic.oup.com (academic.oup.com)|173.254.190.144|:443... connected.
HTTP request sent, awaiting response... 200 OK
Length: 220674 (216K) [text/html]
Saving to: ‘grv027’

     0K .......... .......... .......... .......... .......... 23%  309K 1s
    50K .......... .......... .......... .......... .......... 46%  311K 0s
   100K .......... .......... .......... .......... .......... 69%  594K 0s
   150K .......... .......... .......... .......... .......... 92%  604K 0s
   200K .......... .....                                      100%  197K=0.6s

2017-02-03 05:31:22 (379 KB/s) - ‘grv027’ saved [220674/220674]

--2017-02-03 05:31:23--  http://doi.org/10.1093/oxrep/grv032
Connecting to doi.org (doi.org)|63.123.152.248|:80... connected.
HTTP request sent, awaiting response... 303 See Other
Location: https://academic.oup.com/oxrep/article-lookup/doi/10.1093/oxrep/grv032 [following]
--2017-02-03 05:31:24--  https://academic.oup.com/oxrep/article-lookup/doi/10.1093/oxrep/grv032
Connecting to academic.oup.com (academic.oup.com)|173.254.190.144|:443... connected.
HTTP request sent, awaiting response... 200 OK
Length: 313667 (306K) [text/html]
Saving to: ‘grv032’

     0K .......... .......... .......... .......... .......... 16%  208K 1s
    50K .......... .......... .......... .......... .......... 32%  605K 1s
   100K .......... .......... .......... .......... .......... 48%  606K 0s
   150K .......... .......... .......... .......... .......... 65%  429K 0s
   200K .......... .......... .......... .......... .......... 81%  395K 0s
   250K .......... .......... .......... .......... .......... 97%  609K 0s
   300K ......                                                100% 15.3M=0.7s

2017-02-03 05:31:33 (419 KB/s) - ‘grv032’ saved [313667/313667]

--2017-02-03 05:31:34--  http://doi.org/10.1093/oxrep/grv023
Connecting to doi.org (doi.org)|63.123.152.248|:80... connected.
HTTP request sent, awaiting response... 303 See Other
Location: https://academic.oup.com/oxrep/article-lookup/doi/10.1093/oxrep/grv023 [following]
--2017-02-03 05:31:35--  https://academic.oup.com/oxrep/article-lookup/doi/10.1093/oxrep/grv023
Connecting to academic.oup.com (academic.oup.com)|173.254.190.144|:443... connected.
HTTP request sent, awaiting response... 200 OK
Length: 116380 (114K) [text/html]
Saving to: ‘grv023’

     0K .......... .......... .......... .......... .......... 43%  209K 0s
    50K .......... .......... .......... .......... .......... 87%  607K 0s
   100K .......... ...                                        100% 27.4M=0.3s

2017-02-03 05:31:44 (353 KB/s) - ‘grv023’ saved [116380/116380]

--2017-02-03 05:31:45--  http://doi.org/10.1093/oxrep/grv033
Connecting to doi.org (doi.org)|63.123.152.248|:80... connected.
HTTP request sent, awaiting response... 303 See Other
Location: https://academic.oup.com/oxrep/article-lookup/doi/10.1093/oxrep/grv033 [following]
--2017-02-03 05:31:47--  https://academic.oup.com/oxrep/article-lookup/doi/10.1093/oxrep/grv033
Connecting to academic.oup.com (academic.oup.com)|173.254.190.144|:443... connected.
HTTP request sent, awaiting response... 200 OK
Length: 98874 (97K) [text/html]
Saving to: ‘grv033’

     0K .......... .......... .......... .......... .......... 51%  209K 0s
    50K .......... .......... .......... .......... ......    100%  575K=0.3s

2017-02-03 05:31:51 (302 KB/s) - ‘grv033’ saved [98874/98874]

--2017-02-03 05:31:52--  http://doi.org/10.1093/oxrep/grv022
Connecting to doi.org (doi.org)|63.123.152.248|:80... connected.
HTTP request sent, awaiting response... 303 See Other
Location: https://academic.oup.com/oxrep/article-lookup/doi/10.1093/oxrep/grv022 [following]
--2017-02-03 05:31:53--  https://academic.oup.com/oxrep/article-lookup/doi/10.1093/oxrep/grv022
Connecting to academic.oup.com (academic.oup.com)|173.254.190.144|:443... connected.
HTTP request sent, awaiting response... 200 OK
Length: 422553 (413K) [text/html]
Saving to: ‘grv022’

     0K .......... .......... .......... .......... .......... 12%  209K 2s
    50K .......... .......... .......... .......... .......... 24%  605K 1s
   100K .......... .......... .......... .......... .......... 36%  606K 1s
   150K .......... .......... .......... .......... .......... 48%  318K 1s
   200K .......... .......... .......... .......... .......... 60%  591K 0s
   250K .......... .......... .......... .......... .......... 72%  598K 0s
   300K .......... .......... .......... .......... .......... 84%  606K 0s
   350K .......... .......... .......... .......... .......... 96%  312K 0s
   400K .......... ..                                         100% 16.3M=1.0s

2017-02-03 05:32:02 (424 KB/s) - ‘grv022’ saved [422553/422553]

--2017-02-03 05:32:03--  http://doi.org/10.1093/oxrep/grv013
Connecting to doi.org (doi.org)|63.123.152.248|:80... connected.
HTTP request sent, awaiting response... 303 See Other
Location: https://academic.oup.com/oxrep/article-lookup/doi/10.1093/oxrep/grv013 [following]
--2017-02-03 05:32:05--  https://academic.oup.com/oxrep/article-lookup/doi/10.1093/oxrep/grv013
Connecting to academic.oup.com (academic.oup.com)|173.254.190.144|:443... connected.
HTTP request sent, awaiting response... 200 OK
Length: 238062 (232K) [text/html]
Saving to: ‘grv013’

     0K .......... .......... .......... .......... .......... 21%  209K 1s
    50K .......... .......... .......... .......... .......... 43%  610K 0s
   100K .......... .......... .......... .......... .......... 64%  602K 0s
   150K .......... .......... .......... .......... .......... 86%  318K 0s
   200K .......... .......... .......... ..                   100% 6.69M=0.6s

2017-02-03 05:32:18 (411 KB/s) - ‘grv013’ saved [238062/238062]

--2017-02-03 05:32:19--  http://doi.org/10.1093/oxrep/grv035
Connecting to doi.org (doi.org)|63.123.152.248|:80... connected.
HTTP request sent, awaiting response... 303 See Other
Location: https://academic.oup.com/oxrep/article-lookup/doi/10.1093/oxrep/grv035 [following]
--2017-02-03 05:32:21--  https://academic.oup.com/oxrep/article-lookup/doi/10.1093/oxrep/grv035
Connecting to academic.oup.com (academic.oup.com)|173.254.190.144|:443... connected.
HTTP request sent, awaiting response... 200 OK
Length: 277122 (271K) [text/html]
Saving to: ‘grv035’

     0K .......... .......... .......... .......... .......... 18%  209K 1s
    50K .......... .......... .......... .......... .......... 36%  564K 1s
   100K .......... .......... .......... .......... .......... 55%  610K 0s
   150K .......... .......... .......... .......... .......... 73%  607K 0s
   200K .......... .......... .......... .......... .......... 92%  608K 0s
   250K .......... ..........                                 100%  259K=0.7s

2017-02-03 05:32:35 (414 KB/s) - ‘grv035’ saved [277122/277122]

--2017-02-03 05:32:36--  http://doi.org/10.1093/oxrep/grv026
Connecting to doi.org (doi.org)|63.123.152.248|:80... connected.
HTTP request sent, awaiting response... 303 See Other
Location: https://academic.oup.com/oxrep/article-lookup/doi/10.1093/oxrep/grv026 [following]
--2017-02-03 05:32:37--  https://academic.oup.com/oxrep/article-lookup/doi/10.1093/oxrep/grv026
Connecting to academic.oup.com (academic.oup.com)|173.254.190.144|:443... connected.
HTTP request sent, awaiting response... 200 OK
Length: 314166 (307K) [text/html]
Saving to: ‘grv026’

     0K .......... .......... .......... .......... .......... 16%  209K 1s
    50K .......... .......... .......... .......... .......... 32%  605K 1s
   100K .......... .......... .......... .......... .......... 48%  579K 0s
   150K .......... .......... .......... .......... .......... 65%  609K 0s
   200K .......... .......... .......... .......... .......... 81%  320K 0s
   250K .......... .......... .......... .......... .......... 97%  606K 0s
   300K ......                                                100% 1.92M=0.7s

2017-02-03 05:32:45 (419 KB/s) - ‘grv026’ saved [314166/314166]

--2017-02-03 05:32:46--  http://doi.org/10.1093/oxrep/grv005
Connecting to doi.org (doi.org)|63.123.152.248|:80... connected.
HTTP request sent, awaiting response... 303 See Other
Location: https://academic.oup.com/oxrep/article-lookup/doi/10.1093/oxrep/grv005 [following]
--2017-02-03 05:32:48--  https://academic.oup.com/oxrep/article-lookup/doi/10.1093/oxrep/grv005
Connecting to academic.oup.com (academic.oup.com)|173.254.190.144|:443... connected.
HTTP request sent, awaiting response... 400 Bad Request
2017-02-03 05:32:48 ERROR 400: Bad Request.

--2017-02-03 05:32:49--  http://doi.org/10.1093/oxrep/gru032
Connecting to doi.org (doi.org)|63.123.152.248|:80... connected.
HTTP request sent, awaiting response... 303 See Other
Location: https://academic.oup.com/oxrep/article-lookup/doi/10.1093/oxrep/gru032 [following]
--2017-02-03 05:32:51--  https://academic.oup.com/oxrep/article-lookup/doi/10.1093/oxrep/gru032
Connecting to academic.oup.com (academic.oup.com)|173.254.190.144|:443... connected.
HTTP request sent, awaiting response... 200 OK
Length: 213700 (209K) [text/html]
Saving to: ‘gru032’

     0K .......... .......... .......... .......... .......... 23%  209K 1s
    50K .......... .......... .......... .......... .......... 47%  607K 0s
   100K .......... .......... .......... .......... .......... 71%  605K 0s
   150K .......... .......... .......... .......... .......... 95%  600K 0s
   200K ........                                              100%  113K=0.6s

2017-02-03 05:33:04 (370 KB/s) - ‘gru032’ saved [213700/213700]

--2017-02-03 05:33:05--  http://doi.org/10.1093/oxrep/gru036
Connecting to doi.org (doi.org)|63.123.152.248|:80... connected.
HTTP request sent, awaiting response... 303 See Other
Location: https://academic.oup.com/oxrep/article-lookup/doi/10.1093/oxrep/gru036 [following]
--2017-02-03 05:33:06--  https://academic.oup.com/oxrep/article-lookup/doi/10.1093/oxrep/gru036
Connecting to academic.oup.com (academic.oup.com)|173.254.190.144|:443... connected.
HTTP request sent, awaiting response... 200 OK
Length: 331041 (323K) [text/html]
Saving to: ‘gru036’

     0K .......... .......... .......... .......... .......... 15%  309K 1s
    50K .......... .......... .......... .......... .......... 30%  312K 1s
   100K .......... .......... .......... .......... .......... 46%  607K 0s
   150K .......... .......... .......... .......... .......... 61%  319K 0s
   200K .......... .......... .......... .......... .......... 77%  571K 0s
   250K .......... .......... .......... .......... .......... 92%  606K 0s
   300K .......... .......... ...                             100%  299K=0.8s

2017-02-03 05:33:11 (400 KB/s) - ‘gru036’ saved [331041/331041]

--2017-02-03 05:33:12--  http://doi.org/10.1093/oxrep/grv002
Connecting to doi.org (doi.org)|63.123.152.248|:80... connected.
HTTP request sent, awaiting response... 303 See Other
Location: https://academic.oup.com/oxrep/article-lookup/doi/10.1093/oxrep/grv002 [following]
--2017-02-03 05:33:13--  https://academic.oup.com/oxrep/article-lookup/doi/10.1093/oxrep/grv002
Connecting to academic.oup.com (academic.oup.com)|173.254.190.144|:443... connected.
HTTP request sent, awaiting response... 200 OK
Length: 234021 (229K) [text/html]
Saving to: ‘grv002’

     0K .......... .......... .......... .......... .......... 21%  209K 1s
    50K .......... .......... .......... .......... .......... 43%  612K 0s
   100K .......... .......... .......... .......... .......... 65%  587K 0s
   150K .......... .......... .......... .......... .......... 87%  601K 0s
   200K .......... .......... ........                        100%  363K=0.6s

2017-02-03 05:33:36 (402 KB/s) - ‘grv002’ saved [234021/234021]

--2017-02-03 05:33:37--  http://doi.org/10.1093/oxrep/grv003
Connecting to doi.org (doi.org)|63.123.152.248|:80... connected.
HTTP request sent, awaiting response... 303 See Other
Location: https://academic.oup.com/oxrep/article-lookup/doi/10.1093/oxrep/grv003 [following]
--2017-02-03 05:33:38--  https://academic.oup.com/oxrep/article-lookup/doi/10.1093/oxrep/grv003
Connecting to academic.oup.com (academic.oup.com)|173.254.190.144|:443... connected.
HTTP request sent, awaiting response... 200 OK
Length: 259552 (253K) [text/html]
Saving to: ‘grv003’

     0K .......... .......... .......... .......... .......... 19%  209K 1s
    50K .......... .......... .......... .......... .......... 39%  602K 0s
   100K .......... .......... .......... .......... .......... 59%  602K 0s
   150K .......... .......... .......... .......... .......... 78%  584K 0s
   200K .......... .......... .......... .......... .......... 98%  320K 0s
   250K ...                                                   100% 6616G=0.6s

2017-02-03 05:33:51 (391 KB/s) - ‘grv003’ saved [259552/259552]

--2017-02-03 05:33:52--  http://doi.org/10.1093/oxrep/grv001
Connecting to doi.org (doi.org)|63.123.152.248|:80... connected.
HTTP request sent, awaiting response... 303 See Other
Location: https://academic.oup.com/oxrep/article-lookup/doi/10.1093/oxrep/grv001 [following]
--2017-02-03 05:33:53--  https://academic.oup.com/oxrep/article-lookup/doi/10.1093/oxrep/grv001
Connecting to academic.oup.com (academic.oup.com)|173.254.190.144|:443... connected.
HTTP request sent, awaiting response... 200 OK
Length: 309827 (303K) [text/html]
Saving to: ‘grv001’

     0K .......... .......... .......... .......... .......... 16%  209K 1s
    50K .......... .......... .......... .......... .......... 33%  602K 1s
   100K .......... .......... .......... .......... .......... 49%  611K 0s
   150K .......... .......... .......... .......... .......... 66%  606K 0s
   200K .......... .......... .......... .......... .......... 82%  312K 0s
   250K .......... .......... .......... .......... .......... 99%  603K 0s
   300K ..                                                    100% 17.4M=0.7s

2017-02-03 05:34:01 (414 KB/s) - ‘grv001’ saved [309827/309827]

--2017-02-03 05:34:02--  http://doi.org/10.1093/oxrep/gru041
Connecting to doi.org (doi.org)|63.123.152.248|:80... connected.
HTTP request sent, awaiting response... 303 See Other
Location: https://academic.oup.com/oxrep/article-lookup/doi/10.1093/oxrep/gru041 [following]
--2017-02-03 05:34:03--  https://academic.oup.com/oxrep/article-lookup/doi/10.1093/oxrep/gru041
Connecting to academic.oup.com (academic.oup.com)|173.254.190.144|:443... connected.
HTTP request sent, awaiting response... 200 OK
Length: 114223 (112K) [text/html]
Saving to: ‘gru041’

     0K .......... .......... .......... .......... .......... 44%  209K 0s
    50K .......... .......... .......... .......... .......... 89%  600K 0s
   100K .......... .                                          100% 27.9M=0.3s

2017-02-03 05:34:19 (345 KB/s) - ‘gru041’ saved [114223/114223]

--2017-02-03 05:34:20--  http://doi.org/10.1093/oxrep/gru037
Connecting to doi.org (doi.org)|63.123.152.248|:80... connected.
HTTP request sent, awaiting response... 303 See Other
Location: https://academic.oup.com/oxrep/article-lookup/doi/10.1093/oxrep/gru037 [following]
--2017-02-03 05:34:22--  https://academic.oup.com/oxrep/article-lookup/doi/10.1093/oxrep/gru037
Connecting to academic.oup.com (academic.oup.com)|173.254.190.144|:443... connected.
HTTP request sent, awaiting response... 200 OK
Length: 194751 (190K) [text/html]
Saving to: ‘gru037’

     0K .......... .......... .......... .......... .......... 26%  309K 0s
    50K .......... .......... .......... .......... .......... 52%  315K 0s
   100K .......... .......... .......... .......... .......... 78%  603K 0s
   150K .......... .......... .......... ..........           100%  491K=0.5s

2017-02-03 05:34:28 (392 KB/s) - ‘gru037’ saved [194751/194751]

--2017-02-03 05:34:29--  http://doi.org/10.1093/oxrep/gru035
Connecting to doi.org (doi.org)|63.123.152.248|:80... connected.
HTTP request sent, awaiting response... 303 See Other
Location: https://academic.oup.com/oxrep/article-lookup/doi/10.1093/oxrep/gru035 [following]
--2017-02-03 05:34:30--  https://academic.oup.com/oxrep/article-lookup/doi/10.1093/oxrep/gru035
Connecting to academic.oup.com (academic.oup.com)|173.254.190.144|:443... connected.
HTTP request sent, awaiting response... 200 OK
Length: 544337 (532K) [text/html]
Saving to: ‘gru035’

     0K .......... .......... .......... .......... ..........  9%  208K 2s
    50K .......... .......... .......... .......... .......... 18%  605K 1s
   100K .......... .......... .......... .......... .......... 28%  603K 1s
   150K .......... .......... .......... .......... .......... 37%  614K 1s
   200K .......... .......... .......... .......... .......... 47%  316K 1s
   250K .......... .......... .......... .......... .......... 56%  587K 1s
   300K .......... .......... .......... .......... .......... 65%  587K 0s
   350K .......... .......... .......... .......... .......... 75%  590K 0s
   400K .......... .......... .......... .......... .......... 84%  315K 0s
   450K .......... .......... .......... .......... .......... 94%  604K 0s
   500K .......... .......... .......... .                    100%  394K=1.2s

2017-02-03 05:34:57 (435 KB/s) - ‘gru035’ saved [544337/544337]

--2017-02-03 05:34:58--  http://doi.org/10.1093/oxrep/gru034
Connecting to doi.org (doi.org)|63.123.152.248|:80... connected.
HTTP request sent, awaiting response... 303 See Other
Location: https://academic.oup.com/oxrep/article-lookup/doi/10.1093/oxrep/gru034 [following]
--2017-02-03 05:34:59--  https://academic.oup.com/oxrep/article-lookup/doi/10.1093/oxrep/gru034
Connecting to academic.oup.com (academic.oup.com)|173.254.190.144|:443... connected.
HTTP request sent, awaiting response... 200 OK
Length: 356784 (348K) [text/html]
Saving to: ‘gru034’

     0K .......... .......... .......... .......... .......... 14%  207K 1s
    50K .......... .......... .......... .......... .......... 28%  601K 1s
   100K .......... .......... .......... .......... .......... 43%  606K 1s
   150K .......... .......... .......... .......... .......... 57%  426K 0s
   200K .......... .......... .......... .......... .......... 71%  398K 0s
   250K .......... .......... .......... .......... .......... 86%  604K 0s
   300K .......... .......... .......... .......... ........  100%  597K=0.8s

2017-02-03 05:35:05 (428 KB/s) - ‘gru034’ saved [356784/356784]

--2017-02-03 05:35:06--  http://doi.org/10.1093/oxrep/gru024
Connecting to doi.org (doi.org)|63.123.152.248|:80... connected.
HTTP request sent, awaiting response... 303 See Other
Location: https://academic.oup.com/oxrep/article-lookup/doi/10.1093/oxrep/gru024 [following]
--2017-02-03 05:35:07--  https://academic.oup.com/oxrep/article-lookup/doi/10.1093/oxrep/gru024
Connecting to academic.oup.com (academic.oup.com)|173.254.190.144|:443... connected.
HTTP request sent, awaiting response... 200 OK
Length: 210173 (205K) [text/html]
Saving to: ‘gru024’

     0K .......... .......... .......... .......... .......... 24%  208K 1s
    50K .......... .......... .......... .......... .......... 48%  594K 0s
   100K .......... .......... .......... .......... .......... 73%  614K 0s
   150K .......... .......... .......... .......... .......... 97%  606K 0s
   200K .....                                                 100% 15.9M=0.5s

2017-02-03 05:35:25 (420 KB/s) - ‘gru024’ saved [210173/210173]

--2017-02-03 05:35:26--  http://doi.org/10.1093/oxrep/gru025
Connecting to doi.org (doi.org)|63.123.152.248|:80... connected.
HTTP request sent, awaiting response... 303 See Other
Location: https://academic.oup.com/oxrep/article-lookup/doi/10.1093/oxrep/gru025 [following]
--2017-02-03 05:35:27--  https://academic.oup.com/oxrep/article-lookup/doi/10.1093/oxrep/gru025
Connecting to academic.oup.com (academic.oup.com)|173.254.190.144|:443... connected.
HTTP request sent, awaiting response... 200 OK
Length: 229975 (225K) [text/html]
Saving to: ‘gru025’

     0K .......... .......... .......... .......... .......... 22%  209K 1s
    50K .......... .......... .......... .......... .......... 44%  609K 0s
   100K .......... .......... .......... .......... .......... 66%  601K 0s
   150K .......... .......... .......... .......... .......... 89%  430K 0s
   200K .......... .......... ....                            100%  561K=0.6s

2017-02-03 05:35:34 (398 KB/s) - ‘gru025’ saved [229975/229975]

--2017-02-03 05:35:35--  http://doi.org/10.1093/oxrep/gru040
Connecting to doi.org (doi.org)|63.123.152.248|:80... connected.
HTTP request sent, awaiting response... 303 See Other
Location: https://academic.oup.com/oxrep/article-lookup/doi/10.1093/oxrep/gru040 [following]
--2017-02-03 05:35:37--  https://academic.oup.com/oxrep/article-lookup/doi/10.1093/oxrep/gru040
Connecting to academic.oup.com (academic.oup.com)|173.254.190.144|:443... connected.
HTTP request sent, awaiting response... 200 OK
Length: 114222 (112K) [text/html]
Saving to: ‘gru040’

     0K .......... .......... .......... .......... .......... 44%  209K 0s
    50K .......... .......... .......... .......... .......... 89%  606K 0s
   100K .......... .                                          100% 13.8M=0.3s

2017-02-03 05:35:45 (345 KB/s) - ‘gru040’ saved [114222/114222]

--2017-02-03 05:35:46--  http://doi.org/10.1093/oxrep/gru029
Connecting to doi.org (doi.org)|63.123.152.248|:80... connected.
HTTP request sent, awaiting response... 303 See Other
Location: https://academic.oup.com/oxrep/article-lookup/doi/10.1093/oxrep/gru029 [following]
--2017-02-03 05:35:48--  https://academic.oup.com/oxrep/article-lookup/doi/10.1093/oxrep/gru029
Connecting to academic.oup.com (academic.oup.com)|173.254.190.144|:443... connected.
HTTP request sent, awaiting response... 200 OK
Length: 216043 (211K) [text/html]
Saving to: ‘gru029’

     0K .......... .......... .......... .......... .......... 23%  209K 1s
    50K .......... .......... .......... .......... .......... 47%  611K 0s
   100K .......... .......... .......... .......... .......... 71%  601K 0s
   150K .......... .......... .......... .......... .......... 94%  608K 0s
   200K ..........                                            100%  140K=0.6s

2017-02-03 05:36:05 (374 KB/s) - ‘gru029’ saved [216043/216043]

--2017-02-03 05:36:06--  http://doi.org/10.1093/oxrep/gru030
Connecting to doi.org (doi.org)|63.123.152.248|:80... connected.
HTTP request sent, awaiting response... 303 See Other
Location: https://academic.oup.com/oxrep/article-lookup/doi/10.1093/oxrep/gru030 [following]
--2017-02-03 05:36:08--  https://academic.oup.com/oxrep/article-lookup/doi/10.1093/oxrep/gru030
Connecting to academic.oup.com (academic.oup.com)|173.254.190.144|:443... connected.
HTTP request sent, awaiting response... 200 OK
Length: 200048 (195K) [text/html]
Saving to: ‘gru030’

     0K .......... .......... .......... .......... .......... 25%  209K 1s
    50K .......... .......... .......... .......... .......... 51%  606K 0s
   100K .......... .......... .......... .......... .......... 76%  602K 0s
   150K .......... .......... .......... .......... .....     100%  559K=0.5s

2017-02-03 05:36:16 (402 KB/s) - ‘gru030’ saved [200048/200048]

--2017-02-03 05:36:17--  http://doi.org/10.1093/oxrep/gru028
Connecting to doi.org (doi.org)|63.123.152.248|:80... connected.
HTTP request sent, awaiting response... 303 See Other
Location: https://academic.oup.com/oxrep/article-lookup/doi/10.1093/oxrep/gru028 [following]
--2017-02-03 05:36:18--  https://academic.oup.com/oxrep/article-lookup/doi/10.1093/oxrep/gru028
Connecting to academic.oup.com (academic.oup.com)|173.254.190.144|:443... connected.
HTTP request sent, awaiting response... 400 Bad Request
2017-02-03 05:36:19 ERROR 400: Bad Request.

--2017-02-03 05:36:20--  http://doi.org/10.1093/oxrep/gru027
Connecting to doi.org (doi.org)|63.123.152.248|:80... connected.
HTTP request sent, awaiting response... 303 See Other
Location: https://academic.oup.com/oxrep/article-lookup/doi/10.1093/oxrep/gru027 [following]
--2017-02-03 05:36:21--  https://academic.oup.com/oxrep/article-lookup/doi/10.1093/oxrep/gru027
Connecting to academic.oup.com (academic.oup.com)|173.254.190.144|:443... connected.
HTTP request sent, awaiting response... 200 OK
Length: 311239 (304K) [text/html]
Saving to: ‘gru027’

     0K .......... .......... .......... .......... .......... 16%  209K 1s
    50K .......... .......... .......... .......... .......... 32%  602K 1s
   100K .......... .......... .......... .......... .......... 49%  610K 0s
   150K .......... .......... .......... .......... .......... 65%  315K 0s
   200K .......... .......... .......... .......... .......... 82%  589K 0s
   250K .......... .......... .......... .......... .......... 98%  604K 0s
   300K ...                                                   100% 1.28M=0.7s

2017-02-03 05:36:42 (414 KB/s) - ‘gru027’ saved [311239/311239]

--2017-02-03 05:36:43--  http://doi.org/10.1093/oxrep/gru033
Connecting to doi.org (doi.org)|63.123.152.248|:80... connected.
HTTP request sent, awaiting response... 303 See Other
Location: https://academic.oup.com/oxrep/article-lookup/doi/10.1093/oxrep/gru033 [following]
--2017-02-03 05:36:45--  https://academic.oup.com/oxrep/article-lookup/doi/10.1093/oxrep/gru033
Connecting to academic.oup.com (academic.oup.com)|173.254.190.144|:443... connected.
HTTP request sent, awaiting response... 200 OK
Length: 163997 (160K) [text/html]
Saving to: ‘gru033’

     0K .......... .......... .......... .......... .......... 31%  309K 0s
    50K .......... .......... .......... .......... .......... 62%  312K 0s
   100K .......... .......... .......... .......... .......... 93%  607K 0s
   150K ..........                                            100% 10.2M=0.4s

2017-02-03 05:37:02 (395 KB/s) - ‘gru033’ saved [163997/163997]

--2017-02-03 05:37:03--  http://doi.org/10.1093/oxrep/gru026
Connecting to doi.org (doi.org)|63.123.152.248|:80... connected.
HTTP request sent, awaiting response... 303 See Other
Location: https://academic.oup.com/oxrep/article-lookup/doi/10.1093/oxrep/gru026 [following]
--2017-02-03 05:37:05--  https://academic.oup.com/oxrep/article-lookup/doi/10.1093/oxrep/gru026
Connecting to academic.oup.com (academic.oup.com)|173.254.190.144|:443... connected.
HTTP request sent, awaiting response... 200 OK
Length: 354100 (346K) [text/html]
Saving to: ‘gru026’

     0K .......... .......... .......... .......... .......... 14%  207K 1s
    50K .......... .......... .......... .......... .......... 28%  591K 1s
   100K .......... .......... .......... .......... .......... 43%  602K 1s
   150K .......... .......... .......... .......... .......... 57%  601K 0s
   200K .......... .......... .......... .......... .......... 72%  321K 0s
   250K .......... .......... .......... .......... .......... 86%  573K 0s
   300K .......... .......... .......... .......... .....     100%  563K=0.8s

2017-02-03 05:37:16 (424 KB/s) - ‘gru026’ saved [354100/354100]

--2017-02-03 05:37:17--  http://doi.org/10.1093/oxrep/gru031
Connecting to doi.org (doi.org)|63.123.152.248|:80... connected.
HTTP request sent, awaiting response... 303 See Other
Location: https://academic.oup.com/oxrep/article-lookup/doi/10.1093/oxrep/gru031 [following]
--2017-02-03 05:37:19--  https://academic.oup.com/oxrep/article-lookup/doi/10.1093/oxrep/gru031
Connecting to academic.oup.com (academic.oup.com)|173.254.190.144|:443... connected.
HTTP request sent, awaiting response... 400 Bad Request
2017-02-03 05:37:20 ERROR 400: Bad Request.

--2017-02-03 05:37:21--  http://doi.org/10.1093/oxrep/gru011
Connecting to doi.org (doi.org)|63.123.152.248|:80... connected.
HTTP request sent, awaiting response... 303 See Other
Location: https://academic.oup.com/oxrep/article-lookup/doi/10.1093/oxrep/gru011 [following]
--2017-02-03 05:37:22--  https://academic.oup.com/oxrep/article-lookup/doi/10.1093/oxrep/gru011
Connecting to academic.oup.com (academic.oup.com)|173.254.190.144|:443... connected.
HTTP request sent, awaiting response... 200 OK
Length: 180080 (176K) [text/html]
Saving to: ‘gru011’

     0K .......... .......... .......... .......... .......... 28%  207K 1s
    50K .......... .......... .......... .......... .......... 56%  610K 0s
   100K .......... .......... .......... .......... .......... 85%  609K 0s
   150K .......... .......... .....                           100%  323K=0.5s

2017-02-03 05:37:41 (362 KB/s) - ‘gru011’ saved [180080/180080]

--2017-02-03 05:37:42--  http://doi.org/10.1093/oxrep/gru014
Connecting to doi.org (doi.org)|63.123.152.248|:80... connected.
HTTP request sent, awaiting response... 303 See Other
Location: https://academic.oup.com/oxrep/article-lookup/doi/10.1093/oxrep/gru014 [following]
--2017-02-03 05:37:43--  https://academic.oup.com/oxrep/article-lookup/doi/10.1093/oxrep/gru014
Connecting to academic.oup.com (academic.oup.com)|173.254.190.144|:443... connected.
HTTP request sent, awaiting response... 200 OK
Length: 256638 (251K) [text/html]
Saving to: ‘gru014’

     0K .......... .......... .......... .......... .......... 19%  208K 1s
    50K .......... .......... .......... .......... .......... 39%  607K 0s
   100K .......... .......... .......... .......... .......... 59%  608K 0s
   150K .......... .......... .......... .......... .......... 79%  603K 0s
   200K .......... .......... .......... .......... .......... 99%  610K 0s
   250K                                                       100% 1188G=0.6s

2017-02-03 05:38:00 (440 KB/s) - ‘gru014’ saved [256638/256638]

--2017-02-03 05:38:01--  http://doi.org/10.1093/oxrep/gru023
Connecting to doi.org (doi.org)|63.123.152.248|:80... connected.
HTTP request sent, awaiting response... 303 See Other
Location: https://academic.oup.com/oxrep/article-lookup/doi/10.1093/oxrep/gru023 [following]
--2017-02-03 05:38:02--  https://academic.oup.com/oxrep/article-lookup/doi/10.1093/oxrep/gru023
Connecting to academic.oup.com (academic.oup.com)|173.254.190.144|:443... connected.
HTTP request sent, awaiting response... 200 OK
Length: 201243 (197K) [text/html]
Saving to: ‘gru023’

     0K .......... .......... .......... .......... .......... 25%  209K 1s
    50K .......... .......... .......... .......... .......... 50%  611K 0s
   100K .......... .......... .......... .......... .......... 76%  583K 0s
   150K .......... .......... .......... .......... ......    100%  567K=0.5s

2017-02-03 05:38:23 (402 KB/s) - ‘gru023’ saved [201243/201243]

FINISHED --2017-02-03 05:38:23--
Total wall clock time: 19m 18s
Downloaded: 92 files, 19M in 48s (413 KB/s)
