--2017-02-03 05:38:23--  http://doi.org/10.1093/pa/gsw036
Resolving doi.org (doi.org)... 95.138.171.129, 208.254.38.90, 63.123.152.248, ...
Connecting to doi.org (doi.org)|95.138.171.129|:80... connected.
HTTP request sent, awaiting response... 303 See Other
Location: https://academic.oup.com/pa/article-lookup/doi/10.1093/pa/gsw036 [following]
--2017-02-03 05:38:25--  https://academic.oup.com/pa/article-lookup/doi/10.1093/pa/gsw036
Resolving academic.oup.com (academic.oup.com)... 173.254.190.144
Connecting to academic.oup.com (academic.oup.com)|173.254.190.144|:443... connected.
HTTP request sent, awaiting response... 200 OK
Length: 211686 (207K) [text/html]
Saving to: ‘gsw036’

     0K .......... .......... .......... .......... .......... 24%  208K 1s
    50K .......... .......... .......... .......... .......... 48%  606K 0s
   100K .......... .......... .......... .......... .......... 72%  611K 0s
   150K .......... .......... .......... .......... .......... 96%  603K 0s
   200K ......                                                100% 86.9K=0.6s

2017-02-03 05:38:31 (366 KB/s) - ‘gsw036’ saved [211686/211686]

--2017-02-03 05:38:32--  http://doi.org/10.1093/pa/gsx002
Connecting to doi.org (doi.org)|95.138.171.129|:80... connected.
HTTP request sent, awaiting response... 303 See Other
Location: http://fdslive.oup.com/www.oup.com/pdf/production_in_progress.pdf [following]
--2017-02-03 05:38:33--  http://fdslive.oup.com/www.oup.com/pdf/production_in_progress.pdf
Resolving fdslive.oup.com (fdslive.oup.com)... 193.67.160.201
Connecting to fdslive.oup.com (fdslive.oup.com)|193.67.160.201|:80... connected.
HTTP request sent, awaiting response... 200 OK
Length: 52438 (51K) [application/pdf]
Saving to: ‘gsx002’

     0K .......... .......... .......... .......... .......... 97% 1.17M 0s
    50K .                                                     100% 2306G=0.04s

2017-02-03 05:38:33 (1.20 MB/s) - ‘gsx002’ saved [52438/52438]

--2017-02-03 05:38:34--  http://doi.org/10.1093/pa/gsx001
Connecting to doi.org (doi.org)|95.138.171.129|:80... connected.
HTTP request sent, awaiting response... 303 See Other
Location: http://fdslive.oup.com/www.oup.com/pdf/production_in_progress.pdf [following]
--2017-02-03 05:38:35--  http://fdslive.oup.com/www.oup.com/pdf/production_in_progress.pdf
Connecting to fdslive.oup.com (fdslive.oup.com)|193.67.160.201|:80... connected.
HTTP request sent, awaiting response... 200 OK
Length: 52438 (51K) [application/pdf]
Saving to: ‘gsx001’

     0K .......... .......... .......... .......... .......... 97% 1.17M 0s
    50K .                                                     100% 2306G=0.04s

2017-02-03 05:38:35 (1.20 MB/s) - ‘gsx001’ saved [52438/52438]

--2017-02-03 05:38:36--  http://doi.org/10.1093/pa/gsw034
Connecting to doi.org (doi.org)|95.138.171.129|:80... connected.
HTTP request sent, awaiting response... 303 See Other
Location: https://academic.oup.com/pa/article-lookup/doi/10.1093/pa/gsw034 [following]
--2017-02-03 05:38:37--  https://academic.oup.com/pa/article-lookup/doi/10.1093/pa/gsw034
Connecting to academic.oup.com (academic.oup.com)|173.254.190.144|:443... connected.
HTTP request sent, awaiting response... 200 OK
Length: 242556 (237K) [text/html]
Saving to: ‘gsw034’

     0K .......... .......... .......... .......... .......... 21%  209K 1s
    50K .......... .......... .......... .......... .......... 42%  605K 0s
   100K .......... .......... .......... .......... .......... 63%  610K 0s
   150K .......... .......... .......... .......... .......... 84%  607K 0s
   200K .......... .......... .......... ......               100%  453K=0.6s

2017-02-03 05:38:44 (417 KB/s) - ‘gsw034’ saved [242556/242556]

--2017-02-03 05:38:45--  http://doi.org/10.1093/pa/gsw035
Connecting to doi.org (doi.org)|95.138.171.129|:80... connected.
HTTP request sent, awaiting response... 303 See Other
Location: https://academic.oup.com/pa/article-lookup/doi/10.1093/pa/gsw035 [following]
--2017-02-03 05:38:46--  https://academic.oup.com/pa/article-lookup/doi/10.1093/pa/gsw035
Connecting to academic.oup.com (academic.oup.com)|173.254.190.144|:443... connected.
HTTP request sent, awaiting response... 200 OK
Length: 196921 (192K) [text/html]
Saving to: ‘gsw035’

     0K .......... .......... .......... .......... .......... 26%  209K 1s
    50K .......... .......... .......... .......... .......... 52%  606K 0s
   100K .......... .......... .......... .......... .......... 78%  612K 0s
   150K .......... .......... .......... .......... ..        100%  520K=0.5s

2017-02-03 05:38:53 (397 KB/s) - ‘gsw035’ saved [196921/196921]

--2017-02-03 05:38:54--  http://doi.org/10.1093/pa/gsw033
Connecting to doi.org (doi.org)|95.138.171.129|:80... connected.
HTTP request sent, awaiting response... 303 See Other
Location: https://academic.oup.com/pa/article-lookup/doi/10.1093/pa/gsw033 [following]
--2017-02-03 05:38:55--  https://academic.oup.com/pa/article-lookup/doi/10.1093/pa/gsw033
Connecting to academic.oup.com (academic.oup.com)|173.254.190.144|:443... connected.
HTTP request sent, awaiting response... 200 OK
Length: 195274 (191K) [text/html]
Saving to: ‘gsw033’

     0K .......... .......... .......... .......... .......... 26%  209K 1s
    50K .......... .......... .......... .......... .......... 52%  582K 0s
   100K .......... .......... .......... .......... .......... 78%  615K 0s
   150K .......... .......... .......... ..........           100%  501K=0.5s

2017-02-03 05:39:08 (391 KB/s) - ‘gsw033’ saved [195274/195274]

--2017-02-03 05:39:09--  http://doi.org/10.1093/pa/gsw030
Connecting to doi.org (doi.org)|95.138.171.129|:80... connected.
HTTP request sent, awaiting response... 303 See Other
Location: https://academic.oup.com/pa/article-lookup/doi/10.1093/pa/gsw030 [following]
--2017-02-03 05:39:10--  https://academic.oup.com/pa/article-lookup/doi/10.1093/pa/gsw030
Connecting to academic.oup.com (academic.oup.com)|173.254.190.144|:443... connected.
HTTP request sent, awaiting response... 200 OK
Length: 274736 (268K) [text/html]
Saving to: ‘gsw030’

     0K .......... .......... .......... .......... .......... 18%  209K 1s
    50K .......... .......... .......... .......... .......... 37%  596K 1s
   100K .......... .......... .......... .......... .......... 55%  611K 0s
   150K .......... .......... .......... .......... .......... 74%  316K 0s
   200K .......... .......... .......... .......... .......... 93%  591K 0s
   250K .......... ........                                   100% 16.5M=0.6s

2017-02-03 05:39:22 (413 KB/s) - ‘gsw030’ saved [274736/274736]

--2017-02-03 05:39:23--  http://doi.org/10.1093/pa/gsw032
Connecting to doi.org (doi.org)|95.138.171.129|:80... connected.
HTTP request sent, awaiting response... 303 See Other
Location: https://academic.oup.com/pa/article-lookup/doi/10.1093/pa/gsw032 [following]
--2017-02-03 05:39:24--  https://academic.oup.com/pa/article-lookup/doi/10.1093/pa/gsw032
Connecting to academic.oup.com (academic.oup.com)|173.254.190.144|:443... connected.
HTTP request sent, awaiting response... 200 OK
Length: 217336 (212K) [text/html]
Saving to: ‘gsw032’

     0K .......... .......... .......... .......... .......... 23%  208K 1s
    50K .......... .......... .......... .......... .......... 47%  593K 0s
   100K .......... .......... .......... .......... .......... 70%  612K 0s
   150K .......... .......... .......... .......... .......... 94%  605K 0s
   200K .......... ..                                         100%  157K=0.6s

2017-02-03 05:39:31 (374 KB/s) - ‘gsw032’ saved [217336/217336]

--2017-02-03 05:39:32--  http://doi.org/10.1093/pa/gsw031
Connecting to doi.org (doi.org)|95.138.171.129|:80... connected.
HTTP request sent, awaiting response... 303 See Other
Location: https://academic.oup.com/pa/article-lookup/doi/10.1093/pa/gsw031 [following]
--2017-02-03 05:39:33--  https://academic.oup.com/pa/article-lookup/doi/10.1093/pa/gsw031
Connecting to academic.oup.com (academic.oup.com)|173.254.190.144|:443... connected.
HTTP request sent, awaiting response... 200 OK
Length: 184001 (180K) [text/html]
Saving to: ‘gsw031’

     0K .......... .......... .......... .......... .......... 27%  209K 1s
    50K .......... .......... .......... .......... .......... 55%  606K 0s
   100K .......... .......... .......... .......... .......... 83%  611K 0s
   150K .......... .......... .........                       100%  372K=0.5s

2017-02-03 05:39:39 (372 KB/s) - ‘gsw031’ saved [184001/184001]

--2017-02-03 05:39:40--  http://doi.org/10.1093/pa/gsw029
Connecting to doi.org (doi.org)|95.138.171.129|:80... connected.
HTTP request sent, awaiting response... 303 See Other
Location: https://academic.oup.com/pa/article-lookup/doi/10.1093/pa/gsw029 [following]
--2017-02-03 05:39:41--  https://academic.oup.com/pa/article-lookup/doi/10.1093/pa/gsw029
Connecting to academic.oup.com (academic.oup.com)|173.254.190.144|:443... connected.
HTTP request sent, awaiting response... 200 OK
Length: 180334 (176K) [text/html]
Saving to: ‘gsw029’

     0K .......... .......... .......... .......... .......... 28%  206K 1s
    50K .......... .......... .......... .......... .......... 56%  608K 0s
   100K .......... .......... .......... .......... .......... 85%  600K 0s
   150K .......... .......... ......                          100%  323K=0.5s

2017-02-03 05:39:54 (360 KB/s) - ‘gsw029’ saved [180334/180334]

--2017-02-03 05:39:55--  http://doi.org/10.1093/pa/gsw027
Connecting to doi.org (doi.org)|95.138.171.129|:80... connected.
HTTP request sent, awaiting response... 303 See Other
Location: https://academic.oup.com/pa/article-lookup/doi/10.1093/pa/gsw027 [following]
--2017-02-03 05:39:56--  https://academic.oup.com/pa/article-lookup/doi/10.1093/pa/gsw027
Connecting to academic.oup.com (academic.oup.com)|173.254.190.144|:443... connected.
HTTP request sent, awaiting response... 200 OK
Length: 249162 (243K) [text/html]
Saving to: ‘gsw027’

     0K .......... .......... .......... .......... .......... 20%  310K 1s
    50K .......... .......... .......... .......... .......... 41%  312K 0s
   100K .......... .......... .......... .......... .......... 61%  610K 0s
   150K .......... .......... .......... .......... .......... 82%  318K 0s
   200K .......... .......... .......... .......... ...       100%  540K=0.6s

2017-02-03 05:40:05 (379 KB/s) - ‘gsw027’ saved [249162/249162]

--2017-02-03 05:40:06--  http://doi.org/10.1093/pa/gsw028
Connecting to doi.org (doi.org)|95.138.171.129|:80... connected.
HTTP request sent, awaiting response... 303 See Other
Location: https://academic.oup.com/pa/article-lookup/doi/10.1093/pa/gsw028 [following]
--2017-02-03 05:40:07--  https://academic.oup.com/pa/article-lookup/doi/10.1093/pa/gsw028
Connecting to academic.oup.com (academic.oup.com)|173.254.190.144|:443... connected.
HTTP request sent, awaiting response... 200 OK
Length: 101586 (99K) [text/html]
Saving to: ‘gsw028’

     0K .......... .......... .......... .......... .......... 50%  309K 0s
    50K .......... .......... .......... .......... ......... 100%  309K=0.3s

2017-02-03 05:40:26 (309 KB/s) - ‘gsw028’ saved [101586/101586]

--2017-02-03 05:40:27--  http://doi.org/10.1093/pa/gsw026
Connecting to doi.org (doi.org)|95.138.171.129|:80... connected.
HTTP request sent, awaiting response... 303 See Other
Location: https://academic.oup.com/pa/article-lookup/doi/10.1093/pa/gsw026 [following]
--2017-02-03 05:40:28--  https://academic.oup.com/pa/article-lookup/doi/10.1093/pa/gsw026
Connecting to academic.oup.com (academic.oup.com)|173.254.190.144|:443... connected.
HTTP request sent, awaiting response... 200 OK
Length: 171703 (168K) [text/html]
Saving to: ‘gsw026’

     0K .......... .......... .......... .......... .......... 29%  209K 1s
    50K .......... .......... .......... .......... .......... 59%  601K 0s
   100K .......... .......... .......... .......... .......... 89%  610K 0s
   150K .......... .......                                    100%  226K=0.5s

2017-02-03 05:40:37 (347 KB/s) - ‘gsw026’ saved [171703/171703]

--2017-02-03 05:40:38--  http://doi.org/10.1093/pa/gsw024
Connecting to doi.org (doi.org)|95.138.171.129|:80... connected.
HTTP request sent, awaiting response... 303 See Other
Location: https://academic.oup.com/pa/article-lookup/doi/10.1093/pa/gsw024 [following]
--2017-02-03 05:40:40--  https://academic.oup.com/pa/article-lookup/doi/10.1093/pa/gsw024
Connecting to academic.oup.com (academic.oup.com)|173.254.190.144|:443... connected.
HTTP request sent, awaiting response... 200 OK
Length: 184778 (180K) [text/html]
Saving to: ‘gsw024’

     0K .......... .......... .......... .......... .......... 27%  209K 1s
    50K .......... .......... .......... .......... .......... 55%  605K 0s
   100K .......... .......... .......... .......... .......... 83%  608K 0s
   150K .......... .......... ..........                      100%  386K=0.5s

2017-02-03 05:40:49 (374 KB/s) - ‘gsw024’ saved [184778/184778]

--2017-02-03 05:40:50--  http://doi.org/10.1093/pa/gsw025
Connecting to doi.org (doi.org)|95.138.171.129|:80... connected.
HTTP request sent, awaiting response... 303 See Other
Location: https://academic.oup.com/pa/article-lookup/doi/10.1093/pa/gsw025 [following]
--2017-02-03 05:40:51--  https://academic.oup.com/pa/article-lookup/doi/10.1093/pa/gsw025
Connecting to academic.oup.com (academic.oup.com)|173.254.190.144|:443... connected.
HTTP request sent, awaiting response... 200 OK
Length: 76707 (75K) [text/html]
Saving to: ‘gsw025’

     0K .......... .......... .......... .......... .......... 66%  209K 0s
    50K .......... .......... ....                            100% 11.6M=0.2s

2017-02-03 05:40:59 (310 KB/s) - ‘gsw025’ saved [76707/76707]

--2017-02-03 05:41:00--  http://doi.org/10.1093/pa/gsw023
Connecting to doi.org (doi.org)|95.138.171.129|:80... connected.
HTTP request sent, awaiting response... 303 See Other
Location: https://academic.oup.com/pa/article-lookup/doi/10.1093/pa/gsw023 [following]
--2017-02-03 05:41:01--  https://academic.oup.com/pa/article-lookup/doi/10.1093/pa/gsw023
Connecting to academic.oup.com (academic.oup.com)|173.254.190.144|:443... connected.
HTTP request sent, awaiting response... 200 OK
Length: 90079 (88K) [text/html]
Saving to: ‘gsw023’

     0K .......... .......... .......... .......... .......... 56%  209K 0s
    50K .......... .......... .......... .......              100% 11.5M=0.2s

2017-02-03 05:41:15 (363 KB/s) - ‘gsw023’ saved [90079/90079]

--2017-02-03 05:41:16--  http://doi.org/10.1093/pa/gsw022
Connecting to doi.org (doi.org)|95.138.171.129|:80... connected.
HTTP request sent, awaiting response... 303 See Other
Location: https://academic.oup.com/pa/article-lookup/doi/10.1093/pa/gsw022 [following]
--2017-02-03 05:41:17--  https://academic.oup.com/pa/article-lookup/doi/10.1093/pa/gsw022
Connecting to academic.oup.com (academic.oup.com)|173.254.190.144|:443... connected.
HTTP request sent, awaiting response... 200 OK
Length: 233960 (228K) [text/html]
Saving to: ‘gsw022’

     0K .......... .......... .......... .......... .......... 21%  209K 1s
    50K .......... .......... .......... .......... .......... 43%  608K 0s
   100K .......... .......... .......... .......... .......... 65%  609K 0s
   150K .......... .......... .......... .......... .......... 87%  587K 0s
   200K .......... .......... ........                        100%  369K=0.6s

2017-02-03 05:41:30 (404 KB/s) - ‘gsw022’ saved [233960/233960]

--2017-02-03 05:41:31--  http://doi.org/10.1093/pa/gsw021
Connecting to doi.org (doi.org)|95.138.171.129|:80... connected.
HTTP request sent, awaiting response... 303 See Other
Location: https://academic.oup.com/pa/article-lookup/doi/10.1093/pa/gsw021 [following]
--2017-02-03 05:41:32--  https://academic.oup.com/pa/article-lookup/doi/10.1093/pa/gsw021
Connecting to academic.oup.com (academic.oup.com)|173.254.190.144|:443... connected.
HTTP request sent, awaiting response... 200 OK
Length: 81604 (80K) [text/html]
Saving to: ‘gsw021’

     0K .......... .......... .......... .......... .......... 62%  209K 0s
    50K .......... .......... .........                       100% 10.2M=0.2s

2017-02-03 05:41:48 (329 KB/s) - ‘gsw021’ saved [81604/81604]

--2017-02-03 05:41:49--  http://doi.org/10.1093/pa/gsw019
Connecting to doi.org (doi.org)|95.138.171.129|:80... connected.
HTTP request sent, awaiting response... 303 See Other
Location: https://academic.oup.com/pa/article-lookup/doi/10.1093/pa/gsw019 [following]
--2017-02-03 05:41:50--  https://academic.oup.com/pa/article-lookup/doi/10.1093/pa/gsw019
Connecting to academic.oup.com (academic.oup.com)|173.254.190.144|:443... connected.
HTTP request sent, awaiting response... 200 OK
Length: 216565 (211K) [text/html]
Saving to: ‘gsw019’

     0K .......... .......... .......... .......... .......... 23%  209K 1s
    50K .......... .......... .......... .......... .......... 47%  595K 0s
   100K .......... .......... .......... .......... .......... 70%  611K 0s
   150K .......... .......... .......... .......... .......... 94%  608K 0s
   200K .......... .                                          100%  150K=0.6s

2017-02-03 05:41:58 (375 KB/s) - ‘gsw019’ saved [216565/216565]

--2017-02-03 05:41:59--  http://doi.org/10.1093/pa/gsw016
Connecting to doi.org (doi.org)|95.138.171.129|:80... connected.
HTTP request sent, awaiting response... 303 See Other
Location: https://academic.oup.com/pa/article-lookup/doi/10.1093/pa/gsw016 [following]
--2017-02-03 05:42:00--  https://academic.oup.com/pa/article-lookup/doi/10.1093/pa/gsw016
Connecting to academic.oup.com (academic.oup.com)|173.254.190.144|:443... connected.
HTTP request sent, awaiting response... 200 OK
Length: 190676 (186K) [text/html]
Saving to: ‘gsw016’

     0K .......... .......... .......... .......... .......... 26%  209K 1s
    50K .......... .......... .......... .......... .......... 53%  608K 0s
   100K .......... .......... .......... .......... .......... 80%  614K 0s
   150K .......... .......... .......... ......               100%  444K=0.5s

2017-02-03 05:42:04 (384 KB/s) - ‘gsw016’ saved [190676/190676]

--2017-02-03 05:42:05--  http://doi.org/10.1093/pa/gsw015
Connecting to doi.org (doi.org)|95.138.171.129|:80... connected.
HTTP request sent, awaiting response... 303 See Other
Location: https://academic.oup.com/pa/article-lookup/doi/10.1093/pa/gsw015 [following]
--2017-02-03 05:42:06--  https://academic.oup.com/pa/article-lookup/doi/10.1093/pa/gsw015
Connecting to academic.oup.com (academic.oup.com)|173.254.190.144|:443... connected.
HTTP request sent, awaiting response... 200 OK
Length: 279630 (273K) [text/html]
Saving to: ‘gsw015’

     0K .......... .......... .......... .......... .......... 18%  209K 1s
    50K .......... .......... .......... .......... .......... 36%  574K 1s
   100K .......... .......... .......... .......... .......... 54%  610K 0s
   150K .......... .......... .......... .......... .......... 73%  608K 0s
   200K .......... .......... .......... .......... .......... 91%  319K 0s
   250K .......... .......... ...                             100% 3.47M=0.7s

2017-02-03 05:42:18 (417 KB/s) - ‘gsw015’ saved [279630/279630]

--2017-02-03 05:42:19--  http://doi.org/10.1093/pa/gsw018
Connecting to doi.org (doi.org)|95.138.171.129|:80... connected.
HTTP request sent, awaiting response... 303 See Other
Location: https://academic.oup.com/pa/article-lookup/doi/10.1093/pa/gsw018 [following]
--2017-02-03 05:42:20--  https://academic.oup.com/pa/article-lookup/doi/10.1093/pa/gsw018
Connecting to academic.oup.com (academic.oup.com)|173.254.190.144|:443... connected.
HTTP request sent, awaiting response... 200 OK
Length: 296392 (289K) [text/html]
Saving to: ‘gsw018’

     0K .......... .......... .......... .......... .......... 17%  208K 1s
    50K .......... .......... .......... .......... .......... 34%  598K 1s
   100K .......... .......... .......... .......... .......... 51%  610K 0s
   150K .......... .......... .......... .......... .......... 69%  320K 0s
   200K .......... .......... .......... .......... .......... 86%  583K 0s
   250K .......... .......... .......... .........            100%  491K=0.7s

2017-02-03 05:42:28 (397 KB/s) - ‘gsw018’ saved [296392/296392]

--2017-02-03 05:42:29--  http://doi.org/10.1093/pa/gsw013
Connecting to doi.org (doi.org)|95.138.171.129|:80... connected.
HTTP request sent, awaiting response... 303 See Other
Location: https://academic.oup.com/pa/article-lookup/doi/10.1093/pa/gsw013 [following]
--2017-02-03 05:42:30--  https://academic.oup.com/pa/article-lookup/doi/10.1093/pa/gsw013
Connecting to academic.oup.com (academic.oup.com)|173.254.190.144|:443... connected.
HTTP request sent, awaiting response... 200 OK
Length: 163869 (160K) [text/html]
Saving to: ‘gsw013’

     0K .......... .......... .......... .......... .......... 31%  209K 1s
    50K .......... .......... .......... .......... .......... 62%  602K 0s
   100K .......... .......... .......... .......... .......... 93%  614K 0s
   150K ..........                                            100% 10.9M=0.4s

2017-02-03 05:42:37 (396 KB/s) - ‘gsw013’ saved [163869/163869]

--2017-02-03 05:42:38--  http://doi.org/10.1093/pa/gsw014
Connecting to doi.org (doi.org)|95.138.171.129|:80... connected.
HTTP request sent, awaiting response... 303 See Other
Location: https://academic.oup.com/pa/article-lookup/doi/10.1093/pa/gsw014 [following]
--2017-02-03 05:42:39--  https://academic.oup.com/pa/article-lookup/doi/10.1093/pa/gsw014
Connecting to academic.oup.com (academic.oup.com)|173.254.190.144|:443... connected.
HTTP request sent, awaiting response... 200 OK
Length: 93742 (92K) [text/html]
Saving to: ‘gsw014’

     0K .......... .......... .......... .......... .......... 54%  209K 0s
    50K .......... .......... .......... .......... .         100%  520K=0.3s

2017-02-03 05:42:48 (287 KB/s) - ‘gsw014’ saved [93742/93742]

--2017-02-03 05:42:49--  http://doi.org/10.1093/pa/gsw017
Connecting to doi.org (doi.org)|95.138.171.129|:80... connected.
HTTP request sent, awaiting response... 303 See Other
Location: http://pa.oxfordjournals.org/lookup/doi/10.1093/pa/gsw017 [following]
--2017-02-03 05:42:50--  http://pa.oxfordjournals.org/lookup/doi/10.1093/pa/gsw017
Resolving pa.oxfordjournals.org (pa.oxfordjournals.org)... 209.135.222.209
Connecting to pa.oxfordjournals.org (pa.oxfordjournals.org)|209.135.222.209|:80... connected.
HTTP request sent, awaiting response... 301 Moved Permanently
Cookie coming from pa.oxfordjournals.org attempted to set domain to academic.oup.com
Location: https://academic.oup.com/pa/article/70/1/173/2669614/The-Alternative-Externalisation-Strategy [following]
--2017-02-03 05:42:51--  https://academic.oup.com/pa/article/70/1/173/2669614/The-Alternative-Externalisation-Strategy
Connecting to academic.oup.com (academic.oup.com)|173.254.190.144|:443... connected.
HTTP request sent, awaiting response... 200 OK
Length: 180041 (176K) [text/html]
Saving to: ‘gsw017’

     0K .......... .......... .......... .......... .......... 28%  209K 1s
    50K .......... .......... .......... .......... .......... 56%  600K 0s
   100K .......... .......... .......... .......... .......... 85%  611K 0s
   150K .......... .......... .....                           100%  335K=0.5s

2017-02-03 05:42:58 (365 KB/s) - ‘gsw017’ saved [180041/180041]

--2017-02-03 05:42:59--  http://doi.org/10.1093/pa/gsw020
Connecting to doi.org (doi.org)|95.138.171.129|:80... connected.
HTTP request sent, awaiting response... 303 See Other
Location: http://pa.oxfordjournals.org/lookup/doi/10.1093/pa/gsw020 [following]
--2017-02-03 05:43:00--  http://pa.oxfordjournals.org/lookup/doi/10.1093/pa/gsw020
Connecting to pa.oxfordjournals.org (pa.oxfordjournals.org)|209.135.222.209|:80... connected.
HTTP request sent, awaiting response... 301 Moved Permanently
Cookie coming from pa.oxfordjournals.org attempted to set domain to academic.oup.com
Location: https://academic.oup.com/pa/article/70/1/1/2669622/Public-Foreplay-or-Programmes-for-Government-The [following]
--2017-02-03 05:43:01--  https://academic.oup.com/pa/article/70/1/1/2669622/Public-Foreplay-or-Programmes-for-Government-The
Connecting to academic.oup.com (academic.oup.com)|173.254.190.144|:443... connected.
HTTP request sent, awaiting response... 400 Bad Request
2017-02-03 05:43:02 ERROR 400: Bad Request.

--2017-02-03 05:43:03--  http://doi.org/10.1093/pa/gsw008
Connecting to doi.org (doi.org)|95.138.171.129|:80... connected.
HTTP request sent, awaiting response... 303 See Other
Location: https://academic.oup.com/pa/article-lookup/doi/10.1093/pa/gsw008 [following]
--2017-02-03 05:43:04--  https://academic.oup.com/pa/article-lookup/doi/10.1093/pa/gsw008
Connecting to academic.oup.com (academic.oup.com)|173.254.190.144|:443... connected.
HTTP request sent, awaiting response... 200 OK
Length: 154902 (151K) [text/html]
Saving to: ‘gsw008’

     0K .......... .......... .......... .......... .......... 33%  209K 0s
    50K .......... .......... .......... .......... .......... 66%  613K 0s
   100K .......... .......... .......... .......... .......... 99%  604K 0s
   150K .                                                     100% 2425G=0.4s

2017-02-03 05:43:16 (375 KB/s) - ‘gsw008’ saved [154902/154902]

--2017-02-03 05:43:17--  http://doi.org/10.1093/pa/gsw006
Connecting to doi.org (doi.org)|95.138.171.129|:80... connected.
HTTP request sent, awaiting response... 303 See Other
Location: https://academic.oup.com/pa/article-lookup/doi/10.1093/pa/gsw006 [following]
--2017-02-03 05:43:18--  https://academic.oup.com/pa/article-lookup/doi/10.1093/pa/gsw006
Connecting to academic.oup.com (academic.oup.com)|173.254.190.144|:443... connected.
HTTP request sent, awaiting response... 200 OK
Length: 205499 (201K) [text/html]
Saving to: ‘gsw006’

     0K .......... .......... .......... .......... .......... 24%  209K 1s
    50K .......... .......... .......... .......... .......... 49%  605K 0s
   100K .......... .......... .......... .......... .......... 74%  611K 0s
   150K .......... .......... .......... .......... .......... 99%  415K 0s
   200K                                                       100% 1302G=0.5s

2017-02-03 05:43:29 (383 KB/s) - ‘gsw006’ saved [205499/205499]

--2017-02-03 05:43:30--  http://doi.org/10.1093/pa/gsw012
Connecting to doi.org (doi.org)|95.138.171.129|:80... connected.
HTTP request sent, awaiting response... 303 See Other
Location: http://pa.oxfordjournals.org/lookup/doi/10.1093/pa/gsw012 [following]
--2017-02-03 05:43:31--  http://pa.oxfordjournals.org/lookup/doi/10.1093/pa/gsw012
Connecting to pa.oxfordjournals.org (pa.oxfordjournals.org)|209.135.222.209|:80... connected.
HTTP request sent, awaiting response... 301 Moved Permanently
Cookie coming from pa.oxfordjournals.org attempted to set domain to academic.oup.com
Location: https://academic.oup.com/pa/article/70/1/155/2823720/Ethnography-of-Parliament-Finding-Culture-and [following]
--2017-02-03 05:43:32--  https://academic.oup.com/pa/article/70/1/155/2823720/Ethnography-of-Parliament-Finding-Culture-and
Connecting to academic.oup.com (academic.oup.com)|173.254.190.144|:443... connected.
HTTP request sent, awaiting response... 200 OK
Length: 152938 (149K) [text/html]
Saving to: ‘gsw012’

     0K .......... .......... .......... .......... .......... 33%  209K 0s
    50K .......... .......... .......... .......... .......... 66%  610K 0s
   100K .......... .......... .......... .......... ......... 100%  608K=0.4s

2017-02-03 05:43:54 (371 KB/s) - ‘gsw012’ saved [152938/152938]

--2017-02-03 05:43:55--  http://doi.org/10.1093/pa/gsw011
Connecting to doi.org (doi.org)|95.138.171.129|:80... connected.
HTTP request sent, awaiting response... 303 See Other
Location: https://academic.oup.com/pa/article-lookup/doi/10.1093/pa/gsw011 [following]
--2017-02-03 05:43:56--  https://academic.oup.com/pa/article-lookup/doi/10.1093/pa/gsw011
Connecting to academic.oup.com (academic.oup.com)|173.254.190.144|:443... connected.
HTTP request sent, awaiting response... 200 OK
Length: 174746 (171K) [text/html]
Saving to: ‘gsw011’

     0K .......... .......... .......... .......... .......... 29%  209K 1s
    50K .......... .......... .......... .......... .......... 58%  611K 0s
   100K .......... .......... .......... .......... .......... 87%  606K 0s
   150K .......... ..........                                 100%  262K=0.5s

2017-02-03 05:44:07 (354 KB/s) - ‘gsw011’ saved [174746/174746]

--2017-02-03 05:44:08--  http://doi.org/10.1093/pa/gsw009
Connecting to doi.org (doi.org)|95.138.171.129|:80... connected.
HTTP request sent, awaiting response... 303 See Other
Location: http://pa.oxfordjournals.org/lookup/doi/10.1093/pa/gsw009 [following]
--2017-02-03 05:44:09--  http://pa.oxfordjournals.org/lookup/doi/10.1093/pa/gsw009
Connecting to pa.oxfordjournals.org (pa.oxfordjournals.org)|209.135.222.209|:80... connected.
HTTP request sent, awaiting response... 301 Moved Permanently
Cookie coming from pa.oxfordjournals.org attempted to set domain to academic.oup.com
Location: https://academic.oup.com/pa/article/70/1/132/2823719/Petitioning-the-German-Bundestag-Political [following]
--2017-02-03 05:44:10--  https://academic.oup.com/pa/article/70/1/132/2823719/Petitioning-the-German-Bundestag-Political
Connecting to academic.oup.com (academic.oup.com)|173.254.190.144|:443... connected.
HTTP request sent, awaiting response... 200 OK
Length: 228706 (223K) [text/html]
Saving to: ‘gsw009’

     0K .......... .......... .......... .......... .......... 22%  309K 1s
    50K .......... .......... .......... .......... .......... 44%  310K 0s
   100K .......... .......... .......... .......... .......... 67%  609K 0s
   150K .......... .......... .......... .......... .......... 89%  321K 0s
   200K .......... .......... ...                             100% 4.85M=0.6s

2017-02-03 05:44:23 (395 KB/s) - ‘gsw009’ saved [228706/228706]

--2017-02-03 05:44:24--  http://doi.org/10.1093/pa/gsw007
Connecting to doi.org (doi.org)|95.138.171.129|:80... connected.
HTTP request sent, awaiting response... 303 See Other
Location: https://academic.oup.com/pa/article-lookup/doi/10.1093/pa/gsw007 [following]
--2017-02-03 05:44:25--  https://academic.oup.com/pa/article-lookup/doi/10.1093/pa/gsw007
Connecting to academic.oup.com (academic.oup.com)|173.254.190.144|:443... connected.
HTTP request sent, awaiting response... 400 Bad Request
2017-02-03 05:44:25 ERROR 400: Bad Request.

--2017-02-03 05:44:26--  http://doi.org/10.1093/pa/gsw010
Connecting to doi.org (doi.org)|95.138.171.129|:80... connected.
HTTP request sent, awaiting response... 303 See Other
Location: https://academic.oup.com/pa/article-lookup/doi/10.1093/pa/gsw010 [following]
--2017-02-03 05:44:28--  https://academic.oup.com/pa/article-lookup/doi/10.1093/pa/gsw010
Connecting to academic.oup.com (academic.oup.com)|173.254.190.144|:443... connected.
HTTP request sent, awaiting response... 400 Bad Request
2017-02-03 05:44:28 ERROR 400: Bad Request.

--2017-02-03 05:44:29--  http://doi.org/10.1093/pa/gsw004
Connecting to doi.org (doi.org)|95.138.171.129|:80... connected.
HTTP request sent, awaiting response... 303 See Other
Location: https://academic.oup.com/pa/article-lookup/doi/10.1093/pa/gsw004 [following]
--2017-02-03 05:44:30--  https://academic.oup.com/pa/article-lookup/doi/10.1093/pa/gsw004
Connecting to academic.oup.com (academic.oup.com)|173.254.190.144|:443... connected.
HTTP request sent, awaiting response... 200 OK
Length: 99063 (97K) [text/html]
Saving to: ‘gsw004’

     0K .......... .......... .......... .......... .......... 51%  209K 0s
    50K .......... .......... .......... .......... ......    100%  577K=0.3s

2017-02-03 05:44:42 (302 KB/s) - ‘gsw004’ saved [99063/99063]

--2017-02-03 05:44:43--  http://doi.org/10.1093/pa/gsw002
Connecting to doi.org (doi.org)|95.138.171.129|:80... connected.
HTTP request sent, awaiting response... 303 See Other
Location: https://academic.oup.com/pa/article-lookup/doi/10.1093/pa/gsw002 [following]
--2017-02-03 05:44:44--  https://academic.oup.com/pa/article-lookup/doi/10.1093/pa/gsw002
Connecting to academic.oup.com (academic.oup.com)|173.254.190.144|:443... connected.
HTTP request sent, awaiting response... 200 OK
Length: 152979 (149K) [text/html]
Saving to: ‘gsw002’

     0K .......... .......... .......... .......... .......... 33%  209K 0s
    50K .......... .......... .......... .......... .......... 66%  594K 0s
   100K .......... .......... .......... .......... ......... 100%  605K=0.4s

2017-02-03 05:44:55 (369 KB/s) - ‘gsw002’ saved [152979/152979]

--2017-02-03 05:44:56--  http://doi.org/10.1093/pa/gsw003
Connecting to doi.org (doi.org)|95.138.171.129|:80... connected.
HTTP request sent, awaiting response... 303 See Other
Location: https://academic.oup.com/pa/article-lookup/doi/10.1093/pa/gsw003 [following]
--2017-02-03 05:44:57--  https://academic.oup.com/pa/article-lookup/doi/10.1093/pa/gsw003
Connecting to academic.oup.com (academic.oup.com)|173.254.190.144|:443... connected.
HTTP request sent, awaiting response... 200 OK
Length: 171516 (167K) [text/html]
Saving to: ‘gsw003’

     0K .......... .......... .......... .......... .......... 29%  209K 1s
    50K .......... .......... .......... .......... .......... 59%  608K 0s
   100K .......... .......... .......... .......... .......... 89%  612K 0s
   150K .......... .......                                    100%  223K=0.5s

2017-02-03 05:45:02 (348 KB/s) - ‘gsw003’ saved [171516/171516]

--2017-02-03 05:45:03--  http://doi.org/10.1093/pa/gsw005
Connecting to doi.org (doi.org)|95.138.171.129|:80... connected.
HTTP request sent, awaiting response... 303 See Other
Location: https://academic.oup.com/pa/article-lookup/doi/10.1093/pa/gsw005 [following]
--2017-02-03 05:45:04--  https://academic.oup.com/pa/article-lookup/doi/10.1093/pa/gsw005
Connecting to academic.oup.com (academic.oup.com)|173.254.190.144|:443... connected.
HTTP request sent, awaiting response... 200 OK
Length: 166618 (163K) [text/html]
Saving to: ‘gsw005’

     0K .......... .......... .......... .......... .......... 30%  209K 1s
    50K .......... .......... .......... .......... .......... 61%  609K 0s
   100K .......... .......... .......... .......... .......... 92%  616K 0s
   150K .......... ..                                         100% 3.80M=0.4s

2017-02-03 05:45:16 (401 KB/s) - ‘gsw005’ saved [166618/166618]

--2017-02-03 05:45:17--  http://doi.org/10.1093/pa/gsv069
Connecting to doi.org (doi.org)|95.138.171.129|:80... connected.
HTTP request sent, awaiting response... 303 See Other
Location: http://pa.oxfordjournals.org/lookup/doi/10.1093/pa/gsv069 [following]
--2017-02-03 05:45:18--  http://pa.oxfordjournals.org/lookup/doi/10.1093/pa/gsv069
Connecting to pa.oxfordjournals.org (pa.oxfordjournals.org)|209.135.222.209|:80... connected.
HTTP request sent, awaiting response... 301 Moved Permanently
Cookie coming from pa.oxfordjournals.org attempted to set domain to academic.oup.com
Location: https://academic.oup.com/pa/article/70/1/22/2823717/Disruptive-Dynamic-and-Democratic-Ten-Years-of-FOI [following]
--2017-02-03 05:45:20--  https://academic.oup.com/pa/article/70/1/22/2823717/Disruptive-Dynamic-and-Democratic-Ten-Years-of-FOI
Connecting to academic.oup.com (academic.oup.com)|173.254.190.144|:443... connected.
HTTP request sent, awaiting response... 400 Bad Request
2017-02-03 05:45:20 ERROR 400: Bad Request.

--2017-02-03 05:45:21--  http://doi.org/10.1093/pa/gsw001
Connecting to doi.org (doi.org)|95.138.171.129|:80... connected.
HTTP request sent, awaiting response... 303 See Other
Location: http://pa.oxfordjournals.org/lookup/doi/10.1093/pa/gsw001 [following]
--2017-02-03 05:45:22--  http://pa.oxfordjournals.org/lookup/doi/10.1093/pa/gsw001
Connecting to pa.oxfordjournals.org (pa.oxfordjournals.org)|209.135.222.209|:80... connected.
HTTP request sent, awaiting response... 301 Moved Permanently
Cookie coming from pa.oxfordjournals.org attempted to set domain to academic.oup.com
Location: https://academic.oup.com/pa/article/70/1/111/2823718/Substantive-Religious-Representation-in-the-UK [following]
--2017-02-03 05:45:23--  https://academic.oup.com/pa/article/70/1/111/2823718/Substantive-Religious-Representation-in-the-UK
Connecting to academic.oup.com (academic.oup.com)|173.254.190.144|:443... connected.
HTTP request sent, awaiting response... 200 OK
Length: 206911 (202K) [text/html]
Saving to: ‘gsw001’

     0K .......... .......... .......... .......... .......... 24%  208K 1s
    50K .......... .......... .......... .......... .......... 49%  602K 0s
   100K .......... .......... .......... .......... .......... 74%  612K 0s
   150K .......... .......... .......... .......... .......... 98%  314K 0s
   200K ..                                                    100% 8.04M=0.6s

2017-02-03 05:45:37 (358 KB/s) - ‘gsw001’ saved [206911/206911]

--2017-02-03 05:45:38--  http://doi.org/10.1093/pa/gsv064
Connecting to doi.org (doi.org)|95.138.171.129|:80... connected.
HTTP request sent, awaiting response... 303 See Other
Location: https://academic.oup.com/pa/article-lookup/doi/10.1093/pa/gsv064 [following]
--2017-02-03 05:45:39--  https://academic.oup.com/pa/article-lookup/doi/10.1093/pa/gsv064
Connecting to academic.oup.com (academic.oup.com)|173.254.190.144|:443... connected.
HTTP request sent, awaiting response... 200 OK
Length: 193202 (189K) [text/html]
Saving to: ‘gsv064’

     0K .......... .......... .......... .......... .......... 26%  209K 1s
    50K .......... .......... .......... .......... .......... 53%  609K 0s
   100K .......... .......... .......... .......... .......... 79%  612K 0s
   150K .......... .......... .......... ........             100%  478K=0.5s

2017-02-03 05:45:53 (389 KB/s) - ‘gsv064’ saved [193202/193202]

--2017-02-03 05:45:54--  http://doi.org/10.1093/pa/gsv059
Connecting to doi.org (doi.org)|95.138.171.129|:80... connected.
HTTP request sent, awaiting response... 303 See Other
Location: https://academic.oup.com/pa/article-lookup/doi/10.1093/pa/gsv059 [following]
--2017-02-03 05:45:55--  https://academic.oup.com/pa/article-lookup/doi/10.1093/pa/gsv059
Connecting to academic.oup.com (academic.oup.com)|173.254.190.144|:443... connected.
HTTP request sent, awaiting response... 400 Bad Request
2017-02-03 05:45:56 ERROR 400: Bad Request.

--2017-02-03 05:45:57--  http://doi.org/10.1093/pa/gsv062
Connecting to doi.org (doi.org)|95.138.171.129|:80... connected.
HTTP request sent, awaiting response... 303 See Other
Location: https://academic.oup.com/pa/article-lookup/doi/10.1093/pa/gsv062 [following]
--2017-02-03 05:45:58--  https://academic.oup.com/pa/article-lookup/doi/10.1093/pa/gsv062
Connecting to academic.oup.com (academic.oup.com)|173.254.190.144|:443... connected.
HTTP request sent, awaiting response... 200 OK
Length: 215537 (210K) [text/html]
Saving to: ‘gsv062’

     0K .......... .......... .......... .......... .......... 23%  209K 1s
    50K .......... .......... .......... .......... .......... 47%  605K 0s
   100K .......... .......... .......... .......... .......... 71%  605K 0s
   150K .......... .......... .......... .......... .......... 95%  318K 0s
   200K ..........                                            100% 5.29M=0.6s

2017-02-03 05:46:17 (373 KB/s) - ‘gsv062’ saved [215537/215537]

--2017-02-03 05:46:18--  http://doi.org/10.1093/pa/gsv063
Connecting to doi.org (doi.org)|95.138.171.129|:80... connected.
HTTP request sent, awaiting response... 303 See Other
Location: https://academic.oup.com/pa/article-lookup/doi/10.1093/pa/gsv063 [following]
--2017-02-03 05:46:20--  https://academic.oup.com/pa/article-lookup/doi/10.1093/pa/gsv063
Connecting to academic.oup.com (academic.oup.com)|173.254.190.144|:443... connected.
HTTP request sent, awaiting response... 200 OK
Length: 203367 (199K) [text/html]
Saving to: ‘gsv063’

     0K .......... .......... .......... .......... .......... 25%  209K 1s
    50K .......... .......... .......... .......... .......... 50%  610K 0s
   100K .......... .......... .......... .......... .......... 75%  608K 0s
   150K .......... .......... .......... .......... ........  100%  597K=0.5s

2017-02-03 05:46:35 (410 KB/s) - ‘gsv063’ saved [203367/203367]

--2017-02-03 05:46:36--  http://doi.org/10.1093/pa/gsv060
Connecting to doi.org (doi.org)|95.138.171.129|:80... connected.
HTTP request sent, awaiting response... 303 See Other
Location: https://academic.oup.com/pa/article-lookup/doi/10.1093/pa/gsv060 [following]
--2017-02-03 05:46:37--  https://academic.oup.com/pa/article-lookup/doi/10.1093/pa/gsv060
Connecting to academic.oup.com (academic.oup.com)|173.254.190.144|:443... connected.
HTTP request sent, awaiting response... 200 OK
Length: 209568 (205K) [text/html]
Saving to: ‘gsv060’

     0K .......... .......... .......... .......... .......... 24%  208K 1s
    50K .......... .......... .......... .......... .......... 48%  605K 0s
   100K .......... .......... .......... .......... .......... 73%  612K 0s
   150K .......... .......... .......... .......... .......... 97%  422K 0s
   200K ....                                                  100% 2.90M=0.5s

2017-02-03 05:47:03 (390 KB/s) - ‘gsv060’ saved [209568/209568]

--2017-02-03 05:47:04--  http://doi.org/10.1093/pa/gsv061
Connecting to doi.org (doi.org)|95.138.171.129|:80... connected.
HTTP request sent, awaiting response... 303 See Other
Location: https://academic.oup.com/pa/article-lookup/doi/10.1093/pa/gsv061 [following]
--2017-02-03 05:47:05--  https://academic.oup.com/pa/article-lookup/doi/10.1093/pa/gsv061
Connecting to academic.oup.com (academic.oup.com)|173.254.190.144|:443... connected.
HTTP request sent, awaiting response... 400 Bad Request
2017-02-03 05:47:06 ERROR 400: Bad Request.

--2017-02-03 05:47:07--  http://doi.org/10.1093/pa/gsv067
Connecting to doi.org (doi.org)|95.138.171.129|:80... connected.
HTTP request sent, awaiting response... 303 See Other
Location: https://academic.oup.com/pa/article-lookup/doi/10.1093/pa/gsv067 [following]
--2017-02-03 05:47:08--  https://academic.oup.com/pa/article-lookup/doi/10.1093/pa/gsv067
Connecting to academic.oup.com (academic.oup.com)|173.254.190.144|:443... connected.
HTTP request sent, awaiting response... 200 OK
Length: 279913 (273K) [text/html]
Saving to: ‘gsv067’

     0K .......... .......... .......... .......... .......... 18%  208K 1s
    50K .......... .......... .......... .......... .......... 36%  599K 1s
   100K .......... .......... .......... .......... .......... 54%  611K 0s
   150K .......... .......... .......... .......... .......... 73%  314K 0s
   200K .......... .......... .......... .......... .......... 91%  599K 0s
   250K .......... .......... ...                             100% 3.89M=0.7s

2017-02-03 05:47:16 (418 KB/s) - ‘gsv067’ saved [279913/279913]

--2017-02-03 05:47:17--  http://doi.org/10.1093/pa/gsv068
Connecting to doi.org (doi.org)|95.138.171.129|:80... connected.
HTTP request sent, awaiting response... 303 See Other
Location: http://pa.oxfordjournals.org/lookup/doi/10.1093/pa/gsv068 [following]
--2017-02-03 05:47:19--  http://pa.oxfordjournals.org/lookup/doi/10.1093/pa/gsv068
Connecting to pa.oxfordjournals.org (pa.oxfordjournals.org)|209.135.222.209|:80... connected.
HTTP request sent, awaiting response... 301 Moved Permanently
Cookie coming from pa.oxfordjournals.org attempted to set domain to academic.oup.com
Location: https://academic.oup.com/pa/article/70/1/84/2823706/An-Intra-Party-Democracy-Index-Theory-Design-and-A [following]
--2017-02-03 05:47:20--  https://academic.oup.com/pa/article/70/1/84/2823706/An-Intra-Party-Democracy-Index-Theory-Design-and-A
Connecting to academic.oup.com (academic.oup.com)|173.254.190.144|:443... connected.
HTTP request sent, awaiting response... 200 OK
Length: 280847 (274K) [text/html]
Saving to: ‘gsv068’

     0K .......... .......... .......... .......... .......... 18%  209K 1s
    50K .......... .......... .......... .......... .......... 36%  597K 1s
   100K .......... .......... .......... .......... .......... 54%  603K 0s
   150K .......... .......... .......... .......... .......... 72%  611K 0s
   200K .......... .......... .......... .......... .......... 91%  314K 0s
   250K .......... .......... ....                            100% 11.3M=0.6s

2017-02-03 05:47:26 (422 KB/s) - ‘gsv068’ saved [280847/280847]

--2017-02-03 05:47:27--  http://doi.org/10.1093/pa/gsv066
Connecting to doi.org (doi.org)|95.138.171.129|:80... connected.
HTTP request sent, awaiting response... 303 See Other
Location: http://pa.oxfordjournals.org/lookup/doi/10.1093/pa/gsv066 [following]
--2017-02-03 05:47:28--  http://pa.oxfordjournals.org/lookup/doi/10.1093/pa/gsv066
Connecting to pa.oxfordjournals.org (pa.oxfordjournals.org)|209.135.222.209|:80... connected.
HTTP request sent, awaiting response... 301 Moved Permanently
Cookie coming from pa.oxfordjournals.org attempted to set domain to academic.oup.com
Location: https://academic.oup.com/pa/article/70/1/62/2823688/Party-Gate-Keeping-and-Women-s-Appointment-to [following]
--2017-02-03 05:47:30--  https://academic.oup.com/pa/article/70/1/62/2823688/Party-Gate-Keeping-and-Women-s-Appointment-to
Connecting to academic.oup.com (academic.oup.com)|173.254.190.144|:443... connected.
HTTP request sent, awaiting response... 200 OK
Length: 277287 (271K) [text/html]
Saving to: ‘gsv066’

     0K .......... .......... .......... .......... .......... 18%  209K 1s
    50K .......... .......... .......... .......... .......... 36%  609K 1s
   100K .......... .......... .......... .......... .......... 55%  610K 0s
   150K .......... .......... .......... .......... .......... 73%  317K 0s
   200K .......... .......... .......... .......... .......... 92%  589K 0s
   250K .......... ..........                                 100%  586K=0.7s

2017-02-03 05:47:39 (398 KB/s) - ‘gsv066’ saved [277287/277287]

--2017-02-03 05:47:40--  http://doi.org/10.1093/pa/gsv065
Connecting to doi.org (doi.org)|95.138.171.129|:80... connected.
HTTP request sent, awaiting response... 303 See Other
Location: https://academic.oup.com/pa/article-lookup/doi/10.1093/pa/gsv065 [following]
--2017-02-03 05:47:41--  https://academic.oup.com/pa/article-lookup/doi/10.1093/pa/gsv065
Connecting to academic.oup.com (academic.oup.com)|173.254.190.144|:443... connected.
HTTP request sent, awaiting response... 200 OK
Length: 179338 (175K) [text/html]
Saving to: ‘gsv065’

     0K .......... .......... .......... .......... .......... 28%  209K 1s
    50K .......... .......... .......... .......... .......... 57%  613K 0s
   100K .......... .......... .......... .......... .......... 85%  603K 0s
   150K .......... .......... .....                           100%  323K=0.5s

2017-02-03 05:47:55 (364 KB/s) - ‘gsv065’ saved [179338/179338]

--2017-02-03 05:47:56--  http://doi.org/10.1093/pa/gsv057
Connecting to doi.org (doi.org)|95.138.171.129|:80... connected.
HTTP request sent, awaiting response... 303 See Other
Location: https://academic.oup.com/pa/article-lookup/doi/10.1093/pa/gsv057 [following]
--2017-02-03 05:47:57--  https://academic.oup.com/pa/article-lookup/doi/10.1093/pa/gsv057
Connecting to academic.oup.com (academic.oup.com)|173.254.190.144|:443... connected.
HTTP request sent, awaiting response... 200 OK
Length: 186030 (182K) [text/html]
Saving to: ‘gsv057’

     0K .......... .......... .......... .......... .......... 27%  209K 1s
    50K .......... .......... .......... .......... .......... 55%  606K 0s
   100K .......... .......... .......... .......... .......... 82%  598K 0s
   150K .......... .......... .......... .                    100%  405K=0.5s

2017-02-03 05:48:17 (376 KB/s) - ‘gsv057’ saved [186030/186030]

--2017-02-03 05:48:18--  http://doi.org/10.1093/pa/gsv058
Connecting to doi.org (doi.org)|95.138.171.129|:80... connected.
HTTP request sent, awaiting response... 303 See Other
Location: https://academic.oup.com/pa/article-lookup/doi/10.1093/pa/gsv058 [following]
--2017-02-03 05:48:19--  https://academic.oup.com/pa/article-lookup/doi/10.1093/pa/gsv058
Connecting to academic.oup.com (academic.oup.com)|173.254.190.144|:443... connected.
HTTP request sent, awaiting response... 200 OK
Length: 270347 (264K) [text/html]
Saving to: ‘gsv058’

     0K .......... .......... .......... .......... .......... 18%  209K 1s
    50K .......... .......... .......... .......... .......... 37%  603K 1s
   100K .......... .......... .......... .......... .......... 56%  608K 0s
   150K .......... .......... .......... .......... .......... 75%  317K 0s
   200K .......... .......... .......... .......... .......... 94%  601K 0s
   250K .......... ....                                       100% 14.2M=0.6s

2017-02-03 05:48:31 (408 KB/s) - ‘gsv058’ saved [270347/270347]

--2017-02-03 05:48:32--  http://doi.org/10.1093/pa/gsv056
Connecting to doi.org (doi.org)|95.138.171.129|:80... connected.
HTTP request sent, awaiting response... 303 See Other
Location: https://academic.oup.com/pa/article-lookup/doi/10.1093/pa/gsv056 [following]
--2017-02-03 05:48:33--  https://academic.oup.com/pa/article-lookup/doi/10.1093/pa/gsv056
Connecting to academic.oup.com (academic.oup.com)|173.254.190.144|:443... connected.
HTTP request sent, awaiting response... 200 OK
Length: 248700 (243K) [text/html]
Saving to: ‘gsv056’

     0K .......... .......... .......... .......... .......... 20%  305K 1s
    50K .......... .......... .......... .......... .......... 41%  316K 0s
   100K .......... .......... .......... .......... .......... 61%  591K 0s
   150K .......... .......... .......... .......... .......... 82%  604K 0s
   200K .......... .......... .......... .......... ..        100%  527K=0.6s

2017-02-03 05:48:52 (425 KB/s) - ‘gsv056’ saved [248700/248700]

--2017-02-03 05:48:53--  http://doi.org/10.1093/pa/gsv055
Connecting to doi.org (doi.org)|95.138.171.129|:80... connected.
HTTP request sent, awaiting response... 303 See Other
Location: https://academic.oup.com/pa/article-lookup/doi/10.1093/pa/gsv055 [following]
--2017-02-03 05:48:54--  https://academic.oup.com/pa/article-lookup/doi/10.1093/pa/gsv055
Connecting to academic.oup.com (academic.oup.com)|173.254.190.144|:443... connected.
HTTP request sent, awaiting response... 200 OK
Length: 243325 (238K) [text/html]
Saving to: ‘gsv055’

     0K .......... .......... .......... .......... .......... 21%  209K 1s
    50K .......... .......... .......... .......... .......... 42%  609K 0s
   100K .......... .......... .......... .......... .......... 63%  603K 0s
   150K .......... .......... .......... .......... .......... 84%  420K 0s
   200K .......... .......... .......... .......              100%  859K=0.6s

2017-02-03 05:48:59 (419 KB/s) - ‘gsv055’ saved [243325/243325]

--2017-02-03 05:49:00--  http://doi.org/10.1093/pa/gsv054
Connecting to doi.org (doi.org)|95.138.171.129|:80... connected.
HTTP request sent, awaiting response... 303 See Other
Location: https://academic.oup.com/pa/article-lookup/doi/10.1093/pa/gsv054 [following]
--2017-02-03 05:49:01--  https://academic.oup.com/pa/article-lookup/doi/10.1093/pa/gsv054
Connecting to academic.oup.com (academic.oup.com)|173.254.190.144|:443... connected.
HTTP request sent, awaiting response... 200 OK
Length: 214810 (210K) [text/html]
Saving to: ‘gsv054’

     0K .......... .......... .......... .......... .......... 23%  310K 1s
    50K .......... .......... .......... .......... .......... 47%  314K 0s
   100K .......... .......... .......... .......... .......... 71%  140K 0s
   150K .......... .......... .......... .......... .......... 95%  611K 0s
   200K .........                                             100% 23.0M=0.8s

2017-02-03 05:49:12 (276 KB/s) - ‘gsv054’ saved [214810/214810]

--2017-02-03 05:49:13--  http://doi.org/10.1093/pa/gsv051
Connecting to doi.org (doi.org)|95.138.171.129|:80... connected.
HTTP request sent, awaiting response... 303 See Other
Location: https://academic.oup.com/pa/article-lookup/doi/10.1093/pa/gsv051 [following]
--2017-02-03 05:49:14--  https://academic.oup.com/pa/article-lookup/doi/10.1093/pa/gsv051
Connecting to academic.oup.com (academic.oup.com)|173.254.190.144|:443... connected.
HTTP request sent, awaiting response... 200 OK
Length: 129047 (126K) [text/html]
Saving to: ‘gsv051’

     0K .......... .......... .......... .......... .......... 39%  209K 0s
    50K .......... .......... .......... .......... .......... 79%  595K 0s
   100K .......... .......... ......                          100% 17.3M=0.3s

2017-02-03 05:49:20 (388 KB/s) - ‘gsv051’ saved [129047/129047]

--2017-02-03 05:49:21--  http://doi.org/10.1093/pa/gsv053
Connecting to doi.org (doi.org)|95.138.171.129|:80... connected.
HTTP request sent, awaiting response... 303 See Other
Location: https://academic.oup.com/pa/article-lookup/doi/10.1093/pa/gsv053 [following]
--2017-02-03 05:49:22--  https://academic.oup.com/pa/article-lookup/doi/10.1093/pa/gsv053
Connecting to academic.oup.com (academic.oup.com)|173.254.190.144|:443... connected.
HTTP request sent, awaiting response... 200 OK
Length: 204041 (199K) [text/html]
Saving to: ‘gsv053’

     0K .......... .......... .......... .......... .......... 25%  209K 1s
    50K .......... .......... .......... .......... .......... 50%  604K 0s
   100K .......... .......... .......... .......... .......... 75%  612K 0s
   150K .......... .......... .......... .......... ......... 100%  573K=0.5s

2017-02-03 05:49:30 (407 KB/s) - ‘gsv053’ saved [204041/204041]

--2017-02-03 05:49:31--  http://doi.org/10.1093/pa/gsv052
Connecting to doi.org (doi.org)|95.138.171.129|:80... connected.
HTTP request sent, awaiting response... 303 See Other
Location: https://academic.oup.com/pa/article-lookup/doi/10.1093/pa/gsv052 [following]
--2017-02-03 05:49:32--  https://academic.oup.com/pa/article-lookup/doi/10.1093/pa/gsv052
Connecting to academic.oup.com (academic.oup.com)|173.254.190.144|:443... connected.
HTTP request sent, awaiting response... 200 OK
Length: 206979 (202K) [text/html]
Saving to: ‘gsv052’

     0K .......... .......... .......... .......... .......... 24%  310K 0s
    50K .......... .......... .......... .......... .......... 49%  312K 0s
   100K .......... .......... .......... .......... .......... 74%  614K 0s
   150K .......... .......... .......... .......... .......... 98%  603K 0s
   200K ..                                                    100% 4059G=0.5s

2017-02-03 05:49:58 (416 KB/s) - ‘gsv052’ saved [206979/206979]

--2017-02-03 05:49:59--  http://doi.org/10.1093/pa/gsv050
Connecting to doi.org (doi.org)|95.138.171.129|:80... connected.
HTTP request sent, awaiting response... 303 See Other
Location: https://academic.oup.com/pa/article-lookup/doi/10.1093/pa/gsv050 [following]
--2017-02-03 05:50:00--  https://academic.oup.com/pa/article-lookup/doi/10.1093/pa/gsv050
Connecting to academic.oup.com (academic.oup.com)|173.254.190.144|:443... connected.
HTTP request sent, awaiting response... 200 OK
Length: 156538 (153K) [text/html]
Saving to: ‘gsv050’

     0K .......... .......... .......... .......... .......... 32%  209K 0s
    50K .......... .......... .......... .......... .......... 65%  610K 0s
   100K .......... .......... .......... .......... .......... 98%  604K 0s
   150K ..                                                    100% 5472G=0.4s

2017-02-03 05:50:24 (378 KB/s) - ‘gsv050’ saved [156538/156538]

--2017-02-03 05:50:25--  http://doi.org/10.1093/pa/gsv044
Connecting to doi.org (doi.org)|95.138.171.129|:80... connected.
HTTP request sent, awaiting response... 303 See Other
Location: https://academic.oup.com/pa/article-lookup/doi/10.1093/pa/gsv044 [following]
--2017-02-03 05:50:26--  https://academic.oup.com/pa/article-lookup/doi/10.1093/pa/gsv044
Connecting to academic.oup.com (academic.oup.com)|173.254.190.144|:443... connected.
HTTP request sent, awaiting response... 200 OK
Length: 188170 (184K) [text/html]
Saving to: ‘gsv044’

     0K .......... .......... .......... .......... .......... 27%  208K 1s
    50K .......... .......... .......... .......... .......... 54%  610K 0s
   100K .......... .......... .......... .......... .......... 81%  584K 0s
   150K .......... .......... .......... ...                  100%  420K=0.5s

2017-02-03 05:50:34 (376 KB/s) - ‘gsv044’ saved [188170/188170]

--2017-02-03 05:50:35--  http://doi.org/10.1093/pa/gsv046
Connecting to doi.org (doi.org)|95.138.171.129|:80... connected.
HTTP request sent, awaiting response... 303 See Other
Location: https://academic.oup.com/pa/article-lookup/doi/10.1093/pa/gsv046 [following]
--2017-02-03 05:50:36--  https://academic.oup.com/pa/article-lookup/doi/10.1093/pa/gsv046
Connecting to academic.oup.com (academic.oup.com)|173.254.190.144|:443... connected.
HTTP request sent, awaiting response... 200 OK
Length: 77795 (76K) [text/html]
Saving to: ‘gsv046’

     0K .......... .......... .......... .......... .......... 65%  209K 0s
    50K .......... .......... .....                           100% 10.8M=0.2s

2017-02-03 05:50:51 (314 KB/s) - ‘gsv046’ saved [77795/77795]

--2017-02-03 05:50:52--  http://doi.org/10.1093/pa/gsv045
Connecting to doi.org (doi.org)|95.138.171.129|:80... connected.
HTTP request sent, awaiting response... 303 See Other
Location: https://academic.oup.com/pa/article-lookup/doi/10.1093/pa/gsv045 [following]
--2017-02-03 05:50:53--  https://academic.oup.com/pa/article-lookup/doi/10.1093/pa/gsv045
Connecting to academic.oup.com (academic.oup.com)|173.254.190.144|:443... connected.
HTTP request sent, awaiting response... 200 OK
Length: 175761 (172K) [text/html]
Saving to: ‘gsv045’

     0K .......... .......... .......... .......... .......... 29%  209K 1s
    50K .......... .......... .......... .......... .......... 58%  602K 0s
   100K .......... .......... .......... .......... .......... 87%  611K 0s
   150K .......... .......... .                               100%  280K=0.5s

2017-02-03 05:51:09 (356 KB/s) - ‘gsv045’ saved [175761/175761]

--2017-02-03 05:51:10--  http://doi.org/10.1093/pa/gsv048
Connecting to doi.org (doi.org)|95.138.171.129|:80... connected.
HTTP request sent, awaiting response... 303 See Other
Location: https://academic.oup.com/pa/article-lookup/doi/10.1093/pa/gsv048 [following]
--2017-02-03 05:51:11--  https://academic.oup.com/pa/article-lookup/doi/10.1093/pa/gsv048
Connecting to academic.oup.com (academic.oup.com)|173.254.190.144|:443... connected.
HTTP request sent, awaiting response... 200 OK
Length: 170088 (166K) [text/html]
Saving to: ‘gsv048’

     0K .......... .......... .......... .......... .......... 30%  209K 1s
    50K .......... .......... .......... .......... .......... 60%  607K 0s
   100K .......... .......... .......... .......... .......... 90%  600K 0s
   150K .......... ......                                     100% 8.03M=0.4s

2017-02-03 05:51:28 (408 KB/s) - ‘gsv048’ saved [170088/170088]

--2017-02-03 05:51:29--  http://doi.org/10.1093/pa/gsv047
Connecting to doi.org (doi.org)|95.138.171.129|:80... connected.
HTTP request sent, awaiting response... 303 See Other
Location: https://academic.oup.com/pa/article-lookup/doi/10.1093/pa/gsv047 [following]
--2017-02-03 05:51:30--  https://academic.oup.com/pa/article-lookup/doi/10.1093/pa/gsv047
Connecting to academic.oup.com (academic.oup.com)|173.254.190.144|:443... connected.
HTTP request sent, awaiting response... 200 OK
Length: 190644 (186K) [text/html]
Saving to: ‘gsv047’

     0K .......... .......... .......... .......... .......... 26%  209K 1s
    50K .......... .......... .......... .......... .......... 53%  598K 0s
   100K .......... .......... .......... .......... .......... 80%  604K 0s
   150K .......... .......... .......... ......               100%  446K=0.5s

2017-02-03 05:51:42 (382 KB/s) - ‘gsv047’ saved [190644/190644]

--2017-02-03 05:51:43--  http://doi.org/10.1093/pa/gsv043
Connecting to doi.org (doi.org)|95.138.171.129|:80... connected.
HTTP request sent, awaiting response... 303 See Other
Location: http://pa.oxfordjournals.org/lookup/doi/10.1093/pa/gsv043 [following]
--2017-02-03 05:51:44--  http://pa.oxfordjournals.org/lookup/doi/10.1093/pa/gsv043
Connecting to pa.oxfordjournals.org (pa.oxfordjournals.org)|209.135.222.209|:80... connected.
HTTP request sent, awaiting response... 301 Moved Permanently
Cookie coming from pa.oxfordjournals.org attempted to set domain to academic.oup.com
Location: https://academic.oup.com/pa/article/70/1/43/2823676/The-Complementarity-Advantage-Parties [following]
--2017-02-03 05:51:46--  https://academic.oup.com/pa/article/70/1/43/2823676/The-Complementarity-Advantage-Parties
Connecting to academic.oup.com (academic.oup.com)|173.254.190.144|:443... connected.
HTTP request sent, awaiting response... 200 OK
Length: 198561 (194K) [text/html]
Saving to: ‘gsv043’

     0K .......... .......... .......... .......... .......... 25%  207K 1s
    50K .......... .......... .......... .......... .......... 51%  607K 0s
   100K .......... .......... .......... .......... .......... 77%  610K 0s
   150K .......... .......... .......... .......... ...       100%  538K=0.5s

2017-02-03 05:51:58 (398 KB/s) - ‘gsv043’ saved [198561/198561]

--2017-02-03 05:51:59--  http://doi.org/10.1093/pa/gsv042
Connecting to doi.org (doi.org)|95.138.171.129|:80... connected.
HTTP request sent, awaiting response... 303 See Other
Location: https://academic.oup.com/pa/article-lookup/doi/10.1093/pa/gsv042 [following]
--2017-02-03 05:52:00--  https://academic.oup.com/pa/article-lookup/doi/10.1093/pa/gsv042
Connecting to academic.oup.com (academic.oup.com)|173.254.190.144|:443... connected.
HTTP request sent, awaiting response... 200 OK
Length: 215198 (210K) [text/html]
Saving to: ‘gsv042’

     0K .......... .......... .......... .......... .......... 23%  207K 1s
    50K .......... .......... .......... .......... .......... 47%  608K 0s
   100K .......... .......... .......... .......... .......... 71%  612K 0s
   150K .......... .......... .......... .......... .......... 95%  316K 0s
   200K ..........                                            100% 3.31M=0.6s

2017-02-03 05:52:13 (371 KB/s) - ‘gsv042’ saved [215198/215198]

--2017-02-03 05:52:14--  http://doi.org/10.1093/pa/gsv039
Connecting to doi.org (doi.org)|95.138.171.129|:80... connected.
HTTP request sent, awaiting response... 303 See Other
Location: https://academic.oup.com/pa/article-lookup/doi/10.1093/pa/gsv039 [following]
--2017-02-03 05:52:16--  https://academic.oup.com/pa/article-lookup/doi/10.1093/pa/gsv039
Connecting to academic.oup.com (academic.oup.com)|173.254.190.144|:443... connected.
HTTP request sent, awaiting response... 200 OK
Length: 100379 (98K) [text/html]
Saving to: ‘gsv039’

     0K .......... .......... .......... .......... .......... 51%  209K 0s
    50K .......... .......... .......... .......... ........  100%  590K=0.3s

2017-02-03 05:52:23 (306 KB/s) - ‘gsv039’ saved [100379/100379]

--2017-02-03 05:52:24--  http://doi.org/10.1093/pa/gsv031
Connecting to doi.org (doi.org)|95.138.171.129|:80... connected.
HTTP request sent, awaiting response... 303 See Other
Location: https://academic.oup.com/pa/article-lookup/doi/10.1093/pa/gsv031 [following]
--2017-02-03 05:52:25--  https://academic.oup.com/pa/article-lookup/doi/10.1093/pa/gsv031
Connecting to academic.oup.com (academic.oup.com)|173.254.190.144|:443... connected.
HTTP request sent, awaiting response... 200 OK
Length: 149001 (146K) [text/html]
Saving to: ‘gsv031’

     0K .......... .......... .......... .......... .......... 34%  209K 0s
    50K .......... .......... .......... .......... .......... 68%  613K 0s
   100K .......... .......... .......... .......... .....     100%  559K=0.4s

2017-02-03 05:52:34 (362 KB/s) - ‘gsv031’ saved [149001/149001]

--2017-02-03 05:52:35--  http://doi.org/10.1093/pa/gsv035
Connecting to doi.org (doi.org)|95.138.171.129|:80... connected.
HTTP request sent, awaiting response... 303 See Other
Location: https://academic.oup.com/pa/article-lookup/doi/10.1093/pa/gsv035 [following]
--2017-02-03 05:52:36--  https://academic.oup.com/pa/article-lookup/doi/10.1093/pa/gsv035
Connecting to academic.oup.com (academic.oup.com)|173.254.190.144|:443... connected.
HTTP request sent, awaiting response... 200 OK
Length: 169162 (165K) [text/html]
Saving to: ‘gsv035’

     0K .......... .......... .......... .......... .......... 30%  208K 1s
    50K .......... .......... .......... .......... .......... 60%  610K 0s
   100K .......... .......... .......... .......... .......... 90%  594K 0s
   150K .......... .....                                      100% 11.1M=0.4s

2017-02-03 05:52:43 (405 KB/s) - ‘gsv035’ saved [169162/169162]

--2017-02-03 05:52:44--  http://doi.org/10.1093/pa/gsv034
Connecting to doi.org (doi.org)|95.138.171.129|:80... connected.
HTTP request sent, awaiting response... 303 See Other
Location: https://academic.oup.com/pa/article-lookup/doi/10.1093/pa/gsv034 [following]
--2017-02-03 05:52:45--  https://academic.oup.com/pa/article-lookup/doi/10.1093/pa/gsv034
Connecting to academic.oup.com (academic.oup.com)|173.254.190.144|:443... connected.
HTTP request sent, awaiting response... 400 Bad Request
2017-02-03 05:52:46 ERROR 400: Bad Request.

--2017-02-03 05:52:47--  http://doi.org/10.1093/pa/gsv026
Connecting to doi.org (doi.org)|95.138.171.129|:80... connected.
HTTP request sent, awaiting response... 303 See Other
Location: https://academic.oup.com/pa/article-lookup/doi/10.1093/pa/gsv026 [following]
--2017-02-03 05:52:48--  https://academic.oup.com/pa/article-lookup/doi/10.1093/pa/gsv026
Connecting to academic.oup.com (academic.oup.com)|173.254.190.144|:443... connected.
HTTP request sent, awaiting response... 400 Bad Request
2017-02-03 05:52:49 ERROR 400: Bad Request.

--2017-02-03 05:52:50--  http://doi.org/10.1093/pa/gsv022
Connecting to doi.org (doi.org)|95.138.171.129|:80... connected.
HTTP request sent, awaiting response... 303 See Other
Location: https://academic.oup.com/pa/article-lookup/doi/10.1093/pa/gsv022 [following]
--2017-02-03 05:52:51--  https://academic.oup.com/pa/article-lookup/doi/10.1093/pa/gsv022
Connecting to academic.oup.com (academic.oup.com)|173.254.190.144|:443... connected.
HTTP request sent, awaiting response... 200 OK
Length: 65077 (64K) [text/html]
Saving to: ‘gsv022’

     0K .......... .......... .......... .......... .......... 78%  209K 0s
    50K .......... ...                                        100% 12.6M=0.2s

2017-02-03 05:53:01 (264 KB/s) - ‘gsv022’ saved [65077/65077]

--2017-02-03 05:53:02--  http://doi.org/10.1093/pa/gsv029
Connecting to doi.org (doi.org)|95.138.171.129|:80... connected.
HTTP request sent, awaiting response... 303 See Other
Location: https://academic.oup.com/pa/article-lookup/doi/10.1093/pa/gsv029 [following]
--2017-02-03 05:53:03--  https://academic.oup.com/pa/article-lookup/doi/10.1093/pa/gsv029
Connecting to academic.oup.com (academic.oup.com)|173.254.190.144|:443... connected.
HTTP request sent, awaiting response... 200 OK
Length: 121245 (118K) [text/html]
Saving to: ‘gsv029’

     0K .......... .......... .......... .......... .......... 42%  208K 0s
    50K .......... .......... .......... .......... .......... 84%  608K 0s
   100K .......... ........                                   100% 9.92M=0.3s

2017-02-03 05:53:11 (365 KB/s) - ‘gsv029’ saved [121245/121245]

--2017-02-03 05:53:12--  http://doi.org/10.1093/pa/gsv023
Connecting to doi.org (doi.org)|95.138.171.129|:80... connected.
HTTP request sent, awaiting response... 303 See Other
Location: https://academic.oup.com/pa/article-lookup/doi/10.1093/pa/gsv023 [following]
--2017-02-03 05:53:13--  https://academic.oup.com/pa/article-lookup/doi/10.1093/pa/gsv023
Connecting to academic.oup.com (academic.oup.com)|173.254.190.144|:443... connected.
HTTP request sent, awaiting response... 200 OK
Length: 81335 (79K) [text/html]
Saving to: ‘gsv023’

     0K .......... .......... .......... .......... .......... 62%  209K 0s
    50K .......... .......... .........                       100% 10.3M=0.2s

2017-02-03 05:53:27 (328 KB/s) - ‘gsv023’ saved [81335/81335]

--2017-02-03 05:53:28--  http://doi.org/10.1093/pa/gsv027
Connecting to doi.org (doi.org)|95.138.171.129|:80... connected.
HTTP request sent, awaiting response... 303 See Other
Location: https://academic.oup.com/pa/article-lookup/doi/10.1093/pa/gsv027 [following]
--2017-02-03 05:53:29--  https://academic.oup.com/pa/article-lookup/doi/10.1093/pa/gsv027
Connecting to academic.oup.com (academic.oup.com)|173.254.190.144|:443... connected.
HTTP request sent, awaiting response... 200 OK
Length: 141805 (138K) [text/html]
Saving to: ‘gsv027’

     0K .......... .......... .......... .......... .......... 36%  209K 0s
    50K .......... .......... .......... .......... .......... 72%  605K 0s
   100K .......... .......... .......... ........             100%  485K=0.4s

2017-02-03 05:53:48 (345 KB/s) - ‘gsv027’ saved [141805/141805]

--2017-02-03 05:53:49--  http://doi.org/10.1093/pa/gsv025
Connecting to doi.org (doi.org)|95.138.171.129|:80... connected.
HTTP request sent, awaiting response... 303 See Other
Location: https://academic.oup.com/pa/article-lookup/doi/10.1093/pa/gsv025 [following]
--2017-02-03 05:53:50--  https://academic.oup.com/pa/article-lookup/doi/10.1093/pa/gsv025
Connecting to academic.oup.com (academic.oup.com)|173.254.190.144|:443... connected.
HTTP request sent, awaiting response... 200 OK
Length: 134075 (131K) [text/html]
Saving to: ‘gsv025’

     0K .......... .......... .......... .......... .......... 38%  308K 0s
    50K .......... .......... .......... .......... .......... 76%  312K 0s
   100K .......... .......... ..........                      100%  396K=0.4s

2017-02-03 05:54:09 (327 KB/s) - ‘gsv025’ saved [134075/134075]

--2017-02-03 05:54:10--  http://doi.org/10.1093/pa/gsv032
Connecting to doi.org (doi.org)|95.138.171.129|:80... connected.
HTTP request sent, awaiting response... 303 See Other
Location: https://academic.oup.com/pa/article-lookup/doi/10.1093/pa/gsv032 [following]
--2017-02-03 05:54:11--  https://academic.oup.com/pa/article-lookup/doi/10.1093/pa/gsv032
Connecting to academic.oup.com (academic.oup.com)|173.254.190.144|:443... connected.
HTTP request sent, awaiting response... 200 OK
Length: 170111 (166K) [text/html]
Saving to: ‘gsv032’

     0K .......... .......... .......... .......... .......... 30%  208K 1s
    50K .......... .......... .......... .......... .......... 60%  604K 0s
   100K .......... .......... .......... .......... .......... 90%  598K 0s
   150K .......... ......                                     100%  211K=0.5s

2017-02-03 05:54:19 (344 KB/s) - ‘gsv032’ saved [170111/170111]

--2017-02-03 05:54:20--  http://doi.org/10.1093/pa/gsv037
Connecting to doi.org (doi.org)|95.138.171.129|:80... connected.
HTTP request sent, awaiting response... 303 See Other
Location: https://academic.oup.com/pa/article-lookup/doi/10.1093/pa/gsv037 [following]
--2017-02-03 05:54:21--  https://academic.oup.com/pa/article-lookup/doi/10.1093/pa/gsv037
Connecting to academic.oup.com (academic.oup.com)|173.254.190.144|:443... connected.
HTTP request sent, awaiting response... 200 OK
Length: 150507 (147K) [text/html]
Saving to: ‘gsv037’

     0K .......... .......... .......... .......... .......... 34%  209K 0s
    50K .......... .......... .......... .......... .......... 68%  609K 0s
   100K .......... .......... .......... .......... ......    100%  579K=0.4s

2017-02-03 05:54:32 (365 KB/s) - ‘gsv037’ saved [150507/150507]

--2017-02-03 05:54:33--  http://doi.org/10.1093/pa/gsv036
Connecting to doi.org (doi.org)|95.138.171.129|:80... connected.
HTTP request sent, awaiting response... 303 See Other
Location: https://academic.oup.com/pa/article-lookup/doi/10.1093/pa/gsv036 [following]
--2017-02-03 05:54:34--  https://academic.oup.com/pa/article-lookup/doi/10.1093/pa/gsv036
Connecting to academic.oup.com (academic.oup.com)|173.254.190.144|:443... connected.
HTTP request sent, awaiting response... 200 OK
Length: 159169 (155K) [text/html]
Saving to: ‘gsv036’

     0K .......... .......... .......... .......... .......... 32%  209K 1s
    50K .......... .......... .......... .......... .......... 64%  613K 0s
   100K .......... .......... .......... .......... .......... 96%  595K 0s
   150K .....                                                 100% 10373G=0.4s

2017-02-03 05:54:51 (384 KB/s) - ‘gsv036’ saved [159169/159169]

--2017-02-03 05:54:52--  http://doi.org/10.1093/pa/gsv049
Connecting to doi.org (doi.org)|95.138.171.129|:80... connected.
HTTP request sent, awaiting response... 303 See Other
Location: https://academic.oup.com/pa/article-lookup/doi/10.1093/pa/gsv049 [following]
--2017-02-03 05:54:53--  https://academic.oup.com/pa/article-lookup/doi/10.1093/pa/gsv049
Connecting to academic.oup.com (academic.oup.com)|173.254.190.144|:443... connected.
HTTP request sent, awaiting response... 400 Bad Request
2017-02-03 05:54:54 ERROR 400: Bad Request.

--2017-02-03 05:54:55--  http://doi.org/10.1093/pa/gsv030
Connecting to doi.org (doi.org)|95.138.171.129|:80... connected.
HTTP request sent, awaiting response... 303 See Other
Location: https://academic.oup.com/pa/article-lookup/doi/10.1093/pa/gsv030 [following]
--2017-02-03 05:54:56--  https://academic.oup.com/pa/article-lookup/doi/10.1093/pa/gsv030
Connecting to academic.oup.com (academic.oup.com)|173.254.190.144|:443... connected.
HTTP request sent, awaiting response... 200 OK
Length: 129389 (126K) [text/html]
Saving to: ‘gsv030’

     0K .......... .......... .......... .......... .......... 39%  209K 0s
    50K .......... .......... .......... .......... .......... 79%  604K 0s
   100K .......... .......... ......                          100% 9.50M=0.3s

2017-02-03 05:55:04 (389 KB/s) - ‘gsv030’ saved [129389/129389]

--2017-02-03 05:55:05--  http://doi.org/10.1093/pa/gsv038
Connecting to doi.org (doi.org)|95.138.171.129|:80... connected.
HTTP request sent, awaiting response... 303 See Other
Location: https://academic.oup.com/pa/article-lookup/doi/10.1093/pa/gsv038 [following]
--2017-02-03 05:55:06--  https://academic.oup.com/pa/article-lookup/doi/10.1093/pa/gsv038
Connecting to academic.oup.com (academic.oup.com)|173.254.190.144|:443... connected.
HTTP request sent, awaiting response... 200 OK
Length: 121630 (119K) [text/html]
Saving to: ‘gsv038’

     0K .......... .......... .......... .......... .......... 42%  208K 0s
    50K .......... .......... .......... .......... .......... 84%  607K 0s
   100K .......... ........                                   100% 15.0M=0.3s

2017-02-03 05:55:20 (367 KB/s) - ‘gsv038’ saved [121630/121630]

--2017-02-03 05:55:21--  http://doi.org/10.1093/pa/gsv033
Connecting to doi.org (doi.org)|95.138.171.129|:80... connected.
HTTP request sent, awaiting response... 303 See Other
Location: https://academic.oup.com/pa/article-lookup/doi/10.1093/pa/gsv033 [following]
--2017-02-03 05:55:22--  https://academic.oup.com/pa/article-lookup/doi/10.1093/pa/gsv033
Connecting to academic.oup.com (academic.oup.com)|173.254.190.144|:443... connected.
HTTP request sent, awaiting response... 200 OK
Length: 112143 (110K) [text/html]
Saving to: ‘gsv033’

     0K .......... .......... .......... .......... .......... 45%  209K 0s
    50K .......... .......... .......... .......... .......... 91%  614K 0s
   100K .........                                             100% 17.6M=0.3s

2017-02-03 05:55:26 (341 KB/s) - ‘gsv033’ saved [112143/112143]

--2017-02-03 05:55:27--  http://doi.org/10.1093/pa/gsv028
Connecting to doi.org (doi.org)|95.138.171.129|:80... connected.
HTTP request sent, awaiting response... 303 See Other
Location: https://academic.oup.com/pa/article-lookup/doi/10.1093/pa/gsv028 [following]
--2017-02-03 05:55:28--  https://academic.oup.com/pa/article-lookup/doi/10.1093/pa/gsv028
Connecting to academic.oup.com (academic.oup.com)|173.254.190.144|:443... connected.
HTTP request sent, awaiting response... 200 OK
Length: 138117 (135K) [text/html]
Saving to: ‘gsv028’

     0K .......... .......... .......... .......... .......... 37%  209K 0s
    50K .......... .......... .......... .......... .......... 74%  613K 0s
   100K .......... .......... .......... ....                 100%  434K=0.4s

2017-02-03 05:55:33 (336 KB/s) - ‘gsv028’ saved [138117/138117]

--2017-02-03 05:55:34--  http://doi.org/10.1093/pa/gsv024
Connecting to doi.org (doi.org)|95.138.171.129|:80... connected.
HTTP request sent, awaiting response... 303 See Other
Location: https://academic.oup.com/pa/article-lookup/doi/10.1093/pa/gsv024 [following]
--2017-02-03 05:55:36--  https://academic.oup.com/pa/article-lookup/doi/10.1093/pa/gsv024
Connecting to academic.oup.com (academic.oup.com)|173.254.190.144|:443... connected.
HTTP request sent, awaiting response... 200 OK
Length: 171190 (167K) [text/html]
Saving to: ‘gsv024’

     0K .......... .......... .......... .......... .......... 29%  209K 1s
    50K .......... .......... .......... .......... .......... 59%  611K 0s
   100K .......... .......... .......... .......... .......... 89%  606K 0s
   150K .......... .......                                    100% 9.87M=0.4s

2017-02-03 05:55:46 (412 KB/s) - ‘gsv024’ saved [171190/171190]

--2017-02-03 05:55:47--  http://doi.org/10.1093/pa/gsv040
Connecting to doi.org (doi.org)|95.138.171.129|:80... connected.
HTTP request sent, awaiting response... 303 See Other
Location: https://academic.oup.com/pa/article-lookup/doi/10.1093/pa/gsv040 [following]
--2017-02-03 05:55:49--  https://academic.oup.com/pa/article-lookup/doi/10.1093/pa/gsv040
Connecting to academic.oup.com (academic.oup.com)|173.254.190.144|:443... connected.
HTTP request sent, awaiting response... 400 Bad Request
2017-02-03 05:55:49 ERROR 400: Bad Request.

--2017-02-03 05:55:50--  http://doi.org/10.1093/pa/gsv041
Connecting to doi.org (doi.org)|95.138.171.129|:80... connected.
HTTP request sent, awaiting response... 303 See Other
Location: https://academic.oup.com/pa/article-lookup/doi/10.1093/pa/gsv041 [following]
--2017-02-03 05:55:51--  https://academic.oup.com/pa/article-lookup/doi/10.1093/pa/gsv041
Connecting to academic.oup.com (academic.oup.com)|173.254.190.144|:443... connected.
HTTP request sent, awaiting response... 200 OK
Length: 183543 (179K) [text/html]
Saving to: ‘gsv041’

     0K .......... .......... .......... .......... .......... 27%  209K 1s
    50K .......... .......... .......... .......... .......... 55%  603K 0s
   100K .......... .......... .......... .......... .......... 83%  604K 0s
   150K .......... .......... .........                       100%  365K=0.5s

2017-02-03 05:56:05 (369 KB/s) - ‘gsv041’ saved [183543/183543]

--2017-02-03 05:56:06--  http://doi.org/10.1093/pa/gsv021
Connecting to doi.org (doi.org)|95.138.171.129|:80... connected.
HTTP request sent, awaiting response... 303 See Other
Location: https://academic.oup.com/pa/article-lookup/doi/10.1093/pa/gsv021 [following]
--2017-02-03 05:56:07--  https://academic.oup.com/pa/article-lookup/doi/10.1093/pa/gsv021
Connecting to academic.oup.com (academic.oup.com)|173.254.190.144|:443... connected.
HTTP request sent, awaiting response... 200 OK
Length: 268053 (262K) [text/html]
Saving to: ‘gsv021’

     0K .......... .......... .......... .......... .......... 19%  209K 1s
    50K .......... .......... .......... .......... .......... 38%  609K 1s
   100K .......... .......... .......... .......... .......... 57%  598K 0s
   150K .......... .......... .......... .......... .......... 76%  320K 0s
   200K .......... .......... .......... .......... .......... 95%  594K 0s
   250K .......... .                                          100% 20.2M=0.6s

2017-02-03 05:56:16 (405 KB/s) - ‘gsv021’ saved [268053/268053]

--2017-02-03 05:56:17--  http://doi.org/10.1093/pa/gsv019
Connecting to doi.org (doi.org)|95.138.171.129|:80... connected.
HTTP request sent, awaiting response... 303 See Other
Location: https://academic.oup.com/pa/article-lookup/doi/10.1093/pa/gsv019 [following]
--2017-02-03 05:56:18--  https://academic.oup.com/pa/article-lookup/doi/10.1093/pa/gsv019
Connecting to academic.oup.com (academic.oup.com)|173.254.190.144|:443... connected.
HTTP request sent, awaiting response... 200 OK
Length: 254240 (248K) [text/html]
Saving to: ‘gsv019’

     0K .......... .......... .......... .......... .......... 20%  209K 1s
    50K .......... .......... .......... .......... .......... 40%  610K 0s
   100K .......... .......... .......... .......... .......... 60%  589K 0s
   150K .......... .......... .......... .......... .......... 80%  427K 0s
   200K .......... .......... .......... .......... ........  100%  585K=0.6s

2017-02-03 05:56:26 (410 KB/s) - ‘gsv019’ saved [254240/254240]

--2017-02-03 05:56:27--  http://doi.org/10.1093/pa/gsv020
Connecting to doi.org (doi.org)|95.138.171.129|:80... connected.
HTTP request sent, awaiting response... 303 See Other
Location: https://academic.oup.com/pa/article-lookup/doi/10.1093/pa/gsv020 [following]
--2017-02-03 05:56:28--  https://academic.oup.com/pa/article-lookup/doi/10.1093/pa/gsv020
Connecting to academic.oup.com (academic.oup.com)|173.254.190.144|:443... connected.
HTTP request sent, awaiting response... 400 Bad Request
2017-02-03 05:56:29 ERROR 400: Bad Request.

--2017-02-03 05:56:30--  http://doi.org/10.1093/pa/gsv017
Connecting to doi.org (doi.org)|95.138.171.129|:80... connected.
HTTP request sent, awaiting response... 303 See Other
Location: https://academic.oup.com/pa/article-lookup/doi/10.1093/pa/gsv017 [following]
--2017-02-03 05:56:31--  https://academic.oup.com/pa/article-lookup/doi/10.1093/pa/gsv017
Connecting to academic.oup.com (academic.oup.com)|173.254.190.144|:443... connected.
HTTP request sent, awaiting response... 200 OK
Length: 256191 (250K) [text/html]
Saving to: ‘gsv017’

     0K .......... .......... .......... .......... .......... 19%  209K 1s
    50K .......... .......... .......... .......... .......... 39%  595K 0s
   100K .......... .......... .......... .......... .......... 59%  612K 0s
   150K .......... .......... .......... .......... .......... 79%  314K 0s
   200K .......... .......... .......... .......... .......... 99%  609K 0s
   250K                                                       100%  356G=0.6s

2017-02-03 05:56:46 (387 KB/s) - ‘gsv017’ saved [256191/256191]

--2017-02-03 05:56:47--  http://doi.org/10.1093/pa/gsv018
Connecting to doi.org (doi.org)|95.138.171.129|:80... connected.
HTTP request sent, awaiting response... 303 See Other
Location: https://academic.oup.com/pa/article-lookup/doi/10.1093/pa/gsv018 [following]
--2017-02-03 05:56:48--  https://academic.oup.com/pa/article-lookup/doi/10.1093/pa/gsv018
Connecting to academic.oup.com (academic.oup.com)|173.254.190.144|:443... connected.
HTTP request sent, awaiting response... 400 Bad Request
2017-02-03 05:56:48 ERROR 400: Bad Request.

--2017-02-03 05:56:49--  http://doi.org/10.1093/pa/gsv016
Connecting to doi.org (doi.org)|95.138.171.129|:80... connected.
HTTP request sent, awaiting response... 303 See Other
Location: https://academic.oup.com/pa/article-lookup/doi/10.1093/pa/gsv016 [following]
--2017-02-03 05:56:50--  https://academic.oup.com/pa/article-lookup/doi/10.1093/pa/gsv016
Connecting to academic.oup.com (academic.oup.com)|173.254.190.144|:443... connected.
HTTP request sent, awaiting response... 200 OK
Length: 240436 (235K) [text/html]
Saving to: ‘gsv016’

     0K .......... .......... .......... .......... .......... 21%  207K 1s
    50K .......... .......... .......... .......... .......... 42%  608K 0s
   100K .......... .......... .......... .......... .......... 63%  612K 0s
   150K .......... .......... .......... .......... .......... 85%  606K 0s
   200K .......... .......... .......... ....                 100%  438K=0.6s

2017-02-03 05:57:01 (414 KB/s) - ‘gsv016’ saved [240436/240436]

--2017-02-03 05:57:02--  http://doi.org/10.1093/pa/gsv015
Connecting to doi.org (doi.org)|95.138.171.129|:80... connected.
HTTP request sent, awaiting response... 303 See Other
Location: https://academic.oup.com/pa/article-lookup/doi/10.1093/pa/gsv015 [following]
--2017-02-03 05:57:03--  https://academic.oup.com/pa/article-lookup/doi/10.1093/pa/gsv015
Connecting to academic.oup.com (academic.oup.com)|173.254.190.144|:443... connected.
HTTP request sent, awaiting response... 400 Bad Request
2017-02-03 05:57:04 ERROR 400: Bad Request.

--2017-02-03 05:57:05--  http://doi.org/10.1093/pa/gsv014
Connecting to doi.org (doi.org)|95.138.171.129|:80... connected.
HTTP request sent, awaiting response... 303 See Other
Location: https://academic.oup.com/pa/article-lookup/doi/10.1093/pa/gsv014 [following]
--2017-02-03 05:57:06--  https://academic.oup.com/pa/article-lookup/doi/10.1093/pa/gsv014
Connecting to academic.oup.com (academic.oup.com)|173.254.190.144|:443... connected.
HTTP request sent, awaiting response... 200 OK
Length: 241452 (236K) [text/html]
Saving to: ‘gsv014’

     0K .......... .......... .......... .......... .......... 21%  209K 1s
    50K .......... .......... .......... .......... .......... 42%  603K 0s
   100K .......... .......... .......... .......... .......... 63%  610K 0s
   150K .......... .......... .......... .......... .......... 84%  316K 0s
   200K .......... .......... .......... .....                100% 7.37M=0.6s

2017-02-03 05:57:12 (416 KB/s) - ‘gsv014’ saved [241452/241452]

--2017-02-03 05:57:13--  http://doi.org/10.1093/pa/gsv011
Connecting to doi.org (doi.org)|95.138.171.129|:80... connected.
HTTP request sent, awaiting response... 303 See Other
Location: https://academic.oup.com/pa/article-lookup/doi/10.1093/pa/gsv011 [following]
--2017-02-03 05:57:14--  https://academic.oup.com/pa/article-lookup/doi/10.1093/pa/gsv011
Connecting to academic.oup.com (academic.oup.com)|173.254.190.144|:443... connected.
HTTP request sent, awaiting response... 200 OK
Length: 243993 (238K) [text/html]
Saving to: ‘gsv011’

     0K .......... .......... .......... .......... .......... 20%  209K 1s
    50K .......... .......... .......... .......... .......... 41%  612K 0s
   100K .......... .......... .......... .......... .......... 62%  568K 0s
   150K .......... .......... .......... .......... .......... 83%  607K 0s
   200K .......... .......... .......... ........             100%  471K=0.6s

2017-02-03 05:57:20 (416 KB/s) - ‘gsv011’ saved [243993/243993]

--2017-02-03 05:57:21--  http://doi.org/10.1093/pa/gsv008
Connecting to doi.org (doi.org)|95.138.171.129|:80... connected.
HTTP request sent, awaiting response... 303 See Other
Location: https://academic.oup.com/pa/article-lookup/doi/10.1093/pa/gsv008 [following]
--2017-02-03 05:57:22--  https://academic.oup.com/pa/article-lookup/doi/10.1093/pa/gsv008
Connecting to academic.oup.com (academic.oup.com)|173.254.190.144|:443... connected.
HTTP request sent, awaiting response... 200 OK
Length: 225067 (220K) [text/html]
Saving to: ‘gsv008’

     0K .......... .......... .......... .......... .......... 22%  209K 1s
    50K .......... .......... .......... .......... .......... 45%  612K 0s
   100K .......... .......... .......... .......... .......... 68%  605K 0s
   150K .......... .......... .......... .......... .......... 90%  319K 0s
   200K .......... .........                                  100% 4.86M=0.6s

2017-02-03 05:57:29 (390 KB/s) - ‘gsv008’ saved [225067/225067]

--2017-02-03 05:57:30--  http://doi.org/10.1093/pa/gsv006
Connecting to doi.org (doi.org)|95.138.171.129|:80... connected.
HTTP request sent, awaiting response... 303 See Other
Location: https://academic.oup.com/pa/article-lookup/doi/10.1093/pa/gsv006 [following]
--2017-02-03 05:57:31--  https://academic.oup.com/pa/article-lookup/doi/10.1093/pa/gsv006
Connecting to academic.oup.com (academic.oup.com)|173.254.190.144|:443... connected.
HTTP request sent, awaiting response... 200 OK
Length: 88906 (87K) [text/html]
Saving to: ‘gsv006’

     0K .......... .......... .......... .......... .......... 57%  209K 0s
    50K .......... .......... .......... ......               100% 12.3M=0.2s

2017-02-03 05:57:41 (359 KB/s) - ‘gsv006’ saved [88906/88906]

--2017-02-03 05:57:42--  http://doi.org/10.1093/pa/gsv007
Connecting to doi.org (doi.org)|95.138.171.129|:80... connected.
HTTP request sent, awaiting response... 303 See Other
Location: https://academic.oup.com/pa/article-lookup/doi/10.1093/pa/gsv007 [following]
--2017-02-03 05:57:43--  https://academic.oup.com/pa/article-lookup/doi/10.1093/pa/gsv007
Connecting to academic.oup.com (academic.oup.com)|173.254.190.144|:443... connected.
HTTP request sent, awaiting response... 400 Bad Request
2017-02-03 05:57:44 ERROR 400: Bad Request.

--2017-02-03 05:57:45--  http://doi.org/10.1093/pa/gsv010
Connecting to doi.org (doi.org)|95.138.171.129|:80... connected.
HTTP request sent, awaiting response... 303 See Other
Location: https://academic.oup.com/pa/article-lookup/doi/10.1093/pa/gsv010 [following]
--2017-02-03 05:57:46--  https://academic.oup.com/pa/article-lookup/doi/10.1093/pa/gsv010
Connecting to academic.oup.com (academic.oup.com)|173.254.190.144|:443... connected.
HTTP request sent, awaiting response... 200 OK
Length: 224822 (220K) [text/html]
Saving to: ‘gsv010’

     0K .......... .......... .......... .......... .......... 22%  209K 1s
    50K .......... .......... .......... .......... .......... 45%  610K 0s
   100K .......... .......... .......... .......... .......... 68%  587K 0s
   150K .......... .......... .......... .......... .......... 91%  605K 0s
   200K .......... .........                                  100%  260K=0.6s

2017-02-03 05:57:51 (389 KB/s) - ‘gsv010’ saved [224822/224822]

--2017-02-03 05:57:52--  http://doi.org/10.1093/pa/gsv012
Connecting to doi.org (doi.org)|95.138.171.129|:80... connected.
HTTP request sent, awaiting response... 303 See Other
Location: https://academic.oup.com/pa/article-lookup/doi/10.1093/pa/gsv012 [following]
--2017-02-03 05:57:53--  https://academic.oup.com/pa/article-lookup/doi/10.1093/pa/gsv012
Connecting to academic.oup.com (academic.oup.com)|173.254.190.144|:443... connected.
HTTP request sent, awaiting response... 200 OK
Length: 147926 (144K) [text/html]
Saving to: ‘gsv012’

     0K .......... .......... .......... .......... .......... 34%  209K 0s
    50K .......... .......... .......... .......... .......... 69%  609K 0s
   100K .......... .......... .......... .......... ....      100%  550K=0.4s

2017-02-03 05:57:59 (359 KB/s) - ‘gsv012’ saved [147926/147926]

FINISHED --2017-02-03 05:57:59--
Total wall clock time: 19m 35s
Downloaded: 86 files, 15M in 40s (380 KB/s)
