--2017-02-03 07:47:32--  http://doi.org/10.1093/poq/nfw095
Resolving doi.org (doi.org)... 208.254.38.90, 38.100.138.162, 54.191.229.235, ...
Connecting to doi.org (doi.org)|208.254.38.90|:80... connected.
HTTP request sent, awaiting response... 303 See Other
Location: http://fdslive.oup.com/www.oup.com/pdf/production_in_progress.pdf [following]
--2017-02-03 07:47:34--  http://fdslive.oup.com/www.oup.com/pdf/production_in_progress.pdf
Resolving fdslive.oup.com (fdslive.oup.com)... 193.67.160.201
Connecting to fdslive.oup.com (fdslive.oup.com)|193.67.160.201|:80... connected.
HTTP request sent, awaiting response... 200 OK
Length: 52438 (51K) [application/pdf]
Saving to: ‘nfw095’

     0K .......... .......... .......... .......... .......... 97% 1.14M 0s
    50K .                                                     100% 2306G=0.04s

2017-02-03 07:47:34 (1.17 MB/s) - ‘nfw095’ saved [52438/52438]

--2017-02-03 07:47:35--  http://doi.org/10.1093/poq/nfw097
Connecting to doi.org (doi.org)|208.254.38.90|:80... connected.
HTTP request sent, awaiting response... 303 See Other
Location: http://fdslive.oup.com/www.oup.com/pdf/production_in_progress.pdf [following]
--2017-02-03 07:47:36--  http://fdslive.oup.com/www.oup.com/pdf/production_in_progress.pdf
Connecting to fdslive.oup.com (fdslive.oup.com)|193.67.160.201|:80... connected.
HTTP request sent, awaiting response... 200 OK
Length: 52438 (51K) [application/pdf]
Saving to: ‘nfw097’

     0K .......... .......... .......... .......... .......... 97% 1.17M 0s
    50K .                                                     100% 2306G=0.04s

2017-02-03 07:47:36 (1.20 MB/s) - ‘nfw097’ saved [52438/52438]

--2017-02-03 07:47:37--  http://doi.org/10.1093/poq/nfw089
Connecting to doi.org (doi.org)|208.254.38.90|:80... connected.
HTTP request sent, awaiting response... 303 See Other
Location: http://fdslive.oup.com/www.oup.com/pdf/production_in_progress.pdf [following]
--2017-02-03 07:47:38--  http://fdslive.oup.com/www.oup.com/pdf/production_in_progress.pdf
Connecting to fdslive.oup.com (fdslive.oup.com)|193.67.160.201|:80... connected.
HTTP request sent, awaiting response... 200 OK
Length: 52438 (51K) [application/pdf]
Saving to: ‘nfw089’

     0K .......... .......... .......... .......... .......... 97% 1.29M 0s
    50K .                                                     100% 2306G=0.04s

2017-02-03 07:47:38 (1.33 MB/s) - ‘nfw089’ saved [52438/52438]

--2017-02-03 07:47:39--  http://doi.org/10.1093/poq/nfw088
Connecting to doi.org (doi.org)|208.254.38.90|:80... connected.
HTTP request sent, awaiting response... 303 See Other
Location: http://fdslive.oup.com/www.oup.com/pdf/production_in_progress.pdf [following]
--2017-02-03 07:47:41--  http://fdslive.oup.com/www.oup.com/pdf/production_in_progress.pdf
Connecting to fdslive.oup.com (fdslive.oup.com)|193.67.160.201|:80... connected.
HTTP request sent, awaiting response... 200 OK
Length: 52438 (51K) [application/pdf]
Saving to: ‘nfw088’

     0K .......... .......... .......... .......... .......... 97% 1.16M 0s
    50K .                                                     100% 2306G=0.04s

2017-02-03 07:47:41 (1.19 MB/s) - ‘nfw088’ saved [52438/52438]

--2017-02-03 07:47:42--  http://doi.org/10.1093/poq/nfw041
Connecting to doi.org (doi.org)|208.254.38.90|:80... connected.
HTTP request sent, awaiting response... 303 See Other
Location: https://academic.oup.com/poq/article-lookup/doi/10.1093/poq/nfw041 [following]
--2017-02-03 07:47:43--  https://academic.oup.com/poq/article-lookup/doi/10.1093/poq/nfw041
Resolving academic.oup.com (academic.oup.com)... 173.254.190.144
Connecting to academic.oup.com (academic.oup.com)|173.254.190.144|:443... connected.
HTTP request sent, awaiting response... 200 OK
Length: 303006 (296K) [text/html]
Saving to: ‘nfw041’

     0K .......... .......... .......... .......... .......... 16%  209K 1s
    50K .......... .......... .......... .......... .......... 33%  602K 1s
   100K .......... .......... .......... .......... .......... 50%  605K 0s
   150K .......... .......... .......... .......... .......... 67%  610K 0s
   200K .......... .......... .......... .......... .......... 84%  311K 0s
   250K .......... .......... .......... .......... .....     100%  563K=0.7s

2017-02-03 07:47:47 (406 KB/s) - ‘nfw041’ saved [303006/303006]

--2017-02-03 07:47:48--  http://doi.org/10.1093/poq/nfw045
Connecting to doi.org (doi.org)|208.254.38.90|:80... connected.
HTTP request sent, awaiting response... 303 See Other
Location: https://academic.oup.com/poq/article-lookup/doi/10.1093/poq/nfw045 [following]
--2017-02-03 07:47:49--  https://academic.oup.com/poq/article-lookup/doi/10.1093/poq/nfw045
Connecting to academic.oup.com (academic.oup.com)|173.254.190.144|:443... connected.
HTTP request sent, awaiting response... 200 OK
Length: 341402 (333K) [text/html]
Saving to: ‘nfw045’

     0K .......... .......... .......... .......... .......... 14%  205K 1s
    50K .......... .......... .......... .......... .......... 29%  600K 1s
   100K .......... .......... .......... .......... .......... 44%  602K 1s
   150K .......... .......... .......... .......... .......... 59%  425K 0s
   200K .......... .......... .......... .......... .......... 74%  404K 0s
   250K .......... .......... .......... .......... .......... 89%  603K 0s
   300K .......... .......... .......... ...                  100%  416K=0.8s

2017-02-03 07:47:53 (409 KB/s) - ‘nfw045’ saved [341402/341402]

--2017-02-03 07:47:54--  http://doi.org/10.1093/poq/nfw037
Connecting to doi.org (doi.org)|208.254.38.90|:80... connected.
HTTP request sent, awaiting response... 303 See Other
Location: https://academic.oup.com/poq/article-lookup/doi/10.1093/poq/nfw037 [following]
--2017-02-03 07:47:55--  https://academic.oup.com/poq/article-lookup/doi/10.1093/poq/nfw037
Connecting to academic.oup.com (academic.oup.com)|173.254.190.144|:443... connected.
HTTP request sent, awaiting response... 200 OK
Length: 281848 (275K) [text/html]
Saving to: ‘nfw037’

     0K .......... .......... .......... .......... .......... 18%  299K 1s
    50K .......... .......... .......... .......... .......... 36%  314K 1s
   100K .......... .......... .......... .......... .......... 54%  601K 0s
   150K .......... .......... .......... .......... .......... 72%  588K 0s
   200K .......... .......... .......... .......... .......... 90%  312K 0s
   250K .......... .......... .....                           100% 10.2M=0.7s

2017-02-03 07:48:00 (419 KB/s) - ‘nfw037’ saved [281848/281848]

--2017-02-03 07:48:01--  http://doi.org/10.1093/poq/nfw059
Connecting to doi.org (doi.org)|208.254.38.90|:80... connected.
HTTP request sent, awaiting response... 303 See Other
Location: http://fdslive.oup.com/www.oup.com/pdf/production_in_progress.pdf [following]
--2017-02-03 07:48:02--  http://fdslive.oup.com/www.oup.com/pdf/production_in_progress.pdf
Connecting to fdslive.oup.com (fdslive.oup.com)|193.67.160.201|:80... connected.
HTTP request sent, awaiting response... 200 OK
Length: 52438 (51K) [application/pdf]
Saving to: ‘nfw059’

     0K .......... .......... .......... .......... .......... 97% 1.29M 0s
    50K .                                                     100% 2306G=0.04s

2017-02-03 07:48:02 (1.32 MB/s) - ‘nfw059’ saved [52438/52438]

--2017-02-03 07:48:03--  http://doi.org/10.1093/poq/nfw060
Connecting to doi.org (doi.org)|208.254.38.90|:80... connected.
HTTP request sent, awaiting response... 303 See Other
Location: http://fdslive.oup.com/www.oup.com/pdf/production_in_progress.pdf [following]
--2017-02-03 07:48:04--  http://fdslive.oup.com/www.oup.com/pdf/production_in_progress.pdf
Connecting to fdslive.oup.com (fdslive.oup.com)|193.67.160.201|:80... connected.
HTTP request sent, awaiting response... 200 OK
Length: 52438 (51K) [application/pdf]
Saving to: ‘nfw060’

     0K .......... .......... .......... .......... .......... 97% 1.17M 0s
    50K .                                                     100% 2306G=0.04s

2017-02-03 07:48:04 (1.20 MB/s) - ‘nfw060’ saved [52438/52438]

--2017-02-03 07:48:05--  http://doi.org/10.1093/poq/nfw096
Connecting to doi.org (doi.org)|208.254.38.90|:80... connected.
HTTP request sent, awaiting response... 303 See Other
Location: http://fdslive.oup.com/www.oup.com/pdf/production_in_progress.pdf [following]
--2017-02-03 07:48:06--  http://fdslive.oup.com/www.oup.com/pdf/production_in_progress.pdf
Connecting to fdslive.oup.com (fdslive.oup.com)|193.67.160.201|:80... connected.
HTTP request sent, awaiting response... 200 OK
Length: 52438 (51K) [application/pdf]
Saving to: ‘nfw096’

     0K .......... .......... .......... .......... .......... 97% 1.28M 0s
    50K .                                                     100% 2306G=0.04s

2017-02-03 07:48:06 (1.31 MB/s) - ‘nfw096’ saved [52438/52438]

--2017-02-03 07:48:07--  http://doi.org/10.1093/poq/nfw058
Connecting to doi.org (doi.org)|208.254.38.90|:80... connected.
HTTP request sent, awaiting response... 303 See Other
Location: http://fdslive.oup.com/www.oup.com/pdf/production_in_progress.pdf [following]
--2017-02-03 07:48:09--  http://fdslive.oup.com/www.oup.com/pdf/production_in_progress.pdf
Connecting to fdslive.oup.com (fdslive.oup.com)|193.67.160.201|:80... connected.
HTTP request sent, awaiting response... 200 OK
Length: 52438 (51K) [application/pdf]
Saving to: ‘nfw058’

     0K .......... .......... .......... .......... .......... 97% 1.30M 0s
    50K .                                                     100% 2306G=0.04s

2017-02-03 07:48:09 (1.33 MB/s) - ‘nfw058’ saved [52438/52438]

--2017-02-03 07:48:10--  http://doi.org/10.1093/poq/nfw057
Connecting to doi.org (doi.org)|208.254.38.90|:80... connected.
HTTP request sent, awaiting response... 303 See Other
Location: http://fdslive.oup.com/www.oup.com/pdf/production_in_progress.pdf [following]
--2017-02-03 07:48:11--  http://fdslive.oup.com/www.oup.com/pdf/production_in_progress.pdf
Connecting to fdslive.oup.com (fdslive.oup.com)|193.67.160.201|:80... connected.
HTTP request sent, awaiting response... 200 OK
Length: 52438 (51K) [application/pdf]
Saving to: ‘nfw057’

     0K .......... .......... .......... .......... .......... 97% 1.18M 0s
    50K .                                                     100% 2306G=0.04s

2017-02-03 07:48:11 (1.20 MB/s) - ‘nfw057’ saved [52438/52438]

--2017-02-03 07:48:12--  http://doi.org/10.1093/poq/nfw056
Connecting to doi.org (doi.org)|208.254.38.90|:80... connected.
HTTP request sent, awaiting response... 303 See Other
Location: http://fdslive.oup.com/www.oup.com/pdf/production_in_progress.pdf [following]
--2017-02-03 07:48:13--  http://fdslive.oup.com/www.oup.com/pdf/production_in_progress.pdf
Connecting to fdslive.oup.com (fdslive.oup.com)|193.67.160.201|:80... connected.
HTTP request sent, awaiting response... 200 OK
Length: 52438 (51K) [application/pdf]
Saving to: ‘nfw056’

     0K .......... .......... .......... .......... .......... 97%  928K 0s
    50K .                                                     100% 2306G=0.05s

2017-02-03 07:48:13 (951 KB/s) - ‘nfw056’ saved [52438/52438]

--2017-02-03 07:48:14--  http://doi.org/10.1093/poq/nfw093
Connecting to doi.org (doi.org)|208.254.38.90|:80... connected.
HTTP request sent, awaiting response... 303 See Other
Location: http://fdslive.oup.com/www.oup.com/pdf/production_in_progress.pdf [following]
--2017-02-03 07:48:15--  http://fdslive.oup.com/www.oup.com/pdf/production_in_progress.pdf
Connecting to fdslive.oup.com (fdslive.oup.com)|193.67.160.201|:80... connected.
HTTP request sent, awaiting response... 200 OK
Length: 52438 (51K) [application/pdf]
Saving to: ‘nfw093’

     0K .......... .......... .......... .......... .......... 97% 1.29M 0s
    50K .                                                     100% 2306G=0.04s

2017-02-03 07:48:15 (1.32 MB/s) - ‘nfw093’ saved [52438/52438]

--2017-02-03 07:48:16--  http://doi.org/10.1093/poq/nfw049
Connecting to doi.org (doi.org)|208.254.38.90|:80... connected.
HTTP request sent, awaiting response... 303 See Other
Location: https://academic.oup.com/poq/article-lookup/doi/10.1093/poq/nfw049 [following]
--2017-02-03 07:48:18--  https://academic.oup.com/poq/article-lookup/doi/10.1093/poq/nfw049
Connecting to academic.oup.com (academic.oup.com)|173.254.190.144|:443... connected.
HTTP request sent, awaiting response... 200 OK
Length: 107924 (105K) [text/html]
Saving to: ‘nfw049’

     0K .......... .......... .......... .......... .......... 47%  209K 0s
    50K .......... .......... .......... .......... .......... 94%  604K 0s
   100K .....                                                 100% 10289G=0.3s

2017-02-03 07:48:22 (327 KB/s) - ‘nfw049’ saved [107924/107924]

--2017-02-03 07:48:23--  http://doi.org/10.1093/poq/nfw006
Connecting to doi.org (doi.org)|208.254.38.90|:80... connected.
HTTP request sent, awaiting response... 303 See Other
Location: https://academic.oup.com/poq/article-lookup/doi/10.1093/poq/nfw006 [following]
--2017-02-03 07:48:24--  https://academic.oup.com/poq/article-lookup/doi/10.1093/poq/nfw006
Connecting to academic.oup.com (academic.oup.com)|173.254.190.144|:443... connected.
HTTP request sent, awaiting response... 200 OK
Length: 285266 (279K) [text/html]
Saving to: ‘nfw006’

     0K .......... .......... .......... .......... .......... 17%  302K 1s
    50K .......... .......... .......... .......... .......... 35%  317K 1s
   100K .......... .......... .......... .......... .......... 53%  603K 0s
   150K .......... .......... .......... .......... .......... 71%  601K 0s
   200K .......... .......... .......... .......... .......... 89%  314K 0s
   250K .......... .......... ........                        100%  348K=0.7s

2017-02-03 07:48:28 (381 KB/s) - ‘nfw006’ saved [285266/285266]

--2017-02-03 07:48:29--  http://doi.org/10.1093/poq/nfv061
Connecting to doi.org (doi.org)|208.254.38.90|:80... connected.
HTTP request sent, awaiting response... 303 See Other
Location: https://academic.oup.com/poq/article-lookup/doi/10.1093/poq/nfv061 [following]
--2017-02-03 07:48:31--  https://academic.oup.com/poq/article-lookup/doi/10.1093/poq/nfv061
Connecting to academic.oup.com (academic.oup.com)|173.254.190.144|:443... connected.
HTTP request sent, awaiting response... 200 OK
Length: 79580 (78K) [text/html]
Saving to: ‘nfv061’

     0K .......... .......... .......... .......... .......... 64%  209K 0s
    50K .......... .......... .......                         100% 10.4M=0.2s

2017-02-03 07:48:34 (321 KB/s) - ‘nfv061’ saved [79580/79580]

--2017-02-03 07:48:35--  http://doi.org/10.1093/poq/nfw014
Connecting to doi.org (doi.org)|208.254.38.90|:80... connected.
HTTP request sent, awaiting response... 303 See Other
Location: https://academic.oup.com/poq/article-lookup/doi/10.1093/poq/nfw014 [following]
--2017-02-03 07:48:36--  https://academic.oup.com/poq/article-lookup/doi/10.1093/poq/nfw014
Connecting to academic.oup.com (academic.oup.com)|173.254.190.144|:443... connected.
HTTP request sent, awaiting response... 200 OK
Length: 280008 (273K) [text/html]
Saving to: ‘nfw014’

     0K .......... .......... .......... .......... .......... 18%  208K 1s
    50K .......... .......... .......... .......... .......... 36%  605K 1s
   100K .......... .......... .......... .......... .......... 54%  609K 0s
   150K .......... .......... .......... .......... .......... 73%  312K 0s
   200K .......... .......... .......... .......... .......... 91%  601K 0s
   250K .......... .......... ...                             100% 2.78M=0.7s

2017-02-03 07:48:40 (416 KB/s) - ‘nfw014’ saved [280008/280008]

--2017-02-03 07:48:41--  http://doi.org/10.1093/poq/nfv080
Connecting to doi.org (doi.org)|208.254.38.90|:80... connected.
HTTP request sent, awaiting response... 303 See Other
Location: https://academic.oup.com/poq/article-lookup/doi/10.1093/poq/nfv080 [following]
--2017-02-03 07:48:42--  https://academic.oup.com/poq/article-lookup/doi/10.1093/poq/nfv080
Connecting to academic.oup.com (academic.oup.com)|173.254.190.144|:443... connected.
HTTP request sent, awaiting response... 200 OK
Length: 64513 (63K) [text/html]
Saving to: ‘nfv080’

     0K .......... .......... .......... .......... .......... 79%  208K 0s
    50K .......... ...                                        100% 15.8M=0.2s

2017-02-03 07:48:46 (261 KB/s) - ‘nfv080’ saved [64513/64513]

--2017-02-03 07:48:47--  http://doi.org/10.1093/poq/nfv064
Connecting to doi.org (doi.org)|208.254.38.90|:80... connected.
HTTP request sent, awaiting response... 303 See Other
Location: https://academic.oup.com/poq/article-lookup/doi/10.1093/poq/nfv064 [following]
--2017-02-03 07:48:48--  https://academic.oup.com/poq/article-lookup/doi/10.1093/poq/nfv064
Connecting to academic.oup.com (academic.oup.com)|173.254.190.144|:443... connected.
HTTP request sent, awaiting response... 200 OK
Length: 64555 (63K) [text/html]
Saving to: ‘nfv064’

     0K .......... .......... .......... .......... .......... 79%  209K 0s
    50K .......... ...                                        100% 14.5M=0.2s

2017-02-03 07:48:52 (262 KB/s) - ‘nfv064’ saved [64555/64555]

--2017-02-03 07:48:53--  http://doi.org/10.1093/poq/nfw002
Connecting to doi.org (doi.org)|208.254.38.90|:80... connected.
HTTP request sent, awaiting response... 303 See Other
Location: https://academic.oup.com/poq/article-lookup/doi/10.1093/poq/nfw002 [following]
--2017-02-03 07:48:54--  https://academic.oup.com/poq/article-lookup/doi/10.1093/poq/nfw002
Connecting to academic.oup.com (academic.oup.com)|173.254.190.144|:443... connected.
HTTP request sent, awaiting response... 200 OK
Length: 316663 (309K) [text/html]
Saving to: ‘nfw002’

     0K .......... .......... .......... .......... .......... 16%  209K 1s
    50K .......... .......... .......... .......... .......... 32%  581K 1s
   100K .......... .......... .......... .......... .......... 48%  605K 0s
   150K .......... .......... .......... .......... .......... 64%  318K 0s
   200K .......... .......... .......... .......... .......... 80%  594K 0s
   250K .......... .......... .......... .......... .......... 97%  592K 0s
   300K .........                                             100% 32.3M=0.7s

2017-02-03 07:48:58 (421 KB/s) - ‘nfw002’ saved [316663/316663]

--2017-02-03 07:48:59--  http://doi.org/10.1093/poq/nfv069
Connecting to doi.org (doi.org)|208.254.38.90|:80... connected.
HTTP request sent, awaiting response... 303 See Other
Location: https://academic.oup.com/poq/article-lookup/doi/10.1093/poq/nfv069 [following]
--2017-02-03 07:49:01--  https://academic.oup.com/poq/article-lookup/doi/10.1093/poq/nfv069
Connecting to academic.oup.com (academic.oup.com)|173.254.190.144|:443... connected.
HTTP request sent, awaiting response... 200 OK
Length: 64559 (63K) [text/html]
Saving to: ‘nfv069’

     0K .......... .......... .......... .......... .......... 79%  208K 0s
    50K .......... ...                                        100% 15.5M=0.2s

2017-02-03 07:49:06 (261 KB/s) - ‘nfv069’ saved [64559/64559]

--2017-02-03 07:49:07--  http://doi.org/10.1093/poq/nfv062
Connecting to doi.org (doi.org)|208.254.38.90|:80... connected.
HTTP request sent, awaiting response... 303 See Other
Location: https://academic.oup.com/poq/article-lookup/doi/10.1093/poq/nfv062 [following]
--2017-02-03 07:49:08--  https://academic.oup.com/poq/article-lookup/doi/10.1093/poq/nfv062
Connecting to academic.oup.com (academic.oup.com)|173.254.190.144|:443... connected.
HTTP request sent, awaiting response... 200 OK
Length: 64556 (63K) [text/html]
Saving to: ‘nfv062’

     0K .......... .......... .......... .......... .......... 79%  207K 0s
    50K .......... ...                                        100% 13.3M=0.2s

2017-02-03 07:49:11 (260 KB/s) - ‘nfv062’ saved [64556/64556]

--2017-02-03 07:49:12--  http://doi.org/10.1093/poq/nfv065
Connecting to doi.org (doi.org)|208.254.38.90|:80... connected.
HTTP request sent, awaiting response... 303 See Other
Location: https://academic.oup.com/poq/article-lookup/doi/10.1093/poq/nfv065 [following]
--2017-02-03 07:49:13--  https://academic.oup.com/poq/article-lookup/doi/10.1093/poq/nfv065
Connecting to academic.oup.com (academic.oup.com)|173.254.190.144|:443... connected.
HTTP request sent, awaiting response... 200 OK
Length: 64501 (63K) [text/html]
Saving to: ‘nfv065’

     0K .......... .......... .......... .......... .......... 79%  300K 0s
    50K .......... ..                                         100%  157K=0.2s

2017-02-03 07:49:17 (253 KB/s) - ‘nfv065’ saved [64501/64501]

--2017-02-03 07:49:18--  http://doi.org/10.1093/poq/nfv070
Connecting to doi.org (doi.org)|208.254.38.90|:80... connected.
HTTP request sent, awaiting response... 303 See Other
Location: https://academic.oup.com/poq/article-lookup/doi/10.1093/poq/nfv070 [following]
--2017-02-03 07:49:19--  https://academic.oup.com/poq/article-lookup/doi/10.1093/poq/nfv070
Connecting to academic.oup.com (academic.oup.com)|173.254.190.144|:443... connected.
HTTP request sent, awaiting response... 200 OK
Length: 64505 (63K) [text/html]
Saving to: ‘nfv070’

     0K .......... .......... .......... .......... .......... 79%  207K 0s
    50K .......... ..                                         100% 13.4M=0.2s

2017-02-03 07:49:22 (260 KB/s) - ‘nfv070’ saved [64505/64505]

--2017-02-03 07:49:23--  http://doi.org/10.1093/poq/nfv052
Connecting to doi.org (doi.org)|208.254.38.90|:80... connected.
HTTP request sent, awaiting response... 303 See Other
Location: https://academic.oup.com/poq/article-lookup/doi/10.1093/poq/nfv052 [following]
--2017-02-03 07:49:24--  https://academic.oup.com/poq/article-lookup/doi/10.1093/poq/nfv052
Connecting to academic.oup.com (academic.oup.com)|173.254.190.144|:443... connected.
HTTP request sent, awaiting response... 200 OK
Length: 82078 (80K) [text/html]
Saving to: ‘nfv052’

     0K .......... .......... .......... .......... .......... 62%  209K 0s
    50K .......... .......... ..........                      100% 10.3M=0.2s

2017-02-03 07:49:27 (331 KB/s) - ‘nfv052’ saved [82078/82078]

--2017-02-03 07:49:28--  http://doi.org/10.1093/poq/nfw012
Connecting to doi.org (doi.org)|208.254.38.90|:80... connected.
HTTP request sent, awaiting response... 303 See Other
Location: https://academic.oup.com/poq/article-lookup/doi/10.1093/poq/nfw012 [following]
--2017-02-03 07:49:30--  https://academic.oup.com/poq/article-lookup/doi/10.1093/poq/nfw012
Connecting to academic.oup.com (academic.oup.com)|173.254.190.144|:443... connected.
HTTP request sent, awaiting response... 200 OK
Length: 332517 (325K) [text/html]
Saving to: ‘nfw012’

     0K .......... .......... .......... .......... .......... 15%  209K 1s
    50K .......... .......... .......... .......... .......... 30%  613K 1s
   100K .......... .......... .......... .......... .......... 46%  588K 0s
   150K .......... .......... .......... .......... .......... 61%  605K 0s
   200K .......... .......... .......... .......... .......... 76%  304K 0s
   250K .......... .......... .......... .......... .......... 92%  602K 0s
   300K .......... .......... ....                            100%  323K=0.8s

2017-02-03 07:49:33 (399 KB/s) - ‘nfw012’ saved [332517/332517]

--2017-02-03 07:49:34--  http://doi.org/10.1093/poq/nfv068
Connecting to doi.org (doi.org)|208.254.38.90|:80... connected.
HTTP request sent, awaiting response... 303 See Other
Location: https://academic.oup.com/poq/article-lookup/doi/10.1093/poq/nfv068 [following]
--2017-02-03 07:49:35--  https://academic.oup.com/poq/article-lookup/doi/10.1093/poq/nfv068
Connecting to academic.oup.com (academic.oup.com)|173.254.190.144|:443... connected.
HTTP request sent, awaiting response... 200 OK
Length: 64606 (63K) [text/html]
Saving to: ‘nfv068’

     0K .......... .......... .......... .......... .......... 79%  209K 0s
    50K .......... ...                                        100% 13.6M=0.2s

2017-02-03 07:49:39 (262 KB/s) - ‘nfv068’ saved [64606/64606]

--2017-02-03 07:49:40--  http://doi.org/10.1093/poq/nfv074
Connecting to doi.org (doi.org)|208.254.38.90|:80... connected.
HTTP request sent, awaiting response... 303 See Other
Location: https://academic.oup.com/poq/article-lookup/doi/10.1093/poq/nfv074 [following]
--2017-02-03 07:49:41--  https://academic.oup.com/poq/article-lookup/doi/10.1093/poq/nfv074
Connecting to academic.oup.com (academic.oup.com)|173.254.190.144|:443... connected.
HTTP request sent, awaiting response... 200 OK
Length: 64567 (63K) [text/html]
Saving to: ‘nfv074’

     0K .......... .......... .......... .......... .......... 79%  209K 0s
    50K .......... ...                                        100% 9.76M=0.2s

2017-02-03 07:49:44 (262 KB/s) - ‘nfv074’ saved [64567/64567]

--2017-02-03 07:49:45--  http://doi.org/10.1093/poq/nfv060
Connecting to doi.org (doi.org)|208.254.38.90|:80... connected.
HTTP request sent, awaiting response... 303 See Other
Location: https://academic.oup.com/poq/article-lookup/doi/10.1093/poq/nfv060 [following]
--2017-02-03 07:49:46--  https://academic.oup.com/poq/article-lookup/doi/10.1093/poq/nfv060
Connecting to academic.oup.com (academic.oup.com)|173.254.190.144|:443... connected.
HTTP request sent, awaiting response... 200 OK
Length: 64506 (63K) [text/html]
Saving to: ‘nfv060’

     0K .......... .......... .......... .......... .......... 79%  209K 0s
    50K .......... ..                                         100% 11.4M=0.2s

2017-02-03 07:49:49 (262 KB/s) - ‘nfv060’ saved [64506/64506]

--2017-02-03 07:49:50--  http://doi.org/10.1093/poq/nfv072
Connecting to doi.org (doi.org)|208.254.38.90|:80... connected.
HTTP request sent, awaiting response... 303 See Other
Location: https://academic.oup.com/poq/article-lookup/doi/10.1093/poq/nfv072 [following]
--2017-02-03 07:49:51--  https://academic.oup.com/poq/article-lookup/doi/10.1093/poq/nfv072
Connecting to academic.oup.com (academic.oup.com)|173.254.190.144|:443... connected.
HTTP request sent, awaiting response... 200 OK
Length: 79542 (78K) [text/html]
Saving to: ‘nfv072’

     0K .......... .......... .......... .......... .......... 64%  206K 0s
    50K .......... .......... .......                         100% 11.2M=0.2s

2017-02-03 07:49:56 (316 KB/s) - ‘nfv072’ saved [79542/79542]

--2017-02-03 07:49:57--  http://doi.org/10.1093/poq/nfv066
Connecting to doi.org (doi.org)|208.254.38.90|:80... connected.
HTTP request sent, awaiting response... 303 See Other
Location: https://academic.oup.com/poq/article-lookup/doi/10.1093/poq/nfv066 [following]
--2017-02-03 07:49:59--  https://academic.oup.com/poq/article-lookup/doi/10.1093/poq/nfv066
Connecting to academic.oup.com (academic.oup.com)|173.254.190.144|:443... connected.
HTTP request sent, awaiting response... 200 OK
Length: 64626 (63K) [text/html]
Saving to: ‘nfv066’

     0K .......... .......... .......... .......... .......... 79%  209K 0s
    50K .......... ...                                        100% 15.8M=0.2s

2017-02-03 07:50:02 (263 KB/s) - ‘nfv066’ saved [64626/64626]

--2017-02-03 07:50:03--  http://doi.org/10.1093/poq/nfv058
Connecting to doi.org (doi.org)|208.254.38.90|:80... connected.
HTTP request sent, awaiting response... 303 See Other
Location: https://academic.oup.com/poq/article-lookup/doi/10.1093/poq/nfv058 [following]
--2017-02-03 07:50:04--  https://academic.oup.com/poq/article-lookup/doi/10.1093/poq/nfv058
Connecting to academic.oup.com (academic.oup.com)|173.254.190.144|:443... connected.
HTTP request sent, awaiting response... 200 OK
Length: 64607 (63K) [text/html]
Saving to: ‘nfv058’

     0K .......... .......... .......... .......... .......... 79%  209K 0s
    50K .......... ...                                        100% 15.6M=0.2s

2017-02-03 07:50:07 (263 KB/s) - ‘nfv058’ saved [64607/64607]

--2017-02-03 07:50:08--  http://doi.org/10.1093/poq/nfv078
Connecting to doi.org (doi.org)|208.254.38.90|:80... connected.
HTTP request sent, awaiting response... 303 See Other
Location: https://academic.oup.com/poq/article-lookup/doi/10.1093/poq/nfv078 [following]
--2017-02-03 07:50:09--  https://academic.oup.com/poq/article-lookup/doi/10.1093/poq/nfv078
Connecting to academic.oup.com (academic.oup.com)|173.254.190.144|:443... connected.
HTTP request sent, awaiting response... 200 OK
Length: 64619 (63K) [text/html]
Saving to: ‘nfv078’

     0K .......... .......... .......... .......... .......... 79%  206K 0s
    50K .......... ...                                        100% 16.2M=0.2s

2017-02-03 07:50:12 (259 KB/s) - ‘nfv078’ saved [64619/64619]

--2017-02-03 07:50:13--  http://doi.org/10.1093/poq/nfv076
Connecting to doi.org (doi.org)|208.254.38.90|:80... connected.
HTTP request sent, awaiting response... 303 See Other
Location: https://academic.oup.com/poq/article-lookup/doi/10.1093/poq/nfv076 [following]
--2017-02-03 07:50:14--  https://academic.oup.com/poq/article-lookup/doi/10.1093/poq/nfv076
Connecting to academic.oup.com (academic.oup.com)|173.254.190.144|:443... connected.
HTTP request sent, awaiting response... 200 OK
Length: 64550 (63K) [text/html]
Saving to: ‘nfv076’

     0K .......... .......... .......... .......... .......... 79%  207K 0s
    50K .......... ...                                        100% 16.0M=0.2s

2017-02-03 07:50:18 (261 KB/s) - ‘nfv076’ saved [64550/64550]

--2017-02-03 07:50:19--  http://doi.org/10.1093/poq/nfw017
Connecting to doi.org (doi.org)|208.254.38.90|:80... connected.
HTTP request sent, awaiting response... 303 See Other
Location: https://academic.oup.com/poq/article-lookup/doi/10.1093/poq/nfw017 [following]
--2017-02-03 07:50:20--  https://academic.oup.com/poq/article-lookup/doi/10.1093/poq/nfw017
Connecting to academic.oup.com (academic.oup.com)|173.254.190.144|:443... connected.
HTTP request sent, awaiting response... 200 OK
Length: 73395 (72K) [text/html]
Saving to: ‘nfw017’

     0K .......... .......... .......... .......... .......... 69%  209K 0s
    50K .......... .......... .                               100% 10.4M=0.2s

2017-02-03 07:50:23 (296 KB/s) - ‘nfw017’ saved [73395/73395]

--2017-02-03 07:50:24--  http://doi.org/10.1093/poq/nfv077
Connecting to doi.org (doi.org)|208.254.38.90|:80... connected.
HTTP request sent, awaiting response... 303 See Other
Location: https://academic.oup.com/poq/article-lookup/doi/10.1093/poq/nfv077 [following]
--2017-02-03 07:50:25--  https://academic.oup.com/poq/article-lookup/doi/10.1093/poq/nfv077
Connecting to academic.oup.com (academic.oup.com)|173.254.190.144|:443... connected.
HTTP request sent, awaiting response... 200 OK
Length: 64594 (63K) [text/html]
Saving to: ‘nfv077’

     0K .......... .......... .......... .......... .......... 79%  209K 0s
    50K .......... ...                                        100% 14.6M=0.2s

2017-02-03 07:50:28 (262 KB/s) - ‘nfv077’ saved [64594/64594]

--2017-02-03 07:50:29--  http://doi.org/10.1093/poq/nfw034
Connecting to doi.org (doi.org)|208.254.38.90|:80... connected.
HTTP request sent, awaiting response... 303 See Other
Location: https://academic.oup.com/poq/article-lookup/doi/10.1093/poq/nfw034 [following]
--2017-02-03 07:50:30--  https://academic.oup.com/poq/article-lookup/doi/10.1093/poq/nfw034
Connecting to academic.oup.com (academic.oup.com)|173.254.190.144|:443... connected.
HTTP request sent, awaiting response... 200 OK
Length: 251337 (245K) [text/html]
Saving to: ‘nfw034’

     0K .......... .......... .......... .......... .......... 20%  209K 1s
    50K .......... .......... .......... .......... .......... 40%  606K 0s
   100K .......... .......... .......... .......... .......... 61%  603K 0s
   150K .......... .......... .......... .......... .......... 81%  580K 0s
   200K .......... .......... .......... .......... .....     100%  558K=0.6s

2017-02-03 07:50:33 (429 KB/s) - ‘nfw034’ saved [251337/251337]

--2017-02-03 07:50:34--  http://doi.org/10.1093/poq/nfw011
Connecting to doi.org (doi.org)|208.254.38.90|:80... connected.
HTTP request sent, awaiting response... 303 See Other
Location: https://academic.oup.com/poq/article-lookup/doi/10.1093/poq/nfw011 [following]
--2017-02-03 07:50:36--  https://academic.oup.com/poq/article-lookup/doi/10.1093/poq/nfw011
Connecting to academic.oup.com (academic.oup.com)|173.254.190.144|:443... connected.
HTTP request sent, awaiting response... 200 OK
Length: 237397 (232K) [text/html]
Saving to: ‘nfw011’

     0K .......... .......... .......... .......... .......... 21%  209K 1s
    50K .......... .......... .......... .......... .......... 43%  610K 0s
   100K .......... .......... .......... .......... .......... 64%  602K 0s
   150K .......... .......... .......... .......... .......... 86%  319K 0s
   200K .......... .......... .......... .                    100% 5.73M=0.6s

2017-02-03 07:50:39 (409 KB/s) - ‘nfw011’ saved [237397/237397]

--2017-02-03 07:50:40--  http://doi.org/10.1093/poq/nfv079
Connecting to doi.org (doi.org)|208.254.38.90|:80... connected.
HTTP request sent, awaiting response... 303 See Other
Location: https://academic.oup.com/poq/article-lookup/doi/10.1093/poq/nfv079 [following]
--2017-02-03 07:50:41--  https://academic.oup.com/poq/article-lookup/doi/10.1093/poq/nfv079
Connecting to academic.oup.com (academic.oup.com)|173.254.190.144|:443... connected.
HTTP request sent, awaiting response... 200 OK
Length: 64572 (63K) [text/html]
Saving to: ‘nfv079’

     0K .......... .......... .......... .......... .......... 79%  310K 0s
    50K .......... ...                                        100%  166K=0.2s

2017-02-03 07:50:44 (263 KB/s) - ‘nfv079’ saved [64572/64572]

--2017-02-03 07:50:45--  http://doi.org/10.1093/poq/nfw035
Connecting to doi.org (doi.org)|208.254.38.90|:80... connected.
HTTP request sent, awaiting response... 303 See Other
Location: https://academic.oup.com/poq/article-lookup/doi/10.1093/poq/nfw035 [following]
--2017-02-03 07:50:47--  https://academic.oup.com/poq/article-lookup/doi/10.1093/poq/nfw035
Connecting to academic.oup.com (academic.oup.com)|173.254.190.144|:443... connected.
HTTP request sent, awaiting response... 200 OK
Length: 85772 (84K) [text/html]
Saving to: ‘nfw035’

     0K .......... .......... .......... .......... .......... 59%  206K 0s
    50K .......... .......... .......... ...                  100% 9.87M=0.2s

2017-02-03 07:50:49 (341 KB/s) - ‘nfw035’ saved [85772/85772]

--2017-02-03 07:50:50--  http://doi.org/10.1093/poq/nfw022
Connecting to doi.org (doi.org)|208.254.38.90|:80... connected.
HTTP request sent, awaiting response... 303 See Other
Location: https://academic.oup.com/poq/article-lookup/doi/10.1093/poq/nfw022 [following]
--2017-02-03 07:50:51--  https://academic.oup.com/poq/article-lookup/doi/10.1093/poq/nfw022
Connecting to academic.oup.com (academic.oup.com)|173.254.190.144|:443... connected.
HTTP request sent, awaiting response... 200 OK
Length: 209139 (204K) [text/html]
Saving to: ‘nfw022’

     0K .......... .......... .......... .......... .......... 24%  208K 1s
    50K .......... .......... .......... .......... .......... 48%  606K 0s
   100K .......... .......... .......... .......... .......... 73%  583K 0s
   150K .......... .......... .......... .......... .......... 97%  611K 0s
   200K ....                                                  100% 56.4K=0.6s

2017-02-03 07:50:55 (361 KB/s) - ‘nfw022’ saved [209139/209139]

--2017-02-03 07:50:56--  http://doi.org/10.1093/poq/nfw027
Connecting to doi.org (doi.org)|208.254.38.90|:80... connected.
HTTP request sent, awaiting response... 303 See Other
Location: https://academic.oup.com/poq/article-lookup/doi/10.1093/poq/nfw027 [following]
--2017-02-03 07:50:57--  https://academic.oup.com/poq/article-lookup/doi/10.1093/poq/nfw027
Connecting to academic.oup.com (academic.oup.com)|173.254.190.144|:443... connected.
HTTP request sent, awaiting response... 200 OK
Length: 167725 (164K) [text/html]
Saving to: ‘nfw027’

     0K .......... .......... .......... .......... .......... 30%  207K 1s
    50K .......... .......... .......... .......... .......... 61%  606K 0s
   100K .......... .......... .......... .......... .......... 91%  605K 0s
   150K .......... ...                                        100% 9.68M=0.4s

2017-02-03 07:51:01 (401 KB/s) - ‘nfw027’ saved [167725/167725]

--2017-02-03 07:51:02--  http://doi.org/10.1093/poq/nfw013
Connecting to doi.org (doi.org)|208.254.38.90|:80... connected.
HTTP request sent, awaiting response... 303 See Other
Location: https://academic.oup.com/poq/article-lookup/doi/10.1093/poq/nfw013 [following]
--2017-02-03 07:51:03--  https://academic.oup.com/poq/article-lookup/doi/10.1093/poq/nfw013
Connecting to academic.oup.com (academic.oup.com)|173.254.190.144|:443... connected.
HTTP request sent, awaiting response... 200 OK
Length: 344511 (336K) [text/html]
Saving to: ‘nfw013’

     0K .......... .......... .......... .......... .......... 14%  207K 1s
    50K .......... .......... .......... .......... .......... 29%  605K 1s
   100K .......... .......... .......... .......... .......... 44%  604K 1s
   150K .......... .......... .......... .......... .......... 59%  429K 0s
   200K .......... .......... .......... .......... .......... 74%  398K 0s
   250K .......... .......... .......... .......... .......... 89%  612K 0s
   300K .......... .......... .......... ......               100%  452K=0.8s

2017-02-03 07:51:09 (415 KB/s) - ‘nfw013’ saved [344511/344511]

--2017-02-03 07:51:10--  http://doi.org/10.1093/poq/nfv057
Connecting to doi.org (doi.org)|208.254.38.90|:80... connected.
HTTP request sent, awaiting response... 303 See Other
Location: https://academic.oup.com/poq/article-lookup/doi/10.1093/poq/nfv057 [following]
--2017-02-03 07:51:11--  https://academic.oup.com/poq/article-lookup/doi/10.1093/poq/nfv057
Connecting to academic.oup.com (academic.oup.com)|173.254.190.144|:443... connected.
HTTP request sent, awaiting response... 400 Bad Request
2017-02-03 07:51:13 ERROR 400: Bad Request.

--2017-02-03 07:51:14--  http://doi.org/10.1093/poq/nfw036
Connecting to doi.org (doi.org)|208.254.38.90|:80... connected.
HTTP request sent, awaiting response... 303 See Other
Location: https://academic.oup.com/poq/article-lookup/doi/10.1093/poq/nfw036 [following]
--2017-02-03 07:51:15--  https://academic.oup.com/poq/article-lookup/doi/10.1093/poq/nfw036
Connecting to academic.oup.com (academic.oup.com)|173.254.190.144|:443... connected.
HTTP request sent, awaiting response... 200 OK
Length: 76929 (75K) [text/html]
Saving to: ‘nfw036’

     0K .......... .......... .......... .......... .......... 66%  206K 0s
    50K .......... .......... .....                           100% 13.3M=0.2s

2017-02-03 07:51:18 (307 KB/s) - ‘nfw036’ saved [76929/76929]

--2017-02-03 07:51:19--  http://doi.org/10.1093/poq/nfw032
Connecting to doi.org (doi.org)|208.254.38.90|:80... connected.
HTTP request sent, awaiting response... 303 See Other
Location: https://academic.oup.com/poq/article-lookup/doi/10.1093/poq/nfw032 [following]
--2017-02-03 07:51:20--  https://academic.oup.com/poq/article-lookup/doi/10.1093/poq/nfw032
Connecting to academic.oup.com (academic.oup.com)|173.254.190.144|:443... connected.
HTTP request sent, awaiting response... 200 OK
Length: 141126 (138K) [text/html]
Saving to: ‘nfw032’

     0K .......... .......... .......... .......... .......... 36%  208K 0s
    50K .......... .......... .......... .......... .......... 72%  601K 0s
   100K .......... .......... .......... .......              100%  475K=0.4s

2017-02-03 07:51:24 (342 KB/s) - ‘nfw032’ saved [141126/141126]

--2017-02-03 07:51:25--  http://doi.org/10.1093/poq/nfv071
Connecting to doi.org (doi.org)|208.254.38.90|:80... connected.
HTTP request sent, awaiting response... 303 See Other
Location: https://academic.oup.com/poq/article-lookup/doi/10.1093/poq/nfv071 [following]
--2017-02-03 07:51:26--  https://academic.oup.com/poq/article-lookup/doi/10.1093/poq/nfv071
Connecting to academic.oup.com (academic.oup.com)|173.254.190.144|:443... connected.
HTTP request sent, awaiting response... 200 OK
Length: 64630 (63K) [text/html]
Saving to: ‘nfv071’

     0K .......... .......... .......... .......... .......... 79%  208K 0s
    50K .......... ...                                        100% 16.0M=0.2s

2017-02-03 07:51:29 (262 KB/s) - ‘nfv071’ saved [64630/64630]

--2017-02-03 07:51:30--  http://doi.org/10.1093/poq/nfv075
Connecting to doi.org (doi.org)|208.254.38.90|:80... connected.
HTTP request sent, awaiting response... 303 See Other
Location: https://academic.oup.com/poq/article-lookup/doi/10.1093/poq/nfv075 [following]
--2017-02-03 07:51:31--  https://academic.oup.com/poq/article-lookup/doi/10.1093/poq/nfv075
Connecting to academic.oup.com (academic.oup.com)|173.254.190.144|:443... connected.
HTTP request sent, awaiting response... 200 OK
Length: 79540 (78K) [text/html]
Saving to: ‘nfv075’

     0K .......... .......... .......... .......... .......... 64%  209K 0s
    50K .......... .......... .......                         100% 11.6M=0.2s

2017-02-03 07:51:35 (321 KB/s) - ‘nfv075’ saved [79540/79540]

--2017-02-03 07:51:36--  http://doi.org/10.1093/poq/nfw023
Connecting to doi.org (doi.org)|208.254.38.90|:80... connected.
HTTP request sent, awaiting response... 303 See Other
Location: https://academic.oup.com/poq/article-lookup/doi/10.1093/poq/nfw023 [following]
--2017-02-03 07:51:37--  https://academic.oup.com/poq/article-lookup/doi/10.1093/poq/nfw023
Connecting to academic.oup.com (academic.oup.com)|173.254.190.144|:443... connected.
HTTP request sent, awaiting response... 200 OK
Length: 292296 (285K) [text/html]
Saving to: ‘nfw023’

     0K .......... .......... .......... .......... .......... 17%  208K 1s
    50K .......... .......... .......... .......... .......... 35%  608K 1s
   100K .......... .......... .......... .......... .......... 52%  594K 0s
   150K .......... .......... .......... .......... .......... 70%  611K 0s
   200K .......... .......... .......... .......... .......... 87%  316K 0s
   250K .......... .......... .......... .....                100%  441K=0.7s

2017-02-03 07:51:41 (392 KB/s) - ‘nfw023’ saved [292296/292296]

--2017-02-03 07:51:42--  http://doi.org/10.1093/poq/nfw001
Connecting to doi.org (doi.org)|208.254.38.90|:80... connected.
HTTP request sent, awaiting response... 303 See Other
Location: https://academic.oup.com/poq/article-lookup/doi/10.1093/poq/nfw001 [following]
--2017-02-03 07:51:43--  https://academic.oup.com/poq/article-lookup/doi/10.1093/poq/nfw001
Connecting to academic.oup.com (academic.oup.com)|173.254.190.144|:443... connected.
HTTP request sent, awaiting response... 200 OK
Length: 285020 (278K) [text/html]
Saving to: ‘nfw001’

     0K .......... .......... .......... .......... .......... 17%  207K 1s
    50K .......... .......... .......... .......... .......... 35%  606K 1s
   100K .......... .......... .......... .......... .......... 53%  609K 0s
   150K .......... .......... .......... .......... .......... 71%  317K 0s
   200K .......... .......... .......... .......... .......... 89%  582K 0s
   250K .......... .......... ........                        100%  736K=0.7s

2017-02-03 07:51:47 (405 KB/s) - ‘nfw001’ saved [285020/285020]

--2017-02-03 07:51:48--  http://doi.org/10.1093/poq/nfw008
Connecting to doi.org (doi.org)|208.254.38.90|:80... connected.
HTTP request sent, awaiting response... 303 See Other
Location: https://academic.oup.com/poq/article-lookup/doi/10.1093/poq/nfw008 [following]
--2017-02-03 07:51:49--  https://academic.oup.com/poq/article-lookup/doi/10.1093/poq/nfw008
Connecting to academic.oup.com (academic.oup.com)|173.254.190.144|:443... connected.
HTTP request sent, awaiting response... 200 OK
Length: 266834 (261K) [text/html]
Saving to: ‘nfw008’

     0K .......... .......... .......... .......... .......... 19%  205K 1s
    50K .......... .......... .......... .......... .......... 38%  614K 1s
   100K .......... .......... .......... .......... .......... 57%  597K 0s
   150K .......... .......... .......... .......... .......... 76%  311K 0s
   200K .......... .......... .......... .......... .......... 95%  603K 0s
   250K ..........                                            100% 38.5M=0.7s

2017-02-03 07:51:54 (399 KB/s) - ‘nfw008’ saved [266834/266834]

--2017-02-03 07:51:55--  http://doi.org/10.1093/poq/nfv083
Connecting to doi.org (doi.org)|208.254.38.90|:80... connected.
HTTP request sent, awaiting response... 303 See Other
Location: https://academic.oup.com/poq/article-lookup/doi/10.1093/poq/nfv083 [following]
--2017-02-03 07:51:57--  https://academic.oup.com/poq/article-lookup/doi/10.1093/poq/nfv083
Connecting to academic.oup.com (academic.oup.com)|173.254.190.144|:443... connected.
HTTP request sent, awaiting response... 200 OK
Length: 295081 (288K) [text/html]
Saving to: ‘nfv083’

     0K .......... .......... .......... .......... .......... 17%  209K 1s
    50K .......... .......... .......... .......... .......... 34%  605K 1s
   100K .......... .......... .......... .......... .......... 52%  602K 0s
   150K .......... .......... .......... .......... .......... 69%  614K 0s
   200K .......... .......... .......... .......... .......... 86%  313K 0s
   250K .......... .......... .......... ........             100%  478K=0.7s

2017-02-03 07:52:01 (397 KB/s) - ‘nfv083’ saved [295081/295081]

--2017-02-03 07:52:02--  http://doi.org/10.1093/poq/nfw052
Connecting to doi.org (doi.org)|208.254.38.90|:80... connected.
HTTP request sent, awaiting response... 303 See Other
Location: https://academic.oup.com/poq/article-lookup/doi/10.1093/poq/nfw052 [following]
--2017-02-03 07:52:03--  https://academic.oup.com/poq/article-lookup/doi/10.1093/poq/nfw052
Connecting to academic.oup.com (academic.oup.com)|173.254.190.144|:443... connected.
HTTP request sent, awaiting response... 200 OK
Length: 188665 (184K) [text/html]
Saving to: ‘nfw052’

     0K .......... .......... .......... .......... .......... 27%  208K 1s
    50K .......... .......... .......... .......... .......... 54%  601K 0s
   100K .......... .......... .......... .......... .......... 81%  610K 0s
   150K .......... .......... .......... ....                 100%  424K=0.5s

2017-02-03 07:52:07 (379 KB/s) - ‘nfw052’ saved [188665/188665]

--2017-02-03 07:52:08--  http://doi.org/10.1093/poq/nfw009
Connecting to doi.org (doi.org)|208.254.38.90|:80... connected.
HTTP request sent, awaiting response... 303 See Other
Location: https://academic.oup.com/poq/article-lookup/doi/10.1093/poq/nfw009 [following]
--2017-02-03 07:52:09--  https://academic.oup.com/poq/article-lookup/doi/10.1093/poq/nfw009
Connecting to academic.oup.com (academic.oup.com)|173.254.190.144|:443... connected.
HTTP request sent, awaiting response... 200 OK
Length: 220649 (215K) [text/html]
Saving to: ‘nfw009’

     0K .......... .......... .......... .......... .......... 23%  207K 1s
    50K .......... .......... .......... .......... .......... 46%  613K 0s
   100K .......... .......... .......... .......... .......... 69%  586K 0s
   150K .......... .......... .......... .......... .......... 92%  312K 0s
   200K .......... .....                                      100% 11.8M=0.6s

2017-02-03 07:52:12 (378 KB/s) - ‘nfw009’ saved [220649/220649]

--2017-02-03 07:52:13--  http://doi.org/10.1093/poq/nfw004
Connecting to doi.org (doi.org)|208.254.38.90|:80... connected.
HTTP request sent, awaiting response... 303 See Other
Location: https://academic.oup.com/poq/article-lookup/doi/10.1093/poq/nfw004 [following]
--2017-02-03 07:52:14--  https://academic.oup.com/poq/article-lookup/doi/10.1093/poq/nfw004
Connecting to academic.oup.com (academic.oup.com)|173.254.190.144|:443... connected.
HTTP request sent, awaiting response... 200 OK
Length: 310161 (303K) [text/html]
Saving to: ‘nfw004’

     0K .......... .......... .......... .......... .......... 16%  207K 1s
    50K .......... .......... .......... .......... .......... 33%  612K 1s
   100K .......... .......... .......... .......... .......... 49%  601K 0s
   150K .......... .......... .......... .......... .......... 66%  606K 0s
   200K .......... .......... .......... .......... .......... 82%  310K 0s
   250K .......... .......... .......... .......... .......... 99%  608K 0s
   300K ..                                                    100% 16.7M=0.7s

2017-02-03 07:52:19 (414 KB/s) - ‘nfw004’ saved [310161/310161]

--2017-02-03 07:52:20--  http://doi.org/10.1093/poq/nfw031
Connecting to doi.org (doi.org)|208.254.38.90|:80... connected.
HTTP request sent, awaiting response... 303 See Other
Location: https://academic.oup.com/poq/article-lookup/doi/10.1093/poq/nfw031 [following]
--2017-02-03 07:52:21--  https://academic.oup.com/poq/article-lookup/doi/10.1093/poq/nfw031
Connecting to academic.oup.com (academic.oup.com)|173.254.190.144|:443... connected.
HTTP request sent, awaiting response... 200 OK
Length: 267022 (261K) [text/html]
Saving to: ‘nfw031’

     0K .......... .......... .......... .......... .......... 19%  202K 1s
    50K .......... .......... .......... .......... .......... 38%  602K 1s
   100K .......... .......... .......... .......... .......... 57%  605K 0s
   150K .......... .......... .......... .......... .......... 76%  578K 0s
   200K .......... .......... .......... .......... .......... 95%  316K 0s
   250K ..........                                            100% 13.8M=0.7s

2017-02-03 07:53:03 (396 KB/s) - ‘nfw031’ saved [267022/267022]

--2017-02-03 07:53:04--  http://doi.org/10.1093/poq/nfw005
Connecting to doi.org (doi.org)|208.254.38.90|:80... connected.
HTTP request sent, awaiting response... 303 See Other
Location: https://academic.oup.com/poq/article-lookup/doi/10.1093/poq/nfw005 [following]
--2017-02-03 07:53:06--  https://academic.oup.com/poq/article-lookup/doi/10.1093/poq/nfw005
Connecting to academic.oup.com (academic.oup.com)|173.254.190.144|:443... connected.
HTTP request sent, awaiting response... 200 OK
Length: 294059 (287K) [text/html]
Saving to: ‘nfw005’

     0K .......... .......... .......... .......... .......... 17%  209K 1s
    50K .......... .......... .......... .......... .......... 34%  609K 1s
   100K .......... .......... .......... .......... .......... 52%  609K 0s
   150K .......... .......... .......... .......... .......... 69%  316K 0s
   200K .......... .......... .......... .......... .......... 87%  588K 0s
   250K .......... .......... .......... .......              100%  465K=0.7s

2017-02-03 07:53:09 (395 KB/s) - ‘nfw005’ saved [294059/294059]

--2017-02-03 07:53:10--  http://doi.org/10.1093/poq/nfw026
Connecting to doi.org (doi.org)|208.254.38.90|:80... connected.
HTTP request sent, awaiting response... 303 See Other
Location: https://academic.oup.com/poq/article-lookup/doi/10.1093/poq/nfw026 [following]
--2017-02-03 07:53:12--  https://academic.oup.com/poq/article-lookup/doi/10.1093/poq/nfw026
Connecting to academic.oup.com (academic.oup.com)|173.254.190.144|:443... connected.
HTTP request sent, awaiting response... 200 OK
Length: 308049 (301K) [text/html]
Saving to: ‘nfw026’

     0K .......... .......... .......... .......... .......... 16%  208K 1s
    50K .......... .......... .......... .......... .......... 33%  602K 1s
   100K .......... .......... .......... .......... .......... 49%  606K 0s
   150K .......... .......... .......... .......... .......... 66%  431K 0s
   200K .......... .......... .......... .......... .......... 83%  388K 0s
   250K .......... .......... .......... .......... .......... 99%  612K 0s
   300K                                                       100% 1581G=0.7s

2017-02-03 07:53:16 (410 KB/s) - ‘nfw026’ saved [308049/308049]

--2017-02-03 07:53:17--  http://doi.org/10.1093/poq/nfv055
Connecting to doi.org (doi.org)|208.254.38.90|:80... connected.
HTTP request sent, awaiting response... 303 See Other
Location: https://academic.oup.com/poq/article-lookup/doi/10.1093/poq/nfv055 [following]
--2017-02-03 07:53:18--  https://academic.oup.com/poq/article-lookup/doi/10.1093/poq/nfv055
Connecting to academic.oup.com (academic.oup.com)|173.254.190.144|:443... connected.
HTTP request sent, awaiting response... 200 OK
Length: 314245 (307K) [text/html]
Saving to: ‘nfv055’

     0K .......... .......... .......... .......... .......... 16%  208K 1s
    50K .......... .......... .......... .......... .......... 32%  592K 1s
   100K .......... .......... .......... .......... .......... 48%  611K 0s
   150K .......... .......... .......... .......... .......... 65%  600K 0s
   200K .......... .......... .......... .......... .......... 81%  315K 0s
   250K .......... .......... .......... .......... .......... 97%  596K 0s
   300K ......                                                100% 13122G=0.7s

2017-02-03 07:53:22 (419 KB/s) - ‘nfv055’ saved [314245/314245]

--2017-02-03 07:53:23--  http://doi.org/10.1093/poq/nfw019
Connecting to doi.org (doi.org)|208.254.38.90|:80... connected.
HTTP request sent, awaiting response... 303 See Other
Location: https://academic.oup.com/poq/article-lookup/doi/10.1093/poq/nfw019 [following]
--2017-02-03 07:53:24--  https://academic.oup.com/poq/article-lookup/doi/10.1093/poq/nfw019
Connecting to academic.oup.com (academic.oup.com)|173.254.190.144|:443... connected.
HTTP request sent, awaiting response... 200 OK
Length: 75266 (74K) [text/html]
Saving to: ‘nfw019’

     0K .......... .......... .......... .......... .......... 68%  209K 0s
    50K .......... .......... ...                             100% 9.39M=0.2s

2017-02-03 07:53:28 (304 KB/s) - ‘nfw019’ saved [75266/75266]

--2017-02-03 07:53:29--  http://doi.org/10.1093/poq/nfw048
Connecting to doi.org (doi.org)|208.254.38.90|:80... connected.
HTTP request sent, awaiting response... 303 See Other
Location: https://academic.oup.com/poq/article-lookup/doi/10.1093/poq/nfw048 [following]
--2017-02-03 07:53:30--  https://academic.oup.com/poq/article-lookup/doi/10.1093/poq/nfw048
Connecting to academic.oup.com (academic.oup.com)|173.254.190.144|:443... connected.
HTTP request sent, awaiting response... 400 Bad Request
2017-02-03 07:53:31 ERROR 400: Bad Request.

--2017-02-03 07:53:32--  http://doi.org/10.1093/poq/nfv081
Connecting to doi.org (doi.org)|208.254.38.90|:80... connected.
HTTP request sent, awaiting response... 303 See Other
Location: https://academic.oup.com/poq/article-lookup/doi/10.1093/poq/nfv081 [following]
--2017-02-03 07:53:33--  https://academic.oup.com/poq/article-lookup/doi/10.1093/poq/nfv081
Connecting to academic.oup.com (academic.oup.com)|173.254.190.144|:443... connected.
HTTP request sent, awaiting response... 200 OK
Length: 64643 (63K) [text/html]
Saving to: ‘nfv081’

     0K .......... .......... .......... .......... .......... 79%  206K 0s
    50K .......... ...                                        100% 16.0M=0.2s

2017-02-03 07:53:36 (260 KB/s) - ‘nfv081’ saved [64643/64643]

--2017-02-03 07:53:37--  http://doi.org/10.1093/poq/nfv048
Connecting to doi.org (doi.org)|208.254.38.90|:80... connected.
HTTP request sent, awaiting response... 303 See Other
Location: https://academic.oup.com/poq/article-lookup/doi/10.1093/poq/nfv048 [following]
--2017-02-03 07:53:38--  https://academic.oup.com/poq/article-lookup/doi/10.1093/poq/nfv048
Connecting to academic.oup.com (academic.oup.com)|173.254.190.144|:443... connected.
HTTP request sent, awaiting response... 200 OK
Length: 526486 (514K) [text/html]
Saving to: ‘nfv048’

     0K .......... .......... .......... .......... ..........  9%  206K 2s
    50K .......... .......... .......... .......... .......... 19%  608K 1s
   100K .......... .......... .......... .......... .......... 29%  607K 1s
   150K .......... .......... .......... .......... .......... 38%  603K 1s
   200K .......... .......... .......... .......... .......... 48%  313K 1s
   250K .......... .......... .......... .......... .......... 58%  609K 1s
   300K .......... .......... .......... .......... .......... 68%  414K 0s
   350K .......... .......... .......... .......... .......... 77%  408K 0s
   400K .......... .......... .......... .......... .......... 87%  606K 0s
   450K .......... .......... .......... .......... .......... 97%  412K 0s
   500K .......... ....                                       100% 19.0M=1.2s

2017-02-03 07:53:43 (436 KB/s) - ‘nfv048’ saved [526486/526486]

--2017-02-03 07:53:44--  http://doi.org/10.1093/poq/nfw030
Connecting to doi.org (doi.org)|208.254.38.90|:80... connected.
HTTP request sent, awaiting response... 303 See Other
Location: https://academic.oup.com/poq/article-lookup/doi/10.1093/poq/nfw030 [following]
--2017-02-03 07:53:45--  https://academic.oup.com/poq/article-lookup/doi/10.1093/poq/nfw030
Connecting to academic.oup.com (academic.oup.com)|173.254.190.144|:443... connected.
HTTP request sent, awaiting response... 200 OK
Length: 289162 (282K) [text/html]
Saving to: ‘nfw030’

     0K .......... .......... .......... .......... .......... 17%  209K 1s
    50K .......... .......... .......... .......... .......... 35%  605K 1s
   100K .......... .......... .......... .......... .......... 53%  613K 0s
   150K .......... .......... .......... .......... .......... 70%  601K 0s
   200K .......... .......... .......... .......... .......... 88%  308K 0s
   250K .......... .......... .......... ..                   100%  834K=0.7s

2017-02-03 07:53:49 (410 KB/s) - ‘nfw030’ saved [289162/289162]

--2017-02-03 07:53:50--  http://doi.org/10.1093/poq/nfv059
Connecting to doi.org (doi.org)|208.254.38.90|:80... connected.
HTTP request sent, awaiting response... 303 See Other
Location: https://academic.oup.com/poq/article-lookup/doi/10.1093/poq/nfv059 [following]
--2017-02-03 07:53:51--  https://academic.oup.com/poq/article-lookup/doi/10.1093/poq/nfv059
Connecting to academic.oup.com (academic.oup.com)|173.254.190.144|:443... connected.
HTTP request sent, awaiting response... 200 OK
Length: 79509 (78K) [text/html]
Saving to: ‘nfv059’

     0K .......... .......... .......... .......... .......... 64%  208K 0s
    50K .......... .......... .......                         100% 13.8M=0.2s

2017-02-03 07:53:55 (321 KB/s) - ‘nfv059’ saved [79509/79509]

--2017-02-03 07:53:56--  http://doi.org/10.1093/poq/nfv053
Connecting to doi.org (doi.org)|208.254.38.90|:80... connected.
HTTP request sent, awaiting response... 303 See Other
Location: https://academic.oup.com/poq/article-lookup/doi/10.1093/poq/nfv053 [following]
--2017-02-03 07:53:57--  https://academic.oup.com/poq/article-lookup/doi/10.1093/poq/nfv053
Connecting to academic.oup.com (academic.oup.com)|173.254.190.144|:443... connected.
HTTP request sent, awaiting response... 200 OK
Length: 78109 (76K) [text/html]
Saving to: ‘nfv053’

     0K .......... .......... .......... .......... .......... 65%  206K 0s
    50K .......... .......... ......                          100% 10.9M=0.2s

2017-02-03 07:54:00 (312 KB/s) - ‘nfv053’ saved [78109/78109]

--2017-02-03 07:54:01--  http://doi.org/10.1093/poq/nfw047
Connecting to doi.org (doi.org)|208.254.38.90|:80... connected.
HTTP request sent, awaiting response... 303 See Other
Location: https://academic.oup.com/poq/article-lookup/doi/10.1093/poq/nfw047 [following]
--2017-02-03 07:54:02--  https://academic.oup.com/poq/article-lookup/doi/10.1093/poq/nfw047
Connecting to academic.oup.com (academic.oup.com)|173.254.190.144|:443... connected.
HTTP request sent, awaiting response... 400 Bad Request
2017-02-03 07:54:03 ERROR 400: Bad Request.

--2017-02-03 07:54:04--  http://doi.org/10.1093/poq/nfw033
Connecting to doi.org (doi.org)|208.254.38.90|:80... connected.
HTTP request sent, awaiting response... 303 See Other
Location: https://academic.oup.com/poq/article-lookup/doi/10.1093/poq/nfw033 [following]
--2017-02-03 07:54:05--  https://academic.oup.com/poq/article-lookup/doi/10.1093/poq/nfw033
Connecting to academic.oup.com (academic.oup.com)|173.254.190.144|:443... connected.
HTTP request sent, awaiting response... 200 OK
Length: 375806 (367K) [text/html]
Saving to: ‘nfw033’

     0K .......... .......... .......... .......... .......... 13% 89.3K 4s
    50K .......... .......... .......... .......... .......... 27%  153K 2s
   100K .......... .......... .......... .......... .......... 40%  207K 2s
   150K .......... .......... .......... .......... .......... 54%  208K 1s
   200K .......... .......... .......... .......... .......... 68%  251K 1s
   250K .......... .......... .......... .......... .......... 81%  247K 0s
   300K .......... .......... .......... .......... .......... 95%  315K 0s
   350K .......... ......                                     100% 4.76M=1.9s

2017-02-03 07:54:11 (190 KB/s) - ‘nfw033’ saved [375806/375806]

--2017-02-03 07:54:12--  http://doi.org/10.1093/poq/nfv073
Connecting to doi.org (doi.org)|208.254.38.90|:80... connected.
HTTP request sent, awaiting response... 303 See Other
Location: https://academic.oup.com/poq/article-lookup/doi/10.1093/poq/nfv073 [following]
--2017-02-03 07:54:14--  https://academic.oup.com/poq/article-lookup/doi/10.1093/poq/nfv073
Connecting to academic.oup.com (academic.oup.com)|173.254.190.144|:443... connected.
HTTP request sent, awaiting response... 200 OK
Length: 79553 (78K) [text/html]
Saving to: ‘nfv073’

     0K .......... .......... .......... .......... .......... 64%  208K 0s
    50K .......... .......... .......                         100% 13.3M=0.2s

2017-02-03 07:54:17 (321 KB/s) - ‘nfv073’ saved [79553/79553]

--2017-02-03 07:54:18--  http://doi.org/10.1093/poq/nfw015
Connecting to doi.org (doi.org)|208.254.38.90|:80... connected.
HTTP request sent, awaiting response... 303 See Other
Location: https://academic.oup.com/poq/article-lookup/doi/10.1093/poq/nfw015 [following]
--2017-02-03 07:54:19--  https://academic.oup.com/poq/article-lookup/doi/10.1093/poq/nfw015
Connecting to academic.oup.com (academic.oup.com)|173.254.190.144|:443... connected.
HTTP request sent, awaiting response... 200 OK
Length: 140873 (138K) [text/html]
Saving to: ‘nfw015’

     0K .......... .......... .......... .......... .......... 36%  208K 0s
    50K .......... .......... .......... .......... .......... 72%  607K 0s
   100K .......... .......... .......... .......              100%  466K=0.4s

2017-02-03 07:54:23 (341 KB/s) - ‘nfw015’ saved [140873/140873]

--2017-02-03 07:54:24--  http://doi.org/10.1093/poq/nfv054
Connecting to doi.org (doi.org)|208.254.38.90|:80... connected.
HTTP request sent, awaiting response... 303 See Other
Location: https://academic.oup.com/poq/article-lookup/doi/10.1093/poq/nfv054 [following]
--2017-02-03 07:54:25--  https://academic.oup.com/poq/article-lookup/doi/10.1093/poq/nfv054
Connecting to academic.oup.com (academic.oup.com)|173.254.190.144|:443... connected.
HTTP request sent, awaiting response... 200 OK
Length: 372365 (364K) [text/html]
Saving to: ‘nfv054’

     0K .......... .......... .......... .......... .......... 13%  208K 2s
    50K .......... .......... .......... .......... .......... 27%  602K 1s
   100K .......... .......... .......... .......... .......... 41%  593K 1s
   150K .......... .......... .......... .......... .......... 54%  593K 0s
   200K .......... .......... .......... .......... .......... 68%  320K 0s
   250K .......... .......... .......... .......... .......... 82%  578K 0s
   300K .......... .......... .......... .......... .......... 96%  594K 0s
   350K .......... ...                                        100%  185K=0.9s

2017-02-03 07:54:29 (407 KB/s) - ‘nfv054’ saved [372365/372365]

--2017-02-03 07:54:30--  http://doi.org/10.1093/poq/nfw025
Connecting to doi.org (doi.org)|208.254.38.90|:80... connected.
HTTP request sent, awaiting response... 303 See Other
Location: https://academic.oup.com/poq/article-lookup/doi/10.1093/poq/nfw025 [following]
--2017-02-03 07:54:32--  https://academic.oup.com/poq/article-lookup/doi/10.1093/poq/nfw025
Connecting to academic.oup.com (academic.oup.com)|173.254.190.144|:443... connected.
HTTP request sent, awaiting response... 200 OK
Length: 331383 (324K) [text/html]
Saving to: ‘nfw025’

     0K .......... .......... .......... .......... .......... 15%  304K 1s
    50K .......... .......... .......... .......... .......... 30%  313K 1s
   100K .......... .......... .......... .......... .......... 46%  598K 0s
   150K .......... .......... .......... .......... .......... 61%  318K 0s
   200K .......... .......... .......... .......... .......... 77%  587K 0s
   250K .......... .......... .......... .......... .......... 92%  605K 0s
   300K .......... .......... ...                             100%  313K=0.8s

2017-02-03 07:54:34 (400 KB/s) - ‘nfw025’ saved [331383/331383]

--2017-02-03 07:54:35--  http://doi.org/10.1093/poq/nfv056
Connecting to doi.org (doi.org)|208.254.38.90|:80... connected.
HTTP request sent, awaiting response... 303 See Other
Location: https://academic.oup.com/poq/article-lookup/doi/10.1093/poq/nfv056 [following]
--2017-02-03 07:54:37--  https://academic.oup.com/poq/article-lookup/doi/10.1093/poq/nfv056
Connecting to academic.oup.com (academic.oup.com)|173.254.190.144|:443... connected.
HTTP request sent, awaiting response... 400 Bad Request
2017-02-03 07:54:37 ERROR 400: Bad Request.

--2017-02-03 07:54:38--  http://doi.org/10.1093/poq/nfw016
Connecting to doi.org (doi.org)|208.254.38.90|:80... connected.
HTTP request sent, awaiting response... 303 See Other
Location: https://academic.oup.com/poq/article-lookup/doi/10.1093/poq/nfw016 [following]
--2017-02-03 07:54:40--  https://academic.oup.com/poq/article-lookup/doi/10.1093/poq/nfw016
Connecting to academic.oup.com (academic.oup.com)|173.254.190.144|:443... connected.
HTTP request sent, awaiting response... 200 OK
Length: 360055 (352K) [text/html]
Saving to: ‘nfw016’

     0K .......... .......... .......... .......... .......... 14%  207K 1s
    50K .......... .......... .......... .......... .......... 28%  608K 1s
   100K .......... .......... .......... .......... .......... 42%  591K 1s
   150K .......... .......... .......... .......... .......... 56%  407K 0s
   200K .......... .......... .......... .......... .......... 71%  410K 0s
   250K .......... .......... .......... .......... .......... 85%  614K 0s
   300K .......... .......... .......... .......... .......... 99%  606K 0s
   350K .                                                     100% 8.29M=0.8s

2017-02-03 07:54:45 (430 KB/s) - ‘nfw016’ saved [360055/360055]

--2017-02-03 07:54:46--  http://doi.org/10.1093/poq/nfw024
Connecting to doi.org (doi.org)|208.254.38.90|:80... connected.
HTTP request sent, awaiting response... 303 See Other
Location: https://academic.oup.com/poq/article-lookup/doi/10.1093/poq/nfw024 [following]
--2017-02-03 07:54:47--  https://academic.oup.com/poq/article-lookup/doi/10.1093/poq/nfw024
Connecting to academic.oup.com (academic.oup.com)|173.254.190.144|:443... connected.
HTTP request sent, awaiting response... 200 OK
Length: 205625 (201K) [text/html]
Saving to: ‘nfw024’

     0K .......... .......... .......... .......... .......... 24%  209K 1s
    50K .......... .......... .......... .......... .......... 49%  609K 0s
   100K .......... .......... .......... .......... .......... 74%  600K 0s
   150K .......... .......... .......... .......... .......... 99%  607K 0s
   200K                                                       100% 1537G=0.5s

2017-02-03 07:54:50 (412 KB/s) - ‘nfw024’ saved [205625/205625]

--2017-02-03 07:54:51--  http://doi.org/10.1093/poq/nfv082
Connecting to doi.org (doi.org)|208.254.38.90|:80... connected.
HTTP request sent, awaiting response... 303 See Other
Location: https://academic.oup.com/poq/article-lookup/doi/10.1093/poq/nfv082 [following]
--2017-02-03 07:54:53--  https://academic.oup.com/poq/article-lookup/doi/10.1093/poq/nfv082
Connecting to academic.oup.com (academic.oup.com)|173.254.190.144|:443... connected.
HTTP request sent, awaiting response... 200 OK
Length: 317865 (310K) [text/html]
Saving to: ‘nfv082’

     0K .......... .......... .......... .......... .......... 16%  209K 1s
    50K .......... .......... .......... .......... .......... 32%  606K 1s
   100K .......... .......... .......... .......... .......... 48%  587K 0s
   150K .......... .......... .......... .......... .......... 64%  607K 0s
   200K .......... .......... .......... .......... .......... 80%  311K 0s
   250K .......... .......... .......... .......... .......... 96%  605K 0s
   300K ..........                                            100% 16.5M=0.7s

2017-02-03 07:54:59 (423 KB/s) - ‘nfv082’ saved [317865/317865]

--2017-02-03 07:55:00--  http://doi.org/10.1093/poq/nfw021
Connecting to doi.org (doi.org)|208.254.38.90|:80... connected.
HTTP request sent, awaiting response... 303 See Other
Location: https://academic.oup.com/poq/article-lookup/doi/10.1093/poq/nfw021 [following]
--2017-02-03 07:55:01--  https://academic.oup.com/poq/article-lookup/doi/10.1093/poq/nfw021
Connecting to academic.oup.com (academic.oup.com)|173.254.190.144|:443... connected.
HTTP request sent, awaiting response... 200 OK
Length: 249929 (244K) [text/html]
Saving to: ‘nfw021’

     0K .......... .......... .......... .......... .......... 20%  207K 1s
    50K .......... .......... .......... .......... .......... 40%  582K 0s
   100K .......... .......... .......... .......... .......... 61%  596K 0s
   150K .......... .......... .......... .......... .......... 81%  604K 0s
   200K .......... .......... .......... .......... ....      100%  540K=0.6s

2017-02-03 07:55:05 (424 KB/s) - ‘nfw021’ saved [249929/249929]

--2017-02-03 07:55:06--  http://doi.org/10.1093/poq/nfw003
Connecting to doi.org (doi.org)|208.254.38.90|:80... connected.
HTTP request sent, awaiting response... 303 See Other
Location: https://academic.oup.com/poq/article-lookup/doi/10.1093/poq/nfw003 [following]
--2017-02-03 07:55:07--  https://academic.oup.com/poq/article-lookup/doi/10.1093/poq/nfw003
Connecting to academic.oup.com (academic.oup.com)|173.254.190.144|:443... connected.
HTTP request sent, awaiting response... 200 OK
Length: 314277 (307K) [text/html]
Saving to: ‘nfw003’

     0K .......... .......... .......... .......... .......... 16%  208K 1s
    50K .......... .......... .......... .......... .......... 32%  596K 1s
   100K .......... .......... .......... .......... .......... 48%  608K 0s
   150K .......... .......... .......... .......... .......... 65%  608K 0s
   200K .......... .......... .......... .......... .......... 81%  316K 0s
   250K .......... .......... .......... .......... .......... 97%  612K 0s
   300K ......                                                100% 1.71M=0.7s

2017-02-03 07:55:11 (419 KB/s) - ‘nfw003’ saved [314277/314277]

--2017-02-03 07:55:12--  http://doi.org/10.1093/poq/nfw018
Connecting to doi.org (doi.org)|208.254.38.90|:80... connected.
HTTP request sent, awaiting response... 303 See Other
Location: https://academic.oup.com/poq/article-lookup/doi/10.1093/poq/nfw018 [following]
--2017-02-03 07:55:13--  https://academic.oup.com/poq/article-lookup/doi/10.1093/poq/nfw018
Connecting to academic.oup.com (academic.oup.com)|173.254.190.144|:443... connected.
HTTP request sent, awaiting response... 200 OK
Length: 80790 (79K) [text/html]
Saving to: ‘nfw018’

     0K .......... .......... .......... .......... .......... 63%  209K 0s
    50K .......... .......... ........                        100% 11.1M=0.2s

2017-02-03 07:55:17 (326 KB/s) - ‘nfw018’ saved [80790/80790]

--2017-02-03 07:55:18--  http://doi.org/10.1093/poq/nfw028
Connecting to doi.org (doi.org)|208.254.38.90|:80... connected.
HTTP request sent, awaiting response... 303 See Other
Location: https://academic.oup.com/poq/article-lookup/doi/10.1093/poq/nfw028 [following]
--2017-02-03 07:55:19--  https://academic.oup.com/poq/article-lookup/doi/10.1093/poq/nfw028
Connecting to academic.oup.com (academic.oup.com)|173.254.190.144|:443... connected.
HTTP request sent, awaiting response... 200 OK
Length: 171391 (167K) [text/html]
Saving to: ‘nfw028’

     0K .......... .......... .......... .......... .......... 29%  208K 1s
    50K .......... .......... .......... .......... .......... 59%  608K 0s
   100K .......... .......... .......... .......... .......... 89%  612K 0s
   150K .......... .......                                    100%  222K=0.5s

2017-02-03 07:55:23 (347 KB/s) - ‘nfw028’ saved [171391/171391]

--2017-02-03 07:55:24--  http://doi.org/10.1093/poq/nfv084
Connecting to doi.org (doi.org)|208.254.38.90|:80... connected.
HTTP request sent, awaiting response... 303 See Other
Location: https://academic.oup.com/poq/article-lookup/doi/10.1093/poq/nfv084 [following]
--2017-02-03 07:55:25--  https://academic.oup.com/poq/article-lookup/doi/10.1093/poq/nfv084
Connecting to academic.oup.com (academic.oup.com)|173.254.190.144|:443... connected.
HTTP request sent, awaiting response... 200 OK
Length: 141471 (138K) [text/html]
Saving to: ‘nfv084’

     0K .......... .......... .......... .......... .......... 36%  309K 0s
    50K .......... .......... .......... .......... .......... 72%  311K 0s
   100K .......... .......... .......... ........             100%  473K=0.4s

2017-02-03 07:55:29 (343 KB/s) - ‘nfv084’ saved [141471/141471]

--2017-02-03 07:55:30--  http://doi.org/10.1093/poq/nfw007
Connecting to doi.org (doi.org)|208.254.38.90|:80... connected.
HTTP request sent, awaiting response... 303 See Other
Location: https://academic.oup.com/poq/article-lookup/doi/10.1093/poq/nfw007 [following]
--2017-02-03 07:55:31--  https://academic.oup.com/poq/article-lookup/doi/10.1093/poq/nfw007
Connecting to academic.oup.com (academic.oup.com)|173.254.190.144|:443... connected.
HTTP request sent, awaiting response... 200 OK
Length: 280637 (274K) [text/html]
Saving to: ‘nfw007’

     0K .......... .......... .......... .......... .......... 18%  209K 1s
    50K .......... .......... .......... .......... .......... 36%  606K 1s
   100K .......... .......... .......... .......... .......... 54%  610K 0s
   150K .......... .......... .......... .......... .......... 72%  314K 0s
   200K .......... .......... .......... .......... .......... 91%  604K 0s
   250K .......... .......... ....                            100%  307K=0.7s

2017-02-03 07:55:35 (379 KB/s) - ‘nfw007’ saved [280637/280637]

--2017-02-03 07:55:36--  http://doi.org/10.1093/poq/nfw042
Connecting to doi.org (doi.org)|208.254.38.90|:80... connected.
HTTP request sent, awaiting response... 303 See Other
Location: https://academic.oup.com/poq/article-lookup/doi/10.1093/poq/nfw042 [following]
--2017-02-03 07:55:37--  https://academic.oup.com/poq/article-lookup/doi/10.1093/poq/nfw042
Connecting to academic.oup.com (academic.oup.com)|173.254.190.144|:443... connected.
HTTP request sent, awaiting response... 200 OK
Length: 69369 (68K) [text/html]
Saving to: ‘nfw042’

     0K .......... .......... .......... .......... .......... 73%  205K 0s
    50K .......... .......                                    100% 16.0M=0.2s

2017-02-03 07:55:41 (276 KB/s) - ‘nfw042’ saved [69369/69369]

--2017-02-03 07:55:42--  http://doi.org/10.1093/poq/nfw029
Connecting to doi.org (doi.org)|208.254.38.90|:80... connected.
HTTP request sent, awaiting response... 303 See Other
Location: https://academic.oup.com/poq/article-lookup/doi/10.1093/poq/nfw029 [following]
--2017-02-03 07:55:43--  https://academic.oup.com/poq/article-lookup/doi/10.1093/poq/nfw029
Connecting to academic.oup.com (academic.oup.com)|173.254.190.144|:443... connected.
HTTP request sent, awaiting response... 200 OK
Length: 268281 (262K) [text/html]
Saving to: ‘nfw029’

     0K .......... .......... .......... .......... .......... 19%  209K 1s
    50K .......... .......... .......... .......... .......... 38%  606K 1s
   100K .......... .......... .......... .......... .......... 57%  614K 0s
   150K .......... .......... .......... .......... .......... 76%  601K 0s
   200K .......... .......... .......... .......... .......... 95%  313K 0s
   250K .......... .                                          100% 19.0M=0.6s

2017-02-03 07:55:46 (405 KB/s) - ‘nfw029’ saved [268281/268281]

--2017-02-03 07:55:47--  http://doi.org/10.1093/poq/nfw053
Connecting to doi.org (doi.org)|208.254.38.90|:80... connected.
HTTP request sent, awaiting response... 303 See Other
Location: https://academic.oup.com/poq/article-lookup/doi/10.1093/poq/nfw053 [following]
--2017-02-03 07:55:49--  https://academic.oup.com/poq/article-lookup/doi/10.1093/poq/nfw053
Connecting to academic.oup.com (academic.oup.com)|173.254.190.144|:443... connected.
HTTP request sent, awaiting response... 200 OK
Length: 303895 (297K) [text/html]
Saving to: ‘nfw053’

     0K .......... .......... .......... .......... .......... 16%  208K 1s
    50K .......... .......... .......... .......... .......... 33%  608K 1s
   100K .......... .......... .......... .......... .......... 50%  587K 0s
   150K .......... .......... .......... .......... .......... 67%  606K 0s
   200K .......... .......... .......... .......... .......... 84%  314K 0s
   250K .......... .......... .......... .......... ......    100%  557K=0.7s

2017-02-03 07:55:53 (404 KB/s) - ‘nfw053’ saved [303895/303895]

--2017-02-03 07:55:54--  http://doi.org/10.1093/poq/nfv063
Connecting to doi.org (doi.org)|208.254.38.90|:80... connected.
HTTP request sent, awaiting response... 303 See Other
Location: https://academic.oup.com/poq/article-lookup/doi/10.1093/poq/nfv063 [following]
--2017-02-03 07:55:55--  https://academic.oup.com/poq/article-lookup/doi/10.1093/poq/nfv063
Connecting to academic.oup.com (academic.oup.com)|173.254.190.144|:443... connected.
HTTP request sent, awaiting response... 200 OK
Length: 64602 (63K) [text/html]
Saving to: ‘nfv063’

     0K .......... .......... .......... .......... .......... 79%  309K 0s
    50K .......... ...                                        100%  166K=0.2s

2017-02-03 07:55:58 (262 KB/s) - ‘nfv063’ saved [64602/64602]

--2017-02-03 07:55:59--  http://doi.org/10.1093/poq/nfv049
Connecting to doi.org (doi.org)|208.254.38.90|:80... connected.
HTTP request sent, awaiting response... 303 See Other
Location: https://academic.oup.com/poq/article-lookup/doi/10.1093/poq/nfv049 [following]
--2017-02-03 07:56:01--  https://academic.oup.com/poq/article-lookup/doi/10.1093/poq/nfv049
Connecting to academic.oup.com (academic.oup.com)|173.254.190.144|:443... connected.
HTTP request sent, awaiting response... 200 OK
Length: 360828 (352K) [text/html]
Saving to: ‘nfv049’

     0K .......... .......... .......... .......... .......... 14%  209K 1s
    50K .......... .......... .......... .......... .......... 28%  605K 1s
   100K .......... .......... .......... .......... .......... 42%  602K 1s
   150K .......... .......... .......... .......... .......... 56%  614K 0s
   200K .......... .......... .......... .......... .......... 70%  318K 0s
   250K .......... .......... .......... .......... .......... 85%  580K 0s
   300K .......... .......... .......... .......... .......... 99%  598K 0s
   350K ..                                                    100% 9.28M=0.8s

2017-02-03 07:56:05 (433 KB/s) - ‘nfv049’ saved [360828/360828]

--2017-02-03 07:56:06--  http://doi.org/10.1093/poq/nfw020
Connecting to doi.org (doi.org)|208.254.38.90|:80... connected.
HTTP request sent, awaiting response... 303 See Other
Location: https://academic.oup.com/poq/article-lookup/doi/10.1093/poq/nfw020 [following]
--2017-02-03 07:56:07--  https://academic.oup.com/poq/article-lookup/doi/10.1093/poq/nfw020
Connecting to academic.oup.com (academic.oup.com)|173.254.190.144|:443... connected.
HTTP request sent, awaiting response... 200 OK
Length: 90402 (88K) [text/html]
Saving to: ‘nfw020’

     0K .......... .......... .......... .......... .......... 56%  208K 0s
    50K .......... .......... .......... ........             100% 9.55M=0.2s

2017-02-03 07:56:13 (361 KB/s) - ‘nfw020’ saved [90402/90402]

--2017-02-03 07:56:14--  http://doi.org/10.1093/poq/nfw010
Connecting to doi.org (doi.org)|208.254.38.90|:80... connected.
HTTP request sent, awaiting response... 303 See Other
Location: https://academic.oup.com/poq/article-lookup/doi/10.1093/poq/nfw010 [following]
--2017-02-03 07:56:15--  https://academic.oup.com/poq/article-lookup/doi/10.1093/poq/nfw010
Connecting to academic.oup.com (academic.oup.com)|173.254.190.144|:443... connected.
HTTP request sent, awaiting response... 400 Bad Request
2017-02-03 07:56:16 ERROR 400: Bad Request.

--2017-02-03 07:56:17--  http://doi.org/10.1093/poq/nfw055
Connecting to doi.org (doi.org)|208.254.38.90|:80... connected.
HTTP request sent, awaiting response... 303 See Other
Location: https://academic.oup.com/poq/article-lookup/doi/10.1093/poq/nfw055 [following]
--2017-02-03 07:56:18--  https://academic.oup.com/poq/article-lookup/doi/10.1093/poq/nfw055
Connecting to academic.oup.com (academic.oup.com)|173.254.190.144|:443... connected.
HTTP request sent, awaiting response... 200 OK
Length: 253222 (247K) [text/html]
Saving to: ‘nfw055’

     0K .......... .......... .......... .......... .......... 20%  309K 1s
    50K .......... .......... .......... .......... .......... 40%  314K 0s
   100K .......... .......... .......... .......... .......... 60%  586K 0s
   150K .......... .......... .......... .......... .......... 80%  609K 0s
   200K .......... .......... .......... .......... .......   100%  295K=0.6s

2017-02-03 07:56:22 (381 KB/s) - ‘nfw055’ saved [253222/253222]

--2017-02-03 07:56:23--  http://doi.org/10.1093/poq/nfv067
Connecting to doi.org (doi.org)|208.254.38.90|:80... connected.
HTTP request sent, awaiting response... 303 See Other
Location: https://academic.oup.com/poq/article-lookup/doi/10.1093/poq/nfv067 [following]
--2017-02-03 07:56:24--  https://academic.oup.com/poq/article-lookup/doi/10.1093/poq/nfv067
Connecting to academic.oup.com (academic.oup.com)|173.254.190.144|:443... connected.
HTTP request sent, awaiting response... 200 OK
Length: 64579 (63K) [text/html]
Saving to: ‘nfv067’

     0K .......... .......... .......... .......... .......... 79%  208K 0s
    50K .......... ...                                        100% 16.0M=0.2s

2017-02-03 07:56:28 (262 KB/s) - ‘nfv067’ saved [64579/64579]

--2017-02-03 07:56:29--  http://doi.org/10.1093/poq/nfv047
Connecting to doi.org (doi.org)|208.254.38.90|:80... connected.
HTTP request sent, awaiting response... 303 See Other
Location: https://academic.oup.com/poq/article-lookup/doi/10.1093/poq/nfv047 [following]
--2017-02-03 07:56:30--  https://academic.oup.com/poq/article-lookup/doi/10.1093/poq/nfv047
Connecting to academic.oup.com (academic.oup.com)|173.254.190.144|:443... connected.
HTTP request sent, awaiting response... 400 Bad Request
2017-02-03 07:56:31 ERROR 400: Bad Request.

--2017-02-03 07:56:32--  http://doi.org/10.1093/poq/nfv051
Connecting to doi.org (doi.org)|208.254.38.90|:80... connected.
HTTP request sent, awaiting response... 303 See Other
Location: https://academic.oup.com/poq/article-lookup/doi/10.1093/poq/nfv051 [following]
--2017-02-03 07:56:33--  https://academic.oup.com/poq/article-lookup/doi/10.1093/poq/nfv051
Connecting to academic.oup.com (academic.oup.com)|173.254.190.144|:443... connected.
HTTP request sent, awaiting response... 200 OK
Length: 187557 (183K) [text/html]
Saving to: ‘nfv051’

     0K .......... .......... .......... .......... .......... 27%  207K 1s
    50K .......... .......... .......... .......... .......... 54%  606K 0s
   100K .......... .......... .......... .......... .......... 81%  600K 0s
   150K .......... .......... .......... ...                  100%  404K=0.5s

2017-02-03 07:56:37 (374 KB/s) - ‘nfv051’ saved [187557/187557]

--2017-02-03 07:56:38--  http://doi.org/10.1093/poq/nfv050
Connecting to doi.org (doi.org)|208.254.38.90|:80... connected.
HTTP request sent, awaiting response... 303 See Other
Location: https://academic.oup.com/poq/article-lookup/doi/10.1093/poq/nfv050 [following]
--2017-02-03 07:56:39--  https://academic.oup.com/poq/article-lookup/doi/10.1093/poq/nfv050
Connecting to academic.oup.com (academic.oup.com)|173.254.190.144|:443... connected.
HTTP request sent, awaiting response... 200 OK
Length: 323616 (316K) [text/html]
Saving to: ‘nfv050’

     0K .......... .......... .......... .......... .......... 15%  209K 1s
    50K .......... .......... .......... .......... .......... 31%  611K 1s
   100K .......... .......... .......... .......... .......... 47%  584K 0s
   150K .......... .......... .......... .......... .......... 63%  429K 0s
   200K .......... .......... .......... .......... .......... 79%  400K 0s
   250K .......... .......... .......... .......... .......... 94%  604K 0s
   300K .......... ......                                     100% 3.58M=0.7s

2017-02-03 07:56:43 (429 KB/s) - ‘nfv050’ saved [323616/323616]

--2017-02-03 07:56:44--  http://doi.org/10.1093/poq/nfv046
Connecting to doi.org (doi.org)|208.254.38.90|:80... connected.
HTTP request sent, awaiting response... 303 See Other
Location: https://academic.oup.com/poq/article-lookup/doi/10.1093/poq/nfv046 [following]
--2017-02-03 07:56:46--  https://academic.oup.com/poq/article-lookup/doi/10.1093/poq/nfv046
Connecting to academic.oup.com (academic.oup.com)|173.254.190.144|:443... connected.
HTTP request sent, awaiting response... 200 OK
Length: 329440 (322K) [text/html]
Saving to: ‘nfv046’

     0K .......... .......... .......... .......... .......... 15%  207K 1s
    50K .......... .......... .......... .......... .......... 31%  614K 1s
   100K .......... .......... .......... .......... .......... 46%  607K 0s
   150K .......... .......... .......... .......... .......... 62%  313K 0s
   200K .......... .......... .......... .......... .......... 77%  602K 0s
   250K .......... .......... .......... .......... .......... 93%  601K 0s
   300K .......... .......... .                               100%  268K=0.8s

2017-02-03 07:56:51 (396 KB/s) - ‘nfv046’ saved [329440/329440]

--2017-02-03 07:56:52--  http://doi.org/10.1093/poq/nfv045
Connecting to doi.org (doi.org)|208.254.38.90|:80... connected.
HTTP request sent, awaiting response... 303 See Other
Location: https://academic.oup.com/poq/article-lookup/doi/10.1093/poq/nfv045 [following]
--2017-02-03 07:56:53--  https://academic.oup.com/poq/article-lookup/doi/10.1093/poq/nfv045
Connecting to academic.oup.com (academic.oup.com)|173.254.190.144|:443... connected.
HTTP request sent, awaiting response... 200 OK
Length: 197514 (193K) [text/html]
Saving to: ‘nfv045’

     0K .......... .......... .......... .......... .......... 25%  206K 1s
    50K .......... .......... .......... .......... .......... 51%  602K 0s
   100K .......... .......... .......... .......... .......... 77%  590K 0s
   150K .......... .......... .......... .......... ..        100%  523K=0.5s

2017-02-03 07:56:56 (392 KB/s) - ‘nfv045’ saved [197514/197514]

--2017-02-03 07:56:57--  http://doi.org/10.1093/poq/nfv042
Connecting to doi.org (doi.org)|208.254.38.90|:80... connected.
HTTP request sent, awaiting response... 303 See Other
Location: https://academic.oup.com/poq/article-lookup/doi/10.1093/poq/nfv042 [following]
--2017-02-03 07:56:59--  https://academic.oup.com/poq/article-lookup/doi/10.1093/poq/nfv042
Connecting to academic.oup.com (academic.oup.com)|173.254.190.144|:443... connected.
HTTP request sent, awaiting response... 400 Bad Request
2017-02-03 07:56:59 ERROR 400: Bad Request.

--2017-02-03 07:57:00--  http://doi.org/10.1093/poq/nfv021
Connecting to doi.org (doi.org)|208.254.38.90|:80... connected.
HTTP request sent, awaiting response... 303 See Other
Location: https://academic.oup.com/poq/article-lookup/doi/10.1093/poq/nfv021 [following]
--2017-02-03 07:57:01--  https://academic.oup.com/poq/article-lookup/doi/10.1093/poq/nfv021
Connecting to academic.oup.com (academic.oup.com)|173.254.190.144|:443... connected.
HTTP request sent, awaiting response... 200 OK
Length: 306579 (299K) [text/html]
Saving to: ‘nfv021’

     0K .......... .......... .......... .......... .......... 16%  209K 1s
    50K .......... .......... .......... .......... .......... 33%  605K 1s
   100K .......... .......... .......... .......... .......... 50%  607K 0s
   150K .......... .......... .......... .......... .......... 66%  590K 0s
   200K .......... .......... .......... .......... .......... 83%  312K 0s
   250K .......... .......... .......... .......... ......... 100%  568K=0.7s

2017-02-03 07:57:06 (407 KB/s) - ‘nfv021’ saved [306579/306579]

--2017-02-03 07:57:07--  http://doi.org/10.1093/poq/nfv017
Connecting to doi.org (doi.org)|208.254.38.90|:80... connected.
HTTP request sent, awaiting response... 303 See Other
Location: https://academic.oup.com/poq/article-lookup/doi/10.1093/poq/nfv017 [following]
--2017-02-03 07:57:08--  https://academic.oup.com/poq/article-lookup/doi/10.1093/poq/nfv017
Connecting to academic.oup.com (academic.oup.com)|173.254.190.144|:443... connected.
HTTP request sent, awaiting response... 200 OK
Length: 206236 (201K) [text/html]
Saving to: ‘nfv017’

     0K .......... .......... .......... .......... .......... 24%  206K 1s
    50K .......... .......... .......... .......... .......... 49%  594K 0s
   100K .......... .......... .......... .......... .......... 74%  614K 0s
   150K .......... .......... .......... .......... .......... 99%  608K 0s
   200K .                                                     100% 2675G=0.5s

2017-02-03 07:57:12 (411 KB/s) - ‘nfv017’ saved [206236/206236]

FINISHED --2017-02-03 07:57:12--
Total wall clock time: 9m 40s
Downloaded: 93 files, 16M in 42s (379 KB/s)
