--2017-02-03 10:03:11--  http://doi.org/10.1093/qjmed/hcx005
Resolving doi.org (doi.org)... 95.138.171.129, 54.191.229.235, 38.100.138.163, ...
Connecting to doi.org (doi.org)|95.138.171.129|:80... connected.
HTTP request sent, awaiting response... 303 See Other
Location: http://qjmed.oxfordjournals.org/lookup/doi/10.1093/qjmed/hcx005 [following]
--2017-02-03 10:03:17--  http://qjmed.oxfordjournals.org/lookup/doi/10.1093/qjmed/hcx005
Resolving qjmed.oxfordjournals.org (qjmed.oxfordjournals.org)... 209.135.222.209
Connecting to qjmed.oxfordjournals.org (qjmed.oxfordjournals.org)|209.135.222.209|:80... connected.
HTTP request sent, awaiting response... 301 Moved Permanently
Cookie coming from qjmed.oxfordjournals.org attempted to set domain to academic.oup.com
Location: https://academic.oup.com/qjmed/article/doi/10.1093/qjmed/hcx005/2919398/Asthma-COPD-overlap-syndrome-showed-more [following]
--2017-02-03 10:03:18--  https://academic.oup.com/qjmed/article/doi/10.1093/qjmed/hcx005/2919398/Asthma-COPD-overlap-syndrome-showed-more
Resolving academic.oup.com (academic.oup.com)... 173.254.190.144
Connecting to academic.oup.com (academic.oup.com)|173.254.190.144|:443... connected.
HTTP request sent, awaiting response... 200 OK
Length: 216311 (211K) [text/html]
Saving to: ‘hcx005’

     0K .......... .......... .......... .......... .......... 23%  209K 1s
    50K .......... .......... .......... .......... .......... 47%  605K 0s
   100K .......... .......... .......... .......... .......... 71%  612K 0s
   150K .......... .......... .......... .......... .......... 94%  603K 0s
   200K .......... .                                          100%  147K=0.6s

2017-02-03 10:03:27 (375 KB/s) - ‘hcx005’ saved [216311/216311]

--2017-02-03 10:03:28--  http://doi.org/10.1093/qjmed/hcx019
Connecting to doi.org (doi.org)|95.138.171.129|:80... connected.
HTTP request sent, awaiting response... 303 See Other
Location: http://qjmed.oxfordjournals.org/lookup/doi/10.1093/qjmed/hcx019 [following]
--2017-02-03 10:03:29--  http://qjmed.oxfordjournals.org/lookup/doi/10.1093/qjmed/hcx019
Connecting to qjmed.oxfordjournals.org (qjmed.oxfordjournals.org)|209.135.222.209|:80... connected.
HTTP request sent, awaiting response... 301 Moved Permanently
Cookie coming from qjmed.oxfordjournals.org attempted to set domain to academic.oup.com
Location: https://academic.oup.com/qjmed/article/doi/10.1093/qjmed/hcx019/2911047/Chronic-tophaceous-gout [following]
--2017-02-03 10:03:30--  https://academic.oup.com/qjmed/article/doi/10.1093/qjmed/hcx019/2911047/Chronic-tophaceous-gout
Connecting to academic.oup.com (academic.oup.com)|173.254.190.144|:443... connected.
HTTP request sent, awaiting response... 200 OK
Length: 79869 (78K) [text/html]
Saving to: ‘hcx019’

     0K .......... .......... .......... .......... .......... 64%  207K 0s
    50K .......... .......... .......                         100% 10.9M=0.2s

2017-02-03 10:03:33 (320 KB/s) - ‘hcx019’ saved [79869/79869]

--2017-02-03 10:03:34--  http://doi.org/10.1093/qjmed/hcx018
Connecting to doi.org (doi.org)|95.138.171.129|:80... connected.
HTTP request sent, awaiting response... 303 See Other
Location: http://qjmed.oxfordjournals.org/lookup/doi/10.1093/qjmed/hcx018 [following]
--2017-02-03 10:03:35--  http://qjmed.oxfordjournals.org/lookup/doi/10.1093/qjmed/hcx018
Connecting to qjmed.oxfordjournals.org (qjmed.oxfordjournals.org)|209.135.222.209|:80... connected.
HTTP request sent, awaiting response... 301 Moved Permanently
Cookie coming from qjmed.oxfordjournals.org attempted to set domain to academic.oup.com
Location: https://academic.oup.com/qjmed/article/doi/10.1093/qjmed/hcx018/2911046/Title-Successful-removal-of-multiple-long-foreign [following]
--2017-02-03 10:03:37--  https://academic.oup.com/qjmed/article/doi/10.1093/qjmed/hcx018/2911046/Title-Successful-removal-of-multiple-long-foreign
Connecting to academic.oup.com (academic.oup.com)|173.254.190.144|:443... connected.
HTTP request sent, awaiting response... 200 OK
Length: 77492 (76K) [text/html]
Saving to: ‘hcx018’

     0K .......... .......... .......... .......... .......... 66%  209K 0s
    50K .......... .......... .....                           100% 12.9M=0.2s

2017-02-03 10:03:41 (314 KB/s) - ‘hcx018’ saved [77492/77492]

--2017-02-03 10:03:42--  http://doi.org/10.1093/qjmed/hcx014
Connecting to doi.org (doi.org)|95.138.171.129|:80... connected.
HTTP request sent, awaiting response... 303 See Other
Location: https://academic.oup.com/qjmed/article-lookup/doi/10.1093/qjmed/hcx014 [following]
--2017-02-03 10:03:44--  https://academic.oup.com/qjmed/article-lookup/doi/10.1093/qjmed/hcx014
Connecting to academic.oup.com (academic.oup.com)|173.254.190.144|:443... connected.
HTTP request sent, awaiting response... 200 OK
Length: 92035 (90K) [text/html]
Saving to: ‘hcx014’

     0K .......... .......... .......... .......... .......... 55%  209K 0s
    50K .......... .......... .......... .........            100%  975K=0.3s

2017-02-03 10:03:47 (321 KB/s) - ‘hcx014’ saved [92035/92035]

--2017-02-03 10:03:48--  http://doi.org/10.1093/qjmed/hcx015
Connecting to doi.org (doi.org)|95.138.171.129|:80... connected.
HTTP request sent, awaiting response... 303 See Other
Location: https://academic.oup.com/qjmed/article-lookup/doi/10.1093/qjmed/hcx015 [following]
--2017-02-03 10:03:49--  https://academic.oup.com/qjmed/article-lookup/doi/10.1093/qjmed/hcx015
Connecting to academic.oup.com (academic.oup.com)|173.254.190.144|:443... connected.
HTTP request sent, awaiting response... 200 OK
Length: 73273 (72K) [text/html]
Saving to: ‘hcx015’

     0K .......... .......... .......... .......... .......... 69%  209K 0s
    50K .......... .......... .                               100% 10.3M=0.2s

2017-02-03 10:03:53 (296 KB/s) - ‘hcx015’ saved [73273/73273]

--2017-02-03 10:03:54--  http://doi.org/10.1093/qjmed/hcw221
Connecting to doi.org (doi.org)|95.138.171.129|:80... connected.
HTTP request sent, awaiting response... 303 See Other
Location: http://qjmed.oxfordjournals.org/lookup/doi/10.1093/qjmed/hcw221 [following]
--2017-02-03 10:03:55--  http://qjmed.oxfordjournals.org/lookup/doi/10.1093/qjmed/hcw221
Connecting to qjmed.oxfordjournals.org (qjmed.oxfordjournals.org)|209.135.222.209|:80... connected.
HTTP request sent, awaiting response... 301 Moved Permanently
Cookie coming from qjmed.oxfordjournals.org attempted to set domain to academic.oup.com
Location: https://academic.oup.com/qjmed/article/doi/10.1093/qjmed/hcw221/2900580/Underuse-of-screening-in-Osler-Weber-Rendu [following]
--2017-02-03 10:03:57--  https://academic.oup.com/qjmed/article/doi/10.1093/qjmed/hcw221/2900580/Underuse-of-screening-in-Osler-Weber-Rendu
Connecting to academic.oup.com (academic.oup.com)|173.254.190.144|:443... connected.
HTTP request sent, awaiting response... 200 OK
Length: 84840 (83K) [text/html]
Saving to: ‘hcw221’

     0K .......... .......... .......... .......... .......... 60%  208K 0s
    50K .......... .......... .......... ..                   100% 11.0M=0.2s

2017-02-03 10:04:00 (340 KB/s) - ‘hcw221’ saved [84840/84840]

--2017-02-03 10:04:01--  http://doi.org/10.1093/qjmed/hcw214
Connecting to doi.org (doi.org)|95.138.171.129|:80... connected.
HTTP request sent, awaiting response... 303 See Other
Location: https://academic.oup.com/qjmed/article-lookup/doi/10.1093/qjmed/hcw214 [following]
--2017-02-03 10:04:02--  https://academic.oup.com/qjmed/article-lookup/doi/10.1093/qjmed/hcw214
Connecting to academic.oup.com (academic.oup.com)|173.254.190.144|:443... connected.
HTTP request sent, awaiting response... 200 OK
Length: 109900 (107K) [text/html]
Saving to: ‘hcw214’

     0K .......... .......... .......... .......... .......... 46%  209K 0s
    50K .......... .......... .......... .......... .......... 93%  601K 0s
   100K .......                                               100% 25.8M=0.3s

2017-02-03 10:04:06 (333 KB/s) - ‘hcw214’ saved [109900/109900]

--2017-02-03 10:04:07--  http://doi.org/10.1093/qjmed/hcw226
Connecting to doi.org (doi.org)|95.138.171.129|:80... connected.
HTTP request sent, awaiting response... 303 See Other
Location: https://academic.oup.com/qjmed/article-lookup/doi/10.1093/qjmed/hcw226 [following]
--2017-02-03 10:04:08--  https://academic.oup.com/qjmed/article-lookup/doi/10.1093/qjmed/hcw226
Connecting to academic.oup.com (academic.oup.com)|173.254.190.144|:443... connected.
HTTP request sent, awaiting response... 200 OK
Length: 93443 (91K) [text/html]
Saving to: ‘hcw226’

     0K .......... .......... .......... .......... .......... 54%  209K 0s
    50K .......... .......... .......... .......... .         100% 11.8M=0.2s

2017-02-03 10:04:11 (376 KB/s) - ‘hcw226’ saved [93443/93443]

--2017-02-03 10:04:12--  http://doi.org/10.1093/qjmed/hcw227
Connecting to doi.org (doi.org)|95.138.171.129|:80... connected.
HTTP request sent, awaiting response... 303 See Other
Location: https://academic.oup.com/qjmed/article-lookup/doi/10.1093/qjmed/hcw227 [following]
--2017-02-03 10:04:14--  https://academic.oup.com/qjmed/article-lookup/doi/10.1093/qjmed/hcw227
Connecting to academic.oup.com (academic.oup.com)|173.254.190.144|:443... connected.
HTTP request sent, awaiting response... 200 OK
Length: 89489 (87K) [text/html]
Saving to: ‘hcw227’

     0K .......... .......... .......... .......... .......... 57%  209K 0s
    50K .......... .......... .......... .......              100% 9.93M=0.2s

2017-02-03 10:04:17 (360 KB/s) - ‘hcw227’ saved [89489/89489]

--2017-02-03 10:04:18--  http://doi.org/10.1093/qjmed/hcw215
Connecting to doi.org (doi.org)|95.138.171.129|:80... connected.
HTTP request sent, awaiting response... 303 See Other
Location: https://academic.oup.com/qjmed/article-lookup/doi/10.1093/qjmed/hcw215 [following]
--2017-02-03 10:04:19--  https://academic.oup.com/qjmed/article-lookup/doi/10.1093/qjmed/hcw215
Connecting to academic.oup.com (academic.oup.com)|173.254.190.144|:443... connected.
HTTP request sent, awaiting response... 200 OK
Length: 93287 (91K) [text/html]
Saving to: ‘hcw215’

     0K .......... .......... .......... .......... .......... 54%  209K 0s
    50K .......... .......... .......... .......... .         100%  514K=0.3s

2017-02-03 10:04:22 (286 KB/s) - ‘hcw215’ saved [93287/93287]

--2017-02-03 10:04:23--  http://doi.org/10.1093/qjmed/hcw224
Connecting to doi.org (doi.org)|95.138.171.129|:80... connected.
HTTP request sent, awaiting response... 303 See Other
Location: https://academic.oup.com/qjmed/article-lookup/doi/10.1093/qjmed/hcw224 [following]
--2017-02-03 10:04:24--  https://academic.oup.com/qjmed/article-lookup/doi/10.1093/qjmed/hcw224
Connecting to academic.oup.com (academic.oup.com)|173.254.190.144|:443... connected.
HTTP request sent, awaiting response... 400 Bad Request
2017-02-03 10:04:25 ERROR 400: Bad Request.

--2017-02-03 10:04:26--  http://doi.org/10.1093/qjmed/hcw223
Connecting to doi.org (doi.org)|95.138.171.129|:80... connected.
HTTP request sent, awaiting response... 303 See Other
Location: https://academic.oup.com/qjmed/article-lookup/doi/10.1093/qjmed/hcw223 [following]
--2017-02-03 10:04:27--  https://academic.oup.com/qjmed/article-lookup/doi/10.1093/qjmed/hcw223
Connecting to academic.oup.com (academic.oup.com)|173.254.190.144|:443... connected.
HTTP request sent, awaiting response... 200 OK
Length: 234165 (229K) [text/html]
Saving to: ‘hcw223’

     0K .......... .......... .......... .......... .......... 21%  209K 1s
    50K .......... .......... .......... .......... .......... 43%  614K 0s
   100K .......... .......... .......... .......... .......... 65%  608K 0s
   150K .......... .......... .......... .......... .......... 87%  316K 0s
   200K .......... .......... ........                        100% 5.67M=0.6s

2017-02-03 10:04:30 (404 KB/s) - ‘hcw223’ saved [234165/234165]

--2017-02-03 10:04:31--  http://doi.org/10.1093/qjmed/hcw216
Connecting to doi.org (doi.org)|95.138.171.129|:80... connected.
HTTP request sent, awaiting response... 303 See Other
Location: http://qjmed.oxfordjournals.org/lookup/doi/10.1093/qjmed/hcw216 [following]
--2017-02-03 10:04:33--  http://qjmed.oxfordjournals.org/lookup/doi/10.1093/qjmed/hcw216
Connecting to qjmed.oxfordjournals.org (qjmed.oxfordjournals.org)|209.135.222.209|:80... connected.
HTTP request sent, awaiting response... 301 Moved Permanently
Cookie coming from qjmed.oxfordjournals.org attempted to set domain to academic.oup.com
Location: https://academic.oup.com/qjmed/article/doi/10.1093/qjmed/hcw216/2875720/Eye-swelling-and-lacrimal-gland-lymphoma [following]
--2017-02-03 10:04:34--  https://academic.oup.com/qjmed/article/doi/10.1093/qjmed/hcw216/2875720/Eye-swelling-and-lacrimal-gland-lymphoma
Connecting to academic.oup.com (academic.oup.com)|173.254.190.144|:443... connected.
HTTP request sent, awaiting response... 200 OK
Length: 88079 (86K) [text/html]
Saving to: ‘hcw216’

     0K .......... .......... .......... .......... .......... 58%  209K 0s
    50K .......... .......... .......... ......               100% 13.2M=0.2s

2017-02-03 10:04:37 (355 KB/s) - ‘hcw216’ saved [88079/88079]

--2017-02-03 10:04:38--  http://doi.org/10.1093/qjmed/hcw219
Connecting to doi.org (doi.org)|95.138.171.129|:80... connected.
HTTP request sent, awaiting response... 303 See Other
Location: http://qjmed.oxfordjournals.org/lookup/doi/10.1093/qjmed/hcw219 [following]
--2017-02-03 10:04:39--  http://qjmed.oxfordjournals.org/lookup/doi/10.1093/qjmed/hcw219
Connecting to qjmed.oxfordjournals.org (qjmed.oxfordjournals.org)|209.135.222.209|:80... connected.
HTTP request sent, awaiting response... 301 Moved Permanently
Cookie coming from qjmed.oxfordjournals.org attempted to set domain to academic.oup.com
Location: https://academic.oup.com/qjmed/article/doi/10.1093/qjmed/hcw219/2907789/Survival-analysis-of-weekend-emergency-medical [following]
--2017-02-03 10:04:41--  https://academic.oup.com/qjmed/article/doi/10.1093/qjmed/hcw219/2907789/Survival-analysis-of-weekend-emergency-medical
Connecting to academic.oup.com (academic.oup.com)|173.254.190.144|:443... connected.
HTTP request sent, awaiting response... 200 OK
Length: 241906 (236K) [text/html]
Saving to: ‘hcw219’

     0K .......... .......... .......... .......... .......... 21%  209K 1s
    50K .......... .......... .......... .......... .......... 42%  611K 0s
   100K .......... .......... .......... .......... .......... 63%  607K 0s
   150K .......... .......... .......... .......... .......... 84%  595K 0s
   200K .......... .......... .......... ......               100%  447K=0.6s

2017-02-03 10:04:44 (415 KB/s) - ‘hcw219’ saved [241906/241906]

--2017-02-03 10:04:45--  http://doi.org/10.1093/qjmed/hcw231
Connecting to doi.org (doi.org)|95.138.171.129|:80... connected.
HTTP request sent, awaiting response... 303 See Other
Location: http://qjmed.oxfordjournals.org/lookup/doi/10.1093/qjmed/hcw231 [following]
--2017-02-03 10:04:46--  http://qjmed.oxfordjournals.org/lookup/doi/10.1093/qjmed/hcw231
Connecting to qjmed.oxfordjournals.org (qjmed.oxfordjournals.org)|209.135.222.209|:80... connected.
HTTP request sent, awaiting response... 301 Moved Permanently
Cookie coming from qjmed.oxfordjournals.org attempted to set domain to academic.oup.com
Cookie coming from qjmed.oxfordjournals.org attempted to set domain to academic.oup.com
Location: https://academic.oup.com/qjmed/redirect-unavailable?url=qjmed.oxfordjournals.org/lookup/doi/10.1093/qjmed/hcw231 [following]
--2017-02-03 10:04:48--  https://academic.oup.com/qjmed/redirect-unavailable?url=qjmed.oxfordjournals.org/lookup/doi/10.1093/qjmed/hcw231
Connecting to academic.oup.com (academic.oup.com)|173.254.190.144|:443... connected.
HTTP request sent, awaiting response... 404 Not Found
2017-02-03 10:04:49 ERROR 404: Not Found.

--2017-02-03 10:04:50--  http://doi.org/10.1093/qjmed/hcw220
Connecting to doi.org (doi.org)|95.138.171.129|:80... connected.
HTTP request sent, awaiting response... 303 See Other
Location: http://qjmed.oxfordjournals.org/lookup/doi/10.1093/qjmed/hcw220 [following]
--2017-02-03 10:04:52--  http://qjmed.oxfordjournals.org/lookup/doi/10.1093/qjmed/hcw220
Connecting to qjmed.oxfordjournals.org (qjmed.oxfordjournals.org)|209.135.222.209|:80... connected.
HTTP request sent, awaiting response... 301 Moved Permanently
Cookie coming from qjmed.oxfordjournals.org attempted to set domain to academic.oup.com
Cookie coming from qjmed.oxfordjournals.org attempted to set domain to academic.oup.com
Location: https://academic.oup.com/qjmed/redirect-unavailable?url=qjmed.oxfordjournals.org/lookup/doi/10.1093/qjmed/hcw220 [following]
--2017-02-03 10:04:53--  https://academic.oup.com/qjmed/redirect-unavailable?url=qjmed.oxfordjournals.org/lookup/doi/10.1093/qjmed/hcw220
Connecting to academic.oup.com (academic.oup.com)|173.254.190.144|:443... connected.
HTTP request sent, awaiting response... 404 Not Found
2017-02-03 10:04:57 ERROR 404: Not Found.

--2017-02-03 10:04:58--  http://doi.org/10.1093/qjmed/hcx003
Connecting to doi.org (doi.org)|95.138.171.129|:80... connected.
HTTP request sent, awaiting response... 303 See Other
Location: http://qjmed.oxfordjournals.org/lookup/doi/10.1093/qjmed/hcx003 [following]
--2017-02-03 10:04:59--  http://qjmed.oxfordjournals.org/lookup/doi/10.1093/qjmed/hcx003
Connecting to qjmed.oxfordjournals.org (qjmed.oxfordjournals.org)|209.135.222.209|:80... connected.
HTTP request sent, awaiting response... 301 Moved Permanently
Cookie coming from qjmed.oxfordjournals.org attempted to set domain to academic.oup.com
Cookie coming from qjmed.oxfordjournals.org attempted to set domain to academic.oup.com
Location: https://academic.oup.com/qjmed/redirect-unavailable?url=qjmed.oxfordjournals.org/lookup/doi/10.1093/qjmed/hcx003 [following]
--2017-02-03 10:05:00--  https://academic.oup.com/qjmed/redirect-unavailable?url=qjmed.oxfordjournals.org/lookup/doi/10.1093/qjmed/hcx003
Connecting to academic.oup.com (academic.oup.com)|173.254.190.144|:443... connected.
HTTP request sent, awaiting response... 404 Not Found
2017-02-03 10:05:02 ERROR 404: Not Found.

--2017-02-03 10:05:03--  http://doi.org/10.1093/qjmed/hcw222
Connecting to doi.org (doi.org)|95.138.171.129|:80... connected.
HTTP request sent, awaiting response... 303 See Other
Location: http://qjmed.oxfordjournals.org/lookup/doi/10.1093/qjmed/hcw222 [following]
--2017-02-03 10:05:04--  http://qjmed.oxfordjournals.org/lookup/doi/10.1093/qjmed/hcw222
Connecting to qjmed.oxfordjournals.org (qjmed.oxfordjournals.org)|209.135.222.209|:80... connected.
HTTP request sent, awaiting response... 301 Moved Permanently
Cookie coming from qjmed.oxfordjournals.org attempted to set domain to academic.oup.com
Location: https://academic.oup.com/qjmed/article/doi/10.1093/qjmed/hcw222/2875721/Pregnancy-increases-stroke-risk-up-to-1-year [following]
--2017-02-03 10:05:06--  https://academic.oup.com/qjmed/article/doi/10.1093/qjmed/hcw222/2875721/Pregnancy-increases-stroke-risk-up-to-1-year
Connecting to academic.oup.com (academic.oup.com)|173.254.190.144|:443... connected.
HTTP request sent, awaiting response... 200 OK
Length: 222794 (218K) [text/html]
Saving to: ‘hcw222’

     0K .......... .......... .......... .......... .......... 22%  209K 1s
    50K .......... .......... .......... .......... .......... 45%  611K 0s
   100K .......... .......... .......... .......... .......... 68%  610K 0s
   150K .......... .......... .......... .......... .......... 91%  600K 0s
   200K .......... .......                                    100%  226K=0.6s

2017-02-03 10:05:11 (386 KB/s) - ‘hcw222’ saved [222794/222794]

--2017-02-03 10:05:12--  http://doi.org/10.1093/qjmed/hcw229
Connecting to doi.org (doi.org)|95.138.171.129|:80... connected.
HTTP request sent, awaiting response... 303 See Other
Location: http://qjmed.oxfordjournals.org/lookup/doi/10.1093/qjmed/hcw229 [following]
--2017-02-03 10:05:13--  http://qjmed.oxfordjournals.org/lookup/doi/10.1093/qjmed/hcw229
Connecting to qjmed.oxfordjournals.org (qjmed.oxfordjournals.org)|209.135.222.209|:80... connected.
HTTP request sent, awaiting response... 301 Moved Permanently
Cookie coming from qjmed.oxfordjournals.org attempted to set domain to academic.oup.com
Location: https://academic.oup.com/qjmed/article/doi/10.1093/qjmed/hcw229/2875725/Evaluation-of-the-threshold-value-for-the-modified [following]
--2017-02-03 10:05:14--  https://academic.oup.com/qjmed/article/doi/10.1093/qjmed/hcw229/2875725/Evaluation-of-the-threshold-value-for-the-modified
Connecting to academic.oup.com (academic.oup.com)|173.254.190.144|:443... connected.
HTTP request sent, awaiting response... 200 OK
Length: 160508 (157K) [text/html]
Saving to: ‘hcw229’

     0K .......... .......... .......... .......... .......... 31%  209K 1s
    50K .......... .......... .......... .......... .......... 63%  611K 0s
   100K .......... .......... .......... .......... .......... 95%  602K 0s
   150K ......                                                100% 21.8M=0.4s

2017-02-03 10:05:21 (387 KB/s) - ‘hcw229’ saved [160508/160508]

--2017-02-03 10:05:22--  http://doi.org/10.1093/qjmed/hcw225
Connecting to doi.org (doi.org)|95.138.171.129|:80... connected.
HTTP request sent, awaiting response... 303 See Other
Location: http://qjmed.oxfordjournals.org/lookup/doi/10.1093/qjmed/hcw225 [following]
--2017-02-03 10:05:23--  http://qjmed.oxfordjournals.org/lookup/doi/10.1093/qjmed/hcw225
Connecting to qjmed.oxfordjournals.org (qjmed.oxfordjournals.org)|209.135.222.209|:80... connected.
HTTP request sent, awaiting response... 301 Moved Permanently
Cookie coming from qjmed.oxfordjournals.org attempted to set domain to academic.oup.com
Location: https://academic.oup.com/qjmed/article/doi/10.1093/qjmed/hcw225/2875724/Is-ionizing-radiation-a-risk-factor-to-diffuse [following]
--2017-02-03 10:05:24--  https://academic.oup.com/qjmed/article/doi/10.1093/qjmed/hcw225/2875724/Is-ionizing-radiation-a-risk-factor-to-diffuse
Connecting to academic.oup.com (academic.oup.com)|173.254.190.144|:443... connected.
HTTP request sent, awaiting response... 200 OK
Length: 98955 (97K) [text/html]
Saving to: ‘hcw225’

     0K .......... .......... .......... .......... .......... 51%  209K 0s
    50K .......... .......... .......... .......... ......    100%  577K=0.3s

2017-02-03 10:05:28 (302 KB/s) - ‘hcw225’ saved [98955/98955]

--2017-02-03 10:05:29--  http://doi.org/10.1093/qjmed/hcw212
Connecting to doi.org (doi.org)|95.138.171.129|:80... connected.
HTTP request sent, awaiting response... 303 See Other
Location: https://academic.oup.com/qjmed/article-lookup/doi/10.1093/qjmed/hcw212 [following]
--2017-02-03 10:05:30--  https://academic.oup.com/qjmed/article-lookup/doi/10.1093/qjmed/hcw212
Connecting to academic.oup.com (academic.oup.com)|173.254.190.144|:443... connected.
HTTP request sent, awaiting response... 200 OK
Length: 118207 (115K) [text/html]
Saving to: ‘hcw212’

     0K .......... .......... .......... .......... .......... 43%  209K 0s
    50K .......... .......... .......... .......... .......... 86%  604K 0s
   100K .......... .....                                      100% 12.5M=0.3s

2017-02-03 10:05:33 (357 KB/s) - ‘hcw212’ saved [118207/118207]

--2017-02-03 10:05:34--  http://doi.org/10.1093/qjmed/hcw217
Connecting to doi.org (doi.org)|95.138.171.129|:80... connected.
HTTP request sent, awaiting response... 303 See Other
Location: https://academic.oup.com/qjmed/article-lookup/doi/10.1093/qjmed/hcw217 [following]
--2017-02-03 10:05:35--  https://academic.oup.com/qjmed/article-lookup/doi/10.1093/qjmed/hcw217
Connecting to academic.oup.com (academic.oup.com)|173.254.190.144|:443... connected.
HTTP request sent, awaiting response... 200 OK
Length: 84320 (82K) [text/html]
Saving to: ‘hcw217’

     0K .......... .......... .......... .......... .......... 60%  209K 0s
    50K .......... .......... .......... ..                   100% 11.1M=0.2s

2017-02-03 10:05:43 (340 KB/s) - ‘hcw217’ saved [84320/84320]

--2017-02-03 10:05:44--  http://doi.org/10.1093/qjmed/hcx012
Connecting to doi.org (doi.org)|95.138.171.129|:80... connected.
HTTP request sent, awaiting response... 303 See Other
Location: https://academic.oup.com/qjmed/article-lookup/doi/10.1093/qjmed/hcx012 [following]
--2017-02-03 10:05:45--  https://academic.oup.com/qjmed/article-lookup/doi/10.1093/qjmed/hcx012
Connecting to academic.oup.com (academic.oup.com)|173.254.190.144|:443... connected.
HTTP request sent, awaiting response... 400 Bad Request
2017-02-03 10:05:46 ERROR 400: Bad Request.

--2017-02-03 10:05:47--  http://doi.org/10.1093/qjmed/hcx008
Connecting to doi.org (doi.org)|95.138.171.129|:80... connected.
HTTP request sent, awaiting response... 303 See Other
Location: https://academic.oup.com/qjmed/article-lookup/doi/10.1093/qjmed/hcx008 [following]
--2017-02-03 10:05:48--  https://academic.oup.com/qjmed/article-lookup/doi/10.1093/qjmed/hcx008
Connecting to academic.oup.com (academic.oup.com)|173.254.190.144|:443... connected.
HTTP request sent, awaiting response... 200 OK
Length: 89815 (88K) [text/html]
Saving to: ‘hcx008’

     0K .......... .......... .......... .......... .......... 57%  209K 0s
    50K .......... .......... .......... .......              100% 9.67M=0.2s

2017-02-03 10:05:52 (361 KB/s) - ‘hcx008’ saved [89815/89815]

--2017-02-03 10:05:53--  http://doi.org/10.1093/qjmed/hcx007
Connecting to doi.org (doi.org)|95.138.171.129|:80... connected.
HTTP request sent, awaiting response... 303 See Other
Location: http://qjmed.oxfordjournals.org/lookup/doi/10.1093/qjmed/hcx007 [following]
--2017-02-03 10:05:55--  http://qjmed.oxfordjournals.org/lookup/doi/10.1093/qjmed/hcx007
Connecting to qjmed.oxfordjournals.org (qjmed.oxfordjournals.org)|209.135.222.209|:80... connected.
HTTP request sent, awaiting response... 301 Moved Permanently
Cookie coming from qjmed.oxfordjournals.org attempted to set domain to academic.oup.com
Location: https://academic.oup.com/qjmed/article/doi/10.1093/qjmed/hcx007/2843730/Uremic-stomatitis [following]
--2017-02-03 10:05:56--  https://academic.oup.com/qjmed/article/doi/10.1093/qjmed/hcx007/2843730/Uremic-stomatitis
Connecting to academic.oup.com (academic.oup.com)|173.254.190.144|:443... connected.
HTTP request sent, awaiting response... 200 OK
Length: 107138 (105K) [text/html]
Saving to: ‘hcx007’

     0K .......... .......... .......... .......... .......... 47%  208K 0s
    50K .......... .......... .......... .......... .......... 95%  607K 0s
   100K ....                                                  100% 8825G=0.3s

2017-02-03 10:06:02 (325 KB/s) - ‘hcx007’ saved [107138/107138]

--2017-02-03 10:06:03--  http://doi.org/10.1093/qjmed/hcx001
Connecting to doi.org (doi.org)|95.138.171.129|:80... connected.
HTTP request sent, awaiting response... 303 See Other
Location: http://qjmed.oxfordjournals.org/lookup/doi/10.1093/qjmed/hcx001 [following]
--2017-02-03 10:06:05--  http://qjmed.oxfordjournals.org/lookup/doi/10.1093/qjmed/hcx001
Connecting to qjmed.oxfordjournals.org (qjmed.oxfordjournals.org)|209.135.222.209|:80... connected.
HTTP request sent, awaiting response... 301 Moved Permanently
Cookie coming from qjmed.oxfordjournals.org attempted to set domain to academic.oup.com
Location: https://academic.oup.com/qjmed/article/doi/10.1093/qjmed/hcx001/2843727/Fahr-and-further [following]
--2017-02-03 10:06:06--  https://academic.oup.com/qjmed/article/doi/10.1093/qjmed/hcx001/2843727/Fahr-and-further
Connecting to academic.oup.com (academic.oup.com)|173.254.190.144|:443... connected.
HTTP request sent, awaiting response... 200 OK
Length: 90214 (88K) [text/html]
Saving to: ‘hcx001’

     0K .......... .......... .......... .......... .......... 56%  208K 0s
    50K .......... .......... .......... ........             100% 10.0M=0.2s

2017-02-03 10:06:09 (361 KB/s) - ‘hcx001’ saved [90214/90214]

--2017-02-03 10:06:10--  http://doi.org/10.1093/qjmed/hcx004
Connecting to doi.org (doi.org)|95.138.171.129|:80... connected.
HTTP request sent, awaiting response... 303 See Other
Location: http://qjmed.oxfordjournals.org/lookup/doi/10.1093/qjmed/hcx004 [following]
--2017-02-03 10:06:11--  http://qjmed.oxfordjournals.org/lookup/doi/10.1093/qjmed/hcx004
Connecting to qjmed.oxfordjournals.org (qjmed.oxfordjournals.org)|209.135.222.209|:80... connected.
HTTP request sent, awaiting response... 301 Moved Permanently
Cookie coming from qjmed.oxfordjournals.org attempted to set domain to academic.oup.com
Location: https://academic.oup.com/qjmed/article/doi/10.1093/qjmed/hcx004/2843728/Risk-of-empyema-in-patients-with-end-stage-renal [following]
--2017-02-03 10:06:13--  https://academic.oup.com/qjmed/article/doi/10.1093/qjmed/hcx004/2843728/Risk-of-empyema-in-patients-with-end-stage-renal
Connecting to academic.oup.com (academic.oup.com)|173.254.190.144|:443... connected.
HTTP request sent, awaiting response... 200 OK
Length: 217492 (212K) [text/html]
Saving to: ‘hcx004’

     0K .......... .......... .......... .......... .......... 23%  209K 1s
    50K .......... .......... .......... .......... .......... 47%  611K 0s
   100K .......... .......... .......... .......... .......... 70%  601K 0s
   150K .......... .......... .......... .......... .......... 94%  607K 0s
   200K .......... ..                                         100%  160K=0.6s

2017-02-03 10:06:19 (376 KB/s) - ‘hcx004’ saved [217492/217492]

--2017-02-03 10:06:20--  http://doi.org/10.1093/qjmed/hcx006
Connecting to doi.org (doi.org)|95.138.171.129|:80... connected.
HTTP request sent, awaiting response... 303 See Other
Location: http://qjmed.oxfordjournals.org/lookup/doi/10.1093/qjmed/hcx006 [following]
--2017-02-03 10:06:21--  http://qjmed.oxfordjournals.org/lookup/doi/10.1093/qjmed/hcx006
Connecting to qjmed.oxfordjournals.org (qjmed.oxfordjournals.org)|209.135.222.209|:80... connected.
HTTP request sent, awaiting response... 301 Moved Permanently
Cookie coming from qjmed.oxfordjournals.org attempted to set domain to academic.oup.com
Location: https://academic.oup.com/qjmed/article/doi/10.1093/qjmed/hcx006/2843729/Target-sign-in-lupus-enteritis [following]
--2017-02-03 10:06:23--  https://academic.oup.com/qjmed/article/doi/10.1093/qjmed/hcx006/2843729/Target-sign-in-lupus-enteritis
Connecting to academic.oup.com (academic.oup.com)|173.254.190.144|:443... connected.
HTTP request sent, awaiting response... 200 OK
Length: 90959 (89K) [text/html]
Saving to: ‘hcx006’

     0K .......... .......... .......... .......... .......... 56%  209K 0s
    50K .......... .......... .......... ........             100% 10.5M=0.2s

2017-02-03 10:06:26 (366 KB/s) - ‘hcx006’ saved [90959/90959]

--2017-02-03 10:06:27--  http://doi.org/10.1093/qjmed/hcx009
Connecting to doi.org (doi.org)|95.138.171.129|:80... connected.
HTTP request sent, awaiting response... 303 See Other
Location: http://qjmed.oxfordjournals.org/lookup/doi/10.1093/qjmed/hcx009 [following]
--2017-02-03 10:06:28--  http://qjmed.oxfordjournals.org/lookup/doi/10.1093/qjmed/hcx009
Connecting to qjmed.oxfordjournals.org (qjmed.oxfordjournals.org)|209.135.222.209|:80... connected.
HTTP request sent, awaiting response... 301 Moved Permanently
Cookie coming from qjmed.oxfordjournals.org attempted to set domain to academic.oup.com
Location: https://academic.oup.com/qjmed/article/doi/10.1093/qjmed/hcx009/2843732/Gastric-anisakiasis [following]
--2017-02-03 10:06:29--  https://academic.oup.com/qjmed/article/doi/10.1093/qjmed/hcx009/2843732/Gastric-anisakiasis
Connecting to academic.oup.com (academic.oup.com)|173.254.190.144|:443... connected.
HTTP request sent, awaiting response... 200 OK
Length: 81874 (80K) [text/html]
Saving to: ‘hcx009’

     0K .......... .......... .......... .......... .......... 62%  209K 0s
    50K .......... .......... .........                       100% 6.20M=0.2s

2017-02-03 10:06:32 (328 KB/s) - ‘hcx009’ saved [81874/81874]

--2017-02-03 10:06:33--  http://doi.org/10.1093/qjmed/hcx010
Connecting to doi.org (doi.org)|95.138.171.129|:80... connected.
HTTP request sent, awaiting response... 303 See Other
Location: http://qjmed.oxfordjournals.org/lookup/doi/10.1093/qjmed/hcx010 [following]
--2017-02-03 10:06:34--  http://qjmed.oxfordjournals.org/lookup/doi/10.1093/qjmed/hcx010
Connecting to qjmed.oxfordjournals.org (qjmed.oxfordjournals.org)|209.135.222.209|:80... connected.
HTTP request sent, awaiting response... 301 Moved Permanently
Cookie coming from qjmed.oxfordjournals.org attempted to set domain to academic.oup.com
Location: https://academic.oup.com/qjmed/article/doi/10.1093/qjmed/hcx010/2843733/Feather-bedding-as-a-cause-of-hypersensitivity [following]
--2017-02-03 10:06:36--  https://academic.oup.com/qjmed/article/doi/10.1093/qjmed/hcx010/2843733/Feather-bedding-as-a-cause-of-hypersensitivity
Connecting to academic.oup.com (academic.oup.com)|173.254.190.144|:443... connected.
HTTP request sent, awaiting response... 200 OK
Length: 106365 (104K) [text/html]
Saving to: ‘hcx010’

     0K .......... .......... .......... .......... .......... 48%  209K 0s
    50K .......... .......... .......... .......... .......... 96%  617K 0s
   100K ...                                                   100% 7385G=0.3s

2017-02-03 10:06:39 (324 KB/s) - ‘hcx010’ saved [106365/106365]

--2017-02-03 10:06:40--  http://doi.org/10.1093/qjmed/hcx013
Connecting to doi.org (doi.org)|95.138.171.129|:80... connected.
HTTP request sent, awaiting response... 303 See Other
Location: http://qjmed.oxfordjournals.org/lookup/doi/10.1093/qjmed/hcx013 [following]
--2017-02-03 10:06:41--  http://qjmed.oxfordjournals.org/lookup/doi/10.1093/qjmed/hcx013
Connecting to qjmed.oxfordjournals.org (qjmed.oxfordjournals.org)|209.135.222.209|:80... connected.
HTTP request sent, awaiting response... 301 Moved Permanently
Cookie coming from qjmed.oxfordjournals.org attempted to set domain to academic.oup.com
Location: https://academic.oup.com/qjmed/article/doi/10.1093/qjmed/hcx013/2843736/Fixed-abdominal-air [following]
--2017-02-03 10:06:42--  https://academic.oup.com/qjmed/article/doi/10.1093/qjmed/hcx013/2843736/Fixed-abdominal-air
Connecting to academic.oup.com (academic.oup.com)|173.254.190.144|:443... connected.
HTTP request sent, awaiting response... 200 OK
Length: 82490 (81K) [text/html]
Saving to: ‘hcx013’

     0K .......... .......... .......... .......... .......... 62%  208K 0s
    50K .......... .......... ..........                      100% 10.9M=0.2s

2017-02-03 10:06:46 (332 KB/s) - ‘hcx013’ saved [82490/82490]

--2017-02-03 10:06:47--  http://doi.org/10.1093/qjmed/hcx011
Connecting to doi.org (doi.org)|95.138.171.129|:80... connected.
HTTP request sent, awaiting response... 303 See Other
Location: http://qjmed.oxfordjournals.org/lookup/doi/10.1093/qjmed/hcx011 [following]
--2017-02-03 10:06:48--  http://qjmed.oxfordjournals.org/lookup/doi/10.1093/qjmed/hcx011
Connecting to qjmed.oxfordjournals.org (qjmed.oxfordjournals.org)|209.135.222.209|:80... connected.
HTTP request sent, awaiting response... 301 Moved Permanently
Cookie coming from qjmed.oxfordjournals.org attempted to set domain to academic.oup.com
Location: https://academic.oup.com/qjmed/article/doi/10.1093/qjmed/hcx011/2843734/Diffuse-panbronchiolitis [following]
--2017-02-03 10:06:49--  https://academic.oup.com/qjmed/article/doi/10.1093/qjmed/hcx011/2843734/Diffuse-panbronchiolitis
Connecting to academic.oup.com (academic.oup.com)|173.254.190.144|:443... connected.
HTTP request sent, awaiting response... 200 OK
Length: 90047 (88K) [text/html]
Saving to: ‘hcx011’

     0K .......... .......... .......... .......... .......... 56%  209K 0s
    50K .......... .......... .......... .......              100% 9.10M=0.2s

2017-02-03 10:06:57 (361 KB/s) - ‘hcx011’ saved [90047/90047]

--2017-02-03 10:06:58--  http://doi.org/10.1093/qjmed/hcw218
Connecting to doi.org (doi.org)|95.138.171.129|:80... connected.
HTTP request sent, awaiting response... 303 See Other
Location: http://qjmed.oxfordjournals.org/lookup/doi/10.1093/qjmed/hcw218 [following]
--2017-02-03 10:07:00--  http://qjmed.oxfordjournals.org/lookup/doi/10.1093/qjmed/hcw218
Connecting to qjmed.oxfordjournals.org (qjmed.oxfordjournals.org)|209.135.222.209|:80... connected.
HTTP request sent, awaiting response... 301 Moved Permanently
Cookie coming from qjmed.oxfordjournals.org attempted to set domain to academic.oup.com
Location: https://academic.oup.com/qjmed/article/110/1/1/2941820/Elements-110-01 [following]
--2017-02-03 10:07:01--  https://academic.oup.com/qjmed/article/110/1/1/2941820/Elements-110-01
Connecting to academic.oup.com (academic.oup.com)|173.254.190.144|:443... connected.
HTTP request sent, awaiting response... 200 OK
Length: 85494 (83K) [text/html]
Saving to: ‘hcw218’

     0K .......... .......... .......... .......... .......... 59%  208K 0s
    50K .......... .......... .......... ...                  100% 13.5M=0.2s

2017-02-03 10:07:10 (343 KB/s) - ‘hcw218’ saved [85494/85494]

--2017-02-03 10:07:11--  http://doi.org/10.1093/qjmed/hcx034
Connecting to doi.org (doi.org)|95.138.171.129|:80... connected.
HTTP request sent, awaiting response... 303 See Other
Location: http://fdslive.oup.com/www.oup.com/pdf/production_in_progress.pdf [following]
--2017-02-03 10:07:12--  http://fdslive.oup.com/www.oup.com/pdf/production_in_progress.pdf
Resolving fdslive.oup.com (fdslive.oup.com)... 193.67.160.201
Connecting to fdslive.oup.com (fdslive.oup.com)|193.67.160.201|:80... connected.
HTTP request sent, awaiting response... 200 OK
Length: 52438 (51K) [application/pdf]
Saving to: ‘hcx034’

     0K .......... .......... .......... .......... .......... 97% 1.16M 0s
    50K .                                                     100% 2306G=0.04s

2017-02-03 10:07:12 (1.18 MB/s) - ‘hcx034’ saved [52438/52438]

--2017-02-03 10:07:13--  http://doi.org/10.1093/qjmed/hcx031
Connecting to doi.org (doi.org)|95.138.171.129|:80... connected.
HTTP request sent, awaiting response... 303 See Other
Location: http://fdslive.oup.com/www.oup.com/pdf/production_in_progress.pdf [following]
--2017-02-03 10:07:14--  http://fdslive.oup.com/www.oup.com/pdf/production_in_progress.pdf
Connecting to fdslive.oup.com (fdslive.oup.com)|193.67.160.201|:80... connected.
HTTP request sent, awaiting response... 200 OK
Length: 52438 (51K) [application/pdf]
Saving to: ‘hcx031’

     0K .......... .......... .......... .......... .......... 97% 1.28M 0s
    50K .                                                     100% 2306G=0.04s

2017-02-03 10:07:14 (1.31 MB/s) - ‘hcx031’ saved [52438/52438]

--2017-02-03 10:07:15--  http://doi.org/10.1093/qjmed/hcx028
Connecting to doi.org (doi.org)|95.138.171.129|:80... connected.
HTTP request sent, awaiting response... 303 See Other
Location: http://fdslive.oup.com/www.oup.com/pdf/production_in_progress.pdf [following]
--2017-02-03 10:07:16--  http://fdslive.oup.com/www.oup.com/pdf/production_in_progress.pdf
Connecting to fdslive.oup.com (fdslive.oup.com)|193.67.160.201|:80... connected.
HTTP request sent, awaiting response... 200 OK
Length: 52438 (51K) [application/pdf]
Saving to: ‘hcx028’

     0K .......... .......... .......... .......... .......... 97% 1.17M 0s
    50K .                                                     100% 2306G=0.04s

2017-02-03 10:07:16 (1.20 MB/s) - ‘hcx028’ saved [52438/52438]

--2017-02-03 10:07:17--  http://doi.org/10.1093/qjmed/hcx024
Connecting to doi.org (doi.org)|95.138.171.129|:80... connected.
HTTP request sent, awaiting response... 303 See Other
Location: http://fdslive.oup.com/www.oup.com/pdf/production_in_progress.pdf [following]
--2017-02-03 10:07:18--  http://fdslive.oup.com/www.oup.com/pdf/production_in_progress.pdf
Connecting to fdslive.oup.com (fdslive.oup.com)|193.67.160.201|:80... connected.
HTTP request sent, awaiting response... 200 OK
Length: 52438 (51K) [application/pdf]
Saving to: ‘hcx024’

     0K .......... .......... .......... .......... .......... 97% 1.17M 0s
    50K .                                                     100% 2306G=0.04s

2017-02-03 10:07:18 (1.19 MB/s) - ‘hcx024’ saved [52438/52438]

--2017-02-03 10:07:19--  http://doi.org/10.1093/qjmed/hcw191
Connecting to doi.org (doi.org)|95.138.171.129|:80... connected.
HTTP request sent, awaiting response... 303 See Other
Location: http://fdslive.oup.com/www.oup.com/pdf/production_in_progress.pdf [following]
--2017-02-03 10:07:21--  http://fdslive.oup.com/www.oup.com/pdf/production_in_progress.pdf
Connecting to fdslive.oup.com (fdslive.oup.com)|193.67.160.201|:80... connected.
HTTP request sent, awaiting response... 200 OK
Length: 52438 (51K) [application/pdf]
Saving to: ‘hcw191’

     0K .......... .......... .......... .......... .......... 97% 1.28M 0s
    50K .                                                     100% 2306G=0.04s

2017-02-03 10:07:21 (1.31 MB/s) - ‘hcw191’ saved [52438/52438]

--2017-02-03 10:07:22--  http://doi.org/10.1093/qjmed/hcx022
Connecting to doi.org (doi.org)|95.138.171.129|:80... connected.
HTTP request sent, awaiting response... 303 See Other
Location: http://fdslive.oup.com/www.oup.com/pdf/production_in_progress.pdf [following]
--2017-02-03 10:07:23--  http://fdslive.oup.com/www.oup.com/pdf/production_in_progress.pdf
Connecting to fdslive.oup.com (fdslive.oup.com)|193.67.160.201|:80... connected.
HTTP request sent, awaiting response... 200 OK
Length: 52438 (51K) [application/pdf]
Saving to: ‘hcx022’

     0K .......... .......... .......... .......... .......... 97% 1.17M 0s
    50K .                                                     100% 2306G=0.04s

2017-02-03 10:07:23 (1.20 MB/s) - ‘hcx022’ saved [52438/52438]

--2017-02-03 10:07:24--  http://doi.org/10.1093/qjmed/hcx023
Connecting to doi.org (doi.org)|95.138.171.129|:80... connected.
HTTP request sent, awaiting response... 303 See Other
Location: http://fdslive.oup.com/www.oup.com/pdf/production_in_progress.pdf [following]
--2017-02-03 10:07:25--  http://fdslive.oup.com/www.oup.com/pdf/production_in_progress.pdf
Connecting to fdslive.oup.com (fdslive.oup.com)|193.67.160.201|:80... connected.
HTTP request sent, awaiting response... 200 OK
Length: 52438 (51K) [application/pdf]
Saving to: ‘hcx023’

     0K .......... .......... .......... .......... .......... 97% 1.28M 0s
    50K .                                                     100% 2306G=0.04s

2017-02-03 10:07:25 (1.32 MB/s) - ‘hcx023’ saved [52438/52438]

--2017-02-03 10:07:26--  http://doi.org/10.1093/qjmed/hcx030
Connecting to doi.org (doi.org)|95.138.171.129|:80... connected.
HTTP request sent, awaiting response... 303 See Other
Location: http://fdslive.oup.com/www.oup.com/pdf/production_in_progress.pdf [following]
--2017-02-03 10:07:27--  http://fdslive.oup.com/www.oup.com/pdf/production_in_progress.pdf
Connecting to fdslive.oup.com (fdslive.oup.com)|193.67.160.201|:80... connected.
HTTP request sent, awaiting response... 200 OK
Length: 52438 (51K) [application/pdf]
Saving to: ‘hcx030’

     0K .......... .......... .......... .......... .......... 97% 1.30M 0s
    50K .                                                     100% 12.3M=0.04s

2017-02-03 10:07:27 (1.33 MB/s) - ‘hcx030’ saved [52438/52438]

--2017-02-03 10:07:28--  http://doi.org/10.1093/qjmed/hcx025
Connecting to doi.org (doi.org)|95.138.171.129|:80... connected.
HTTP request sent, awaiting response... 303 See Other
Location: http://fdslive.oup.com/www.oup.com/pdf/production_in_progress.pdf [following]
--2017-02-03 10:07:29--  http://fdslive.oup.com/www.oup.com/pdf/production_in_progress.pdf
Connecting to fdslive.oup.com (fdslive.oup.com)|193.67.160.201|:80... connected.
HTTP request sent, awaiting response... 200 OK
Length: 52438 (51K) [application/pdf]
Saving to: ‘hcx025’

     0K .......... .......... .......... .......... .......... 97% 1.30M 0s
    50K .                                                     100% 2306G=0.04s

2017-02-03 10:07:29 (1.33 MB/s) - ‘hcx025’ saved [52438/52438]

--2017-02-03 10:07:30--  http://doi.org/10.1093/qjmed/hcx032
Connecting to doi.org (doi.org)|95.138.171.129|:80... connected.
HTTP request sent, awaiting response... 303 See Other
Location: http://fdslive.oup.com/www.oup.com/pdf/production_in_progress.pdf [following]
--2017-02-03 10:07:31--  http://fdslive.oup.com/www.oup.com/pdf/production_in_progress.pdf
Connecting to fdslive.oup.com (fdslive.oup.com)|193.67.160.201|:80... connected.
HTTP request sent, awaiting response... 200 OK
Length: 52438 (51K) [application/pdf]
Saving to: ‘hcx032’

     0K .......... .......... .......... .......... .......... 97% 1.16M 0s
    50K .                                                     100% 2306G=0.04s

2017-02-03 10:07:31 (1.19 MB/s) - ‘hcx032’ saved [52438/52438]

--2017-02-03 10:07:32--  http://doi.org/10.1093/qjmed/hcx016
Connecting to doi.org (doi.org)|95.138.171.129|:80... connected.
HTTP request sent, awaiting response... 303 See Other
Location: http://fdslive.oup.com/www.oup.com/pdf/production_in_progress.pdf [following]
--2017-02-03 10:07:34--  http://fdslive.oup.com/www.oup.com/pdf/production_in_progress.pdf
Connecting to fdslive.oup.com (fdslive.oup.com)|193.67.160.201|:80... connected.
HTTP request sent, awaiting response... 200 OK
Length: 52438 (51K) [application/pdf]
Saving to: ‘hcx016’

     0K .......... .......... .......... .......... .......... 97% 1.30M 0s
    50K .                                                     100% 2306G=0.04s

2017-02-03 10:07:34 (1.33 MB/s) - ‘hcx016’ saved [52438/52438]

--2017-02-03 10:07:35--  http://doi.org/10.1093/qjmed/hcx021
Connecting to doi.org (doi.org)|95.138.171.129|:80... connected.
HTTP request sent, awaiting response... 303 See Other
Location: http://fdslive.oup.com/www.oup.com/pdf/production_in_progress.pdf [following]
--2017-02-03 10:07:36--  http://fdslive.oup.com/www.oup.com/pdf/production_in_progress.pdf
Connecting to fdslive.oup.com (fdslive.oup.com)|193.67.160.201|:80... connected.
HTTP request sent, awaiting response... 200 OK
Length: 52438 (51K) [application/pdf]
Saving to: ‘hcx021’

     0K .......... .......... .......... .......... .......... 97% 1.17M 0s
    50K .                                                     100% 2306G=0.04s

2017-02-03 10:07:36 (1.20 MB/s) - ‘hcx021’ saved [52438/52438]

--2017-02-03 10:07:37--  http://doi.org/10.1093/qjmed/hcx002
Connecting to doi.org (doi.org)|95.138.171.129|:80... connected.
HTTP request sent, awaiting response... 303 See Other
Location: http://fdslive.oup.com/www.oup.com/pdf/production_in_progress.pdf [following]
--2017-02-03 10:07:38--  http://fdslive.oup.com/www.oup.com/pdf/production_in_progress.pdf
Connecting to fdslive.oup.com (fdslive.oup.com)|193.67.160.201|:80... connected.
HTTP request sent, awaiting response... 200 OK
Length: 52438 (51K) [application/pdf]
Saving to: ‘hcx002’

     0K .......... .......... .......... .......... .......... 97% 1.29M 0s
    50K .                                                     100% 2306G=0.04s

2017-02-03 10:07:38 (1.32 MB/s) - ‘hcx002’ saved [52438/52438]

--2017-02-03 10:07:39--  http://doi.org/10.1093/qjmed/hcx029
Connecting to doi.org (doi.org)|95.138.171.129|:80... connected.
HTTP request sent, awaiting response... 303 See Other
Location: http://fdslive.oup.com/www.oup.com/pdf/production_in_progress.pdf [following]
--2017-02-03 10:07:40--  http://fdslive.oup.com/www.oup.com/pdf/production_in_progress.pdf
Connecting to fdslive.oup.com (fdslive.oup.com)|193.67.160.201|:80... connected.
HTTP request sent, awaiting response... 200 OK
Length: 52438 (51K) [application/pdf]
Saving to: ‘hcx029’

     0K .......... .......... .......... .......... .......... 97% 1.29M 0s
    50K .                                                     100% 2306G=0.04s

2017-02-03 10:07:40 (1.32 MB/s) - ‘hcx029’ saved [52438/52438]

--2017-02-03 10:07:41--  http://doi.org/10.1093/qjmed/hcw233
Connecting to doi.org (doi.org)|95.138.171.129|:80... connected.
HTTP request sent, awaiting response... 303 See Other
Location: https://academic.oup.com/qjmed/article-lookup/doi/10.1093/qjmed/hcw233 [following]
--2017-02-03 10:07:42--  https://academic.oup.com/qjmed/article-lookup/doi/10.1093/qjmed/hcw233
Connecting to academic.oup.com (academic.oup.com)|173.254.190.144|:443... connected.
HTTP request sent, awaiting response... 200 OK
Length: 79543 (78K) [text/html]
Saving to: ‘hcw233’

     0K .......... .......... .......... .......... .......... 64%  208K 0s
    50K .......... .......... .......                         100%  787K=0.3s

2017-02-03 10:07:45 (282 KB/s) - ‘hcw233’ saved [79543/79543]

--2017-02-03 10:07:46--  http://doi.org/10.1093/qjmed/hcw213
Connecting to doi.org (doi.org)|95.138.171.129|:80... connected.
HTTP request sent, awaiting response... 303 See Other
Location: https://academic.oup.com/qjmed/article-lookup/doi/10.1093/qjmed/hcw213 [following]
--2017-02-03 10:07:47--  https://academic.oup.com/qjmed/article-lookup/doi/10.1093/qjmed/hcw213
Connecting to academic.oup.com (academic.oup.com)|173.254.190.144|:443... connected.
HTTP request sent, awaiting response... 200 OK
Length: 82881 (81K) [text/html]
Saving to: ‘hcw213’

     0K .......... .......... .......... .......... .......... 61%  209K 0s
    50K .......... .......... ..........                      100% 9.21M=0.2s

2017-02-03 10:07:51 (334 KB/s) - ‘hcw213’ saved [82881/82881]

--2017-02-03 10:07:52--  http://doi.org/10.1093/qjmed/hcw189
Connecting to doi.org (doi.org)|95.138.171.129|:80... connected.
HTTP request sent, awaiting response... 303 See Other
Location: https://academic.oup.com/qjmed/article-lookup/doi/10.1093/qjmed/hcw189 [following]
--2017-02-03 10:07:53--  https://academic.oup.com/qjmed/article-lookup/doi/10.1093/qjmed/hcw189
Connecting to academic.oup.com (academic.oup.com)|173.254.190.144|:443... connected.
HTTP request sent, awaiting response... 200 OK
Length: 80979 (79K) [text/html]
Saving to: ‘hcw189’

     0K .......... .......... .......... .......... .......... 63%  208K 0s
    50K .......... .......... .........                       100% 6.37M=0.2s

2017-02-03 10:07:57 (322 KB/s) - ‘hcw189’ saved [80979/80979]

--2017-02-03 10:07:58--  http://doi.org/10.1093/qjmed/hcw232
Connecting to doi.org (doi.org)|95.138.171.129|:80... connected.
HTTP request sent, awaiting response... 303 See Other
Location: https://academic.oup.com/qjmed/article-lookup/doi/10.1093/qjmed/hcw232 [following]
--2017-02-03 10:07:59--  https://academic.oup.com/qjmed/article-lookup/doi/10.1093/qjmed/hcw232
Connecting to academic.oup.com (academic.oup.com)|173.254.190.144|:443... connected.
HTTP request sent, awaiting response... 200 OK
Length: 85016 (83K) [text/html]
Saving to: ‘hcw232’

     0K .......... .......... .......... .......... .......... 60%  208K 0s
    50K .......... .......... .......... ...                  100% 11.5M=0.2s

2017-02-03 10:08:02 (341 KB/s) - ‘hcw232’ saved [85016/85016]

--2017-02-03 10:08:03--  http://doi.org/10.1093/qjmed/hcw230
Connecting to doi.org (doi.org)|95.138.171.129|:80... connected.
HTTP request sent, awaiting response... 303 See Other
Location: https://academic.oup.com/qjmed/article-lookup/doi/10.1093/qjmed/hcw230 [following]
--2017-02-03 10:08:05--  https://academic.oup.com/qjmed/article-lookup/doi/10.1093/qjmed/hcw230
Connecting to academic.oup.com (academic.oup.com)|173.254.190.144|:443... connected.
HTTP request sent, awaiting response... 200 OK
Length: 211226 (206K) [text/html]
Saving to: ‘hcw230’

     0K .......... .......... .......... .......... .......... 24%  310K 1s
    50K .......... .......... .......... .......... .......... 48%  315K 0s
   100K .......... .......... .......... .......... .......... 72%  599K 0s
   150K .......... .......... .......... .......... .......... 96%  604K 0s
   200K ......                                                100% 28.0M=0.5s

2017-02-03 10:08:08 (424 KB/s) - ‘hcw230’ saved [211226/211226]

--2017-02-03 10:08:09--  http://doi.org/10.1093/qjmed/hcw211
Connecting to doi.org (doi.org)|95.138.171.129|:80... connected.
HTTP request sent, awaiting response... 303 See Other
Location: https://academic.oup.com/qjmed/article-lookup/doi/10.1093/qjmed/hcw211 [following]
--2017-02-03 10:08:10--  https://academic.oup.com/qjmed/article-lookup/doi/10.1093/qjmed/hcw211
Connecting to academic.oup.com (academic.oup.com)|173.254.190.144|:443... connected.
HTTP request sent, awaiting response... 200 OK
Length: 91314 (89K) [text/html]
Saving to: ‘hcw211’

     0K .......... .......... .......... .......... .......... 56%  209K 0s
    50K .......... .......... .......... .........            100% 9.58M=0.2s

2017-02-03 10:08:14 (366 KB/s) - ‘hcw211’ saved [91314/91314]

--2017-02-03 10:08:15--  http://doi.org/10.1093/qjmed/hcw210
Connecting to doi.org (doi.org)|95.138.171.129|:80... connected.
HTTP request sent, awaiting response... 303 See Other
Location: https://academic.oup.com/qjmed/article-lookup/doi/10.1093/qjmed/hcw210 [following]
--2017-02-03 10:08:16--  https://academic.oup.com/qjmed/article-lookup/doi/10.1093/qjmed/hcw210
Connecting to academic.oup.com (academic.oup.com)|173.254.190.144|:443... connected.
HTTP request sent, awaiting response... 200 OK
Length: 90844 (89K) [text/html]
Saving to: ‘hcw210’

     0K .......... .......... .......... .......... .......... 56%  308K 0s
    50K .......... .......... .......... ........             100%  478K=0.2s

2017-02-03 10:08:20 (364 KB/s) - ‘hcw210’ saved [90844/90844]

--2017-02-03 10:08:21--  http://doi.org/10.1093/qjmed/hcw228
Connecting to doi.org (doi.org)|95.138.171.129|:80... connected.
HTTP request sent, awaiting response... 303 See Other
Location: http://qjmed.oxfordjournals.org/lookup/doi/10.1093/qjmed/hcw228 [following]
--2017-02-03 10:08:22--  http://qjmed.oxfordjournals.org/lookup/doi/10.1093/qjmed/hcw228
Connecting to qjmed.oxfordjournals.org (qjmed.oxfordjournals.org)|209.135.222.209|:80... connected.
HTTP request sent, awaiting response... 301 Moved Permanently
Cookie coming from qjmed.oxfordjournals.org attempted to set domain to academic.oup.com
Location: https://academic.oup.com/qjmed/article/doi/10.1093/qjmed/hcw228/2759634/Challenging-concussed-athletes-the-future-of [following]
--2017-02-03 10:08:24--  https://academic.oup.com/qjmed/article/doi/10.1093/qjmed/hcw228/2759634/Challenging-concussed-athletes-the-future-of
Connecting to academic.oup.com (academic.oup.com)|173.254.190.144|:443... connected.
HTTP request sent, awaiting response... 200 OK
Length: 221729 (217K) [text/html]
Saving to: ‘hcw228’

     0K .......... .......... .......... .......... .......... 23%  309K 1s
    50K .......... .......... .......... .......... .......... 46%  313K 0s
   100K .......... .......... .......... .......... .......... 69%  596K 0s
   150K .......... .......... .......... .......... .......... 92%  612K 0s
   200K .......... ......                                     100%  210K=0.6s

2017-02-03 10:08:28 (383 KB/s) - ‘hcw228’ saved [221729/221729]

--2017-02-03 10:08:29--  http://doi.org/10.1093/qjmed/hcw208
Connecting to doi.org (doi.org)|95.138.171.129|:80... connected.
HTTP request sent, awaiting response... 303 See Other
Location: https://academic.oup.com/qjmed/article-lookup/doi/10.1093/qjmed/hcw208 [following]
--2017-02-03 10:08:30--  https://academic.oup.com/qjmed/article-lookup/doi/10.1093/qjmed/hcw208
Connecting to academic.oup.com (academic.oup.com)|173.254.190.144|:443... connected.
HTTP request sent, awaiting response... 400 Bad Request
2017-02-03 10:08:30 ERROR 400: Bad Request.

--2017-02-03 10:08:31--  http://doi.org/10.1093/qjmed/hcw207
Connecting to doi.org (doi.org)|95.138.171.129|:80... connected.
HTTP request sent, awaiting response... 303 See Other
Location: http://qjmed.oxfordjournals.org/lookup/doi/10.1093/qjmed/hcw207 [following]
--2017-02-03 10:08:32--  http://qjmed.oxfordjournals.org/lookup/doi/10.1093/qjmed/hcw207
Connecting to qjmed.oxfordjournals.org (qjmed.oxfordjournals.org)|209.135.222.209|:80... connected.
HTTP request sent, awaiting response... 301 Moved Permanently
Cookie coming from qjmed.oxfordjournals.org attempted to set domain to academic.oup.com
Location: https://academic.oup.com/qjmed/article/110/1/55/2667506/Denosumab-as-a-long-term-palliative-therapy-in [following]
--2017-02-03 10:08:34--  https://academic.oup.com/qjmed/article/110/1/55/2667506/Denosumab-as-a-long-term-palliative-therapy-in
Connecting to academic.oup.com (academic.oup.com)|173.254.190.144|:443... connected.
HTTP request sent, awaiting response... 200 OK
Length: 89357 (87K) [text/html]
Saving to: ‘hcw207’

     0K .......... .......... .......... .......... .......... 57%  208K 0s
    50K .......... .......... .......... .......              100% 9.11M=0.2s

2017-02-03 10:08:37 (358 KB/s) - ‘hcw207’ saved [89357/89357]

--2017-02-03 10:08:38--  http://doi.org/10.1093/qjmed/hcw198
Connecting to doi.org (doi.org)|95.138.171.129|:80... connected.
HTTP request sent, awaiting response... 303 See Other
Location: http://qjmed.oxfordjournals.org/lookup/doi/10.1093/qjmed/hcw198 [following]
--2017-02-03 10:08:39--  http://qjmed.oxfordjournals.org/lookup/doi/10.1093/qjmed/hcw198
Connecting to qjmed.oxfordjournals.org (qjmed.oxfordjournals.org)|209.135.222.209|:80... connected.
HTTP request sent, awaiting response... 301 Moved Permanently
Cookie coming from qjmed.oxfordjournals.org attempted to set domain to academic.oup.com
Location: https://academic.oup.com/qjmed/article/110/1/51/2629142/Spot-sign-prognosis-and-intracerebral-haemorrhage [following]
--2017-02-03 10:08:40--  https://academic.oup.com/qjmed/article/110/1/51/2629142/Spot-sign-prognosis-and-intracerebral-haemorrhage
Connecting to academic.oup.com (academic.oup.com)|173.254.190.144|:443... connected.
HTTP request sent, awaiting response... 200 OK
Length: 114047 (111K) [text/html]
Saving to: ‘hcw198’

     0K .......... .......... .......... .......... .......... 44%  195K 0s
    50K .......... .......... .......... .......... .......... 89%  585K 0s
   100K .......... .                                          100% 9.81M=0.3s

2017-02-03 10:08:52 (325 KB/s) - ‘hcw198’ saved [114047/114047]

--2017-02-03 10:08:53--  http://doi.org/10.1093/qjmed/hcw206
Connecting to doi.org (doi.org)|95.138.171.129|:80... connected.
HTTP request sent, awaiting response... 303 See Other
Location: http://qjmed.oxfordjournals.org/lookup/doi/10.1093/qjmed/hcw206 [following]
--2017-02-03 10:08:54--  http://qjmed.oxfordjournals.org/lookup/doi/10.1093/qjmed/hcw206
Connecting to qjmed.oxfordjournals.org (qjmed.oxfordjournals.org)|209.135.222.209|:80... connected.
HTTP request sent, awaiting response... 301 Moved Permanently
Cookie coming from qjmed.oxfordjournals.org attempted to set domain to academic.oup.com
Location: https://academic.oup.com/qjmed/article/110/1/53/2667505/Denosumab-is-a-long-term-option-for-the-management [following]
--2017-02-03 10:08:55--  https://academic.oup.com/qjmed/article/110/1/53/2667505/Denosumab-is-a-long-term-option-for-the-management
Connecting to academic.oup.com (academic.oup.com)|173.254.190.144|:443... connected.
HTTP request sent, awaiting response... 200 OK
Length: 110824 (108K) [text/html]
Saving to: ‘hcw206’

     0K .......... .......... .......... .......... .......... 46%  208K 0s
    50K .......... .......... .......... .......... .......... 92%  607K 0s
   100K ........                                              100% 7.45M=0.3s

2017-02-03 10:09:04 (334 KB/s) - ‘hcw206’ saved [110824/110824]

--2017-02-03 10:09:05--  http://doi.org/10.1093/qjmed/hcw196
Connecting to doi.org (doi.org)|95.138.171.129|:80... connected.
HTTP request sent, awaiting response... 303 See Other
Location: https://academic.oup.com/qjmed/article-lookup/doi/10.1093/qjmed/hcw196 [following]
--2017-02-03 10:09:06--  https://academic.oup.com/qjmed/article-lookup/doi/10.1093/qjmed/hcw196
Connecting to academic.oup.com (academic.oup.com)|173.254.190.144|:443... connected.
HTTP request sent, awaiting response... 200 OK
Length: 100403 (98K) [text/html]
Saving to: ‘hcw196’

     0K .......... .......... .......... .......... .......... 50%  209K 0s
    50K .......... .......... .......... .......... ........  100%  590K=0.3s

2017-02-03 10:09:10 (305 KB/s) - ‘hcw196’ saved [100403/100403]

--2017-02-03 10:09:11--  http://doi.org/10.1093/qjmed/hcw209
Connecting to doi.org (doi.org)|95.138.171.129|:80... connected.
HTTP request sent, awaiting response... 303 See Other
Location: https://academic.oup.com/qjmed/article-lookup/doi/10.1093/qjmed/hcw209 [following]
--2017-02-03 10:09:12--  https://academic.oup.com/qjmed/article-lookup/doi/10.1093/qjmed/hcw209
Connecting to academic.oup.com (academic.oup.com)|173.254.190.144|:443... connected.
HTTP request sent, awaiting response... 200 OK
Length: 93587 (91K) [text/html]
Saving to: ‘hcw209’

     0K .......... .......... .......... .......... .......... 54%  209K 0s
    50K .......... .......... .......... .......... .         100%  515K=0.3s

2017-02-03 10:09:18 (286 KB/s) - ‘hcw209’ saved [93587/93587]

--2017-02-03 10:09:19--  http://doi.org/10.1093/qjmed/hcw202
Connecting to doi.org (doi.org)|95.138.171.129|:80... connected.
HTTP request sent, awaiting response... 303 See Other
Location: https://academic.oup.com/qjmed/article-lookup/doi/10.1093/qjmed/hcw202 [following]
--2017-02-03 10:09:20--  https://academic.oup.com/qjmed/article-lookup/doi/10.1093/qjmed/hcw202
Connecting to academic.oup.com (academic.oup.com)|173.254.190.144|:443... connected.
HTTP request sent, awaiting response... 200 OK
Length: 107944 (105K) [text/html]
Saving to: ‘hcw202’

     0K .......... .......... .......... .......... .......... 47%  209K 0s
    50K .......... .......... .......... .......... .......... 94%  596K 0s
   100K .....                                                 100% 10327G=0.3s

2017-02-03 10:09:23 (326 KB/s) - ‘hcw202’ saved [107944/107944]

--2017-02-03 10:09:24--  http://doi.org/10.1093/qjmed/hcw197
Connecting to doi.org (doi.org)|95.138.171.129|:80... connected.
HTTP request sent, awaiting response... 303 See Other
Location: https://academic.oup.com/qjmed/article-lookup/doi/10.1093/qjmed/hcw197 [following]
--2017-02-03 10:09:25--  https://academic.oup.com/qjmed/article-lookup/doi/10.1093/qjmed/hcw197
Connecting to academic.oup.com (academic.oup.com)|173.254.190.144|:443... connected.
HTTP request sent, awaiting response... 400 Bad Request
2017-02-03 10:09:26 ERROR 400: Bad Request.

--2017-02-03 10:09:27--  http://doi.org/10.1093/qjmed/hcw201
Connecting to doi.org (doi.org)|95.138.171.129|:80... connected.
HTTP request sent, awaiting response... 303 See Other
Location: https://academic.oup.com/qjmed/article-lookup/doi/10.1093/qjmed/hcw201 [following]
--2017-02-03 10:09:29--  https://academic.oup.com/qjmed/article-lookup/doi/10.1093/qjmed/hcw201
Connecting to academic.oup.com (academic.oup.com)|173.254.190.144|:443... connected.
HTTP request sent, awaiting response... 200 OK
Length: 86388 (84K) [text/html]
Saving to: ‘hcw201’

     0K .......... .......... .......... .......... .......... 59%  209K 0s
    50K .......... .......... .......... ....                 100% 4.05M=0.2s

2017-02-03 10:09:33 (341 KB/s) - ‘hcw201’ saved [86388/86388]

--2017-02-03 10:09:34--  http://doi.org/10.1093/qjmed/hcw194
Connecting to doi.org (doi.org)|95.138.171.129|:80... connected.
HTTP request sent, awaiting response... 303 See Other
Location: https://academic.oup.com/qjmed/article-lookup/doi/10.1093/qjmed/hcw194 [following]
--2017-02-03 10:09:35--  https://academic.oup.com/qjmed/article-lookup/doi/10.1093/qjmed/hcw194
Connecting to academic.oup.com (academic.oup.com)|173.254.190.144|:443... connected.
HTTP request sent, awaiting response... 200 OK
Length: 103897 (101K) [text/html]
Saving to: ‘hcw194’

     0K .......... .......... .......... .......... .......... 49%  209K 0s
    50K .......... .......... .......... .......... .......... 98%  608K 0s
   100K .                                                     100% 2788G=0.3s

2017-02-03 10:09:38 (315 KB/s) - ‘hcw194’ saved [103897/103897]

--2017-02-03 10:09:39--  http://doi.org/10.1093/qjmed/hcw195
Connecting to doi.org (doi.org)|95.138.171.129|:80... connected.
HTTP request sent, awaiting response... 303 See Other
Location: https://academic.oup.com/qjmed/article-lookup/doi/10.1093/qjmed/hcw195 [following]
--2017-02-03 10:09:40--  https://academic.oup.com/qjmed/article-lookup/doi/10.1093/qjmed/hcw195
Connecting to academic.oup.com (academic.oup.com)|173.254.190.144|:443... connected.
HTTP request sent, awaiting response... 200 OK
Length: 210946 (206K) [text/html]
Saving to: ‘hcw195’

     0K .......... .......... .......... .......... .......... 24%  209K 1s
    50K .......... .......... .......... .......... .......... 48%  605K 0s
   100K .......... .......... .......... .......... .......... 72%  614K 0s
   150K .......... .......... .......... .......... .......... 97%  603K 0s
   200K ......                                                100% 79.1K=0.6s

2017-02-03 10:09:44 (366 KB/s) - ‘hcw195’ saved [210946/210946]

--2017-02-03 10:09:45--  http://doi.org/10.1093/qjmed/hcw199
Connecting to doi.org (doi.org)|95.138.171.129|:80... connected.
HTTP request sent, awaiting response... 303 See Other
Location: https://academic.oup.com/qjmed/article-lookup/doi/10.1093/qjmed/hcw199 [following]
--2017-02-03 10:09:46--  https://academic.oup.com/qjmed/article-lookup/doi/10.1093/qjmed/hcw199
Connecting to academic.oup.com (academic.oup.com)|173.254.190.144|:443... connected.
HTTP request sent, awaiting response... 200 OK
Length: 100379 (98K) [text/html]
Saving to: ‘hcw199’

     0K .......... .......... .......... .......... .......... 51%  209K 0s
    50K .......... .......... .......... .......... ........  100%  592K=0.3s

2017-02-03 10:09:49 (306 KB/s) - ‘hcw199’ saved [100379/100379]

--2017-02-03 10:09:50--  http://doi.org/10.1093/qjmed/hcw204
Connecting to doi.org (doi.org)|95.138.171.129|:80... connected.
HTTP request sent, awaiting response... 303 See Other
Location: https://academic.oup.com/qjmed/article-lookup/doi/10.1093/qjmed/hcw204 [following]
--2017-02-03 10:09:52--  https://academic.oup.com/qjmed/article-lookup/doi/10.1093/qjmed/hcw204
Connecting to academic.oup.com (academic.oup.com)|173.254.190.144|:443... connected.
HTTP request sent, awaiting response... 200 OK
Length: 102440 (100K) [text/html]
Saving to: ‘hcw204’

     0K .......... .......... .......... .......... .......... 49%  208K 0s
    50K .......... .......... .......... .......... .......... 99%  611K 0s
   100K                                                       100% 74.5G=0.3s

2017-02-03 10:09:56 (311 KB/s) - ‘hcw204’ saved [102440/102440]

--2017-02-03 10:09:57--  http://doi.org/10.1093/qjmed/hcw200
Connecting to doi.org (doi.org)|95.138.171.129|:80... connected.
HTTP request sent, awaiting response... 303 See Other
Location: http://qjmed.oxfordjournals.org/lookup/doi/10.1093/qjmed/hcw200 [following]
--2017-02-03 10:09:58--  http://qjmed.oxfordjournals.org/lookup/doi/10.1093/qjmed/hcw200
Connecting to qjmed.oxfordjournals.org (qjmed.oxfordjournals.org)|209.135.222.209|:80... connected.
HTTP request sent, awaiting response... 301 Moved Permanently
Cookie coming from qjmed.oxfordjournals.org attempted to set domain to academic.oup.com
Location: https://academic.oup.com/qjmed/article/doi/10.1093/qjmed/hcw200/2681819/Anaplastic-large-cell-lymphoma-of-the-spinal-cord [following]
--2017-02-03 10:09:59--  https://academic.oup.com/qjmed/article/doi/10.1093/qjmed/hcw200/2681819/Anaplastic-large-cell-lymphoma-of-the-spinal-cord
Connecting to academic.oup.com (academic.oup.com)|173.254.190.144|:443... connected.
HTTP request sent, awaiting response... 200 OK
Length: 89842 (88K) [text/html]
Saving to: ‘hcw200’

     0K .......... .......... .......... .......... .......... 56%  209K 0s
    50K .......... .......... .......... .......              100% 9.73M=0.2s

2017-02-03 10:10:03 (361 KB/s) - ‘hcw200’ saved [89842/89842]

--2017-02-03 10:10:04--  http://doi.org/10.1093/qjmed/hcw179
Connecting to doi.org (doi.org)|95.138.171.129|:80... connected.
HTTP request sent, awaiting response... 303 See Other
Location: https://academic.oup.com/qjmed/article-lookup/doi/10.1093/qjmed/hcw179 [following]
--2017-02-03 10:10:05--  https://academic.oup.com/qjmed/article-lookup/doi/10.1093/qjmed/hcw179
Connecting to academic.oup.com (academic.oup.com)|173.254.190.144|:443... connected.
HTTP request sent, awaiting response... 200 OK
Length: 102773 (100K) [text/html]
Saving to: ‘hcw179’

     0K .......... .......... .......... .......... .......... 49%  209K 0s
    50K .......... .......... .......... .......... .......... 99%  617K 0s
   100K                                                       100%  695G=0.3s

2017-02-03 10:10:08 (314 KB/s) - ‘hcw179’ saved [102773/102773]

--2017-02-03 10:10:09--  http://doi.org/10.1093/qjmed/hcw193
Connecting to doi.org (doi.org)|95.138.171.129|:80... connected.
HTTP request sent, awaiting response... 303 See Other
Location: https://academic.oup.com/qjmed/article-lookup/doi/10.1093/qjmed/hcw193 [following]
--2017-02-03 10:10:10--  https://academic.oup.com/qjmed/article-lookup/doi/10.1093/qjmed/hcw193
Connecting to academic.oup.com (academic.oup.com)|173.254.190.144|:443... connected.
HTTP request sent, awaiting response... 200 OK
Length: 71267 (70K) [text/html]
Saving to: ‘hcw193’

     0K .......... .......... .......... .......... .......... 71%  208K 0s
    50K .......... .........                                  100% 10.8M=0.2s

2017-02-03 10:10:13 (288 KB/s) - ‘hcw193’ saved [71267/71267]

--2017-02-03 10:10:14--  http://doi.org/10.1093/qjmed/hcw185
Connecting to doi.org (doi.org)|95.138.171.129|:80... connected.
HTTP request sent, awaiting response... 303 See Other
Location: http://qjmed.oxfordjournals.org/lookup/doi/10.1093/qjmed/hcw185 [following]
--2017-02-03 10:10:15--  http://qjmed.oxfordjournals.org/lookup/doi/10.1093/qjmed/hcw185
Connecting to qjmed.oxfordjournals.org (qjmed.oxfordjournals.org)|209.135.222.209|:80... connected.
HTTP request sent, awaiting response... 301 Moved Permanently
Cookie coming from qjmed.oxfordjournals.org attempted to set domain to academic.oup.com
Location: https://academic.oup.com/qjmed/article/doi/10.1093/qjmed/hcw185/2681812/Understanding-the-cognitive-experience-of-death [following]
--2017-02-03 10:10:17--  https://academic.oup.com/qjmed/article/doi/10.1093/qjmed/hcw185/2681812/Understanding-the-cognitive-experience-of-death
Connecting to academic.oup.com (academic.oup.com)|173.254.190.144|:443... connected.
HTTP request sent, awaiting response... 200 OK
Length: 145109 (142K) [text/html]
Saving to: ‘hcw185’

     0K .......... .......... .......... .......... .......... 35%  209K 0s
    50K .......... .......... .......... .......... .......... 70%  603K 0s
   100K .......... .......... .......... .......... .         100%  515K=0.4s

2017-02-03 10:10:20 (351 KB/s) - ‘hcw185’ saved [145109/145109]

--2017-02-03 10:10:21--  http://doi.org/10.1093/qjmed/hcw190
Connecting to doi.org (doi.org)|95.138.171.129|:80... connected.
HTTP request sent, awaiting response... 303 See Other
Location: https://academic.oup.com/qjmed/article-lookup/doi/10.1093/qjmed/hcw190 [following]
--2017-02-03 10:10:22--  https://academic.oup.com/qjmed/article-lookup/doi/10.1093/qjmed/hcw190
Connecting to academic.oup.com (academic.oup.com)|173.254.190.144|:443... connected.
HTTP request sent, awaiting response... 200 OK
Length: 158023 (154K) [text/html]
Saving to: ‘hcw190’

     0K .......... .......... .......... .......... .......... 32%  209K 0s
    50K .......... .......... .......... .......... .......... 64%  583K 0s
   100K .......... .......... .......... .......... .......... 97%  612K 0s
   150K ....                                                  100% 5.36M=0.4s

2017-02-03 10:10:26 (379 KB/s) - ‘hcw190’ saved [158023/158023]

--2017-02-03 10:10:27--  http://doi.org/10.1093/qjmed/hcw181
Connecting to doi.org (doi.org)|95.138.171.129|:80... connected.
HTTP request sent, awaiting response... 303 See Other
Location: https://academic.oup.com/qjmed/article-lookup/doi/10.1093/qjmed/hcw181 [following]
--2017-02-03 10:10:28--  https://academic.oup.com/qjmed/article-lookup/doi/10.1093/qjmed/hcw181
Connecting to academic.oup.com (academic.oup.com)|173.254.190.144|:443... connected.
HTTP request sent, awaiting response... 400 Bad Request
2017-02-03 10:10:29 ERROR 400: Bad Request.

--2017-02-03 10:10:30--  http://doi.org/10.1093/qjmed/hcw192
Connecting to doi.org (doi.org)|95.138.171.129|:80... connected.
HTTP request sent, awaiting response... 303 See Other
Location: https://academic.oup.com/qjmed/article-lookup/doi/10.1093/qjmed/hcw192 [following]
--2017-02-03 10:10:31--  https://academic.oup.com/qjmed/article-lookup/doi/10.1093/qjmed/hcw192
Connecting to academic.oup.com (academic.oup.com)|173.254.190.144|:443... connected.
HTTP request sent, awaiting response... 200 OK
Length: 72403 (71K) [text/html]
Saving to: ‘hcw192’

     0K .......... .......... .......... .......... .......... 70%  209K 0s
    50K .......... ..........                                 100% 10.8M=0.2s

2017-02-03 10:10:35 (293 KB/s) - ‘hcw192’ saved [72403/72403]

--2017-02-03 10:10:36--  http://doi.org/10.1093/qjmed/hcw184
Connecting to doi.org (doi.org)|95.138.171.129|:80... connected.
HTTP request sent, awaiting response... 303 See Other
Location: https://academic.oup.com/qjmed/article-lookup/doi/10.1093/qjmed/hcw184 [following]
--2017-02-03 10:10:37--  https://academic.oup.com/qjmed/article-lookup/doi/10.1093/qjmed/hcw184
Connecting to academic.oup.com (academic.oup.com)|173.254.190.144|:443... connected.
HTTP request sent, awaiting response... 200 OK
Length: 136894 (134K) [text/html]
Saving to: ‘hcw184’

     0K .......... .......... .......... .......... .......... 37%  316K 0s
    50K .......... .......... .......... .......... .......... 74%  603K 0s
   100K .......... .......... .......... ...                  100%  426K=0.3s

2017-02-03 10:10:41 (417 KB/s) - ‘hcw184’ saved [136894/136894]

--2017-02-03 10:10:42--  http://doi.org/10.1093/qjmed/hcw188
Connecting to doi.org (doi.org)|95.138.171.129|:80... connected.
HTTP request sent, awaiting response... 303 See Other
Location: http://qjmed.oxfordjournals.org/lookup/doi/10.1093/qjmed/hcw188 [following]
--2017-02-03 10:10:43--  http://qjmed.oxfordjournals.org/lookup/doi/10.1093/qjmed/hcw188
Connecting to qjmed.oxfordjournals.org (qjmed.oxfordjournals.org)|209.135.222.209|:80... connected.
HTTP request sent, awaiting response... 301 Moved Permanently
Cookie coming from qjmed.oxfordjournals.org attempted to set domain to academic.oup.com
Location: https://academic.oup.com/qjmed/article/doi/10.1093/qjmed/hcw188/2681814/Creating-a-culture-of-health-evolving-healthcare [following]
--2017-02-03 10:10:44--  https://academic.oup.com/qjmed/article/doi/10.1093/qjmed/hcw188/2681814/Creating-a-culture-of-health-evolving-healthcare
Connecting to academic.oup.com (academic.oup.com)|173.254.190.144|:443... connected.
HTTP request sent, awaiting response... 200 OK
Length: 164588 (161K) [text/html]
Saving to: ‘hcw188’

     0K .......... .......... .......... .......... .......... 31%  208K 1s
    50K .......... .......... .......... .......... .......... 62%  605K 0s
   100K .......... .......... .......... .......... .......... 93%  594K 0s
   150K ..........                                            100% 28.7M=0.4s

2017-02-03 10:10:48 (395 KB/s) - ‘hcw188’ saved [164588/164588]

--2017-02-03 10:10:49--  http://doi.org/10.1093/qjmed/hcw205
Connecting to doi.org (doi.org)|95.138.171.129|:80... connected.
HTTP request sent, awaiting response... 303 See Other
Location: https://academic.oup.com/qjmed/article-lookup/doi/10.1093/qjmed/hcw205 [following]
--2017-02-03 10:10:50--  https://academic.oup.com/qjmed/article-lookup/doi/10.1093/qjmed/hcw205
Connecting to academic.oup.com (academic.oup.com)|173.254.190.144|:443... connected.
HTTP request sent, awaiting response... 200 OK
Length: 83182 (81K) [text/html]
Saving to: ‘hcw205’

     0K .......... .......... .......... .......... .......... 61%  209K 0s
    50K .......... .......... .......... .                    100% 10.3M=0.2s

2017-02-03 10:10:54 (335 KB/s) - ‘hcw205’ saved [83182/83182]

--2017-02-03 10:10:55--  http://doi.org/10.1093/qjmed/hcw187
Connecting to doi.org (doi.org)|95.138.171.129|:80... connected.
HTTP request sent, awaiting response... 303 See Other
Location: https://academic.oup.com/qjmed/article-lookup/doi/10.1093/qjmed/hcw187 [following]
--2017-02-03 10:10:56--  https://academic.oup.com/qjmed/article-lookup/doi/10.1093/qjmed/hcw187
Connecting to academic.oup.com (academic.oup.com)|173.254.190.144|:443... connected.
HTTP request sent, awaiting response... 200 OK
Length: 74289 (73K) [text/html]
Saving to: ‘hcw187’

     0K .......... .......... .......... .......... .......... 68%  209K 0s
    50K .......... .......... ..                              100% 13.8M=0.2s

2017-02-03 10:10:59 (301 KB/s) - ‘hcw187’ saved [74289/74289]

--2017-02-03 10:11:00--  http://doi.org/10.1093/qjmed/hcw182
Connecting to doi.org (doi.org)|95.138.171.129|:80... connected.
HTTP request sent, awaiting response... 303 See Other
Location: https://academic.oup.com/qjmed/article-lookup/doi/10.1093/qjmed/hcw182 [following]
--2017-02-03 10:11:01--  https://academic.oup.com/qjmed/article-lookup/doi/10.1093/qjmed/hcw182
Connecting to academic.oup.com (academic.oup.com)|173.254.190.144|:443... connected.
HTTP request sent, awaiting response... 200 OK
Length: 122825 (120K) [text/html]
Saving to: ‘hcw182’

     0K .......... .......... .......... .......... .......... 41%  209K 0s
    50K .......... .......... .......... .......... .......... 83%  605K 0s
   100K .......... .........                                  100% 20.7M=0.3s

2017-02-03 10:11:05 (371 KB/s) - ‘hcw182’ saved [122825/122825]

--2017-02-03 10:11:06--  http://doi.org/10.1093/qjmed/hcw183
Connecting to doi.org (doi.org)|95.138.171.129|:80... connected.
HTTP request sent, awaiting response... 303 See Other
Location: http://qjmed.oxfordjournals.org/lookup/doi/10.1093/qjmed/hcw183 [following]
--2017-02-03 10:11:07--  http://qjmed.oxfordjournals.org/lookup/doi/10.1093/qjmed/hcw183
Connecting to qjmed.oxfordjournals.org (qjmed.oxfordjournals.org)|209.135.222.209|:80... connected.
HTTP request sent, awaiting response... 301 Moved Permanently
Cookie coming from qjmed.oxfordjournals.org attempted to set domain to academic.oup.com
Location: https://academic.oup.com/qjmed/article/110/1/5/2638390/Social-Death [following]
--2017-02-03 10:11:08--  https://academic.oup.com/qjmed/article/110/1/5/2638390/Social-Death
Connecting to academic.oup.com (academic.oup.com)|173.254.190.144|:443... connected.
HTTP request sent, awaiting response... 400 Bad Request
2017-02-03 10:11:09 ERROR 400: Bad Request.

--2017-02-03 10:11:10--  http://doi.org/10.1093/qjmed/hcw186
Connecting to doi.org (doi.org)|95.138.171.129|:80... connected.
HTTP request sent, awaiting response... 303 See Other
Location: http://qjmed.oxfordjournals.org/lookup/doi/10.1093/qjmed/hcw186 [following]
--2017-02-03 10:11:11--  http://qjmed.oxfordjournals.org/lookup/doi/10.1093/qjmed/hcw186
Connecting to qjmed.oxfordjournals.org (qjmed.oxfordjournals.org)|209.135.222.209|:80... connected.
HTTP request sent, awaiting response... 301 Moved Permanently
Cookie coming from qjmed.oxfordjournals.org attempted to set domain to academic.oup.com
Location: https://academic.oup.com/qjmed/article/110/1/3/2528231/Topics-in-death-and-dying [following]
--2017-02-03 10:11:12--  https://academic.oup.com/qjmed/article/110/1/3/2528231/Topics-in-death-and-dying
Connecting to academic.oup.com (academic.oup.com)|173.254.190.144|:443... connected.
HTTP request sent, awaiting response... 200 OK
Length: 83308 (81K) [text/html]
Saving to: ‘hcw186’

     0K .......... .......... .......... .......... .......... 61%  209K 0s
    50K .......... .......... .......... .                    100% 11.4M=0.2s

2017-02-03 10:11:15 (336 KB/s) - ‘hcw186’ saved [83308/83308]

--2017-02-03 10:11:16--  http://doi.org/10.1093/qjmed/hcw171
Connecting to doi.org (doi.org)|95.138.171.129|:80... connected.
HTTP request sent, awaiting response... 303 See Other
Location: https://academic.oup.com/qjmed/article-lookup/doi/10.1093/qjmed/hcw171 [following]
--2017-02-03 10:11:17--  https://academic.oup.com/qjmed/article-lookup/doi/10.1093/qjmed/hcw171
Connecting to academic.oup.com (academic.oup.com)|173.254.190.144|:443... connected.
HTTP request sent, awaiting response... 200 OK
Length: 131889 (129K) [text/html]
Saving to: ‘hcw171’

     0K .......... .......... .......... .......... .......... 38%  208K 0s
    50K .......... .......... .......... .......... .......... 77%  601K 0s
   100K .......... .......... ........                        100%  368K=0.4s

2017-02-03 10:11:21 (321 KB/s) - ‘hcw171’ saved [131889/131889]

--2017-02-03 10:11:22--  http://doi.org/10.1093/qjmed/hcw176
Connecting to doi.org (doi.org)|95.138.171.129|:80... connected.
HTTP request sent, awaiting response... 303 See Other
Location: https://academic.oup.com/qjmed/article-lookup/doi/10.1093/qjmed/hcw176 [following]
--2017-02-03 10:11:23--  https://academic.oup.com/qjmed/article-lookup/doi/10.1093/qjmed/hcw176
Connecting to academic.oup.com (academic.oup.com)|173.254.190.144|:443... connected.
HTTP request sent, awaiting response... 400 Bad Request
2017-02-03 10:11:23 ERROR 400: Bad Request.

--2017-02-03 10:11:24--  http://doi.org/10.1093/qjmed/hcw175
Connecting to doi.org (doi.org)|95.138.171.129|:80... connected.
HTTP request sent, awaiting response... 303 See Other
Location: https://academic.oup.com/qjmed/article-lookup/doi/10.1093/qjmed/hcw175 [following]
--2017-02-03 10:11:26--  https://academic.oup.com/qjmed/article-lookup/doi/10.1093/qjmed/hcw175
Connecting to academic.oup.com (academic.oup.com)|173.254.190.144|:443... connected.
HTTP request sent, awaiting response... 200 OK
Length: 251114 (245K) [text/html]
Saving to: ‘hcw175’

     0K .......... .......... .......... .......... .......... 20%  209K 1s
    50K .......... .......... .......... .......... .......... 40%  600K 0s
   100K .......... .......... .......... .......... .......... 61%  610K 0s
   150K .......... .......... .......... .......... .......... 81%  314K 0s
   200K .......... .......... .......... .......... .....     100%  555K=0.6s

2017-02-03 10:11:30 (380 KB/s) - ‘hcw175’ saved [251114/251114]

--2017-02-03 10:11:31--  http://doi.org/10.1093/qjmed/hcw173
Connecting to doi.org (doi.org)|95.138.171.129|:80... connected.
HTTP request sent, awaiting response... 303 See Other
Location: https://academic.oup.com/qjmed/article-lookup/doi/10.1093/qjmed/hcw173 [following]
--2017-02-03 10:11:32--  https://academic.oup.com/qjmed/article-lookup/doi/10.1093/qjmed/hcw173
Connecting to academic.oup.com (academic.oup.com)|173.254.190.144|:443... connected.
HTTP request sent, awaiting response... 200 OK
Length: 168650 (165K) [text/html]
Saving to: ‘hcw173’

     0K .......... .......... .......... .......... .......... 30%  208K 1s
    50K .......... .......... .......... .......... .......... 60%  601K 0s
   100K .......... .......... .......... .......... .......... 91%  593K 0s
   150K .......... ....                                       100%  190K=0.5s

2017-02-03 10:11:36 (340 KB/s) - ‘hcw173’ saved [168650/168650]

--2017-02-03 10:11:37--  http://doi.org/10.1093/qjmed/hcw174
Connecting to doi.org (doi.org)|95.138.171.129|:80... connected.
HTTP request sent, awaiting response... 303 See Other
Location: https://academic.oup.com/qjmed/article-lookup/doi/10.1093/qjmed/hcw174 [following]
--2017-02-03 10:11:38--  https://academic.oup.com/qjmed/article-lookup/doi/10.1093/qjmed/hcw174
Connecting to academic.oup.com (academic.oup.com)|173.254.190.144|:443... connected.
HTTP request sent, awaiting response... 200 OK
Length: 214354 (209K) [text/html]
Saving to: ‘hcw174’

     0K .......... .......... .......... .......... .......... 23%  209K 1s
    50K .......... .......... .......... .......... .......... 47%  600K 0s
   100K .......... .......... .......... .......... .......... 71%  609K 0s
   150K .......... .......... .......... .......... .......... 95%  314K 0s
   200K .........                                             100% 17.9M=0.6s

2017-02-03 10:11:45 (371 KB/s) - ‘hcw174’ saved [214354/214354]

--2017-02-03 10:11:46--  http://doi.org/10.1093/qjmed/hcw178
Connecting to doi.org (doi.org)|95.138.171.129|:80... connected.
HTTP request sent, awaiting response... 303 See Other
Location: http://qjmed.oxfordjournals.org/lookup/doi/10.1093/qjmed/hcw178 [following]
--2017-02-03 10:11:47--  http://qjmed.oxfordjournals.org/lookup/doi/10.1093/qjmed/hcw178
Connecting to qjmed.oxfordjournals.org (qjmed.oxfordjournals.org)|209.135.222.209|:80... connected.
HTTP request sent, awaiting response... 301 Moved Permanently
Cookie coming from qjmed.oxfordjournals.org attempted to set domain to academic.oup.com
Location: https://academic.oup.com/qjmed/article/110/1/47/2670205/Bronchial-atresia [following]
--2017-02-03 10:11:48--  https://academic.oup.com/qjmed/article/110/1/47/2670205/Bronchial-atresia
Connecting to academic.oup.com (academic.oup.com)|173.254.190.144|:443... connected.
HTTP request sent, awaiting response... 200 OK
Length: 86651 (85K) [text/html]
Saving to: ‘hcw178’

     0K .......... .......... .......... .......... .......... 59%  209K 0s
    50K .......... .......... .......... ....                 100% 10.8M=0.2s

2017-02-03 10:11:57 (350 KB/s) - ‘hcw178’ saved [86651/86651]

--2017-02-03 10:11:58--  http://doi.org/10.1093/qjmed/hcw177
Connecting to doi.org (doi.org)|95.138.171.129|:80... connected.
HTTP request sent, awaiting response... 303 See Other
Location: http://qjmed.oxfordjournals.org/lookup/doi/10.1093/qjmed/hcw177 [following]
--2017-02-03 10:11:59--  http://qjmed.oxfordjournals.org/lookup/doi/10.1093/qjmed/hcw177
Connecting to qjmed.oxfordjournals.org (qjmed.oxfordjournals.org)|209.135.222.209|:80... connected.
HTTP request sent, awaiting response... 301 Moved Permanently
Cookie coming from qjmed.oxfordjournals.org attempted to set domain to academic.oup.com
Location: https://academic.oup.com/qjmed/article/110/1/45/2449759/PET-imaging-of-subclinical-seizure-associated-with [following]
--2017-02-03 10:12:00--  https://academic.oup.com/qjmed/article/110/1/45/2449759/PET-imaging-of-subclinical-seizure-associated-with
Connecting to academic.oup.com (academic.oup.com)|173.254.190.144|:443... connected.
HTTP request sent, awaiting response... 200 OK
Length: 99097 (97K) [text/html]
Saving to: ‘hcw177’

     0K .......... .......... .......... .......... .......... 51%  309K 0s
    50K .......... .......... .......... .......... ......    100%  296K=0.3s

2017-02-03 10:12:04 (303 KB/s) - ‘hcw177’ saved [99097/99097]

--2017-02-03 10:12:05--  http://doi.org/10.1093/qjmed/hcw180
Connecting to doi.org (doi.org)|95.138.171.129|:80... connected.
HTTP request sent, awaiting response... 303 See Other
Location: http://qjmed.oxfordjournals.org/lookup/doi/10.1093/qjmed/hcw180 [following]
--2017-02-03 10:12:06--  http://qjmed.oxfordjournals.org/lookup/doi/10.1093/qjmed/hcw180
Connecting to qjmed.oxfordjournals.org (qjmed.oxfordjournals.org)|209.135.222.209|:80... connected.
HTTP request sent, awaiting response... 301 Moved Permanently
Cookie coming from qjmed.oxfordjournals.org attempted to set domain to academic.oup.com
Location: https://academic.oup.com/qjmed/article/110/1/49/2449760/Palla-s-sign-and-Hampton-s-hump-in-pulmonary [following]
--2017-02-03 10:12:07--  https://academic.oup.com/qjmed/article/110/1/49/2449760/Palla-s-sign-and-Hampton-s-hump-in-pulmonary
Connecting to academic.oup.com (academic.oup.com)|173.254.190.144|:443... connected.
HTTP request sent, awaiting response... 200 OK
Length: 105322 (103K) [text/html]
Saving to: ‘hcw180’

     0K .......... .......... .......... .......... .......... 48%  209K 0s
    50K .......... .......... .......... .......... .......... 97%  612K 0s
   100K ..                                                    100% 15.5M=0.3s

2017-02-03 10:12:12 (320 KB/s) - ‘hcw180’ saved [105322/105322]

--2017-02-03 10:12:13--  http://doi.org/10.1093/qjmed/hcw172
Connecting to doi.org (doi.org)|95.138.171.129|:80... connected.
HTTP request sent, awaiting response... 303 See Other
Location: http://qjmed.oxfordjournals.org/lookup/doi/10.1093/qjmed/hcw172 [following]
--2017-02-03 10:12:14--  http://qjmed.oxfordjournals.org/lookup/doi/10.1093/qjmed/hcw172
Connecting to qjmed.oxfordjournals.org (qjmed.oxfordjournals.org)|209.135.222.209|:80... connected.
HTTP request sent, awaiting response... 301 Moved Permanently
Cookie coming from qjmed.oxfordjournals.org attempted to set domain to academic.oup.com
Location: https://academic.oup.com/qjmed/article/110/1/43/2418192/Proton-pump-inhibitors-purple-gastric-juice-and [following]
--2017-02-03 10:12:15--  https://academic.oup.com/qjmed/article/110/1/43/2418192/Proton-pump-inhibitors-purple-gastric-juice-and
Connecting to academic.oup.com (academic.oup.com)|173.254.190.144|:443... connected.
HTTP request sent, awaiting response... 200 OK
Length: 93456 (91K) [text/html]
Saving to: ‘hcw172’

     0K .......... .......... .......... .......... .......... 54%  206K 0s
    50K .......... .......... .......... .......... .         100%  513K=0.3s

2017-02-03 10:12:20 (283 KB/s) - ‘hcw172’ saved [93456/93456]

--2017-02-03 10:12:21--  http://doi.org/10.1093/qjmed/hcw170
Connecting to doi.org (doi.org)|95.138.171.129|:80... connected.
HTTP request sent, awaiting response... 303 See Other
Location: https://academic.oup.com/qjmed/article-lookup/doi/10.1093/qjmed/hcw170 [following]
--2017-02-03 10:12:22--  https://academic.oup.com/qjmed/article-lookup/doi/10.1093/qjmed/hcw170
Connecting to academic.oup.com (academic.oup.com)|173.254.190.144|:443... connected.
HTTP request sent, awaiting response... 200 OK
Length: 96836 (95K) [text/html]
Saving to: ‘hcw170’

     0K .......... .......... .......... .......... .......... 52%  208K 0s
    50K .......... .......... .......... .......... ....      100%  554K=0.3s

2017-02-03 10:12:34 (294 KB/s) - ‘hcw170’ saved [96836/96836]

--2017-02-03 10:12:35--  http://doi.org/10.1093/qjmed/hcw160
Connecting to doi.org (doi.org)|95.138.171.129|:80... connected.
HTTP request sent, awaiting response... 303 See Other
Location: https://academic.oup.com/qjmed/article-lookup/doi/10.1093/qjmed/hcw160 [following]
--2017-02-03 10:12:37--  https://academic.oup.com/qjmed/article-lookup/doi/10.1093/qjmed/hcw160
Connecting to academic.oup.com (academic.oup.com)|173.254.190.144|:443... connected.
HTTP request sent, awaiting response... 200 OK
Length: 88408 (86K) [text/html]
Saving to: ‘hcw160’

     0K .......... .......... .......... .......... .......... 57%  209K 0s
    50K .......... .......... .......... ......               100% 10.5M=0.2s

2017-02-03 10:12:40 (355 KB/s) - ‘hcw160’ saved [88408/88408]

--2017-02-03 10:12:41--  http://doi.org/10.1093/qjmed/hcw162
Connecting to doi.org (doi.org)|95.138.171.129|:80... connected.
HTTP request sent, awaiting response... 303 See Other
Location: https://academic.oup.com/qjmed/article-lookup/doi/10.1093/qjmed/hcw162 [following]
--2017-02-03 10:12:42--  https://academic.oup.com/qjmed/article-lookup/doi/10.1093/qjmed/hcw162
Connecting to academic.oup.com (academic.oup.com)|173.254.190.144|:443... connected.
HTTP request sent, awaiting response... 400 Bad Request
2017-02-03 10:12:42 ERROR 400: Bad Request.

--2017-02-03 10:12:43--  http://doi.org/10.1093/qjmed/hcw169
Connecting to doi.org (doi.org)|95.138.171.129|:80... connected.
HTTP request sent, awaiting response... 303 See Other
Location: https://academic.oup.com/qjmed/article-lookup/doi/10.1093/qjmed/hcw169 [following]
--2017-02-03 10:12:44--  https://academic.oup.com/qjmed/article-lookup/doi/10.1093/qjmed/hcw169
Connecting to academic.oup.com (academic.oup.com)|173.254.190.144|:443... connected.
HTTP request sent, awaiting response... 200 OK
Length: 123698 (121K) [text/html]
Saving to: ‘hcw169’

     0K .......... .......... .......... .......... .......... 41%  209K 0s
    50K .......... .......... .......... .......... .......... 82%  591K 0s
   100K .......... ..........                                 100% 19.0M=0.3s

2017-02-03 10:12:49 (371 KB/s) - ‘hcw169’ saved [123698/123698]

--2017-02-03 10:12:50--  http://doi.org/10.1093/qjmed/hcw163
Connecting to doi.org (doi.org)|95.138.171.129|:80... connected.
HTTP request sent, awaiting response... 303 See Other
Location: https://academic.oup.com/qjmed/article-lookup/doi/10.1093/qjmed/hcw163 [following]
--2017-02-03 10:12:51--  https://academic.oup.com/qjmed/article-lookup/doi/10.1093/qjmed/hcw163
Connecting to academic.oup.com (academic.oup.com)|173.254.190.144|:443... connected.
HTTP request sent, awaiting response... 200 OK
Length: 106140 (104K) [text/html]
Saving to: ‘hcw163’

     0K .......... .......... .......... .......... .......... 48%  208K 0s
    50K .......... .......... .......... .......... .......... 96%  609K 0s
   100K ...                                                   100% 6966G=0.3s

2017-02-03 10:12:56 (321 KB/s) - ‘hcw163’ saved [106140/106140]

--2017-02-03 10:12:57--  http://doi.org/10.1093/qjmed/hcw164
Connecting to doi.org (doi.org)|95.138.171.129|:80... connected.
HTTP request sent, awaiting response... 303 See Other
Location: https://academic.oup.com/qjmed/article-lookup/doi/10.1093/qjmed/hcw164 [following]
--2017-02-03 10:12:59--  https://academic.oup.com/qjmed/article-lookup/doi/10.1093/qjmed/hcw164
Connecting to academic.oup.com (academic.oup.com)|173.254.190.144|:443... connected.
HTTP request sent, awaiting response... 200 OK
Length: 83456 (82K) [text/html]
Saving to: ‘hcw164’

     0K .......... .......... .......... .......... .......... 61%  209K 0s
    50K .......... .......... .......... .                    100% 14.3M=0.2s

2017-02-03 10:13:02 (338 KB/s) - ‘hcw164’ saved [83456/83456]

--2017-02-03 10:13:03--  http://doi.org/10.1093/qjmed/hcw161
Connecting to doi.org (doi.org)|95.138.171.129|:80... connected.
HTTP request sent, awaiting response... 303 See Other
Location: https://academic.oup.com/qjmed/article-lookup/doi/10.1093/qjmed/hcw161 [following]
--2017-02-03 10:13:04--  https://academic.oup.com/qjmed/article-lookup/doi/10.1093/qjmed/hcw161
Connecting to academic.oup.com (academic.oup.com)|173.254.190.144|:443... connected.
HTTP request sent, awaiting response... 200 OK
Length: 84344 (82K) [text/html]
Saving to: ‘hcw161’

     0K .......... .......... .......... .......... .......... 60%  208K 0s
    50K .......... .......... .......... ..                   100% 15.0M=0.2s

2017-02-03 10:13:11 (340 KB/s) - ‘hcw161’ saved [84344/84344]

--2017-02-03 10:13:12--  http://doi.org/10.1093/qjmed/hcw168
Connecting to doi.org (doi.org)|95.138.171.129|:80... connected.
HTTP request sent, awaiting response... 303 See Other
Location: https://academic.oup.com/qjmed/article-lookup/doi/10.1093/qjmed/hcw168 [following]
--2017-02-03 10:13:13--  https://academic.oup.com/qjmed/article-lookup/doi/10.1093/qjmed/hcw168
Connecting to academic.oup.com (academic.oup.com)|173.254.190.144|:443... connected.
HTTP request sent, awaiting response... 200 OK
Length: 67280 (66K) [text/html]
Saving to: ‘hcw168’

     0K .......... .......... .......... .......... .......... 76%  224K 0s
    50K .......... .....                                      100% 14.6M=0.2s

2017-02-03 10:13:18 (293 KB/s) - ‘hcw168’ saved [67280/67280]

--2017-02-03 10:13:19--  http://doi.org/10.1093/qjmed/hcw166
Connecting to doi.org (doi.org)|95.138.171.129|:80... connected.
HTTP request sent, awaiting response... 303 See Other
Location: https://academic.oup.com/qjmed/article-lookup/doi/10.1093/qjmed/hcw166 [following]
--2017-02-03 10:13:20--  https://academic.oup.com/qjmed/article-lookup/doi/10.1093/qjmed/hcw166
Connecting to academic.oup.com (academic.oup.com)|173.254.190.144|:443... connected.
HTTP request sent, awaiting response... 400 Bad Request
2017-02-03 10:13:21 ERROR 400: Bad Request.

FINISHED --2017-02-03 10:13:21--
Total wall clock time: 10m 10s
Downloaded: 88 files, 8.9M in 25s (368 KB/s)
