--2017-02-03 16:28:47--  http://doi.org/10.1093/screen/hjx007
Resolving doi.org (doi.org)... 63.123.152.248, 54.191.229.235, 38.100.138.163, ...
Connecting to doi.org (doi.org)|63.123.152.248|:80... connected.
HTTP request sent, awaiting response... 303 See Other
Location: http://fdslive.oup.com/www.oup.com/pdf/production_in_progress.pdf [following]
--2017-02-03 16:28:48--  http://fdslive.oup.com/www.oup.com/pdf/production_in_progress.pdf
Resolving fdslive.oup.com (fdslive.oup.com)... 193.67.160.201
Connecting to fdslive.oup.com (fdslive.oup.com)|193.67.160.201|:80... connected.
HTTP request sent, awaiting response... 200 OK
Length: 52438 (51K) [application/pdf]
Saving to: ‘hjx007’

     0K .......... .......... .......... .......... .......... 97% 1.16M 0s
    50K .                                                     100% 2306G=0.04s

2017-02-03 16:28:48 (1.19 MB/s) - ‘hjx007’ saved [52438/52438]

--2017-02-03 16:28:49--  http://doi.org/10.1093/screen/hjx004
Connecting to doi.org (doi.org)|63.123.152.248|:80... connected.
HTTP request sent, awaiting response... 303 See Other
Location: http://fdslive.oup.com/www.oup.com/pdf/production_in_progress.pdf [following]
--2017-02-03 16:28:52--  http://fdslive.oup.com/www.oup.com/pdf/production_in_progress.pdf
Connecting to fdslive.oup.com (fdslive.oup.com)|193.67.160.201|:80... connected.
HTTP request sent, awaiting response... 200 OK
Length: 52438 (51K) [application/pdf]
Saving to: ‘hjx004’

     0K .......... .......... .......... .......... .......... 97% 1.29M 0s
    50K .                                                     100% 2306G=0.04s

2017-02-03 16:28:52 (1.33 MB/s) - ‘hjx004’ saved [52438/52438]

--2017-02-03 16:28:53--  http://doi.org/10.1093/screen/hjx006
Connecting to doi.org (doi.org)|63.123.152.248|:80... connected.
HTTP request sent, awaiting response... 303 See Other
Location: http://fdslive.oup.com/www.oup.com/pdf/production_in_progress.pdf [following]
--2017-02-03 16:28:54--  http://fdslive.oup.com/www.oup.com/pdf/production_in_progress.pdf
Connecting to fdslive.oup.com (fdslive.oup.com)|193.67.160.201|:80... connected.
HTTP request sent, awaiting response... 200 OK
Length: 52438 (51K) [application/pdf]
Saving to: ‘hjx006’

     0K .......... .......... .......... .......... .......... 97% 1.29M 0s
    50K .                                                     100% 2306G=0.04s

2017-02-03 16:28:55 (1.33 MB/s) - ‘hjx006’ saved [52438/52438]

--2017-02-03 16:28:56--  http://doi.org/10.1093/screen/hjx009
Connecting to doi.org (doi.org)|63.123.152.248|:80... connected.
HTTP request sent, awaiting response... 303 See Other
Location: http://fdslive.oup.com/www.oup.com/pdf/production_in_progress.pdf [following]
--2017-02-03 16:28:57--  http://fdslive.oup.com/www.oup.com/pdf/production_in_progress.pdf
Connecting to fdslive.oup.com (fdslive.oup.com)|193.67.160.201|:80... connected.
HTTP request sent, awaiting response... 200 OK
Length: 52438 (51K) [application/pdf]
Saving to: ‘hjx009’

     0K .......... .......... .......... .......... .......... 97% 1.18M 0s
    50K .                                                     100% 2306G=0.04s

2017-02-03 16:28:57 (1.20 MB/s) - ‘hjx009’ saved [52438/52438]

--2017-02-03 16:28:58--  http://doi.org/10.1093/screen/hjx003
Connecting to doi.org (doi.org)|63.123.152.248|:80... connected.
HTTP request sent, awaiting response... 303 See Other
Location: http://fdslive.oup.com/www.oup.com/pdf/production_in_progress.pdf [following]
--2017-02-03 16:29:01--  http://fdslive.oup.com/www.oup.com/pdf/production_in_progress.pdf
Connecting to fdslive.oup.com (fdslive.oup.com)|193.67.160.201|:80... connected.
HTTP request sent, awaiting response... 200 OK
Length: 52438 (51K) [application/pdf]
Saving to: ‘hjx003’

     0K .......... .......... .......... .......... .......... 97% 1.17M 0s
    50K .                                                     100% 2306G=0.04s

2017-02-03 16:29:01 (1.20 MB/s) - ‘hjx003’ saved [52438/52438]

--2017-02-03 16:29:02--  http://doi.org/10.1093/screen/hjx010
Connecting to doi.org (doi.org)|63.123.152.248|:80... connected.
HTTP request sent, awaiting response... 303 See Other
Location: http://fdslive.oup.com/www.oup.com/pdf/production_in_progress.pdf [following]
--2017-02-03 16:29:05--  http://fdslive.oup.com/www.oup.com/pdf/production_in_progress.pdf
Connecting to fdslive.oup.com (fdslive.oup.com)|193.67.160.201|:80... connected.
HTTP request sent, awaiting response... 200 OK
Length: 52438 (51K) [application/pdf]
Saving to: ‘hjx010’

     0K .......... .......... .......... .......... .......... 97% 1.17M 0s
    50K .                                                     100% 2306G=0.04s

2017-02-03 16:29:05 (1.20 MB/s) - ‘hjx010’ saved [52438/52438]

--2017-02-03 16:29:06--  http://doi.org/10.1093/screen/hjw042
Connecting to doi.org (doi.org)|63.123.152.248|:80... connected.
HTTP request sent, awaiting response... 303 See Other
Location: http://screen.oxfordjournals.org/lookup/doi/10.1093/screen/hjw042 [following]
--2017-02-03 16:29:13--  http://screen.oxfordjournals.org/lookup/doi/10.1093/screen/hjw042
Resolving screen.oxfordjournals.org (screen.oxfordjournals.org)... 209.135.222.209
Connecting to screen.oxfordjournals.org (screen.oxfordjournals.org)|209.135.222.209|:80... connected.
HTTP request sent, awaiting response... 301 Moved Permanently
Cookie coming from screen.oxfordjournals.org attempted to set domain to academic.oup.com
Location: https://academic.oup.com/screen/article/57/4/397/2751209/Filming-disorganized-attachment [following]
--2017-02-03 16:29:14--  https://academic.oup.com/screen/article/57/4/397/2751209/Filming-disorganized-attachment
Resolving academic.oup.com (academic.oup.com)... 173.254.190.144
Connecting to academic.oup.com (academic.oup.com)|173.254.190.144|:443... connected.
HTTP request sent, awaiting response... 200 OK
Length: 157123 (153K) [text/html]
Saving to: ‘hjw042’

     0K .......... .......... .......... .......... .......... 32%  209K 0s
    50K .......... .......... .......... .......... .......... 65%  592K 0s
   100K .......... .......... .......... .......... .......... 97%  602K 0s
   150K ...                                                   100% 6562G=0.4s

2017-02-03 16:29:29 (377 KB/s) - ‘hjw042’ saved [157123/157123]

--2017-02-03 16:29:30--  http://doi.org/10.1093/screen/hjw053
Connecting to doi.org (doi.org)|63.123.152.248|:80... connected.
HTTP request sent, awaiting response... 303 See Other
Location: http://screen.oxfordjournals.org/lookup/doi/10.1093/screen/hjw053 [following]
--2017-02-03 16:29:33--  http://screen.oxfordjournals.org/lookup/doi/10.1093/screen/hjw053
Connecting to screen.oxfordjournals.org (screen.oxfordjournals.org)|209.135.222.209|:80... connected.
HTTP request sent, awaiting response... 301 Moved Permanently
Cookie coming from screen.oxfordjournals.org attempted to set domain to academic.oup.com
Location: https://academic.oup.com/screen/article/57/4/468/2751220/Explorations-into-Pakistani-cinema-introduction [following]
--2017-02-03 16:29:34--  https://academic.oup.com/screen/article/57/4/468/2751220/Explorations-into-Pakistani-cinema-introduction
Connecting to academic.oup.com (academic.oup.com)|173.254.190.144|:443... connected.
HTTP request sent, awaiting response... 200 OK
Length: 123429 (121K) [text/html]
Saving to: ‘hjw053’

     0K .......... .......... .......... .......... .......... 41%  208K 0s
    50K .......... .......... .......... .......... .......... 82%  601K 0s
   100K .......... ..........                                 100% 18.2M=0.3s

2017-02-03 16:29:42 (371 KB/s) - ‘hjw053’ saved [123429/123429]

--2017-02-03 16:29:43--  http://doi.org/10.1093/screen/hjw048
Connecting to doi.org (doi.org)|63.123.152.248|:80... connected.
HTTP request sent, awaiting response... 303 See Other
Location: http://screen.oxfordjournals.org/lookup/doi/10.1093/screen/hjw048 [following]
--2017-02-03 16:29:45--  http://screen.oxfordjournals.org/lookup/doi/10.1093/screen/hjw048
Connecting to screen.oxfordjournals.org (screen.oxfordjournals.org)|209.135.222.209|:80... connected.
HTTP request sent, awaiting response... 301 Moved Permanently
Cookie coming from screen.oxfordjournals.org attempted to set domain to academic.oup.com
Location: https://academic.oup.com/screen/article/57/4/503/2751215/Stephen-Barber-Performance-Projections-Film-and [following]
--2017-02-03 16:29:46--  https://academic.oup.com/screen/article/57/4/503/2751215/Stephen-Barber-Performance-Projections-Film-and
Connecting to academic.oup.com (academic.oup.com)|173.254.190.144|:443... connected.
HTTP request sent, awaiting response... 200 OK
Length: 92223 (90K) [text/html]
Saving to: ‘hjw048’

     0K .......... .......... .......... .......... .......... 55%  309K 0s
    50K .......... .......... .......... ..........           100%  494K=0.2s

2017-02-03 16:29:57 (371 KB/s) - ‘hjw048’ saved [92223/92223]

--2017-02-03 16:29:58--  http://doi.org/10.1093/screen/hjw044
Connecting to doi.org (doi.org)|63.123.152.248|:80... connected.
HTTP request sent, awaiting response... 303 See Other
Location: http://screen.oxfordjournals.org/lookup/doi/10.1093/screen/hjw044 [following]
--2017-02-03 16:30:00--  http://screen.oxfordjournals.org/lookup/doi/10.1093/screen/hjw044
Connecting to screen.oxfordjournals.org (screen.oxfordjournals.org)|209.135.222.209|:80... connected.
HTTP request sent, awaiting response... 301 Moved Permanently
Cookie coming from screen.oxfordjournals.org attempted to set domain to academic.oup.com
Location: https://academic.oup.com/screen/article/57/4/414/2751211/Interiority-identity-and-the-limits-of-knowledge [following]
--2017-02-03 16:30:02--  https://academic.oup.com/screen/article/57/4/414/2751211/Interiority-identity-and-the-limits-of-knowledge
Connecting to academic.oup.com (academic.oup.com)|173.254.190.144|:443... connected.
HTTP request sent, awaiting response... 400 Bad Request
2017-02-03 16:30:02 ERROR 400: Bad Request.

--2017-02-03 16:30:03--  http://doi.org/10.1093/screen/hjw050
Connecting to doi.org (doi.org)|63.123.152.248|:80... connected.
HTTP request sent, awaiting response... 303 See Other
Location: http://screen.oxfordjournals.org/lookup/doi/10.1093/screen/hjw050 [following]
--2017-02-03 16:30:05--  http://screen.oxfordjournals.org/lookup/doi/10.1093/screen/hjw050
Connecting to screen.oxfordjournals.org (screen.oxfordjournals.org)|209.135.222.209|:80... connected.
HTTP request sent, awaiting response... 301 Moved Permanently
Cookie coming from screen.oxfordjournals.org attempted to set domain to academic.oup.com
Location: https://academic.oup.com/screen/article/57/4/480/2751217/Lineages-of-Pakistan-s-Urdu-cinema-mode-mood-and [following]
--2017-02-03 16:30:06--  https://academic.oup.com/screen/article/57/4/480/2751217/Lineages-of-Pakistan-s-Urdu-cinema-mode-mood-and
Connecting to academic.oup.com (academic.oup.com)|173.254.190.144|:443... connected.
HTTP request sent, awaiting response... 200 OK
Length: 101597 (99K) [text/html]
Saving to: ‘hjw050’

     0K .......... .......... .......... .......... .......... 50%  208K 0s
    50K .......... .......... .......... .......... ......... 100%  602K=0.3s

2017-02-03 16:30:12 (308 KB/s) - ‘hjw050’ saved [101597/101597]

--2017-02-03 16:30:13--  http://doi.org/10.1093/screen/hjw052
Connecting to doi.org (doi.org)|63.123.152.248|:80... connected.
HTTP request sent, awaiting response... 303 See Other
Location: http://screen.oxfordjournals.org/lookup/doi/10.1093/screen/hjw052 [following]
--2017-02-03 16:30:16--  http://screen.oxfordjournals.org/lookup/doi/10.1093/screen/hjw052
Connecting to screen.oxfordjournals.org (screen.oxfordjournals.org)|209.135.222.209|:80... connected.
HTTP request sent, awaiting response... 301 Moved Permanently
Cookie coming from screen.oxfordjournals.org attempted to set domain to academic.oup.com
Location: https://academic.oup.com/screen/article/57/4/488/2751219/Mirrors-of-movement-Aina-Afzal-Chowdhury-s [following]
--2017-02-03 16:30:17--  https://academic.oup.com/screen/article/57/4/488/2751219/Mirrors-of-movement-Aina-Afzal-Chowdhury-s
Connecting to academic.oup.com (academic.oup.com)|173.254.190.144|:443... connected.
HTTP request sent, awaiting response... 200 OK
Length: 98083 (96K) [text/html]
Saving to: ‘hjw052’

     0K .......... .......... .......... .......... .......... 52%  208K 0s
    50K .......... .......... .......... .......... .....     100%  546K=0.3s

2017-02-03 16:30:27 (295 KB/s) - ‘hjw052’ saved [98083/98083]

--2017-02-03 16:30:28--  http://doi.org/10.1093/screen/hjw056
Connecting to doi.org (doi.org)|63.123.152.248|:80... connected.
HTTP request sent, awaiting response... 303 See Other
Location: http://screen.oxfordjournals.org/lookup/doi/10.1093/screen/hjw056 [following]
--2017-02-03 16:30:29--  http://screen.oxfordjournals.org/lookup/doi/10.1093/screen/hjw056
Connecting to screen.oxfordjournals.org (screen.oxfordjournals.org)|209.135.222.209|:80... connected.
HTTP request sent, awaiting response... 301 Moved Permanently
Cookie coming from screen.oxfordjournals.org attempted to set domain to academic.oup.com
Location: https://academic.oup.com/screen/article/57/4/517/2751222/Notes-to-Contributors [following]
--2017-02-03 16:30:31--  https://academic.oup.com/screen/article/57/4/517/2751222/Notes-to-Contributors
Connecting to academic.oup.com (academic.oup.com)|173.254.190.144|:443... connected.
HTTP request sent, awaiting response... 200 OK
Length: 69285 (68K) [text/html]
Saving to: ‘hjw056’

     0K .......... .......... .......... .......... .......... 73%  209K 0s
    50K .......... .......                                    100% 3.16M=0.2s

2017-02-03 16:30:47 (276 KB/s) - ‘hjw056’ saved [69285/69285]

--2017-02-03 16:30:48--  http://doi.org/10.1093/screen/hjw043
Connecting to doi.org (doi.org)|63.123.152.248|:80... connected.
HTTP request sent, awaiting response... 303 See Other
Location: http://screen.oxfordjournals.org/lookup/doi/10.1093/screen/hjw043 [following]
--2017-02-03 16:30:50--  http://screen.oxfordjournals.org/lookup/doi/10.1093/screen/hjw043
Connecting to screen.oxfordjournals.org (screen.oxfordjournals.org)|209.135.222.209|:80... connected.
HTTP request sent, awaiting response... 301 Moved Permanently
Cookie coming from screen.oxfordjournals.org attempted to set domain to academic.oup.com
Location: https://academic.oup.com/screen/article/57/4/431/2751210/Literary-images-towards-a-phenomenology-of [following]
--2017-02-03 16:30:51--  https://academic.oup.com/screen/article/57/4/431/2751210/Literary-images-towards-a-phenomenology-of
Connecting to academic.oup.com (academic.oup.com)|173.254.190.144|:443... connected.
HTTP request sent, awaiting response... 200 OK
Length: 138587 (135K) [text/html]
Saving to: ‘hjw043’

     0K .......... .......... .......... .......... .......... 36%  208K 0s
    50K .......... .......... .......... .......... .......... 73%  606K 0s
   100K .......... .......... .......... .....                100%  440K=0.4s

2017-02-03 16:31:04 (336 KB/s) - ‘hjw043’ saved [138587/138587]

--2017-02-03 16:31:05--  http://doi.org/10.1093/screen/hjw047
Connecting to doi.org (doi.org)|63.123.152.248|:80... connected.
HTTP request sent, awaiting response... 303 See Other
Location: http://screen.oxfordjournals.org/lookup/doi/10.1093/screen/hjw047 [following]
--2017-02-03 16:31:07--  http://screen.oxfordjournals.org/lookup/doi/10.1093/screen/hjw047
Connecting to screen.oxfordjournals.org (screen.oxfordjournals.org)|209.135.222.209|:80... connected.
HTTP request sent, awaiting response... 301 Moved Permanently
Cookie coming from screen.oxfordjournals.org attempted to set domain to academic.oup.com
Location: https://academic.oup.com/screen/article/57/4/512/2751214/Guy-Westwell-Parallel-Lines-Post-9-11-American [following]
--2017-02-03 16:31:08--  https://academic.oup.com/screen/article/57/4/512/2751214/Guy-Westwell-Parallel-Lines-Post-9-11-American
Connecting to academic.oup.com (academic.oup.com)|173.254.190.144|:443... connected.
HTTP request sent, awaiting response... 200 OK
Length: 91266 (89K) [text/html]
Saving to: ‘hjw047’

     0K .......... .......... .......... .......... .......... 56%  209K 0s
    50K .......... .......... .......... .........            100% 10.0M=0.2s

2017-02-03 16:31:20 (367 KB/s) - ‘hjw047’ saved [91266/91266]

--2017-02-03 16:31:21--  http://doi.org/10.1093/screen/hjw045
Connecting to doi.org (doi.org)|63.123.152.248|:80... connected.
HTTP request sent, awaiting response... 303 See Other
Location: http://screen.oxfordjournals.org/lookup/doi/10.1093/screen/hjw045 [following]
--2017-02-03 16:31:22--  http://screen.oxfordjournals.org/lookup/doi/10.1093/screen/hjw045
Connecting to screen.oxfordjournals.org (screen.oxfordjournals.org)|209.135.222.209|:80... connected.
HTTP request sent, awaiting response... 301 Moved Permanently
Cookie coming from screen.oxfordjournals.org attempted to set domain to academic.oup.com
Location: https://academic.oup.com/screen/article/57/4/446/2751212/Crazy-Clown-Time-and-David-Lynch-s-parties [following]
--2017-02-03 16:31:23--  https://academic.oup.com/screen/article/57/4/446/2751212/Crazy-Clown-Time-and-David-Lynch-s-parties
Connecting to academic.oup.com (academic.oup.com)|173.254.190.144|:443... connected.
HTTP request sent, awaiting response... Read error (Connection reset by peer) in headers.
Retrying.

--2017-02-03 16:31:39--  (try: 2)  https://academic.oup.com/screen/article/57/4/446/2751212/Crazy-Clown-Time-and-David-Lynch-s-parties
Connecting to academic.oup.com (academic.oup.com)|173.254.190.144|:443... connected.
HTTP request sent, awaiting response... 200 OK
Length: 171351 (167K) [text/html]
Saving to: ‘hjw045’

     0K .......... .......... .......... .......... .......... 29%  208K 1s
    50K .......... .......... .......... .......... .......... 59%  599K 0s
   100K .......... .......... .......... .......... .......... 89%  595K 0s
   150K .......... .......                                    100%  433K=0.4s

2017-02-03 16:31:56 (374 KB/s) - ‘hjw045’ saved [171351/171351]

--2017-02-03 16:31:57--  http://doi.org/10.1093/screen/hjw046
Connecting to doi.org (doi.org)|63.123.152.248|:80... connected.
HTTP request sent, awaiting response... 303 See Other
Location: http://screen.oxfordjournals.org/lookup/doi/10.1093/screen/hjw046 [following]
--2017-02-03 16:31:59--  http://screen.oxfordjournals.org/lookup/doi/10.1093/screen/hjw046
Connecting to screen.oxfordjournals.org (screen.oxfordjournals.org)|209.135.222.209|:80... connected.
HTTP request sent, awaiting response... 301 Moved Permanently
Cookie coming from screen.oxfordjournals.org attempted to set domain to academic.oup.com
Location: https://academic.oup.com/screen/article/57/4/506/2751213/Andre-Gaudreault-and-Phillipe-Marion-The-End-of [following]
--2017-02-03 16:32:00--  https://academic.oup.com/screen/article/57/4/506/2751213/Andre-Gaudreault-and-Phillipe-Marion-The-End-of
Connecting to academic.oup.com (academic.oup.com)|173.254.190.144|:443... connected.
HTTP request sent, awaiting response... 200 OK
Length: 95868 (94K) [text/html]
Saving to: ‘hjw046’

     0K .......... .......... .......... .......... .......... 53%  209K 0s
    50K .......... .......... .......... .......... ...       100%  546K=0.3s

2017-02-03 16:32:12 (293 KB/s) - ‘hjw046’ saved [95868/95868]

--2017-02-03 16:32:13--  http://doi.org/10.1093/screen/hjw049
Connecting to doi.org (doi.org)|63.123.152.248|:80... connected.
HTTP request sent, awaiting response... 303 See Other
Location: http://screen.oxfordjournals.org/lookup/doi/10.1093/screen/hjw049 [following]
--2017-02-03 16:32:27--  http://screen.oxfordjournals.org/lookup/doi/10.1093/screen/hjw049
Connecting to screen.oxfordjournals.org (screen.oxfordjournals.org)|209.135.222.209|:80... connected.
HTTP request sent, awaiting response... 301 Moved Permanently
Cookie coming from screen.oxfordjournals.org attempted to set domain to academic.oup.com
Location: https://academic.oup.com/screen/article/57/4/509/2751216/Andre-Bazin-Andre-Bazin-s-New-Media [following]
--2017-02-03 16:32:28--  https://academic.oup.com/screen/article/57/4/509/2751216/Andre-Bazin-Andre-Bazin-s-New-Media
Connecting to academic.oup.com (academic.oup.com)|173.254.190.144|:443... connected.
HTTP request sent, awaiting response... 200 OK
Length: 78680 (77K) [text/html]
Saving to: ‘hjw049’

     0K .......... .......... .......... .......... .......... 65%  209K 0s
    50K .......... .......... ......                          100% 13.9M=0.2s

2017-02-03 16:32:37 (318 KB/s) - ‘hjw049’ saved [78680/78680]

--2017-02-03 16:32:38--  http://doi.org/10.1093/screen/hjw054
Connecting to doi.org (doi.org)|63.123.152.248|:80... connected.
HTTP request sent, awaiting response... 303 See Other
Location: http://screen.oxfordjournals.org/lookup/doi/10.1093/screen/hjw054 [following]
--2017-02-03 16:32:40--  http://screen.oxfordjournals.org/lookup/doi/10.1093/screen/hjw054
Connecting to screen.oxfordjournals.org (screen.oxfordjournals.org)|209.135.222.209|:80... connected.
HTTP request sent, awaiting response... 301 Moved Permanently
Cookie coming from screen.oxfordjournals.org attempted to set domain to academic.oup.com
Location: https://academic.oup.com/screen/article/57/4/515/2751221/Contributors [following]
--2017-02-03 16:32:42--  https://academic.oup.com/screen/article/57/4/515/2751221/Contributors
Connecting to academic.oup.com (academic.oup.com)|173.254.190.144|:443... connected.
HTTP request sent, awaiting response... 200 OK
Length: 69519 (68K) [text/html]
Saving to: ‘hjw054’

     0K .......... .......... .......... .......... .......... 73%  209K 0s
    50K .......... .......                                    100% 16.0M=0.2s

2017-02-03 16:32:50 (282 KB/s) - ‘hjw054’ saved [69519/69519]

--2017-02-03 16:32:51--  http://doi.org/10.1093/screen/hjw051
Connecting to doi.org (doi.org)|63.123.152.248|:80... connected.
HTTP request sent, awaiting response... 303 See Other
Location: http://screen.oxfordjournals.org/lookup/doi/10.1093/screen/hjw051 [following]
--2017-02-03 16:32:55--  http://screen.oxfordjournals.org/lookup/doi/10.1093/screen/hjw051
Connecting to screen.oxfordjournals.org (screen.oxfordjournals.org)|209.135.222.209|:80... connected.
HTTP request sent, awaiting response... 301 Moved Permanently
Cookie coming from screen.oxfordjournals.org attempted to set domain to academic.oup.com
Location: https://academic.oup.com/screen/article/57/4/496/2751218/A-camera-from-the-time-of-the-British-film [following]
--2017-02-03 16:32:56--  https://academic.oup.com/screen/article/57/4/496/2751218/A-camera-from-the-time-of-the-British-film
Connecting to academic.oup.com (academic.oup.com)|173.254.190.144|:443... connected.
HTTP request sent, awaiting response... 400 Bad Request
2017-02-03 16:32:57 ERROR 400: Bad Request.

--2017-02-03 16:32:58--  http://doi.org/10.1093/screen/hjw026
Connecting to doi.org (doi.org)|63.123.152.248|:80... connected.
HTTP request sent, awaiting response... 303 See Other
Location: https://academic.oup.com/screen/article-lookup/doi/10.1093/screen/hjw026 [following]
--2017-02-03 16:33:01--  https://academic.oup.com/screen/article-lookup/doi/10.1093/screen/hjw026
Connecting to academic.oup.com (academic.oup.com)|173.254.190.144|:443... connected.
HTTP request sent, awaiting response... 400 Bad Request
2017-02-03 16:33:02 ERROR 400: Bad Request.

--2017-02-03 16:33:03--  http://doi.org/10.1093/screen/hjw030
Connecting to doi.org (doi.org)|63.123.152.248|:80... connected.
HTTP request sent, awaiting response... 303 See Other
Location: https://academic.oup.com/screen/article-lookup/doi/10.1093/screen/hjw030 [following]
--2017-02-03 16:33:07--  https://academic.oup.com/screen/article-lookup/doi/10.1093/screen/hjw030
Connecting to academic.oup.com (academic.oup.com)|173.254.190.144|:443... connected.
HTTP request sent, awaiting response... 200 OK
Length: 198247 (194K) [text/html]
Saving to: ‘hjw030’

     0K .......... .......... .......... .......... .......... 25%  209K 1s
    50K .......... .......... .......... .......... .......... 51%  612K 0s
   100K .......... .......... .......... .......... .......... 77%  601K 0s
   150K .......... .......... .......... .......... ...       100%  536K=0.5s

2017-02-03 16:33:13 (399 KB/s) - ‘hjw030’ saved [198247/198247]

--2017-02-03 16:33:14--  http://doi.org/10.1093/screen/hjw032
Connecting to doi.org (doi.org)|63.123.152.248|:80... connected.
HTTP request sent, awaiting response... 303 See Other
Location: https://academic.oup.com/screen/article-lookup/doi/10.1093/screen/hjw032 [following]
--2017-02-03 16:33:16--  https://academic.oup.com/screen/article-lookup/doi/10.1093/screen/hjw032
Connecting to academic.oup.com (academic.oup.com)|173.254.190.144|:443... connected.
HTTP request sent, awaiting response... 200 OK
Length: 115222 (113K) [text/html]
Saving to: ‘hjw032’

     0K .......... .......... .......... .......... .......... 44%  209K 0s
    50K .......... .......... .......... .......... .......... 88%  605K 0s
   100K .......... ..                                         100% 23.9M=0.3s

2017-02-03 16:33:20 (348 KB/s) - ‘hjw032’ saved [115222/115222]

--2017-02-03 16:33:21--  http://doi.org/10.1093/screen/hjw031
Connecting to doi.org (doi.org)|63.123.152.248|:80... connected.
HTTP request sent, awaiting response... 303 See Other
Location: https://academic.oup.com/screen/article-lookup/doi/10.1093/screen/hjw031 [following]
--2017-02-03 16:33:23--  https://academic.oup.com/screen/article-lookup/doi/10.1093/screen/hjw031
Connecting to academic.oup.com (academic.oup.com)|173.254.190.144|:443... connected.
HTTP request sent, awaiting response... 200 OK
Length: 136245 (133K) [text/html]
Saving to: ‘hjw031’

     0K .......... .......... .......... .......... .......... 37%  208K 0s
    50K .......... .......... .......... .......... .......... 75%  591K 0s
   100K .......... .......... .......... ...                  100%  418K=0.4s

2017-02-03 16:33:27 (329 KB/s) - ‘hjw031’ saved [136245/136245]

--2017-02-03 16:33:28--  http://doi.org/10.1093/screen/hjw039
Connecting to doi.org (doi.org)|63.123.152.248|:80... connected.
HTTP request sent, awaiting response... 303 See Other
Location: https://academic.oup.com/screen/article-lookup/doi/10.1093/screen/hjw039 [following]
--2017-02-03 16:33:30--  https://academic.oup.com/screen/article-lookup/doi/10.1093/screen/hjw039
Connecting to academic.oup.com (academic.oup.com)|173.254.190.144|:443... connected.
HTTP request sent, awaiting response... 200 OK
Length: 120279 (117K) [text/html]
Saving to: ‘hjw039’

     0K .......... .......... .......... .......... .......... 42%  209K 0s
    50K .......... .......... .......... .......... .......... 85%  604K 0s
   100K .......... .......                                    100% 18.4M=0.3s

2017-02-03 16:33:36 (363 KB/s) - ‘hjw039’ saved [120279/120279]

--2017-02-03 16:33:37--  http://doi.org/10.1093/screen/hjw035
Connecting to doi.org (doi.org)|63.123.152.248|:80... connected.
HTTP request sent, awaiting response... 303 See Other
Location: https://academic.oup.com/screen/article-lookup/doi/10.1093/screen/hjw035 [following]
--2017-02-03 16:33:39--  https://academic.oup.com/screen/article-lookup/doi/10.1093/screen/hjw035
Connecting to academic.oup.com (academic.oup.com)|173.254.190.144|:443... connected.
HTTP request sent, awaiting response... 400 Bad Request
2017-02-03 16:33:39 ERROR 400: Bad Request.

--2017-02-03 16:33:40--  http://doi.org/10.1093/screen/hjw037
Connecting to doi.org (doi.org)|63.123.152.248|:80... connected.
HTTP request sent, awaiting response... 303 See Other
Location: https://academic.oup.com/screen/article-lookup/doi/10.1093/screen/hjw037 [following]
--2017-02-03 16:33:42--  https://academic.oup.com/screen/article-lookup/doi/10.1093/screen/hjw037
Connecting to academic.oup.com (academic.oup.com)|173.254.190.144|:443... connected.
HTTP request sent, awaiting response... 200 OK
Length: 69258 (68K) [text/html]
Saving to: ‘hjw037’

     0K .......... .......... .......... .......... .......... 73%  209K 0s
    50K .......... .......                                    100% 19.5M=0.2s

2017-02-03 16:33:46 (281 KB/s) - ‘hjw037’ saved [69258/69258]

--2017-02-03 16:33:47--  http://doi.org/10.1093/screen/hjw040
Connecting to doi.org (doi.org)|63.123.152.248|:80... connected.
HTTP request sent, awaiting response... 303 See Other
Location: https://academic.oup.com/screen/article-lookup/doi/10.1093/screen/hjw040 [following]
--2017-02-03 16:33:48--  https://academic.oup.com/screen/article-lookup/doi/10.1093/screen/hjw040
Connecting to academic.oup.com (academic.oup.com)|173.254.190.144|:443... connected.
HTTP request sent, awaiting response... 200 OK
Length: 127755 (125K) [text/html]
Saving to: ‘hjw040’

     0K .......... .......... .......... .......... .......... 40%  208K 0s
    50K .......... .......... .......... .......... .......... 80%  613K 0s
   100K .......... .......... ....                            100% 8.81M=0.3s

2017-02-03 16:33:54 (385 KB/s) - ‘hjw040’ saved [127755/127755]

--2017-02-03 16:33:55--  http://doi.org/10.1093/screen/hjw029
Connecting to doi.org (doi.org)|63.123.152.248|:80... connected.
HTTP request sent, awaiting response... 303 See Other
Location: https://academic.oup.com/screen/article-lookup/doi/10.1093/screen/hjw029 [following]
--2017-02-03 16:33:57--  https://academic.oup.com/screen/article-lookup/doi/10.1093/screen/hjw029
Connecting to academic.oup.com (academic.oup.com)|173.254.190.144|:443... connected.
HTTP request sent, awaiting response... 200 OK
Length: 186704 (182K) [text/html]
Saving to: ‘hjw029’

     0K .......... .......... .......... .......... .......... 27%  209K 1s
    50K .......... .......... .......... .......... .......... 54%  612K 0s
   100K .......... .......... .......... .......... .......... 82%  604K 0s
   150K .......... .......... .......... ..                   100%  406K=0.5s

2017-02-03 16:34:02 (377 KB/s) - ‘hjw029’ saved [186704/186704]

--2017-02-03 16:34:03--  http://doi.org/10.1093/screen/hjw036
Connecting to doi.org (doi.org)|63.123.152.248|:80... connected.
HTTP request sent, awaiting response... 303 See Other
Location: https://academic.oup.com/screen/article-lookup/doi/10.1093/screen/hjw036 [following]
--2017-02-03 16:34:06--  https://academic.oup.com/screen/article-lookup/doi/10.1093/screen/hjw036
Connecting to academic.oup.com (academic.oup.com)|173.254.190.144|:443... connected.
HTTP request sent, awaiting response... 200 OK
Length: 92474 (90K) [text/html]
Saving to: ‘hjw036’

     0K .......... .......... .......... .......... .......... 55%  209K 0s
    50K .......... .......... .......... ..........           100%  981K=0.3s

2017-02-03 16:34:13 (323 KB/s) - ‘hjw036’ saved [92474/92474]

--2017-02-03 16:34:14--  http://doi.org/10.1093/screen/hjw028
Connecting to doi.org (doi.org)|63.123.152.248|:80... connected.
HTTP request sent, awaiting response... 303 See Other
Location: https://academic.oup.com/screen/article-lookup/doi/10.1093/screen/hjw028 [following]
--2017-02-03 16:34:15--  https://academic.oup.com/screen/article-lookup/doi/10.1093/screen/hjw028
Connecting to academic.oup.com (academic.oup.com)|173.254.190.144|:443... connected.
HTTP request sent, awaiting response... 400 Bad Request
2017-02-03 16:34:16 ERROR 400: Bad Request.

--2017-02-03 16:34:17--  http://doi.org/10.1093/screen/hjw033
Connecting to doi.org (doi.org)|63.123.152.248|:80... connected.
HTTP request sent, awaiting response... 303 See Other
Location: https://academic.oup.com/screen/article-lookup/doi/10.1093/screen/hjw033 [following]
--2017-02-03 16:34:18--  https://academic.oup.com/screen/article-lookup/doi/10.1093/screen/hjw033
Connecting to academic.oup.com (academic.oup.com)|173.254.190.144|:443... connected.
HTTP request sent, awaiting response... 200 OK
Length: 83505 (82K) [text/html]
Saving to: ‘hjw033’

     0K .......... .......... .......... .......... .......... 61%  209K 0s
    50K .......... .......... .......... .                    100% 13.8M=0.2s

2017-02-03 16:34:23 (337 KB/s) - ‘hjw033’ saved [83505/83505]

--2017-02-03 16:34:24--  http://doi.org/10.1093/screen/hjw041
Connecting to doi.org (doi.org)|63.123.152.248|:80... connected.
HTTP request sent, awaiting response... 303 See Other
Location: https://academic.oup.com/screen/article-lookup/doi/10.1093/screen/hjw041 [following]
--2017-02-03 16:34:25--  https://academic.oup.com/screen/article-lookup/doi/10.1093/screen/hjw041
Connecting to academic.oup.com (academic.oup.com)|173.254.190.144|:443... connected.
HTTP request sent, awaiting response... 400 Bad Request
2017-02-03 16:34:27 ERROR 400: Bad Request.

--2017-02-03 16:34:28--  http://doi.org/10.1093/screen/hjw038
Connecting to doi.org (doi.org)|63.123.152.248|:80... connected.
HTTP request sent, awaiting response... 303 See Other
Location: https://academic.oup.com/screen/article-lookup/doi/10.1093/screen/hjw038 [following]
--2017-02-03 16:34:31--  https://academic.oup.com/screen/article-lookup/doi/10.1093/screen/hjw038
Connecting to academic.oup.com (academic.oup.com)|173.254.190.144|:443... connected.
HTTP request sent, awaiting response... 200 OK
Length: 106369 (104K) [text/html]
Saving to: ‘hjw038’

     0K .......... .......... .......... .......... .......... 48%  308K 0s
    50K .......... .......... .......... .......... .......... 96%  312K 0s
   100K ...                                                   100% 7393G=0.3s

2017-02-03 16:34:37 (322 KB/s) - ‘hjw038’ saved [106369/106369]

--2017-02-03 16:34:38--  http://doi.org/10.1093/screen/hjw034
Connecting to doi.org (doi.org)|63.123.152.248|:80... connected.
HTTP request sent, awaiting response... 303 See Other
Location: https://academic.oup.com/screen/article-lookup/doi/10.1093/screen/hjw034 [following]
--2017-02-03 16:34:39--  https://academic.oup.com/screen/article-lookup/doi/10.1093/screen/hjw034
Connecting to academic.oup.com (academic.oup.com)|173.254.190.144|:443... connected.
HTTP request sent, awaiting response... 200 OK
Length: 76751 (75K) [text/html]
Saving to: ‘hjw034’

     0K .......... .......... .......... .......... .......... 66%  209K 0s
    50K .......... .......... ....                            100% 10.7M=0.2s

2017-02-03 16:34:44 (310 KB/s) - ‘hjw034’ saved [76751/76751]

--2017-02-03 16:34:45--  http://doi.org/10.1093/screen/hjw025
Connecting to doi.org (doi.org)|63.123.152.248|:80... connected.
HTTP request sent, awaiting response... 303 See Other
Location: https://academic.oup.com/screen/article-lookup/doi/10.1093/screen/hjw025 [following]
--2017-02-03 16:34:48--  https://academic.oup.com/screen/article-lookup/doi/10.1093/screen/hjw025
Connecting to academic.oup.com (academic.oup.com)|173.254.190.144|:443... connected.
HTTP request sent, awaiting response... 200 OK
Length: 67787 (66K) [text/html]
Saving to: ‘hjw025’

     0K .......... .......... .......... .......... .......... 75%  209K 0s
    50K .......... ......                                     100% 17.9M=0.2s

2017-02-03 16:34:55 (275 KB/s) - ‘hjw025’ saved [67787/67787]

--2017-02-03 16:34:56--  http://doi.org/10.1093/screen/hjw018
Connecting to doi.org (doi.org)|63.123.152.248|:80... connected.
HTTP request sent, awaiting response... 303 See Other
Location: https://academic.oup.com/screen/article-lookup/doi/10.1093/screen/hjw018 [following]
--2017-02-03 16:34:58--  https://academic.oup.com/screen/article-lookup/doi/10.1093/screen/hjw018
Connecting to academic.oup.com (academic.oup.com)|173.254.190.144|:443... connected.
HTTP request sent, awaiting response... 200 OK
Length: 167528 (164K) [text/html]
Saving to: ‘hjw018’

     0K .......... .......... .......... .......... .......... 30%  209K 1s
    50K .......... .......... .......... .......... .......... 61%  611K 0s
   100K .......... .......... .......... .......... .......... 91%  605K 0s
   150K .......... ...                                        100% 10.8M=0.4s

2017-02-03 16:35:07 (404 KB/s) - ‘hjw018’ saved [167528/167528]

--2017-02-03 16:35:08--  http://doi.org/10.1093/screen/hjw024
Connecting to doi.org (doi.org)|63.123.152.248|:80... connected.
HTTP request sent, awaiting response... 303 See Other
Location: https://academic.oup.com/screen/article-lookup/doi/10.1093/screen/hjw024 [following]
--2017-02-03 16:35:09--  https://academic.oup.com/screen/article-lookup/doi/10.1093/screen/hjw024
Connecting to academic.oup.com (academic.oup.com)|173.254.190.144|:443... connected.
HTTP request sent, awaiting response... 200 OK
Length: 127482 (124K) [text/html]
Saving to: ‘hjw024’

     0K .......... .......... .......... .......... .......... 40%  208K 0s
    50K .......... .......... .......... .......... .......... 80%  602K 0s
   100K .......... .......... ....                            100% 15.2M=0.3s

2017-02-03 16:35:14 (383 KB/s) - ‘hjw024’ saved [127482/127482]

--2017-02-03 16:35:15--  http://doi.org/10.1093/screen/hjw023
Connecting to doi.org (doi.org)|63.123.152.248|:80... connected.
HTTP request sent, awaiting response... 303 See Other
Location: https://academic.oup.com/screen/article-lookup/doi/10.1093/screen/hjw023 [following]
--2017-02-03 16:35:19--  https://academic.oup.com/screen/article-lookup/doi/10.1093/screen/hjw023
Connecting to academic.oup.com (academic.oup.com)|173.254.190.144|:443... connected.
HTTP request sent, awaiting response... 200 OK
Length: 81469 (80K) [text/html]
Saving to: ‘hjw023’

     0K .......... .......... .......... .......... .......... 62%  306K 0s
    50K .......... .......... .........                       100%  361K=0.2s

2017-02-03 16:35:25 (325 KB/s) - ‘hjw023’ saved [81469/81469]

--2017-02-03 16:35:26--  http://doi.org/10.1093/screen/hjw021
Connecting to doi.org (doi.org)|63.123.152.248|:80... connected.
HTTP request sent, awaiting response... 303 See Other
Location: https://academic.oup.com/screen/article-lookup/doi/10.1093/screen/hjw021 [following]
--2017-02-03 16:35:27--  https://academic.oup.com/screen/article-lookup/doi/10.1093/screen/hjw021
Connecting to academic.oup.com (academic.oup.com)|173.254.190.144|:443... connected.
HTTP request sent, awaiting response... 200 OK
Length: 203874 (199K) [text/html]
Saving to: ‘hjw021’

     0K .......... .......... .......... .......... .......... 25%  209K 1s
    50K .......... .......... .......... .......... .......... 50%  603K 0s
   100K .......... .......... .......... .......... .......... 75%  613K 0s
   150K .......... .......... .......... .......... ......... 100%  588K=0.5s

2017-02-03 16:35:40 (408 KB/s) - ‘hjw021’ saved [203874/203874]

--2017-02-03 16:35:41--  http://doi.org/10.1093/screen/hjw017
Connecting to doi.org (doi.org)|63.123.152.248|:80... connected.
HTTP request sent, awaiting response... 303 See Other
Location: https://academic.oup.com/screen/article-lookup/doi/10.1093/screen/hjw017 [following]
--2017-02-03 16:35:44--  https://academic.oup.com/screen/article-lookup/doi/10.1093/screen/hjw017
Connecting to academic.oup.com (academic.oup.com)|173.254.190.144|:443... connected.
HTTP request sent, awaiting response... 200 OK
Length: 159132 (155K) [text/html]
Saving to: ‘hjw017’

     0K .......... .......... .......... .......... .......... 32%  209K 1s
    50K .......... .......... .......... .......... .......... 64%  611K 0s
   100K .......... .......... .......... .......... .......... 96%  603K 0s
   150K .....                                                 100% 24.4M=0.4s

2017-02-03 16:35:51 (385 KB/s) - ‘hjw017’ saved [159132/159132]

--2017-02-03 16:35:52--  http://doi.org/10.1093/screen/hjw020
Connecting to doi.org (doi.org)|63.123.152.248|:80... connected.
HTTP request sent, awaiting response... 303 See Other
Location: https://academic.oup.com/screen/article-lookup/doi/10.1093/screen/hjw020 [following]
--2017-02-03 16:35:54--  https://academic.oup.com/screen/article-lookup/doi/10.1093/screen/hjw020
Connecting to academic.oup.com (academic.oup.com)|173.254.190.144|:443... connected.
HTTP request sent, awaiting response... 200 OK
Length: 154774 (151K) [text/html]
Saving to: ‘hjw020’

     0K .......... .......... .......... .......... .......... 33%  309K 0s
    50K .......... .......... .......... .......... .......... 66%  313K 0s
   100K .......... .......... .......... .......... .......... 99%  600K 0s
   150K .                                                     100% 2187G=0.4s

2017-02-03 16:36:07 (373 KB/s) - ‘hjw020’ saved [154774/154774]

--2017-02-03 16:36:08--  http://doi.org/10.1093/screen/hjw019
Connecting to doi.org (doi.org)|63.123.152.248|:80... connected.
HTTP request sent, awaiting response... 303 See Other
Location: https://academic.oup.com/screen/article-lookup/doi/10.1093/screen/hjw019 [following]
--2017-02-03 16:36:10--  https://academic.oup.com/screen/article-lookup/doi/10.1093/screen/hjw019
Connecting to academic.oup.com (academic.oup.com)|173.254.190.144|:443... connected.
HTTP request sent, awaiting response... 200 OK
Length: 138178 (135K) [text/html]
Saving to: ‘hjw019’

     0K .......... .......... .......... .......... .......... 37%  208K 0s
    50K .......... .......... .......... .......... .......... 74%  606K 0s
   100K .......... .......... .......... ....                 100%  436K=0.4s

2017-02-03 16:36:21 (335 KB/s) - ‘hjw019’ saved [138178/138178]

--2017-02-03 16:36:22--  http://doi.org/10.1093/screen/hjw022
Connecting to doi.org (doi.org)|63.123.152.248|:80... connected.
HTTP request sent, awaiting response... 303 See Other
Location: https://academic.oup.com/screen/article-lookup/doi/10.1093/screen/hjw022 [following]
--2017-02-03 16:36:23--  https://academic.oup.com/screen/article-lookup/doi/10.1093/screen/hjw022
Connecting to academic.oup.com (academic.oup.com)|173.254.190.144|:443... connected.
HTTP request sent, awaiting response... 200 OK
Length: 170742 (167K) [text/html]
Saving to: ‘hjw022’

     0K .......... .......... .......... .......... .......... 29%  236K 0s
    50K .......... .......... .......... .......... .......... 59%  314K 0s
   100K .......... .......... .......... .......... .......... 89%  602K 0s
   150K .......... ......                                     100% 12.2M=0.5s

2017-02-03 16:36:32 (366 KB/s) - ‘hjw022’ saved [170742/170742]

--2017-02-03 16:36:33--  http://doi.org/10.1093/screen/hjw027
Connecting to doi.org (doi.org)|63.123.152.248|:80... connected.
HTTP request sent, awaiting response... 303 See Other
Location: https://academic.oup.com/screen/article-lookup/doi/10.1093/screen/hjw027 [following]
--2017-02-03 16:36:34--  https://academic.oup.com/screen/article-lookup/doi/10.1093/screen/hjw027
Connecting to academic.oup.com (academic.oup.com)|173.254.190.144|:443... connected.
HTTP request sent, awaiting response... 400 Bad Request
2017-02-03 16:36:36 ERROR 400: Bad Request.

--2017-02-03 16:36:37--  http://doi.org/10.1093/screen/hjw009
Connecting to doi.org (doi.org)|63.123.152.248|:80... connected.
HTTP request sent, awaiting response... 303 See Other
Location: https://academic.oup.com/screen/article-lookup/doi/10.1093/screen/hjw009 [following]
--2017-02-03 16:36:38--  https://academic.oup.com/screen/article-lookup/doi/10.1093/screen/hjw009
Connecting to academic.oup.com (academic.oup.com)|173.254.190.144|:443... connected.
HTTP request sent, awaiting response... 200 OK
Length: 90188 (88K) [text/html]
Saving to: ‘hjw009’

     0K .......... .......... .......... .......... .......... 56%  305K 0s
    50K .......... .......... .......... ........             100%  463K=0.2s

2017-02-03 16:36:51 (358 KB/s) - ‘hjw009’ saved [90188/90188]

--2017-02-03 16:36:52--  http://doi.org/10.1093/screen/hjw005
Connecting to doi.org (doi.org)|63.123.152.248|:80... connected.
HTTP request sent, awaiting response... 303 See Other
Location: https://academic.oup.com/screen/article-lookup/doi/10.1093/screen/hjw005 [following]
--2017-02-03 16:36:54--  https://academic.oup.com/screen/article-lookup/doi/10.1093/screen/hjw005
Connecting to academic.oup.com (academic.oup.com)|173.254.190.144|:443... connected.
HTTP request sent, awaiting response... 200 OK
Length: 79025 (77K) [text/html]
Saving to: ‘hjw005’

     0K .......... .......... .......... .......... .......... 64%  307K 0s
    50K .......... .......... .......                         100%  339K=0.2s

2017-02-03 16:37:05 (318 KB/s) - ‘hjw005’ saved [79025/79025]

--2017-02-03 16:37:06--  http://doi.org/10.1093/screen/hjw006
Connecting to doi.org (doi.org)|63.123.152.248|:80... connected.
HTTP request sent, awaiting response... 303 See Other
Location: https://academic.oup.com/screen/article-lookup/doi/10.1093/screen/hjw006 [following]
--2017-02-03 16:37:08--  https://academic.oup.com/screen/article-lookup/doi/10.1093/screen/hjw006
Connecting to academic.oup.com (academic.oup.com)|173.254.190.144|:443... connected.
HTTP request sent, awaiting response... 200 OK
Length: 76144 (74K) [text/html]
Saving to: ‘hjw006’

     0K .......... .......... .......... .......... .......... 67%  207K 0s
    50K .......... .......... ....                            100% 4.34M=0.2s

2017-02-03 16:37:15 (301 KB/s) - ‘hjw006’ saved [76144/76144]

--2017-02-03 16:37:16--  http://doi.org/10.1093/screen/hjw002
Connecting to doi.org (doi.org)|63.123.152.248|:80... connected.
HTTP request sent, awaiting response... 303 See Other
Location: https://academic.oup.com/screen/article-lookup/doi/10.1093/screen/hjw002 [following]
--2017-02-03 16:37:19--  https://academic.oup.com/screen/article-lookup/doi/10.1093/screen/hjw002
Connecting to academic.oup.com (academic.oup.com)|173.254.190.144|:443... connected.
HTTP request sent, awaiting response... 200 OK
Length: 170744 (167K) [text/html]
Saving to: ‘hjw002’

     0K .......... .......... .......... .......... .......... 29%  209K 1s
    50K .......... .......... .......... .......... .......... 59%  610K 0s
   100K .......... .......... .......... .......... .......... 89%  612K 0s
   150K .......... ......                                     100%  215K=0.5s

2017-02-03 16:37:28 (346 KB/s) - ‘hjw002’ saved [170744/170744]

--2017-02-03 16:37:29--  http://doi.org/10.1093/screen/hjw001
Connecting to doi.org (doi.org)|63.123.152.248|:80... connected.
HTTP request sent, awaiting response... 303 See Other
Location: https://academic.oup.com/screen/article-lookup/doi/10.1093/screen/hjw001 [following]
--2017-02-03 16:37:30--  https://academic.oup.com/screen/article-lookup/doi/10.1093/screen/hjw001
Connecting to academic.oup.com (academic.oup.com)|173.254.190.144|:443... connected.
HTTP request sent, awaiting response... 200 OK
Length: 184155 (180K) [text/html]
Saving to: ‘hjw001’

     0K .......... .......... .......... .......... .......... 27%  209K 1s
    50K .......... .......... .......... .......... .......... 55%  602K 0s
   100K .......... .......... .......... .......... .......... 83%  597K 0s
   150K .......... .......... .........                       100%  373K=0.5s

2017-02-03 16:37:37 (370 KB/s) - ‘hjw001’ saved [184155/184155]

--2017-02-03 16:37:38--  http://doi.org/10.1093/screen/hjw008
Connecting to doi.org (doi.org)|63.123.152.248|:80... connected.
HTTP request sent, awaiting response... 303 See Other
Location: https://academic.oup.com/screen/article-lookup/doi/10.1093/screen/hjw008 [following]
--2017-02-03 16:37:41--  https://academic.oup.com/screen/article-lookup/doi/10.1093/screen/hjw008
Connecting to academic.oup.com (academic.oup.com)|173.254.190.144|:443... connected.
HTTP request sent, awaiting response... 200 OK
Length: 78342 (77K) [text/html]
Saving to: ‘hjw008’

     0K .......... .......... .......... .......... .......... 65%  208K 0s
    50K .......... .......... ......                          100% 14.4M=0.2s

2017-02-03 16:37:48 (315 KB/s) - ‘hjw008’ saved [78342/78342]

--2017-02-03 16:37:49--  http://doi.org/10.1093/screen/hjw004
Connecting to doi.org (doi.org)|63.123.152.248|:80... connected.
HTTP request sent, awaiting response... 303 See Other
Location: https://academic.oup.com/screen/article-lookup/doi/10.1093/screen/hjw004 [following]
--2017-02-03 16:37:50--  https://academic.oup.com/screen/article-lookup/doi/10.1093/screen/hjw004
Connecting to academic.oup.com (academic.oup.com)|173.254.190.144|:443... connected.
HTTP request sent, awaiting response... 200 OK
Length: 171237 (167K) [text/html]
Saving to: ‘hjw004’

     0K .......... .......... .......... .......... .......... 29%  207K 1s
    50K .......... .......... .......... .......... .......... 59%  598K 0s
   100K .......... .......... .......... .......... .......... 89%  610K 0s
   150K .......... .......                                    100%  474K=0.4s

2017-02-03 16:37:58 (377 KB/s) - ‘hjw004’ saved [171237/171237]

--2017-02-03 16:37:59--  http://doi.org/10.1093/screen/hjw012
Connecting to doi.org (doi.org)|63.123.152.248|:80... connected.
HTTP request sent, awaiting response... 303 See Other
Location: https://academic.oup.com/screen/article-lookup/doi/10.1093/screen/hjw012 [following]
--2017-02-03 16:38:01--  https://academic.oup.com/screen/article-lookup/doi/10.1093/screen/hjw012
Connecting to academic.oup.com (academic.oup.com)|173.254.190.144|:443... connected.
HTTP request sent, awaiting response... 200 OK
Length: 91511 (89K) [text/html]
Saving to: ‘hjw012’

     0K .......... .......... .......... .......... .......... 55%  210K 0s
    50K .......... .......... .......... .........            100%  487K=0.3s

2017-02-03 16:38:07 (280 KB/s) - ‘hjw012’ saved [91511/91511]

--2017-02-03 16:38:08--  http://doi.org/10.1093/screen/hjw003
Connecting to doi.org (doi.org)|63.123.152.248|:80... connected.
HTTP request sent, awaiting response... 303 See Other
Location: https://academic.oup.com/screen/article-lookup/doi/10.1093/screen/hjw003 [following]
--2017-02-03 16:38:09--  https://academic.oup.com/screen/article-lookup/doi/10.1093/screen/hjw003
Connecting to academic.oup.com (academic.oup.com)|173.254.190.144|:443... connected.
HTTP request sent, awaiting response... 200 OK
Length: 142835 (139K) [text/html]
Saving to: ‘hjw003’

     0K .......... .......... .......... .......... .......... 35%  209K 0s
    50K .......... .......... .......... .......... .......... 71%  587K 0s
   100K .......... .......... .......... .........            100%  491K=0.4s

2017-02-03 16:38:16 (345 KB/s) - ‘hjw003’ saved [142835/142835]

--2017-02-03 16:38:17--  http://doi.org/10.1093/screen/hjw016
Connecting to doi.org (doi.org)|63.123.152.248|:80... connected.
HTTP request sent, awaiting response... 303 See Other
Location: https://academic.oup.com/screen/article-lookup/doi/10.1093/screen/hjw016 [following]
--2017-02-03 16:38:18--  https://academic.oup.com/screen/article-lookup/doi/10.1093/screen/hjw016
Connecting to academic.oup.com (academic.oup.com)|173.254.190.144|:443... connected.
HTTP request sent, awaiting response... 400 Bad Request
2017-02-03 16:38:19 ERROR 400: Bad Request.

--2017-02-03 16:38:20--  http://doi.org/10.1093/screen/hjw013
Connecting to doi.org (doi.org)|63.123.152.248|:80... connected.
HTTP request sent, awaiting response... 303 See Other
Location: https://academic.oup.com/screen/article-lookup/doi/10.1093/screen/hjw013 [following]
--2017-02-03 16:38:23--  https://academic.oup.com/screen/article-lookup/doi/10.1093/screen/hjw013
Connecting to academic.oup.com (academic.oup.com)|173.254.190.144|:443... connected.
HTTP request sent, awaiting response... 200 OK
Length: 98739 (96K) [text/html]
Saving to: ‘hjw013’

     0K .......... .......... .......... .......... .......... 51%  209K 0s
    50K .......... .......... .......... .......... ......    100%  567K=0.3s

2017-02-03 16:38:31 (301 KB/s) - ‘hjw013’ saved [98739/98739]

--2017-02-03 16:38:32--  http://doi.org/10.1093/screen/hjw011
Connecting to doi.org (doi.org)|63.123.152.248|:80... connected.
HTTP request sent, awaiting response... 303 See Other
Location: https://academic.oup.com/screen/article-lookup/doi/10.1093/screen/hjw011 [following]
--2017-02-03 16:38:35--  https://academic.oup.com/screen/article-lookup/doi/10.1093/screen/hjw011
Connecting to academic.oup.com (academic.oup.com)|173.254.190.144|:443... connected.
HTTP request sent, awaiting response... 200 OK
Length: 103885 (101K) [text/html]
Saving to: ‘hjw011’

     0K .......... .......... .......... .......... .......... 49%  201K 0s
    50K .......... .......... .......... .......... .......... 98%  611K 0s
   100K .                                                     100% 2766G=0.3s

2017-02-03 16:38:40 (307 KB/s) - ‘hjw011’ saved [103885/103885]

--2017-02-03 16:38:41--  http://doi.org/10.1093/screen/hjw015
Connecting to doi.org (doi.org)|63.123.152.248|:80... connected.
HTTP request sent, awaiting response... 303 See Other
Location: https://academic.oup.com/screen/article-lookup/doi/10.1093/screen/hjw015 [following]
--2017-02-03 16:38:43--  https://academic.oup.com/screen/article-lookup/doi/10.1093/screen/hjw015
Connecting to academic.oup.com (academic.oup.com)|173.254.190.144|:443... connected.
HTTP request sent, awaiting response... 200 OK
Length: 69232 (68K) [text/html]
Saving to: ‘hjw015’

     0K .......... .......... .......... .......... .......... 73%  209K 0s
    50K .......... .......                                    100% 15.3M=0.2s

2017-02-03 16:38:48 (281 KB/s) - ‘hjw015’ saved [69232/69232]

--2017-02-03 16:38:49--  http://doi.org/10.1093/screen/hjw007
Connecting to doi.org (doi.org)|63.123.152.248|:80... connected.
HTTP request sent, awaiting response... 303 See Other
Location: https://academic.oup.com/screen/article-lookup/doi/10.1093/screen/hjw007 [following]
--2017-02-03 16:38:53--  https://academic.oup.com/screen/article-lookup/doi/10.1093/screen/hjw007
Connecting to academic.oup.com (academic.oup.com)|173.254.190.144|:443... connected.
HTTP request sent, awaiting response... 200 OK
Length: 74864 (73K) [text/html]
Saving to: ‘hjw007’

     0K .......... .......... .......... .......... .......... 68%  209K 0s
    50K .......... .......... ...                             100% 11.0M=0.2s

2017-02-03 16:38:58 (302 KB/s) - ‘hjw007’ saved [74864/74864]

--2017-02-03 16:38:59--  http://doi.org/10.1093/screen/hjw010
Connecting to doi.org (doi.org)|63.123.152.248|:80... connected.
HTTP request sent, awaiting response... 303 See Other
Location: https://academic.oup.com/screen/article-lookup/doi/10.1093/screen/hjw010 [following]
--2017-02-03 16:39:01--  https://academic.oup.com/screen/article-lookup/doi/10.1093/screen/hjw010
Connecting to academic.oup.com (academic.oup.com)|173.254.190.144|:443... connected.
HTTP request sent, awaiting response... 400 Bad Request
2017-02-03 16:39:02 ERROR 400: Bad Request.

--2017-02-03 16:39:03--  http://doi.org/10.1093/screen/hjv052
Connecting to doi.org (doi.org)|63.123.152.248|:80... connected.
HTTP request sent, awaiting response... 303 See Other
Location: https://academic.oup.com/screen/article-lookup/doi/10.1093/screen/hjv052 [following]
--2017-02-03 16:39:09--  https://academic.oup.com/screen/article-lookup/doi/10.1093/screen/hjv052
Connecting to academic.oup.com (academic.oup.com)|173.254.190.144|:443... connected.
HTTP request sent, awaiting response... 200 OK
Length: 193096 (189K) [text/html]
Saving to: ‘hjv052’

     0K .......... .......... .......... .......... .......... 26%  208K 1s
    50K .......... .......... .......... .......... .......... 53%  602K 0s
   100K .......... .......... .......... .......... .......... 79%  612K 0s
   150K .......... .......... .......... ........             100%  480K=0.5s

2017-02-03 16:39:15 (389 KB/s) - ‘hjv052’ saved [193096/193096]

--2017-02-03 16:39:16--  http://doi.org/10.1093/screen/hjv050
Connecting to doi.org (doi.org)|63.123.152.248|:80... connected.
HTTP request sent, awaiting response... 303 See Other
Location: https://academic.oup.com/screen/article-lookup/doi/10.1093/screen/hjv050 [following]
--2017-02-03 16:39:17--  https://academic.oup.com/screen/article-lookup/doi/10.1093/screen/hjv050
Connecting to academic.oup.com (academic.oup.com)|173.254.190.144|:443... connected.
HTTP request sent, awaiting response... 200 OK
Length: 185909 (182K) [text/html]
Saving to: ‘hjv050’

     0K .......... .......... .......... .......... .......... 27%  208K 1s
    50K .......... .......... .......... .......... .......... 55%  610K 0s
   100K .......... .......... .......... .......... .......... 82%  599K 0s
   150K .......... .......... .......... .                    100%  403K=0.5s

2017-02-03 16:39:27 (375 KB/s) - ‘hjv050’ saved [185909/185909]

--2017-02-03 16:39:28--  http://doi.org/10.1093/screen/hjv059
Connecting to doi.org (doi.org)|63.123.152.248|:80... connected.
HTTP request sent, awaiting response... 303 See Other
Location: https://academic.oup.com/screen/article-lookup/doi/10.1093/screen/hjv059 [following]
--2017-02-03 16:39:29--  https://academic.oup.com/screen/article-lookup/doi/10.1093/screen/hjv059
Connecting to academic.oup.com (academic.oup.com)|173.254.190.144|:443... connected.
HTTP request sent, awaiting response... 200 OK
Length: 83901 (82K) [text/html]
Saving to: ‘hjv059’

     0K .......... .......... .......... .......... .......... 61%  309K 0s
    50K .......... .......... .......... .                    100%  398K=0.2s

2017-02-03 16:39:36 (338 KB/s) - ‘hjv059’ saved [83901/83901]

--2017-02-03 16:39:37--  http://doi.org/10.1093/screen/hjv063
Connecting to doi.org (doi.org)|63.123.152.248|:80... connected.
HTTP request sent, awaiting response... 303 See Other
Location: https://academic.oup.com/screen/article-lookup/doi/10.1093/screen/hjv063 [following]
--2017-02-03 16:39:39--  https://academic.oup.com/screen/article-lookup/doi/10.1093/screen/hjv063
Connecting to academic.oup.com (academic.oup.com)|173.254.190.144|:443... connected.
HTTP request sent, awaiting response... 400 Bad Request
2017-02-03 16:39:39 ERROR 400: Bad Request.

--2017-02-03 16:39:40--  http://doi.org/10.1093/screen/hjv049
Connecting to doi.org (doi.org)|63.123.152.248|:80... connected.
HTTP request sent, awaiting response... 303 See Other
Location: https://academic.oup.com/screen/article-lookup/doi/10.1093/screen/hjv049 [following]
--2017-02-03 16:39:43--  https://academic.oup.com/screen/article-lookup/doi/10.1093/screen/hjv049
Connecting to academic.oup.com (academic.oup.com)|173.254.190.144|:443... connected.
HTTP request sent, awaiting response... 200 OK
Length: 148146 (145K) [text/html]
Saving to: ‘hjv049’

     0K .......... .......... .......... .......... .......... 34%  209K 0s
    50K .......... .......... .......... .......... .......... 69%  607K 0s
   100K .......... .......... .......... .......... ....      100%  551K=0.4s

2017-02-03 16:39:50 (359 KB/s) - ‘hjv049’ saved [148146/148146]

--2017-02-03 16:39:51--  http://doi.org/10.1093/screen/hjv060
Connecting to doi.org (doi.org)|63.123.152.248|:80... connected.
HTTP request sent, awaiting response... 303 See Other
Location: https://academic.oup.com/screen/article-lookup/doi/10.1093/screen/hjv060 [following]
--2017-02-03 16:39:54--  https://academic.oup.com/screen/article-lookup/doi/10.1093/screen/hjv060
Connecting to academic.oup.com (academic.oup.com)|173.254.190.144|:443... connected.
HTTP request sent, awaiting response... 200 OK
Length: 85297 (83K) [text/html]
Saving to: ‘hjv060’

     0K .......... .......... .......... .......... .......... 60%  209K 0s
    50K .......... .......... .......... ...                  100% 13.1M=0.2s

2017-02-03 16:40:04 (344 KB/s) - ‘hjv060’ saved [85297/85297]

--2017-02-03 16:40:05--  http://doi.org/10.1093/screen/hjv057
Connecting to doi.org (doi.org)|63.123.152.248|:80... connected.
HTTP request sent, awaiting response... 303 See Other
Location: https://academic.oup.com/screen/article-lookup/doi/10.1093/screen/hjv057 [following]
--2017-02-03 16:40:07--  https://academic.oup.com/screen/article-lookup/doi/10.1093/screen/hjv057
Connecting to academic.oup.com (academic.oup.com)|173.254.190.144|:443... connected.
HTTP request sent, awaiting response... 400 Bad Request
2017-02-03 16:40:08 ERROR 400: Bad Request.

--2017-02-03 16:40:09--  http://doi.org/10.1093/screen/hjv053
Connecting to doi.org (doi.org)|63.123.152.248|:80... connected.
HTTP request sent, awaiting response... 303 See Other
Location: https://academic.oup.com/screen/article-lookup/doi/10.1093/screen/hjv053 [following]
--2017-02-03 16:40:11--  https://academic.oup.com/screen/article-lookup/doi/10.1093/screen/hjv053
Connecting to academic.oup.com (academic.oup.com)|173.254.190.144|:443... connected.
HTTP request sent, awaiting response... 200 OK
Length: 77598 (76K) [text/html]
Saving to: ‘hjv053’

     0K .......... .......... .......... .......... .......... 65%  209K 0s
    50K .......... .......... .....                           100% 11.2M=0.2s

2017-02-03 16:40:20 (313 KB/s) - ‘hjv053’ saved [77598/77598]

--2017-02-03 16:40:21--  http://doi.org/10.1093/screen/hjv064
Connecting to doi.org (doi.org)|63.123.152.248|:80... connected.
HTTP request sent, awaiting response... 303 See Other
Location: https://academic.oup.com/screen/article-lookup/doi/10.1093/screen/hjv064 [following]
--2017-02-03 16:40:25--  https://academic.oup.com/screen/article-lookup/doi/10.1093/screen/hjv064
Connecting to academic.oup.com (academic.oup.com)|173.254.190.144|:443... connected.
HTTP request sent, awaiting response... 200 OK
Length: 70116 (68K) [text/html]
Saving to: ‘hjv064’

     0K .......... .......... .......... .......... .......... 73%  208K 0s
    50K .......... ........                                   100% 15.7M=0.2s

2017-02-03 16:40:31 (284 KB/s) - ‘hjv064’ saved [70116/70116]

--2017-02-03 16:40:32--  http://doi.org/10.1093/screen/hjv056
Connecting to doi.org (doi.org)|63.123.152.248|:80... connected.
HTTP request sent, awaiting response... 303 See Other
Location: https://academic.oup.com/screen/article-lookup/doi/10.1093/screen/hjv056 [following]
--2017-02-03 16:40:35--  https://academic.oup.com/screen/article-lookup/doi/10.1093/screen/hjv056
Connecting to academic.oup.com (academic.oup.com)|173.254.190.144|:443... connected.
HTTP request sent, awaiting response... 200 OK
Length: 70305 (69K) [text/html]
Saving to: ‘hjv056’

     0K .......... .......... .......... .......... .......... 72%  209K 0s
    50K .......... ........                                   100% 14.2M=0.2s

2017-02-03 16:40:41 (285 KB/s) - ‘hjv056’ saved [70305/70305]

--2017-02-03 16:40:42--  http://doi.org/10.1093/screen/hjv061
Connecting to doi.org (doi.org)|63.123.152.248|:80... connected.
HTTP request sent, awaiting response... 303 See Other
Location: https://academic.oup.com/screen/article-lookup/doi/10.1093/screen/hjv061 [following]
--2017-02-03 16:40:44--  https://academic.oup.com/screen/article-lookup/doi/10.1093/screen/hjv061
Connecting to academic.oup.com (academic.oup.com)|173.254.190.144|:443... connected.
HTTP request sent, awaiting response... 200 OK
Length: 68832 (67K) [text/html]
Saving to: ‘hjv061’

     0K .......... .......... .......... .......... .......... 74%  209K 0s
    50K .......... .......                                    100% 9.44M=0.2s

2017-02-03 16:40:51 (279 KB/s) - ‘hjv061’ saved [68832/68832]

--2017-02-03 16:40:52--  http://doi.org/10.1093/screen/hjv054
Connecting to doi.org (doi.org)|63.123.152.248|:80... connected.
HTTP request sent, awaiting response... 303 See Other
Location: https://academic.oup.com/screen/article-lookup/doi/10.1093/screen/hjv054 [following]
--2017-02-03 16:40:54--  https://academic.oup.com/screen/article-lookup/doi/10.1093/screen/hjv054
Connecting to academic.oup.com (academic.oup.com)|173.254.190.144|:443... connected.
HTTP request sent, awaiting response... 200 OK
Length: 90428 (88K) [text/html]
Saving to: ‘hjv054’

     0K .......... .......... .......... .......... .......... 56%  208K 0s
    50K .......... .......... .......... ........             100% 6.16M=0.2s

2017-02-03 16:41:00 (358 KB/s) - ‘hjv054’ saved [90428/90428]

--2017-02-03 16:41:01--  http://doi.org/10.1093/screen/hjv051
Connecting to doi.org (doi.org)|63.123.152.248|:80... connected.
HTTP request sent, awaiting response... 303 See Other
Location: https://academic.oup.com/screen/article-lookup/doi/10.1093/screen/hjv051 [following]
--2017-02-03 16:41:02--  https://academic.oup.com/screen/article-lookup/doi/10.1093/screen/hjv051
Connecting to academic.oup.com (academic.oup.com)|173.254.190.144|:443... connected.
HTTP request sent, awaiting response... 200 OK
Length: 139993 (137K) [text/html]
Saving to: ‘hjv051’

     0K .......... .......... .......... .......... .......... 36%  207K 0s
    50K .......... .......... .......... .......... .......... 73%  602K 0s
   100K .......... .......... .......... ......               100%  457K=0.4s

2017-02-03 16:41:10 (338 KB/s) - ‘hjv051’ saved [139993/139993]

--2017-02-03 16:41:11--  http://doi.org/10.1093/screen/hjv062
Connecting to doi.org (doi.org)|63.123.152.248|:80... connected.
HTTP request sent, awaiting response... 303 See Other
Location: https://academic.oup.com/screen/article-lookup/doi/10.1093/screen/hjv062 [following]
--2017-02-03 16:41:13--  https://academic.oup.com/screen/article-lookup/doi/10.1093/screen/hjv062
Connecting to academic.oup.com (academic.oup.com)|173.254.190.144|:443... connected.
HTTP request sent, awaiting response... 200 OK
Length: 71092 (69K) [text/html]
Saving to: ‘hjv062’

     0K .......... .......... .......... .......... .......... 72%  208K 0s
    50K .......... .........                                  100% 13.1M=0.2s

2017-02-03 16:41:20 (288 KB/s) - ‘hjv062’ saved [71092/71092]

--2017-02-03 16:41:21--  http://doi.org/10.1093/screen/hjv065
Connecting to doi.org (doi.org)|63.123.152.248|:80... connected.
HTTP request sent, awaiting response... 303 See Other
Location: https://academic.oup.com/screen/article-lookup/doi/10.1093/screen/hjv065 [following]
--2017-02-03 16:41:22--  https://academic.oup.com/screen/article-lookup/doi/10.1093/screen/hjv065
Connecting to academic.oup.com (academic.oup.com)|173.254.190.144|:443... connected.
HTTP request sent, awaiting response... 200 OK
Length: 68669 (67K) [text/html]
Saving to: ‘hjv065’

     0K .......... .......... .......... .......... .......... 74%  209K 0s
    50K .......... .......                                    100% 18.3M=0.2s

2017-02-03 16:41:40 (280 KB/s) - ‘hjv065’ saved [68669/68669]

--2017-02-03 16:41:41--  http://doi.org/10.1093/screen/hjv055
Connecting to doi.org (doi.org)|63.123.152.248|:80... connected.
HTTP request sent, awaiting response... 303 See Other
Location: https://academic.oup.com/screen/article-lookup/doi/10.1093/screen/hjv055 [following]
--2017-02-03 16:41:46--  https://academic.oup.com/screen/article-lookup/doi/10.1093/screen/hjv055
Connecting to academic.oup.com (academic.oup.com)|173.254.190.144|:443... connected.
HTTP request sent, awaiting response... 200 OK
Length: 78986 (77K) [text/html]
Saving to: ‘hjv055’

     0K .......... .......... .......... .......... .......... 64%  209K 0s
    50K .......... .......... .......                         100% 6.23M=0.2s

2017-02-03 16:41:54 (316 KB/s) - ‘hjv055’ saved [78986/78986]

--2017-02-03 16:41:55--  http://doi.org/10.1093/screen/hjv058
Connecting to doi.org (doi.org)|63.123.152.248|:80... connected.
HTTP request sent, awaiting response... 303 See Other
Location: https://academic.oup.com/screen/article-lookup/doi/10.1093/screen/hjv058 [following]
--2017-02-03 16:41:56--  https://academic.oup.com/screen/article-lookup/doi/10.1093/screen/hjv058
Connecting to academic.oup.com (academic.oup.com)|173.254.190.144|:443... connected.
HTTP request sent, awaiting response... 200 OK
Length: 78466 (77K) [text/html]
Saving to: ‘hjv058’

     0K .......... .......... .......... .......... .......... 65%  207K 0s
    50K .......... .......... ......                          100% 11.7M=0.2s

2017-02-03 16:42:03 (315 KB/s) - ‘hjv058’ saved [78466/78466]

--2017-02-03 16:42:04--  http://doi.org/10.1093/screen/hjv048
Connecting to doi.org (doi.org)|63.123.152.248|:80... connected.
HTTP request sent, awaiting response... 303 See Other
Location: https://academic.oup.com/screen/article-lookup/doi/10.1093/screen/hjv048 [following]
--2017-02-03 16:42:06--  https://academic.oup.com/screen/article-lookup/doi/10.1093/screen/hjv048
Connecting to academic.oup.com (academic.oup.com)|173.254.190.144|:443... connected.
HTTP request sent, awaiting response... 200 OK
Length: 69133 (68K) [text/html]
Saving to: ‘hjv048’

     0K .......... .......... .......... .......... .......... 74%  208K 0s
    50K .......... .......                                    100% 18.5M=0.2s

2017-02-03 16:42:14 (280 KB/s) - ‘hjv048’ saved [69133/69133]

--2017-02-03 16:42:15--  http://doi.org/10.1093/screen/hjv042
Connecting to doi.org (doi.org)|63.123.152.248|:80... connected.
HTTP request sent, awaiting response... 303 See Other
Location: https://academic.oup.com/screen/article-lookup/doi/10.1093/screen/hjv042 [following]
--2017-02-03 16:42:17--  https://academic.oup.com/screen/article-lookup/doi/10.1093/screen/hjv042
Connecting to academic.oup.com (academic.oup.com)|173.254.190.144|:443... connected.
HTTP request sent, awaiting response... 200 OK
Length: 123881 (121K) [text/html]
Saving to: ‘hjv042’

     0K .......... .......... .......... .......... .......... 41%  308K 0s
    50K .......... .......... .......... .......... .......... 82%  312K 0s
   100K .......... ..........                                 100% 13.6M=0.3s

2017-02-03 16:42:23 (373 KB/s) - ‘hjv042’ saved [123881/123881]

--2017-02-03 16:42:24--  http://doi.org/10.1093/screen/hjv039
Connecting to doi.org (doi.org)|63.123.152.248|:80... connected.
HTTP request sent, awaiting response... 303 See Other
Location: https://academic.oup.com/screen/article-lookup/doi/10.1093/screen/hjv039 [following]
--2017-02-03 16:42:27--  https://academic.oup.com/screen/article-lookup/doi/10.1093/screen/hjv039
Connecting to academic.oup.com (academic.oup.com)|173.254.190.144|:443... connected.
HTTP request sent, awaiting response... 200 OK
Length: 79257 (77K) [text/html]
Saving to: ‘hjv039’

     0K .......... .......... .......... .......... .......... 64%  308K 0s
    50K .......... .......... .......                         100%  344K=0.2s

2017-02-03 16:42:33 (320 KB/s) - ‘hjv039’ saved [79257/79257]

--2017-02-03 16:42:34--  http://doi.org/10.1093/screen/hjv037
Connecting to doi.org (doi.org)|63.123.152.248|:80... connected.
HTTP request sent, awaiting response... 303 See Other
Location: https://academic.oup.com/screen/article-lookup/doi/10.1093/screen/hjv037 [following]
--2017-02-03 16:42:35--  https://academic.oup.com/screen/article-lookup/doi/10.1093/screen/hjv037
Connecting to academic.oup.com (academic.oup.com)|173.254.190.144|:443... connected.
HTTP request sent, awaiting response... 200 OK
Length: 93550 (91K) [text/html]
Saving to: ‘hjv037’

     0K .......... .......... .......... .......... .......... 54%  207K 0s
    50K .......... .......... .......... .......... .         100%  511K=0.3s

2017-02-03 16:42:43 (284 KB/s) - ‘hjv037’ saved [93550/93550]

--2017-02-03 16:42:44--  http://doi.org/10.1093/screen/hjv036
Connecting to doi.org (doi.org)|63.123.152.248|:80... connected.
HTTP request sent, awaiting response... 303 See Other
Location: https://academic.oup.com/screen/article-lookup/doi/10.1093/screen/hjv036 [following]
--2017-02-03 16:42:46--  https://academic.oup.com/screen/article-lookup/doi/10.1093/screen/hjv036
Connecting to academic.oup.com (academic.oup.com)|173.254.190.144|:443... connected.
HTTP request sent, awaiting response... 200 OK
Length: 89851 (88K) [text/html]
Saving to: ‘hjv036’

     0K .......... .......... .......... .......... .......... 56%  208K 0s
    50K .......... .......... .......... .......              100% 12.2M=0.2s

2017-02-03 16:42:53 (360 KB/s) - ‘hjv036’ saved [89851/89851]

--2017-02-03 16:42:54--  http://doi.org/10.1093/screen/hjv040
Connecting to doi.org (doi.org)|63.123.152.248|:80... connected.
HTTP request sent, awaiting response... 303 See Other
Location: https://academic.oup.com/screen/article-lookup/doi/10.1093/screen/hjv040 [following]
--2017-02-03 16:42:56--  https://academic.oup.com/screen/article-lookup/doi/10.1093/screen/hjv040
Connecting to academic.oup.com (academic.oup.com)|173.254.190.144|:443... connected.
HTTP request sent, awaiting response... 200 OK
Length: 78351 (77K) [text/html]
Saving to: ‘hjv040’

     0K .......... .......... .......... .......... .......... 65%  209K 0s
    50K .......... .......... ......                          100% 14.9M=0.2s

2017-02-03 16:43:02 (317 KB/s) - ‘hjv040’ saved [78351/78351]

--2017-02-03 16:43:03--  http://doi.org/10.1093/screen/hjv041
Connecting to doi.org (doi.org)|63.123.152.248|:80... connected.
HTTP request sent, awaiting response... 303 See Other
Location: https://academic.oup.com/screen/article-lookup/doi/10.1093/screen/hjv041 [following]
--2017-02-03 16:43:04--  https://academic.oup.com/screen/article-lookup/doi/10.1093/screen/hjv041
Connecting to academic.oup.com (academic.oup.com)|173.254.190.144|:443... connected.
HTTP request sent, awaiting response... 200 OK
Length: 79384 (78K) [text/html]
Saving to: ‘hjv041’

     0K .......... .......... .......... .......... .......... 64%  209K 0s
    50K .......... .......... .......                         100% 10.1M=0.2s

2017-02-03 16:43:12 (320 KB/s) - ‘hjv041’ saved [79384/79384]

--2017-02-03 16:43:13--  http://doi.org/10.1093/screen/hjv044
Connecting to doi.org (doi.org)|63.123.152.248|:80... connected.
HTTP request sent, awaiting response... 303 See Other
Location: https://academic.oup.com/screen/article-lookup/doi/10.1093/screen/hjv044 [following]
--2017-02-03 16:43:15--  https://academic.oup.com/screen/article-lookup/doi/10.1093/screen/hjv044
Connecting to academic.oup.com (academic.oup.com)|173.254.190.144|:443... connected.
HTTP request sent, awaiting response... 200 OK
Length: 116454 (114K) [text/html]
Saving to: ‘hjv044’

     0K .......... .......... .......... .......... .......... 43%  308K 0s
    50K .......... .......... .......... .......... .......... 87%  313K 0s
   100K .......... ...                                        100% 8.31M=0.3s

2017-02-03 16:43:23 (352 KB/s) - ‘hjv044’ saved [116454/116454]

--2017-02-03 16:43:24--  http://doi.org/10.1093/screen/hjv038
Connecting to doi.org (doi.org)|63.123.152.248|:80... connected.
HTTP request sent, awaiting response... 303 See Other
Location: https://academic.oup.com/screen/article-lookup/doi/10.1093/screen/hjv038 [following]
--2017-02-03 16:43:25--  https://academic.oup.com/screen/article-lookup/doi/10.1093/screen/hjv038
Connecting to academic.oup.com (academic.oup.com)|173.254.190.144|:443... connected.
HTTP request sent, awaiting response... 200 OK
Length: 79120 (77K) [text/html]
Saving to: ‘hjv038’

     0K .......... .......... .......... .......... .......... 64%  309K 0s
    50K .......... .......... .......                         100%  341K=0.2s

2017-02-03 16:43:40 (319 KB/s) - ‘hjv038’ saved [79120/79120]

--2017-02-03 16:43:41--  http://doi.org/10.1093/screen/hjv043
Connecting to doi.org (doi.org)|63.123.152.248|:80... connected.
HTTP request sent, awaiting response... 303 See Other
Location: https://academic.oup.com/screen/article-lookup/doi/10.1093/screen/hjv043 [following]
--2017-02-03 16:43:42--  https://academic.oup.com/screen/article-lookup/doi/10.1093/screen/hjv043
Connecting to academic.oup.com (academic.oup.com)|173.254.190.144|:443... connected.
HTTP request sent, awaiting response... 200 OK
Length: 142556 (139K) [text/html]
Saving to: ‘hjv043’

     0K .......... .......... .......... .......... .......... 35%  309K 0s
    50K .......... .......... .......... .......... .......... 71%  313K 0s
   100K .......... .......... .......... .........            100%  489K=0.4s

2017-02-03 16:43:51 (346 KB/s) - ‘hjv043’ saved [142556/142556]

--2017-02-03 16:43:52--  http://doi.org/10.1093/screen/hjv046
Connecting to doi.org (doi.org)|63.123.152.248|:80... connected.
HTTP request sent, awaiting response... 303 See Other
Location: https://academic.oup.com/screen/article-lookup/doi/10.1093/screen/hjv046 [following]
--2017-02-03 16:43:55--  https://academic.oup.com/screen/article-lookup/doi/10.1093/screen/hjv046
Connecting to academic.oup.com (academic.oup.com)|173.254.190.144|:443... connected.
HTTP request sent, awaiting response... 200 OK
Length: 177356 (173K) [text/html]
Saving to: ‘hjv046’

     0K .......... .......... .......... .......... .......... 28%  308K 0s
    50K .......... .......... .......... .......... .......... 57%  312K 0s
   100K .......... .......... .......... .......... .......... 86%  587K 0s
   150K .......... .......... ...                             100%  303K=0.5s

2017-02-03 16:44:03 (358 KB/s) - ‘hjv046’ saved [177356/177356]

--2017-02-03 16:44:04--  http://doi.org/10.1093/screen/hjv047
Connecting to doi.org (doi.org)|63.123.152.248|:80... connected.
HTTP request sent, awaiting response... 303 See Other
Location: https://academic.oup.com/screen/article-lookup/doi/10.1093/screen/hjv047 [following]
--2017-02-03 16:44:07--  https://academic.oup.com/screen/article-lookup/doi/10.1093/screen/hjv047
Connecting to academic.oup.com (academic.oup.com)|173.254.190.144|:443... connected.
HTTP request sent, awaiting response... 200 OK
Length: 68812 (67K) [text/html]
Saving to: ‘hjv047’

     0K .......... .......... .......... .......... .......... 74%  207K 0s
    50K .......... .......                                    100% 12.9M=0.2s

2017-02-03 16:44:14 (277 KB/s) - ‘hjv047’ saved [68812/68812]

--2017-02-03 16:44:15--  http://doi.org/10.1093/screen/hjv045
Connecting to doi.org (doi.org)|63.123.152.248|:80... connected.
HTTP request sent, awaiting response... 303 See Other
Location: https://academic.oup.com/screen/article-lookup/doi/10.1093/screen/hjv045 [following]
--2017-02-03 16:44:18--  https://academic.oup.com/screen/article-lookup/doi/10.1093/screen/hjv045
Connecting to academic.oup.com (academic.oup.com)|173.254.190.144|:443... connected.
HTTP request sent, awaiting response... 200 OK
Length: 233195 (228K) [text/html]
Saving to: ‘hjv045’

     0K .......... .......... .......... .......... .......... 21%  206K 1s
    50K .......... .......... .......... .......... .......... 43%  604K 0s
   100K .......... .......... .......... .......... .......... 65%  606K 0s
   150K .......... .......... .......... .......... .......... 87%  318K 0s
   200K .......... .......... .......                         100% 3.65M=0.6s

2017-02-03 16:44:27 (397 KB/s) - ‘hjv045’ saved [233195/233195]

--2017-02-03 16:44:28--  http://doi.org/10.1093/screen/hjv034
Connecting to doi.org (doi.org)|63.123.152.248|:80... connected.
HTTP request sent, awaiting response... 303 See Other
Location: https://academic.oup.com/screen/article-lookup/doi/10.1093/screen/hjv034 [following]
--2017-02-03 16:44:31--  https://academic.oup.com/screen/article-lookup/doi/10.1093/screen/hjv034
Connecting to academic.oup.com (academic.oup.com)|173.254.190.144|:443... connected.
HTTP request sent, awaiting response... 200 OK
Length: 84971 (83K) [text/html]
Saving to: ‘hjv034’

     0K .......... .......... .......... .......... .......... 60%  310K 0s
    50K .......... .......... .......... ..                   100%  409K=0.2s

2017-02-03 16:44:37 (343 KB/s) - ‘hjv034’ saved [84971/84971]

--2017-02-03 16:44:38--  http://doi.org/10.1093/screen/hjv030
Connecting to doi.org (doi.org)|63.123.152.248|:80... connected.
HTTP request sent, awaiting response... 303 See Other
Location: https://academic.oup.com/screen/article-lookup/doi/10.1093/screen/hjv030 [following]
--2017-02-03 16:44:40--  https://academic.oup.com/screen/article-lookup/doi/10.1093/screen/hjv030
Connecting to academic.oup.com (academic.oup.com)|173.254.190.144|:443... connected.
HTTP request sent, awaiting response... 200 OK
Length: 110783 (108K) [text/html]
Saving to: ‘hjv030’

     0K .......... .......... .......... .......... .......... 46%  209K 0s
    50K .......... .......... .......... .......... .......... 92%  612K 0s
   100K ........                                              100% 5.37M=0.3s

2017-02-03 16:44:50 (335 KB/s) - ‘hjv030’ saved [110783/110783]

--2017-02-03 16:44:51--  http://doi.org/10.1093/screen/hjv021
Connecting to doi.org (doi.org)|63.123.152.248|:80... connected.
HTTP request sent, awaiting response... 303 See Other
Location: https://academic.oup.com/screen/article-lookup/doi/10.1093/screen/hjv021 [following]
--2017-02-03 16:44:52--  https://academic.oup.com/screen/article-lookup/doi/10.1093/screen/hjv021
Connecting to academic.oup.com (academic.oup.com)|173.254.190.144|:443... connected.
HTTP request sent, awaiting response... 200 OK
Length: 86649 (85K) [text/html]
Saving to: ‘hjv021’

     0K .......... .......... .......... .......... .......... 59%  209K 0s
    50K .......... .......... .......... ....                 100% 11.5M=0.2s

2017-02-03 16:45:00 (349 KB/s) - ‘hjv021’ saved [86649/86649]

--2017-02-03 16:45:01--  http://doi.org/10.1093/screen/hjv031
Connecting to doi.org (doi.org)|63.123.152.248|:80... connected.
HTTP request sent, awaiting response... 303 See Other
Location: https://academic.oup.com/screen/article-lookup/doi/10.1093/screen/hjv031 [following]
--2017-02-03 16:45:04--  https://academic.oup.com/screen/article-lookup/doi/10.1093/screen/hjv031
Connecting to academic.oup.com (academic.oup.com)|173.254.190.144|:443... connected.
HTTP request sent, awaiting response... 400 Bad Request
2017-02-03 16:45:05 ERROR 400: Bad Request.

--2017-02-03 16:45:06--  http://doi.org/10.1093/screen/hjv017
Connecting to doi.org (doi.org)|63.123.152.248|:80... connected.
HTTP request sent, awaiting response... 303 See Other
Location: https://academic.oup.com/screen/article-lookup/doi/10.1093/screen/hjv017 [following]
--2017-02-03 16:45:10--  https://academic.oup.com/screen/article-lookup/doi/10.1093/screen/hjv017
Connecting to academic.oup.com (academic.oup.com)|173.254.190.144|:443... connected.
HTTP request sent, awaiting response... 200 OK
Length: 172811 (169K) [text/html]
Saving to: ‘hjv017’

     0K .......... .......... .......... .......... .......... 29%  209K 1s
    50K .......... .......... .......... .......... .......... 59%  612K 0s
   100K .......... .......... .......... .......... .......... 88%  609K 0s
   150K .......... ........                                   100%  238K=0.5s

2017-02-03 16:45:18 (350 KB/s) - ‘hjv017’ saved [172811/172811]

--2017-02-03 16:45:19--  http://doi.org/10.1093/screen/hjv019
Connecting to doi.org (doi.org)|63.123.152.248|:80... connected.
HTTP request sent, awaiting response... 303 See Other
Location: https://academic.oup.com/screen/article-lookup/doi/10.1093/screen/hjv019 [following]
--2017-02-03 16:45:22--  https://academic.oup.com/screen/article-lookup/doi/10.1093/screen/hjv019
Connecting to academic.oup.com (academic.oup.com)|173.254.190.144|:443... connected.
HTTP request sent, awaiting response... 200 OK
Length: 174677 (171K) [text/html]
Saving to: ‘hjv019’

     0K .......... .......... .......... .......... .......... 29%  208K 1s
    50K .......... .......... .......... .......... .......... 58%  610K 0s
   100K .......... .......... .......... .......... .......... 87%  612K 0s
   150K .......... ..........                                 100%  262K=0.5s

2017-02-03 16:45:30 (354 KB/s) - ‘hjv019’ saved [174677/174677]

--2017-02-03 16:45:31--  http://doi.org/10.1093/screen/hjv022
Connecting to doi.org (doi.org)|63.123.152.248|:80... connected.
HTTP request sent, awaiting response... 303 See Other
Location: https://academic.oup.com/screen/article-lookup/doi/10.1093/screen/hjv022 [following]
--2017-02-03 16:45:33--  https://academic.oup.com/screen/article-lookup/doi/10.1093/screen/hjv022
Connecting to academic.oup.com (academic.oup.com)|173.254.190.144|:443... connected.
HTTP request sent, awaiting response... 200 OK
Length: 77306 (75K) [text/html]
Saving to: ‘hjv022’

     0K .......... .......... .......... .......... .......... 66%  309K 0s
    50K .......... .......... .....                           100%  322K=0.2s

2017-02-03 16:45:39 (313 KB/s) - ‘hjv022’ saved [77306/77306]

--2017-02-03 16:45:40--  http://doi.org/10.1093/screen/hjv027
Connecting to doi.org (doi.org)|63.123.152.248|:80... connected.
HTTP request sent, awaiting response... 303 See Other
Location: https://academic.oup.com/screen/article-lookup/doi/10.1093/screen/hjv027 [following]
--2017-02-03 16:45:43--  https://academic.oup.com/screen/article-lookup/doi/10.1093/screen/hjv027
Connecting to academic.oup.com (academic.oup.com)|173.254.190.144|:443... connected.
HTTP request sent, awaiting response... 200 OK
Length: 95755 (94K) [text/html]
Saving to: ‘hjv027’

     0K .......... .......... .......... .......... .......... 53%  208K 0s
    50K .......... .......... .......... .......... ...       100%  539K=0.3s

2017-02-03 16:45:52 (291 KB/s) - ‘hjv027’ saved [95755/95755]

--2017-02-03 16:45:53--  http://doi.org/10.1093/screen/hjv029
Connecting to doi.org (doi.org)|63.123.152.248|:80... connected.
HTTP request sent, awaiting response... 303 See Other
Location: https://academic.oup.com/screen/article-lookup/doi/10.1093/screen/hjv029 [following]
--2017-02-03 16:45:58--  https://academic.oup.com/screen/article-lookup/doi/10.1093/screen/hjv029
Connecting to academic.oup.com (academic.oup.com)|173.254.190.144|:443... connected.
HTTP request sent, awaiting response... 200 OK
Length: 111413 (109K) [text/html]
Saving to: ‘hjv029’

     0K .......... .......... .......... .......... .......... 45%  208K 0s
    50K .......... .......... .......... .......... .......... 91%  606K 0s
   100K ........                                              100% 38.6M=0.3s

2017-02-03 16:46:05 (337 KB/s) - ‘hjv029’ saved [111413/111413]

--2017-02-03 16:46:06--  http://doi.org/10.1093/screen/hjv018
Connecting to doi.org (doi.org)|63.123.152.248|:80... connected.
HTTP request sent, awaiting response... 303 See Other
Location: https://academic.oup.com/screen/article-lookup/doi/10.1093/screen/hjv018 [following]
--2017-02-03 16:46:08--  https://academic.oup.com/screen/article-lookup/doi/10.1093/screen/hjv018
Connecting to academic.oup.com (academic.oup.com)|173.254.190.144|:443... connected.
HTTP request sent, awaiting response... 200 OK
Length: 181728 (177K) [text/html]
Saving to: ‘hjv018’

     0K .......... .......... .......... .......... .......... 28%  208K 1s
    50K .......... .......... .......... .......... .......... 56%  609K 0s
   100K .......... .......... .......... .......... .......... 84%  611K 0s
   150K .......... .......... .......                         100%  345K=0.5s

2017-02-03 16:46:16 (367 KB/s) - ‘hjv018’ saved [181728/181728]

FINISHED --2017-02-03 16:46:16--
Total wall clock time: 17m 30s
Downloaded: 88 files, 9.2M in 27s (349 KB/s)
