--2017-02-03 18:09:05--  http://doi.org/10.1093/slr/hmw046
Resolving doi.org (doi.org)... 208.254.38.90, 95.138.171.129, 63.123.152.248, ...
Connecting to doi.org (doi.org)|208.254.38.90|:80... connected.
HTTP request sent, awaiting response... 303 See Other
Location: http://slr.oxfordjournals.org/lookup/doi/10.1093/slr/hmw046 [following]
--2017-02-03 18:09:06--  http://slr.oxfordjournals.org/lookup/doi/10.1093/slr/hmw046
Resolving slr.oxfordjournals.org (slr.oxfordjournals.org)... 209.135.222.209
Connecting to slr.oxfordjournals.org (slr.oxfordjournals.org)|209.135.222.209|:80... connected.
HTTP request sent, awaiting response... 301 Moved Permanently
Cookie coming from slr.oxfordjournals.org attempted to set domain to academic.oup.com
Location: https://academic.oup.com/slr/article/doi/10.1093/slr/hmw046/2840143/At-the-Intersection-of-Scottish-Agricultural [following]
--2017-02-03 18:09:08--  https://academic.oup.com/slr/article/doi/10.1093/slr/hmw046/2840143/At-the-Intersection-of-Scottish-Agricultural
Resolving academic.oup.com (academic.oup.com)... 173.254.190.144
Connecting to academic.oup.com (academic.oup.com)|173.254.190.144|:443... connected.
HTTP request sent, awaiting response... 200 OK
Length: 122200 (119K) [text/html]
Saving to: ‘hmw046’

     0K .......... .......... .......... .......... .......... 41%  208K 0s
    50K .......... .......... .......... .......... .......... 83%  607K 0s
   100K .......... .........                                  100% 14.2M=0.3s

2017-02-03 18:09:17 (369 KB/s) - ‘hmw046’ saved [122200/122200]

--2017-02-03 18:09:18--  http://doi.org/10.1093/slr/hmw048
Connecting to doi.org (doi.org)|208.254.38.90|:80... connected.
HTTP request sent, awaiting response... 303 See Other
Location: http://slr.oxfordjournals.org/lookup/doi/10.1093/slr/hmw048 [following]
--2017-02-03 18:09:20--  http://slr.oxfordjournals.org/lookup/doi/10.1093/slr/hmw048
Connecting to slr.oxfordjournals.org (slr.oxfordjournals.org)|209.135.222.209|:80... connected.
HTTP request sent, awaiting response... 301 Moved Permanently
Cookie coming from slr.oxfordjournals.org attempted to set domain to academic.oup.com
Location: https://academic.oup.com/slr/article/doi/10.1093/slr/hmw048/2884279/Hybrid-Methodology-for-the-EU-Principle-of [following]
--2017-02-03 18:09:21--  https://academic.oup.com/slr/article/doi/10.1093/slr/hmw048/2884279/Hybrid-Methodology-for-the-EU-Principle-of
Connecting to academic.oup.com (academic.oup.com)|173.254.190.144|:443... connected.
HTTP request sent, awaiting response... 400 Bad Request
2017-02-03 18:09:23 ERROR 400: Bad Request.

--2017-02-03 18:09:24--  http://doi.org/10.1093/slr/hmx002
Connecting to doi.org (doi.org)|208.254.38.90|:80... connected.
HTTP request sent, awaiting response... 303 See Other
Location: http://fdslive.oup.com/www.oup.com/pdf/production_in_progress.pdf [following]
--2017-02-03 18:09:25--  http://fdslive.oup.com/www.oup.com/pdf/production_in_progress.pdf
Resolving fdslive.oup.com (fdslive.oup.com)... 193.67.160.201
Connecting to fdslive.oup.com (fdslive.oup.com)|193.67.160.201|:80... connected.
HTTP request sent, awaiting response... 200 OK
Length: 52438 (51K) [application/pdf]
Saving to: ‘hmx002’

     0K .......... .......... .......... .......... .......... 97% 1.30M 0s
    50K .                                                     100% 2306G=0.04s

2017-02-03 18:09:25 (1.33 MB/s) - ‘hmx002’ saved [52438/52438]

--2017-02-03 18:09:26--  http://doi.org/10.1093/slr/hmw064
Connecting to doi.org (doi.org)|208.254.38.90|:80... connected.
HTTP request sent, awaiting response... 303 See Other
Location: http://fdslive.oup.com/www.oup.com/pdf/production_in_progress.pdf [following]
--2017-02-03 18:09:27--  http://fdslive.oup.com/www.oup.com/pdf/production_in_progress.pdf
Connecting to fdslive.oup.com (fdslive.oup.com)|193.67.160.201|:80... connected.
HTTP request sent, awaiting response... 200 OK
Length: 52438 (51K) [application/pdf]
Saving to: ‘hmw064’

     0K .......... .......... .......... .......... .......... 97% 1.29M 0s
    50K .                                                     100% 2306G=0.04s

2017-02-03 18:09:27 (1.32 MB/s) - ‘hmw064’ saved [52438/52438]

--2017-02-03 18:09:28--  http://doi.org/10.1093/slr/hmx004
Connecting to doi.org (doi.org)|208.254.38.90|:80... connected.
HTTP request sent, awaiting response... 303 See Other
Location: http://fdslive.oup.com/www.oup.com/pdf/production_in_progress.pdf [following]
--2017-02-03 18:09:30--  http://fdslive.oup.com/www.oup.com/pdf/production_in_progress.pdf
Connecting to fdslive.oup.com (fdslive.oup.com)|193.67.160.201|:80... connected.
HTTP request sent, awaiting response... 200 OK
Length: 52438 (51K) [application/pdf]
Saving to: ‘hmx004’

     0K .......... .......... .......... .......... .......... 97%  360K 0s
    50K .                                                     100% 2306G=0.1s

2017-02-03 18:09:30 (369 KB/s) - ‘hmx004’ saved [52438/52438]

--2017-02-03 18:09:31--  http://doi.org/10.1093/slr/hmx001
Connecting to doi.org (doi.org)|208.254.38.90|:80... connected.
HTTP request sent, awaiting response... 303 See Other
Location: http://fdslive.oup.com/www.oup.com/pdf/production_in_progress.pdf [following]
--2017-02-03 18:09:32--  http://fdslive.oup.com/www.oup.com/pdf/production_in_progress.pdf
Connecting to fdslive.oup.com (fdslive.oup.com)|193.67.160.201|:80... connected.
HTTP request sent, awaiting response... 200 OK
Length: 52438 (51K) [application/pdf]
Saving to: ‘hmx001’

     0K .......... .......... .......... .......... .......... 97% 1.18M 0s
    50K .                                                     100% 2306G=0.04s

2017-02-03 18:09:32 (1.21 MB/s) - ‘hmx001’ saved [52438/52438]

--2017-02-03 18:09:33--  http://doi.org/10.1093/slr/hmw047
Connecting to doi.org (doi.org)|208.254.38.90|:80... connected.
HTTP request sent, awaiting response... 303 See Other
Location: http://slr.oxfordjournals.org/lookup/doi/10.1093/slr/hmw047 [following]
--2017-02-03 18:09:34--  http://slr.oxfordjournals.org/lookup/doi/10.1093/slr/hmw047
Connecting to slr.oxfordjournals.org (slr.oxfordjournals.org)|209.135.222.209|:80... connected.
HTTP request sent, awaiting response... 301 Moved Permanently
Cookie coming from slr.oxfordjournals.org attempted to set domain to academic.oup.com
Location: https://academic.oup.com/slr/article/doi/10.1093/slr/hmw047/2721862/The-Supreme-Court-of-Mauritius-and-Its-Reliance-on [following]
--2017-02-03 18:09:36--  https://academic.oup.com/slr/article/doi/10.1093/slr/hmw047/2721862/The-Supreme-Court-of-Mauritius-and-Its-Reliance-on
Connecting to academic.oup.com (academic.oup.com)|173.254.190.144|:443... connected.
HTTP request sent, awaiting response... 200 OK
Length: 141240 (138K) [text/html]
Saving to: ‘hmw047’

     0K .......... .......... .......... .......... .......... 36%  208K 0s
    50K .......... .......... .......... .......... .......... 72%  609K 0s
   100K .......... .......... .......... .......              100%  457K=0.4s

2017-02-03 18:09:46 (340 KB/s) - ‘hmw047’ saved [141240/141240]

--2017-02-03 18:09:47--  http://doi.org/10.1093/slr/hmw041
Connecting to doi.org (doi.org)|208.254.38.90|:80... connected.
HTTP request sent, awaiting response... 303 See Other
Location: https://academic.oup.com/slr/article-lookup/doi/10.1093/slr/hmw041 [following]
--2017-02-03 18:09:48--  https://academic.oup.com/slr/article-lookup/doi/10.1093/slr/hmw041
Connecting to academic.oup.com (academic.oup.com)|173.254.190.144|:443... connected.
HTTP request sent, awaiting response... 200 OK
Length: 113612 (111K) [text/html]
Saving to: ‘hmw041’

     0K .......... .......... .......... .......... .......... 45%  209K 0s
    50K .......... .......... .......... .......... .......... 90%  602K 0s
   100K ..........                                            100% 25.3M=0.3s

2017-02-03 18:09:58 (344 KB/s) - ‘hmw041’ saved [113612/113612]

--2017-02-03 18:09:59--  http://doi.org/10.1093/slr/hmw040
Connecting to doi.org (doi.org)|208.254.38.90|:80... connected.
HTTP request sent, awaiting response... 303 See Other
Location: https://academic.oup.com/slr/article-lookup/doi/10.1093/slr/hmw040 [following]
--2017-02-03 18:10:00--  https://academic.oup.com/slr/article-lookup/doi/10.1093/slr/hmw040
Connecting to academic.oup.com (academic.oup.com)|173.254.190.144|:443... connected.
HTTP request sent, awaiting response... 200 OK
Length: 96340 (94K) [text/html]
Saving to: ‘hmw040’

     0K .......... .......... .......... .......... .......... 53%  209K 0s
    50K .......... .......... .......... .......... ....      100%  550K=0.3s

2017-02-03 18:10:06 (295 KB/s) - ‘hmw040’ saved [96340/96340]

--2017-02-03 18:10:07--  http://doi.org/10.1093/slr/hmw017
Connecting to doi.org (doi.org)|208.254.38.90|:80... connected.
HTTP request sent, awaiting response... 303 See Other
Location: https://academic.oup.com/slr/article-lookup/doi/10.1093/slr/hmw017 [following]
--2017-02-03 18:10:08--  https://academic.oup.com/slr/article-lookup/doi/10.1093/slr/hmw017
Connecting to academic.oup.com (academic.oup.com)|173.254.190.144|:443... connected.
HTTP request sent, awaiting response... 200 OK
Length: 77749 (76K) [text/html]
Saving to: ‘hmw017’

     0K .......... .......... .......... .......... .......... 65%  209K 0s
    50K .......... .......... .....                           100% 13.2M=0.2s

2017-02-03 18:10:18 (314 KB/s) - ‘hmw017’ saved [77749/77749]

--2017-02-03 18:10:19--  http://doi.org/10.1093/slr/hmw016
Connecting to doi.org (doi.org)|208.254.38.90|:80... connected.
HTTP request sent, awaiting response... 303 See Other
Location: https://academic.oup.com/slr/article-lookup/doi/10.1093/slr/hmw016 [following]
--2017-02-03 18:10:20--  https://academic.oup.com/slr/article-lookup/doi/10.1093/slr/hmw016
Connecting to academic.oup.com (academic.oup.com)|173.254.190.144|:443... connected.
HTTP request sent, awaiting response... 400 Bad Request
2017-02-03 18:10:20 ERROR 400: Bad Request.

--2017-02-03 18:10:21--  http://doi.org/10.1093/slr/hmw042
Connecting to doi.org (doi.org)|208.254.38.90|:80... connected.
HTTP request sent, awaiting response... 303 See Other
Location: https://academic.oup.com/slr/article-lookup/doi/10.1093/slr/hmw042 [following]
--2017-02-03 18:10:23--  https://academic.oup.com/slr/article-lookup/doi/10.1093/slr/hmw042
Connecting to academic.oup.com (academic.oup.com)|173.254.190.144|:443... connected.
HTTP request sent, awaiting response... 200 OK
Length: 71245 (70K) [text/html]
Saving to: ‘hmw042’

     0K .......... .......... .......... .......... .......... 71%  209K 0s
    50K .......... .........                                  100% 18.4M=0.2s

2017-02-03 18:10:33 (290 KB/s) - ‘hmw042’ saved [71245/71245]

--2017-02-03 18:10:34--  http://doi.org/10.1093/slr/hmw019
Connecting to doi.org (doi.org)|208.254.38.90|:80... connected.
HTTP request sent, awaiting response... 303 See Other
Location: https://academic.oup.com/slr/article-lookup/doi/10.1093/slr/hmw019 [following]
--2017-02-03 18:10:35--  https://academic.oup.com/slr/article-lookup/doi/10.1093/slr/hmw019
Connecting to academic.oup.com (academic.oup.com)|173.254.190.144|:443... connected.
HTTP request sent, awaiting response... 200 OK
Length: 62893 (61K) [text/html]
Saving to: ‘hmw019’

     0K .......... .......... .......... .......... .......... 81%  223K 0s
    50K .......... .                                          100%  145K=0.3s

2017-02-03 18:10:45 (203 KB/s) - ‘hmw019’ saved [62893/62893]

--2017-02-03 18:10:46--  http://doi.org/10.1093/slr/hmw015
Connecting to doi.org (doi.org)|208.254.38.90|:80... connected.
HTTP request sent, awaiting response... 303 See Other
Location: https://academic.oup.com/slr/article-lookup/doi/10.1093/slr/hmw015 [following]
--2017-02-03 18:10:47--  https://academic.oup.com/slr/article-lookup/doi/10.1093/slr/hmw015
Connecting to academic.oup.com (academic.oup.com)|173.254.190.144|:443... connected.
HTTP request sent, awaiting response... 200 OK
Length: 62780 (61K) [text/html]
Saving to: ‘hmw015’

     0K .......... .......... .......... .......... .......... 81%  209K 0s
    50K .......... .                                          100% 19.8M=0.2s

2017-02-03 18:10:55 (256 KB/s) - ‘hmw015’ saved [62780/62780]

--2017-02-03 18:10:56--  http://doi.org/10.1093/slr/hmw018
Connecting to doi.org (doi.org)|208.254.38.90|:80... connected.
HTTP request sent, awaiting response... 303 See Other
Location: https://academic.oup.com/slr/article-lookup/doi/10.1093/slr/hmw018 [following]
--2017-02-03 18:10:57--  https://academic.oup.com/slr/article-lookup/doi/10.1093/slr/hmw018
Connecting to academic.oup.com (academic.oup.com)|173.254.190.144|:443... connected.
HTTP request sent, awaiting response... 200 OK
Length: 77878 (76K) [text/html]
Saving to: ‘hmw018’

     0K .......... .......... .......... .......... .......... 65%  209K 0s
    50K .......... .......... ......                          100% 11.4M=0.2s

2017-02-03 18:11:07 (315 KB/s) - ‘hmw018’ saved [77878/77878]

--2017-02-03 18:11:08--  http://doi.org/10.1093/slr/hmw031
Connecting to doi.org (doi.org)|208.254.38.90|:80... connected.
HTTP request sent, awaiting response... 303 See Other
Location: https://academic.oup.com/slr/article-lookup/doi/10.1093/slr/hmw031 [following]
--2017-02-03 18:11:09--  https://academic.oup.com/slr/article-lookup/doi/10.1093/slr/hmw031
Connecting to academic.oup.com (academic.oup.com)|173.254.190.144|:443... connected.
HTTP request sent, awaiting response... 200 OK
Length: 69040 (67K) [text/html]
Saving to: ‘hmw031’

     0K .......... .......... .......... .......... .......... 74%  208K 0s
    50K .......... .......                                    100% 14.0M=0.2s

2017-02-03 18:11:18 (279 KB/s) - ‘hmw031’ saved [69040/69040]

--2017-02-03 18:11:19--  http://doi.org/10.1093/slr/hmw038
Connecting to doi.org (doi.org)|208.254.38.90|:80... connected.
HTTP request sent, awaiting response... 303 See Other
Location: https://academic.oup.com/slr/article-lookup/doi/10.1093/slr/hmw038 [following]
--2017-02-03 18:11:20--  https://academic.oup.com/slr/article-lookup/doi/10.1093/slr/hmw038
Connecting to academic.oup.com (academic.oup.com)|173.254.190.144|:443... connected.
HTTP request sent, awaiting response... 200 OK
Length: 113901 (111K) [text/html]
Saving to: ‘hmw038’

     0K .......... .......... .......... .......... .......... 44%  209K 0s
    50K .......... .......... .......... .......... .......... 89%  606K 0s
   100K .......... .                                          100% 9.65M=0.3s

2017-02-03 18:11:28 (345 KB/s) - ‘hmw038’ saved [113901/113901]

--2017-02-03 18:11:29--  http://doi.org/10.1093/slr/hmw039
Connecting to doi.org (doi.org)|208.254.38.90|:80... connected.
HTTP request sent, awaiting response... 303 See Other
Location: https://academic.oup.com/slr/article-lookup/doi/10.1093/slr/hmw039 [following]
--2017-02-03 18:11:30--  https://academic.oup.com/slr/article-lookup/doi/10.1093/slr/hmw039
Connecting to academic.oup.com (academic.oup.com)|173.254.190.144|:443... connected.
HTTP request sent, awaiting response... 200 OK
Length: 95368 (93K) [text/html]
Saving to: ‘hmw039’

     0K .......... .......... .......... .......... .......... 53%  209K 0s
    50K .......... .......... .......... .......... ...       100%  540K=0.3s

2017-02-03 18:11:38 (291 KB/s) - ‘hmw039’ saved [95368/95368]

--2017-02-03 18:11:39--  http://doi.org/10.1093/slr/hmw035
Connecting to doi.org (doi.org)|208.254.38.90|:80... connected.
HTTP request sent, awaiting response... 303 See Other
Location: https://academic.oup.com/slr/article-lookup/doi/10.1093/slr/hmw035 [following]
--2017-02-03 18:11:40--  https://academic.oup.com/slr/article-lookup/doi/10.1093/slr/hmw035
Connecting to academic.oup.com (academic.oup.com)|173.254.190.144|:443... connected.
HTTP request sent, awaiting response... 200 OK
Length: 121107 (118K) [text/html]
Saving to: ‘hmw035’

     0K .......... .......... .......... .......... .......... 42%  209K 0s
    50K .......... .......... .......... .......... .......... 84%  583K 0s
   100K .......... ........                                   100% 19.8M=0.3s

2017-02-03 18:11:48 (363 KB/s) - ‘hmw035’ saved [121107/121107]

--2017-02-03 18:11:49--  http://doi.org/10.1093/slr/hmw036
Connecting to doi.org (doi.org)|208.254.38.90|:80... connected.
HTTP request sent, awaiting response... 303 See Other
Location: https://academic.oup.com/slr/article-lookup/doi/10.1093/slr/hmw036 [following]
--2017-02-03 18:11:51--  https://academic.oup.com/slr/article-lookup/doi/10.1093/slr/hmw036
Connecting to academic.oup.com (academic.oup.com)|173.254.190.144|:443... connected.
HTTP request sent, awaiting response... 200 OK
Length: 163872 (160K) [text/html]
Saving to: ‘hmw036’

     0K .......... .......... .......... .......... .......... 31%  207K 1s
    50K .......... .......... .......... .......... .......... 62%  589K 0s
   100K .......... .......... .......... .......... .......... 93%  588K 0s
   150K ..........                                            100% 24.9M=0.4s

2017-02-03 18:12:01 (389 KB/s) - ‘hmw036’ saved [163872/163872]

--2017-02-03 18:12:02--  http://doi.org/10.1093/slr/hmw030
Connecting to doi.org (doi.org)|208.254.38.90|:80... connected.
HTTP request sent, awaiting response... 303 See Other
Location: https://academic.oup.com/slr/article-lookup/doi/10.1093/slr/hmw030 [following]
--2017-02-03 18:12:03--  https://academic.oup.com/slr/article-lookup/doi/10.1093/slr/hmw030
Connecting to academic.oup.com (academic.oup.com)|173.254.190.144|:443... connected.
HTTP request sent, awaiting response... 200 OK
Length: 178663 (174K) [text/html]
Saving to: ‘hmw030’

     0K .......... .......... .......... .......... .......... 28%  209K 1s
    50K .......... .......... .......... .......... .......... 57%  585K 0s
   100K .......... .......... .......... .......... .......... 85%  598K 0s
   150K .......... .......... ....                            100%  339K=0.5s

2017-02-03 18:12:10 (363 KB/s) - ‘hmw030’ saved [178663/178663]

--2017-02-03 18:12:11--  http://doi.org/10.1093/slr/hmw032
Connecting to doi.org (doi.org)|208.254.38.90|:80... connected.
HTTP request sent, awaiting response... 303 See Other
Location: https://academic.oup.com/slr/article-lookup/doi/10.1093/slr/hmw032 [following]
--2017-02-03 18:12:12--  https://academic.oup.com/slr/article-lookup/doi/10.1093/slr/hmw032
Connecting to academic.oup.com (academic.oup.com)|173.254.190.144|:443... connected.
HTTP request sent, awaiting response... 200 OK
Length: 66146 (65K) [text/html]
Saving to: ‘hmw032’

     0K .......... .......... .......... .......... .......... 77%  207K 0s
    50K .......... ....                                       100% 14.5M=0.2s

2017-02-03 18:12:17 (267 KB/s) - ‘hmw032’ saved [66146/66146]

--2017-02-03 18:12:18--  http://doi.org/10.1093/slr/hmw011
Connecting to doi.org (doi.org)|208.254.38.90|:80... connected.
HTTP request sent, awaiting response... 303 See Other
Location: https://academic.oup.com/slr/article-lookup/doi/10.1093/slr/hmw011 [following]
--2017-02-03 18:12:19--  https://academic.oup.com/slr/article-lookup/doi/10.1093/slr/hmw011
Connecting to academic.oup.com (academic.oup.com)|173.254.190.144|:443... connected.
HTTP request sent, awaiting response... 200 OK
Length: 62845 (61K) [text/html]
Saving to: ‘hmw011’

     0K .......... .......... .......... .......... .......... 81%  209K 0s
    50K .......... .                                          100% 16.6M=0.2s

2017-02-03 18:12:25 (255 KB/s) - ‘hmw011’ saved [62845/62845]

--2017-02-03 18:12:26--  http://doi.org/10.1093/slr/hmw033
Connecting to doi.org (doi.org)|208.254.38.90|:80... connected.
HTTP request sent, awaiting response... 303 See Other
Location: https://academic.oup.com/slr/article-lookup/doi/10.1093/slr/hmw033 [following]
--2017-02-03 18:12:27--  https://academic.oup.com/slr/article-lookup/doi/10.1093/slr/hmw033
Connecting to academic.oup.com (academic.oup.com)|173.254.190.144|:443... connected.
HTTP request sent, awaiting response... 200 OK
Length: 94009 (92K) [text/html]
Saving to: ‘hmw033’

     0K .......... .......... .......... .......... .......... 54%  207K 0s
    50K .......... .......... .......... .......... .         100%  522K=0.3s

2017-02-03 18:12:33 (286 KB/s) - ‘hmw033’ saved [94009/94009]

--2017-02-03 18:12:34--  http://doi.org/10.1093/slr/hmw013
Connecting to doi.org (doi.org)|208.254.38.90|:80... connected.
HTTP request sent, awaiting response... 303 See Other
Location: https://academic.oup.com/slr/article-lookup/doi/10.1093/slr/hmw013 [following]
--2017-02-03 18:12:35--  https://academic.oup.com/slr/article-lookup/doi/10.1093/slr/hmw013
Connecting to academic.oup.com (academic.oup.com)|173.254.190.144|:443... connected.
HTTP request sent, awaiting response... 400 Bad Request
2017-02-03 18:12:37 ERROR 400: Bad Request.

--2017-02-03 18:12:38--  http://doi.org/10.1093/slr/hmw034
Connecting to doi.org (doi.org)|208.254.38.90|:80... connected.
HTTP request sent, awaiting response... 303 See Other
Location: https://academic.oup.com/slr/article-lookup/doi/10.1093/slr/hmw034 [following]
--2017-02-03 18:12:39--  https://academic.oup.com/slr/article-lookup/doi/10.1093/slr/hmw034
Connecting to academic.oup.com (academic.oup.com)|173.254.190.144|:443... connected.
HTTP request sent, awaiting response... 200 OK
Length: 81637 (80K) [text/html]
Saving to: ‘hmw034’

     0K .......... .......... .......... .......... .......... 62%  208K 0s
    50K .......... .......... .........                       100% 10.2M=0.2s

2017-02-03 18:12:47 (328 KB/s) - ‘hmw034’ saved [81637/81637]

--2017-02-03 18:12:48--  http://doi.org/10.1093/slr/hmw014
Connecting to doi.org (doi.org)|208.254.38.90|:80... connected.
HTTP request sent, awaiting response... 303 See Other
Location: https://academic.oup.com/slr/article-lookup/doi/10.1093/slr/hmw014 [following]
--2017-02-03 18:12:49--  https://academic.oup.com/slr/article-lookup/doi/10.1093/slr/hmw014
Connecting to academic.oup.com (academic.oup.com)|173.254.190.144|:443... connected.
HTTP request sent, awaiting response... 200 OK
Length: 62503 (61K) [text/html]
Saving to: ‘hmw014’

     0K .......... .......... .......... .......... .......... 81%  208K 0s
    50K .......... .                                          100% 22.7M=0.2s

2017-02-03 18:12:54 (254 KB/s) - ‘hmw014’ saved [62503/62503]

--2017-02-03 18:12:55--  http://doi.org/10.1093/slr/hmw012
Connecting to doi.org (doi.org)|208.254.38.90|:80... connected.
HTTP request sent, awaiting response... 303 See Other
Location: https://academic.oup.com/slr/article-lookup/doi/10.1093/slr/hmw012 [following]
--2017-02-03 18:12:57--  https://academic.oup.com/slr/article-lookup/doi/10.1093/slr/hmw012
Connecting to academic.oup.com (academic.oup.com)|173.254.190.144|:443... connected.
HTTP request sent, awaiting response... 200 OK
Length: 62603 (61K) [text/html]
Saving to: ‘hmw012’

     0K .......... .......... .......... .......... .......... 81%  209K 0s
    50K .......... .                                          100% 17.4M=0.2s

2017-02-03 18:13:03 (255 KB/s) - ‘hmw012’ saved [62603/62603]

--2017-02-03 18:13:04--  http://doi.org/10.1093/slr/hmw010
Connecting to doi.org (doi.org)|208.254.38.90|:80... connected.
HTTP request sent, awaiting response... 303 See Other
Location: https://academic.oup.com/slr/article-lookup/doi/10.1093/slr/hmw010 [following]
--2017-02-03 18:13:06--  https://academic.oup.com/slr/article-lookup/doi/10.1093/slr/hmw010
Connecting to academic.oup.com (academic.oup.com)|173.254.190.144|:443... connected.
HTTP request sent, awaiting response... 200 OK
Length: 62787 (61K) [text/html]
Saving to: ‘hmw010’

     0K .......... .......... .......... .......... .......... 81%  209K 0s
    50K .......... .                                          100% 24.0M=0.2s

2017-02-03 18:13:09 (255 KB/s) - ‘hmw010’ saved [62787/62787]

--2017-02-03 18:13:10--  http://doi.org/10.1093/slr/hmw026
Connecting to doi.org (doi.org)|208.254.38.90|:80... connected.
HTTP request sent, awaiting response... 303 See Other
Location: https://academic.oup.com/slr/article-lookup/doi/10.1093/slr/hmw026 [following]
--2017-02-03 18:13:12--  https://academic.oup.com/slr/article-lookup/doi/10.1093/slr/hmw026
Connecting to academic.oup.com (academic.oup.com)|173.254.190.144|:443... connected.
HTTP request sent, awaiting response... 200 OK
Length: 136291 (133K) [text/html]
Saving to: ‘hmw026’

     0K .......... .......... .......... .......... .......... 37%  208K 0s
    50K .......... .......... .......... .......... .......... 75%  597K 0s
   100K .......... .......... .......... ...                  100%  426K=0.4s

2017-02-03 18:13:20 (332 KB/s) - ‘hmw026’ saved [136291/136291]

--2017-02-03 18:13:21--  http://doi.org/10.1093/slr/hmw027
Connecting to doi.org (doi.org)|208.254.38.90|:80... connected.
HTTP request sent, awaiting response... 303 See Other
Location: https://academic.oup.com/slr/article-lookup/doi/10.1093/slr/hmw027 [following]
--2017-02-03 18:13:22--  https://academic.oup.com/slr/article-lookup/doi/10.1093/slr/hmw027
Connecting to academic.oup.com (academic.oup.com)|173.254.190.144|:443... connected.
HTTP request sent, awaiting response... 200 OK
Length: 110709 (108K) [text/html]
Saving to: ‘hmw027’

     0K .......... .......... .......... .......... .......... 46%  305K 0s
    50K .......... .......... .......... .......... .......... 92%  314K 0s
   100K ........                                              100% 22.5M=0.3s

2017-02-03 18:13:26 (334 KB/s) - ‘hmw027’ saved [110709/110709]

--2017-02-03 18:13:27--  http://doi.org/10.1093/slr/hmv019
Connecting to doi.org (doi.org)|208.254.38.90|:80... connected.
HTTP request sent, awaiting response... 303 See Other
Location: https://academic.oup.com/slr/article-lookup/doi/10.1093/slr/hmv019 [following]
--2017-02-03 18:13:29--  https://academic.oup.com/slr/article-lookup/doi/10.1093/slr/hmv019
Connecting to academic.oup.com (academic.oup.com)|173.254.190.144|:443... connected.
HTTP request sent, awaiting response... 200 OK
Length: 180391 (176K) [text/html]
Saving to: ‘hmv019’

     0K .......... .......... .......... .......... .......... 28%  209K 1s
    50K .......... .......... .......... .......... .......... 56%  607K 0s
   100K .......... .......... .......... .......... .......... 85%  602K 0s
   150K .......... .......... ......                          100%  328K=0.5s

2017-02-03 18:13:37 (364 KB/s) - ‘hmv019’ saved [180391/180391]

--2017-02-03 18:13:38--  http://doi.org/10.1093/slr/hmw021
Connecting to doi.org (doi.org)|208.254.38.90|:80... connected.
HTTP request sent, awaiting response... 303 See Other
Location: https://academic.oup.com/slr/article-lookup/doi/10.1093/slr/hmw021 [following]
--2017-02-03 18:13:40--  https://academic.oup.com/slr/article-lookup/doi/10.1093/slr/hmw021
Connecting to academic.oup.com (academic.oup.com)|173.254.190.144|:443... connected.
HTTP request sent, awaiting response... 200 OK
Length: 131207 (128K) [text/html]
Saving to: ‘hmw021’

     0K .......... .......... .......... .......... .......... 39%  209K 0s
    50K .......... .......... .......... .......... .......... 78%  605K 0s
   100K .......... .......... ........                        100%  357K=0.4s

2017-02-03 18:13:45 (320 KB/s) - ‘hmw021’ saved [131207/131207]

--2017-02-03 18:13:46--  http://doi.org/10.1093/slr/hmw025
Connecting to doi.org (doi.org)|208.254.38.90|:80... connected.
HTTP request sent, awaiting response... 303 See Other
Location: https://academic.oup.com/slr/article-lookup/doi/10.1093/slr/hmw025 [following]
--2017-02-03 18:13:48--  https://academic.oup.com/slr/article-lookup/doi/10.1093/slr/hmw025
Connecting to academic.oup.com (academic.oup.com)|173.254.190.144|:443... connected.
HTTP request sent, awaiting response... 200 OK
Length: 151789 (148K) [text/html]
Saving to: ‘hmw025’

     0K .......... .......... .......... .......... .......... 33%  209K 0s
    50K .......... .......... .......... .......... .......... 67%  600K 0s
   100K .......... .......... .......... .......... ........  100%  593K=0.4s

2017-02-03 18:13:52 (367 KB/s) - ‘hmw025’ saved [151789/151789]

--2017-02-03 18:13:53--  http://doi.org/10.1093/slr/hmw023
Connecting to doi.org (doi.org)|208.254.38.90|:80... connected.
HTTP request sent, awaiting response... 303 See Other
Location: https://academic.oup.com/slr/article-lookup/doi/10.1093/slr/hmw023 [following]
--2017-02-03 18:13:54--  https://academic.oup.com/slr/article-lookup/doi/10.1093/slr/hmw023
Connecting to academic.oup.com (academic.oup.com)|173.254.190.144|:443... connected.
HTTP request sent, awaiting response... 200 OK
Length: 129503 (126K) [text/html]
Saving to: ‘hmw023’

     0K .......... .......... .......... .......... .......... 39%  209K 0s
    50K .......... .......... .......... .......... .......... 79%  601K 0s
   100K .......... .......... ......                          100% 11.9M=0.3s

2017-02-03 18:14:01 (390 KB/s) - ‘hmw023’ saved [129503/129503]

--2017-02-03 18:14:02--  http://doi.org/10.1093/slr/hmv029
Connecting to doi.org (doi.org)|208.254.38.90|:80... connected.
HTTP request sent, awaiting response... 303 See Other
Location: https://academic.oup.com/slr/article-lookup/doi/10.1093/slr/hmv029 [following]
--2017-02-03 18:14:03--  https://academic.oup.com/slr/article-lookup/doi/10.1093/slr/hmv029
Connecting to academic.oup.com (academic.oup.com)|173.254.190.144|:443... connected.
HTTP request sent, awaiting response... 200 OK
Length: 102225 (100K) [text/html]
Saving to: ‘hmv029’

     0K .......... .......... .......... .......... .......... 50%  208K 0s
    50K .......... .......... .......... .......... ......... 100%  608K=0.3s

2017-02-03 18:14:09 (310 KB/s) - ‘hmv029’ saved [102225/102225]

--2017-02-03 18:14:10--  http://doi.org/10.1093/slr/hmw024
Connecting to doi.org (doi.org)|208.254.38.90|:80... connected.
HTTP request sent, awaiting response... 303 See Other
Location: https://academic.oup.com/slr/article-lookup/doi/10.1093/slr/hmw024 [following]
--2017-02-03 18:14:11--  https://academic.oup.com/slr/article-lookup/doi/10.1093/slr/hmw024
Connecting to academic.oup.com (academic.oup.com)|173.254.190.144|:443... connected.
HTTP request sent, awaiting response... 400 Bad Request
2017-02-03 18:14:12 ERROR 400: Bad Request.

--2017-02-03 18:14:13--  http://doi.org/10.1093/slr/hmv035
Connecting to doi.org (doi.org)|208.254.38.90|:80... connected.
HTTP request sent, awaiting response... 303 See Other
Location: https://academic.oup.com/slr/article-lookup/doi/10.1093/slr/hmv035 [following]
--2017-02-03 18:14:14--  https://academic.oup.com/slr/article-lookup/doi/10.1093/slr/hmv035
Connecting to academic.oup.com (academic.oup.com)|173.254.190.144|:443... connected.
HTTP request sent, awaiting response... 200 OK
Length: 109678 (107K) [text/html]
Saving to: ‘hmv035’

     0K .......... .......... .......... .......... .......... 46%  209K 0s
    50K .......... .......... .......... .......... .......... 93%  608K 0s
   100K .......                                               100% 21.9M=0.3s

2017-02-03 18:14:23 (333 KB/s) - ‘hmv035’ saved [109678/109678]

--2017-02-03 18:14:24--  http://doi.org/10.1093/slr/hmw022
Connecting to doi.org (doi.org)|208.254.38.90|:80... connected.
HTTP request sent, awaiting response... 303 See Other
Location: https://academic.oup.com/slr/article-lookup/doi/10.1093/slr/hmw022 [following]
--2017-02-03 18:14:25--  https://academic.oup.com/slr/article-lookup/doi/10.1093/slr/hmw022
Connecting to academic.oup.com (academic.oup.com)|173.254.190.144|:443... connected.
HTTP request sent, awaiting response... 200 OK
Length: 98263 (96K) [text/html]
Saving to: ‘hmw022’

     0K .......... .......... .......... .......... .......... 52%  209K 0s
    50K .......... .......... .......... .......... .....     100%  567K=0.3s

2017-02-03 18:14:32 (299 KB/s) - ‘hmw022’ saved [98263/98263]

--2017-02-03 18:14:33--  http://doi.org/10.1093/slr/hmw020
Connecting to doi.org (doi.org)|208.254.38.90|:80... connected.
HTTP request sent, awaiting response... 303 See Other
Location: https://academic.oup.com/slr/article-lookup/doi/10.1093/slr/hmw020 [following]
--2017-02-03 18:14:34--  https://academic.oup.com/slr/article-lookup/doi/10.1093/slr/hmw020
Connecting to academic.oup.com (academic.oup.com)|173.254.190.144|:443... connected.
HTTP request sent, awaiting response... 200 OK
Length: 144103 (141K) [text/html]
Saving to: ‘hmw020’

     0K .......... .......... .......... .......... .......... 35%  208K 0s
    50K .......... .......... .......... .......... .......... 71%  599K 0s
   100K .......... .......... .......... ..........           100%  506K=0.4s

2017-02-03 18:14:43 (348 KB/s) - ‘hmw020’ saved [144103/144103]

--2017-02-03 18:14:44--  http://doi.org/10.1093/slr/hmv030
Connecting to doi.org (doi.org)|208.254.38.90|:80... connected.
HTTP request sent, awaiting response... 303 See Other
Location: https://academic.oup.com/slr/article-lookup/doi/10.1093/slr/hmv030 [following]
--2017-02-03 18:14:45--  https://academic.oup.com/slr/article-lookup/doi/10.1093/slr/hmv030
Connecting to academic.oup.com (academic.oup.com)|173.254.190.144|:443... connected.
HTTP request sent, awaiting response... 200 OK
Length: 115276 (113K) [text/html]
Saving to: ‘hmv030’

     0K .......... .......... .......... .......... .......... 44%  208K 0s
    50K .......... .......... .......... .......... .......... 88%  595K 0s
   100K .......... ..                                         100% 28.8M=0.3s

2017-02-03 18:14:54 (347 KB/s) - ‘hmv030’ saved [115276/115276]

--2017-02-03 18:14:55--  http://doi.org/10.1093/slr/hmw002
Connecting to doi.org (doi.org)|208.254.38.90|:80... connected.
HTTP request sent, awaiting response... 303 See Other
Location: https://academic.oup.com/slr/article-lookup/doi/10.1093/slr/hmw002 [following]
--2017-02-03 18:14:56--  https://academic.oup.com/slr/article-lookup/doi/10.1093/slr/hmw002
Connecting to academic.oup.com (academic.oup.com)|173.254.190.144|:443... connected.
HTTP request sent, awaiting response... 200 OK
Length: 161627 (158K) [text/html]
Saving to: ‘hmw002’

     0K .......... .......... .......... .......... .......... 31%  209K 1s
    50K .......... .......... .......... .......... .......... 63%  609K 0s
   100K .......... .......... .......... .......... .......... 95%  614K 0s
   150K .......                                               100% 2.07M=0.4s

2017-02-03 18:15:03 (388 KB/s) - ‘hmw002’ saved [161627/161627]

--2017-02-03 18:15:04--  http://doi.org/10.1093/slr/hmw006
Connecting to doi.org (doi.org)|208.254.38.90|:80... connected.
HTTP request sent, awaiting response... 303 See Other
Location: https://academic.oup.com/slr/article-lookup/doi/10.1093/slr/hmw006 [following]
--2017-02-03 18:15:05--  https://academic.oup.com/slr/article-lookup/doi/10.1093/slr/hmw006
Connecting to academic.oup.com (academic.oup.com)|173.254.190.144|:443... connected.
HTTP request sent, awaiting response... 200 OK
Length: 62853 (61K) [text/html]
Saving to: ‘hmw006’

     0K .......... .......... .......... .......... .......... 81%  209K 0s
    50K .......... .                                          100% 18.5M=0.2s

2017-02-03 18:15:14 (255 KB/s) - ‘hmw006’ saved [62853/62853]

--2017-02-03 18:15:15--  http://doi.org/10.1093/slr/hmw005
Connecting to doi.org (doi.org)|208.254.38.90|:80... connected.
HTTP request sent, awaiting response... 303 See Other
Location: https://academic.oup.com/slr/article-lookup/doi/10.1093/slr/hmw005 [following]
--2017-02-03 18:15:16--  https://academic.oup.com/slr/article-lookup/doi/10.1093/slr/hmw005
Connecting to academic.oup.com (academic.oup.com)|173.254.190.144|:443... connected.
HTTP request sent, awaiting response... 200 OK
Length: 62807 (61K) [text/html]
Saving to: ‘hmw005’

     0K .......... .......... .......... .......... .......... 81%  209K 0s
    50K .......... .                                          100% 20.9M=0.2s

2017-02-03 18:15:22 (256 KB/s) - ‘hmw005’ saved [62807/62807]

--2017-02-03 18:15:23--  http://doi.org/10.1093/slr/hmw008
Connecting to doi.org (doi.org)|208.254.38.90|:80... connected.
HTTP request sent, awaiting response... 303 See Other
Location: https://academic.oup.com/slr/article-lookup/doi/10.1093/slr/hmw008 [following]
--2017-02-03 18:15:24--  https://academic.oup.com/slr/article-lookup/doi/10.1093/slr/hmw008
Connecting to academic.oup.com (academic.oup.com)|173.254.190.144|:443... connected.
HTTP request sent, awaiting response... 200 OK
Length: 62931 (61K) [text/html]
Saving to: ‘hmw008’

     0K .......... .......... .......... .......... .......... 81%  194K 0s
    50K .......... .                                          100% 19.1M=0.3s

2017-02-03 18:15:36 (237 KB/s) - ‘hmw008’ saved [62931/62931]

--2017-02-03 18:15:37--  http://doi.org/10.1093/slr/hmw009
Connecting to doi.org (doi.org)|208.254.38.90|:80... connected.
HTTP request sent, awaiting response... 303 See Other
Location: https://academic.oup.com/slr/article-lookup/doi/10.1093/slr/hmw009 [following]
--2017-02-03 18:15:38--  https://academic.oup.com/slr/article-lookup/doi/10.1093/slr/hmw009
Connecting to academic.oup.com (academic.oup.com)|173.254.190.144|:443... connected.
HTTP request sent, awaiting response... 400 Bad Request
2017-02-03 18:15:39 ERROR 400: Bad Request.

--2017-02-03 18:15:40--  http://doi.org/10.1093/slr/hmw007
Connecting to doi.org (doi.org)|208.254.38.90|:80... connected.
HTTP request sent, awaiting response... 303 See Other
Location: https://academic.oup.com/slr/article-lookup/doi/10.1093/slr/hmw007 [following]
--2017-02-03 18:15:41--  https://academic.oup.com/slr/article-lookup/doi/10.1093/slr/hmw007
Connecting to academic.oup.com (academic.oup.com)|173.254.190.144|:443... connected.
HTTP request sent, awaiting response... 200 OK
Length: 62802 (61K) [text/html]
Saving to: ‘hmw007’

     0K .......... .......... .......... .......... .......... 81%  309K 0s
    50K .......... .                                          100%  145K=0.2s

2017-02-03 18:15:51 (256 KB/s) - ‘hmw007’ saved [62802/62802]

--2017-02-03 18:15:52--  http://doi.org/10.1093/slr/hmw004
Connecting to doi.org (doi.org)|208.254.38.90|:80... connected.
HTTP request sent, awaiting response... 303 See Other
Location: https://academic.oup.com/slr/article-lookup/doi/10.1093/slr/hmw004 [following]
--2017-02-03 18:15:54--  https://academic.oup.com/slr/article-lookup/doi/10.1093/slr/hmw004
Connecting to academic.oup.com (academic.oup.com)|173.254.190.144|:443... connected.
HTTP request sent, awaiting response... 200 OK
Length: 83994 (82K) [text/html]
Saving to: ‘hmw004’

     0K .......... .......... .......... .......... .......... 60%  209K 0s
    50K .......... .......... .......... ..                   100% 12.1M=0.2s

2017-02-03 18:16:01 (340 KB/s) - ‘hmw004’ saved [83994/83994]

--2017-02-03 18:16:02--  http://doi.org/10.1093/slr/hmv040
Connecting to doi.org (doi.org)|208.254.38.90|:80... connected.
HTTP request sent, awaiting response... 303 See Other
Location: https://academic.oup.com/slr/article-lookup/doi/10.1093/slr/hmv040 [following]
--2017-02-03 18:16:03--  https://academic.oup.com/slr/article-lookup/doi/10.1093/slr/hmv040
Connecting to academic.oup.com (academic.oup.com)|173.254.190.144|:443... connected.
HTTP request sent, awaiting response... 200 OK
Length: 112282 (110K) [text/html]
Saving to: ‘hmv040’

     0K .......... .......... .......... .......... .......... 45%  209K 0s
    50K .......... .......... .......... .......... .......... 91%  606K 0s
   100K .........                                             100% 39.9M=0.3s

2017-02-03 18:16:10 (341 KB/s) - ‘hmv040’ saved [112282/112282]

--2017-02-03 18:16:11--  http://doi.org/10.1093/slr/hmv033
Connecting to doi.org (doi.org)|208.254.38.90|:80... connected.
HTTP request sent, awaiting response... 303 See Other
Location: https://academic.oup.com/slr/article-lookup/doi/10.1093/slr/hmv033 [following]
--2017-02-03 18:16:12--  https://academic.oup.com/slr/article-lookup/doi/10.1093/slr/hmv033
Connecting to academic.oup.com (academic.oup.com)|173.254.190.144|:443... connected.
HTTP request sent, awaiting response... 200 OK
Length: 226851 (222K) [text/html]
Saving to: ‘hmv033’

     0K .......... .......... .......... .......... .......... 22%  209K 1s
    50K .......... .......... .......... .......... .......... 45%  605K 0s
   100K .......... .......... .......... .......... .......... 67%  612K 0s
   150K .......... .......... .......... .......... .......... 90%  593K 0s
   200K .......... .......... .                               100%  274K=0.6s

2017-02-03 18:16:21 (391 KB/s) - ‘hmv033’ saved [226851/226851]

--2017-02-03 18:16:22--  http://doi.org/10.1093/slr/hmv042
Connecting to doi.org (doi.org)|208.254.38.90|:80... connected.
HTTP request sent, awaiting response... 303 See Other
Location: https://academic.oup.com/slr/article-lookup/doi/10.1093/slr/hmv042 [following]
--2017-02-03 18:16:23--  https://academic.oup.com/slr/article-lookup/doi/10.1093/slr/hmv042
Connecting to academic.oup.com (academic.oup.com)|173.254.190.144|:443... connected.
HTTP request sent, awaiting response... 200 OK
Length: 164158 (160K) [text/html]
Saving to: ‘hmv042’

     0K .......... .......... .......... .......... .......... 31%  209K 1s
    50K .......... .......... .......... .......... .......... 62%  591K 0s
   100K .......... .......... .......... .......... .......... 93%  582K 0s
   150K ..........                                            100% 41.0M=0.4s

2017-02-03 18:16:27 (391 KB/s) - ‘hmv042’ saved [164158/164158]

--2017-02-03 18:16:28--  http://doi.org/10.1093/slr/hmw001
Connecting to doi.org (doi.org)|208.254.38.90|:80... connected.
HTTP request sent, awaiting response... 303 See Other
Location: https://academic.oup.com/slr/article-lookup/doi/10.1093/slr/hmw001 [following]
--2017-02-03 18:16:29--  https://academic.oup.com/slr/article-lookup/doi/10.1093/slr/hmw001
Connecting to academic.oup.com (academic.oup.com)|173.254.190.144|:443... connected.
HTTP request sent, awaiting response... 400 Bad Request
2017-02-03 18:16:30 ERROR 400: Bad Request.

--2017-02-03 18:16:31--  http://doi.org/10.1093/slr/hmv039
Connecting to doi.org (doi.org)|208.254.38.90|:80... connected.
HTTP request sent, awaiting response... 303 See Other
Location: https://academic.oup.com/slr/article-lookup/doi/10.1093/slr/hmv039 [following]
--2017-02-03 18:16:32--  https://academic.oup.com/slr/article-lookup/doi/10.1093/slr/hmv039
Connecting to academic.oup.com (academic.oup.com)|173.254.190.144|:443... connected.
HTTP request sent, awaiting response... 200 OK
Length: 100641 (98K) [text/html]
Saving to: ‘hmv039’

     0K .......... .......... .......... .......... .......... 50%  208K 0s
    50K .......... .......... .......... .......... ........  100%  588K=0.3s

2017-02-03 18:16:41 (305 KB/s) - ‘hmv039’ saved [100641/100641]

--2017-02-03 18:16:42--  http://doi.org/10.1093/slr/hmv041
Connecting to doi.org (doi.org)|208.254.38.90|:80... connected.
HTTP request sent, awaiting response... 303 See Other
Location: https://academic.oup.com/slr/article-lookup/doi/10.1093/slr/hmv041 [following]
--2017-02-03 18:16:43--  https://academic.oup.com/slr/article-lookup/doi/10.1093/slr/hmv041
Connecting to academic.oup.com (academic.oup.com)|173.254.190.144|:443... connected.
HTTP request sent, awaiting response... 200 OK
Length: 94998 (93K) [text/html]
Saving to: ‘hmv041’

     0K .......... .......... .......... .......... .......... 53%  208K 0s
    50K .......... .......... .......... .......... ..        100%  536K=0.3s

2017-02-03 18:16:50 (289 KB/s) - ‘hmv041’ saved [94998/94998]

--2017-02-03 18:16:51--  http://doi.org/10.1093/slr/hmw043
Connecting to doi.org (doi.org)|208.254.38.90|:80... connected.
HTTP request sent, awaiting response... 303 See Other
Location: http://fdslive.oup.com/www.oup.com/pdf/production_in_progress.pdf [following]
--2017-02-03 18:16:52--  http://fdslive.oup.com/www.oup.com/pdf/production_in_progress.pdf
Connecting to fdslive.oup.com (fdslive.oup.com)|193.67.160.201|:80... connected.
HTTP request sent, awaiting response... 200 OK
Length: 52438 (51K) [application/pdf]
Saving to: ‘hmw043’

     0K .......... .......... .......... .......... .......... 97% 1.29M 0s
    50K .                                                     100% 2306G=0.04s

2017-02-03 18:16:53 (1.33 MB/s) - ‘hmw043’ saved [52438/52438]

--2017-02-03 18:16:54--  http://doi.org/10.1093/slr/hmw044
Connecting to doi.org (doi.org)|208.254.38.90|:80... connected.
HTTP request sent, awaiting response... 303 See Other
Location: http://fdslive.oup.com/www.oup.com/pdf/production_in_progress.pdf [following]
--2017-02-03 18:16:55--  http://fdslive.oup.com/www.oup.com/pdf/production_in_progress.pdf
Connecting to fdslive.oup.com (fdslive.oup.com)|193.67.160.201|:80... connected.
HTTP request sent, awaiting response... 200 OK
Length: 52438 (51K) [application/pdf]
Saving to: ‘hmw044’

     0K .......... .......... .......... .......... .......... 97% 1.17M 0s
    50K .                                                     100% 2306G=0.04s

2017-02-03 18:16:55 (1.20 MB/s) - ‘hmw044’ saved [52438/52438]

--2017-02-03 18:16:56--  http://doi.org/10.1093/slr/hmw045
Connecting to doi.org (doi.org)|208.254.38.90|:80... connected.
HTTP request sent, awaiting response... 303 See Other
Location: http://fdslive.oup.com/www.oup.com/pdf/production_in_progress.pdf [following]
--2017-02-03 18:16:57--  http://fdslive.oup.com/www.oup.com/pdf/production_in_progress.pdf
Connecting to fdslive.oup.com (fdslive.oup.com)|193.67.160.201|:80... connected.
HTTP request sent, awaiting response... 200 OK
Length: 52438 (51K) [application/pdf]
Saving to: ‘hmw045’

     0K .......... .......... .......... .......... .......... 97% 1.01M 0s
    50K .                                                     100% 2306G=0.05s

2017-02-03 18:16:57 (1.04 MB/s) - ‘hmw045’ saved [52438/52438]

--2017-02-03 18:16:58--  http://doi.org/10.1093/slr/hmv036
Connecting to doi.org (doi.org)|208.254.38.90|:80... connected.
HTTP request sent, awaiting response... 303 See Other
Location: https://academic.oup.com/slr/article-lookup/doi/10.1093/slr/hmv036 [following]
--2017-02-03 18:17:00--  https://academic.oup.com/slr/article-lookup/doi/10.1093/slr/hmv036
Connecting to academic.oup.com (academic.oup.com)|173.254.190.144|:443... connected.
HTTP request sent, awaiting response... 200 OK
Length: 79055 (77K) [text/html]
Saving to: ‘hmv036’

     0K .......... .......... .......... .......... .......... 64%  209K 0s
    50K .......... .......... .......                         100% 11.8M=0.2s

2017-02-03 18:17:06 (320 KB/s) - ‘hmv036’ saved [79055/79055]

--2017-02-03 18:17:07--  http://doi.org/10.1093/slr/hmv038
Connecting to doi.org (doi.org)|208.254.38.90|:80... connected.
HTTP request sent, awaiting response... 303 See Other
Location: https://academic.oup.com/slr/article-lookup/doi/10.1093/slr/hmv038 [following]
--2017-02-03 18:17:08--  https://academic.oup.com/slr/article-lookup/doi/10.1093/slr/hmv038
Connecting to academic.oup.com (academic.oup.com)|173.254.190.144|:443... connected.
HTTP request sent, awaiting response... 200 OK
Length: 120944 (118K) [text/html]
Saving to: ‘hmv038’

     0K .......... .......... .......... .......... .......... 42%  308K 0s
    50K .......... .......... .......... .......... .......... 84%  314K 0s
   100K .......... ........                                   100% 7.02M=0.3s

2017-02-03 18:17:15 (364 KB/s) - ‘hmv038’ saved [120944/120944]

--2017-02-03 18:17:16--  http://doi.org/10.1093/slr/hmv037
Connecting to doi.org (doi.org)|208.254.38.90|:80... connected.
HTTP request sent, awaiting response... 303 See Other
Location: https://academic.oup.com/slr/article-lookup/doi/10.1093/slr/hmv037 [following]
--2017-02-03 18:17:17--  https://academic.oup.com/slr/article-lookup/doi/10.1093/slr/hmv037
Connecting to academic.oup.com (academic.oup.com)|173.254.190.144|:443... connected.
HTTP request sent, awaiting response... 200 OK
Length: 142094 (139K) [text/html]
Saving to: ‘hmv037’

     0K .......... .......... .......... .......... .......... 36%  209K 0s
    50K .......... .......... .......... .......... .......... 72%  612K 0s
   100K .......... .......... .......... ........             100%  478K=0.4s

2017-02-03 18:17:22 (345 KB/s) - ‘hmv037’ saved [142094/142094]

--2017-02-03 18:17:23--  http://doi.org/10.1093/slr/hmv027
Connecting to doi.org (doi.org)|208.254.38.90|:80... connected.
HTTP request sent, awaiting response... 303 See Other
Location: https://academic.oup.com/slr/article-lookup/doi/10.1093/slr/hmv027 [following]
--2017-02-03 18:17:24--  https://academic.oup.com/slr/article-lookup/doi/10.1093/slr/hmv027
Connecting to academic.oup.com (academic.oup.com)|173.254.190.144|:443... connected.
HTTP request sent, awaiting response... 200 OK
Length: 125558 (123K) [text/html]
Saving to: ‘hmv027’

     0K .......... .......... .......... .......... .......... 40%  208K 0s
    50K .......... .......... .......... .......... .......... 81%  601K 0s
   100K .......... .......... ..                              100% 15.5M=0.3s

2017-02-03 18:17:29 (377 KB/s) - ‘hmv027’ saved [125558/125558]

--2017-02-03 18:17:30--  http://doi.org/10.1093/slr/hmv032
Connecting to doi.org (doi.org)|208.254.38.90|:80... connected.
HTTP request sent, awaiting response... 303 See Other
Location: https://academic.oup.com/slr/article-lookup/doi/10.1093/slr/hmv032 [following]
--2017-02-03 18:17:31--  https://academic.oup.com/slr/article-lookup/doi/10.1093/slr/hmv032
Connecting to academic.oup.com (academic.oup.com)|173.254.190.144|:443... connected.
HTTP request sent, awaiting response... 200 OK
Length: 201598 (197K) [text/html]
Saving to: ‘hmv032’

     0K .......... .......... .......... .......... .......... 25%  216K 1s
    50K .......... .......... .......... .......... .......... 50%  307K 0s
   100K .......... .......... .......... .......... .......... 76%  600K 0s
   150K .......... .......... .......... .......... ......    100%  575K=0.6s

2017-02-03 18:17:39 (352 KB/s) - ‘hmv032’ saved [201598/201598]

--2017-02-03 18:17:40--  http://doi.org/10.1093/slr/hmu050
Connecting to doi.org (doi.org)|208.254.38.90|:80... connected.
HTTP request sent, awaiting response... 303 See Other
Location: https://academic.oup.com/slr/article-lookup/doi/10.1093/slr/hmu050 [following]
--2017-02-03 18:17:42--  https://academic.oup.com/slr/article-lookup/doi/10.1093/slr/hmu050
Connecting to academic.oup.com (academic.oup.com)|173.254.190.144|:443... connected.
HTTP request sent, awaiting response... 200 OK
Length: 62859 (61K) [text/html]
Saving to: ‘hmu050’

     0K .......... .......... .......... .......... .......... 81%  209K 0s
    50K .......... .                                          100% 24.2M=0.2s

2017-02-03 18:17:45 (256 KB/s) - ‘hmu050’ saved [62859/62859]

--2017-02-03 18:17:46--  http://doi.org/10.1093/slr/hmu051
Connecting to doi.org (doi.org)|208.254.38.90|:80... connected.
HTTP request sent, awaiting response... 303 See Other
Location: https://academic.oup.com/slr/article-lookup/doi/10.1093/slr/hmu051 [following]
--2017-02-03 18:17:49--  https://academic.oup.com/slr/article-lookup/doi/10.1093/slr/hmu051
Connecting to academic.oup.com (academic.oup.com)|173.254.190.144|:443... connected.
HTTP request sent, awaiting response... 200 OK
Length: 62808 (61K) [text/html]
Saving to: ‘hmu051’

     0K .......... .......... .......... .......... .......... 81%  209K 0s
    50K .......... .                                          100% 22.7M=0.2s

2017-02-03 18:17:54 (256 KB/s) - ‘hmu051’ saved [62808/62808]

--2017-02-03 18:17:55--  http://doi.org/10.1093/slr/hmu049
Connecting to doi.org (doi.org)|208.254.38.90|:80... connected.
HTTP request sent, awaiting response... 303 See Other
Location: https://academic.oup.com/slr/article-lookup/doi/10.1093/slr/hmu049 [following]
--2017-02-03 18:17:56--  https://academic.oup.com/slr/article-lookup/doi/10.1093/slr/hmu049
Connecting to academic.oup.com (academic.oup.com)|173.254.190.144|:443... connected.
HTTP request sent, awaiting response... 200 OK
Length: 62883 (61K) [text/html]
Saving to: ‘hmu049’

     0K .......... .......... .......... .......... .......... 81%  207K 0s
    50K .......... .                                          100% 23.8M=0.2s

2017-02-03 18:18:00 (254 KB/s) - ‘hmu049’ saved [62883/62883]

--2017-02-03 18:18:01--  http://doi.org/10.1093/slr/hmv034
Connecting to doi.org (doi.org)|208.254.38.90|:80... connected.
HTTP request sent, awaiting response... 303 See Other
Location: https://academic.oup.com/slr/article-lookup/doi/10.1093/slr/hmv034 [following]
--2017-02-03 18:18:02--  https://academic.oup.com/slr/article-lookup/doi/10.1093/slr/hmv034
Connecting to academic.oup.com (academic.oup.com)|173.254.190.144|:443... connected.
HTTP request sent, awaiting response... 200 OK
Length: 67850 (66K) [text/html]
Saving to: ‘hmv034’

     0K .......... .......... .......... .......... .......... 75%  210K 0s
    50K .......... ......                                     100% 17.4M=0.2s

2017-02-03 18:18:05 (277 KB/s) - ‘hmv034’ saved [67850/67850]

--2017-02-03 18:18:06--  http://doi.org/10.1093/slr/hmu052
Connecting to doi.org (doi.org)|208.254.38.90|:80... connected.
HTTP request sent, awaiting response... 303 See Other
Location: https://academic.oup.com/slr/article-lookup/doi/10.1093/slr/hmu052 [following]
--2017-02-03 18:18:08--  https://academic.oup.com/slr/article-lookup/doi/10.1093/slr/hmu052
Connecting to academic.oup.com (academic.oup.com)|173.254.190.144|:443... connected.
HTTP request sent, awaiting response... 200 OK
Length: 62937 (61K) [text/html]
Saving to: ‘hmu052’

     0K .......... .......... .......... .......... .......... 81%  209K 0s
    50K .......... .                                          100% 14.6M=0.2s

2017-02-03 18:18:13 (256 KB/s) - ‘hmu052’ saved [62937/62937]

--2017-02-03 18:18:14--  http://doi.org/10.1093/slr/hmu053
Connecting to doi.org (doi.org)|208.254.38.90|:80... connected.
HTTP request sent, awaiting response... 303 See Other
Location: https://academic.oup.com/slr/article-lookup/doi/10.1093/slr/hmu053 [following]
--2017-02-03 18:18:16--  https://academic.oup.com/slr/article-lookup/doi/10.1093/slr/hmu053
Connecting to academic.oup.com (academic.oup.com)|173.254.190.144|:443... connected.
HTTP request sent, awaiting response... 400 Bad Request
2017-02-03 18:18:17 ERROR 400: Bad Request.

--2017-02-03 18:18:18--  http://doi.org/10.1093/slr/hmv031
Connecting to doi.org (doi.org)|208.254.38.90|:80... connected.
HTTP request sent, awaiting response... 303 See Other
Location: https://academic.oup.com/slr/article-lookup/doi/10.1093/slr/hmv031 [following]
--2017-02-03 18:18:19--  https://academic.oup.com/slr/article-lookup/doi/10.1093/slr/hmv031
Connecting to academic.oup.com (academic.oup.com)|173.254.190.144|:443... connected.
HTTP request sent, awaiting response... 200 OK
Length: 176236 (172K) [text/html]
Saving to: ‘hmv031’

     0K .......... .......... .......... .......... .......... 29%  209K 1s
    50K .......... .......... .......... .......... .......... 58%  606K 0s
   100K .......... .......... .......... .......... .......... 87%  613K 0s
   150K .......... .......... ..                              100%  283K=0.5s

2017-02-03 18:18:25 (357 KB/s) - ‘hmv031’ saved [176236/176236]

--2017-02-03 18:18:26--  http://doi.org/10.1093/slr/hmv028
Connecting to doi.org (doi.org)|208.254.38.90|:80... connected.
HTTP request sent, awaiting response... 303 See Other
Location: https://academic.oup.com/slr/article-lookup/doi/10.1093/slr/hmv028 [following]
--2017-02-03 18:18:27--  https://academic.oup.com/slr/article-lookup/doi/10.1093/slr/hmv028
Connecting to academic.oup.com (academic.oup.com)|173.254.190.144|:443... connected.
HTTP request sent, awaiting response... 200 OK
Length: 99898 (98K) [text/html]
Saving to: ‘hmv028’

     0K .......... .......... .......... .......... .......... 51%  208K 0s
    50K .......... .......... .......... .......... .......   100%  586K=0.3s

2017-02-03 18:18:32 (304 KB/s) - ‘hmv028’ saved [99898/99898]

--2017-02-03 18:18:33--  http://doi.org/10.1093/slr/hmv025
Connecting to doi.org (doi.org)|208.254.38.90|:80... connected.
HTTP request sent, awaiting response... 303 See Other
Location: https://academic.oup.com/slr/article-lookup/doi/10.1093/slr/hmv025 [following]
--2017-02-03 18:18:34--  https://academic.oup.com/slr/article-lookup/doi/10.1093/slr/hmv025
Connecting to academic.oup.com (academic.oup.com)|173.254.190.144|:443... connected.
HTTP request sent, awaiting response... 200 OK
Length: 153537 (150K) [text/html]
Saving to: ‘hmv025’

     0K .......... .......... .......... .......... .......... 33%  209K 0s
    50K .......... .......... .......... .......... .......... 66%  590K 0s
   100K .......... .......... .......... .......... ......... 100%  602K=0.4s

2017-02-03 18:18:40 (368 KB/s) - ‘hmv025’ saved [153537/153537]

--2017-02-03 18:18:41--  http://doi.org/10.1093/slr/hmv026
Connecting to doi.org (doi.org)|208.254.38.90|:80... connected.
HTTP request sent, awaiting response... 303 See Other
Location: https://academic.oup.com/slr/article-lookup/doi/10.1093/slr/hmv026 [following]
--2017-02-03 18:18:44--  https://academic.oup.com/slr/article-lookup/doi/10.1093/slr/hmv026
Connecting to academic.oup.com (academic.oup.com)|173.254.190.144|:443... connected.
HTTP request sent, awaiting response... 200 OK
Length: 182576 (178K) [text/html]
Saving to: ‘hmv026’

     0K .......... .......... .......... .......... .......... 28%  209K 1s
    50K .......... .......... .......... .......... .......... 56%  605K 0s
   100K .......... .......... .......... .......... .......... 84%  613K 0s
   150K .......... .......... ........                        100%  355K=0.5s

2017-02-03 18:18:54 (369 KB/s) - ‘hmv026’ saved [182576/182576]

--2017-02-03 18:18:55--  http://doi.org/10.1093/slr/hmv023
Connecting to doi.org (doi.org)|208.254.38.90|:80... connected.
HTTP request sent, awaiting response... 303 See Other
Location: https://academic.oup.com/slr/article-lookup/doi/10.1093/slr/hmv023 [following]
--2017-02-03 18:18:56--  https://academic.oup.com/slr/article-lookup/doi/10.1093/slr/hmv023
Connecting to academic.oup.com (academic.oup.com)|173.254.190.144|:443... connected.
HTTP request sent, awaiting response... 200 OK
Length: 130786 (128K) [text/html]
Saving to: ‘hmv023’

     0K .......... .......... .......... .......... .......... 39%  207K 0s
    50K .......... .......... .......... .......... .......... 78%  598K 0s
   100K .......... .......... .......                         100%  357K=0.4s

2017-02-03 18:19:04 (317 KB/s) - ‘hmv023’ saved [130786/130786]

--2017-02-03 18:19:05--  http://doi.org/10.1093/slr/hmv024
Connecting to doi.org (doi.org)|208.254.38.90|:80... connected.
HTTP request sent, awaiting response... 303 See Other
Location: https://academic.oup.com/slr/article-lookup/doi/10.1093/slr/hmv024 [following]
--2017-02-03 18:19:06--  https://academic.oup.com/slr/article-lookup/doi/10.1093/slr/hmv024
Connecting to academic.oup.com (academic.oup.com)|173.254.190.144|:443... connected.
HTTP request sent, awaiting response... 400 Bad Request
2017-02-03 18:19:07 ERROR 400: Bad Request.

--2017-02-03 18:19:08--  http://doi.org/10.1093/slr/hmv015
Connecting to doi.org (doi.org)|208.254.38.90|:80... connected.
HTTP request sent, awaiting response... 303 See Other
Location: https://academic.oup.com/slr/article-lookup/doi/10.1093/slr/hmv015 [following]
--2017-02-03 18:19:09--  https://academic.oup.com/slr/article-lookup/doi/10.1093/slr/hmv015
Connecting to academic.oup.com (academic.oup.com)|173.254.190.144|:443... connected.
HTTP request sent, awaiting response... 200 OK
Length: 146382 (143K) [text/html]
Saving to: ‘hmv015’

     0K .......... .......... .......... .......... .......... 34%  209K 0s
    50K .......... .......... .......... .......... .......... 69%  602K 0s
   100K .......... .......... .......... .......... ..        100%  534K=0.4s

2017-02-03 18:19:17 (355 KB/s) - ‘hmv015’ saved [146382/146382]

--2017-02-03 18:19:18--  http://doi.org/10.1093/slr/hmv011
Connecting to doi.org (doi.org)|208.254.38.90|:80... connected.
HTTP request sent, awaiting response... 303 See Other
Location: https://academic.oup.com/slr/article-lookup/doi/10.1093/slr/hmv011 [following]
--2017-02-03 18:19:20--  https://academic.oup.com/slr/article-lookup/doi/10.1093/slr/hmv011
Connecting to academic.oup.com (academic.oup.com)|173.254.190.144|:443... connected.
HTTP request sent, awaiting response... 200 OK
Length: 246281 (241K) [text/html]
Saving to: ‘hmv011’

     0K .......... .......... .......... .......... .......... 20%  209K 1s
    50K .......... .......... .......... .......... .......... 41%  604K 0s
   100K .......... .......... .......... .......... .......... 62%  603K 0s
   150K .......... .......... .......... .......... .......... 83%  318K 0s
   200K .......... .......... .......... ..........           100% 7.29M=0.6s

2017-02-03 18:19:28 (424 KB/s) - ‘hmv011’ saved [246281/246281]

--2017-02-03 18:19:29--  http://doi.org/10.1093/slr/hmv013
Connecting to doi.org (doi.org)|208.254.38.90|:80... connected.
HTTP request sent, awaiting response... 303 See Other
Location: https://academic.oup.com/slr/article-lookup/doi/10.1093/slr/hmv013 [following]
--2017-02-03 18:19:31--  https://academic.oup.com/slr/article-lookup/doi/10.1093/slr/hmv013
Connecting to academic.oup.com (academic.oup.com)|173.254.190.144|:443... connected.
HTTP request sent, awaiting response... 200 OK
Length: 74254 (73K) [text/html]
Saving to: ‘hmv013’

     0K .......... .......... .......... .......... .......... 68%  209K 0s
    50K .......... .......... ..                              100% 11.2M=0.2s

2017-02-03 18:19:40 (301 KB/s) - ‘hmv013’ saved [74254/74254]

--2017-02-03 18:19:41--  http://doi.org/10.1093/slr/hmv014
Connecting to doi.org (doi.org)|208.254.38.90|:80... connected.
HTTP request sent, awaiting response... 303 See Other
Location: https://academic.oup.com/slr/article-lookup/doi/10.1093/slr/hmv014 [following]
--2017-02-03 18:19:43--  https://academic.oup.com/slr/article-lookup/doi/10.1093/slr/hmv014
Connecting to academic.oup.com (academic.oup.com)|173.254.190.144|:443... connected.
HTTP request sent, awaiting response... 200 OK
Length: 89235 (87K) [text/html]
Saving to: ‘hmv014’

     0K .......... .......... .......... .......... .......... 57%  207K 0s
    50K .......... .......... .......... .......              100% 12.4M=0.2s

2017-02-03 18:19:50 (356 KB/s) - ‘hmv014’ saved [89235/89235]

--2017-02-03 18:19:51--  http://doi.org/10.1093/slr/hmv020
Connecting to doi.org (doi.org)|208.254.38.90|:80... connected.
HTTP request sent, awaiting response... 303 See Other
Location: https://academic.oup.com/slr/article-lookup/doi/10.1093/slr/hmv020 [following]
--2017-02-03 18:19:52--  https://academic.oup.com/slr/article-lookup/doi/10.1093/slr/hmv020
Connecting to academic.oup.com (academic.oup.com)|173.254.190.144|:443... connected.
HTTP request sent, awaiting response... 200 OK
Length: 146860 (143K) [text/html]
Saving to: ‘hmv020’

     0K .......... .......... .......... .......... .......... 34%  307K 0s
    50K .......... .......... .......... .......... .......... 69%  312K 0s
   100K .......... .......... .......... .......... ...       100%  533K=0.4s

2017-02-03 18:19:59 (355 KB/s) - ‘hmv020’ saved [146860/146860]

--2017-02-03 18:20:00--  http://doi.org/10.1093/slr/hmv016
Connecting to doi.org (doi.org)|208.254.38.90|:80... connected.
HTTP request sent, awaiting response... 303 See Other
Location: https://academic.oup.com/slr/article-lookup/doi/10.1093/slr/hmv016 [following]
--2017-02-03 18:20:01--  https://academic.oup.com/slr/article-lookup/doi/10.1093/slr/hmv016
Connecting to academic.oup.com (academic.oup.com)|173.254.190.144|:443... connected.
HTTP request sent, awaiting response... 200 OK
Length: 102057 (100K) [text/html]
Saving to: ‘hmv016’

     0K .......... .......... .......... .......... .......... 50%  207K 0s
    50K .......... .......... .......... .......... ......... 100%  606K=0.3s

2017-02-03 18:20:13 (308 KB/s) - ‘hmv016’ saved [102057/102057]

--2017-02-03 18:20:14--  http://doi.org/10.1093/slr/hmv017
Connecting to doi.org (doi.org)|208.254.38.90|:80... connected.
HTTP request sent, awaiting response... 303 See Other
Location: https://academic.oup.com/slr/article-lookup/doi/10.1093/slr/hmv017 [following]
--2017-02-03 18:20:15--  https://academic.oup.com/slr/article-lookup/doi/10.1093/slr/hmv017
Connecting to academic.oup.com (academic.oup.com)|173.254.190.144|:443... connected.
HTTP request sent, awaiting response... 200 OK
Length: 85579 (84K) [text/html]
Saving to: ‘hmv017’

     0K .......... .......... .......... .......... .......... 59%  208K 0s
    50K .......... .......... .......... ...                  100% 11.6M=0.2s

2017-02-03 18:20:24 (344 KB/s) - ‘hmv017’ saved [85579/85579]

--2017-02-03 18:20:25--  http://doi.org/10.1093/slr/hmv018
Connecting to doi.org (doi.org)|208.254.38.90|:80... connected.
HTTP request sent, awaiting response... 303 See Other
Location: https://academic.oup.com/slr/article-lookup/doi/10.1093/slr/hmv018 [following]
--2017-02-03 18:20:27--  https://academic.oup.com/slr/article-lookup/doi/10.1093/slr/hmv018
Connecting to academic.oup.com (academic.oup.com)|173.254.190.144|:443... connected.
HTTP request sent, awaiting response... 400 Bad Request
2017-02-03 18:20:28 ERROR 400: Bad Request.

--2017-02-03 18:20:29--  http://doi.org/10.1093/slr/hmu045
Connecting to doi.org (doi.org)|208.254.38.90|:80... connected.
HTTP request sent, awaiting response... 303 See Other
Location: https://academic.oup.com/slr/article-lookup/doi/10.1093/slr/hmu045 [following]
--2017-02-03 18:20:30--  https://academic.oup.com/slr/article-lookup/doi/10.1093/slr/hmu045
Connecting to academic.oup.com (academic.oup.com)|173.254.190.144|:443... connected.
HTTP request sent, awaiting response... 200 OK
Length: 62853 (61K) [text/html]
Saving to: ‘hmu045’

     0K .......... .......... .......... .......... .......... 81%  209K 0s
    50K .......... .                                          100% 24.6M=0.2s

2017-02-03 18:20:37 (256 KB/s) - ‘hmu045’ saved [62853/62853]

--2017-02-03 18:20:38--  http://doi.org/10.1093/slr/hmv047
Connecting to doi.org (doi.org)|208.254.38.90|:80... connected.
HTTP request sent, awaiting response... 303 See Other
Location: https://academic.oup.com/slr/article-lookup/doi/10.1093/slr/hmv047 [following]
--2017-02-03 18:20:39--  https://academic.oup.com/slr/article-lookup/doi/10.1093/slr/hmv047
Connecting to academic.oup.com (academic.oup.com)|173.254.190.144|:443... connected.
HTTP request sent, awaiting response... 200 OK
Length: 62931 (61K) [text/html]
Saving to: ‘hmv047’

     0K .......... .......... .......... .......... .......... 81%  209K 0s
    50K .......... .                                          100% 15.0M=0.2s

2017-02-03 18:20:43 (256 KB/s) - ‘hmv047’ saved [62931/62931]

--2017-02-03 18:20:44--  http://doi.org/10.1093/slr/hmu046
Connecting to doi.org (doi.org)|208.254.38.90|:80... connected.
HTTP request sent, awaiting response... 303 See Other
Location: https://academic.oup.com/slr/article-lookup/doi/10.1093/slr/hmu046 [following]
--2017-02-03 18:20:46--  https://academic.oup.com/slr/article-lookup/doi/10.1093/slr/hmu046
Connecting to academic.oup.com (academic.oup.com)|173.254.190.144|:443... connected.
HTTP request sent, awaiting response... 200 OK
Length: 77751 (76K) [text/html]
Saving to: ‘hmu046’

     0K .......... .......... .......... .......... .......... 65%  209K 0s
    50K .......... .......... .....                           100% 4.78M=0.2s

2017-02-03 18:20:52 (310 KB/s) - ‘hmu046’ saved [77751/77751]

--2017-02-03 18:20:53--  http://doi.org/10.1093/slr/hmv021
Connecting to doi.org (doi.org)|208.254.38.90|:80... connected.
HTTP request sent, awaiting response... 303 See Other
Location: https://academic.oup.com/slr/article-lookup/doi/10.1093/slr/hmv021 [following]
--2017-02-03 18:20:55--  https://academic.oup.com/slr/article-lookup/doi/10.1093/slr/hmv021
Connecting to academic.oup.com (academic.oup.com)|173.254.190.144|:443... connected.
HTTP request sent, awaiting response... 200 OK
Length: 69497 (68K) [text/html]
Saving to: ‘hmv021’

     0K .......... .......... .......... .......... .......... 73%  209K 0s
    50K .......... .......                                    100% 15.5M=0.2s

2017-02-03 18:21:02 (282 KB/s) - ‘hmv021’ saved [69497/69497]

--2017-02-03 18:21:03--  http://doi.org/10.1093/slr/hmu048
Connecting to doi.org (doi.org)|208.254.38.90|:80... connected.
HTTP request sent, awaiting response... 303 See Other
Location: https://academic.oup.com/slr/article-lookup/doi/10.1093/slr/hmu048 [following]
--2017-02-03 18:21:04--  https://academic.oup.com/slr/article-lookup/doi/10.1093/slr/hmu048
Connecting to academic.oup.com (academic.oup.com)|173.254.190.144|:443... connected.
HTTP request sent, awaiting response... 400 Bad Request
2017-02-03 18:21:06 ERROR 400: Bad Request.

--2017-02-03 18:21:07--  http://doi.org/10.1093/slr/hmu044
Connecting to doi.org (doi.org)|208.254.38.90|:80... connected.
HTTP request sent, awaiting response... 303 See Other
Location: https://academic.oup.com/slr/article-lookup/doi/10.1093/slr/hmu044 [following]
--2017-02-03 18:21:08--  https://academic.oup.com/slr/article-lookup/doi/10.1093/slr/hmu044
Connecting to academic.oup.com (academic.oup.com)|173.254.190.144|:443... connected.
HTTP request sent, awaiting response... 200 OK
Length: 62782 (61K) [text/html]
Saving to: ‘hmu044’

     0K .......... .......... .......... .......... .......... 81%  209K 0s
    50K .......... .                                          100% 23.2M=0.2s

2017-02-03 18:21:15 (256 KB/s) - ‘hmu044’ saved [62782/62782]

--2017-02-03 18:21:16--  http://doi.org/10.1093/slr/hmv012
Connecting to doi.org (doi.org)|208.254.38.90|:80... connected.
HTTP request sent, awaiting response... 303 See Other
Location: https://academic.oup.com/slr/article-lookup/doi/10.1093/slr/hmv012 [following]
--2017-02-03 18:21:17--  https://academic.oup.com/slr/article-lookup/doi/10.1093/slr/hmv012
Connecting to academic.oup.com (academic.oup.com)|173.254.190.144|:443... connected.
HTTP request sent, awaiting response... 200 OK
Length: 115123 (112K) [text/html]
Saving to: ‘hmv012’

     0K .......... .......... .......... .......... .......... 44%  209K 0s
    50K .......... .......... .......... .......... .......... 88%  596K 0s
   100K .......... ..                                         100% 27.3M=0.3s

2017-02-03 18:21:23 (347 KB/s) - ‘hmv012’ saved [115123/115123]

--2017-02-03 18:21:24--  http://doi.org/10.1093/slr/hmv010
Connecting to doi.org (doi.org)|208.254.38.90|:80... connected.
HTTP request sent, awaiting response... 303 See Other
Location: https://academic.oup.com/slr/article-lookup/doi/10.1093/slr/hmv010 [following]
--2017-02-03 18:21:25--  https://academic.oup.com/slr/article-lookup/doi/10.1093/slr/hmv010
Connecting to academic.oup.com (academic.oup.com)|173.254.190.144|:443... connected.
HTTP request sent, awaiting response... 200 OK
Length: 105072 (103K) [text/html]
Saving to: ‘hmv010’

     0K .......... .......... .......... .......... .......... 48%  209K 0s
    50K .......... .......... .......... .......... .......... 97%  608K 0s
   100K ..                                                    100% 4977G=0.3s

2017-02-03 18:21:31 (319 KB/s) - ‘hmv010’ saved [105072/105072]

--2017-02-03 18:21:32--  http://doi.org/10.1093/slr/hmv009
Connecting to doi.org (doi.org)|208.254.38.90|:80... connected.
HTTP request sent, awaiting response... 303 See Other
Location: https://academic.oup.com/slr/article-lookup/doi/10.1093/slr/hmv009 [following]
--2017-02-03 18:21:34--  https://academic.oup.com/slr/article-lookup/doi/10.1093/slr/hmv009
Connecting to academic.oup.com (academic.oup.com)|173.254.190.144|:443... connected.
HTTP request sent, awaiting response... 200 OK
Length: 84254 (82K) [text/html]
Saving to: ‘hmv009’

     0K .......... .......... .......... .......... .......... 60%  208K 0s
    50K .......... .......... .......... ..                   100% 13.6M=0.2s

2017-02-03 18:21:39 (339 KB/s) - ‘hmv009’ saved [84254/84254]

--2017-02-03 18:21:40--  http://doi.org/10.1093/slr/hmv008
Connecting to doi.org (doi.org)|208.254.38.90|:80... connected.
HTTP request sent, awaiting response... 303 See Other
Location: https://academic.oup.com/slr/article-lookup/doi/10.1093/slr/hmv008 [following]
--2017-02-03 18:21:41--  https://academic.oup.com/slr/article-lookup/doi/10.1093/slr/hmv008
Connecting to academic.oup.com (academic.oup.com)|173.254.190.144|:443... connected.
HTTP request sent, awaiting response... 200 OK
Length: 158342 (155K) [text/html]
Saving to: ‘hmv008’

     0K .......... .......... .......... .......... .......... 32%  209K 1s
    50K .......... .......... .......... .......... .......... 64%  604K 0s
   100K .......... .......... .......... .......... .......... 97%  610K 0s
   150K ....                                                  100% 14.8M=0.4s

2017-02-03 18:21:56 (382 KB/s) - ‘hmv008’ saved [158342/158342]

--2017-02-03 18:21:57--  http://doi.org/10.1093/slr/hmv007
Connecting to doi.org (doi.org)|208.254.38.90|:80... connected.
HTTP request sent, awaiting response... 303 See Other
Location: https://academic.oup.com/slr/article-lookup/doi/10.1093/slr/hmv007 [following]
--2017-02-03 18:21:58--  https://academic.oup.com/slr/article-lookup/doi/10.1093/slr/hmv007
Connecting to academic.oup.com (academic.oup.com)|173.254.190.144|:443... connected.
HTTP request sent, awaiting response... 200 OK
Length: 112683 (110K) [text/html]
Saving to: ‘hmv007’

     0K .......... .......... .......... .......... .......... 45%  310K 0s
    50K .......... .......... .......... .......... .......... 90%  312K 0s
   100K ..........                                            100% 25.6M=0.3s

2017-02-03 18:22:04 (342 KB/s) - ‘hmv007’ saved [112683/112683]

--2017-02-03 18:22:05--  http://doi.org/10.1093/slr/hmv005
Connecting to doi.org (doi.org)|208.254.38.90|:80... connected.
HTTP request sent, awaiting response... 303 See Other
Location: https://academic.oup.com/slr/article-lookup/doi/10.1093/slr/hmv005 [following]
--2017-02-03 18:22:06--  https://academic.oup.com/slr/article-lookup/doi/10.1093/slr/hmv005
Connecting to academic.oup.com (academic.oup.com)|173.254.190.144|:443... connected.
HTTP request sent, awaiting response... 200 OK
Length: 141493 (138K) [text/html]
Saving to: ‘hmv005’

     0K .......... .......... .......... .......... .......... 36%  209K 0s
    50K .......... .......... .......... .......... .......... 72%  603K 0s
   100K .......... .......... .......... ........             100%  478K=0.4s

2017-02-03 18:22:11 (344 KB/s) - ‘hmv005’ saved [141493/141493]

--2017-02-03 18:22:12--  http://doi.org/10.1093/slr/hmv001
Connecting to doi.org (doi.org)|208.254.38.90|:80... connected.
HTTP request sent, awaiting response... 303 See Other
Location: https://academic.oup.com/slr/article-lookup/doi/10.1093/slr/hmv001 [following]
--2017-02-03 18:22:14--  https://academic.oup.com/slr/article-lookup/doi/10.1093/slr/hmv001
Connecting to academic.oup.com (academic.oup.com)|173.254.190.144|:443... connected.
HTTP request sent, awaiting response... 200 OK
Length: 123962 (121K) [text/html]
Saving to: ‘hmv001’

     0K .......... .......... .......... .......... .......... 41%  208K 0s
    50K .......... .......... .......... .......... .......... 82%  608K 0s
   100K .......... .......... .                               100% 11.2M=0.3s

2017-02-03 18:22:20 (373 KB/s) - ‘hmv001’ saved [123962/123962]

--2017-02-03 18:22:21--  http://doi.org/10.1093/slr/hmv003
Connecting to doi.org (doi.org)|208.254.38.90|:80... connected.
HTTP request sent, awaiting response... 303 See Other
Location: https://academic.oup.com/slr/article-lookup/doi/10.1093/slr/hmv003 [following]
--2017-02-03 18:22:22--  https://academic.oup.com/slr/article-lookup/doi/10.1093/slr/hmv003
Connecting to academic.oup.com (academic.oup.com)|173.254.190.144|:443... connected.
HTTP request sent, awaiting response... 200 OK
Length: 99050 (97K) [text/html]
Saving to: ‘hmv003’

     0K .......... .......... .......... .......... .......... 51%  209K 0s
    50K .......... .......... .......... .......... ......    100%  572K=0.3s

2017-02-03 18:22:26 (301 KB/s) - ‘hmv003’ saved [99050/99050]

--2017-02-03 18:22:27--  http://doi.org/10.1093/slr/hmv002
Connecting to doi.org (doi.org)|208.254.38.90|:80... connected.
HTTP request sent, awaiting response... 303 See Other
Location: https://academic.oup.com/slr/article-lookup/doi/10.1093/slr/hmv002 [following]
--2017-02-03 18:22:28--  https://academic.oup.com/slr/article-lookup/doi/10.1093/slr/hmv002
Connecting to academic.oup.com (academic.oup.com)|173.254.190.144|:443... connected.
HTTP request sent, awaiting response... 200 OK
Length: 100871 (99K) [text/html]
Saving to: ‘hmv002’

     0K .......... .......... .......... .......... .......... 50%  209K 0s
    50K .......... .......... .......... .......... ........  100%  594K=0.3s

2017-02-03 18:22:32 (306 KB/s) - ‘hmv002’ saved [100871/100871]

--2017-02-03 18:22:33--  http://doi.org/10.1093/slr/hmu056
Connecting to doi.org (doi.org)|208.254.38.90|:80... connected.
HTTP request sent, awaiting response... 303 See Other
Location: https://academic.oup.com/slr/article-lookup/doi/10.1093/slr/hmu056 [following]
--2017-02-03 18:22:34--  https://academic.oup.com/slr/article-lookup/doi/10.1093/slr/hmu056
Connecting to academic.oup.com (academic.oup.com)|173.254.190.144|:443... connected.
HTTP request sent, awaiting response... 200 OK
Length: 69793 (68K) [text/html]
Saving to: ‘hmu056’

     0K .......... .......... .......... .......... .......... 73%  209K 0s
    50K .......... ........                                   100% 18.3M=0.2s

2017-02-03 18:22:40 (284 KB/s) - ‘hmu056’ saved [69793/69793]

--2017-02-03 18:22:41--  http://doi.org/10.1093/slr/hmu039
Connecting to doi.org (doi.org)|208.254.38.90|:80... connected.
HTTP request sent, awaiting response... 303 See Other
Location: https://academic.oup.com/slr/article-lookup/doi/10.1093/slr/hmu039 [following]
--2017-02-03 18:22:42--  https://academic.oup.com/slr/article-lookup/doi/10.1093/slr/hmu039
Connecting to academic.oup.com (academic.oup.com)|173.254.190.144|:443... connected.
HTTP request sent, awaiting response... 200 OK
Length: 62810 (61K) [text/html]
Saving to: ‘hmu039’

     0K .......... .......... .......... .......... .......... 81%  209K 0s
    50K .......... .                                          100% 23.6M=0.2s

2017-02-03 18:22:46 (255 KB/s) - ‘hmu039’ saved [62810/62810]

--2017-02-03 18:22:47--  http://doi.org/10.1093/slr/hmu043
Connecting to doi.org (doi.org)|208.254.38.90|:80... connected.
HTTP request sent, awaiting response... 303 See Other
Location: https://academic.oup.com/slr/article-lookup/doi/10.1093/slr/hmu043 [following]
--2017-02-03 18:22:48--  https://academic.oup.com/slr/article-lookup/doi/10.1093/slr/hmu043
Connecting to academic.oup.com (academic.oup.com)|173.254.190.144|:443... connected.
HTTP request sent, awaiting response... 200 OK
Length: 62906 (61K) [text/html]
Saving to: ‘hmu043’

     0K .......... .......... .......... .......... .......... 81%  208K 0s
    50K .......... .                                          100% 17.7M=0.2s

2017-02-03 18:22:54 (255 KB/s) - ‘hmu043’ saved [62906/62906]

FINISHED --2017-02-03 18:22:54--
Total wall clock time: 13m 50s
Downloaded: 90 files, 8.8M in 27s (334 KB/s)
