--2017-02-03 20:25:42--  http://doi.org/10.1093/tcbh/hww059
Resolving doi.org (doi.org)... 38.100.138.162, 38.100.138.163, 208.254.38.90, ...
Connecting to doi.org (doi.org)|38.100.138.162|:80... connected.
HTTP request sent, awaiting response... 303 See Other
Location: https://academic.oup.com/tcbh/article-lookup/doi/10.1093/tcbh/hww059 [following]
--2017-02-03 20:25:43--  https://academic.oup.com/tcbh/article-lookup/doi/10.1093/tcbh/hww059
Resolving academic.oup.com (academic.oup.com)... 173.254.190.144
Connecting to academic.oup.com (academic.oup.com)|173.254.190.144|:443... connected.
HTTP request sent, awaiting response... 200 OK
Length: 189853 (185K) [text/html]
Saving to: ‘hww059’

     0K .......... .......... .......... .......... .......... 26%  209K 1s
    50K .......... .......... .......... .......... .......... 53%  604K 0s
   100K .......... .......... .......... .......... .......... 80%  565K 0s
   150K .......... .......... .......... .....                100%  441K=0.5s

2017-02-03 20:25:51 (378 KB/s) - ‘hww059’ saved [189853/189853]

--2017-02-03 20:25:52--  http://doi.org/10.1093/tcbh/hww045
Connecting to doi.org (doi.org)|38.100.138.162|:80... connected.
HTTP request sent, awaiting response... 303 See Other
Location: https://academic.oup.com/tcbh/article-lookup/doi/10.1093/tcbh/hww045 [following]
--2017-02-03 20:25:53--  https://academic.oup.com/tcbh/article-lookup/doi/10.1093/tcbh/hww045
Connecting to academic.oup.com (academic.oup.com)|173.254.190.144|:443... connected.
HTTP request sent, awaiting response... 200 OK
Length: 173429 (169K) [text/html]
Saving to: ‘hww045’

     0K .......... .......... .......... .......... .......... 29%  209K 1s
    50K .......... .......... .......... .......... .......... 59%  599K 0s
   100K .......... .......... .......... .......... .......... 88%  596K 0s
   150K .......... .........                                  100%  530K=0.4s

2017-02-03 20:26:00 (383 KB/s) - ‘hww045’ saved [173429/173429]

--2017-02-03 20:26:01--  http://doi.org/10.1093/tcbh/hwx005
Connecting to doi.org (doi.org)|38.100.138.162|:80... connected.
HTTP request sent, awaiting response... 303 See Other
Location: http://fdslive.oup.com/www.oup.com/pdf/production_in_progress.pdf [following]
--2017-02-03 20:26:03--  http://fdslive.oup.com/www.oup.com/pdf/production_in_progress.pdf
Resolving fdslive.oup.com (fdslive.oup.com)... 193.67.160.201
Connecting to fdslive.oup.com (fdslive.oup.com)|193.67.160.201|:80... connected.
HTTP request sent, awaiting response... 200 OK
Length: 52438 (51K) [application/pdf]
Saving to: ‘hwx005’

     0K .......... .......... .......... .......... .......... 97% 1.30M 0s
    50K .                                                     100% 2306G=0.04s

2017-02-03 20:26:03 (1.33 MB/s) - ‘hwx005’ saved [52438/52438]

--2017-02-03 20:26:04--  http://doi.org/10.1093/tcbh/hwx002
Connecting to doi.org (doi.org)|38.100.138.162|:80... connected.
HTTP request sent, awaiting response... 303 See Other
Location: http://fdslive.oup.com/www.oup.com/pdf/production_in_progress.pdf [following]
--2017-02-03 20:26:05--  http://fdslive.oup.com/www.oup.com/pdf/production_in_progress.pdf
Connecting to fdslive.oup.com (fdslive.oup.com)|193.67.160.201|:80... connected.
HTTP request sent, awaiting response... 200 OK
Length: 52438 (51K) [application/pdf]
Saving to: ‘hwx002’

     0K .......... .......... .......... .......... .......... 97% 1.16M 0s
    50K .                                                     100% 2306G=0.04s

2017-02-03 20:26:05 (1.19 MB/s) - ‘hwx002’ saved [52438/52438]

--2017-02-03 20:26:06--  http://doi.org/10.1093/tcbh/hwx001
Connecting to doi.org (doi.org)|38.100.138.162|:80... connected.
HTTP request sent, awaiting response... 303 See Other
Location: http://fdslive.oup.com/www.oup.com/pdf/production_in_progress.pdf [following]
--2017-02-03 20:26:07--  http://fdslive.oup.com/www.oup.com/pdf/production_in_progress.pdf
Connecting to fdslive.oup.com (fdslive.oup.com)|193.67.160.201|:80... connected.
HTTP request sent, awaiting response... 200 OK
Length: 52438 (51K) [application/pdf]
Saving to: ‘hwx001’

     0K .......... .......... .......... .......... .......... 97% 1.27M 0s
    50K .                                                     100% 2306G=0.04s

2017-02-03 20:26:07 (1.30 MB/s) - ‘hwx001’ saved [52438/52438]

--2017-02-03 20:26:08--  http://doi.org/10.1093/tcbh/hwx004
Connecting to doi.org (doi.org)|38.100.138.162|:80... connected.
HTTP request sent, awaiting response... 303 See Other
Location: http://fdslive.oup.com/www.oup.com/pdf/production_in_progress.pdf [following]
--2017-02-03 20:26:09--  http://fdslive.oup.com/www.oup.com/pdf/production_in_progress.pdf
Connecting to fdslive.oup.com (fdslive.oup.com)|193.67.160.201|:80... connected.
HTTP request sent, awaiting response... 200 OK
Length: 52438 (51K) [application/pdf]
Saving to: ‘hwx004’

     0K .......... .......... .......... .......... .......... 97% 1.17M 0s
    50K .                                                     100% 2306G=0.04s

2017-02-03 20:26:09 (1.20 MB/s) - ‘hwx004’ saved [52438/52438]

--2017-02-03 20:26:10--  http://doi.org/10.1093/tcbh/hww060
Connecting to doi.org (doi.org)|38.100.138.162|:80... connected.
HTTP request sent, awaiting response... 303 See Other
Location: https://academic.oup.com/tcbh/article-lookup/doi/10.1093/tcbh/hww060 [following]
--2017-02-03 20:26:12--  https://academic.oup.com/tcbh/article-lookup/doi/10.1093/tcbh/hww060
Connecting to academic.oup.com (academic.oup.com)|173.254.190.144|:443... connected.
HTTP request sent, awaiting response... 200 OK
Length: 164964 (161K) [text/html]
Saving to: ‘hww060’

     0K .......... .......... .......... .......... .......... 31%  208K 1s
    50K .......... .......... .......... .......... .......... 62%  607K 0s
   100K .......... .......... .......... .......... .......... 93%  587K 0s
   150K .......... .                                          100%  310K=0.4s

2017-02-03 20:26:19 (363 KB/s) - ‘hww060’ saved [164964/164964]

--2017-02-03 20:26:20--  http://doi.org/10.1093/tcbh/hww061
Connecting to doi.org (doi.org)|38.100.138.162|:80... connected.
HTTP request sent, awaiting response... 303 See Other
Location: https://academic.oup.com/tcbh/article-lookup/doi/10.1093/tcbh/hww061 [following]
--2017-02-03 20:26:21--  https://academic.oup.com/tcbh/article-lookup/doi/10.1093/tcbh/hww061
Connecting to academic.oup.com (academic.oup.com)|173.254.190.144|:443... connected.
HTTP request sent, awaiting response... 200 OK
Length: 70333 (69K) [text/html]
Saving to: ‘hww061’

     0K .......... .......... .......... .......... .......... 72%  209K 0s
    50K .......... ........                                   100% 16.3M=0.2s

2017-02-03 20:26:28 (286 KB/s) - ‘hww061’ saved [70333/70333]

--2017-02-03 20:26:29--  http://doi.org/10.1093/tcbh/hww057
Connecting to doi.org (doi.org)|38.100.138.162|:80... connected.
HTTP request sent, awaiting response... 303 See Other
Location: https://academic.oup.com/tcbh/article-lookup/doi/10.1093/tcbh/hww057 [following]
--2017-02-03 20:26:30--  https://academic.oup.com/tcbh/article-lookup/doi/10.1093/tcbh/hww057
Connecting to academic.oup.com (academic.oup.com)|173.254.190.144|:443... connected.
HTTP request sent, awaiting response... 200 OK
Length: 72616 (71K) [text/html]
Saving to: ‘hww057’

     0K .......... .......... .......... .......... .......... 70%  207K 0s
    50K .......... ..........                                 100% 17.6M=0.2s

2017-02-03 20:26:37 (293 KB/s) - ‘hww057’ saved [72616/72616]

--2017-02-03 20:26:38--  http://doi.org/10.1093/tcbh/hww062
Connecting to doi.org (doi.org)|38.100.138.162|:80... connected.
HTTP request sent, awaiting response... 303 See Other
Location: https://academic.oup.com/tcbh/article-lookup/doi/10.1093/tcbh/hww062 [following]
--2017-02-03 20:26:39--  https://academic.oup.com/tcbh/article-lookup/doi/10.1093/tcbh/hww062
Connecting to academic.oup.com (academic.oup.com)|173.254.190.144|:443... connected.
HTTP request sent, awaiting response... 400 Bad Request
2017-02-03 20:26:41 ERROR 400: Bad Request.

--2017-02-03 20:26:42--  http://doi.org/10.1093/tcbh/hww056
Connecting to doi.org (doi.org)|38.100.138.162|:80... connected.
HTTP request sent, awaiting response... 303 See Other
Location: https://academic.oup.com/tcbh/article-lookup/doi/10.1093/tcbh/hww056 [following]
--2017-02-03 20:26:43--  https://academic.oup.com/tcbh/article-lookup/doi/10.1093/tcbh/hww056
Connecting to academic.oup.com (academic.oup.com)|173.254.190.144|:443... connected.
HTTP request sent, awaiting response... 200 OK
Length: 71972 (70K) [text/html]
Saving to: ‘hww056’

     0K .......... .......... .......... .......... .......... 71%  209K 0s
    50K .......... ..........                                 100% 15.3M=0.2s

2017-02-03 20:26:48 (292 KB/s) - ‘hww056’ saved [71972/71972]

--2017-02-03 20:26:49--  http://doi.org/10.1093/tcbh/hww054
Connecting to doi.org (doi.org)|38.100.138.162|:80... connected.
HTTP request sent, awaiting response... 303 See Other
Location: https://academic.oup.com/tcbh/article-lookup/doi/10.1093/tcbh/hww054 [following]
--2017-02-03 20:26:50--  https://academic.oup.com/tcbh/article-lookup/doi/10.1093/tcbh/hww054
Connecting to academic.oup.com (academic.oup.com)|173.254.190.144|:443... connected.
HTTP request sent, awaiting response... 200 OK
Length: 72146 (70K) [text/html]
Saving to: ‘hww054’

     0K .......... .......... .......... .......... .......... 70%  209K 0s
    50K .......... ..........                                 100% 11.2M=0.2s

2017-02-03 20:26:56 (292 KB/s) - ‘hww054’ saved [72146/72146]

--2017-02-03 20:26:57--  http://doi.org/10.1093/tcbh/hww053
Connecting to doi.org (doi.org)|38.100.138.162|:80... connected.
HTTP request sent, awaiting response... 303 See Other
Location: https://academic.oup.com/tcbh/article-lookup/doi/10.1093/tcbh/hww053 [following]
--2017-02-03 20:26:58--  https://academic.oup.com/tcbh/article-lookup/doi/10.1093/tcbh/hww053
Connecting to academic.oup.com (academic.oup.com)|173.254.190.144|:443... connected.
HTTP request sent, awaiting response... 200 OK
Length: 71118 (69K) [text/html]
Saving to: ‘hww053’

     0K .......... .......... .......... .......... .......... 71%  209K 0s
    50K .......... .........                                  100% 13.1M=0.2s

2017-02-03 20:27:03 (289 KB/s) - ‘hww053’ saved [71118/71118]

--2017-02-03 20:27:04--  http://doi.org/10.1093/tcbh/hww050
Connecting to doi.org (doi.org)|38.100.138.162|:80... connected.
HTTP request sent, awaiting response... 303 See Other
Location: https://academic.oup.com/tcbh/article-lookup/doi/10.1093/tcbh/hww050 [following]
--2017-02-03 20:27:05--  https://academic.oup.com/tcbh/article-lookup/doi/10.1093/tcbh/hww050
Connecting to academic.oup.com (academic.oup.com)|173.254.190.144|:443... connected.
HTTP request sent, awaiting response... 200 OK
Length: 197529 (193K) [text/html]
Saving to: ‘hww050’

     0K .......... .......... .......... .......... .......... 25%  209K 1s
    50K .......... .......... .......... .......... .......... 51%  609K 0s
   100K .......... .......... .......... .......... .......... 77%  611K 0s
   150K .......... .......... .......... .......... ..        100%  493K=0.5s

2017-02-03 20:27:10 (394 KB/s) - ‘hww050’ saved [197529/197529]

--2017-02-03 20:27:11--  http://doi.org/10.1093/tcbh/hww052
Connecting to doi.org (doi.org)|38.100.138.162|:80... connected.
HTTP request sent, awaiting response... 303 See Other
Location: http://tcbh.oxfordjournals.org/lookup/doi/10.1093/tcbh/hww052 [following]
--2017-02-03 20:27:12--  http://tcbh.oxfordjournals.org/lookup/doi/10.1093/tcbh/hww052
Resolving tcbh.oxfordjournals.org (tcbh.oxfordjournals.org)... 209.135.222.209
Connecting to tcbh.oxfordjournals.org (tcbh.oxfordjournals.org)|209.135.222.209|:80... connected.
HTTP request sent, awaiting response... 301 Moved Permanently
Cookie coming from tcbh.oxfordjournals.org attempted to set domain to academic.oup.com
Cookie coming from tcbh.oxfordjournals.org attempted to set domain to academic.oup.com
Location: https://academic.oup.com/tcbh/redirect-unavailable?url=tcbh.oxfordjournals.org/lookup/doi/10.1093/tcbh/hww052 [following]
--2017-02-03 20:27:13--  https://academic.oup.com/tcbh/redirect-unavailable?url=tcbh.oxfordjournals.org/lookup/doi/10.1093/tcbh/hww052
Connecting to academic.oup.com (academic.oup.com)|173.254.190.144|:443... connected.
HTTP request sent, awaiting response... 404 Not Found
2017-02-03 20:27:15 ERROR 404: Not Found.

--2017-02-03 20:27:16--  http://doi.org/10.1093/tcbh/hww049
Connecting to doi.org (doi.org)|38.100.138.162|:80... connected.
HTTP request sent, awaiting response... 303 See Other
Location: https://academic.oup.com/tcbh/article-lookup/doi/10.1093/tcbh/hww049 [following]
--2017-02-03 20:27:17--  https://academic.oup.com/tcbh/article-lookup/doi/10.1093/tcbh/hww049
Connecting to academic.oup.com (academic.oup.com)|173.254.190.144|:443... connected.
HTTP request sent, awaiting response... 200 OK
Length: 91500 (89K) [text/html]
Saving to: ‘hww049’

     0K .......... .......... .......... .......... .......... 55%  209K 0s
    50K .......... .......... .......... .........            100% 11.8M=0.2s

2017-02-03 20:27:21 (369 KB/s) - ‘hww049’ saved [91500/91500]

--2017-02-03 20:27:22--  http://doi.org/10.1093/tcbh/hww047
Connecting to doi.org (doi.org)|38.100.138.162|:80... connected.
HTTP request sent, awaiting response... 303 See Other
Location: https://academic.oup.com/tcbh/article-lookup/doi/10.1093/tcbh/hww047 [following]
--2017-02-03 20:27:24--  https://academic.oup.com/tcbh/article-lookup/doi/10.1093/tcbh/hww047
Connecting to academic.oup.com (academic.oup.com)|173.254.190.144|:443... connected.
HTTP request sent, awaiting response... 200 OK
Length: 180381 (176K) [text/html]
Saving to: ‘hww047’

     0K .......... .......... .......... .......... .......... 28%  209K 1s
    50K .......... .......... .......... .......... .......... 56%  588K 0s
   100K .......... .......... .......... .......... .......... 85%  606K 0s
   150K .......... .......... ......                          100%  330K=0.5s

2017-02-03 20:27:29 (362 KB/s) - ‘hww047’ saved [180381/180381]

--2017-02-03 20:27:30--  http://doi.org/10.1093/tcbh/hww041
Connecting to doi.org (doi.org)|38.100.138.162|:80... connected.
HTTP request sent, awaiting response... 303 See Other
Location: https://academic.oup.com/tcbh/article-lookup/doi/10.1093/tcbh/hww041 [following]
--2017-02-03 20:27:31--  https://academic.oup.com/tcbh/article-lookup/doi/10.1093/tcbh/hww041
Connecting to academic.oup.com (academic.oup.com)|173.254.190.144|:443... connected.
HTTP request sent, awaiting response... 200 OK
Length: 82280 (80K) [text/html]
Saving to: ‘hww041’

     0K .......... .......... .......... .......... .......... 62%  208K 0s
    50K .......... .......... ..........                      100% 5.67M=0.2s

2017-02-03 20:27:35 (327 KB/s) - ‘hww041’ saved [82280/82280]

--2017-02-03 20:27:36--  http://doi.org/10.1093/tcbh/hww048
Connecting to doi.org (doi.org)|38.100.138.162|:80... connected.
HTTP request sent, awaiting response... 303 See Other
Location: https://academic.oup.com/tcbh/article-lookup/doi/10.1093/tcbh/hww048 [following]
--2017-02-03 20:27:37--  https://academic.oup.com/tcbh/article-lookup/doi/10.1093/tcbh/hww048
Connecting to academic.oup.com (academic.oup.com)|173.254.190.144|:443... connected.
HTTP request sent, awaiting response... 200 OK
Length: 170528 (167K) [text/html]
Saving to: ‘hww048’

     0K .......... .......... .......... .......... .......... 30%  209K 1s
    50K .......... .......... .......... .......... .......... 60%  594K 0s
   100K .......... .......... .......... .......... .......... 90%  599K 0s
   150K .......... ......                                     100%  215K=0.5s

2017-02-03 20:27:43 (344 KB/s) - ‘hww048’ saved [170528/170528]

--2017-02-03 20:27:44--  http://doi.org/10.1093/tcbh/hww044
Connecting to doi.org (doi.org)|38.100.138.162|:80... connected.
HTTP request sent, awaiting response... 303 See Other
Location: https://academic.oup.com/tcbh/article-lookup/doi/10.1093/tcbh/hww044 [following]
--2017-02-03 20:27:46--  https://academic.oup.com/tcbh/article-lookup/doi/10.1093/tcbh/hww044
Connecting to academic.oup.com (academic.oup.com)|173.254.190.144|:443... connected.
HTTP request sent, awaiting response... 200 OK
Length: 156040 (152K) [text/html]
Saving to: ‘hww044’

     0K .......... .......... .......... .......... .......... 32%  209K 0s
    50K .......... .......... .......... .......... .......... 65%  607K 0s
   100K .......... .......... .......... .......... .......... 98%  602K 0s
   150K ..                                                    100% 10.2M=0.4s

2017-02-03 20:27:54 (377 KB/s) - ‘hww044’ saved [156040/156040]

--2017-02-03 20:27:55--  http://doi.org/10.1093/tcbh/hww040
Connecting to doi.org (doi.org)|38.100.138.162|:80... connected.
HTTP request sent, awaiting response... 303 See Other
Location: https://academic.oup.com/tcbh/article-lookup/doi/10.1093/tcbh/hww040 [following]
--2017-02-03 20:27:56--  https://academic.oup.com/tcbh/article-lookup/doi/10.1093/tcbh/hww040
Connecting to academic.oup.com (academic.oup.com)|173.254.190.144|:443... connected.
HTTP request sent, awaiting response... 200 OK
Length: 67905 (66K) [text/html]
Saving to: ‘hww040’

     0K .......... .......... .......... .......... .......... 75%  208K 0s
    50K .......... ......                                     100% 16.7M=0.2s

2017-02-03 20:28:01 (275 KB/s) - ‘hww040’ saved [67905/67905]

--2017-02-03 20:28:02--  http://doi.org/10.1093/tcbh/hww046
Connecting to doi.org (doi.org)|38.100.138.162|:80... connected.
HTTP request sent, awaiting response... 303 See Other
Location: https://academic.oup.com/tcbh/article-lookup/doi/10.1093/tcbh/hww046 [following]
--2017-02-03 20:28:04--  https://academic.oup.com/tcbh/article-lookup/doi/10.1093/tcbh/hww046
Connecting to academic.oup.com (academic.oup.com)|173.254.190.144|:443... connected.
HTTP request sent, awaiting response... 200 OK
Length: 73278 (72K) [text/html]
Saving to: ‘hww046’

     0K .......... .......... .......... .......... .......... 69%  209K 0s
    50K .......... .......... .                               100% 14.5M=0.2s

2017-02-03 20:28:08 (297 KB/s) - ‘hww046’ saved [73278/73278]

--2017-02-03 20:28:09--  http://doi.org/10.1093/tcbh/hww043
Connecting to doi.org (doi.org)|38.100.138.162|:80... connected.
HTTP request sent, awaiting response... 303 See Other
Location: https://academic.oup.com/tcbh/article-lookup/doi/10.1093/tcbh/hww043 [following]
--2017-02-03 20:28:10--  https://academic.oup.com/tcbh/article-lookup/doi/10.1093/tcbh/hww043
Connecting to academic.oup.com (academic.oup.com)|173.254.190.144|:443... connected.
HTTP request sent, awaiting response... 200 OK
Length: 155374 (152K) [text/html]
Saving to: ‘hww043’

     0K .......... .......... .......... .......... .......... 32%  209K 0s
    50K .......... .......... .......... .......... .......... 65%  605K 0s
   100K .......... .......... .......... .......... .......... 98%  614K 0s
   150K .                                                     100% 7.83M=0.4s

2017-02-03 20:28:18 (376 KB/s) - ‘hww043’ saved [155374/155374]

--2017-02-03 20:28:19--  http://doi.org/10.1093/tcbh/hww038
Connecting to doi.org (doi.org)|38.100.138.162|:80... connected.
HTTP request sent, awaiting response... 303 See Other
Location: https://academic.oup.com/tcbh/article-lookup/doi/10.1093/tcbh/hww038 [following]
--2017-02-03 20:28:20--  https://academic.oup.com/tcbh/article-lookup/doi/10.1093/tcbh/hww038
Connecting to academic.oup.com (academic.oup.com)|173.254.190.144|:443... connected.
HTTP request sent, awaiting response... 200 OK
Length: 208012 (203K) [text/html]
Saving to: ‘hww038’

     0K .......... .......... .......... .......... .......... 24%  309K 0s
    50K .......... .......... .......... .......... .......... 49%  312K 0s
   100K .......... .......... .......... .......... .......... 73%  584K 0s
   150K .......... .......... .......... .......... .......... 98%  607K 0s
   200K ...                                                   100% 43.2K=0.6s

2017-02-03 20:28:29 (361 KB/s) - ‘hww038’ saved [208012/208012]

--2017-02-03 20:28:30--  http://doi.org/10.1093/tcbh/hww039
Connecting to doi.org (doi.org)|38.100.138.162|:80... connected.
HTTP request sent, awaiting response... 303 See Other
Location: https://academic.oup.com/tcbh/article-lookup/doi/10.1093/tcbh/hww039 [following]
--2017-02-03 20:28:31--  https://academic.oup.com/tcbh/article-lookup/doi/10.1093/tcbh/hww039
Connecting to academic.oup.com (academic.oup.com)|173.254.190.144|:443... connected.
HTTP request sent, awaiting response... 200 OK
Length: 71478 (70K) [text/html]
Saving to: ‘hww039’

     0K .......... .......... .......... .......... .......... 71%  209K 0s
    50K .......... .........                                  100% 14.8M=0.2s

2017-02-03 20:28:37 (290 KB/s) - ‘hww039’ saved [71478/71478]

--2017-02-03 20:28:38--  http://doi.org/10.1093/tcbh/hww032
Connecting to doi.org (doi.org)|38.100.138.162|:80... connected.
HTTP request sent, awaiting response... 303 See Other
Location: https://academic.oup.com/tcbh/article-lookup/doi/10.1093/tcbh/hww032 [following]
--2017-02-03 20:28:39--  https://academic.oup.com/tcbh/article-lookup/doi/10.1093/tcbh/hww032
Connecting to academic.oup.com (academic.oup.com)|173.254.190.144|:443... connected.
HTTP request sent, awaiting response... 200 OK
Length: 168620 (165K) [text/html]
Saving to: ‘hww032’

     0K .......... .......... .......... .......... .......... 30%  208K 1s
    50K .......... .......... .......... .......... .......... 60%  600K 0s
   100K .......... .......... .......... .......... .......... 91%  611K 0s
   150K .......... ....                                       100% 12.9M=0.4s

2017-02-03 20:28:43 (404 KB/s) - ‘hww032’ saved [168620/168620]

--2017-02-03 20:28:44--  http://doi.org/10.1093/tcbh/hww037
Connecting to doi.org (doi.org)|38.100.138.162|:80... connected.
HTTP request sent, awaiting response... 303 See Other
Location: https://academic.oup.com/tcbh/article-lookup/doi/10.1093/tcbh/hww037 [following]
--2017-02-03 20:28:45--  https://academic.oup.com/tcbh/article-lookup/doi/10.1093/tcbh/hww037
Connecting to academic.oup.com (academic.oup.com)|173.254.190.144|:443... connected.
HTTP request sent, awaiting response... 200 OK
Length: 74918 (73K) [text/html]
Saving to: ‘hww037’

     0K .......... .......... .......... .......... .......... 68%  205K 0s
    50K .......... .......... ...                             100% 13.1M=0.2s

2017-02-03 20:28:51 (299 KB/s) - ‘hww037’ saved [74918/74918]

--2017-02-03 20:28:52--  http://doi.org/10.1093/tcbh/hww031
Connecting to doi.org (doi.org)|38.100.138.162|:80... connected.
HTTP request sent, awaiting response... 303 See Other
Location: https://academic.oup.com/tcbh/article-lookup/doi/10.1093/tcbh/hww031 [following]
--2017-02-03 20:28:53--  https://academic.oup.com/tcbh/article-lookup/doi/10.1093/tcbh/hww031
Connecting to academic.oup.com (academic.oup.com)|173.254.190.144|:443... connected.
HTTP request sent, awaiting response... 200 OK
Length: 74634 (73K) [text/html]
Saving to: ‘hww031’

     0K .......... .......... .......... .......... .......... 68%  209K 0s
    50K .......... .......... ..                              100% 12.6M=0.2s

2017-02-03 20:28:56 (302 KB/s) - ‘hww031’ saved [74634/74634]

--2017-02-03 20:28:57--  http://doi.org/10.1093/tcbh/hww035
Connecting to doi.org (doi.org)|38.100.138.162|:80... connected.
HTTP request sent, awaiting response... 303 See Other
Location: https://academic.oup.com/tcbh/article-lookup/doi/10.1093/tcbh/hww035 [following]
--2017-02-03 20:28:59--  https://academic.oup.com/tcbh/article-lookup/doi/10.1093/tcbh/hww035
Connecting to academic.oup.com (academic.oup.com)|173.254.190.144|:443... connected.
HTTP request sent, awaiting response... 200 OK
Length: 71010 (69K) [text/html]
Saving to: ‘hww035’

     0K .......... .......... .......... .......... .......... 72%  209K 0s
    50K .......... .........                                  100% 17.4M=0.2s

2017-02-03 20:29:04 (289 KB/s) - ‘hww035’ saved [71010/71010]

--2017-02-03 20:29:05--  http://doi.org/10.1093/tcbh/hww033
Connecting to doi.org (doi.org)|38.100.138.162|:80... connected.
HTTP request sent, awaiting response... 303 See Other
Location: https://academic.oup.com/tcbh/article-lookup/doi/10.1093/tcbh/hww033 [following]
--2017-02-03 20:29:06--  https://academic.oup.com/tcbh/article-lookup/doi/10.1093/tcbh/hww033
Connecting to academic.oup.com (academic.oup.com)|173.254.190.144|:443... connected.
HTTP request sent, awaiting response... 400 Bad Request
2017-02-03 20:29:07 ERROR 400: Bad Request.

--2017-02-03 20:29:08--  http://doi.org/10.1093/tcbh/hww034
Connecting to doi.org (doi.org)|38.100.138.162|:80... connected.
HTTP request sent, awaiting response... 303 See Other
Location: https://academic.oup.com/tcbh/article-lookup/doi/10.1093/tcbh/hww034 [following]
--2017-02-03 20:29:09--  https://academic.oup.com/tcbh/article-lookup/doi/10.1093/tcbh/hww034
Connecting to academic.oup.com (academic.oup.com)|173.254.190.144|:443... connected.
HTTP request sent, awaiting response... 200 OK
Length: 71623 (70K) [text/html]
Saving to: ‘hww034’

     0K .......... .......... .......... .......... .......... 71%  209K 0s
    50K .......... .........                                  100% 15.0M=0.2s

2017-02-03 20:29:12 (290 KB/s) - ‘hww034’ saved [71623/71623]

--2017-02-03 20:29:13--  http://doi.org/10.1093/tcbh/hww028
Connecting to doi.org (doi.org)|38.100.138.162|:80... connected.
HTTP request sent, awaiting response... 303 See Other
Location: https://academic.oup.com/tcbh/article-lookup/doi/10.1093/tcbh/hww028 [following]
--2017-02-03 20:29:14--  https://academic.oup.com/tcbh/article-lookup/doi/10.1093/tcbh/hww028
Connecting to academic.oup.com (academic.oup.com)|173.254.190.144|:443... connected.
HTTP request sent, awaiting response... 200 OK
Length: 271441 (265K) [text/html]
Saving to: ‘hww028’

     0K .......... .......... .......... .......... .......... 18%  209K 1s
    50K .......... .......... .......... .......... .......... 37%  607K 1s
   100K .......... .......... .......... .......... .......... 56%  612K 0s
   150K .......... .......... .......... .......... .......... 75%  315K 0s
   200K .......... .......... .......... .......... .......... 94%  589K 0s
   250K .......... .....                                      100% 13.7M=0.6s

2017-02-03 20:29:18 (409 KB/s) - ‘hww028’ saved [271441/271441]

--2017-02-03 20:29:19--  http://doi.org/10.1093/tcbh/hww030
Connecting to doi.org (doi.org)|38.100.138.162|:80... connected.
HTTP request sent, awaiting response... 303 See Other
Location: https://academic.oup.com/tcbh/article-lookup/doi/10.1093/tcbh/hww030 [following]
--2017-02-03 20:29:20--  https://academic.oup.com/tcbh/article-lookup/doi/10.1093/tcbh/hww030
Connecting to academic.oup.com (academic.oup.com)|173.254.190.144|:443... connected.
HTTP request sent, awaiting response... 200 OK
Length: 208348 (203K) [text/html]
Saving to: ‘hww030’

     0K .......... .......... .......... .......... .......... 24%  208K 1s
    50K .......... .......... .......... .......... .......... 49%  608K 0s
   100K .......... .......... .......... .......... .......... 73%  610K 0s
   150K .......... .......... .......... .......... .......... 98%  608K 0s
   200K ...                                                   100% 6609G=0.5s

2017-02-03 20:29:24 (417 KB/s) - ‘hww030’ saved [208348/208348]

--2017-02-03 20:29:25--  http://doi.org/10.1093/tcbh/hww022
Connecting to doi.org (doi.org)|38.100.138.162|:80... connected.
HTTP request sent, awaiting response... 303 See Other
Location: https://academic.oup.com/tcbh/article-lookup/doi/10.1093/tcbh/hww022 [following]
--2017-02-03 20:29:26--  https://academic.oup.com/tcbh/article-lookup/doi/10.1093/tcbh/hww022
Connecting to academic.oup.com (academic.oup.com)|173.254.190.144|:443... connected.
HTTP request sent, awaiting response... 200 OK
Length: 91111 (89K) [text/html]
Saving to: ‘hww022’

     0K .......... .......... .......... .......... .......... 56%  310K 0s
    50K .......... .......... .......... ........             100%  483K=0.2s

2017-02-03 20:29:29 (368 KB/s) - ‘hww022’ saved [91111/91111]

--2017-02-03 20:29:30--  http://doi.org/10.1093/tcbh/hww027
Connecting to doi.org (doi.org)|38.100.138.162|:80... connected.
HTTP request sent, awaiting response... 303 See Other
Location: https://academic.oup.com/tcbh/article-lookup/doi/10.1093/tcbh/hww027 [following]
--2017-02-03 20:29:31--  https://academic.oup.com/tcbh/article-lookup/doi/10.1093/tcbh/hww027
Connecting to academic.oup.com (academic.oup.com)|173.254.190.144|:443... connected.
HTTP request sent, awaiting response... 400 Bad Request
2017-02-03 20:29:33 ERROR 400: Bad Request.

--2017-02-03 20:29:34--  http://doi.org/10.1093/tcbh/hww024
Connecting to doi.org (doi.org)|38.100.138.162|:80... connected.
HTTP request sent, awaiting response... 303 See Other
Location: https://academic.oup.com/tcbh/article-lookup/doi/10.1093/tcbh/hww024 [following]
--2017-02-03 20:29:35--  https://academic.oup.com/tcbh/article-lookup/doi/10.1093/tcbh/hww024
Connecting to academic.oup.com (academic.oup.com)|173.254.190.144|:443... connected.
HTTP request sent, awaiting response... 200 OK
Length: 76791 (75K) [text/html]
Saving to: ‘hww024’

     0K .......... .......... .......... .......... .......... 66%  209K 0s
    50K .......... .......... ....                            100% 13.3M=0.2s

2017-02-03 20:29:39 (311 KB/s) - ‘hww024’ saved [76791/76791]

--2017-02-03 20:29:40--  http://doi.org/10.1093/tcbh/hww020
Connecting to doi.org (doi.org)|38.100.138.162|:80... connected.
HTTP request sent, awaiting response... 303 See Other
Location: https://academic.oup.com/tcbh/article-lookup/doi/10.1093/tcbh/hww020 [following]
--2017-02-03 20:29:41--  https://academic.oup.com/tcbh/article-lookup/doi/10.1093/tcbh/hww020
Connecting to academic.oup.com (academic.oup.com)|173.254.190.144|:443... connected.
HTTP request sent, awaiting response... 400 Bad Request
2017-02-03 20:29:42 ERROR 400: Bad Request.

--2017-02-03 20:29:43--  http://doi.org/10.1093/tcbh/hww025
Connecting to doi.org (doi.org)|38.100.138.162|:80... connected.
HTTP request sent, awaiting response... 303 See Other
Location: https://academic.oup.com/tcbh/article-lookup/doi/10.1093/tcbh/hww025 [following]
--2017-02-03 20:29:44--  https://academic.oup.com/tcbh/article-lookup/doi/10.1093/tcbh/hww025
Connecting to academic.oup.com (academic.oup.com)|173.254.190.144|:443... connected.
HTTP request sent, awaiting response... 400 Bad Request
2017-02-03 20:29:44 ERROR 400: Bad Request.

--2017-02-03 20:29:45--  http://doi.org/10.1093/tcbh/hww026
Connecting to doi.org (doi.org)|38.100.138.162|:80... connected.
HTTP request sent, awaiting response... 303 See Other
Location: https://academic.oup.com/tcbh/article-lookup/doi/10.1093/tcbh/hww026 [following]
--2017-02-03 20:29:47--  https://academic.oup.com/tcbh/article-lookup/doi/10.1093/tcbh/hww026
Connecting to academic.oup.com (academic.oup.com)|173.254.190.144|:443... connected.
HTTP request sent, awaiting response... 200 OK
Length: 77791 (76K) [text/html]
Saving to: ‘hww026’

     0K .......... .......... .......... .......... .......... 65%  209K 0s
    50K .......... .......... .....                           100% 11.4M=0.2s

2017-02-03 20:29:50 (315 KB/s) - ‘hww026’ saved [77791/77791]

--2017-02-03 20:29:51--  http://doi.org/10.1093/tcbh/hww023
Connecting to doi.org (doi.org)|38.100.138.162|:80... connected.
HTTP request sent, awaiting response... 303 See Other
Location: https://academic.oup.com/tcbh/article-lookup/doi/10.1093/tcbh/hww023 [following]
--2017-02-03 20:29:52--  https://academic.oup.com/tcbh/article-lookup/doi/10.1093/tcbh/hww023
Connecting to academic.oup.com (academic.oup.com)|173.254.190.144|:443... connected.
HTTP request sent, awaiting response... 200 OK
Length: 75528 (74K) [text/html]
Saving to: ‘hww023’

     0K .......... .......... .......... .......... .......... 67%  209K 0s
    50K .......... .......... ...                             100% 14.5M=0.2s

2017-02-03 20:29:56 (306 KB/s) - ‘hww023’ saved [75528/75528]

--2017-02-03 20:29:57--  http://doi.org/10.1093/tcbh/hww019
Connecting to doi.org (doi.org)|38.100.138.162|:80... connected.
HTTP request sent, awaiting response... 303 See Other
Location: https://academic.oup.com/tcbh/article-lookup/doi/10.1093/tcbh/hww019 [following]
--2017-02-03 20:29:58--  https://academic.oup.com/tcbh/article-lookup/doi/10.1093/tcbh/hww019
Connecting to academic.oup.com (academic.oup.com)|173.254.190.144|:443... connected.
HTTP request sent, awaiting response... 200 OK
Length: 74261 (73K) [text/html]
Saving to: ‘hww019’

     0K .......... .......... .......... .......... .......... 68%  209K 0s
    50K .......... .......... ..                              100% 13.8M=0.2s

2017-02-03 20:30:02 (301 KB/s) - ‘hww019’ saved [74261/74261]

--2017-02-03 20:30:03--  http://doi.org/10.1093/tcbh/hww018
Connecting to doi.org (doi.org)|38.100.138.162|:80... connected.
HTTP request sent, awaiting response... 303 See Other
Location: https://academic.oup.com/tcbh/article-lookup/doi/10.1093/tcbh/hww018 [following]
--2017-02-03 20:30:04--  https://academic.oup.com/tcbh/article-lookup/doi/10.1093/tcbh/hww018
Connecting to academic.oup.com (academic.oup.com)|173.254.190.144|:443... connected.
HTTP request sent, awaiting response... 200 OK
Length: 74300 (73K) [text/html]
Saving to: ‘hww018’

     0K .......... .......... .......... .......... .......... 68%  209K 0s
    50K .......... .......... ..                              100% 14.5M=0.2s

2017-02-03 20:30:08 (302 KB/s) - ‘hww018’ saved [74300/74300]

--2017-02-03 20:30:09--  http://doi.org/10.1093/tcbh/hww021
Connecting to doi.org (doi.org)|38.100.138.162|:80... connected.
HTTP request sent, awaiting response... 303 See Other
Location: https://academic.oup.com/tcbh/article-lookup/doi/10.1093/tcbh/hww021 [following]
--2017-02-03 20:30:10--  https://academic.oup.com/tcbh/article-lookup/doi/10.1093/tcbh/hww021
Connecting to academic.oup.com (academic.oup.com)|173.254.190.144|:443... connected.
HTTP request sent, awaiting response... 200 OK
Length: 73933 (72K) [text/html]
Saving to: ‘hww021’

     0K .......... .......... .......... .......... .......... 69%  208K 0s
    50K .......... .......... ..                              100% 15.6M=0.2s

2017-02-03 20:30:13 (299 KB/s) - ‘hww021’ saved [73933/73933]

--2017-02-03 20:30:14--  http://doi.org/10.1093/tcbh/hww017
Connecting to doi.org (doi.org)|38.100.138.162|:80... connected.
HTTP request sent, awaiting response... 303 See Other
Location: https://academic.oup.com/tcbh/article-lookup/doi/10.1093/tcbh/hww017 [following]
--2017-02-03 20:30:15--  https://academic.oup.com/tcbh/article-lookup/doi/10.1093/tcbh/hww017
Connecting to academic.oup.com (academic.oup.com)|173.254.190.144|:443... connected.
HTTP request sent, awaiting response... 200 OK
Length: 172095 (168K) [text/html]
Saving to: ‘hww017’

     0K .......... .......... .......... .......... .......... 29%  209K 1s
    50K .......... .......... .......... .......... .......... 59%  598K 0s
   100K .......... .......... .......... .......... .......... 89%  610K 0s
   150K .......... ........                                   100%  230K=0.5s

2017-02-03 20:30:19 (347 KB/s) - ‘hww017’ saved [172095/172095]

--2017-02-03 20:30:20--  http://doi.org/10.1093/tcbh/hww015
Connecting to doi.org (doi.org)|38.100.138.162|:80... connected.
HTTP request sent, awaiting response... 303 See Other
Location: https://academic.oup.com/tcbh/article-lookup/doi/10.1093/tcbh/hww015 [following]
--2017-02-03 20:30:21--  https://academic.oup.com/tcbh/article-lookup/doi/10.1093/tcbh/hww015
Connecting to academic.oup.com (academic.oup.com)|173.254.190.144|:443... connected.
HTTP request sent, awaiting response... 200 OK
Length: 74097 (72K) [text/html]
Saving to: ‘hww015’

     0K .......... .......... .......... .......... .......... 69%  209K 0s
    50K .......... .......... ..                              100% 10.6M=0.2s

2017-02-03 20:30:25 (300 KB/s) - ‘hww015’ saved [74097/74097]

--2017-02-03 20:30:26--  http://doi.org/10.1093/tcbh/hww012
Connecting to doi.org (doi.org)|38.100.138.162|:80... connected.
HTTP request sent, awaiting response... 303 See Other
Location: https://academic.oup.com/tcbh/article-lookup/doi/10.1093/tcbh/hww012 [following]
--2017-02-03 20:30:27--  https://academic.oup.com/tcbh/article-lookup/doi/10.1093/tcbh/hww012
Connecting to academic.oup.com (academic.oup.com)|173.254.190.144|:443... connected.
HTTP request sent, awaiting response... 200 OK
Length: 141561 (138K) [text/html]
Saving to: ‘hww012’

     0K .......... .......... .......... .......... .......... 36%  209K 0s
    50K .......... .......... .......... .......... .......... 72%  606K 0s
   100K .......... .......... .......... ........             100%  479K=0.4s

2017-02-03 20:30:32 (344 KB/s) - ‘hww012’ saved [141561/141561]

--2017-02-03 20:30:33--  http://doi.org/10.1093/tcbh/hww014
Connecting to doi.org (doi.org)|38.100.138.162|:80... connected.
HTTP request sent, awaiting response... 303 See Other
Location: https://academic.oup.com/tcbh/article-lookup/doi/10.1093/tcbh/hww014 [following]
--2017-02-03 20:30:34--  https://academic.oup.com/tcbh/article-lookup/doi/10.1093/tcbh/hww014
Connecting to academic.oup.com (academic.oup.com)|173.254.190.144|:443... connected.
HTTP request sent, awaiting response... 200 OK
Length: 74494 (73K) [text/html]
Saving to: ‘hww014’

     0K .......... .......... .......... .......... .......... 68%  209K 0s
    50K .......... .......... ..                              100% 15.9M=0.2s

2017-02-03 20:30:37 (303 KB/s) - ‘hww014’ saved [74494/74494]

--2017-02-03 20:30:38--  http://doi.org/10.1093/tcbh/hww016
Connecting to doi.org (doi.org)|38.100.138.162|:80... connected.
HTTP request sent, awaiting response... 303 See Other
Location: https://academic.oup.com/tcbh/article-lookup/doi/10.1093/tcbh/hww016 [following]
--2017-02-03 20:30:39--  https://academic.oup.com/tcbh/article-lookup/doi/10.1093/tcbh/hww016
Connecting to academic.oup.com (academic.oup.com)|173.254.190.144|:443... connected.
HTTP request sent, awaiting response... 200 OK
Length: 76269 (74K) [text/html]
Saving to: ‘hww016’

     0K .......... .......... .......... .......... .......... 67%  209K 0s
    50K .......... .......... ....                            100% 11.3M=0.2s

2017-02-03 20:30:43 (308 KB/s) - ‘hww016’ saved [76269/76269]

--2017-02-03 20:30:44--  http://doi.org/10.1093/tcbh/hww011
Connecting to doi.org (doi.org)|38.100.138.162|:80... connected.
HTTP request sent, awaiting response... 303 See Other
Location: https://academic.oup.com/tcbh/article-lookup/doi/10.1093/tcbh/hww011 [following]
--2017-02-03 20:30:46--  https://academic.oup.com/tcbh/article-lookup/doi/10.1093/tcbh/hww011
Connecting to academic.oup.com (academic.oup.com)|173.254.190.144|:443... connected.
HTTP request sent, awaiting response... 200 OK
Length: 74507 (73K) [text/html]
Saving to: ‘hww011’

     0K .......... .......... .......... .......... .......... 68%  208K 0s
    50K .......... .......... ..                              100% 12.7M=0.2s

2017-02-03 20:30:49 (300 KB/s) - ‘hww011’ saved [74507/74507]

--2017-02-03 20:30:50--  http://doi.org/10.1093/tcbh/hww013
Connecting to doi.org (doi.org)|38.100.138.162|:80... connected.
HTTP request sent, awaiting response... 303 See Other
Location: https://academic.oup.com/tcbh/article-lookup/doi/10.1093/tcbh/hww013 [following]
--2017-02-03 20:30:51--  https://academic.oup.com/tcbh/article-lookup/doi/10.1093/tcbh/hww013
Connecting to academic.oup.com (academic.oup.com)|173.254.190.144|:443... connected.
HTTP request sent, awaiting response... 200 OK
Length: 74834 (73K) [text/html]
Saving to: ‘hww013’

     0K .......... .......... .......... .......... .......... 68%  209K 0s
    50K .......... .......... ...                             100% 9.37M=0.2s

2017-02-03 20:30:56 (302 KB/s) - ‘hww013’ saved [74834/74834]

--2017-02-03 20:30:57--  http://doi.org/10.1093/tcbh/hww010
Connecting to doi.org (doi.org)|38.100.138.162|:80... connected.
HTTP request sent, awaiting response... 303 See Other
Location: https://academic.oup.com/tcbh/article-lookup/doi/10.1093/tcbh/hww010 [following]
--2017-02-03 20:30:58--  https://academic.oup.com/tcbh/article-lookup/doi/10.1093/tcbh/hww010
Connecting to academic.oup.com (academic.oup.com)|173.254.190.144|:443... connected.
HTTP request sent, awaiting response... 200 OK
Length: 167873 (164K) [text/html]
Saving to: ‘hww010’

     0K .......... .......... .......... .......... .......... 30%  208K 1s
    50K .......... .......... .......... .......... .......... 60%  607K 0s
   100K .......... .......... .......... .......... .......... 91%  604K 0s
   150K .......... ...                                        100% 12.8M=0.4s

2017-02-03 20:31:02 (403 KB/s) - ‘hww010’ saved [167873/167873]

--2017-02-03 20:31:03--  http://doi.org/10.1093/tcbh/hww008
Connecting to doi.org (doi.org)|38.100.138.162|:80... connected.
HTTP request sent, awaiting response... 303 See Other
Location: https://academic.oup.com/tcbh/article-lookup/doi/10.1093/tcbh/hww008 [following]
--2017-02-03 20:31:04--  https://academic.oup.com/tcbh/article-lookup/doi/10.1093/tcbh/hww008
Connecting to academic.oup.com (academic.oup.com)|173.254.190.144|:443... connected.
HTTP request sent, awaiting response... 400 Bad Request
2017-02-03 20:31:05 ERROR 400: Bad Request.

--2017-02-03 20:31:06--  http://doi.org/10.1093/tcbh/hww006
Connecting to doi.org (doi.org)|38.100.138.162|:80... connected.
HTTP request sent, awaiting response... 303 See Other
Location: https://academic.oup.com/tcbh/article-lookup/doi/10.1093/tcbh/hww006 [following]
--2017-02-03 20:31:07--  https://academic.oup.com/tcbh/article-lookup/doi/10.1093/tcbh/hww006
Connecting to academic.oup.com (academic.oup.com)|173.254.190.144|:443... connected.
HTTP request sent, awaiting response... 200 OK
Length: 148542 (145K) [text/html]
Saving to: ‘hww006’

     0K .......... .......... .......... .......... .......... 34%  209K 0s
    50K .......... .......... .......... .......... .......... 68%  613K 0s
   100K .......... .......... .......... .......... .....     100%  556K=0.4s

2017-02-03 20:31:11 (361 KB/s) - ‘hww006’ saved [148542/148542]

--2017-02-03 20:31:12--  http://doi.org/10.1093/tcbh/hww009
Connecting to doi.org (doi.org)|38.100.138.162|:80... connected.
HTTP request sent, awaiting response... 303 See Other
Location: https://academic.oup.com/tcbh/article-lookup/doi/10.1093/tcbh/hww009 [following]
--2017-02-03 20:31:14--  https://academic.oup.com/tcbh/article-lookup/doi/10.1093/tcbh/hww009
Connecting to academic.oup.com (academic.oup.com)|173.254.190.144|:443... connected.
HTTP request sent, awaiting response... 400 Bad Request
2017-02-03 20:31:14 ERROR 400: Bad Request.

--2017-02-03 20:31:15--  http://doi.org/10.1093/tcbh/hww004
Connecting to doi.org (doi.org)|38.100.138.162|:80... connected.
HTTP request sent, awaiting response... 303 See Other
Location: https://academic.oup.com/tcbh/article-lookup/doi/10.1093/tcbh/hww004 [following]
--2017-02-03 20:31:16--  https://academic.oup.com/tcbh/article-lookup/doi/10.1093/tcbh/hww004
Connecting to academic.oup.com (academic.oup.com)|173.254.190.144|:443... connected.
HTTP request sent, awaiting response... 400 Bad Request
2017-02-03 20:31:17 ERROR 400: Bad Request.

--2017-02-03 20:31:18--  http://doi.org/10.1093/tcbh/hww007
Connecting to doi.org (doi.org)|38.100.138.162|:80... connected.
HTTP request sent, awaiting response... 303 See Other
Location: https://academic.oup.com/tcbh/article-lookup/doi/10.1093/tcbh/hww007 [following]
--2017-02-03 20:31:19--  https://academic.oup.com/tcbh/article-lookup/doi/10.1093/tcbh/hww007
Connecting to academic.oup.com (academic.oup.com)|173.254.190.144|:443... connected.
HTTP request sent, awaiting response... 200 OK
Length: 90897 (89K) [text/html]
Saving to: ‘hww007’

     0K .......... .......... .......... .......... .......... 56%  209K 0s
    50K .......... .......... .......... ........             100% 9.92M=0.2s

2017-02-03 20:31:23 (365 KB/s) - ‘hww007’ saved [90897/90897]

--2017-02-03 20:31:24--  http://doi.org/10.1093/tcbh/hww005
Connecting to doi.org (doi.org)|38.100.138.162|:80... connected.
HTTP request sent, awaiting response... 303 See Other
Location: https://academic.oup.com/tcbh/article-lookup/doi/10.1093/tcbh/hww005 [following]
--2017-02-03 20:31:25--  https://academic.oup.com/tcbh/article-lookup/doi/10.1093/tcbh/hww005
Connecting to academic.oup.com (academic.oup.com)|173.254.190.144|:443... connected.
HTTP request sent, awaiting response... 200 OK
Length: 78471 (77K) [text/html]
Saving to: ‘hww005’

     0K .......... .......... .......... .......... .......... 65%  209K 0s
    50K .......... .......... ......                          100% 9.15M=0.2s

2017-02-03 20:31:29 (316 KB/s) - ‘hww005’ saved [78471/78471]

--2017-02-03 20:31:30--  http://doi.org/10.1093/tcbh/hww003
Connecting to doi.org (doi.org)|38.100.138.162|:80... connected.
HTTP request sent, awaiting response... 303 See Other
Location: https://academic.oup.com/tcbh/article-lookup/doi/10.1093/tcbh/hww003 [following]
--2017-02-03 20:31:31--  https://academic.oup.com/tcbh/article-lookup/doi/10.1093/tcbh/hww003
Connecting to academic.oup.com (academic.oup.com)|173.254.190.144|:443... connected.
HTTP request sent, awaiting response... 200 OK
Length: 74530 (73K) [text/html]
Saving to: ‘hww003’

     0K .......... .......... .......... .......... .......... 68%  209K 0s
    50K .......... .......... ..                              100% 13.1M=0.2s

2017-02-03 20:31:34 (302 KB/s) - ‘hww003’ saved [74530/74530]

--2017-02-03 20:31:35--  http://doi.org/10.1093/tcbh/hww002
Connecting to doi.org (doi.org)|38.100.138.162|:80... connected.
HTTP request sent, awaiting response... 303 See Other
Location: https://academic.oup.com/tcbh/article-lookup/doi/10.1093/tcbh/hww002 [following]
--2017-02-03 20:31:36--  https://academic.oup.com/tcbh/article-lookup/doi/10.1093/tcbh/hww002
Connecting to academic.oup.com (academic.oup.com)|173.254.190.144|:443... connected.
HTTP request sent, awaiting response... 200 OK
Length: 74111 (72K) [text/html]
Saving to: ‘hww002’

     0K .......... .......... .......... .......... .......... 69%  209K 0s
    50K .......... .......... ..                              100% 11.5M=0.2s

2017-02-03 20:31:40 (300 KB/s) - ‘hww002’ saved [74111/74111]

--2017-02-03 20:31:41--  http://doi.org/10.1093/tcbh/hwv042
Connecting to doi.org (doi.org)|38.100.138.162|:80... connected.
HTTP request sent, awaiting response... 303 See Other
Location: https://academic.oup.com/tcbh/article-lookup/doi/10.1093/tcbh/hwv042 [following]
--2017-02-03 20:31:42--  https://academic.oup.com/tcbh/article-lookup/doi/10.1093/tcbh/hwv042
Connecting to academic.oup.com (academic.oup.com)|173.254.190.144|:443... connected.
HTTP request sent, awaiting response... 200 OK
Length: 165032 (161K) [text/html]
Saving to: ‘hwv042’

     0K .......... .......... .......... .......... .......... 31%  209K 1s
    50K .......... .......... .......... .......... .......... 62%  604K 0s
   100K .......... .......... .......... .......... .......... 93%  610K 0s
   150K .......... .                                          100% 7.87M=0.4s

2017-02-03 20:31:49 (397 KB/s) - ‘hwv042’ saved [165032/165032]

--2017-02-03 20:31:50--  http://doi.org/10.1093/tcbh/hww001
Connecting to doi.org (doi.org)|38.100.138.162|:80... connected.
HTTP request sent, awaiting response... 303 See Other
Location: https://academic.oup.com/tcbh/article-lookup/doi/10.1093/tcbh/hww001 [following]
--2017-02-03 20:31:51--  https://academic.oup.com/tcbh/article-lookup/doi/10.1093/tcbh/hww001
Connecting to academic.oup.com (academic.oup.com)|173.254.190.144|:443... connected.
HTTP request sent, awaiting response... 200 OK
Length: 71414 (70K) [text/html]
Saving to: ‘hww001’

     0K .......... .......... .......... .......... .......... 71%  208K 0s
    50K .......... .........                                  100% 17.0M=0.2s

2017-02-03 20:31:57 (289 KB/s) - ‘hww001’ saved [71414/71414]

--2017-02-03 20:31:58--  http://doi.org/10.1093/tcbh/hww058
Connecting to doi.org (doi.org)|38.100.138.162|:80... connected.
HTTP request sent, awaiting response... 303 See Other
Location: https://academic.oup.com/tcbh/article-lookup/doi/10.1093/tcbh/hww058 [following]
--2017-02-03 20:31:59--  https://academic.oup.com/tcbh/article-lookup/doi/10.1093/tcbh/hww058
Connecting to academic.oup.com (academic.oup.com)|173.254.190.144|:443... connected.
HTTP request sent, awaiting response... 400 Bad Request
2017-02-03 20:31:59 ERROR 400: Bad Request.

--2017-02-03 20:32:00--  http://doi.org/10.1093/tcbh/hww042
Connecting to doi.org (doi.org)|38.100.138.162|:80... connected.
HTTP request sent, awaiting response... 303 See Other
Location: https://academic.oup.com/tcbh/article-lookup/doi/10.1093/tcbh/hww042 [following]
--2017-02-03 20:32:02--  https://academic.oup.com/tcbh/article-lookup/doi/10.1093/tcbh/hww042
Connecting to academic.oup.com (academic.oup.com)|173.254.190.144|:443... connected.
HTTP request sent, awaiting response... 200 OK
Length: 83575 (82K) [text/html]
Saving to: ‘hww042’

     0K .......... .......... .......... .......... .......... 61%  209K 0s
    50K .......... .......... .......... .                    100% 13.6M=0.2s

2017-02-03 20:32:06 (338 KB/s) - ‘hww042’ saved [83575/83575]

--2017-02-03 20:32:07--  http://doi.org/10.1093/tcbh/hww029
Connecting to doi.org (doi.org)|38.100.138.162|:80... connected.
HTTP request sent, awaiting response... 303 See Other
Location: https://academic.oup.com/tcbh/article-lookup/doi/10.1093/tcbh/hww029 [following]
--2017-02-03 20:32:08--  https://academic.oup.com/tcbh/article-lookup/doi/10.1093/tcbh/hww029
Connecting to academic.oup.com (academic.oup.com)|173.254.190.144|:443... connected.
HTTP request sent, awaiting response... 200 OK
Length: 73205 (71K) [text/html]
Saving to: ‘hww029’

     0K .......... .......... .......... .......... .......... 69%  209K 0s
    50K .......... .......... .                               100% 16.9M=0.2s

2017-02-03 20:32:12 (297 KB/s) - ‘hww029’ saved [73205/73205]

--2017-02-03 20:32:13--  http://doi.org/10.1093/tcbh/hww036
Connecting to doi.org (doi.org)|38.100.138.162|:80... connected.
HTTP request sent, awaiting response... 303 See Other
Location: https://academic.oup.com/tcbh/article-lookup/doi/10.1093/tcbh/hww036 [following]
--2017-02-03 20:32:15--  https://academic.oup.com/tcbh/article-lookup/doi/10.1093/tcbh/hww036
Connecting to academic.oup.com (academic.oup.com)|173.254.190.144|:443... connected.
HTTP request sent, awaiting response... 400 Bad Request
2017-02-03 20:32:16 ERROR 400: Bad Request.

--2017-02-03 20:32:17--  http://doi.org/10.1093/tcbh/hww055
Connecting to doi.org (doi.org)|38.100.138.162|:80... connected.
HTTP request sent, awaiting response... 303 See Other
Location: https://academic.oup.com/tcbh/article-lookup/doi/10.1093/tcbh/hww055 [following]
--2017-02-03 20:32:18--  https://academic.oup.com/tcbh/article-lookup/doi/10.1093/tcbh/hww055
Connecting to academic.oup.com (academic.oup.com)|173.254.190.144|:443... connected.
HTTP request sent, awaiting response... 200 OK
Length: 200975 (196K) [text/html]
Saving to: ‘hww055’

     0K .......... .......... .......... .......... .......... 25%  209K 1s
    50K .......... .......... .......... .......... .......... 50%  604K 0s
   100K .......... .......... .......... .......... .......... 76%  610K 0s
   150K .......... .......... .......... .......... ......    100%  566K=0.5s

2017-02-03 20:32:23 (404 KB/s) - ‘hww055’ saved [200975/200975]

--2017-02-03 20:32:24--  http://doi.org/10.1093/tcbh/hwv041
Connecting to doi.org (doi.org)|38.100.138.162|:80... connected.
HTTP request sent, awaiting response... 303 See Other
Location: https://academic.oup.com/tcbh/article-lookup/doi/10.1093/tcbh/hwv041 [following]
--2017-02-03 20:32:25--  https://academic.oup.com/tcbh/article-lookup/doi/10.1093/tcbh/hwv041
Connecting to academic.oup.com (academic.oup.com)|173.254.190.144|:443... connected.
HTTP request sent, awaiting response... 400 Bad Request
2017-02-03 20:32:26 ERROR 400: Bad Request.

--2017-02-03 20:32:27--  http://doi.org/10.1093/tcbh/hwv040
Connecting to doi.org (doi.org)|38.100.138.162|:80... connected.
HTTP request sent, awaiting response... 303 See Other
Location: https://academic.oup.com/tcbh/article-lookup/doi/10.1093/tcbh/hwv040 [following]
--2017-02-03 20:32:29--  https://academic.oup.com/tcbh/article-lookup/doi/10.1093/tcbh/hwv040
Connecting to academic.oup.com (academic.oup.com)|173.254.190.144|:443... connected.
HTTP request sent, awaiting response... 200 OK
Length: 74867 (73K) [text/html]
Saving to: ‘hwv040’

     0K .......... .......... .......... .......... .......... 68%  209K 0s
    50K .......... .......... ...                             100% 11.1M=0.2s

2017-02-03 20:32:33 (302 KB/s) - ‘hwv040’ saved [74867/74867]

--2017-02-03 20:32:34--  http://doi.org/10.1093/tcbh/hwv038
Connecting to doi.org (doi.org)|38.100.138.162|:80... connected.
HTTP request sent, awaiting response... 303 See Other
Location: https://academic.oup.com/tcbh/article-lookup/doi/10.1093/tcbh/hwv038 [following]
--2017-02-03 20:32:35--  https://academic.oup.com/tcbh/article-lookup/doi/10.1093/tcbh/hwv038
Connecting to academic.oup.com (academic.oup.com)|173.254.190.144|:443... connected.
HTTP request sent, awaiting response... 200 OK
Length: 146460 (143K) [text/html]
Saving to: ‘hwv038’

     0K .......... .......... .......... .......... .......... 34%  209K 0s
    50K .......... .......... .......... .......... .......... 69%  590K 0s
   100K .......... .......... .......... .......... ...       100%  536K=0.4s

2017-02-03 20:32:40 (353 KB/s) - ‘hwv038’ saved [146460/146460]

--2017-02-03 20:32:41--  http://doi.org/10.1093/tcbh/hwv039
Connecting to doi.org (doi.org)|38.100.138.162|:80... connected.
HTTP request sent, awaiting response... 303 See Other
Location: https://academic.oup.com/tcbh/article-lookup/doi/10.1093/tcbh/hwv039 [following]
--2017-02-03 20:32:42--  https://academic.oup.com/tcbh/article-lookup/doi/10.1093/tcbh/hwv039
Connecting to academic.oup.com (academic.oup.com)|173.254.190.144|:443... connected.
HTTP request sent, awaiting response... 200 OK
Length: 169524 (166K) [text/html]
Saving to: ‘hwv039’

     0K .......... .......... .......... .......... .......... 30%  209K 1s
    50K .......... .......... .......... .......... .......... 60%  603K 0s
   100K .......... .......... .......... .......... .......... 90%  608K 0s
   150K .......... .....                                      100%  426K=0.4s

2017-02-03 20:32:46 (375 KB/s) - ‘hwv039’ saved [169524/169524]

--2017-02-03 20:32:47--  http://doi.org/10.1093/tcbh/hwv034
Connecting to doi.org (doi.org)|38.100.138.162|:80... connected.
HTTP request sent, awaiting response... 303 See Other
Location: https://academic.oup.com/tcbh/article-lookup/doi/10.1093/tcbh/hwv034 [following]
--2017-02-03 20:32:48--  https://academic.oup.com/tcbh/article-lookup/doi/10.1093/tcbh/hwv034
Connecting to academic.oup.com (academic.oup.com)|173.254.190.144|:443... connected.
HTTP request sent, awaiting response... 200 OK
Length: 173015 (169K) [text/html]
Saving to: ‘hwv034’

     0K .......... .......... .......... .......... .......... 29%  310K 0s
    50K .......... .......... .......... .......... .......... 59%  314K 0s
   100K .......... .......... .......... .......... .......... 88%  572K 0s
   150K .......... ........                                   100%  548K=0.4s

2017-02-03 20:32:52 (381 KB/s) - ‘hwv034’ saved [173015/173015]

--2017-02-03 20:32:53--  http://doi.org/10.1093/tcbh/hwv037
Connecting to doi.org (doi.org)|38.100.138.162|:80... connected.
HTTP request sent, awaiting response... 303 See Other
Location: https://academic.oup.com/tcbh/article-lookup/doi/10.1093/tcbh/hwv037 [following]
--2017-02-03 20:32:54--  https://academic.oup.com/tcbh/article-lookup/doi/10.1093/tcbh/hwv037
Connecting to academic.oup.com (academic.oup.com)|173.254.190.144|:443... connected.
HTTP request sent, awaiting response... 200 OK
Length: 74259 (73K) [text/html]
Saving to: ‘hwv037’

     0K .......... .......... .......... .......... .......... 68%  308K 0s
    50K .......... .......... ..                              100%  285K=0.2s

2017-02-03 20:32:58 (300 KB/s) - ‘hwv037’ saved [74259/74259]

--2017-02-03 20:32:59--  http://doi.org/10.1093/tcbh/hwv035
Connecting to doi.org (doi.org)|38.100.138.162|:80... connected.
HTTP request sent, awaiting response... 303 See Other
Location: https://academic.oup.com/tcbh/article-lookup/doi/10.1093/tcbh/hwv035 [following]
--2017-02-03 20:33:00--  https://academic.oup.com/tcbh/article-lookup/doi/10.1093/tcbh/hwv035
Connecting to academic.oup.com (academic.oup.com)|173.254.190.144|:443... connected.
HTTP request sent, awaiting response... 200 OK
Length: 75005 (73K) [text/html]
Saving to: ‘hwv035’

     0K .......... .......... .......... .......... .......... 68%  209K 0s
    50K .......... .......... ...                             100% 10.6M=0.2s

2017-02-03 20:33:03 (304 KB/s) - ‘hwv035’ saved [75005/75005]

--2017-02-03 20:33:04--  http://doi.org/10.1093/tcbh/hwv036
Connecting to doi.org (doi.org)|38.100.138.162|:80... connected.
HTTP request sent, awaiting response... 303 See Other
Location: https://academic.oup.com/tcbh/article-lookup/doi/10.1093/tcbh/hwv036 [following]
--2017-02-03 20:33:05--  https://academic.oup.com/tcbh/article-lookup/doi/10.1093/tcbh/hwv036
Connecting to academic.oup.com (academic.oup.com)|173.254.190.144|:443... connected.
HTTP request sent, awaiting response... 200 OK
Length: 74699 (73K) [text/html]
Saving to: ‘hwv036’

     0K .......... .......... .......... .......... .......... 68%  209K 0s
    50K .......... .......... ..                              100% 12.6M=0.2s

2017-02-03 20:33:09 (303 KB/s) - ‘hwv036’ saved [74699/74699]

--2017-02-03 20:33:10--  http://doi.org/10.1093/tcbh/hwv031
Connecting to doi.org (doi.org)|38.100.138.162|:80... connected.
HTTP request sent, awaiting response... 303 See Other
Location: https://academic.oup.com/tcbh/article-lookup/doi/10.1093/tcbh/hwv031 [following]
--2017-02-03 20:33:11--  https://academic.oup.com/tcbh/article-lookup/doi/10.1093/tcbh/hwv031
Connecting to academic.oup.com (academic.oup.com)|173.254.190.144|:443... connected.
HTTP request sent, awaiting response... 200 OK
Length: 156328 (153K) [text/html]
Saving to: ‘hwv031’

     0K .......... .......... .......... .......... .......... 32%  209K 0s
    50K .......... .......... .......... .......... .......... 65%  610K 0s
   100K .......... .......... .......... .......... .......... 98%  581K 0s
   150K ..                                                    100% 16.6M=0.4s

2017-02-03 20:33:17 (375 KB/s) - ‘hwv031’ saved [156328/156328]

--2017-02-03 20:33:18--  http://doi.org/10.1093/tcbh/hwv033
Connecting to doi.org (doi.org)|38.100.138.162|:80... connected.
HTTP request sent, awaiting response... 303 See Other
Location: https://academic.oup.com/tcbh/article-lookup/doi/10.1093/tcbh/hwv033 [following]
--2017-02-03 20:33:19--  https://academic.oup.com/tcbh/article-lookup/doi/10.1093/tcbh/hwv033
Connecting to academic.oup.com (academic.oup.com)|173.254.190.144|:443... connected.
HTTP request sent, awaiting response... 200 OK
Length: 166211 (162K) [text/html]
Saving to: ‘hwv033’

     0K .......... .......... .......... .......... .......... 30%  309K 0s
    50K .......... .......... .......... .......... .......... 61%  313K 0s
   100K .......... .......... .......... .......... .......... 92%  603K 0s
   150K .......... ..                                         100% 10.1M=0.4s

2017-02-03 20:33:23 (400 KB/s) - ‘hwv033’ saved [166211/166211]

--2017-02-03 20:33:24--  http://doi.org/10.1093/tcbh/hwv029
Connecting to doi.org (doi.org)|38.100.138.162|:80... connected.
HTTP request sent, awaiting response... 303 See Other
Location: https://academic.oup.com/tcbh/article-lookup/doi/10.1093/tcbh/hwv029 [following]
--2017-02-03 20:33:25--  https://academic.oup.com/tcbh/article-lookup/doi/10.1093/tcbh/hwv029
Connecting to academic.oup.com (academic.oup.com)|173.254.190.144|:443... connected.
HTTP request sent, awaiting response... 200 OK
Length: 198674 (194K) [text/html]
Saving to: ‘hwv029’

     0K .......... .......... .......... .......... .......... 25%  209K 1s
    50K .......... .......... .......... .......... .......... 51%  600K 0s
   100K .......... .......... .......... .......... .......... 77%  615K 0s
   150K .......... .......... .......... .......... ....      100%  537K=0.5s

2017-02-03 20:33:29 (400 KB/s) - ‘hwv029’ saved [198674/198674]

--2017-02-03 20:33:30--  http://doi.org/10.1093/tcbh/hwv030
Connecting to doi.org (doi.org)|38.100.138.162|:80... connected.
HTTP request sent, awaiting response... 303 See Other
Location: https://academic.oup.com/tcbh/article-lookup/doi/10.1093/tcbh/hwv030 [following]
--2017-02-03 20:33:31--  https://academic.oup.com/tcbh/article-lookup/doi/10.1093/tcbh/hwv030
Connecting to academic.oup.com (academic.oup.com)|173.254.190.144|:443... connected.
HTTP request sent, awaiting response... 200 OK
Length: 169905 (166K) [text/html]
Saving to: ‘hwv030’

     0K .......... .......... .......... .......... .......... 30%  209K 1s
    50K .......... .......... .......... .......... .......... 60%  601K 0s
   100K .......... .......... .......... .......... .......... 90%  612K 0s
   150K .......... .....                                      100%  206K=0.5s

2017-02-03 20:33:34 (345 KB/s) - ‘hwv030’ saved [169905/169905]

--2017-02-03 20:33:35--  http://doi.org/10.1093/tcbh/hwv032
Connecting to doi.org (doi.org)|38.100.138.162|:80... connected.
HTTP request sent, awaiting response... 303 See Other
Location: https://academic.oup.com/tcbh/article-lookup/doi/10.1093/tcbh/hwv032 [following]
--2017-02-03 20:33:36--  https://academic.oup.com/tcbh/article-lookup/doi/10.1093/tcbh/hwv032
Connecting to academic.oup.com (academic.oup.com)|173.254.190.144|:443... connected.
HTTP request sent, awaiting response... 200 OK
Length: 74501 (73K) [text/html]
Saving to: ‘hwv032’

     0K .......... .......... .......... .......... .......... 68%  209K 0s
    50K .......... .......... ..                              100% 10.2M=0.2s

2017-02-03 20:33:40 (302 KB/s) - ‘hwv032’ saved [74501/74501]

--2017-02-03 20:33:41--  http://doi.org/10.1093/tcbh/hwv028
Connecting to doi.org (doi.org)|38.100.138.162|:80... connected.
HTTP request sent, awaiting response... 303 See Other
Location: https://academic.oup.com/tcbh/article-lookup/doi/10.1093/tcbh/hwv028 [following]
--2017-02-03 20:33:42--  https://academic.oup.com/tcbh/article-lookup/doi/10.1093/tcbh/hwv028
Connecting to academic.oup.com (academic.oup.com)|173.254.190.144|:443... connected.
HTTP request sent, awaiting response... 200 OK
Length: 73175 (71K) [text/html]
Saving to: ‘hwv028’

     0K .......... .......... .......... .......... .......... 69%  209K 0s
    50K .......... .......... .                               100% 14.3M=0.2s

2017-02-03 20:33:46 (297 KB/s) - ‘hwv028’ saved [73175/73175]

--2017-02-03 20:33:47--  http://doi.org/10.1093/tcbh/hwv018
Connecting to doi.org (doi.org)|38.100.138.162|:80... connected.
HTTP request sent, awaiting response... 303 See Other
Location: https://academic.oup.com/tcbh/article-lookup/doi/10.1093/tcbh/hwv018 [following]
--2017-02-03 20:33:48--  https://academic.oup.com/tcbh/article-lookup/doi/10.1093/tcbh/hwv018
Connecting to academic.oup.com (academic.oup.com)|173.254.190.144|:443... connected.
HTTP request sent, awaiting response... 200 OK
Length: 64347 (63K) [text/html]
Saving to: ‘hwv018’

     0K .......... .......... .......... .......... .......... 79%  209K 0s
    50K .......... ..                                         100% 14.7M=0.2s

2017-02-03 20:33:52 (262 KB/s) - ‘hwv018’ saved [64347/64347]

--2017-02-03 20:33:53--  http://doi.org/10.1093/tcbh/hwv027
Connecting to doi.org (doi.org)|38.100.138.162|:80... connected.
HTTP request sent, awaiting response... 303 See Other
Location: https://academic.oup.com/tcbh/article-lookup/doi/10.1093/tcbh/hwv027 [following]
--2017-02-03 20:33:54--  https://academic.oup.com/tcbh/article-lookup/doi/10.1093/tcbh/hwv027
Connecting to academic.oup.com (academic.oup.com)|173.254.190.144|:443... connected.
HTTP request sent, awaiting response... 400 Bad Request
2017-02-03 20:33:55 ERROR 400: Bad Request.

--2017-02-03 20:33:56--  http://doi.org/10.1093/tcbh/hwv026
Connecting to doi.org (doi.org)|38.100.138.162|:80... connected.
HTTP request sent, awaiting response... 303 See Other
Location: https://academic.oup.com/tcbh/article-lookup/doi/10.1093/tcbh/hwv026 [following]
--2017-02-03 20:33:58--  https://academic.oup.com/tcbh/article-lookup/doi/10.1093/tcbh/hwv026
Connecting to academic.oup.com (academic.oup.com)|173.254.190.144|:443... connected.
HTTP request sent, awaiting response... 200 OK
Length: 72857 (71K) [text/html]
Saving to: ‘hwv026’

     0K .......... .......... .......... .......... .......... 70%  208K 0s
    50K .......... .......... .                               100% 13.8M=0.2s

2017-02-03 20:34:01 (294 KB/s) - ‘hwv026’ saved [72857/72857]

--2017-02-03 20:34:02--  http://doi.org/10.1093/tcbh/hwv024
Connecting to doi.org (doi.org)|38.100.138.162|:80... connected.
HTTP request sent, awaiting response... 303 See Other
Location: https://academic.oup.com/tcbh/article-lookup/doi/10.1093/tcbh/hwv024 [following]
--2017-02-03 20:34:03--  https://academic.oup.com/tcbh/article-lookup/doi/10.1093/tcbh/hwv024
Connecting to academic.oup.com (academic.oup.com)|173.254.190.144|:443... connected.
HTTP request sent, awaiting response... 400 Bad Request
2017-02-03 20:34:05 ERROR 400: Bad Request.

--2017-02-03 20:34:06--  http://doi.org/10.1093/tcbh/hwv025
Connecting to doi.org (doi.org)|38.100.138.162|:80... connected.
HTTP request sent, awaiting response... 303 See Other
Location: https://academic.oup.com/tcbh/article-lookup/doi/10.1093/tcbh/hwv025 [following]
--2017-02-03 20:34:07--  https://academic.oup.com/tcbh/article-lookup/doi/10.1093/tcbh/hwv025
Connecting to academic.oup.com (academic.oup.com)|173.254.190.144|:443... connected.
HTTP request sent, awaiting response... 200 OK
Length: 88366 (86K) [text/html]
Saving to: ‘hwv025’

     0K .......... .......... .......... .......... .......... 57%  209K 0s
    50K .......... .......... .......... ......               100% 6.08M=0.2s

2017-02-03 20:34:11 (352 KB/s) - ‘hwv025’ saved [88366/88366]

--2017-02-03 20:34:12--  http://doi.org/10.1093/tcbh/hwv023
Connecting to doi.org (doi.org)|38.100.138.162|:80... connected.
HTTP request sent, awaiting response... 303 See Other
Location: https://academic.oup.com/tcbh/article-lookup/doi/10.1093/tcbh/hwv023 [following]
--2017-02-03 20:34:13--  https://academic.oup.com/tcbh/article-lookup/doi/10.1093/tcbh/hwv023
Connecting to academic.oup.com (academic.oup.com)|173.254.190.144|:443... connected.
HTTP request sent, awaiting response... 200 OK
Length: 185082 (181K) [text/html]
Saving to: ‘hwv023’

     0K .......... .......... .......... .......... .......... 27%  209K 1s
    50K .......... .......... .......... .......... .......... 55%  596K 0s
   100K .......... .......... .......... .......... .......... 82%  606K 0s
   150K .......... .......... ..........                      100%  388K=0.5s

2017-02-03 20:34:16 (373 KB/s) - ‘hwv023’ saved [185082/185082]

--2017-02-03 20:34:17--  http://doi.org/10.1093/tcbh/hwv020
Connecting to doi.org (doi.org)|38.100.138.162|:80... connected.
HTTP request sent, awaiting response... 303 See Other
Location: https://academic.oup.com/tcbh/article-lookup/doi/10.1093/tcbh/hwv020 [following]
--2017-02-03 20:34:19--  https://academic.oup.com/tcbh/article-lookup/doi/10.1093/tcbh/hwv020
Connecting to academic.oup.com (academic.oup.com)|173.254.190.144|:443... connected.
HTTP request sent, awaiting response... 200 OK
Length: 76639 (75K) [text/html]
Saving to: ‘hwv020’

     0K .......... .......... .......... .......... .......... 66%  209K 0s
    50K .......... .......... ....                            100% 2.57M=0.2s

2017-02-03 20:34:22 (301 KB/s) - ‘hwv020’ saved [76639/76639]

--2017-02-03 20:34:23--  http://doi.org/10.1093/tcbh/hwv022
Connecting to doi.org (doi.org)|38.100.138.162|:80... connected.
HTTP request sent, awaiting response... 303 See Other
Location: https://academic.oup.com/tcbh/article-lookup/doi/10.1093/tcbh/hwv022 [following]
--2017-02-03 20:34:24--  https://academic.oup.com/tcbh/article-lookup/doi/10.1093/tcbh/hwv022
Connecting to academic.oup.com (academic.oup.com)|173.254.190.144|:443... connected.
HTTP request sent, awaiting response... 200 OK
Length: 89346 (87K) [text/html]
Saving to: ‘hwv022’

     0K .......... .......... .......... .......... .......... 57%  209K 0s
    50K .......... .......... .......... .......              100% 10.4M=0.2s

2017-02-03 20:34:28 (360 KB/s) - ‘hwv022’ saved [89346/89346]

--2017-02-03 20:34:29--  http://doi.org/10.1093/tcbh/hwv017
Connecting to doi.org (doi.org)|38.100.138.162|:80... connected.
HTTP request sent, awaiting response... 303 See Other
Location: https://academic.oup.com/tcbh/article-lookup/doi/10.1093/tcbh/hwv017 [following]
--2017-02-03 20:34:30--  https://academic.oup.com/tcbh/article-lookup/doi/10.1093/tcbh/hwv017
Connecting to academic.oup.com (academic.oup.com)|173.254.190.144|:443... connected.
HTTP request sent, awaiting response... 200 OK
Length: 72564 (71K) [text/html]
Saving to: ‘hwv017’

     0K .......... .......... .......... .......... .......... 70%  209K 0s
    50K .......... ..........                                 100% 11.5M=0.2s

2017-02-03 20:34:34 (294 KB/s) - ‘hwv017’ saved [72564/72564]

--2017-02-03 20:34:35--  http://doi.org/10.1093/tcbh/hwv019
Connecting to doi.org (doi.org)|38.100.138.162|:80... connected.
HTTP request sent, awaiting response... 303 See Other
Location: https://academic.oup.com/tcbh/article-lookup/doi/10.1093/tcbh/hwv019 [following]
--2017-02-03 20:34:36--  https://academic.oup.com/tcbh/article-lookup/doi/10.1093/tcbh/hwv019
Connecting to academic.oup.com (academic.oup.com)|173.254.190.144|:443... connected.
HTTP request sent, awaiting response... 200 OK
Length: 74541 (73K) [text/html]
Saving to: ‘hwv019’

     0K .......... .......... .......... .......... .......... 68%  208K 0s
    50K .......... .......... ..                              100% 10.4M=0.2s

2017-02-03 20:34:41 (301 KB/s) - ‘hwv019’ saved [74541/74541]

--2017-02-03 20:34:42--  http://doi.org/10.1093/tcbh/hwv021
Connecting to doi.org (doi.org)|38.100.138.162|:80... connected.
HTTP request sent, awaiting response... 303 See Other
Location: https://academic.oup.com/tcbh/article-lookup/doi/10.1093/tcbh/hwv021 [following]
--2017-02-03 20:34:43--  https://academic.oup.com/tcbh/article-lookup/doi/10.1093/tcbh/hwv021
Connecting to academic.oup.com (academic.oup.com)|173.254.190.144|:443... connected.
HTTP request sent, awaiting response... 200 OK
Length: 73650 (72K) [text/html]
Saving to: ‘hwv021’

     0K .......... .......... .......... .......... .......... 69%  208K 0s
    50K .......... .......... .                               100% 14.9M=0.2s

2017-02-03 20:34:47 (298 KB/s) - ‘hwv021’ saved [73650/73650]

--2017-02-03 20:34:48--  http://doi.org/10.1093/tcbh/hwv016
Connecting to doi.org (doi.org)|38.100.138.162|:80... connected.
HTTP request sent, awaiting response... 303 See Other
Location: https://academic.oup.com/tcbh/article-lookup/doi/10.1093/tcbh/hwv016 [following]
--2017-02-03 20:34:49--  https://academic.oup.com/tcbh/article-lookup/doi/10.1093/tcbh/hwv016
Connecting to academic.oup.com (academic.oup.com)|173.254.190.144|:443... connected.
HTTP request sent, awaiting response... 200 OK
Length: 72955 (71K) [text/html]
Saving to: ‘hwv016’

     0K .......... .......... .......... .......... .......... 70%  206K 0s
    50K .......... .......... .                               100% 11.4M=0.2s

2017-02-03 20:34:54 (291 KB/s) - ‘hwv016’ saved [72955/72955]

--2017-02-03 20:34:55--  http://doi.org/10.1093/tcbh/hwv013
Connecting to doi.org (doi.org)|38.100.138.162|:80... connected.
HTTP request sent, awaiting response... 303 See Other
Location: https://academic.oup.com/tcbh/article-lookup/doi/10.1093/tcbh/hwv013 [following]
--2017-02-03 20:34:56--  https://academic.oup.com/tcbh/article-lookup/doi/10.1093/tcbh/hwv013
Connecting to academic.oup.com (academic.oup.com)|173.254.190.144|:443... connected.
HTTP request sent, awaiting response... 200 OK
Length: 71539 (70K) [text/html]
Saving to: ‘hwv013’

     0K .......... .......... .......... .......... .......... 71%  207K 0s
    50K .......... .........                                  100% 10.8M=0.2s

2017-02-03 20:35:02 (288 KB/s) - ‘hwv013’ saved [71539/71539]

--2017-02-03 20:35:03--  http://doi.org/10.1093/tcbh/hwv014
Connecting to doi.org (doi.org)|38.100.138.162|:80... connected.
HTTP request sent, awaiting response... 303 See Other
Location: https://academic.oup.com/tcbh/article-lookup/doi/10.1093/tcbh/hwv014 [following]
--2017-02-03 20:35:04--  https://academic.oup.com/tcbh/article-lookup/doi/10.1093/tcbh/hwv014
Connecting to academic.oup.com (academic.oup.com)|173.254.190.144|:443... connected.
HTTP request sent, awaiting response... 200 OK
Length: 77052 (75K) [text/html]
Saving to: ‘hwv014’

     0K .......... .......... .......... .......... .......... 66%  206K 0s
    50K .......... .......... .....                           100% 5.08M=0.2s

2017-02-03 20:35:09 (304 KB/s) - ‘hwv014’ saved [77052/77052]

--2017-02-03 20:35:10--  http://doi.org/10.1093/tcbh/hwv015
Connecting to doi.org (doi.org)|38.100.138.162|:80... connected.
HTTP request sent, awaiting response... 303 See Other
Location: https://academic.oup.com/tcbh/article-lookup/doi/10.1093/tcbh/hwv015 [following]
--2017-02-03 20:35:11--  https://academic.oup.com/tcbh/article-lookup/doi/10.1093/tcbh/hwv015
Connecting to academic.oup.com (academic.oup.com)|173.254.190.144|:443... connected.
HTTP request sent, awaiting response... 200 OK
Length: 89158 (87K) [text/html]
Saving to: ‘hwv015’

     0K .......... .......... .......... .......... .......... 57%  209K 0s
    50K .......... .......... .......... .......              100%  913K=0.3s

2017-02-03 20:35:16 (311 KB/s) - ‘hwv015’ saved [89158/89158]

--2017-02-03 20:35:17--  http://doi.org/10.1093/tcbh/hwv011
Connecting to doi.org (doi.org)|38.100.138.162|:80... connected.
HTTP request sent, awaiting response... 303 See Other
Location: https://academic.oup.com/tcbh/article-lookup/doi/10.1093/tcbh/hwv011 [following]
--2017-02-03 20:35:18--  https://academic.oup.com/tcbh/article-lookup/doi/10.1093/tcbh/hwv011
Connecting to academic.oup.com (academic.oup.com)|173.254.190.144|:443... connected.
HTTP request sent, awaiting response... 400 Bad Request
2017-02-03 20:35:18 ERROR 400: Bad Request.

--2017-02-03 20:35:19--  http://doi.org/10.1093/tcbh/hwv012
Connecting to doi.org (doi.org)|38.100.138.162|:80... connected.
HTTP request sent, awaiting response... 303 See Other
Location: https://academic.oup.com/tcbh/article-lookup/doi/10.1093/tcbh/hwv012 [following]
--2017-02-03 20:35:20--  https://academic.oup.com/tcbh/article-lookup/doi/10.1093/tcbh/hwv012
Connecting to academic.oup.com (academic.oup.com)|173.254.190.144|:443... connected.
HTTP request sent, awaiting response... 200 OK
Length: 89293 (87K) [text/html]
Saving to: ‘hwv012’

     0K .......... .......... .......... .......... .......... 57%  310K 0s
    50K .......... .......... .......... .......              100%  463K=0.2s

2017-02-03 20:35:26 (361 KB/s) - ‘hwv012’ saved [89293/89293]

--2017-02-03 20:35:27--  http://doi.org/10.1093/tcbh/hwv010
Connecting to doi.org (doi.org)|38.100.138.162|:80... connected.
HTTP request sent, awaiting response... 303 See Other
Location: https://academic.oup.com/tcbh/article-lookup/doi/10.1093/tcbh/hwv010 [following]
--2017-02-03 20:35:28--  https://academic.oup.com/tcbh/article-lookup/doi/10.1093/tcbh/hwv010
Connecting to academic.oup.com (academic.oup.com)|173.254.190.144|:443... connected.
HTTP request sent, awaiting response... 200 OK
Length: 74174 (72K) [text/html]
Saving to: ‘hwv010’

     0K .......... .......... .......... .......... .......... 69%  209K 0s
    50K .......... .......... ..                              100% 9.36M=0.2s

2017-02-03 20:35:33 (299 KB/s) - ‘hwv010’ saved [74174/74174]

--2017-02-03 20:35:34--  http://doi.org/10.1093/tcbh/hwv008
Connecting to doi.org (doi.org)|38.100.138.162|:80... connected.
HTTP request sent, awaiting response... 303 See Other
Location: https://academic.oup.com/tcbh/article-lookup/doi/10.1093/tcbh/hwv008 [following]
--2017-02-03 20:35:35--  https://academic.oup.com/tcbh/article-lookup/doi/10.1093/tcbh/hwv008
Connecting to academic.oup.com (academic.oup.com)|173.254.190.144|:443... connected.
HTTP request sent, awaiting response... 200 OK
Length: 172488 (168K) [text/html]
Saving to: ‘hwv008’

     0K .......... .......... .......... .......... .......... 29%  199K 1s
    50K .......... .......... .......... .......... .......... 59%  607K 0s
   100K .......... .......... .......... .......... .......... 89%  602K 0s
   150K .......... ........                                   100%  235K=0.5s

2017-02-03 20:35:40 (340 KB/s) - ‘hwv008’ saved [172488/172488]

--2017-02-03 20:35:41--  http://doi.org/10.1093/tcbh/hwv009
Connecting to doi.org (doi.org)|38.100.138.162|:80... connected.
HTTP request sent, awaiting response... 303 See Other
Location: https://academic.oup.com/tcbh/article-lookup/doi/10.1093/tcbh/hwv009 [following]
--2017-02-03 20:35:43--  https://academic.oup.com/tcbh/article-lookup/doi/10.1093/tcbh/hwv009
Connecting to academic.oup.com (academic.oup.com)|173.254.190.144|:443... connected.
HTTP request sent, awaiting response... 200 OK
Length: 74050 (72K) [text/html]
Saving to: ‘hwv009’

     0K .......... .......... .......... .......... .......... 69%  209K 0s
    50K .......... .......... ..                              100% 10.8M=0.2s

2017-02-03 20:35:49 (299 KB/s) - ‘hwv009’ saved [74050/74050]

FINISHED --2017-02-03 20:35:49--
Total wall clock time: 10m 7s
Downloaded: 85 files, 8.7M in 26s (346 KB/s)
