--2017-02-03 22:00:47--  http://doi.org/10.1093/wbro/lkw008
Resolving doi.org (doi.org)... 63.123.152.248, 54.191.229.235, 208.254.38.90, ...
Connecting to doi.org (doi.org)|63.123.152.248|:80... connected.
HTTP request sent, awaiting response... 303 See Other
Location: http://wbro.oxfordjournals.org/lookup/doi/10.1093/wbro/lkw008 [following]
--2017-02-03 22:00:48--  http://wbro.oxfordjournals.org/lookup/doi/10.1093/wbro/lkw008
Resolving wbro.oxfordjournals.org (wbro.oxfordjournals.org)... 209.135.222.209
Connecting to wbro.oxfordjournals.org (wbro.oxfordjournals.org)|209.135.222.209|:80... connected.
HTTP request sent, awaiting response... 301 Moved Permanently
Cookie coming from wbro.oxfordjournals.org attempted to set domain to academic.oup.com
Location: https://academic.oup.com/wbro/article/32/1/1/2951013/Well-fare-Economics-of-Groundwater-in-South-Asia [following]
--2017-02-03 22:00:49--  https://academic.oup.com/wbro/article/32/1/1/2951013/Well-fare-Economics-of-Groundwater-in-South-Asia
Resolving academic.oup.com (academic.oup.com)... 173.254.190.144
Connecting to academic.oup.com (academic.oup.com)|173.254.190.144|:443... connected.
HTTP request sent, awaiting response... 400 Bad Request
2017-02-03 22:00:50 ERROR 400: Bad Request.

--2017-02-03 22:00:51--  http://doi.org/10.1093/wbro/lkw007
Connecting to doi.org (doi.org)|63.123.152.248|:80... connected.
HTTP request sent, awaiting response... 303 See Other
Location: https://academic.oup.com/wbro/article-lookup/doi/10.1093/wbro/lkw007 [following]
--2017-02-03 22:00:53--  https://academic.oup.com/wbro/article-lookup/doi/10.1093/wbro/lkw007
Connecting to academic.oup.com (academic.oup.com)|173.254.190.144|:443... connected.
HTTP request sent, awaiting response... 400 Bad Request
2017-02-03 22:00:54 ERROR 400: Bad Request.

--2017-02-03 22:00:55--  http://doi.org/10.1093/wbro/lkw006
Connecting to doi.org (doi.org)|63.123.152.248|:80... connected.
HTTP request sent, awaiting response... 303 See Other
Location: https://academic.oup.com/wbro/article-lookup/doi/10.1093/wbro/lkw006 [following]
--2017-02-03 22:00:57--  https://academic.oup.com/wbro/article-lookup/doi/10.1093/wbro/lkw006
Connecting to academic.oup.com (academic.oup.com)|173.254.190.144|:443... connected.
HTTP request sent, awaiting response... 200 OK
Length: 358135 (350K) [text/html]
Saving to: ‘lkw006’

     0K .......... .......... .......... .......... .......... 14%  209K 1s
    50K .......... .......... .......... .......... .......... 28%  604K 1s
   100K .......... .......... .......... .......... .......... 42%  590K 1s
   150K .......... .......... .......... .......... .......... 57%  614K 0s
   200K .......... .......... .......... .......... .......... 71%  318K 0s
   250K .......... .......... .......... .......... .......... 85%  581K 0s
   300K .......... .......... .......... .......... ......... 100%  610K=0.8s

2017-02-03 22:01:02 (430 KB/s) - ‘lkw006’ saved [358135/358135]

--2017-02-03 22:01:03--  http://doi.org/10.1093/wbro/lkw003
Connecting to doi.org (doi.org)|63.123.152.248|:80... connected.
HTTP request sent, awaiting response... 303 See Other
Location: https://academic.oup.com/wbro/article-lookup/doi/10.1093/wbro/lkw003 [following]
--2017-02-03 22:01:06--  https://academic.oup.com/wbro/article-lookup/doi/10.1093/wbro/lkw003
Connecting to academic.oup.com (academic.oup.com)|173.254.190.144|:443... connected.
HTTP request sent, awaiting response... 200 OK
Length: 241062 (235K) [text/html]
Saving to: ‘lkw003’

     0K .......... .......... .......... .......... .......... 21%  209K 1s
    50K .......... .......... .......... .......... .......... 42%  608K 0s
   100K .......... .......... .......... .......... .......... 63%  601K 0s
   150K .......... .......... .......... .......... .......... 84%  317K 0s
   200K .......... .......... .......... .....                100% 4.95M=0.6s

2017-02-03 22:01:12 (413 KB/s) - ‘lkw003’ saved [241062/241062]

--2017-02-03 22:01:13--  http://doi.org/10.1093/wbro/lkv027
Connecting to doi.org (doi.org)|63.123.152.248|:80... connected.
HTTP request sent, awaiting response... 303 See Other
Location: https://academic.oup.com/wbro/article-lookup/doi/10.1093/wbro/lkv027 [following]
--2017-02-03 22:01:15--  https://academic.oup.com/wbro/article-lookup/doi/10.1093/wbro/lkv027
Connecting to academic.oup.com (academic.oup.com)|173.254.190.144|:443... connected.
HTTP request sent, awaiting response... 200 OK
Length: 100524 (98K) [text/html]
Saving to: ‘lkv027’

     0K .......... .......... .......... .......... .......... 50%  209K 0s
    50K .......... .......... .......... .......... ........  100%  587K=0.3s

2017-02-03 22:01:23 (306 KB/s) - ‘lkv027’ saved [100524/100524]

--2017-02-03 22:01:24--  http://doi.org/10.1093/wbro/lkv023
Connecting to doi.org (doi.org)|63.123.152.248|:80... connected.
HTTP request sent, awaiting response... 303 See Other
Location: https://academic.oup.com/wbro/article-lookup/doi/10.1093/wbro/lkv023 [following]
--2017-02-03 22:01:26--  https://academic.oup.com/wbro/article-lookup/doi/10.1093/wbro/lkv023
Connecting to academic.oup.com (academic.oup.com)|173.254.190.144|:443... connected.
HTTP request sent, awaiting response... 200 OK
Length: 100483 (98K) [text/html]
Saving to: ‘lkv023’

     0K .......... .......... .......... .......... .......... 50%  208K 0s
    50K .......... .......... .......... .......... ........  100%  592K=0.3s

2017-02-03 22:01:35 (305 KB/s) - ‘lkv023’ saved [100483/100483]

--2017-02-03 22:01:36--  http://doi.org/10.1093/wbro/lkw004
Connecting to doi.org (doi.org)|63.123.152.248|:80... connected.
HTTP request sent, awaiting response... 303 See Other
Location: https://academic.oup.com/wbro/article-lookup/doi/10.1093/wbro/lkw004 [following]
--2017-02-03 22:01:40--  https://academic.oup.com/wbro/article-lookup/doi/10.1093/wbro/lkw004
Connecting to academic.oup.com (academic.oup.com)|173.254.190.144|:443... connected.
HTTP request sent, awaiting response... 200 OK
Length: 332607 (325K) [text/html]
Saving to: ‘lkw004’

     0K .......... .......... .......... .......... .......... 15%  209K 1s
    50K .......... .......... .......... .......... .......... 30%  598K 1s
   100K .......... .......... .......... .......... .......... 46%  601K 0s
   150K .......... .......... .......... .......... .......... 61%  612K 0s
   200K .......... .......... .......... .......... .......... 76%  316K 0s
   250K .......... .......... .......... .......... .......... 92%  601K 0s
   300K .......... .......... ....                            100% 6.48M=0.7s

2017-02-03 22:01:46 (443 KB/s) - ‘lkw004’ saved [332607/332607]

--2017-02-03 22:01:47--  http://doi.org/10.1093/wbro/lkw005
Connecting to doi.org (doi.org)|63.123.152.248|:80... connected.
HTTP request sent, awaiting response... 303 See Other
Location: https://academic.oup.com/wbro/article-lookup/doi/10.1093/wbro/lkw005 [following]
--2017-02-03 22:01:49--  https://academic.oup.com/wbro/article-lookup/doi/10.1093/wbro/lkw005
Connecting to academic.oup.com (academic.oup.com)|173.254.190.144|:443... connected.
HTTP request sent, awaiting response... 200 OK
Length: 284975 (278K) [text/html]
Saving to: ‘lkw005’

     0K .......... .......... .......... .......... .......... 17%  209K 1s
    50K .......... .......... .......... .......... .......... 35%  607K 1s
   100K .......... .......... .......... .......... .......... 53%  613K 0s
   150K .......... .......... .......... .......... .......... 71%  605K 0s
   200K .......... .......... .......... .......... .......... 89%  314K 0s
   250K .......... .......... ........                        100% 8.57M=0.6s

2017-02-03 22:01:59 (429 KB/s) - ‘lkw005’ saved [284975/284975]

--2017-02-03 22:02:00--  http://doi.org/10.1093/wbro/lkv029
Connecting to doi.org (doi.org)|63.123.152.248|:80... connected.
HTTP request sent, awaiting response... 303 See Other
Location: https://academic.oup.com/wbro/article-lookup/doi/10.1093/wbro/lkv029 [following]
--2017-02-03 22:02:02--  https://academic.oup.com/wbro/article-lookup/doi/10.1093/wbro/lkv029
Connecting to academic.oup.com (academic.oup.com)|173.254.190.144|:443... connected.
HTTP request sent, awaiting response... 200 OK
Length: 100394 (98K) [text/html]
Saving to: ‘lkv029’

     0K .......... .......... .......... .......... .......... 50%  208K 0s
    50K .......... .......... .......... .......... ........  100%  582K=0.3s

2017-02-03 22:02:07 (304 KB/s) - ‘lkv029’ saved [100394/100394]

--2017-02-03 22:02:08--  http://doi.org/10.1093/wbro/lkv025
Connecting to doi.org (doi.org)|63.123.152.248|:80... connected.
HTTP request sent, awaiting response... 303 See Other
Location: https://academic.oup.com/wbro/article-lookup/doi/10.1093/wbro/lkv025 [following]
--2017-02-03 22:02:10--  https://academic.oup.com/wbro/article-lookup/doi/10.1093/wbro/lkv025
Connecting to academic.oup.com (academic.oup.com)|173.254.190.144|:443... connected.
HTTP request sent, awaiting response... 200 OK
Length: 100502 (98K) [text/html]
Saving to: ‘lkv025’

     0K .......... .......... .......... .......... .......... 50%  208K 0s
    50K .......... .......... .......... .......... ........  100%  593K=0.3s

2017-02-03 22:02:15 (305 KB/s) - ‘lkv025’ saved [100502/100502]

--2017-02-03 22:02:16--  http://doi.org/10.1093/wbro/lkv021
Connecting to doi.org (doi.org)|63.123.152.248|:80... connected.
HTTP request sent, awaiting response... 303 See Other
Location: https://academic.oup.com/wbro/article-lookup/doi/10.1093/wbro/lkv021 [following]
--2017-02-03 22:02:19--  https://academic.oup.com/wbro/article-lookup/doi/10.1093/wbro/lkv021
Connecting to academic.oup.com (academic.oup.com)|173.254.190.144|:443... connected.
HTTP request sent, awaiting response... 200 OK
Length: 100451 (98K) [text/html]
Saving to: ‘lkv021’

     0K .......... .......... .......... .......... .......... 50%  308K 0s
    50K .......... .......... .......... .......... ........  100%  302K=0.3s

2017-02-03 22:02:24 (305 KB/s) - ‘lkv021’ saved [100451/100451]

--2017-02-03 22:02:25--  http://doi.org/10.1093/wbro/lkw001
Connecting to doi.org (doi.org)|63.123.152.248|:80... connected.
HTTP request sent, awaiting response... 303 See Other
Location: https://academic.oup.com/wbro/article-lookup/doi/10.1093/wbro/lkw001 [following]
--2017-02-03 22:02:28--  https://academic.oup.com/wbro/article-lookup/doi/10.1093/wbro/lkw001
Connecting to academic.oup.com (academic.oup.com)|173.254.190.144|:443... connected.
HTTP request sent, awaiting response... 200 OK
Length: 417444 (408K) [text/html]
Saving to: ‘lkw001’

     0K .......... .......... .......... .......... .......... 12%  209K 2s
    50K .......... .......... .......... .......... .......... 24%  591K 1s
   100K .......... .......... .......... .......... .......... 36%  607K 1s
   150K .......... .......... .......... .......... .......... 49%  611K 1s
   200K .......... .......... .......... .......... .......... 61%  312K 0s
   250K .......... .......... .......... .......... .......... 73%  609K 0s
   300K .......... .......... .......... .......... .......... 85%  605K 0s
   350K .......... .......... .......... .......... .......... 98%  605K 0s
   400K .......                                               100%  100K=1.0s

2017-02-03 22:02:33 (419 KB/s) - ‘lkw001’ saved [417444/417444]

--2017-02-03 22:02:34--  http://doi.org/10.1093/wbro/lkw002
Connecting to doi.org (doi.org)|63.123.152.248|:80... connected.
HTTP request sent, awaiting response... 303 See Other
Location: https://academic.oup.com/wbro/article-lookup/doi/10.1093/wbro/lkw002 [following]
--2017-02-03 22:02:38--  https://academic.oup.com/wbro/article-lookup/doi/10.1093/wbro/lkw002
Connecting to academic.oup.com (academic.oup.com)|173.254.190.144|:443... connected.
HTTP request sent, awaiting response... 400 Bad Request
2017-02-03 22:02:40 ERROR 400: Bad Request.

--2017-02-03 22:02:41--  http://doi.org/10.1093/wbro/lkv028
Connecting to doi.org (doi.org)|63.123.152.248|:80... connected.
HTTP request sent, awaiting response... 303 See Other
Location: https://academic.oup.com/wbro/article-lookup/doi/10.1093/wbro/lkv028 [following]
--2017-02-03 22:02:43--  https://academic.oup.com/wbro/article-lookup/doi/10.1093/wbro/lkv028
Connecting to academic.oup.com (academic.oup.com)|173.254.190.144|:443... connected.
HTTP request sent, awaiting response... 200 OK
Length: 100486 (98K) [text/html]
Saving to: ‘lkv028’

     0K .......... .......... .......... .......... .......... 50%  209K 0s
    50K .......... .......... .......... .......... ........  100%  585K=0.3s

2017-02-03 22:02:48 (305 KB/s) - ‘lkv028’ saved [100486/100486]

--2017-02-03 22:02:49--  http://doi.org/10.1093/wbro/lkv022
Connecting to doi.org (doi.org)|63.123.152.248|:80... connected.
HTTP request sent, awaiting response... 303 See Other
Location: https://academic.oup.com/wbro/article-lookup/doi/10.1093/wbro/lkv022 [following]
--2017-02-03 22:02:52--  https://academic.oup.com/wbro/article-lookup/doi/10.1093/wbro/lkv022
Connecting to academic.oup.com (academic.oup.com)|173.254.190.144|:443... connected.
HTTP request sent, awaiting response... 400 Bad Request
2017-02-03 22:02:52 ERROR 400: Bad Request.

--2017-02-03 22:02:53--  http://doi.org/10.1093/wbro/lkv019
Connecting to doi.org (doi.org)|63.123.152.248|:80... connected.
HTTP request sent, awaiting response... 303 See Other
Location: https://academic.oup.com/wbro/article-lookup/doi/10.1093/wbro/lkv019 [following]
--2017-02-03 22:02:55--  https://academic.oup.com/wbro/article-lookup/doi/10.1093/wbro/lkv019
Connecting to academic.oup.com (academic.oup.com)|173.254.190.144|:443... connected.
HTTP request sent, awaiting response... 200 OK
Length: 433798 (424K) [text/html]
Saving to: ‘lkv019’

     0K .......... .......... .......... .......... .......... 11%  209K 2s
    50K .......... .......... .......... .......... .......... 23%  602K 1s
   100K .......... .......... .......... .......... .......... 35%  612K 1s
   150K .......... .......... .......... .......... .......... 47%  612K 1s
   200K .......... .......... .......... .......... .......... 59%  312K 0s
   250K .......... .......... .......... .......... .......... 70%  602K 0s
   300K .......... .......... .......... .......... .......... 82%  556K 0s
   350K .......... .......... .......... .......... .......... 94%  332K 0s
   400K .......... .......... ...                             100% 1.93M=1.0s

2017-02-03 22:03:00 (432 KB/s) - ‘lkv019’ saved [433798/433798]

--2017-02-03 22:03:01--  http://doi.org/10.1093/wbro/lkv020
Connecting to doi.org (doi.org)|63.123.152.248|:80... connected.
HTTP request sent, awaiting response... 303 See Other
Location: https://academic.oup.com/wbro/article-lookup/doi/10.1093/wbro/lkv020 [following]
--2017-02-03 22:03:04--  https://academic.oup.com/wbro/article-lookup/doi/10.1093/wbro/lkv020
Connecting to academic.oup.com (academic.oup.com)|173.254.190.144|:443... connected.
HTTP request sent, awaiting response... 400 Bad Request
2017-02-03 22:03:04 ERROR 400: Bad Request.

--2017-02-03 22:03:05--  http://doi.org/10.1093/wbro/lkv026
Connecting to doi.org (doi.org)|63.123.152.248|:80... connected.
HTTP request sent, awaiting response... 303 See Other
Location: https://academic.oup.com/wbro/article-lookup/doi/10.1093/wbro/lkv026 [following]
--2017-02-03 22:03:07--  https://academic.oup.com/wbro/article-lookup/doi/10.1093/wbro/lkv026
Connecting to academic.oup.com (academic.oup.com)|173.254.190.144|:443... connected.
HTTP request sent, awaiting response... 200 OK
Length: 100440 (98K) [text/html]
Saving to: ‘lkv026’

     0K .......... .......... .......... .......... .......... 50%  209K 0s
    50K .......... .......... .......... .......... ........  100%  600K=0.3s

2017-02-03 22:03:11 (307 KB/s) - ‘lkv026’ saved [100440/100440]

--2017-02-03 22:03:12--  http://doi.org/10.1093/wbro/lkv024
Connecting to doi.org (doi.org)|63.123.152.248|:80... connected.
HTTP request sent, awaiting response... 303 See Other
Location: https://academic.oup.com/wbro/article-lookup/doi/10.1093/wbro/lkv024 [following]
--2017-02-03 22:03:13--  https://academic.oup.com/wbro/article-lookup/doi/10.1093/wbro/lkv024
Connecting to academic.oup.com (academic.oup.com)|173.254.190.144|:443... connected.
HTTP request sent, awaiting response... 200 OK
Length: 100497 (98K) [text/html]
Saving to: ‘lkv024’

     0K .......... .......... .......... .......... .......... 50%  208K 0s
    50K .......... .......... .......... .......... ........  100%  593K=0.3s

2017-02-03 22:03:19 (305 KB/s) - ‘lkv024’ saved [100497/100497]

--2017-02-03 22:03:20--  http://doi.org/10.1093/wbro/lkv013
Connecting to doi.org (doi.org)|63.123.152.248|:80... connected.
HTTP request sent, awaiting response... 303 See Other
Location: https://academic.oup.com/wbro/article-lookup/doi/10.1093/wbro/lkv013 [following]
--2017-02-03 22:03:22--  https://academic.oup.com/wbro/article-lookup/doi/10.1093/wbro/lkv013
Connecting to academic.oup.com (academic.oup.com)|173.254.190.144|:443... connected.
HTTP request sent, awaiting response... 200 OK
Length: 372040 (363K) [text/html]
Saving to: ‘lkv013’

     0K .......... .......... .......... .......... .......... 13%  209K 1s
    50K .......... .......... .......... .......... .......... 27%  609K 1s
   100K .......... .......... .......... .......... .......... 41%  611K 1s
   150K .......... .......... .......... .......... .......... 55%  603K 0s
   200K .......... .......... .......... .......... .......... 68%  314K 0s
   250K .......... .......... .......... .......... .......... 82%  601K 0s
   300K .......... .......... .......... .......... .......... 96%  614K 0s
   350K .......... ...                                        100%  170K=0.9s

2017-02-03 22:03:27 (409 KB/s) - ‘lkv013’ saved [372040/372040]

--2017-02-03 22:03:28--  http://doi.org/10.1093/wbro/lkv012
Connecting to doi.org (doi.org)|63.123.152.248|:80... connected.
HTTP request sent, awaiting response... 303 See Other
Location: https://academic.oup.com/wbro/article-lookup/doi/10.1093/wbro/lkv012 [following]
--2017-02-03 22:03:30--  https://academic.oup.com/wbro/article-lookup/doi/10.1093/wbro/lkv012
Connecting to academic.oup.com (academic.oup.com)|173.254.190.144|:443... connected.
HTTP request sent, awaiting response... 200 OK
Length: 432692 (423K) [text/html]
Saving to: ‘lkv012’

     0K .......... .......... .......... .......... .......... 11%  209K 2s
    50K .......... .......... .......... .......... .......... 23%  610K 1s
   100K .......... .......... .......... .......... .......... 35%  614K 1s
   150K .......... .......... .......... .......... .......... 47%  600K 1s
   200K .......... .......... .......... .......... .......... 59%  317K 0s
   250K .......... .......... .......... .......... .......... 70%  604K 0s
   300K .......... .......... .......... .......... .......... 82%  602K 0s
   350K .......... .......... .......... .......... .......... 94%  316K 0s
   400K .......... .......... ..                              100% 8.44M=1.0s

2017-02-03 22:03:35 (435 KB/s) - ‘lkv012’ saved [432692/432692]

--2017-02-03 22:03:36--  http://doi.org/10.1093/wbro/lkv011
Connecting to doi.org (doi.org)|63.123.152.248|:80... connected.
HTTP request sent, awaiting response... 303 See Other
Location: https://academic.oup.com/wbro/article-lookup/doi/10.1093/wbro/lkv011 [following]
--2017-02-03 22:03:38--  https://academic.oup.com/wbro/article-lookup/doi/10.1093/wbro/lkv011
Connecting to academic.oup.com (academic.oup.com)|173.254.190.144|:443... connected.
HTTP request sent, awaiting response... 200 OK
Length: 364315 (356K) [text/html]
Saving to: ‘lkv011’

     0K .......... .......... .......... .......... .......... 14%  209K 1s
    50K .......... .......... .......... .......... .......... 28%  601K 1s
   100K .......... .......... .......... .......... .......... 42%  556K 1s
   150K .......... .......... .......... .......... .......... 56%  333K 0s
   200K .......... .......... .......... .......... .......... 70%  601K 0s
   250K .......... .......... .......... .......... .......... 84%  612K 0s
   300K .......... .......... .......... .......... .......... 98%  316K 0s
   350K .....                                                 100% 13.1M=0.9s

2017-02-03 22:03:42 (401 KB/s) - ‘lkv011’ saved [364315/364315]

--2017-02-03 22:03:43--  http://doi.org/10.1093/wbro/lkv016
Connecting to doi.org (doi.org)|63.123.152.248|:80... connected.
HTTP request sent, awaiting response... 303 See Other
Location: https://academic.oup.com/wbro/article-lookup/doi/10.1093/wbro/lkv016 [following]
--2017-02-03 22:03:45--  https://academic.oup.com/wbro/article-lookup/doi/10.1093/wbro/lkv016
Connecting to academic.oup.com (academic.oup.com)|173.254.190.144|:443... connected.
HTTP request sent, awaiting response... 200 OK
Length: 100499 (98K) [text/html]
Saving to: ‘lkv016’

     0K .......... .......... .......... .......... .......... 50%  209K 0s
    50K .......... .......... .......... .......... ........  100%  595K=0.3s

2017-02-03 22:03:48 (306 KB/s) - ‘lkv016’ saved [100499/100499]

--2017-02-03 22:03:49--  http://doi.org/10.1093/wbro/lkv015
Connecting to doi.org (doi.org)|63.123.152.248|:80... connected.
HTTP request sent, awaiting response... 303 See Other
Location: https://academic.oup.com/wbro/article-lookup/doi/10.1093/wbro/lkv015 [following]
--2017-02-03 22:03:51--  https://academic.oup.com/wbro/article-lookup/doi/10.1093/wbro/lkv015
Connecting to academic.oup.com (academic.oup.com)|173.254.190.144|:443... connected.
HTTP request sent, awaiting response... 200 OK
Length: 100448 (98K) [text/html]
Saving to: ‘lkv015’

     0K .......... .......... .......... .......... .......... 50%  208K 0s
    50K .......... .......... .......... .......... ........  100%  593K=0.3s

2017-02-03 22:03:58 (305 KB/s) - ‘lkv015’ saved [100448/100448]

--2017-02-03 22:03:59--  http://doi.org/10.1093/wbro/lkv018
Connecting to doi.org (doi.org)|63.123.152.248|:80... connected.
HTTP request sent, awaiting response... 303 See Other
Location: https://academic.oup.com/wbro/article-lookup/doi/10.1093/wbro/lkv018 [following]
--2017-02-03 22:04:07--  https://academic.oup.com/wbro/article-lookup/doi/10.1093/wbro/lkv018
Connecting to academic.oup.com (academic.oup.com)|173.254.190.144|:443... connected.
HTTP request sent, awaiting response... 200 OK
Length: 100488 (98K) [text/html]
Saving to: ‘lkv018’

     0K .......... .......... .......... .......... .......... 50%  208K 0s
    50K .......... .......... .......... .......... ........  100%  588K=0.3s

2017-02-03 22:04:12 (305 KB/s) - ‘lkv018’ saved [100488/100488]

--2017-02-03 22:04:13--  http://doi.org/10.1093/wbro/lkv014
Connecting to doi.org (doi.org)|63.123.152.248|:80... connected.
HTTP request sent, awaiting response... 303 See Other
Location: https://academic.oup.com/wbro/article-lookup/doi/10.1093/wbro/lkv014 [following]
--2017-02-03 22:04:16--  https://academic.oup.com/wbro/article-lookup/doi/10.1093/wbro/lkv014
Connecting to academic.oup.com (academic.oup.com)|173.254.190.144|:443... connected.
HTTP request sent, awaiting response... 200 OK
Length: 100485 (98K) [text/html]
Saving to: ‘lkv014’

     0K .......... .......... .......... .......... .......... 50%  309K 0s
    50K .......... .......... .......... .......... ........  100%  301K=0.3s

2017-02-03 22:04:19 (305 KB/s) - ‘lkv014’ saved [100485/100485]

--2017-02-03 22:04:20--  http://doi.org/10.1093/wbro/lkv017
Connecting to doi.org (doi.org)|63.123.152.248|:80... connected.
HTTP request sent, awaiting response... 303 See Other
Location: https://academic.oup.com/wbro/article-lookup/doi/10.1093/wbro/lkv017 [following]
--2017-02-03 22:04:23--  https://academic.oup.com/wbro/article-lookup/doi/10.1093/wbro/lkv017
Connecting to academic.oup.com (academic.oup.com)|173.254.190.144|:443... connected.
HTTP request sent, awaiting response... 400 Bad Request
2017-02-03 22:04:25 ERROR 400: Bad Request.

--2017-02-03 22:04:26--  http://doi.org/10.1093/wbro/lkv010
Connecting to doi.org (doi.org)|63.123.152.248|:80... connected.
HTTP request sent, awaiting response... 303 See Other
Location: https://academic.oup.com/wbro/article-lookup/doi/10.1093/wbro/lkv010 [following]
--2017-02-03 22:04:27--  https://academic.oup.com/wbro/article-lookup/doi/10.1093/wbro/lkv010
Connecting to academic.oup.com (academic.oup.com)|173.254.190.144|:443... connected.
HTTP request sent, awaiting response... 200 OK
Length: 341459 (333K) [text/html]
Saving to: ‘lkv010’

     0K .......... .......... .......... .......... .......... 14%  209K 1s
    50K .......... .......... .......... .......... .......... 29%  593K 1s
   100K .......... .......... .......... .......... .......... 44%  616K 0s
   150K .......... .......... .......... .......... .......... 59%  599K 0s
   200K .......... .......... .......... .......... .......... 74%  312K 0s
   250K .......... .......... .......... .......... .......... 89%  594K 0s
   300K .......... .......... .......... ...                  100%  416K=0.8s

2017-02-03 22:04:32 (410 KB/s) - ‘lkv010’ saved [341459/341459]

--2017-02-03 22:04:33--  http://doi.org/10.1093/wbro/lkv009
Connecting to doi.org (doi.org)|63.123.152.248|:80... connected.
HTTP request sent, awaiting response... 303 See Other
Location: https://academic.oup.com/wbro/article-lookup/doi/10.1093/wbro/lkv009 [following]
--2017-02-03 22:04:35--  https://academic.oup.com/wbro/article-lookup/doi/10.1093/wbro/lkv009
Connecting to academic.oup.com (academic.oup.com)|173.254.190.144|:443... connected.
HTTP request sent, awaiting response... 200 OK
Length: 288295 (282K) [text/html]
Saving to: ‘lkv009’

     0K .......... .......... .......... .......... .......... 17%  206K 1s
    50K .......... .......... .......... .......... .......... 35%  607K 1s
   100K .......... .......... .......... .......... .......... 53%  614K 0s
   150K .......... .......... .......... .......... .......... 71%  601K 0s
   200K .......... .......... .......... .......... .......... 88%  314K 0s
   250K .......... .......... .......... .                    100%  405K=0.7s

2017-02-03 22:04:40 (388 KB/s) - ‘lkv009’ saved [288295/288295]

--2017-02-03 22:04:41--  http://doi.org/10.1093/wbro/lkv008
Connecting to doi.org (doi.org)|63.123.152.248|:80... connected.
HTTP request sent, awaiting response... 303 See Other
Location: https://academic.oup.com/wbro/article-lookup/doi/10.1093/wbro/lkv008 [following]
--2017-02-03 22:04:43--  https://academic.oup.com/wbro/article-lookup/doi/10.1093/wbro/lkv008
Connecting to academic.oup.com (academic.oup.com)|173.254.190.144|:443... connected.
HTTP request sent, awaiting response... 200 OK
Length: 100460 (98K) [text/html]
Saving to: ‘lkv008’

     0K .......... .......... .......... .......... .......... 50%  209K 0s
    50K .......... .......... .......... .......... ........  100%  591K=0.3s

2017-02-03 22:04:46 (306 KB/s) - ‘lkv008’ saved [100460/100460]

--2017-02-03 22:04:47--  http://doi.org/10.1093/wbro/lkv006
Connecting to doi.org (doi.org)|63.123.152.248|:80... connected.
HTTP request sent, awaiting response... 303 See Other
Location: https://academic.oup.com/wbro/article-lookup/doi/10.1093/wbro/lkv006 [following]
--2017-02-03 22:04:49--  https://academic.oup.com/wbro/article-lookup/doi/10.1093/wbro/lkv006
Connecting to academic.oup.com (academic.oup.com)|173.254.190.144|:443... connected.
HTTP request sent, awaiting response... 200 OK
Length: 100414 (98K) [text/html]
Saving to: ‘lkv006’

     0K .......... .......... .......... .......... .......... 50%  209K 0s
    50K .......... .......... .......... .......... ........  100%  569K=0.3s

2017-02-03 22:04:52 (303 KB/s) - ‘lkv006’ saved [100414/100414]

--2017-02-03 22:04:53--  http://doi.org/10.1093/wbro/lkv002
Connecting to doi.org (doi.org)|63.123.152.248|:80... connected.
HTTP request sent, awaiting response... 303 See Other
Location: https://academic.oup.com/wbro/article-lookup/doi/10.1093/wbro/lkv002 [following]
--2017-02-03 22:04:56--  https://academic.oup.com/wbro/article-lookup/doi/10.1093/wbro/lkv002
Connecting to academic.oup.com (academic.oup.com)|173.254.190.144|:443... connected.
HTTP request sent, awaiting response... 200 OK
Length: 413963 (404K) [text/html]
Saving to: ‘lkv002’

     0K .......... .......... .......... .......... .......... 12%  207K 2s
    50K .......... .......... .......... .......... .......... 24%  599K 1s
   100K .......... .......... .......... .......... .......... 37%  616K 1s
   150K .......... .......... .......... .......... .......... 49%  606K 0s
   200K .......... .......... .......... .......... .......... 61%  313K 0s
   250K .......... .......... .......... .......... .......... 74%  600K 0s
   300K .......... .......... .......... .......... .......... 86%  610K 0s
   350K .......... .......... .......... .......... .......... 98%  310K 0s
   400K ....                                                  100% 8127G=1.0s

2017-02-03 22:05:01 (415 KB/s) - ‘lkv002’ saved [413963/413963]

--2017-02-03 22:05:02--  http://doi.org/10.1093/wbro/lkv005
Connecting to doi.org (doi.org)|63.123.152.248|:80... connected.
HTTP request sent, awaiting response... 303 See Other
Location: https://academic.oup.com/wbro/article-lookup/doi/10.1093/wbro/lkv005 [following]
--2017-02-03 22:05:04--  https://academic.oup.com/wbro/article-lookup/doi/10.1093/wbro/lkv005
Connecting to academic.oup.com (academic.oup.com)|173.254.190.144|:443... connected.
HTTP request sent, awaiting response... 200 OK
Length: 100471 (98K) [text/html]
Saving to: ‘lkv005’

     0K .......... .......... .......... .......... .......... 50%  208K 0s
    50K .......... .......... .......... .......... ........  100%  586K=0.3s

2017-02-03 22:05:07 (304 KB/s) - ‘lkv005’ saved [100471/100471]

--2017-02-03 22:05:08--  http://doi.org/10.1093/wbro/lkv007
Connecting to doi.org (doi.org)|63.123.152.248|:80... connected.
HTTP request sent, awaiting response... 303 See Other
Location: https://academic.oup.com/wbro/article-lookup/doi/10.1093/wbro/lkv007 [following]
--2017-02-03 22:05:15--  https://academic.oup.com/wbro/article-lookup/doi/10.1093/wbro/lkv007
Connecting to academic.oup.com (academic.oup.com)|173.254.190.144|:443... connected.
HTTP request sent, awaiting response... 400 Bad Request
2017-02-03 22:05:16 ERROR 400: Bad Request.

--2017-02-03 22:05:17--  http://doi.org/10.1093/wbro/lkv003
Connecting to doi.org (doi.org)|63.123.152.248|:80... connected.
HTTP request sent, awaiting response... 303 See Other
Location: https://academic.oup.com/wbro/article-lookup/doi/10.1093/wbro/lkv003 [following]
--2017-02-03 22:05:20--  https://academic.oup.com/wbro/article-lookup/doi/10.1093/wbro/lkv003
Connecting to academic.oup.com (academic.oup.com)|173.254.190.144|:443... connected.
HTTP request sent, awaiting response... 200 OK
Length: 106583 (104K) [text/html]
Saving to: ‘lkv003’

     0K .......... .......... .......... .......... .......... 48%  209K 0s
    50K .......... .......... .......... .......... .......... 96%  611K 0s
   100K ....                                                  100% 7791G=0.3s

2017-02-03 22:05:24 (324 KB/s) - ‘lkv003’ saved [106583/106583]

--2017-02-03 22:05:25--  http://doi.org/10.1093/wbro/lkv004
Connecting to doi.org (doi.org)|63.123.152.248|:80... connected.
HTTP request sent, awaiting response... 303 See Other
Location: https://academic.oup.com/wbro/article-lookup/doi/10.1093/wbro/lkv004 [following]
--2017-02-03 22:05:26--  https://academic.oup.com/wbro/article-lookup/doi/10.1093/wbro/lkv004
Connecting to academic.oup.com (academic.oup.com)|173.254.190.144|:443... connected.
HTTP request sent, awaiting response... 200 OK
Length: 100461 (98K) [text/html]
Saving to: ‘lkv004’

     0K .......... .......... .......... .......... .......... 50%  209K 0s
    50K .......... .......... .......... .......... ........  100%  595K=0.3s

2017-02-03 22:05:30 (306 KB/s) - ‘lkv004’ saved [100461/100461]

--2017-02-03 22:05:31--  http://doi.org/10.1093/wbro/lkv001
Connecting to doi.org (doi.org)|63.123.152.248|:80... connected.
HTTP request sent, awaiting response... 303 See Other
Location: https://academic.oup.com/wbro/article-lookup/doi/10.1093/wbro/lkv001 [following]
--2017-02-03 22:05:32--  https://academic.oup.com/wbro/article-lookup/doi/10.1093/wbro/lkv001
Connecting to academic.oup.com (academic.oup.com)|173.254.190.144|:443... connected.
HTTP request sent, awaiting response... 400 Bad Request
2017-02-03 22:05:34 ERROR 400: Bad Request.

--2017-02-03 22:05:35--  http://doi.org/10.1093/wbro/lku013
Connecting to doi.org (doi.org)|63.123.152.248|:80... connected.
HTTP request sent, awaiting response... 303 See Other
Location: https://academic.oup.com/wbro/article-lookup/doi/10.1093/wbro/lku013 [following]
--2017-02-03 22:05:42--  https://academic.oup.com/wbro/article-lookup/doi/10.1093/wbro/lku013
Connecting to academic.oup.com (academic.oup.com)|173.254.190.144|:443... connected.
HTTP request sent, awaiting response... 200 OK
Length: 374584 (366K) [text/html]
Saving to: ‘lku013’

     0K .......... .......... .......... .......... .......... 13%  209K 2s
    50K .......... .......... .......... .......... .......... 27%  604K 1s
   100K .......... .......... .......... .......... .......... 41%  612K 1s
   150K .......... .......... .......... .......... .......... 54%  605K 0s
   200K .......... .......... .......... .......... .......... 68%  314K 0s
   250K .......... .......... .......... .......... .......... 82%  596K 0s
   300K .......... .......... .......... .......... .......... 95%  616K 0s
   350K .......... .....                                      100%  205K=0.9s

2017-02-03 22:05:46 (412 KB/s) - ‘lku013’ saved [374584/374584]

--2017-02-03 22:05:47--  http://doi.org/10.1093/wbro/lku011
Connecting to doi.org (doi.org)|63.123.152.248|:80... connected.
HTTP request sent, awaiting response... 303 See Other
Location: https://academic.oup.com/wbro/article-lookup/doi/10.1093/wbro/lku011 [following]
--2017-02-03 22:05:49--  https://academic.oup.com/wbro/article-lookup/doi/10.1093/wbro/lku011
Connecting to academic.oup.com (academic.oup.com)|173.254.190.144|:443... connected.
HTTP request sent, awaiting response... 200 OK
Length: 421276 (411K) [text/html]
Saving to: ‘lku011’

     0K .......... .......... .......... .......... .......... 12%  208K 2s
    50K .......... .......... .......... .......... .......... 24%  611K 1s
   100K .......... .......... .......... .......... .......... 36%  612K 1s
   150K .......... .......... .......... .......... .......... 48%  603K 1s
   200K .......... .......... .......... .......... .......... 60%  314K 0s
   250K .......... .......... .......... .......... .......... 72%  601K 0s
   300K .......... .......... .......... .......... .......... 85%  580K 0s
   350K .......... .......... .......... .......... .......... 97%  607K 0s
   400K .......... .                                          100%  157K=1.0s

2017-02-03 22:05:53 (424 KB/s) - ‘lku011’ saved [421276/421276]

--2017-02-03 22:05:54--  http://doi.org/10.1093/wbro/lku012
Connecting to doi.org (doi.org)|63.123.152.248|:80... connected.
HTTP request sent, awaiting response... 303 See Other
Location: https://academic.oup.com/wbro/article-lookup/doi/10.1093/wbro/lku012 [following]
--2017-02-03 22:06:00--  https://academic.oup.com/wbro/article-lookup/doi/10.1093/wbro/lku012
Connecting to academic.oup.com (academic.oup.com)|173.254.190.144|:443... connected.
HTTP request sent, awaiting response... 200 OK
Length: 599450 (585K) [text/html]
Saving to: ‘lku012’

     0K .......... .......... .......... .......... ..........  8%  209K 3s
    50K .......... .......... .......... .......... .......... 17%  607K 2s
   100K .......... .......... .......... .......... .......... 25%  611K 1s
   150K .......... .......... .......... .......... .......... 34%  316K 1s
   200K .......... .......... .......... .......... .......... 42%  565K 1s
   250K .......... .......... .......... .......... .......... 51%  613K 1s
   300K .......... .......... .......... .......... .......... 59%  599K 1s
   350K .......... .......... .......... .......... .......... 68%  317K 0s
   400K .......... .......... .......... .......... .......... 76%  575K 0s
   450K .......... .......... .......... .......... .......... 85%  604K 0s
   500K .......... .......... .......... .......... .......... 93%  611K 0s
   550K .......... .......... .......... .....                100%  440K=1.3s

2017-02-03 22:06:05 (448 KB/s) - ‘lku012’ saved [599450/599450]

--2017-02-03 22:06:06--  http://doi.org/10.1093/wbro/lku010
Connecting to doi.org (doi.org)|63.123.152.248|:80... connected.
HTTP request sent, awaiting response... 303 See Other
Location: https://academic.oup.com/wbro/article-lookup/doi/10.1093/wbro/lku010 [following]
--2017-02-03 22:06:09--  https://academic.oup.com/wbro/article-lookup/doi/10.1093/wbro/lku010
Connecting to academic.oup.com (academic.oup.com)|173.254.190.144|:443... connected.
HTTP request sent, awaiting response... 200 OK
Length: 260953 (255K) [text/html]
Saving to: ‘lku010’

     0K .......... .......... .......... .......... .......... 19%  209K 1s
    50K .......... .......... .......... .......... .......... 39%  607K 0s
   100K .......... .......... .......... .......... .......... 58%  610K 0s
   150K .......... .......... .......... .......... .......... 78%  602K 0s
   200K .......... .......... .......... .......... .......... 98%  314K 0s
   250K ....                                                  100% 9226G=0.6s

2017-02-03 22:06:13 (394 KB/s) - ‘lku010’ saved [260953/260953]

--2017-02-03 22:06:14--  http://doi.org/10.1093/wbro/lku009
Connecting to doi.org (doi.org)|63.123.152.248|:80... connected.
HTTP request sent, awaiting response... 303 See Other
Location: https://academic.oup.com/wbro/article-lookup/doi/10.1093/wbro/lku009 [following]
--2017-02-03 22:06:16--  https://academic.oup.com/wbro/article-lookup/doi/10.1093/wbro/lku009
Connecting to academic.oup.com (academic.oup.com)|173.254.190.144|:443... connected.
HTTP request sent, awaiting response... 200 OK
Length: 379670 (371K) [text/html]
Saving to: ‘lku009’

     0K .......... .......... .......... .......... .......... 13%  208K 2s
    50K .......... .......... .......... .......... .......... 26%  610K 1s
   100K .......... .......... .......... .......... .......... 40%  608K 1s
   150K .......... .......... .......... .......... .......... 53%  315K 0s
   200K .......... .......... .......... .......... .......... 67%  594K 0s
   250K .......... .......... .......... .......... .......... 80%  613K 0s
   300K .......... .......... .......... .......... .......... 94%  606K 0s
   350K .......... ..........                                 100%  254K=0.9s

2017-02-03 22:06:21 (415 KB/s) - ‘lku009’ saved [379670/379670]

--2017-02-03 22:06:22--  http://doi.org/10.1093/wbro/lkt019
Connecting to doi.org (doi.org)|63.123.152.248|:80... connected.
HTTP request sent, awaiting response... 303 See Other
Location: https://academic.oup.com/wbro/article-lookup/doi/10.1093/wbro/lkt019 [following]
--2017-02-03 22:06:23--  https://academic.oup.com/wbro/article-lookup/doi/10.1093/wbro/lkt019
Connecting to academic.oup.com (academic.oup.com)|173.254.190.144|:443... connected.
HTTP request sent, awaiting response... 200 OK
Length: 100456 (98K) [text/html]
Saving to: ‘lkt019’

     0K .......... .......... .......... .......... .......... 50%  208K 0s
    50K .......... .......... .......... .......... ........  100%  592K=0.3s

2017-02-03 22:06:27 (305 KB/s) - ‘lkt019’ saved [100456/100456]

--2017-02-03 22:06:28--  http://doi.org/10.1093/wbro/lkt011
Connecting to doi.org (doi.org)|63.123.152.248|:80... connected.
HTTP request sent, awaiting response... 303 See Other
Location: https://academic.oup.com/wbro/article-lookup/doi/10.1093/wbro/lkt011 [following]
--2017-02-03 22:06:29--  https://academic.oup.com/wbro/article-lookup/doi/10.1093/wbro/lkt011
Connecting to academic.oup.com (academic.oup.com)|173.254.190.144|:443... connected.
HTTP request sent, awaiting response... 200 OK
Length: 100452 (98K) [text/html]
Saving to: ‘lkt011’

     0K .......... .......... .......... .......... .......... 50%  208K 0s
    50K .......... .......... .......... .......... ........  100%  587K=0.3s

2017-02-03 22:06:33 (304 KB/s) - ‘lkt011’ saved [100452/100452]

--2017-02-03 22:06:34--  http://doi.org/10.1093/wbro/lkt015
Connecting to doi.org (doi.org)|63.123.152.248|:80... connected.
HTTP request sent, awaiting response... 303 See Other
Location: https://academic.oup.com/wbro/article-lookup/doi/10.1093/wbro/lkt015 [following]
--2017-02-03 22:06:36--  https://academic.oup.com/wbro/article-lookup/doi/10.1093/wbro/lkt015
Connecting to academic.oup.com (academic.oup.com)|173.254.190.144|:443... connected.
HTTP request sent, awaiting response... 200 OK
Length: 100468 (98K) [text/html]
Saving to: ‘lkt015’

     0K .......... .......... .......... .......... .......... 50%  209K 0s
    50K .......... .......... .......... .......... ........  100%  598K=0.3s

2017-02-03 22:06:39 (307 KB/s) - ‘lkt015’ saved [100468/100468]

--2017-02-03 22:06:40--  http://doi.org/10.1093/wbro/lkt017
Connecting to doi.org (doi.org)|63.123.152.248|:80... connected.
HTTP request sent, awaiting response... 303 See Other
Location: https://academic.oup.com/wbro/article-lookup/doi/10.1093/wbro/lkt017 [following]
--2017-02-03 22:06:43--  https://academic.oup.com/wbro/article-lookup/doi/10.1093/wbro/lkt017
Connecting to academic.oup.com (academic.oup.com)|173.254.190.144|:443... connected.
HTTP request sent, awaiting response... 200 OK
Length: 115359 (113K) [text/html]
Saving to: ‘lkt017’

     0K .......... .......... .......... .......... .......... 44%  209K 0s
    50K .......... .......... .......... .......... .......... 88%  606K 0s
   100K .......... ..                                         100% 25.6M=0.3s

2017-02-03 22:06:47 (349 KB/s) - ‘lkt017’ saved [115359/115359]

--2017-02-03 22:06:48--  http://doi.org/10.1093/wbro/lkt013
Connecting to doi.org (doi.org)|63.123.152.248|:80... connected.
HTTP request sent, awaiting response... 303 See Other
Location: https://academic.oup.com/wbro/article-lookup/doi/10.1093/wbro/lkt013 [following]
--2017-02-03 22:06:49--  https://academic.oup.com/wbro/article-lookup/doi/10.1093/wbro/lkt013
Connecting to academic.oup.com (academic.oup.com)|173.254.190.144|:443... connected.
HTTP request sent, awaiting response... 200 OK
Length: 100425 (98K) [text/html]
Saving to: ‘lkt013’

     0K .......... .......... .......... .......... .......... 50%  208K 0s
    50K .......... .......... .......... .......... ........  100%  595K=0.3s

2017-02-03 22:06:53 (306 KB/s) - ‘lkt013’ saved [100425/100425]

--2017-02-03 22:06:54--  http://doi.org/10.1093/wbro/lku008
Connecting to doi.org (doi.org)|63.123.152.248|:80... connected.
HTTP request sent, awaiting response... 303 See Other
Location: https://academic.oup.com/wbro/article-lookup/doi/10.1093/wbro/lku008 [following]
--2017-02-03 22:06:56--  https://academic.oup.com/wbro/article-lookup/doi/10.1093/wbro/lku008
Connecting to academic.oup.com (academic.oup.com)|173.254.190.144|:443... connected.
HTTP request sent, awaiting response... 400 Bad Request
2017-02-03 22:06:57 ERROR 400: Bad Request.

--2017-02-03 22:06:58--  http://doi.org/10.1093/wbro/lku007
Connecting to doi.org (doi.org)|63.123.152.248|:80... connected.
HTTP request sent, awaiting response... 303 See Other
Location: https://academic.oup.com/wbro/article-lookup/doi/10.1093/wbro/lku007 [following]
--2017-02-03 22:07:00--  https://academic.oup.com/wbro/article-lookup/doi/10.1093/wbro/lku007
Connecting to academic.oup.com (academic.oup.com)|173.254.190.144|:443... connected.
HTTP request sent, awaiting response... 200 OK
Length: 225611 (220K) [text/html]
Saving to: ‘lku007’

     0K .......... .......... .......... .......... .......... 22%  208K 1s
    50K .......... .......... .......... .......... .......... 45%  611K 0s
   100K .......... .......... .......... .......... .......... 68%  596K 0s
   150K .......... .......... .......... .......... .......... 90%  580K 0s
   200K .......... ..........                                 100%  253K=0.6s

2017-02-03 22:07:05 (385 KB/s) - ‘lku007’ saved [225611/225611]

--2017-02-03 22:07:06--  http://doi.org/10.1093/wbro/lku005
Connecting to doi.org (doi.org)|63.123.152.248|:80... connected.
HTTP request sent, awaiting response... 303 See Other
Location: https://academic.oup.com/wbro/article-lookup/doi/10.1093/wbro/lku005 [following]
--2017-02-03 22:07:11--  https://academic.oup.com/wbro/article-lookup/doi/10.1093/wbro/lku005
Connecting to academic.oup.com (academic.oup.com)|173.254.190.144|:443... connected.
HTTP request sent, awaiting response... 200 OK
Length: 389145 (380K) [text/html]
Saving to: ‘lku005’

     0K .......... .......... .......... .......... .......... 13%  208K 2s
    50K .......... .......... .......... .......... .......... 26%  611K 1s
   100K .......... .......... .......... .......... .......... 39%  595K 1s
   150K .......... .......... .......... .......... .......... 52%  426K 0s
   200K .......... .......... .......... .......... .......... 65%  404K 0s
   250K .......... .......... .......... .......... .......... 78%  586K 0s
   300K .......... .......... .......... .......... .......... 92%  575K 0s
   350K .......... .......... ..........                      100%  379K=0.9s

2017-02-03 22:07:17 (423 KB/s) - ‘lku005’ saved [389145/389145]

--2017-02-03 22:07:18--  http://doi.org/10.1093/wbro/lku004
Connecting to doi.org (doi.org)|63.123.152.248|:80... connected.
HTTP request sent, awaiting response... 303 See Other
Location: https://academic.oup.com/wbro/article-lookup/doi/10.1093/wbro/lku004 [following]
--2017-02-03 22:07:19--  https://academic.oup.com/wbro/article-lookup/doi/10.1093/wbro/lku004
Connecting to academic.oup.com (academic.oup.com)|173.254.190.144|:443... connected.
HTTP request sent, awaiting response... 400 Bad Request
2017-02-03 22:07:20 ERROR 400: Bad Request.

--2017-02-03 22:07:21--  http://doi.org/10.1093/wbro/lku006
Connecting to doi.org (doi.org)|63.123.152.248|:80... connected.
HTTP request sent, awaiting response... 303 See Other
Location: https://academic.oup.com/wbro/article-lookup/doi/10.1093/wbro/lku006 [following]
--2017-02-03 22:07:25--  https://academic.oup.com/wbro/article-lookup/doi/10.1093/wbro/lku006
Connecting to academic.oup.com (academic.oup.com)|173.254.190.144|:443... connected.
HTTP request sent, awaiting response... 200 OK
Length: 458903 (448K) [text/html]
Saving to: ‘lku006’

     0K .......... .......... .......... .......... .......... 11%  208K 2s
    50K .......... .......... .......... .......... .......... 22%  605K 1s
   100K .......... .......... .......... .......... .......... 33%  600K 1s
   150K .......... .......... .......... .......... .......... 44%  591K 1s
   200K .......... .......... .......... .......... .......... 55%  318K 1s
   250K .......... .......... .......... .......... .......... 66%  611K 0s
   300K .......... .......... .......... .......... .......... 78%  596K 0s
   350K .......... .......... .......... .......... .......... 89%  569K 0s
   400K .......... .......... .......... .......... ........  100%  317K=1.1s

2017-02-03 22:07:30 (426 KB/s) - ‘lku006’ saved [458903/458903]

--2017-02-03 22:07:31--  http://doi.org/10.1093/wbro/lku003
Connecting to doi.org (doi.org)|63.123.152.248|:80... connected.
HTTP request sent, awaiting response... 303 See Other
Location: https://academic.oup.com/wbro/article-lookup/doi/10.1093/wbro/lku003 [following]
--2017-02-03 22:07:33--  https://academic.oup.com/wbro/article-lookup/doi/10.1093/wbro/lku003
Connecting to academic.oup.com (academic.oup.com)|173.254.190.144|:443... connected.
HTTP request sent, awaiting response... 200 OK
Length: 346855 (339K) [text/html]
Saving to: ‘lku003’

     0K .......... .......... .......... .......... .......... 14%  209K 1s
    50K .......... .......... .......... .......... .......... 29%  611K 1s
   100K .......... .......... .......... .......... .......... 44%  612K 1s
   150K .......... .......... .......... .......... .......... 59%  317K 0s
   200K .......... .......... .......... .......... .......... 73%  591K 0s
   250K .......... .......... .......... .......... .......... 88%  600K 0s
   300K .......... .......... .......... ........             100%  480K=0.8s

2017-02-03 22:07:38 (419 KB/s) - ‘lku003’ saved [346855/346855]

--2017-02-03 22:07:39--  http://doi.org/10.1093/wbro/lku002
Connecting to doi.org (doi.org)|63.123.152.248|:80... connected.
HTTP request sent, awaiting response... 303 See Other
Location: https://academic.oup.com/wbro/article-lookup/doi/10.1093/wbro/lku002 [following]
--2017-02-03 22:07:41--  https://academic.oup.com/wbro/article-lookup/doi/10.1093/wbro/lku002
Connecting to academic.oup.com (academic.oup.com)|173.254.190.144|:443... connected.
HTTP request sent, awaiting response... 200 OK
Length: 190638 (186K) [text/html]
Saving to: ‘lku002’

     0K .......... .......... .......... .......... .......... 26%  310K 0s
    50K .......... .......... .......... .......... .......... 53%  311K 0s
   100K .......... .......... .......... .......... .......... 80%  608K 0s
   150K .......... .......... .......... ......               100%  448K=0.5s

2017-02-03 22:07:45 (384 KB/s) - ‘lku002’ saved [190638/190638]

--2017-02-03 22:07:46--  http://doi.org/10.1093/wbro/lku001
Connecting to doi.org (doi.org)|63.123.152.248|:80... connected.
HTTP request sent, awaiting response... 303 See Other
Location: https://academic.oup.com/wbro/article-lookup/doi/10.1093/wbro/lku001 [following]
--2017-02-03 22:07:48--  https://academic.oup.com/wbro/article-lookup/doi/10.1093/wbro/lku001
Connecting to academic.oup.com (academic.oup.com)|173.254.190.144|:443... connected.
HTTP request sent, awaiting response... 200 OK
Length: 473256 (462K) [text/html]
Saving to: ‘lku001’

     0K .......... .......... .......... .......... .......... 10%  207K 2s
    50K .......... .......... .......... .......... .......... 21%  603K 1s
   100K .......... .......... .......... .......... .......... 32%  609K 1s
   150K .......... .......... .......... .......... .......... 43%  312K 1s
   200K .......... .......... .......... .......... .......... 54%  598K 1s
   250K .......... .......... .......... .......... .......... 64%  614K 0s
   300K .......... .......... .......... .......... .......... 75%  314K 0s
   350K .......... .......... .......... .......... .......... 86%  605K 0s
   400K .......... .......... .......... .......... .......... 97%  589K 0s
   450K .......... ..                                         100% 26.3M=1.1s

2017-02-03 22:07:53 (436 KB/s) - ‘lku001’ saved [473256/473256]

--2017-02-03 22:07:54--  http://doi.org/10.1093/wbro/lkt014
Connecting to doi.org (doi.org)|63.123.152.248|:80... connected.
HTTP request sent, awaiting response... 303 See Other
Location: https://academic.oup.com/wbro/article-lookup/doi/10.1093/wbro/lkt014 [following]
--2017-02-03 22:07:55--  https://academic.oup.com/wbro/article-lookup/doi/10.1093/wbro/lkt014
Connecting to academic.oup.com (academic.oup.com)|173.254.190.144|:443... connected.
HTTP request sent, awaiting response... 200 OK
Length: 100504 (98K) [text/html]
Saving to: ‘lkt014’

     0K .......... .......... .......... .......... .......... 50%  209K 0s
    50K .......... .......... .......... .......... ........  100%  594K=0.3s

2017-02-03 22:07:59 (307 KB/s) - ‘lkt014’ saved [100504/100504]

--2017-02-03 22:08:00--  http://doi.org/10.1093/wbro/lkt018
Connecting to doi.org (doi.org)|63.123.152.248|:80... connected.
HTTP request sent, awaiting response... 303 See Other
Location: https://academic.oup.com/wbro/article-lookup/doi/10.1093/wbro/lkt018 [following]
--2017-02-03 22:08:02--  https://academic.oup.com/wbro/article-lookup/doi/10.1093/wbro/lkt018
Connecting to academic.oup.com (academic.oup.com)|173.254.190.144|:443... connected.
HTTP request sent, awaiting response... 400 Bad Request
2017-02-03 22:08:04 ERROR 400: Bad Request.

--2017-02-03 22:08:05--  http://doi.org/10.1093/wbro/lkt016
Connecting to doi.org (doi.org)|63.123.152.248|:80... connected.
HTTP request sent, awaiting response... 303 See Other
Location: https://academic.oup.com/wbro/article-lookup/doi/10.1093/wbro/lkt016 [following]
--2017-02-03 22:08:08--  https://academic.oup.com/wbro/article-lookup/doi/10.1093/wbro/lkt016
Connecting to academic.oup.com (academic.oup.com)|173.254.190.144|:443... connected.
HTTP request sent, awaiting response... 200 OK
Length: 100446 (98K) [text/html]
Saving to: ‘lkt016’

     0K .......... .......... .......... .......... .......... 50%  208K 0s
    50K .......... .......... .......... .......... ........  100%  590K=0.3s

2017-02-03 22:08:12 (305 KB/s) - ‘lkt016’ saved [100446/100446]

--2017-02-03 22:08:13--  http://doi.org/10.1093/wbro/lkt012
Connecting to doi.org (doi.org)|63.123.152.248|:80... connected.
HTTP request sent, awaiting response... 303 See Other
Location: https://academic.oup.com/wbro/article-lookup/doi/10.1093/wbro/lkt012 [following]
--2017-02-03 22:08:14--  https://academic.oup.com/wbro/article-lookup/doi/10.1093/wbro/lkt012
Connecting to academic.oup.com (academic.oup.com)|173.254.190.144|:443... connected.
HTTP request sent, awaiting response... 200 OK
Length: 100461 (98K) [text/html]
Saving to: ‘lkt012’

     0K .......... .......... .......... .......... .......... 50%  209K 0s
    50K .......... .......... .......... .......... ........  100%  594K=0.3s

2017-02-03 22:08:18 (306 KB/s) - ‘lkt012’ saved [100461/100461]

--2017-02-03 22:08:19--  http://doi.org/10.1093/wbro/lkt010
Connecting to doi.org (doi.org)|63.123.152.248|:80... connected.
HTTP request sent, awaiting response... 303 See Other
Location: https://academic.oup.com/wbro/article-lookup/doi/10.1093/wbro/lkt010 [following]
--2017-02-03 22:08:23--  https://academic.oup.com/wbro/article-lookup/doi/10.1093/wbro/lkt010
Connecting to academic.oup.com (academic.oup.com)|173.254.190.144|:443... connected.
HTTP request sent, awaiting response... 200 OK
Length: 100485 (98K) [text/html]
Saving to: ‘lkt010’

     0K .......... .......... .......... .......... .......... 50%  209K 0s
    50K .......... .......... .......... .......... ........  100%  589K=0.3s

2017-02-03 22:08:27 (306 KB/s) - ‘lkt010’ saved [100485/100485]

--2017-02-03 22:08:28--  http://doi.org/10.1093/wbro/lkt020
Connecting to doi.org (doi.org)|63.123.152.248|:80... connected.
HTTP request sent, awaiting response... 303 See Other
Location: https://academic.oup.com/wbro/article-lookup/doi/10.1093/wbro/lkt020 [following]
--2017-02-03 22:08:31--  https://academic.oup.com/wbro/article-lookup/doi/10.1093/wbro/lkt020
Connecting to academic.oup.com (academic.oup.com)|173.254.190.144|:443... connected.
HTTP request sent, awaiting response... 200 OK
Length: 283323 (277K) [text/html]
Saving to: ‘lkt020’

     0K .......... .......... .......... .......... .......... 18%  207K 1s
    50K .......... .......... .......... .......... .......... 36%  609K 1s
   100K .......... .......... .......... .......... .......... 54%  614K 0s
   150K .......... .......... .......... .......... .......... 72%  314K 0s
   200K .......... .......... .......... .......... .......... 90%  605K 0s
   250K .......... .......... ......                          100% 7.40M=0.7s

2017-02-03 22:08:35 (425 KB/s) - ‘lkt020’ saved [283323/283323]

--2017-02-03 22:08:36--  http://doi.org/10.1093/wbro/lkt009
Connecting to doi.org (doi.org)|63.123.152.248|:80... connected.
HTTP request sent, awaiting response... 303 See Other
Location: https://academic.oup.com/wbro/article-lookup/doi/10.1093/wbro/lkt009 [following]
--2017-02-03 22:08:39--  https://academic.oup.com/wbro/article-lookup/doi/10.1093/wbro/lkt009
Connecting to academic.oup.com (academic.oup.com)|173.254.190.144|:443... connected.
HTTP request sent, awaiting response... 200 OK
Length: 349293 (341K) [text/html]
Saving to: ‘lkt009’

     0K .......... .......... .......... .......... .......... 14%  209K 1s
    50K .......... .......... .......... .......... .......... 29%  608K 1s
   100K .......... .......... .......... .......... .......... 43%  599K 1s
   150K .......... .......... .......... .......... .......... 58%  611K 0s
   200K .......... .......... .......... .......... .......... 73%  311K 0s
   250K .......... .......... .......... .......... .......... 87%  612K 0s
   300K .......... .......... .......... .......... .         100%  507K=0.8s

2017-02-03 22:08:43 (421 KB/s) - ‘lkt009’ saved [349293/349293]

--2017-02-03 22:08:44--  http://doi.org/10.1093/wbro/lkt008
Connecting to doi.org (doi.org)|63.123.152.248|:80... connected.
HTTP request sent, awaiting response... 303 See Other
Location: https://academic.oup.com/wbro/article-lookup/doi/10.1093/wbro/lkt008 [following]
--2017-02-03 22:08:46--  https://academic.oup.com/wbro/article-lookup/doi/10.1093/wbro/lkt008
Connecting to academic.oup.com (academic.oup.com)|173.254.190.144|:443... connected.
HTTP request sent, awaiting response... 200 OK
Length: 310604 (303K) [text/html]
Saving to: ‘lkt008’

     0K .......... .......... .......... .......... .......... 16%  209K 1s
    50K .......... .......... .......... .......... .......... 32%  604K 1s
   100K .......... .......... .......... .......... .......... 49%  614K 0s
   150K .......... .......... .......... .......... .......... 65%  420K 0s
   200K .......... .......... .......... .......... .......... 82%  399K 0s
   250K .......... .......... .......... .......... .......... 98%  610K 0s
   300K ...                                                   100% 17.3M=0.7s

2017-02-03 22:08:50 (415 KB/s) - ‘lkt008’ saved [310604/310604]

--2017-02-03 22:08:51--  http://doi.org/10.1093/wbro/lks021
Connecting to doi.org (doi.org)|63.123.152.248|:80... connected.
HTTP request sent, awaiting response... 303 See Other
Location: https://academic.oup.com/wbro/article-lookup/doi/10.1093/wbro/lks021 [following]
--2017-02-03 22:08:55--  https://academic.oup.com/wbro/article-lookup/doi/10.1093/wbro/lks021
Connecting to academic.oup.com (academic.oup.com)|173.254.190.144|:443... connected.
HTTP request sent, awaiting response... 400 Bad Request
2017-02-03 22:08:56 ERROR 400: Bad Request.

--2017-02-03 22:08:57--  http://doi.org/10.1093/wbro/lks023
Connecting to doi.org (doi.org)|63.123.152.248|:80... connected.
HTTP request sent, awaiting response... 303 See Other
Location: https://academic.oup.com/wbro/article-lookup/doi/10.1093/wbro/lks023 [following]
--2017-02-03 22:08:59--  https://academic.oup.com/wbro/article-lookup/doi/10.1093/wbro/lks023
Connecting to academic.oup.com (academic.oup.com)|173.254.190.144|:443... connected.
HTTP request sent, awaiting response... 200 OK
Length: 100488 (98K) [text/html]
Saving to: ‘lks023’

     0K .......... .......... .......... .......... .......... 50%  209K 0s
    50K .......... .......... .......... .......... ........  100%  588K=0.3s

2017-02-03 22:09:03 (306 KB/s) - ‘lks023’ saved [100488/100488]

--2017-02-03 22:09:04--  http://doi.org/10.1093/wbro/lks017
Connecting to doi.org (doi.org)|63.123.152.248|:80... connected.
HTTP request sent, awaiting response... 303 See Other
Location: https://academic.oup.com/wbro/article-lookup/doi/10.1093/wbro/lks017 [following]
--2017-02-03 22:09:06--  https://academic.oup.com/wbro/article-lookup/doi/10.1093/wbro/lks017
Connecting to academic.oup.com (academic.oup.com)|173.254.190.144|:443... connected.
HTTP request sent, awaiting response... 200 OK
Length: 100457 (98K) [text/html]
Saving to: ‘lks017’

     0K .......... .......... .......... .......... .......... 50%  209K 0s
    50K .......... .......... .......... .......... ........  100%  594K=0.3s

2017-02-03 22:09:09 (307 KB/s) - ‘lks017’ saved [100457/100457]

--2017-02-03 22:09:10--  http://doi.org/10.1093/wbro/lks019
Connecting to doi.org (doi.org)|63.123.152.248|:80... connected.
HTTP request sent, awaiting response... 303 See Other
Location: https://academic.oup.com/wbro/article-lookup/doi/10.1093/wbro/lks019 [following]
--2017-02-03 22:09:12--  https://academic.oup.com/wbro/article-lookup/doi/10.1093/wbro/lks019
Connecting to academic.oup.com (academic.oup.com)|173.254.190.144|:443... connected.
HTTP request sent, awaiting response... 400 Bad Request
2017-02-03 22:09:13 ERROR 400: Bad Request.

--2017-02-03 22:09:14--  http://doi.org/10.1093/wbro/lks015
Connecting to doi.org (doi.org)|63.123.152.248|:80... connected.
HTTP request sent, awaiting response... 303 See Other
Location: https://academic.oup.com/wbro/article-lookup/doi/10.1093/wbro/lks015 [following]
--2017-02-03 22:09:16--  https://academic.oup.com/wbro/article-lookup/doi/10.1093/wbro/lks015
Connecting to academic.oup.com (academic.oup.com)|173.254.190.144|:443... connected.
HTTP request sent, awaiting response... 200 OK
Length: 100472 (98K) [text/html]
Saving to: ‘lks015’

     0K .......... .......... .......... .......... .......... 50%  209K 0s
    50K .......... .......... .......... .......... ........  100%  591K=0.3s

2017-02-03 22:09:20 (306 KB/s) - ‘lks015’ saved [100472/100472]

--2017-02-03 22:09:21--  http://doi.org/10.1093/wbro/lkt007
Connecting to doi.org (doi.org)|63.123.152.248|:80... connected.
HTTP request sent, awaiting response... 303 See Other
Location: https://academic.oup.com/wbro/article-lookup/doi/10.1093/wbro/lkt007 [following]
--2017-02-03 22:09:22--  https://academic.oup.com/wbro/article-lookup/doi/10.1093/wbro/lkt007
Connecting to academic.oup.com (academic.oup.com)|173.254.190.144|:443... connected.
HTTP request sent, awaiting response... 200 OK
Length: 322816 (315K) [text/html]
Saving to: ‘lkt007’

     0K .......... .......... .......... .......... .......... 15%  209K 1s
    50K .......... .......... .......... .......... .......... 31%  603K 1s
   100K .......... .......... .......... .......... .......... 47%  606K 0s
   150K .......... .......... .......... .......... .......... 63%  319K 0s
   200K .......... .......... .......... .......... .......... 79%  583K 0s
   250K .......... .......... .......... .......... .......... 95%  576K 0s
   300K .......... .....                                      100% 20.9M=0.7s

2017-02-03 22:09:27 (429 KB/s) - ‘lkt007’ saved [322816/322816]

--2017-02-03 22:09:28--  http://doi.org/10.1093/wbro/lkt006
Connecting to doi.org (doi.org)|63.123.152.248|:80... connected.
HTTP request sent, awaiting response... 303 See Other
Location: https://academic.oup.com/wbro/article-lookup/doi/10.1093/wbro/lkt006 [following]
--2017-02-03 22:09:30--  https://academic.oup.com/wbro/article-lookup/doi/10.1093/wbro/lkt006
Connecting to academic.oup.com (academic.oup.com)|173.254.190.144|:443... connected.
HTTP request sent, awaiting response... 200 OK
Length: 231442 (226K) [text/html]
Saving to: ‘lkt006’

     0K .......... .......... .......... .......... .......... 22%  209K 1s
    50K .......... .......... .......... .......... .......... 44%  608K 0s
   100K .......... .......... .......... .......... .......... 66%  611K 0s
   150K .......... .......... .......... .......... .......... 88%  317K 0s
   200K .......... .......... ......                          100% 5.52M=0.6s

2017-02-03 22:09:34 (400 KB/s) - ‘lkt006’ saved [231442/231442]

--2017-02-03 22:09:35--  http://doi.org/10.1093/wbro/lkt005
Connecting to doi.org (doi.org)|63.123.152.248|:80... connected.
HTTP request sent, awaiting response... 303 See Other
Location: https://academic.oup.com/wbro/article-lookup/doi/10.1093/wbro/lkt005 [following]
--2017-02-03 22:09:36--  https://academic.oup.com/wbro/article-lookup/doi/10.1093/wbro/lkt005
Connecting to academic.oup.com (academic.oup.com)|173.254.190.144|:443... connected.
HTTP request sent, awaiting response... 200 OK
Length: 321076 (314K) [text/html]
Saving to: ‘lkt005’

     0K .......... .......... .......... .......... .......... 15%  205K 1s
    50K .......... .......... .......... .......... .......... 31%  613K 1s
   100K .......... .......... .......... .......... .......... 47%  607K 0s
   150K .......... .......... .......... .......... .......... 63%  588K 0s
   200K .......... .......... .......... .......... .......... 79%  317K 0s
   250K .......... .......... .......... .......... .......... 95%  607K 0s
   300K .......... ...                                        100% 3.68M=0.7s

2017-02-03 22:09:40 (425 KB/s) - ‘lkt005’ saved [321076/321076]

--2017-02-03 22:09:41--  http://doi.org/10.1093/wbro/lkt003
Connecting to doi.org (doi.org)|63.123.152.248|:80... connected.
HTTP request sent, awaiting response... 303 See Other
Location: https://academic.oup.com/wbro/article-lookup/doi/10.1093/wbro/lkt003 [following]
--2017-02-03 22:09:44--  https://academic.oup.com/wbro/article-lookup/doi/10.1093/wbro/lkt003
Connecting to academic.oup.com (academic.oup.com)|173.254.190.144|:443... connected.
HTTP request sent, awaiting response... 200 OK
Length: 194478 (190K) [text/html]
Saving to: ‘lkt003’

     0K .......... .......... .......... .......... .......... 26%  209K 1s
    50K .......... .......... .......... .......... .......... 52%  586K 0s
   100K .......... .......... .......... .......... .......... 78%  612K 0s
   150K .......... .......... .......... .........            100%  492K=0.5s

2017-02-03 22:09:48 (390 KB/s) - ‘lkt003’ saved [194478/194478]

--2017-02-03 22:09:49--  http://doi.org/10.1093/wbro/lkt002
Connecting to doi.org (doi.org)|63.123.152.248|:80... connected.
HTTP request sent, awaiting response... 303 See Other
Location: https://academic.oup.com/wbro/article-lookup/doi/10.1093/wbro/lkt002 [following]
--2017-02-03 22:09:51--  https://academic.oup.com/wbro/article-lookup/doi/10.1093/wbro/lkt002
Connecting to academic.oup.com (academic.oup.com)|173.254.190.144|:443... connected.
HTTP request sent, awaiting response... 400 Bad Request
2017-02-03 22:09:51 ERROR 400: Bad Request.

--2017-02-03 22:09:52--  http://doi.org/10.1093/wbro/lks020
Connecting to doi.org (doi.org)|63.123.152.248|:80... connected.
HTTP request sent, awaiting response... 303 See Other
Location: https://academic.oup.com/wbro/article-lookup/doi/10.1093/wbro/lks020 [following]
--2017-02-03 22:09:54--  https://academic.oup.com/wbro/article-lookup/doi/10.1093/wbro/lks020
Connecting to academic.oup.com (academic.oup.com)|173.254.190.144|:443... connected.
HTTP request sent, awaiting response... 200 OK
Length: 100446 (98K) [text/html]
Saving to: ‘lks020’

     0K .......... .......... .......... .......... .......... 50%  208K 0s
    50K .......... .......... .......... .......... ........  100%  598K=0.3s

2017-02-03 22:09:57 (306 KB/s) - ‘lks020’ saved [100446/100446]

--2017-02-03 22:09:58--  http://doi.org/10.1093/wbro/lks018
Connecting to doi.org (doi.org)|63.123.152.248|:80... connected.
HTTP request sent, awaiting response... 303 See Other
Location: https://academic.oup.com/wbro/article-lookup/doi/10.1093/wbro/lks018 [following]
--2017-02-03 22:09:59--  https://academic.oup.com/wbro/article-lookup/doi/10.1093/wbro/lks018
Connecting to academic.oup.com (academic.oup.com)|173.254.190.144|:443... connected.
HTTP request sent, awaiting response... 400 Bad Request
2017-02-03 22:10:00 ERROR 400: Bad Request.

--2017-02-03 22:10:01--  http://doi.org/10.1093/wbro/lks016
Connecting to doi.org (doi.org)|63.123.152.248|:80... connected.
HTTP request sent, awaiting response... 303 See Other
Location: https://academic.oup.com/wbro/article-lookup/doi/10.1093/wbro/lks016 [following]
--2017-02-03 22:10:02--  https://academic.oup.com/wbro/article-lookup/doi/10.1093/wbro/lks016
Connecting to academic.oup.com (academic.oup.com)|173.254.190.144|:443... connected.
HTTP request sent, awaiting response... 200 OK
Length: 115410 (113K) [text/html]
Saving to: ‘lks016’

     0K .......... .......... .......... .......... .......... 44%  209K 0s
    50K .......... .......... .......... .......... .......... 88%  600K 0s
   100K .......... ..                                         100% 24.2M=0.3s

2017-02-03 22:10:06 (349 KB/s) - ‘lks016’ saved [115410/115410]

--2017-02-03 22:10:07--  http://doi.org/10.1093/wbro/lkt004
Connecting to doi.org (doi.org)|63.123.152.248|:80... connected.
HTTP request sent, awaiting response... 303 See Other
Location: https://academic.oup.com/wbro/article-lookup/doi/10.1093/wbro/lkt004 [following]
--2017-02-03 22:10:10--  https://academic.oup.com/wbro/article-lookup/doi/10.1093/wbro/lkt004
Connecting to academic.oup.com (academic.oup.com)|173.254.190.144|:443... connected.
HTTP request sent, awaiting response... 200 OK
Length: 106842 (104K) [text/html]
Saving to: ‘lkt004’

     0K .......... .......... .......... .......... .......... 47%  192K 0s
    50K .......... .......... .......... .......... .......... 95%  612K 0s
   100K ....                                                  100% 8274G=0.3s

2017-02-03 22:10:12 (306 KB/s) - ‘lkt004’ saved [106842/106842]

--2017-02-03 22:10:13--  http://doi.org/10.1093/wbro/lks014
Connecting to doi.org (doi.org)|63.123.152.248|:80... connected.
HTTP request sent, awaiting response... 303 See Other
Location: https://academic.oup.com/wbro/article-lookup/doi/10.1093/wbro/lks014 [following]
--2017-02-03 22:10:17--  https://academic.oup.com/wbro/article-lookup/doi/10.1093/wbro/lks014
Connecting to academic.oup.com (academic.oup.com)|173.254.190.144|:443... connected.
HTTP request sent, awaiting response... 200 OK
Length: 100488 (98K) [text/html]
Saving to: ‘lks014’

     0K .......... .......... .......... .......... .......... 50%  209K 0s
    50K .......... .......... .......... .......... ........  100%  597K=0.3s

2017-02-03 22:10:20 (307 KB/s) - ‘lks014’ saved [100488/100488]

--2017-02-03 22:10:21--  http://doi.org/10.1093/wbro/lks022
Connecting to doi.org (doi.org)|63.123.152.248|:80... connected.
HTTP request sent, awaiting response... 303 See Other
Location: https://academic.oup.com/wbro/article-lookup/doi/10.1093/wbro/lks022 [following]
--2017-02-03 22:10:22--  https://academic.oup.com/wbro/article-lookup/doi/10.1093/wbro/lks022
Connecting to academic.oup.com (academic.oup.com)|173.254.190.144|:443... connected.
HTTP request sent, awaiting response... 200 OK
Length: 100492 (98K) [text/html]
Saving to: ‘lks022’

     0K .......... .......... .......... .......... .......... 50%  209K 0s
    50K .......... .......... .......... .......... ........  100%  590K=0.3s

2017-02-03 22:10:26 (306 KB/s) - ‘lks022’ saved [100492/100492]

--2017-02-03 22:10:27--  http://doi.org/10.1093/wbro/lkt001
Connecting to doi.org (doi.org)|63.123.152.248|:80... connected.
HTTP request sent, awaiting response... 303 See Other
Location: https://academic.oup.com/wbro/article-lookup/doi/10.1093/wbro/lkt001 [following]
--2017-02-03 22:10:29--  https://academic.oup.com/wbro/article-lookup/doi/10.1093/wbro/lkt001
Connecting to academic.oup.com (academic.oup.com)|173.254.190.144|:443... connected.
HTTP request sent, awaiting response... 200 OK
Length: 279009 (272K) [text/html]
Saving to: ‘lkt001’

     0K .......... .......... .......... .......... .......... 18%  209K 1s
    50K .......... .......... .......... .......... .......... 36%  603K 1s
   100K .......... .......... .......... .......... .......... 55%  609K 0s
   150K .......... .......... .......... .......... .......... 73%  418K 0s
   200K .......... .......... .......... .......... .......... 91%  407K 0s
   250K .......... .......... ..                              100% 10.3M=0.6s

2017-02-03 22:10:33 (420 KB/s) - ‘lkt001’ saved [279009/279009]

--2017-02-03 22:10:34--  http://doi.org/10.1093/wbro/lks012
Connecting to doi.org (doi.org)|63.123.152.248|:80... connected.
HTTP request sent, awaiting response... 303 See Other
Location: https://academic.oup.com/wbro/article-lookup/doi/10.1093/wbro/lks012 [following]
--2017-02-03 22:10:37--  https://academic.oup.com/wbro/article-lookup/doi/10.1093/wbro/lks012
Connecting to academic.oup.com (academic.oup.com)|173.254.190.144|:443... connected.
HTTP request sent, awaiting response... 200 OK
Length: 224155 (219K) [text/html]
Saving to: ‘lks012’

     0K .......... .......... .......... .......... .......... 22%  208K 1s
    50K .......... .......... .......... .......... .......... 45%  610K 0s
   100K .......... .......... .......... .......... .......... 68%  599K 0s
   150K .......... .......... .......... .......... .......... 91%  318K 0s
   200K .......... ........                                   100% 9.19M=0.6s

2017-02-03 22:10:40 (387 KB/s) - ‘lks012’ saved [224155/224155]

--2017-02-03 22:10:41--  http://doi.org/10.1093/wbro/lks024
Connecting to doi.org (doi.org)|63.123.152.248|:80... connected.
HTTP request sent, awaiting response... 303 See Other
Location: https://academic.oup.com/wbro/article-lookup/doi/10.1093/wbro/lks024 [following]
--2017-02-03 22:10:43--  https://academic.oup.com/wbro/article-lookup/doi/10.1093/wbro/lks024
Connecting to academic.oup.com (academic.oup.com)|173.254.190.144|:443... connected.
HTTP request sent, awaiting response... 200 OK
Length: 311083 (304K) [text/html]
Saving to: ‘lks024’

     0K .......... .......... .......... .......... .......... 16%  209K 1s
    50K .......... .......... .......... .......... .......... 32%  605K 1s
   100K .......... .......... .......... .......... .......... 49%  607K 0s
   150K .......... .......... .......... .......... .......... 65%  422K 0s
   200K .......... .......... .......... .......... .......... 82%  408K 0s
   250K .......... .......... .......... .......... .......... 98%  607K 0s
   300K ...                                                   100% 7233G=0.7s

2017-02-03 22:10:46 (418 KB/s) - ‘lks024’ saved [311083/311083]

--2017-02-03 22:10:47--  http://doi.org/10.1093/wbro/lks013
Connecting to doi.org (doi.org)|63.123.152.248|:80... connected.
HTTP request sent, awaiting response... 303 See Other
Location: https://academic.oup.com/wbro/article-lookup/doi/10.1093/wbro/lks013 [following]
--2017-02-03 22:10:49--  https://academic.oup.com/wbro/article-lookup/doi/10.1093/wbro/lks013
Connecting to academic.oup.com (academic.oup.com)|173.254.190.144|:443... connected.
HTTP request sent, awaiting response... 400 Bad Request
2017-02-03 22:10:50 ERROR 400: Bad Request.

--2017-02-03 22:10:51--  http://doi.org/10.1093/wbro/lks011
Connecting to doi.org (doi.org)|63.123.152.248|:80... connected.
HTTP request sent, awaiting response... 303 See Other
Location: https://academic.oup.com/wbro/article-lookup/doi/10.1093/wbro/lks011 [following]
--2017-02-03 22:10:52--  https://academic.oup.com/wbro/article-lookup/doi/10.1093/wbro/lks011
Connecting to academic.oup.com (academic.oup.com)|173.254.190.144|:443... connected.
HTTP request sent, awaiting response... 400 Bad Request
2017-02-03 22:10:53 ERROR 400: Bad Request.

--2017-02-03 22:10:54--  http://doi.org/10.1093/wbro/lks008
Connecting to doi.org (doi.org)|63.123.152.248|:80... connected.
HTTP request sent, awaiting response... 303 See Other
Location: https://academic.oup.com/wbro/article-lookup/doi/10.1093/wbro/lks008 [following]
--2017-02-03 22:10:56--  https://academic.oup.com/wbro/article-lookup/doi/10.1093/wbro/lks008
Connecting to academic.oup.com (academic.oup.com)|173.254.190.144|:443... connected.
HTTP request sent, awaiting response... 200 OK
Length: 286870 (280K) [text/html]
Saving to: ‘lks008’

     0K .......... .......... .......... .......... .......... 17%  208K 1s
    50K .......... .......... .......... .......... .......... 35%  608K 1s
   100K .......... .......... .......... .......... .......... 53%  610K 0s
   150K .......... .......... .......... .......... .......... 71%  312K 0s
   200K .......... .......... .......... .......... .......... 89%  570K 0s
   250K .......... .......... ..........                      100%  407K=0.7s

2017-02-03 22:11:00 (385 KB/s) - ‘lks008’ saved [286870/286870]

--2017-02-03 22:11:01--  http://doi.org/10.1093/wbro/lks010
Connecting to doi.org (doi.org)|63.123.152.248|:80... connected.
HTTP request sent, awaiting response... 303 See Other
Location: https://academic.oup.com/wbro/article-lookup/doi/10.1093/wbro/lks010 [following]
--2017-02-03 22:11:03--  https://academic.oup.com/wbro/article-lookup/doi/10.1093/wbro/lks010
Connecting to academic.oup.com (academic.oup.com)|173.254.190.144|:443... connected.
HTTP request sent, awaiting response... 200 OK
Length: 377955 (369K) [text/html]
Saving to: ‘lks010’

     0K .......... .......... .......... .......... .......... 13%  208K 2s
    50K .......... .......... .......... .......... .......... 27%  608K 1s
   100K .......... .......... .......... .......... .......... 40%  574K 1s
   150K .......... .......... .......... .......... .......... 54%  323K 0s
   200K .......... .......... .......... .......... .......... 67%  607K 0s
   250K .......... .......... .......... .......... .......... 81%  303K 0s
   300K .......... .......... .......... .......... .......... 94%  608K 0s
   350K .......... .........                                  100% 15.3M=0.9s

2017-02-03 22:11:07 (412 KB/s) - ‘lks010’ saved [377955/377955]

--2017-02-03 22:11:08--  http://doi.org/10.1093/wbro/lks009
Connecting to doi.org (doi.org)|63.123.152.248|:80... connected.
HTTP request sent, awaiting response... 303 See Other
Location: https://academic.oup.com/wbro/article-lookup/doi/10.1093/wbro/lks009 [following]
--2017-02-03 22:11:09--  https://academic.oup.com/wbro/article-lookup/doi/10.1093/wbro/lks009
Connecting to academic.oup.com (academic.oup.com)|173.254.190.144|:443... connected.
HTTP request sent, awaiting response... 200 OK
Length: 328054 (320K) [text/html]
Saving to: ‘lks009’

     0K .......... .......... .......... .......... .......... 15%  209K 1s
    50K .......... .......... .......... .......... .......... 31%  607K 1s
   100K .......... .......... .......... .......... .......... 46%  590K 0s
   150K .......... .......... .......... .......... .......... 62%  321K 0s
   200K .......... .......... .......... .......... .......... 78%  569K 0s
   250K .......... .......... .......... .......... .......... 93%  594K 0s
   300K .......... ..........                                 100%  282K=0.8s

2017-02-03 22:11:13 (397 KB/s) - ‘lks009’ saved [328054/328054]

--2017-02-03 22:11:14--  http://doi.org/10.1093/wbro/lks006
Connecting to doi.org (doi.org)|63.123.152.248|:80... connected.
HTTP request sent, awaiting response... 303 See Other
Location: https://academic.oup.com/wbro/article-lookup/doi/10.1093/wbro/lks006 [following]
--2017-02-03 22:11:17--  https://academic.oup.com/wbro/article-lookup/doi/10.1093/wbro/lks006
Connecting to academic.oup.com (academic.oup.com)|173.254.190.144|:443... connected.
HTTP request sent, awaiting response... 200 OK
Length: 100537 (98K) [text/html]
Saving to: ‘lks006’

     0K .......... .......... .......... .......... .......... 50%  208K 0s
    50K .......... .......... .......... .......... ........  100%  588K=0.3s

2017-02-03 22:11:20 (304 KB/s) - ‘lks006’ saved [100537/100537]

--2017-02-03 22:11:21--  http://doi.org/10.1093/wbro/lks007
Connecting to doi.org (doi.org)|63.123.152.248|:80... connected.
HTTP request sent, awaiting response... 303 See Other
Location: https://academic.oup.com/wbro/article-lookup/doi/10.1093/wbro/lks007 [following]
--2017-02-03 22:11:23--  https://academic.oup.com/wbro/article-lookup/doi/10.1093/wbro/lks007
Connecting to academic.oup.com (academic.oup.com)|173.254.190.144|:443... connected.
HTTP request sent, awaiting response... 200 OK
Length: 115393 (113K) [text/html]
Saving to: ‘lks007’

     0K .......... .......... .......... .......... .......... 44%  209K 0s
    50K .......... .......... .......... .......... .......... 88%  605K 0s
   100K .......... ..                                         100% 25.7M=0.3s

2017-02-03 22:11:27 (349 KB/s) - ‘lks007’ saved [115393/115393]

--2017-02-03 22:11:28--  http://doi.org/10.1093/wbro/lks005
Connecting to doi.org (doi.org)|63.123.152.248|:80... connected.
HTTP request sent, awaiting response... 303 See Other
Location: https://academic.oup.com/wbro/article-lookup/doi/10.1093/wbro/lks005 [following]
--2017-02-03 22:11:31--  https://academic.oup.com/wbro/article-lookup/doi/10.1093/wbro/lks005
Connecting to academic.oup.com (academic.oup.com)|173.254.190.144|:443... connected.
HTTP request sent, awaiting response... 200 OK
Length: 330537 (323K) [text/html]
Saving to: ‘lks005’

     0K .......... .......... .......... .......... .......... 15%  208K 1s
    50K .......... .......... .......... .......... .......... 30%  602K 1s
   100K .......... .......... .......... .......... .......... 46%  609K 0s
   150K .......... .......... .......... .......... .......... 61%  591K 0s
   200K .......... .......... .......... .......... .......... 77%  315K 0s
   250K .......... .......... .......... .......... .......... 92%  601K 0s
   300K .......... .......... ..                              100%  291K=0.8s

2017-02-03 22:11:36 (398 KB/s) - ‘lks005’ saved [330537/330537]

--2017-02-03 22:11:37--  http://doi.org/10.1093/wbro/lks004
Connecting to doi.org (doi.org)|63.123.152.248|:80... connected.
HTTP request sent, awaiting response... 303 See Other
Location: https://academic.oup.com/wbro/article-lookup/doi/10.1093/wbro/lks004 [following]
--2017-02-03 22:11:38--  https://academic.oup.com/wbro/article-lookup/doi/10.1093/wbro/lks004
Connecting to academic.oup.com (academic.oup.com)|173.254.190.144|:443... connected.
HTTP request sent, awaiting response... 200 OK
Length: 350631 (342K) [text/html]
Saving to: ‘lks004’

     0K .......... .......... .......... .......... .......... 14%  206K 1s
    50K .......... .......... .......... .......... .......... 29%  606K 1s
   100K .......... .......... .......... .......... .......... 43%  603K 1s
   150K .......... .......... .......... .......... .......... 58%  317K 0s
   200K .......... .......... .......... .......... .......... 73%  567K 0s
   250K .......... .......... .......... .......... .......... 87%  310K 0s
   300K .......... .......... .......... .......... ..        100%  263K=1.0s

2017-02-03 22:11:43 (351 KB/s) - ‘lks004’ saved [350631/350631]

--2017-02-03 22:11:44--  http://doi.org/10.1093/wbro/lkr016
Connecting to doi.org (doi.org)|63.123.152.248|:80... connected.
HTTP request sent, awaiting response... 303 See Other
Location: https://academic.oup.com/wbro/article-lookup/doi/10.1093/wbro/lkr016 [following]
--2017-02-03 22:11:46--  https://academic.oup.com/wbro/article-lookup/doi/10.1093/wbro/lkr016
Connecting to academic.oup.com (academic.oup.com)|173.254.190.144|:443... connected.
HTTP request sent, awaiting response... 400 Bad Request
2017-02-03 22:11:46 ERROR 400: Bad Request.

--2017-02-03 22:11:47--  http://doi.org/10.1093/wbro/lks003
Connecting to doi.org (doi.org)|63.123.152.248|:80... connected.
HTTP request sent, awaiting response... 303 See Other
Location: https://academic.oup.com/wbro/article-lookup/doi/10.1093/wbro/lks003 [following]
--2017-02-03 22:11:51--  https://academic.oup.com/wbro/article-lookup/doi/10.1093/wbro/lks003
Connecting to academic.oup.com (academic.oup.com)|173.254.190.144|:443... connected.
HTTP request sent, awaiting response... 200 OK
Length: 115373 (113K) [text/html]
Saving to: ‘lks003’

     0K .......... .......... .......... .......... .......... 44%  209K 0s
    50K .......... .......... .......... .......... .......... 88%  602K 0s
   100K .......... ..                                         100% 26.7M=0.3s

2017-02-03 22:11:55 (350 KB/s) - ‘lks003’ saved [115373/115373]

--2017-02-03 22:11:56--  http://doi.org/10.1093/wbro/lks001
Connecting to doi.org (doi.org)|63.123.152.248|:80... connected.
HTTP request sent, awaiting response... 303 See Other
Location: https://academic.oup.com/wbro/article-lookup/doi/10.1093/wbro/lks001 [following]
--2017-02-03 22:11:58--  https://academic.oup.com/wbro/article-lookup/doi/10.1093/wbro/lks001
Connecting to academic.oup.com (academic.oup.com)|173.254.190.144|:443... connected.
HTTP request sent, awaiting response... 200 OK
Length: 100156 (98K) [text/html]
Saving to: ‘lks001’

     0K .......... .......... .......... .......... .......... 51%  209K 0s
    50K .......... .......... .......... .......... .......   100%  583K=0.3s

2017-02-03 22:12:06 (304 KB/s) - ‘lks001’ saved [100156/100156]

--2017-02-03 22:12:07--  http://doi.org/10.1093/wbro/lks002
Connecting to doi.org (doi.org)|63.123.152.248|:80... connected.
HTTP request sent, awaiting response... 303 See Other
Location: https://academic.oup.com/wbro/article-lookup/doi/10.1093/wbro/lks002 [following]
--2017-02-03 22:12:08--  https://academic.oup.com/wbro/article-lookup/doi/10.1093/wbro/lks002
Connecting to academic.oup.com (academic.oup.com)|173.254.190.144|:443... connected.
HTTP request sent, awaiting response... 200 OK
Length: 100505 (98K) [text/html]
Saving to: ‘lks002’

     0K .......... .......... .......... .......... .......... 50%  209K 0s
    50K .......... .......... .......... .......... ........  100%  590K=0.3s

2017-02-03 22:12:11 (306 KB/s) - ‘lks002’ saved [100505/100505]

--2017-02-03 22:12:12--  http://doi.org/10.1093/wbro/lkr015
Connecting to doi.org (doi.org)|63.123.152.248|:80... connected.
HTTP request sent, awaiting response... 303 See Other
Location: https://academic.oup.com/wbro/article-lookup/doi/10.1093/wbro/lkr015 [following]
--2017-02-03 22:12:14--  https://academic.oup.com/wbro/article-lookup/doi/10.1093/wbro/lkr015
Connecting to academic.oup.com (academic.oup.com)|173.254.190.144|:443... connected.
HTTP request sent, awaiting response... 200 OK
Length: 100444 (98K) [text/html]
Saving to: ‘lkr015’

     0K .......... .......... .......... .......... .......... 50%  209K 0s
    50K .......... .......... .......... .......... ........  100%  591K=0.3s

2017-02-03 22:12:17 (306 KB/s) - ‘lkr015’ saved [100444/100444]

--2017-02-03 22:12:18--  http://doi.org/10.1093/wbro/lkr013
Connecting to doi.org (doi.org)|63.123.152.248|:80... connected.
HTTP request sent, awaiting response... 303 See Other
Location: https://academic.oup.com/wbro/article-lookup/doi/10.1093/wbro/lkr013 [following]
--2017-02-03 22:12:21--  https://academic.oup.com/wbro/article-lookup/doi/10.1093/wbro/lkr013
Connecting to academic.oup.com (academic.oup.com)|173.254.190.144|:443... connected.
HTTP request sent, awaiting response... 200 OK
Length: 100477 (98K) [text/html]
Saving to: ‘lkr013’

     0K .......... .......... .......... .......... .......... 50%  151K 0s
    50K .......... .......... .......... .......... ........  100% 24.7K=2.3s

2017-02-03 22:12:27 (43.1 KB/s) - ‘lkr013’ saved [100477/100477]

--2017-02-03 22:12:28--  http://doi.org/10.1093/wbro/lkr008
Connecting to doi.org (doi.org)|63.123.152.248|:80... connected.
HTTP request sent, awaiting response... 303 See Other
Location: https://academic.oup.com/wbro/article-lookup/doi/10.1093/wbro/lkr008 [following]
--2017-02-03 22:12:30--  https://academic.oup.com/wbro/article-lookup/doi/10.1093/wbro/lkr008
Connecting to academic.oup.com (academic.oup.com)|173.254.190.144|:443... connected.
HTTP request sent, awaiting response... 200 OK
Length: 113067 (110K) [text/html]
Saving to: ‘lkr008’

     0K .......... .......... .......... .......... .......... 45%  209K 0s
    50K .......... .......... .......... .......... .......... 90%  574K 0s
   100K ..........                                            100% 22.5M=0.3s

2017-02-03 22:12:34 (338 KB/s) - ‘lkr008’ saved [113067/113067]

--2017-02-03 22:12:35--  http://doi.org/10.1093/wbro/lkr014
Connecting to doi.org (doi.org)|63.123.152.248|:80... connected.
HTTP request sent, awaiting response... 303 See Other
Location: https://academic.oup.com/wbro/article-lookup/doi/10.1093/wbro/lkr014 [following]
--2017-02-03 22:12:38--  https://academic.oup.com/wbro/article-lookup/doi/10.1093/wbro/lkr014
Connecting to academic.oup.com (academic.oup.com)|173.254.190.144|:443... connected.
HTTP request sent, awaiting response... 200 OK
Length: 100503 (98K) [text/html]
Saving to: ‘lkr014’

     0K .......... .......... .......... .......... .......... 50%  309K 0s
    50K .......... .......... .......... .......... ........  100%  305K=0.3s

2017-02-03 22:12:41 (307 KB/s) - ‘lkr014’ saved [100503/100503]

--2017-02-03 22:12:42--  http://doi.org/10.1093/wbro/lkr012
Connecting to doi.org (doi.org)|63.123.152.248|:80... connected.
HTTP request sent, awaiting response... 303 See Other
Location: https://academic.oup.com/wbro/article-lookup/doi/10.1093/wbro/lkr012 [following]
--2017-02-03 22:12:46--  https://academic.oup.com/wbro/article-lookup/doi/10.1093/wbro/lkr012
Connecting to academic.oup.com (academic.oup.com)|173.254.190.144|:443... connected.
HTTP request sent, awaiting response... 200 OK
Length: 237214 (232K) [text/html]
Saving to: ‘lkr012’

     0K .......... .......... .......... .......... .......... 21%  205K 1s
    50K .......... .......... .......... .......... .......... 43%  609K 0s
   100K .......... .......... .......... .......... .......... 64%  610K 0s
   150K .......... .......... .......... .......... .......... 86%  606K 0s
   200K .......... .......... .......... .                    100%  394K=0.6s

2017-02-03 22:12:50 (406 KB/s) - ‘lkr012’ saved [237214/237214]

FINISHED --2017-02-03 22:12:50--
Total wall clock time: 12m 3s
Downloaded: 82 files, 17M in 47s (366 KB/s)
