--2017-02-03 22:12:50--  http://doi.org/10.1093/whq/whw213
Resolving doi.org (doi.org)... 38.100.138.163, 208.254.38.90, 63.123.152.248, ...
Connecting to doi.org (doi.org)|38.100.138.163|:80... connected.
HTTP request sent, awaiting response... 303 See Other
Location: http://whq.oxfordjournals.org/lookup/doi/10.1093/whq/whw213 [following]
--2017-02-03 22:12:51--  http://whq.oxfordjournals.org/lookup/doi/10.1093/whq/whw213
Resolving whq.oxfordjournals.org (whq.oxfordjournals.org)... 209.135.222.209
Connecting to whq.oxfordjournals.org (whq.oxfordjournals.org)|209.135.222.209|:80... connected.
HTTP request sent, awaiting response... 301 Moved Permanently
Cookie coming from whq.oxfordjournals.org attempted to set domain to academic.oup.com
Location: https://academic.oup.com/whq/article/doi/10.1093/whq/whw213/2962453/American-Serengeti-The-Last-Big-Animals-of-the [following]
--2017-02-03 22:12:52--  https://academic.oup.com/whq/article/doi/10.1093/whq/whw213/2962453/American-Serengeti-The-Last-Big-Animals-of-the
Resolving academic.oup.com (academic.oup.com)... 173.254.190.144
Connecting to academic.oup.com (academic.oup.com)|173.254.190.144|:443... connected.
HTTP request sent, awaiting response... 302 Found
Location: /whq/article-abstract/doi/10.1093/whq/whw213/2962453/American-Serengeti-The-Last-Big-Animals-of-the?redirectedFrom=fulltext [following]
--2017-02-03 22:12:55--  https://academic.oup.com/whq/article-abstract/doi/10.1093/whq/whw213/2962453/American-Serengeti-The-Last-Big-Animals-of-the?redirectedFrom=fulltext
Reusing existing connection to academic.oup.com:443.
HTTP request sent, awaiting response... 200 OK
Length: 75498 (74K) [text/html]
Saving to: ‘whw213’

     0K .......... .......... .......... .......... .......... 67%  309K 0s
    50K .......... .......... ...                             100%  299K=0.2s

2017-02-03 22:12:58 (306 KB/s) - ‘whw213’ saved [75498/75498]

--2017-02-03 22:12:59--  http://doi.org/10.1093/whq/whw204
Connecting to doi.org (doi.org)|38.100.138.163|:80... connected.
HTTP request sent, awaiting response... 303 See Other
Location: http://whq.oxfordjournals.org/lookup/doi/10.1093/whq/whw204 [following]
--2017-02-03 22:13:01--  http://whq.oxfordjournals.org/lookup/doi/10.1093/whq/whw204
Connecting to whq.oxfordjournals.org (whq.oxfordjournals.org)|209.135.222.209|:80... connected.
HTTP request sent, awaiting response... 301 Moved Permanently
Cookie coming from whq.oxfordjournals.org attempted to set domain to academic.oup.com
Location: https://academic.oup.com/whq/article/doi/10.1093/whq/whw204/2962452/Chasing-the-Cure-in-New-Mexico-Tuberculosis-and [following]
--2017-02-03 22:13:02--  https://academic.oup.com/whq/article/doi/10.1093/whq/whw204/2962452/Chasing-the-Cure-in-New-Mexico-Tuberculosis-and
Connecting to academic.oup.com (academic.oup.com)|173.254.190.144|:443... connected.
HTTP request sent, awaiting response... 302 Found
Location: /whq/article-abstract/doi/10.1093/whq/whw204/2962452/Chasing-the-Cure-in-New-Mexico-Tuberculosis-and?redirectedFrom=fulltext [following]
--2017-02-03 22:13:04--  https://academic.oup.com/whq/article-abstract/doi/10.1093/whq/whw204/2962452/Chasing-the-Cure-in-New-Mexico-Tuberculosis-and?redirectedFrom=fulltext
Connecting to academic.oup.com (academic.oup.com)|173.254.190.144|:443... connected.
HTTP request sent, awaiting response... 200 OK
Length: 76236 (74K) [text/html]
Saving to: ‘whw204’

     0K .......... .......... .......... .......... .......... 67%  209K 0s
    50K .......... .......... ....                            100% 5.92M=0.2s

2017-02-03 22:13:08 (306 KB/s) - ‘whw204’ saved [76236/76236]

--2017-02-03 22:13:09--  http://doi.org/10.1093/whq/whw220
Connecting to doi.org (doi.org)|38.100.138.163|:80... connected.
HTTP request sent, awaiting response... 303 See Other
Location: http://whq.oxfordjournals.org/lookup/doi/10.1093/whq/whw220 [following]
--2017-02-03 22:13:11--  http://whq.oxfordjournals.org/lookup/doi/10.1093/whq/whw220
Connecting to whq.oxfordjournals.org (whq.oxfordjournals.org)|209.135.222.209|:80... connected.
HTTP request sent, awaiting response... 301 Moved Permanently
Cookie coming from whq.oxfordjournals.org attempted to set domain to academic.oup.com
Location: https://academic.oup.com/whq/article/doi/10.1093/whq/whw220/2962455/Shaping-the-Public-Good-Women-Making-History-in [following]
--2017-02-03 22:13:12--  https://academic.oup.com/whq/article/doi/10.1093/whq/whw220/2962455/Shaping-the-Public-Good-Women-Making-History-in
Connecting to academic.oup.com (academic.oup.com)|173.254.190.144|:443... connected.
HTTP request sent, awaiting response... 302 Found
Location: /whq/article-abstract/doi/10.1093/whq/whw220/2962455/Shaping-the-Public-Good-Women-Making-History-in?redirectedFrom=fulltext [following]
--2017-02-03 22:13:14--  https://academic.oup.com/whq/article-abstract/doi/10.1093/whq/whw220/2962455/Shaping-the-Public-Good-Women-Making-History-in?redirectedFrom=fulltext
Reusing existing connection to academic.oup.com:443.
HTTP request sent, awaiting response... 200 OK
Length: 90870 (89K) [text/html]
Saving to: ‘whw220’

     0K .......... .......... .......... .......... .......... 56%  209K 0s
    50K .......... .......... .......... ........             100%  483K=0.3s

2017-02-03 22:13:18 (278 KB/s) - ‘whw220’ saved [90870/90870]

--2017-02-03 22:13:19--  http://doi.org/10.1093/whq/whw222
Connecting to doi.org (doi.org)|38.100.138.163|:80... connected.
HTTP request sent, awaiting response... 303 See Other
Location: http://whq.oxfordjournals.org/lookup/doi/10.1093/whq/whw222 [following]
--2017-02-03 22:13:20--  http://whq.oxfordjournals.org/lookup/doi/10.1093/whq/whw222
Connecting to whq.oxfordjournals.org (whq.oxfordjournals.org)|209.135.222.209|:80... connected.
HTTP request sent, awaiting response... 301 Moved Permanently
Cookie coming from whq.oxfordjournals.org attempted to set domain to academic.oup.com
Location: https://academic.oup.com/whq/article/doi/10.1093/whq/whw222/2962456/The-Oxford-Handbook-of-American-Indian-History [following]
--2017-02-03 22:13:21--  https://academic.oup.com/whq/article/doi/10.1093/whq/whw222/2962456/The-Oxford-Handbook-of-American-Indian-History
Connecting to academic.oup.com (academic.oup.com)|173.254.190.144|:443... connected.
HTTP request sent, awaiting response... 400 Bad Request
2017-02-03 22:13:22 ERROR 400: Bad Request.

--2017-02-03 22:13:23--  http://doi.org/10.1093/whq/whw215
Connecting to doi.org (doi.org)|38.100.138.163|:80... connected.
HTTP request sent, awaiting response... 303 See Other
Location: http://whq.oxfordjournals.org/lookup/doi/10.1093/whq/whw215 [following]
--2017-02-03 22:13:24--  http://whq.oxfordjournals.org/lookup/doi/10.1093/whq/whw215
Connecting to whq.oxfordjournals.org (whq.oxfordjournals.org)|209.135.222.209|:80... connected.
HTTP request sent, awaiting response... 301 Moved Permanently
Cookie coming from whq.oxfordjournals.org attempted to set domain to academic.oup.com
Location: https://academic.oup.com/whq/article/doi/10.1093/whq/whw215/2962454/Rough-Riders-Theodore-Roosevelt-His-Cowboy [following]
--2017-02-03 22:13:25--  https://academic.oup.com/whq/article/doi/10.1093/whq/whw215/2962454/Rough-Riders-Theodore-Roosevelt-His-Cowboy
Connecting to academic.oup.com (academic.oup.com)|173.254.190.144|:443... connected.
HTTP request sent, awaiting response... 302 Found
Location: /whq/article-abstract/doi/10.1093/whq/whw215/2962454/Rough-Riders-Theodore-Roosevelt-His-Cowboy?redirectedFrom=fulltext [following]
--2017-02-03 22:13:29--  https://academic.oup.com/whq/article-abstract/doi/10.1093/whq/whw215/2962454/Rough-Riders-Theodore-Roosevelt-His-Cowboy?redirectedFrom=fulltext
Connecting to academic.oup.com (academic.oup.com)|173.254.190.144|:443... connected.
HTTP request sent, awaiting response... 200 OK
Length: 75848 (74K) [text/html]
Saving to: ‘whw215’

     0K .......... .......... .......... .......... .......... 67%  209K 0s
    50K .......... .......... ....                            100% 13.7M=0.2s

2017-02-03 22:13:32 (308 KB/s) - ‘whw215’ saved [75848/75848]

--2017-02-03 22:13:33--  http://doi.org/10.1093/whq/whw224
Connecting to doi.org (doi.org)|38.100.138.163|:80... connected.
HTTP request sent, awaiting response... 303 See Other
Location: https://academic.oup.com/whq/article-lookup/doi/10.1093/whq/whw224 [following]
--2017-02-03 22:13:34--  https://academic.oup.com/whq/article-lookup/doi/10.1093/whq/whw224
Connecting to academic.oup.com (academic.oup.com)|173.254.190.144|:443... connected.
HTTP request sent, awaiting response... 200 OK
Length: 71479 (70K) [text/html]
Saving to: ‘whw224’

     0K .......... .......... .......... .......... .......... 71%  209K 0s
    50K .......... .........                                  100% 15.7M=0.2s

2017-02-03 22:13:38 (291 KB/s) - ‘whw224’ saved [71479/71479]

--2017-02-03 22:13:39--  http://doi.org/10.1093/whq/whw205
Connecting to doi.org (doi.org)|38.100.138.163|:80... connected.
HTTP request sent, awaiting response... 303 See Other
Location: https://academic.oup.com/whq/article-lookup/doi/10.1093/whq/whw205 [following]
--2017-02-03 22:13:40--  https://academic.oup.com/whq/article-lookup/doi/10.1093/whq/whw205
Connecting to academic.oup.com (academic.oup.com)|173.254.190.144|:443... connected.
HTTP request sent, awaiting response... 200 OK
Length: 68188 (67K) [text/html]
Saving to: ‘whw205’

     0K .......... .......... .......... .......... .......... 75%  209K 0s
    50K .......... ......                                     100% 15.9M=0.2s

2017-02-03 22:13:43 (277 KB/s) - ‘whw205’ saved [68188/68188]

--2017-02-03 22:13:44--  http://doi.org/10.1093/whq/whw216
Connecting to doi.org (doi.org)|38.100.138.163|:80... connected.
HTTP request sent, awaiting response... 303 See Other
Location: https://academic.oup.com/whq/article-lookup/doi/10.1093/whq/whw216 [following]
--2017-02-03 22:13:46--  https://academic.oup.com/whq/article-lookup/doi/10.1093/whq/whw216
Connecting to academic.oup.com (academic.oup.com)|173.254.190.144|:443... connected.
HTTP request sent, awaiting response... 400 Bad Request
2017-02-03 22:13:47 ERROR 400: Bad Request.

--2017-02-03 22:13:48--  http://doi.org/10.1093/whq/whw218
Connecting to doi.org (doi.org)|38.100.138.163|:80... connected.
HTTP request sent, awaiting response... 303 See Other
Location: https://academic.oup.com/whq/article-lookup/doi/10.1093/whq/whw218 [following]
--2017-02-03 22:13:49--  https://academic.oup.com/whq/article-lookup/doi/10.1093/whq/whw218
Connecting to academic.oup.com (academic.oup.com)|173.254.190.144|:443... connected.
HTTP request sent, awaiting response... 200 OK
Length: 84201 (82K) [text/html]
Saving to: ‘whw218’

     0K .......... .......... .......... .......... .......... 60%  209K 0s
    50K .......... .......... .......... ..                   100% 11.4M=0.2s

2017-02-03 22:13:56 (339 KB/s) - ‘whw218’ saved [84201/84201]

--2017-02-03 22:13:57--  http://doi.org/10.1093/whq/whw221
Connecting to doi.org (doi.org)|38.100.138.163|:80... connected.
HTTP request sent, awaiting response... 303 See Other
Location: https://academic.oup.com/whq/article-lookup/doi/10.1093/whq/whw221 [following]
--2017-02-03 22:13:58--  https://academic.oup.com/whq/article-lookup/doi/10.1093/whq/whw221
Connecting to academic.oup.com (academic.oup.com)|173.254.190.144|:443... connected.
HTTP request sent, awaiting response... 200 OK
Length: 83896 (82K) [text/html]
Saving to: ‘whw221’

     0K .......... .......... .......... .......... .......... 61%  209K 0s
    50K .......... .......... .......... .                    100% 11.2M=0.2s

2017-02-03 22:14:01 (338 KB/s) - ‘whw221’ saved [83896/83896]

--2017-02-03 22:14:02--  http://doi.org/10.1093/whq/whw210
Connecting to doi.org (doi.org)|38.100.138.163|:80... connected.
HTTP request sent, awaiting response... 303 See Other
Location: https://academic.oup.com/whq/article-lookup/doi/10.1093/whq/whw210 [following]
--2017-02-03 22:14:03--  https://academic.oup.com/whq/article-lookup/doi/10.1093/whq/whw210
Connecting to academic.oup.com (academic.oup.com)|173.254.190.144|:443... connected.
HTTP request sent, awaiting response... 200 OK
Length: 68479 (67K) [text/html]
Saving to: ‘whw210’

     0K .......... .......... .......... .......... .......... 74%  209K 0s
    50K .......... ......                                     100% 16.2M=0.2s

2017-02-03 22:14:07 (279 KB/s) - ‘whw210’ saved [68479/68479]

--2017-02-03 22:14:08--  http://doi.org/10.1093/whq/whw208
Connecting to doi.org (doi.org)|38.100.138.163|:80... connected.
HTTP request sent, awaiting response... 303 See Other
Location: https://academic.oup.com/whq/article-lookup/doi/10.1093/whq/whw208 [following]
--2017-02-03 22:14:09--  https://academic.oup.com/whq/article-lookup/doi/10.1093/whq/whw208
Connecting to academic.oup.com (academic.oup.com)|173.254.190.144|:443... connected.
HTTP request sent, awaiting response... 200 OK
Length: 83454 (81K) [text/html]
Saving to: ‘whw208’

     0K .......... .......... .......... .......... .......... 61%  208K 0s
    50K .......... .......... .......... .                    100% 13.2M=0.2s

2017-02-03 22:14:12 (337 KB/s) - ‘whw208’ saved [83454/83454]

--2017-02-03 22:14:13--  http://doi.org/10.1093/whq/whw211
Connecting to doi.org (doi.org)|38.100.138.163|:80... connected.
HTTP request sent, awaiting response... 303 See Other
Location: https://academic.oup.com/whq/article-lookup/doi/10.1093/whq/whw211 [following]
--2017-02-03 22:14:15--  https://academic.oup.com/whq/article-lookup/doi/10.1093/whq/whw211
Connecting to academic.oup.com (academic.oup.com)|173.254.190.144|:443... connected.
HTTP request sent, awaiting response... 200 OK
Length: 67962 (66K) [text/html]
Saving to: ‘whw211’

     0K .......... .......... .......... .......... .......... 75%  209K 0s
    50K .......... ......                                     100% 17.8M=0.2s

2017-02-03 22:14:18 (277 KB/s) - ‘whw211’ saved [67962/67962]

--2017-02-03 22:14:19--  http://doi.org/10.1093/whq/whw206
Connecting to doi.org (doi.org)|38.100.138.163|:80... connected.
HTTP request sent, awaiting response... 303 See Other
Location: https://academic.oup.com/whq/article-lookup/doi/10.1093/whq/whw206 [following]
--2017-02-03 22:14:20--  https://academic.oup.com/whq/article-lookup/doi/10.1093/whq/whw206
Connecting to academic.oup.com (academic.oup.com)|173.254.190.144|:443... connected.
HTTP request sent, awaiting response... 200 OK
Length: 84076 (82K) [text/html]
Saving to: ‘whw206’

     0K .......... .......... .......... .......... .......... 60%  207K 0s
    50K .......... .......... .......... ..                   100% 11.1M=0.2s

2017-02-03 22:14:26 (336 KB/s) - ‘whw206’ saved [84076/84076]

--2017-02-03 22:14:27--  http://doi.org/10.1093/whq/whw217
Connecting to doi.org (doi.org)|38.100.138.163|:80... connected.
HTTP request sent, awaiting response... 303 See Other
Location: https://academic.oup.com/whq/article-lookup/doi/10.1093/whq/whw217 [following]
--2017-02-03 22:14:28--  https://academic.oup.com/whq/article-lookup/doi/10.1093/whq/whw217
Connecting to academic.oup.com (academic.oup.com)|173.254.190.144|:443... connected.
HTTP request sent, awaiting response... 200 OK
Length: 67492 (66K) [text/html]
Saving to: ‘whw217’

     0K .......... .......... .......... .......... .......... 75%  207K 0s
    50K .......... .....                                      100% 17.5M=0.2s

2017-02-03 22:14:31 (273 KB/s) - ‘whw217’ saved [67492/67492]

--2017-02-03 22:14:32--  http://doi.org/10.1093/whq/whw214
Connecting to doi.org (doi.org)|38.100.138.163|:80... connected.
HTTP request sent, awaiting response... 303 See Other
Location: https://academic.oup.com/whq/article-lookup/doi/10.1093/whq/whw214 [following]
--2017-02-03 22:14:34--  https://academic.oup.com/whq/article-lookup/doi/10.1093/whq/whw214
Connecting to academic.oup.com (academic.oup.com)|173.254.190.144|:443... connected.
HTTP request sent, awaiting response... 200 OK
Length: 68285 (67K) [text/html]
Saving to: ‘whw214’

     0K .......... .......... .......... .......... .......... 74%  309K 0s
    50K .......... ......                                     100%  212K=0.2s

2017-02-03 22:14:37 (277 KB/s) - ‘whw214’ saved [68285/68285]

--2017-02-03 22:14:38--  http://doi.org/10.1093/whq/whw195
Connecting to doi.org (doi.org)|38.100.138.163|:80... connected.
HTTP request sent, awaiting response... 303 See Other
Location: https://academic.oup.com/whq/article-lookup/doi/10.1093/whq/whw195 [following]
--2017-02-03 22:14:39--  https://academic.oup.com/whq/article-lookup/doi/10.1093/whq/whw195
Connecting to academic.oup.com (academic.oup.com)|173.254.190.144|:443... connected.
HTTP request sent, awaiting response... 200 OK
Length: 69670 (68K) [text/html]
Saving to: ‘whw195’

     0K .......... .......... .......... .......... .......... 73%  209K 0s
    50K .......... ........                                   100% 17.8M=0.2s

2017-02-03 22:14:42 (283 KB/s) - ‘whw195’ saved [69670/69670]

--2017-02-03 22:14:43--  http://doi.org/10.1093/whq/whw197
Connecting to doi.org (doi.org)|38.100.138.163|:80... connected.
HTTP request sent, awaiting response... 303 See Other
Location: https://academic.oup.com/whq/article-lookup/doi/10.1093/whq/whw197 [following]
--2017-02-03 22:14:44--  https://academic.oup.com/whq/article-lookup/doi/10.1093/whq/whw197
Connecting to academic.oup.com (academic.oup.com)|173.254.190.144|:443... connected.
HTTP request sent, awaiting response... 200 OK
Length: 172375 (168K) [text/html]
Saving to: ‘whw197’

     0K .......... .......... .......... .......... .......... 29%  208K 1s
    50K .......... .......... .......... .......... .......... 59%  603K 0s
   100K .......... .......... .......... .......... .......... 89%  607K 0s
   150K .......... ........                                   100%  236K=0.5s

2017-02-03 22:14:51 (349 KB/s) - ‘whw197’ saved [172375/172375]

--2017-02-03 22:14:52--  http://doi.org/10.1093/whq/whw200
Connecting to doi.org (doi.org)|38.100.138.163|:80... connected.
HTTP request sent, awaiting response... 303 See Other
Location: https://academic.oup.com/whq/article-lookup/doi/10.1093/whq/whw200 [following]
--2017-02-03 22:14:53--  https://academic.oup.com/whq/article-lookup/doi/10.1093/whq/whw200
Connecting to academic.oup.com (academic.oup.com)|173.254.190.144|:443... connected.
HTTP request sent, awaiting response... 400 Bad Request
2017-02-03 22:14:55 ERROR 400: Bad Request.

--2017-02-03 22:14:56--  http://doi.org/10.1093/whq/whw159
Connecting to doi.org (doi.org)|38.100.138.163|:80... connected.
HTTP request sent, awaiting response... 303 See Other
Location: https://academic.oup.com/whq/article-lookup/doi/10.1093/whq/whw159 [following]
--2017-02-03 22:14:57--  https://academic.oup.com/whq/article-lookup/doi/10.1093/whq/whw159
Connecting to academic.oup.com (academic.oup.com)|173.254.190.144|:443... connected.
HTTP request sent, awaiting response... 200 OK
Length: 68781 (67K) [text/html]
Saving to: ‘whw159’

     0K .......... .......... .......... .......... .......... 74%  309K 0s
    50K .......... .......                                    100%  218K=0.2s

2017-02-03 22:15:00 (279 KB/s) - ‘whw159’ saved [68781/68781]

--2017-02-03 22:15:01--  http://doi.org/10.1093/whq/whw185
Connecting to doi.org (doi.org)|38.100.138.163|:80... connected.
HTTP request sent, awaiting response... 303 See Other
Location: https://academic.oup.com/whq/article-lookup/doi/10.1093/whq/whw185 [following]
--2017-02-03 22:15:02--  https://academic.oup.com/whq/article-lookup/doi/10.1093/whq/whw185
Connecting to academic.oup.com (academic.oup.com)|173.254.190.144|:443... connected.
HTTP request sent, awaiting response... 200 OK
Length: 68299 (67K) [text/html]
Saving to: ‘whw185’

     0K .......... .......... .......... .......... .......... 74%  209K 0s
    50K .......... ......                                     100% 13.5M=0.2s

2017-02-03 22:15:06 (277 KB/s) - ‘whw185’ saved [68299/68299]

--2017-02-03 22:15:07--  http://doi.org/10.1093/whq/whw202
Connecting to doi.org (doi.org)|38.100.138.163|:80... connected.
HTTP request sent, awaiting response... 303 See Other
Location: https://academic.oup.com/whq/article-lookup/doi/10.1093/whq/whw202 [following]
--2017-02-03 22:15:08--  https://academic.oup.com/whq/article-lookup/doi/10.1093/whq/whw202
Connecting to academic.oup.com (academic.oup.com)|173.254.190.144|:443... connected.
HTTP request sent, awaiting response... 200 OK
Length: 68146 (67K) [text/html]
Saving to: ‘whw202’

     0K .......... .......... .......... .......... .......... 75%  209K 0s
    50K .......... ......                                     100% 19.1M=0.2s

2017-02-03 22:15:12 (277 KB/s) - ‘whw202’ saved [68146/68146]

--2017-02-03 22:15:13--  http://doi.org/10.1093/whq/whw203
Connecting to doi.org (doi.org)|38.100.138.163|:80... connected.
HTTP request sent, awaiting response... 303 See Other
Location: https://academic.oup.com/whq/article-lookup/doi/10.1093/whq/whw203 [following]
--2017-02-03 22:15:14--  https://academic.oup.com/whq/article-lookup/doi/10.1093/whq/whw203
Connecting to academic.oup.com (academic.oup.com)|173.254.190.144|:443... connected.
HTTP request sent, awaiting response... 200 OK
Length: 68246 (67K) [text/html]
Saving to: ‘whw203’

     0K .......... .......... .......... .......... .......... 75%  209K 0s
    50K .......... ......                                     100% 18.8M=0.2s

2017-02-03 22:15:17 (278 KB/s) - ‘whw203’ saved [68246/68246]

--2017-02-03 22:15:18--  http://doi.org/10.1093/whq/whw199
Connecting to doi.org (doi.org)|38.100.138.163|:80... connected.
HTTP request sent, awaiting response... 303 See Other
Location: https://academic.oup.com/whq/article-lookup/doi/10.1093/whq/whw199 [following]
--2017-02-03 22:15:19--  https://academic.oup.com/whq/article-lookup/doi/10.1093/whq/whw199
Connecting to academic.oup.com (academic.oup.com)|173.254.190.144|:443... connected.
HTTP request sent, awaiting response... 200 OK
Length: 79597 (78K) [text/html]
Saving to: ‘whw199’

     0K .......... .......... .......... .......... .......... 64%  208K 0s
    50K .......... .......... .......                         100% 8.67M=0.2s

2017-02-03 22:15:22 (319 KB/s) - ‘whw199’ saved [79597/79597]

--2017-02-03 22:15:23--  http://doi.org/10.1093/whq/whw175
Connecting to doi.org (doi.org)|38.100.138.163|:80... connected.
HTTP request sent, awaiting response... 303 See Other
Location: https://academic.oup.com/whq/article-lookup/doi/10.1093/whq/whw175 [following]
--2017-02-03 22:15:24--  https://academic.oup.com/whq/article-lookup/doi/10.1093/whq/whw175
Connecting to academic.oup.com (academic.oup.com)|173.254.190.144|:443... connected.
HTTP request sent, awaiting response... 200 OK
Length: 94765 (93K) [text/html]
Saving to: ‘whw175’

     0K .......... .......... .......... .......... .......... 54%  209K 0s
    50K .......... .......... .......... .......... ..        100%  531K=0.3s

2017-02-03 22:15:31 (290 KB/s) - ‘whw175’ saved [94765/94765]

--2017-02-03 22:15:32--  http://doi.org/10.1093/whq/whw196
Connecting to doi.org (doi.org)|38.100.138.163|:80... connected.
HTTP request sent, awaiting response... 303 See Other
Location: https://academic.oup.com/whq/article-lookup/doi/10.1093/whq/whw196 [following]
--2017-02-03 22:15:33--  https://academic.oup.com/whq/article-lookup/doi/10.1093/whq/whw196
Connecting to academic.oup.com (academic.oup.com)|173.254.190.144|:443... connected.
HTTP request sent, awaiting response... 200 OK
Length: 148907 (145K) [text/html]
Saving to: ‘whw196’

     0K .......... .......... .......... .......... .......... 34%  208K 0s
    50K .......... .......... .......... .......... .......... 68%  606K 0s
   100K .......... .......... .......... .......... .....     100%  561K=0.4s

2017-02-03 22:15:36 (360 KB/s) - ‘whw196’ saved [148907/148907]

--2017-02-03 22:15:37--  http://doi.org/10.1093/whq/whw188
Connecting to doi.org (doi.org)|38.100.138.163|:80... connected.
HTTP request sent, awaiting response... 303 See Other
Location: https://academic.oup.com/whq/article-lookup/doi/10.1093/whq/whw188 [following]
--2017-02-03 22:15:38--  https://academic.oup.com/whq/article-lookup/doi/10.1093/whq/whw188
Connecting to academic.oup.com (academic.oup.com)|173.254.190.144|:443... connected.
HTTP request sent, awaiting response... 200 OK
Length: 71181 (70K) [text/html]
Saving to: ‘whw188’

     0K .......... .......... .......... .......... .......... 71%  209K 0s
    50K .......... .........                                  100% 13.7M=0.2s

2017-02-03 22:15:41 (289 KB/s) - ‘whw188’ saved [71181/71181]

--2017-02-03 22:15:42--  http://doi.org/10.1093/whq/whw178
Connecting to doi.org (doi.org)|38.100.138.163|:80... connected.
HTTP request sent, awaiting response... 303 See Other
Location: https://academic.oup.com/whq/article-lookup/doi/10.1093/whq/whw178 [following]
--2017-02-03 22:15:44--  https://academic.oup.com/whq/article-lookup/doi/10.1093/whq/whw178
Connecting to academic.oup.com (academic.oup.com)|173.254.190.144|:443... connected.
HTTP request sent, awaiting response... 200 OK
Length: 68835 (67K) [text/html]
Saving to: ‘whw178’

     0K .......... .......... .......... .......... .......... 74%  206K 0s
    50K .......... .......                                    100% 13.9M=0.2s

2017-02-03 22:15:47 (275 KB/s) - ‘whw178’ saved [68835/68835]

--2017-02-03 22:15:48--  http://doi.org/10.1093/whq/whw189
Connecting to doi.org (doi.org)|38.100.138.163|:80... connected.
HTTP request sent, awaiting response... 303 See Other
Location: https://academic.oup.com/whq/article-lookup/doi/10.1093/whq/whw189 [following]
--2017-02-03 22:15:49--  https://academic.oup.com/whq/article-lookup/doi/10.1093/whq/whw189
Connecting to academic.oup.com (academic.oup.com)|173.254.190.144|:443... connected.
HTTP request sent, awaiting response... 200 OK
Length: 71270 (70K) [text/html]
Saving to: ‘whw189’

     0K .......... .......... .......... .......... .......... 71%  207K 0s
    50K .......... .........                                  100% 19.2M=0.2s

2017-02-03 22:15:52 (288 KB/s) - ‘whw189’ saved [71270/71270]

--2017-02-03 22:15:53--  http://doi.org/10.1093/whq/whw181
Connecting to doi.org (doi.org)|38.100.138.163|:80... connected.
HTTP request sent, awaiting response... 303 See Other
Location: https://academic.oup.com/whq/article-lookup/doi/10.1093/whq/whw181 [following]
--2017-02-03 22:15:54--  https://academic.oup.com/whq/article-lookup/doi/10.1093/whq/whw181
Connecting to academic.oup.com (academic.oup.com)|173.254.190.144|:443... connected.
HTTP request sent, awaiting response... 200 OK
Length: 69189 (68K) [text/html]
Saving to: ‘whw181’

     0K .......... .......... .......... .......... .......... 74%  209K 0s
    50K .......... .......                                    100% 15.9M=0.2s

2017-02-03 22:15:58 (281 KB/s) - ‘whw181’ saved [69189/69189]

--2017-02-03 22:15:59--  http://doi.org/10.1093/whq/whw194
Connecting to doi.org (doi.org)|38.100.138.163|:80... connected.
HTTP request sent, awaiting response... 303 See Other
Location: https://academic.oup.com/whq/article-lookup/doi/10.1093/whq/whw194 [following]
--2017-02-03 22:16:00--  https://academic.oup.com/whq/article-lookup/doi/10.1093/whq/whw194
Connecting to academic.oup.com (academic.oup.com)|173.254.190.144|:443... connected.
HTTP request sent, awaiting response... 200 OK
Length: 147488 (144K) [text/html]
Saving to: ‘whw194’

     0K .......... .......... .......... .......... .......... 34%  209K 0s
    50K .......... .......... .......... .......... .......... 69%  611K 0s
   100K .......... .......... .......... .......... ....      100%  544K=0.4s

2017-02-03 22:16:05 (358 KB/s) - ‘whw194’ saved [147488/147488]

--2017-02-03 22:16:06--  http://doi.org/10.1093/whq/whw160
Connecting to doi.org (doi.org)|38.100.138.163|:80... connected.
HTTP request sent, awaiting response... 303 See Other
Location: https://academic.oup.com/whq/article-lookup/doi/10.1093/whq/whw160 [following]
--2017-02-03 22:16:07--  https://academic.oup.com/whq/article-lookup/doi/10.1093/whq/whw160
Connecting to academic.oup.com (academic.oup.com)|173.254.190.144|:443... connected.
HTTP request sent, awaiting response... 200 OK
Length: 190813 (186K) [text/html]
Saving to: ‘whw160’

     0K .......... .......... .......... .......... .......... 26%  209K 1s
    50K .......... .......... .......... .......... .......... 53%  606K 0s
   100K .......... .......... .......... .......... .......... 80%  613K 0s
   150K .......... .......... .......... ......               100%  450K=0.5s

2017-02-03 22:16:11 (385 KB/s) - ‘whw160’ saved [190813/190813]

--2017-02-03 22:16:12--  http://doi.org/10.1093/whq/whw190
Connecting to doi.org (doi.org)|38.100.138.163|:80... connected.
HTTP request sent, awaiting response... 303 See Other
Location: https://academic.oup.com/whq/article-lookup/doi/10.1093/whq/whw190 [following]
--2017-02-03 22:16:13--  https://academic.oup.com/whq/article-lookup/doi/10.1093/whq/whw190
Connecting to academic.oup.com (academic.oup.com)|173.254.190.144|:443... connected.
HTTP request sent, awaiting response... 200 OK
Length: 71881 (70K) [text/html]
Saving to: ‘whw190’

     0K .......... .......... .......... .......... .......... 71%  308K 0s
    50K .......... ..........                                 100%  254K=0.2s

2017-02-03 22:16:18 (290 KB/s) - ‘whw190’ saved [71881/71881]

--2017-02-03 22:16:19--  http://doi.org/10.1093/whq/whw192
Connecting to doi.org (doi.org)|38.100.138.163|:80... connected.
HTTP request sent, awaiting response... 303 See Other
Location: https://academic.oup.com/whq/article-lookup/doi/10.1093/whq/whw192 [following]
--2017-02-03 22:16:20--  https://academic.oup.com/whq/article-lookup/doi/10.1093/whq/whw192
Connecting to academic.oup.com (academic.oup.com)|173.254.190.144|:443... connected.
HTTP request sent, awaiting response... 200 OK
Length: 70829 (69K) [text/html]
Saving to: ‘whw192’

     0K .......... .......... .......... .......... .......... 72%  209K 0s
    50K .......... .........                                  100% 16.6M=0.2s

2017-02-03 22:16:23 (288 KB/s) - ‘whw192’ saved [70829/70829]

--2017-02-03 22:16:24--  http://doi.org/10.1093/whq/whw191
Connecting to doi.org (doi.org)|38.100.138.163|:80... connected.
HTTP request sent, awaiting response... 303 See Other
Location: https://academic.oup.com/whq/article-lookup/doi/10.1093/whq/whw191 [following]
--2017-02-03 22:16:26--  https://academic.oup.com/whq/article-lookup/doi/10.1093/whq/whw191
Connecting to academic.oup.com (academic.oup.com)|173.254.190.144|:443... connected.
HTTP request sent, awaiting response... 200 OK
Length: 71734 (70K) [text/html]
Saving to: ‘whw191’

     0K .......... .......... .......... .......... .......... 71%  209K 0s
    50K .......... ..........                                 100% 4.26M=0.2s

2017-02-03 22:16:29 (287 KB/s) - ‘whw191’ saved [71734/71734]

--2017-02-03 22:16:30--  http://doi.org/10.1093/whq/whw187
Connecting to doi.org (doi.org)|38.100.138.163|:80... connected.
HTTP request sent, awaiting response... 303 See Other
Location: https://academic.oup.com/whq/article-lookup/doi/10.1093/whq/whw187 [following]
--2017-02-03 22:16:31--  https://academic.oup.com/whq/article-lookup/doi/10.1093/whq/whw187
Connecting to academic.oup.com (academic.oup.com)|173.254.190.144|:443... connected.
HTTP request sent, awaiting response... 200 OK
Length: 70874 (69K) [text/html]
Saving to: ‘whw187’

     0K .......... .......... .......... .......... .......... 72%  209K 0s
    50K .......... .........                                  100% 15.1M=0.2s

2017-02-03 22:16:35 (288 KB/s) - ‘whw187’ saved [70874/70874]

--2017-02-03 22:16:36--  http://doi.org/10.1093/whq/whw193
Connecting to doi.org (doi.org)|38.100.138.163|:80... connected.
HTTP request sent, awaiting response... 303 See Other
Location: https://academic.oup.com/whq/article-lookup/doi/10.1093/whq/whw193 [following]
--2017-02-03 22:16:37--  https://academic.oup.com/whq/article-lookup/doi/10.1093/whq/whw193
Connecting to academic.oup.com (academic.oup.com)|173.254.190.144|:443... connected.
HTTP request sent, awaiting response... 200 OK
Length: 71077 (69K) [text/html]
Saving to: ‘whw193’

     0K .......... .......... .......... .......... .......... 72%  209K 0s
    50K .......... .........                                  100% 5.32M=0.2s

2017-02-03 22:16:40 (286 KB/s) - ‘whw193’ saved [71077/71077]

--2017-02-03 22:16:41--  http://doi.org/10.1093/whq/whw179
Connecting to doi.org (doi.org)|38.100.138.163|:80... connected.
HTTP request sent, awaiting response... 303 See Other
Location: https://academic.oup.com/whq/article-lookup/doi/10.1093/whq/whw179 [following]
--2017-02-03 22:16:42--  https://academic.oup.com/whq/article-lookup/doi/10.1093/whq/whw179
Connecting to academic.oup.com (academic.oup.com)|173.254.190.144|:443... connected.
HTTP request sent, awaiting response... 400 Bad Request
2017-02-03 22:16:43 ERROR 400: Bad Request.

--2017-02-03 22:16:44--  http://doi.org/10.1093/whq/whw186
Connecting to doi.org (doi.org)|38.100.138.163|:80... connected.
HTTP request sent, awaiting response... 303 See Other
Location: https://academic.oup.com/whq/article-lookup/doi/10.1093/whq/whw186 [following]
--2017-02-03 22:16:45--  https://academic.oup.com/whq/article-lookup/doi/10.1093/whq/whw186
Connecting to academic.oup.com (academic.oup.com)|173.254.190.144|:443... connected.
HTTP request sent, awaiting response... 400 Bad Request
2017-02-03 22:16:45 ERROR 400: Bad Request.

--2017-02-03 22:16:46--  http://doi.org/10.1093/whq/whw183
Connecting to doi.org (doi.org)|38.100.138.163|:80... connected.
HTTP request sent, awaiting response... 303 See Other
Location: https://academic.oup.com/whq/article-lookup/doi/10.1093/whq/whw183 [following]
--2017-02-03 22:16:47--  https://academic.oup.com/whq/article-lookup/doi/10.1093/whq/whw183
Connecting to academic.oup.com (academic.oup.com)|173.254.190.144|:443... connected.
HTTP request sent, awaiting response... 200 OK
Length: 69324 (68K) [text/html]
Saving to: ‘whw183’

     0K .......... .......... .......... .......... .......... 73%  209K 0s
    50K .......... .......                                    100% 14.4M=0.2s

2017-02-03 22:16:51 (282 KB/s) - ‘whw183’ saved [69324/69324]

--2017-02-03 22:16:52--  http://doi.org/10.1093/whq/whw184
Connecting to doi.org (doi.org)|38.100.138.163|:80... connected.
HTTP request sent, awaiting response... 303 See Other
Location: https://academic.oup.com/whq/article-lookup/doi/10.1093/whq/whw184 [following]
--2017-02-03 22:16:53--  https://academic.oup.com/whq/article-lookup/doi/10.1093/whq/whw184
Connecting to academic.oup.com (academic.oup.com)|173.254.190.144|:443... connected.
HTTP request sent, awaiting response... 200 OK
Length: 69568 (68K) [text/html]
Saving to: ‘whw184’

     0K .......... .......... .......... .......... .......... 73%  205K 0s
    50K .......... .......                                    100% 21.4M=0.2s

2017-02-03 22:16:56 (278 KB/s) - ‘whw184’ saved [69568/69568]

--2017-02-03 22:16:57--  http://doi.org/10.1093/whq/whw182
Connecting to doi.org (doi.org)|38.100.138.163|:80... connected.
HTTP request sent, awaiting response... 303 See Other
Location: https://academic.oup.com/whq/article-lookup/doi/10.1093/whq/whw182 [following]
--2017-02-03 22:16:58--  https://academic.oup.com/whq/article-lookup/doi/10.1093/whq/whw182
Connecting to academic.oup.com (academic.oup.com)|173.254.190.144|:443... connected.
HTTP request sent, awaiting response... 200 OK
Length: 71590 (70K) [text/html]
Saving to: ‘whw182’

     0K .......... .......... .......... .......... .......... 71%  209K 0s
    50K .......... .........                                  100% 11.0M=0.2s

2017-02-03 22:17:03 (290 KB/s) - ‘whw182’ saved [71590/71590]

--2017-02-03 22:17:04--  http://doi.org/10.1093/whq/whw180
Connecting to doi.org (doi.org)|38.100.138.163|:80... connected.
HTTP request sent, awaiting response... 303 See Other
Location: https://academic.oup.com/whq/article-lookup/doi/10.1093/whq/whw180 [following]
--2017-02-03 22:17:05--  https://academic.oup.com/whq/article-lookup/doi/10.1093/whq/whw180
Connecting to academic.oup.com (academic.oup.com)|173.254.190.144|:443... connected.
HTTP request sent, awaiting response... 200 OK
Length: 69332 (68K) [text/html]
Saving to: ‘whw180’

     0K .......... .......... .......... .......... .......... 73%  209K 0s
    50K .......... .......                                    100% 14.2M=0.2s

2017-02-03 22:17:09 (281 KB/s) - ‘whw180’ saved [69332/69332]

--2017-02-03 22:17:10--  http://doi.org/10.1093/whq/whw177
Connecting to doi.org (doi.org)|38.100.138.163|:80... connected.
HTTP request sent, awaiting response... 303 See Other
Location: https://academic.oup.com/whq/article-lookup/doi/10.1093/whq/whw177 [following]
--2017-02-03 22:17:11--  https://academic.oup.com/whq/article-lookup/doi/10.1093/whq/whw177
Connecting to academic.oup.com (academic.oup.com)|173.254.190.144|:443... connected.
HTTP request sent, awaiting response... 200 OK
Length: 69215 (68K) [text/html]
Saving to: ‘whw177’

     0K .......... .......... .......... .......... .......... 73%  209K 0s
    50K .......... .......                                    100% 13.7M=0.2s

2017-02-03 22:17:15 (281 KB/s) - ‘whw177’ saved [69215/69215]

--2017-02-03 22:17:16--  http://doi.org/10.1093/whq/whw167
Connecting to doi.org (doi.org)|38.100.138.163|:80... connected.
HTTP request sent, awaiting response... 303 See Other
Location: https://academic.oup.com/whq/article-lookup/doi/10.1093/whq/whw167 [following]
--2017-02-03 22:17:17--  https://academic.oup.com/whq/article-lookup/doi/10.1093/whq/whw167
Connecting to academic.oup.com (academic.oup.com)|173.254.190.144|:443... connected.
HTTP request sent, awaiting response... 200 OK
Length: 70567 (69K) [text/html]
Saving to: ‘whw167’

     0K .......... .......... .......... .......... .......... 72%  209K 0s
    50K .......... ........                                   100% 4.98M=0.2s

2017-02-03 22:17:21 (283 KB/s) - ‘whw167’ saved [70567/70567]

--2017-02-03 22:17:22--  http://doi.org/10.1093/whq/whw158
Connecting to doi.org (doi.org)|38.100.138.163|:80... connected.
HTTP request sent, awaiting response... 303 See Other
Location: https://academic.oup.com/whq/article-lookup/doi/10.1093/whq/whw158 [following]
--2017-02-03 22:17:23--  https://academic.oup.com/whq/article-lookup/doi/10.1093/whq/whw158
Connecting to academic.oup.com (academic.oup.com)|173.254.190.144|:443... connected.
HTTP request sent, awaiting response... 200 OK
Length: 71688 (70K) [text/html]
Saving to: ‘whw158’

     0K .......... .......... .......... .......... .......... 71%  208K 0s
    50K .......... ..........                                 100% 11.0M=0.2s

2017-02-03 22:17:26 (289 KB/s) - ‘whw158’ saved [71688/71688]

--2017-02-03 22:17:27--  http://doi.org/10.1093/whq/whw162
Connecting to doi.org (doi.org)|38.100.138.163|:80... connected.
HTTP request sent, awaiting response... 303 See Other
Location: https://academic.oup.com/whq/article-lookup/doi/10.1093/whq/whw162 [following]
--2017-02-03 22:17:28--  https://academic.oup.com/whq/article-lookup/doi/10.1093/whq/whw162
Connecting to academic.oup.com (academic.oup.com)|173.254.190.144|:443... connected.
HTTP request sent, awaiting response... 200 OK
Length: 86467 (84K) [text/html]
Saving to: ‘whw162’

     0K .......... .......... .......... .......... .......... 59%  209K 0s
    50K .......... .......... .......... ....                 100% 13.0M=0.2s

2017-02-03 22:17:32 (349 KB/s) - ‘whw162’ saved [86467/86467]

--2017-02-03 22:17:33--  http://doi.org/10.1093/whq/whw176
Connecting to doi.org (doi.org)|38.100.138.163|:80... connected.
HTTP request sent, awaiting response... 303 See Other
Location: https://academic.oup.com/whq/article-lookup/doi/10.1093/whq/whw176 [following]
--2017-02-03 22:17:34--  https://academic.oup.com/whq/article-lookup/doi/10.1093/whq/whw176
Connecting to academic.oup.com (academic.oup.com)|173.254.190.144|:443... connected.
HTTP request sent, awaiting response... 200 OK
Length: 122543 (120K) [text/html]
Saving to: ‘whw176’

     0K .......... .......... .......... .......... .......... 41%  209K 0s
    50K .......... .......... .......... .......... .......... 83%  585K 0s
   100K .......... .........                                  100% 26.3M=0.3s

2017-02-03 22:17:38 (367 KB/s) - ‘whw176’ saved [122543/122543]

--2017-02-03 22:17:39--  http://doi.org/10.1093/whq/whw150
Connecting to doi.org (doi.org)|38.100.138.163|:80... connected.
HTTP request sent, awaiting response... 303 See Other
Location: https://academic.oup.com/whq/article-lookup/doi/10.1093/whq/whw150 [following]
--2017-02-03 22:17:40--  https://academic.oup.com/whq/article-lookup/doi/10.1093/whq/whw150
Connecting to academic.oup.com (academic.oup.com)|173.254.190.144|:443... connected.
HTTP request sent, awaiting response... 400 Bad Request
2017-02-03 22:17:41 ERROR 400: Bad Request.

--2017-02-03 22:17:42--  http://doi.org/10.1093/whq/whw089
Connecting to doi.org (doi.org)|38.100.138.163|:80... connected.
HTTP request sent, awaiting response... 303 See Other
Location: https://academic.oup.com/whq/article-lookup/doi/10.1093/whq/whw089 [following]
--2017-02-03 22:17:43--  https://academic.oup.com/whq/article-lookup/doi/10.1093/whq/whw089
Connecting to academic.oup.com (academic.oup.com)|173.254.190.144|:443... connected.
HTTP request sent, awaiting response... 200 OK
Length: 83090 (81K) [text/html]
Saving to: ‘whw089’

     0K .......... .......... .......... .......... .......... 61%  206K 0s
    50K .......... .......... .......... .                    100% 11.1M=0.2s

2017-02-03 22:17:46 (331 KB/s) - ‘whw089’ saved [83090/83090]

--2017-02-03 22:17:47--  http://doi.org/10.1093/whq/whw126
Connecting to doi.org (doi.org)|38.100.138.163|:80... connected.
HTTP request sent, awaiting response... 303 See Other
Location: https://academic.oup.com/whq/article-lookup/doi/10.1093/whq/whw126 [following]
--2017-02-03 22:17:48--  https://academic.oup.com/whq/article-lookup/doi/10.1093/whq/whw126
Connecting to academic.oup.com (academic.oup.com)|173.254.190.144|:443... connected.
HTTP request sent, awaiting response... 200 OK
Length: 173394 (169K) [text/html]
Saving to: ‘whw126’

     0K .......... .......... .......... .......... .......... 29%  209K 1s
    50K .......... .......... .......... .......... .......... 59%  614K 0s
   100K .......... .......... .......... .......... .......... 88%  595K 0s
   150K .......... .........                                  100%  253K=0.5s

2017-02-03 22:17:52 (352 KB/s) - ‘whw126’ saved [173394/173394]

--2017-02-03 22:17:53--  http://doi.org/10.1093/whq/whw171
Connecting to doi.org (doi.org)|38.100.138.163|:80... connected.
HTTP request sent, awaiting response... 303 See Other
Location: https://academic.oup.com/whq/article-lookup/doi/10.1093/whq/whw171 [following]
--2017-02-03 22:17:54--  https://academic.oup.com/whq/article-lookup/doi/10.1093/whq/whw171
Connecting to academic.oup.com (academic.oup.com)|173.254.190.144|:443... connected.
HTTP request sent, awaiting response... 200 OK
Length: 85999 (84K) [text/html]
Saving to: ‘whw171’

     0K .......... .......... .......... .......... .......... 59%  209K 0s
    50K .......... .......... .......... ...                  100% 11.4M=0.2s

2017-02-03 22:17:57 (346 KB/s) - ‘whw171’ saved [85999/85999]

--2017-02-03 22:17:58--  http://doi.org/10.1093/whq/whw144
Connecting to doi.org (doi.org)|38.100.138.163|:80... connected.
HTTP request sent, awaiting response... 303 See Other
Location: https://academic.oup.com/whq/article-lookup/doi/10.1093/whq/whw144 [following]
--2017-02-03 22:17:59--  https://academic.oup.com/whq/article-lookup/doi/10.1093/whq/whw144
Connecting to academic.oup.com (academic.oup.com)|173.254.190.144|:443... connected.
HTTP request sent, awaiting response... 200 OK
Length: 86421 (84K) [text/html]
Saving to: ‘whw144’

     0K .......... .......... .......... .......... .......... 59%  312K 0s
    50K .......... .......... .......... ....                 100%  435K=0.2s

2017-02-03 22:18:03 (353 KB/s) - ‘whw144’ saved [86421/86421]

--2017-02-03 22:18:04--  http://doi.org/10.1093/whq/whw173
Connecting to doi.org (doi.org)|38.100.138.163|:80... connected.
HTTP request sent, awaiting response... 303 See Other
Location: https://academic.oup.com/whq/article-lookup/doi/10.1093/whq/whw173 [following]
--2017-02-03 22:18:05--  https://academic.oup.com/whq/article-lookup/doi/10.1093/whq/whw173
Connecting to academic.oup.com (academic.oup.com)|173.254.190.144|:443... connected.
HTTP request sent, awaiting response... 200 OK
Length: 72905 (71K) [text/html]
Saving to: ‘whw173’

     0K .......... .......... .......... .......... .......... 70% 89.4K 0s
    50K .......... .......... .                               100%  132K=0.7s

2017-02-03 22:18:10 (98.8 KB/s) - ‘whw173’ saved [72905/72905]

--2017-02-03 22:18:11--  http://doi.org/10.1093/whq/whw153
Connecting to doi.org (doi.org)|38.100.138.163|:80... connected.
HTTP request sent, awaiting response... 303 See Other
Location: https://academic.oup.com/whq/article-lookup/doi/10.1093/whq/whw153 [following]
--2017-02-03 22:18:12--  https://academic.oup.com/whq/article-lookup/doi/10.1093/whq/whw153
Connecting to academic.oup.com (academic.oup.com)|173.254.190.144|:443... connected.
HTTP request sent, awaiting response... 200 OK
Length: 72842 (71K) [text/html]
Saving to: ‘whw153’

     0K .......... .......... .......... .......... .......... 70%  209K 0s
    50K .......... .......... .                               100% 11.1M=0.2s

2017-02-03 22:18:17 (295 KB/s) - ‘whw153’ saved [72842/72842]

--2017-02-03 22:18:18--  http://doi.org/10.1093/whq/whw157
Connecting to doi.org (doi.org)|38.100.138.163|:80... connected.
HTTP request sent, awaiting response... 303 See Other
Location: https://academic.oup.com/whq/article-lookup/doi/10.1093/whq/whw157 [following]
--2017-02-03 22:18:19--  https://academic.oup.com/whq/article-lookup/doi/10.1093/whq/whw157
Connecting to academic.oup.com (academic.oup.com)|173.254.190.144|:443... connected.
HTTP request sent, awaiting response... 200 OK
Length: 71594 (70K) [text/html]
Saving to: ‘whw157’

     0K .......... .......... .......... .......... .......... 71%  209K 0s
    50K .......... .........                                  100% 15.4M=0.2s

2017-02-03 22:18:24 (291 KB/s) - ‘whw157’ saved [71594/71594]

--2017-02-03 22:18:25--  http://doi.org/10.1093/whq/whw161
Connecting to doi.org (doi.org)|38.100.138.163|:80... connected.
HTTP request sent, awaiting response... 303 See Other
Location: https://academic.oup.com/whq/article-lookup/doi/10.1093/whq/whw161 [following]
--2017-02-03 22:18:26--  https://academic.oup.com/whq/article-lookup/doi/10.1093/whq/whw161
Connecting to academic.oup.com (academic.oup.com)|173.254.190.144|:443... connected.
HTTP request sent, awaiting response... 200 OK
Length: 72365 (71K) [text/html]
Saving to: ‘whw161’

     0K .......... .......... .......... .......... .......... 70%  209K 0s
    50K .......... ..........                                 100% 11.2M=0.2s

2017-02-03 22:18:29 (293 KB/s) - ‘whw161’ saved [72365/72365]

--2017-02-03 22:18:30--  http://doi.org/10.1093/whq/whw154
Connecting to doi.org (doi.org)|38.100.138.163|:80... connected.
HTTP request sent, awaiting response... 303 See Other
Location: https://academic.oup.com/whq/article-lookup/doi/10.1093/whq/whw154 [following]
--2017-02-03 22:18:31--  https://academic.oup.com/whq/article-lookup/doi/10.1093/whq/whw154
Connecting to academic.oup.com (academic.oup.com)|173.254.190.144|:443... connected.
HTTP request sent, awaiting response... 200 OK
Length: 71019 (69K) [text/html]
Saving to: ‘whw154’

     0K .......... .......... .......... .......... .......... 72%  209K 0s
    50K .......... .........                                  100% 16.1M=0.2s

2017-02-03 22:18:35 (289 KB/s) - ‘whw154’ saved [71019/71019]

--2017-02-03 22:18:36--  http://doi.org/10.1093/whq/whw146
Connecting to doi.org (doi.org)|38.100.138.163|:80... connected.
HTTP request sent, awaiting response... 303 See Other
Location: https://academic.oup.com/whq/article-lookup/doi/10.1093/whq/whw146 [following]
--2017-02-03 22:18:37--  https://academic.oup.com/whq/article-lookup/doi/10.1093/whq/whw146
Connecting to academic.oup.com (academic.oup.com)|173.254.190.144|:443... connected.
HTTP request sent, awaiting response... 200 OK
Length: 71214 (70K) [text/html]
Saving to: ‘whw146’

     0K .......... .......... .......... .......... .......... 71%  209K 0s
    50K .......... .........                                  100% 11.2M=0.2s

2017-02-03 22:18:41 (289 KB/s) - ‘whw146’ saved [71214/71214]

--2017-02-03 22:18:42--  http://doi.org/10.1093/whq/whw151
Connecting to doi.org (doi.org)|38.100.138.163|:80... connected.
HTTP request sent, awaiting response... 303 See Other
Location: https://academic.oup.com/whq/article-lookup/doi/10.1093/whq/whw151 [following]
--2017-02-03 22:18:43--  https://academic.oup.com/whq/article-lookup/doi/10.1093/whq/whw151
Connecting to academic.oup.com (academic.oup.com)|173.254.190.144|:443... connected.
HTTP request sent, awaiting response... 400 Bad Request
2017-02-03 22:18:45 ERROR 400: Bad Request.

--2017-02-03 22:18:46--  http://doi.org/10.1093/whq/whw170
Connecting to doi.org (doi.org)|38.100.138.163|:80... connected.
HTTP request sent, awaiting response... 303 See Other
Location: https://academic.oup.com/whq/article-lookup/doi/10.1093/whq/whw170 [following]
--2017-02-03 22:18:47--  https://academic.oup.com/whq/article-lookup/doi/10.1093/whq/whw170
Connecting to academic.oup.com (academic.oup.com)|173.254.190.144|:443... connected.
HTTP request sent, awaiting response... 200 OK
Length: 83626 (82K) [text/html]
Saving to: ‘whw170’

     0K .......... .......... .......... .......... .......... 61%  209K 0s
    50K .......... .......... .......... .                    100% 14.4M=0.2s

2017-02-03 22:18:51 (338 KB/s) - ‘whw170’ saved [83626/83626]

--2017-02-03 22:18:52--  http://doi.org/10.1093/whq/whw163
Connecting to doi.org (doi.org)|38.100.138.163|:80... connected.
HTTP request sent, awaiting response... 303 See Other
Location: https://academic.oup.com/whq/article-lookup/doi/10.1093/whq/whw163 [following]
--2017-02-03 22:18:53--  https://academic.oup.com/whq/article-lookup/doi/10.1093/whq/whw163
Connecting to academic.oup.com (academic.oup.com)|173.254.190.144|:443... connected.
HTTP request sent, awaiting response... 200 OK
Length: 71275 (70K) [text/html]
Saving to: ‘whw163’

     0K .......... .......... .......... .......... .......... 71%  209K 0s
    50K .......... .........                                  100% 18.1M=0.2s

2017-02-03 22:18:57 (290 KB/s) - ‘whw163’ saved [71275/71275]

--2017-02-03 22:18:58--  http://doi.org/10.1093/whq/whw152
Connecting to doi.org (doi.org)|38.100.138.163|:80... connected.
HTTP request sent, awaiting response... 303 See Other
Location: https://academic.oup.com/whq/article-lookup/doi/10.1093/whq/whw152 [following]
--2017-02-03 22:18:59--  https://academic.oup.com/whq/article-lookup/doi/10.1093/whq/whw152
Connecting to academic.oup.com (academic.oup.com)|173.254.190.144|:443... connected.
HTTP request sent, awaiting response... 200 OK
Length: 70676 (69K) [text/html]
Saving to: ‘whw152’

     0K .......... .......... .......... .......... .......... 72%  209K 0s
    50K .......... .........                                  100% 17.9M=0.2s

2017-02-03 22:19:02 (287 KB/s) - ‘whw152’ saved [70676/70676]

--2017-02-03 22:19:03--  http://doi.org/10.1093/whq/whw164
Connecting to doi.org (doi.org)|38.100.138.163|:80... connected.
HTTP request sent, awaiting response... 303 See Other
Location: https://academic.oup.com/whq/article-lookup/doi/10.1093/whq/whw164 [following]
--2017-02-03 22:19:04--  https://academic.oup.com/whq/article-lookup/doi/10.1093/whq/whw164
Connecting to academic.oup.com (academic.oup.com)|173.254.190.144|:443... connected.
HTTP request sent, awaiting response... 400 Bad Request
2017-02-03 22:19:05 ERROR 400: Bad Request.

--2017-02-03 22:19:06--  http://doi.org/10.1093/whq/whw174
Connecting to doi.org (doi.org)|38.100.138.163|:80... connected.
HTTP request sent, awaiting response... 303 See Other
Location: https://academic.oup.com/whq/article-lookup/doi/10.1093/whq/whw174 [following]
--2017-02-03 22:19:07--  https://academic.oup.com/whq/article-lookup/doi/10.1093/whq/whw174
Connecting to academic.oup.com (academic.oup.com)|173.254.190.144|:443... connected.
HTTP request sent, awaiting response... 200 OK
Length: 70848 (69K) [text/html]
Saving to: ‘whw174’

     0K .......... .......... .......... .......... .......... 72%  209K 0s
    50K .......... .........                                  100% 15.9M=0.2s

2017-02-03 22:19:10 (287 KB/s) - ‘whw174’ saved [70848/70848]

--2017-02-03 22:19:11--  http://doi.org/10.1093/whq/whw169
Connecting to doi.org (doi.org)|38.100.138.163|:80... connected.
HTTP request sent, awaiting response... 303 See Other
Location: https://academic.oup.com/whq/article-lookup/doi/10.1093/whq/whw169 [following]
--2017-02-03 22:19:12--  https://academic.oup.com/whq/article-lookup/doi/10.1093/whq/whw169
Connecting to academic.oup.com (academic.oup.com)|173.254.190.144|:443... connected.
HTTP request sent, awaiting response... 200 OK
Length: 72288 (71K) [text/html]
Saving to: ‘whw169’

     0K .......... .......... .......... .......... .......... 70%  208K 0s
    50K .......... ..........                                 100% 3.40M=0.2s

2017-02-03 22:19:16 (287 KB/s) - ‘whw169’ saved [72288/72288]

--2017-02-03 22:19:17--  http://doi.org/10.1093/whq/whw168
Connecting to doi.org (doi.org)|38.100.138.163|:80... connected.
HTTP request sent, awaiting response... 303 See Other
Location: https://academic.oup.com/whq/article-lookup/doi/10.1093/whq/whw168 [following]
--2017-02-03 22:19:18--  https://academic.oup.com/whq/article-lookup/doi/10.1093/whq/whw168
Connecting to academic.oup.com (academic.oup.com)|173.254.190.144|:443... connected.
HTTP request sent, awaiting response... 200 OK
Length: 71676 (70K) [text/html]
Saving to: ‘whw168’

     0K .......... .......... .......... .......... .......... 71%  209K 0s
    50K .......... .........                                  100% 10.7M=0.2s

2017-02-03 22:19:22 (291 KB/s) - ‘whw168’ saved [71676/71676]

--2017-02-03 22:19:23--  http://doi.org/10.1093/whq/whw172
Connecting to doi.org (doi.org)|38.100.138.163|:80... connected.
HTTP request sent, awaiting response... 303 See Other
Location: https://academic.oup.com/whq/article-lookup/doi/10.1093/whq/whw172 [following]
--2017-02-03 22:19:24--  https://academic.oup.com/whq/article-lookup/doi/10.1093/whq/whw172
Connecting to academic.oup.com (academic.oup.com)|173.254.190.144|:443... connected.
HTTP request sent, awaiting response... 200 OK
Length: 71402 (70K) [text/html]
Saving to: ‘whw172’

     0K .......... .......... .......... .......... .......... 71%  208K 0s
    50K .......... .........                                  100% 16.2M=0.2s

2017-02-03 22:19:27 (289 KB/s) - ‘whw172’ saved [71402/71402]

--2017-02-03 22:19:28--  http://doi.org/10.1093/whq/whw166
Connecting to doi.org (doi.org)|38.100.138.163|:80... connected.
HTTP request sent, awaiting response... 303 See Other
Location: https://academic.oup.com/whq/article-lookup/doi/10.1093/whq/whw166 [following]
--2017-02-03 22:19:29--  https://academic.oup.com/whq/article-lookup/doi/10.1093/whq/whw166
Connecting to academic.oup.com (academic.oup.com)|173.254.190.144|:443... connected.
HTTP request sent, awaiting response... 200 OK
Length: 86146 (84K) [text/html]
Saving to: ‘whw166’

     0K .......... .......... .......... .......... .......... 59%  209K 0s
    50K .......... .......... .......... ....                 100% 10.1M=0.2s

2017-02-03 22:19:33 (346 KB/s) - ‘whw166’ saved [86146/86146]

--2017-02-03 22:19:34--  http://doi.org/10.1093/whq/whw165
Connecting to doi.org (doi.org)|38.100.138.163|:80... connected.
HTTP request sent, awaiting response... 303 See Other
Location: https://academic.oup.com/whq/article-lookup/doi/10.1093/whq/whw165 [following]
--2017-02-03 22:19:35--  https://academic.oup.com/whq/article-lookup/doi/10.1093/whq/whw165
Connecting to academic.oup.com (academic.oup.com)|173.254.190.144|:443... connected.
HTTP request sent, awaiting response... 200 OK
Length: 71042 (69K) [text/html]
Saving to: ‘whw165’

     0K .......... .......... .......... .......... .......... 72%  208K 0s
    50K .......... .........                                  100%  236K=0.3s

2017-02-03 22:19:38 (215 KB/s) - ‘whw165’ saved [71042/71042]

--2017-02-03 22:19:39--  http://doi.org/10.1093/whq/whw086
Connecting to doi.org (doi.org)|38.100.138.163|:80... connected.
HTTP request sent, awaiting response... 303 See Other
Location: https://academic.oup.com/whq/article-lookup/doi/10.1093/whq/whw086 [following]
--2017-02-03 22:19:40--  https://academic.oup.com/whq/article-lookup/doi/10.1093/whq/whw086
Connecting to academic.oup.com (academic.oup.com)|173.254.190.144|:443... connected.
HTTP request sent, awaiting response... 400 Bad Request
2017-02-03 22:19:41 ERROR 400: Bad Request.

--2017-02-03 22:19:42--  http://doi.org/10.1093/whq/whw121
Connecting to doi.org (doi.org)|38.100.138.163|:80... connected.
HTTP request sent, awaiting response... 303 See Other
Location: https://academic.oup.com/whq/article-lookup/doi/10.1093/whq/whw121 [following]
--2017-02-03 22:19:43--  https://academic.oup.com/whq/article-lookup/doi/10.1093/whq/whw121
Connecting to academic.oup.com (academic.oup.com)|173.254.190.144|:443... connected.
HTTP request sent, awaiting response... 200 OK
Length: 71918 (70K) [text/html]
Saving to: ‘whw121’

     0K .......... .......... .......... .......... .......... 71%  209K 0s
    50K .......... ..........                                 100% 15.5M=0.2s

2017-02-03 22:19:47 (292 KB/s) - ‘whw121’ saved [71918/71918]

--2017-02-03 22:19:48--  http://doi.org/10.1093/whq/whw135
Connecting to doi.org (doi.org)|38.100.138.163|:80... connected.
HTTP request sent, awaiting response... 303 See Other
Location: https://academic.oup.com/whq/article-lookup/doi/10.1093/whq/whw135 [following]
--2017-02-03 22:19:50--  https://academic.oup.com/whq/article-lookup/doi/10.1093/whq/whw135
Connecting to academic.oup.com (academic.oup.com)|173.254.190.144|:443... connected.
HTTP request sent, awaiting response... 200 OK
Length: 71210 (70K) [text/html]
Saving to: ‘whw135’

     0K .......... .......... .......... .......... .......... 71%  285K 0s
    50K .......... .........                                  100%  256K=0.3s

2017-02-03 22:19:53 (276 KB/s) - ‘whw135’ saved [71210/71210]

--2017-02-03 22:19:54--  http://doi.org/10.1093/whq/whw132
Connecting to doi.org (doi.org)|38.100.138.163|:80... connected.
HTTP request sent, awaiting response... 303 See Other
Location: https://academic.oup.com/whq/article-lookup/doi/10.1093/whq/whw132 [following]
--2017-02-03 22:19:55--  https://academic.oup.com/whq/article-lookup/doi/10.1093/whq/whw132
Connecting to academic.oup.com (academic.oup.com)|173.254.190.144|:443... connected.
HTTP request sent, awaiting response... 200 OK
Length: 71857 (70K) [text/html]
Saving to: ‘whw132’

     0K .......... .......... .......... .......... .......... 71%  209K 0s
    50K .......... ..........                                 100% 12.0M=0.2s

2017-02-03 22:20:01 (292 KB/s) - ‘whw132’ saved [71857/71857]

--2017-02-03 22:20:02--  http://doi.org/10.1093/whq/whw131
Connecting to doi.org (doi.org)|38.100.138.163|:80... connected.
HTTP request sent, awaiting response... 303 See Other
Location: https://academic.oup.com/whq/article-lookup/doi/10.1093/whq/whw131 [following]
--2017-02-03 22:20:03--  https://academic.oup.com/whq/article-lookup/doi/10.1093/whq/whw131
Connecting to academic.oup.com (academic.oup.com)|173.254.190.144|:443... connected.
HTTP request sent, awaiting response... 400 Bad Request
2017-02-03 22:20:04 ERROR 400: Bad Request.

--2017-02-03 22:20:05--  http://doi.org/10.1093/whq/whw115
Connecting to doi.org (doi.org)|38.100.138.163|:80... connected.
HTTP request sent, awaiting response... 303 See Other
Location: https://academic.oup.com/whq/article-lookup/doi/10.1093/whq/whw115 [following]
--2017-02-03 22:20:06--  https://academic.oup.com/whq/article-lookup/doi/10.1093/whq/whw115
Connecting to academic.oup.com (academic.oup.com)|173.254.190.144|:443... connected.
HTTP request sent, awaiting response... 200 OK
Length: 86485 (84K) [text/html]
Saving to: ‘whw115’

     0K .......... .......... .......... .......... .......... 59%  207K 0s
    50K .......... .......... .......... ....                 100% 14.4M=0.2s

2017-02-03 22:20:09 (347 KB/s) - ‘whw115’ saved [86485/86485]

--2017-02-03 22:20:10--  http://doi.org/10.1093/whq/whw104
Connecting to doi.org (doi.org)|38.100.138.163|:80... connected.
HTTP request sent, awaiting response... 303 See Other
Location: https://academic.oup.com/whq/article-lookup/doi/10.1093/whq/whw104 [following]
--2017-02-03 22:20:11--  https://academic.oup.com/whq/article-lookup/doi/10.1093/whq/whw104
Connecting to academic.oup.com (academic.oup.com)|173.254.190.144|:443... connected.
HTTP request sent, awaiting response... 200 OK
Length: 81669 (80K) [text/html]
Saving to: ‘whw104’

     0K .......... .......... .......... .......... .......... 62%  209K 0s
    50K .......... .......... .........                       100% 14.9M=0.2s

2017-02-03 22:20:15 (331 KB/s) - ‘whw104’ saved [81669/81669]

--2017-02-03 22:20:16--  http://doi.org/10.1093/whq/whw143
Connecting to doi.org (doi.org)|38.100.138.163|:80... connected.
HTTP request sent, awaiting response... 303 See Other
Location: https://academic.oup.com/whq/article-lookup/doi/10.1093/whq/whw143 [following]
--2017-02-03 22:20:17--  https://academic.oup.com/whq/article-lookup/doi/10.1093/whq/whw143
Connecting to academic.oup.com (academic.oup.com)|173.254.190.144|:443... connected.
HTTP request sent, awaiting response... 200 OK
Length: 70746 (69K) [text/html]
Saving to: ‘whw143’

     0K .......... .......... .......... .......... .......... 72%  208K 0s
    50K .......... .........                                  100% 14.7M=0.2s

2017-02-03 22:20:21 (286 KB/s) - ‘whw143’ saved [70746/70746]

--2017-02-03 22:20:22--  http://doi.org/10.1093/whq/whw116
Connecting to doi.org (doi.org)|38.100.138.163|:80... connected.
HTTP request sent, awaiting response... 303 See Other
Location: https://academic.oup.com/whq/article-lookup/doi/10.1093/whq/whw116 [following]
--2017-02-03 22:20:23--  https://academic.oup.com/whq/article-lookup/doi/10.1093/whq/whw116
Connecting to academic.oup.com (academic.oup.com)|173.254.190.144|:443... connected.
HTTP request sent, awaiting response... 200 OK
Length: 68406 (67K) [text/html]
Saving to: ‘whw116’

     0K .......... .......... .......... .......... .......... 74%  209K 0s
    50K .......... ......                                     100% 50.4M=0.2s

2017-02-03 22:20:26 (278 KB/s) - ‘whw116’ saved [68406/68406]

--2017-02-03 22:20:27--  http://doi.org/10.1093/whq/whw156
Connecting to doi.org (doi.org)|38.100.138.163|:80... connected.
HTTP request sent, awaiting response... 303 See Other
Location: https://academic.oup.com/whq/article-lookup/doi/10.1093/whq/whw156 [following]
--2017-02-03 22:20:29--  https://academic.oup.com/whq/article-lookup/doi/10.1093/whq/whw156
Connecting to academic.oup.com (academic.oup.com)|173.254.190.144|:443... connected.
HTTP request sent, awaiting response... 400 Bad Request
2017-02-03 22:20:29 ERROR 400: Bad Request.

--2017-02-03 22:20:30--  http://doi.org/10.1093/whq/whw137
Connecting to doi.org (doi.org)|38.100.138.163|:80... connected.
HTTP request sent, awaiting response... 303 See Other
Location: https://academic.oup.com/whq/article-lookup/doi/10.1093/whq/whw137 [following]
--2017-02-03 22:20:31--  https://academic.oup.com/whq/article-lookup/doi/10.1093/whq/whw137
Connecting to academic.oup.com (academic.oup.com)|173.254.190.144|:443... connected.
HTTP request sent, awaiting response... 200 OK
Length: 71422 (70K) [text/html]
Saving to: ‘whw137’

     0K .......... .......... .......... .......... .......... 71%  209K 0s
    50K .......... .........                                  100% 19.9M=0.2s

2017-02-03 22:20:34 (290 KB/s) - ‘whw137’ saved [71422/71422]

--2017-02-03 22:20:35--  http://doi.org/10.1093/whq/whw122
Connecting to doi.org (doi.org)|38.100.138.163|:80... connected.
HTTP request sent, awaiting response... 303 See Other
Location: https://academic.oup.com/whq/article-lookup/doi/10.1093/whq/whw122 [following]
--2017-02-03 22:20:37--  https://academic.oup.com/whq/article-lookup/doi/10.1093/whq/whw122
Connecting to academic.oup.com (academic.oup.com)|173.254.190.144|:443... connected.
HTTP request sent, awaiting response... 200 OK
Length: 86203 (84K) [text/html]
Saving to: ‘whw122’

     0K .......... .......... .......... .......... .......... 59%  208K 0s
    50K .......... .......... .......... ....                 100% 12.0M=0.2s

2017-02-03 22:20:40 (346 KB/s) - ‘whw122’ saved [86203/86203]

--2017-02-03 22:20:41--  http://doi.org/10.1093/whq/whw101
Connecting to doi.org (doi.org)|38.100.138.163|:80... connected.
HTTP request sent, awaiting response... 303 See Other
Location: https://academic.oup.com/whq/article-lookup/doi/10.1093/whq/whw101 [following]
--2017-02-03 22:20:42--  https://academic.oup.com/whq/article-lookup/doi/10.1093/whq/whw101
Connecting to academic.oup.com (academic.oup.com)|173.254.190.144|:443... connected.
HTTP request sent, awaiting response... 200 OK
Length: 108371 (106K) [text/html]
Saving to: ‘whw101’

     0K .......... .......... .......... .......... .......... 47%  209K 0s
    50K .......... .......... .......... .......... .......... 94%  598K 0s
   100K .....                                                 100% 11122G=0.3s

2017-02-03 22:20:45 (327 KB/s) - ‘whw101’ saved [108371/108371]

--2017-02-03 22:20:46--  http://doi.org/10.1093/whq/whw138
Connecting to doi.org (doi.org)|38.100.138.163|:80... connected.
HTTP request sent, awaiting response... 303 See Other
Location: https://academic.oup.com/whq/article-lookup/doi/10.1093/whq/whw138 [following]
--2017-02-03 22:20:48--  https://academic.oup.com/whq/article-lookup/doi/10.1093/whq/whw138
Connecting to academic.oup.com (academic.oup.com)|173.254.190.144|:443... connected.
HTTP request sent, awaiting response... 200 OK
Length: 70856 (69K) [text/html]
Saving to: ‘whw138’

     0K .......... .......... .......... .......... .......... 72%  207K 0s
    50K .......... .........                                  100% 16.5M=0.2s

2017-02-03 22:20:51 (285 KB/s) - ‘whw138’ saved [70856/70856]

--2017-02-03 22:20:52--  http://doi.org/10.1093/whq/whw096
Connecting to doi.org (doi.org)|38.100.138.163|:80... connected.
HTTP request sent, awaiting response... 303 See Other
Location: https://academic.oup.com/whq/article-lookup/doi/10.1093/whq/whw096 [following]
--2017-02-03 22:20:53--  https://academic.oup.com/whq/article-lookup/doi/10.1093/whq/whw096
Connecting to academic.oup.com (academic.oup.com)|173.254.190.144|:443... connected.
HTTP request sent, awaiting response... 200 OK
Length: 71052 (69K) [text/html]
Saving to: ‘whw096’

     0K .......... .......... .......... .......... .......... 72%  205K 0s
    50K .......... .........                                  100% 16.8M=0.2s

2017-02-03 22:20:56 (283 KB/s) - ‘whw096’ saved [71052/71052]

--2017-02-03 22:20:57--  http://doi.org/10.1093/whq/whw117
Connecting to doi.org (doi.org)|38.100.138.163|:80... connected.
HTTP request sent, awaiting response... 303 See Other
Location: https://academic.oup.com/whq/article-lookup/doi/10.1093/whq/whw117 [following]
--2017-02-03 22:20:58--  https://academic.oup.com/whq/article-lookup/doi/10.1093/whq/whw117
Connecting to academic.oup.com (academic.oup.com)|173.254.190.144|:443... connected.
HTTP request sent, awaiting response... 200 OK
Length: 71201 (70K) [text/html]
Saving to: ‘whw117’

     0K .......... .......... .......... .......... .......... 71%  209K 0s
    50K .......... .........                                  100% 12.1M=0.2s

2017-02-03 22:21:02 (289 KB/s) - ‘whw117’ saved [71201/71201]

--2017-02-03 22:21:03--  http://doi.org/10.1093/whq/whw133
Connecting to doi.org (doi.org)|38.100.138.163|:80... connected.
HTTP request sent, awaiting response... 303 See Other
Location: https://academic.oup.com/whq/article-lookup/doi/10.1093/whq/whw133 [following]
--2017-02-03 22:21:04--  https://academic.oup.com/whq/article-lookup/doi/10.1093/whq/whw133
Connecting to academic.oup.com (academic.oup.com)|173.254.190.144|:443... connected.
HTTP request sent, awaiting response... 200 OK
Length: 71319 (70K) [text/html]
Saving to: ‘whw133’

     0K .......... .......... .......... .......... .......... 71%  208K 0s
    50K .......... .........                                  100% 19.6M=0.2s

2017-02-03 22:21:07 (289 KB/s) - ‘whw133’ saved [71319/71319]

--2017-02-03 22:21:08--  http://doi.org/10.1093/whq/whw134
Connecting to doi.org (doi.org)|38.100.138.163|:80... connected.
HTTP request sent, awaiting response... 303 See Other
Location: https://academic.oup.com/whq/article-lookup/doi/10.1093/whq/whw134 [following]
--2017-02-03 22:21:09--  https://academic.oup.com/whq/article-lookup/doi/10.1093/whq/whw134
Connecting to academic.oup.com (academic.oup.com)|173.254.190.144|:443... connected.
HTTP request sent, awaiting response... 200 OK
Length: 71695 (70K) [text/html]
Saving to: ‘whw134’

     0K .......... .......... .......... .......... .......... 71%  104K 0s
    50K .......... ..........                                 100%  126K=0.6s

2017-02-03 22:21:14 (109 KB/s) - ‘whw134’ saved [71695/71695]

--2017-02-03 22:21:15--  http://doi.org/10.1093/whq/whw140
Connecting to doi.org (doi.org)|38.100.138.163|:80... connected.
HTTP request sent, awaiting response... 303 See Other
Location: https://academic.oup.com/whq/article-lookup/doi/10.1093/whq/whw140 [following]
--2017-02-03 22:21:16--  https://academic.oup.com/whq/article-lookup/doi/10.1093/whq/whw140
Connecting to academic.oup.com (academic.oup.com)|173.254.190.144|:443... connected.
HTTP request sent, awaiting response... 200 OK
Length: 86025 (84K) [text/html]
Saving to: ‘whw140’

     0K .......... .......... .......... .......... .......... 59%  208K 0s
    50K .......... .......... .......... ....                 100% 10.5M=0.2s

2017-02-03 22:21:21 (346 KB/s) - ‘whw140’ saved [86025/86025]

--2017-02-03 22:21:22--  http://doi.org/10.1093/whq/whw149
Connecting to doi.org (doi.org)|38.100.138.163|:80... connected.
HTTP request sent, awaiting response... 303 See Other
Location: https://academic.oup.com/whq/article-lookup/doi/10.1093/whq/whw149 [following]
--2017-02-03 22:21:23--  https://academic.oup.com/whq/article-lookup/doi/10.1093/whq/whw149
Connecting to academic.oup.com (academic.oup.com)|173.254.190.144|:443... connected.
HTTP request sent, awaiting response... 400 Bad Request
2017-02-03 22:21:23 ERROR 400: Bad Request.

--2017-02-03 22:21:24--  http://doi.org/10.1093/whq/whw129
Connecting to doi.org (doi.org)|38.100.138.163|:80... connected.
HTTP request sent, awaiting response... 303 See Other
Location: https://academic.oup.com/whq/article-lookup/doi/10.1093/whq/whw129 [following]
--2017-02-03 22:21:26--  https://academic.oup.com/whq/article-lookup/doi/10.1093/whq/whw129
Connecting to academic.oup.com (academic.oup.com)|173.254.190.144|:443... connected.
HTTP request sent, awaiting response... 200 OK
Length: 86848 (85K) [text/html]
Saving to: ‘whw129’

     0K .......... .......... .......... .......... .......... 58%  207K 0s
    50K .......... .......... .......... ....                 100% 12.0M=0.2s

2017-02-03 22:21:30 (346 KB/s) - ‘whw129’ saved [86848/86848]

--2017-02-03 22:21:31--  http://doi.org/10.1093/whq/whw155
Connecting to doi.org (doi.org)|38.100.138.163|:80... connected.
HTTP request sent, awaiting response... 303 See Other
Location: https://academic.oup.com/whq/article-lookup/doi/10.1093/whq/whw155 [following]
--2017-02-03 22:21:32--  https://academic.oup.com/whq/article-lookup/doi/10.1093/whq/whw155
Connecting to academic.oup.com (academic.oup.com)|173.254.190.144|:443... connected.
HTTP request sent, awaiting response... 200 OK
Length: 70946 (69K) [text/html]
Saving to: ‘whw155’

     0K .......... .......... .......... .......... .......... 72%  309K 0s
    50K .......... .........                                  100%  245K=0.2s

2017-02-03 22:21:36 (288 KB/s) - ‘whw155’ saved [70946/70946]

--2017-02-03 22:21:37--  http://doi.org/10.1093/whq/whw130
Connecting to doi.org (doi.org)|38.100.138.163|:80... connected.
HTTP request sent, awaiting response... 303 See Other
Location: https://academic.oup.com/whq/article-lookup/doi/10.1093/whq/whw130 [following]
--2017-02-03 22:21:38--  https://academic.oup.com/whq/article-lookup/doi/10.1093/whq/whw130
Connecting to academic.oup.com (academic.oup.com)|173.254.190.144|:443... connected.
HTTP request sent, awaiting response... 200 OK
Length: 71386 (70K) [text/html]
Saving to: ‘whw130’

     0K .......... .......... .......... .......... .......... 71%  208K 0s
    50K .......... .........                                  100% 15.4M=0.2s

2017-02-03 22:21:42 (289 KB/s) - ‘whw130’ saved [71386/71386]

--2017-02-03 22:21:43--  http://doi.org/10.1093/whq/whw111
Connecting to doi.org (doi.org)|38.100.138.163|:80... connected.
HTTP request sent, awaiting response... 303 See Other
Location: https://academic.oup.com/whq/article-lookup/doi/10.1093/whq/whw111 [following]
--2017-02-03 22:21:44--  https://academic.oup.com/whq/article-lookup/doi/10.1093/whq/whw111
Connecting to academic.oup.com (academic.oup.com)|173.254.190.144|:443... connected.
HTTP request sent, awaiting response... 200 OK
Length: 70949 (69K) [text/html]
Saving to: ‘whw111’

     0K .......... .......... .......... .......... .......... 72%  208K 0s
    50K .......... .........                                  100% 18.1M=0.2s

2017-02-03 22:21:48 (287 KB/s) - ‘whw111’ saved [70949/70949]

--2017-02-03 22:21:49--  http://doi.org/10.1093/whq/whw113
Connecting to doi.org (doi.org)|38.100.138.163|:80... connected.
HTTP request sent, awaiting response... 303 See Other
Location: https://academic.oup.com/whq/article-lookup/doi/10.1093/whq/whw113 [following]
--2017-02-03 22:21:50--  https://academic.oup.com/whq/article-lookup/doi/10.1093/whq/whw113
Connecting to academic.oup.com (academic.oup.com)|173.254.190.144|:443... connected.
HTTP request sent, awaiting response... 200 OK
Length: 71021 (69K) [text/html]
Saving to: ‘whw113’

     0K .......... .......... .......... .......... .......... 72%  209K 0s
    50K .......... .........                                  100% 11.7M=0.2s

2017-02-03 22:21:55 (288 KB/s) - ‘whw113’ saved [71021/71021]

--2017-02-03 22:21:56--  http://doi.org/10.1093/whq/whw109
Connecting to doi.org (doi.org)|38.100.138.163|:80... connected.
HTTP request sent, awaiting response... 303 See Other
Location: https://academic.oup.com/whq/article-lookup/doi/10.1093/whq/whw109 [following]
--2017-02-03 22:21:57--  https://academic.oup.com/whq/article-lookup/doi/10.1093/whq/whw109
Connecting to academic.oup.com (academic.oup.com)|173.254.190.144|:443... connected.
HTTP request sent, awaiting response... 200 OK
Length: 86054 (84K) [text/html]
Saving to: ‘whw109’

     0K .......... .......... .......... .......... .......... 59%  208K 0s
    50K .......... .......... .......... ....                 100% 9.80M=0.2s

2017-02-03 22:22:03 (345 KB/s) - ‘whw109’ saved [86054/86054]

--2017-02-03 22:22:04--  http://doi.org/10.1093/whq/whw110
Connecting to doi.org (doi.org)|38.100.138.163|:80... connected.
HTTP request sent, awaiting response... 303 See Other
Location: https://academic.oup.com/whq/article-lookup/doi/10.1093/whq/whw110 [following]
--2017-02-03 22:22:05--  https://academic.oup.com/whq/article-lookup/doi/10.1093/whq/whw110
Connecting to academic.oup.com (academic.oup.com)|173.254.190.144|:443... connected.
HTTP request sent, awaiting response... 200 OK
Length: 71470 (70K) [text/html]
Saving to: ‘whw110’

     0K .......... .......... .......... .......... .......... 71%  208K 0s
    50K .......... .........                                  100% 13.0M=0.2s

2017-02-03 22:22:10 (289 KB/s) - ‘whw110’ saved [71470/71470]

--2017-02-03 22:22:11--  http://doi.org/10.1093/whq/whw091
Connecting to doi.org (doi.org)|38.100.138.163|:80... connected.
HTTP request sent, awaiting response... 303 See Other
Location: https://academic.oup.com/whq/article-lookup/doi/10.1093/whq/whw091 [following]
--2017-02-03 22:22:12--  https://academic.oup.com/whq/article-lookup/doi/10.1093/whq/whw091
Connecting to academic.oup.com (academic.oup.com)|173.254.190.144|:443... connected.
HTTP request sent, awaiting response... 400 Bad Request
2017-02-03 22:22:13 ERROR 400: Bad Request.

--2017-02-03 22:22:14--  http://doi.org/10.1093/whq/whw118
Connecting to doi.org (doi.org)|38.100.138.163|:80... connected.
HTTP request sent, awaiting response... 303 See Other
Location: https://academic.oup.com/whq/article-lookup/doi/10.1093/whq/whw118 [following]
--2017-02-03 22:22:16--  https://academic.oup.com/whq/article-lookup/doi/10.1093/whq/whw118
Connecting to academic.oup.com (academic.oup.com)|173.254.190.144|:443... connected.
HTTP request sent, awaiting response... 200 OK
Length: 71351 (70K) [text/html]
Saving to: ‘whw118’

     0K .......... .......... .......... .......... .......... 71%  209K 0s
    50K .......... .........                                  100% 17.5M=0.2s

2017-02-03 22:22:20 (290 KB/s) - ‘whw118’ saved [71351/71351]

--2017-02-03 22:22:21--  http://doi.org/10.1093/whq/whw136
Connecting to doi.org (doi.org)|38.100.138.163|:80... connected.
HTTP request sent, awaiting response... 303 See Other
Location: https://academic.oup.com/whq/article-lookup/doi/10.1093/whq/whw136 [following]
--2017-02-03 22:22:22--  https://academic.oup.com/whq/article-lookup/doi/10.1093/whq/whw136
Connecting to academic.oup.com (academic.oup.com)|173.254.190.144|:443... connected.
HTTP request sent, awaiting response... 200 OK
Length: 71100 (69K) [text/html]
Saving to: ‘whw136’

     0K .......... .......... .......... .......... .......... 72%  207K 0s
    50K .......... .........                                  100% 21.5M=0.2s

2017-02-03 22:22:27 (286 KB/s) - ‘whw136’ saved [71100/71100]

FINISHED --2017-02-03 22:22:27--
Total wall clock time: 9m 37s
Downloaded: 87 files, 6.7M in 23s (293 KB/s)
